INFO: Running with entropic power schedule (0xFF, 100).
INFO: Seed: 2233580816
INFO: Loaded 1 modules   (252 inline 8-bit counters): 252 [0x5c54a44e7678, 0x5c54a44e7774), 
INFO: Loaded 1 PC tables (252 PCs): 252 [0x5c54a44e7778,0x5c54a44e8738), 
INFO:        4 files found in /tmp/corpus_20260313_172207_cfb2faa8
INFO: seed corpus: files: 4 min: 48b max: 333b total: 853b rss: 28Mb
#5	INITED cov: 117 ft: 250 corp: 4/853b exec/s: 0 rss: 29Mb
#6	NEW    cov: 117 ft: 252 corp: 5/1186b lim: 333 exec/s: 0 rss: 29Mb L: 333/333 MS: 1 ChangeBit-
#7	NEW    cov: 117 ft: 258 corp: 6/1333b lim: 333 exec/s: 0 rss: 29Mb L: 147/333 MS: 1 EraseBytes-
#13	NEW    cov: 117 ft: 260 corp: 7/1481b lim: 333 exec/s: 0 rss: 29Mb L: 148/333 MS: 1 InsertByte-
#14	NEW    cov: 117 ft: 266 corp: 8/1531b lim: 333 exec/s: 0 rss: 29Mb L: 50/333 MS: 1 CopyPart-
#15	NEW    cov: 117 ft: 267 corp: 9/1752b lim: 333 exec/s: 0 rss: 29Mb L: 221/333 MS: 1 InsertByte-
#20	NEW    cov: 117 ft: 299 corp: 10/1814b lim: 333 exec/s: 0 rss: 29Mb L: 62/333 MS: 5 ChangeBit-InsertRepeatedBytes-ChangeByte-CopyPart-ChangeByte-
#21	NEW    cov: 117 ft: 308 corp: 11/1884b lim: 333 exec/s: 0 rss: 29Mb L: 70/333 MS: 1 CMP- DE: "\377\377\377\377\377\377\377\003"-
#25	NEW    cov: 117 ft: 318 corp: 12/2045b lim: 333 exec/s: 0 rss: 29Mb L: 161/333 MS: 4 CopyPart-ChangeByte-ChangeBinInt-CrossOver-
#30	NEW    cov: 117 ft: 323 corp: 13/2303b lim: 333 exec/s: 0 rss: 29Mb L: 258/333 MS: 5 InsertByte-CMP-CopyPart-CopyPart-CrossOver- DE: "fiin"-
#33	NEW    cov: 117 ft: 324 corp: 14/2451b lim: 333 exec/s: 0 rss: 29Mb L: 148/333 MS: 3 ChangeBit-ShuffleBytes-ChangeBinInt-
#34	NEW    cov: 118 ft: 326 corp: 15/2630b lim: 333 exec/s: 0 rss: 29Mb L: 179/333 MS: 1 EraseBytes-
#36	NEW    cov: 119 ft: 328 corp: 16/2963b lim: 333 exec/s: 0 rss: 29Mb L: 333/333 MS: 2 ChangeByte-CrossOver-
#39	NEW    cov: 120 ft: 329 corp: 17/2964b lim: 333 exec/s: 0 rss: 29Mb L: 1/333 MS: 3 ChangeBinInt-ChangeByte-CrossOver-
#42	NEW    cov: 120 ft: 343 corp: 18/2980b lim: 333 exec/s: 0 rss: 29Mb L: 16/333 MS: 3 InsertByte-ChangeBit-InsertRepeatedBytes-
#43	NEW    cov: 120 ft: 345 corp: 19/3215b lim: 333 exec/s: 0 rss: 29Mb L: 235/333 MS: 1 EraseBytes-
#45	NEW    cov: 120 ft: 347 corp: 20/3233b lim: 333 exec/s: 0 rss: 29Mb L: 18/333 MS: 2 EraseBytes-CrossOver-
#46	NEW    cov: 120 ft: 356 corp: 21/3461b lim: 333 exec/s: 0 rss: 29Mb L: 228/333 MS: 1 CMP- DE: "\001\000\000\000\000\000\0009"-
#47	NEW    cov: 120 ft: 357 corp: 22/3794b lim: 333 exec/s: 0 rss: 29Mb L: 333/333 MS: 1 CopyPart-
#49	NEW    cov: 120 ft: 361 corp: 23/3831b lim: 333 exec/s: 0 rss: 29Mb L: 37/333 MS: 2 ChangeByte-CrossOver-
#51	NEW    cov: 120 ft: 366 corp: 24/4014b lim: 333 exec/s: 0 rss: 29Mb L: 183/333 MS: 2 PersAutoDict-EraseBytes- DE: "\001\000\000\000\000\000\0009"-
#52	NEW    cov: 120 ft: 368 corp: 25/4051b lim: 333 exec/s: 0 rss: 29Mb L: 37/333 MS: 1 PersAutoDict- DE: "\001\000\000\000\000\000\0009"-
#53	NEW    cov: 121 ft: 369 corp: 26/4384b lim: 333 exec/s: 0 rss: 29Mb L: 333/333 MS: 1 ChangeBinInt-
#56	NEW    cov: 121 ft: 370 corp: 27/4690b lim: 333 exec/s: 0 rss: 29Mb L: 306/333 MS: 3 EraseBytes-CopyPart-CMP- DE: "N7ISOBMFF4FTYPE"-
#69	NEW    cov: 121 ft: 371 corp: 28/4945b lim: 333 exec/s: 0 rss: 29Mb L: 255/333 MS: 3 ChangeBinInt-PersAutoDict-InsertRepeatedBytes- DE: "fiin"-
#89	NEW    cov: 121 ft: 377 corp: 29/4967b lim: 333 exec/s: 0 rss: 29Mb L: 22/333 MS: 5 ChangeByte-ShuffleBytes-PersAutoDict-ShuffleBytes-ShuffleBytes- DE: "fiin"-
#115	NEW    cov: 121 ft: 386 corp: 30/4993b lim: 333 exec/s: 0 rss: 29Mb L: 26/333 MS: 1 CMP- DE: "\001\000\000\000\000\000\000\017"-
#117	NEW    cov: 121 ft: 387 corp: 31/5075b lim: 333 exec/s: 0 rss: 29Mb L: 82/333 MS: 2 CopyPart-EraseBytes-
#126	NEW    cov: 121 ft: 395 corp: 32/5085b lim: 333 exec/s: 0 rss: 29Mb L: 10/333 MS: 4 ChangeByte-ChangeBinInt-PersAutoDict-EraseBytes- DE: "\377\377\377\377\377\377\377\003"-
#127	NEW    cov: 122 ft: 396 corp: 33/5159b lim: 333 exec/s: 0 rss: 29Mb L: 74/333 MS: 1 CrossOver-
#143	NEW    cov: 122 ft: 397 corp: 34/5375b lim: 333 exec/s: 0 rss: 29Mb L: 216/333 MS: 1 EraseBytes-
#155	NEW    cov: 122 ft: 403 corp: 35/5458b lim: 333 exec/s: 0 rss: 29Mb L: 83/333 MS: 2 InsertByte-ChangeBinInt-
#165	REDUCE cov: 122 ft: 403 corp: 35/5444b lim: 333 exec/s: 0 rss: 29Mb L: 319/333 MS: 5 ShuffleBytes-CopyPart-ChangeByte-ChangeBit-EraseBytes-
#173	NEW    cov: 122 ft: 404 corp: 36/5598b lim: 333 exec/s: 0 rss: 29Mb L: 154/333 MS: 3 PersAutoDict-PersAutoDict-InsertRepeatedBytes- DE: "N7ISOBMFF4FTYPE"-"\001\000\000\000\000\000\000\017"-
#182	NEW    cov: 122 ft: 422 corp: 37/5650b lim: 333 exec/s: 0 rss: 29Mb L: 52/333 MS: 4 ChangeBit-ShuffleBytes-InsertByte-EraseBytes-
#191	NEW    cov: 122 ft: 423 corp: 38/5928b lim: 333 exec/s: 0 rss: 29Mb L: 278/333 MS: 4 InsertRepeatedBytes-CrossOver-CMP-ChangeBit- DE: "schi"-
#192	NEW    cov: 122 ft: 424 corp: 39/5962b lim: 333 exec/s: 0 rss: 29Mb L: 34/333 MS: 1 PersAutoDict- DE: "\377\377\377\377\377\377\377\003"-
#209	REDUCE cov: 122 ft: 424 corp: 39/5959b lim: 333 exec/s: 0 rss: 29Mb L: 34/333 MS: 2 ChangeASCIIInt-EraseBytes-
#218	NEW    cov: 122 ft: 425 corp: 40/6139b lim: 333 exec/s: 0 rss: 29Mb L: 180/333 MS: 4 CopyPart-EraseBytes-InsertByte-EraseBytes-
#246	NEW    cov: 122 ft: 426 corp: 41/6292b lim: 333 exec/s: 0 rss: 29Mb L: 153/333 MS: 3 ChangeASCIIInt-CopyPart-InsertRepeatedBytes-
#288	NEW    cov: 122 ft: 427 corp: 42/6566b lim: 333 exec/s: 0 rss: 29Mb L: 274/333 MS: 2 CopyPart-ChangeByte-
#305	NEW    cov: 122 ft: 428 corp: 43/6611b lim: 333 exec/s: 0 rss: 29Mb L: 45/333 MS: 2 ChangeBit-CrossOver-
#326	NEW    cov: 122 ft: 429 corp: 44/6863b lim: 333 exec/s: 0 rss: 29Mb L: 252/333 MS: 1 CopyPart-
#381	NEW    cov: 122 ft: 430 corp: 45/7196b lim: 333 exec/s: 0 rss: 29Mb L: 333/333 MS: 5 CrossOver-ChangeBinInt-ChangeBit-ChangeASCIIInt-ChangeBit-
#394	NEW    cov: 122 ft: 436 corp: 46/7516b lim: 333 exec/s: 0 rss: 29Mb L: 320/333 MS: 3 ChangeBinInt-ChangeByte-CrossOver-
#421	NEW    cov: 122 ft: 438 corp: 47/7768b lim: 333 exec/s: 0 rss: 29Mb L: 252/333 MS: 2 ChangeBit-CopyPart-
#424	NEW    cov: 122 ft: 439 corp: 48/7843b lim: 333 exec/s: 0 rss: 29Mb L: 75/333 MS: 3 ChangeBinInt-PersAutoDict-CrossOver- DE: "\377\377\377\377\377\377\377\003"-
#445	REDUCE cov: 122 ft: 439 corp: 48/7793b lim: 333 exec/s: 0 rss: 29Mb L: 133/333 MS: 1 EraseBytes-
#474	REDUCE cov: 122 ft: 439 corp: 48/7703b lim: 333 exec/s: 0 rss: 29Mb L: 243/333 MS: 4 ShuffleBytes-CopyPart-CrossOver-EraseBytes-
#482	REDUCE cov: 122 ft: 439 corp: 48/7640b lim: 333 exec/s: 0 rss: 29Mb L: 270/333 MS: 3 ChangeByte-ChangeBinInt-EraseBytes-
#521	NEW    cov: 122 ft: 441 corp: 49/7944b lim: 333 exec/s: 0 rss: 29Mb L: 304/333 MS: 4 CopyPart-InsertRepeatedBytes-ChangeByte-InsertRepeatedBytes-
#527	NEW    cov: 123 ft: 443 corp: 50/8168b lim: 333 exec/s: 0 rss: 29Mb L: 224/333 MS: 1 CMP- DE: "stss"-
#533	NEW    cov: 123 ft: 450 corp: 51/8311b lim: 333 exec/s: 0 rss: 29Mb L: 143/333 MS: 1 CrossOver-
#554	NEW    cov: 123 ft: 451 corp: 52/8340b lim: 333 exec/s: 0 rss: 29Mb L: 29/333 MS: 1 CrossOver-
#571	NEW    cov: 123 ft: 454 corp: 53/8501b lim: 333 exec/s: 0 rss: 29Mb L: 161/333 MS: 2 InsertRepeatedBytes-EraseBytes-
#577	NEW    cov: 123 ft: 460 corp: 54/8834b lim: 333 exec/s: 0 rss: 29Mb L: 333/333 MS: 1 CopyPart-
#604	REDUCE cov: 123 ft: 460 corp: 54/8808b lim: 333 exec/s: 0 rss: 29Mb L: 202/333 MS: 2 CopyPart-EraseBytes-
#624	NEW    cov: 123 ft: 461 corp: 55/9079b lim: 333 exec/s: 0 rss: 29Mb L: 271/333 MS: 5 InsertRepeatedBytes-ChangeByte-ChangeBit-CMP-EraseBytes- DE: "y9\000\324\246~\000\000"-
#721	NEW    cov: 123 ft: 466 corp: 56/9383b lim: 333 exec/s: 0 rss: 29Mb L: 304/333 MS: 2 ChangeByte-ChangeBinInt-
#776	REDUCE cov: 123 ft: 467 corp: 57/9648b lim: 333 exec/s: 0 rss: 29Mb L: 265/333 MS: 5 CopyPart-ChangeBit-ChangeBit-InsertRepeatedBytes-PersAutoDict- DE: "schi"-
#792	REDUCE cov: 123 ft: 467 corp: 57/9647b lim: 333 exec/s: 0 rss: 29Mb L: 9/333 MS: 1 EraseBytes-
#892	NEW    cov: 123 ft: 468 corp: 58/9980b lim: 333 exec/s: 0 rss: 29Mb L: 333/333 MS: 5 CopyPart-ShuffleBytes-ShuffleBytes-ChangeASCIIInt-CopyPart-
#895	NEW    cov: 123 ft: 469 corp: 59/10063b lim: 333 exec/s: 0 rss: 29Mb L: 83/333 MS: 3 ShuffleBytes-ChangeBit-CopyPart-
#905	REDUCE cov: 123 ft: 469 corp: 59/10051b lim: 333 exec/s: 0 rss: 29Mb L: 121/333 MS: 5 InsertByte-ChangeByte-ChangeBit-ChangeBinInt-EraseBytes-
#966	NEW    cov: 123 ft: 470 corp: 60/10355b lim: 333 exec/s: 0 rss: 29Mb L: 304/333 MS: 1 ChangeBit-
#983	REDUCE cov: 123 ft: 471 corp: 61/10364b lim: 333 exec/s: 0 rss: 29Mb L: 9/333 MS: 2 ChangeBinInt-CMP- DE: "\000\000\000\000\000\000\000\000"-
#1028	NEW    cov: 123 ft: 472 corp: 62/10548b lim: 333 exec/s: 0 rss: 29Mb L: 184/333 MS: 5 CopyPart-ChangeByte-ChangeBit-ChangeASCIIInt-EraseBytes-
#1034	NEW    cov: 123 ft: 473 corp: 63/10768b lim: 333 exec/s: 0 rss: 29Mb L: 220/333 MS: 1 ShuffleBytes-
#1143	REDUCE cov: 123 ft: 473 corp: 63/10743b lim: 333 exec/s: 0 rss: 29Mb L: 233/333 MS: 4 EraseBytes-ChangeBinInt-ChangeASCIIInt-ChangeBinInt-
#1144	REDUCE cov: 123 ft: 473 corp: 63/10741b lim: 333 exec/s: 0 rss: 29Mb L: 331/333 MS: 1 EraseBytes-
#1168	NEW    cov: 123 ft: 474 corp: 64/10753b lim: 333 exec/s: 0 rss: 29Mb L: 12/333 MS: 4 CopyPart-ChangeBinInt-InsertRepeatedBytes-CrossOver-
#1188	REDUCE cov: 123 ft: 474 corp: 64/10749b lim: 333 exec/s: 0 rss: 29Mb L: 41/333 MS: 5 ShuffleBytes-InsertRepeatedBytes-EraseBytes-CMP-PersAutoDict- DE: "\010\000\000\000"-"\000\000\000\000\000\000\000\000"-
#1226	REDUCE cov: 123 ft: 474 corp: 64/10690b lim: 333 exec/s: 0 rss: 29Mb L: 193/333 MS: 3 ChangeByte-ChangeByte-CrossOver-
#1285	REDUCE cov: 123 ft: 474 corp: 64/10661b lim: 333 exec/s: 0 rss: 29Mb L: 92/333 MS: 4 ChangeBinInt-InsertByte-ChangeBit-EraseBytes-
#1287	REDUCE cov: 123 ft: 474 corp: 64/10656b lim: 333 exec/s: 0 rss: 29Mb L: 247/333 MS: 2 ChangeBinInt-EraseBytes-
#1314	REDUCE cov: 123 ft: 474 corp: 64/10653b lim: 333 exec/s: 0 rss: 29Mb L: 79/333 MS: 2 CMP-EraseBytes- DE: "qt  "-
#1369	REDUCE cov: 123 ft: 474 corp: 64/10636b lim: 333 exec/s: 0 rss: 29Mb L: 131/333 MS: 5 ShuffleBytes-InsertByte-ShuffleBytes-CMP-EraseBytes- DE: "hvc1"-
#1420	REDUCE cov: 123 ft: 474 corp: 64/10632b lim: 333 exec/s: 0 rss: 29Mb L: 18/333 MS: 1 EraseBytes-
#1504	REDUCE cov: 123 ft: 474 corp: 64/10583b lim: 333 exec/s: 0 rss: 29Mb L: 131/333 MS: 4 CMP-CopyPart-CrossOver-InsertRepeatedBytes- DE: "hvc1"-
#1633	REDUCE cov: 123 ft: 474 corp: 64/10560b lim: 333 exec/s: 0 rss: 29Mb L: 308/333 MS: 4 ChangeBit-InsertByte-ChangeBinInt-EraseBytes-
#1659	NEW    cov: 123 ft: 475 corp: 65/10568b lim: 333 exec/s: 0 rss: 29Mb L: 8/333 MS: 1 EraseBytes-
#1670	NEW    cov: 123 ft: 476 corp: 66/10792b lim: 333 exec/s: 0 rss: 29Mb L: 224/333 MS: 1 CopyPart-
#1696	REDUCE cov: 123 ft: 476 corp: 66/10780b lim: 333 exec/s: 0 rss: 29Mb L: 25/333 MS: 1 EraseBytes-
#1784	REDUCE cov: 123 ft: 476 corp: 66/10779b lim: 333 exec/s: 0 rss: 29Mb L: 17/333 MS: 3 EraseBytes-ChangeBit-PersAutoDict- DE: "\001\000\000\000\000\000\0009"-
#1814	REDUCE cov: 123 ft: 476 corp: 66/10756b lim: 333 exec/s: 0 rss: 29Mb L: 296/333 MS: 5 EraseBytes-ChangeBit-ChangeBit-EraseBytes-InsertRepeatedBytes-
#1954	REDUCE cov: 123 ft: 476 corp: 66/10717b lim: 333 exec/s: 0 rss: 29Mb L: 213/333 MS: 5 InsertRepeatedBytes-ChangeBinInt-CopyPart-CrossOver-EraseBytes-
#2123	NEW    cov: 124 ft: 477 corp: 67/10773b lim: 333 exec/s: 0 rss: 29Mb L: 56/333 MS: 4 ChangeBit-ShuffleBytes-CopyPart-CMP- DE: "urn "-
#2254	REDUCE cov: 124 ft: 477 corp: 67/10751b lim: 333 exec/s: 0 rss: 29Mb L: 249/333 MS: 1 EraseBytes-
#2565	REDUCE cov: 124 ft: 477 corp: 67/10735b lim: 333 exec/s: 0 rss: 29Mb L: 36/333 MS: 1 EraseBytes-
#2580	NEW    cov: 124 ft: 482 corp: 68/11046b lim: 333 exec/s: 0 rss: 29Mb L: 311/333 MS: 5 ShuffleBytes-CopyPart-ChangeBinInt-ChangeBit-InsertRepeatedBytes-
#2734	REDUCE cov: 124 ft: 482 corp: 68/11019b lim: 333 exec/s: 0 rss: 29Mb L: 116/333 MS: 4 ChangeByte-CopyPart-ChangeBit-EraseBytes-
#2751	REDUCE cov: 124 ft: 482 corp: 68/10962b lim: 333 exec/s: 0 rss: 29Mb L: 276/333 MS: 2 ChangeASCIIInt-EraseBytes-
#2762	REDUCE cov: 124 ft: 482 corp: 68/10931b lim: 333 exec/s: 0 rss: 29Mb L: 100/333 MS: 1 EraseBytes-
#2970	REDUCE cov: 124 ft: 482 corp: 68/10908b lim: 333 exec/s: 0 rss: 29Mb L: 108/333 MS: 3 ChangeBinInt-ChangeByte-EraseBytes-
#3003	NEW    cov: 124 ft: 487 corp: 69/11147b lim: 333 exec/s: 0 rss: 29Mb L: 239/333 MS: 3 EraseBytes-ChangeBinInt-PersAutoDict- DE: "urn "-
#3036	REDUCE cov: 124 ft: 487 corp: 69/11137b lim: 333 exec/s: 0 rss: 29Mb L: 24/333 MS: 3 ChangeBit-EraseBytes-PersAutoDict- DE: "schi"-
#3163	NEW    cov: 125 ft: 488 corp: 70/11302b lim: 333 exec/s: 0 rss: 29Mb L: 165/333 MS: 2 ChangeByte-CMP- DE: "stts"-
#3215	REDUCE cov: 125 ft: 488 corp: 70/11290b lim: 333 exec/s: 0 rss: 29Mb L: 44/333 MS: 2 ShuffleBytes-EraseBytes-
#3229	REDUCE cov: 125 ft: 488 corp: 70/11271b lim: 333 exec/s: 0 rss: 29Mb L: 259/333 MS: 4 ChangeBinInt-PersAutoDict-ChangeBit-EraseBytes- DE: "\010\000\000\000"-
#3298	REDUCE cov: 125 ft: 488 corp: 70/11196b lim: 333 exec/s: 0 rss: 29Mb L: 258/333 MS: 4 CopyPart-CopyPart-ChangeBit-EraseBytes-
#3303	REDUCE cov: 125 ft: 489 corp: 71/11515b lim: 333 exec/s: 0 rss: 29Mb L: 319/333 MS: 5 CopyPart-CMP-InsertRepeatedBytes-PersAutoDict-InsertRepeatedBytes- DE: "\014\000\000\000"-"stts"-
#3350	REDUCE cov: 125 ft: 489 corp: 71/11512b lim: 333 exec/s: 0 rss: 29Mb L: 59/333 MS: 2 ChangeBit-EraseBytes-
#3386	REDUCE cov: 125 ft: 489 corp: 71/11501b lim: 333 exec/s: 0 rss: 29Mb L: 154/333 MS: 1 EraseBytes-
#3492	REDUCE cov: 125 ft: 489 corp: 71/11488b lim: 333 exec/s: 0 rss: 29Mb L: 134/333 MS: 1 EraseBytes-
#3524	REDUCE cov: 125 ft: 489 corp: 71/11412b lim: 333 exec/s: 0 rss: 29Mb L: 78/333 MS: 2 ChangeByte-EraseBytes-
#3529	REDUCE cov: 125 ft: 489 corp: 71/11388b lim: 333 exec/s: 0 rss: 29Mb L: 160/333 MS: 5 ChangeBit-EraseBytes-ChangeBit-ChangeBinInt-InsertByte-
#3564	REDUCE cov: 125 ft: 489 corp: 71/11358b lim: 333 exec/s: 0 rss: 29Mb L: 303/333 MS: 5 ShuffleBytes-ShuffleBytes-PersAutoDict-ChangeBinInt-EraseBytes- DE: "\010\000\000\000"-
#3581	REDUCE cov: 125 ft: 489 corp: 71/11355b lim: 333 exec/s: 0 rss: 29Mb L: 158/333 MS: 2 CrossOver-EraseBytes-
#3613	REDUCE cov: 125 ft: 489 corp: 71/11342b lim: 333 exec/s: 0 rss: 29Mb L: 140/333 MS: 2 ChangeBit-EraseBytes-
#3629	REDUCE cov: 125 ft: 489 corp: 71/11271b lim: 333 exec/s: 0 rss: 29Mb L: 172/333 MS: 1 EraseBytes-
#3660	REDUCE cov: 125 ft: 489 corp: 71/11211b lim: 333 exec/s: 0 rss: 29Mb L: 112/333 MS: 1 CrossOver-
#3666	REDUCE cov: 125 ft: 489 corp: 71/11207b lim: 333 exec/s: 0 rss: 29Mb L: 32/333 MS: 1 EraseBytes-
#3713	REDUCE cov: 125 ft: 491 corp: 72/11420b lim: 333 exec/s: 0 rss: 29Mb L: 213/333 MS: 2 ChangeBit-CMP- DE: "stsd"-
#3750	REDUCE cov: 125 ft: 491 corp: 72/11330b lim: 333 exec/s: 0 rss: 29Mb L: 149/333 MS: 2 ChangeBinInt-EraseBytes-
#3763	REDUCE cov: 125 ft: 491 corp: 72/11272b lim: 333 exec/s: 0 rss: 29Mb L: 177/333 MS: 3 ChangeBinInt-EraseBytes-ChangeBinInt-
#3900	REDUCE cov: 125 ft: 491 corp: 72/11271b lim: 333 exec/s: 0 rss: 29Mb L: 69/333 MS: 2 PersAutoDict-EraseBytes- DE: "\001\000\000\000\000\000\000\017"-
#3953	REDUCE cov: 125 ft: 491 corp: 72/11159b lim: 333 exec/s: 0 rss: 29Mb L: 135/333 MS: 3 ChangeByte-ShuffleBytes-EraseBytes-
#3974	REDUCE cov: 125 ft: 491 corp: 72/11099b lim: 333 exec/s: 0 rss: 29Mb L: 199/333 MS: 1 EraseBytes-
#4009	REDUCE cov: 125 ft: 491 corp: 72/11091b lim: 333 exec/s: 0 rss: 29Mb L: 10/333 MS: 5 ChangeBit-ShuffleBytes-EraseBytes-ChangeByte-EraseBytes-
#4149	REDUCE cov: 125 ft: 496 corp: 73/11185b lim: 333 exec/s: 0 rss: 29Mb L: 94/333 MS: 5 CrossOver-InsertByte-InsertByte-ShuffleBytes-CopyPart-
#4224	NEW    cov: 125 ft: 497 corp: 74/11445b lim: 333 exec/s: 0 rss: 29Mb L: 260/333 MS: 5 ShuffleBytes-EraseBytes-ChangeBit-ChangeByte-CopyPart-
#4316	REDUCE cov: 125 ft: 497 corp: 74/11442b lim: 333 exec/s: 0 rss: 29Mb L: 66/333 MS: 2 PersAutoDict-EraseBytes- DE: "stss"-
#4466	REDUCE cov: 125 ft: 497 corp: 74/11439b lim: 333 exec/s: 0 rss: 29Mb L: 210/333 MS: 5 ChangeBinInt-ChangeBinInt-ChangeBinInt-EraseBytes-InsertByte-
#4607	REDUCE cov: 125 ft: 497 corp: 74/11391b lim: 333 exec/s: 0 rss: 29Mb L: 64/333 MS: 1 EraseBytes-
#4735	REDUCE cov: 125 ft: 497 corp: 74/11367b lim: 333 exec/s: 0 rss: 29Mb L: 111/333 MS: 3 ChangeBinInt-ChangeByte-EraseBytes-
#4759	REDUCE cov: 125 ft: 497 corp: 74/11299b lim: 333 exec/s: 0 rss: 29Mb L: 125/333 MS: 4 CrossOver-ChangeBit-PersAutoDict-EraseBytes- DE: "hvc1"-
#4861	REDUCE cov: 125 ft: 497 corp: 74/11295b lim: 333 exec/s: 0 rss: 29Mb L: 28/333 MS: 2 EraseBytes-InsertByte-
#4888	REDUCE cov: 125 ft: 497 corp: 74/11223b lim: 333 exec/s: 0 rss: 29Mb L: 236/333 MS: 2 ChangeByte-EraseBytes-
#4933	REDUCE cov: 125 ft: 497 corp: 74/11198b lim: 333 exec/s: 0 rss: 29Mb L: 54/333 MS: 5 EraseBytes-InsertByte-PersAutoDict-InsertRepeatedBytes-EraseBytes- DE: "\010\000\000\000"-
#5103	REDUCE cov: 125 ft: 497 corp: 74/11173b lim: 333 exec/s: 0 rss: 29Mb L: 177/333 MS: 5 PersAutoDict-ChangeBinInt-ShuffleBytes-CrossOver-EraseBytes- DE: "\000\000\000\000\000\000\000\000"-
#5385	REDUCE cov: 125 ft: 497 corp: 74/11055b lim: 333 exec/s: 0 rss: 29Mb L: 158/333 MS: 2 ShuffleBytes-EraseBytes-
#5623	REDUCE cov: 125 ft: 497 corp: 74/11045b lim: 333 exec/s: 0 rss: 29Mb L: 98/333 MS: 3 InsertByte-CrossOver-EraseBytes-
#5632	REDUCE cov: 125 ft: 497 corp: 74/11044b lim: 333 exec/s: 0 rss: 29Mb L: 8/333 MS: 4 ChangeBit-PersAutoDict-ChangeByte-EraseBytes- DE: "urn "-
#5933	REDUCE cov: 125 ft: 497 corp: 74/11026b lim: 333 exec/s: 0 rss: 29Mb L: 76/333 MS: 1 EraseBytes-
#5958	REDUCE cov: 125 ft: 497 corp: 74/11002b lim: 333 exec/s: 0 rss: 29Mb L: 50/333 MS: 5 ChangeBit-ChangeBinInt-ChangeBit-ChangeBit-EraseBytes-
#5983	REDUCE cov: 125 ft: 497 corp: 74/11001b lim: 333 exec/s: 0 rss: 29Mb L: 25/333 MS: 5 ChangeBit-CMP-InsertRepeatedBytes-ChangeBinInt-EraseBytes- DE: "\021\000\000\000\000\000\000\000"-
#6179	NEW    cov: 125 ft: 502 corp: 75/11201b lim: 333 exec/s: 0 rss: 29Mb L: 200/333 MS: 1 CrossOver-
#6401	REDUCE cov: 125 ft: 502 corp: 75/11187b lim: 333 exec/s: 0 rss: 29Mb L: 50/333 MS: 2 CMP-EraseBytes- DE: "ipma"-
#6711	NEW    cov: 125 ft: 503 corp: 76/11415b lim: 333 exec/s: 6711 rss: 29Mb L: 228/333 MS: 3 PersAutoDict-CMP-CMP- DE: "\001\000\000\000\000\000\0009"-"\000\000\000\000"-"stsd"-
#6819	REDUCE cov: 125 ft: 503 corp: 76/11392b lim: 333 exec/s: 6819 rss: 29Mb L: 102/333 MS: 3 ChangeByte-ChangeByte-EraseBytes-
#6996	REDUCE cov: 125 ft: 503 corp: 76/11387b lim: 333 exec/s: 6996 rss: 29Mb L: 49/333 MS: 2 ChangeBinInt-EraseBytes-
#7150	REDUCE cov: 125 ft: 503 corp: 76/11361b lim: 333 exec/s: 7150 rss: 29Mb L: 122/333 MS: 4 CrossOver-InsertByte-PersAutoDict-EraseBytes- DE: "\000\000\000\000\000\000\000\000"-
#7205	REDUCE cov: 125 ft: 504 corp: 77/11657b lim: 333 exec/s: 7205 rss: 29Mb L: 296/333 MS: 5 CrossOver-ChangeBit-CMP-ChangeBit-CMP- DE: "\007\000\000\000"-"hvc1"-
#7444	REDUCE cov: 125 ft: 504 corp: 77/11656b lim: 333 exec/s: 7444 rss: 29Mb L: 215/333 MS: 4 PersAutoDict-CMP-ChangeBinInt-EraseBytes- DE: "\001\000\000\000\000\000\0009"-"avc1"-
#7580	NEW    cov: 125 ft: 505 corp: 78/11967b lim: 333 exec/s: 7580 rss: 29Mb L: 311/333 MS: 1 ChangeByte-
#7939	REDUCE cov: 125 ft: 505 corp: 78/11963b lim: 333 exec/s: 7939 rss: 29Mb L: 107/333 MS: 4 CrossOver-ShuffleBytes-EraseBytes-InsertByte-
#8121	REDUCE cov: 125 ft: 505 corp: 78/11944b lim: 333 exec/s: 8121 rss: 29Mb L: 239/333 MS: 2 CrossOver-EraseBytes-
#8135	NEW    cov: 125 ft: 509 corp: 79/12172b lim: 333 exec/s: 8135 rss: 29Mb L: 228/333 MS: 4 ChangeBinInt-ShuffleBytes-ChangeBit-PersAutoDict- DE: "\001\000\000\000\000\000\0009"-
#8195	REDUCE cov: 125 ft: 509 corp: 79/12170b lim: 333 exec/s: 8195 rss: 29Mb L: 302/333 MS: 5 PersAutoDict-EraseBytes-ChangeByte-CMP-PersAutoDict- DE: "stts"-"avc1"-"\010\000\000\000"-
#8531	REDUCE cov: 125 ft: 509 corp: 79/12149b lim: 333 exec/s: 8531 rss: 29Mb L: 81/333 MS: 1 EraseBytes-
==572330== ERROR: libFuzzer: out-of-memory (used: 1115Mb; limit: 1024Mb)
   To change the out-of-memory limit use -rss_limit_mb=<N>

MS: 1 InsertByte-; base unit: e6de13cdd9d79e33f04f4a6deca02fe9e2c7f9de
0x0,0x0,0x0,0x1c,0x66,0x74,0x79,0x70,0x4d,0x34,0x56,0x20,0x0,0x0,0x0,0x0,0x4d,0x34,0x56,0x20,0x6d,0x70,0x34,0x31,0x69,0x73,0x6f,0x6d,0x0,0x0,0x0,0xe0,0x6d,0x6f,0x6f,0x76,0x0,0x0,0x0,0x78,0x6d,0x76,0x68,0x64,0x0,0x0,0x0,0x0,0x0,0x0,0x0,0x0,0x0,0x0,0x0,0x0,0x0,0x0,0x3,0x72,0x61,0x70,0x70,0x6c,0x0,0x0,0x0,0x0,0x0,0x0,0x0,0x0,0x0,0x0,0x0,0x0,0x2b,0x69,0x6c,0x73,0x74,0x0,0x0,0x0,0x22,0xc2,0xa9,0x6e,0x61,0x6d,0x0,0x0,0x0,0x1a,0x64,0x61,0x74,0x1a,0x1a,0x1a,0x1a,0x1a,0x1a,0x61,0x0,0x0,0x0,0xe8,0x0,0x0,0xe,0x10,0x0,0x1,0x0,0x0,0x0,0x0,0x0,0x0,0x0,0x9,0x0,0x0,0x1,0x0,0x0,0x0,0x0,0x0,0x0,0x0,0x0,0x0,0x0,0x0,0x0,0x1,0x0,0x0,0x0,0x0,0x0,0x0,0x0,0x0,0x0,0x0,0x0,0x0,0x0,0x0,0x0,0x1,0x0,0x0,0x0,0x0,0x0,0x0,0x73,0x74,0x73,0x64,0x0,0x0,0x0,0x2b,0x69,0x6c,0x73,0x74,0x0,0x0,0x0,0x22,0xc2,0xa9,0x6e,0x61,0x6d,0x0,0x0,0x0,0x1a,0x64,0x61,0x74,0x1a,0x29,0x1a,0x1a,0x1a,0x1a,0x1a,0x61,0x0,0x0,0x0,0x1,0x0,0x0,0x0,0x0,0x54,0x64,0x73,0x74,0x20,0x56,0x69,0x64,0x65,0x6f,
\000\000\000\034ftypM4V \000\000\000\000M4V mp41isom\000\000\000\340moov\000\000\000xmvhd\000\000\000\000\000\000\000\000\000\000\000\000\000\000\003rappl\000\000\000\000\000\000\000\000\000\000\000\000+ilst\000\000\000\"\302\251nam\000\000\000\032dat\032\032\032\032\032\032a\000\000\000\350\000\000\016\020\000\001\000\000\000\000\000\000\000\011\000\000\001\000\000\000\000\000\000\000\000\000\000\000\000\001\000\000\000\000\000\000\000\000\000\000\000\000\000\000\000\001\000\000\000\000\000\000stsd\000\000\000+ilst\000\000\000\"\302\251nam\000\000\000\032dat\032)\032\032\032\032\032a\000\000\000\001\000\000\000\000Tdst Video
artifact_prefix='/results/crashes/20260313_172207_cfb2faa8_'; Test unit written to /results/crashes/20260313_172207_cfb2faa8_oom-5213de5cd3c1925b4b588121e18140e0a39d50c6
Base64: AAAAHGZ0eXBNNFYgAAAAAE00ViBtcDQxaXNvbQAAAOBtb292AAAAeG12aGQAAAAAAAAAAAAAAAAAAANyYXBwbAAAAAAAAAAAAAAAACtpbHN0AAAAIsKpbmFtAAAAGmRhdBoaGhoaGmEAAADoAAAOEAABAAAAAAAAAAkAAAEAAAAAAAAAAAAAAAABAAAAAAAAAAAAAAAAAAAAAQAAAAAAAHN0c2QAAAAraWxzdAAAACLCqW5hbQAAABpkYXQaKRoaGhoaYQAAAAEAAAAAVGRzdCBWaWRlbw==
SUMMARY: libFuzzer: out-of-memory
stat::number_of_executed_units: 8557
stat::average_exec_per_sec:     4278
stat::new_units_added:          149
stat::slowest_unit_time_sec:    0
stat::peak_rss_mb:              1116
