INFO: Running with entropic power schedule (0xFF, 100).
INFO: Seed: 478696248
INFO: Loaded 1 modules   (252 inline 8-bit counters): 252 [0x57e4557a4678, 0x57e4557a4774), 
INFO: Loaded 1 PC tables (252 PCs): 252 [0x57e4557a4778,0x57e4557a5738), 
INFO:        4 files found in /tmp/corpus_20260313_155820_34f37afa
INFO: seed corpus: files: 4 min: 48b max: 333b total: 853b rss: 28Mb
#5	INITED cov: 118 ft: 253 corp: 4/853b exec/s: 0 rss: 29Mb
#6	NEW    cov: 118 ft: 264 corp: 5/901b lim: 333 exec/s: 0 rss: 29Mb L: 48/333 MS: 1 CrossOver-
#7	NEW    cov: 119 ft: 277 corp: 6/1187b lim: 333 exec/s: 0 rss: 29Mb L: 286/333 MS: 1 InsertRepeatedBytes-
#9	NEW    cov: 119 ft: 278 corp: 7/1391b lim: 333 exec/s: 0 rss: 29Mb L: 204/333 MS: 2 ShuffleBytes-EraseBytes-
#10	NEW    cov: 119 ft: 288 corp: 8/1439b lim: 333 exec/s: 0 rss: 29Mb L: 48/333 MS: 1 ChangeBinInt-
#19	NEW    cov: 121 ft: 292 corp: 9/1767b lim: 333 exec/s: 0 rss: 29Mb L: 328/333 MS: 4 ChangeBit-ShuffleBytes-ChangeByte-CrossOver-
#20	NEW    cov: 121 ft: 303 corp: 10/1815b lim: 333 exec/s: 0 rss: 29Mb L: 48/333 MS: 1 ShuffleBytes-
#21	NEW    cov: 121 ft: 310 corp: 11/2101b lim: 333 exec/s: 0 rss: 29Mb L: 286/333 MS: 1 ChangeByte-
#24	NEW    cov: 122 ft: 312 corp: 12/2409b lim: 333 exec/s: 0 rss: 29Mb L: 308/333 MS: 3 EraseBytes-InsertByte-CMP- DE: "\377\377\377\017"-
#28	NEW    cov: 122 ft: 313 corp: 13/2699b lim: 333 exec/s: 0 rss: 29Mb L: 290/333 MS: 4 ShuffleBytes-ChangeBit-ShuffleBytes-PersAutoDict- DE: "\377\377\377\017"-
#29	NEW    cov: 122 ft: 314 corp: 14/2982b lim: 333 exec/s: 0 rss: 29Mb L: 283/333 MS: 1 EraseBytes-
#35	NEW    cov: 122 ft: 316 corp: 15/3114b lim: 333 exec/s: 0 rss: 29Mb L: 132/333 MS: 1 CrossOver-
#38	NEW    cov: 122 ft: 323 corp: 16/3252b lim: 333 exec/s: 0 rss: 29Mb L: 138/333 MS: 3 ChangeBit-ChangeBit-EraseBytes-
#40	NEW    cov: 122 ft: 324 corp: 17/3584b lim: 333 exec/s: 0 rss: 29Mb L: 332/333 MS: 2 InsertRepeatedBytes-InsertRepeatedBytes-
#42	REDUCE cov: 122 ft: 324 corp: 17/3583b lim: 333 exec/s: 0 rss: 29Mb L: 131/333 MS: 2 ChangeBinInt-EraseBytes-
#49	NEW    cov: 122 ft: 333 corp: 18/3673b lim: 333 exec/s: 0 rss: 29Mb L: 90/333 MS: 2 PersAutoDict-EraseBytes- DE: "\377\377\377\017"-
#51	NEW    cov: 122 ft: 334 corp: 19/3722b lim: 333 exec/s: 0 rss: 29Mb L: 49/333 MS: 2 CrossOver-InsertByte-
#53	REDUCE cov: 122 ft: 336 corp: 20/3843b lim: 333 exec/s: 0 rss: 29Mb L: 121/333 MS: 2 ChangeBit-EraseBytes-
#57	NEW    cov: 122 ft: 337 corp: 21/3969b lim: 333 exec/s: 0 rss: 29Mb L: 126/333 MS: 4 InsertByte-PersAutoDict-CrossOver-PersAutoDict- DE: "\377\377\377\017"-"\377\377\377\017"-
#71	NEW    cov: 122 ft: 338 corp: 22/4298b lim: 333 exec/s: 0 rss: 29Mb L: 329/333 MS: 4 InsertByte-ChangeBinInt-CrossOver-CopyPart-
#75	REDUCE cov: 122 ft: 338 corp: 22/4173b lim: 333 exec/s: 0 rss: 29Mb L: 158/333 MS: 4 PersAutoDict-EraseBytes-ChangeBinInt-InsertByte- DE: "\377\377\377\017"-
#76	REDUCE cov: 122 ft: 339 corp: 23/4358b lim: 333 exec/s: 0 rss: 29Mb L: 185/333 MS: 1 InsertRepeatedBytes-
#82	NEW    cov: 122 ft: 341 corp: 24/4608b lim: 333 exec/s: 0 rss: 29Mb L: 250/333 MS: 1 InsertRepeatedBytes-
#97	NEW    cov: 122 ft: 342 corp: 25/4816b lim: 333 exec/s: 0 rss: 29Mb L: 208/333 MS: 5 PersAutoDict-InsertByte-ChangeByte-ChangeBit-EraseBytes- DE: "\377\377\377\017"-
#103	NEW    cov: 122 ft: 343 corp: 26/5149b lim: 333 exec/s: 0 rss: 29Mb L: 333/333 MS: 1 ChangeBinInt-
#105	NEW    cov: 122 ft: 389 corp: 27/5180b lim: 333 exec/s: 0 rss: 29Mb L: 31/333 MS: 2 ShuffleBytes-EraseBytes-
#114	NEW    cov: 122 ft: 390 corp: 28/5244b lim: 333 exec/s: 0 rss: 29Mb L: 64/333 MS: 4 InsertRepeatedBytes-EraseBytes-ShuffleBytes-ChangeBinInt-
#118	REDUCE cov: 122 ft: 390 corp: 28/5223b lim: 333 exec/s: 0 rss: 29Mb L: 110/333 MS: 4 InsertRepeatedBytes-CMP-ChangeBit-EraseBytes- DE: "ispe"-
#125	NEW    cov: 122 ft: 393 corp: 29/5263b lim: 333 exec/s: 0 rss: 29Mb L: 40/333 MS: 2 ShuffleBytes-CrossOver-
#126	NEW    cov: 122 ft: 394 corp: 30/5329b lim: 333 exec/s: 0 rss: 29Mb L: 66/333 MS: 1 CopyPart-
#127	NEW    cov: 122 ft: 399 corp: 31/5541b lim: 333 exec/s: 0 rss: 29Mb L: 212/333 MS: 1 PersAutoDict- DE: "ispe"-
#152	NEW    cov: 122 ft: 400 corp: 32/5585b lim: 333 exec/s: 0 rss: 29Mb L: 44/333 MS: 5 CopyPart-ChangeBit-CopyPart-CrossOver-ChangeBinInt-
#164	NEW    cov: 122 ft: 412 corp: 33/5605b lim: 333 exec/s: 0 rss: 29Mb L: 20/333 MS: 2 ShuffleBytes-EraseBytes-
#165	NEW    cov: 122 ft: 415 corp: 34/5645b lim: 333 exec/s: 0 rss: 29Mb L: 40/333 MS: 1 ShuffleBytes-
#172	NEW    cov: 122 ft: 416 corp: 35/5690b lim: 333 exec/s: 0 rss: 29Mb L: 45/333 MS: 2 InsertByte-ChangeBinInt-
#203	REDUCE cov: 122 ft: 416 corp: 35/5689b lim: 333 exec/s: 0 rss: 29Mb L: 109/333 MS: 1 EraseBytes-
#204	NEW    cov: 122 ft: 418 corp: 36/5810b lim: 333 exec/s: 0 rss: 29Mb L: 121/333 MS: 1 CopyPart-
#222	NEW    cov: 122 ft: 419 corp: 37/5867b lim: 333 exec/s: 0 rss: 29Mb L: 57/333 MS: 3 EraseBytes-EraseBytes-CrossOver-
#230	NEW    cov: 122 ft: 428 corp: 38/5880b lim: 333 exec/s: 0 rss: 29Mb L: 13/333 MS: 3 ChangeByte-InsertByte-EraseBytes-
#245	REDUCE cov: 122 ft: 428 corp: 38/5858b lim: 333 exec/s: 0 rss: 29Mb L: 35/333 MS: 5 EraseBytes-ChangeASCIIInt-ChangeBit-ChangeASCIIInt-EraseBytes-
#278	NEW    cov: 122 ft: 429 corp: 39/5985b lim: 333 exec/s: 0 rss: 29Mb L: 127/333 MS: 3 PersAutoDict-CrossOver-InsertByte- DE: "ispe"-
#371	REDUCE cov: 122 ft: 429 corp: 39/5980b lim: 333 exec/s: 0 rss: 29Mb L: 121/333 MS: 3 InsertByte-ShuffleBytes-EraseBytes-
#382	REDUCE cov: 122 ft: 429 corp: 39/5948b lim: 333 exec/s: 0 rss: 29Mb L: 16/333 MS: 1 CrossOver-
#435	NEW    cov: 122 ft: 431 corp: 40/6169b lim: 333 exec/s: 0 rss: 29Mb L: 221/333 MS: 3 ChangeBinInt-ChangeByte-InsertByte-
#456	REDUCE cov: 122 ft: 431 corp: 40/6166b lim: 333 exec/s: 0 rss: 29Mb L: 42/333 MS: 1 EraseBytes-
#502	NEW    cov: 122 ft: 432 corp: 41/6497b lim: 333 exec/s: 0 rss: 29Mb L: 331/333 MS: 1 InsertRepeatedBytes-
#547	NEW    cov: 122 ft: 434 corp: 42/6788b lim: 333 exec/s: 0 rss: 29Mb L: 291/333 MS: 5 ChangeByte-ChangeASCIIInt-PersAutoDict-InsertRepeatedBytes-InsertRepeatedBytes- DE: "ispe"-
#561	REDUCE cov: 122 ft: 434 corp: 42/6781b lim: 333 exec/s: 0 rss: 29Mb L: 120/333 MS: 4 CrossOver-PersAutoDict-CopyPart-InsertRepeatedBytes- DE: "ispe"-
#563	REDUCE cov: 122 ft: 434 corp: 42/6758b lim: 333 exec/s: 0 rss: 29Mb L: 98/333 MS: 2 ChangeByte-EraseBytes-
#574	NEW    cov: 122 ft: 436 corp: 43/7057b lim: 333 exec/s: 0 rss: 29Mb L: 299/333 MS: 1 CMP- DE: "\000\000W\344}P\017\220"-
#595	REDUCE cov: 122 ft: 436 corp: 43/7051b lim: 333 exec/s: 0 rss: 29Mb L: 38/333 MS: 1 EraseBytes-
#613	REDUCE cov: 122 ft: 436 corp: 43/7049b lim: 333 exec/s: 0 rss: 29Mb L: 18/333 MS: 3 CrossOver-ChangeBinInt-EraseBytes-
#616	NEW    cov: 123 ft: 437 corp: 44/7335b lim: 333 exec/s: 0 rss: 29Mb L: 286/333 MS: 3 CopyPart-InsertRepeatedBytes-CMP- DE: "\003\000\000\000\001\000\000\000"-
#694	NEW    cov: 123 ft: 445 corp: 45/7592b lim: 333 exec/s: 0 rss: 29Mb L: 257/333 MS: 3 InsertRepeatedBytes-CMP-ChangeBinInt- DE: "hvc1"-
#705	REDUCE cov: 123 ft: 445 corp: 45/7456b lim: 333 exec/s: 0 rss: 29Mb L: 197/333 MS: 1 EraseBytes-
#725	REDUCE cov: 123 ft: 445 corp: 45/7451b lim: 333 exec/s: 0 rss: 29Mb L: 327/333 MS: 5 ShuffleBytes-CopyPart-ChangeBit-ChangeBit-EraseBytes-
#737	NEW    cov: 123 ft: 449 corp: 46/7723b lim: 333 exec/s: 0 rss: 29Mb L: 272/333 MS: 2 ChangeByte-EraseBytes-
#761	NEW    cov: 123 ft: 451 corp: 47/8022b lim: 333 exec/s: 0 rss: 29Mb L: 299/333 MS: 4 CMP-InsertByte-InsertByte-InsertRepeatedBytes- DE: "N\001\000\000\000\000\000\000"-
#798	NEW    cov: 123 ft: 453 corp: 48/8132b lim: 333 exec/s: 0 rss: 29Mb L: 110/333 MS: 2 CrossOver-EraseBytes-
#813	NEW    cov: 123 ft: 462 corp: 49/8364b lim: 333 exec/s: 0 rss: 29Mb L: 232/333 MS: 5 ChangeASCIIInt-EraseBytes-EraseBytes-EraseBytes-ChangeBit-
#818	REDUCE cov: 123 ft: 462 corp: 49/8332b lim: 333 exec/s: 0 rss: 29Mb L: 180/333 MS: 5 ShuffleBytes-ChangeBinInt-PersAutoDict-PersAutoDict-EraseBytes- DE: "ispe"-"\003\000\000\000\001\000\000\000"-
#841	NEW    cov: 123 ft: 463 corp: 50/8557b lim: 333 exec/s: 0 rss: 29Mb L: 225/333 MS: 3 ChangeBit-CopyPart-EraseBytes-
#873	NEW    cov: 123 ft: 464 corp: 51/8856b lim: 333 exec/s: 0 rss: 29Mb L: 299/333 MS: 2 CMP-CrossOver- DE: "\377\377V\344}O\353@"-
#895	REDUCE cov: 123 ft: 464 corp: 51/8841b lim: 333 exec/s: 0 rss: 29Mb L: 95/333 MS: 2 CrossOver-EraseBytes-
#959	NEW    cov: 123 ft: 465 corp: 52/8850b lim: 333 exec/s: 0 rss: 29Mb L: 9/333 MS: 4 ChangeBinInt-ChangeBinInt-CrossOver-CrossOver-
#985	REDUCE cov: 123 ft: 465 corp: 52/8833b lim: 333 exec/s: 0 rss: 29Mb L: 163/333 MS: 1 EraseBytes-
#998	REDUCE cov: 123 ft: 465 corp: 52/8825b lim: 333 exec/s: 0 rss: 29Mb L: 278/333 MS: 3 ChangeASCIIInt-CrossOver-EraseBytes-
#1081	REDUCE cov: 123 ft: 465 corp: 52/8824b lim: 333 exec/s: 0 rss: 29Mb L: 15/333 MS: 3 ChangeByte-CMP-EraseBytes- DE: "hvc1"-
#1105	NEW    cov: 123 ft: 470 corp: 53/9122b lim: 333 exec/s: 0 rss: 29Mb L: 298/333 MS: 4 PersAutoDict-InsertByte-ChangeASCIIInt-InsertRepeatedBytes- DE: "\377\377V\344}O\353@"-
#1125	REDUCE cov: 123 ft: 470 corp: 53/9010b lim: 333 exec/s: 0 rss: 29Mb L: 120/333 MS: 5 ShuffleBytes-ChangeBit-CopyPart-EraseBytes-EraseBytes-
#1136	REDUCE cov: 123 ft: 470 corp: 53/9008b lim: 333 exec/s: 0 rss: 29Mb L: 33/333 MS: 1 EraseBytes-
#1199	REDUCE cov: 123 ft: 470 corp: 53/9002b lim: 333 exec/s: 0 rss: 29Mb L: 32/333 MS: 3 CrossOver-ChangeASCIIInt-EraseBytes-
#1202	REDUCE cov: 123 ft: 470 corp: 53/8959b lim: 333 exec/s: 0 rss: 29Mb L: 120/333 MS: 3 InsertRepeatedBytes-ShuffleBytes-EraseBytes-
#1224	REDUCE cov: 123 ft: 470 corp: 53/8929b lim: 333 exec/s: 0 rss: 29Mb L: 167/333 MS: 2 PersAutoDict-EraseBytes- DE: "ispe"-
#1225	NEW    cov: 123 ft: 471 corp: 54/9059b lim: 333 exec/s: 0 rss: 29Mb L: 130/333 MS: 1 CrossOver-
#1244	REDUCE cov: 123 ft: 471 corp: 54/9055b lim: 333 exec/s: 0 rss: 29Mb L: 28/333 MS: 4 ShuffleBytes-ShuffleBytes-ShuffleBytes-EraseBytes-
#1246	NEW    cov: 123 ft: 472 corp: 55/9276b lim: 333 exec/s: 0 rss: 29Mb L: 221/333 MS: 2 ChangeBinInt-ChangeBinInt-
#1259	REDUCE cov: 123 ft: 472 corp: 55/9273b lim: 333 exec/s: 0 rss: 29Mb L: 205/333 MS: 3 CopyPart-ChangeBit-EraseBytes-
#1316	REDUCE cov: 123 ft: 472 corp: 55/9225b lim: 333 exec/s: 0 rss: 29Mb L: 72/333 MS: 2 CrossOver-EraseBytes-
#1379	NEW    cov: 123 ft: 478 corp: 56/9450b lim: 333 exec/s: 0 rss: 29Mb L: 225/333 MS: 3 CMP-ChangeBit-ChangeBinInt- DE: "mdat"-
#1422	NEW    cov: 123 ft: 481 corp: 57/9474b lim: 333 exec/s: 0 rss: 29Mb L: 24/333 MS: 3 ChangeBinInt-PersAutoDict-EraseBytes- DE: "\377\377V\344}O\353@"-
#1484	NEW    cov: 123 ft: 482 corp: 58/9780b lim: 333 exec/s: 0 rss: 29Mb L: 306/333 MS: 2 ShuffleBytes-CMP- DE: "\377\377~\374\313\272\345p"-
#1516	NEW    cov: 123 ft: 484 corp: 59/10033b lim: 333 exec/s: 0 rss: 29Mb L: 253/333 MS: 2 CrossOver-EraseBytes-
#1517	REDUCE cov: 123 ft: 484 corp: 59/10030b lim: 333 exec/s: 0 rss: 29Mb L: 275/333 MS: 1 EraseBytes-
#1573	REDUCE cov: 123 ft: 484 corp: 59/10029b lim: 333 exec/s: 0 rss: 29Mb L: 249/333 MS: 1 EraseBytes-
#1681	REDUCE cov: 123 ft: 484 corp: 59/10027b lim: 333 exec/s: 0 rss: 29Mb L: 22/333 MS: 3 ChangeBit-InsertByte-EraseBytes-
#1738	REDUCE cov: 123 ft: 484 corp: 59/9947b lim: 333 exec/s: 0 rss: 29Mb L: 247/333 MS: 2 ShuffleBytes-EraseBytes-
#1825	REDUCE cov: 123 ft: 484 corp: 59/9851b lim: 333 exec/s: 0 rss: 29Mb L: 161/333 MS: 2 ShuffleBytes-EraseBytes-
#1927	REDUCE cov: 123 ft: 484 corp: 59/9849b lim: 333 exec/s: 0 rss: 29Mb L: 93/333 MS: 2 ChangeBit-EraseBytes-
#2087	REDUCE cov: 123 ft: 484 corp: 59/9796b lim: 333 exec/s: 0 rss: 29Mb L: 222/333 MS: 5 CopyPart-ChangeByte-ChangeBit-ShuffleBytes-EraseBytes-
#2113	NEW    cov: 123 ft: 485 corp: 60/10125b lim: 333 exec/s: 0 rss: 29Mb L: 329/333 MS: 1 CopyPart-
#2243	NEW    cov: 123 ft: 486 corp: 61/10390b lim: 333 exec/s: 0 rss: 29Mb L: 265/333 MS: 5 ShuffleBytes-ShuffleBytes-ChangeByte-EraseBytes-InsertRepeatedBytes-
#2325	REDUCE cov: 123 ft: 486 corp: 61/10384b lim: 333 exec/s: 0 rss: 29Mb L: 246/333 MS: 2 InsertByte-EraseBytes-
#2361	REDUCE cov: 123 ft: 486 corp: 61/10377b lim: 333 exec/s: 0 rss: 29Mb L: 15/333 MS: 1 EraseBytes-
#2453	REDUCE cov: 123 ft: 486 corp: 61/10374b lim: 333 exec/s: 0 rss: 29Mb L: 25/333 MS: 2 PersAutoDict-EraseBytes- DE: "\000\000W\344}P\017\220"-
#2509	REDUCE cov: 123 ft: 486 corp: 61/10331b lim: 333 exec/s: 0 rss: 29Mb L: 286/333 MS: 1 EraseBytes-
#2525	REDUCE cov: 123 ft: 486 corp: 61/10312b lim: 333 exec/s: 0 rss: 29Mb L: 74/333 MS: 1 CrossOver-
#2531	NEW    cov: 123 ft: 487 corp: 62/10325b lim: 333 exec/s: 0 rss: 29Mb L: 13/333 MS: 1 ChangeBinInt-
#2620	REDUCE cov: 123 ft: 487 corp: 62/10324b lim: 333 exec/s: 0 rss: 29Mb L: 157/333 MS: 4 ShuffleBytes-ShuffleBytes-EraseBytes-CrossOver-
#2641	REDUCE cov: 123 ft: 487 corp: 62/10315b lim: 333 exec/s: 0 rss: 29Mb L: 299/333 MS: 1 EraseBytes-
#2853	REDUCE cov: 123 ft: 487 corp: 62/10312b lim: 333 exec/s: 0 rss: 29Mb L: 10/333 MS: 2 CMP-EraseBytes- DE: "ipro"-
#3009	REDUCE cov: 123 ft: 487 corp: 62/10310b lim: 333 exec/s: 0 rss: 29Mb L: 38/333 MS: 1 EraseBytes-
#3064	REDUCE cov: 124 ft: 488 corp: 63/10314b lim: 333 exec/s: 0 rss: 29Mb L: 4/333 MS: 5 CrossOver-ChangeBinInt-ShuffleBytes-CrossOver-CrossOver-
#3142	REDUCE cov: 124 ft: 488 corp: 63/10313b lim: 333 exec/s: 0 rss: 29Mb L: 9/333 MS: 3 ChangeBit-EraseBytes-InsertByte-
#3288	REDUCE cov: 124 ft: 488 corp: 63/10312b lim: 333 exec/s: 0 rss: 29Mb L: 3/333 MS: 1 EraseBytes-
#3402	REDUCE cov: 124 ft: 488 corp: 63/10286b lim: 333 exec/s: 0 rss: 29Mb L: 196/333 MS: 4 ShuffleBytes-PersAutoDict-CopyPart-EraseBytes- DE: "ipro"-
#3504	NEW    cov: 124 ft: 495 corp: 64/10574b lim: 333 exec/s: 0 rss: 29Mb L: 288/333 MS: 2 InsertByte-CopyPart-
#3590	REDUCE cov: 124 ft: 495 corp: 64/10506b lim: 333 exec/s: 0 rss: 29Mb L: 231/333 MS: 1 EraseBytes-
#3741	REDUCE cov: 124 ft: 495 corp: 64/10495b lim: 333 exec/s: 0 rss: 29Mb L: 27/333 MS: 1 EraseBytes-
#3816	REDUCE cov: 124 ft: 495 corp: 64/10493b lim: 333 exec/s: 0 rss: 29Mb L: 159/333 MS: 5 ShuffleBytes-ShuffleBytes-ChangeBinInt-ChangeBinInt-EraseBytes-
#4002	REDUCE cov: 124 ft: 495 corp: 64/10490b lim: 333 exec/s: 0 rss: 29Mb L: 87/333 MS: 1 EraseBytes-
#4165	REDUCE cov: 124 ft: 495 corp: 64/10487b lim: 333 exec/s: 0 rss: 29Mb L: 117/333 MS: 3 ChangeByte-CopyPart-EraseBytes-
#4381	REDUCE cov: 124 ft: 495 corp: 64/10466b lim: 333 exec/s: 0 rss: 29Mb L: 77/333 MS: 1 EraseBytes-
#4752	REDUCE cov: 124 ft: 495 corp: 64/10458b lim: 333 exec/s: 0 rss: 29Mb L: 19/333 MS: 1 EraseBytes-
#4793	REDUCE cov: 124 ft: 495 corp: 64/10455b lim: 333 exec/s: 0 rss: 29Mb L: 135/333 MS: 1 EraseBytes-
#4910	REDUCE cov: 124 ft: 495 corp: 64/10454b lim: 333 exec/s: 0 rss: 29Mb L: 2/333 MS: 2 ShuffleBytes-EraseBytes-
#4947	REDUCE cov: 124 ft: 495 corp: 64/10453b lim: 333 exec/s: 0 rss: 29Mb L: 116/333 MS: 2 EraseBytes-CMP- DE: "\377\377r\327`\001\355\201"-
#5179	REDUCE cov: 124 ft: 495 corp: 64/10448b lim: 333 exec/s: 0 rss: 29Mb L: 8/333 MS: 2 CMP-EraseBytes- DE: "\274\274\274\274"-
#5312	REDUCE cov: 124 ft: 495 corp: 64/10431b lim: 333 exec/s: 0 rss: 29Mb L: 57/333 MS: 3 ShuffleBytes-InsertByte-EraseBytes-
#5338	REDUCE cov: 124 ft: 495 corp: 64/10424b lim: 333 exec/s: 0 rss: 29Mb L: 8/333 MS: 1 EraseBytes-
#5399	REDUCE cov: 124 ft: 495 corp: 64/10419b lim: 333 exec/s: 0 rss: 29Mb L: 241/333 MS: 1 EraseBytes-
#5405	NEW    cov: 124 ft: 496 corp: 65/10647b lim: 333 exec/s: 0 rss: 29Mb L: 228/333 MS: 1 PersAutoDict- DE: "\000\000W\344}P\017\220"-
#5438	REDUCE cov: 124 ft: 496 corp: 65/10606b lim: 333 exec/s: 0 rss: 29Mb L: 249/333 MS: 3 CrossOver-ChangeASCIIInt-EraseBytes-
#5486	REDUCE cov: 124 ft: 496 corp: 65/10520b lim: 333 exec/s: 0 rss: 29Mb L: 213/333 MS: 3 CMP-PersAutoDict-EraseBytes- DE: "tapt"-"\377\377r\327`\001\355\201"-
#5548	REDUCE cov: 124 ft: 496 corp: 65/10510b lim: 333 exec/s: 0 rss: 29Mb L: 186/333 MS: 2 ShuffleBytes-EraseBytes-
#5934	REDUCE cov: 124 ft: 496 corp: 65/10474b lim: 333 exec/s: 0 rss: 29Mb L: 36/333 MS: 1 EraseBytes-
#5941	REDUCE cov: 124 ft: 496 corp: 65/10471b lim: 333 exec/s: 0 rss: 29Mb L: 16/333 MS: 2 CopyPart-EraseBytes-
#5966	REDUCE cov: 124 ft: 496 corp: 65/10446b lim: 333 exec/s: 0 rss: 29Mb L: 132/333 MS: 5 ChangeByte-PersAutoDict-CrossOver-InsertByte-EraseBytes- DE: "\377\377~\374\313\272\345p"-
#6050	REDUCE cov: 124 ft: 496 corp: 65/10437b lim: 333 exec/s: 0 rss: 29Mb L: 238/333 MS: 4 ShuffleBytes-ShuffleBytes-InsertByte-EraseBytes-
#6100	REDUCE cov: 124 ft: 496 corp: 65/10419b lim: 333 exec/s: 0 rss: 29Mb L: 149/333 MS: 5 CrossOver-EraseBytes-CrossOver-PersAutoDict-EraseBytes- DE: "ipro"-
#6158	REDUCE cov: 124 ft: 496 corp: 65/10414b lim: 333 exec/s: 6158 rss: 29Mb L: 11/333 MS: 3 ChangeByte-PersAutoDict-EraseBytes- DE: "\274\274\274\274"-
#6180	REDUCE cov: 124 ft: 496 corp: 65/10405b lim: 333 exec/s: 6180 rss: 29Mb L: 282/333 MS: 5 ShuffleBytes-ShuffleBytes-EraseBytes-ChangeBinInt-CMP- DE: "ipro"-
#6187	REDUCE cov: 124 ft: 496 corp: 65/10391b lim: 333 exec/s: 6187 rss: 29Mb L: 272/333 MS: 2 ChangeBit-CrossOver-
#6276	REDUCE cov: 124 ft: 496 corp: 65/10390b lim: 333 exec/s: 6276 rss: 29Mb L: 108/333 MS: 4 CMP-ChangeBit-EraseBytes-CMP- DE: "\001\024"-"\253\254\000`\327s\000\000"-
#6284	REDUCE cov: 124 ft: 496 corp: 65/10322b lim: 333 exec/s: 6284 rss: 29Mb L: 118/333 MS: 3 ChangeASCIIInt-ChangeBit-EraseBytes-
#6305	REDUCE cov: 124 ft: 496 corp: 65/10321b lim: 333 exec/s: 6305 rss: 29Mb L: 1/333 MS: 1 EraseBytes-
#6346	REDUCE cov: 124 ft: 496 corp: 65/10281b lim: 333 exec/s: 6346 rss: 29Mb L: 90/333 MS: 1 EraseBytes-
#6507	REDUCE cov: 124 ft: 496 corp: 65/10277b lim: 333 exec/s: 6507 rss: 29Mb L: 32/333 MS: 1 EraseBytes-
#6579	REDUCE cov: 124 ft: 496 corp: 65/10276b lim: 333 exec/s: 6579 rss: 29Mb L: 10/333 MS: 2 PersAutoDict-EraseBytes- DE: "ipro"-
#6757	REDUCE cov: 124 ft: 496 corp: 65/10180b lim: 333 exec/s: 6757 rss: 29Mb L: 235/333 MS: 3 EraseBytes-ChangeBit-CMP- DE: "\000\000\000\000\000\000\000\000"-
#6852	REDUCE cov: 124 ft: 497 corp: 66/10308b lim: 333 exec/s: 6852 rss: 29Mb L: 128/333 MS: 5 CrossOver-EraseBytes-CrossOver-CMP-EraseBytes- DE: "hvc1"-
#6878	REDUCE cov: 124 ft: 497 corp: 66/10261b lim: 333 exec/s: 6878 rss: 29Mb L: 71/333 MS: 1 EraseBytes-
#7277	REDUCE cov: 124 ft: 497 corp: 66/10251b lim: 333 exec/s: 7277 rss: 29Mb L: 61/333 MS: 4 ShuffleBytes-ShuffleBytes-ChangeByte-EraseBytes-
#7358	REDUCE cov: 124 ft: 497 corp: 66/10243b lim: 333 exec/s: 7358 rss: 29Mb L: 49/333 MS: 1 EraseBytes-
==305770== ERROR: libFuzzer: out-of-memory (used: 1297Mb; limit: 1024Mb)
   To change the out-of-memory limit use -rss_limit_mb=<N>

MS: 2 ShuffleBytes-CrossOver-; base unit: 83f43f1a35c9c7c546f69841339e6dee04e3e458
artifact_prefix='/results/crashes/20260313_155820_34f37afa_'; Test unit written to /results/crashes/20260313_155820_34f37afa_oom-932cbd19c7f01b244c4eb05df987bb69ff77a09d
SUMMARY: libFuzzer: out-of-memory
stat::number_of_executed_units: 7395
stat::average_exec_per_sec:     3697
stat::new_units_added:          143
stat::slowest_unit_time_sec:    0
stat::peak_rss_mb:              1298
