INFO: Running with entropic power schedule (0xFF, 100).
INFO: Seed: 569419939
INFO: Loaded 1 modules   (252 inline 8-bit counters): 252 [0x56d2ea36c678, 0x56d2ea36c774), 
INFO: Loaded 1 PC tables (252 PCs): 252 [0x56d2ea36c778,0x56d2ea36d738), 
INFO:        4 files found in /tmp/corpus_20260313_145146_61481d0e
INFO: seed corpus: files: 4 min: 48b max: 333b total: 853b rss: 28Mb
#5	INITED cov: 117 ft: 253 corp: 4/853b exec/s: 0 rss: 29Mb
#6	NEW    cov: 117 ft: 267 corp: 5/917b lim: 333 exec/s: 0 rss: 29Mb L: 64/333 MS: 1 InsertRepeatedBytes-
#8	NEW    cov: 117 ft: 268 corp: 6/1145b lim: 333 exec/s: 0 rss: 29Mb L: 228/333 MS: 2 CMP-CMP- DE: "trak"-"y\177\206\033\323V\000\000"-
#9	NEW    cov: 117 ft: 269 corp: 7/1404b lim: 333 exec/s: 0 rss: 29Mb L: 259/333 MS: 1 InsertRepeatedBytes-
#10	REDUCE cov: 117 ft: 269 corp: 7/1369b lim: 333 exec/s: 0 rss: 29Mb L: 217/333 MS: 1 EraseBytes-
#11	NEW    cov: 117 ft: 278 corp: 8/1434b lim: 333 exec/s: 0 rss: 29Mb L: 65/333 MS: 1 InsertByte-
#12	NEW    cov: 117 ft: 280 corp: 9/1515b lim: 333 exec/s: 0 rss: 29Mb L: 81/333 MS: 1 InsertRepeatedBytes-
#14	NEW    cov: 117 ft: 281 corp: 10/1596b lim: 333 exec/s: 0 rss: 29Mb L: 81/333 MS: 2 ChangeByte-CopyPart-
#17	NEW    cov: 117 ft: 282 corp: 11/1693b lim: 333 exec/s: 0 rss: 29Mb L: 97/333 MS: 3 CopyPart-ChangeByte-InsertRepeatedBytes-
#18	NEW    cov: 117 ft: 291 corp: 12/2026b lim: 333 exec/s: 0 rss: 29Mb L: 333/333 MS: 1 ShuffleBytes-
#19	NEW    cov: 117 ft: 301 corp: 13/2286b lim: 333 exec/s: 0 rss: 29Mb L: 260/333 MS: 1 InsertByte-
#23	NEW    cov: 118 ft: 306 corp: 14/2615b lim: 333 exec/s: 0 rss: 29Mb L: 329/333 MS: 4 ChangeByte-InsertByte-PersAutoDict-CrossOver- DE: "trak"-
#24	NEW    cov: 118 ft: 307 corp: 15/2712b lim: 333 exec/s: 0 rss: 29Mb L: 97/333 MS: 1 CopyPart-
#25	NEW    cov: 118 ft: 310 corp: 16/2752b lim: 333 exec/s: 0 rss: 29Mb L: 40/333 MS: 1 EraseBytes-
#27	REDUCE cov: 118 ft: 311 corp: 17/2868b lim: 333 exec/s: 0 rss: 29Mb L: 116/333 MS: 2 ChangeByte-CrossOver-
#28	NEW    cov: 118 ft: 316 corp: 18/3107b lim: 333 exec/s: 0 rss: 29Mb L: 239/333 MS: 1 InsertRepeatedBytes-
#33	REDUCE cov: 118 ft: 329 corp: 19/3242b lim: 333 exec/s: 0 rss: 29Mb L: 135/333 MS: 5 ShuffleBytes-PersAutoDict-InsertByte-EraseBytes-EraseBytes- DE: "trak"-
#38	NEW    cov: 119 ft: 330 corp: 20/3575b lim: 333 exec/s: 0 rss: 29Mb L: 333/333 MS: 5 ChangeBit-ChangeBit-CrossOver-ChangeBit-CopyPart-
#40	NEW    cov: 119 ft: 378 corp: 21/3603b lim: 333 exec/s: 0 rss: 29Mb L: 28/333 MS: 2 ChangeByte-EraseBytes-
#41	NEW    cov: 119 ft: 379 corp: 22/3832b lim: 333 exec/s: 0 rss: 29Mb L: 229/333 MS: 1 InsertRepeatedBytes-
#43	NEW    cov: 119 ft: 383 corp: 23/3896b lim: 333 exec/s: 0 rss: 29Mb L: 64/333 MS: 2 ShuffleBytes-CMP- DE: "\005\000"-
#46	NEW    cov: 119 ft: 384 corp: 24/4041b lim: 333 exec/s: 0 rss: 29Mb L: 145/333 MS: 3 ChangeByte-EraseBytes-EraseBytes-
#47	NEW    cov: 119 ft: 385 corp: 25/4367b lim: 333 exec/s: 0 rss: 29Mb L: 326/333 MS: 1 CrossOver-
#55	NEW    cov: 119 ft: 393 corp: 26/4441b lim: 333 exec/s: 0 rss: 29Mb L: 74/333 MS: 3 PersAutoDict-PersAutoDict-ChangeByte- DE: "\005\000"-"y\177\206\033\323V\000\000"-
#61	NEW    cov: 119 ft: 402 corp: 27/4458b lim: 333 exec/s: 0 rss: 29Mb L: 17/333 MS: 1 EraseBytes-
#65	NEW    cov: 119 ft: 403 corp: 28/4573b lim: 333 exec/s: 0 rss: 29Mb L: 115/333 MS: 4 CrossOver-ShuffleBytes-InsertByte-CopyPart-
#66	REDUCE cov: 119 ft: 403 corp: 28/4478b lim: 333 exec/s: 0 rss: 29Mb L: 144/333 MS: 1 CrossOver-
#70	NEW    cov: 119 ft: 404 corp: 29/4810b lim: 333 exec/s: 0 rss: 29Mb L: 332/333 MS: 4 ChangeBit-CMP-ChangeBinInt-InsertRepeatedBytes- DE: "stsd"-
#78	NEW    cov: 119 ft: 405 corp: 30/5140b lim: 333 exec/s: 0 rss: 29Mb L: 330/333 MS: 3 InsertByte-ChangeByte-PersAutoDict- DE: "y\177\206\033\323V\000\000"-
#83	NEW    cov: 120 ft: 411 corp: 31/5219b lim: 333 exec/s: 0 rss: 29Mb L: 79/333 MS: 5 EraseBytes-ShuffleBytes-ChangeBinInt-ChangeASCIIInt-CMP- DE: "hdlr"-
#85	NEW    cov: 121 ft: 421 corp: 32/5519b lim: 333 exec/s: 0 rss: 29Mb L: 300/333 MS: 2 CMP-CrossOver- DE: "\377\377U\323\033\206\331\340"-
#90	NEW    cov: 121 ft: 422 corp: 33/5852b lim: 333 exec/s: 0 rss: 29Mb L: 333/333 MS: 5 PersAutoDict-PersAutoDict-ChangeByte-ShuffleBytes-CopyPart- DE: "trak"-"y\177\206\033\323V\000\000"-
#98	REDUCE cov: 122 ft: 423 corp: 34/6002b lim: 333 exec/s: 0 rss: 29Mb L: 150/333 MS: 3 ChangeByte-PersAutoDict-CMP- DE: "\005\000"-"tapt"-
#105	NEW    cov: 122 ft: 425 corp: 35/6262b lim: 333 exec/s: 0 rss: 29Mb L: 260/333 MS: 2 ChangeBit-CrossOver-
#126	NEW    cov: 122 ft: 426 corp: 36/6485b lim: 333 exec/s: 0 rss: 29Mb L: 223/333 MS: 1 InsertRepeatedBytes-
#132	NEW    cov: 122 ft: 427 corp: 37/6550b lim: 333 exec/s: 0 rss: 29Mb L: 65/333 MS: 1 ChangeBinInt-
#140	NEW    cov: 122 ft: 438 corp: 38/6598b lim: 333 exec/s: 0 rss: 29Mb L: 48/333 MS: 3 ChangeBit-PersAutoDict-ChangeBit- DE: "hdlr"-
#141	NEW    cov: 122 ft: 439 corp: 39/6650b lim: 333 exec/s: 0 rss: 29Mb L: 52/333 MS: 1 EraseBytes-
#147	REDUCE cov: 122 ft: 439 corp: 39/6422b lim: 333 exec/s: 0 rss: 29Mb L: 105/333 MS: 1 CrossOver-
#151	REDUCE cov: 122 ft: 439 corp: 39/6417b lim: 333 exec/s: 0 rss: 29Mb L: 140/333 MS: 4 CrossOver-EraseBytes-ChangeBit-CrossOver-
#175	REDUCE cov: 122 ft: 439 corp: 39/6292b lim: 333 exec/s: 0 rss: 29Mb L: 201/333 MS: 4 CopyPart-ShuffleBytes-ChangeBit-EraseBytes-
#205	NEW    cov: 123 ft: 440 corp: 40/6294b lim: 333 exec/s: 0 rss: 29Mb L: 2/333 MS: 5 ChangeBit-ChangeBit-PersAutoDict-ChangeBit-CrossOver- DE: "\005\000"-
#211	REDUCE cov: 123 ft: 440 corp: 40/6251b lim: 333 exec/s: 0 rss: 29Mb L: 216/333 MS: 1 EraseBytes-
#218	NEW    cov: 123 ft: 441 corp: 41/6307b lim: 333 exec/s: 0 rss: 29Mb L: 56/333 MS: 2 ChangeByte-EraseBytes-
#233	NEW    cov: 123 ft: 442 corp: 42/6583b lim: 333 exec/s: 0 rss: 29Mb L: 276/333 MS: 5 CopyPart-ChangeBit-InsertByte-ChangeByte-InsertRepeatedBytes-
#264	NEW    cov: 123 ft: 443 corp: 43/6601b lim: 333 exec/s: 0 rss: 29Mb L: 18/333 MS: 1 InsertByte-
#270	NEW    cov: 123 ft: 444 corp: 44/6934b lim: 333 exec/s: 0 rss: 29Mb L: 333/333 MS: 1 PersAutoDict- DE: "trak"-
#276	NEW    cov: 123 ft: 446 corp: 45/6966b lim: 333 exec/s: 0 rss: 29Mb L: 32/333 MS: 1 InsertRepeatedBytes-
#293	NEW    cov: 123 ft: 455 corp: 46/6979b lim: 333 exec/s: 0 rss: 29Mb L: 13/333 MS: 2 CopyPart-EraseBytes-
#299	REDUCE cov: 123 ft: 455 corp: 46/6978b lim: 333 exec/s: 0 rss: 29Mb L: 1/333 MS: 1 EraseBytes-
#348	NEW    cov: 123 ft: 457 corp: 47/7001b lim: 333 exec/s: 0 rss: 29Mb L: 23/333 MS: 4 CopyPart-CMP-InsertByte-ChangeBinInt- DE: "cdsc"-
#429	NEW    cov: 123 ft: 458 corp: 48/7334b lim: 333 exec/s: 0 rss: 29Mb L: 333/333 MS: 1 CrossOver-
#454	REDUCE cov: 123 ft: 458 corp: 48/7315b lim: 333 exec/s: 0 rss: 29Mb L: 45/333 MS: 5 ChangeBinInt-CMP-ChangeBit-EraseBytes-CrossOver- DE: "tapt"-
#485	NEW    cov: 123 ft: 466 corp: 49/7648b lim: 333 exec/s: 0 rss: 29Mb L: 333/333 MS: 1 ChangeByte-
#566	REDUCE cov: 123 ft: 466 corp: 49/7590b lim: 333 exec/s: 0 rss: 29Mb L: 275/333 MS: 1 EraseBytes-
#577	NEW    cov: 123 ft: 467 corp: 50/7670b lim: 333 exec/s: 0 rss: 29Mb L: 80/333 MS: 1 CopyPart-
#628	NEW    cov: 123 ft: 468 corp: 51/7899b lim: 333 exec/s: 0 rss: 29Mb L: 229/333 MS: 1 ChangeBinInt-
#691	REDUCE cov: 123 ft: 468 corp: 51/7865b lim: 333 exec/s: 0 rss: 29Mb L: 101/333 MS: 3 InsertRepeatedBytes-ChangeBinInt-EraseBytes-
#707	REDUCE cov: 123 ft: 468 corp: 51/7855b lim: 333 exec/s: 0 rss: 29Mb L: 323/333 MS: 1 EraseBytes-
#724	REDUCE cov: 123 ft: 468 corp: 51/7848b lim: 333 exec/s: 0 rss: 29Mb L: 109/333 MS: 2 EraseBytes-InsertByte-
#782	NEW    cov: 123 ft: 471 corp: 52/8075b lim: 333 exec/s: 0 rss: 29Mb L: 227/333 MS: 3 ChangeBit-ChangeByte-CrossOver-
#833	REDUCE cov: 123 ft: 471 corp: 52/8052b lim: 333 exec/s: 0 rss: 29Mb L: 58/333 MS: 1 EraseBytes-
#932	NEW    cov: 123 ft: 474 corp: 53/8259b lim: 333 exec/s: 0 rss: 29Mb L: 207/333 MS: 4 ChangeBinInt-InsertByte-ShuffleBytes-EraseBytes-
#999	REDUCE cov: 123 ft: 474 corp: 53/8223b lim: 333 exec/s: 0 rss: 29Mb L: 69/333 MS: 2 ChangeBit-EraseBytes-
#1066	NEW    cov: 123 ft: 480 corp: 54/8555b lim: 333 exec/s: 0 rss: 29Mb L: 332/333 MS: 2 ChangeBinInt-ChangeBit-
#1148	REDUCE cov: 123 ft: 480 corp: 54/8451b lim: 333 exec/s: 0 rss: 29Mb L: 219/333 MS: 2 ChangeBit-EraseBytes-
#1243	REDUCE cov: 123 ft: 480 corp: 54/8417b lim: 333 exec/s: 0 rss: 29Mb L: 106/333 MS: 5 ChangeASCIIInt-CrossOver-CrossOver-CrossOver-CrossOver-
#1253	REDUCE cov: 123 ft: 480 corp: 54/8416b lim: 333 exec/s: 0 rss: 29Mb L: 22/333 MS: 5 CMP-ChangeBit-ShuffleBytes-ShuffleBytes-EraseBytes- DE: "\002\000\000\000"-
#1361	NEW    cov: 123 ft: 482 corp: 55/8651b lim: 333 exec/s: 0 rss: 29Mb L: 235/333 MS: 3 ChangeBit-CopyPart-CMP- DE: "A\257\210\033\323V\000\000"-
#1421	REDUCE cov: 123 ft: 482 corp: 55/8650b lim: 333 exec/s: 0 rss: 29Mb L: 114/333 MS: 5 CopyPart-InsertByte-CopyPart-CopyPart-EraseBytes-
#1488	NEW    cov: 123 ft: 483 corp: 56/8914b lim: 333 exec/s: 0 rss: 29Mb L: 264/333 MS: 2 ChangeByte-InsertRepeatedBytes-
#1497	REDUCE cov: 123 ft: 483 corp: 56/8904b lim: 333 exec/s: 0 rss: 29Mb L: 213/333 MS: 4 ShuffleBytes-InsertRepeatedBytes-ShuffleBytes-EraseBytes-
#1515	REDUCE cov: 123 ft: 483 corp: 56/8896b lim: 333 exec/s: 0 rss: 29Mb L: 14/333 MS: 3 ChangeBinInt-PersAutoDict-EraseBytes- DE: "\377\377U\323\033\206\331\340"-
#1517	REDUCE cov: 123 ft: 483 corp: 56/8891b lim: 333 exec/s: 0 rss: 29Mb L: 13/333 MS: 2 ChangeBinInt-EraseBytes-
#1591	NEW    cov: 123 ft: 489 corp: 57/9224b lim: 333 exec/s: 0 rss: 29Mb L: 333/333 MS: 4 CrossOver-ChangeASCIIInt-ChangeByte-PersAutoDict- DE: "A\257\210\033\323V\000\000"-
#1634	NEW    cov: 123 ft: 490 corp: 58/9500b lim: 333 exec/s: 0 rss: 29Mb L: 276/333 MS: 3 ChangeByte-ChangeASCIIInt-PersAutoDict- DE: "\002\000\000\000"-
#1641	REDUCE cov: 123 ft: 490 corp: 58/9471b lim: 333 exec/s: 0 rss: 29Mb L: 72/333 MS: 2 ChangeBit-EraseBytes-
#1668	REDUCE cov: 123 ft: 490 corp: 58/9470b lim: 333 exec/s: 0 rss: 29Mb L: 12/333 MS: 2 InsertByte-EraseBytes-
#1770	REDUCE cov: 123 ft: 490 corp: 58/9426b lim: 333 exec/s: 0 rss: 29Mb L: 185/333 MS: 2 ChangeBit-EraseBytes-
#1776	NEW    cov: 123 ft: 491 corp: 59/9691b lim: 333 exec/s: 0 rss: 29Mb L: 265/333 MS: 1 InsertByte-
#1786	REDUCE cov: 123 ft: 491 corp: 59/9685b lim: 333 exec/s: 0 rss: 29Mb L: 269/333 MS: 5 ChangeBinInt-ChangeBit-ChangeBinInt-ChangeByte-EraseBytes-
#1836	NEW    cov: 123 ft: 492 corp: 60/10006b lim: 333 exec/s: 0 rss: 29Mb L: 321/333 MS: 5 InsertRepeatedBytes-CopyPart-CrossOver-CopyPart-InsertByte-
#1912	REDUCE cov: 123 ft: 492 corp: 60/10004b lim: 333 exec/s: 0 rss: 29Mb L: 199/333 MS: 1 EraseBytes-
#1949	REDUCE cov: 123 ft: 492 corp: 60/9949b lim: 333 exec/s: 0 rss: 29Mb L: 278/333 MS: 2 ChangeBinInt-CrossOver-
#1974	REDUCE cov: 123 ft: 493 corp: 61/10166b lim: 333 exec/s: 0 rss: 29Mb L: 217/333 MS: 5 InsertByte-ShuffleBytes-ChangeBinInt-ChangeBinInt-ChangeByte-
#2128	REDUCE cov: 123 ft: 494 corp: 62/10181b lim: 333 exec/s: 0 rss: 29Mb L: 15/333 MS: 4 ChangeBinInt-CrossOver-CMP-CrossOver- DE: "\341\000\000\000\000\000\000\000"-
#2154	REDUCE cov: 123 ft: 494 corp: 62/10163b lim: 333 exec/s: 0 rss: 29Mb L: 189/333 MS: 1 EraseBytes-
#2274	REDUCE cov: 123 ft: 494 corp: 62/10122b lim: 333 exec/s: 0 rss: 29Mb L: 187/333 MS: 5 CopyPart-ChangeBinInt-ShuffleBytes-CrossOver-InsertRepeatedBytes-
#2430	REDUCE cov: 123 ft: 495 corp: 63/10130b lim: 333 exec/s: 0 rss: 29Mb L: 8/333 MS: 1 EraseBytes-
#2526	REDUCE cov: 123 ft: 495 corp: 63/10125b lim: 333 exec/s: 0 rss: 29Mb L: 8/333 MS: 1 EraseBytes-
#2574	REDUCE cov: 123 ft: 495 corp: 63/10123b lim: 333 exec/s: 0 rss: 29Mb L: 197/333 MS: 3 ChangeBit-ChangeBit-EraseBytes-
#2580	REDUCE cov: 123 ft: 495 corp: 63/10117b lim: 333 exec/s: 0 rss: 29Mb L: 50/333 MS: 1 CrossOver-
#2701	REDUCE cov: 123 ft: 495 corp: 63/10095b lim: 333 exec/s: 0 rss: 29Mb L: 47/333 MS: 1 EraseBytes-
#2704	REDUCE cov: 123 ft: 495 corp: 63/10091b lim: 333 exec/s: 0 rss: 29Mb L: 10/333 MS: 3 CopyPart-ChangeBit-EraseBytes-
#2831	REDUCE cov: 123 ft: 495 corp: 63/10090b lim: 333 exec/s: 0 rss: 29Mb L: 39/333 MS: 2 ChangeBit-EraseBytes-
#2930	REDUCE cov: 123 ft: 495 corp: 63/10043b lim: 333 exec/s: 0 rss: 29Mb L: 169/333 MS: 4 ShuffleBytes-InsertByte-ChangeBit-EraseBytes-
#3092	REDUCE cov: 123 ft: 495 corp: 63/10019b lim: 333 exec/s: 0 rss: 29Mb L: 308/333 MS: 2 ChangeByte-EraseBytes-
#3184	REDUCE cov: 123 ft: 495 corp: 63/10002b lim: 333 exec/s: 0 rss: 29Mb L: 63/333 MS: 2 ChangeBit-EraseBytes-
#3263	REDUCE cov: 123 ft: 495 corp: 63/9994b lim: 333 exec/s: 0 rss: 29Mb L: 66/333 MS: 4 CrossOver-ChangeASCIIInt-ChangeASCIIInt-EraseBytes-
#3514	REDUCE cov: 123 ft: 495 corp: 63/9993b lim: 333 exec/s: 0 rss: 29Mb L: 44/333 MS: 1 EraseBytes-
#3690	REDUCE cov: 123 ft: 495 corp: 63/9947b lim: 333 exec/s: 0 rss: 29Mb L: 139/333 MS: 1 EraseBytes-
#3918	REDUCE cov: 123 ft: 498 corp: 64/9994b lim: 333 exec/s: 0 rss: 29Mb L: 47/333 MS: 3 EraseBytes-InsertRepeatedBytes-ChangeBit-
#3928	REDUCE cov: 123 ft: 498 corp: 64/9847b lim: 333 exec/s: 0 rss: 29Mb L: 183/333 MS: 5 EraseBytes-ChangeBit-CMP-EraseBytes-EraseBytes- DE: "qt  "-
#3945	REDUCE cov: 123 ft: 498 corp: 64/9844b lim: 333 exec/s: 0 rss: 29Mb L: 9/333 MS: 2 ShuffleBytes-EraseBytes-
#4045	REDUCE cov: 123 ft: 498 corp: 64/9786b lim: 333 exec/s: 0 rss: 29Mb L: 129/333 MS: 5 InsertByte-EraseBytes-ChangeByte-CrossOver-InsertByte-
#4183	REDUCE cov: 123 ft: 498 corp: 64/9784b lim: 333 exec/s: 0 rss: 29Mb L: 13/333 MS: 3 ChangeASCIIInt-ChangeBit-EraseBytes-
#4293	REDUCE cov: 123 ft: 498 corp: 64/9764b lim: 333 exec/s: 0 rss: 29Mb L: 209/333 MS: 5 ShuffleBytes-PersAutoDict-ChangeBinInt-InsertByte-CrossOver- DE: "stsd"-
#4329	REDUCE cov: 123 ft: 498 corp: 64/9752b lim: 333 exec/s: 0 rss: 29Mb L: 157/333 MS: 1 EraseBytes-
#4675	REDUCE cov: 123 ft: 498 corp: 64/9746b lim: 333 exec/s: 0 rss: 29Mb L: 57/333 MS: 1 EraseBytes-
#4743	REDUCE cov: 123 ft: 498 corp: 64/9745b lim: 333 exec/s: 0 rss: 29Mb L: 113/333 MS: 3 CMP-InsertByte-EraseBytes- DE: "^C\206\033\323V\000\000"-
#4778	REDUCE cov: 123 ft: 498 corp: 64/9743b lim: 333 exec/s: 0 rss: 29Mb L: 8/333 MS: 5 CMP-EraseBytes-ChangeBinInt-CrossOver-CopyPart- DE: "\3772"-
#4914	REDUCE cov: 123 ft: 498 corp: 64/9697b lim: 333 exec/s: 0 rss: 29Mb L: 111/333 MS: 1 EraseBytes-
#4937	REDUCE cov: 123 ft: 498 corp: 64/9639b lim: 333 exec/s: 0 rss: 29Mb L: 161/333 MS: 3 ShuffleBytes-ChangeBit-EraseBytes-
#4939	REDUCE cov: 123 ft: 498 corp: 64/9582b lim: 333 exec/s: 0 rss: 29Mb L: 276/333 MS: 2 ChangeByte-EraseBytes-
#5253	REDUCE cov: 123 ft: 498 corp: 64/9483b lim: 333 exec/s: 0 rss: 29Mb L: 234/333 MS: 4 CopyPart-ChangeBit-CopyPart-CrossOver-
#5255	REDUCE cov: 123 ft: 498 corp: 64/9479b lim: 333 exec/s: 0 rss: 29Mb L: 35/333 MS: 2 ChangeBinInt-EraseBytes-
#5691	REDUCE cov: 123 ft: 498 corp: 64/9474b lim: 333 exec/s: 0 rss: 29Mb L: 39/333 MS: 1 EraseBytes-
#6045	REDUCE cov: 123 ft: 498 corp: 64/9456b lim: 333 exec/s: 0 rss: 29Mb L: 260/333 MS: 4 CMP-ChangeByte-ShuffleBytes-EraseBytes- DE: "\377\377\377\377\377\377\000,"-
#6047	REDUCE cov: 123 ft: 498 corp: 64/9421b lim: 333 exec/s: 0 rss: 29Mb L: 225/333 MS: 2 ChangeBinInt-EraseBytes-
#6062	REDUCE cov: 123 ft: 498 corp: 64/9399b lim: 333 exec/s: 0 rss: 29Mb L: 254/333 MS: 5 EraseBytes-ShuffleBytes-InsertRepeatedBytes-InsertByte-CopyPart-
#6074	REDUCE cov: 123 ft: 498 corp: 64/9359b lim: 333 exec/s: 0 rss: 29Mb L: 194/333 MS: 2 ChangeBinInt-EraseBytes-
#6544	REDUCE cov: 123 ft: 498 corp: 64/9347b lim: 333 exec/s: 0 rss: 30Mb L: 27/333 MS: 5 CopyPart-ChangeByte-PersAutoDict-EraseBytes-PersAutoDict- DE: "\377\377\377\377\377\377\000,"-"trak"-
#6582	REDUCE cov: 123 ft: 498 corp: 64/9340b lim: 333 exec/s: 6582 rss: 30Mb L: 51/333 MS: 2 ChangeBit-EraseBytes-
#6639	REDUCE cov: 123 ft: 498 corp: 64/9267b lim: 333 exec/s: 6639 rss: 30Mb L: 203/333 MS: 2 ShuffleBytes-EraseBytes-
#6814	REDUCE cov: 124 ft: 499 corp: 65/9596b lim: 333 exec/s: 6814 rss: 30Mb L: 329/333 MS: 5 InsertRepeatedBytes-CMP-InsertByte-CopyPart-PersAutoDict- DE: "temX"-"\377\377\377\377\377\377\000,"-
#7148	REDUCE cov: 124 ft: 499 corp: 65/9595b lim: 333 exec/s: 7148 rss: 30Mb L: 26/333 MS: 4 ShuffleBytes-PersAutoDict-CopyPart-EraseBytes- DE: "\002\000\000\000"-
#7324	REDUCE cov: 124 ft: 499 corp: 65/9555b lim: 333 exec/s: 7324 rss: 30Mb L: 71/333 MS: 1 EraseBytes-
#7564	REDUCE cov: 124 ft: 499 corp: 65/9547b lim: 333 exec/s: 7564 rss: 30Mb L: 300/333 MS: 5 EraseBytes-CMP-PersAutoDict-ChangeASCIIInt-CopyPart- DE: "\027\000\000\000"-"\377\377\377\377\377\377\000,"-
#8047	REDUCE cov: 124 ft: 499 corp: 65/9531b lim: 333 exec/s: 8047 rss: 30Mb L: 316/333 MS: 3 ChangeBit-ChangeBit-EraseBytes-
#8134	REDUCE cov: 124 ft: 499 corp: 65/9527b lim: 333 exec/s: 8134 rss: 30Mb L: 43/333 MS: 2 ShuffleBytes-EraseBytes-
#8197	REDUCE cov: 124 ft: 499 corp: 65/9513b lim: 333 exec/s: 8197 rss: 30Mb L: 33/333 MS: 3 ChangeBinInt-ShuffleBytes-EraseBytes-
#8688	NEW    cov: 124 ft: 500 corp: 66/9748b lim: 333 exec/s: 8688 rss: 30Mb L: 235/333 MS: 1 ChangeBinInt-
#8699	REDUCE cov: 124 ft: 500 corp: 66/9732b lim: 333 exec/s: 8699 rss: 30Mb L: 17/333 MS: 1 EraseBytes-
#8989	REDUCE cov: 124 ft: 501 corp: 67/10065b lim: 333 exec/s: 8989 rss: 30Mb L: 333/333 MS: 5 PersAutoDict-ShuffleBytes-CrossOver-ChangeBinInt-CrossOver- DE: "qt  "-
==88859== ERROR: libFuzzer: out-of-memory (used: 2431Mb; limit: 1024Mb)
   To change the out-of-memory limit use -rss_limit_mb=<N>

MS: 5 ChangeByte-EraseBytes-ChangeBit-ChangeBit-CopyPart-; base unit: b670aeb8fc0fa3a778861c6ac2df9550b7eec14d
0x0,0x0,0x0,0x1c,0x66,0x74,0x79,0x70,0x4d,0x34,0x56,0x20,0x0,0x0,0x0,0xff,0x4d,0x34,0x56,0x20,0x6d,0x70,0x34,0x5,0x0,0x64,0x74,0x61,0x0,0x0,0x0,0x58,0x6d,0x65,0x74,0x61,0x0,0x0,0x0,0x0,0x0,0x0,0x0,0x21,0x68,0x64,0x6c,0x72,0x0,0x0,0x0,0x0,0x0,0x0,0x0,0x1,0x6d,0x64,0x69,0x72,0x61,0x70,0x70,0x6c,0x0,0x0,0x0,0x0,0x0,0x0,0x0,0x0,0x0,0x0,0x0,0x0,0x2b,0x69,0x6c,0x73,0x74,0x0,0x0,0x0,0x22,0xc2,0xa9,0x6e,0x61,0x6d,0x0,0x31,0x69,0x73,0x6f,0x6d,0x0,0x0,0x0,0xe0,0x6d,0x6f,0x6f,0x76,0x0,0x0,0x0,0x78,0x6d,0x76,0x68,0x64,0x0,0x0,0x0,0x0,0x0,0x0,0x0,0x0,0x0,0x0,0x0,0x0,0x0,0x0,0x3,0xe8,0x0,0x0,0xe,0x10,0x0,0x1,0x0,0x0,0x5,0x0,0x64,0x74,0x61,0x0,0x0,0x0,0x58,0x6d,0x65,0x74,0x61,0x0,0x0,0x0,0x0,0x0,0x0,0x0,0x21,0x68,0x64,0x6c,0x72,0x0,0x0,0x0,0x0,0x0,0x0,0x0,0x1,0x6d,0x64,0x69,0x72,0x61,0x70,0x70,0x6c,0x0,0x0,0x0,0x0,0x0,0x0,0x0,0x0,0x0,0x0,0x0,0x0,0x2b,0x69,0x6c,0x73,0x74,0x0,0x0,0x0,0x22,0xc2,0xa9,0x6e,0x61,0x6d,0x0,0x0,0x0,0x1a,0x64,0x61,0x74,0x61,0x0,0x0,0x0,0x1,0x0,0x0,0x0,0x0,0x54,0x65,0x73,0x74,0x20,0x56,0x69,0x64,0x65,0x6f,
\000\000\000\034ftypM4V \000\000\000\377M4V mp4\005\000dta\000\000\000Xmeta\000\000\000\000\000\000\000!hdlr\000\000\000\000\000\000\000\001mdirappl\000\000\000\000\000\000\000\000\000\000\000\000+ilst\000\000\000\"\302\251nam\0001isom\000\000\000\340moov\000\000\000xmvhd\000\000\000\000\000\000\000\000\000\000\000\000\000\000\003\350\000\000\016\020\000\001\000\000\005\000dta\000\000\000Xmeta\000\000\000\000\000\000\000!hdlr\000\000\000\000\000\000\000\001mdirappl\000\000\000\000\000\000\000\000\000\000\000\000+ilst\000\000\000\"\302\251nam\000\000\000\032data\000\000\000\001\000\000\000\000Test Video
artifact_prefix='/results/crashes/20260313_145146_61481d0e_'; Test unit written to /results/crashes/20260313_145146_61481d0e_oom-d8491ee2d3fd4cbe43835f575e7c01ddb3c05d92
Base64: AAAAHGZ0eXBNNFYgAAAA/000ViBtcDQFAGR0YQAAAFhtZXRhAAAAAAAAACFoZGxyAAAAAAAAAAFtZGlyYXBwbAAAAAAAAAAAAAAAACtpbHN0AAAAIsKpbmFtADFpc29tAAAA4G1vb3YAAAB4bXZoZAAAAAAAAAAAAAAAAAAAA+gAAA4QAAEAAAUAZHRhAAAAWG1ldGEAAAAAAAAAIWhkbHIAAAAAAAAAAW1kaXJhcHBsAAAAAAAAAAAAAAAAK2lsc3QAAAAiwqluYW0AAAAaZGF0YQAAAAEAAAAAVGVzdCBWaWRlbw==
SUMMARY: libFuzzer: out-of-memory
stat::number_of_executed_units: 9469
stat::average_exec_per_sec:     3156
stat::new_units_added:          133
stat::slowest_unit_time_sec:    0
stat::peak_rss_mb:              2432
