INFO: Running with entropic power schedule (0xFF, 100).
INFO: Seed: 899461023
INFO: Loaded 1 modules   (252 inline 8-bit counters): 252 [0x5d972fa2b678, 0x5d972fa2b774), 
INFO: Loaded 1 PC tables (252 PCs): 252 [0x5d972fa2b778,0x5d972fa2c738), 
INFO:        4 files found in /tmp/corpus_20260313_171813_f770184f
INFO: seed corpus: files: 4 min: 48b max: 333b total: 853b rss: 28Mb
#5	INITED cov: 119 ft: 254 corp: 4/853b exec/s: 0 rss: 29Mb
#7	NEW    cov: 120 ft: 261 corp: 5/1117b lim: 333 exec/s: 0 rss: 29Mb L: 264/333 MS: 2 ShuffleBytes-InsertRepeatedBytes-
#9	REDUCE cov: 120 ft: 261 corp: 5/1089b lim: 333 exec/s: 0 rss: 29Mb L: 224/333 MS: 2 InsertByte-EraseBytes-
#10	NEW    cov: 120 ft: 263 corp: 6/1309b lim: 333 exec/s: 0 rss: 29Mb L: 220/333 MS: 1 CopyPart-
#11	NEW    cov: 120 ft: 272 corp: 7/1346b lim: 333 exec/s: 0 rss: 29Mb L: 37/333 MS: 1 EraseBytes-
#12	REDUCE cov: 120 ft: 272 corp: 7/1344b lim: 333 exec/s: 0 rss: 29Mb L: 35/333 MS: 1 EraseBytes-
#14	REDUCE cov: 120 ft: 318 corp: 8/1375b lim: 333 exec/s: 0 rss: 29Mb L: 31/333 MS: 2 ChangeBit-EraseBytes-
#15	REDUCE cov: 120 ft: 319 corp: 9/1599b lim: 333 exec/s: 0 rss: 29Mb L: 224/333 MS: 1 CopyPart-
#17	NEW    cov: 120 ft: 329 corp: 10/1932b lim: 333 exec/s: 0 rss: 29Mb L: 333/333 MS: 2 ChangeBinInt-ShuffleBytes-
#19	NEW    cov: 120 ft: 330 corp: 11/2221b lim: 333 exec/s: 0 rss: 29Mb L: 289/333 MS: 2 ChangeBinInt-CopyPart-
#21	REDUCE cov: 120 ft: 334 corp: 12/2445b lim: 333 exec/s: 0 rss: 29Mb L: 224/333 MS: 2 ChangeBit-ChangeBit-
#22	REDUCE cov: 120 ft: 334 corp: 12/2444b lim: 333 exec/s: 0 rss: 29Mb L: 223/333 MS: 1 EraseBytes-
#29	NEW    cov: 120 ft: 343 corp: 13/2709b lim: 333 exec/s: 0 rss: 29Mb L: 265/333 MS: 2 ChangeByte-InsertByte-
#33	REDUCE cov: 120 ft: 361 corp: 14/2837b lim: 333 exec/s: 0 rss: 29Mb L: 128/333 MS: 4 ChangeBinInt-ChangeByte-ShuffleBytes-EraseBytes-
#34	NEW    cov: 121 ft: 362 corp: 15/3029b lim: 333 exec/s: 0 rss: 29Mb L: 192/333 MS: 1 EraseBytes-
#35	NEW    cov: 122 ft: 363 corp: 16/3336b lim: 333 exec/s: 0 rss: 29Mb L: 307/333 MS: 1 InsertRepeatedBytes-
#37	NEW    cov: 122 ft: 365 corp: 17/3488b lim: 333 exec/s: 0 rss: 29Mb L: 152/333 MS: 2 CMP-EraseBytes- DE: "tapt"-
#40	NEW    cov: 122 ft: 366 corp: 18/3821b lim: 333 exec/s: 0 rss: 29Mb L: 333/333 MS: 3 CopyPart-CrossOver-InsertRepeatedBytes-
#42	NEW    cov: 122 ft: 370 corp: 19/3868b lim: 333 exec/s: 0 rss: 29Mb L: 47/333 MS: 2 InsertRepeatedBytes-CrossOver-
#48	NEW    cov: 123 ft: 371 corp: 20/4201b lim: 333 exec/s: 0 rss: 29Mb L: 333/333 MS: 1 CopyPart-
#57	REDUCE cov: 123 ft: 373 corp: 21/4527b lim: 333 exec/s: 0 rss: 29Mb L: 326/333 MS: 4 InsertByte-ChangeByte-InsertRepeatedBytes-InsertRepeatedBytes-
#58	NEW    cov: 123 ft: 374 corp: 22/4659b lim: 333 exec/s: 0 rss: 29Mb L: 132/333 MS: 1 CrossOver-
#59	NEW    cov: 123 ft: 376 corp: 23/4795b lim: 333 exec/s: 0 rss: 29Mb L: 136/333 MS: 1 CMP- DE: "ipro"-
#62	NEW    cov: 123 ft: 377 corp: 24/5128b lim: 333 exec/s: 0 rss: 29Mb L: 333/333 MS: 3 ChangeBit-ChangeBit-ChangeBinInt-
#66	NEW    cov: 123 ft: 378 corp: 25/5431b lim: 333 exec/s: 0 rss: 29Mb L: 303/333 MS: 4 ChangeBit-ChangeBinInt-InsertRepeatedBytes-InsertByte-
#71	REDUCE cov: 123 ft: 378 corp: 25/5427b lim: 333 exec/s: 0 rss: 29Mb L: 303/333 MS: 5 ChangeBinInt-PersAutoDict-CrossOver-EraseBytes-InsertRepeatedBytes- DE: "tapt"-
#78	NEW    cov: 123 ft: 379 corp: 26/5758b lim: 333 exec/s: 0 rss: 29Mb L: 331/333 MS: 2 ChangeBit-CopyPart-
#90	NEW    cov: 123 ft: 380 corp: 27/6089b lim: 333 exec/s: 0 rss: 29Mb L: 331/333 MS: 2 InsertByte-PersAutoDict- DE: "tapt"-
#95	NEW    cov: 123 ft: 382 corp: 28/6204b lim: 333 exec/s: 0 rss: 29Mb L: 115/333 MS: 5 ShuffleBytes-ChangeByte-ChangeBit-CopyPart-CrossOver-
#98	REDUCE cov: 123 ft: 382 corp: 28/6057b lim: 333 exec/s: 0 rss: 29Mb L: 186/333 MS: 3 PersAutoDict-ChangeByte-EraseBytes- DE: "ipro"-
#112	NEW    cov: 123 ft: 383 corp: 29/6216b lim: 333 exec/s: 0 rss: 29Mb L: 159/333 MS: 4 ShuffleBytes-PersAutoDict-EraseBytes-CopyPart- DE: "ipro"-
#123	NEW    cov: 123 ft: 389 corp: 30/6266b lim: 333 exec/s: 0 rss: 29Mb L: 50/333 MS: 1 CrossOver-
#135	NEW    cov: 123 ft: 390 corp: 31/6345b lim: 333 exec/s: 0 rss: 29Mb L: 79/333 MS: 2 ChangeBit-CrossOver-
#136	NEW    cov: 123 ft: 398 corp: 32/6424b lim: 333 exec/s: 0 rss: 29Mb L: 79/333 MS: 1 ChangeBit-
#139	NEW    cov: 123 ft: 408 corp: 33/6472b lim: 333 exec/s: 0 rss: 29Mb L: 48/333 MS: 3 InsertByte-ShuffleBytes-ChangeBit-
#144	REDUCE cov: 123 ft: 408 corp: 33/6446b lim: 333 exec/s: 0 rss: 29Mb L: 198/333 MS: 5 InsertRepeatedBytes-EraseBytes-ShuffleBytes-ChangeBit-ChangeByte-
#167	NEW    cov: 123 ft: 419 corp: 34/6463b lim: 333 exec/s: 0 rss: 29Mb L: 17/333 MS: 3 CrossOver-CrossOver-EraseBytes-
#212	NEW    cov: 123 ft: 420 corp: 35/6796b lim: 333 exec/s: 0 rss: 29Mb L: 333/333 MS: 5 ShuffleBytes-CrossOver-ChangeASCIIInt-ChangeByte-CrossOver-
#217	REDUCE cov: 123 ft: 420 corp: 35/6676b lim: 333 exec/s: 0 rss: 29Mb L: 213/333 MS: 5 EraseBytes-CopyPart-CopyPart-CrossOver-EraseBytes-
#221	NEW    cov: 123 ft: 421 corp: 36/6853b lim: 333 exec/s: 0 rss: 29Mb L: 177/333 MS: 4 CMP-ShuffleBytes-CrossOver-InsertByte- DE: "=\211\277S\227]\000\000"-
#226	REDUCE cov: 123 ft: 422 corp: 37/6889b lim: 333 exec/s: 0 rss: 29Mb L: 36/333 MS: 5 ShuffleBytes-CopyPart-CMP-ChangeBinInt-InsertByte- DE: "\377\377\377\377\377\377\377\177"-
#237	NEW    cov: 123 ft: 423 corp: 38/7220b lim: 333 exec/s: 0 rss: 29Mb L: 331/333 MS: 1 PersAutoDict- DE: "=\211\277S\227]\000\000"-
#259	NEW    cov: 123 ft: 424 corp: 39/7509b lim: 333 exec/s: 0 rss: 29Mb L: 289/333 MS: 2 ChangeBinInt-ChangeBinInt-
#266	REDUCE cov: 123 ft: 425 corp: 40/7534b lim: 333 exec/s: 0 rss: 29Mb L: 25/333 MS: 2 EraseBytes-ShuffleBytes-
#289	REDUCE cov: 123 ft: 425 corp: 40/7473b lim: 333 exec/s: 0 rss: 29Mb L: 272/333 MS: 3 ShuffleBytes-CopyPart-EraseBytes-
#302	NEW    cov: 123 ft: 426 corp: 41/7641b lim: 333 exec/s: 0 rss: 29Mb L: 168/333 MS: 3 CMP-PersAutoDict-InsertByte- DE: "\377\377\\\227S\300Y\371"-"\377\377\377\377\377\377\377\177"-
#328	NEW    cov: 123 ft: 427 corp: 42/7732b lim: 333 exec/s: 0 rss: 29Mb L: 91/333 MS: 1 CopyPart-
#332	NEW    cov: 123 ft: 434 corp: 43/7812b lim: 333 exec/s: 0 rss: 29Mb L: 80/333 MS: 4 ShuffleBytes-CopyPart-ChangeBinInt-ChangeBit-
#338	NEW    cov: 123 ft: 435 corp: 44/8139b lim: 333 exec/s: 0 rss: 29Mb L: 327/333 MS: 1 CopyPart-
#347	NEW    cov: 123 ft: 443 corp: 45/8159b lim: 333 exec/s: 0 rss: 29Mb L: 20/333 MS: 4 PersAutoDict-CopyPart-ChangeBit-CrossOver- DE: "ipro"-
#354	NEW    cov: 123 ft: 444 corp: 46/8207b lim: 333 exec/s: 0 rss: 29Mb L: 48/333 MS: 2 CopyPart-EraseBytes-
#413	REDUCE cov: 123 ft: 444 corp: 46/8129b lim: 333 exec/s: 0 rss: 29Mb L: 187/333 MS: 4 InsertRepeatedBytes-ChangeBit-ChangeBinInt-EraseBytes-
#429	REDUCE cov: 123 ft: 450 corp: 47/8328b lim: 333 exec/s: 0 rss: 29Mb L: 199/333 MS: 1 InsertByte-
#442	REDUCE cov: 123 ft: 450 corp: 47/8302b lim: 333 exec/s: 0 rss: 29Mb L: 305/333 MS: 3 ShuffleBytes-EraseBytes-CopyPart-
#500	NEW    cov: 123 ft: 451 corp: 48/8499b lim: 333 exec/s: 0 rss: 29Mb L: 197/333 MS: 3 InsertRepeatedBytes-ShuffleBytes-InsertRepeatedBytes-
#503	REDUCE cov: 123 ft: 455 corp: 49/8808b lim: 333 exec/s: 0 rss: 29Mb L: 309/333 MS: 3 PersAutoDict-ShuffleBytes-ChangeByte- DE: "tapt"-
#523	REDUCE cov: 123 ft: 455 corp: 49/8800b lim: 333 exec/s: 0 rss: 29Mb L: 40/333 MS: 5 ChangeBit-InsertByte-ShuffleBytes-CMP-EraseBytes- DE: "\037\000\000\000"-
#586	REDUCE cov: 123 ft: 455 corp: 49/8798b lim: 333 exec/s: 0 rss: 29Mb L: 34/333 MS: 3 ChangeBit-ChangeBinInt-EraseBytes-
#668	NEW    cov: 123 ft: 456 corp: 50/9026b lim: 333 exec/s: 0 rss: 29Mb L: 228/333 MS: 2 InsertByte-CopyPart-
#671	REDUCE cov: 123 ft: 456 corp: 50/8958b lim: 333 exec/s: 0 rss: 29Mb L: 235/333 MS: 3 InsertRepeatedBytes-InsertByte-EraseBytes-
#699	NEW    cov: 123 ft: 457 corp: 51/9249b lim: 333 exec/s: 0 rss: 29Mb L: 291/333 MS: 3 InsertByte-ChangeBit-InsertByte-
#705	NEW    cov: 123 ft: 458 corp: 52/9507b lim: 333 exec/s: 0 rss: 29Mb L: 258/333 MS: 1 CopyPart-
#710	REDUCE cov: 123 ft: 458 corp: 52/9345b lim: 333 exec/s: 0 rss: 29Mb L: 171/333 MS: 5 CMP-ChangeBinInt-ChangeBinInt-ChangeByte-EraseBytes- DE: "\037\000"-
#719	REDUCE cov: 123 ft: 458 corp: 52/9343b lim: 333 exec/s: 0 rss: 29Mb L: 45/333 MS: 4 ChangeBit-ChangeBit-ChangeByte-EraseBytes-
#737	REDUCE cov: 123 ft: 458 corp: 52/9315b lim: 333 exec/s: 0 rss: 29Mb L: 169/333 MS: 3 ChangeBit-CMP-EraseBytes- DE: "\001\000\000\000\000\000\000\315"-
#741	REDUCE cov: 123 ft: 458 corp: 52/9312b lim: 333 exec/s: 0 rss: 29Mb L: 210/333 MS: 4 ChangeBit-EraseBytes-InsertByte-CopyPart-
#747	REDUCE cov: 123 ft: 458 corp: 52/9311b lim: 333 exec/s: 0 rss: 29Mb L: 78/333 MS: 1 EraseBytes-
#765	REDUCE cov: 123 ft: 458 corp: 52/9306b lim: 333 exec/s: 0 rss: 29Mb L: 74/333 MS: 3 ShuffleBytes-PersAutoDict-EraseBytes- DE: "ipro"-
#852	NEW    cov: 123 ft: 459 corp: 53/9322b lim: 333 exec/s: 0 rss: 29Mb L: 16/333 MS: 2 PersAutoDict-EraseBytes- DE: "=\211\277S\227]\000\000"-
#900	REDUCE cov: 123 ft: 459 corp: 53/9314b lim: 333 exec/s: 0 rss: 29Mb L: 301/333 MS: 3 EraseBytes-ShuffleBytes-CopyPart-
#902	REDUCE cov: 123 ft: 460 corp: 54/9586b lim: 333 exec/s: 0 rss: 29Mb L: 272/333 MS: 2 ShuffleBytes-InsertRepeatedBytes-
#944	NEW    cov: 123 ft: 461 corp: 55/9707b lim: 333 exec/s: 0 rss: 29Mb L: 121/333 MS: 2 ChangeBit-EraseBytes-
#1042	REDUCE cov: 123 ft: 461 corp: 55/9706b lim: 333 exec/s: 0 rss: 29Mb L: 16/333 MS: 3 ChangeByte-ShuffleBytes-EraseBytes-
#1086	NEW    cov: 124 ft: 462 corp: 56/9713b lim: 333 exec/s: 0 rss: 29Mb L: 7/333 MS: 4 PersAutoDict-CopyPart-ChangeBinInt-CrossOver- DE: "\037\000\000\000"-
#1129	NEW    cov: 124 ft: 464 corp: 57/10024b lim: 333 exec/s: 0 rss: 29Mb L: 311/333 MS: 3 PersAutoDict-InsertByte-InsertRepeatedBytes- DE: "\001\000\000\000\000\000\000\315"-
#1135	NEW    cov: 124 ft: 472 corp: 58/10037b lim: 333 exec/s: 0 rss: 29Mb L: 13/333 MS: 1 EraseBytes-
#1237	REDUCE cov: 124 ft: 472 corp: 58/9990b lim: 333 exec/s: 0 rss: 29Mb L: 225/333 MS: 2 InsertRepeatedBytes-EraseBytes-
#1296	REDUCE cov: 124 ft: 472 corp: 58/9982b lim: 333 exec/s: 0 rss: 29Mb L: 295/333 MS: 4 PersAutoDict-ShuffleBytes-EraseBytes-CopyPart- DE: "ipro"-
#1346	REDUCE cov: 124 ft: 472 corp: 58/9938b lim: 333 exec/s: 0 rss: 29Mb L: 289/333 MS: 5 ShuffleBytes-EraseBytes-InsertRepeatedBytes-InsertByte-InsertRepeatedBytes-
#1378	NEW    cov: 124 ft: 473 corp: 59/9951b lim: 333 exec/s: 0 rss: 29Mb L: 13/333 MS: 2 CrossOver-EraseBytes-
#1385	REDUCE cov: 124 ft: 473 corp: 59/9941b lim: 333 exec/s: 0 rss: 29Mb L: 10/333 MS: 2 EraseBytes-ChangeBit-
#1508	NEW    cov: 124 ft: 474 corp: 60/10253b lim: 333 exec/s: 0 rss: 29Mb L: 312/333 MS: 3 CrossOver-ChangeBit-InsertRepeatedBytes-
#1519	NEW    cov: 124 ft: 475 corp: 61/10261b lim: 333 exec/s: 0 rss: 29Mb L: 8/333 MS: 1 InsertByte-
#1557	REDUCE cov: 124 ft: 475 corp: 61/10249b lim: 333 exec/s: 0 rss: 29Mb L: 174/333 MS: 3 ChangeBinInt-ChangeBinInt-EraseBytes-
#1570	REDUCE cov: 124 ft: 475 corp: 61/10229b lim: 333 exec/s: 0 rss: 29Mb L: 58/333 MS: 3 CrossOver-EraseBytes-CopyPart-
#1603	NEW    cov: 124 ft: 476 corp: 62/10495b lim: 333 exec/s: 0 rss: 29Mb L: 266/333 MS: 3 PersAutoDict-CopyPart-ChangeBit- DE: "\001\000\000\000\000\000\000\315"-
#1609	REDUCE cov: 124 ft: 476 corp: 62/10492b lim: 333 exec/s: 0 rss: 29Mb L: 4/333 MS: 1 EraseBytes-
#1666	NEW    cov: 124 ft: 482 corp: 63/10806b lim: 333 exec/s: 0 rss: 29Mb L: 314/333 MS: 2 ChangeBinInt-InsertRepeatedBytes-
#1769	REDUCE cov: 124 ft: 482 corp: 63/10792b lim: 333 exec/s: 0 rss: 29Mb L: 317/333 MS: 3 EraseBytes-PersAutoDict-InsertByte- DE: "\377\377\377\377\377\377\377\177"-
#1826	REDUCE cov: 124 ft: 482 corp: 63/10791b lim: 333 exec/s: 0 rss: 29Mb L: 3/333 MS: 2 ChangeByte-EraseBytes-
#2136	REDUCE cov: 124 ft: 482 corp: 63/10790b lim: 333 exec/s: 0 rss: 29Mb L: 44/333 MS: 5 CopyPart-CrossOver-ChangeByte-ChangeByte-EraseBytes-
#2145	REDUCE cov: 124 ft: 482 corp: 63/10789b lim: 333 exec/s: 0 rss: 29Mb L: 15/333 MS: 4 InsertByte-InsertByte-InsertByte-EraseBytes-
#2156	REDUCE cov: 124 ft: 482 corp: 63/10781b lim: 333 exec/s: 0 rss: 29Mb L: 215/333 MS: 1 EraseBytes-
#2217	REDUCE cov: 124 ft: 482 corp: 63/10777b lim: 333 exec/s: 0 rss: 29Mb L: 11/333 MS: 1 EraseBytes-
#2228	REDUCE cov: 124 ft: 482 corp: 63/10776b lim: 333 exec/s: 0 rss: 29Mb L: 2/333 MS: 1 EraseBytes-
#2385	REDUCE cov: 124 ft: 482 corp: 63/10768b lim: 333 exec/s: 0 rss: 29Mb L: 166/333 MS: 2 ChangeBinInt-EraseBytes-
#2388	REDUCE cov: 124 ft: 482 corp: 63/10743b lim: 333 exec/s: 0 rss: 29Mb L: 146/333 MS: 3 InsertByte-CrossOver-EraseBytes-
#2404	REDUCE cov: 124 ft: 482 corp: 63/10711b lim: 333 exec/s: 0 rss: 29Mb L: 257/333 MS: 1 EraseBytes-
#2431	NEW    cov: 124 ft: 484 corp: 64/10872b lim: 333 exec/s: 0 rss: 29Mb L: 161/333 MS: 2 ChangeBinInt-EraseBytes-
#2507	REDUCE cov: 124 ft: 484 corp: 64/10871b lim: 333 exec/s: 0 rss: 29Mb L: 12/333 MS: 1 EraseBytes-
#2658	REDUCE cov: 124 ft: 484 corp: 64/10868b lim: 333 exec/s: 0 rss: 29Mb L: 41/333 MS: 1 EraseBytes-
#2752	REDUCE cov: 124 ft: 484 corp: 64/10857b lim: 333 exec/s: 0 rss: 29Mb L: 303/333 MS: 4 CrossOver-InsertRepeatedBytes-InsertRepeatedBytes-EraseBytes-
#2810	REDUCE cov: 124 ft: 484 corp: 64/10854b lim: 333 exec/s: 0 rss: 29Mb L: 32/333 MS: 3 InsertByte-EraseBytes-ChangeByte-
#2882	NEW    cov: 124 ft: 485 corp: 65/11108b lim: 333 exec/s: 0 rss: 29Mb L: 254/333 MS: 2 ChangeBinInt-CopyPart-
#2883	NEW    cov: 124 ft: 486 corp: 66/11119b lim: 333 exec/s: 0 rss: 29Mb L: 11/333 MS: 1 CrossOver-
#2895	NEW    cov: 124 ft: 488 corp: 67/11423b lim: 333 exec/s: 0 rss: 29Mb L: 304/333 MS: 2 ShuffleBytes-CopyPart-
#3141	REDUCE cov: 124 ft: 488 corp: 67/11421b lim: 333 exec/s: 0 rss: 29Mb L: 9/333 MS: 1 EraseBytes-
#3242	REDUCE cov: 124 ft: 488 corp: 67/11420b lim: 333 exec/s: 0 rss: 29Mb L: 1/333 MS: 1 EraseBytes-
#3323	REDUCE cov: 124 ft: 488 corp: 67/11408b lim: 333 exec/s: 0 rss: 29Mb L: 157/333 MS: 1 EraseBytes-
#3416	NEW    cov: 125 ft: 490 corp: 68/11739b lim: 333 exec/s: 0 rss: 29Mb L: 331/333 MS: 3 ChangeBit-CrossOver-CMP- DE: "mdia"-
#3896	REDUCE cov: 125 ft: 490 corp: 68/11735b lim: 333 exec/s: 0 rss: 29Mb L: 37/333 MS: 5 CrossOver-EraseBytes-PersAutoDict-PersAutoDict-CopyPart- DE: "\037\000\000\000"-"\037\000"-
#3970	REDUCE cov: 125 ft: 490 corp: 68/11723b lim: 333 exec/s: 0 rss: 29Mb L: 175/333 MS: 4 ShuffleBytes-ShuffleBytes-ShuffleBytes-EraseBytes-
#3977	REDUCE cov: 125 ft: 490 corp: 68/11718b lim: 333 exec/s: 0 rss: 29Mb L: 230/333 MS: 2 CrossOver-EraseBytes-
#3999	REDUCE cov: 125 ft: 490 corp: 68/11665b lim: 333 exec/s: 0 rss: 29Mb L: 278/333 MS: 2 CopyPart-EraseBytes-
#4020	NEW    cov: 125 ft: 491 corp: 69/11946b lim: 333 exec/s: 0 rss: 29Mb L: 281/333 MS: 1 CopyPart-
#4197	REDUCE cov: 125 ft: 491 corp: 69/11927b lim: 333 exec/s: 0 rss: 29Mb L: 61/333 MS: 2 ChangeByte-EraseBytes-
#4234	REDUCE cov: 125 ft: 491 corp: 69/11812b lim: 333 exec/s: 0 rss: 29Mb L: 174/333 MS: 2 ChangeBinInt-EraseBytes-
#4274	REDUCE cov: 125 ft: 491 corp: 69/11758b lim: 333 exec/s: 0 rss: 29Mb L: 174/333 MS: 5 ChangeBinInt-PersAutoDict-ChangeASCIIInt-ShuffleBytes-EraseBytes- DE: "\377\377\\\227S\300Y\371"-
#4412	REDUCE cov: 125 ft: 493 corp: 70/11997b lim: 333 exec/s: 0 rss: 29Mb L: 239/333 MS: 3 PersAutoDict-ChangeBit-InsertRepeatedBytes- DE: "\037\000"-
#4628	REDUCE cov: 125 ft: 493 corp: 70/11949b lim: 333 exec/s: 0 rss: 29Mb L: 118/333 MS: 1 CrossOver-
#4639	REDUCE cov: 125 ft: 493 corp: 70/11947b lim: 333 exec/s: 0 rss: 29Mb L: 172/333 MS: 1 EraseBytes-
#4655	REDUCE cov: 125 ft: 493 corp: 70/11939b lim: 333 exec/s: 0 rss: 29Mb L: 167/333 MS: 1 EraseBytes-
#4777	REDUCE cov: 125 ft: 493 corp: 70/11938b lim: 333 exec/s: 0 rss: 29Mb L: 9/333 MS: 2 EraseBytes-CopyPart-
#5049	REDUCE cov: 125 ft: 493 corp: 70/11684b lim: 333 exec/s: 0 rss: 29Mb L: 18/333 MS: 2 CMP-CrossOver- DE: "\377\000\000\000"-
#5100	REDUCE cov: 125 ft: 493 corp: 70/11683b lim: 333 exec/s: 0 rss: 29Mb L: 10/333 MS: 1 EraseBytes-
==561219== ERROR: libFuzzer: out-of-memory (used: 1617Mb; limit: 1024Mb)
   To change the out-of-memory limit use -rss_limit_mb=<N>

MS: 3 ShuffleBytes-ShuffleBytes-CMP- DE: "hvc1"-; base unit: f35f06ffec1968a0345bfc9f630a0feef2fce8de
artifact_prefix='/results/crashes/20260313_171813_f770184f_'; Test unit written to /results/crashes/20260313_171813_f770184f_oom-b259368325c75f8c3a6a56e9e0e781e74afdf8d3
SUMMARY: libFuzzer: out-of-memory
stat::number_of_executed_units: 5608
stat::average_exec_per_sec:     2804
stat::new_units_added:          124
stat::slowest_unit_time_sec:    0
stat::peak_rss_mb:              1617
