INFO: Running with entropic power schedule (0xFF, 100).
INFO: Seed: 2436819726
INFO: Loaded 1 modules   (252 inline 8-bit counters): 252 [0x60d44cdd5678, 0x60d44cdd5774), 
INFO: Loaded 1 PC tables (252 PCs): 252 [0x60d44cdd5778,0x60d44cdd6738), 
INFO:        4 files found in /tmp/corpus_20260313_154037_470602f4
INFO: seed corpus: files: 4 min: 48b max: 333b total: 853b rss: 28Mb
#5	INITED cov: 119 ft: 255 corp: 4/853b exec/s: 0 rss: 29Mb
#6	NEW    cov: 119 ft: 256 corp: 5/1186b lim: 333 exec/s: 0 rss: 29Mb L: 333/333 MS: 1 CopyPart-
#11	NEW    cov: 120 ft: 262 corp: 6/1474b lim: 333 exec/s: 0 rss: 29Mb L: 288/333 MS: 5 ChangeBinInt-EraseBytes-ChangeASCIIInt-CMP-InsertRepeatedBytes- DE: "\001\000\000\000\000\000\000\370"-
#12	NEW    cov: 120 ft: 286 corp: 7/1583b lim: 333 exec/s: 0 rss: 29Mb L: 109/333 MS: 1 InsertRepeatedBytes-
#13	NEW    cov: 120 ft: 287 corp: 8/1836b lim: 333 exec/s: 0 rss: 29Mb L: 253/333 MS: 1 InsertByte-
#14	NEW    cov: 120 ft: 295 corp: 9/2001b lim: 333 exec/s: 0 rss: 29Mb L: 165/333 MS: 1 EraseBytes-
#15	NEW    cov: 121 ft: 307 corp: 10/2161b lim: 333 exec/s: 0 rss: 29Mb L: 160/333 MS: 1 CrossOver-
#17	NEW    cov: 121 ft: 308 corp: 11/2457b lim: 333 exec/s: 0 rss: 29Mb L: 296/333 MS: 2 ShuffleBytes-CMP- DE: "\200\000\000\000\000\000\000\000"-
#18	NEW    cov: 121 ft: 309 corp: 12/2617b lim: 333 exec/s: 0 rss: 29Mb L: 160/333 MS: 1 CrossOver-
#22	NEW    cov: 122 ft: 316 corp: 13/2907b lim: 333 exec/s: 0 rss: 29Mb L: 290/333 MS: 4 InsertByte-ChangeASCIIInt-ChangeBit-InsertByte-
#25	NEW    cov: 122 ft: 317 corp: 14/3183b lim: 333 exec/s: 0 rss: 29Mb L: 276/333 MS: 3 PersAutoDict-ChangeByte-CopyPart- DE: "\200\000\000\000\000\000\000\000"-
#27	NEW    cov: 122 ft: 320 corp: 15/3403b lim: 333 exec/s: 0 rss: 29Mb L: 220/333 MS: 2 ShuffleBytes-CMP- DE: "stts"-
#28	NEW    cov: 122 ft: 321 corp: 16/3655b lim: 333 exec/s: 0 rss: 29Mb L: 252/333 MS: 1 ShuffleBytes-
#29	NEW    cov: 122 ft: 323 corp: 17/3848b lim: 333 exec/s: 0 rss: 29Mb L: 193/333 MS: 1 InsertRepeatedBytes-
#31	NEW    cov: 122 ft: 324 corp: 18/3937b lim: 333 exec/s: 0 rss: 29Mb L: 89/333 MS: 2 CopyPart-EraseBytes-
#35	NEW    cov: 122 ft: 325 corp: 19/4264b lim: 333 exec/s: 0 rss: 29Mb L: 327/333 MS: 4 CopyPart-InsertByte-CrossOver-InsertRepeatedBytes-
#42	NEW    cov: 122 ft: 331 corp: 20/4367b lim: 333 exec/s: 0 rss: 29Mb L: 103/333 MS: 2 EraseBytes-EraseBytes-
#44	NEW    cov: 122 ft: 332 corp: 21/4456b lim: 333 exec/s: 0 rss: 29Mb L: 89/333 MS: 2 ChangeByte-EraseBytes-
#56	NEW    cov: 122 ft: 333 corp: 22/4604b lim: 333 exec/s: 0 rss: 29Mb L: 148/333 MS: 2 CopyPart-InsertRepeatedBytes-
#59	NEW    cov: 122 ft: 334 corp: 23/4917b lim: 333 exec/s: 0 rss: 29Mb L: 313/333 MS: 3 InsertRepeatedBytes-InsertRepeatedBytes-EraseBytes-
#81	NEW    cov: 122 ft: 348 corp: 24/5054b lim: 333 exec/s: 0 rss: 29Mb L: 137/333 MS: 2 ShuffleBytes-EraseBytes-
#112	NEW    cov: 123 ft: 349 corp: 25/5289b lim: 333 exec/s: 0 rss: 29Mb L: 235/333 MS: 1 CrossOver-
#126	NEW    cov: 123 ft: 350 corp: 26/5392b lim: 333 exec/s: 0 rss: 29Mb L: 103/333 MS: 4 ChangeBinInt-CrossOver-CopyPart-EraseBytes-
#133	NEW    cov: 123 ft: 384 corp: 27/5440b lim: 333 exec/s: 0 rss: 29Mb L: 48/333 MS: 2 ChangeBinInt-ChangeByte-
#134	NEW    cov: 123 ft: 385 corp: 28/5578b lim: 333 exec/s: 0 rss: 29Mb L: 138/333 MS: 1 InsertByte-
#191	NEW    cov: 123 ft: 386 corp: 29/5633b lim: 333 exec/s: 0 rss: 29Mb L: 55/333 MS: 2 ChangeByte-EraseBytes-
#208	NEW    cov: 123 ft: 390 corp: 30/5794b lim: 333 exec/s: 0 rss: 29Mb L: 161/333 MS: 2 InsertByte-CopyPart-
#209	NEW    cov: 123 ft: 391 corp: 31/5927b lim: 333 exec/s: 0 rss: 29Mb L: 133/333 MS: 1 EraseBytes-
#226	NEW    cov: 123 ft: 392 corp: 32/5961b lim: 333 exec/s: 0 rss: 29Mb L: 34/333 MS: 2 PersAutoDict-EraseBytes- DE: "\200\000\000\000\000\000\000\000"-
#228	NEW    cov: 123 ft: 400 corp: 33/6294b lim: 333 exec/s: 0 rss: 29Mb L: 333/333 MS: 2 ChangeBinInt-ChangeBinInt-
#256	REDUCE cov: 123 ft: 400 corp: 33/6264b lim: 333 exec/s: 0 rss: 29Mb L: 223/333 MS: 3 InsertRepeatedBytes-EraseBytes-CMP- DE: "\377\377\377\007"-
#257	NEW    cov: 123 ft: 418 corp: 34/6281b lim: 333 exec/s: 0 rss: 29Mb L: 17/333 MS: 1 EraseBytes-
#298	NEW    cov: 123 ft: 421 corp: 35/6299b lim: 333 exec/s: 0 rss: 29Mb L: 18/333 MS: 1 InsertByte-
#312	NEW    cov: 123 ft: 422 corp: 36/6519b lim: 333 exec/s: 0 rss: 29Mb L: 220/333 MS: 4 PersAutoDict-ChangeASCIIInt-CrossOver-ChangeBinInt- DE: "\377\377\377\007"-
#324	NEW    cov: 123 ft: 423 corp: 37/6600b lim: 333 exec/s: 0 rss: 29Mb L: 81/333 MS: 2 EraseBytes-InsertByte-
#343	NEW    cov: 123 ft: 424 corp: 38/6852b lim: 333 exec/s: 0 rss: 29Mb L: 252/333 MS: 4 InsertRepeatedBytes-CrossOver-PersAutoDict-EraseBytes- DE: "\200\000\000\000\000\000\000\000"-
#356	REDUCE cov: 123 ft: 424 corp: 38/6851b lim: 333 exec/s: 0 rss: 29Mb L: 88/333 MS: 3 ChangeByte-ChangeBinInt-EraseBytes-
#377	NEW    cov: 123 ft: 425 corp: 39/6899b lim: 333 exec/s: 0 rss: 29Mb L: 48/333 MS: 1 PersAutoDict- DE: "\200\000\000\000\000\000\000\000"-
#404	NEW    cov: 123 ft: 426 corp: 40/6955b lim: 333 exec/s: 0 rss: 29Mb L: 56/333 MS: 2 PersAutoDict-ShuffleBytes- DE: "\001\000\000\000\000\000\000\370"-
#418	NEW    cov: 123 ft: 427 corp: 41/7039b lim: 333 exec/s: 0 rss: 29Mb L: 84/333 MS: 4 InsertByte-ChangeByte-ChangeBinInt-CMP- DE: "\001\002"-
#437	NEW    cov: 123 ft: 428 corp: 42/7178b lim: 333 exec/s: 0 rss: 29Mb L: 139/333 MS: 4 EraseBytes-ShuffleBytes-CopyPart-InsertRepeatedBytes-
#438	NEW    cov: 123 ft: 437 corp: 43/7189b lim: 333 exec/s: 0 rss: 29Mb L: 11/333 MS: 1 EraseBytes-
#462	NEW    cov: 123 ft: 438 corp: 44/7229b lim: 333 exec/s: 0 rss: 29Mb L: 40/333 MS: 4 PersAutoDict-CMP-ChangeBinInt-CrossOver- DE: "\001\002"-"ispe"-
#472	NEW    cov: 123 ft: 448 corp: 45/7258b lim: 333 exec/s: 0 rss: 29Mb L: 29/333 MS: 5 CrossOver-ShuffleBytes-PersAutoDict-CrossOver-CrossOver- DE: "ispe"-
#513	NEW    cov: 123 ft: 449 corp: 46/7307b lim: 333 exec/s: 0 rss: 29Mb L: 49/333 MS: 1 EraseBytes-
#518	REDUCE cov: 123 ft: 449 corp: 46/7258b lim: 333 exec/s: 0 rss: 29Mb L: 90/333 MS: 5 ChangeBinInt-ChangeByte-ChangeByte-ChangeBinInt-EraseBytes-
#674	NEW    cov: 123 ft: 450 corp: 47/7273b lim: 333 exec/s: 0 rss: 29Mb L: 15/333 MS: 1 EraseBytes-
#750	NEW    cov: 123 ft: 451 corp: 48/7411b lim: 333 exec/s: 0 rss: 29Mb L: 138/333 MS: 1 ChangeBit-
#751	NEW    cov: 123 ft: 452 corp: 49/7742b lim: 333 exec/s: 0 rss: 29Mb L: 331/333 MS: 1 EraseBytes-
#776	REDUCE cov: 123 ft: 452 corp: 49/7719b lim: 333 exec/s: 0 rss: 29Mb L: 58/333 MS: 5 ChangeBit-ChangeByte-InsertByte-EraseBytes-EraseBytes-
#833	NEW    cov: 123 ft: 453 corp: 50/7743b lim: 333 exec/s: 0 rss: 29Mb L: 24/333 MS: 2 ChangeASCIIInt-EraseBytes-
#847	NEW    cov: 123 ft: 461 corp: 51/7783b lim: 333 exec/s: 0 rss: 29Mb L: 40/333 MS: 4 InsertByte-ChangeBinInt-PersAutoDict-EraseBytes- DE: "\377\377\377\007"-
#898	NEW    cov: 123 ft: 468 corp: 52/8108b lim: 333 exec/s: 0 rss: 29Mb L: 325/333 MS: 1 EraseBytes-
#1026	NEW    cov: 123 ft: 469 corp: 53/8440b lim: 333 exec/s: 0 rss: 29Mb L: 332/333 MS: 3 CrossOver-ChangeBit-CopyPart-
#1049	NEW    cov: 123 ft: 470 corp: 54/8766b lim: 333 exec/s: 0 rss: 29Mb L: 326/333 MS: 3 ChangeByte-ShuffleBytes-InsertByte-
#1072	NEW    cov: 123 ft: 471 corp: 55/8990b lim: 333 exec/s: 0 rss: 29Mb L: 224/333 MS: 3 ChangeBinInt-ChangeBit-CMP- DE: "urn "-
#1172	REDUCE cov: 123 ft: 471 corp: 55/8984b lim: 333 exec/s: 0 rss: 29Mb L: 42/333 MS: 5 ShuffleBytes-InsertByte-ShuffleBytes-ChangeASCIIInt-EraseBytes-
#1208	NEW    cov: 123 ft: 472 corp: 56/9007b lim: 333 exec/s: 0 rss: 29Mb L: 23/333 MS: 1 EraseBytes-
#1219	REDUCE cov: 123 ft: 472 corp: 56/8990b lim: 333 exec/s: 0 rss: 29Mb L: 131/333 MS: 1 EraseBytes-
#1241	REDUCE cov: 123 ft: 472 corp: 56/8971b lim: 333 exec/s: 0 rss: 29Mb L: 65/333 MS: 2 EraseBytes-ShuffleBytes-
#1255	NEW    cov: 123 ft: 473 corp: 57/9298b lim: 333 exec/s: 0 rss: 29Mb L: 327/333 MS: 4 InsertByte-ChangeByte-ChangeBit-InsertByte-
#1339	REDUCE cov: 123 ft: 473 corp: 57/9297b lim: 333 exec/s: 0 rss: 29Mb L: 48/333 MS: 4 CopyPart-InsertByte-ChangeBinInt-EraseBytes-
#1437	NEW    cov: 123 ft: 478 corp: 58/9608b lim: 333 exec/s: 0 rss: 29Mb L: 311/333 MS: 3 ChangeBinInt-CopyPart-PersAutoDict- DE: "\001\002"-
#1552	NEW    cov: 123 ft: 485 corp: 59/9872b lim: 333 exec/s: 0 rss: 29Mb L: 264/333 MS: 5 ChangeASCIIInt-InsertRepeatedBytes-CMP-ChangeBit-CopyPart- DE: "mdia"-
#1796	REDUCE cov: 123 ft: 485 corp: 59/9867b lim: 333 exec/s: 0 rss: 29Mb L: 18/333 MS: 4 ShuffleBytes-EraseBytes-ChangeByte-PersAutoDict- DE: "urn "-
#1885	REDUCE cov: 123 ft: 485 corp: 59/9856b lim: 333 exec/s: 0 rss: 29Mb L: 13/333 MS: 4 InsertByte-CMP-PersAutoDict-EraseBytes- DE: "stts"-"mdia"-
#1956	REDUCE cov: 123 ft: 485 corp: 59/9852b lim: 333 exec/s: 0 rss: 29Mb L: 9/333 MS: 1 EraseBytes-
#1966	NEW    cov: 123 ft: 486 corp: 60/10173b lim: 333 exec/s: 0 rss: 29Mb L: 321/333 MS: 5 InsertRepeatedBytes-ChangeBinInt-ChangeByte-InsertByte-InsertRepeatedBytes-
#2025	REDUCE cov: 123 ft: 486 corp: 60/10152b lim: 333 exec/s: 0 rss: 29Mb L: 290/333 MS: 4 ShuffleBytes-CrossOver-ShuffleBytes-EraseBytes-
#2067	REDUCE cov: 123 ft: 486 corp: 60/10141b lim: 333 exec/s: 0 rss: 29Mb L: 45/333 MS: 2 EraseBytes-ChangeByte-
#2070	REDUCE cov: 123 ft: 486 corp: 60/10123b lim: 333 exec/s: 0 rss: 29Mb L: 40/333 MS: 3 EraseBytes-EraseBytes-InsertRepeatedBytes-
#2074	REDUCE cov: 123 ft: 486 corp: 60/10087b lim: 333 exec/s: 0 rss: 29Mb L: 216/333 MS: 4 CrossOver-PersAutoDict-ChangeBit-EraseBytes- DE: "urn "-
#2286	REDUCE cov: 124 ft: 487 corp: 61/10093b lim: 333 exec/s: 0 rss: 29Mb L: 6/333 MS: 2 PersAutoDict-EraseBytes- DE: "ispe"-
#2312	REDUCE cov: 124 ft: 487 corp: 61/10021b lim: 333 exec/s: 0 rss: 29Mb L: 255/333 MS: 1 EraseBytes-
#2334	REDUCE cov: 124 ft: 487 corp: 61/10016b lim: 333 exec/s: 0 rss: 29Mb L: 37/333 MS: 2 PersAutoDict-EraseBytes- DE: "\001\000\000\000\000\000\000\370"-
#2361	REDUCE cov: 124 ft: 487 corp: 61/10004b lim: 333 exec/s: 0 rss: 29Mb L: 125/333 MS: 2 EraseBytes-ShuffleBytes-
#2398	REDUCE cov: 124 ft: 487 corp: 61/9889b lim: 333 exec/s: 0 rss: 29Mb L: 137/333 MS: 2 ShuffleBytes-CrossOver-
#2413	REDUCE cov: 124 ft: 487 corp: 61/9879b lim: 333 exec/s: 0 rss: 29Mb L: 30/333 MS: 5 ChangeBinInt-ChangeBinInt-ChangeBit-PersAutoDict-EraseBytes- DE: "\001\002"-
#2514	NEW    cov: 124 ft: 488 corp: 62/10100b lim: 333 exec/s: 0 rss: 29Mb L: 221/333 MS: 1 InsertByte-
#2538	REDUCE cov: 124 ft: 488 corp: 62/10090b lim: 333 exec/s: 0 rss: 29Mb L: 27/333 MS: 4 PersAutoDict-ChangeByte-PersAutoDict-EraseBytes- DE: "mdia"-"\200\000\000\000\000\000\000\000"-
#2605	REDUCE cov: 124 ft: 488 corp: 62/10030b lim: 333 exec/s: 0 rss: 29Mb L: 271/333 MS: 2 ChangeBinInt-EraseBytes-
#2688	REDUCE cov: 124 ft: 488 corp: 62/9997b lim: 333 exec/s: 0 rss: 29Mb L: 104/333 MS: 3 CMP-ChangeByte-EraseBytes- DE: "\200\000\000\000\000\000\000\000"-
#2794	REDUCE cov: 124 ft: 488 corp: 62/9995b lim: 333 exec/s: 0 rss: 29Mb L: 9/333 MS: 1 EraseBytes-
#2952	NEW    cov: 124 ft: 489 corp: 63/10216b lim: 333 exec/s: 0 rss: 29Mb L: 221/333 MS: 3 ChangeBinInt-InsertByte-ChangeBit-
#3033	NEW    cov: 124 ft: 490 corp: 64/10515b lim: 333 exec/s: 0 rss: 29Mb L: 299/333 MS: 1 InsertRepeatedBytes-
#3189	REDUCE cov: 124 ft: 490 corp: 64/10501b lim: 333 exec/s: 0 rss: 29Mb L: 146/333 MS: 1 EraseBytes-
#3242	REDUCE cov: 124 ft: 490 corp: 64/10427b lim: 333 exec/s: 0 rss: 29Mb L: 222/333 MS: 3 ChangeBinInt-ChangeBit-EraseBytes-
#3244	NEW    cov: 124 ft: 491 corp: 65/10692b lim: 333 exec/s: 0 rss: 29Mb L: 265/333 MS: 2 PersAutoDict-InsertRepeatedBytes- DE: "\001\002"-
#3301	REDUCE cov: 124 ft: 492 corp: 66/10700b lim: 333 exec/s: 0 rss: 29Mb L: 8/333 MS: 2 ChangeBinInt-EraseBytes-
#3335	REDUCE cov: 124 ft: 492 corp: 66/10687b lim: 333 exec/s: 0 rss: 29Mb L: 75/333 MS: 4 ChangeBit-CMP-CrossOver-EraseBytes- DE: "mdhd"-
#3458	REDUCE cov: 124 ft: 492 corp: 66/10683b lim: 333 exec/s: 0 rss: 29Mb L: 71/333 MS: 3 ChangeByte-ChangeBinInt-EraseBytes-
#3567	REDUCE cov: 124 ft: 492 corp: 66/10603b lim: 333 exec/s: 0 rss: 29Mb L: 233/333 MS: 4 InsertByte-ShuffleBytes-ChangeBit-EraseBytes-
#3581	REDUCE cov: 124 ft: 495 corp: 67/10928b lim: 333 exec/s: 0 rss: 29Mb L: 325/333 MS: 4 CopyPart-ShuffleBytes-InsertRepeatedBytes-CopyPart-
#3582	REDUCE cov: 124 ft: 495 corp: 67/10925b lim: 333 exec/s: 0 rss: 29Mb L: 27/333 MS: 1 EraseBytes-
#3590	NEW    cov: 124 ft: 496 corp: 68/11249b lim: 333 exec/s: 0 rss: 29Mb L: 324/333 MS: 3 CMP-CopyPart-CMP- DE: "\337H\000\234\331u\000\000"-"\007\000\000\000"-
#4054	REDUCE cov: 124 ft: 496 corp: 68/11224b lim: 333 exec/s: 0 rss: 29Mb L: 265/333 MS: 4 ChangeBinInt-ShuffleBytes-CMP-EraseBytes- DE: "\000\000\000\037"-
#4086	REDUCE cov: 124 ft: 496 corp: 68/11137b lim: 333 exec/s: 0 rss: 29Mb L: 246/333 MS: 2 CMP-CrossOver- DE: "\300\322'\213\324`\000\000"-
#4113	REDUCE cov: 124 ft: 496 corp: 68/11091b lim: 333 exec/s: 0 rss: 29Mb L: 79/333 MS: 2 EraseBytes-ShuffleBytes-
#4289	REDUCE cov: 124 ft: 496 corp: 68/11072b lim: 333 exec/s: 0 rss: 29Mb L: 119/333 MS: 1 EraseBytes-
#4372	REDUCE cov: 124 ft: 496 corp: 68/11071b lim: 333 exec/s: 0 rss: 29Mb L: 221/333 MS: 3 ChangeASCIIInt-ChangeByte-EraseBytes-
#4614	REDUCE cov: 124 ft: 496 corp: 68/11061b lim: 333 exec/s: 0 rss: 29Mb L: 35/333 MS: 2 ChangeBinInt-EraseBytes-
#4673	NEW    cov: 124 ft: 497 corp: 69/11198b lim: 333 exec/s: 0 rss: 29Mb L: 137/333 MS: 4 InsertByte-EraseBytes-EraseBytes-CopyPart-
#4681	REDUCE cov: 124 ft: 497 corp: 69/11188b lim: 333 exec/s: 0 rss: 29Mb L: 61/333 MS: 3 ShuffleBytes-ShuffleBytes-EraseBytes-
#4852	REDUCE cov: 124 ft: 497 corp: 69/11187b lim: 333 exec/s: 0 rss: 29Mb L: 289/333 MS: 1 EraseBytes-
#4898	REDUCE cov: 124 ft: 497 corp: 69/11166b lim: 333 exec/s: 0 rss: 29Mb L: 255/333 MS: 1 CrossOver-
#5058	REDUCE cov: 124 ft: 497 corp: 69/11150b lim: 333 exec/s: 0 rss: 29Mb L: 24/333 MS: 5 EraseBytes-CopyPart-InsertByte-CopyPart-CrossOver-
#5226	REDUCE cov: 124 ft: 497 corp: 69/11144b lim: 333 exec/s: 0 rss: 29Mb L: 49/333 MS: 3 ChangeBinInt-InsertByte-EraseBytes-
#5271	REDUCE cov: 124 ft: 497 corp: 69/11133b lim: 333 exec/s: 0 rss: 29Mb L: 37/333 MS: 5 PersAutoDict-EraseBytes-ChangeBit-ChangeBit-CopyPart- DE: "mdia"-
#5364	REDUCE cov: 124 ft: 497 corp: 69/11112b lim: 333 exec/s: 0 rss: 29Mb L: 40/333 MS: 3 EraseBytes-CopyPart-ChangeBinInt-
#5543	REDUCE cov: 124 ft: 497 corp: 69/10980b lim: 333 exec/s: 0 rss: 29Mb L: 193/333 MS: 4 InsertRepeatedBytes-ChangeBinInt-CopyPart-EraseBytes-
#5724	REDUCE cov: 124 ft: 497 corp: 69/10977b lim: 333 exec/s: 0 rss: 29Mb L: 100/333 MS: 1 EraseBytes-
#5886	REDUCE cov: 124 ft: 497 corp: 69/10966b lim: 333 exec/s: 0 rss: 29Mb L: 209/333 MS: 2 ShuffleBytes-EraseBytes-
#5892	REDUCE cov: 124 ft: 497 corp: 69/10935b lim: 333 exec/s: 0 rss: 29Mb L: 204/333 MS: 1 EraseBytes-
#5895	REDUCE cov: 124 ft: 497 corp: 69/10921b lim: 333 exec/s: 0 rss: 29Mb L: 117/333 MS: 3 ChangeBit-PersAutoDict-EraseBytes- DE: "\200\000\000\000\000\000\000\000"-
#5921	REDUCE cov: 124 ft: 497 corp: 69/10906b lim: 333 exec/s: 0 rss: 29Mb L: 102/333 MS: 1 EraseBytes-
#5949	REDUCE cov: 124 ft: 503 corp: 70/11231b lim: 333 exec/s: 0 rss: 29Mb L: 325/333 MS: 3 ChangeBit-ChangeBit-CopyPart-
#6090	REDUCE cov: 124 ft: 503 corp: 70/11214b lim: 333 exec/s: 0 rss: 29Mb L: 187/333 MS: 1 EraseBytes-
#6169	REDUCE cov: 124 ft: 503 corp: 70/11213b lim: 333 exec/s: 0 rss: 29Mb L: 26/333 MS: 4 ChangeByte-EraseBytes-CMP-PersAutoDict- DE: "\001\000\000\000"-"\001\000\000\000\000\000\000\370"-
#6245	REDUCE cov: 124 ft: 503 corp: 70/11203b lim: 333 exec/s: 0 rss: 29Mb L: 27/333 MS: 1 EraseBytes-
#6282	REDUCE cov: 124 ft: 503 corp: 70/11165b lim: 333 exec/s: 6282 rss: 29Mb L: 64/333 MS: 2 PersAutoDict-EraseBytes- DE: "\000\000\000\037"-
#6381	REDUCE cov: 124 ft: 503 corp: 70/11160b lim: 333 exec/s: 6381 rss: 29Mb L: 35/333 MS: 3 ChangeByte-PersAutoDict-EraseBytes- DE: "\001\000\000\000\000\000\000\370"-
#6383	REDUCE cov: 124 ft: 503 corp: 70/11157b lim: 333 exec/s: 6383 rss: 29Mb L: 3/333 MS: 2 ChangeByte-EraseBytes-
#6436	REDUCE cov: 124 ft: 503 corp: 70/11155b lim: 333 exec/s: 6436 rss: 29Mb L: 33/333 MS: 3 EraseBytes-InsertByte-PersAutoDict- DE: "\000\000\000\037"-
#6581	REDUCE cov: 124 ft: 503 corp: 70/11139b lim: 333 exec/s: 6581 rss: 29Mb L: 200/333 MS: 5 ChangeBit-ChangeByte-ChangeBit-ChangeBit-EraseBytes-
#6651	REDUCE cov: 124 ft: 503 corp: 70/11123b lim: 333 exec/s: 6651 rss: 29Mb L: 272/333 MS: 5 EraseBytes-ChangeBinInt-ShuffleBytes-ChangeBinInt-InsertByte-
#6775	REDUCE cov: 124 ft: 503 corp: 70/11091b lim: 333 exec/s: 6775 rss: 29Mb L: 32/333 MS: 4 ChangeByte-CrossOver-PersAutoDict-EraseBytes- DE: "\001\002"-
#6861	NEW    cov: 124 ft: 509 corp: 71/11424b lim: 333 exec/s: 6861 rss: 29Mb L: 333/333 MS: 1 InsertRepeatedBytes-
#6876	REDUCE cov: 124 ft: 509 corp: 71/11341b lim: 333 exec/s: 6876 rss: 29Mb L: 110/333 MS: 5 ChangeByte-CrossOver-ChangeByte-InsertByte-EraseBytes-
#7068	REDUCE cov: 124 ft: 509 corp: 71/11339b lim: 333 exec/s: 7068 rss: 29Mb L: 25/333 MS: 2 InsertByte-EraseBytes-
#7081	REDUCE cov: 124 ft: 509 corp: 71/11315b lim: 333 exec/s: 7081 rss: 29Mb L: 300/333 MS: 3 InsertByte-InsertRepeatedBytes-EraseBytes-
#7232	REDUCE cov: 124 ft: 509 corp: 71/11309b lim: 333 exec/s: 7232 rss: 29Mb L: 319/333 MS: 1 EraseBytes-
#7287	REDUCE cov: 124 ft: 509 corp: 71/11304b lim: 333 exec/s: 7287 rss: 29Mb L: 247/333 MS: 5 ChangeBinInt-ShuffleBytes-EraseBytes-ChangeBinInt-CMP- DE: "\377\377\377\000\000\000\000\001"-
#7288	REDUCE cov: 124 ft: 509 corp: 71/11300b lim: 333 exec/s: 7288 rss: 29Mb L: 217/333 MS: 1 EraseBytes-
#7470	REDUCE cov: 124 ft: 509 corp: 71/11288b lim: 333 exec/s: 7470 rss: 29Mb L: 28/333 MS: 2 PersAutoDict-EraseBytes- DE: "\007\000\000\000"-
#7524	REDUCE cov: 124 ft: 509 corp: 71/11280b lim: 333 exec/s: 7524 rss: 29Mb L: 292/333 MS: 4 ChangeByte-ChangeBit-CrossOver-EraseBytes-
#7647	REDUCE cov: 124 ft: 509 corp: 71/11274b lim: 333 exec/s: 7647 rss: 29Mb L: 21/333 MS: 3 ChangeBit-ChangeBinInt-EraseBytes-
#7888	REDUCE cov: 124 ft: 509 corp: 71/11252b lim: 333 exec/s: 7888 rss: 29Mb L: 26/333 MS: 1 EraseBytes-
#8144	REDUCE cov: 124 ft: 509 corp: 71/11248b lim: 333 exec/s: 8144 rss: 29Mb L: 11/333 MS: 1 EraseBytes-
#8195	REDUCE cov: 124 ft: 509 corp: 71/11247b lim: 333 exec/s: 8195 rss: 29Mb L: 25/333 MS: 1 EraseBytes-
#8287	REDUCE cov: 124 ft: 509 corp: 71/11244b lim: 333 exec/s: 8287 rss: 29Mb L: 62/333 MS: 2 CrossOver-EraseBytes-
#8473	REDUCE cov: 124 ft: 509 corp: 71/11237b lim: 333 exec/s: 8473 rss: 29Mb L: 93/333 MS: 1 EraseBytes-
#8644	REDUCE cov: 124 ft: 509 corp: 71/11235b lim: 333 exec/s: 8644 rss: 30Mb L: 33/333 MS: 1 EraseBytes-
#8753	REDUCE cov: 124 ft: 509 corp: 71/11227b lim: 333 exec/s: 8753 rss: 30Mb L: 153/333 MS: 4 EraseBytes-ChangeBit-ChangeASCIIInt-PersAutoDict- DE: "\001\000\000\000"-
#8760	REDUCE cov: 124 ft: 509 corp: 71/11222b lim: 333 exec/s: 8760 rss: 30Mb L: 16/333 MS: 2 ChangeBinInt-EraseBytes-
#8905	REDUCE cov: 124 ft: 509 corp: 71/11134b lim: 333 exec/s: 8905 rss: 30Mb L: 204/333 MS: 5 ChangeASCIIInt-ChangeASCIIInt-CopyPart-CrossOver-EraseBytes-
#9070	REDUCE cov: 124 ft: 509 corp: 71/11128b lim: 333 exec/s: 9070 rss: 30Mb L: 27/333 MS: 5 EraseBytes-CMP-ChangeBit-CMP-CMP- DE: "\001\000\030f"-"\001m"-"hvc1"-
#9248	REDUCE cov: 124 ft: 509 corp: 71/11103b lim: 333 exec/s: 9248 rss: 30Mb L: 198/333 MS: 3 CopyPart-EraseBytes-CrossOver-
#9627	REDUCE cov: 124 ft: 509 corp: 71/11099b lim: 333 exec/s: 9627 rss: 30Mb L: 315/333 MS: 4 CMP-CrossOver-CrossOver-InsertRepeatedBytes- DE: "\001\000\000\010"-
#9709	REDUCE cov: 124 ft: 509 corp: 71/11089b lim: 333 exec/s: 9709 rss: 30Mb L: 194/333 MS: 2 CopyPart-EraseBytes-
#9712	REDUCE cov: 124 ft: 509 corp: 71/11065b lim: 333 exec/s: 9712 rss: 30Mb L: 197/333 MS: 3 ChangeBinInt-EraseBytes-ChangeBit-
#9725	REDUCE cov: 124 ft: 509 corp: 71/11062b lim: 333 exec/s: 9725 rss: 30Mb L: 107/333 MS: 3 ChangeByte-InsertByte-EraseBytes-
#9835	REDUCE cov: 124 ft: 509 corp: 71/11059b lim: 333 exec/s: 9835 rss: 30Mb L: 59/333 MS: 5 PersAutoDict-InsertByte-ChangeByte-InsertByte-EraseBytes- DE: "\001\000\030f"-
#10008	REDUCE cov: 124 ft: 509 corp: 71/11058b lim: 333 exec/s: 10008 rss: 30Mb L: 2/333 MS: 3 ShuffleBytes-ChangeBit-EraseBytes-
#10030	REDUCE cov: 124 ft: 509 corp: 71/11031b lim: 333 exec/s: 10030 rss: 30Mb L: 171/333 MS: 2 EraseBytes-InsertRepeatedBytes-
#10086	REDUCE cov: 124 ft: 509 corp: 71/11030b lim: 333 exec/s: 10086 rss: 30Mb L: 10/333 MS: 1 EraseBytes-
#10241	REDUCE cov: 124 ft: 509 corp: 71/11029b lim: 333 exec/s: 10241 rss: 30Mb L: 17/333 MS: 5 CMP-ChangeBinInt-EraseBytes-InsertByte-CMP- DE: "hvcC"-"st V"-
#10509	REDUCE cov: 124 ft: 509 corp: 71/10999b lim: 333 exec/s: 10509 rss: 30Mb L: 164/333 MS: 3 ShuffleBytes-EraseBytes-CopyPart-
#10522	REDUCE cov: 124 ft: 509 corp: 71/10998b lim: 333 exec/s: 10522 rss: 30Mb L: 33/333 MS: 3 InsertByte-CopyPart-EraseBytes-
#10627	REDUCE cov: 124 ft: 509 corp: 71/10971b lim: 333 exec/s: 10627 rss: 30Mb L: 228/333 MS: 5 ChangeBinInt-ChangeBit-ChangeBinInt-ChangeBinInt-EraseBytes-
#10708	REDUCE cov: 124 ft: 509 corp: 71/10952b lim: 333 exec/s: 10708 rss: 30Mb L: 88/333 MS: 1 EraseBytes-
#10799	REDUCE cov: 124 ft: 509 corp: 71/10951b lim: 333 exec/s: 10799 rss: 30Mb L: 1/333 MS: 1 EraseBytes-
#10832	REDUCE cov: 124 ft: 509 corp: 71/10949b lim: 333 exec/s: 10832 rss: 30Mb L: 253/333 MS: 3 PersAutoDict-EraseBytes-InsertRepeatedBytes- DE: "\001\000\030f"-
#10938	REDUCE cov: 124 ft: 509 corp: 71/10942b lim: 333 exec/s: 10938 rss: 30Mb L: 26/333 MS: 1 EraseBytes-
#11149	REDUCE cov: 124 ft: 509 corp: 71/10918b lim: 333 exec/s: 11149 rss: 30Mb L: 80/333 MS: 1 EraseBytes-
#11241	REDUCE cov: 124 ft: 509 corp: 71/10905b lim: 333 exec/s: 11241 rss: 30Mb L: 319/333 MS: 2 ShuffleBytes-EraseBytes-
#11551	REDUCE cov: 124 ft: 510 corp: 72/11234b lim: 333 exec/s: 11551 rss: 30Mb L: 329/333 MS: 5 CopyPart-ChangeByte-InsertByte-ChangeBit-CopyPart-
#11556	REDUCE cov: 124 ft: 510 corp: 72/11206b lim: 333 exec/s: 11556 rss: 30Mb L: 65/333 MS: 5 CMP-PersAutoDict-EraseBytes-CopyPart-InsertByte- DE: "!\000\000\000"-"\001\000\030f"-
#11843	REDUCE cov: 124 ft: 510 corp: 72/11085b lim: 333 exec/s: 11843 rss: 30Mb L: 144/333 MS: 2 ChangeBinInt-EraseBytes-
#11872	REDUCE cov: 124 ft: 510 corp: 72/11063b lim: 333 exec/s: 11872 rss: 30Mb L: 111/333 MS: 4 ChangeByte-ChangeBit-EraseBytes-InsertByte-
#12224	REDUCE cov: 124 ft: 510 corp: 72/11058b lim: 333 exec/s: 12224 rss: 30Mb L: 322/333 MS: 2 ChangeBit-EraseBytes-
#12291	REDUCE cov: 124 ft: 510 corp: 72/11054b lim: 333 exec/s: 12291 rss: 30Mb L: 75/333 MS: 2 ChangeBit-EraseBytes-
#12459	REDUCE cov: 124 ft: 510 corp: 72/11052b lim: 333 exec/s: 6229 rss: 30Mb L: 25/333 MS: 3 EraseBytes-CopyPart-InsertByte-
#12565	REDUCE cov: 124 ft: 510 corp: 72/11046b lim: 333 exec/s: 6282 rss: 30Mb L: 138/333 MS: 1 EraseBytes-
#12598	REDUCE cov: 124 ft: 510 corp: 72/10979b lim: 333 exec/s: 6299 rss: 30Mb L: 179/333 MS: 3 ChangeByte-PersAutoDict-EraseBytes- DE: "stts"-
#12685	REDUCE cov: 124 ft: 510 corp: 72/10948b lim: 333 exec/s: 6342 rss: 30Mb L: 107/333 MS: 2 ChangeByte-EraseBytes-
#13062	REDUCE cov: 124 ft: 510 corp: 72/10939b lim: 333 exec/s: 6531 rss: 30Mb L: 71/333 MS: 2 CopyPart-EraseBytes-
#13405	REDUCE cov: 125 ft: 511 corp: 73/11205b lim: 333 exec/s: 6702 rss: 30Mb L: 266/333 MS: 3 ChangeByte-ChangeBit-CopyPart-
#13922	REDUCE cov: 125 ft: 511 corp: 73/11193b lim: 333 exec/s: 6961 rss: 30Mb L: 310/333 MS: 2 ShuffleBytes-EraseBytes-
#14010	REDUCE cov: 125 ft: 511 corp: 73/11190b lim: 333 exec/s: 7005 rss: 30Mb L: 26/333 MS: 3 InsertByte-ChangeASCIIInt-EraseBytes-
#14054	REDUCE cov: 125 ft: 511 corp: 73/11182b lim: 333 exec/s: 7027 rss: 30Mb L: 245/333 MS: 4 InsertRepeatedBytes-ChangeBinInt-EraseBytes-CrossOver-
#14130	REDUCE cov: 125 ft: 511 corp: 73/11177b lim: 333 exec/s: 7065 rss: 30Mb L: 102/333 MS: 1 EraseBytes-
#14221	REDUCE cov: 125 ft: 511 corp: 73/11173b lim: 333 exec/s: 7110 rss: 30Mb L: 12/333 MS: 1 EraseBytes-
#14242	REDUCE cov: 125 ft: 511 corp: 73/11170b lim: 333 exec/s: 7121 rss: 30Mb L: 106/333 MS: 1 EraseBytes-
==246356== ERROR: libFuzzer: out-of-memory (used: 1121Mb; limit: 1024Mb)
   To change the out-of-memory limit use -rss_limit_mb=<N>

MS: 4 ChangeBinInt-CopyPart-ChangeByte-CMP- DE: "hvc1"-; base unit: 2cb114a57cfabf8894fa6ce318cd552d7f98d994
artifact_prefix='/results/crashes/20260313_154037_470602f4_'; Test unit written to /results/crashes/20260313_154037_470602f4_oom-84ce6048f606838a61764f7ba8c95181337306e9
SUMMARY: libFuzzer: out-of-memory
stat::number_of_executed_units: 14306
stat::average_exec_per_sec:     4768
stat::new_units_added:          182
stat::slowest_unit_time_sec:    0
stat::peak_rss_mb:              1122
