INFO: Running with entropic power schedule (0xFF, 100).
INFO: Seed: 2234501744
INFO: Loaded 1 modules   (252 inline 8-bit counters): 252 [0x60fa852ec678, 0x60fa852ec774), 
INFO: Loaded 1 PC tables (252 PCs): 252 [0x60fa852ec778,0x60fa852ed738), 
INFO:        4 files found in /tmp/corpus_20260313_150101_28c66abf
INFO: seed corpus: files: 4 min: 48b max: 333b total: 853b rss: 28Mb
#5	INITED cov: 119 ft: 255 corp: 4/853b exec/s: 0 rss: 29Mb
#6	NEW    cov: 119 ft: 256 corp: 5/1106b lim: 333 exec/s: 0 rss: 29Mb L: 253/333 MS: 1 InsertByte-
#10	NEW    cov: 119 ft: 270 corp: 6/1360b lim: 333 exec/s: 0 rss: 29Mb L: 254/333 MS: 4 ShuffleBytes-CrossOver-ShuffleBytes-InsertRepeatedBytes-
#12	NEW    cov: 119 ft: 296 corp: 7/1410b lim: 333 exec/s: 0 rss: 29Mb L: 50/333 MS: 2 ShuffleBytes-CMP- DE: "\001\003"-
#13	NEW    cov: 119 ft: 299 corp: 8/1570b lim: 333 exec/s: 0 rss: 29Mb L: 160/333 MS: 1 InsertRepeatedBytes-
#20	NEW    cov: 119 ft: 310 corp: 9/1730b lim: 333 exec/s: 0 rss: 29Mb L: 160/333 MS: 2 ChangeBinInt-ChangeBinInt-
#22	NEW    cov: 119 ft: 311 corp: 10/1890b lim: 333 exec/s: 0 rss: 29Mb L: 160/333 MS: 2 ChangeBit-PersAutoDict- DE: "\001\003"-
#23	NEW    cov: 120 ft: 312 corp: 11/2223b lim: 333 exec/s: 0 rss: 29Mb L: 333/333 MS: 1 CopyPart-
#31	NEW    cov: 121 ft: 314 corp: 12/2439b lim: 333 exec/s: 0 rss: 29Mb L: 216/333 MS: 3 ChangeBit-PersAutoDict-EraseBytes- DE: "\001\003"-
#41	NEW    cov: 121 ft: 324 corp: 13/2558b lim: 333 exec/s: 0 rss: 29Mb L: 119/333 MS: 5 CopyPart-ChangeBinInt-ChangeByte-PersAutoDict-InsertRepeatedBytes- DE: "\001\003"-
#44	NEW    cov: 121 ft: 328 corp: 14/2688b lim: 333 exec/s: 0 rss: 29Mb L: 130/333 MS: 3 EraseBytes-ChangeByte-InsertRepeatedBytes-
#51	NEW    cov: 121 ft: 329 corp: 15/2848b lim: 333 exec/s: 0 rss: 29Mb L: 160/333 MS: 2 ChangeBinInt-CrossOver-
#64	NEW    cov: 121 ft: 330 corp: 16/3035b lim: 333 exec/s: 0 rss: 29Mb L: 187/333 MS: 3 CopyPart-ChangeBit-InsertRepeatedBytes-
#66	NEW    cov: 121 ft: 331 corp: 17/3334b lim: 333 exec/s: 0 rss: 29Mb L: 299/333 MS: 2 PersAutoDict-CopyPart- DE: "\001\003"-
#68	NEW    cov: 121 ft: 332 corp: 18/3583b lim: 333 exec/s: 0 rss: 29Mb L: 249/333 MS: 2 CrossOver-EraseBytes-
#71	NEW    cov: 121 ft: 333 corp: 19/3837b lim: 333 exec/s: 0 rss: 29Mb L: 254/333 MS: 3 InsertRepeatedBytes-CMP-InsertByte- DE: "N7ISOBMFF12Con"-
#73	REDUCE cov: 121 ft: 333 corp: 19/3678b lim: 333 exec/s: 0 rss: 29Mb L: 174/333 MS: 2 EraseBytes-ChangeBit-
#76	NEW    cov: 121 ft: 334 corp: 20/3943b lim: 333 exec/s: 0 rss: 29Mb L: 265/333 MS: 3 ShuffleBytes-PersAutoDict-PersAutoDict- DE: "N7ISOBMFF12Con"-"\001\003"-
#88	NEW    cov: 121 ft: 335 corp: 21/3991b lim: 333 exec/s: 0 rss: 29Mb L: 48/333 MS: 2 ChangeByte-ChangeByte-
#93	NEW    cov: 121 ft: 336 corp: 22/4194b lim: 333 exec/s: 0 rss: 29Mb L: 203/333 MS: 5 ChangeBinInt-CMP-EraseBytes-ChangeBit-PersAutoDict- DE: "\022\000"-"\001\003"-
#97	NEW    cov: 122 ft: 337 corp: 23/4510b lim: 333 exec/s: 0 rss: 29Mb L: 316/333 MS: 4 ChangeByte-CMP-ChangeByte-InsertRepeatedBytes- DE: "\001\022"-
#115	NEW    cov: 122 ft: 340 corp: 24/4548b lim: 333 exec/s: 0 rss: 29Mb L: 38/333 MS: 3 CopyPart-PersAutoDict-EraseBytes- DE: "\022\000"-
#118	NEW    cov: 122 ft: 347 corp: 25/4649b lim: 333 exec/s: 0 rss: 29Mb L: 101/333 MS: 3 InsertByte-CopyPart-EraseBytes-
#143	REDUCE cov: 122 ft: 348 corp: 26/4756b lim: 333 exec/s: 0 rss: 29Mb L: 107/333 MS: 5 ChangeBinInt-CopyPart-ChangeBinInt-ChangeBit-EraseBytes-
#151	NEW    cov: 122 ft: 349 corp: 27/4846b lim: 333 exec/s: 0 rss: 29Mb L: 90/333 MS: 3 InsertRepeatedBytes-ChangeBinInt-EraseBytes-
#163	NEW    cov: 122 ft: 355 corp: 28/4924b lim: 333 exec/s: 0 rss: 29Mb L: 78/333 MS: 2 ChangeByte-CrossOver-
#171	REDUCE cov: 122 ft: 355 corp: 28/4888b lim: 333 exec/s: 0 rss: 29Mb L: 218/333 MS: 3 ChangeBit-ChangeBinInt-EraseBytes-
#176	NEW    cov: 122 ft: 356 corp: 29/4983b lim: 333 exec/s: 0 rss: 29Mb L: 95/333 MS: 5 CMP-InsertRepeatedBytes-CopyPart-ChangeByte-CrossOver- DE: "6osi"-
#179	REDUCE cov: 122 ft: 364 corp: 30/5113b lim: 333 exec/s: 0 rss: 29Mb L: 130/333 MS: 3 InsertByte-ChangeBit-EraseBytes-
#188	NEW    cov: 122 ft: 367 corp: 31/5398b lim: 333 exec/s: 0 rss: 29Mb L: 285/333 MS: 4 PersAutoDict-CrossOver-CopyPart-CopyPart- DE: "6osi"-
#202	NEW    cov: 122 ft: 372 corp: 32/5697b lim: 333 exec/s: 0 rss: 29Mb L: 299/333 MS: 4 ChangeBit-ChangeASCIIInt-ChangeBinInt-PersAutoDict- DE: "N7ISOBMFF12Con"-
#216	NEW    cov: 122 ft: 381 corp: 33/5722b lim: 333 exec/s: 0 rss: 29Mb L: 25/333 MS: 4 CrossOver-EraseBytes-ChangeBinInt-EraseBytes-
#233	NEW    cov: 122 ft: 382 corp: 34/5747b lim: 333 exec/s: 0 rss: 29Mb L: 25/333 MS: 2 ChangeBit-ShuffleBytes-
#249	NEW    cov: 122 ft: 407 corp: 35/5795b lim: 333 exec/s: 0 rss: 29Mb L: 48/333 MS: 1 ChangeByte-
#273	NEW    cov: 122 ft: 408 corp: 36/5882b lim: 333 exec/s: 0 rss: 29Mb L: 87/333 MS: 4 CopyPart-ShuffleBytes-CrossOver-EraseBytes-
#290	NEW    cov: 123 ft: 409 corp: 37/5930b lim: 333 exec/s: 0 rss: 29Mb L: 48/333 MS: 2 ShuffleBytes-ChangeBit-
#299	NEW    cov: 123 ft: 410 corp: 38/5970b lim: 333 exec/s: 0 rss: 29Mb L: 40/333 MS: 4 ShuffleBytes-PersAutoDict-InsertByte-PersAutoDict- DE: "\022\000"-"N7ISOBMFF12Con"-
#305	NEW    cov: 123 ft: 425 corp: 39/5992b lim: 333 exec/s: 0 rss: 29Mb L: 22/333 MS: 1 CrossOver-
#309	NEW    cov: 123 ft: 426 corp: 40/6047b lim: 333 exec/s: 0 rss: 29Mb L: 55/333 MS: 4 InsertByte-ShuffleBytes-InsertRepeatedBytes-EraseBytes-
#312	NEW    cov: 123 ft: 427 corp: 41/6097b lim: 333 exec/s: 0 rss: 29Mb L: 50/333 MS: 3 ShuffleBytes-PersAutoDict-PersAutoDict- DE: "6osi"-"\022\000"-
#330	REDUCE cov: 123 ft: 427 corp: 41/6092b lim: 333 exec/s: 0 rss: 29Mb L: 155/333 MS: 3 ChangeBit-InsertRepeatedBytes-CrossOver-
#347	NEW    cov: 123 ft: 428 corp: 42/6278b lim: 333 exec/s: 0 rss: 29Mb L: 186/333 MS: 2 ChangeByte-EraseBytes-
#356	NEW    cov: 123 ft: 430 corp: 43/6297b lim: 333 exec/s: 0 rss: 29Mb L: 19/333 MS: 4 InsertByte-ChangeBinInt-InsertRepeatedBytes-EraseBytes-
#409	NEW    cov: 123 ft: 439 corp: 44/6311b lim: 333 exec/s: 0 rss: 29Mb L: 14/333 MS: 3 InsertByte-ChangeBinInt-EraseBytes-
#426	NEW    cov: 123 ft: 449 corp: 45/6621b lim: 333 exec/s: 0 rss: 29Mb L: 310/333 MS: 2 ShuffleBytes-CopyPart-
#454	REDUCE cov: 123 ft: 449 corp: 45/6584b lim: 333 exec/s: 0 rss: 29Mb L: 181/333 MS: 3 ChangeBinInt-ChangeBinInt-EraseBytes-
#473	REDUCE cov: 123 ft: 449 corp: 45/6579b lim: 333 exec/s: 0 rss: 29Mb L: 35/333 MS: 4 EraseBytes-ShuffleBytes-ShuffleBytes-CMP- DE: "\342\304k\250\372`\000\000"-
#506	NEW    cov: 123 ft: 450 corp: 46/6594b lim: 333 exec/s: 0 rss: 29Mb L: 15/333 MS: 3 ChangeByte-ChangeBinInt-CrossOver-
#548	NEW    cov: 123 ft: 459 corp: 47/6681b lim: 333 exec/s: 0 rss: 29Mb L: 87/333 MS: 2 PersAutoDict-ChangeBinInt- DE: "\001\003"-
#589	NEW    cov: 123 ft: 460 corp: 48/6869b lim: 333 exec/s: 0 rss: 29Mb L: 188/333 MS: 1 CMP- DE: "\000 "-
#598	REDUCE cov: 123 ft: 460 corp: 48/6843b lim: 333 exec/s: 0 rss: 29Mb L: 81/333 MS: 4 ChangeByte-EraseBytes-PersAutoDict-CrossOver- DE: "\000 "-
#654	NEW    cov: 123 ft: 461 corp: 49/7021b lim: 333 exec/s: 0 rss: 29Mb L: 178/333 MS: 1 CrossOver-
#671	NEW    cov: 123 ft: 462 corp: 50/7333b lim: 333 exec/s: 0 rss: 29Mb L: 312/333 MS: 2 ChangeBit-InsertRepeatedBytes-
#684	REDUCE cov: 123 ft: 462 corp: 50/7310b lim: 333 exec/s: 0 rss: 29Mb L: 25/333 MS: 3 ChangeBit-ChangeByte-EraseBytes-
#781	NEW    cov: 123 ft: 463 corp: 51/7518b lim: 333 exec/s: 0 rss: 29Mb L: 208/333 MS: 2 ShuffleBytes-InsertRepeatedBytes-
#907	NEW    cov: 123 ft: 469 corp: 52/7818b lim: 333 exec/s: 0 rss: 29Mb L: 300/333 MS: 1 CopyPart-
#925	REDUCE cov: 123 ft: 469 corp: 52/7814b lim: 333 exec/s: 0 rss: 29Mb L: 295/333 MS: 3 ShuffleBytes-EraseBytes-CrossOver-
#946	REDUCE cov: 123 ft: 469 corp: 52/7811b lim: 333 exec/s: 0 rss: 29Mb L: 84/333 MS: 1 EraseBytes-
#1042	REDUCE cov: 123 ft: 469 corp: 52/7774b lim: 333 exec/s: 0 rss: 29Mb L: 151/333 MS: 1 EraseBytes-
#1055	REDUCE cov: 123 ft: 469 corp: 52/7754b lim: 333 exec/s: 0 rss: 29Mb L: 183/333 MS: 3 InsertRepeatedBytes-CopyPart-CrossOver-
#1198	NEW    cov: 123 ft: 470 corp: 53/7762b lim: 333 exec/s: 0 rss: 29Mb L: 8/333 MS: 3 ChangeBinInt-CMP-CrossOver- DE: "avcC"-
#1230	NEW    cov: 123 ft: 471 corp: 54/7922b lim: 333 exec/s: 0 rss: 29Mb L: 160/333 MS: 2 ChangeBit-CopyPart-
#1249	REDUCE cov: 123 ft: 471 corp: 54/7825b lim: 333 exec/s: 0 rss: 29Mb L: 81/333 MS: 4 ChangeBinInt-EraseBytes-InsertByte-EraseBytes-
#1350	NEW    cov: 123 ft: 472 corp: 55/7985b lim: 333 exec/s: 0 rss: 29Mb L: 160/333 MS: 1 ChangeBinInt-
#1352	NEW    cov: 123 ft: 473 corp: 56/8014b lim: 333 exec/s: 0 rss: 29Mb L: 29/333 MS: 2 InsertByte-CrossOver-
#1406	NEW    cov: 123 ft: 474 corp: 57/8282b lim: 333 exec/s: 0 rss: 29Mb L: 268/333 MS: 4 CrossOver-CopyPart-EraseBytes-CrossOver-
#1439	REDUCE cov: 123 ft: 474 corp: 57/8184b lim: 333 exec/s: 0 rss: 29Mb L: 155/333 MS: 3 PersAutoDict-ChangeBinInt-EraseBytes- DE: "avcC"-
#1441	NEW    cov: 123 ft: 475 corp: 58/8457b lim: 333 exec/s: 0 rss: 29Mb L: 273/333 MS: 2 ChangeBit-CrossOver-
#1557	REDUCE cov: 123 ft: 481 corp: 59/8635b lim: 333 exec/s: 0 rss: 29Mb L: 178/333 MS: 1 PersAutoDict- DE: "avcC"-
#1585	NEW    cov: 124 ft: 482 corp: 60/8641b lim: 333 exec/s: 0 rss: 29Mb L: 6/333 MS: 3 ChangeByte-ChangeBit-EraseBytes-
#1641	REDUCE cov: 124 ft: 482 corp: 60/8639b lim: 333 exec/s: 0 rss: 29Mb L: 12/333 MS: 1 EraseBytes-
#1747	REDUCE cov: 124 ft: 482 corp: 60/8628b lim: 333 exec/s: 0 rss: 29Mb L: 119/333 MS: 1 EraseBytes-
#1768	REDUCE cov: 124 ft: 482 corp: 60/8566b lim: 333 exec/s: 0 rss: 29Mb L: 146/333 MS: 1 EraseBytes-
#1835	REDUCE cov: 124 ft: 482 corp: 60/8559b lim: 333 exec/s: 0 rss: 29Mb L: 18/333 MS: 2 ShuffleBytes-EraseBytes-
#1906	NEW    cov: 124 ft: 483 corp: 61/8745b lim: 333 exec/s: 0 rss: 29Mb L: 186/333 MS: 1 CopyPart-
#2070	NEW    cov: 124 ft: 485 corp: 62/9075b lim: 333 exec/s: 0 rss: 29Mb L: 330/333 MS: 4 ChangeBinInt-InsertRepeatedBytes-PersAutoDict-CopyPart- DE: "\001\003"-
#2145	REDUCE cov: 124 ft: 485 corp: 62/9067b lim: 333 exec/s: 0 rss: 29Mb L: 40/333 MS: 5 CopyPart-ChangeByte-EraseBytes-InsertByte-InsertByte-
#2248	REDUCE cov: 124 ft: 485 corp: 62/9059b lim: 333 exec/s: 0 rss: 29Mb L: 79/333 MS: 3 ChangeBinInt-CopyPart-EraseBytes-
#2260	REDUCE cov: 124 ft: 485 corp: 62/9026b lim: 333 exec/s: 0 rss: 29Mb L: 153/333 MS: 2 ChangeByte-EraseBytes-
#2267	REDUCE cov: 124 ft: 485 corp: 62/9014b lim: 333 exec/s: 0 rss: 29Mb L: 43/333 MS: 2 EraseBytes-InsertByte-
#2282	NEW    cov: 124 ft: 491 corp: 63/9342b lim: 333 exec/s: 0 rss: 29Mb L: 328/333 MS: 5 CrossOver-ChangeBit-ChangeBinInt-InsertByte-CopyPart-
#2369	REDUCE cov: 124 ft: 491 corp: 63/9294b lim: 333 exec/s: 0 rss: 29Mb L: 112/333 MS: 2 ChangeByte-EraseBytes-
#2526	REDUCE cov: 124 ft: 491 corp: 63/9285b lim: 333 exec/s: 0 rss: 29Mb L: 9/333 MS: 2 ChangeASCIIInt-EraseBytes-
#2540	REDUCE cov: 124 ft: 491 corp: 63/9284b lim: 333 exec/s: 0 rss: 29Mb L: 5/333 MS: 4 InsertByte-ChangeByte-ShuffleBytes-EraseBytes-
#2576	REDUCE cov: 124 ft: 491 corp: 63/9281b lim: 333 exec/s: 0 rss: 29Mb L: 296/333 MS: 1 EraseBytes-
#2626	REDUCE cov: 124 ft: 491 corp: 63/9255b lim: 333 exec/s: 0 rss: 29Mb L: 228/333 MS: 5 ChangeBinInt-InsertByte-InsertByte-CopyPart-EraseBytes-
#2748	REDUCE cov: 124 ft: 491 corp: 63/9254b lim: 333 exec/s: 0 rss: 29Mb L: 14/333 MS: 2 ChangeBit-EraseBytes-
#2836	REDUCE cov: 124 ft: 491 corp: 63/9253b lim: 333 exec/s: 0 rss: 29Mb L: 4/333 MS: 3 ChangeASCIIInt-ChangeByte-EraseBytes-
#2860	REDUCE cov: 124 ft: 491 corp: 63/9202b lim: 333 exec/s: 0 rss: 29Mb L: 100/333 MS: 4 CrossOver-PersAutoDict-ChangeASCIIInt-EraseBytes- DE: "avcC"-
#2904	REDUCE cov: 124 ft: 491 corp: 63/9190b lim: 333 exec/s: 0 rss: 29Mb L: 148/333 MS: 4 CMP-ChangeASCIIInt-EraseBytes-InsertByte- DE: "\001\000\000\000\000\000\000e"-
#2932	REDUCE cov: 124 ft: 491 corp: 63/9145b lim: 333 exec/s: 0 rss: 29Mb L: 115/333 MS: 3 ChangeBinInt-CMP-EraseBytes- DE: "\377\377\377\377\377\377\377)"-
#3002	REDUCE cov: 124 ft: 491 corp: 63/9135b lim: 333 exec/s: 0 rss: 29Mb L: 69/333 MS: 5 CopyPart-PersAutoDict-ChangeByte-ChangeBit-EraseBytes- DE: "\022\000"-
#3026	REDUCE cov: 124 ft: 491 corp: 63/9127b lim: 333 exec/s: 0 rss: 29Mb L: 40/333 MS: 4 ChangeByte-EraseBytes-PersAutoDict-EraseBytes- DE: "\342\304k\250\372`\000\000"-
#3242	REDUCE cov: 124 ft: 491 corp: 63/9121b lim: 333 exec/s: 0 rss: 29Mb L: 140/333 MS: 1 EraseBytes-
#3248	REDUCE cov: 124 ft: 491 corp: 63/9074b lim: 333 exec/s: 0 rss: 29Mb L: 283/333 MS: 1 EraseBytes-
#3285	REDUCE cov: 124 ft: 491 corp: 63/9050b lim: 333 exec/s: 0 rss: 29Mb L: 192/333 MS: 2 CopyPart-EraseBytes-
#3303	REDUCE cov: 124 ft: 491 corp: 63/9049b lim: 333 exec/s: 0 rss: 29Mb L: 8/333 MS: 3 InsertRepeatedBytes-EraseBytes-EraseBytes-
#3379	REDUCE cov: 124 ft: 491 corp: 63/9045b lim: 333 exec/s: 0 rss: 29Mb L: 25/333 MS: 1 EraseBytes-
#3567	REDUCE cov: 124 ft: 491 corp: 63/9024b lim: 333 exec/s: 0 rss: 29Mb L: 127/333 MS: 3 CopyPart-CrossOver-EraseBytes-
#3743	REDUCE cov: 124 ft: 491 corp: 63/8984b lim: 333 exec/s: 0 rss: 29Mb L: 134/333 MS: 1 EraseBytes-
#3948	NEW    cov: 124 ft: 492 corp: 64/9304b lim: 333 exec/s: 0 rss: 29Mb L: 320/333 MS: 5 InsertByte-ChangeBit-CrossOver-CrossOver-InsertByte-
#4004	REDUCE cov: 124 ft: 492 corp: 64/9296b lim: 333 exec/s: 0 rss: 29Mb L: 32/333 MS: 1 EraseBytes-
#4168	REDUCE cov: 124 ft: 492 corp: 64/9290b lim: 333 exec/s: 0 rss: 29Mb L: 106/333 MS: 4 InsertByte-InsertByte-EraseBytes-PersAutoDict- DE: "\342\304k\250\372`\000\000"-
#4173	REDUCE cov: 124 ft: 492 corp: 64/9288b lim: 333 exec/s: 0 rss: 29Mb L: 2/333 MS: 5 ShuffleBytes-ChangeBinInt-ShuffleBytes-ChangeBit-EraseBytes-
#4180	REDUCE cov: 124 ft: 492 corp: 64/9262b lim: 333 exec/s: 0 rss: 29Mb L: 80/333 MS: 2 PersAutoDict-EraseBytes- DE: "\000 "-
#4207	NEW    cov: 124 ft: 493 corp: 65/9572b lim: 333 exec/s: 0 rss: 29Mb L: 310/333 MS: 2 ChangeByte-CMP- DE: "stsd"-
#4327	REDUCE cov: 124 ft: 494 corp: 66/9608b lim: 333 exec/s: 0 rss: 29Mb L: 36/333 MS: 5 InsertByte-InsertByte-ChangeByte-PersAutoDict-PersAutoDict- DE: "\001\022"-"\001\000\000\000\000\000\000e"-
#4491	REDUCE cov: 124 ft: 494 corp: 66/9599b lim: 333 exec/s: 0 rss: 29Mb L: 219/333 MS: 4 InsertRepeatedBytes-InsertRepeatedBytes-InsertByte-EraseBytes-
#4529	REDUCE cov: 124 ft: 494 corp: 66/9557b lim: 333 exec/s: 0 rss: 29Mb L: 27/333 MS: 3 InsertRepeatedBytes-ShuffleBytes-CrossOver-
#4592	REDUCE cov: 124 ft: 494 corp: 66/9547b lim: 333 exec/s: 0 rss: 29Mb L: 28/333 MS: 3 ChangeBinInt-InsertByte-EraseBytes-
#4695	REDUCE cov: 124 ft: 494 corp: 66/9473b lim: 333 exec/s: 0 rss: 29Mb L: 236/333 MS: 3 InsertByte-ChangeByte-CrossOver-
#4728	REDUCE cov: 124 ft: 494 corp: 66/9470b lim: 333 exec/s: 0 rss: 29Mb L: 9/333 MS: 3 CrossOver-ChangeBit-EraseBytes-
#4803	REDUCE cov: 124 ft: 494 corp: 66/9469b lim: 333 exec/s: 0 rss: 29Mb L: 77/333 MS: 5 InsertByte-CrossOver-ChangeByte-ChangeBit-EraseBytes-
#4892	REDUCE cov: 124 ft: 494 corp: 66/9465b lim: 333 exec/s: 0 rss: 29Mb L: 123/333 MS: 4 ChangeBinInt-CrossOver-CrossOver-CrossOver-
#4903	NEW    cov: 124 ft: 501 corp: 67/9785b lim: 333 exec/s: 0 rss: 29Mb L: 320/333 MS: 1 CopyPart-
#5014	REDUCE cov: 124 ft: 501 corp: 67/9784b lim: 333 exec/s: 0 rss: 29Mb L: 18/333 MS: 1 EraseBytes-
#5093	REDUCE cov: 124 ft: 501 corp: 67/9676b lim: 333 exec/s: 0 rss: 29Mb L: 212/333 MS: 4 ShuffleBytes-InsertRepeatedBytes-ChangeBinInt-EraseBytes-
#5296	REDUCE cov: 124 ft: 501 corp: 67/9664b lim: 333 exec/s: 0 rss: 29Mb L: 28/333 MS: 3 ChangeBinInt-EraseBytes-EraseBytes-
#5435	REDUCE cov: 124 ft: 501 corp: 67/9655b lim: 333 exec/s: 0 rss: 29Mb L: 210/333 MS: 4 EraseBytes-InsertRepeatedBytes-EraseBytes-CopyPart-
#5451	REDUCE cov: 124 ft: 501 corp: 67/9652b lim: 333 exec/s: 0 rss: 29Mb L: 150/333 MS: 1 EraseBytes-
#5457	NEW    cov: 124 ft: 502 corp: 68/9838b lim: 333 exec/s: 0 rss: 29Mb L: 186/333 MS: 1 CMP- DE: "\000\000\000\000\000\000\000\004"-
#5504	REDUCE cov: 124 ft: 502 corp: 68/9837b lim: 333 exec/s: 0 rss: 29Mb L: 17/333 MS: 2 ChangeBit-EraseBytes-
#5588	REDUCE cov: 124 ft: 502 corp: 68/9813b lim: 333 exec/s: 0 rss: 29Mb L: 71/333 MS: 4 CMP-CopyPart-PersAutoDict-EraseBytes- DE: "schm"-"\001\022"-
#5596	REDUCE cov: 124 ft: 502 corp: 68/9793b lim: 333 exec/s: 0 rss: 29Mb L: 64/333 MS: 3 CMP-InsertByte-EraseBytes- DE: "\012\000\000\000"-
#5625	REDUCE cov: 124 ft: 502 corp: 68/9779b lim: 333 exec/s: 0 rss: 29Mb L: 178/333 MS: 4 ChangeByte-ChangeBinInt-EraseBytes-EraseBytes-
#5800	REDUCE cov: 124 ft: 502 corp: 68/9778b lim: 333 exec/s: 0 rss: 29Mb L: 49/333 MS: 5 CMP-ChangeByte-CMP-EraseBytes-EraseBytes- DE: "schi"-".q\001\340\333s\000\000"-
#6079	REDUCE cov: 124 ft: 502 corp: 68/9773b lim: 333 exec/s: 0 rss: 29Mb L: 114/333 MS: 4 CMP-ChangeByte-CrossOver-CrossOver- DE: "\000\000\000\020"-
#6096	REDUCE cov: 124 ft: 502 corp: 68/9770b lim: 333 exec/s: 0 rss: 29Mb L: 292/333 MS: 2 ChangeBinInt-EraseBytes-
#6114	REDUCE cov: 124 ft: 502 corp: 68/9712b lim: 333 exec/s: 0 rss: 29Mb L: 225/333 MS: 3 CopyPart-InsertRepeatedBytes-CrossOver-
#6120	REDUCE cov: 124 ft: 502 corp: 68/9696b lim: 333 exec/s: 0 rss: 29Mb L: 61/333 MS: 1 EraseBytes-
#6242	REDUCE cov: 124 ft: 502 corp: 68/9603b lim: 333 exec/s: 0 rss: 29Mb L: 119/333 MS: 2 ChangeBit-EraseBytes-
#6489	REDUCE cov: 124 ft: 502 corp: 68/9582b lim: 333 exec/s: 6489 rss: 29Mb L: 98/333 MS: 2 PersAutoDict-EraseBytes- DE: "\377\377\377\377\377\377\377)"-
#6560	REDUCE cov: 124 ft: 502 corp: 68/9537b lim: 333 exec/s: 6560 rss: 29Mb L: 180/333 MS: 1 CrossOver-
#6698	REDUCE cov: 124 ft: 502 corp: 68/9521b lim: 333 exec/s: 6698 rss: 29Mb L: 55/333 MS: 3 ChangeBinInt-ShuffleBytes-EraseBytes-
#6809	REDUCE cov: 124 ft: 502 corp: 68/9489b lim: 333 exec/s: 6809 rss: 29Mb L: 48/333 MS: 1 EraseBytes-
#6857	REDUCE cov: 124 ft: 502 corp: 68/9487b lim: 333 exec/s: 6857 rss: 29Mb L: 33/333 MS: 3 CopyPart-CopyPart-EraseBytes-
#6899	REDUCE cov: 124 ft: 503 corp: 69/9723b lim: 333 exec/s: 6899 rss: 29Mb L: 236/333 MS: 2 ShuffleBytes-CopyPart-
#6957	NEW    cov: 124 ft: 505 corp: 70/9913b lim: 333 exec/s: 6957 rss: 29Mb L: 190/333 MS: 3 ChangeBinInt-ChangeByte-PersAutoDict- DE: "stsd"-
#6968	NEW    cov: 124 ft: 506 corp: 71/10137b lim: 333 exec/s: 6968 rss: 29Mb L: 224/333 MS: 1 CMP- DE: "\000\000\000\017"-
#7043	REDUCE cov: 124 ft: 511 corp: 72/10427b lim: 333 exec/s: 7043 rss: 29Mb L: 290/333 MS: 5 ChangeASCIIInt-InsertRepeatedBytes-CrossOver-CopyPart-ShuffleBytes-
#7049	REDUCE cov: 124 ft: 511 corp: 72/10411b lim: 333 exec/s: 7049 rss: 29Mb L: 294/333 MS: 1 EraseBytes-
#7180	NEW    cov: 124 ft: 512 corp: 73/10677b lim: 333 exec/s: 7180 rss: 29Mb L: 266/333 MS: 1 EraseBytes-
#7197	REDUCE cov: 124 ft: 512 corp: 73/10673b lim: 333 exec/s: 7197 rss: 29Mb L: 24/333 MS: 2 ChangeBinInt-EraseBytes-
#7263	REDUCE cov: 124 ft: 512 corp: 73/10660b lim: 333 exec/s: 7263 rss: 29Mb L: 14/333 MS: 1 EraseBytes-
#7539	REDUCE cov: 124 ft: 512 corp: 73/10604b lim: 333 exec/s: 7539 rss: 29Mb L: 63/333 MS: 1 EraseBytes-
#7588	REDUCE cov: 124 ft: 512 corp: 73/10598b lim: 333 exec/s: 7588 rss: 29Mb L: 109/333 MS: 4 CMP-ChangeBinInt-ChangeBinInt-EraseBytes- DE: "St9exception"-
#7676	REDUCE cov: 124 ft: 512 corp: 73/10590b lim: 333 exec/s: 7676 rss: 29Mb L: 40/333 MS: 3 ChangeBinInt-EraseBytes-InsertByte-
#7683	REDUCE cov: 124 ft: 512 corp: 73/10585b lim: 333 exec/s: 7683 rss: 29Mb L: 59/333 MS: 2 ChangeByte-EraseBytes-
#7938	REDUCE cov: 124 ft: 512 corp: 73/10537b lim: 333 exec/s: 7938 rss: 29Mb L: 107/333 MS: 5 InsertByte-ChangeASCIIInt-ChangeBinInt-EraseBytes-PersAutoDict- DE: "\000\000\000\020"-
#8556	REDUCE cov: 124 ft: 512 corp: 73/10507b lim: 333 exec/s: 8556 rss: 29Mb L: 68/333 MS: 3 ChangeBit-InsertRepeatedBytes-EraseBytes-
#8582	REDUCE cov: 124 ft: 512 corp: 73/10506b lim: 333 exec/s: 8582 rss: 29Mb L: 1/333 MS: 1 EraseBytes-
#8671	REDUCE cov: 124 ft: 512 corp: 73/10498b lim: 333 exec/s: 8671 rss: 29Mb L: 47/333 MS: 4 CopyPart-ChangeByte-EraseBytes-CMP- DE: "\037\020\003\340\333s\000\000"-
#8786	REDUCE cov: 124 ft: 512 corp: 73/10474b lim: 333 exec/s: 8786 rss: 29Mb L: 228/333 MS: 5 ChangeBinInt-ChangeByte-EraseBytes-ShuffleBytes-InsertByte-
#8893	REDUCE cov: 124 ft: 512 corp: 73/10471b lim: 333 exec/s: 8893 rss: 29Mb L: 25/333 MS: 2 ChangeBit-EraseBytes-
#9018	REDUCE cov: 124 ft: 512 corp: 73/10469b lim: 333 exec/s: 9018 rss: 29Mb L: 132/333 MS: 5 PersAutoDict-ChangeByte-ChangeByte-InsertByte-EraseBytes- DE: "6osi"-
#9152	REDUCE cov: 124 ft: 512 corp: 73/10464b lim: 333 exec/s: 9152 rss: 29Mb L: 285/333 MS: 4 ChangeBit-ChangeBinInt-ChangeByte-EraseBytes-
#9230	REDUCE cov: 124 ft: 512 corp: 73/10461b lim: 333 exec/s: 9230 rss: 29Mb L: 180/333 MS: 3 ChangeByte-InsertByte-EraseBytes-
#9482	REDUCE cov: 124 ft: 512 corp: 73/10430b lim: 333 exec/s: 9482 rss: 29Mb L: 101/333 MS: 2 InsertByte-EraseBytes-
#9513	REDUCE cov: 124 ft: 512 corp: 73/10426b lim: 333 exec/s: 9513 rss: 29Mb L: 136/333 MS: 1 CrossOver-
#9578	REDUCE cov: 124 ft: 512 corp: 73/10425b lim: 333 exec/s: 9578 rss: 29Mb L: 16/333 MS: 5 CMP-ChangeBinInt-CMP-InsertByte-EraseBytes- DE: "\037\000\000\000"-"hvc1"-
#9766	REDUCE cov: 124 ft: 512 corp: 73/10413b lim: 333 exec/s: 9766 rss: 29Mb L: 273/333 MS: 3 InsertByte-EraseBytes-InsertByte-
#9773	NEW    cov: 124 ft: 513 corp: 74/10703b lim: 333 exec/s: 9773 rss: 29Mb L: 290/333 MS: 2 ChangeBit-CopyPart-
#9907	REDUCE cov: 124 ft: 513 corp: 74/10701b lim: 333 exec/s: 9907 rss: 29Mb L: 107/333 MS: 4 ChangeBinInt-ChangeBinInt-EraseBytes-CMP- DE: "\000\002"-
#9937	REDUCE cov: 124 ft: 513 corp: 74/10668b lim: 333 exec/s: 9937 rss: 29Mb L: 216/333 MS: 5 CMP-ChangeByte-ChangeBinInt-EraseBytes-CopyPart- DE: "\000\000\000\001\000\000\000\001"-
#10019	REDUCE cov: 124 ft: 514 corp: 75/10693b lim: 333 exec/s: 10019 rss: 29Mb L: 25/333 MS: 2 ChangeASCIIInt-ChangeBit-
#10098	REDUCE cov: 124 ft: 514 corp: 75/10691b lim: 333 exec/s: 10098 rss: 29Mb L: 128/333 MS: 4 ChangeBit-ChangeBit-CMP-EraseBytes- DE: "M\001\000\000\000\000\000\000"-
#10269	NEW    cov: 124 ft: 515 corp: 76/10981b lim: 333 exec/s: 10269 rss: 29Mb L: 290/333 MS: 1 ChangeBit-
#10270	REDUCE cov: 124 ft: 515 corp: 76/10978b lim: 333 exec/s: 10270 rss: 29Mb L: 98/333 MS: 1 EraseBytes-
#10997	REDUCE cov: 124 ft: 516 corp: 77/11214b lim: 333 exec/s: 10997 rss: 29Mb L: 236/333 MS: 2 PersAutoDict-ChangeBit- DE: "\000\002"-
==118227== ERROR: libFuzzer: out-of-memory (used: 2003Mb; limit: 1024Mb)
   To change the out-of-memory limit use -rss_limit_mb=<N>

MS: 1 PersAutoDict- DE: "\000\000\000\001\000\000\000\001"-; base unit: 324a8d452aa33f0df3917e4013346889ffc6cb4c
0x0,0x0,0x0,0x18,0x66,0x74,0x79,0x70,0x6d,0x70,0x0,0x0,0x0,0x1,0x0,0x0,0x0,0x1,0x3f,0x77,0x34,0x32,0x0,0x1,0x0,0x0,0x0,0x1,0x12,0x0,0x0,0x0,0x0,0x0,0x0,0x1,0x0,0x0,0x0,0x0,0x0,0x0,0x65,0x0,
\000\000\000\030ftypmp\000\000\000\001\000\000\000\001?w42\000\001\000\000\000\001\022\000\000\000\000\000\000\001\000\000\000\000\000\000e\000
artifact_prefix='/results/crashes/20260313_150101_28c66abf_'; Test unit written to /results/crashes/20260313_150101_28c66abf_oom-514f2bdb62d87857f39810bf55d4412c8933206d
Base64: AAAAGGZ0eXBtcAAAAAEAAAABP3c0MgABAAAAARIAAAAAAAABAAAAAAAAZQA=
SUMMARY: libFuzzer: out-of-memory
stat::number_of_executed_units: 11268
stat::average_exec_per_sec:     3756
stat::new_units_added:          168
stat::slowest_unit_time_sec:    0
stat::peak_rss_mb:              2004
