INFO: Running with entropic power schedule (0xFF, 100).
INFO: Seed: 4159302855
INFO: Loaded 1 modules   (252 inline 8-bit counters): 252 [0x5b6ba397a678, 0x5b6ba397a774), 
INFO: Loaded 1 PC tables (252 PCs): 252 [0x5b6ba397a778,0x5b6ba397b738), 
INFO:        4 files found in /tmp/corpus_20260313_181228_b5a32917
INFO: seed corpus: files: 4 min: 48b max: 333b total: 853b rss: 28Mb
#5	INITED cov: 117 ft: 252 corp: 4/853b exec/s: 0 rss: 29Mb
#6	NEW    cov: 118 ft: 261 corp: 5/903b lim: 333 exec/s: 0 rss: 29Mb L: 50/333 MS: 1 CMP- DE: "\020\000"-
#8	NEW    cov: 119 ft: 268 corp: 6/1231b lim: 333 exec/s: 0 rss: 29Mb L: 328/333 MS: 2 InsertByte-CopyPart-
#9	NEW    cov: 119 ft: 294 corp: 7/1310b lim: 333 exec/s: 0 rss: 29Mb L: 79/333 MS: 1 CrossOver-
#14	NEW    cov: 119 ft: 321 corp: 8/1319b lim: 333 exec/s: 0 rss: 29Mb L: 9/333 MS: 5 ChangeByte-ChangeByte-ChangeBit-ShuffleBytes-CrossOver-
#21	NEW    cov: 119 ft: 322 corp: 9/1411b lim: 333 exec/s: 0 rss: 29Mb L: 92/333 MS: 2 ChangeBit-InsertRepeatedBytes-
#22	NEW    cov: 119 ft: 331 corp: 10/1460b lim: 333 exec/s: 0 rss: 29Mb L: 49/333 MS: 1 InsertByte-
#26	NEW    cov: 119 ft: 340 corp: 11/1793b lim: 333 exec/s: 0 rss: 29Mb L: 333/333 MS: 4 ChangeBit-ShuffleBytes-InsertRepeatedBytes-CrossOver-
#27	NEW    cov: 119 ft: 341 corp: 12/1981b lim: 333 exec/s: 0 rss: 29Mb L: 188/333 MS: 1 EraseBytes-
#29	NEW    cov: 120 ft: 349 corp: 13/2174b lim: 333 exec/s: 0 rss: 29Mb L: 193/333 MS: 2 ChangeByte-InsertRepeatedBytes-
#41	NEW    cov: 120 ft: 350 corp: 14/2306b lim: 333 exec/s: 0 rss: 29Mb L: 132/333 MS: 2 PersAutoDict-EraseBytes- DE: "\020\000"-
#42	NEW    cov: 120 ft: 382 corp: 15/2336b lim: 333 exec/s: 0 rss: 29Mb L: 30/333 MS: 1 EraseBytes-
#43	NEW    cov: 120 ft: 393 corp: 16/2366b lim: 333 exec/s: 0 rss: 29Mb L: 30/333 MS: 1 ChangeByte-
#49	NEW    cov: 120 ft: 394 corp: 17/2414b lim: 333 exec/s: 0 rss: 29Mb L: 48/333 MS: 1 ChangeBinInt-
#50	NEW    cov: 122 ft: 397 corp: 18/2747b lim: 333 exec/s: 0 rss: 29Mb L: 333/333 MS: 1 CrossOver-
#51	NEW    cov: 122 ft: 402 corp: 19/2894b lim: 333 exec/s: 0 rss: 29Mb L: 147/333 MS: 1 EraseBytes-
#53	NEW    cov: 122 ft: 404 corp: 20/3054b lim: 333 exec/s: 0 rss: 29Mb L: 160/333 MS: 2 CrossOver-EraseBytes-
#66	NEW    cov: 122 ft: 405 corp: 21/3245b lim: 333 exec/s: 0 rss: 29Mb L: 191/333 MS: 3 ChangeByte-ChangeBit-EraseBytes-
#68	NEW    cov: 122 ft: 406 corp: 22/3414b lim: 333 exec/s: 0 rss: 29Mb L: 169/333 MS: 2 InsertRepeatedBytes-InsertRepeatedBytes-
#69	NEW    cov: 122 ft: 407 corp: 23/3685b lim: 333 exec/s: 0 rss: 29Mb L: 271/333 MS: 1 CopyPart-
#71	NEW    cov: 122 ft: 408 corp: 24/3898b lim: 333 exec/s: 0 rss: 29Mb L: 213/333 MS: 2 InsertByte-CrossOver-
#83	NEW    cov: 122 ft: 418 corp: 25/3916b lim: 333 exec/s: 0 rss: 29Mb L: 18/333 MS: 2 InsertByte-CMP- DE: "uTf\264k[\000\000"-
#87	NEW    cov: 122 ft: 419 corp: 26/4197b lim: 333 exec/s: 0 rss: 29Mb L: 281/333 MS: 4 InsertRepeatedBytes-CrossOver-ChangeBit-ShuffleBytes-
#90	NEW    cov: 122 ft: 420 corp: 27/4254b lim: 333 exec/s: 0 rss: 29Mb L: 57/333 MS: 3 CMP-ChangeBit-PersAutoDict- DE: "iinf"-"uTf\264k[\000\000"-
#100	NEW    cov: 122 ft: 422 corp: 28/4498b lim: 333 exec/s: 0 rss: 29Mb L: 244/333 MS: 5 ShuffleBytes-InsertRepeatedBytes-CopyPart-ShuffleBytes-CopyPart-
#102	NEW    cov: 122 ft: 423 corp: 29/4707b lim: 333 exec/s: 0 rss: 29Mb L: 209/333 MS: 2 ChangeByte-CopyPart-
#103	NEW    cov: 122 ft: 424 corp: 30/4737b lim: 333 exec/s: 0 rss: 29Mb L: 30/333 MS: 1 ShuffleBytes-
#111	NEW    cov: 122 ft: 425 corp: 31/5070b lim: 333 exec/s: 0 rss: 29Mb L: 333/333 MS: 3 EraseBytes-CopyPart-ChangeBit-
#112	NEW    cov: 122 ft: 426 corp: 32/5318b lim: 333 exec/s: 0 rss: 29Mb L: 248/333 MS: 1 CopyPart-
#113	NEW    cov: 122 ft: 427 corp: 33/5352b lim: 333 exec/s: 0 rss: 29Mb L: 34/333 MS: 1 CMP- DE: "\015\000\000\000"-
#119	NEW    cov: 123 ft: 428 corp: 34/5357b lim: 333 exec/s: 0 rss: 29Mb L: 5/333 MS: 1 EraseBytes-
#125	NEW    cov: 123 ft: 433 corp: 35/5406b lim: 333 exec/s: 0 rss: 29Mb L: 49/333 MS: 1 CopyPart-
#138	NEW    cov: 123 ft: 434 corp: 36/5503b lim: 333 exec/s: 0 rss: 29Mb L: 97/333 MS: 3 ChangeByte-InsertRepeatedBytes-EraseBytes-
#151	NEW    cov: 123 ft: 435 corp: 37/5631b lim: 333 exec/s: 0 rss: 29Mb L: 128/333 MS: 3 ShuffleBytes-EraseBytes-InsertByte-
#228	NEW    cov: 123 ft: 436 corp: 38/5963b lim: 333 exec/s: 0 rss: 29Mb L: 332/333 MS: 2 CopyPart-InsertRepeatedBytes-
#269	NEW    cov: 124 ft: 446 corp: 39/6296b lim: 333 exec/s: 0 rss: 29Mb L: 333/333 MS: 1 PersAutoDict- DE: "iinf"-
#291	NEW    cov: 124 ft: 447 corp: 40/6622b lim: 333 exec/s: 0 rss: 29Mb L: 326/333 MS: 2 ChangeBinInt-CrossOver-
#306	NEW    cov: 124 ft: 453 corp: 41/6917b lim: 333 exec/s: 0 rss: 29Mb L: 295/333 MS: 5 PersAutoDict-InsertRepeatedBytes-EraseBytes-InsertRepeatedBytes-InsertByte- DE: "uTf\264k[\000\000"-
#349	REDUCE cov: 124 ft: 453 corp: 41/6909b lim: 333 exec/s: 0 rss: 29Mb L: 273/333 MS: 3 ChangeBinInt-PersAutoDict-EraseBytes- DE: "iinf"-
#357	NEW    cov: 124 ft: 454 corp: 42/7080b lim: 333 exec/s: 0 rss: 29Mb L: 171/333 MS: 3 ChangeBinInt-CrossOver-CrossOver-
#408	NEW    cov: 124 ft: 463 corp: 43/7096b lim: 333 exec/s: 0 rss: 29Mb L: 16/333 MS: 1 CrossOver-
#412	NEW    cov: 124 ft: 464 corp: 44/7185b lim: 333 exec/s: 0 rss: 29Mb L: 89/333 MS: 4 EraseBytes-EraseBytes-InsertByte-EraseBytes-
#423	NEW    cov: 124 ft: 465 corp: 45/7193b lim: 333 exec/s: 0 rss: 29Mb L: 8/333 MS: 1 EraseBytes-
#437	REDUCE cov: 124 ft: 465 corp: 45/7191b lim: 333 exec/s: 0 rss: 29Mb L: 28/333 MS: 4 InsertRepeatedBytes-ChangeBinInt-ChangeBinInt-EraseBytes-
#510	NEW    cov: 124 ft: 468 corp: 46/7519b lim: 333 exec/s: 0 rss: 29Mb L: 328/333 MS: 3 InsertByte-CrossOver-CopyPart-
#544	REDUCE cov: 124 ft: 468 corp: 46/7464b lim: 333 exec/s: 0 rss: 29Mb L: 77/333 MS: 4 InsertByte-ShuffleBytes-EraseBytes-EraseBytes-
#545	REDUCE cov: 124 ft: 468 corp: 46/7462b lim: 333 exec/s: 0 rss: 29Mb L: 3/333 MS: 1 EraseBytes-
#580	NEW    cov: 124 ft: 470 corp: 47/7664b lim: 333 exec/s: 0 rss: 29Mb L: 202/333 MS: 5 InsertRepeatedBytes-CrossOver-ChangeByte-ChangeASCIIInt-ChangeBinInt-
#665	NEW    cov: 124 ft: 471 corp: 48/7876b lim: 333 exec/s: 0 rss: 29Mb L: 212/333 MS: 5 CrossOver-CrossOver-EraseBytes-InsertByte-InsertByte-
#682	NEW    cov: 124 ft: 476 corp: 49/8206b lim: 333 exec/s: 0 rss: 29Mb L: 330/333 MS: 2 PersAutoDict-CopyPart- DE: "\020\000"-
#800	REDUCE cov: 124 ft: 476 corp: 49/8194b lim: 333 exec/s: 0 rss: 29Mb L: 259/333 MS: 3 CopyPart-InsertByte-EraseBytes-
#940	NEW    cov: 125 ft: 477 corp: 50/8505b lim: 333 exec/s: 0 rss: 29Mb L: 311/333 MS: 5 ShuffleBytes-ChangeBit-EraseBytes-CrossOver-CrossOver-
#1017	NEW    cov: 125 ft: 478 corp: 51/8514b lim: 333 exec/s: 0 rss: 29Mb L: 9/333 MS: 2 ChangeByte-CrossOver-
#1037	REDUCE cov: 125 ft: 478 corp: 51/8482b lim: 333 exec/s: 0 rss: 29Mb L: 301/333 MS: 5 ShuffleBytes-ShuffleBytes-ChangeBinInt-CopyPart-EraseBytes-
#1049	REDUCE cov: 125 ft: 478 corp: 51/8382b lim: 333 exec/s: 0 rss: 29Mb L: 211/333 MS: 2 ShuffleBytes-EraseBytes-
#1196	NEW    cov: 125 ft: 479 corp: 52/8535b lim: 333 exec/s: 0 rss: 29Mb L: 153/333 MS: 2 ChangeByte-CrossOver-
#1227	REDUCE cov: 125 ft: 479 corp: 52/8477b lim: 333 exec/s: 0 rss: 29Mb L: 275/333 MS: 1 EraseBytes-
#1274	REDUCE cov: 125 ft: 479 corp: 52/8464b lim: 333 exec/s: 0 rss: 29Mb L: 178/333 MS: 2 InsertRepeatedBytes-EraseBytes-
#1333	REDUCE cov: 125 ft: 479 corp: 52/8459b lim: 333 exec/s: 0 rss: 29Mb L: 323/333 MS: 4 EraseBytes-InsertByte-ChangeBinInt-InsertRepeatedBytes-
#1415	REDUCE cov: 125 ft: 479 corp: 52/8458b lim: 333 exec/s: 0 rss: 29Mb L: 2/333 MS: 2 ChangeBinInt-EraseBytes-
#1524	NEW    cov: 125 ft: 480 corp: 53/8790b lim: 333 exec/s: 0 rss: 29Mb L: 332/333 MS: 4 PersAutoDict-ChangeBinInt-ShuffleBytes-InsertRepeatedBytes- DE: "\020\000"-
#1590	NEW    cov: 125 ft: 481 corp: 54/8803b lim: 333 exec/s: 0 rss: 29Mb L: 13/333 MS: 1 EraseBytes-
#1713	NEW    cov: 125 ft: 482 corp: 55/9027b lim: 333 exec/s: 0 rss: 29Mb L: 224/333 MS: 3 ChangeBit-ChangeByte-PersAutoDict- DE: "iinf"-
#1725	REDUCE cov: 125 ft: 482 corp: 55/8983b lim: 333 exec/s: 0 rss: 29Mb L: 204/333 MS: 2 ChangeBinInt-EraseBytes-
#1751	REDUCE cov: 125 ft: 482 corp: 55/8966b lim: 333 exec/s: 0 rss: 29Mb L: 32/333 MS: 1 EraseBytes-
#1947	REDUCE cov: 125 ft: 482 corp: 55/8965b lim: 333 exec/s: 0 rss: 29Mb L: 1/333 MS: 1 EraseBytes-
#2126	NEW    cov: 125 ft: 483 corp: 56/9297b lim: 333 exec/s: 0 rss: 29Mb L: 332/333 MS: 4 CrossOver-ChangeBinInt-ShuffleBytes-CopyPart-
#2388	NEW    cov: 125 ft: 484 corp: 57/9510b lim: 333 exec/s: 0 rss: 29Mb L: 213/333 MS: 2 ChangeByte-ChangeBinInt-
#2525	REDUCE cov: 125 ft: 484 corp: 57/9480b lim: 333 exec/s: 0 rss: 29Mb L: 302/333 MS: 2 ChangeASCIIInt-EraseBytes-
#2606	NEW    cov: 125 ft: 485 corp: 58/9736b lim: 333 exec/s: 0 rss: 29Mb L: 256/333 MS: 1 InsertRepeatedBytes-
#2612	REDUCE cov: 125 ft: 485 corp: 58/9728b lim: 333 exec/s: 0 rss: 29Mb L: 24/333 MS: 1 EraseBytes-
#2758	NEW    cov: 125 ft: 488 corp: 59/9888b lim: 333 exec/s: 0 rss: 29Mb L: 160/333 MS: 1 CMP- DE: "hvcC"-
==724883== ERROR: libFuzzer: out-of-memory (used: 1476Mb; limit: 1024Mb)
   To change the out-of-memory limit use -rss_limit_mb=<N>

MS: 5 ChangeBinInt-PersAutoDict-ChangeBit-CMP-CMP- DE: "uTf\264k[\000\000"-"\377\377Zk\243tF{"-"hvc1"-; base unit: c086e4c845ab184d79cc1a89c2c4fca35c1ef28e
artifact_prefix='/results/crashes/20260313_181228_b5a32917_'; Test unit written to /results/crashes/20260313_181228_b5a32917_oom-9feee10b22e5efcd8c5681a52a60824cb6e54d81
SUMMARY: libFuzzer: out-of-memory
stat::number_of_executed_units: 2883
stat::average_exec_per_sec:     1441
stat::new_units_added:          71
stat::slowest_unit_time_sec:    0
stat::peak_rss_mb:              1476
