INFO: Running with entropic power schedule (0xFF, 100).
INFO: Seed: 576632807
INFO: Loaded 1 modules   (252 inline 8-bit counters): 252 [0x5aa74c740678, 0x5aa74c740774), 
INFO: Loaded 1 PC tables (252 PCs): 252 [0x5aa74c740778,0x5aa74c741738), 
INFO:        4 files found in /tmp/corpus_20260313_172144_e6a519e3
INFO: seed corpus: files: 4 min: 48b max: 333b total: 853b rss: 28Mb
#5	INITED cov: 118 ft: 251 corp: 4/853b exec/s: 0 rss: 29Mb
#7	NEW    cov: 118 ft: 257 corp: 5/1073b lim: 333 exec/s: 0 rss: 29Mb L: 220/333 MS: 2 ChangeBit-ChangeBinInt-
#8	NEW    cov: 118 ft: 266 corp: 6/1348b lim: 333 exec/s: 0 rss: 29Mb L: 275/333 MS: 1 InsertRepeatedBytes-
#11	NEW    cov: 118 ft: 267 corp: 7/1568b lim: 333 exec/s: 0 rss: 29Mb L: 220/333 MS: 3 CopyPart-CopyPart-CrossOver-
#12	NEW    cov: 118 ft: 272 corp: 8/1844b lim: 333 exec/s: 0 rss: 29Mb L: 276/333 MS: 1 InsertByte-
#13	NEW    cov: 119 ft: 275 corp: 9/2142b lim: 333 exec/s: 0 rss: 29Mb L: 298/333 MS: 1 CopyPart-
#19	NEW    cov: 120 ft: 283 corp: 10/2421b lim: 333 exec/s: 0 rss: 29Mb L: 279/333 MS: 1 CMP- DE: "\002\000\000\000"-
#21	NEW    cov: 120 ft: 284 corp: 11/2666b lim: 333 exec/s: 0 rss: 29Mb L: 245/333 MS: 2 ChangeBinInt-CopyPart-
#26	NEW    cov: 120 ft: 294 corp: 12/2968b lim: 333 exec/s: 0 rss: 29Mb L: 302/333 MS: 5 ChangeBinInt-ChangeByte-PersAutoDict-ChangeByte-CrossOver- DE: "\002\000\000\000"-
#28	NEW    cov: 120 ft: 323 corp: 13/3085b lim: 333 exec/s: 0 rss: 29Mb L: 117/333 MS: 2 ChangeByte-EraseBytes-
#32	NEW    cov: 120 ft: 324 corp: 14/3337b lim: 333 exec/s: 0 rss: 29Mb L: 252/333 MS: 4 ChangeBinInt-ChangeBinInt-ShuffleBytes-ChangeBinInt-
#33	NEW    cov: 120 ft: 333 corp: 15/3590b lim: 333 exec/s: 0 rss: 29Mb L: 253/333 MS: 1 InsertByte-
#45	NEW    cov: 120 ft: 335 corp: 16/3695b lim: 333 exec/s: 0 rss: 29Mb L: 105/333 MS: 2 EraseBytes-EraseBytes-
#50	NEW    cov: 121 ft: 337 corp: 17/3970b lim: 333 exec/s: 0 rss: 29Mb L: 275/333 MS: 5 ShuffleBytes-CopyPart-ShuffleBytes-EraseBytes-InsertRepeatedBytes-
#57	NEW    cov: 121 ft: 338 corp: 18/4284b lim: 333 exec/s: 0 rss: 29Mb L: 314/333 MS: 2 ChangeBinInt-InsertRepeatedBytes-
#62	NEW    cov: 121 ft: 339 corp: 19/4486b lim: 333 exec/s: 0 rss: 29Mb L: 202/333 MS: 5 ChangeBinInt-ChangeByte-CrossOver-InsertRepeatedBytes-CrossOver-
#70	NEW    cov: 122 ft: 341 corp: 20/4813b lim: 333 exec/s: 0 rss: 29Mb L: 327/333 MS: 3 CopyPart-PersAutoDict-InsertRepeatedBytes- DE: "\002\000\000\000"-
#95	NEW    cov: 122 ft: 346 corp: 21/4970b lim: 333 exec/s: 0 rss: 29Mb L: 157/333 MS: 5 CopyPart-CrossOver-InsertRepeatedBytes-ChangeBinInt-EraseBytes-
#96	REDUCE cov: 122 ft: 346 corp: 21/4953b lim: 333 exec/s: 0 rss: 29Mb L: 228/333 MS: 1 EraseBytes-
#98	NEW    cov: 122 ft: 347 corp: 22/5209b lim: 333 exec/s: 0 rss: 29Mb L: 256/333 MS: 2 ShuffleBytes-PersAutoDict- DE: "\002\000\000\000"-
#100	NEW    cov: 122 ft: 351 corp: 23/5265b lim: 333 exec/s: 0 rss: 29Mb L: 56/333 MS: 2 ChangeASCIIInt-CMP- DE: "!\035\000(9|\000\000"-
#105	NEW    cov: 122 ft: 358 corp: 24/5366b lim: 333 exec/s: 0 rss: 29Mb L: 101/333 MS: 5 CopyPart-EraseBytes-InsertByte-PersAutoDict-EraseBytes- DE: "!\035\000(9|\000\000"-
#111	NEW    cov: 122 ft: 359 corp: 25/5600b lim: 333 exec/s: 0 rss: 29Mb L: 234/333 MS: 1 CopyPart-
#112	NEW    cov: 122 ft: 360 corp: 26/5668b lim: 333 exec/s: 0 rss: 29Mb L: 68/333 MS: 1 EraseBytes-
#139	NEW    cov: 122 ft: 361 corp: 27/5986b lim: 333 exec/s: 0 rss: 29Mb L: 318/333 MS: 2 ChangeBit-CopyPart-
#152	NEW    cov: 122 ft: 363 corp: 28/6088b lim: 333 exec/s: 0 rss: 29Mb L: 102/333 MS: 3 InsertByte-ChangeByte-ChangeBit-
#160	NEW    cov: 122 ft: 365 corp: 29/6281b lim: 333 exec/s: 0 rss: 29Mb L: 193/333 MS: 3 EraseBytes-ChangeByte-ChangeBit-
#175	NEW    cov: 122 ft: 391 corp: 30/6547b lim: 333 exec/s: 0 rss: 29Mb L: 266/333 MS: 5 ChangeByte-CopyPart-PersAutoDict-ChangeByte-ChangeBit- DE: "!\035\000(9|\000\000"-
#199	NEW    cov: 122 ft: 406 corp: 31/6863b lim: 333 exec/s: 0 rss: 29Mb L: 316/333 MS: 4 ChangeBit-ChangeBinInt-ChangeBit-InsertRepeatedBytes-
#220	NEW    cov: 122 ft: 407 corp: 32/6957b lim: 333 exec/s: 0 rss: 29Mb L: 94/333 MS: 1 EraseBytes-
#229	NEW    cov: 122 ft: 408 corp: 33/7267b lim: 333 exec/s: 0 rss: 29Mb L: 310/333 MS: 4 InsertByte-CrossOver-CrossOver-InsertRepeatedBytes-
#248	NEW    cov: 122 ft: 409 corp: 34/7427b lim: 333 exec/s: 0 rss: 29Mb L: 160/333 MS: 4 PersAutoDict-ChangeBinInt-CrossOver-EraseBytes- DE: "!\035\000(9|\000\000"-
#253	NEW    cov: 122 ft: 417 corp: 35/7748b lim: 333 exec/s: 0 rss: 29Mb L: 321/333 MS: 5 ChangeBit-CopyPart-CopyPart-InsertRepeatedBytes-InsertRepeatedBytes-
#340	REDUCE cov: 122 ft: 417 corp: 35/7726b lim: 333 exec/s: 0 rss: 29Mb L: 34/333 MS: 2 CMP-EraseBytes- DE: "stbl"-
#366	NEW    cov: 122 ft: 418 corp: 36/7919b lim: 333 exec/s: 0 rss: 29Mb L: 193/333 MS: 1 ChangeBit-
#373	REDUCE cov: 122 ft: 418 corp: 36/7900b lim: 333 exec/s: 0 rss: 29Mb L: 233/333 MS: 2 ChangeByte-CrossOver-
#384	REDUCE cov: 122 ft: 418 corp: 36/7870b lim: 333 exec/s: 0 rss: 29Mb L: 198/333 MS: 1 EraseBytes-
#385	REDUCE cov: 122 ft: 418 corp: 36/7844b lim: 333 exec/s: 0 rss: 29Mb L: 131/333 MS: 1 EraseBytes-
#446	NEW    cov: 122 ft: 419 corp: 37/8045b lim: 333 exec/s: 0 rss: 29Mb L: 201/333 MS: 1 EraseBytes-
#469	REDUCE cov: 122 ft: 421 corp: 38/8334b lim: 333 exec/s: 0 rss: 29Mb L: 289/333 MS: 3 ShuffleBytes-CopyPart-CrossOver-
#515	REDUCE cov: 122 ft: 434 corp: 39/8365b lim: 333 exec/s: 0 rss: 29Mb L: 31/333 MS: 1 EraseBytes-
#570	NEW    cov: 122 ft: 445 corp: 40/8384b lim: 333 exec/s: 0 rss: 29Mb L: 19/333 MS: 5 ChangeBinInt-PersAutoDict-ChangeASCIIInt-InsertRepeatedBytes-CrossOver- DE: "!\035\000(9|\000\000"-
#571	NEW    cov: 122 ft: 446 corp: 41/8452b lim: 333 exec/s: 0 rss: 29Mb L: 68/333 MS: 1 ChangeBit-
#578	REDUCE cov: 122 ft: 446 corp: 41/8400b lim: 333 exec/s: 0 rss: 29Mb L: 250/333 MS: 2 ChangeByte-CrossOver-
#586	NEW    cov: 122 ft: 451 corp: 42/8438b lim: 333 exec/s: 0 rss: 29Mb L: 38/333 MS: 3 InsertRepeatedBytes-ChangeByte-ChangeBinInt-
#626	NEW    cov: 122 ft: 464 corp: 43/8449b lim: 333 exec/s: 0 rss: 29Mb L: 11/333 MS: 5 PersAutoDict-ChangeBit-CopyPart-EraseBytes-EraseBytes- DE: "stbl"-
#657	NEW    cov: 122 ft: 465 corp: 44/8521b lim: 333 exec/s: 0 rss: 29Mb L: 72/333 MS: 1 PersAutoDict- DE: "stbl"-
#713	NEW    cov: 122 ft: 466 corp: 45/8553b lim: 333 exec/s: 0 rss: 29Mb L: 32/333 MS: 1 CopyPart-
#759	REDUCE cov: 122 ft: 466 corp: 45/8538b lim: 333 exec/s: 0 rss: 29Mb L: 87/333 MS: 1 EraseBytes-
#833	NEW    cov: 122 ft: 467 corp: 46/8808b lim: 333 exec/s: 0 rss: 29Mb L: 270/333 MS: 4 InsertByte-ChangeBinInt-ShuffleBytes-CrossOver-
#951	REDUCE cov: 122 ft: 467 corp: 46/8786b lim: 333 exec/s: 0 rss: 29Mb L: 176/333 MS: 3 CopyPart-CrossOver-EraseBytes-
#960	REDUCE cov: 122 ft: 467 corp: 46/8776b lim: 333 exec/s: 0 rss: 29Mb L: 191/333 MS: 4 ChangeBinInt-ChangeByte-InsertRepeatedBytes-EraseBytes-
#989	NEW    cov: 122 ft: 474 corp: 47/9021b lim: 333 exec/s: 0 rss: 29Mb L: 245/333 MS: 4 InsertRepeatedBytes-ShuffleBytes-ChangeByte-CMP- DE: "\001\000\000 "-
#1083	NEW    cov: 122 ft: 476 corp: 48/9233b lim: 333 exec/s: 0 rss: 29Mb L: 212/333 MS: 4 CMP-ChangeASCIIInt-CrossOver-CrossOver- DE: "St9exception"-
#1354	REDUCE cov: 122 ft: 476 corp: 48/9191b lim: 333 exec/s: 0 rss: 29Mb L: 178/333 MS: 1 CrossOver-
#1359	NEW    cov: 122 ft: 477 corp: 49/9241b lim: 333 exec/s: 0 rss: 29Mb L: 50/333 MS: 5 ChangeBit-PersAutoDict-ChangeASCIIInt-EraseBytes-EraseBytes- DE: "\001\000\000 "-
#1372	REDUCE cov: 122 ft: 477 corp: 49/9230b lim: 333 exec/s: 0 rss: 29Mb L: 303/333 MS: 3 ShuffleBytes-ShuffleBytes-EraseBytes-
#1419	REDUCE cov: 122 ft: 477 corp: 49/9186b lim: 333 exec/s: 0 rss: 29Mb L: 212/333 MS: 2 InsertRepeatedBytes-EraseBytes-
#1528	NEW    cov: 122 ft: 478 corp: 50/9292b lim: 333 exec/s: 0 rss: 29Mb L: 106/333 MS: 4 EraseBytes-ShuffleBytes-CMP-CopyPart- DE: "\010\000"-
#1530	NEW    cov: 122 ft: 479 corp: 51/9305b lim: 333 exec/s: 0 rss: 29Mb L: 13/333 MS: 2 ChangeASCIIInt-PersAutoDict- DE: "\010\000"-
#1561	REDUCE cov: 122 ft: 479 corp: 51/9304b lim: 333 exec/s: 0 rss: 29Mb L: 93/333 MS: 1 EraseBytes-
#1687	REDUCE cov: 122 ft: 479 corp: 51/9303b lim: 333 exec/s: 0 rss: 29Mb L: 71/333 MS: 1 EraseBytes-
#1874	REDUCE cov: 122 ft: 479 corp: 51/9300b lim: 333 exec/s: 0 rss: 29Mb L: 29/333 MS: 2 ShuffleBytes-EraseBytes-
#1976	REDUCE cov: 122 ft: 479 corp: 51/9297b lim: 333 exec/s: 0 rss: 29Mb L: 65/333 MS: 2 ChangeASCIIInt-EraseBytes-
#2089	NEW    cov: 122 ft: 480 corp: 52/9544b lim: 333 exec/s: 0 rss: 29Mb L: 247/333 MS: 3 ShuffleBytes-ChangeBit-PersAutoDict- DE: "\010\000"-
#2196	REDUCE cov: 122 ft: 481 corp: 53/9583b lim: 333 exec/s: 0 rss: 29Mb L: 39/333 MS: 2 CrossOver-CMP- DE: "trak"-
#2197	NEW    cov: 123 ft: 482 corp: 54/9590b lim: 333 exec/s: 0 rss: 29Mb L: 7/333 MS: 1 EraseBytes-
#2207	REDUCE cov: 123 ft: 482 corp: 54/9586b lim: 333 exec/s: 0 rss: 29Mb L: 198/333 MS: 5 CopyPart-EraseBytes-ChangeBinInt-ChangeBinInt-InsertRepeatedBytes-
#2240	REDUCE cov: 123 ft: 482 corp: 54/9582b lim: 333 exec/s: 0 rss: 29Mb L: 64/333 MS: 3 CMP-CopyPart-EraseBytes- DE: "\377\377\377\377\377\377\377\000"-
#2252	REDUCE cov: 123 ft: 482 corp: 54/9580b lim: 333 exec/s: 0 rss: 29Mb L: 11/333 MS: 2 PersAutoDict-EraseBytes- DE: "!\035\000(9|\000\000"-
#2330	REDUCE cov: 123 ft: 482 corp: 54/9579b lim: 333 exec/s: 0 rss: 29Mb L: 177/333 MS: 3 ChangeBit-ChangeASCIIInt-EraseBytes-
#2356	REDUCE cov: 123 ft: 482 corp: 54/9573b lim: 333 exec/s: 0 rss: 29Mb L: 32/333 MS: 1 EraseBytes-
#2437	REDUCE cov: 123 ft: 482 corp: 54/9570b lim: 333 exec/s: 0 rss: 29Mb L: 8/333 MS: 1 EraseBytes-
#2495	NEW    cov: 123 ft: 483 corp: 55/9894b lim: 333 exec/s: 0 rss: 29Mb L: 324/333 MS: 3 CrossOver-CMP-CMP- DE: "\001\000Z\247LP\371\344"-"h14p"-
#2633	REDUCE cov: 123 ft: 483 corp: 55/9860b lim: 333 exec/s: 0 rss: 29Mb L: 97/333 MS: 3 CrossOver-ChangeBit-CrossOver-
#2638	REDUCE cov: 123 ft: 483 corp: 55/9829b lim: 333 exec/s: 0 rss: 29Mb L: 129/333 MS: 5 ChangeBit-ChangeBinInt-InsertRepeatedBytes-InsertRepeatedBytes-EraseBytes-
#2645	REDUCE cov: 123 ft: 483 corp: 55/9813b lim: 333 exec/s: 0 rss: 29Mb L: 81/333 MS: 2 PersAutoDict-EraseBytes- DE: "\010\000"-
#2720	REDUCE cov: 123 ft: 483 corp: 55/9800b lim: 333 exec/s: 0 rss: 29Mb L: 68/333 MS: 5 CopyPart-ChangeBinInt-PersAutoDict-EraseBytes-ChangeBinInt- DE: "St9exception"-
#2747	REDUCE cov: 123 ft: 483 corp: 55/9797b lim: 333 exec/s: 0 rss: 29Mb L: 324/333 MS: 2 ChangeBinInt-EraseBytes-
#2843	NEW    cov: 123 ft: 484 corp: 56/10021b lim: 333 exec/s: 0 rss: 29Mb L: 224/333 MS: 1 PersAutoDict- DE: "\001\000\000 "-
#2865	REDUCE cov: 123 ft: 484 corp: 56/10015b lim: 333 exec/s: 0 rss: 29Mb L: 273/333 MS: 2 ChangeBinInt-EraseBytes-
#2949	REDUCE cov: 123 ft: 484 corp: 56/9962b lim: 333 exec/s: 0 rss: 29Mb L: 192/333 MS: 4 ChangeBit-CMP-ShuffleBytes-EraseBytes- DE: "\024\000"-
#3244	REDUCE cov: 123 ft: 484 corp: 56/9939b lim: 333 exec/s: 0 rss: 29Mb L: 168/333 MS: 5 ChangeBit-CMP-PersAutoDict-InsertRepeatedBytes-EraseBytes- DE: "schm"-"\010\000"-
#3445	REDUCE cov: 123 ft: 484 corp: 56/9898b lim: 333 exec/s: 0 rss: 29Mb L: 151/333 MS: 1 EraseBytes-
#3486	REDUCE cov: 123 ft: 484 corp: 56/9867b lim: 333 exec/s: 0 rss: 29Mb L: 219/333 MS: 1 EraseBytes-
#3754	REDUCE cov: 123 ft: 484 corp: 56/9859b lim: 333 exec/s: 0 rss: 29Mb L: 56/333 MS: 3 ChangeBinInt-InsertRepeatedBytes-EraseBytes-
#3785	REDUCE cov: 123 ft: 484 corp: 56/9857b lim: 333 exec/s: 0 rss: 29Mb L: 9/333 MS: 1 EraseBytes-
#3793	REDUCE cov: 123 ft: 484 corp: 56/9842b lim: 333 exec/s: 0 rss: 29Mb L: 162/333 MS: 3 ShuffleBytes-PersAutoDict-EraseBytes- DE: "!\035\000(9|\000\000"-
#3894	REDUCE cov: 123 ft: 484 corp: 56/9840b lim: 333 exec/s: 0 rss: 29Mb L: 54/333 MS: 1 EraseBytes-
#3910	NEW    cov: 123 ft: 490 corp: 57/10051b lim: 333 exec/s: 0 rss: 29Mb L: 211/333 MS: 1 InsertRepeatedBytes-
#4063	REDUCE cov: 123 ft: 492 corp: 58/10326b lim: 333 exec/s: 0 rss: 29Mb L: 275/333 MS: 3 InsertByte-InsertByte-CopyPart-
#4182	REDUCE cov: 123 ft: 492 corp: 58/10313b lim: 333 exec/s: 0 rss: 29Mb L: 41/333 MS: 4 EraseBytes-EraseBytes-ShuffleBytes-PersAutoDict- DE: "\024\000"-
#4253	REDUCE cov: 123 ft: 492 corp: 58/10312b lim: 333 exec/s: 0 rss: 29Mb L: 18/333 MS: 1 EraseBytes-
#4280	REDUCE cov: 123 ft: 492 corp: 58/10310b lim: 333 exec/s: 0 rss: 29Mb L: 5/333 MS: 2 ShuffleBytes-EraseBytes-
#4412	NEW    cov: 124 ft: 493 corp: 59/10643b lim: 333 exec/s: 0 rss: 29Mb L: 333/333 MS: 2 ShuffleBytes-CopyPart-
#4471	REDUCE cov: 124 ft: 493 corp: 59/10622b lim: 333 exec/s: 0 rss: 29Mb L: 212/333 MS: 4 CrossOver-PersAutoDict-ShuffleBytes-CrossOver- DE: "\001\000\000 "-
#4517	REDUCE cov: 124 ft: 493 corp: 59/10613b lim: 333 exec/s: 0 rss: 29Mb L: 238/333 MS: 1 EraseBytes-
#4553	REDUCE cov: 124 ft: 493 corp: 59/10608b lim: 333 exec/s: 0 rss: 29Mb L: 27/333 MS: 1 EraseBytes-
#4570	REDUCE cov: 124 ft: 493 corp: 59/10577b lim: 333 exec/s: 0 rss: 29Mb L: 189/333 MS: 2 CrossOver-EraseBytes-
#4674	REDUCE cov: 124 ft: 493 corp: 59/10574b lim: 333 exec/s: 0 rss: 29Mb L: 65/333 MS: 4 InsertByte-ChangeByte-CMP-EraseBytes- DE: "\000\000|9(\005!\375"-
#4693	REDUCE cov: 124 ft: 493 corp: 59/10537b lim: 333 exec/s: 0 rss: 29Mb L: 266/333 MS: 4 CrossOver-CrossOver-ChangeBit-CMP- DE: "hvc1"-
#4714	NEW    cov: 124 ft: 497 corp: 60/10859b lim: 333 exec/s: 0 rss: 29Mb L: 322/333 MS: 1 CrossOver-
#4751	REDUCE cov: 124 ft: 497 corp: 60/10793b lim: 333 exec/s: 0 rss: 29Mb L: 85/333 MS: 2 CMP-EraseBytes- DE: ":\275\001(9|\000\000"-
#4790	REDUCE cov: 124 ft: 497 corp: 60/10670b lim: 333 exec/s: 0 rss: 29Mb L: 166/333 MS: 4 EraseBytes-ChangeBinInt-ChangeBit-ChangeBinInt-
#4907	REDUCE cov: 124 ft: 497 corp: 60/10566b lim: 333 exec/s: 0 rss: 29Mb L: 162/333 MS: 2 PersAutoDict-EraseBytes- DE: "schm"-
#4977	REDUCE cov: 124 ft: 497 corp: 60/10563b lim: 333 exec/s: 0 rss: 29Mb L: 31/333 MS: 5 ChangeBit-ShuffleBytes-EraseBytes-InsertByte-CopyPart-
#5003	REDUCE cov: 124 ft: 497 corp: 60/10556b lim: 333 exec/s: 0 rss: 29Mb L: 24/333 MS: 1 EraseBytes-
#5026	REDUCE cov: 124 ft: 497 corp: 60/10546b lim: 333 exec/s: 0 rss: 29Mb L: 152/333 MS: 3 CopyPart-ShuffleBytes-EraseBytes-
#5093	REDUCE cov: 124 ft: 497 corp: 60/10542b lim: 333 exec/s: 0 rss: 29Mb L: 37/333 MS: 2 InsertRepeatedBytes-EraseBytes-
#5200	NEW    cov: 124 ft: 498 corp: 61/10736b lim: 333 exec/s: 0 rss: 29Mb L: 194/333 MS: 2 InsertByte-PersAutoDict- DE: "\001\000Z\247LP\371\344"-
#5272	REDUCE cov: 124 ft: 498 corp: 61/10539b lim: 333 exec/s: 0 rss: 29Mb L: 125/333 MS: 2 PersAutoDict-CrossOver- DE: "\000\000|9(\005!\375"-
#5349	REDUCE cov: 124 ft: 498 corp: 61/10521b lim: 333 exec/s: 0 rss: 29Mb L: 47/333 MS: 2 ShuffleBytes-EraseBytes-
#5377	REDUCE cov: 124 ft: 498 corp: 61/10485b lim: 333 exec/s: 0 rss: 29Mb L: 89/333 MS: 3 ChangeBit-InsertByte-EraseBytes-
#5390	REDUCE cov: 124 ft: 498 corp: 61/10484b lim: 333 exec/s: 0 rss: 29Mb L: 30/333 MS: 3 InsertByte-ChangeBinInt-EraseBytes-
#5762	NEW    cov: 124 ft: 499 corp: 62/10812b lim: 333 exec/s: 0 rss: 29Mb L: 328/333 MS: 2 ChangeBinInt-InsertRepeatedBytes-
#5805	NEW    cov: 124 ft: 500 corp: 63/11088b lim: 333 exec/s: 0 rss: 29Mb L: 276/333 MS: 3 InsertByte-ChangeBinInt-CopyPart-
#5826	REDUCE cov: 124 ft: 500 corp: 63/11087b lim: 333 exec/s: 0 rss: 29Mb L: 36/333 MS: 1 EraseBytes-
#6214	REDUCE cov: 124 ft: 500 corp: 63/11083b lim: 333 exec/s: 6214 rss: 29Mb L: 148/333 MS: 1 EraseBytes-
#6552	REDUCE cov: 124 ft: 500 corp: 63/11064b lim: 333 exec/s: 6552 rss: 29Mb L: 52/333 MS: 3 CrossOver-CopyPart-EraseBytes-
#6586	REDUCE cov: 124 ft: 500 corp: 63/10966b lim: 333 exec/s: 6586 rss: 29Mb L: 155/333 MS: 4 ChangeASCIIInt-CMP-CrossOver-ChangeByte- DE: "\012\000"-
#6737	REDUCE cov: 124 ft: 500 corp: 63/10916b lim: 333 exec/s: 6737 rss: 29Mb L: 56/333 MS: 1 EraseBytes-
#6758	REDUCE cov: 124 ft: 500 corp: 63/10808b lim: 333 exec/s: 6758 rss: 29Mb L: 202/333 MS: 1 EraseBytes-
#6782	REDUCE cov: 124 ft: 500 corp: 63/10807b lim: 333 exec/s: 6782 rss: 29Mb L: 4/333 MS: 4 CrossOver-ShuffleBytes-ChangeByte-EraseBytes-
#6975	REDUCE cov: 124 ft: 500 corp: 63/10806b lim: 333 exec/s: 6975 rss: 29Mb L: 3/333 MS: 3 ChangeBit-ChangeBit-EraseBytes-
#7146	REDUCE cov: 124 ft: 500 corp: 63/10805b lim: 333 exec/s: 7146 rss: 29Mb L: 2/333 MS: 1 EraseBytes-
#7196	REDUCE cov: 124 ft: 500 corp: 63/10799b lim: 333 exec/s: 7196 rss: 29Mb L: 192/333 MS: 5 CopyPart-CrossOver-PersAutoDict-EraseBytes-InsertByte- DE: "stbl"-
#7255	REDUCE cov: 124 ft: 500 corp: 63/10789b lim: 333 exec/s: 7255 rss: 29Mb L: 46/333 MS: 4 CopyPart-CopyPart-EraseBytes-CopyPart-
#7294	NEW    cov: 124 ft: 502 corp: 64/11035b lim: 333 exec/s: 7294 rss: 29Mb L: 246/333 MS: 4 ShuffleBytes-ChangeBinInt-ShuffleBytes-CopyPart-
#7425	REDUCE cov: 124 ft: 502 corp: 64/11023b lim: 333 exec/s: 7425 rss: 29Mb L: 34/333 MS: 1 EraseBytes-
#7680	REDUCE cov: 124 ft: 502 corp: 64/11022b lim: 333 exec/s: 7680 rss: 29Mb L: 86/333 MS: 5 EraseBytes-CMP-ShuffleBytes-CrossOver-CrossOver- DE: "J\000X*<s\2204"-
#7963	REDUCE cov: 124 ft: 502 corp: 64/10973b lim: 333 exec/s: 7963 rss: 29Mb L: 269/333 MS: 3 PersAutoDict-EraseBytes-CopyPart- DE: "\002\000\000\000"-
#8073	NEW    cov: 124 ft: 514 corp: 65/11220b lim: 333 exec/s: 8073 rss: 29Mb L: 247/333 MS: 5 EraseBytes-CopyPart-ChangeBinInt-ShuffleBytes-CMP- DE: "pixi"-
#8187	REDUCE cov: 124 ft: 514 corp: 65/11219b lim: 333 exec/s: 8187 rss: 29Mb L: 49/333 MS: 4 CrossOver-ChangeBit-EraseBytes-InsertByte-
#8226	REDUCE cov: 124 ft: 514 corp: 65/11190b lim: 333 exec/s: 8226 rss: 29Mb L: 147/333 MS: 4 ShuffleBytes-CrossOver-CMP-EraseBytes- DE: "mdia"-
#8254	REDUCE cov: 124 ft: 514 corp: 65/11189b lim: 333 exec/s: 8254 rss: 29Mb L: 35/333 MS: 3 ChangeBit-CrossOver-EraseBytes-
#8435	REDUCE cov: 124 ft: 514 corp: 65/11188b lim: 333 exec/s: 8435 rss: 29Mb L: 1/333 MS: 1 EraseBytes-
#8456	REDUCE cov: 124 ft: 514 corp: 65/11180b lim: 333 exec/s: 8456 rss: 29Mb L: 19/333 MS: 1 EraseBytes-
#8572	NEW    cov: 124 ft: 519 corp: 66/11391b lim: 333 exec/s: 8572 rss: 29Mb L: 211/333 MS: 1 PersAutoDict- DE: "pixi"-
#8706	REDUCE cov: 124 ft: 519 corp: 66/11374b lim: 333 exec/s: 8706 rss: 29Mb L: 32/333 MS: 4 CrossOver-CMP-ChangeBit-CopyPart- DE: "sinf"-
#9006	REDUCE cov: 124 ft: 519 corp: 66/11354b lim: 333 exec/s: 9006 rss: 29Mb L: 69/333 MS: 5 ChangeASCIIInt-PersAutoDict-ShuffleBytes-ChangeBinInt-EraseBytes- DE: "hvc1"-
#9017	REDUCE cov: 124 ft: 519 corp: 66/11343b lim: 333 exec/s: 9017 rss: 29Mb L: 227/333 MS: 1 EraseBytes-
#9607	REDUCE cov: 124 ft: 519 corp: 66/11312b lim: 333 exec/s: 9607 rss: 29Mb L: 38/333 MS: 5 CopyPart-ChangeByte-ShuffleBytes-EraseBytes-EraseBytes-
#9709	REDUCE cov: 124 ft: 519 corp: 66/11305b lim: 333 exec/s: 9709 rss: 29Mb L: 45/333 MS: 2 ChangeByte-EraseBytes-
#10129	NEW    cov: 124 ft: 520 corp: 67/11537b lim: 333 exec/s: 10129 rss: 29Mb L: 232/333 MS: 5 ChangeByte-CrossOver-ChangeBinInt-CrossOver-CMP- DE: "urn "-
#10499	REDUCE cov: 124 ft: 520 corp: 67/11536b lim: 333 exec/s: 10499 rss: 29Mb L: 31/333 MS: 5 ChangeByte-ChangeByte-CopyPart-ChangeBit-EraseBytes-
#10551	NEW    cov: 124 ft: 521 corp: 68/11786b lim: 333 exec/s: 10551 rss: 29Mb L: 250/333 MS: 2 PersAutoDict-ChangeBinInt- DE: "h14p"-
#10642	REDUCE cov: 124 ft: 521 corp: 68/11784b lim: 333 exec/s: 10642 rss: 29Mb L: 63/333 MS: 1 EraseBytes-
#10648	REDUCE cov: 124 ft: 521 corp: 68/11780b lim: 333 exec/s: 10648 rss: 29Mb L: 320/333 MS: 1 EraseBytes-
#10846	REDUCE cov: 124 ft: 521 corp: 68/11771b lim: 333 exec/s: 10846 rss: 29Mb L: 215/333 MS: 3 ChangeBinInt-ChangeBinInt-EraseBytes-
#11022	REDUCE cov: 124 ft: 521 corp: 68/11768b lim: 333 exec/s: 11022 rss: 29Mb L: 26/333 MS: 1 EraseBytes-
#11103	REDUCE cov: 124 ft: 521 corp: 68/11756b lim: 333 exec/s: 11103 rss: 29Mb L: 261/333 MS: 1 EraseBytes-
#11157	REDUCE cov: 124 ft: 521 corp: 68/11747b lim: 333 exec/s: 11157 rss: 29Mb L: 266/333 MS: 4 ChangeBit-InsertByte-ChangeByte-EraseBytes-
#11202	REDUCE cov: 124 ft: 521 corp: 68/11738b lim: 333 exec/s: 11202 rss: 29Mb L: 138/333 MS: 5 ChangeBit-CopyPart-ShuffleBytes-InsertRepeatedBytes-EraseBytes-
#11211	REDUCE cov: 124 ft: 521 corp: 68/11728b lim: 333 exec/s: 11211 rss: 29Mb L: 266/333 MS: 4 ShuffleBytes-ShuffleBytes-ChangeByte-EraseBytes-
#11305	REDUCE cov: 124 ft: 521 corp: 68/11727b lim: 333 exec/s: 11305 rss: 29Mb L: 34/333 MS: 4 ChangeBinInt-ChangeBinInt-ChangeByte-EraseBytes-
#11384	REDUCE cov: 124 ft: 521 corp: 68/11726b lim: 333 exec/s: 11384 rss: 29Mb L: 17/333 MS: 4 ChangeASCIIInt-ChangeBinInt-ChangeBit-EraseBytes-
#11520	REDUCE cov: 124 ft: 521 corp: 68/11723b lim: 333 exec/s: 11520 rss: 29Mb L: 31/333 MS: 1 EraseBytes-
#11538	REDUCE cov: 124 ft: 521 corp: 68/11683b lim: 333 exec/s: 11538 rss: 29Mb L: 162/333 MS: 3 InsertByte-ChangeBinInt-EraseBytes-
#11621	REDUCE cov: 124 ft: 522 corp: 69/11954b lim: 333 exec/s: 11621 rss: 29Mb L: 271/333 MS: 3 InsertByte-InsertByte-CMP- DE: "pixi"-
#11802	NEW    cov: 124 ft: 523 corp: 70/12229b lim: 333 exec/s: 11802 rss: 29Mb L: 275/333 MS: 1 ChangeByte-
#11921	REDUCE cov: 124 ft: 523 corp: 70/12207b lim: 333 exec/s: 11921 rss: 29Mb L: 190/333 MS: 4 CrossOver-ChangeBinInt-PersAutoDict-EraseBytes- DE: "\001\000Z\247LP\371\344"-
#12138	REDUCE cov: 124 ft: 523 corp: 70/12191b lim: 333 exec/s: 12138 rss: 29Mb L: 152/333 MS: 2 ChangeByte-EraseBytes-
#12185	REDUCE cov: 124 ft: 523 corp: 70/12183b lim: 333 exec/s: 12185 rss: 29Mb L: 23/333 MS: 2 ChangeBit-EraseBytes-
#12720	REDUCE cov: 124 ft: 523 corp: 70/12180b lim: 333 exec/s: 6360 rss: 30Mb L: 189/333 MS: 5 ChangeByte-ShuffleBytes-ChangeBit-EraseBytes-CopyPart-
#12730	REDUCE cov: 124 ft: 523 corp: 70/12177b lim: 333 exec/s: 6365 rss: 30Mb L: 145/333 MS: 5 CrossOver-CrossOver-InsertByte-CrossOver-EraseBytes-
#12762	REDUCE cov: 124 ft: 523 corp: 70/12176b lim: 333 exec/s: 6381 rss: 30Mb L: 320/333 MS: 2 ChangeByte-EraseBytes-
#12839	REDUCE cov: 124 ft: 523 corp: 70/12175b lim: 333 exec/s: 6419 rss: 30Mb L: 44/333 MS: 2 PersAutoDict-EraseBytes- DE: ":\275\001(9|\000\000"-
#12863	REDUCE cov: 124 ft: 523 corp: 70/12166b lim: 333 exec/s: 6431 rss: 30Mb L: 25/333 MS: 4 EraseBytes-CMP-ShuffleBytes-InsertByte- DE: "\377\377\377\007"-
#12926	REDUCE cov: 124 ft: 523 corp: 70/12165b lim: 333 exec/s: 6463 rss: 30Mb L: 218/333 MS: 3 CrossOver-InsertByte-InsertRepeatedBytes-
#13004	NEW    cov: 124 ft: 524 corp: 71/12429b lim: 333 exec/s: 6502 rss: 30Mb L: 264/333 MS: 3 CrossOver-InsertRepeatedBytes-EraseBytes-
#13417	REDUCE cov: 124 ft: 524 corp: 71/12410b lim: 333 exec/s: 6708 rss: 30Mb L: 252/333 MS: 3 ChangeBit-ChangeBinInt-EraseBytes-
#14144	REDUCE cov: 124 ft: 524 corp: 71/12404b lim: 333 exec/s: 7072 rss: 30Mb L: 25/333 MS: 2 CopyPart-EraseBytes-
#14166	REDUCE cov: 124 ft: 524 corp: 71/12397b lim: 333 exec/s: 7083 rss: 30Mb L: 40/333 MS: 2 EraseBytes-CrossOver-
#14348	REDUCE cov: 124 ft: 524 corp: 71/12395b lim: 333 exec/s: 7174 rss: 30Mb L: 268/333 MS: 2 CopyPart-EraseBytes-
#14449	REDUCE cov: 124 ft: 524 corp: 71/12366b lim: 333 exec/s: 7224 rss: 30Mb L: 56/333 MS: 1 EraseBytes-
#14741	REDUCE cov: 124 ft: 524 corp: 71/12337b lim: 333 exec/s: 7370 rss: 30Mb L: 34/333 MS: 2 ChangeByte-EraseBytes-
#14812	REDUCE cov: 124 ft: 524 corp: 71/12329b lim: 333 exec/s: 7406 rss: 30Mb L: 144/333 MS: 1 EraseBytes-
#14818	REDUCE cov: 124 ft: 524 corp: 71/12243b lim: 333 exec/s: 7409 rss: 30Mb L: 212/333 MS: 1 EraseBytes-
#14849	REDUCE cov: 124 ft: 524 corp: 71/12238b lim: 333 exec/s: 7424 rss: 30Mb L: 18/333 MS: 1 EraseBytes-
#14908	REDUCE cov: 124 ft: 524 corp: 71/12197b lim: 333 exec/s: 7454 rss: 30Mb L: 211/333 MS: 4 ChangeByte-ChangeBit-PersAutoDict-EraseBytes- DE: "stbl"-
#14910	REDUCE cov: 124 ft: 524 corp: 71/12195b lim: 333 exec/s: 7455 rss: 30Mb L: 160/333 MS: 2 ChangeBit-EraseBytes-
#14934	REDUCE cov: 124 ft: 524 corp: 71/12190b lim: 333 exec/s: 7467 rss: 30Mb L: 139/333 MS: 4 CMP-EraseBytes-InsertByte-InsertRepeatedBytes- DE: "\377\377{9(\013f\362"-
#15007	REDUCE cov: 124 ft: 524 corp: 71/12157b lim: 333 exec/s: 7503 rss: 30Mb L: 287/333 MS: 3 ChangeByte-InsertRepeatedBytes-EraseBytes-
#15265	REDUCE cov: 124 ft: 524 corp: 71/12156b lim: 333 exec/s: 7632 rss: 30Mb L: 16/333 MS: 3 ChangeASCIIInt-ChangeASCIIInt-EraseBytes-
#15482	REDUCE cov: 124 ft: 524 corp: 71/12154b lim: 333 exec/s: 7741 rss: 30Mb L: 318/333 MS: 2 ChangeByte-EraseBytes-
#15668	REDUCE cov: 124 ft: 524 corp: 71/12138b lim: 333 exec/s: 7834 rss: 30Mb L: 177/333 MS: 1 EraseBytes-
#15685	REDUCE cov: 124 ft: 524 corp: 71/12130b lim: 333 exec/s: 7842 rss: 30Mb L: 10/333 MS: 2 InsertByte-EraseBytes-
==571132== ERROR: libFuzzer: out-of-memory (used: 2255Mb; limit: 1024Mb)
   To change the out-of-memory limit use -rss_limit_mb=<N>

MS: 1 CopyPart-; base unit: 7f4022a8452843076b2dfdf5e72cb7d6ba8df5c3
artifact_prefix='/results/crashes/20260313_172144_e6a519e3_'; Test unit written to /results/crashes/20260313_172144_e6a519e3_oom-2f604f27c3d60fcec2d98c3c48030b290964d0f6
SUMMARY: libFuzzer: out-of-memory
stat::number_of_executed_units: 15926
stat::average_exec_per_sec:     3981
stat::new_units_added:          186
stat::slowest_unit_time_sec:    0
stat::peak_rss_mb:              2256
