INFO: Running with entropic power schedule (0xFF, 100).
INFO: Seed: 3859461134
INFO: Loaded 1 modules   (252 inline 8-bit counters): 252 [0x5c1bb2422678, 0x5c1bb2422774), 
INFO: Loaded 1 PC tables (252 PCs): 252 [0x5c1bb2422778,0x5c1bb2423738), 
INFO:        4 files found in /tmp/corpus_20260313_142428_45400b7f
INFO: seed corpus: files: 4 min: 48b max: 333b total: 853b rss: 28Mb
#5	INITED cov: 118 ft: 254 corp: 4/853b exec/s: 0 rss: 29Mb
#6	NEW    cov: 118 ft: 268 corp: 5/1074b lim: 333 exec/s: 0 rss: 29Mb L: 221/333 MS: 1 InsertByte-
#10	NEW    cov: 119 ft: 272 corp: 6/1216b lim: 333 exec/s: 0 rss: 29Mb L: 142/333 MS: 4 CopyPart-ShuffleBytes-EraseBytes-CrossOver-
#11	NEW    cov: 119 ft: 288 corp: 7/1309b lim: 333 exec/s: 0 rss: 29Mb L: 93/333 MS: 1 CopyPart-
#12	NEW    cov: 119 ft: 289 corp: 8/1410b lim: 333 exec/s: 0 rss: 29Mb L: 101/333 MS: 1 CMP- DE: "\001\000\\\033\336\315\356\341"-
#15	NEW    cov: 119 ft: 290 corp: 9/1503b lim: 333 exec/s: 0 rss: 29Mb L: 93/333 MS: 3 CopyPart-ChangeByte-ChangeBit-
#16	NEW    cov: 119 ft: 291 corp: 10/1726b lim: 333 exec/s: 0 rss: 29Mb L: 223/333 MS: 1 EraseBytes-
#17	NEW    cov: 119 ft: 296 corp: 11/1842b lim: 333 exec/s: 0 rss: 29Mb L: 116/333 MS: 1 CrossOver-
#30	NEW    cov: 120 ft: 302 corp: 12/2119b lim: 333 exec/s: 0 rss: 29Mb L: 277/333 MS: 3 ChangeBit-ChangeByte-CrossOver-
#35	REDUCE cov: 120 ft: 302 corp: 12/2092b lim: 333 exec/s: 0 rss: 29Mb L: 194/333 MS: 5 PersAutoDict-CMP-InsertByte-ChangeBit-EraseBytes- DE: "\001\000\\\033\336\315\356\341"-"P\235\316\336\033\\\000\000"-
#36	NEW    cov: 120 ft: 304 corp: 13/2248b lim: 333 exec/s: 0 rss: 29Mb L: 156/333 MS: 1 EraseBytes-
#42	NEW    cov: 120 ft: 305 corp: 14/2297b lim: 333 exec/s: 0 rss: 29Mb L: 49/333 MS: 1 InsertByte-
#44	REDUCE cov: 120 ft: 324 corp: 15/2410b lim: 333 exec/s: 0 rss: 29Mb L: 113/333 MS: 2 InsertByte-EraseBytes-
#48	NEW    cov: 120 ft: 326 corp: 16/2567b lim: 333 exec/s: 0 rss: 29Mb L: 157/333 MS: 4 ShuffleBytes-CrossOver-ChangeByte-CrossOver-
#57	NEW    cov: 120 ft: 336 corp: 17/2713b lim: 333 exec/s: 0 rss: 29Mb L: 146/333 MS: 4 ChangeByte-ShuffleBytes-CMP-CrossOver- DE: "mdia"-
#59	NEW    cov: 120 ft: 337 corp: 18/2995b lim: 333 exec/s: 0 rss: 29Mb L: 282/333 MS: 2 ShuffleBytes-InsertRepeatedBytes-
#69	REDUCE cov: 120 ft: 337 corp: 18/2966b lim: 333 exec/s: 0 rss: 29Mb L: 194/333 MS: 5 CrossOver-ChangeBit-InsertRepeatedBytes-ChangeBit-EraseBytes-
#70	NEW    cov: 120 ft: 338 corp: 19/3130b lim: 333 exec/s: 0 rss: 29Mb L: 164/333 MS: 1 CrossOver-
#71	REDUCE cov: 120 ft: 338 corp: 19/3119b lim: 333 exec/s: 0 rss: 29Mb L: 183/333 MS: 1 EraseBytes-
#73	NEW    cov: 120 ft: 339 corp: 20/3284b lim: 333 exec/s: 0 rss: 29Mb L: 165/333 MS: 2 ChangeASCIIInt-InsertByte-
#84	NEW    cov: 120 ft: 340 corp: 21/3477b lim: 333 exec/s: 0 rss: 29Mb L: 193/333 MS: 1 InsertRepeatedBytes-
#96	NEW    cov: 120 ft: 341 corp: 22/3526b lim: 333 exec/s: 0 rss: 29Mb L: 49/333 MS: 2 CMP-ChangeByte- DE: "\000\000\000 "-
#105	NEW    cov: 120 ft: 342 corp: 23/3592b lim: 333 exec/s: 0 rss: 29Mb L: 66/333 MS: 4 PersAutoDict-ShuffleBytes-EraseBytes-ChangeBinInt- DE: "\000\000\000 "-
#110	NEW    cov: 120 ft: 343 corp: 24/3884b lim: 333 exec/s: 0 rss: 29Mb L: 292/333 MS: 5 ShuffleBytes-InsertByte-ChangeBinInt-InsertByte-InsertRepeatedBytes-
#125	NEW    cov: 120 ft: 344 corp: 25/4112b lim: 333 exec/s: 0 rss: 29Mb L: 228/333 MS: 5 CrossOver-ChangeASCIIInt-CopyPart-EraseBytes-InsertRepeatedBytes-
#126	NEW    cov: 120 ft: 348 corp: 26/4168b lim: 333 exec/s: 0 rss: 29Mb L: 56/333 MS: 1 CMP- DE: "\350\031\037\262\033\\\000\000"-
#129	REDUCE cov: 120 ft: 348 corp: 26/4128b lim: 333 exec/s: 0 rss: 29Mb L: 188/333 MS: 3 ShuffleBytes-CopyPart-EraseBytes-
#138	REDUCE cov: 120 ft: 349 corp: 27/4419b lim: 333 exec/s: 0 rss: 29Mb L: 291/333 MS: 4 ChangeBit-CrossOver-ShuffleBytes-CopyPart-
#143	NEW    cov: 120 ft: 389 corp: 28/4446b lim: 333 exec/s: 0 rss: 29Mb L: 27/333 MS: 5 ShuffleBytes-CrossOver-PersAutoDict-CopyPart-CrossOver- DE: "mdia"-
#153	NEW    cov: 120 ft: 390 corp: 29/4529b lim: 333 exec/s: 0 rss: 29Mb L: 83/333 MS: 5 ShuffleBytes-PersAutoDict-ChangeASCIIInt-ChangeBinInt-EraseBytes- DE: "\000\000\000 "-
#160	NEW    cov: 121 ft: 391 corp: 30/4850b lim: 333 exec/s: 0 rss: 29Mb L: 321/333 MS: 2 CopyPart-CopyPart-
#167	NEW    cov: 121 ft: 392 corp: 31/5174b lim: 333 exec/s: 0 rss: 29Mb L: 324/333 MS: 2 InsertByte-InsertRepeatedBytes-
#180	NEW    cov: 121 ft: 393 corp: 32/5277b lim: 333 exec/s: 0 rss: 29Mb L: 103/333 MS: 3 CopyPart-EraseBytes-CrossOver-
#197	REDUCE cov: 121 ft: 393 corp: 32/5268b lim: 333 exec/s: 0 rss: 29Mb L: 268/333 MS: 2 CrossOver-EraseBytes-
#201	NEW    cov: 121 ft: 394 corp: 33/5479b lim: 333 exec/s: 0 rss: 29Mb L: 211/333 MS: 4 ShuffleBytes-ChangeByte-EraseBytes-EraseBytes-
#209	REDUCE cov: 121 ft: 394 corp: 33/5468b lim: 333 exec/s: 0 rss: 29Mb L: 105/333 MS: 3 ShuffleBytes-InsertByte-EraseBytes-
#215	NEW    cov: 121 ft: 395 corp: 34/5652b lim: 333 exec/s: 0 rss: 29Mb L: 184/333 MS: 1 CrossOver-
#231	NEW    cov: 121 ft: 396 corp: 35/5700b lim: 333 exec/s: 0 rss: 29Mb L: 48/333 MS: 1 ChangeByte-
#242	NEW    cov: 121 ft: 397 corp: 36/5796b lim: 333 exec/s: 0 rss: 29Mb L: 96/333 MS: 1 CopyPart-
#260	NEW    cov: 121 ft: 398 corp: 37/5946b lim: 333 exec/s: 0 rss: 29Mb L: 150/333 MS: 3 EraseBytes-ChangeBit-EraseBytes-
#261	REDUCE cov: 121 ft: 398 corp: 37/5945b lim: 333 exec/s: 0 rss: 29Mb L: 47/333 MS: 1 EraseBytes-
#332	NEW    cov: 122 ft: 399 corp: 38/6133b lim: 333 exec/s: 0 rss: 29Mb L: 188/333 MS: 1 PersAutoDict- DE: "mdia"-
#342	NEW    cov: 122 ft: 402 corp: 39/6292b lim: 333 exec/s: 0 rss: 29Mb L: 159/333 MS: 5 EraseBytes-ChangeASCIIInt-ChangeBit-InsertRepeatedBytes-PersAutoDict- DE: "\350\031\037\262\033\\\000\000"-
#454	NEW    cov: 122 ft: 410 corp: 40/6623b lim: 333 exec/s: 0 rss: 29Mb L: 331/333 MS: 2 CopyPart-CopyPart-
#460	NEW    cov: 122 ft: 413 corp: 41/6649b lim: 333 exec/s: 0 rss: 29Mb L: 26/333 MS: 1 EraseBytes-
#472	NEW    cov: 122 ft: 422 corp: 42/6672b lim: 333 exec/s: 0 rss: 29Mb L: 23/333 MS: 2 CrossOver-EraseBytes-
#487	NEW    cov: 122 ft: 427 corp: 43/6708b lim: 333 exec/s: 0 rss: 29Mb L: 36/333 MS: 5 ChangeBit-CrossOver-ChangeByte-EraseBytes-EraseBytes-
#491	NEW    cov: 122 ft: 442 corp: 44/6724b lim: 333 exec/s: 0 rss: 29Mb L: 16/333 MS: 4 EraseBytes-ChangeByte-ChangeBinInt-EraseBytes-
#516	NEW    cov: 122 ft: 443 corp: 45/6867b lim: 333 exec/s: 0 rss: 29Mb L: 143/333 MS: 5 ChangeBit-CMP-CopyPart-ChangeASCIIInt-CrossOver- DE: "cdsc"-
#589	REDUCE cov: 122 ft: 443 corp: 45/6865b lim: 333 exec/s: 0 rss: 29Mb L: 45/333 MS: 3 PersAutoDict-InsertByte-EraseBytes- DE: "cdsc"-
#596	NEW    cov: 122 ft: 453 corp: 46/6878b lim: 333 exec/s: 0 rss: 29Mb L: 13/333 MS: 2 EraseBytes-EraseBytes-
#636	NEW    cov: 122 ft: 454 corp: 47/7069b lim: 333 exec/s: 0 rss: 29Mb L: 191/333 MS: 5 ChangeBit-ChangeASCIIInt-CMP-CMP-CrossOver- DE: "mdat"-"\352\307jt0\3330\327"-
#734	NEW    cov: 122 ft: 460 corp: 48/7377b lim: 333 exec/s: 0 rss: 29Mb L: 308/333 MS: 3 ChangeASCIIInt-PersAutoDict-InsertRepeatedBytes- DE: "\001\000\\\033\336\315\356\341"-
#755	NEW    cov: 122 ft: 461 corp: 49/7417b lim: 333 exec/s: 0 rss: 29Mb L: 40/333 MS: 1 CMP- DE: "\014\000\000\000"-
#859	REDUCE cov: 122 ft: 463 corp: 50/7442b lim: 333 exec/s: 0 rss: 29Mb L: 25/333 MS: 4 CMP-ChangeByte-CrossOver-EraseBytes- DE: "N7ISOBMFF12Con"-
#936	REDUCE cov: 122 ft: 463 corp: 50/7396b lim: 333 exec/s: 0 rss: 29Mb L: 165/333 MS: 2 ShuffleBytes-EraseBytes-
#951	REDUCE cov: 122 ft: 463 corp: 50/7377b lim: 333 exec/s: 0 rss: 29Mb L: 26/333 MS: 5 CopyPart-ChangeBit-CrossOver-ChangeBinInt-EraseBytes-
#1044	REDUCE cov: 122 ft: 469 corp: 51/7573b lim: 333 exec/s: 0 rss: 29Mb L: 196/333 MS: 3 CMP-CopyPart-ChangeBinInt- DE: "\037\000"-
#1094	NEW    cov: 122 ft: 470 corp: 52/7837b lim: 333 exec/s: 0 rss: 29Mb L: 264/333 MS: 5 ChangeBit-ChangeASCIIInt-ShuffleBytes-InsertRepeatedBytes-CopyPart-
#1108	REDUCE cov: 122 ft: 470 corp: 52/7832b lim: 333 exec/s: 0 rss: 29Mb L: 316/333 MS: 4 ShuffleBytes-InsertRepeatedBytes-ChangeByte-CrossOver-
#1141	REDUCE cov: 122 ft: 470 corp: 52/7824b lim: 333 exec/s: 0 rss: 29Mb L: 323/333 MS: 3 EraseBytes-ShuffleBytes-InsertRepeatedBytes-
#1179	REDUCE cov: 122 ft: 470 corp: 52/7823b lim: 333 exec/s: 0 rss: 29Mb L: 25/333 MS: 3 InsertRepeatedBytes-EraseBytes-EraseBytes-
#1185	REDUCE cov: 122 ft: 470 corp: 52/7820b lim: 333 exec/s: 0 rss: 29Mb L: 10/333 MS: 1 EraseBytes-
#1390	NEW    cov: 122 ft: 471 corp: 53/7830b lim: 333 exec/s: 0 rss: 29Mb L: 10/333 MS: 5 EraseBytes-CMP-InsertRepeatedBytes-InsertByte-CrossOver- DE: "dinf"-
#1501	REDUCE cov: 122 ft: 471 corp: 53/7816b lim: 333 exec/s: 0 rss: 29Mb L: 277/333 MS: 1 CrossOver-
#1575	REDUCE cov: 122 ft: 472 corp: 54/8141b lim: 333 exec/s: 0 rss: 29Mb L: 325/333 MS: 4 ChangeBinInt-CopyPart-ChangeASCIIInt-ChangeBit-
#1635	NEW    cov: 122 ft: 473 corp: 55/8406b lim: 333 exec/s: 0 rss: 29Mb L: 265/333 MS: 5 CMP-EraseBytes-ChangeBinInt-PersAutoDict-CopyPart- DE: "d\000\000\000"-"cdsc"-
#1793	NEW    cov: 122 ft: 480 corp: 56/8425b lim: 333 exec/s: 0 rss: 29Mb L: 19/333 MS: 3 PersAutoDict-ChangeBit-EraseBytes- DE: "mdat"-
#1875	REDUCE cov: 122 ft: 480 corp: 56/8415b lim: 333 exec/s: 0 rss: 29Mb L: 39/333 MS: 2 PersAutoDict-EraseBytes- DE: "N7ISOBMFF12Con"-
#2044	REDUCE cov: 122 ft: 480 corp: 56/8414b lim: 333 exec/s: 0 rss: 29Mb L: 22/333 MS: 4 ChangeBit-ChangeByte-InsertByte-EraseBytes-
#2066	REDUCE cov: 122 ft: 480 corp: 56/8400b lim: 333 exec/s: 0 rss: 29Mb L: 91/333 MS: 2 InsertRepeatedBytes-EraseBytes-
#2236	REDUCE cov: 122 ft: 480 corp: 56/8344b lim: 333 exec/s: 0 rss: 29Mb L: 109/333 MS: 5 PersAutoDict-ChangeBit-ChangeBit-ShuffleBytes-CrossOver- DE: "P\235\316\336\033\\\000\000"-
#2248	REDUCE cov: 122 ft: 480 corp: 56/8343b lim: 333 exec/s: 0 rss: 29Mb L: 25/333 MS: 2 ShuffleBytes-EraseBytes-
#2271	NEW    cov: 122 ft: 481 corp: 57/8669b lim: 333 exec/s: 0 rss: 29Mb L: 326/333 MS: 3 ChangeByte-ChangeByte-InsertRepeatedBytes-
#2347	REDUCE cov: 122 ft: 481 corp: 57/8656b lim: 333 exec/s: 0 rss: 29Mb L: 78/333 MS: 1 EraseBytes-
#2463	REDUCE cov: 122 ft: 481 corp: 57/8647b lim: 333 exec/s: 0 rss: 29Mb L: 74/333 MS: 1 EraseBytes-
#2483	NEW    cov: 123 ft: 482 corp: 58/8652b lim: 333 exec/s: 0 rss: 29Mb L: 5/333 MS: 5 ShuffleBytes-ShuffleBytes-ShuffleBytes-ShuffleBytes-EraseBytes-
#2505	REDUCE cov: 123 ft: 482 corp: 58/8651b lim: 333 exec/s: 0 rss: 29Mb L: 187/333 MS: 2 ShuffleBytes-EraseBytes-
#2533	REDUCE cov: 123 ft: 482 corp: 58/8650b lim: 333 exec/s: 0 rss: 29Mb L: 18/333 MS: 3 CopyPart-ChangeBit-EraseBytes-
#2554	REDUCE cov: 123 ft: 482 corp: 58/8641b lim: 333 exec/s: 0 rss: 29Mb L: 16/333 MS: 1 EraseBytes-
#2583	REDUCE cov: 123 ft: 482 corp: 58/8616b lim: 333 exec/s: 0 rss: 29Mb L: 71/333 MS: 4 ChangeByte-ChangeBinInt-EraseBytes-ChangeByte-
#2645	NEW    cov: 123 ft: 483 corp: 59/8841b lim: 333 exec/s: 0 rss: 29Mb L: 225/333 MS: 2 ChangeByte-InsertRepeatedBytes-
#2653	REDUCE cov: 123 ft: 483 corp: 59/8839b lim: 333 exec/s: 0 rss: 29Mb L: 101/333 MS: 3 CopyPart-EraseBytes-EraseBytes-
#2689	REDUCE cov: 123 ft: 483 corp: 59/8837b lim: 333 exec/s: 0 rss: 29Mb L: 20/333 MS: 1 EraseBytes-
#2768	REDUCE cov: 123 ft: 483 corp: 59/8810b lim: 333 exec/s: 0 rss: 29Mb L: 74/333 MS: 4 EraseBytes-ChangeBinInt-EraseBytes-PersAutoDict- DE: "cdsc"-
#2885	REDUCE cov: 123 ft: 483 corp: 59/8808b lim: 333 exec/s: 0 rss: 29Mb L: 3/333 MS: 2 CopyPart-EraseBytes-
#2892	REDUCE cov: 123 ft: 483 corp: 59/8776b lim: 333 exec/s: 0 rss: 29Mb L: 220/333 MS: 2 CMP-EraseBytes- DE: "\377\377\377\012"-
#2894	REDUCE cov: 123 ft: 483 corp: 59/8767b lim: 333 exec/s: 0 rss: 29Mb L: 30/333 MS: 2 ChangeBit-EraseBytes-
#3096	REDUCE cov: 123 ft: 483 corp: 59/8737b lim: 333 exec/s: 0 rss: 29Mb L: 247/333 MS: 2 PersAutoDict-EraseBytes- DE: "\352\307jt0\3330\327"-
#3135	REDUCE cov: 123 ft: 483 corp: 59/8734b lim: 333 exec/s: 0 rss: 29Mb L: 217/333 MS: 4 CrossOver-ChangeByte-PersAutoDict-EraseBytes- DE: "\350\031\037\262\033\\\000\000"-
#3140	REDUCE cov: 123 ft: 483 corp: 59/8676b lim: 333 exec/s: 0 rss: 29Mb L: 136/333 MS: 5 InsertRepeatedBytes-ChangeBinInt-CrossOver-CrossOver-InsertRepeatedBytes-
#3173	NEW    cov: 123 ft: 484 corp: 60/8684b lim: 333 exec/s: 0 rss: 29Mb L: 8/333 MS: 3 CopyPart-ChangeBinInt-EraseBytes-
#3266	REDUCE cov: 123 ft: 484 corp: 60/8634b lim: 333 exec/s: 0 rss: 29Mb L: 28/333 MS: 3 ChangeBinInt-EraseBytes-EraseBytes-
#3284	REDUCE cov: 123 ft: 484 corp: 60/8631b lim: 333 exec/s: 0 rss: 29Mb L: 17/333 MS: 3 CopyPart-InsertByte-EraseBytes-
#3469	NEW    cov: 123 ft: 485 corp: 61/8924b lim: 333 exec/s: 0 rss: 29Mb L: 293/333 MS: 5 ShuffleBytes-CrossOver-ChangeBinInt-ShuffleBytes-InsertRepeatedBytes-
#3790	REDUCE cov: 123 ft: 485 corp: 61/8923b lim: 333 exec/s: 0 rss: 29Mb L: 9/333 MS: 1 EraseBytes-
#3957	REDUCE cov: 123 ft: 485 corp: 61/8891b lim: 333 exec/s: 0 rss: 29Mb L: 156/333 MS: 2 InsertRepeatedBytes-EraseBytes-
#4033	REDUCE cov: 123 ft: 485 corp: 61/8890b lim: 333 exec/s: 0 rss: 29Mb L: 2/333 MS: 1 EraseBytes-
#4094	NEW    cov: 123 ft: 486 corp: 62/9115b lim: 333 exec/s: 0 rss: 29Mb L: 225/333 MS: 1 ChangeBit-
#4171	REDUCE cov: 123 ft: 486 corp: 62/9111b lim: 333 exec/s: 0 rss: 29Mb L: 14/333 MS: 2 ChangeBit-EraseBytes-
#4224	NEW    cov: 123 ft: 487 corp: 63/9435b lim: 333 exec/s: 0 rss: 29Mb L: 324/333 MS: 3 InsertByte-InsertRepeatedBytes-CopyPart-
#4326	REDUCE cov: 123 ft: 487 corp: 63/9406b lim: 333 exec/s: 0 rss: 29Mb L: 80/333 MS: 2 ShuffleBytes-EraseBytes-
#4431	REDUCE cov: 123 ft: 487 corp: 63/9403b lim: 333 exec/s: 0 rss: 29Mb L: 22/333 MS: 5 ChangeBit-ShuffleBytes-ChangeBit-ChangeByte-EraseBytes-
#4532	REDUCE cov: 123 ft: 487 corp: 63/9394b lim: 333 exec/s: 0 rss: 29Mb L: 65/333 MS: 1 EraseBytes-
#4682	REDUCE cov: 123 ft: 487 corp: 63/9391b lim: 333 exec/s: 0 rss: 29Mb L: 162/333 MS: 5 ShuffleBytes-ChangeByte-ChangeBinInt-CopyPart-EraseBytes-
#4861	REDUCE cov: 123 ft: 487 corp: 63/9389b lim: 333 exec/s: 0 rss: 29Mb L: 20/333 MS: 4 ChangeBit-PersAutoDict-CMP-CrossOver- DE: "\001\000\\\033\336\315\356\341"-"cdsc"-
#5018	REDUCE cov: 123 ft: 487 corp: 63/9373b lim: 333 exec/s: 0 rss: 29Mb L: 40/333 MS: 2 ChangeBit-EraseBytes-
#5088	NEW    cov: 123 ft: 488 corp: 64/9694b lim: 333 exec/s: 0 rss: 29Mb L: 321/333 MS: 5 InsertByte-ChangeASCIIInt-PersAutoDict-PersAutoDict-CopyPart- DE: "mdia"-"\037\000"-
#5105	REDUCE cov: 123 ft: 488 corp: 64/9681b lim: 333 exec/s: 0 rss: 29Mb L: 67/333 MS: 2 ChangeASCIIInt-EraseBytes-
#5117	NEW    cov: 123 ft: 490 corp: 65/9768b lim: 333 exec/s: 0 rss: 29Mb L: 87/333 MS: 2 ChangeBit-CopyPart-
#5139	REDUCE cov: 123 ft: 490 corp: 65/9767b lim: 333 exec/s: 0 rss: 29Mb L: 13/333 MS: 2 ChangeByte-EraseBytes-
#5267	REDUCE cov: 123 ft: 490 corp: 65/9750b lim: 333 exec/s: 0 rss: 29Mb L: 76/333 MS: 3 EraseBytes-ChangeASCIIInt-CopyPart-
#5371	REDUCE cov: 123 ft: 490 corp: 65/9742b lim: 333 exec/s: 0 rss: 29Mb L: 20/333 MS: 4 CMP-InsertByte-ChangeBit-EraseBytes- DE: "\001\000\000\000\000\000\000\000"-
#5401	REDUCE cov: 123 ft: 490 corp: 65/9727b lim: 333 exec/s: 0 rss: 29Mb L: 21/333 MS: 5 ChangeBinInt-PersAutoDict-ShuffleBytes-CrossOver-CopyPart- DE: "\000\000\000 "-
#5462	REDUCE cov: 123 ft: 490 corp: 65/9725b lim: 333 exec/s: 0 rss: 29Mb L: 25/333 MS: 1 EraseBytes-
#5782	REDUCE cov: 123 ft: 490 corp: 65/9720b lim: 333 exec/s: 0 rss: 29Mb L: 25/333 MS: 5 EraseBytes-ChangeBit-ChangeBinInt-ChangeByte-InsertByte-
#6019	REDUCE cov: 123 ft: 490 corp: 65/9688b lim: 333 exec/s: 0 rss: 29Mb L: 44/333 MS: 2 ChangeBinInt-EraseBytes-
#6121	REDUCE cov: 123 ft: 490 corp: 65/9684b lim: 333 exec/s: 0 rss: 29Mb L: 62/333 MS: 2 InsertByte-EraseBytes-
#6217	NEW    cov: 123 ft: 491 corp: 66/9909b lim: 333 exec/s: 0 rss: 29Mb L: 225/333 MS: 1 ChangeByte-
#6526	REDUCE cov: 123 ft: 491 corp: 66/9870b lim: 333 exec/s: 6526 rss: 29Mb L: 117/333 MS: 2 ShuffleBytes-EraseBytes-
#6583	REDUCE cov: 123 ft: 491 corp: 66/9860b lim: 333 exec/s: 6583 rss: 29Mb L: 11/333 MS: 2 ChangeBit-EraseBytes-
#6844	REDUCE cov: 123 ft: 491 corp: 66/9859b lim: 333 exec/s: 6844 rss: 29Mb L: 1/333 MS: 1 EraseBytes-
#6935	REDUCE cov: 123 ft: 491 corp: 66/9852b lim: 333 exec/s: 6935 rss: 29Mb L: 60/333 MS: 1 EraseBytes-
#6959	REDUCE cov: 123 ft: 491 corp: 66/9850b lim: 333 exec/s: 6959 rss: 29Mb L: 14/333 MS: 4 CMP-ChangeBinInt-CrossOver-EraseBytes- DE: "dinf"-
#7045	REDUCE cov: 123 ft: 491 corp: 66/9847b lim: 333 exec/s: 7045 rss: 29Mb L: 11/333 MS: 1 EraseBytes-
#7252	REDUCE cov: 123 ft: 491 corp: 66/9824b lim: 333 exec/s: 7252 rss: 29Mb L: 17/333 MS: 2 EraseBytes-EraseBytes-
#7529	REDUCE cov: 123 ft: 491 corp: 66/9812b lim: 333 exec/s: 7529 rss: 29Mb L: 32/333 MS: 2 ShuffleBytes-EraseBytes-
#7761	REDUCE cov: 123 ft: 491 corp: 66/9796b lim: 333 exec/s: 7761 rss: 29Mb L: 55/333 MS: 2 PersAutoDict-EraseBytes- DE: "\350\031\037\262\033\\\000\000"-
#7979	REDUCE cov: 123 ft: 491 corp: 66/9788b lim: 333 exec/s: 7979 rss: 29Mb L: 9/333 MS: 3 ChangeByte-CopyPart-EraseBytes-
#7990	REDUCE cov: 123 ft: 491 corp: 66/9785b lim: 333 exec/s: 7990 rss: 29Mb L: 8/333 MS: 1 EraseBytes-
#8066	NEW    cov: 123 ft: 499 corp: 67/10018b lim: 333 exec/s: 8066 rss: 29Mb L: 233/333 MS: 1 PersAutoDict- DE: "\350\031\037\262\033\\\000\000"-
#8209	REDUCE cov: 123 ft: 499 corp: 67/10007b lim: 333 exec/s: 8209 rss: 29Mb L: 315/333 MS: 3 ChangeBit-PersAutoDict-EraseBytes- DE: "P\235\316\336\033\\\000\000"-
#8220	NEW    cov: 123 ft: 500 corp: 68/10094b lim: 333 exec/s: 8220 rss: 29Mb L: 87/333 MS: 1 ChangeBinInt-
#8611	REDUCE cov: 123 ft: 500 corp: 68/10091b lim: 333 exec/s: 8611 rss: 29Mb L: 17/333 MS: 1 EraseBytes-
#8759	REDUCE cov: 123 ft: 500 corp: 68/10064b lim: 333 exec/s: 8759 rss: 29Mb L: 289/333 MS: 3 CMP-ChangeBit-EraseBytes- DE: "\377\377ok\364\005Q\273"-
#8801	REDUCE cov: 123 ft: 500 corp: 68/10063b lim: 333 exec/s: 8801 rss: 29Mb L: 323/333 MS: 2 EraseBytes-PersAutoDict- DE: "P\235\316\336\033\\\000\000"-
#9240	REDUCE cov: 123 ft: 500 corp: 68/10058b lim: 333 exec/s: 9240 rss: 29Mb L: 303/333 MS: 4 CopyPart-ChangeASCIIInt-ShuffleBytes-EraseBytes-
#9266	NEW    cov: 123 ft: 506 corp: 69/10291b lim: 333 exec/s: 9266 rss: 29Mb L: 233/333 MS: 1 ChangeBinInt-
#9527	REDUCE cov: 123 ft: 506 corp: 69/10290b lim: 333 exec/s: 9527 rss: 30Mb L: 10/333 MS: 1 EraseBytes-
#9596	REDUCE cov: 123 ft: 506 corp: 69/10282b lim: 333 exec/s: 9596 rss: 30Mb L: 32/333 MS: 4 CopyPart-InsertRepeatedBytes-ChangeBinInt-EraseBytes-
#9623	REDUCE cov: 123 ft: 508 corp: 70/10291b lim: 333 exec/s: 9623 rss: 30Mb L: 9/333 MS: 2 ChangeBit-CrossOver-
#10058	REDUCE cov: 123 ft: 508 corp: 70/10290b lim: 333 exec/s: 10058 rss: 30Mb L: 302/333 MS: 5 ChangeBinInt-InsertRepeatedBytes-CopyPart-EraseBytes-CopyPart-
#10370	REDUCE cov: 123 ft: 508 corp: 70/10287b lim: 333 exec/s: 10370 rss: 30Mb L: 29/333 MS: 2 InsertByte-EraseBytes-
#10433	REDUCE cov: 123 ft: 508 corp: 70/10279b lim: 333 exec/s: 10433 rss: 30Mb L: 209/333 MS: 3 ShuffleBytes-InsertByte-EraseBytes-
#10592	REDUCE cov: 123 ft: 508 corp: 70/10274b lim: 333 exec/s: 10592 rss: 30Mb L: 138/333 MS: 4 PersAutoDict-InsertByte-EraseBytes-InsertRepeatedBytes- DE: "cdsc"-
#10832	REDUCE cov: 123 ft: 508 corp: 70/10267b lim: 333 exec/s: 10832 rss: 30Mb L: 186/333 MS: 5 ChangeBit-InsertByte-ChangeByte-ChangeASCIIInt-EraseBytes-
#11003	REDUCE cov: 123 ft: 508 corp: 70/10254b lim: 333 exec/s: 11003 rss: 30Mb L: 308/333 MS: 1 EraseBytes-
#11084	REDUCE cov: 123 ft: 508 corp: 70/10253b lim: 333 exec/s: 11084 rss: 30Mb L: 19/333 MS: 1 EraseBytes-
#11157	NEW    cov: 123 ft: 517 corp: 71/10486b lim: 333 exec/s: 11157 rss: 30Mb L: 233/333 MS: 3 ChangeBit-PersAutoDict-CMP- DE: "cdsc"-"mvex"-
#11240	REDUCE cov: 123 ft: 517 corp: 71/10462b lim: 333 exec/s: 11240 rss: 30Mb L: 38/333 MS: 3 ShuffleBytes-EraseBytes-ChangeBinInt-
#12376	REDUCE cov: 123 ft: 517 corp: 71/10369b lim: 341 exec/s: 12376 rss: 30Mb L: 230/333 MS: 1 EraseBytes-
#12546	REDUCE cov: 123 ft: 517 corp: 71/10368b lim: 341 exec/s: 12546 rss: 30Mb L: 8/333 MS: 5 EraseBytes-CopyPart-ChangeBinInt-EraseBytes-CMP- DE: "\377\377\377\000"-
#12694	REDUCE cov: 123 ft: 517 corp: 71/10337b lim: 341 exec/s: 12694 rss: 30Mb L: 133/333 MS: 3 ChangeBit-InsertRepeatedBytes-CrossOver-
#12957	REDUCE cov: 123 ft: 517 corp: 71/10297b lim: 341 exec/s: 6478 rss: 30Mb L: 96/333 MS: 1 EraseBytes-
#13327	REDUCE cov: 123 ft: 517 corp: 71/10283b lim: 341 exec/s: 6663 rss: 30Mb L: 169/333 MS: 5 ChangeBinInt-ChangeBinInt-PersAutoDict-CMP-CrossOver- DE: "d\000\000\000"-"\011\000\000\000"-
#13602	REDUCE cov: 123 ft: 517 corp: 71/10270b lim: 341 exec/s: 6801 rss: 30Mb L: 312/333 MS: 5 EraseBytes-ShuffleBytes-CrossOver-InsertByte-InsertRepeatedBytes-
#14288	NEW    cov: 123 ft: 520 corp: 72/10417b lim: 341 exec/s: 7144 rss: 30Mb L: 147/333 MS: 1 CrossOver-
#14670	REDUCE cov: 123 ft: 520 corp: 72/10413b lim: 341 exec/s: 7335 rss: 30Mb L: 109/333 MS: 2 PersAutoDict-EraseBytes- DE: "\377\377ok\364\005Q\273"-
#14701	REDUCE cov: 123 ft: 520 corp: 72/10412b lim: 341 exec/s: 7350 rss: 30Mb L: 18/333 MS: 1 EraseBytes-
#14896	REDUCE cov: 123 ft: 520 corp: 72/10410b lim: 341 exec/s: 7448 rss: 30Mb L: 16/333 MS: 5 InsertRepeatedBytes-EraseBytes-InsertRepeatedBytes-CrossOver-EraseBytes-
#14952	REDUCE cov: 123 ft: 520 corp: 72/10409b lim: 341 exec/s: 7476 rss: 30Mb L: 73/333 MS: 1 EraseBytes-
#15088	REDUCE cov: 123 ft: 520 corp: 72/10408b lim: 341 exec/s: 7544 rss: 30Mb L: 86/333 MS: 1 EraseBytes-
#15274	REDUCE cov: 123 ft: 520 corp: 72/10405b lim: 341 exec/s: 7637 rss: 30Mb L: 13/333 MS: 1 EraseBytes-
#15325	REDUCE cov: 123 ft: 520 corp: 72/10356b lim: 341 exec/s: 7662 rss: 30Mb L: 142/333 MS: 1 EraseBytes-
#15366	REDUCE cov: 123 ft: 520 corp: 72/10355b lim: 341 exec/s: 7683 rss: 30Mb L: 161/333 MS: 1 EraseBytes-
#15370	REDUCE cov: 123 ft: 521 corp: 73/10467b lim: 341 exec/s: 7685 rss: 30Mb L: 112/333 MS: 4 ChangeASCIIInt-CrossOver-CopyPart-EraseBytes-
#15372	REDUCE cov: 123 ft: 521 corp: 73/10430b lim: 341 exec/s: 7686 rss: 30Mb L: 110/333 MS: 2 ShuffleBytes-EraseBytes-
#15488	REDUCE cov: 123 ft: 521 corp: 73/10429b lim: 341 exec/s: 7744 rss: 30Mb L: 145/333 MS: 1 EraseBytes-
#15559	REDUCE cov: 123 ft: 521 corp: 73/10428b lim: 341 exec/s: 7779 rss: 30Mb L: 12/333 MS: 1 EraseBytes-
#15610	NEW    cov: 123 ft: 522 corp: 74/10445b lim: 341 exec/s: 7805 rss: 30Mb L: 17/333 MS: 1 CopyPart-
#15768	REDUCE cov: 123 ft: 522 corp: 74/10444b lim: 341 exec/s: 7884 rss: 30Mb L: 37/333 MS: 3 ShuffleBytes-ShuffleBytes-EraseBytes-
#15913	REDUCE cov: 123 ft: 522 corp: 74/10443b lim: 341 exec/s: 7956 rss: 30Mb L: 8/333 MS: 5 ChangeByte-EraseBytes-CMP-PersAutoDict-InsertByte- DE: "\377\000"-"dinf"-
#16080	REDUCE cov: 123 ft: 522 corp: 74/10426b lim: 341 exec/s: 8040 rss: 30Mb L: 93/333 MS: 2 EraseBytes-InsertByte-
#16336	REDUCE cov: 123 ft: 522 corp: 74/10413b lim: 341 exec/s: 8168 rss: 30Mb L: 42/333 MS: 1 EraseBytes-
#16371	REDUCE cov: 123 ft: 522 corp: 74/10404b lim: 341 exec/s: 8185 rss: 30Mb L: 20/333 MS: 5 ChangeBinInt-ChangeBinInt-CrossOver-CopyPart-EraseBytes-
#16384	pulse  cov: 123 ft: 522 corp: 74/10404b lim: 341 exec/s: 8192 rss: 30Mb
#16463	REDUCE cov: 123 ft: 522 corp: 74/10400b lim: 341 exec/s: 8231 rss: 30Mb L: 33/333 MS: 2 PersAutoDict-EraseBytes- DE: "N7ISOBMFF12Con"-
#16479	REDUCE cov: 123 ft: 522 corp: 74/10394b lim: 341 exec/s: 8239 rss: 30Mb L: 106/333 MS: 1 EraseBytes-
#16492	REDUCE cov: 123 ft: 522 corp: 74/10366b lim: 341 exec/s: 8246 rss: 30Mb L: 73/333 MS: 3 CrossOver-CopyPart-EraseBytes-
#16551	REDUCE cov: 123 ft: 522 corp: 74/10354b lim: 341 exec/s: 8275 rss: 30Mb L: 48/333 MS: 4 ChangeByte-CMP-CopyPart-EraseBytes- DE: "\021\000\000\000\000\000\000\000"-
#16947	REDUCE cov: 123 ft: 522 corp: 74/10306b lim: 341 exec/s: 8473 rss: 30Mb L: 94/333 MS: 1 EraseBytes-
#17035	REDUCE cov: 123 ft: 522 corp: 74/10305b lim: 341 exec/s: 8517 rss: 30Mb L: 9/333 MS: 3 EraseBytes-CopyPart-EraseBytes-
#17192	REDUCE cov: 123 ft: 522 corp: 74/10265b lim: 341 exec/s: 8596 rss: 30Mb L: 93/333 MS: 2 EraseBytes-InsertRepeatedBytes-
#17568	REDUCE cov: 123 ft: 522 corp: 74/10246b lim: 341 exec/s: 8784 rss: 30Mb L: 46/333 MS: 1 CrossOver-
#17579	REDUCE cov: 123 ft: 522 corp: 74/10242b lim: 341 exec/s: 8789 rss: 30Mb L: 8/333 MS: 1 EraseBytes-
#17897	REDUCE cov: 123 ft: 522 corp: 74/10229b lim: 341 exec/s: 8948 rss: 30Mb L: 234/333 MS: 3 EraseBytes-InsertRepeatedBytes-ChangeByte-
#18078	REDUCE cov: 123 ft: 522 corp: 74/10193b lim: 341 exec/s: 9039 rss: 30Mb L: 58/333 MS: 1 EraseBytes-
#18504	REDUCE cov: 123 ft: 522 corp: 74/10176b lim: 341 exec/s: 9252 rss: 30Mb L: 89/333 MS: 1 EraseBytes-
#18776	REDUCE cov: 123 ft: 522 corp: 74/10150b lim: 341 exec/s: 9388 rss: 30Mb L: 63/333 MS: 2 ChangeBit-EraseBytes-
#18962	REDUCE cov: 123 ft: 522 corp: 74/10140b lim: 341 exec/s: 6320 rss: 30Mb L: 83/333 MS: 1 EraseBytes-
#19074	REDUCE cov: 123 ft: 522 corp: 74/10131b lim: 341 exec/s: 6358 rss: 30Mb L: 187/333 MS: 2 ChangeBinInt-EraseBytes-
#19287	REDUCE cov: 123 ft: 522 corp: 74/10097b lim: 341 exec/s: 6429 rss: 30Mb L: 49/333 MS: 3 ChangeBinInt-ChangeByte-EraseBytes-
#19674	REDUCE cov: 123 ft: 522 corp: 74/10094b lim: 341 exec/s: 6558 rss: 30Mb L: 29/333 MS: 2 ChangeASCIIInt-EraseBytes-
#19682	NEW    cov: 123 ft: 523 corp: 75/10328b lim: 341 exec/s: 6560 rss: 30Mb L: 234/333 MS: 3 InsertByte-CMP-ChangeBit- DE: "urn "-
#19973	REDUCE cov: 123 ft: 523 corp: 75/10309b lim: 341 exec/s: 6657 rss: 30Mb L: 30/333 MS: 1 EraseBytes-
#20171	REDUCE cov: 123 ft: 523 corp: 75/10308b lim: 341 exec/s: 6723 rss: 30Mb L: 160/333 MS: 3 ChangeByte-ShuffleBytes-EraseBytes-
#20379	REDUCE cov: 123 ft: 523 corp: 75/10299b lim: 341 exec/s: 6793 rss: 30Mb L: 54/333 MS: 3 ChangeASCIIInt-CMP-EraseBytes- DE: "hvcC"-
#20537	NEW    cov: 124 ft: 524 corp: 76/10533b lim: 341 exec/s: 6845 rss: 30Mb L: 234/333 MS: 3 ChangeByte-CMP-ChangeByte- DE: "\377\377\377\377\377\377\377\023"-
#20739	REDUCE cov: 124 ft: 524 corp: 76/10532b lim: 341 exec/s: 6913 rss: 30Mb L: 208/333 MS: 2 ShuffleBytes-EraseBytes-
#21070	REDUCE cov: 124 ft: 524 corp: 76/10500b lim: 341 exec/s: 7023 rss: 30Mb L: 236/333 MS: 1 EraseBytes-
#21633	REDUCE cov: 124 ft: 524 corp: 76/10497b lim: 341 exec/s: 7211 rss: 30Mb L: 26/333 MS: 3 CopyPart-ShuffleBytes-EraseBytes-
#22050	REDUCE cov: 124 ft: 524 corp: 76/10486b lim: 341 exec/s: 7350 rss: 30Mb L: 312/333 MS: 2 CMP-EraseBytes- DE: "\001\000\000\010"-
#22176	REDUCE cov: 124 ft: 524 corp: 76/10485b lim: 341 exec/s: 7392 rss: 30Mb L: 281/333 MS: 1 EraseBytes-
#22861	NEW    cov: 124 ft: 530 corp: 77/10788b lim: 341 exec/s: 7620 rss: 30Mb L: 303/333 MS: 5 ShuffleBytes-InsertRepeatedBytes-InsertRepeatedBytes-PersAutoDict-CopyPart- DE: "\014\000\000\000"-
#23064	REDUCE cov: 124 ft: 530 corp: 77/10716b lim: 341 exec/s: 7688 rss: 30Mb L: 236/333 MS: 3 ChangeBinInt-ShuffleBytes-EraseBytes-
#23466	REDUCE cov: 124 ft: 530 corp: 77/10714b lim: 341 exec/s: 7822 rss: 30Mb L: 300/333 MS: 2 ChangeBinInt-EraseBytes-
#23492	REDUCE cov: 124 ft: 530 corp: 77/10698b lim: 341 exec/s: 7830 rss: 30Mb L: 299/333 MS: 1 EraseBytes-
#23929	NEW    cov: 125 ft: 531 corp: 78/11032b lim: 341 exec/s: 7976 rss: 30Mb L: 334/334 MS: 2 InsertByte-ChangeByte-
#24136	REDUCE cov: 125 ft: 531 corp: 78/11020b lim: 341 exec/s: 8045 rss: 30Mb L: 138/334 MS: 2 ChangeBinInt-EraseBytes-
#24267	REDUCE cov: 125 ft: 531 corp: 78/11017b lim: 341 exec/s: 8089 rss: 30Mb L: 10/334 MS: 1 EraseBytes-
#24411	REDUCE cov: 125 ft: 531 corp: 78/11009b lim: 341 exec/s: 6102 rss: 30Mb L: 304/334 MS: 4 InsertByte-CrossOver-PersAutoDict-EraseBytes- DE: "cdsc"-
#24497	REDUCE cov: 125 ft: 531 corp: 78/11003b lim: 341 exec/s: 6124 rss: 30Mb L: 181/334 MS: 1 EraseBytes-
#24990	REDUCE cov: 125 ft: 531 corp: 78/10963b lim: 341 exec/s: 6247 rss: 30Mb L: 77/334 MS: 3 EraseBytes-ChangeBit-CMP- DE: "mdhd"-
#25456	REDUCE cov: 125 ft: 531 corp: 78/10926b lim: 341 exec/s: 6364 rss: 30Mb L: 297/333 MS: 1 CrossOver-
#25699	REDUCE cov: 125 ft: 531 corp: 78/10914b lim: 341 exec/s: 6424 rss: 30Mb L: 222/333 MS: 3 EraseBytes-CopyPart-CMP- DE: "\377\377\377\377\377\377\377\325"-
#25987	REDUCE cov: 125 ft: 531 corp: 78/10887b lim: 341 exec/s: 6496 rss: 30Mb L: 133/333 MS: 3 ChangeASCIIInt-ChangeASCIIInt-EraseBytes-
#26743	REDUCE cov: 125 ft: 531 corp: 78/10881b lim: 341 exec/s: 6685 rss: 30Mb L: 48/333 MS: 1 EraseBytes-
#26834	REDUCE cov: 125 ft: 532 corp: 79/10889b lim: 341 exec/s: 6708 rss: 30Mb L: 8/333 MS: 1 EraseBytes-
#27915	REDUCE cov: 125 ft: 532 corp: 79/10861b lim: 349 exec/s: 6978 rss: 30Mb L: 269/333 MS: 1 EraseBytes-
#28073	REDUCE cov: 125 ft: 532 corp: 79/10859b lim: 349 exec/s: 7018 rss: 30Mb L: 24/333 MS: 3 EraseBytes-CrossOver-PersAutoDict- DE: "urn "-
#28074	REDUCE cov: 125 ft: 532 corp: 79/10851b lim: 349 exec/s: 7018 rss: 30Mb L: 88/333 MS: 1 EraseBytes-
#28330	REDUCE cov: 125 ft: 532 corp: 79/10843b lim: 349 exec/s: 7082 rss: 30Mb L: 50/333 MS: 1 EraseBytes-
#28584	REDUCE cov: 125 ft: 532 corp: 79/10839b lim: 349 exec/s: 7146 rss: 30Mb L: 277/333 MS: 4 ChangeByte-ChangeBinInt-CMP-CrossOver- DE: "\000 "-
#28606	REDUCE cov: 125 ft: 532 corp: 79/10838b lim: 349 exec/s: 7151 rss: 30Mb L: 86/333 MS: 2 EraseBytes-PersAutoDict- DE: "N7ISOBMFF12Con"-
#28774	REDUCE cov: 125 ft: 532 corp: 79/10831b lim: 349 exec/s: 7193 rss: 30Mb L: 23/333 MS: 3 PersAutoDict-CopyPart-EraseBytes- DE: "\352\307jt0\3330\327"-
#28845	REDUCE cov: 125 ft: 532 corp: 79/10807b lim: 349 exec/s: 7211 rss: 30Mb L: 53/333 MS: 1 EraseBytes-
#29237	REDUCE cov: 125 ft: 532 corp: 79/10803b lim: 349 exec/s: 7309 rss: 30Mb L: 19/333 MS: 2 CopyPart-EraseBytes-
#29701	REDUCE cov: 125 ft: 532 corp: 79/10797b lim: 349 exec/s: 7425 rss: 30Mb L: 80/333 MS: 4 ShuffleBytes-ChangeBinInt-ChangeBinInt-EraseBytes-
#30077	REDUCE cov: 125 ft: 532 corp: 79/10749b lim: 349 exec/s: 7519 rss: 30Mb L: 188/333 MS: 1 EraseBytes-
#30134	REDUCE cov: 125 ft: 532 corp: 79/10717b lim: 349 exec/s: 7533 rss: 30Mb L: 156/333 MS: 2 PersAutoDict-EraseBytes- DE: "\037\000"-
#30215	REDUCE cov: 125 ft: 532 corp: 79/10715b lim: 349 exec/s: 7553 rss: 30Mb L: 228/333 MS: 1 EraseBytes-
#30811	NEW    cov: 125 ft: 536 corp: 80/11044b lim: 349 exec/s: 7702 rss: 30Mb L: 329/333 MS: 1 InsertRepeatedBytes-
#31292	REDUCE cov: 125 ft: 536 corp: 80/11042b lim: 349 exec/s: 7823 rss: 30Mb L: 136/333 MS: 1 EraseBytes-
#31463	REDUCE cov: 125 ft: 536 corp: 80/11036b lim: 349 exec/s: 6292 rss: 30Mb L: 42/333 MS: 1 EraseBytes-
#31551	REDUCE cov: 125 ft: 545 corp: 81/11116b lim: 349 exec/s: 6310 rss: 30Mb L: 80/333 MS: 3 EraseBytes-ShuffleBytes-CMP- DE: "pixi"-
#31694	NEW    cov: 125 ft: 549 corp: 82/11176b lim: 349 exec/s: 6338 rss: 30Mb L: 60/333 MS: 3 ChangeBit-PersAutoDict-EraseBytes- DE: "\037\000"-
#32011	NEW    cov: 126 ft: 550 corp: 83/11401b lim: 349 exec/s: 6402 rss: 30Mb L: 225/333 MS: 2 ChangeByte-ShuffleBytes-
#32222	NEW    cov: 126 ft: 555 corp: 84/11513b lim: 349 exec/s: 6444 rss: 30Mb L: 112/333 MS: 1 CrossOver-
#32768	pulse  cov: 126 ft: 555 corp: 84/11513b lim: 349 exec/s: 6553 rss: 30Mb
#33201	REDUCE cov: 126 ft: 555 corp: 84/11495b lim: 357 exec/s: 6640 rss: 30Mb L: 285/333 MS: 4 ChangeByte-ChangeBit-CMP-EraseBytes- DE: "\001\001"-
#33448	NEW    cov: 126 ft: 556 corp: 85/11728b lim: 357 exec/s: 6689 rss: 30Mb L: 233/333 MS: 2 ShuffleBytes-CMP- DE: "\000 "-
#34274	REDUCE cov: 126 ft: 556 corp: 85/11677b lim: 365 exec/s: 6854 rss: 30Mb L: 174/333 MS: 1 EraseBytes-
#34705	NEW    cov: 126 ft: 563 corp: 86/11849b lim: 365 exec/s: 6941 rss: 30Mb L: 172/333 MS: 1 InsertRepeatedBytes-
#34971	REDUCE cov: 126 ft: 563 corp: 86/11843b lim: 365 exec/s: 6994 rss: 30Mb L: 74/333 MS: 1 EraseBytes-
#35719	REDUCE cov: 126 ft: 563 corp: 86/11826b lim: 365 exec/s: 7143 rss: 30Mb L: 32/333 MS: 3 EraseBytes-CrossOver-ChangeByte-
#36067	REDUCE cov: 126 ft: 563 corp: 86/11795b lim: 365 exec/s: 7213 rss: 30Mb L: 125/333 MS: 3 PersAutoDict-InsertByte-EraseBytes- DE: "\377\377\377\000"-
#36209	REDUCE cov: 126 ft: 563 corp: 86/11779b lim: 365 exec/s: 7241 rss: 30Mb L: 269/333 MS: 2 ChangeBinInt-EraseBytes-
#38368	REDUCE cov: 126 ft: 563 corp: 86/11775b lim: 381 exec/s: 6394 rss: 30Mb L: 218/333 MS: 4 InsertByte-ChangeBit-CopyPart-EraseBytes-
#39445	REDUCE cov: 126 ft: 563 corp: 86/11750b lim: 389 exec/s: 6574 rss: 30Mb L: 203/333 MS: 2 ChangeBit-EraseBytes-
#39876	REDUCE cov: 126 ft: 563 corp: 86/11734b lim: 389 exec/s: 6646 rss: 30Mb L: 37/333 MS: 1 EraseBytes-
#41892	REDUCE cov: 126 ft: 563 corp: 86/11729b lim: 405 exec/s: 6982 rss: 30Mb L: 167/333 MS: 1 EraseBytes-
#42183	REDUCE cov: 126 ft: 563 corp: 86/11727b lim: 405 exec/s: 7030 rss: 30Mb L: 110/333 MS: 1 EraseBytes-
#42841	REDUCE cov: 126 ft: 563 corp: 86/11726b lim: 405 exec/s: 7140 rss: 30Mb L: 36/333 MS: 3 ChangeASCIIInt-ChangeASCIIInt-EraseBytes-
#43133	REDUCE cov: 126 ft: 563 corp: 86/11720b lim: 405 exec/s: 7188 rss: 30Mb L: 227/333 MS: 2 ChangeBit-EraseBytes-
#43207	NEW    cov: 126 ft: 564 corp: 87/12049b lim: 405 exec/s: 7201 rss: 30Mb L: 329/333 MS: 4 ChangeASCIIInt-ChangeBit-ChangeBit-PersAutoDict- DE: "mdia"-
#43301	REDUCE cov: 126 ft: 564 corp: 87/12043b lim: 405 exec/s: 7216 rss: 30Mb L: 54/333 MS: 4 ChangeBit-ChangeBit-CMP-EraseBytes- DE: "\000\000\000\000\000\000\000\000"-
#43699	REDUCE cov: 126 ft: 564 corp: 87/12042b lim: 405 exec/s: 7283 rss: 31Mb L: 41/333 MS: 3 EraseBytes-CopyPart-PersAutoDict- DE: "\377\377\377\000"-
#44636	REDUCE cov: 126 ft: 564 corp: 87/12027b lim: 413 exec/s: 6376 rss: 31Mb L: 58/333 MS: 2 EraseBytes-InsertRepeatedBytes-
#44892	REDUCE cov: 126 ft: 564 corp: 87/12026b lim: 413 exec/s: 6413 rss: 31Mb L: 57/333 MS: 1 EraseBytes-
#45193	NEW    cov: 126 ft: 567 corp: 88/12251b lim: 413 exec/s: 6456 rss: 31Mb L: 225/333 MS: 1 CMP- DE: "hvcC"-
#45319	REDUCE cov: 126 ft: 567 corp: 88/12250b lim: 413 exec/s: 6474 rss: 31Mb L: 303/333 MS: 1 CrossOver-
#45585	REDUCE cov: 126 ft: 567 corp: 88/12232b lim: 413 exec/s: 6512 rss: 31Mb L: 207/333 MS: 1 EraseBytes-
#45661	REDUCE cov: 126 ft: 567 corp: 88/12208b lim: 413 exec/s: 6523 rss: 31Mb L: 288/333 MS: 1 EraseBytes-
#45689	REDUCE cov: 126 ft: 571 corp: 89/12511b lim: 413 exec/s: 6527 rss: 31Mb L: 303/333 MS: 3 CMP-ChangeBit-PersAutoDict- DE: "schm"-"pixi"-
#46026	REDUCE cov: 126 ft: 571 corp: 89/12430b lim: 413 exec/s: 6575 rss: 31Mb L: 126/333 MS: 2 PersAutoDict-EraseBytes- DE: "\377\377ok\364\005Q\273"-
#46852	REDUCE cov: 126 ft: 571 corp: 89/12425b lim: 421 exec/s: 6693 rss: 31Mb L: 228/333 MS: 1 EraseBytes-
#46953	REDUCE cov: 126 ft: 571 corp: 89/12414b lim: 421 exec/s: 6707 rss: 31Mb L: 214/333 MS: 1 EraseBytes-
#46962	REDUCE cov: 126 ft: 571 corp: 89/12408b lim: 421 exec/s: 6708 rss: 31Mb L: 222/333 MS: 4 ShuffleBytes-ChangeASCIIInt-ChangeASCIIInt-EraseBytes-
#47170	REDUCE cov: 126 ft: 571 corp: 89/12399b lim: 421 exec/s: 6738 rss: 31Mb L: 227/333 MS: 3 EraseBytes-ChangeByte-PersAutoDict- DE: "urn "-
#48707	REDUCE cov: 126 ft: 571 corp: 89/12391b lim: 429 exec/s: 6958 rss: 31Mb L: 148/333 MS: 2 ShuffleBytes-EraseBytes-
#48819	REDUCE cov: 126 ft: 571 corp: 89/12389b lim: 429 exec/s: 6974 rss: 31Mb L: 231/333 MS: 2 ShuffleBytes-EraseBytes-
#48942	REDUCE cov: 126 ft: 571 corp: 89/12387b lim: 429 exec/s: 6991 rss: 31Mb L: 185/333 MS: 3 CopyPart-CMP-EraseBytes- DE: "\332k\037\262\033\\\000\000"-
#48998	REDUCE cov: 126 ft: 571 corp: 89/12386b lim: 429 exec/s: 6999 rss: 31Mb L: 31/333 MS: 1 EraseBytes-
#49925	REDUCE cov: 126 ft: 571 corp: 89/12385b lim: 437 exec/s: 7132 rss: 31Mb L: 125/333 MS: 2 ChangeBinInt-EraseBytes-
#49998	REDUCE cov: 126 ft: 571 corp: 89/12384b lim: 437 exec/s: 7142 rss: 31Mb L: 73/333 MS: 3 CopyPart-ShuffleBytes-EraseBytes-
#50454	REDUCE cov: 126 ft: 571 corp: 89/12383b lim: 437 exec/s: 7207 rss: 31Mb L: 72/333 MS: 1 EraseBytes-
#50770	REDUCE cov: 126 ft: 571 corp: 89/12381b lim: 437 exec/s: 6346 rss: 31Mb L: 108/333 MS: 1 EraseBytes-
#51937	REDUCE cov: 126 ft: 571 corp: 89/12365b lim: 445 exec/s: 6492 rss: 31Mb L: 77/333 MS: 2 CMP-EraseBytes- DE: "\001\000\000\003"-
#52463	REDUCE cov: 126 ft: 571 corp: 89/12301b lim: 445 exec/s: 6557 rss: 31Mb L: 74/333 MS: 1 EraseBytes-
#52859	REDUCE cov: 126 ft: 571 corp: 89/12293b lim: 445 exec/s: 6607 rss: 31Mb L: 80/333 MS: 1 EraseBytes-
#53255	REDUCE cov: 126 ft: 571 corp: 89/12290b lim: 445 exec/s: 6656 rss: 31Mb L: 74/333 MS: 1 EraseBytes-
#53411	REDUCE cov: 126 ft: 571 corp: 89/12268b lim: 445 exec/s: 6676 rss: 31Mb L: 103/333 MS: 1 EraseBytes-
#53719	REDUCE cov: 127 ft: 572 corp: 90/12375b lim: 445 exec/s: 6714 rss: 31Mb L: 107/333 MS: 3 ChangeByte-ShuffleBytes-CMP- DE: "hvc1"-
==422== ERROR: libFuzzer: out-of-memory (used: 2231Mb; limit: 1024Mb)
   To change the out-of-memory limit use -rss_limit_mb=<N>

MS: 1 CrossOver-; base unit: 50aecf5fb76088b7f5115a982bf7679944ba1df9
artifact_prefix='/results/crashes/20260313_142428_45400b7f_'; Test unit written to /results/crashes/20260313_142428_45400b7f_oom-6ffad4fb6453419eb708e7e7c0868bca82fb3ea4
SUMMARY: libFuzzer: out-of-memory
stat::number_of_executed_units: 53965
stat::average_exec_per_sec:     5396
stat::new_units_added:          280
stat::slowest_unit_time_sec:    0
stat::peak_rss_mb:              2232
