INFO: Running with entropic power schedule (0xFF, 100).
INFO: Seed: 2442200923
INFO: Loaded 1 modules   (252 inline 8-bit counters): 252 [0x594ecab77678, 0x594ecab77774), 
INFO: Loaded 1 PC tables (252 PCs): 252 [0x594ecab77778,0x594ecab78738), 
INFO:        4 files found in /tmp/corpus_20260313_172228_26de4124
INFO: seed corpus: files: 4 min: 48b max: 333b total: 853b rss: 28Mb
#5	INITED cov: 118 ft: 251 corp: 4/853b exec/s: 0 rss: 29Mb
#7	NEW    cov: 118 ft: 257 corp: 5/1140b lim: 333 exec/s: 0 rss: 29Mb L: 287/333 MS: 2 CrossOver-EraseBytes-
#8	NEW    cov: 118 ft: 262 corp: 6/1188b lim: 333 exec/s: 0 rss: 29Mb L: 48/333 MS: 1 ChangeByte-
#11	NEW    cov: 119 ft: 265 corp: 7/1441b lim: 333 exec/s: 0 rss: 29Mb L: 253/333 MS: 3 InsertByte-ShuffleBytes-CopyPart-
#12	NEW    cov: 119 ft: 276 corp: 8/1712b lim: 333 exec/s: 0 rss: 29Mb L: 271/333 MS: 1 InsertRepeatedBytes-
#14	NEW    cov: 119 ft: 277 corp: 9/2012b lim: 333 exec/s: 0 rss: 29Mb L: 300/333 MS: 2 CrossOver-InsertByte-
#15	NEW    cov: 120 ft: 279 corp: 10/2284b lim: 333 exec/s: 0 rss: 29Mb L: 272/333 MS: 1 InsertByte-
#16	NEW    cov: 120 ft: 301 corp: 11/2333b lim: 333 exec/s: 0 rss: 29Mb L: 49/333 MS: 1 InsertByte-
#17	NEW    cov: 120 ft: 311 corp: 12/2381b lim: 333 exec/s: 0 rss: 29Mb L: 48/333 MS: 1 CMP- DE: "f\026\224\312NY\000\000"-
#22	NEW    cov: 120 ft: 312 corp: 13/2583b lim: 333 exec/s: 0 rss: 29Mb L: 202/333 MS: 5 ChangeBit-ShuffleBytes-InsertRepeatedBytes-ChangeByte-EraseBytes-
#36	NEW    cov: 120 ft: 313 corp: 14/2807b lim: 333 exec/s: 0 rss: 29Mb L: 224/333 MS: 4 ShuffleBytes-ChangeBit-InsertByte-EraseBytes-
#48	NEW    cov: 120 ft: 351 corp: 15/2832b lim: 333 exec/s: 0 rss: 29Mb L: 25/333 MS: 2 CopyPart-EraseBytes-
#50	NEW    cov: 120 ft: 352 corp: 16/3053b lim: 333 exec/s: 0 rss: 29Mb L: 221/333 MS: 2 PersAutoDict-EraseBytes- DE: "f\026\224\312NY\000\000"-
#52	NEW    cov: 120 ft: 359 corp: 17/3287b lim: 333 exec/s: 0 rss: 29Mb L: 234/333 MS: 2 ShuffleBytes-EraseBytes-
#55	NEW    cov: 120 ft: 368 corp: 18/3394b lim: 333 exec/s: 0 rss: 29Mb L: 107/333 MS: 3 CMP-ChangeBit-InsertRepeatedBytes- DE: "ftyp"-
#60	NEW    cov: 120 ft: 369 corp: 19/3712b lim: 333 exec/s: 0 rss: 29Mb L: 318/333 MS: 5 CopyPart-CopyPart-InsertByte-ChangeBinInt-InsertRepeatedBytes-
#71	NEW    cov: 120 ft: 370 corp: 20/3761b lim: 333 exec/s: 0 rss: 29Mb L: 49/333 MS: 1 InsertByte-
#73	NEW    cov: 120 ft: 371 corp: 21/3988b lim: 333 exec/s: 0 rss: 29Mb L: 227/333 MS: 2 EraseBytes-CrossOver-
#74	NEW    cov: 120 ft: 375 corp: 22/4311b lim: 333 exec/s: 0 rss: 29Mb L: 323/333 MS: 1 InsertRepeatedBytes-
#79	NEW    cov: 120 ft: 376 corp: 23/4641b lim: 333 exec/s: 0 rss: 29Mb L: 330/333 MS: 5 InsertByte-ShuffleBytes-InsertByte-InsertByte-CopyPart-
#93	NEW    cov: 120 ft: 377 corp: 24/4666b lim: 333 exec/s: 0 rss: 29Mb L: 25/333 MS: 4 ChangeBit-ShuffleBytes-ChangeByte-ShuffleBytes-
#101	NEW    cov: 121 ft: 379 corp: 25/4980b lim: 333 exec/s: 0 rss: 29Mb L: 314/333 MS: 3 ChangeBit-CrossOver-CopyPart-
#103	NEW    cov: 121 ft: 380 corp: 26/5127b lim: 333 exec/s: 0 rss: 29Mb L: 147/333 MS: 2 ChangeBinInt-EraseBytes-
#110	NEW    cov: 121 ft: 381 corp: 27/5458b lim: 333 exec/s: 0 rss: 29Mb L: 331/333 MS: 2 ChangeByte-CopyPart-
#140	NEW    cov: 121 ft: 398 corp: 28/5476b lim: 333 exec/s: 0 rss: 29Mb L: 18/333 MS: 5 InsertRepeatedBytes-ShuffleBytes-ChangeBinInt-ChangeBinInt-CrossOver-
#141	NEW    cov: 121 ft: 400 corp: 29/5807b lim: 333 exec/s: 0 rss: 29Mb L: 331/333 MS: 1 ChangeBit-
#159	NEW    cov: 121 ft: 404 corp: 30/6094b lim: 333 exec/s: 0 rss: 29Mb L: 287/333 MS: 3 PersAutoDict-ChangeBinInt-CMP- DE: "f\026\224\312NY\000\000"-"\377\377XN\377%\031@"-
#172	NEW    cov: 121 ft: 405 corp: 31/6133b lim: 333 exec/s: 0 rss: 29Mb L: 39/333 MS: 3 PersAutoDict-InsertByte-EraseBytes- DE: "f\026\224\312NY\000\000"-
#183	NEW    cov: 121 ft: 407 corp: 32/6155b lim: 333 exec/s: 0 rss: 29Mb L: 22/333 MS: 1 EraseBytes-
#193	NEW    cov: 121 ft: 414 corp: 33/6247b lim: 333 exec/s: 0 rss: 29Mb L: 92/333 MS: 5 PersAutoDict-ShuffleBytes-InsertByte-ChangeBinInt-CrossOver- DE: "\377\377XN\377%\031@"-
#200	NEW    cov: 121 ft: 415 corp: 34/6340b lim: 333 exec/s: 0 rss: 29Mb L: 93/333 MS: 2 EraseBytes-EraseBytes-
#204	NEW    cov: 123 ft: 417 corp: 35/6668b lim: 333 exec/s: 0 rss: 29Mb L: 328/333 MS: 4 CMP-ChangeBinInt-PersAutoDict-InsertRepeatedBytes- DE: "ztf\034"-"\377\377XN\377%\031@"-
#223	NEW    cov: 123 ft: 430 corp: 36/7001b lim: 333 exec/s: 0 rss: 29Mb L: 333/333 MS: 4 ShuffleBytes-CopyPart-CMP-ChangeBit- DE: "\377\377XN\377%\315\211"-
#273	NEW    cov: 123 ft: 438 corp: 37/7322b lim: 333 exec/s: 0 rss: 29Mb L: 321/333 MS: 5 InsertRepeatedBytes-CopyPart-InsertByte-ShuffleBytes-CopyPart-
#289	NEW    cov: 123 ft: 448 corp: 38/7333b lim: 333 exec/s: 0 rss: 29Mb L: 11/333 MS: 1 CrossOver-
#301	NEW    cov: 124 ft: 449 corp: 39/7659b lim: 333 exec/s: 0 rss: 29Mb L: 326/333 MS: 2 EraseBytes-CopyPart-
#316	NEW    cov: 124 ft: 452 corp: 40/7991b lim: 333 exec/s: 0 rss: 29Mb L: 332/333 MS: 5 ShuffleBytes-ShuffleBytes-InsertByte-ChangeBinInt-ChangeBinInt-
#320	NEW    cov: 124 ft: 453 corp: 41/8102b lim: 333 exec/s: 0 rss: 29Mb L: 111/333 MS: 4 ChangeByte-CopyPart-ChangeASCIIInt-CrossOver-
#426	NEW    cov: 124 ft: 454 corp: 42/8195b lim: 333 exec/s: 0 rss: 29Mb L: 93/333 MS: 1 InsertByte-
#428	REDUCE cov: 124 ft: 454 corp: 42/8190b lim: 333 exec/s: 0 rss: 29Mb L: 106/333 MS: 2 ChangeBinInt-EraseBytes-
#566	NEW    cov: 124 ft: 455 corp: 43/8249b lim: 333 exec/s: 0 rss: 29Mb L: 59/333 MS: 3 ChangeByte-InsertByte-InsertRepeatedBytes-
#666	REDUCE cov: 124 ft: 455 corp: 43/8213b lim: 333 exec/s: 0 rss: 29Mb L: 285/333 MS: 5 ChangeBinInt-ShuffleBytes-CopyPart-ChangeBit-EraseBytes-
#669	REDUCE cov: 124 ft: 455 corp: 43/8195b lim: 333 exec/s: 0 rss: 29Mb L: 89/333 MS: 3 CopyPart-ShuffleBytes-EraseBytes-
#695	NEW    cov: 124 ft: 464 corp: 44/8219b lim: 333 exec/s: 0 rss: 29Mb L: 24/333 MS: 1 EraseBytes-
#717	NEW    cov: 124 ft: 465 corp: 45/8365b lim: 333 exec/s: 0 rss: 29Mb L: 146/333 MS: 2 PersAutoDict-InsertRepeatedBytes- DE: "ftyp"-
#779	NEW    cov: 124 ft: 470 corp: 46/8698b lim: 333 exec/s: 0 rss: 29Mb L: 333/333 MS: 2 ShuffleBytes-CopyPart-
#792	NEW    cov: 124 ft: 471 corp: 47/9025b lim: 333 exec/s: 0 rss: 29Mb L: 327/333 MS: 3 CopyPart-CMP-CopyPart- DE: "^\012&\377NY\000\000"-
#816	REDUCE cov: 124 ft: 476 corp: 48/9336b lim: 333 exec/s: 0 rss: 29Mb L: 311/333 MS: 4 ShuffleBytes-ShuffleBytes-CopyPart-CMP- DE: "urn "-
#827	REDUCE cov: 124 ft: 476 corp: 48/9312b lim: 333 exec/s: 0 rss: 29Mb L: 299/333 MS: 1 EraseBytes-
#829	REDUCE cov: 124 ft: 476 corp: 48/9309b lim: 333 exec/s: 0 rss: 29Mb L: 86/333 MS: 2 PersAutoDict-EraseBytes- DE: "\377\377XN\377%\315\211"-
#975	REDUCE cov: 124 ft: 476 corp: 48/9223b lim: 333 exec/s: 0 rss: 29Mb L: 213/333 MS: 1 EraseBytes-
#985	REDUCE cov: 124 ft: 476 corp: 48/9222b lim: 333 exec/s: 0 rss: 29Mb L: 223/333 MS: 5 PersAutoDict-ShuffleBytes-ShuffleBytes-ShuffleBytes-CrossOver- DE: "\377\377XN\377%\031@"-
#1002	NEW    cov: 124 ft: 477 corp: 49/9234b lim: 333 exec/s: 0 rss: 29Mb L: 12/333 MS: 2 EraseBytes-CrossOver-
#1068	NEW    cov: 125 ft: 478 corp: 50/9241b lim: 333 exec/s: 0 rss: 29Mb L: 7/333 MS: 1 CrossOver-
#1080	REDUCE cov: 125 ft: 478 corp: 50/9240b lim: 333 exec/s: 0 rss: 29Mb L: 58/333 MS: 2 ShuffleBytes-EraseBytes-
#1162	REDUCE cov: 125 ft: 478 corp: 50/9236b lim: 333 exec/s: 0 rss: 29Mb L: 18/333 MS: 2 ShuffleBytes-EraseBytes-
#1265	NEW    cov: 125 ft: 479 corp: 51/9503b lim: 333 exec/s: 0 rss: 29Mb L: 267/333 MS: 3 CopyPart-EraseBytes-PersAutoDict- DE: "\377\377XN\377%\315\211"-
#1282	NEW    cov: 125 ft: 480 corp: 52/9511b lim: 333 exec/s: 0 rss: 29Mb L: 8/333 MS: 2 CrossOver-EraseBytes-
#1293	REDUCE cov: 125 ft: 480 corp: 52/9464b lim: 333 exec/s: 0 rss: 29Mb L: 187/333 MS: 1 EraseBytes-
#1300	REDUCE cov: 125 ft: 480 corp: 52/9438b lim: 333 exec/s: 0 rss: 29Mb L: 307/333 MS: 2 ShuffleBytes-EraseBytes-
#1329	REDUCE cov: 125 ft: 480 corp: 52/9434b lim: 333 exec/s: 0 rss: 29Mb L: 44/333 MS: 4 InsertRepeatedBytes-ShuffleBytes-ChangeByte-EraseBytes-
#1460	REDUCE cov: 125 ft: 480 corp: 52/9431b lim: 333 exec/s: 0 rss: 29Mb L: 9/333 MS: 1 EraseBytes-
#1461	REDUCE cov: 125 ft: 480 corp: 52/9430b lim: 333 exec/s: 0 rss: 29Mb L: 6/333 MS: 1 EraseBytes-
#1476	REDUCE cov: 125 ft: 480 corp: 52/9398b lim: 333 exec/s: 0 rss: 29Mb L: 268/333 MS: 5 PersAutoDict-ChangeByte-EraseBytes-PersAutoDict-CrossOver- DE: "\377\377XN\377%\315\211"-"ztf\034"-
#1512	REDUCE cov: 125 ft: 480 corp: 52/9384b lim: 333 exec/s: 0 rss: 29Mb L: 317/333 MS: 1 EraseBytes-
#1533	REDUCE cov: 125 ft: 480 corp: 52/9383b lim: 333 exec/s: 0 rss: 29Mb L: 5/333 MS: 1 EraseBytes-
#1565	NEW    cov: 125 ft: 481 corp: 53/9713b lim: 333 exec/s: 0 rss: 29Mb L: 330/333 MS: 2 ShuffleBytes-InsertRepeatedBytes-
#1566	REDUCE cov: 125 ft: 481 corp: 53/9703b lim: 333 exec/s: 0 rss: 29Mb L: 136/333 MS: 1 EraseBytes-
#1672	NEW    cov: 125 ft: 482 corp: 54/9726b lim: 333 exec/s: 0 rss: 29Mb L: 23/333 MS: 1 CrossOver-
#1690	REDUCE cov: 125 ft: 482 corp: 54/9725b lim: 333 exec/s: 0 rss: 29Mb L: 4/333 MS: 3 CMP-ChangeBinInt-EraseBytes- DE: "\377\000"-
#1724	REDUCE cov: 125 ft: 482 corp: 54/9719b lim: 333 exec/s: 0 rss: 29Mb L: 33/333 MS: 4 ShuffleBytes-ChangeBit-ShuffleBytes-EraseBytes-
#1786	REDUCE cov: 125 ft: 482 corp: 54/9715b lim: 333 exec/s: 0 rss: 29Mb L: 19/333 MS: 2 CMP-EraseBytes- DE: "\021\000\000\000"-
#1810	NEW    cov: 125 ft: 483 corp: 55/10047b lim: 333 exec/s: 0 rss: 29Mb L: 332/333 MS: 4 InsertRepeatedBytes-InsertByte-ChangeBit-InsertRepeatedBytes-
#1871	REDUCE cov: 125 ft: 483 corp: 55/10019b lim: 333 exec/s: 0 rss: 29Mb L: 199/333 MS: 1 EraseBytes-
#2086	REDUCE cov: 125 ft: 483 corp: 55/9992b lim: 333 exec/s: 0 rss: 29Mb L: 66/333 MS: 5 InsertRepeatedBytes-InsertByte-ChangeASCIIInt-ShuffleBytes-EraseBytes-
#2135	REDUCE cov: 125 ft: 483 corp: 55/9942b lim: 333 exec/s: 0 rss: 29Mb L: 280/333 MS: 4 CopyPart-EraseBytes-InsertByte-InsertRepeatedBytes-
#2234	NEW    cov: 125 ft: 484 corp: 56/10260b lim: 333 exec/s: 0 rss: 29Mb L: 318/333 MS: 4 ChangeBit-ChangeASCIIInt-EraseBytes-InsertRepeatedBytes-
#2246	REDUCE cov: 125 ft: 484 corp: 56/10256b lim: 333 exec/s: 0 rss: 29Mb L: 209/333 MS: 2 ChangeBinInt-EraseBytes-
#2289	REDUCE cov: 125 ft: 484 corp: 56/10212b lim: 333 exec/s: 0 rss: 29Mb L: 236/333 MS: 3 ChangeByte-ChangeBinInt-EraseBytes-
#2371	REDUCE cov: 125 ft: 484 corp: 56/10110b lim: 333 exec/s: 0 rss: 29Mb L: 209/333 MS: 2 InsertByte-EraseBytes-
#2439	REDUCE cov: 125 ft: 484 corp: 56/10099b lim: 333 exec/s: 0 rss: 29Mb L: 55/333 MS: 3 PersAutoDict-CMP-EraseBytes- DE: "urn "-"\001c\000D\020s\000\000"-
#2517	REDUCE cov: 125 ft: 484 corp: 56/10068b lim: 333 exec/s: 0 rss: 29Mb L: 24/333 MS: 3 EraseBytes-CMP-EraseBytes- DE: "iinf"-
#2664	REDUCE cov: 125 ft: 484 corp: 56/10049b lim: 333 exec/s: 0 rss: 29Mb L: 313/333 MS: 2 PersAutoDict-EraseBytes- DE: "ztf\034"-
#2710	REDUCE cov: 125 ft: 484 corp: 56/9999b lim: 333 exec/s: 0 rss: 29Mb L: 149/333 MS: 1 EraseBytes-
#2766	REDUCE cov: 125 ft: 484 corp: 56/9997b lim: 333 exec/s: 0 rss: 29Mb L: 325/333 MS: 1 EraseBytes-
#2826	REDUCE cov: 125 ft: 484 corp: 56/9861b lim: 333 exec/s: 0 rss: 29Mb L: 73/333 MS: 5 ChangeBit-ChangeBinInt-CopyPart-CrossOver-CopyPart-
#2869	REDUCE cov: 125 ft: 484 corp: 56/9855b lim: 333 exec/s: 0 rss: 29Mb L: 301/333 MS: 3 CrossOver-EraseBytes-InsertByte-
#2909	REDUCE cov: 125 ft: 484 corp: 56/9853b lim: 333 exec/s: 0 rss: 29Mb L: 9/333 MS: 5 InsertByte-CrossOver-ShuffleBytes-PersAutoDict-EraseBytes- DE: "f\026\224\312NY\000\000"-
#3116	NEW    cov: 125 ft: 489 corp: 57/10144b lim: 333 exec/s: 0 rss: 29Mb L: 291/333 MS: 2 EraseBytes-InsertRepeatedBytes-
#3407	REDUCE cov: 125 ft: 489 corp: 57/10114b lim: 333 exec/s: 0 rss: 29Mb L: 222/333 MS: 1 EraseBytes-
#3528	REDUCE cov: 125 ft: 489 corp: 57/10112b lim: 333 exec/s: 0 rss: 29Mb L: 219/333 MS: 1 CrossOver-
#3557	REDUCE cov: 125 ft: 492 corp: 58/10390b lim: 333 exec/s: 0 rss: 29Mb L: 278/333 MS: 4 InsertByte-ShuffleBytes-CrossOver-CrossOver-
#3594	REDUCE cov: 125 ft: 492 corp: 58/10389b lim: 333 exec/s: 0 rss: 29Mb L: 17/333 MS: 2 ShuffleBytes-EraseBytes-
#3721	REDUCE cov: 125 ft: 492 corp: 58/10388b lim: 333 exec/s: 0 rss: 29Mb L: 3/333 MS: 2 ChangeBinInt-EraseBytes-
#3817	REDUCE cov: 125 ft: 493 corp: 59/10685b lim: 333 exec/s: 0 rss: 29Mb L: 297/333 MS: 1 EraseBytes-
#3994	REDUCE cov: 125 ft: 493 corp: 59/10653b lim: 333 exec/s: 0 rss: 29Mb L: 177/333 MS: 2 ChangeASCIIInt-EraseBytes-
#3996	REDUCE cov: 125 ft: 493 corp: 59/10651b lim: 333 exec/s: 0 rss: 29Mb L: 217/333 MS: 2 ChangeByte-EraseBytes-
#4247	REDUCE cov: 125 ft: 493 corp: 59/10650b lim: 333 exec/s: 0 rss: 29Mb L: 16/333 MS: 1 EraseBytes-
#4272	NEW    cov: 125 ft: 494 corp: 60/10983b lim: 333 exec/s: 0 rss: 29Mb L: 333/333 MS: 5 ChangeBinInt-CrossOver-ChangeBit-PersAutoDict-CMP- DE: "\377\000"-"\001\006"-
#4423	NEW    cov: 125 ft: 495 corp: 61/11225b lim: 333 exec/s: 0 rss: 29Mb L: 242/333 MS: 1 InsertRepeatedBytes-
#4483	REDUCE cov: 125 ft: 495 corp: 61/11216b lim: 333 exec/s: 0 rss: 29Mb L: 262/333 MS: 5 ChangeBinInt-ShuffleBytes-InsertByte-ChangeBinInt-EraseBytes-
#4549	REDUCE cov: 125 ft: 495 corp: 61/11208b lim: 333 exec/s: 0 rss: 29Mb L: 169/333 MS: 1 EraseBytes-
#4664	REDUCE cov: 125 ft: 495 corp: 61/11122b lim: 333 exec/s: 0 rss: 29Mb L: 192/333 MS: 5 CMP-CrossOver-ChangeASCIIInt-InsertByte-EraseBytes- DE: "N7ISOBMFF4FTYPE"-
#4684	REDUCE cov: 125 ft: 495 corp: 61/11080b lim: 333 exec/s: 0 rss: 29Mb L: 105/333 MS: 5 ChangeBit-ShuffleBytes-CrossOver-EraseBytes-EraseBytes-
#4827	REDUCE cov: 125 ft: 495 corp: 61/11031b lim: 333 exec/s: 0 rss: 29Mb L: 174/333 MS: 3 PersAutoDict-InsertRepeatedBytes-EraseBytes- DE: "ztf\034"-
#5056	NEW    cov: 125 ft: 496 corp: 62/11263b lim: 333 exec/s: 0 rss: 29Mb L: 232/333 MS: 4 ChangeBinInt-ShuffleBytes-CopyPart-EraseBytes-
#5066	REDUCE cov: 125 ft: 496 corp: 62/11148b lim: 333 exec/s: 0 rss: 29Mb L: 203/333 MS: 5 CopyPart-ChangeBinInt-CopyPart-InsertRepeatedBytes-EraseBytes-
#5390	REDUCE cov: 125 ft: 496 corp: 62/11117b lim: 333 exec/s: 0 rss: 29Mb L: 161/333 MS: 4 ChangeBit-CopyPart-InsertByte-EraseBytes-
#5463	REDUCE cov: 125 ft: 496 corp: 62/11114b lim: 333 exec/s: 0 rss: 29Mb L: 200/333 MS: 3 PersAutoDict-ChangeBit-EraseBytes- DE: "ftyp"-
#5501	REDUCE cov: 125 ft: 496 corp: 62/11079b lim: 333 exec/s: 0 rss: 29Mb L: 134/333 MS: 3 ChangeASCIIInt-ChangeBit-EraseBytes-
#5519	NEW    cov: 125 ft: 498 corp: 63/11300b lim: 333 exec/s: 0 rss: 29Mb L: 221/333 MS: 3 ChangeBinInt-PersAutoDict-InsertByte- DE: "\377\377XN\377%\315\211"-
#5687	REDUCE cov: 125 ft: 498 corp: 63/11274b lim: 333 exec/s: 0 rss: 29Mb L: 79/333 MS: 3 ShuffleBytes-ChangeBinInt-EraseBytes-
#5721	REDUCE cov: 125 ft: 498 corp: 63/11273b lim: 333 exec/s: 0 rss: 29Mb L: 2/333 MS: 4 ChangeBit-ChangeBinInt-ShuffleBytes-EraseBytes-
#5842	REDUCE cov: 125 ft: 498 corp: 63/11238b lim: 333 exec/s: 0 rss: 29Mb L: 114/333 MS: 1 EraseBytes-
#6088	REDUCE cov: 125 ft: 498 corp: 63/11225b lim: 333 exec/s: 0 rss: 29Mb L: 174/333 MS: 1 EraseBytes-
#6303	REDUCE cov: 125 ft: 498 corp: 63/11212b lim: 333 exec/s: 0 rss: 29Mb L: 272/333 MS: 5 ChangeByte-ShuffleBytes-PersAutoDict-ChangeBinInt-EraseBytes- DE: "\377\377XN\377%\031@"-
#6389	REDUCE cov: 125 ft: 498 corp: 63/11193b lim: 333 exec/s: 6389 rss: 29Mb L: 67/333 MS: 5 CMP-InsertByte-ShuffleBytes-ChangeBit-EraseBytes- DE: "\000\000\000\000\000\000\001/"-
#6477	NEW    cov: 125 ft: 504 corp: 64/11463b lim: 333 exec/s: 6477 rss: 29Mb L: 270/333 MS: 3 PersAutoDict-InsertRepeatedBytes-CopyPart- DE: "\000\000\000\000\000\000\001/"-
#6506	REDUCE cov: 125 ft: 504 corp: 64/11431b lim: 333 exec/s: 6506 rss: 29Mb L: 129/333 MS: 4 InsertByte-PersAutoDict-CrossOver-EraseBytes- DE: "\001\006"-
#6547	REDUCE cov: 125 ft: 504 corp: 64/11382b lim: 333 exec/s: 6547 rss: 29Mb L: 80/333 MS: 1 CrossOver-
#6848	REDUCE cov: 125 ft: 504 corp: 64/11372b lim: 333 exec/s: 6848 rss: 29Mb L: 323/333 MS: 1 EraseBytes-
#7106	REDUCE cov: 125 ft: 504 corp: 64/11344b lim: 333 exec/s: 7106 rss: 29Mb L: 45/333 MS: 3 CMP-CMP-CrossOver- DE: "\010\000\000\000"-"\377\377\377\007"-
#7784	REDUCE cov: 125 ft: 504 corp: 64/11341b lim: 333 exec/s: 7784 rss: 29Mb L: 64/333 MS: 3 CopyPart-PersAutoDict-EraseBytes- DE: "\010\000\000\000"-
#7935	REDUCE cov: 125 ft: 504 corp: 64/11309b lim: 333 exec/s: 7935 rss: 29Mb L: 296/333 MS: 1 EraseBytes-
#8046	REDUCE cov: 125 ft: 504 corp: 64/11277b lim: 333 exec/s: 8046 rss: 29Mb L: 48/333 MS: 1 EraseBytes-
#8086	REDUCE cov: 125 ft: 504 corp: 64/11269b lim: 333 exec/s: 8086 rss: 29Mb L: 36/333 MS: 5 EraseBytes-EraseBytes-ChangeBit-ChangeBinInt-PersAutoDict- DE: "\377\377XN\377%\031@"-
#8111	NEW    cov: 125 ft: 516 corp: 65/11599b lim: 333 exec/s: 8111 rss: 29Mb L: 330/333 MS: 5 ChangeByte-ChangeByte-InsertRepeatedBytes-CrossOver-ChangeByte-
#8185	REDUCE cov: 125 ft: 516 corp: 65/11567b lim: 333 exec/s: 8185 rss: 29Mb L: 204/333 MS: 4 CopyPart-ChangeByte-ChangeBit-EraseBytes-
#8197	REDUCE cov: 125 ft: 516 corp: 65/11556b lim: 333 exec/s: 8197 rss: 29Mb L: 211/333 MS: 2 EraseBytes-InsertRepeatedBytes-
#8429	REDUCE cov: 125 ft: 516 corp: 65/11555b lim: 333 exec/s: 8429 rss: 29Mb L: 1/333 MS: 2 ChangeBit-EraseBytes-
#8486	REDUCE cov: 125 ft: 516 corp: 65/11552b lim: 333 exec/s: 8486 rss: 29Mb L: 103/333 MS: 2 ChangeBinInt-EraseBytes-
#8730	REDUCE cov: 125 ft: 516 corp: 65/11542b lim: 333 exec/s: 8730 rss: 29Mb L: 287/333 MS: 4 InsertByte-PersAutoDict-ShuffleBytes-EraseBytes- DE: "\021\000\000\000"-
#8811	REDUCE cov: 125 ft: 516 corp: 65/11509b lim: 333 exec/s: 8811 rss: 29Mb L: 101/333 MS: 1 EraseBytes-
#8912	REDUCE cov: 125 ft: 517 corp: 66/11558b lim: 333 exec/s: 8912 rss: 29Mb L: 49/333 MS: 1 PersAutoDict- DE: "iinf"-
#9048	REDUCE cov: 125 ft: 517 corp: 66/11550b lim: 333 exec/s: 9048 rss: 30Mb L: 16/333 MS: 1 EraseBytes-
#9134	NEW    cov: 125 ft: 522 corp: 67/11792b lim: 333 exec/s: 9134 rss: 30Mb L: 242/333 MS: 1 ChangeByte-
#9307	NEW    cov: 125 ft: 523 corp: 68/12035b lim: 333 exec/s: 9307 rss: 30Mb L: 243/333 MS: 3 ChangeByte-ChangeByte-EraseBytes-
==573682== ERROR: libFuzzer: out-of-memory (used: 2390Mb; limit: 1024Mb)
   To change the out-of-memory limit use -rss_limit_mb=<N>

MS: 1 EraseBytes-; base unit: 67a38ba27ee8522a618f0fe28a1ea6229b3ea859
0x0,0x0,0x0,0x1c,0x66,0x74,0x79,0x70,0x4d,0x34,0x56,0x20,0x0,0x0,0x0,0x0,0x0,0x0,0x0,0x0,0x0,0x0,0x0,0x0,0x0,0x0,0x0,0x0,0x0,0x0,0x0,0x0,0x6d,0x65,0x74,0x61,0x0,0x0,0x0,0x0,0x0,0x0,0x0,0x21,0x68,0x64,0x6c,0x72,0x0,0x0,0x0,0x0,0x80,0x6d,0x6f,0x6f,0x76,0x0,0x0,0x0,0x78,0x6d,0x76,0x68,0x64,0x0,0x0,0x0,0x0,0x0,0x0,0x0,0x0,0x0,0x0,0x0,0x0,0x0,0x0,0x3,0xe8,0x0,0x0,0xe,0x10,0x0,0x1,0x0,0x2f,0x0,0x1,0x0,0x0,0x0,0x2d,0x0,0x0,0x0,0x0,0x0,0x64,0x0,0x6d,0x0,0x75,0x0,0x0,0x69,0x64,0x74,0x1,0x6,0x61,0x0,0x0,0x0,0x58,0x6d,0x65,0x74,0x61,0x0,0x0,0x0,0x0,0x0,0x0,0x0,0x21,0x68,0x64,0x6c,0x72,0x0,0x0,0x0,0x72,0x61,0x70,0x70,0x6c,0x0,0xe,0x10,0x0,0x1,0x0,0x2f,0x0,0x1,0x0,0x0,0x0,0x2d,0x0,0x0,0x0,0x0,0x0,0x64,0x0,0x6d,0x0,0xff,0x0,0x75,0x0,0x0,0x69,0x64,0x74,0x61,0x0,0x0,0x0,0x0,0x0,0x0,0x0,0x0,0x0,0x0,0x0,0x0,0x0,0x0,0x0,0x2b,0x69,0x6c,0x73,0x74,0x0,0x0,0x0,0x22,0xc2,0xa9,0x6e,0x61,0x6d,0x0,0x0,0x0,0x0,0x0,0x0,0x2,0x0,0x6d,0x64,0x0,0x0,0x0,0xd2,0x0,0x0,0x0,0x0,0x0,0x0,0x2b,0x69,0x6c,0xd8,0x0,0x0,0x1,0x0,0x0,0x0,0x0,0x54,0x65,0x73,0x74,0x20,0x56,0x69,0x64,0x40,0x65,0x6f,
\000\000\000\034ftypM4V \000\000\000\000\000\000\000\000\000\000\000\000\000\000\000\000\000\000\000\000meta\000\000\000\000\000\000\000!hdlr\000\000\000\000\200moov\000\000\000xmvhd\000\000\000\000\000\000\000\000\000\000\000\000\000\000\003\350\000\000\016\020\000\001\000/\000\001\000\000\000-\000\000\000\000\000d\000m\000u\000\000idt\001\006a\000\000\000Xmeta\000\000\000\000\000\000\000!hdlr\000\000\000rappl\000\016\020\000\001\000/\000\001\000\000\000-\000\000\000\000\000d\000m\000\377\000u\000\000idta\000\000\000\000\000\000\000\000\000\000\000\000\000\000\000+ilst\000\000\000\"\302\251nam\000\000\000\000\000\000\002\000md\000\000\000\322\000\000\000\000\000\000+il\330\000\000\001\000\000\000\000Test Vid@eo
artifact_prefix='/results/crashes/20260313_172228_26de4124_'; Test unit written to /results/crashes/20260313_172228_26de4124_oom-4f28197b88efea6fe6f1decc81bc509b6a45adfb
Base64: AAAAHGZ0eXBNNFYgAAAAAAAAAAAAAAAAAAAAAAAAAABtZXRhAAAAAAAAACFoZGxyAAAAAIBtb292AAAAeG12aGQAAAAAAAAAAAAAAAAAAAPoAAAOEAABAC8AAQAAAC0AAAAAAGQAbQB1AABpZHQBBmEAAABYbWV0YQAAAAAAAAAhaGRscgAAAHJhcHBsAA4QAAEALwABAAAALQAAAAAAZABtAP8AdQAAaWR0YQAAAAAAAAAAAAAAAAAAACtpbHN0AAAAIsKpbmFtAAAAAAAAAgBtZAAAANIAAAAAAAAraWzYAAABAAAAAFRlc3QgVmlkQGVv
SUMMARY: libFuzzer: out-of-memory
stat::number_of_executed_units: 9448
stat::average_exec_per_sec:     3149
stat::new_units_added:          136
stat::slowest_unit_time_sec:    0
stat::peak_rss_mb:              2392
