INFO: Running with entropic power schedule (0xFF, 100).
INFO: Seed: 4273964832
INFO: Loaded 1 modules   (252 inline 8-bit counters): 252 [0x61032b3b5678, 0x61032b3b5774), 
INFO: Loaded 1 PC tables (252 PCs): 252 [0x61032b3b5778,0x61032b3b6738), 
INFO:        4 files found in /tmp/corpus_20260313_153917_7165608b
INFO: seed corpus: files: 4 min: 48b max: 333b total: 853b rss: 28Mb
#5	INITED cov: 116 ft: 249 corp: 4/853b exec/s: 0 rss: 29Mb
#6	NEW    cov: 117 ft: 268 corp: 5/915b lim: 333 exec/s: 0 rss: 29Mb L: 62/333 MS: 1 CopyPart-
#10	NEW    cov: 118 ft: 269 corp: 6/1209b lim: 333 exec/s: 0 rss: 29Mb L: 294/333 MS: 4 ChangeBit-ChangeBinInt-ShuffleBytes-InsertRepeatedBytes-
#11	NEW    cov: 119 ft: 272 corp: 7/1433b lim: 333 exec/s: 0 rss: 29Mb L: 224/333 MS: 1 CMP- DE: "\002\000\000\000"-
#12	NEW    cov: 119 ft: 278 corp: 8/1623b lim: 333 exec/s: 0 rss: 29Mb L: 190/333 MS: 1 EraseBytes-
#15	NEW    cov: 119 ft: 282 corp: 9/1671b lim: 333 exec/s: 0 rss: 29Mb L: 48/333 MS: 3 ChangeBit-ChangeBit-ShuffleBytes-
#20	NEW    cov: 119 ft: 294 corp: 10/1759b lim: 333 exec/s: 0 rss: 29Mb L: 88/333 MS: 5 ShuffleBytes-ChangeBinInt-PersAutoDict-ChangeByte-CrossOver- DE: "\002\000\000\000"-
#22	NEW    cov: 119 ft: 304 corp: 11/1983b lim: 333 exec/s: 0 rss: 29Mb L: 224/333 MS: 2 ChangeByte-CopyPart-
#25	NEW    cov: 119 ft: 350 corp: 12/2007b lim: 333 exec/s: 0 rss: 29Mb L: 24/333 MS: 3 CopyPart-ChangeBinInt-CrossOver-
#31	NEW    cov: 119 ft: 359 corp: 13/2261b lim: 333 exec/s: 0 rss: 29Mb L: 254/333 MS: 1 InsertRepeatedBytes-
#38	NEW    cov: 119 ft: 375 corp: 14/2374b lim: 333 exec/s: 0 rss: 29Mb L: 113/333 MS: 2 ChangeByte-CrossOver-
#39	NEW    cov: 119 ft: 376 corp: 15/2550b lim: 333 exec/s: 0 rss: 29Mb L: 176/333 MS: 1 EraseBytes-
#41	NEW    cov: 120 ft: 382 corp: 16/2865b lim: 333 exec/s: 0 rss: 29Mb L: 315/333 MS: 2 InsertByte-CrossOver-
#45	NEW    cov: 120 ft: 383 corp: 17/3198b lim: 333 exec/s: 0 rss: 29Mb L: 333/333 MS: 4 InsertByte-CrossOver-ChangeBit-CrossOver-
#46	NEW    cov: 120 ft: 389 corp: 18/3289b lim: 333 exec/s: 0 rss: 29Mb L: 91/333 MS: 1 CrossOver-
#48	NEW    cov: 120 ft: 390 corp: 19/3492b lim: 333 exec/s: 0 rss: 29Mb L: 203/333 MS: 2 ChangeByte-CopyPart-
#50	NEW    cov: 120 ft: 391 corp: 20/3555b lim: 333 exec/s: 0 rss: 29Mb L: 63/333 MS: 2 InsertByte-ChangeByte-
#54	NEW    cov: 120 ft: 392 corp: 21/3779b lim: 333 exec/s: 0 rss: 29Mb L: 224/333 MS: 4 ShuffleBytes-CMP-EraseBytes-InsertRepeatedBytes- DE: "\034\000\000\000\000\000\000\000"-
#58	NEW    cov: 120 ft: 393 corp: 22/4092b lim: 333 exec/s: 0 rss: 29Mb L: 313/333 MS: 4 PersAutoDict-ChangeByte-InsertByte-InsertRepeatedBytes- DE: "\034\000\000\000\000\000\000\000"-
#59	NEW    cov: 120 ft: 394 corp: 23/4383b lim: 333 exec/s: 0 rss: 29Mb L: 291/333 MS: 1 CopyPart-
#70	NEW    cov: 120 ft: 395 corp: 24/4560b lim: 333 exec/s: 0 rss: 29Mb L: 177/333 MS: 1 InsertByte-
#98	NEW    cov: 120 ft: 396 corp: 25/4846b lim: 333 exec/s: 0 rss: 29Mb L: 286/333 MS: 3 ChangeBit-ChangeBit-CopyPart-
#100	NEW    cov: 120 ft: 403 corp: 26/5178b lim: 333 exec/s: 0 rss: 29Mb L: 332/333 MS: 2 InsertRepeatedBytes-CopyPart-
#110	NEW    cov: 120 ft: 404 corp: 27/5277b lim: 333 exec/s: 0 rss: 29Mb L: 99/333 MS: 5 CrossOver-EraseBytes-ShuffleBytes-InsertRepeatedBytes-CrossOver-
#118	NEW    cov: 120 ft: 405 corp: 28/5610b lim: 333 exec/s: 0 rss: 29Mb L: 333/333 MS: 3 CMP-ShuffleBytes-InsertRepeatedBytes- DE: "\377\377\377\007"-
#132	REDUCE cov: 120 ft: 405 corp: 28/5607b lim: 333 exec/s: 0 rss: 29Mb L: 60/333 MS: 4 ShuffleBytes-ChangeByte-ShuffleBytes-EraseBytes-
#135	NEW    cov: 120 ft: 406 corp: 29/5835b lim: 333 exec/s: 0 rss: 29Mb L: 228/333 MS: 3 ChangeASCIIInt-CopyPart-EraseBytes-
#141	NEW    cov: 120 ft: 407 corp: 30/5938b lim: 333 exec/s: 0 rss: 29Mb L: 103/333 MS: 1 InsertRepeatedBytes-
#157	NEW    cov: 120 ft: 408 corp: 31/6271b lim: 333 exec/s: 0 rss: 29Mb L: 333/333 MS: 1 CopyPart-
#166	NEW    cov: 120 ft: 409 corp: 32/6341b lim: 333 exec/s: 0 rss: 29Mb L: 70/333 MS: 4 ChangeBinInt-ChangeByte-ChangeASCIIInt-CrossOver-
#178	REDUCE cov: 120 ft: 410 corp: 33/6391b lim: 333 exec/s: 0 rss: 29Mb L: 50/333 MS: 2 InsertByte-EraseBytes-
#181	NEW    cov: 120 ft: 411 corp: 34/6616b lim: 333 exec/s: 0 rss: 29Mb L: 225/333 MS: 3 ChangeByte-ChangeBinInt-InsertByte-
#197	NEW    cov: 120 ft: 417 corp: 35/6665b lim: 333 exec/s: 0 rss: 29Mb L: 49/333 MS: 1 InsertByte-
#204	REDUCE cov: 120 ft: 418 corp: 36/6701b lim: 333 exec/s: 0 rss: 29Mb L: 36/333 MS: 2 ChangeBit-EraseBytes-
#224	NEW    cov: 120 ft: 419 corp: 37/6818b lim: 333 exec/s: 0 rss: 29Mb L: 117/333 MS: 5 PersAutoDict-ShuffleBytes-ChangeBit-ChangeBit-InsertRepeatedBytes- DE: "\002\000\000\000"-
#230	NEW    cov: 120 ft: 420 corp: 38/6922b lim: 333 exec/s: 0 rss: 29Mb L: 104/333 MS: 1 InsertByte-
#241	NEW    cov: 121 ft: 421 corp: 39/7030b lim: 333 exec/s: 0 rss: 29Mb L: 108/333 MS: 1 InsertRepeatedBytes-
#265	NEW    cov: 121 ft: 433 corp: 40/7054b lim: 333 exec/s: 0 rss: 29Mb L: 24/333 MS: 4 CopyPart-ChangeBinInt-ShuffleBytes-EraseBytes-
#277	REDUCE cov: 121 ft: 433 corp: 40/6957b lim: 333 exec/s: 0 rss: 29Mb L: 236/333 MS: 2 ChangeByte-EraseBytes-
#282	REDUCE cov: 121 ft: 433 corp: 40/6956b lim: 333 exec/s: 0 rss: 29Mb L: 116/333 MS: 5 CrossOver-CrossOver-ShuffleBytes-ChangeBit-InsertRepeatedBytes-
#285	NEW    cov: 121 ft: 434 corp: 41/7026b lim: 333 exec/s: 0 rss: 29Mb L: 70/333 MS: 3 ChangeBinInt-ShuffleBytes-CMP- DE: "Z\211\035Q\003a\000\000"-
#331	NEW    cov: 121 ft: 435 corp: 42/7229b lim: 333 exec/s: 0 rss: 29Mb L: 203/333 MS: 1 ChangeBit-
#347	NEW    cov: 121 ft: 442 corp: 43/7257b lim: 333 exec/s: 0 rss: 29Mb L: 28/333 MS: 1 PersAutoDict- DE: "\377\377\377\007"-
#368	NEW    cov: 121 ft: 444 corp: 44/7539b lim: 333 exec/s: 0 rss: 29Mb L: 282/333 MS: 1 CopyPart-
#369	NEW    cov: 121 ft: 461 corp: 45/7560b lim: 333 exec/s: 0 rss: 29Mb L: 21/333 MS: 1 EraseBytes-
#415	REDUCE cov: 121 ft: 461 corp: 45/7552b lim: 333 exec/s: 0 rss: 29Mb L: 325/333 MS: 1 EraseBytes-
#544	REDUCE cov: 121 ft: 470 corp: 46/7561b lim: 333 exec/s: 0 rss: 29Mb L: 9/333 MS: 4 ChangeByte-InsertRepeatedBytes-ChangeASCIIInt-CrossOver-
#625	NEW    cov: 121 ft: 476 corp: 47/7894b lim: 333 exec/s: 0 rss: 29Mb L: 333/333 MS: 1 ChangeBit-
#751	REDUCE cov: 121 ft: 476 corp: 47/7875b lim: 333 exec/s: 0 rss: 29Mb L: 51/333 MS: 1 EraseBytes-
#756	REDUCE cov: 121 ft: 476 corp: 47/7851b lim: 333 exec/s: 0 rss: 29Mb L: 26/333 MS: 5 EraseBytes-ChangeBinInt-InsertByte-ChangeBinInt-ChangeBit-
#794	REDUCE cov: 121 ft: 476 corp: 47/7726b lim: 333 exec/s: 0 rss: 29Mb L: 157/333 MS: 3 EraseBytes-CrossOver-EraseBytes-
#813	REDUCE cov: 121 ft: 476 corp: 47/7576b lim: 333 exec/s: 0 rss: 29Mb L: 163/333 MS: 4 CrossOver-InsertRepeatedBytes-EraseBytes-EraseBytes-
#843	REDUCE cov: 122 ft: 477 corp: 48/7583b lim: 333 exec/s: 0 rss: 29Mb L: 7/333 MS: 5 EraseBytes-CMP-CopyPart-EraseBytes-EraseBytes- DE: "stts"-
#1014	REDUCE cov: 122 ft: 477 corp: 48/7569b lim: 333 exec/s: 0 rss: 29Mb L: 77/333 MS: 1 EraseBytes-
#1025	NEW    cov: 122 ft: 478 corp: 49/7577b lim: 333 exec/s: 0 rss: 29Mb L: 8/333 MS: 1 InsertByte-
#1079	REDUCE cov: 122 ft: 478 corp: 49/7560b lim: 333 exec/s: 0 rss: 29Mb L: 208/333 MS: 4 ShuffleBytes-InsertByte-EraseBytes-CopyPart-
#1203	REDUCE cov: 122 ft: 478 corp: 49/7558b lim: 333 exec/s: 0 rss: 29Mb L: 49/333 MS: 4 CopyPart-ChangeByte-PersAutoDict-EraseBytes- DE: "\002\000\000\000"-
#1295	REDUCE cov: 122 ft: 478 corp: 49/7552b lim: 333 exec/s: 0 rss: 29Mb L: 97/333 MS: 2 ChangeASCIIInt-EraseBytes-
#1420	NEW    cov: 122 ft: 484 corp: 50/7805b lim: 333 exec/s: 0 rss: 29Mb L: 253/333 MS: 5 ChangeByte-CopyPart-CrossOver-ChangeBit-CMP- DE: "\370\000\000\000"-
#1470	REDUCE cov: 122 ft: 484 corp: 50/7773b lim: 333 exec/s: 0 rss: 29Mb L: 259/333 MS: 5 PersAutoDict-ShuffleBytes-ShuffleBytes-ChangeByte-EraseBytes- DE: "\002\000\000\000"-
#1502	REDUCE cov: 122 ft: 484 corp: 50/7721b lim: 333 exec/s: 0 rss: 29Mb L: 201/333 MS: 2 PersAutoDict-EraseBytes- DE: "stts"-
#1519	REDUCE cov: 122 ft: 484 corp: 50/7718b lim: 333 exec/s: 0 rss: 29Mb L: 45/333 MS: 2 ChangeByte-EraseBytes-
#1522	REDUCE cov: 122 ft: 484 corp: 50/7562b lim: 333 exec/s: 0 rss: 29Mb L: 177/333 MS: 3 ShuffleBytes-EraseBytes-EraseBytes-
#1650	REDUCE cov: 122 ft: 484 corp: 50/7556b lim: 333 exec/s: 0 rss: 29Mb L: 39/333 MS: 3 InsertByte-ChangeBit-EraseBytes-
#1736	NEW    cov: 122 ft: 485 corp: 51/7664b lim: 333 exec/s: 0 rss: 29Mb L: 108/333 MS: 1 CMP- DE: "\001\000\000\002"-
#1757	REDUCE cov: 122 ft: 485 corp: 51/7611b lim: 333 exec/s: 0 rss: 29Mb L: 150/333 MS: 1 EraseBytes-
#1872	NEW    cov: 122 ft: 486 corp: 52/7940b lim: 333 exec/s: 0 rss: 29Mb L: 329/333 MS: 5 InsertRepeatedBytes-ChangeBit-ChangeBit-CopyPart-CrossOver-
#1939	NEW    cov: 122 ft: 487 corp: 53/7953b lim: 333 exec/s: 0 rss: 29Mb L: 13/333 MS: 2 CrossOver-EraseBytes-
#2026	REDUCE cov: 122 ft: 487 corp: 53/7905b lim: 333 exec/s: 0 rss: 29Mb L: 60/333 MS: 2 InsertByte-EraseBytes-
#2045	REDUCE cov: 122 ft: 487 corp: 53/7901b lim: 333 exec/s: 0 rss: 29Mb L: 311/333 MS: 4 CMP-ChangeBit-CopyPart-EraseBytes- DE: "\001\000\000\000\000\000\000\004"-
#2082	REDUCE cov: 122 ft: 487 corp: 53/7898b lim: 333 exec/s: 0 rss: 29Mb L: 74/333 MS: 2 ChangeByte-EraseBytes-
#2274	REDUCE cov: 122 ft: 488 corp: 54/8135b lim: 333 exec/s: 0 rss: 29Mb L: 237/333 MS: 2 CopyPart-CopyPart-
#2355	NEW    cov: 122 ft: 495 corp: 55/8425b lim: 333 exec/s: 0 rss: 29Mb L: 290/333 MS: 1 InsertRepeatedBytes-
#2427	REDUCE cov: 122 ft: 495 corp: 55/8370b lim: 333 exec/s: 0 rss: 29Mb L: 148/333 MS: 2 ShuffleBytes-EraseBytes-
#2697	REDUCE cov: 122 ft: 495 corp: 55/8299b lim: 333 exec/s: 0 rss: 29Mb L: 254/333 MS: 5 ChangeByte-InsertRepeatedBytes-CrossOver-ChangeBinInt-InsertRepeatedBytes-
#2787	NEW    cov: 122 ft: 496 corp: 56/8616b lim: 333 exec/s: 0 rss: 29Mb L: 317/333 MS: 5 ChangeBinInt-CMP-InsertByte-PersAutoDict-InsertRepeatedBytes- DE: "\011\000"-"\370\000\000\000"-
#3038	REDUCE cov: 122 ft: 496 corp: 56/8560b lim: 333 exec/s: 0 rss: 29Mb L: 152/333 MS: 1 EraseBytes-
#3079	NEW    cov: 122 ft: 497 corp: 57/8814b lim: 333 exec/s: 0 rss: 29Mb L: 254/333 MS: 1 ChangeBit-
#3092	REDUCE cov: 123 ft: 498 corp: 58/9144b lim: 333 exec/s: 0 rss: 29Mb L: 330/333 MS: 3 InsertByte-InsertRepeatedBytes-CMP- DE: "ispe"-
#3158	REDUCE cov: 123 ft: 498 corp: 58/9142b lim: 333 exec/s: 0 rss: 29Mb L: 5/333 MS: 1 EraseBytes-
#3361	REDUCE cov: 123 ft: 498 corp: 58/9135b lim: 333 exec/s: 0 rss: 29Mb L: 283/333 MS: 3 EraseBytes-ShuffleBytes-CopyPart-
#3447	REDUCE cov: 123 ft: 498 corp: 58/9115b lim: 333 exec/s: 0 rss: 29Mb L: 208/333 MS: 1 EraseBytes-
#3454	REDUCE cov: 123 ft: 498 corp: 58/9114b lim: 333 exec/s: 0 rss: 29Mb L: 4/333 MS: 2 ChangeBit-EraseBytes-
#3465	REDUCE cov: 123 ft: 498 corp: 58/9112b lim: 333 exec/s: 0 rss: 29Mb L: 2/333 MS: 1 EraseBytes-
#3529	REDUCE cov: 123 ft: 498 corp: 58/9111b lim: 333 exec/s: 0 rss: 29Mb L: 1/333 MS: 4 CopyPart-ChangeBit-ShuffleBytes-EraseBytes-
#3731	NEW    cov: 124 ft: 499 corp: 59/9439b lim: 333 exec/s: 0 rss: 29Mb L: 328/333 MS: 2 InsertByte-CopyPart-
#4127	REDUCE cov: 124 ft: 499 corp: 59/9431b lim: 333 exec/s: 0 rss: 29Mb L: 52/333 MS: 1 EraseBytes-
#4132	NEW    cov: 124 ft: 500 corp: 60/9764b lim: 333 exec/s: 0 rss: 29Mb L: 333/333 MS: 5 PersAutoDict-ChangeBit-CopyPart-ChangeBinInt-InsertByte- DE: "\011\000"-
#4221	REDUCE cov: 124 ft: 500 corp: 60/9760b lim: 333 exec/s: 0 rss: 29Mb L: 146/333 MS: 4 ShuffleBytes-ChangeByte-CMP-EraseBytes- DE: "hvcC"-
#4254	REDUCE cov: 124 ft: 500 corp: 60/9752b lim: 333 exec/s: 0 rss: 29Mb L: 66/333 MS: 3 InsertByte-ChangeByte-EraseBytes-
#4306	REDUCE cov: 124 ft: 500 corp: 60/9745b lim: 333 exec/s: 0 rss: 29Mb L: 32/333 MS: 2 InsertByte-EraseBytes-
#4367	REDUCE cov: 124 ft: 500 corp: 60/9731b lim: 333 exec/s: 0 rss: 29Mb L: 52/333 MS: 1 EraseBytes-
#4392	REDUCE cov: 124 ft: 500 corp: 60/9716b lim: 333 exec/s: 0 rss: 29Mb L: 133/333 MS: 5 CrossOver-CrossOver-InsertByte-ShuffleBytes-EraseBytes-
#4670	REDUCE cov: 124 ft: 500 corp: 60/9711b lim: 333 exec/s: 0 rss: 29Mb L: 306/333 MS: 3 ChangeBinInt-CrossOver-EraseBytes-
#4745	REDUCE cov: 124 ft: 500 corp: 60/9709b lim: 333 exec/s: 0 rss: 29Mb L: 331/333 MS: 5 ChangeBinInt-ChangeBit-CopyPart-ChangeBinInt-EraseBytes-
#4862	REDUCE cov: 124 ft: 500 corp: 60/9653b lim: 333 exec/s: 0 rss: 29Mb L: 230/333 MS: 2 ChangeBit-EraseBytes-
#4868	REDUCE cov: 124 ft: 500 corp: 60/9644b lim: 333 exec/s: 0 rss: 29Mb L: 27/333 MS: 1 EraseBytes-
#4879	REDUCE cov: 124 ft: 500 corp: 60/9638b lim: 333 exec/s: 0 rss: 29Mb L: 26/333 MS: 1 EraseBytes-
#5255	NEW    cov: 124 ft: 503 corp: 61/9892b lim: 333 exec/s: 0 rss: 29Mb L: 254/333 MS: 1 PersAutoDict- DE: "hvcC"-
#5282	REDUCE cov: 124 ft: 503 corp: 61/9858b lim: 333 exec/s: 0 rss: 29Mb L: 296/333 MS: 2 ShuffleBytes-EraseBytes-
#5324	REDUCE cov: 124 ft: 503 corp: 61/9850b lim: 333 exec/s: 0 rss: 29Mb L: 324/333 MS: 2 ChangeBit-EraseBytes-
#5345	REDUCE cov: 124 ft: 503 corp: 61/9849b lim: 333 exec/s: 0 rss: 29Mb L: 223/333 MS: 1 EraseBytes-
#5559	REDUCE cov: 124 ft: 503 corp: 61/9779b lim: 333 exec/s: 0 rss: 29Mb L: 138/333 MS: 4 EraseBytes-ChangeBit-ChangeBinInt-CMP- DE: "\013\000\000\000"-
#5595	REDUCE cov: 124 ft: 503 corp: 61/9777b lim: 333 exec/s: 0 rss: 29Mb L: 11/333 MS: 1 EraseBytes-
#5806	REDUCE cov: 124 ft: 503 corp: 61/9762b lim: 333 exec/s: 0 rss: 29Mb L: 93/333 MS: 1 EraseBytes-
#5904	REDUCE cov: 124 ft: 503 corp: 61/9760b lim: 333 exec/s: 0 rss: 29Mb L: 50/333 MS: 3 InsertByte-EraseBytes-CMP- DE: "om\000p"-
#6095	REDUCE cov: 124 ft: 503 corp: 61/9759b lim: 333 exec/s: 0 rss: 29Mb L: 61/333 MS: 1 EraseBytes-
#6144	REDUCE cov: 124 ft: 503 corp: 61/9744b lim: 333 exec/s: 0 rss: 29Mb L: 316/333 MS: 4 ChangeBinInt-ChangeBinInt-CMP-EraseBytes- DE: "\000\000\000\000\000\000\000\020"-
#6190	REDUCE cov: 124 ft: 503 corp: 61/9736b lim: 333 exec/s: 0 rss: 29Mb L: 19/333 MS: 1 EraseBytes-
#6325	REDUCE cov: 124 ft: 503 corp: 61/9720b lim: 333 exec/s: 0 rss: 29Mb L: 207/333 MS: 5 ChangeBinInt-InsertRepeatedBytes-ChangeByte-ChangeByte-EraseBytes-
#6458	REDUCE cov: 124 ft: 503 corp: 61/9718b lim: 333 exec/s: 6458 rss: 29Mb L: 50/333 MS: 3 ShuffleBytes-ChangeByte-EraseBytes-
#6634	NEW    cov: 124 ft: 504 corp: 62/10004b lim: 333 exec/s: 6634 rss: 29Mb L: 286/333 MS: 1 CopyPart-
#6965	REDUCE cov: 124 ft: 504 corp: 62/9979b lim: 333 exec/s: 6965 rss: 29Mb L: 165/333 MS: 1 EraseBytes-
#6982	REDUCE cov: 124 ft: 504 corp: 62/9945b lim: 333 exec/s: 6982 rss: 29Mb L: 202/333 MS: 2 ChangeBit-EraseBytes-
#7003	REDUCE cov: 124 ft: 504 corp: 62/9942b lim: 333 exec/s: 7003 rss: 29Mb L: 57/333 MS: 1 EraseBytes-
#7103	REDUCE cov: 124 ft: 504 corp: 62/9887b lim: 333 exec/s: 7103 rss: 29Mb L: 175/333 MS: 5 ChangeBit-ChangeByte-InsertRepeatedBytes-ChangeBinInt-EraseBytes-
#7147	REDUCE cov: 124 ft: 504 corp: 62/9873b lim: 333 exec/s: 7147 rss: 29Mb L: 302/333 MS: 4 ChangeBit-InsertRepeatedBytes-InsertByte-EraseBytes-
#7198	REDUCE cov: 124 ft: 504 corp: 62/9804b lim: 333 exec/s: 7198 rss: 29Mb L: 227/333 MS: 1 CrossOver-
#7375	REDUCE cov: 124 ft: 504 corp: 62/9803b lim: 333 exec/s: 7375 rss: 29Mb L: 25/333 MS: 2 EraseBytes-CMP- DE: "mdia"-
#7446	REDUCE cov: 124 ft: 504 corp: 62/9799b lim: 333 exec/s: 7446 rss: 29Mb L: 15/333 MS: 1 EraseBytes-
#7562	REDUCE cov: 124 ft: 504 corp: 62/9795b lim: 333 exec/s: 7562 rss: 29Mb L: 57/333 MS: 1 EraseBytes-
#7704	REDUCE cov: 124 ft: 505 corp: 63/10055b lim: 333 exec/s: 7704 rss: 29Mb L: 260/333 MS: 2 InsertByte-ChangeBit-
#7754	REDUCE cov: 124 ft: 505 corp: 63/10018b lim: 333 exec/s: 7754 rss: 29Mb L: 187/333 MS: 5 ShuffleBytes-InsertByte-EraseBytes-EraseBytes-PersAutoDict- DE: "\377\377\377\007"-
#7811	REDUCE cov: 124 ft: 505 corp: 63/9913b lim: 333 exec/s: 7811 rss: 29Mb L: 149/333 MS: 2 ChangeByte-EraseBytes-
#7928	REDUCE cov: 124 ft: 505 corp: 63/9906b lim: 333 exec/s: 7928 rss: 29Mb L: 131/333 MS: 2 ChangeBit-EraseBytes-
#8094	REDUCE cov: 124 ft: 505 corp: 63/9902b lim: 333 exec/s: 8094 rss: 29Mb L: 172/333 MS: 1 EraseBytes-
#8525	REDUCE cov: 124 ft: 505 corp: 63/9858b lim: 333 exec/s: 8525 rss: 29Mb L: 49/333 MS: 1 EraseBytes-
#8551	NEW    cov: 124 ft: 506 corp: 64/10180b lim: 333 exec/s: 8551 rss: 29Mb L: 322/333 MS: 1 CrossOver-
#8862	REDUCE cov: 124 ft: 506 corp: 64/10142b lim: 333 exec/s: 8862 rss: 29Mb L: 111/333 MS: 1 EraseBytes-
#9083	REDUCE cov: 124 ft: 506 corp: 64/10103b lim: 333 exec/s: 9083 rss: 29Mb L: 72/333 MS: 1 CrossOver-
#9118	NEW    cov: 124 ft: 507 corp: 65/10367b lim: 333 exec/s: 9118 rss: 29Mb L: 264/333 MS: 5 ShuffleBytes-CopyPart-CopyPart-ChangeByte-PersAutoDict- DE: "ispe"-
#9172	REDUCE cov: 124 ft: 507 corp: 65/10366b lim: 333 exec/s: 9172 rss: 29Mb L: 162/333 MS: 4 InsertByte-ChangeBit-ChangeBinInt-EraseBytes-
#9288	REDUCE cov: 124 ft: 507 corp: 65/10362b lim: 333 exec/s: 9288 rss: 29Mb L: 11/333 MS: 1 EraseBytes-
#9355	REDUCE cov: 124 ft: 507 corp: 65/10360b lim: 333 exec/s: 9355 rss: 29Mb L: 26/333 MS: 2 ChangeBinInt-EraseBytes-
#9396	NEW    cov: 125 ft: 508 corp: 66/10693b lim: 333 exec/s: 9396 rss: 29Mb L: 333/333 MS: 1 ChangeByte-
#9437	NEW    cov: 125 ft: 509 corp: 67/10935b lim: 333 exec/s: 9437 rss: 29Mb L: 242/333 MS: 1 EraseBytes-
#9453	REDUCE cov: 125 ft: 509 corp: 67/10933b lim: 333 exec/s: 9453 rss: 29Mb L: 97/333 MS: 1 CrossOver-
#9628	REDUCE cov: 125 ft: 509 corp: 67/10903b lim: 333 exec/s: 9628 rss: 29Mb L: 234/333 MS: 5 ShuffleBytes-EraseBytes-ShuffleBytes-ShuffleBytes-CopyPart-
#10279	REDUCE cov: 125 ft: 509 corp: 67/10898b lim: 333 exec/s: 10279 rss: 29Mb L: 141/333 MS: 1 EraseBytes-
#10449	REDUCE cov: 125 ft: 509 corp: 67/10895b lim: 333 exec/s: 10449 rss: 29Mb L: 169/333 MS: 5 ChangeBinInt-CrossOver-ShuffleBytes-EraseBytes-PersAutoDict- DE: "mdia"-
#10485	REDUCE cov: 125 ft: 509 corp: 67/10893b lim: 333 exec/s: 10485 rss: 29Mb L: 9/333 MS: 1 EraseBytes-
#10653	REDUCE cov: 125 ft: 509 corp: 67/10889b lim: 333 exec/s: 10653 rss: 29Mb L: 17/333 MS: 3 ChangeBit-ShuffleBytes-EraseBytes-
#10655	REDUCE cov: 125 ft: 509 corp: 67/10885b lim: 333 exec/s: 10655 rss: 29Mb L: 66/333 MS: 2 ChangeByte-EraseBytes-
#10721	REDUCE cov: 125 ft: 509 corp: 67/10872b lim: 333 exec/s: 10721 rss: 30Mb L: 214/333 MS: 1 EraseBytes-
#10926	REDUCE cov: 125 ft: 509 corp: 67/10867b lim: 333 exec/s: 10926 rss: 30Mb L: 157/333 MS: 5 ShuffleBytes-ChangeBit-CMP-ChangeByte-EraseBytes- DE: "\302\346\200\"\237E\262L"-
#10938	REDUCE cov: 125 ft: 509 corp: 67/10835b lim: 333 exec/s: 10938 rss: 30Mb L: 254/333 MS: 2 InsertByte-EraseBytes-
#11334	REDUCE cov: 125 ft: 509 corp: 67/10834b lim: 333 exec/s: 11334 rss: 30Mb L: 200/333 MS: 1 EraseBytes-
#11385	REDUCE cov: 125 ft: 509 corp: 67/10827b lim: 333 exec/s: 11385 rss: 30Mb L: 81/333 MS: 1 EraseBytes-
#11841	REDUCE cov: 125 ft: 509 corp: 67/10826b lim: 333 exec/s: 11841 rss: 30Mb L: 8/333 MS: 1 EraseBytes-
#11845	REDUCE cov: 125 ft: 509 corp: 67/10806b lim: 333 exec/s: 11845 rss: 30Mb L: 77/333 MS: 4 ChangeByte-ChangeASCIIInt-EraseBytes-PersAutoDict- DE: "\013\000\000\000"-
#11868	REDUCE cov: 125 ft: 509 corp: 67/10798b lim: 333 exec/s: 11868 rss: 30Mb L: 42/333 MS: 3 CMP-CrossOver-EraseBytes- DE: "schm"-
#11910	NEW    cov: 125 ft: 513 corp: 68/11131b lim: 333 exec/s: 11910 rss: 30Mb L: 333/333 MS: 2 ShuffleBytes-ShuffleBytes-
#11914	REDUCE cov: 125 ft: 513 corp: 68/11051b lim: 333 exec/s: 11914 rss: 30Mb L: 179/333 MS: 4 ChangeBinInt-ChangeBinInt-ChangeBinInt-EraseBytes-
#11959	REDUCE cov: 125 ft: 513 corp: 68/11041b lim: 333 exec/s: 11959 rss: 30Mb L: 319/333 MS: 5 ChangeBit-CrossOver-InsertRepeatedBytes-ChangeByte-InsertRepeatedBytes-
#12260	REDUCE cov: 125 ft: 513 corp: 68/11038b lim: 333 exec/s: 12260 rss: 30Mb L: 74/333 MS: 1 EraseBytes-
#12271	REDUCE cov: 125 ft: 513 corp: 68/10934b lim: 333 exec/s: 12271 rss: 30Mb L: 190/333 MS: 1 EraseBytes-
#13122	REDUCE cov: 125 ft: 513 corp: 68/10907b lim: 341 exec/s: 13122 rss: 30Mb L: 225/333 MS: 1 EraseBytes-
#13273	REDUCE cov: 125 ft: 513 corp: 68/10905b lim: 341 exec/s: 6636 rss: 30Mb L: 9/333 MS: 1 EraseBytes-
#13795	REDUCE cov: 126 ft: 514 corp: 69/11119b lim: 341 exec/s: 6897 rss: 30Mb L: 214/333 MS: 2 ChangeBit-ChangeByte-
#14061	REDUCE cov: 126 ft: 514 corp: 69/11118b lim: 341 exec/s: 7030 rss: 30Mb L: 164/333 MS: 1 EraseBytes-
#14063	REDUCE cov: 126 ft: 514 corp: 69/11104b lim: 341 exec/s: 7031 rss: 30Mb L: 211/333 MS: 2 ShuffleBytes-EraseBytes-
#14102	NEW    cov: 126 ft: 533 corp: 70/11428b lim: 341 exec/s: 7051 rss: 30Mb L: 324/333 MS: 4 InsertByte-ChangeASCIIInt-ChangeBinInt-InsertByte-
==241672== ERROR: libFuzzer: out-of-memory (used: 1286Mb; limit: 1024Mb)
   To change the out-of-memory limit use -rss_limit_mb=<N>

MS: 2 PersAutoDict-CrossOver- DE: "schm"-; base unit: f95b7b5bcb8aae1299e23172310fc672f8f9b1c0
artifact_prefix='/results/crashes/20260313_153917_7165608b_'; Test unit written to /results/crashes/20260313_153917_7165608b_oom-378dfa859a816a632cb23838a9a73d427c3daa73
SUMMARY: libFuzzer: out-of-memory
stat::number_of_executed_units: 14474
stat::average_exec_per_sec:     4824
stat::new_units_added:          161
stat::slowest_unit_time_sec:    0
stat::peak_rss_mb:              1286
