INFO: Running with entropic power schedule (0xFF, 100).
INFO: Seed: 202058826
INFO: Loaded 1 modules   (252 inline 8-bit counters): 252 [0x5e5496549678, 0x5e5496549774), 
INFO: Loaded 1 PC tables (252 PCs): 252 [0x5e5496549778,0x5e549654a738), 
INFO:        4 files found in /tmp/corpus_20260313_163154_1817f56c
INFO: seed corpus: files: 4 min: 48b max: 333b total: 853b rss: 28Mb
#5	INITED cov: 119 ft: 252 corp: 4/853b exec/s: 0 rss: 29Mb
#7	NEW    cov: 119 ft: 253 corp: 5/1042b lim: 333 exec/s: 0 rss: 29Mb L: 189/333 MS: 2 CrossOver-EraseBytes-
#8	NEW    cov: 119 ft: 271 corp: 6/1098b lim: 333 exec/s: 0 rss: 29Mb L: 56/333 MS: 1 CMP- DE: "\200\377\377\377\377\377\377\377"-
#10	NEW    cov: 119 ft: 287 corp: 7/1205b lim: 333 exec/s: 0 rss: 29Mb L: 107/333 MS: 2 ChangeByte-InsertRepeatedBytes-
#12	NEW    cov: 121 ft: 294 corp: 8/1429b lim: 333 exec/s: 0 rss: 29Mb L: 224/333 MS: 2 ChangeBinInt-InsertRepeatedBytes-
#13	NEW    cov: 121 ft: 305 corp: 9/1727b lim: 333 exec/s: 0 rss: 29Mb L: 298/333 MS: 1 InsertRepeatedBytes-
#15	NEW    cov: 121 ft: 310 corp: 10/1811b lim: 333 exec/s: 0 rss: 29Mb L: 84/333 MS: 2 ChangeBinInt-EraseBytes-
#18	NEW    cov: 121 ft: 311 corp: 11/2063b lim: 333 exec/s: 0 rss: 29Mb L: 252/333 MS: 3 ChangeByte-ChangeBinInt-PersAutoDict- DE: "\200\377\377\377\377\377\377\377"-
#19	NEW    cov: 121 ft: 312 corp: 12/2147b lim: 333 exec/s: 0 rss: 29Mb L: 84/333 MS: 1 ChangeByte-
#25	NEW    cov: 121 ft: 313 corp: 13/2231b lim: 333 exec/s: 0 rss: 29Mb L: 84/333 MS: 1 ChangeByte-
#27	NEW    cov: 121 ft: 314 corp: 14/2411b lim: 333 exec/s: 0 rss: 29Mb L: 180/333 MS: 2 ChangeBinInt-CrossOver-
#32	NEW    cov: 121 ft: 327 corp: 15/2541b lim: 333 exec/s: 0 rss: 29Mb L: 130/333 MS: 5 ChangeBit-ChangeBit-EraseBytes-ShuffleBytes-EraseBytes-
#35	NEW    cov: 121 ft: 328 corp: 16/2867b lim: 333 exec/s: 0 rss: 29Mb L: 326/333 MS: 3 ChangeByte-InsertByte-InsertRepeatedBytes-
#37	NEW    cov: 121 ft: 338 corp: 17/2932b lim: 333 exec/s: 0 rss: 29Mb L: 65/333 MS: 2 InsertRepeatedBytes-ShuffleBytes-
#39	REDUCE cov: 121 ft: 338 corp: 17/2883b lim: 333 exec/s: 0 rss: 29Mb L: 203/333 MS: 2 ChangeBinInt-EraseBytes-
#41	NEW    cov: 121 ft: 339 corp: 18/3024b lim: 333 exec/s: 0 rss: 29Mb L: 141/333 MS: 2 ShuffleBytes-InsertRepeatedBytes-
#46	NEW    cov: 121 ft: 340 corp: 19/3163b lim: 333 exec/s: 0 rss: 29Mb L: 139/333 MS: 5 ShuffleBytes-ShuffleBytes-EraseBytes-EraseBytes-InsertByte-
#51	NEW    cov: 121 ft: 345 corp: 20/3311b lim: 333 exec/s: 0 rss: 29Mb L: 148/333 MS: 5 PersAutoDict-PersAutoDict-ShuffleBytes-ChangeBit-InsertByte- DE: "\200\377\377\377\377\377\377\377"-"\200\377\377\377\377\377\377\377"-
#52	NEW    cov: 121 ft: 353 corp: 21/3564b lim: 333 exec/s: 0 rss: 29Mb L: 253/333 MS: 1 InsertByte-
#60	NEW    cov: 121 ft: 354 corp: 22/3683b lim: 333 exec/s: 0 rss: 29Mb L: 119/333 MS: 3 ChangeBit-ChangeByte-EraseBytes-
#65	NEW    cov: 121 ft: 355 corp: 23/3982b lim: 333 exec/s: 0 rss: 29Mb L: 299/333 MS: 5 PersAutoDict-ChangeBinInt-CopyPart-ShuffleBytes-InsertByte- DE: "\200\377\377\377\377\377\377\377"-
#106	REDUCE cov: 121 ft: 355 corp: 23/3980b lim: 333 exec/s: 0 rss: 29Mb L: 137/333 MS: 1 EraseBytes-
#109	NEW    cov: 122 ft: 356 corp: 24/4241b lim: 333 exec/s: 0 rss: 29Mb L: 261/333 MS: 3 CrossOver-EraseBytes-CopyPart-
#115	NEW    cov: 123 ft: 357 corp: 25/4549b lim: 333 exec/s: 0 rss: 29Mb L: 308/333 MS: 1 EraseBytes-
#120	NEW    cov: 123 ft: 358 corp: 26/4723b lim: 333 exec/s: 0 rss: 29Mb L: 174/333 MS: 5 ChangeByte-ChangeBinInt-InsertRepeatedBytes-ChangeBit-EraseBytes-
#122	NEW    cov: 123 ft: 359 corp: 27/4940b lim: 333 exec/s: 0 rss: 29Mb L: 217/333 MS: 2 PersAutoDict-EraseBytes- DE: "\200\377\377\377\377\377\377\377"-
#127	NEW    cov: 123 ft: 360 corp: 28/5176b lim: 333 exec/s: 0 rss: 29Mb L: 236/333 MS: 5 ChangeBinInt-ChangeByte-ChangeBit-CMP-PersAutoDict- DE: "hvcC"-"\200\377\377\377\377\377\377\377"-
#131	NEW    cov: 123 ft: 361 corp: 29/5355b lim: 333 exec/s: 0 rss: 29Mb L: 179/333 MS: 4 ShuffleBytes-ChangeBit-ChangeBit-InsertRepeatedBytes-
#163	NEW    cov: 123 ft: 362 corp: 30/5438b lim: 333 exec/s: 0 rss: 29Mb L: 83/333 MS: 2 EraseBytes-ShuffleBytes-
#172	NEW    cov: 123 ft: 370 corp: 31/5507b lim: 333 exec/s: 0 rss: 29Mb L: 69/333 MS: 4 ShuffleBytes-EraseBytes-ChangeBinInt-EraseBytes-
#183	NEW    cov: 123 ft: 371 corp: 32/5625b lim: 333 exec/s: 0 rss: 29Mb L: 118/333 MS: 1 CrossOver-
#202	NEW    cov: 123 ft: 372 corp: 33/5777b lim: 333 exec/s: 0 rss: 29Mb L: 152/333 MS: 4 ChangeBit-ChangeByte-CopyPart-CrossOver-
#207	REDUCE cov: 123 ft: 373 corp: 34/5860b lim: 333 exec/s: 0 rss: 29Mb L: 83/333 MS: 5 EraseBytes-CrossOver-PersAutoDict-ShuffleBytes-EraseBytes- DE: "\200\377\377\377\377\377\377\377"-
#215	NEW    cov: 123 ft: 374 corp: 35/6011b lim: 333 exec/s: 0 rss: 29Mb L: 151/333 MS: 3 EraseBytes-ShuffleBytes-ShuffleBytes-
#222	NEW    cov: 123 ft: 375 corp: 36/6059b lim: 333 exec/s: 0 rss: 29Mb L: 48/333 MS: 2 ChangeBit-PersAutoDict- DE: "\200\377\377\377\377\377\377\377"-
==413158== ERROR: libFuzzer: out-of-memory (used: 1500Mb; limit: 1024Mb)
   To change the out-of-memory limit use -rss_limit_mb=<N>

MS: 5 ChangeByte-ChangeBit-CrossOver-EraseBytes-EraseBytes-; base unit: 6263d8eb76d540dff66c9d91f358a841bacec024
0x0,0x0,0x0,0x1c,0x66,0x74,0x79,0x70,0x4d,0x34,0x56,0x20,0x0,0x0,0x0,0x0,0x4d,0x34,0x0,0x0,0x0,0x0,0x0,0x3,0xe8,0x0,0x0,0x61,0x0,0x0,0x0,0x58,0x6d,0x65,0x74,0x61,0x0,0x0,0x0,0x0,0x0,0x0,0x0,0x21,0x68,0x64,0x6c,0x72,0x0,0x0,0x0,0x0,0x0,0x0,0x0,0x0,0x0,0x0,0x0,0x0,0x0,0x0,0x0,0x0,0x0,0x0,0x0,0x0,0x0,0x0,0x0,0x0,0x0,0x0,0x0,0x0,0x0,0x69,0x6c,0x73,0x74,0x0,0x0,0x0,0x22,0xc2,0xa9,0x6e,0x61,0x6d,0x0,0x0,0x0,0x1a,0x64,0x61,0x74,0x61,0x0,0x0,0x0,0x1,0x0,0x0,0x0,0x0,0x54,0x65,0x73,0x74,0x20,0xbc,0x69,0x64,0x65,0x6f,
\000\000\000\034ftypM4V \000\000\000\000M4\000\000\000\000\000\003\350\000\000a\000\000\000Xmeta\000\000\000\000\000\000\000!hdlr\000\000\000\000\000\000\000\000\000\000\000\000\000\000\000\000\000\000\000\000\000\000\000\000\000\000\000\000\000ilst\000\000\000\"\302\251nam\000\000\000\032data\000\000\000\001\000\000\000\000Test \274ideo
artifact_prefix='/results/crashes/20260313_163154_1817f56c_'; Test unit written to /results/crashes/20260313_163154_1817f56c_oom-f192bc38afd30ef7ae787495840d269ea5504b16
Base64: AAAAHGZ0eXBNNFYgAAAAAE00AAAAAAAD6AAAYQAAAFhtZXRhAAAAAAAAACFoZGxyAAAAAAAAAAAAAAAAAAAAAAAAAAAAAAAAAAAAAABpbHN0AAAAIsKpbmFtAAAAGmRhdGEAAAABAAAAAFRlc3QgvGlkZW8=
SUMMARY: libFuzzer: out-of-memory
stat::number_of_executed_units: 232
stat::average_exec_per_sec:     232
stat::new_units_added:          34
stat::slowest_unit_time_sec:    0
stat::peak_rss_mb:              1501
