INFO: Running with entropic power schedule (0xFF, 100).
INFO: Seed: 4147298147
INFO: Loaded 1 modules   (252 inline 8-bit counters): 252 [0x628c75be3678, 0x628c75be3774), 
INFO: Loaded 1 PC tables (252 PCs): 252 [0x628c75be3778,0x628c75be4738), 
INFO:        4 files found in /tmp/corpus_20260313_165605_ccd36a89
INFO: seed corpus: files: 4 min: 48b max: 333b total: 853b rss: 28Mb
#5	INITED cov: 117 ft: 250 corp: 4/853b exec/s: 0 rss: 29Mb
#6	NEW    cov: 117 ft: 261 corp: 5/901b lim: 333 exec/s: 0 rss: 29Mb L: 48/333 MS: 1 ChangeByte-
#8	NEW    cov: 117 ft: 271 corp: 6/949b lim: 333 exec/s: 0 rss: 29Mb L: 48/333 MS: 2 ChangeBinInt-CMP- DE: "tt V"-
#9	NEW    cov: 117 ft: 275 corp: 7/985b lim: 333 exec/s: 0 rss: 29Mb L: 36/333 MS: 1 EraseBytes-
#10	NEW    cov: 117 ft: 276 corp: 8/1025b lim: 333 exec/s: 0 rss: 29Mb L: 40/333 MS: 1 PersAutoDict- DE: "tt V"-
#12	NEW    cov: 118 ft: 278 corp: 9/1281b lim: 333 exec/s: 0 rss: 29Mb L: 256/333 MS: 2 ChangeByte-CMP- DE: "tapt"-
#14	NEW    cov: 118 ft: 279 corp: 10/1330b lim: 333 exec/s: 0 rss: 29Mb L: 49/333 MS: 2 InsertRepeatedBytes-InsertByte-
#16	NEW    cov: 118 ft: 289 corp: 11/1410b lim: 333 exec/s: 0 rss: 29Mb L: 80/333 MS: 2 PersAutoDict-CrossOver- DE: "tapt"-
#20	NEW    cov: 118 ft: 290 corp: 12/1491b lim: 333 exec/s: 0 rss: 29Mb L: 81/333 MS: 4 ShuffleBytes-ShuffleBytes-ChangeBinInt-InsertByte-
#21	NEW    cov: 118 ft: 295 corp: 13/1571b lim: 333 exec/s: 0 rss: 29Mb L: 80/333 MS: 1 CrossOver-
#23	NEW    cov: 118 ft: 306 corp: 14/1627b lim: 333 exec/s: 0 rss: 29Mb L: 56/333 MS: 2 ChangeBinInt-CMP- DE: "\000\000b\214\252\237\276\222"-
#24	NEW    cov: 118 ft: 307 corp: 15/1707b lim: 333 exec/s: 0 rss: 29Mb L: 80/333 MS: 1 ChangeByte-
#27	NEW    cov: 118 ft: 311 corp: 16/2019b lim: 333 exec/s: 0 rss: 29Mb L: 312/333 MS: 3 ShuffleBytes-ChangeBinInt-InsertRepeatedBytes-
#28	NEW    cov: 118 ft: 313 corp: 17/2113b lim: 333 exec/s: 0 rss: 29Mb L: 94/333 MS: 1 CopyPart-
#29	NEW    cov: 118 ft: 314 corp: 18/2169b lim: 333 exec/s: 0 rss: 29Mb L: 56/333 MS: 1 CMP- DE: "\001\000b\214\252\237\314{"-
#30	NEW    cov: 118 ft: 315 corp: 19/2327b lim: 333 exec/s: 0 rss: 29Mb L: 158/333 MS: 1 InsertRepeatedBytes-
#33	NEW    cov: 118 ft: 322 corp: 20/2449b lim: 333 exec/s: 0 rss: 29Mb L: 122/333 MS: 3 ChangeBinInt-ChangeBinInt-CrossOver-
#35	NEW    cov: 118 ft: 323 corp: 21/2568b lim: 333 exec/s: 0 rss: 29Mb L: 119/333 MS: 2 ChangeByte-InsertRepeatedBytes-
#36	NEW    cov: 118 ft: 324 corp: 22/2901b lim: 333 exec/s: 0 rss: 29Mb L: 333/333 MS: 1 ChangeBit-
#40	NEW    cov: 118 ft: 325 corp: 23/3100b lim: 333 exec/s: 0 rss: 29Mb L: 199/333 MS: 4 ChangeBinInt-InsertByte-PersAutoDict-CrossOver- DE: "\001\000b\214\252\237\314{"-
#45	NEW    cov: 118 ft: 326 corp: 24/3272b lim: 333 exec/s: 0 rss: 29Mb L: 172/333 MS: 5 ChangeASCIIInt-ShuffleBytes-CopyPart-CrossOver-InsertRepeatedBytes-
#46	REDUCE cov: 118 ft: 326 corp: 24/3225b lim: 333 exec/s: 0 rss: 29Mb L: 286/333 MS: 1 CrossOver-
#64	NEW    cov: 119 ft: 328 corp: 25/3500b lim: 333 exec/s: 0 rss: 29Mb L: 275/333 MS: 3 CopyPart-PersAutoDict-CrossOver- DE: "\001\000b\214\252\237\314{"-
#67	NEW    cov: 119 ft: 329 corp: 26/3629b lim: 333 exec/s: 0 rss: 29Mb L: 129/333 MS: 3 CrossOver-PersAutoDict-CrossOver- DE: "tapt"-
#71	NEW    cov: 119 ft: 338 corp: 27/3656b lim: 333 exec/s: 0 rss: 29Mb L: 27/333 MS: 4 EraseBytes-ChangeASCIIInt-CMP-EraseBytes- DE: "\012\000\000\000"-
#74	NEW    cov: 119 ft: 339 corp: 28/3855b lim: 333 exec/s: 0 rss: 29Mb L: 199/333 MS: 3 EraseBytes-ChangeBinInt-CopyPart-
#76	NEW    cov: 119 ft: 340 corp: 29/4130b lim: 333 exec/s: 0 rss: 29Mb L: 275/333 MS: 2 ChangeByte-CrossOver-
#81	NEW    cov: 119 ft: 341 corp: 30/4336b lim: 333 exec/s: 0 rss: 29Mb L: 206/333 MS: 5 CMP-CopyPart-CrossOver-CrossOver-CrossOver- DE: "\377\377a\214\252\240[m"-
#85	NEW    cov: 119 ft: 342 corp: 31/4573b lim: 333 exec/s: 0 rss: 29Mb L: 237/333 MS: 4 PersAutoDict-CopyPart-PersAutoDict-CrossOver- DE: "\377\377a\214\252\240[m"-"tapt"-
#91	NEW    cov: 119 ft: 357 corp: 32/4622b lim: 333 exec/s: 0 rss: 29Mb L: 49/333 MS: 1 InsertByte-
#98	NEW    cov: 119 ft: 365 corp: 33/4752b lim: 333 exec/s: 0 rss: 29Mb L: 130/333 MS: 2 CrossOver-EraseBytes-
#102	NEW    cov: 120 ft: 366 corp: 34/4759b lim: 333 exec/s: 0 rss: 29Mb L: 7/333 MS: 4 EraseBytes-ChangeBinInt-PersAutoDict-CrossOver- DE: "\012\000\000\000"-
#108	NEW    cov: 120 ft: 382 corp: 35/4771b lim: 333 exec/s: 0 rss: 29Mb L: 12/333 MS: 1 CopyPart-
#116	NEW    cov: 120 ft: 383 corp: 36/4876b lim: 333 exec/s: 0 rss: 29Mb L: 105/333 MS: 3 ChangeByte-InsertRepeatedBytes-InsertByte-
#122	NEW    cov: 120 ft: 384 corp: 37/4946b lim: 333 exec/s: 0 rss: 29Mb L: 70/333 MS: 1 CopyPart-
#131	NEW    cov: 120 ft: 385 corp: 38/5003b lim: 333 exec/s: 0 rss: 29Mb L: 57/333 MS: 4 ChangeBinInt-PersAutoDict-ChangeASCIIInt-CMP- DE: "\377\377a\214\252\240[m"-"\230\221\240\252\214b\000\000"-
#139	NEW    cov: 120 ft: 387 corp: 39/5291b lim: 333 exec/s: 0 rss: 29Mb L: 288/333 MS: 3 CrossOver-InsertRepeatedBytes-CopyPart-
#145	REDUCE cov: 121 ft: 388 corp: 40/5603b lim: 333 exec/s: 0 rss: 29Mb L: 312/333 MS: 1 CopyPart-
#154	NEW    cov: 121 ft: 398 corp: 41/5626b lim: 333 exec/s: 0 rss: 29Mb L: 23/333 MS: 4 PersAutoDict-PersAutoDict-ChangeBit-PersAutoDict- DE: "\001\000b\214\252\237\314{"-"\012\000\000\000"-"\001\000b\214\252\237\314{"-
#165	NEW    cov: 122 ft: 400 corp: 42/5882b lim: 333 exec/s: 0 rss: 29Mb L: 256/333 MS: 1 CopyPart-
#181	NEW    cov: 122 ft: 406 corp: 43/6200b lim: 333 exec/s: 0 rss: 29Mb L: 318/333 MS: 1 CopyPart-
#201	REDUCE cov: 122 ft: 406 corp: 43/6151b lim: 333 exec/s: 0 rss: 29Mb L: 263/333 MS: 5 CMP-CMP-InsertByte-CopyPart-EraseBytes- DE: "qm\000\000"-"\001\013"-
#206	NEW    cov: 122 ft: 407 corp: 44/6331b lim: 333 exec/s: 0 rss: 29Mb L: 180/333 MS: 5 InsertByte-CrossOver-ChangeBit-CMP-EraseBytes- DE: "5\000\000\000"-
#241	NEW    cov: 122 ft: 408 corp: 45/6598b lim: 333 exec/s: 0 rss: 29Mb L: 267/333 MS: 5 ChangeBinInt-ChangeBinInt-PersAutoDict-CopyPart-InsertRepeatedBytes- DE: "tapt"-
#243	NEW    cov: 122 ft: 434 corp: 46/6617b lim: 333 exec/s: 0 rss: 29Mb L: 19/333 MS: 2 ChangeBit-CrossOver-
#266	NEW    cov: 122 ft: 435 corp: 47/6798b lim: 333 exec/s: 0 rss: 29Mb L: 181/333 MS: 3 CrossOver-CMP-InsertByte- DE: "\017\000\000\000\000\000\000\000"-
#287	NEW    cov: 122 ft: 436 corp: 48/7054b lim: 333 exec/s: 0 rss: 29Mb L: 256/333 MS: 1 ChangeBinInt-
#304	NEW    cov: 122 ft: 438 corp: 49/7062b lim: 333 exec/s: 0 rss: 29Mb L: 8/333 MS: 2 ChangeBinInt-InsertByte-
#322	REDUCE cov: 122 ft: 438 corp: 49/7042b lim: 333 exec/s: 0 rss: 29Mb L: 109/333 MS: 3 EraseBytes-CopyPart-ChangeByte-
#457	NEW    cov: 122 ft: 443 corp: 50/7162b lim: 333 exec/s: 0 rss: 29Mb L: 120/333 MS: 5 PersAutoDict-EraseBytes-ChangeBinInt-EraseBytes-PersAutoDict- DE: "5\000\000\000"-"5\000\000\000"-
#458	REDUCE cov: 122 ft: 443 corp: 50/7124b lim: 333 exec/s: 0 rss: 29Mb L: 10/333 MS: 1 CrossOver-
#505	REDUCE cov: 122 ft: 443 corp: 50/7094b lim: 333 exec/s: 0 rss: 29Mb L: 245/333 MS: 2 ChangeBinInt-EraseBytes-
#567	NEW    cov: 122 ft: 449 corp: 51/7414b lim: 333 exec/s: 0 rss: 29Mb L: 320/333 MS: 2 ChangeBit-PersAutoDict- DE: "\230\221\240\252\214b\000\000"-
#713	NEW    cov: 122 ft: 459 corp: 52/7470b lim: 333 exec/s: 0 rss: 29Mb L: 56/333 MS: 1 ChangeBit-
#744	REDUCE cov: 122 ft: 459 corp: 52/7388b lim: 333 exec/s: 0 rss: 29Mb L: 230/333 MS: 1 CrossOver-
#750	REDUCE cov: 122 ft: 459 corp: 52/7378b lim: 333 exec/s: 0 rss: 29Mb L: 70/333 MS: 1 EraseBytes-
#832	REDUCE cov: 122 ft: 459 corp: 52/7369b lim: 333 exec/s: 0 rss: 29Mb L: 311/333 MS: 2 ChangeBit-EraseBytes-
#858	NEW    cov: 122 ft: 460 corp: 53/7396b lim: 333 exec/s: 0 rss: 29Mb L: 27/333 MS: 1 EraseBytes-
#932	REDUCE cov: 122 ft: 460 corp: 53/7389b lim: 333 exec/s: 0 rss: 29Mb L: 73/333 MS: 4 ChangeByte-ChangeBinInt-InsertByte-EraseBytes-
#944	REDUCE cov: 122 ft: 460 corp: 53/7377b lim: 333 exec/s: 0 rss: 29Mb L: 44/333 MS: 2 CopyPart-EraseBytes-
#973	REDUCE cov: 122 ft: 460 corp: 53/7375b lim: 333 exec/s: 0 rss: 29Mb L: 284/333 MS: 4 CopyPart-InsertByte-InsertRepeatedBytes-EraseBytes-
#1019	REDUCE cov: 122 ft: 460 corp: 53/7367b lim: 333 exec/s: 0 rss: 29Mb L: 112/333 MS: 1 EraseBytes-
#1049	REDUCE cov: 122 ft: 460 corp: 53/7360b lim: 333 exec/s: 0 rss: 29Mb L: 16/333 MS: 5 CrossOver-CrossOver-InsertByte-ShuffleBytes-InsertRepeatedBytes-
#1056	REDUCE cov: 122 ft: 460 corp: 53/7349b lim: 333 exec/s: 0 rss: 29Mb L: 25/333 MS: 2 CopyPart-EraseBytes-
#1063	REDUCE cov: 122 ft: 460 corp: 53/7347b lim: 333 exec/s: 0 rss: 29Mb L: 68/333 MS: 2 CopyPart-EraseBytes-
#1121	REDUCE cov: 122 ft: 460 corp: 53/7334b lim: 333 exec/s: 0 rss: 29Mb L: 254/333 MS: 3 ShuffleBytes-EraseBytes-CMP- DE: "\347\025\240\252\214b\000\000"-
#1140	REDUCE cov: 122 ft: 460 corp: 53/7324b lim: 333 exec/s: 0 rss: 29Mb L: 308/333 MS: 4 ChangeBit-ChangeASCIIInt-CrossOver-EraseBytes-
#1260	REDUCE cov: 122 ft: 460 corp: 53/7316b lim: 333 exec/s: 0 rss: 29Mb L: 191/333 MS: 5 CopyPart-ChangeBinInt-ChangeBit-EraseBytes-CopyPart-
#1277	REDUCE cov: 122 ft: 460 corp: 53/7308b lim: 333 exec/s: 0 rss: 29Mb L: 173/333 MS: 2 ShuffleBytes-EraseBytes-
#1305	REDUCE cov: 122 ft: 460 corp: 53/7305b lim: 333 exec/s: 0 rss: 29Mb L: 4/333 MS: 3 InsertByte-ChangeByte-EraseBytes-
#1329	REDUCE cov: 122 ft: 460 corp: 53/7294b lim: 333 exec/s: 0 rss: 29Mb L: 297/333 MS: 4 PersAutoDict-ChangeByte-InsertByte-EraseBytes- DE: "\001\013"-
#1448	NEW    cov: 122 ft: 467 corp: 54/7386b lim: 333 exec/s: 0 rss: 29Mb L: 92/333 MS: 4 CMP-EraseBytes-InsertByte-CrossOver- DE: "14jm"-
#1458	NEW    cov: 122 ft: 468 corp: 55/7642b lim: 333 exec/s: 0 rss: 29Mb L: 256/333 MS: 5 ChangeBinInt-ChangeByte-ChangeBinInt-PersAutoDict-ChangeBit- DE: "\347\025\240\252\214b\000\000"-
#1495	REDUCE cov: 122 ft: 468 corp: 55/7639b lim: 333 exec/s: 0 rss: 29Mb L: 24/333 MS: 2 PersAutoDict-EraseBytes- DE: "qm\000\000"-
#1522	REDUCE cov: 122 ft: 468 corp: 55/7627b lim: 333 exec/s: 0 rss: 29Mb L: 32/333 MS: 2 CMP-EraseBytes- DE: "````"-
#1579	REDUCE cov: 122 ft: 468 corp: 55/7611b lim: 333 exec/s: 0 rss: 29Mb L: 96/333 MS: 2 ChangeBit-EraseBytes-
#1616	REDUCE cov: 122 ft: 468 corp: 55/7565b lim: 333 exec/s: 0 rss: 29Mb L: 265/333 MS: 2 ChangeBinInt-EraseBytes-
#1706	REDUCE cov: 122 ft: 468 corp: 55/7500b lim: 333 exec/s: 0 rss: 29Mb L: 198/333 MS: 5 PersAutoDict-ChangeByte-CrossOver-ChangeBit-EraseBytes- DE: "\017\000\000\000\000\000\000\000"-
#1728	NEW    cov: 122 ft: 469 corp: 56/7771b lim: 333 exec/s: 0 rss: 29Mb L: 271/333 MS: 2 PersAutoDict-CrossOver- DE: "tt V"-
#1937	REDUCE cov: 122 ft: 469 corp: 56/7765b lim: 333 exec/s: 0 rss: 29Mb L: 185/333 MS: 4 ChangeBinInt-InsertByte-CrossOver-EraseBytes-
#2002	REDUCE cov: 122 ft: 469 corp: 56/7742b lim: 333 exec/s: 0 rss: 29Mb L: 82/333 MS: 5 ChangeBit-ChangeBit-EraseBytes-ShuffleBytes-ChangeByte-
#2019	REDUCE cov: 122 ft: 469 corp: 56/7724b lim: 333 exec/s: 0 rss: 29Mb L: 112/333 MS: 2 ChangeBinInt-EraseBytes-
#2136	REDUCE cov: 122 ft: 469 corp: 56/7635b lim: 333 exec/s: 0 rss: 29Mb L: 167/333 MS: 2 CopyPart-EraseBytes-
#2241	NEW    cov: 122 ft: 470 corp: 57/7843b lim: 333 exec/s: 0 rss: 29Mb L: 208/333 MS: 5 ChangeByte-PersAutoDict-InsertByte-CMP-CMP- DE: "tt V"-"\377\377\377\011"-"urn "-
#2283	REDUCE cov: 122 ft: 470 corp: 57/7831b lim: 333 exec/s: 0 rss: 29Mb L: 28/333 MS: 2 ChangeBit-EraseBytes-
#2434	NEW    cov: 122 ft: 471 corp: 58/8055b lim: 333 exec/s: 0 rss: 29Mb L: 224/333 MS: 1 CMP- DE: "ipma"-
#2509	NEW    cov: 122 ft: 472 corp: 59/8303b lim: 333 exec/s: 0 rss: 29Mb L: 248/333 MS: 5 InsertByte-ShuffleBytes-ChangeBit-InsertRepeatedBytes-InsertByte-
#2620	NEW    cov: 122 ft: 479 corp: 60/8619b lim: 333 exec/s: 0 rss: 29Mb L: 316/333 MS: 1 InsertRepeatedBytes-
#2648	NEW    cov: 122 ft: 480 corp: 61/8927b lim: 333 exec/s: 0 rss: 29Mb L: 308/333 MS: 3 InsertRepeatedBytes-InsertByte-CMP- DE: "\020\016\000\000"-
#2698	REDUCE cov: 122 ft: 480 corp: 61/8926b lim: 333 exec/s: 0 rss: 29Mb L: 11/333 MS: 5 ShuffleBytes-CMP-CMP-EraseBytes-PersAutoDict- DE: "\024\000\000\000"-"schi"-"5\000\000\000"-
#2825	REDUCE cov: 122 ft: 480 corp: 61/8905b lim: 333 exec/s: 0 rss: 29Mb L: 231/333 MS: 2 ChangeByte-EraseBytes-
#3007	REDUCE cov: 122 ft: 480 corp: 61/8890b lim: 333 exec/s: 0 rss: 29Mb L: 81/333 MS: 2 CopyPart-EraseBytes-
#3261	REDUCE cov: 122 ft: 480 corp: 61/8889b lim: 333 exec/s: 0 rss: 29Mb L: 3/333 MS: 4 ChangeBit-CMP-ChangeByte-EraseBytes- DE: "\002\000"-
#3335	REDUCE cov: 122 ft: 480 corp: 61/8863b lim: 333 exec/s: 0 rss: 29Mb L: 42/333 MS: 4 ChangeBinInt-ChangeByte-CMP-EraseBytes- DE: "\024\000\000\000"-
#3366	REDUCE cov: 122 ft: 480 corp: 61/8799b lim: 333 exec/s: 0 rss: 29Mb L: 109/333 MS: 1 EraseBytes-
#3463	NEW    cov: 122 ft: 481 corp: 62/9023b lim: 333 exec/s: 0 rss: 29Mb L: 224/333 MS: 2 ChangeByte-ChangeBinInt-
#3495	REDUCE cov: 122 ft: 481 corp: 62/9015b lim: 333 exec/s: 0 rss: 29Mb L: 308/333 MS: 2 ChangeBit-EraseBytes-
#3677	REDUCE cov: 123 ft: 482 corp: 63/9247b lim: 333 exec/s: 0 rss: 29Mb L: 232/333 MS: 2 CMP-InsertByte- DE: "'\001\000\000\000\000\000\000"-
#3690	REDUCE cov: 123 ft: 482 corp: 63/9245b lim: 333 exec/s: 0 rss: 29Mb L: 25/333 MS: 3 ChangeBit-CopyPart-EraseBytes-
#3710	REDUCE cov: 123 ft: 482 corp: 63/9243b lim: 333 exec/s: 0 rss: 29Mb L: 107/333 MS: 5 ShuffleBytes-ChangeBinInt-ChangeBit-ShuffleBytes-EraseBytes-
#3888	REDUCE cov: 123 ft: 482 corp: 63/9228b lim: 333 exec/s: 0 rss: 29Mb L: 13/333 MS: 3 CrossOver-EraseBytes-EraseBytes-
#3909	NEW    cov: 123 ft: 483 corp: 64/9556b lim: 333 exec/s: 0 rss: 29Mb L: 328/333 MS: 1 CrossOver-
#3998	REDUCE cov: 123 ft: 483 corp: 64/9552b lim: 333 exec/s: 0 rss: 29Mb L: 9/333 MS: 4 PersAutoDict-ShuffleBytes-ChangeBinInt-EraseBytes- DE: "14jm"-
#4012	REDUCE cov: 123 ft: 483 corp: 64/9524b lim: 333 exec/s: 0 rss: 29Mb L: 226/333 MS: 4 CMP-CopyPart-PersAutoDict-EraseBytes- DE: "ipma"-"\017\000\000\000\000\000\000\000"-
#4019	REDUCE cov: 123 ft: 483 corp: 64/9522b lim: 333 exec/s: 0 rss: 29Mb L: 107/333 MS: 2 ChangeByte-EraseBytes-
#4091	REDUCE cov: 123 ft: 483 corp: 64/9521b lim: 333 exec/s: 0 rss: 29Mb L: 2/333 MS: 2 ChangeBit-EraseBytes-
#4225	REDUCE cov: 123 ft: 483 corp: 64/9503b lim: 333 exec/s: 0 rss: 29Mb L: 230/333 MS: 4 CrossOver-ChangeByte-ChangeBinInt-EraseBytes-
#4264	REDUCE cov: 123 ft: 483 corp: 64/9495b lim: 333 exec/s: 0 rss: 29Mb L: 237/333 MS: 4 ChangeBinInt-CrossOver-InsertRepeatedBytes-EraseBytes-
#4313	REDUCE cov: 123 ft: 483 corp: 64/9487b lim: 333 exec/s: 0 rss: 29Mb L: 267/333 MS: 4 EraseBytes-ChangeBit-PersAutoDict-PersAutoDict- DE: "qm\000\000"-"14jm"-
#4498	REDUCE cov: 123 ft: 483 corp: 64/9476b lim: 333 exec/s: 0 rss: 29Mb L: 219/333 MS: 5 ChangeBinInt-ChangeASCIIInt-ChangeBit-ChangeBit-EraseBytes-
#4713	REDUCE cov: 123 ft: 483 corp: 64/9463b lim: 333 exec/s: 0 rss: 29Mb L: 172/333 MS: 5 CMP-CMP-ChangeBit-ChangeBinInt-EraseBytes- DE: "schi"-"\000\000\000="-
#4733	REDUCE cov: 123 ft: 483 corp: 64/9415b lim: 333 exec/s: 0 rss: 29Mb L: 151/333 MS: 5 CrossOver-ChangeBinInt-PersAutoDict-ChangeByte-EraseBytes- DE: "\347\025\240\252\214b\000\000"-
#4824	REDUCE cov: 123 ft: 483 corp: 64/9414b lim: 333 exec/s: 0 rss: 29Mb L: 9/333 MS: 1 EraseBytes-
#4918	REDUCE cov: 123 ft: 483 corp: 64/9408b lim: 333 exec/s: 0 rss: 29Mb L: 51/333 MS: 4 ChangeBinInt-EraseBytes-InsertByte-ChangeByte-
#5040	REDUCE cov: 123 ft: 483 corp: 64/9340b lim: 333 exec/s: 0 rss: 29Mb L: 162/333 MS: 2 InsertByte-EraseBytes-
#5112	REDUCE cov: 123 ft: 485 corp: 65/9599b lim: 333 exec/s: 0 rss: 29Mb L: 259/333 MS: 2 EraseBytes-CopyPart-
#5268	REDUCE cov: 123 ft: 485 corp: 65/9567b lim: 333 exec/s: 0 rss: 29Mb L: 130/333 MS: 1 EraseBytes-
#5473	REDUCE cov: 123 ft: 491 corp: 66/9811b lim: 333 exec/s: 0 rss: 29Mb L: 244/333 MS: 5 InsertByte-ShuffleBytes-ChangeByte-CopyPart-InsertRepeatedBytes-
#5603	REDUCE cov: 123 ft: 491 corp: 66/9796b lim: 333 exec/s: 0 rss: 29Mb L: 193/333 MS: 5 ChangeASCIIInt-CrossOver-ChangeByte-CMP-EraseBytes- DE: "\001\000\000 "-
#5747	REDUCE cov: 123 ft: 491 corp: 66/9791b lim: 333 exec/s: 0 rss: 29Mb L: 226/333 MS: 4 EraseBytes-ChangeBit-ChangeByte-ChangeBinInt-
#5818	REDUCE cov: 123 ft: 491 corp: 66/9790b lim: 333 exec/s: 0 rss: 29Mb L: 10/333 MS: 1 EraseBytes-
#5826	REDUCE cov: 123 ft: 491 corp: 66/9769b lim: 333 exec/s: 0 rss: 29Mb L: 60/333 MS: 3 ShuffleBytes-CMP-EraseBytes- DE: "\021\000"-
#5902	REDUCE cov: 123 ft: 491 corp: 66/9740b lim: 333 exec/s: 0 rss: 29Mb L: 83/333 MS: 1 EraseBytes-
#6193	REDUCE cov: 123 ft: 491 corp: 66/9725b lim: 333 exec/s: 0 rss: 29Mb L: 45/333 MS: 1 EraseBytes-
#6443	REDUCE cov: 123 ft: 491 corp: 66/9721b lim: 333 exec/s: 0 rss: 29Mb L: 240/333 MS: 5 ShuffleBytes-ChangeByte-ChangeBit-ChangeBinInt-EraseBytes-
#6506	REDUCE cov: 123 ft: 491 corp: 66/9718b lim: 333 exec/s: 0 rss: 29Mb L: 203/333 MS: 3 ChangeBinInt-ChangeASCIIInt-EraseBytes-
#6841	REDUCE cov: 123 ft: 491 corp: 66/9676b lim: 333 exec/s: 6841 rss: 29Mb L: 177/333 MS: 3 ChangeByte-ChangeBit-EraseBytes-
#7033	REDUCE cov: 123 ft: 491 corp: 66/9660b lim: 333 exec/s: 7033 rss: 29Mb L: 142/333 MS: 2 ChangeBit-EraseBytes-
#7056	REDUCE cov: 123 ft: 491 corp: 66/9653b lim: 333 exec/s: 7056 rss: 29Mb L: 73/333 MS: 3 EraseBytes-ChangeByte-CopyPart-
#7243	REDUCE cov: 123 ft: 491 corp: 66/9652b lim: 333 exec/s: 7243 rss: 29Mb L: 9/333 MS: 2 EraseBytes-CMP- DE: "ipma"-
#7256	REDUCE cov: 123 ft: 491 corp: 66/9651b lim: 333 exec/s: 7256 rss: 29Mb L: 197/333 MS: 3 EraseBytes-ShuffleBytes-CopyPart-
#7279	REDUCE cov: 123 ft: 491 corp: 66/9620b lim: 333 exec/s: 7279 rss: 29Mb L: 201/333 MS: 3 CMP-CMP-EraseBytes- DE: "\377\007"-"\377\377\377\377\377\377\377\000"-
#7650	REDUCE cov: 123 ft: 491 corp: 66/9619b lim: 333 exec/s: 7650 rss: 29Mb L: 1/333 MS: 1 EraseBytes-
==490254== ERROR: libFuzzer: out-of-memory (used: 1319Mb; limit: 1024Mb)
   To change the out-of-memory limit use -rss_limit_mb=<N>

MS: 3 PersAutoDict-CMP-PersAutoDict- DE: "\347\025\240\252\214b\000\000"-"cdsc"-"\002\000"-; base unit: a751d65df5a00d60529299ecbe42ae0f24654727
artifact_prefix='/results/crashes/20260313_165605_ccd36a89_'; Test unit written to /results/crashes/20260313_165605_ccd36a89_oom-396e72ffcc6ce2d2cb2142f968cda1487b45e1b1
SUMMARY: libFuzzer: out-of-memory
stat::number_of_executed_units: 7778
stat::average_exec_per_sec:     3889
stat::new_units_added:          132
stat::slowest_unit_time_sec:    0
stat::peak_rss_mb:              1320
