INFO: Running with entropic power schedule (0xFF, 100).
INFO: Seed: 3207373842
INFO: Loaded 1 modules   (252 inline 8-bit counters): 252 [0x5c6bf65c8678, 0x5c6bf65c8774), 
INFO: Loaded 1 PC tables (252 PCs): 252 [0x5c6bf65c8778,0x5c6bf65c9738), 
INFO:        4 files found in /tmp/corpus_20260313_171249_a80f5fae
INFO: seed corpus: files: 4 min: 48b max: 333b total: 853b rss: 28Mb
#5	INITED cov: 118 ft: 250 corp: 4/853b exec/s: 0 rss: 29Mb
#6	NEW    cov: 118 ft: 261 corp: 5/901b lim: 333 exec/s: 0 rss: 29Mb L: 48/333 MS: 1 ChangeBinInt-
#9	NEW    cov: 118 ft: 262 corp: 6/939b lim: 333 exec/s: 0 rss: 29Mb L: 38/333 MS: 3 ChangeByte-CMP-EraseBytes- DE: "schi"-
#10	NEW    cov: 119 ft: 273 corp: 7/1229b lim: 333 exec/s: 0 rss: 29Mb L: 290/333 MS: 1 CrossOver-
#11	NEW    cov: 119 ft: 275 corp: 8/1442b lim: 333 exec/s: 0 rss: 29Mb L: 213/333 MS: 1 CrossOver-
#14	NEW    cov: 119 ft: 276 corp: 9/1775b lim: 333 exec/s: 0 rss: 29Mb L: 333/333 MS: 3 CMP-ChangeBinInt-CrossOver- DE: "\025\000\000\000\000\000\000\000"-
#15	NEW    cov: 120 ft: 282 corp: 10/2099b lim: 333 exec/s: 0 rss: 29Mb L: 324/333 MS: 1 InsertRepeatedBytes-
#20	NEW    cov: 121 ft: 283 corp: 11/2360b lim: 333 exec/s: 0 rss: 29Mb L: 261/333 MS: 5 ShuffleBytes-EraseBytes-InsertRepeatedBytes-ChangeBinInt-ChangeBinInt-
#21	NEW    cov: 121 ft: 293 corp: 12/2408b lim: 333 exec/s: 0 rss: 29Mb L: 48/333 MS: 1 PersAutoDict- DE: "\025\000\000\000\000\000\000\000"-
#30	NEW    cov: 121 ft: 294 corp: 13/2451b lim: 333 exec/s: 0 rss: 29Mb L: 43/333 MS: 4 InsertByte-PersAutoDict-PersAutoDict-CMP- DE: "schi"-"\025\000\000\000\000\000\000\000"-"ipma"-
#42	NEW    cov: 121 ft: 295 corp: 14/2768b lim: 333 exec/s: 0 rss: 29Mb L: 317/333 MS: 2 PersAutoDict-InsertRepeatedBytes- DE: "ipma"-
#48	NEW    cov: 121 ft: 310 corp: 15/2822b lim: 333 exec/s: 0 rss: 29Mb L: 54/333 MS: 1 CrossOver-
#52	NEW    cov: 121 ft: 311 corp: 16/3118b lim: 333 exec/s: 0 rss: 29Mb L: 296/333 MS: 4 PersAutoDict-CMP-EraseBytes-CrossOver- DE: "\025\000\000\000\000\000\000\000"-"\000\000\000\000\000\000\0018"-
#53	NEW    cov: 121 ft: 322 corp: 17/3220b lim: 333 exec/s: 0 rss: 29Mb L: 102/333 MS: 1 CrossOver-
#58	NEW    cov: 121 ft: 323 corp: 18/3370b lim: 333 exec/s: 0 rss: 29Mb L: 150/333 MS: 5 PersAutoDict-ChangeBit-CMP-CrossOver-EraseBytes- DE: "\025\000\000\000\000\000\000\000"-"edts"-
#62	NEW    cov: 121 ft: 333 corp: 19/3424b lim: 333 exec/s: 0 rss: 29Mb L: 54/333 MS: 4 InsertByte-ChangeByte-EraseBytes-PersAutoDict- DE: "\000\000\000\000\000\000\0018"-
#68	NEW    cov: 121 ft: 334 corp: 20/3471b lim: 333 exec/s: 0 rss: 29Mb L: 47/333 MS: 1 CMP- DE: "avc1"-
#69	NEW    cov: 121 ft: 335 corp: 21/3586b lim: 333 exec/s: 0 rss: 29Mb L: 115/333 MS: 1 CopyPart-
#72	NEW    cov: 121 ft: 372 corp: 22/3609b lim: 333 exec/s: 0 rss: 29Mb L: 23/333 MS: 3 EraseBytes-ChangeASCIIInt-EraseBytes-
#75	NEW    cov: 121 ft: 379 corp: 23/3793b lim: 333 exec/s: 0 rss: 29Mb L: 184/333 MS: 3 ChangeBit-InsertByte-EraseBytes-
#82	NEW    cov: 121 ft: 381 corp: 24/4069b lim: 333 exec/s: 0 rss: 29Mb L: 276/333 MS: 2 ChangeBinInt-CopyPart-
#83	NEW    cov: 121 ft: 382 corp: 25/4112b lim: 333 exec/s: 0 rss: 29Mb L: 43/333 MS: 1 ShuffleBytes-
#84	NEW    cov: 121 ft: 391 corp: 26/4167b lim: 333 exec/s: 0 rss: 29Mb L: 55/333 MS: 1 CrossOver-
#86	NEW    cov: 121 ft: 397 corp: 27/4431b lim: 333 exec/s: 0 rss: 29Mb L: 264/333 MS: 2 InsertRepeatedBytes-ChangeBinInt-
#88	NEW    cov: 121 ft: 398 corp: 28/4486b lim: 333 exec/s: 0 rss: 29Mb L: 55/333 MS: 2 InsertByte-CrossOver-
#89	NEW    cov: 121 ft: 399 corp: 29/4572b lim: 333 exec/s: 0 rss: 29Mb L: 86/333 MS: 1 InsertRepeatedBytes-
#95	NEW    cov: 121 ft: 400 corp: 30/4834b lim: 333 exec/s: 0 rss: 29Mb L: 262/333 MS: 1 InsertByte-
#96	REDUCE cov: 121 ft: 400 corp: 30/4763b lim: 333 exec/s: 0 rss: 29Mb L: 190/333 MS: 1 EraseBytes-
#110	NEW    cov: 121 ft: 401 corp: 31/4888b lim: 333 exec/s: 0 rss: 29Mb L: 125/333 MS: 4 ChangeASCIIInt-InsertRepeatedBytes-CrossOver-CrossOver-
#111	NEW    cov: 121 ft: 402 corp: 32/5201b lim: 333 exec/s: 0 rss: 29Mb L: 313/333 MS: 1 InsertRepeatedBytes-
#154	NEW    cov: 121 ft: 403 corp: 33/5254b lim: 333 exec/s: 0 rss: 29Mb L: 53/333 MS: 3 CrossOver-EraseBytes-CrossOver-
#174	REDUCE cov: 121 ft: 403 corp: 33/5253b lim: 333 exec/s: 0 rss: 29Mb L: 261/333 MS: 5 CopyPart-PersAutoDict-CMP-ChangeBinInt-EraseBytes- DE: "edts"-"enaH"-
#188	NEW    cov: 121 ft: 405 corp: 34/5574b lim: 333 exec/s: 0 rss: 29Mb L: 321/333 MS: 4 ChangeBinInt-CrossOver-CMP-CopyPart- DE: " \000"-
#195	NEW    cov: 121 ft: 406 corp: 35/5754b lim: 333 exec/s: 0 rss: 29Mb L: 180/333 MS: 2 ShuffleBytes-CrossOver-
#217	NEW    cov: 121 ft: 421 corp: 36/5784b lim: 333 exec/s: 0 rss: 29Mb L: 30/333 MS: 2 PersAutoDict-EraseBytes- DE: " \000"-
#224	REDUCE cov: 121 ft: 421 corp: 36/5762b lim: 333 exec/s: 0 rss: 29Mb L: 268/333 MS: 2 CrossOver-EraseBytes-
#237	REDUCE cov: 121 ft: 421 corp: 36/5744b lim: 333 exec/s: 0 rss: 29Mb L: 29/333 MS: 3 PersAutoDict-ChangeBinInt-EraseBytes- DE: "schi"-
#258	NEW    cov: 121 ft: 422 corp: 37/5837b lim: 333 exec/s: 0 rss: 29Mb L: 93/333 MS: 1 CrossOver-
#328	NEW    cov: 121 ft: 428 corp: 38/6158b lim: 333 exec/s: 0 rss: 29Mb L: 321/333 MS: 5 ChangeBit-ChangeBit-ChangeBinInt-CMP-CopyPart- DE: "\377\377\3770"-
#402	NEW    cov: 121 ft: 429 corp: 39/6412b lim: 333 exec/s: 0 rss: 29Mb L: 254/333 MS: 4 ChangeASCIIInt-CopyPart-ChangeBinInt-CrossOver-
#413	REDUCE cov: 121 ft: 429 corp: 39/6399b lim: 333 exec/s: 0 rss: 29Mb L: 40/333 MS: 1 EraseBytes-
#423	REDUCE cov: 121 ft: 429 corp: 39/6398b lim: 333 exec/s: 0 rss: 29Mb L: 54/333 MS: 5 ChangeByte-InsertByte-ChangeBinInt-ChangeBinInt-EraseBytes-
#433	NEW    cov: 121 ft: 431 corp: 40/6726b lim: 333 exec/s: 0 rss: 29Mb L: 328/333 MS: 5 PersAutoDict-CrossOver-InsertRepeatedBytes-ChangeByte-CrossOver- DE: "ipma"-
#528	NEW    cov: 122 ft: 433 corp: 41/7048b lim: 333 exec/s: 0 rss: 29Mb L: 322/333 MS: 5 ChangeBinInt-CopyPart-InsertByte-CMP-CopyPart- DE: "\001\000\\k\3669y\350"-
#552	NEW    cov: 122 ft: 443 corp: 42/7059b lim: 333 exec/s: 0 rss: 29Mb L: 11/333 MS: 4 CopyPart-EraseBytes-PersAutoDict-EraseBytes- DE: "\000\000\000\000\000\000\0018"-
#570	NEW    cov: 123 ft: 444 corp: 43/7065b lim: 333 exec/s: 0 rss: 29Mb L: 6/333 MS: 3 ChangeBinInt-CrossOver-EraseBytes-
#588	REDUCE cov: 123 ft: 444 corp: 43/7027b lim: 333 exec/s: 0 rss: 29Mb L: 214/333 MS: 3 ChangeBinInt-InsertRepeatedBytes-EraseBytes-
#760	REDUCE cov: 123 ft: 444 corp: 43/7008b lim: 333 exec/s: 0 rss: 29Mb L: 131/333 MS: 2 CMP-CrossOver- DE: "dref"-
#807	REDUCE cov: 123 ft: 444 corp: 43/7007b lim: 333 exec/s: 0 rss: 29Mb L: 130/333 MS: 2 EraseBytes-InsertRepeatedBytes-
#838	REDUCE cov: 123 ft: 445 corp: 44/7197b lim: 333 exec/s: 0 rss: 29Mb L: 190/333 MS: 1 ChangeByte-
#839	NEW    cov: 123 ft: 454 corp: 45/7441b lim: 333 exec/s: 0 rss: 29Mb L: 244/333 MS: 1 CrossOver-
#840	NEW    cov: 123 ft: 460 corp: 46/7771b lim: 333 exec/s: 0 rss: 29Mb L: 330/333 MS: 1 CrossOver-
#902	REDUCE cov: 123 ft: 460 corp: 46/7762b lim: 333 exec/s: 0 rss: 29Mb L: 312/333 MS: 2 CopyPart-EraseBytes-
#915	REDUCE cov: 123 ft: 460 corp: 46/7746b lim: 333 exec/s: 0 rss: 29Mb L: 174/333 MS: 3 ShuffleBytes-PersAutoDict-EraseBytes- DE: "ipma"-
#917	REDUCE cov: 123 ft: 460 corp: 46/7745b lim: 333 exec/s: 0 rss: 29Mb L: 92/333 MS: 2 ChangeASCIIInt-EraseBytes-
#948	REDUCE cov: 123 ft: 470 corp: 47/7837b lim: 333 exec/s: 0 rss: 29Mb L: 92/333 MS: 1 ChangeBit-
#952	REDUCE cov: 123 ft: 470 corp: 47/7789b lim: 333 exec/s: 0 rss: 29Mb L: 216/333 MS: 4 EraseBytes-ShuffleBytes-EraseBytes-CopyPart-
#1067	REDUCE cov: 123 ft: 470 corp: 47/7785b lim: 333 exec/s: 0 rss: 29Mb L: 121/333 MS: 5 ChangeByte-InsertByte-CMP-InsertByte-EraseBytes- DE: "\377\377\377="-
#1095	REDUCE cov: 123 ft: 470 corp: 47/7774b lim: 333 exec/s: 0 rss: 29Mb L: 27/333 MS: 3 InsertByte-ShuffleBytes-EraseBytes-
#1102	NEW    cov: 123 ft: 471 corp: 48/7806b lim: 333 exec/s: 0 rss: 29Mb L: 32/333 MS: 2 EraseBytes-PersAutoDict- DE: "\377\377\3770"-
#1133	REDUCE cov: 123 ft: 471 corp: 48/7802b lim: 333 exec/s: 0 rss: 29Mb L: 50/333 MS: 1 EraseBytes-
#1169	REDUCE cov: 123 ft: 471 corp: 48/7798b lim: 333 exec/s: 0 rss: 29Mb L: 326/333 MS: 1 EraseBytes-
#1175	NEW    cov: 123 ft: 478 corp: 49/8033b lim: 333 exec/s: 0 rss: 29Mb L: 235/333 MS: 1 EraseBytes-
#1280	REDUCE cov: 123 ft: 478 corp: 49/8030b lim: 333 exec/s: 0 rss: 29Mb L: 37/333 MS: 5 InsertByte-ChangeBit-PersAutoDict-CMP-EraseBytes- DE: "edts"-"cdsc"-
#1363	REDUCE cov: 123 ft: 478 corp: 49/7932b lim: 333 exec/s: 0 rss: 29Mb L: 137/333 MS: 3 ChangeBit-PersAutoDict-EraseBytes- DE: "avc1"-
#1365	REDUCE cov: 123 ft: 478 corp: 49/7916b lim: 333 exec/s: 0 rss: 29Mb L: 238/333 MS: 2 InsertRepeatedBytes-CrossOver-
#1366	REDUCE cov: 123 ft: 478 corp: 49/7842b lim: 333 exec/s: 0 rss: 29Mb L: 116/333 MS: 1 EraseBytes-
#1422	REDUCE cov: 123 ft: 478 corp: 49/7839b lim: 333 exec/s: 0 rss: 29Mb L: 3/333 MS: 1 EraseBytes-
#1431	NEW    cov: 123 ft: 480 corp: 50/8123b lim: 333 exec/s: 0 rss: 29Mb L: 284/333 MS: 4 CopyPart-ChangeBinInt-ChangeByte-CopyPart-
#1512	REDUCE cov: 123 ft: 480 corp: 50/8074b lim: 333 exec/s: 0 rss: 29Mb L: 88/333 MS: 1 EraseBytes-
#1545	REDUCE cov: 123 ft: 480 corp: 50/8064b lim: 333 exec/s: 0 rss: 29Mb L: 323/333 MS: 3 CopyPart-ChangeBinInt-EraseBytes-
#1547	NEW    cov: 123 ft: 498 corp: 51/8349b lim: 333 exec/s: 0 rss: 29Mb L: 285/333 MS: 2 InsertByte-ChangeBit-
#1619	REDUCE cov: 123 ft: 498 corp: 51/8348b lim: 333 exec/s: 0 rss: 29Mb L: 29/333 MS: 2 ChangeBit-EraseBytes-
#1718	REDUCE cov: 124 ft: 501 corp: 52/8519b lim: 333 exec/s: 0 rss: 29Mb L: 171/333 MS: 4 ChangeASCIIInt-ChangeBit-InsertByte-CopyPart-
#1744	NEW    cov: 124 ft: 502 corp: 53/8533b lim: 333 exec/s: 0 rss: 29Mb L: 14/333 MS: 1 EraseBytes-
#1832	REDUCE cov: 124 ft: 502 corp: 53/8507b lim: 333 exec/s: 0 rss: 29Mb L: 90/333 MS: 3 PersAutoDict-InsertByte-EraseBytes- DE: "edts"-
#1878	REDUCE cov: 124 ft: 502 corp: 53/8501b lim: 333 exec/s: 0 rss: 29Mb L: 318/333 MS: 1 EraseBytes-
#1944	REDUCE cov: 124 ft: 502 corp: 53/8486b lim: 333 exec/s: 0 rss: 29Mb L: 303/333 MS: 1 EraseBytes-
#2003	REDUCE cov: 124 ft: 504 corp: 54/8740b lim: 333 exec/s: 0 rss: 29Mb L: 254/333 MS: 4 CrossOver-ShuffleBytes-ChangeByte-InsertRepeatedBytes-
#2010	REDUCE cov: 124 ft: 504 corp: 54/8739b lim: 333 exec/s: 0 rss: 29Mb L: 2/333 MS: 2 CopyPart-EraseBytes-
#2080	REDUCE cov: 124 ft: 504 corp: 54/8730b lim: 333 exec/s: 0 rss: 29Mb L: 34/333 MS: 5 InsertByte-EraseBytes-PersAutoDict-ChangeByte-PersAutoDict- DE: "schi"-"avc1"-
#2091	REDUCE cov: 124 ft: 504 corp: 54/8704b lim: 333 exec/s: 0 rss: 29Mb L: 145/333 MS: 1 EraseBytes-
#2171	NEW    cov: 124 ft: 505 corp: 55/8968b lim: 333 exec/s: 0 rss: 29Mb L: 264/333 MS: 5 EraseBytes-InsertByte-ChangeASCIIInt-CrossOver-CopyPart-
#2182	REDUCE cov: 124 ft: 505 corp: 55/8958b lim: 333 exec/s: 0 rss: 29Mb L: 78/333 MS: 1 EraseBytes-
#2444	NEW    cov: 124 ft: 506 corp: 56/9223b lim: 333 exec/s: 0 rss: 29Mb L: 265/333 MS: 2 ShuffleBytes-InsertByte-
#2446	REDUCE cov: 124 ft: 506 corp: 56/9220b lim: 333 exec/s: 0 rss: 29Mb L: 34/333 MS: 2 PersAutoDict-EraseBytes- DE: "avc1"-
#2448	REDUCE cov: 124 ft: 506 corp: 56/9218b lim: 333 exec/s: 0 rss: 29Mb L: 324/333 MS: 2 EraseBytes-InsertRepeatedBytes-
#2536	REDUCE cov: 124 ft: 506 corp: 56/9184b lim: 333 exec/s: 0 rss: 29Mb L: 287/333 MS: 3 ChangeBit-EraseBytes-CrossOver-
#2637	REDUCE cov: 124 ft: 506 corp: 56/9178b lim: 333 exec/s: 0 rss: 29Mb L: 17/333 MS: 1 EraseBytes-
#2671	REDUCE cov: 124 ft: 506 corp: 56/9177b lim: 333 exec/s: 0 rss: 29Mb L: 28/333 MS: 4 CopyPart-CopyPart-CMP-EraseBytes- DE: "\001\000\\l-p\271\032"-
#2692	REDUCE cov: 124 ft: 506 corp: 56/9175b lim: 333 exec/s: 0 rss: 29Mb L: 52/333 MS: 1 EraseBytes-
#2703	REDUCE cov: 124 ft: 506 corp: 56/9174b lim: 333 exec/s: 0 rss: 29Mb L: 1/333 MS: 1 EraseBytes-
#2745	REDUCE cov: 124 ft: 506 corp: 56/9173b lim: 333 exec/s: 0 rss: 29Mb L: 13/333 MS: 2 ChangeASCIIInt-EraseBytes-
#2781	NEW    cov: 124 ft: 520 corp: 57/9457b lim: 333 exec/s: 0 rss: 29Mb L: 284/333 MS: 1 CMP- DE: "ipma"-
#2813	REDUCE cov: 124 ft: 520 corp: 57/9449b lim: 333 exec/s: 0 rss: 29Mb L: 21/333 MS: 2 ChangeBinInt-EraseBytes-
#2861	REDUCE cov: 124 ft: 520 corp: 57/9448b lim: 333 exec/s: 0 rss: 29Mb L: 85/333 MS: 3 EraseBytes-PersAutoDict-PersAutoDict- DE: "ipma"-"\001\000\\l-p\271\032"-
#2928	REDUCE cov: 124 ft: 520 corp: 57/9445b lim: 333 exec/s: 0 rss: 29Mb L: 82/333 MS: 2 PersAutoDict-EraseBytes- DE: "\000\000\000\000\000\000\0018"-
#3075	REDUCE cov: 124 ft: 520 corp: 57/9406b lim: 333 exec/s: 0 rss: 29Mb L: 106/333 MS: 2 CMP-EraseBytes- DE: "\377\377s\321d\001\322\231"-
#3128	REDUCE cov: 124 ft: 520 corp: 57/9404b lim: 333 exec/s: 0 rss: 29Mb L: 9/333 MS: 3 ChangeBinInt-PersAutoDict-EraseBytes- DE: "enaH"-
#3155	NEW    cov: 124 ft: 526 corp: 58/9648b lim: 333 exec/s: 0 rss: 29Mb L: 244/333 MS: 2 ShuffleBytes-ChangeByte-
#3211	REDUCE cov: 124 ft: 526 corp: 58/9640b lim: 333 exec/s: 0 rss: 29Mb L: 304/333 MS: 1 CrossOver-
#3503	REDUCE cov: 124 ft: 526 corp: 58/9630b lim: 333 exec/s: 0 rss: 29Mb L: 11/333 MS: 2 ChangeByte-EraseBytes-
#3646	NEW    cov: 124 ft: 534 corp: 59/9914b lim: 333 exec/s: 0 rss: 29Mb L: 284/333 MS: 3 PersAutoDict-CMP-PersAutoDict- DE: "schi"-"\001\010"-"cdsc"-
#3692	REDUCE cov: 124 ft: 534 corp: 59/9905b lim: 333 exec/s: 0 rss: 29Mb L: 165/333 MS: 1 EraseBytes-
#3693	REDUCE cov: 124 ft: 535 corp: 60/9913b lim: 333 exec/s: 0 rss: 29Mb L: 8/333 MS: 1 EraseBytes-
#3734	NEW    cov: 124 ft: 536 corp: 61/10212b lim: 333 exec/s: 0 rss: 29Mb L: 299/333 MS: 1 CopyPart-
#3745	REDUCE cov: 124 ft: 536 corp: 61/10204b lim: 333 exec/s: 0 rss: 29Mb L: 172/333 MS: 1 EraseBytes-
#3750	REDUCE cov: 124 ft: 536 corp: 61/10191b lim: 333 exec/s: 0 rss: 29Mb L: 311/333 MS: 5 CopyPart-EraseBytes-ShuffleBytes-ChangeBinInt-InsertRepeatedBytes-
#3792	NEW    cov: 124 ft: 542 corp: 62/10509b lim: 333 exec/s: 0 rss: 29Mb L: 318/333 MS: 2 CrossOver-CopyPart-
#3822	REDUCE cov: 124 ft: 542 corp: 62/10508b lim: 333 exec/s: 0 rss: 29Mb L: 303/333 MS: 5 InsertByte-ShuffleBytes-ChangeBit-ChangeASCIIInt-EraseBytes-
#3856	REDUCE cov: 124 ft: 542 corp: 62/10428b lim: 333 exec/s: 0 rss: 29Mb L: 248/333 MS: 4 ChangeASCIIInt-ChangeBit-ChangeBit-EraseBytes-
#3926	REDUCE cov: 124 ft: 542 corp: 62/10404b lim: 333 exec/s: 0 rss: 29Mb L: 272/333 MS: 5 PersAutoDict-ChangeBinInt-ShuffleBytes-ChangeBinInt-EraseBytes- DE: "ipma"-
#4125	NEW    cov: 124 ft: 549 corp: 63/10733b lim: 333 exec/s: 0 rss: 29Mb L: 329/333 MS: 4 CopyPart-ChangeASCIIInt-ChangeASCIIInt-CrossOver-
#4133	NEW    cov: 124 ft: 553 corp: 64/11066b lim: 333 exec/s: 0 rss: 29Mb L: 333/333 MS: 3 InsertRepeatedBytes-PersAutoDict-CMP- DE: "\001\010"-"\377\377[k\3669&g"-
#4170	REDUCE cov: 124 ft: 553 corp: 64/11059b lim: 333 exec/s: 0 rss: 29Mb L: 99/333 MS: 2 ShuffleBytes-EraseBytes-
#4415	REDUCE cov: 124 ft: 553 corp: 64/10897b lim: 333 exec/s: 0 rss: 30Mb L: 137/333 MS: 5 ChangeByte-EraseBytes-EraseBytes-InsertRepeatedBytes-EraseBytes-
#4466	REDUCE cov: 124 ft: 553 corp: 64/10893b lim: 333 exec/s: 0 rss: 30Mb L: 74/333 MS: 1 EraseBytes-
#4508	REDUCE cov: 124 ft: 553 corp: 64/10890b lim: 333 exec/s: 0 rss: 30Mb L: 89/333 MS: 2 EraseBytes-CrossOver-
#4586	NEW    cov: 124 ft: 554 corp: 65/11127b lim: 333 exec/s: 0 rss: 30Mb L: 237/333 MS: 3 EraseBytes-InsertByte-EraseBytes-
#4618	REDUCE cov: 124 ft: 554 corp: 65/11126b lim: 333 exec/s: 0 rss: 30Mb L: 237/333 MS: 2 ChangeBinInt-CrossOver-
#4649	REDUCE cov: 124 ft: 554 corp: 65/11086b lim: 333 exec/s: 0 rss: 30Mb L: 52/333 MS: 1 EraseBytes-
#4858	NEW    cov: 124 ft: 557 corp: 66/11396b lim: 333 exec/s: 0 rss: 30Mb L: 310/333 MS: 4 CrossOver-InsertRepeatedBytes-CopyPart-InsertByte-
#4870	REDUCE cov: 124 ft: 557 corp: 66/11372b lim: 333 exec/s: 0 rss: 30Mb L: 237/333 MS: 2 EraseBytes-InsertByte-
#5004	REDUCE cov: 124 ft: 557 corp: 66/11370b lim: 333 exec/s: 0 rss: 30Mb L: 41/333 MS: 4 ChangeByte-PersAutoDict-ChangeASCIIInt-EraseBytes- DE: "\377\377\377="-
#5024	REDUCE cov: 124 ft: 557 corp: 66/11250b lim: 333 exec/s: 0 rss: 30Mb L: 152/333 MS: 5 InsertByte-ShuffleBytes-ChangeBinInt-ChangeByte-EraseBytes-
#5274	REDUCE cov: 124 ft: 558 corp: 67/11580b lim: 333 exec/s: 0 rss: 30Mb L: 330/333 MS: 5 ChangeByte-InsertRepeatedBytes-PersAutoDict-InsertByte-PersAutoDict- DE: "ipma"-"dref"-
#5496	REDUCE cov: 124 ft: 558 corp: 67/11579b lim: 333 exec/s: 0 rss: 30Mb L: 10/333 MS: 2 ChangeBinInt-EraseBytes-
#5523	REDUCE cov: 124 ft: 558 corp: 67/11546b lim: 333 exec/s: 0 rss: 30Mb L: 180/333 MS: 2 ChangeASCIIInt-EraseBytes-
#5654	REDUCE cov: 124 ft: 558 corp: 67/11521b lim: 333 exec/s: 0 rss: 30Mb L: 49/333 MS: 1 EraseBytes-
#5705	REDUCE cov: 124 ft: 558 corp: 67/11507b lim: 333 exec/s: 0 rss: 30Mb L: 123/333 MS: 1 EraseBytes-
#5785	REDUCE cov: 124 ft: 558 corp: 67/11377b lim: 333 exec/s: 0 rss: 30Mb L: 187/333 MS: 5 ChangeBinInt-EraseBytes-ChangeBit-InsertByte-PersAutoDict- DE: "schi"-
#5874	REDUCE cov: 124 ft: 558 corp: 67/11357b lim: 333 exec/s: 0 rss: 30Mb L: 30/333 MS: 4 EraseBytes-ChangeByte-CrossOver-ChangeBit-
#5902	REDUCE cov: 124 ft: 558 corp: 67/11356b lim: 333 exec/s: 0 rss: 30Mb L: 81/333 MS: 3 ChangeByte-ChangeBit-EraseBytes-
#6049	NEW    cov: 125 ft: 559 corp: 68/11408b lim: 333 exec/s: 0 rss: 30Mb L: 52/333 MS: 2 CopyPart-CMP- DE: "stts"-
#6687	REDUCE cov: 125 ft: 559 corp: 68/11404b lim: 333 exec/s: 6687 rss: 30Mb L: 233/333 MS: 2 ChangeBit-EraseBytes-
#7414	REDUCE cov: 125 ft: 559 corp: 68/11401b lim: 333 exec/s: 7414 rss: 30Mb L: 51/333 MS: 2 InsertByte-EraseBytes-
#7542	REDUCE cov: 125 ft: 559 corp: 68/11388b lim: 333 exec/s: 7542 rss: 30Mb L: 271/333 MS: 3 PersAutoDict-ChangeASCIIInt-EraseBytes- DE: "schi"-
#7625	REDUCE cov: 125 ft: 559 corp: 68/11369b lim: 333 exec/s: 7625 rss: 30Mb L: 265/333 MS: 3 ChangeBinInt-InsertByte-EraseBytes-
#8032	REDUCE cov: 125 ft: 559 corp: 68/11346b lim: 333 exec/s: 8032 rss: 30Mb L: 76/333 MS: 2 ShuffleBytes-EraseBytes-
#8270	REDUCE cov: 125 ft: 559 corp: 68/11120b lim: 333 exec/s: 8270 rss: 30Mb L: 107/333 MS: 3 CrossOver-CopyPart-CrossOver-
#8275	REDUCE cov: 125 ft: 559 corp: 68/11116b lim: 333 exec/s: 8275 rss: 30Mb L: 48/333 MS: 5 ShuffleBytes-ChangeBinInt-ChangeASCIIInt-ChangeBinInt-EraseBytes-
#8335	REDUCE cov: 125 ft: 559 corp: 68/11108b lim: 333 exec/s: 8335 rss: 30Mb L: 303/333 MS: 5 ShuffleBytes-CopyPart-InsertRepeatedBytes-EraseBytes-CrossOver-
#8345	REDUCE cov: 125 ft: 559 corp: 68/11081b lim: 333 exec/s: 8345 rss: 30Mb L: 258/333 MS: 5 InsertByte-ChangeBinInt-ChangeBit-ChangeASCIIInt-EraseBytes-
#8453	REDUCE cov: 125 ft: 559 corp: 68/11080b lim: 333 exec/s: 8453 rss: 30Mb L: 54/333 MS: 3 ChangeByte-ChangeBinInt-EraseBytes-
#8525	REDUCE cov: 125 ft: 559 corp: 68/11079b lim: 333 exec/s: 8525 rss: 30Mb L: 9/333 MS: 2 ChangeBinInt-EraseBytes-
#8611	REDUCE cov: 125 ft: 559 corp: 68/11072b lim: 333 exec/s: 8611 rss: 30Mb L: 45/333 MS: 1 EraseBytes-
#8647	REDUCE cov: 125 ft: 559 corp: 68/11070b lim: 333 exec/s: 8647 rss: 30Mb L: 301/333 MS: 1 EraseBytes-
#9023	REDUCE cov: 125 ft: 559 corp: 68/10998b lim: 333 exec/s: 9023 rss: 30Mb L: 165/333 MS: 1 EraseBytes-
#9164	REDUCE cov: 125 ft: 559 corp: 68/10994b lim: 333 exec/s: 9164 rss: 30Mb L: 119/333 MS: 1 CrossOver-
#9202	REDUCE cov: 125 ft: 559 corp: 68/10993b lim: 333 exec/s: 9202 rss: 30Mb L: 26/333 MS: 3 InsertByte-CMP-EraseBytes- DE: "hso+"-
#9294	REDUCE cov: 125 ft: 559 corp: 68/10966b lim: 333 exec/s: 9294 rss: 30Mb L: 92/333 MS: 2 CrossOver-EraseBytes-
#9494	REDUCE cov: 125 ft: 559 corp: 68/10964b lim: 333 exec/s: 9494 rss: 30Mb L: 30/333 MS: 5 ChangeASCIIInt-PersAutoDict-InsertByte-ChangeASCIIInt-EraseBytes- DE: "stts"-
#9511	NEW    cov: 126 ft: 560 corp: 69/11193b lim: 333 exec/s: 9511 rss: 30Mb L: 229/333 MS: 2 EraseBytes-CopyPart-
#9644	NEW    cov: 126 ft: 561 corp: 70/11484b lim: 333 exec/s: 9644 rss: 30Mb L: 291/333 MS: 3 ShuffleBytes-ChangeBinInt-InsertRepeatedBytes-
#9763	REDUCE cov: 126 ft: 561 corp: 70/11479b lim: 333 exec/s: 9763 rss: 30Mb L: 160/333 MS: 4 CMP-CrossOver-PersAutoDict-EraseBytes- DE: "0\314\006d\321t\000\000"-"hso+"-
#9964	REDUCE cov: 126 ft: 561 corp: 70/11478b lim: 333 exec/s: 9964 rss: 30Mb L: 8/333 MS: 1 EraseBytes-
#10235	REDUCE cov: 126 ft: 561 corp: 70/11473b lim: 333 exec/s: 10235 rss: 30Mb L: 85/333 MS: 1 EraseBytes-
#10627	REDUCE cov: 126 ft: 561 corp: 70/11468b lim: 333 exec/s: 10627 rss: 30Mb L: 80/333 MS: 2 EraseBytes-CrossOver-
#11019	REDUCE cov: 126 ft: 561 corp: 70/11467b lim: 333 exec/s: 11019 rss: 30Mb L: 12/333 MS: 2 ChangeASCIIInt-EraseBytes-
#11157	REDUCE cov: 126 ft: 561 corp: 70/11461b lim: 333 exec/s: 11157 rss: 30Mb L: 86/333 MS: 3 EraseBytes-ChangeASCIIInt-InsertByte-
#11420	REDUCE cov: 126 ft: 561 corp: 70/11449b lim: 333 exec/s: 11420 rss: 30Mb L: 291/333 MS: 3 EraseBytes-InsertRepeatedBytes-PersAutoDict- DE: "\377\377\3770"-
#11508	REDUCE cov: 126 ft: 561 corp: 70/11448b lim: 333 exec/s: 11508 rss: 30Mb L: 312/333 MS: 3 EraseBytes-CMP-InsertRepeatedBytes- DE: "pixi"-
#11750	REDUCE cov: 126 ft: 561 corp: 70/11418b lim: 333 exec/s: 11750 rss: 30Mb L: 241/333 MS: 2 CrossOver-EraseBytes-
#11775	REDUCE cov: 126 ft: 561 corp: 70/11414b lim: 333 exec/s: 11775 rss: 30Mb L: 299/333 MS: 5 CrossOver-CopyPart-ShuffleBytes-ChangeASCIIInt-InsertRepeatedBytes-
#12867	REDUCE cov: 126 ft: 561 corp: 70/11412b lim: 341 exec/s: 6433 rss: 30Mb L: 84/333 MS: 2 ChangeBinInt-EraseBytes-
#13679	REDUCE cov: 126 ft: 561 corp: 70/11373b lim: 349 exec/s: 6839 rss: 30Mb L: 68/333 MS: 2 ChangeBit-EraseBytes-
#14597	REDUCE cov: 126 ft: 561 corp: 70/11352b lim: 357 exec/s: 7298 rss: 30Mb L: 59/333 MS: 3 ChangeBinInt-ChangeByte-CrossOver-
#15445	REDUCE cov: 126 ft: 561 corp: 70/11351b lim: 365 exec/s: 7722 rss: 30Mb L: 50/333 MS: 3 CrossOver-CMP-InsertRepeatedBytes- DE: "avc1"-
#15463	REDUCE cov: 126 ft: 561 corp: 70/11350b lim: 365 exec/s: 7731 rss: 30Mb L: 253/333 MS: 3 ChangeASCIIInt-InsertByte-EraseBytes-
#15516	REDUCE cov: 126 ft: 561 corp: 70/11334b lim: 365 exec/s: 7758 rss: 30Mb L: 32/333 MS: 3 ChangeBit-CMP-EraseBytes- DE: "\004\000\000\000\001\000\000\000"-
#15944	REDUCE cov: 126 ft: 561 corp: 70/11331b lim: 365 exec/s: 7972 rss: 30Mb L: 27/333 MS: 3 InsertByte-ChangeBinInt-EraseBytes-
#15958	REDUCE cov: 126 ft: 561 corp: 70/11330b lim: 365 exec/s: 7979 rss: 30Mb L: 58/333 MS: 4 PersAutoDict-InsertByte-ChangeBinInt-EraseBytes- DE: "\377\377s\321d\001\322\231"-
#16094	NEW    cov: 126 ft: 562 corp: 71/11680b lim: 365 exec/s: 8047 rss: 30Mb L: 350/350 MS: 1 CopyPart-
#16230	REDUCE cov: 126 ft: 562 corp: 71/11668b lim: 365 exec/s: 8115 rss: 30Mb L: 72/350 MS: 1 CrossOver-
#16384	pulse  cov: 126 ft: 562 corp: 71/11668b lim: 365 exec/s: 8192 rss: 30Mb
#16746	REDUCE cov: 126 ft: 562 corp: 71/11647b lim: 365 exec/s: 8373 rss: 30Mb L: 139/350 MS: 1 EraseBytes-
#16759	REDUCE cov: 126 ft: 562 corp: 71/11640b lim: 365 exec/s: 8379 rss: 30Mb L: 226/350 MS: 3 EraseBytes-ChangeBit-InsertRepeatedBytes-
#17120	REDUCE cov: 126 ft: 562 corp: 71/11624b lim: 365 exec/s: 8560 rss: 30Mb L: 283/350 MS: 1 EraseBytes-
#17321	REDUCE cov: 126 ft: 562 corp: 71/11621b lim: 365 exec/s: 8660 rss: 30Mb L: 136/350 MS: 1 EraseBytes-
#17920	REDUCE cov: 126 ft: 562 corp: 71/11609b lim: 365 exec/s: 8960 rss: 30Mb L: 20/350 MS: 4 ChangeBit-CrossOver-InsertByte-EraseBytes-
#18096	REDUCE cov: 126 ft: 562 corp: 71/11598b lim: 365 exec/s: 9048 rss: 30Mb L: 311/350 MS: 1 EraseBytes-
#18189	REDUCE cov: 126 ft: 562 corp: 71/11596b lim: 365 exec/s: 9094 rss: 30Mb L: 25/350 MS: 3 ChangeByte-CrossOver-EraseBytes-
#18892	REDUCE cov: 126 ft: 562 corp: 71/11572b lim: 365 exec/s: 6297 rss: 30Mb L: 106/350 MS: 3 ChangeBit-ChangeBit-EraseBytes-
#19553	REDUCE cov: 126 ft: 562 corp: 71/11571b lim: 365 exec/s: 6517 rss: 30Mb L: 105/350 MS: 1 EraseBytes-
#19936	REDUCE cov: 126 ft: 562 corp: 71/11569b lim: 365 exec/s: 6645 rss: 30Mb L: 185/350 MS: 3 EraseBytes-CrossOver-CrossOver-
#19951	NEW    cov: 126 ft: 567 corp: 72/11930b lim: 365 exec/s: 6650 rss: 30Mb L: 361/361 MS: 5 PersAutoDict-ChangeByte-ShuffleBytes-InsertRepeatedBytes-InsertRepeatedBytes- DE: "ipma"-
#20214	REDUCE cov: 126 ft: 567 corp: 72/11914b lim: 365 exec/s: 6738 rss: 30Mb L: 42/361 MS: 3 CopyPart-ChangeBinInt-EraseBytes-
#20955	REDUCE cov: 126 ft: 567 corp: 72/11911b lim: 365 exec/s: 6985 rss: 30Mb L: 73/361 MS: 1 EraseBytes-
#21816	REDUCE cov: 126 ft: 567 corp: 72/11907b lim: 373 exec/s: 7272 rss: 31Mb L: 38/361 MS: 1 EraseBytes-
#21829	REDUCE cov: 126 ft: 567 corp: 72/11857b lim: 373 exec/s: 7276 rss: 31Mb L: 191/361 MS: 3 CopyPart-ShuffleBytes-EraseBytes-
#21942	REDUCE cov: 126 ft: 567 corp: 72/11856b lim: 373 exec/s: 7314 rss: 31Mb L: 49/361 MS: 3 ChangeBinInt-EraseBytes-InsertByte-
#22129	REDUCE cov: 126 ft: 567 corp: 72/11832b lim: 373 exec/s: 7376 rss: 31Mb L: 49/361 MS: 2 InsertByte-EraseBytes-
#22803	REDUCE cov: 126 ft: 567 corp: 72/11825b lim: 373 exec/s: 7601 rss: 31Mb L: 237/361 MS: 4 ChangeBinInt-InsertRepeatedBytes-CrossOver-EraseBytes-
#23128	NEW    cov: 126 ft: 568 corp: 73/12198b lim: 373 exec/s: 7709 rss: 31Mb L: 373/373 MS: 5 ChangeBinInt-ChangeByte-InsertRepeatedBytes-InsertRepeatedBytes-CopyPart-
#23187	REDUCE cov: 126 ft: 568 corp: 73/12194b lim: 373 exec/s: 7729 rss: 31Mb L: 283/373 MS: 4 ChangeBit-ChangeBit-PersAutoDict-EraseBytes- DE: "\377\377s\321d\001\322\231"-
#23419	REDUCE cov: 126 ft: 568 corp: 73/12192b lim: 373 exec/s: 7806 rss: 31Mb L: 24/373 MS: 2 InsertByte-EraseBytes-
#23908	NEW    cov: 126 ft: 569 corp: 74/12562b lim: 373 exec/s: 7969 rss: 31Mb L: 370/373 MS: 4 ShuffleBytes-InsertByte-CopyPart-CMP- DE: "edts"-
#24001	REDUCE cov: 126 ft: 569 corp: 74/12520b lim: 373 exec/s: 8000 rss: 31Mb L: 195/373 MS: 3 ChangeBinInt-CrossOver-EraseBytes-
#24204	REDUCE cov: 126 ft: 569 corp: 74/12519b lim: 373 exec/s: 8068 rss: 31Mb L: 215/373 MS: 3 CMP-EraseBytes-InsertByte- DE: "\376\377\357\361"-
#26276	REDUCE cov: 126 ft: 569 corp: 74/12517b lim: 389 exec/s: 6569 rss: 31Mb L: 47/373 MS: 2 ChangeBit-EraseBytes-
#28149	REDUCE cov: 126 ft: 569 corp: 74/12511b lim: 405 exec/s: 7037 rss: 31Mb L: 32/373 MS: 3 PersAutoDict-ChangeBit-EraseBytes- DE: "edts"-
#28220	REDUCE cov: 126 ft: 569 corp: 74/12506b lim: 405 exec/s: 7055 rss: 31Mb L: 42/373 MS: 1 CrossOver-
#29056	REDUCE cov: 126 ft: 569 corp: 74/12472b lim: 413 exec/s: 7264 rss: 31Mb L: 339/370 MS: 1 EraseBytes-
#29757	REDUCE cov: 126 ft: 569 corp: 74/12471b lim: 413 exec/s: 7439 rss: 31Mb L: 290/370 MS: 1 EraseBytes-
#30118	REDUCE cov: 126 ft: 569 corp: 74/12447b lim: 413 exec/s: 7529 rss: 31Mb L: 234/370 MS: 1 EraseBytes-
#31715	REDUCE cov: 126 ft: 569 corp: 74/12440b lim: 421 exec/s: 6343 rss: 31Mb L: 184/370 MS: 2 InsertByte-EraseBytes-
#32648	REDUCE cov: 127 ft: 570 corp: 75/12812b lim: 429 exec/s: 6529 rss: 31Mb L: 372/372 MS: 3 ShuffleBytes-ShuffleBytes-CopyPart-
#32768	pulse  cov: 127 ft: 570 corp: 75/12812b lim: 429 exec/s: 6553 rss: 31Mb
#32878	REDUCE cov: 127 ft: 570 corp: 75/12793b lim: 429 exec/s: 6575 rss: 31Mb L: 70/372 MS: 5 EraseBytes-ChangeBit-InsertByte-ChangeASCIIInt-InsertRepeatedBytes-
#33703	NEW    cov: 127 ft: 571 corp: 76/13227b lim: 437 exec/s: 6740 rss: 31Mb L: 434/434 MS: 5 ChangeBinInt-CrossOver-EraseBytes-PersAutoDict-CopyPart- DE: "\001\000\\l-p\271\032"-
#34045	REDUCE cov: 127 ft: 571 corp: 76/13197b lim: 437 exec/s: 6809 rss: 31Mb L: 404/404 MS: 2 PersAutoDict-EraseBytes- DE: "edts"-
#34078	REDUCE cov: 127 ft: 571 corp: 76/13178b lim: 437 exec/s: 6815 rss: 31Mb L: 264/404 MS: 3 EraseBytes-ShuffleBytes-CMP- DE: "N7ISOBMFF3BoxE"-
#34300	REDUCE cov: 127 ft: 571 corp: 76/13160b lim: 437 exec/s: 6860 rss: 31Mb L: 147/404 MS: 2 InsertByte-EraseBytes-
#34372	REDUCE cov: 127 ft: 571 corp: 76/13159b lim: 437 exec/s: 6874 rss: 31Mb L: 183/404 MS: 2 CrossOver-EraseBytes-
#34748	REDUCE cov: 127 ft: 571 corp: 76/13157b lim: 437 exec/s: 6949 rss: 31Mb L: 10/404 MS: 1 EraseBytes-
#35214	REDUCE cov: 127 ft: 571 corp: 76/13155b lim: 437 exec/s: 7042 rss: 31Mb L: 66/404 MS: 1 EraseBytes-
#35529	REDUCE cov: 127 ft: 571 corp: 76/13153b lim: 437 exec/s: 7105 rss: 31Mb L: 26/404 MS: 5 ChangeByte-CopyPart-CrossOver-CMP-EraseBytes- DE: "hvc1"-
#36060	REDUCE cov: 127 ft: 571 corp: 76/13103b lim: 437 exec/s: 7212 rss: 31Mb L: 322/404 MS: 1 EraseBytes-
#37377	REDUCE cov: 127 ft: 571 corp: 76/13101b lim: 445 exec/s: 6229 rss: 31Mb L: 40/404 MS: 2 ShuffleBytes-EraseBytes-
#37618	NEW    cov: 127 ft: 581 corp: 77/13149b lim: 445 exec/s: 6269 rss: 31Mb L: 48/404 MS: 1 CMP- DE: "\000\000\000\001"-
#38134	REDUCE cov: 127 ft: 581 corp: 77/13141b lim: 445 exec/s: 6355 rss: 31Mb L: 139/404 MS: 1 EraseBytes-
#38173	REDUCE cov: 127 ft: 581 corp: 77/13085b lim: 445 exec/s: 6362 rss: 31Mb L: 83/404 MS: 4 ShuffleBytes-ChangeBit-EraseBytes-InsertByte-
#38274	REDUCE cov: 127 ft: 582 corp: 78/13396b lim: 445 exec/s: 6379 rss: 31Mb L: 311/404 MS: 1 CrossOver-
#38323	REDUCE cov: 127 ft: 582 corp: 78/13316b lim: 445 exec/s: 6387 rss: 31Mb L: 324/370 MS: 4 CopyPart-InsertByte-PersAutoDict-EraseBytes- DE: "edts"-
#38328	REDUCE cov: 127 ft: 582 corp: 78/13285b lim: 445 exec/s: 6388 rss: 31Mb L: 330/370 MS: 5 ShuffleBytes-ShuffleBytes-InsertRepeatedBytes-InsertRepeatedBytes-EraseBytes-
#38559	REDUCE cov: 127 ft: 582 corp: 78/13261b lim: 445 exec/s: 6426 rss: 31Mb L: 300/370 MS: 1 EraseBytes-
#38991	REDUCE cov: 127 ft: 582 corp: 78/13258b lim: 445 exec/s: 6498 rss: 31Mb L: 45/370 MS: 2 PersAutoDict-EraseBytes- DE: "hso+"-
#39492	REDUCE cov: 127 ft: 582 corp: 78/13250b lim: 445 exec/s: 6582 rss: 31Mb L: 315/370 MS: 1 CrossOver-
#40033	REDUCE cov: 127 ft: 583 corp: 79/13667b lim: 445 exec/s: 6672 rss: 31Mb L: 417/417 MS: 1 CopyPart-
#40619	REDUCE cov: 127 ft: 583 corp: 79/13659b lim: 445 exec/s: 6769 rss: 31Mb L: 24/417 MS: 1 EraseBytes-
#40820	REDUCE cov: 127 ft: 583 corp: 79/13580b lim: 445 exec/s: 6803 rss: 31Mb L: 221/417 MS: 1 EraseBytes-
#41891	REDUCE cov: 127 ft: 583 corp: 79/13509b lim: 453 exec/s: 6981 rss: 31Mb L: 213/417 MS: 1 EraseBytes-
#42292	REDUCE cov: 127 ft: 583 corp: 79/13461b lim: 453 exec/s: 7048 rss: 32Mb L: 147/417 MS: 1 EraseBytes-
#42678	REDUCE cov: 127 ft: 583 corp: 79/13457b lim: 453 exec/s: 6096 rss: 32Mb L: 16/417 MS: 1 EraseBytes-
#43306	REDUCE cov: 127 ft: 583 corp: 79/13455b lim: 453 exec/s: 6186 rss: 32Mb L: 43/417 MS: 3 ShuffleBytes-CrossOver-EraseBytes-
#43627	REDUCE cov: 127 ft: 583 corp: 79/13451b lim: 453 exec/s: 6232 rss: 32Mb L: 66/417 MS: 1 EraseBytes-
#44920	REDUCE cov: 127 ft: 583 corp: 79/13450b lim: 461 exec/s: 6417 rss: 32Mb L: 25/417 MS: 3 ChangeBinInt-PersAutoDict-EraseBytes- DE: "enaH"-
#45222	REDUCE cov: 127 ft: 584 corp: 80/13487b lim: 461 exec/s: 6460 rss: 32Mb L: 37/417 MS: 2 InsertByte-EraseBytes-
#45866	REDUCE cov: 127 ft: 584 corp: 80/13486b lim: 461 exec/s: 6552 rss: 32Mb L: 213/417 MS: 4 ShuffleBytes-PersAutoDict-InsertByte-EraseBytes- DE: "ipma"-
#46240	REDUCE cov: 127 ft: 584 corp: 80/13478b lim: 461 exec/s: 6605 rss: 32Mb L: 29/417 MS: 4 CopyPart-CMP-CMP-EraseBytes- DE: "\003\000"-"(\000\000\000\000\000\000\000"-
#46469	REDUCE cov: 127 ft: 584 corp: 80/13474b lim: 461 exec/s: 6638 rss: 32Mb L: 98/417 MS: 4 InsertByte-ShuffleBytes-InsertRepeatedBytes-EraseBytes-
#47560	REDUCE cov: 127 ft: 584 corp: 80/13470b lim: 469 exec/s: 6794 rss: 32Mb L: 25/417 MS: 1 EraseBytes-
#47561	REDUCE cov: 127 ft: 584 corp: 80/13469b lim: 469 exec/s: 6794 rss: 32Mb L: 33/417 MS: 1 EraseBytes-
#47827	REDUCE cov: 127 ft: 584 corp: 80/13462b lim: 469 exec/s: 6832 rss: 32Mb L: 36/417 MS: 1 EraseBytes-
#47872	REDUCE cov: 127 ft: 584 corp: 80/13413b lim: 469 exec/s: 6838 rss: 32Mb L: 98/417 MS: 5 ChangeBinInt-ShuffleBytes-EraseBytes-ChangeBit-EraseBytes-
#48613	REDUCE cov: 127 ft: 584 corp: 80/13409b lim: 469 exec/s: 6076 rss: 32Mb L: 21/417 MS: 1 EraseBytes-
#48982	REDUCE cov: 127 ft: 584 corp: 80/13408b lim: 469 exec/s: 6122 rss: 32Mb L: 20/417 MS: 4 ChangeBinInt-ShuffleBytes-CrossOver-EraseBytes-
#49244	REDUCE cov: 127 ft: 584 corp: 80/13401b lim: 469 exec/s: 6155 rss: 32Mb L: 165/417 MS: 2 InsertByte-EraseBytes-
#49482	REDUCE cov: 127 ft: 584 corp: 80/13377b lim: 469 exec/s: 6185 rss: 32Mb L: 197/417 MS: 3 CMP-EraseBytes-CopyPart- DE: "\001\000t\321d'\003P"-
#49523	REDUCE cov: 127 ft: 584 corp: 80/13373b lim: 469 exec/s: 6190 rss: 32Mb L: 32/417 MS: 1 EraseBytes-
#49871	REDUCE cov: 127 ft: 584 corp: 80/13353b lim: 469 exec/s: 6233 rss: 32Mb L: 177/417 MS: 3 ChangeBit-CrossOver-EraseBytes-
#50039	REDUCE cov: 127 ft: 584 corp: 80/13305b lim: 469 exec/s: 6254 rss: 32Mb L: 264/417 MS: 3 EraseBytes-PersAutoDict-ChangeBit- DE: "0\314\006d\321t\000\000"-
#50260	REDUCE cov: 127 ft: 584 corp: 80/13262b lim: 469 exec/s: 6282 rss: 32Mb L: 247/417 MS: 1 EraseBytes-
#50376	REDUCE cov: 127 ft: 584 corp: 80/13257b lim: 469 exec/s: 6297 rss: 32Mb L: 27/417 MS: 1 EraseBytes-
#50473	REDUCE cov: 127 ft: 584 corp: 80/13253b lim: 469 exec/s: 6309 rss: 32Mb L: 68/417 MS: 2 ChangeByte-EraseBytes-
#50744	REDUCE cov: 127 ft: 585 corp: 81/13293b lim: 469 exec/s: 6343 rss: 32Mb L: 40/417 MS: 1 EraseBytes-
#51316	REDUCE cov: 127 ft: 585 corp: 81/13292b lim: 469 exec/s: 6414 rss: 32Mb L: 26/417 MS: 2 InsertByte-EraseBytes-
#51603	REDUCE cov: 127 ft: 585 corp: 81/13277b lim: 469 exec/s: 6450 rss: 32Mb L: 229/417 MS: 2 ShuffleBytes-EraseBytes-
#52199	REDUCE cov: 127 ft: 585 corp: 81/13273b lim: 469 exec/s: 6524 rss: 32Mb L: 16/417 MS: 1 EraseBytes-
#53137	REDUCE cov: 127 ft: 585 corp: 81/13137b lim: 477 exec/s: 6642 rss: 32Mb L: 179/417 MS: 3 InsertByte-PersAutoDict-EraseBytes- DE: "\004\000\000\000\001\000\000\000"-
#53364	REDUCE cov: 127 ft: 585 corp: 81/13135b lim: 477 exec/s: 6670 rss: 32Mb L: 246/417 MS: 2 ChangeBit-EraseBytes-
#53540	REDUCE cov: 127 ft: 585 corp: 81/13127b lim: 477 exec/s: 6692 rss: 32Mb L: 8/417 MS: 1 EraseBytes-
#54491	REDUCE cov: 127 ft: 585 corp: 81/13125b lim: 485 exec/s: 6054 rss: 32Mb L: 81/417 MS: 1 CrossOver-
#54642	REDUCE cov: 127 ft: 585 corp: 81/13118b lim: 485 exec/s: 6071 rss: 32Mb L: 19/417 MS: 1 EraseBytes-
#55039	REDUCE cov: 127 ft: 585 corp: 81/13076b lim: 485 exec/s: 6115 rss: 32Mb L: 223/417 MS: 2 CrossOver-EraseBytes-
#55120	REDUCE cov: 127 ft: 585 corp: 81/13056b lim: 485 exec/s: 6124 rss: 32Mb L: 159/417 MS: 1 EraseBytes-
#55504	REDUCE cov: 127 ft: 585 corp: 81/13048b lim: 485 exec/s: 6167 rss: 32Mb L: 260/417 MS: 4 CrossOver-ChangeByte-ChangeBit-EraseBytes-
#55665	REDUCE cov: 127 ft: 585 corp: 81/13032b lim: 485 exec/s: 6185 rss: 32Mb L: 313/417 MS: 1 EraseBytes-
#55726	REDUCE cov: 127 ft: 585 corp: 81/13031b lim: 485 exec/s: 6191 rss: 32Mb L: 18/417 MS: 1 EraseBytes-
#55843	REDUCE cov: 127 ft: 585 corp: 81/13023b lim: 485 exec/s: 6204 rss: 32Mb L: 331/417 MS: 2 EraseBytes-InsertRepeatedBytes-
#55866	REDUCE cov: 127 ft: 585 corp: 81/13015b lim: 485 exec/s: 6207 rss: 32Mb L: 37/417 MS: 3 PersAutoDict-ChangeASCIIInt-EraseBytes- DE: "\000\000\000\000\000\000\0018"-
#55927	REDUCE cov: 127 ft: 585 corp: 81/13001b lim: 485 exec/s: 6214 rss: 32Mb L: 170/417 MS: 1 EraseBytes-
#56322	REDUCE cov: 127 ft: 585 corp: 81/12999b lim: 485 exec/s: 6258 rss: 32Mb L: 178/417 MS: 5 ChangeBinInt-ChangeBit-PersAutoDict-CrossOver-EraseBytes- DE: "\000\000\000\000\000\000\0018"-
#56843	REDUCE cov: 127 ft: 585 corp: 81/12997b lim: 485 exec/s: 6315 rss: 32Mb L: 329/417 MS: 1 EraseBytes-
#56964	REDUCE cov: 127 ft: 592 corp: 82/13268b lim: 485 exec/s: 6329 rss: 32Mb L: 271/417 MS: 1 CrossOver-
#57431	REDUCE cov: 127 ft: 592 corp: 82/13266b lim: 485 exec/s: 6381 rss: 32Mb L: 16/417 MS: 2 CMP-EraseBytes- DE: "\377\377s\321d.S\031"-
#57833	REDUCE cov: 127 ft: 592 corp: 82/13188b lim: 485 exec/s: 6425 rss: 32Mb L: 339/370 MS: 2 ChangeBinInt-EraseBytes-
#58715	REDUCE cov: 127 ft: 592 corp: 82/13187b lim: 493 exec/s: 6523 rss: 32Mb L: 182/370 MS: 2 PersAutoDict-EraseBytes- DE: "schi"-
#58842	REDUCE cov: 127 ft: 604 corp: 83/13643b lim: 493 exec/s: 6538 rss: 32Mb L: 456/456 MS: 2 CMP-CopyPart- DE: "\001\000t\321d0\007\027"-
#59433	NEW    cov: 127 ft: 607 corp: 84/14099b lim: 493 exec/s: 6603 rss: 32Mb L: 456/456 MS: 1 CMP- DE: "dinf"-
#59460	REDUCE cov: 127 ft: 607 corp: 84/14073b lim: 493 exec/s: 6606 rss: 32Mb L: 220/456 MS: 2 InsertByte-EraseBytes-
#60807	REDUCE cov: 127 ft: 607 corp: 84/14072b lim: 501 exec/s: 6080 rss: 32Mb L: 290/456 MS: 2 EraseBytes-InsertByte-
#61074	REDUCE cov: 127 ft: 607 corp: 84/14042b lim: 501 exec/s: 6107 rss: 32Mb L: 234/456 MS: 2 ShuffleBytes-CrossOver-
#61478	NEW    cov: 127 ft: 608 corp: 85/14420b lim: 501 exec/s: 6147 rss: 32Mb L: 378/456 MS: 4 InsertByte-InsertRepeatedBytes-EraseBytes-CopyPart-
#61574	REDUCE cov: 127 ft: 608 corp: 85/14397b lim: 501 exec/s: 6157 rss: 32Mb L: 147/456 MS: 1 EraseBytes-
#61824	NEW    cov: 127 ft: 609 corp: 86/14898b lim: 501 exec/s: 6182 rss: 32Mb L: 501/501 MS: 5 InsertRepeatedBytes-CrossOver-ChangeByte-CMP-CrossOver- DE: "\000\000\\l-q4P"-
#62144	REDUCE cov: 127 ft: 609 corp: 86/14890b lim: 501 exec/s: 6214 rss: 33Mb L: 16/501 MS: 5 ShuffleBytes-EraseBytes-ChangeByte-CMP-InsertByte- DE: "\001\000\000 "-
#62781	NEW    cov: 127 ft: 617 corp: 87/15347b lim: 501 exec/s: 6278 rss: 33Mb L: 457/501 MS: 2 CMP-InsertByte- DE: "schm"-
#63478	NEW    cov: 127 ft: 619 corp: 88/15803b lim: 501 exec/s: 6347 rss: 33Mb L: 456/501 MS: 2 ShuffleBytes-CMP- DE: "\000\000\000\000\000\000\000\200"-
#64119	REDUCE cov: 127 ft: 619 corp: 88/15781b lim: 501 exec/s: 6411 rss: 33Mb L: 479/479 MS: 1 EraseBytes-
#64135	NEW    cov: 127 ft: 624 corp: 89/16238b lim: 501 exec/s: 6413 rss: 33Mb L: 457/479 MS: 1 InsertByte-
#64447	REDUCE cov: 127 ft: 624 corp: 89/16223b lim: 501 exec/s: 6444 rss: 33Mb L: 464/464 MS: 2 PersAutoDict-EraseBytes- DE: "dinf"-
#64460	REDUCE cov: 127 ft: 624 corp: 89/16222b lim: 501 exec/s: 6446 rss: 33Mb L: 24/464 MS: 3 ChangeBit-ChangeBit-EraseBytes-
#64922	REDUCE cov: 127 ft: 624 corp: 89/16188b lim: 501 exec/s: 6492 rss: 33Mb L: 422/464 MS: 2 ChangeBinInt-EraseBytes-
#65536	pulse  cov: 127 ft: 624 corp: 89/16188b lim: 501 exec/s: 5957 rss: 33Mb
#66629	REDUCE cov: 127 ft: 624 corp: 89/16140b lim: 517 exec/s: 6057 rss: 33Mb L: 129/464 MS: 2 CopyPart-EraseBytes-
#67180	NEW    cov: 127 ft: 627 corp: 90/16Kb lim: 517 exec/s: 6107 rss: 33Mb L: 458/464 MS: 1 InsertByte-
#67722	REDUCE cov: 127 ft: 627 corp: 90/16Kb lim: 517 exec/s: 6156 rss: 33Mb L: 245/464 MS: 2 CMP-EraseBytes- DE: "urn "-
#70509	REDUCE cov: 127 ft: 627 corp: 90/16Kb lim: 544 exec/s: 6409 rss: 33Mb L: 243/464 MS: 2 ChangeBit-CrossOver-
#71670	REDUCE cov: 127 ft: 627 corp: 90/16Kb lim: 553 exec/s: 5972 rss: 33Mb L: 144/464 MS: 1 EraseBytes-
#71756	NEW    cov: 127 ft: 628 corp: 91/16Kb lim: 553 exec/s: 5979 rss: 33Mb L: 458/464 MS: 1 ChangeBinInt-
#73368	REDUCE cov: 127 ft: 628 corp: 91/16Kb lim: 562 exec/s: 6114 rss: 33Mb L: 449/464 MS: 2 ChangeByte-EraseBytes-
#73731	REDUCE cov: 127 ft: 628 corp: 91/16Kb lim: 562 exec/s: 6144 rss: 33Mb L: 90/464 MS: 3 CrossOver-ChangeBit-EraseBytes-
#74737	REDUCE cov: 127 ft: 628 corp: 91/16Kb lim: 571 exec/s: 6228 rss: 33Mb L: 105/464 MS: 1 EraseBytes-
==543939== ERROR: libFuzzer: out-of-memory (used: 1870Mb; limit: 1024Mb)
   To change the out-of-memory limit use -rss_limit_mb=<N>

MS: 1 CopyPart-; base unit: 385144f798a81075be364996df5d246fcf201b25
0x0,0x0,0x0,0x1,0x66,0x74,0x79,0x70,0x0,0x0,0x0,0x1,0x66,0x74,0x79,0x70,0x6d,0x70,0x34,0x73,0x64,0x61,0x98,0x98,0x6d,0x70,0x34,0x73,0x64,0x61,0x98,0x98,
\000\000\000\001ftyp\000\000\000\001ftypmp4sda\230\230mp4sda\230\230
artifact_prefix='/results/crashes/20260313_171249_a80f5fae_'; Test unit written to /results/crashes/20260313_171249_a80f5fae_oom-d594969e32b9041ff7ce6a35b4ac7cd3678bfe18
Base64: AAAAAWZ0eXAAAAABZnR5cG1wNHNkYZiYbXA0c2RhmJg=
SUMMARY: libFuzzer: out-of-memory
stat::number_of_executed_units: 75803
stat::average_exec_per_sec:     5414
stat::new_units_added:          300
stat::slowest_unit_time_sec:    0
stat::peak_rss_mb:              1870
