INFO: Running with entropic power schedule (0xFF, 100).
INFO: Seed: 1612698497
INFO: Loaded 1 modules   (252 inline 8-bit counters): 252 [0x63888a264678, 0x63888a264774), 
INFO: Loaded 1 PC tables (252 PCs): 252 [0x63888a264778,0x63888a265738), 
INFO:        4 files found in /tmp/corpus_20260313_185522_f8ef02f8
INFO: seed corpus: files: 4 min: 48b max: 333b total: 853b rss: 28Mb
#5	INITED cov: 117 ft: 251 corp: 4/853b exec/s: 0 rss: 29Mb
#6	NEW    cov: 117 ft: 253 corp: 5/1128b lim: 333 exec/s: 0 rss: 29Mb L: 275/333 MS: 1 InsertRepeatedBytes-
#7	NEW    cov: 117 ft: 254 corp: 6/1323b lim: 333 exec/s: 0 rss: 29Mb L: 195/333 MS: 1 EraseBytes-
#8	NEW    cov: 117 ft: 280 corp: 7/1372b lim: 333 exec/s: 0 rss: 29Mb L: 49/333 MS: 1 InsertByte-
#13	NEW    cov: 117 ft: 304 corp: 8/1469b lim: 333 exec/s: 0 rss: 29Mb L: 97/333 MS: 5 CopyPart-ChangeByte-CopyPart-ChangeBit-CrossOver-
#16	NEW    cov: 117 ft: 316 corp: 9/1505b lim: 333 exec/s: 0 rss: 29Mb L: 36/333 MS: 3 InsertByte-ChangeBit-EraseBytes-
#17	NEW    cov: 118 ft: 317 corp: 10/1553b lim: 333 exec/s: 0 rss: 29Mb L: 48/333 MS: 1 CrossOver-
#18	NEW    cov: 119 ft: 345 corp: 11/1805b lim: 333 exec/s: 0 rss: 29Mb L: 252/333 MS: 1 CopyPart-
#30	NEW    cov: 119 ft: 347 corp: 12/1894b lim: 333 exec/s: 0 rss: 29Mb L: 89/333 MS: 2 ShuffleBytes-EraseBytes-
#32	NEW    cov: 120 ft: 354 corp: 13/2084b lim: 333 exec/s: 0 rss: 29Mb L: 190/333 MS: 2 CrossOver-ChangeBit-
#34	NEW    cov: 120 ft: 370 corp: 14/2132b lim: 333 exec/s: 0 rss: 29Mb L: 48/333 MS: 2 ShuffleBytes-ChangeByte-
#36	NEW    cov: 120 ft: 378 corp: 15/2258b lim: 333 exec/s: 0 rss: 29Mb L: 126/333 MS: 2 ChangeByte-InsertRepeatedBytes-
#37	NEW    cov: 120 ft: 379 corp: 16/2448b lim: 333 exec/s: 0 rss: 29Mb L: 190/333 MS: 1 CrossOver-
#40	NEW    cov: 120 ft: 380 corp: 17/2571b lim: 333 exec/s: 0 rss: 29Mb L: 123/333 MS: 3 ChangeBit-InsertRepeatedBytes-InsertRepeatedBytes-
#43	NEW    cov: 121 ft: 382 corp: 18/2794b lim: 333 exec/s: 0 rss: 29Mb L: 223/333 MS: 3 CMP-CopyPart-CrossOver- DE: "2iso"-
#45	NEW    cov: 121 ft: 383 corp: 19/3116b lim: 333 exec/s: 0 rss: 29Mb L: 322/333 MS: 2 ChangeBinInt-CrossOver-
#46	NEW    cov: 121 ft: 384 corp: 20/3314b lim: 333 exec/s: 0 rss: 29Mb L: 198/333 MS: 1 EraseBytes-
#56	NEW    cov: 121 ft: 389 corp: 21/3438b lim: 333 exec/s: 0 rss: 29Mb L: 124/333 MS: 5 ChangeASCIIInt-InsertByte-ChangeByte-CopyPart-ChangeByte-
#65	NEW    cov: 121 ft: 390 corp: 22/3771b lim: 333 exec/s: 0 rss: 29Mb L: 333/333 MS: 4 PersAutoDict-ChangeByte-ChangeByte-CrossOver- DE: "2iso"-
#67	NEW    cov: 121 ft: 391 corp: 23/3926b lim: 333 exec/s: 0 rss: 29Mb L: 155/333 MS: 2 CopyPart-CrossOver-
#68	NEW    cov: 121 ft: 408 corp: 24/3955b lim: 333 exec/s: 0 rss: 29Mb L: 29/333 MS: 1 EraseBytes-
#73	NEW    cov: 121 ft: 409 corp: 25/4145b lim: 333 exec/s: 0 rss: 29Mb L: 190/333 MS: 5 ChangeBit-ChangeBinInt-ChangeBinInt-ChangeASCIIInt-CopyPart-
#74	NEW    cov: 121 ft: 410 corp: 26/4427b lim: 333 exec/s: 0 rss: 29Mb L: 282/333 MS: 1 InsertRepeatedBytes-
#88	NEW    cov: 121 ft: 411 corp: 27/4754b lim: 333 exec/s: 0 rss: 29Mb L: 327/333 MS: 4 ChangeByte-ChangeBinInt-PersAutoDict-InsertRepeatedBytes- DE: "2iso"-
#96	NEW    cov: 121 ft: 412 corp: 28/4975b lim: 333 exec/s: 0 rss: 29Mb L: 221/333 MS: 3 ChangeBinInt-InsertByte-CopyPart-
#105	NEW    cov: 121 ft: 413 corp: 29/5305b lim: 333 exec/s: 0 rss: 29Mb L: 330/333 MS: 4 ShuffleBytes-CMP-InsertByte-CopyPart- DE: "\250\306\000\254\365s\000\000"-
#108	NEW    cov: 122 ft: 414 corp: 30/5638b lim: 333 exec/s: 0 rss: 29Mb L: 333/333 MS: 3 CMP-CopyPart-CopyPart- DE: "\"\000\000\000"-
#136	REDUCE cov: 122 ft: 414 corp: 30/5637b lim: 333 exec/s: 0 rss: 29Mb L: 28/333 MS: 3 ShuffleBytes-ShuffleBytes-EraseBytes-
#143	NEW    cov: 122 ft: 415 corp: 31/5681b lim: 333 exec/s: 0 rss: 29Mb L: 44/333 MS: 2 PersAutoDict-PersAutoDict- DE: "\"\000\000\000"-"\"\000\000\000"-
#145	NEW    cov: 122 ft: 416 corp: 32/5799b lim: 333 exec/s: 0 rss: 29Mb L: 118/333 MS: 2 ChangeByte-EraseBytes-
#149	NEW    cov: 122 ft: 417 corp: 33/5886b lim: 333 exec/s: 0 rss: 29Mb L: 87/333 MS: 4 ShuffleBytes-ShuffleBytes-ChangeBinInt-EraseBytes-
#184	NEW    cov: 122 ft: 418 corp: 34/6207b lim: 333 exec/s: 0 rss: 29Mb L: 321/333 MS: 5 CMP-ChangeByte-ChangeByte-ChangeBit-CopyPart- DE: "\001\027"-
#194	REDUCE cov: 122 ft: 418 corp: 34/6203b lim: 333 exec/s: 0 rss: 29Mb L: 278/333 MS: 5 InsertByte-ChangeBit-EraseBytes-ChangeBit-PersAutoDict- DE: "\001\027"-
#197	NEW    cov: 122 ft: 419 corp: 35/6258b lim: 333 exec/s: 0 rss: 29Mb L: 55/333 MS: 3 ShuffleBytes-PersAutoDict-CMP- DE: "\001\027"-"\000\000\000\020"-
#231	REDUCE cov: 122 ft: 427 corp: 36/6411b lim: 333 exec/s: 0 rss: 29Mb L: 153/333 MS: 4 CopyPart-InsertRepeatedBytes-CopyPart-ChangeBit-
#234	NEW    cov: 122 ft: 428 corp: 37/6691b lim: 333 exec/s: 0 rss: 29Mb L: 280/333 MS: 3 PersAutoDict-ChangeByte-InsertRepeatedBytes- DE: "\250\306\000\254\365s\000\000"-
#235	NEW    cov: 122 ft: 429 corp: 38/6923b lim: 333 exec/s: 0 rss: 29Mb L: 232/333 MS: 1 EraseBytes-
#237	REDUCE cov: 122 ft: 429 corp: 38/6882b lim: 333 exec/s: 0 rss: 29Mb L: 112/333 MS: 2 CopyPart-EraseBytes-
#238	NEW    cov: 123 ft: 430 corp: 39/7026b lim: 333 exec/s: 0 rss: 29Mb L: 144/333 MS: 1 CrossOver-
#257	REDUCE cov: 123 ft: 430 corp: 39/6941b lim: 333 exec/s: 0 rss: 29Mb L: 237/333 MS: 4 ChangeBit-ChangeBinInt-CrossOver-PersAutoDict- DE: "\001\027"-
#260	NEW    cov: 123 ft: 432 corp: 40/7028b lim: 333 exec/s: 0 rss: 29Mb L: 87/333 MS: 3 ChangeBinInt-ShuffleBytes-ChangeByte-
#268	REDUCE cov: 123 ft: 432 corp: 40/7002b lim: 333 exec/s: 0 rss: 29Mb L: 61/333 MS: 3 PersAutoDict-CopyPart-EraseBytes- DE: "\001\027"-
#294	NEW    cov: 123 ft: 436 corp: 41/7268b lim: 333 exec/s: 0 rss: 29Mb L: 266/333 MS: 1 InsertRepeatedBytes-
#316	REDUCE cov: 123 ft: 436 corp: 41/7233b lim: 333 exec/s: 0 rss: 29Mb L: 89/333 MS: 2 EraseBytes-CopyPart-
#335	REDUCE cov: 123 ft: 436 corp: 41/7220b lim: 333 exec/s: 0 rss: 29Mb L: 99/333 MS: 4 ShuffleBytes-ShuffleBytes-ChangeBit-EraseBytes-
#345	NEW    cov: 124 ft: 437 corp: 42/7222b lim: 333 exec/s: 0 rss: 29Mb L: 2/333 MS: 5 EraseBytes-CMP-ChangeByte-CopyPart-CrossOver- DE: "tapt"-
#364	NEW    cov: 124 ft: 441 corp: 43/7545b lim: 333 exec/s: 0 rss: 29Mb L: 323/333 MS: 4 InsertRepeatedBytes-ChangeBinInt-InsertByte-CrossOver-
#388	REDUCE cov: 124 ft: 442 corp: 44/7702b lim: 333 exec/s: 0 rss: 29Mb L: 157/333 MS: 4 InsertByte-ChangeByte-ChangeByte-InsertRepeatedBytes-
#401	REDUCE cov: 124 ft: 442 corp: 44/7582b lim: 333 exec/s: 0 rss: 29Mb L: 213/333 MS: 3 CopyPart-ChangeByte-EraseBytes-
#414	NEW    cov: 124 ft: 444 corp: 45/7835b lim: 333 exec/s: 0 rss: 29Mb L: 253/333 MS: 3 CopyPart-ChangeBit-ShuffleBytes-
#420	REDUCE cov: 124 ft: 444 corp: 45/7819b lim: 333 exec/s: 0 rss: 29Mb L: 174/333 MS: 1 EraseBytes-
#452	NEW    cov: 124 ft: 445 corp: 46/7895b lim: 333 exec/s: 0 rss: 29Mb L: 76/333 MS: 2 CopyPart-CMP- DE: "stss"-
#476	REDUCE cov: 124 ft: 445 corp: 46/7890b lim: 333 exec/s: 0 rss: 29Mb L: 113/333 MS: 4 CrossOver-EraseBytes-PersAutoDict-PersAutoDict- DE: "\"\000\000\000"-"\001\027"-
#495	REDUCE cov: 124 ft: 446 corp: 47/7918b lim: 333 exec/s: 0 rss: 29Mb L: 28/333 MS: 4 CrossOver-CrossOver-ChangeBit-CMP- DE: "schm"-
#499	NEW    cov: 124 ft: 451 corp: 48/8222b lim: 333 exec/s: 0 rss: 29Mb L: 304/333 MS: 4 CopyPart-ShuffleBytes-ChangeBinInt-InsertRepeatedBytes-
#550	NEW    cov: 124 ft: 461 corp: 49/8238b lim: 333 exec/s: 0 rss: 29Mb L: 16/333 MS: 1 CrossOver-
#607	REDUCE cov: 124 ft: 461 corp: 49/8191b lim: 333 exec/s: 0 rss: 29Mb L: 143/333 MS: 2 EraseBytes-CrossOver-
#663	REDUCE cov: 124 ft: 461 corp: 49/8183b lim: 333 exec/s: 0 rss: 29Mb L: 205/333 MS: 1 EraseBytes-
#707	REDUCE cov: 124 ft: 461 corp: 49/8118b lim: 333 exec/s: 0 rss: 29Mb L: 109/333 MS: 4 InsertRepeatedBytes-ChangeBit-ChangeBinInt-EraseBytes-
#728	REDUCE cov: 124 ft: 461 corp: 49/8112b lim: 333 exec/s: 0 rss: 29Mb L: 199/333 MS: 1 EraseBytes-
#755	NEW    cov: 124 ft: 465 corp: 50/8404b lim: 333 exec/s: 0 rss: 29Mb L: 292/333 MS: 2 PersAutoDict-CopyPart- DE: "\000\000\000\020"-
#757	REDUCE cov: 124 ft: 465 corp: 50/8384b lim: 333 exec/s: 0 rss: 29Mb L: 137/333 MS: 2 ChangeBinInt-EraseBytes-
#759	REDUCE cov: 124 ft: 465 corp: 50/8382b lim: 333 exec/s: 0 rss: 29Mb L: 59/333 MS: 2 CMP-EraseBytes- DE: "strk"-
#890	NEW    cov: 124 ft: 466 corp: 51/8404b lim: 333 exec/s: 0 rss: 29Mb L: 22/333 MS: 1 InsertRepeatedBytes-
#924	NEW    cov: 124 ft: 472 corp: 52/8737b lim: 333 exec/s: 0 rss: 29Mb L: 333/333 MS: 4 CopyPart-CopyPart-ChangeBit-ChangeBinInt-
#930	REDUCE cov: 124 ft: 472 corp: 52/8710b lim: 333 exec/s: 0 rss: 29Mb L: 72/333 MS: 1 EraseBytes-
#940	REDUCE cov: 124 ft: 472 corp: 52/8709b lim: 333 exec/s: 0 rss: 29Mb L: 27/333 MS: 5 CMP-ChangeBit-InsertByte-ChangeASCIIInt-EraseBytes- DE: "schi"-
#966	REDUCE cov: 124 ft: 472 corp: 52/8708b lim: 333 exec/s: 0 rss: 29Mb L: 1/333 MS: 1 EraseBytes-
#1018	REDUCE cov: 124 ft: 472 corp: 52/8663b lim: 333 exec/s: 0 rss: 29Mb L: 99/333 MS: 2 ChangeBit-EraseBytes-
#1035	REDUCE cov: 124 ft: 482 corp: 53/8678b lim: 333 exec/s: 0 rss: 29Mb L: 15/333 MS: 2 ShuffleBytes-EraseBytes-
#1061	REDUCE cov: 124 ft: 482 corp: 53/8668b lim: 333 exec/s: 0 rss: 29Mb L: 12/333 MS: 1 EraseBytes-
#1067	REDUCE cov: 124 ft: 482 corp: 53/8662b lim: 333 exec/s: 0 rss: 29Mb L: 9/333 MS: 1 EraseBytes-
#1172	NEW    cov: 124 ft: 483 corp: 54/8940b lim: 333 exec/s: 0 rss: 29Mb L: 278/333 MS: 5 EraseBytes-ChangeByte-ChangeBit-ChangeByte-InsertRepeatedBytes-
#1200	REDUCE cov: 124 ft: 484 corp: 55/8948b lim: 333 exec/s: 0 rss: 29Mb L: 8/333 MS: 3 CopyPart-ShuffleBytes-EraseBytes-
#1212	NEW    cov: 124 ft: 485 corp: 56/9258b lim: 333 exec/s: 0 rss: 29Mb L: 310/333 MS: 2 CrossOver-CrossOver-
#1269	REDUCE cov: 124 ft: 485 corp: 56/9252b lim: 333 exec/s: 0 rss: 29Mb L: 21/333 MS: 2 CrossOver-EraseBytes-
#1289	REDUCE cov: 124 ft: 485 corp: 56/9245b lim: 333 exec/s: 0 rss: 29Mb L: 191/333 MS: 5 InsertRepeatedBytes-ChangeBit-ChangeByte-CMP-CrossOver- DE: "\000 "-
#1412	NEW    cov: 124 ft: 491 corp: 57/9504b lim: 333 exec/s: 0 rss: 29Mb L: 259/333 MS: 3 ChangeASCIIInt-ChangeBinInt-CopyPart-
#1492	REDUCE cov: 124 ft: 491 corp: 57/9499b lim: 333 exec/s: 0 rss: 29Mb L: 16/333 MS: 5 PersAutoDict-InsertByte-PersAutoDict-CopyPart-EraseBytes- DE: "schm"-"\000 "-
#1552	REDUCE cov: 124 ft: 491 corp: 57/9462b lim: 333 exec/s: 0 rss: 29Mb L: 290/333 MS: 5 CrossOver-PersAutoDict-ChangeByte-ChangeASCIIInt-EraseBytes- DE: "\000\000\000\020"-
#1653	REDUCE cov: 124 ft: 491 corp: 57/9449b lim: 333 exec/s: 0 rss: 29Mb L: 262/333 MS: 1 EraseBytes-
#1744	REDUCE cov: 124 ft: 491 corp: 57/9367b lim: 333 exec/s: 0 rss: 29Mb L: 208/333 MS: 1 EraseBytes-
#1763	REDUCE cov: 124 ft: 491 corp: 57/9340b lim: 333 exec/s: 0 rss: 29Mb L: 306/333 MS: 4 CopyPart-CopyPart-CopyPart-EraseBytes-
#1822	REDUCE cov: 124 ft: 491 corp: 57/9325b lim: 333 exec/s: 0 rss: 29Mb L: 33/333 MS: 4 ShuffleBytes-ChangeBit-CrossOver-EraseBytes-
#1973	REDUCE cov: 124 ft: 491 corp: 57/9322b lim: 333 exec/s: 0 rss: 29Mb L: 25/333 MS: 1 EraseBytes-
#2152	REDUCE cov: 124 ft: 491 corp: 57/9291b lim: 333 exec/s: 0 rss: 29Mb L: 206/333 MS: 4 EraseBytes-ShuffleBytes-CrossOver-CrossOver-
#2225	REDUCE cov: 124 ft: 491 corp: 57/9267b lim: 333 exec/s: 0 rss: 29Mb L: 256/333 MS: 3 ShuffleBytes-PersAutoDict-EraseBytes- DE: "tapt"-
#2260	REDUCE cov: 124 ft: 491 corp: 57/9245b lim: 333 exec/s: 0 rss: 29Mb L: 104/333 MS: 5 ChangeByte-ChangeBit-ChangeByte-ShuffleBytes-EraseBytes-
#2403	REDUCE cov: 124 ft: 491 corp: 57/9240b lim: 333 exec/s: 0 rss: 29Mb L: 273/333 MS: 3 CMP-ChangeByte-EraseBytes- DE: "\022\001\000\000\000\000\000\000"-
#2404	REDUCE cov: 124 ft: 491 corp: 57/9232b lim: 333 exec/s: 0 rss: 29Mb L: 8/333 MS: 1 EraseBytes-
#2427	REDUCE cov: 124 ft: 491 corp: 57/9212b lim: 333 exec/s: 0 rss: 29Mb L: 28/333 MS: 3 ChangeBit-PersAutoDict-EraseBytes- DE: "\001\027"-
#2442	REDUCE cov: 124 ft: 491 corp: 57/9193b lim: 333 exec/s: 0 rss: 29Mb L: 273/333 MS: 5 ChangeBit-EraseBytes-CrossOver-CopyPart-EraseBytes-
#2565	REDUCE cov: 124 ft: 491 corp: 57/9163b lim: 333 exec/s: 0 rss: 29Mb L: 303/333 MS: 3 EraseBytes-ChangeBinInt-CrossOver-
#2733	REDUCE cov: 124 ft: 491 corp: 57/9159b lim: 333 exec/s: 0 rss: 29Mb L: 8/333 MS: 3 ChangeBinInt-EraseBytes-CMP- DE: "\007\000\000\000"-
#2923	REDUCE cov: 124 ft: 491 corp: 57/9142b lim: 333 exec/s: 0 rss: 29Mb L: 182/333 MS: 5 ChangeBit-InsertByte-InsertRepeatedBytes-CrossOver-EraseBytes-
#3154	REDUCE cov: 124 ft: 491 corp: 57/9139b lim: 333 exec/s: 0 rss: 29Mb L: 256/333 MS: 1 EraseBytes-
#3185	REDUCE cov: 124 ft: 491 corp: 57/9083b lim: 333 exec/s: 0 rss: 29Mb L: 165/333 MS: 1 EraseBytes-
#3186	REDUCE cov: 124 ft: 491 corp: 57/9063b lim: 333 exec/s: 0 rss: 29Mb L: 103/333 MS: 1 EraseBytes-
#3324	REDUCE cov: 124 ft: 492 corp: 58/9328b lim: 333 exec/s: 0 rss: 29Mb L: 265/333 MS: 3 ChangeByte-CrossOver-EraseBytes-
#3431	NEW    cov: 124 ft: 494 corp: 59/9548b lim: 333 exec/s: 0 rss: 29Mb L: 220/333 MS: 2 CrossOver-ChangeBinInt-
#3439	REDUCE cov: 124 ft: 494 corp: 59/9542b lim: 333 exec/s: 0 rss: 29Mb L: 81/333 MS: 3 EraseBytes-CMP-InsertRepeatedBytes- DE: "\001\000"-
#3446	REDUCE cov: 124 ft: 494 corp: 59/9540b lim: 333 exec/s: 0 rss: 29Mb L: 34/333 MS: 2 EraseBytes-PersAutoDict- DE: "\250\306\000\254\365s\000\000"-
#3490	REDUCE cov: 124 ft: 494 corp: 59/9539b lim: 333 exec/s: 0 rss: 29Mb L: 8/333 MS: 4 CopyPart-ChangeBinInt-CopyPart-EraseBytes-
#3823	REDUCE cov: 124 ft: 494 corp: 59/9513b lim: 333 exec/s: 0 rss: 29Mb L: 50/333 MS: 3 EraseBytes-ChangeByte-ShuffleBytes-
#3946	REDUCE cov: 124 ft: 494 corp: 59/9484b lim: 333 exec/s: 0 rss: 29Mb L: 275/333 MS: 3 ChangeBinInt-PersAutoDict-EraseBytes- DE: "strk"-
#3956	REDUCE cov: 124 ft: 494 corp: 59/9459b lim: 333 exec/s: 0 rss: 29Mb L: 30/333 MS: 5 InsertRepeatedBytes-CrossOver-ShuffleBytes-EraseBytes-EraseBytes-
#4007	REDUCE cov: 124 ft: 494 corp: 59/9412b lim: 333 exec/s: 0 rss: 29Mb L: 57/333 MS: 1 EraseBytes-
#4128	REDUCE cov: 124 ft: 494 corp: 59/9411b lim: 333 exec/s: 0 rss: 29Mb L: 24/333 MS: 1 EraseBytes-
#4157	REDUCE cov: 124 ft: 494 corp: 59/9407b lim: 333 exec/s: 0 rss: 29Mb L: 29/333 MS: 4 ChangeBinInt-ShuffleBytes-ChangeBit-EraseBytes-
#4378	REDUCE cov: 124 ft: 494 corp: 59/9406b lim: 333 exec/s: 0 rss: 29Mb L: 154/333 MS: 1 EraseBytes-
#4409	REDUCE cov: 124 ft: 494 corp: 59/9398b lim: 333 exec/s: 0 rss: 29Mb L: 20/333 MS: 1 EraseBytes-
#4440	REDUCE cov: 124 ft: 494 corp: 59/9358b lim: 333 exec/s: 0 rss: 29Mb L: 125/333 MS: 1 EraseBytes-
#4559	REDUCE cov: 124 ft: 495 corp: 60/9683b lim: 333 exec/s: 0 rss: 30Mb L: 325/333 MS: 4 InsertByte-InsertRepeatedBytes-PersAutoDict-PersAutoDict- DE: "\250\306\000\254\365s\000\000"-"\250\306\000\254\365s\000\000"-
#4626	REDUCE cov: 124 ft: 495 corp: 60/9660b lim: 333 exec/s: 0 rss: 30Mb L: 66/333 MS: 2 CopyPart-EraseBytes-
#4721	REDUCE cov: 124 ft: 495 corp: 60/9657b lim: 333 exec/s: 0 rss: 30Mb L: 26/333 MS: 5 PersAutoDict-ChangeByte-ChangeByte-CrossOver-EraseBytes- DE: "\001\000"-
#4752	REDUCE cov: 124 ft: 495 corp: 60/9641b lim: 333 exec/s: 0 rss: 30Mb L: 56/333 MS: 1 EraseBytes-
#4855	NEW    cov: 124 ft: 501 corp: 61/9907b lim: 333 exec/s: 0 rss: 30Mb L: 266/333 MS: 3 ChangeByte-EraseBytes-CrossOver-
#4859	REDUCE cov: 124 ft: 501 corp: 61/9892b lim: 333 exec/s: 0 rss: 30Mb L: 51/333 MS: 4 ShuffleBytes-CopyPart-ChangeByte-EraseBytes-
#4970	NEW    cov: 124 ft: 502 corp: 62/10099b lim: 333 exec/s: 0 rss: 30Mb L: 207/333 MS: 1 EraseBytes-
#5241	REDUCE cov: 124 ft: 502 corp: 62/10098b lim: 333 exec/s: 0 rss: 30Mb L: 29/333 MS: 1 EraseBytes-
#5299	REDUCE cov: 124 ft: 502 corp: 62/10086b lim: 333 exec/s: 0 rss: 30Mb L: 44/333 MS: 3 ChangeBit-ChangeByte-EraseBytes-
#5463	REDUCE cov: 124 ft: 502 corp: 62/10085b lim: 333 exec/s: 0 rss: 30Mb L: 49/333 MS: 4 PersAutoDict-InsertByte-InsertByte-EraseBytes- DE: "2iso"-
#6007	REDUCE cov: 124 ft: 502 corp: 62/10079b lim: 333 exec/s: 0 rss: 30Mb L: 297/333 MS: 4 ChangeBinInt-ShuffleBytes-EraseBytes-CrossOver-
#6133	REDUCE cov: 124 ft: 502 corp: 62/10015b lim: 333 exec/s: 6133 rss: 30Mb L: 142/333 MS: 1 EraseBytes-
#6300	REDUCE cov: 124 ft: 503 corp: 63/10271b lim: 333 exec/s: 6300 rss: 30Mb L: 256/333 MS: 1 CopyPart-
#6731	REDUCE cov: 124 ft: 503 corp: 63/10269b lim: 333 exec/s: 6731 rss: 30Mb L: 27/333 MS: 1 CrossOver-
#7022	REDUCE cov: 124 ft: 503 corp: 63/10266b lim: 333 exec/s: 7022 rss: 30Mb L: 41/333 MS: 1 EraseBytes-
#7030	REDUCE cov: 124 ft: 503 corp: 63/10250b lim: 333 exec/s: 7030 rss: 30Mb L: 166/333 MS: 3 EraseBytes-CrossOver-EraseBytes-
#7356	REDUCE cov: 124 ft: 503 corp: 63/10210b lim: 333 exec/s: 7356 rss: 30Mb L: 102/333 MS: 1 EraseBytes-
#7420	REDUCE cov: 124 ft: 503 corp: 63/10207b lim: 333 exec/s: 7420 rss: 30Mb L: 151/333 MS: 4 EraseBytes-InsertRepeatedBytes-ChangeASCIIInt-CopyPart-
#7489	REDUCE cov: 124 ft: 503 corp: 63/10201b lim: 333 exec/s: 7489 rss: 30Mb L: 97/333 MS: 4 ShuffleBytes-ChangeBinInt-EraseBytes-CrossOver-
#7615	NEW    cov: 124 ft: 504 corp: 64/10526b lim: 333 exec/s: 7615 rss: 30Mb L: 325/333 MS: 1 InsertRepeatedBytes-
#7887	REDUCE cov: 124 ft: 504 corp: 64/10496b lim: 333 exec/s: 7887 rss: 30Mb L: 222/333 MS: 2 EraseBytes-ChangeBinInt-
#7974	REDUCE cov: 124 ft: 504 corp: 64/10476b lim: 333 exec/s: 7974 rss: 30Mb L: 171/333 MS: 2 ChangeBinInt-EraseBytes-
#7975	REDUCE cov: 124 ft: 504 corp: 64/10475b lim: 333 exec/s: 7975 rss: 30Mb L: 26/333 MS: 1 EraseBytes-
#8132	REDUCE cov: 124 ft: 504 corp: 64/10446b lim: 333 exec/s: 8132 rss: 30Mb L: 114/333 MS: 2 ChangeByte-EraseBytes-
#9009	REDUCE cov: 124 ft: 504 corp: 64/10430b lim: 341 exec/s: 9009 rss: 30Mb L: 309/333 MS: 2 EraseBytes-InsertByte-
#9011	REDUCE cov: 124 ft: 504 corp: 64/10403b lim: 341 exec/s: 9011 rss: 30Mb L: 248/333 MS: 2 CopyPart-EraseBytes-
#9082	REDUCE cov: 124 ft: 504 corp: 64/10392b lim: 341 exec/s: 9082 rss: 30Mb L: 33/333 MS: 1 EraseBytes-
#9165	REDUCE cov: 124 ft: 505 corp: 65/10656b lim: 341 exec/s: 9165 rss: 30Mb L: 264/333 MS: 3 ChangeByte-InsertRepeatedBytes-InsertRepeatedBytes-
#9572	REDUCE cov: 124 ft: 505 corp: 65/10654b lim: 341 exec/s: 9572 rss: 30Mb L: 31/333 MS: 2 ChangeBit-EraseBytes-
#9641	REDUCE cov: 124 ft: 506 corp: 66/10964b lim: 341 exec/s: 9641 rss: 30Mb L: 310/333 MS: 4 CrossOver-InsertByte-ShuffleBytes-InsertByte-
#9678	REDUCE cov: 124 ft: 506 corp: 66/10956b lim: 341 exec/s: 9678 rss: 30Mb L: 18/333 MS: 2 EraseBytes-EraseBytes-
#9810	REDUCE cov: 124 ft: 506 corp: 66/10947b lim: 341 exec/s: 9810 rss: 30Mb L: 9/333 MS: 2 ShuffleBytes-EraseBytes-
#10748	REDUCE cov: 124 ft: 506 corp: 66/10915b lim: 349 exec/s: 10748 rss: 30Mb L: 67/333 MS: 3 EraseBytes-EraseBytes-InsertByte-
#10887	REDUCE cov: 124 ft: 506 corp: 66/10907b lim: 349 exec/s: 10887 rss: 30Mb L: 214/333 MS: 4 CopyPart-EraseBytes-ChangeByte-PersAutoDict- DE: "\001\027"-
#11058	REDUCE cov: 124 ft: 506 corp: 66/10878b lim: 349 exec/s: 11058 rss: 30Mb L: 237/333 MS: 1 EraseBytes-
#11153	REDUCE cov: 124 ft: 506 corp: 66/10877b lim: 349 exec/s: 11153 rss: 30Mb L: 25/333 MS: 5 CMP-ChangeByte-ChangeBinInt-CMP-EraseBytes- DE: "\236j\001\254\365s\000\000"-"\001\022"-
#11169	REDUCE cov: 124 ft: 506 corp: 66/10868b lim: 349 exec/s: 11169 rss: 30Mb L: 22/333 MS: 1 EraseBytes-
#11435	REDUCE cov: 124 ft: 506 corp: 66/10847b lim: 349 exec/s: 11435 rss: 30Mb L: 81/333 MS: 1 EraseBytes-
#11874	REDUCE cov: 124 ft: 506 corp: 66/10845b lim: 349 exec/s: 11874 rss: 30Mb L: 193/333 MS: 4 ChangeBit-EraseBytes-InsertByte-CrossOver-
#12145	REDUCE cov: 124 ft: 506 corp: 66/10836b lim: 349 exec/s: 12145 rss: 30Mb L: 253/333 MS: 1 EraseBytes-
#12250	REDUCE cov: 124 ft: 506 corp: 66/10803b lim: 349 exec/s: 12250 rss: 30Mb L: 48/333 MS: 5 EraseBytes-ChangeBit-InsertByte-EraseBytes-PersAutoDict- DE: "stss"-
#12335	REDUCE cov: 124 ft: 506 corp: 66/10801b lim: 349 exec/s: 12335 rss: 30Mb L: 321/333 MS: 5 InsertByte-InsertByte-CrossOver-CMP-EraseBytes- DE: "x\000\000\000\000\000\000\000"-
#12523	NEW    cov: 124 ft: 518 corp: 67/11021b lim: 349 exec/s: 12523 rss: 30Mb L: 220/333 MS: 3 CMP-ChangeBit-CMP- DE: "\000\000\000 "-"trak"-
#12601	REDUCE cov: 124 ft: 518 corp: 67/10983b lim: 349 exec/s: 12601 rss: 30Mb L: 170/333 MS: 3 ChangeBit-EraseBytes-CMP- DE: "\000\000\000\001"-
#12725	REDUCE cov: 124 ft: 518 corp: 67/10982b lim: 349 exec/s: 6362 rss: 30Mb L: 8/333 MS: 3 InsertByte-ChangeBit-EraseBytes-
#13381	REDUCE cov: 124 ft: 518 corp: 67/10974b lim: 349 exec/s: 6690 rss: 30Mb L: 59/333 MS: 1 EraseBytes-
#13528	REDUCE cov: 124 ft: 518 corp: 67/10967b lim: 349 exec/s: 6764 rss: 30Mb L: 266/333 MS: 2 InsertByte-EraseBytes-
#13749	NEW    cov: 124 ft: 530 corp: 68/11212b lim: 349 exec/s: 6874 rss: 30Mb L: 245/333 MS: 1 CopyPart-
#14355	REDUCE cov: 124 ft: 530 corp: 68/11162b lim: 349 exec/s: 7177 rss: 30Mb L: 216/333 MS: 1 EraseBytes-
#14844	REDUCE cov: 124 ft: 530 corp: 68/11092b lim: 349 exec/s: 7422 rss: 30Mb L: 183/333 MS: 4 ShuffleBytes-CopyPart-EraseBytes-InsertByte-
#15135	REDUCE cov: 124 ft: 530 corp: 68/11082b lim: 349 exec/s: 7567 rss: 30Mb L: 41/333 MS: 1 EraseBytes-
#15204	REDUCE cov: 124 ft: 530 corp: 68/11058b lim: 349 exec/s: 7602 rss: 30Mb L: 35/333 MS: 4 CrossOver-ChangeBinInt-CopyPart-EraseBytes-
#15216	REDUCE cov: 124 ft: 530 corp: 68/11057b lim: 349 exec/s: 7608 rss: 30Mb L: 170/333 MS: 2 EraseBytes-CopyPart-
#15363	REDUCE cov: 124 ft: 530 corp: 68/11053b lim: 349 exec/s: 7681 rss: 30Mb L: 16/333 MS: 2 ChangeByte-EraseBytes-
#15433	REDUCE cov: 124 ft: 530 corp: 68/11046b lim: 349 exec/s: 7716 rss: 30Mb L: 107/333 MS: 5 CopyPart-ChangeByte-CopyPart-ChangeBit-EraseBytes-
#15817	REDUCE cov: 124 ft: 530 corp: 68/11040b lim: 349 exec/s: 7908 rss: 30Mb L: 247/333 MS: 4 EraseBytes-CMP-EraseBytes-CopyPart- DE: "\377\377\377\377\377\377\377\303"-
#16309	REDUCE cov: 124 ft: 530 corp: 68/11027b lim: 349 exec/s: 8154 rss: 30Mb L: 232/333 MS: 2 ChangeByte-EraseBytes-
#16384	pulse  cov: 124 ft: 530 corp: 68/11027b lim: 349 exec/s: 8192 rss: 30Mb
#16636	REDUCE cov: 124 ft: 530 corp: 68/11018b lim: 349 exec/s: 8318 rss: 30Mb L: 13/333 MS: 2 ChangeBit-EraseBytes-
#17078	REDUCE cov: 124 ft: 530 corp: 68/11017b lim: 349 exec/s: 8539 rss: 30Mb L: 12/333 MS: 2 ChangeByte-EraseBytes-
#17403	REDUCE cov: 124 ft: 530 corp: 68/11006b lim: 349 exec/s: 8701 rss: 30Mb L: 159/333 MS: 5 EraseBytes-ChangeBit-InsertByte-CrossOver-CrossOver-
#17809	NEW    cov: 124 ft: 531 corp: 69/11226b lim: 349 exec/s: 8904 rss: 30Mb L: 220/333 MS: 1 ChangeBinInt-
#18335	REDUCE cov: 124 ft: 531 corp: 69/11200b lim: 349 exec/s: 9167 rss: 30Mb L: 230/333 MS: 1 EraseBytes-
#18683	REDUCE cov: 124 ft: 531 corp: 69/11079b lim: 349 exec/s: 9341 rss: 30Mb L: 209/333 MS: 3 PersAutoDict-EraseBytes-PersAutoDict- DE: "schm"-"\000\000\000\020"-
#19962	REDUCE cov: 124 ft: 531 corp: 69/11069b lim: 357 exec/s: 6654 rss: 30Mb L: 160/333 MS: 4 CMP-ShuffleBytes-ShuffleBytes-EraseBytes- DE: "\001\000\000\000\000\000\000\035"-
#20976	REDUCE cov: 124 ft: 531 corp: 69/11068b lim: 365 exec/s: 6992 rss: 30Mb L: 34/333 MS: 4 ShuffleBytes-CMP-PersAutoDict-EraseBytes- DE: "ipro"-"\001\027"-
#21025	NEW    cov: 124 ft: 532 corp: 70/11288b lim: 365 exec/s: 7008 rss: 30Mb L: 220/333 MS: 4 ChangeBinInt-ChangeBinInt-PersAutoDict-ChangeBit- DE: "tapt"-
#21722	NEW    cov: 124 ft: 537 corp: 71/11644b lim: 365 exec/s: 7240 rss: 30Mb L: 356/356 MS: 2 CrossOver-InsertRepeatedBytes-
#21920	REDUCE cov: 124 ft: 537 corp: 71/11628b lim: 365 exec/s: 7306 rss: 31Mb L: 240/356 MS: 3 ShuffleBytes-InsertByte-EraseBytes-
#22051	REDUCE cov: 124 ft: 537 corp: 71/11627b lim: 365 exec/s: 7350 rss: 31Mb L: 108/356 MS: 1 EraseBytes-
#22173	REDUCE cov: 124 ft: 537 corp: 71/11626b lim: 365 exec/s: 7391 rss: 31Mb L: 33/356 MS: 2 InsertByte-EraseBytes-
#22626	REDUCE cov: 124 ft: 537 corp: 71/11604b lim: 365 exec/s: 7542 rss: 31Mb L: 67/356 MS: 3 EraseBytes-ChangeByte-CMP- DE: ";\000\000\000\000\000\000\000"-
#22757	REDUCE cov: 124 ft: 537 corp: 71/11597b lim: 365 exec/s: 7585 rss: 31Mb L: 34/356 MS: 1 EraseBytes-
#23420	REDUCE cov: 124 ft: 537 corp: 71/11590b lim: 365 exec/s: 7806 rss: 31Mb L: 101/356 MS: 3 InsertByte-CopyPart-EraseBytes-
#23812	NEW    cov: 124 ft: 538 corp: 72/11954b lim: 365 exec/s: 7937 rss: 31Mb L: 364/364 MS: 2 PersAutoDict-CopyPart- DE: "\022\001\000\000\000\000\000\000"-
#24376	REDUCE cov: 124 ft: 538 corp: 72/11952b lim: 365 exec/s: 8125 rss: 31Mb L: 105/364 MS: 4 ShuffleBytes-ChangeASCIIInt-ChangeBinInt-EraseBytes-
#24377	REDUCE cov: 124 ft: 538 corp: 72/11949b lim: 365 exec/s: 8125 rss: 31Mb L: 204/364 MS: 1 EraseBytes-
#24378	REDUCE cov: 124 ft: 538 corp: 72/11946b lim: 365 exec/s: 8126 rss: 31Mb L: 163/364 MS: 1 EraseBytes-
#25829	REDUCE cov: 124 ft: 538 corp: 72/11936b lim: 373 exec/s: 6457 rss: 31Mb L: 210/364 MS: 1 EraseBytes-
#26886	REDUCE cov: 124 ft: 538 corp: 72/11912b lim: 381 exec/s: 6721 rss: 31Mb L: 216/364 MS: 2 CMP-EraseBytes- DE: "mere"-
#27243	REDUCE cov: 124 ft: 538 corp: 72/11896b lim: 381 exec/s: 6810 rss: 31Mb L: 109/364 MS: 2 ShuffleBytes-EraseBytes-
#27460	REDUCE cov: 124 ft: 538 corp: 72/11892b lim: 381 exec/s: 6865 rss: 31Mb L: 302/364 MS: 2 CopyPart-EraseBytes-
#28152	REDUCE cov: 124 ft: 539 corp: 73/12258b lim: 381 exec/s: 7038 rss: 31Mb L: 366/366 MS: 2 CrossOver-CopyPart-
#28182	REDUCE cov: 124 ft: 539 corp: 73/12256b lim: 381 exec/s: 7045 rss: 31Mb L: 57/366 MS: 5 InsertRepeatedBytes-InsertRepeatedBytes-ChangeByte-EraseBytes-EraseBytes-
#28852	REDUCE cov: 125 ft: 541 corp: 74/12478b lim: 381 exec/s: 7213 rss: 31Mb L: 222/366 MS: 5 PersAutoDict-EraseBytes-PersAutoDict-PersAutoDict-PersAutoDict- DE: "ipro"-"\001\022"-"mere"-"trak"-
#29076	REDUCE cov: 125 ft: 541 corp: 74/12476b lim: 381 exec/s: 7269 rss: 31Mb L: 300/366 MS: 4 PersAutoDict-EraseBytes-InsertByte-CrossOver- DE: "mere"-
#30140	REDUCE cov: 125 ft: 541 corp: 74/12473b lim: 389 exec/s: 7535 rss: 31Mb L: 190/366 MS: 4 CMP-ChangeByte-ChangeBit-EraseBytes- DE: "\021\000\000\000\000\000\000\000"-
#30362	REDUCE cov: 125 ft: 541 corp: 74/12464b lim: 389 exec/s: 7590 rss: 31Mb L: 92/366 MS: 2 EraseBytes-PersAutoDict- DE: "stss"-
#32768	pulse  cov: 125 ft: 541 corp: 74/12464b lim: 405 exec/s: 6553 rss: 31Mb
#33127	NEW    cov: 125 ft: 542 corp: 75/12782b lim: 413 exec/s: 6625 rss: 31Mb L: 318/366 MS: 5 ChangeByte-CMP-ShuffleBytes-PersAutoDict-CopyPart- DE: "\021\374\026\254\365s\000\000"-"\250\306\000\254\365s\000\000"-
#33608	REDUCE cov: 125 ft: 542 corp: 75/12781b lim: 413 exec/s: 6721 rss: 31Mb L: 33/366 MS: 1 EraseBytes-
#33986	REDUCE cov: 125 ft: 542 corp: 75/12773b lim: 413 exec/s: 6797 rss: 31Mb L: 313/366 MS: 3 CrossOver-ChangeBit-EraseBytes-
#35345	REDUCE cov: 125 ft: 542 corp: 75/12766b lim: 421 exec/s: 7069 rss: 31Mb L: 102/366 MS: 4 ChangeByte-ChangeBinInt-CrossOver-EraseBytes-
#35971	REDUCE cov: 125 ft: 542 corp: 75/12750b lim: 421 exec/s: 7194 rss: 31Mb L: 340/366 MS: 1 EraseBytes-
#36542	REDUCE cov: 125 ft: 542 corp: 75/12678b lim: 421 exec/s: 7308 rss: 31Mb L: 238/366 MS: 1 EraseBytes-
#36792	REDUCE cov: 125 ft: 542 corp: 75/12641b lim: 421 exec/s: 7358 rss: 31Mb L: 211/366 MS: 5 InsertByte-ChangeBinInt-PersAutoDict-InsertByte-EraseBytes- DE: "\000\000\000\001"-
#37469	REDUCE cov: 125 ft: 542 corp: 75/12640b lim: 421 exec/s: 7493 rss: 31Mb L: 136/366 MS: 2 EraseBytes-CMP- DE: "\001\000\000\012"-
#37512	REDUCE cov: 125 ft: 542 corp: 75/12611b lim: 421 exec/s: 7502 rss: 31Mb L: 191/366 MS: 3 ChangeBinInt-CMP-EraseBytes- DE: "minf"-
#38137	REDUCE cov: 125 ft: 542 corp: 75/12606b lim: 421 exec/s: 7627 rss: 31Mb L: 359/366 MS: 5 InsertRepeatedBytes-EraseBytes-ChangeBinInt-CopyPart-CopyPart-
#38145	REDUCE cov: 125 ft: 542 corp: 75/12590b lim: 421 exec/s: 7629 rss: 31Mb L: 281/366 MS: 3 ChangeASCIIInt-EraseBytes-InsertByte-
#39977	REDUCE cov: 125 ft: 542 corp: 75/12558b lim: 437 exec/s: 6662 rss: 31Mb L: 224/366 MS: 2 InsertRepeatedBytes-EraseBytes-
#40068	REDUCE cov: 125 ft: 542 corp: 75/12547b lim: 437 exec/s: 6678 rss: 31Mb L: 302/366 MS: 1 EraseBytes-
#40339	REDUCE cov: 125 ft: 542 corp: 75/12544b lim: 437 exec/s: 6723 rss: 31Mb L: 278/366 MS: 1 EraseBytes-
#41220	REDUCE cov: 125 ft: 542 corp: 75/12528b lim: 445 exec/s: 6870 rss: 31Mb L: 18/366 MS: 1 EraseBytes-
#42478	REDUCE cov: 125 ft: 542 corp: 75/12523b lim: 453 exec/s: 7079 rss: 31Mb L: 261/366 MS: 3 CopyPart-ChangeByte-EraseBytes-
#43004	REDUCE cov: 125 ft: 542 corp: 75/12521b lim: 453 exec/s: 7167 rss: 31Mb L: 65/366 MS: 1 EraseBytes-
#43152	REDUCE cov: 125 ft: 542 corp: 75/12515b lim: 453 exec/s: 7192 rss: 31Mb L: 210/366 MS: 3 ChangeBit-ChangeByte-EraseBytes-
#43198	REDUCE cov: 125 ft: 542 corp: 75/12499b lim: 453 exec/s: 7199 rss: 31Mb L: 86/366 MS: 1 EraseBytes-
#43900	REDUCE cov: 125 ft: 542 corp: 75/12457b lim: 453 exec/s: 7316 rss: 31Mb L: 168/366 MS: 2 ChangeBit-EraseBytes-
#44487	REDUCE cov: 125 ft: 542 corp: 75/12456b lim: 453 exec/s: 7414 rss: 31Mb L: 17/366 MS: 2 ChangeBinInt-EraseBytes-
#44718	REDUCE cov: 125 ft: 542 corp: 75/12453b lim: 453 exec/s: 6388 rss: 31Mb L: 9/366 MS: 1 EraseBytes-
#45472	REDUCE cov: 125 ft: 542 corp: 75/12452b lim: 453 exec/s: 6496 rss: 31Mb L: 272/366 MS: 4 ChangeBit-CrossOver-InsertByte-EraseBytes-
#47228	REDUCE cov: 125 ft: 542 corp: 75/12438b lim: 469 exec/s: 6746 rss: 31Mb L: 197/366 MS: 1 EraseBytes-
#47711	REDUCE cov: 125 ft: 542 corp: 75/12435b lim: 469 exec/s: 6815 rss: 31Mb L: 275/366 MS: 3 ChangeBinInt-ChangeByte-EraseBytes-
#48154	REDUCE cov: 125 ft: 542 corp: 75/12433b lim: 469 exec/s: 6879 rss: 31Mb L: 357/366 MS: 3 EraseBytes-InsertByte-InsertRepeatedBytes-
#48540	NEW    cov: 125 ft: 566 corp: 76/12865b lim: 469 exec/s: 6934 rss: 31Mb L: 432/432 MS: 1 CrossOver-
#48692	NEW    cov: 125 ft: 567 corp: 77/13330b lim: 469 exec/s: 6956 rss: 31Mb L: 465/465 MS: 2 ChangeBit-InsertRepeatedBytes-
#51609	REDUCE cov: 125 ft: 567 corp: 77/13314b lim: 493 exec/s: 6451 rss: 31Mb L: 174/465 MS: 2 CMP-EraseBytes- DE: "\001\000\000\021"-
#51885	REDUCE cov: 125 ft: 567 corp: 77/13254b lim: 493 exec/s: 6485 rss: 31Mb L: 405/432 MS: 1 EraseBytes-
#53637	REDUCE cov: 125 ft: 567 corp: 77/13226b lim: 509 exec/s: 6704 rss: 31Mb L: 64/432 MS: 2 EraseBytes-ChangeBit-
#54198	REDUCE cov: 125 ft: 567 corp: 77/13223b lim: 509 exec/s: 6774 rss: 31Mb L: 61/432 MS: 1 EraseBytes-
#54270	REDUCE cov: 125 ft: 567 corp: 77/13200b lim: 509 exec/s: 6783 rss: 31Mb L: 181/432 MS: 2 ChangeBinInt-EraseBytes-
#55516	REDUCE cov: 125 ft: 567 corp: 77/13175b lim: 517 exec/s: 6939 rss: 31Mb L: 213/432 MS: 1 CrossOver-
#57349	REDUCE cov: 125 ft: 567 corp: 77/13151b lim: 535 exec/s: 6372 rss: 31Mb L: 89/432 MS: 3 ChangeBit-InsertRepeatedBytes-EraseBytes-
#57596	NEW    cov: 125 ft: 568 corp: 78/13587b lim: 535 exec/s: 6399 rss: 31Mb L: 436/436 MS: 2 ChangeBinInt-PersAutoDict- DE: "mere"-
#59133	REDUCE cov: 125 ft: 568 corp: 78/13564b lim: 544 exec/s: 6570 rss: 31Mb L: 224/436 MS: 2 ChangeBit-EraseBytes-
#59337	NEW    cov: 125 ft: 569 corp: 79/14108b lim: 544 exec/s: 6593 rss: 31Mb L: 544/544 MS: 4 ChangeBit-PersAutoDict-InsertByte-CopyPart- DE: ";\000\000\000\000\000\000\000"-
#60023	REDUCE cov: 125 ft: 583 corp: 80/14117b lim: 544 exec/s: 6669 rss: 32Mb L: 9/544 MS: 1 ChangeBinInt-
#60614	REDUCE cov: 125 ft: 586 corp: 81/14133b lim: 544 exec/s: 6734 rss: 32Mb L: 16/544 MS: 1 CrossOver-
#60757	NEW    cov: 126 ft: 596 corp: 82/14472b lim: 544 exec/s: 6750 rss: 32Mb L: 339/544 MS: 3 ChangeBit-PersAutoDict-CMP- DE: "\001\022"-"pixi"-
#61218	REDUCE cov: 126 ft: 596 corp: 82/14425b lim: 544 exec/s: 6802 rss: 32Mb L: 292/544 MS: 1 EraseBytes-
#61640	REDUCE cov: 126 ft: 596 corp: 82/14417b lim: 544 exec/s: 6848 rss: 32Mb L: 224/544 MS: 2 CopyPart-EraseBytes-
#61922	REDUCE cov: 126 ft: 596 corp: 82/14407b lim: 544 exec/s: 6880 rss: 32Mb L: 282/544 MS: 2 ChangeBinInt-EraseBytes-
#62364	REDUCE cov: 126 ft: 597 corp: 83/14617b lim: 544 exec/s: 6929 rss: 32Mb L: 210/544 MS: 2 InsertByte-EraseBytes-
#62458	REDUCE cov: 126 ft: 598 corp: 84/15142b lim: 544 exec/s: 6939 rss: 32Mb L: 525/544 MS: 4 CrossOver-ShuffleBytes-CopyPart-ChangeByte-
#62664	REDUCE cov: 126 ft: 598 corp: 84/15140b lim: 544 exec/s: 6962 rss: 32Mb L: 161/544 MS: 1 EraseBytes-
#62962	REDUCE cov: 126 ft: 598 corp: 84/15139b lim: 544 exec/s: 6995 rss: 32Mb L: 56/544 MS: 3 ShuffleBytes-CopyPart-EraseBytes-
#63036	REDUCE cov: 126 ft: 598 corp: 84/15137b lim: 544 exec/s: 6303 rss: 32Mb L: 149/544 MS: 4 ChangeByte-ShuffleBytes-InsertByte-EraseBytes-
#63069	REDUCE cov: 126 ft: 598 corp: 84/15129b lim: 544 exec/s: 6306 rss: 32Mb L: 216/544 MS: 3 ChangeBinInt-ShuffleBytes-EraseBytes-
==856006== ERROR: libFuzzer: out-of-memory (used: 1239Mb; limit: 1024Mb)
   To change the out-of-memory limit use -rss_limit_mb=<N>

MS: 1 CrossOver-; base unit: 1488af05233074d67299dffd6134b82a66ee6560
artifact_prefix='/results/crashes/20260313_185522_f8ef02f8_'; Test unit written to /results/crashes/20260313_185522_f8ef02f8_oom-cc3610cc79bd9491870c5267d3ace0841a7e6611
SUMMARY: libFuzzer: out-of-memory
stat::number_of_executed_units: 64395
stat::average_exec_per_sec:     5854
stat::new_units_added:          248
stat::slowest_unit_time_sec:    0
stat::peak_rss_mb:              1239
