INFO: Running with entropic power schedule (0xFF, 100).
INFO: Seed: 1668797789
INFO: Loaded 1 modules   (197 inline 8-bit counters): 197 [0x5ac1ef1ddbb8, 0x5ac1ef1ddc7d), 
INFO: Loaded 1 PC tables (197 PCs): 197 [0x5ac1ef1ddc80,0x5ac1ef1de8d0), 
INFO:       20 files found in /fuzzer/corpus
INFO: seed corpus: files: 20 min: 2b max: 124b total: 918b rss: 33Mb
#21	INITED cov: 80 ft: 131 corp: 5/113b exec/s: 0 rss: 37Mb
#26	NEW    cov: 80 ft: 132 corp: 6/132b lim: 32 exec/s: 0 rss: 65Mb L: 19/32 MS: 5 EraseBytes-CrossOver-ChangeByte-CrossOver-CrossOver-
#35	REDUCE cov: 80 ft: 132 corp: 6/131b lim: 32 exec/s: 0 rss: 65Mb L: 18/32 MS: 4 ChangeBit-CrossOver-InsertByte-EraseBytes-
==18== ERROR: libFuzzer: out-of-memory (used: 751Mb; limit: 512Mb)
   To change the out-of-memory limit use -rss_limit_mb=<N>

Live Heap Allocations: 4319257482 bytes in 287 chunks; quarantined: 26282600 bytes in 4088 chunks; 7209 other chunks; total chunks: 11584; showing top 95% (at most 8 unique contexts)
4294967288 byte(s) (99%) in 1 allocation(s)
    #0 0x5ac1ef037cbd in operator new(unsigned long) (/fuzzer/fuzz_isobmff+0x28bcbd) (BuildId: fec8d58ecb896053)
    #1 0x5ac1ef03ef91 in std::_Vector_base<unsigned char, std::allocator<unsigned char>>::_M_allocate(unsigned long) /usr/bin/../lib/gcc/x86_64-linux-gnu/12/../../../../include/c++/12/bits/stl_vector.h:378:20
    #2 0x5ac1ef03ef91 in std::_Vector_base<unsigned char, std::allocator<unsigned char>>::_M_create_storage(unsigned long) /usr/bin/../lib/gcc/x86_64-linux-gnu/12/../../../../include/c++/12/bits/stl_vector.h:395:33
    #3 0x5ac1ef043c8b in std::_Vector_base<unsigned char, std::allocator<unsigned char>>::_Vector_base(unsigned long, std::allocator<unsigned char> const&) /usr/bin/../lib/gcc/x86_64-linux-gnu/12/../../../../include/c++/12/bits/stl_vector.h:332:9
    #4 0x5ac1ef043c8b in std::vector<unsigned char, std::allocator<unsigned char>>::vector(unsigned long, unsigned char const&, std::allocator<unsigned char> const&) /usr/bin/../lib/gcc/x86_64-linux-gnu/12/../../../../include/c++/12/bits/stl_vector.h:566:9
    #5 0x5ac1ef03fa32 in ISOBMFF::BinaryStream::Read(unsigned long) /opt/ISOBMFF/ISOBMFF/source/BinaryStream.cpp:73:32
    #6 0x5ac1ef04594f in ISOBMFF::ContainerBox::ReadData(ISOBMFF::Parser&, ISOBMFF::BinaryStream&) /opt/ISOBMFF/ISOBMFF/source/ContainerBox.cpp:126:60
    #7 0x5ac1ef053265 in ISOBMFF::Parser::Parse(ISOBMFF::BinaryStream&) /opt/ISOBMFF/ISOBMFF/source/Parser.cpp:217:32
    #8 0x5ac1ef052625 in ISOBMFF::Parser::Parse(std::__cxx11::basic_string<char, std::char_traits<char>, std::allocator<char>> const&) /opt/ISOBMFF/ISOBMFF/source/Parser.cpp:169:15
    #9 0x5ac1ef03a879 in parse_isobmff(unsigned char const*, unsigned long) /fuzzer/harness.cpp:41:16
    #10 0x5ac1ef03a879 in LLVMFuzzerTestOneInput /fuzzer/harness.cpp:83:5
    #11 0x5ac1eef5ef72 in fuzzer::Fuzzer::ExecuteCallback(unsigned char const*, unsigned long) crtstuff.c
    #12 0x5ac1eef5e685 in fuzzer::Fuzzer::RunOne(unsigned char const*, unsigned long, bool, fuzzer::InputInfo*, bool, bool*) crtstuff.c
    #13 0x5ac1eef5ff07 in fuzzer::Fuzzer::MutateAndTestOne() crtstuff.c
    #14 0x5ac1eef60b05 in fuzzer::Fuzzer::Loop(std::vector<fuzzer::SizedFile, std::allocator<fuzzer::SizedFile>>&) crtstuff.c
    #15 0x5ac1eef4ebc2 in fuzzer::FuzzerDriver(int*, char***, int (*)(unsigned char const*, unsigned long)) crtstuff.c
    #16 0x5ac1eef78112 in main (/fuzzer/fuzz_isobmff+0x1cc112) (BuildId: fec8d58ecb896053)
    #17 0x7d4e27ef0d8f  (/lib/x86_64-linux-gnu/libc.so.6+0x29d8f) (BuildId: 095c7ba148aeca81668091f718047078d57efddb)

MS: 1 CMP- DE: "\001\000\000\000\000\000\000\004"-; base unit: 721231b930f77dd63c49bd6f6fc515dcd0286125
0x0,0x0,0x0,0x14,0x66,0x74,0x79,0x70,0x6d,0x70,0x34,0x31,0x0,0x0,0x0,0x0,0x6d,0x1,0x0,0x0,0x0,0x0,0x0,0x0,0x4,0x64,0x61,0x74,
\000\000\000\024ftypmp41\000\000\000\000m\001\000\000\000\000\000\000\004dat
artifact_prefix='/results/crashes/20260313_122157_5691586b_'; Test unit written to /results/crashes/20260313_122157_5691586b_oom-25f0403f73bc3e7f67105275eda4846608ae19e7
Base64: AAAAFGZ0eXBtcDQxAAAAAG0BAAAAAAAABGRhdA==
SUMMARY: libFuzzer: out-of-memory
stat::number_of_executed_units: 36
stat::average_exec_per_sec:     36
stat::new_units_added:          2
stat::slowest_unit_time_sec:    0
stat::peak_rss_mb:              753
