INFO: Running with entropic power schedule (0xFF, 100).
INFO: Seed: 845506795
INFO: Loaded 1 modules   (252 inline 8-bit counters): 252 [0x568337499678, 0x568337499774), 
INFO: Loaded 1 PC tables (252 PCs): 252 [0x568337499778,0x56833749a738), 
INFO:        4 files found in /tmp/corpus_20260313_161927_c16b38e8
INFO: seed corpus: files: 4 min: 48b max: 333b total: 853b rss: 28Mb
#5	INITED cov: 118 ft: 251 corp: 4/853b exec/s: 0 rss: 29Mb
#6	NEW    cov: 118 ft: 277 corp: 5/902b lim: 333 exec/s: 0 rss: 29Mb L: 49/333 MS: 1 InsertByte-
#8	NEW    cov: 118 ft: 278 corp: 6/1069b lim: 333 exec/s: 0 rss: 29Mb L: 167/333 MS: 2 EraseBytes-EraseBytes-
#9	NEW    cov: 118 ft: 303 corp: 7/1182b lim: 333 exec/s: 0 rss: 29Mb L: 113/333 MS: 1 EraseBytes-
#11	NEW    cov: 118 ft: 304 corp: 8/1314b lim: 333 exec/s: 0 rss: 29Mb L: 132/333 MS: 2 ChangeBinInt-EraseBytes-
#12	NEW    cov: 118 ft: 306 corp: 9/1538b lim: 333 exec/s: 0 rss: 29Mb L: 224/333 MS: 1 CMP- DE: "\000\000\000 "-
#14	NEW    cov: 119 ft: 311 corp: 10/1794b lim: 333 exec/s: 0 rss: 29Mb L: 256/333 MS: 2 CMP-CMP- DE: "\237_\325^\203V\000\000"-"minf"-
#15	NEW    cov: 119 ft: 343 corp: 11/1819b lim: 333 exec/s: 0 rss: 29Mb L: 25/333 MS: 1 EraseBytes-
#16	NEW    cov: 120 ft: 344 corp: 12/1955b lim: 333 exec/s: 0 rss: 29Mb L: 136/333 MS: 1 CMP- DE: "edts"-
#17	NEW    cov: 120 ft: 345 corp: 13/2194b lim: 333 exec/s: 0 rss: 29Mb L: 239/333 MS: 1 InsertRepeatedBytes-
#22	NEW    cov: 120 ft: 360 corp: 14/2513b lim: 333 exec/s: 0 rss: 29Mb L: 319/333 MS: 5 CMP-ShuffleBytes-ChangeByte-ChangeBit-InsertRepeatedBytes- DE: "\001\000V\203^\325:\031"-
#26	NEW    cov: 120 ft: 366 corp: 15/2630b lim: 333 exec/s: 0 rss: 29Mb L: 117/333 MS: 4 PersAutoDict-ChangeBit-ChangeByte-PersAutoDict- DE: "edts"-"\001\000V\203^\325:\031"-
#27	NEW    cov: 120 ft: 367 corp: 16/2859b lim: 333 exec/s: 0 rss: 29Mb L: 229/333 MS: 1 CrossOver-
#28	NEW    cov: 120 ft: 370 corp: 17/2998b lim: 333 exec/s: 0 rss: 29Mb L: 139/333 MS: 1 CrossOver-
#29	NEW    cov: 120 ft: 371 corp: 18/3159b lim: 333 exec/s: 0 rss: 29Mb L: 161/333 MS: 1 EraseBytes-
#31	NEW    cov: 120 ft: 379 corp: 19/3215b lim: 333 exec/s: 0 rss: 29Mb L: 56/333 MS: 2 PersAutoDict-ChangeBit- DE: "\237_\325^\203V\000\000"-
#32	NEW    cov: 120 ft: 389 corp: 20/3517b lim: 333 exec/s: 0 rss: 29Mb L: 302/333 MS: 1 CrossOver-
#37	NEW    cov: 120 ft: 390 corp: 21/3781b lim: 333 exec/s: 0 rss: 29Mb L: 264/333 MS: 5 PersAutoDict-ChangeBit-CrossOver-ChangeBit-CrossOver- DE: "edts"-
#40	NEW    cov: 120 ft: 391 corp: 22/3866b lim: 333 exec/s: 0 rss: 29Mb L: 85/333 MS: 3 ChangeBinInt-ChangeBinInt-EraseBytes-
#42	NEW    cov: 120 ft: 392 corp: 23/4091b lim: 333 exec/s: 0 rss: 29Mb L: 225/333 MS: 2 CopyPart-InsertByte-
#43	NEW    cov: 120 ft: 393 corp: 24/4208b lim: 333 exec/s: 0 rss: 29Mb L: 117/333 MS: 1 ChangeBit-
#46	NEW    cov: 120 ft: 403 corp: 25/4257b lim: 333 exec/s: 0 rss: 29Mb L: 49/333 MS: 3 ShuffleBytes-ChangeASCIIInt-ChangeBit-
#50	NEW    cov: 120 ft: 404 corp: 26/4511b lim: 333 exec/s: 0 rss: 29Mb L: 254/333 MS: 4 ShuffleBytes-EraseBytes-ChangeBinInt-CopyPart-
#56	NEW    cov: 120 ft: 405 corp: 27/4703b lim: 333 exec/s: 0 rss: 29Mb L: 192/333 MS: 1 InsertRepeatedBytes-
#57	NEW    cov: 121 ft: 407 corp: 28/5006b lim: 333 exec/s: 0 rss: 29Mb L: 303/333 MS: 1 InsertByte-
#68	NEW    cov: 121 ft: 408 corp: 29/5055b lim: 333 exec/s: 0 rss: 29Mb L: 49/333 MS: 1 ChangeBit-
#75	NEW    cov: 121 ft: 409 corp: 30/5357b lim: 333 exec/s: 0 rss: 29Mb L: 302/333 MS: 2 ChangeBinInt-PersAutoDict- DE: "\001\000V\203^\325:\031"-
#84	NEW    cov: 121 ft: 410 corp: 31/5542b lim: 333 exec/s: 0 rss: 29Mb L: 185/333 MS: 4 ChangeBit-InsertByte-CrossOver-InsertByte-
#85	NEW    cov: 121 ft: 411 corp: 32/5610b lim: 333 exec/s: 0 rss: 29Mb L: 68/333 MS: 1 EraseBytes-
#121	NEW    cov: 121 ft: 412 corp: 33/5641b lim: 333 exec/s: 0 rss: 29Mb L: 31/333 MS: 1 EraseBytes-
#124	NEW    cov: 121 ft: 419 corp: 34/5684b lim: 333 exec/s: 0 rss: 29Mb L: 43/333 MS: 3 InsertRepeatedBytes-ShuffleBytes-EraseBytes-
#141	NEW    cov: 121 ft: 420 corp: 35/5987b lim: 333 exec/s: 0 rss: 29Mb L: 303/333 MS: 2 InsertByte-CrossOver-
#168	NEW    cov: 121 ft: 421 corp: 36/6027b lim: 333 exec/s: 0 rss: 29Mb L: 40/333 MS: 2 CopyPart-EraseBytes-
#221	NEW    cov: 121 ft: 422 corp: 37/6360b lim: 333 exec/s: 0 rss: 29Mb L: 333/333 MS: 3 ChangeBinInt-PersAutoDict-PersAutoDict- DE: "minf"-"\237_\325^\203V\000\000"-
#223	NEW    cov: 121 ft: 423 corp: 38/6513b lim: 333 exec/s: 0 rss: 29Mb L: 153/333 MS: 2 CrossOver-InsertByte-
#324	REDUCE cov: 121 ft: 423 corp: 38/6419b lim: 333 exec/s: 0 rss: 29Mb L: 208/333 MS: 1 EraseBytes-
#346	NEW    cov: 121 ft: 424 corp: 39/6673b lim: 333 exec/s: 0 rss: 29Mb L: 254/333 MS: 2 CopyPart-ShuffleBytes-
#350	REDUCE cov: 121 ft: 424 corp: 39/6555b lim: 333 exec/s: 0 rss: 29Mb L: 136/333 MS: 4 ShuffleBytes-InsertRepeatedBytes-ChangeBinInt-EraseBytes-
#351	NEW    cov: 121 ft: 426 corp: 40/6582b lim: 333 exec/s: 0 rss: 29Mb L: 27/333 MS: 1 EraseBytes-
#383	NEW    cov: 121 ft: 427 corp: 41/6672b lim: 333 exec/s: 0 rss: 29Mb L: 90/333 MS: 2 InsertByte-InsertRepeatedBytes-
#386	NEW    cov: 121 ft: 435 corp: 42/7004b lim: 333 exec/s: 0 rss: 29Mb L: 332/333 MS: 3 CopyPart-InsertByte-InsertRepeatedBytes-
#397	NEW    cov: 121 ft: 436 corp: 43/7278b lim: 333 exec/s: 0 rss: 29Mb L: 274/333 MS: 1 CopyPart-
#464	NEW    cov: 121 ft: 438 corp: 44/7435b lim: 333 exec/s: 0 rss: 29Mb L: 157/333 MS: 2 ChangeByte-EraseBytes-
#476	REDUCE cov: 121 ft: 448 corp: 45/7447b lim: 333 exec/s: 0 rss: 29Mb L: 12/333 MS: 2 ChangeBit-CrossOver-
#503	REDUCE cov: 121 ft: 448 corp: 45/7428b lim: 333 exec/s: 0 rss: 29Mb L: 283/333 MS: 2 ChangeBit-EraseBytes-
#513	NEW    cov: 121 ft: 449 corp: 46/7646b lim: 333 exec/s: 0 rss: 29Mb L: 218/333 MS: 5 ChangeByte-PersAutoDict-CopyPart-EraseBytes-InsertByte- DE: "\000\000\000 "-
#657	NEW    cov: 121 ft: 450 corp: 47/7654b lim: 333 exec/s: 0 rss: 29Mb L: 8/333 MS: 4 ChangeByte-ChangeByte-ChangeByte-CrossOver-
#663	NEW    cov: 121 ft: 456 corp: 48/7662b lim: 333 exec/s: 0 rss: 29Mb L: 8/333 MS: 1 ChangeBinInt-
#670	NEW    cov: 121 ft: 458 corp: 49/7674b lim: 333 exec/s: 0 rss: 29Mb L: 12/333 MS: 2 ChangeByte-PersAutoDict- DE: "\237_\325^\203V\000\000"-
#676	NEW    cov: 122 ft: 459 corp: 50/7681b lim: 333 exec/s: 0 rss: 29Mb L: 7/333 MS: 1 EraseBytes-
#699	REDUCE cov: 122 ft: 459 corp: 50/7664b lim: 333 exec/s: 0 rss: 29Mb L: 235/333 MS: 3 CrossOver-PersAutoDict-EraseBytes- DE: "\000\000\000 "-
#754	NEW    cov: 122 ft: 460 corp: 51/7968b lim: 333 exec/s: 0 rss: 29Mb L: 304/333 MS: 5 ChangeASCIIInt-ChangeBit-InsertRepeatedBytes-ChangeBit-InsertByte-
#756	REDUCE cov: 122 ft: 460 corp: 51/7967b lim: 333 exec/s: 0 rss: 29Mb L: 42/333 MS: 2 ShuffleBytes-EraseBytes-
#757	REDUCE cov: 122 ft: 460 corp: 51/7911b lim: 333 exec/s: 0 rss: 29Mb L: 162/333 MS: 1 EraseBytes-
#769	REDUCE cov: 122 ft: 460 corp: 51/7904b lim: 333 exec/s: 0 rss: 29Mb L: 33/333 MS: 2 EraseBytes-InsertByte-
#789	NEW    cov: 122 ft: 468 corp: 52/7921b lim: 333 exec/s: 0 rss: 29Mb L: 17/333 MS: 5 ChangeBit-InsertByte-ChangeBinInt-PersAutoDict-PersAutoDict- DE: "edts"-"edts"-
#791	REDUCE cov: 122 ft: 468 corp: 52/7919b lim: 333 exec/s: 0 rss: 29Mb L: 281/333 MS: 2 ShuffleBytes-EraseBytes-
#847	REDUCE cov: 122 ft: 468 corp: 52/7918b lim: 333 exec/s: 0 rss: 29Mb L: 11/333 MS: 1 EraseBytes-
#1057	NEW    cov: 122 ft: 475 corp: 53/8080b lim: 333 exec/s: 0 rss: 29Mb L: 162/333 MS: 5 CrossOver-ChangeByte-ChangeByte-CrossOver-CMP- DE: "\010\000"-
#1099	REDUCE cov: 122 ft: 475 corp: 53/8079b lim: 333 exec/s: 0 rss: 29Mb L: 6/333 MS: 2 ShuffleBytes-EraseBytes-
#1107	REDUCE cov: 122 ft: 475 corp: 53/8056b lim: 333 exec/s: 0 rss: 29Mb L: 62/333 MS: 3 ChangeBit-EraseBytes-PersAutoDict- DE: "\001\000V\203^\325:\031"-
#1144	NEW    cov: 123 ft: 476 corp: 54/8384b lim: 333 exec/s: 0 rss: 29Mb L: 328/333 MS: 2 ChangeByte-InsertRepeatedBytes-
#1155	REDUCE cov: 123 ft: 476 corp: 54/8382b lim: 333 exec/s: 0 rss: 29Mb L: 4/333 MS: 1 EraseBytes-
#1305	REDUCE cov: 123 ft: 476 corp: 54/8365b lim: 333 exec/s: 0 rss: 29Mb L: 218/333 MS: 5 CMP-ChangeBit-InsertRepeatedBytes-CopyPart-CrossOver- DE: "St13runtime_"-
#1390	NEW    cov: 123 ft: 482 corp: 55/8697b lim: 333 exec/s: 0 rss: 29Mb L: 332/333 MS: 5 ShuffleBytes-EraseBytes-ChangeBit-CrossOver-CrossOver-
#1396	REDUCE cov: 123 ft: 482 corp: 55/8693b lim: 333 exec/s: 0 rss: 29Mb L: 225/333 MS: 1 EraseBytes-
#1453	REDUCE cov: 123 ft: 483 corp: 56/8963b lim: 333 exec/s: 0 rss: 29Mb L: 270/333 MS: 2 InsertByte-CrossOver-
#1465	REDUCE cov: 123 ft: 483 corp: 56/8919b lim: 333 exec/s: 0 rss: 29Mb L: 123/333 MS: 2 PersAutoDict-EraseBytes- DE: "edts"-
#1472	REDUCE cov: 123 ft: 483 corp: 56/8860b lim: 333 exec/s: 0 rss: 29Mb L: 73/333 MS: 2 CMP-EraseBytes- DE: "hvcC"-
#1554	REDUCE cov: 123 ft: 484 corp: 57/9147b lim: 333 exec/s: 0 rss: 29Mb L: 287/333 MS: 2 PersAutoDict-CMP- DE: "\010\000"-"urn "-
#1601	REDUCE cov: 123 ft: 484 corp: 57/9113b lim: 333 exec/s: 0 rss: 29Mb L: 191/333 MS: 2 EraseBytes-InsertRepeatedBytes-
#1616	NEW    cov: 124 ft: 485 corp: 58/9432b lim: 333 exec/s: 0 rss: 29Mb L: 319/333 MS: 5 ChangeByte-ShuffleBytes-CopyPart-ChangeBit-ChangeBit-
#1622	REDUCE cov: 124 ft: 485 corp: 58/9425b lim: 333 exec/s: 0 rss: 29Mb L: 42/333 MS: 1 CrossOver-
#1624	REDUCE cov: 124 ft: 485 corp: 58/9409b lim: 333 exec/s: 0 rss: 29Mb L: 107/333 MS: 2 CrossOver-EraseBytes-
#1641	NEW    cov: 124 ft: 486 corp: 59/9741b lim: 333 exec/s: 0 rss: 29Mb L: 332/333 MS: 2 InsertRepeatedBytes-InsertRepeatedBytes-
#1692	NEW    cov: 124 ft: 487 corp: 60/9761b lim: 333 exec/s: 0 rss: 29Mb L: 20/333 MS: 1 CrossOver-
#1718	REDUCE cov: 124 ft: 487 corp: 60/9760b lim: 333 exec/s: 0 rss: 29Mb L: 11/333 MS: 1 EraseBytes-
#1750	REDUCE cov: 124 ft: 487 corp: 60/9732b lim: 333 exec/s: 0 rss: 29Mb L: 79/333 MS: 2 PersAutoDict-EraseBytes- DE: "\237_\325^\203V\000\000"-
#1753	REDUCE cov: 124 ft: 487 corp: 60/9729b lim: 333 exec/s: 0 rss: 29Mb L: 300/333 MS: 3 InsertRepeatedBytes-ChangeBinInt-EraseBytes-
#1934	NEW    cov: 124 ft: 493 corp: 61/9818b lim: 333 exec/s: 0 rss: 29Mb L: 89/333 MS: 1 EraseBytes-
#2006	REDUCE cov: 124 ft: 493 corp: 61/9803b lim: 333 exec/s: 0 rss: 29Mb L: 74/333 MS: 2 InsertByte-EraseBytes-
#2015	REDUCE cov: 124 ft: 493 corp: 61/9751b lim: 333 exec/s: 0 rss: 29Mb L: 65/333 MS: 4 ShuffleBytes-ChangeBit-ChangeBit-EraseBytes-
#2016	REDUCE cov: 124 ft: 493 corp: 61/9733b lim: 333 exec/s: 0 rss: 29Mb L: 315/333 MS: 1 EraseBytes-
#2120	REDUCE cov: 124 ft: 493 corp: 61/9712b lim: 333 exec/s: 0 rss: 29Mb L: 21/333 MS: 4 ChangeByte-ChangeBinInt-ChangeByte-EraseBytes-
#2193	REDUCE cov: 124 ft: 499 corp: 62/10018b lim: 333 exec/s: 0 rss: 29Mb L: 306/333 MS: 3 InsertRepeatedBytes-ShuffleBytes-InsertRepeatedBytes-
#2389	REDUCE cov: 124 ft: 503 corp: 63/10333b lim: 333 exec/s: 0 rss: 29Mb L: 315/333 MS: 1 ChangeBinInt-
#2670	NEW    cov: 124 ft: 504 corp: 64/10666b lim: 333 exec/s: 0 rss: 29Mb L: 333/333 MS: 1 CopyPart-
#2890	NEW    cov: 124 ft: 505 corp: 65/10999b lim: 333 exec/s: 0 rss: 29Mb L: 333/333 MS: 5 ChangeByte-ChangeBit-CopyPart-ChangeBit-CopyPart-
#2919	REDUCE cov: 124 ft: 505 corp: 65/10992b lim: 333 exec/s: 0 rss: 29Mb L: 312/333 MS: 4 EraseBytes-ChangeBinInt-InsertRepeatedBytes-InsertByte-
#2981	REDUCE cov: 124 ft: 505 corp: 65/10932b lim: 333 exec/s: 0 rss: 29Mb L: 272/333 MS: 2 ChangeByte-EraseBytes-
#3049	NEW    cov: 124 ft: 506 corp: 66/11199b lim: 333 exec/s: 0 rss: 29Mb L: 267/333 MS: 3 CMP-InsertRepeatedBytes-EraseBytes- DE: "\301\237\327^\203V\000\000"-
#3225	REDUCE cov: 124 ft: 506 corp: 66/11197b lim: 333 exec/s: 0 rss: 29Mb L: 9/333 MS: 1 EraseBytes-
#3228	REDUCE cov: 124 ft: 506 corp: 66/11109b lim: 333 exec/s: 0 rss: 29Mb L: 215/333 MS: 3 CopyPart-InsertByte-EraseBytes-
#3392	REDUCE cov: 124 ft: 506 corp: 66/11096b lim: 333 exec/s: 0 rss: 29Mb L: 29/333 MS: 4 ChangeByte-CMP-CMP-EraseBytes- DE: "St13runtime_"-"\017\000\000\000"-
#3666	REDUCE cov: 124 ft: 506 corp: 66/11057b lim: 333 exec/s: 0 rss: 29Mb L: 235/333 MS: 4 ChangeByte-ShuffleBytes-PersAutoDict-EraseBytes- DE: "\001\000V\203^\325:\031"-
#3715	REDUCE cov: 124 ft: 506 corp: 66/11001b lim: 333 exec/s: 0 rss: 29Mb L: 277/333 MS: 4 CopyPart-ShuffleBytes-ChangeBinInt-EraseBytes-
#3746	REDUCE cov: 124 ft: 506 corp: 66/10997b lim: 333 exec/s: 0 rss: 29Mb L: 58/333 MS: 1 CrossOver-
#3805	REDUCE cov: 124 ft: 506 corp: 66/10957b lim: 333 exec/s: 0 rss: 29Mb L: 122/333 MS: 4 InsertByte-CrossOver-CMP-EraseBytes- DE: "\272\237\327^\203V\000\000"-
#3956	REDUCE cov: 124 ft: 506 corp: 66/10953b lim: 333 exec/s: 0 rss: 29Mb L: 23/333 MS: 1 EraseBytes-
#4042	REDUCE cov: 124 ft: 506 corp: 66/10947b lim: 333 exec/s: 0 rss: 29Mb L: 25/333 MS: 1 EraseBytes-
#4189	REDUCE cov: 124 ft: 506 corp: 66/10919b lim: 333 exec/s: 0 rss: 29Mb L: 133/333 MS: 2 ChangeByte-EraseBytes-
#4269	REDUCE cov: 124 ft: 506 corp: 66/10918b lim: 333 exec/s: 0 rss: 29Mb L: 22/333 MS: 5 CopyPart-InsertByte-InsertByte-ChangeBinInt-EraseBytes-
#4411	REDUCE cov: 124 ft: 506 corp: 66/10917b lim: 333 exec/s: 0 rss: 29Mb L: 3/333 MS: 2 ChangeBit-EraseBytes-
#4487	REDUCE cov: 124 ft: 506 corp: 66/10895b lim: 333 exec/s: 0 rss: 29Mb L: 100/333 MS: 1 EraseBytes-
#4665	REDUCE cov: 124 ft: 506 corp: 66/10839b lim: 333 exec/s: 0 rss: 29Mb L: 97/333 MS: 3 CMP-CMP-EraseBytes- DE: "infe"-"\000\000\000\000\000\000\000\030"-
#4731	REDUCE cov: 124 ft: 506 corp: 66/10838b lim: 333 exec/s: 0 rss: 29Mb L: 21/333 MS: 1 EraseBytes-
#5100	REDUCE cov: 124 ft: 506 corp: 66/10800b lim: 333 exec/s: 0 rss: 29Mb L: 294/333 MS: 4 CMP-CopyPart-EraseBytes-InsertRepeatedBytes- DE: "\323\341.\253\225\310\332\254"-
#5156	REDUCE cov: 124 ft: 506 corp: 66/10782b lim: 333 exec/s: 0 rss: 29Mb L: 294/333 MS: 1 EraseBytes-
#5287	REDUCE cov: 124 ft: 506 corp: 66/10766b lim: 333 exec/s: 0 rss: 29Mb L: 278/333 MS: 1 EraseBytes-
#5308	REDUCE cov: 124 ft: 506 corp: 66/10758b lim: 333 exec/s: 0 rss: 29Mb L: 48/333 MS: 1 EraseBytes-
#5541	REDUCE cov: 124 ft: 506 corp: 66/10700b lim: 333 exec/s: 0 rss: 29Mb L: 181/333 MS: 3 ChangeByte-EraseBytes-InsertByte-
#5654	REDUCE cov: 124 ft: 506 corp: 66/10699b lim: 333 exec/s: 0 rss: 29Mb L: 2/333 MS: 3 ChangeBit-ShuffleBytes-EraseBytes-
#5655	NEW    cov: 124 ft: 514 corp: 67/11031b lim: 333 exec/s: 0 rss: 29Mb L: 332/333 MS: 1 ShuffleBytes-
#5694	REDUCE cov: 124 ft: 514 corp: 67/11028b lim: 333 exec/s: 0 rss: 29Mb L: 303/333 MS: 4 ChangeByte-ChangeByte-InsertByte-EraseBytes-
#5995	REDUCE cov: 124 ft: 514 corp: 67/10916b lim: 333 exec/s: 0 rss: 29Mb L: 220/333 MS: 1 EraseBytes-
#6204	REDUCE cov: 124 ft: 514 corp: 67/10912b lim: 333 exec/s: 6204 rss: 29Mb L: 25/333 MS: 2 ShuffleBytes-EraseBytes-
#6402	REDUCE cov: 124 ft: 514 corp: 67/10908b lim: 333 exec/s: 6402 rss: 29Mb L: 45/333 MS: 3 ChangeBinInt-EraseBytes-CrossOver-
#6409	REDUCE cov: 124 ft: 514 corp: 67/10906b lim: 333 exec/s: 6409 rss: 29Mb L: 43/333 MS: 2 ChangeBinInt-EraseBytes-
#6770	REDUCE cov: 124 ft: 514 corp: 67/10882b lim: 333 exec/s: 6770 rss: 29Mb L: 24/333 MS: 1 EraseBytes-
#6816	REDUCE cov: 124 ft: 514 corp: 67/10881b lim: 333 exec/s: 6816 rss: 29Mb L: 1/333 MS: 1 EraseBytes-
#6932	REDUCE cov: 124 ft: 514 corp: 67/10858b lim: 333 exec/s: 6932 rss: 29Mb L: 56/333 MS: 1 EraseBytes-
#7221	REDUCE cov: 124 ft: 514 corp: 67/10844b lim: 333 exec/s: 7221 rss: 29Mb L: 286/333 MS: 4 CrossOver-ChangeASCIIInt-ChangeByte-EraseBytes-
#7437	REDUCE cov: 124 ft: 514 corp: 67/10843b lim: 333 exec/s: 7437 rss: 29Mb L: 67/333 MS: 1 EraseBytes-
#7460	REDUCE cov: 124 ft: 514 corp: 67/10736b lim: 333 exec/s: 7460 rss: 29Mb L: 157/333 MS: 3 ChangeASCIIInt-InsertByte-EraseBytes-
#7784	REDUCE cov: 124 ft: 514 corp: 67/10735b lim: 333 exec/s: 7784 rss: 29Mb L: 19/333 MS: 4 ChangeByte-ChangeByte-ChangeBit-EraseBytes-
#7800	REDUCE cov: 124 ft: 514 corp: 67/10731b lim: 333 exec/s: 7800 rss: 29Mb L: 17/333 MS: 1 EraseBytes-
#7861	NEW    cov: 124 ft: 520 corp: 68/11063b lim: 333 exec/s: 7861 rss: 29Mb L: 332/333 MS: 1 ChangeBit-
#7988	REDUCE cov: 124 ft: 520 corp: 68/11058b lim: 333 exec/s: 7988 rss: 29Mb L: 210/333 MS: 2 PersAutoDict-EraseBytes- DE: "\323\341.\253\225\310\332\254"-
#8168	REDUCE cov: 124 ft: 520 corp: 68/11057b lim: 333 exec/s: 8168 rss: 29Mb L: 18/333 MS: 5 ChangeByte-ChangeByte-ShuffleBytes-ChangeBinInt-EraseBytes-
#8202	REDUCE cov: 124 ft: 520 corp: 68/11011b lim: 333 exec/s: 8202 rss: 29Mb L: 226/333 MS: 4 ChangeBinInt-ShuffleBytes-ChangeBinInt-EraseBytes-
#8292	REDUCE cov: 124 ft: 520 corp: 68/10955b lim: 333 exec/s: 8292 rss: 29Mb L: 41/333 MS: 5 PersAutoDict-ShuffleBytes-ChangeBit-EraseBytes-EraseBytes- DE: "St13runtime_"-
#8757	REDUCE cov: 124 ft: 520 corp: 68/10868b lim: 333 exec/s: 8757 rss: 29Mb L: 245/333 MS: 5 ShuffleBytes-ChangeBit-ChangeBit-InsertByte-EraseBytes-
#9837	REDUCE cov: 124 ft: 520 corp: 68/10863b lim: 341 exec/s: 9837 rss: 30Mb L: 16/333 MS: 5 ChangeByte-InsertByte-ChangeByte-ShuffleBytes-EraseBytes-
#9859	REDUCE cov: 124 ft: 520 corp: 68/10848b lim: 341 exec/s: 9859 rss: 30Mb L: 85/333 MS: 2 ShuffleBytes-EraseBytes-
#10435	REDUCE cov: 124 ft: 520 corp: 68/10840b lim: 341 exec/s: 10435 rss: 30Mb L: 183/333 MS: 1 EraseBytes-
#10844	REDUCE cov: 124 ft: 520 corp: 68/10838b lim: 341 exec/s: 10844 rss: 30Mb L: 16/333 MS: 4 PersAutoDict-ChangeByte-InsertByte-EraseBytes- DE: "edts"-
#10912	REDUCE cov: 124 ft: 520 corp: 68/10837b lim: 341 exec/s: 10912 rss: 30Mb L: 302/333 MS: 3 PersAutoDict-ChangeBinInt-EraseBytes- DE: "\000\000\000\000\000\000\000\030"-
#10914	REDUCE cov: 124 ft: 520 corp: 68/10809b lim: 341 exec/s: 10914 rss: 30Mb L: 291/333 MS: 2 EraseBytes-InsertByte-
#11000	REDUCE cov: 124 ft: 520 corp: 68/10808b lim: 341 exec/s: 11000 rss: 30Mb L: 40/333 MS: 1 EraseBytes-
#11226	REDUCE cov: 124 ft: 521 corp: 69/11128b lim: 341 exec/s: 11226 rss: 30Mb L: 320/333 MS: 1 InsertRepeatedBytes-
#11460	REDUCE cov: 124 ft: 521 corp: 69/11126b lim: 341 exec/s: 11460 rss: 30Mb L: 63/333 MS: 4 ChangeBit-CrossOver-CrossOver-EraseBytes-
#11762	REDUCE cov: 124 ft: 521 corp: 69/11123b lim: 341 exec/s: 11762 rss: 30Mb L: 13/333 MS: 2 InsertByte-EraseBytes-
#11775	REDUCE cov: 124 ft: 526 corp: 70/11401b lim: 341 exec/s: 11775 rss: 30Mb L: 278/333 MS: 3 ShuffleBytes-CrossOver-InsertRepeatedBytes-
#11857	REDUCE cov: 124 ft: 526 corp: 70/11391b lim: 341 exec/s: 11857 rss: 30Mb L: 64/333 MS: 2 ChangeASCIIInt-EraseBytes-
#11973	REDUCE cov: 124 ft: 526 corp: 70/11367b lim: 341 exec/s: 11973 rss: 30Mb L: 267/333 MS: 1 EraseBytes-
#12000	REDUCE cov: 124 ft: 526 corp: 70/11326b lim: 341 exec/s: 12000 rss: 30Mb L: 121/333 MS: 2 ChangeBit-EraseBytes-
#12011	REDUCE cov: 124 ft: 526 corp: 70/11293b lim: 341 exec/s: 12011 rss: 30Mb L: 212/333 MS: 1 EraseBytes-
#12247	REDUCE cov: 124 ft: 526 corp: 70/11292b lim: 341 exec/s: 12247 rss: 30Mb L: 42/333 MS: 1 EraseBytes-
#12292	NEW    cov: 124 ft: 527 corp: 71/11628b lim: 341 exec/s: 12292 rss: 30Mb L: 336/336 MS: 5 ShuffleBytes-PersAutoDict-ChangeBinInt-CopyPart-CMP- DE: "\000\000\000 "-"N7ISOBMFF12Cont"-
#12326	REDUCE cov: 124 ft: 527 corp: 71/11627b lim: 341 exec/s: 12326 rss: 30Mb L: 10/336 MS: 4 EraseBytes-ShuffleBytes-CopyPart-CMP- DE: "\017\000\000\000"-
#12384	REDUCE cov: 124 ft: 527 corp: 71/11604b lim: 341 exec/s: 12384 rss: 30Mb L: 62/336 MS: 3 PersAutoDict-ChangeASCIIInt-EraseBytes- DE: "\010\000"-
#12544	REDUCE cov: 124 ft: 527 corp: 71/11588b lim: 341 exec/s: 6272 rss: 30Mb L: 317/336 MS: 4 ChangeBinInt-ChangeByte-ChangeBit-EraseBytes-
#12700	REDUCE cov: 124 ft: 527 corp: 71/11553b lim: 341 exec/s: 6350 rss: 30Mb L: 297/336 MS: 1 CrossOver-
#12873	REDUCE cov: 124 ft: 527 corp: 71/11549b lim: 341 exec/s: 6436 rss: 30Mb L: 9/336 MS: 3 PersAutoDict-ShuffleBytes-EraseBytes- DE: "\010\000"-
#13241	REDUCE cov: 124 ft: 527 corp: 71/11525b lim: 341 exec/s: 6620 rss: 30Mb L: 211/336 MS: 3 ChangeBinInt-CopyPart-EraseBytes-
#13343	NEW    cov: 124 ft: 528 corp: 72/11827b lim: 341 exec/s: 6671 rss: 30Mb L: 302/336 MS: 2 ShuffleBytes-InsertRepeatedBytes-
#13692	REDUCE cov: 124 ft: 528 corp: 72/11817b lim: 341 exec/s: 6846 rss: 30Mb L: 123/336 MS: 4 ChangeByte-ShuffleBytes-ChangeByte-EraseBytes-
#14598	REDUCE cov: 124 ft: 528 corp: 72/11816b lim: 349 exec/s: 7299 rss: 30Mb L: 16/336 MS: 1 EraseBytes-
#14651	REDUCE cov: 124 ft: 528 corp: 72/11805b lim: 349 exec/s: 7325 rss: 30Mb L: 256/336 MS: 3 CMP-CopyPart-EraseBytes- DE: "b\001\000\000\000\000\000\000"-
#14958	REDUCE cov: 124 ft: 528 corp: 72/11766b lim: 349 exec/s: 7479 rss: 30Mb L: 153/336 MS: 2 ChangeBit-EraseBytes-
==373542== ERROR: libFuzzer: out-of-memory (used: 2473Mb; limit: 1024Mb)
   To change the out-of-memory limit use -rss_limit_mb=<N>

MS: 3 ChangeBit-InsertRepeatedBytes-InsertRepeatedBytes-; base unit: a2387aa0fd685e6feedfcce3d6ba49fcd59b3597
artifact_prefix='/results/crashes/20260313_161927_c16b38e8_'; Test unit written to /results/crashes/20260313_161927_c16b38e8_oom-3230d66b01fe1e5b801fc821413d49e4b70301d9
SUMMARY: libFuzzer: out-of-memory
stat::number_of_executed_units: 14981
stat::average_exec_per_sec:     3745
stat::new_units_added:          159
stat::slowest_unit_time_sec:    0
stat::peak_rss_mb:              2474
