INFO: Running with entropic power schedule (0xFF, 100).
INFO: Seed: 4089540927
INFO: Loaded 1 modules   (252 inline 8-bit counters): 252 [0x5dbcb2e90678, 0x5dbcb2e90774), 
INFO: Loaded 1 PC tables (252 PCs): 252 [0x5dbcb2e90778,0x5dbcb2e91738), 
INFO:        4 files found in /tmp/corpus_20260313_144915_6cbefdc8
INFO: seed corpus: files: 4 min: 48b max: 333b total: 853b rss: 28Mb
#5	INITED cov: 119 ft: 252 corp: 4/853b exec/s: 0 rss: 29Mb
#6	NEW    cov: 119 ft: 254 corp: 5/1074b lim: 333 exec/s: 0 rss: 29Mb L: 221/333 MS: 1 InsertByte-
#9	NEW    cov: 119 ft: 265 corp: 6/1219b lim: 333 exec/s: 0 rss: 29Mb L: 145/333 MS: 3 ChangeBit-ChangeASCIIInt-InsertRepeatedBytes-
#10	NEW    cov: 119 ft: 266 corp: 7/1472b lim: 333 exec/s: 0 rss: 29Mb L: 253/333 MS: 1 InsertByte-
#11	NEW    cov: 119 ft: 297 corp: 8/1585b lim: 333 exec/s: 0 rss: 29Mb L: 113/333 MS: 1 EraseBytes-
#13	NEW    cov: 119 ft: 298 corp: 9/1738b lim: 333 exec/s: 0 rss: 29Mb L: 153/333 MS: 2 ChangeBit-CMP- DE: "\200\377\377\377\377\377\377\377"-
#14	NEW    cov: 119 ft: 303 corp: 10/1932b lim: 333 exec/s: 0 rss: 29Mb L: 194/333 MS: 1 InsertRepeatedBytes-
#15	NEW    cov: 119 ft: 307 corp: 11/2088b lim: 333 exec/s: 0 rss: 29Mb L: 156/333 MS: 1 CrossOver-
#17	NEW    cov: 120 ft: 308 corp: 12/2360b lim: 333 exec/s: 0 rss: 29Mb L: 272/333 MS: 2 CrossOver-CrossOver-
#19	NEW    cov: 120 ft: 346 corp: 13/2386b lim: 333 exec/s: 0 rss: 29Mb L: 26/333 MS: 2 CopyPart-EraseBytes-
#22	NEW    cov: 120 ft: 347 corp: 14/2719b lim: 333 exec/s: 0 rss: 29Mb L: 333/333 MS: 3 ChangeBinInt-ChangeByte-CopyPart-
#24	NEW    cov: 120 ft: 357 corp: 15/2954b lim: 333 exec/s: 0 rss: 29Mb L: 235/333 MS: 2 ChangeByte-InsertRepeatedBytes-
#25	NEW    cov: 121 ft: 362 corp: 16/3251b lim: 333 exec/s: 0 rss: 29Mb L: 297/333 MS: 1 CrossOver-
#27	NEW    cov: 121 ft: 363 corp: 17/3471b lim: 333 exec/s: 0 rss: 29Mb L: 220/333 MS: 2 ChangeBinInt-EraseBytes-
#35	NEW    cov: 121 ft: 364 corp: 18/3593b lim: 333 exec/s: 0 rss: 29Mb L: 122/333 MS: 3 ChangeBit-CopyPart-EraseBytes-
#40	NEW    cov: 122 ft: 366 corp: 19/3895b lim: 333 exec/s: 0 rss: 29Mb L: 302/333 MS: 5 ChangeBinInt-EraseBytes-ShuffleBytes-CrossOver-ChangeBit-
#44	NEW    cov: 122 ft: 367 corp: 20/4224b lim: 333 exec/s: 0 rss: 29Mb L: 329/333 MS: 4 CrossOver-InsertByte-CrossOver-CrossOver-
#45	REDUCE cov: 122 ft: 367 corp: 20/4202b lim: 333 exec/s: 0 rss: 29Mb L: 198/333 MS: 1 EraseBytes-
#46	NEW    cov: 122 ft: 368 corp: 21/4455b lim: 333 exec/s: 0 rss: 29Mb L: 253/333 MS: 1 InsertByte-
#52	NEW    cov: 122 ft: 374 corp: 22/4538b lim: 333 exec/s: 0 rss: 29Mb L: 83/333 MS: 1 EraseBytes-
#69	NEW    cov: 122 ft: 375 corp: 23/4732b lim: 333 exec/s: 0 rss: 29Mb L: 194/333 MS: 2 CrossOver-CrossOver-
#71	REDUCE cov: 122 ft: 375 corp: 23/4727b lim: 333 exec/s: 0 rss: 29Mb L: 324/333 MS: 2 CMP-EraseBytes- DE: "\003\000\000\000\000\000\000\000"-
#81	NEW    cov: 123 ft: 376 corp: 24/4978b lim: 333 exec/s: 0 rss: 29Mb L: 251/333 MS: 5 CopyPart-ShuffleBytes-CMP-ChangeBinInt-EraseBytes- DE: "\000 "-
#82	NEW    cov: 123 ft: 377 corp: 25/5192b lim: 333 exec/s: 0 rss: 29Mb L: 214/333 MS: 1 EraseBytes-
#99	NEW    cov: 123 ft: 378 corp: 26/5291b lim: 333 exec/s: 0 rss: 29Mb L: 99/333 MS: 2 ChangeASCIIInt-EraseBytes-
#112	NEW    cov: 123 ft: 389 corp: 27/5311b lim: 333 exec/s: 0 rss: 29Mb L: 20/333 MS: 3 PersAutoDict-CMP-CrossOver- DE: "\200\377\377\377\377\377\377\377"-",\251y\344\274]\000\000"-
#120	NEW    cov: 123 ft: 392 corp: 28/5589b lim: 333 exec/s: 0 rss: 29Mb L: 278/333 MS: 3 InsertRepeatedBytes-PersAutoDict-CopyPart- DE: "\200\377\377\377\377\377\377\377"-
#130	NEW    cov: 123 ft: 398 corp: 29/5828b lim: 333 exec/s: 0 rss: 29Mb L: 239/333 MS: 5 ChangeByte-ChangeBit-ShuffleBytes-PersAutoDict-CMP- DE: "\003\000\000\000\000\000\000\000"-"\001\000\000 "-
#132	NEW    cov: 123 ft: 401 corp: 30/5985b lim: 333 exec/s: 0 rss: 29Mb L: 157/333 MS: 2 ChangeBit-InsertByte-
#133	REDUCE cov: 123 ft: 402 corp: 31/6317b lim: 333 exec/s: 0 rss: 29Mb L: 332/333 MS: 1 CopyPart-
#134	NEW    cov: 123 ft: 409 corp: 32/6366b lim: 333 exec/s: 0 rss: 29Mb L: 49/333 MS: 1 InsertByte-
#136	REDUCE cov: 123 ft: 410 corp: 33/6571b lim: 333 exec/s: 0 rss: 29Mb L: 205/333 MS: 2 PersAutoDict-EraseBytes- DE: ",\251y\344\274]\000\000"-
#137	NEW    cov: 123 ft: 415 corp: 34/6876b lim: 333 exec/s: 0 rss: 29Mb L: 305/333 MS: 1 CopyPart-
#139	NEW    cov: 123 ft: 416 corp: 35/6976b lim: 333 exec/s: 0 rss: 29Mb L: 100/333 MS: 2 ChangeBit-CrossOver-
#166	REDUCE cov: 123 ft: 416 corp: 35/6922b lim: 333 exec/s: 0 rss: 29Mb L: 218/333 MS: 2 InsertRepeatedBytes-EraseBytes-
#171	NEW    cov: 123 ft: 417 corp: 36/7244b lim: 333 exec/s: 0 rss: 29Mb L: 322/333 MS: 5 ChangeByte-InsertByte-CMP-ChangeBit-CrossOver- DE: "\377\377\377\000\000\000\000\001"-
#180	NEW    cov: 123 ft: 418 corp: 37/7286b lim: 333 exec/s: 0 rss: 29Mb L: 42/333 MS: 4 CMP-ChangeBinInt-ChangeByte-CMP- DE: "pixi"-"St9exception"-
#197	NEW    cov: 123 ft: 419 corp: 38/7387b lim: 333 exec/s: 0 rss: 29Mb L: 101/333 MS: 2 ChangeASCIIInt-InsertByte-
#211	REDUCE cov: 123 ft: 419 corp: 38/7380b lim: 333 exec/s: 0 rss: 29Mb L: 298/333 MS: 4 CrossOver-InsertByte-EraseBytes-EraseBytes-
#234	NEW    cov: 123 ft: 420 corp: 39/7431b lim: 333 exec/s: 0 rss: 29Mb L: 51/333 MS: 3 ChangeBinInt-InsertByte-InsertByte-
#257	NEW    cov: 123 ft: 425 corp: 40/7457b lim: 333 exec/s: 0 rss: 29Mb L: 26/333 MS: 3 CMP-CrossOver-CopyPart- DE: "N7ISOBMFF4FTYPE"-
#261	NEW    cov: 123 ft: 437 corp: 41/7470b lim: 333 exec/s: 0 rss: 29Mb L: 13/333 MS: 4 CMP-ChangeBinInt-ChangeByte-EraseBytes- DE: "edts"-
#344	NEW    cov: 123 ft: 438 corp: 42/7524b lim: 333 exec/s: 0 rss: 29Mb L: 54/333 MS: 3 ChangeByte-ShuffleBytes-PersAutoDict- DE: "St9exception"-
#396	NEW    cov: 123 ft: 439 corp: 43/7564b lim: 333 exec/s: 0 rss: 29Mb L: 40/333 MS: 2 InsertByte-EraseBytes-
#403	NEW    cov: 124 ft: 440 corp: 44/7567b lim: 333 exec/s: 0 rss: 29Mb L: 3/333 MS: 2 InsertByte-CrossOver-
#423	NEW    cov: 124 ft: 441 corp: 45/7899b lim: 333 exec/s: 0 rss: 29Mb L: 332/333 MS: 5 CopyPart-InsertRepeatedBytes-ShuffleBytes-ChangeASCIIInt-CopyPart-
#459	NEW    cov: 124 ft: 449 corp: 46/7922b lim: 333 exec/s: 0 rss: 29Mb L: 23/333 MS: 1 EraseBytes-
#466	REDUCE cov: 124 ft: 449 corp: 46/7921b lim: 333 exec/s: 0 rss: 29Mb L: 12/333 MS: 2 ShuffleBytes-EraseBytes-
#477	REDUCE cov: 124 ft: 449 corp: 46/7897b lim: 333 exec/s: 0 rss: 29Mb L: 170/333 MS: 1 EraseBytes-
#485	REDUCE cov: 124 ft: 449 corp: 46/7884b lim: 333 exec/s: 0 rss: 29Mb L: 185/333 MS: 3 EraseBytes-PersAutoDict-InsertRepeatedBytes- DE: "\200\377\377\377\377\377\377\377"-
#522	NEW    cov: 124 ft: 450 corp: 47/8158b lim: 333 exec/s: 0 rss: 29Mb L: 274/333 MS: 2 InsertRepeatedBytes-CopyPart-
#533	NEW    cov: 124 ft: 451 corp: 48/8456b lim: 333 exec/s: 0 rss: 29Mb L: 298/333 MS: 1 CrossOver-
#660	REDUCE cov: 124 ft: 451 corp: 48/8447b lim: 333 exec/s: 0 rss: 29Mb L: 17/333 MS: 2 ShuffleBytes-EraseBytes-
#681	NEW    cov: 124 ft: 459 corp: 49/8667b lim: 333 exec/s: 0 rss: 29Mb L: 220/333 MS: 1 CopyPart-
#730	NEW    cov: 124 ft: 466 corp: 50/8802b lim: 333 exec/s: 0 rss: 29Mb L: 135/333 MS: 4 CrossOver-ChangeASCIIInt-CMP-PersAutoDict- DE: "\377\016"-"\377\377\377\000\000\000\000\001"-
#771	REDUCE cov: 124 ft: 467 corp: 51/8987b lim: 333 exec/s: 0 rss: 29Mb L: 185/333 MS: 1 ChangeBinInt-
#777	NEW    cov: 124 ft: 468 corp: 52/9133b lim: 333 exec/s: 0 rss: 29Mb L: 146/333 MS: 1 EraseBytes-
#779	NEW    cov: 124 ft: 476 corp: 53/9353b lim: 333 exec/s: 0 rss: 29Mb L: 220/333 MS: 2 ChangeBit-ChangeByte-
#821	REDUCE cov: 124 ft: 476 corp: 53/9325b lim: 333 exec/s: 0 rss: 29Mb L: 192/333 MS: 2 CMP-EraseBytes- DE: "\375\000\000\000\000\000\000\000"-
#854	REDUCE cov: 124 ft: 476 corp: 53/9322b lim: 333 exec/s: 0 rss: 29Mb L: 51/333 MS: 3 ShuffleBytes-ChangeASCIIInt-EraseBytes-
#922	REDUCE cov: 124 ft: 476 corp: 53/9298b lim: 333 exec/s: 0 rss: 29Mb L: 190/333 MS: 3 CrossOver-EraseBytes-EraseBytes-
#968	REDUCE cov: 124 ft: 476 corp: 53/9253b lim: 333 exec/s: 0 rss: 29Mb L: 90/333 MS: 1 EraseBytes-
#1066	REDUCE cov: 124 ft: 476 corp: 53/9251b lim: 333 exec/s: 0 rss: 29Mb L: 38/333 MS: 3 ChangeASCIIInt-ChangeBinInt-EraseBytes-
#1128	REDUCE cov: 124 ft: 476 corp: 53/9250b lim: 333 exec/s: 0 rss: 29Mb L: 121/333 MS: 2 ShuffleBytes-EraseBytes-
#1189	REDUCE cov: 124 ft: 476 corp: 53/9245b lim: 333 exec/s: 0 rss: 29Mb L: 12/333 MS: 1 EraseBytes-
#1201	REDUCE cov: 124 ft: 476 corp: 53/9244b lim: 333 exec/s: 0 rss: 29Mb L: 2/333 MS: 2 InsertByte-EraseBytes-
#1221	REDUCE cov: 124 ft: 476 corp: 53/9237b lim: 333 exec/s: 0 rss: 29Mb L: 83/333 MS: 5 ChangeBit-ShuffleBytes-ChangeASCIIInt-ChangeBit-EraseBytes-
#1418	NEW    cov: 124 ft: 477 corp: 54/9411b lim: 333 exec/s: 0 rss: 29Mb L: 174/333 MS: 2 CrossOver-CMP- DE: "schm"-
#1421	REDUCE cov: 124 ft: 477 corp: 54/9387b lim: 333 exec/s: 0 rss: 29Mb L: 194/333 MS: 3 CMP-EraseBytes-CMP- DE: "6osi"-"\001\000\000\001\000\000\000\001"-
#1466	REDUCE cov: 124 ft: 477 corp: 54/9382b lim: 333 exec/s: 0 rss: 29Mb L: 33/333 MS: 5 ChangeBinInt-ChangeByte-EraseBytes-CMP-PersAutoDict- DE: "\000\000\000\000\000\000\000\035"-"St9exception"-
#1529	REDUCE cov: 124 ft: 477 corp: 54/9271b lim: 333 exec/s: 0 rss: 29Mb L: 222/333 MS: 3 EraseBytes-CrossOver-CrossOver-
#1556	NEW    cov: 124 ft: 483 corp: 55/9573b lim: 333 exec/s: 0 rss: 29Mb L: 302/333 MS: 2 InsertByte-InsertRepeatedBytes-
#1599	REDUCE cov: 124 ft: 483 corp: 55/9549b lim: 333 exec/s: 0 rss: 29Mb L: 27/333 MS: 3 CMP-ChangeBinInt-EraseBytes- DE: " \025z\344\274]\000\000"-
#1604	REDUCE cov: 124 ft: 483 corp: 55/9538b lim: 333 exec/s: 0 rss: 29Mb L: 72/333 MS: 5 ShuffleBytes-InsertRepeatedBytes-CMP-ShuffleBytes-EraseBytes- DE: "hdlr"-
#1685	REDUCE cov: 124 ft: 483 corp: 55/9537b lim: 333 exec/s: 0 rss: 29Mb L: 1/333 MS: 1 EraseBytes-
#1689	REDUCE cov: 124 ft: 483 corp: 55/9530b lim: 333 exec/s: 0 rss: 29Mb L: 317/333 MS: 4 PersAutoDict-ChangeByte-ChangeByte-CrossOver- DE: " \025z\344\274]\000\000"-
#1707	REDUCE cov: 124 ft: 484 corp: 56/9655b lim: 333 exec/s: 0 rss: 29Mb L: 125/333 MS: 3 CopyPart-ChangeByte-InsertRepeatedBytes-
#1714	REDUCE cov: 124 ft: 484 corp: 56/9639b lim: 333 exec/s: 0 rss: 29Mb L: 130/333 MS: 2 ChangeBit-EraseBytes-
#1796	REDUCE cov: 124 ft: 484 corp: 56/9610b lim: 333 exec/s: 0 rss: 29Mb L: 101/333 MS: 2 InsertByte-EraseBytes-
#1883	REDUCE cov: 124 ft: 484 corp: 56/9604b lim: 333 exec/s: 0 rss: 29Mb L: 292/333 MS: 2 EraseBytes-CopyPart-
#1965	REDUCE cov: 124 ft: 484 corp: 56/9601b lim: 333 exec/s: 0 rss: 29Mb L: 9/333 MS: 2 InsertByte-EraseBytes-
#1977	REDUCE cov: 124 ft: 484 corp: 56/9566b lim: 333 exec/s: 0 rss: 29Mb L: 217/333 MS: 2 ChangeByte-EraseBytes-
#1987	REDUCE cov: 124 ft: 484 corp: 56/9537b lim: 333 exec/s: 0 rss: 29Mb L: 156/333 MS: 5 PersAutoDict-InsertByte-ChangeBinInt-InsertRepeatedBytes-EraseBytes- DE: "\000 "-
#2001	REDUCE cov: 124 ft: 484 corp: 56/9526b lim: 333 exec/s: 0 rss: 29Mb L: 90/333 MS: 4 InsertByte-ChangeByte-CMP-EraseBytes- DE: "\022\000\000\000"-
#2007	REDUCE cov: 124 ft: 485 corp: 57/9534b lim: 333 exec/s: 0 rss: 29Mb L: 8/333 MS: 1 EraseBytes-
#2028	REDUCE cov: 124 ft: 485 corp: 57/9459b lim: 333 exec/s: 0 rss: 29Mb L: 119/333 MS: 1 EraseBytes-
#2086	REDUCE cov: 124 ft: 485 corp: 57/9396b lim: 333 exec/s: 0 rss: 29Mb L: 93/333 MS: 3 CrossOver-EraseBytes-InsertByte-
#2232	REDUCE cov: 124 ft: 485 corp: 57/9375b lim: 333 exec/s: 0 rss: 29Mb L: 80/333 MS: 1 EraseBytes-
#2265	REDUCE cov: 124 ft: 485 corp: 57/9328b lim: 333 exec/s: 0 rss: 29Mb L: 127/333 MS: 3 ChangeASCIIInt-InsertByte-EraseBytes-
#2331	REDUCE cov: 124 ft: 485 corp: 57/9319b lim: 333 exec/s: 0 rss: 29Mb L: 118/333 MS: 1 EraseBytes-
#2424	NEW    cov: 124 ft: 486 corp: 58/9334b lim: 333 exec/s: 0 rss: 29Mb L: 15/333 MS: 3 EraseBytes-ChangeBinInt-CrossOver-
#2503	REDUCE cov: 124 ft: 486 corp: 58/9332b lim: 333 exec/s: 0 rss: 29Mb L: 49/333 MS: 4 ChangeASCIIInt-EraseBytes-PersAutoDict-InsertByte- DE: "6osi"-
#2508	REDUCE cov: 124 ft: 486 corp: 58/9330b lim: 333 exec/s: 0 rss: 29Mb L: 97/333 MS: 5 PersAutoDict-PersAutoDict-PersAutoDict-EraseBytes-PersAutoDict- DE: "\377\016"-"edts"-"hdlr"-"\377\377\377\000\000\000\000\001"-
#2526	REDUCE cov: 124 ft: 486 corp: 58/9328b lim: 333 exec/s: 0 rss: 29Mb L: 215/333 MS: 3 InsertRepeatedBytes-CMP-EraseBytes- DE: "\021\000\000\000\000\000\000\000"-
#2571	REDUCE cov: 124 ft: 486 corp: 58/9326b lim: 333 exec/s: 0 rss: 29Mb L: 25/333 MS: 5 CopyPart-InsertByte-InsertByte-ShuffleBytes-EraseBytes-
#2645	REDUCE cov: 124 ft: 486 corp: 58/9286b lim: 333 exec/s: 0 rss: 29Mb L: 113/333 MS: 4 CrossOver-ChangeByte-InsertRepeatedBytes-CMP- DE: "St9exception"-
#2648	NEW    cov: 124 ft: 491 corp: 59/9610b lim: 333 exec/s: 0 rss: 29Mb L: 324/333 MS: 3 CrossOver-CrossOver-ChangeBinInt-
#2664	REDUCE cov: 124 ft: 491 corp: 59/9572b lim: 333 exec/s: 0 rss: 29Mb L: 236/333 MS: 1 EraseBytes-
#2753	REDUCE cov: 124 ft: 491 corp: 59/9570b lim: 333 exec/s: 0 rss: 29Mb L: 111/333 MS: 4 ChangeBit-PersAutoDict-ShuffleBytes-CrossOver- DE: "schm"-
#2970	NEW    cov: 124 ft: 504 corp: 60/9827b lim: 333 exec/s: 0 rss: 29Mb L: 257/333 MS: 2 CMP-CMP- DE: "itom"-"pixi"-
#3030	REDUCE cov: 124 ft: 504 corp: 60/9808b lim: 333 exec/s: 0 rss: 29Mb L: 313/333 MS: 5 PersAutoDict-ChangeBinInt-ShuffleBytes-EraseBytes-InsertByte- DE: "N7ISOBMFF4FTYPE"-
#3058	NEW    cov: 124 ft: 505 corp: 61/10138b lim: 333 exec/s: 0 rss: 29Mb L: 330/333 MS: 3 CMP-EraseBytes-CrossOver- DE: "\315sy\344\274]\000\000"-
#3142	NEW    cov: 125 ft: 507 corp: 62/10382b lim: 333 exec/s: 0 rss: 29Mb L: 244/333 MS: 4 ChangeByte-ChangeByte-ChangeASCIIInt-EraseBytes-
#3168	NEW    cov: 125 ft: 516 corp: 63/10707b lim: 333 exec/s: 0 rss: 29Mb L: 325/333 MS: 1 InsertRepeatedBytes-
#3218	NEW    cov: 125 ft: 517 corp: 64/10943b lim: 333 exec/s: 0 rss: 29Mb L: 236/333 MS: 5 ChangeBinInt-InsertByte-PersAutoDict-CopyPart-CrossOver- DE: "St9exception"-
#3278	REDUCE cov: 125 ft: 517 corp: 64/10929b lim: 333 exec/s: 0 rss: 29Mb L: 239/333 MS: 5 CopyPart-EraseBytes-CMP-CMP-EraseBytes- DE: "\001 "-"urn "-
#3429	REDUCE cov: 125 ft: 517 corp: 64/10915b lim: 333 exec/s: 0 rss: 29Mb L: 105/333 MS: 1 EraseBytes-
#3436	REDUCE cov: 125 ft: 517 corp: 64/10907b lim: 333 exec/s: 0 rss: 29Mb L: 148/333 MS: 2 CMP-EraseBytes- DE: "avc1"-
#3536	REDUCE cov: 125 ft: 517 corp: 64/10898b lim: 333 exec/s: 0 rss: 29Mb L: 71/333 MS: 5 ShuffleBytes-ShuffleBytes-ShuffleBytes-ChangeASCIIInt-EraseBytes-
#3669	REDUCE cov: 125 ft: 517 corp: 64/10831b lim: 333 exec/s: 0 rss: 29Mb L: 172/333 MS: 3 PersAutoDict-InsertByte-EraseBytes- DE: "avc1"-
#3782	REDUCE cov: 125 ft: 517 corp: 64/10830b lim: 333 exec/s: 0 rss: 29Mb L: 11/333 MS: 3 ChangeBinInt-ShuffleBytes-EraseBytes-
#3837	REDUCE cov: 125 ft: 517 corp: 64/10772b lim: 333 exec/s: 0 rss: 29Mb L: 136/333 MS: 5 CrossOver-ChangeASCIIInt-ChangeBinInt-ChangeBinInt-ChangeBinInt-
#3954	REDUCE cov: 125 ft: 517 corp: 64/10744b lim: 333 exec/s: 0 rss: 29Mb L: 65/333 MS: 2 CopyPart-EraseBytes-
#3980	REDUCE cov: 125 ft: 517 corp: 64/10734b lim: 333 exec/s: 0 rss: 29Mb L: 95/333 MS: 1 CrossOver-
#3992	REDUCE cov: 125 ft: 517 corp: 64/10728b lim: 333 exec/s: 0 rss: 29Mb L: 142/333 MS: 2 ChangeByte-EraseBytes-
#4139	REDUCE cov: 125 ft: 517 corp: 64/10648b lim: 333 exec/s: 0 rss: 29Mb L: 110/333 MS: 2 CrossOver-EraseBytes-
#4199	REDUCE cov: 125 ft: 517 corp: 64/10647b lim: 333 exec/s: 0 rss: 29Mb L: 10/333 MS: 5 ChangeBinInt-ChangeByte-ChangeByte-ChangeBinInt-EraseBytes-
#4330	REDUCE cov: 125 ft: 517 corp: 64/10642b lim: 333 exec/s: 0 rss: 29Mb L: 137/333 MS: 1 EraseBytes-
#4349	REDUCE cov: 125 ft: 517 corp: 64/10619b lim: 333 exec/s: 0 rss: 29Mb L: 60/333 MS: 4 EraseBytes-CrossOver-ShuffleBytes-PersAutoDict- DE: "\021\000\000\000\000\000\000\000"-
#4577	REDUCE cov: 125 ft: 517 corp: 64/10590b lim: 333 exec/s: 0 rss: 29Mb L: 107/333 MS: 3 ChangeByte-EraseBytes-EraseBytes-
#4589	REDUCE cov: 125 ft: 517 corp: 64/10532b lim: 333 exec/s: 0 rss: 29Mb L: 67/333 MS: 2 PersAutoDict-EraseBytes- DE: "itom"-
#4608	REDUCE cov: 125 ft: 517 corp: 64/10516b lim: 333 exec/s: 0 rss: 29Mb L: 94/333 MS: 4 ChangeByte-ShuffleBytes-ChangeBinInt-EraseBytes-
#4629	REDUCE cov: 125 ft: 517 corp: 64/10499b lim: 333 exec/s: 0 rss: 29Mb L: 296/333 MS: 1 EraseBytes-
#4860	REDUCE cov: 125 ft: 517 corp: 64/10498b lim: 333 exec/s: 0 rss: 29Mb L: 22/333 MS: 1 EraseBytes-
#4887	REDUCE cov: 125 ft: 517 corp: 64/10486b lim: 333 exec/s: 0 rss: 29Mb L: 180/333 MS: 2 ChangeByte-EraseBytes-
#4922	REDUCE cov: 125 ft: 518 corp: 65/10750b lim: 333 exec/s: 0 rss: 29Mb L: 264/333 MS: 5 CMP-CopyPart-ChangeByte-InsertRepeatedBytes-CMP- DE: "schi"-"mdhd"-
#5013	REDUCE cov: 125 ft: 518 corp: 65/10742b lim: 333 exec/s: 0 rss: 29Mb L: 288/333 MS: 1 EraseBytes-
#5066	REDUCE cov: 125 ft: 518 corp: 65/10669b lim: 333 exec/s: 0 rss: 29Mb L: 171/333 MS: 3 CMP-InsertByte-EraseBytes- DE: "\267E\003H\337}\000\000"-
#5163	REDUCE cov: 125 ft: 518 corp: 65/10649b lim: 333 exec/s: 0 rss: 29Mb L: 160/333 MS: 2 ChangeBit-EraseBytes-
#5351	REDUCE cov: 125 ft: 518 corp: 65/10623b lim: 333 exec/s: 0 rss: 29Mb L: 306/333 MS: 3 CrossOver-ChangeASCIIInt-InsertByte-
#5440	REDUCE cov: 125 ft: 518 corp: 65/10614b lim: 333 exec/s: 0 rss: 29Mb L: 226/333 MS: 4 ChangeBinInt-EraseBytes-CMP-CopyPart- DE: "schm"-
#5804	REDUCE cov: 125 ft: 518 corp: 65/10609b lim: 333 exec/s: 0 rss: 29Mb L: 108/333 MS: 4 EraseBytes-PersAutoDict-ShuffleBytes-CopyPart- DE: "pixi"-
#5822	REDUCE cov: 125 ft: 518 corp: 65/10608b lim: 333 exec/s: 0 rss: 29Mb L: 96/333 MS: 3 ShuffleBytes-CopyPart-EraseBytes-
#5859	REDUCE cov: 125 ft: 518 corp: 65/10560b lim: 333 exec/s: 0 rss: 29Mb L: 191/333 MS: 2 EraseBytes-InsertRepeatedBytes-
#5880	REDUCE cov: 125 ft: 518 corp: 65/10552b lim: 333 exec/s: 0 rss: 29Mb L: 52/333 MS: 1 EraseBytes-
#5887	REDUCE cov: 125 ft: 518 corp: 65/10515b lim: 333 exec/s: 0 rss: 29Mb L: 58/333 MS: 2 ChangeASCIIInt-EraseBytes-
#6108	REDUCE cov: 125 ft: 518 corp: 65/10513b lim: 333 exec/s: 0 rss: 29Mb L: 18/333 MS: 1 CrossOver-
#6209	REDUCE cov: 125 ft: 518 corp: 65/10496b lim: 333 exec/s: 0 rss: 29Mb L: 77/333 MS: 1 EraseBytes-
#6445	REDUCE cov: 125 ft: 518 corp: 65/10492b lim: 333 exec/s: 6445 rss: 29Mb L: 18/333 MS: 4 ChangeBinInt-EraseBytes-ChangeBinInt-EraseBytes-
#7027	REDUCE cov: 125 ft: 518 corp: 65/10476b lim: 333 exec/s: 7027 rss: 29Mb L: 61/333 MS: 2 CMP-EraseBytes- DE: "\377\377\377\377\377\377\377\007"-
#7184	REDUCE cov: 125 ft: 518 corp: 65/10454b lim: 333 exec/s: 7184 rss: 29Mb L: 96/333 MS: 2 ShuffleBytes-EraseBytes-
#7407	REDUCE cov: 125 ft: 518 corp: 65/10426b lim: 333 exec/s: 7407 rss: 29Mb L: 297/333 MS: 3 InsertRepeatedBytes-CrossOver-EraseBytes-
#7435	REDUCE cov: 125 ft: 518 corp: 65/10425b lim: 333 exec/s: 7435 rss: 29Mb L: 17/333 MS: 3 PersAutoDict-PersAutoDict-EraseBytes- DE: "\200\377\377\377\377\377\377\377"-"itom"-
#7446	REDUCE cov: 125 ft: 518 corp: 65/10424b lim: 333 exec/s: 7446 rss: 29Mb L: 14/333 MS: 1 EraseBytes-
#7701	NEW    cov: 125 ft: 519 corp: 66/10689b lim: 333 exec/s: 7701 rss: 29Mb L: 265/333 MS: 5 CMP-ChangeBinInt-CrossOver-ShuffleBytes-InsertByte- DE: "\010\000"-
#7807	REDUCE cov: 125 ft: 519 corp: 66/10688b lim: 333 exec/s: 7807 rss: 29Mb L: 95/333 MS: 1 EraseBytes-
#7875	REDUCE cov: 125 ft: 519 corp: 66/10673b lim: 333 exec/s: 7875 rss: 29Mb L: 205/333 MS: 3 ChangeByte-ChangeByte-EraseBytes-
#7948	REDUCE cov: 125 ft: 519 corp: 66/10638b lim: 333 exec/s: 7948 rss: 29Mb L: 136/333 MS: 3 CMP-InsertByte-EraseBytes- DE: "hvcC"-
#7999	REDUCE cov: 125 ft: 519 corp: 66/10619b lim: 333 exec/s: 7999 rss: 29Mb L: 303/333 MS: 1 EraseBytes-
#8456	REDUCE cov: 125 ft: 519 corp: 66/10618b lim: 333 exec/s: 8456 rss: 29Mb L: 9/333 MS: 2 PersAutoDict-EraseBytes- DE: "\021\000\000\000\000\000\000\000"-
#8528	REDUCE cov: 125 ft: 519 corp: 66/10617b lim: 333 exec/s: 8528 rss: 29Mb L: 25/333 MS: 2 InsertByte-EraseBytes-
#8960	REDUCE cov: 125 ft: 519 corp: 66/10613b lim: 333 exec/s: 8960 rss: 29Mb L: 86/333 MS: 2 CopyPart-EraseBytes-
#9115	REDUCE cov: 125 ft: 519 corp: 66/10544b lim: 333 exec/s: 9115 rss: 29Mb L: 182/333 MS: 5 CrossOver-PersAutoDict-ChangeBinInt-CMP-EraseBytes- DE: "avc1"-"\023\000\000\000\000\000\000\000"-
#9145	REDUCE cov: 125 ft: 519 corp: 66/10527b lim: 333 exec/s: 9145 rss: 29Mb L: 78/333 MS: 5 ChangeASCIIInt-PersAutoDict-PersAutoDict-ChangeByte-EraseBytes- DE: "hdlr"-"itom"-
#9386	REDUCE cov: 125 ft: 519 corp: 66/10468b lim: 333 exec/s: 9386 rss: 29Mb L: 146/333 MS: 1 EraseBytes-
#9467	REDUCE cov: 125 ft: 519 corp: 66/10458b lim: 333 exec/s: 9467 rss: 29Mb L: 57/333 MS: 1 EraseBytes-
#9557	NEW    cov: 125 ft: 520 corp: 67/10718b lim: 333 exec/s: 9557 rss: 29Mb L: 260/333 MS: 5 InsertByte-PersAutoDict-InsertByte-ShuffleBytes-InsertByte- DE: "\001\000\000 "-
#9578	REDUCE cov: 125 ft: 520 corp: 67/10708b lim: 333 exec/s: 9578 rss: 29Mb L: 62/333 MS: 1 CrossOver-
#9687	REDUCE cov: 125 ft: 520 corp: 67/10702b lim: 333 exec/s: 9687 rss: 29Mb L: 247/333 MS: 4 ChangeByte-CopyPart-ShuffleBytes-EraseBytes-
#9823	REDUCE cov: 125 ft: 520 corp: 67/10689b lim: 333 exec/s: 9823 rss: 29Mb L: 265/333 MS: 1 EraseBytes-
#9902	REDUCE cov: 125 ft: 522 corp: 68/11006b lim: 333 exec/s: 9902 rss: 29Mb L: 317/333 MS: 4 ChangeByte-ChangeBit-CMP-PersAutoDict- DE: "hvcC"-"avc1"-
#9968	REDUCE cov: 125 ft: 522 corp: 68/10859b lim: 333 exec/s: 9968 rss: 29Mb L: 170/333 MS: 1 CrossOver-
#10061	REDUCE cov: 125 ft: 522 corp: 68/10857b lim: 333 exec/s: 10061 rss: 29Mb L: 98/333 MS: 3 ChangeASCIIInt-ChangeASCIIInt-CrossOver-
==81587== ERROR: libFuzzer: out-of-memory (used: 1421Mb; limit: 1024Mb)
   To change the out-of-memory limit use -rss_limit_mb=<N>

MS: 4 ChangeBinInt-ChangeBit-CrossOver-ChangeBit-; base unit: 405fc69f2e21b5c1efc0c2e14c156ace51c323c9
0x0,0x0,0x0,0x1c,0x66,0x74,0x79,0x70,0x69,0x73,0x6f,0x35,0x0,0x0,0x0,0x0,0x6b,0x73,0x6f,0x35,0x69,0x73,0x6f,0x36,0x6d,0x70,0x34,0x31,0x0,0x0,0x0,0x80,0x6d,0x6f,0x6f,0x76,0x0,0x0,0x0,0x78,0x61,0x76,0x63,0x31,0x0,0x0,0x0,0x0,0x0,0x0,0x0,0x0,0x0,0x0,0x0,0x0,0x0,0x0,0x3,0xe8,0x1,0x0,0x68,0x76,0x63,0x43,0x0,0x40,0x0,0x0,0x0,0x0,0x0,0xb6,0x0,0x0,0x0,0x0,0x1c,0x66,0x74,0x79,0x70,0x2f,0x73,0x6f,0x35,0x0,0x0,0x0,0x0,0x69,0x73,0x6f,0x35,0x69,0x73,0x6f,0x36,0x6d,0x70,0x34,0x31,0x0,0x0,0x0,0x80,0x6d,0x6f,0x6f,0x76,0x0,0x0,0x0,0x78,0x1c,0x66,0x74,0x79,0x70,0x4d,0x34,0x56,0xf7,0x0,0x0,0x0,0x0,0x4d,0x34,0x56,0x20,0x5d,0x6d,0x70,0x34,0x31,0x69,0x73,0x6f,0x6d,0x0,0x0,0x0,0xe0,0x6d,0x6f,0x6f,0x76,0x0,0x0,0x0,0x6d,0x76,0x68,0x0,0x0,0x0,0x0,0x0,0x3,0xe8,0x0,0x0,0xe,0x7a,0x0,0x1,0x0,0x0,0x1,0x0,0x70,0x6d,0x70,0x38,0x34,0x0,0x0,0x0,0x0,0x6d,0x70,0x34,0x32,0x69,0x73,0x6f,0x6d,0x8,0x0,0x0,0x18,0x64,0x0,0x0,0x0,0x0,0x0,0x0,0x0,0x0,0x0,0x0,0x1c,0x0,0x66,
\000\000\000\034ftypiso5\000\000\000\000kso5iso6mp41\000\000\000\200moov\000\000\000xavc1\000\000\000\000\000\000\000\000\000\000\000\000\000\000\003\350\001\000hvcC\000@\000\000\000\000\000\266\000\000\000\000\034ftyp/so5\000\000\000\000iso5iso6mp41\000\000\000\200moov\000\000\000x\034ftypM4V\367\000\000\000\000M4V ]mp41isom\000\000\000\340moov\000\000\000mvh\000\000\000\000\000\003\350\000\000\016z\000\001\000\000\001\000pmp84\000\000\000\000mp42isom\010\000\000\030d\000\000\000\000\000\000\000\000\000\000\034\000f
artifact_prefix='/results/crashes/20260313_144915_6cbefdc8_'; Test unit written to /results/crashes/20260313_144915_6cbefdc8_oom-85258433b5f36127ecae412f6979892a670f4a2b
Base64: AAAAHGZ0eXBpc281AAAAAGtzbzVpc282bXA0MQAAAIBtb292AAAAeGF2YzEAAAAAAAAAAAAAAAAAAAPoAQBodmNDAEAAAAAAALYAAAAAHGZ0eXAvc281AAAAAGlzbzVpc282bXA0MQAAAIBtb292AAAAeBxmdHlwTTRW9wAAAABNNFYgXW1wNDFpc29tAAAA4G1vb3YAAABtdmgAAAAAAAPoAAAOegABAAABAHBtcDg0AAAAAG1wNDJpc29tCAAAGGQAAAAAAAAAAAAAHABm
SUMMARY: libFuzzer: out-of-memory
stat::number_of_executed_units: 10235
stat::average_exec_per_sec:     3411
stat::new_units_added:          162
stat::slowest_unit_time_sec:    0
stat::peak_rss_mb:              1421
