INFO: Running with entropic power schedule (0xFF, 100).
INFO: Seed: 1522193996
INFO: Loaded 1 modules   (252 inline 8-bit counters): 252 [0x5e3ae70c8678, 0x5e3ae70c8774), 
INFO: Loaded 1 PC tables (252 PCs): 252 [0x5e3ae70c8778,0x5e3ae70c9738), 
INFO:        4 files found in /tmp/corpus_20260313_172432_50acb3d0
INFO: seed corpus: files: 4 min: 48b max: 333b total: 853b rss: 28Mb
#5	INITED cov: 117 ft: 250 corp: 4/853b exec/s: 0 rss: 29Mb
#7	NEW    cov: 117 ft: 261 corp: 5/1105b lim: 333 exec/s: 0 rss: 29Mb L: 252/333 MS: 2 ShuffleBytes-ShuffleBytes-
#11	NEW    cov: 119 ft: 268 corp: 6/1434b lim: 333 exec/s: 0 rss: 29Mb L: 329/333 MS: 4 ChangeBinInt-CMP-InsertByte-InsertRepeatedBytes- DE: "\000\000\000\010"-
#13	NEW    cov: 119 ft: 270 corp: 7/1730b lim: 333 exec/s: 0 rss: 29Mb L: 296/333 MS: 2 CrossOver-InsertRepeatedBytes-
#14	NEW    cov: 119 ft: 275 corp: 8/1896b lim: 333 exec/s: 0 rss: 29Mb L: 166/333 MS: 1 InsertRepeatedBytes-
#16	NEW    cov: 119 ft: 276 corp: 9/2131b lim: 333 exec/s: 0 rss: 29Mb L: 235/333 MS: 2 ShuffleBytes-EraseBytes-
#17	NEW    cov: 119 ft: 294 corp: 10/2220b lim: 333 exec/s: 0 rss: 29Mb L: 89/333 MS: 1 CopyPart-
#22	NEW    cov: 120 ft: 295 corp: 11/2550b lim: 333 exec/s: 0 rss: 29Mb L: 330/333 MS: 5 ShuffleBytes-InsertByte-ChangeByte-ChangeBit-CopyPart-
#24	NEW    cov: 120 ft: 296 corp: 12/2882b lim: 333 exec/s: 0 rss: 29Mb L: 332/333 MS: 2 ChangeBinInt-CopyPart-
#26	NEW    cov: 120 ft: 297 corp: 13/3167b lim: 333 exec/s: 0 rss: 29Mb L: 285/333 MS: 2 ChangeByte-CrossOver-
#27	NEW    cov: 120 ft: 298 corp: 14/3402b lim: 333 exec/s: 0 rss: 29Mb L: 235/333 MS: 1 CopyPart-
#30	NEW    cov: 120 ft: 299 corp: 15/3641b lim: 333 exec/s: 0 rss: 29Mb L: 239/333 MS: 3 InsertByte-CMP-InsertByte- DE: "\004\000"-
#32	REDUCE cov: 120 ft: 299 corp: 15/3601b lim: 333 exec/s: 0 rss: 29Mb L: 212/333 MS: 2 CopyPart-EraseBytes-
#36	NEW    cov: 120 ft: 300 corp: 16/3934b lim: 333 exec/s: 0 rss: 29Mb L: 333/333 MS: 4 ChangeBit-InsertByte-PersAutoDict-CopyPart- DE: "\004\000"-
#38	NEW    cov: 120 ft: 305 corp: 17/4154b lim: 333 exec/s: 0 rss: 29Mb L: 220/333 MS: 2 ShuffleBytes-CopyPart-
#39	NEW    cov: 120 ft: 306 corp: 18/4374b lim: 333 exec/s: 0 rss: 29Mb L: 220/333 MS: 1 ChangeBit-
#40	NEW    cov: 120 ft: 311 corp: 19/4422b lim: 333 exec/s: 0 rss: 29Mb L: 48/333 MS: 1 CMP- DE: "mfhd"-
#47	NEW    cov: 120 ft: 321 corp: 20/4661b lim: 333 exec/s: 0 rss: 29Mb L: 239/333 MS: 2 ShuffleBytes-CrossOver-
#48	NEW    cov: 120 ft: 324 corp: 21/4833b lim: 333 exec/s: 0 rss: 29Mb L: 172/333 MS: 1 InsertRepeatedBytes-
#52	REDUCE cov: 120 ft: 324 corp: 21/4824b lim: 333 exec/s: 0 rss: 29Mb L: 211/333 MS: 4 ShuffleBytes-ChangeBit-ShuffleBytes-EraseBytes-
#58	NEW    cov: 120 ft: 331 corp: 22/4921b lim: 333 exec/s: 0 rss: 29Mb L: 97/333 MS: 1 CMP- DE: "\001\000\000\000\000\000\000\024"-
#65	NEW    cov: 120 ft: 332 corp: 23/5250b lim: 333 exec/s: 0 rss: 29Mb L: 329/333 MS: 2 CopyPart-ChangeBinInt-
#72	NEW    cov: 121 ft: 334 corp: 24/5551b lim: 333 exec/s: 0 rss: 29Mb L: 301/333 MS: 2 CrossOver-InsertRepeatedBytes-
#78	NEW    cov: 121 ft: 335 corp: 25/5641b lim: 333 exec/s: 0 rss: 29Mb L: 90/333 MS: 1 InsertByte-
#94	REDUCE cov: 121 ft: 350 corp: 26/5765b lim: 333 exec/s: 0 rss: 29Mb L: 124/333 MS: 1 EraseBytes-
#98	NEW    cov: 121 ft: 351 corp: 27/5944b lim: 333 exec/s: 0 rss: 29Mb L: 179/333 MS: 4 PersAutoDict-CrossOver-ShuffleBytes-EraseBytes- DE: "mfhd"-
#104	NEW    cov: 121 ft: 353 corp: 28/6276b lim: 333 exec/s: 0 rss: 29Mb L: 332/333 MS: 1 CopyPart-
#122	REDUCE cov: 121 ft: 354 corp: 29/6574b lim: 333 exec/s: 0 rss: 29Mb L: 298/333 MS: 3 InsertByte-InsertByte-CopyPart-
#128	NEW    cov: 121 ft: 364 corp: 30/6663b lim: 333 exec/s: 0 rss: 29Mb L: 89/333 MS: 1 ChangeByte-
#154	NEW    cov: 121 ft: 365 corp: 31/6710b lim: 333 exec/s: 0 rss: 29Mb L: 47/333 MS: 1 EraseBytes-
#158	NEW    cov: 121 ft: 366 corp: 32/6836b lim: 333 exec/s: 0 rss: 29Mb L: 126/333 MS: 4 ChangeBinInt-CrossOver-PersAutoDict-EraseBytes- DE: "\000\000\000\010"-
#163	REDUCE cov: 121 ft: 366 corp: 32/6835b lim: 333 exec/s: 0 rss: 29Mb L: 295/333 MS: 5 InsertByte-InsertByte-InsertByte-InsertRepeatedBytes-EraseBytes-
#214	NEW    cov: 121 ft: 372 corp: 33/7074b lim: 333 exec/s: 0 rss: 29Mb L: 239/333 MS: 1 PersAutoDict- DE: "mfhd"-
#217	NEW    cov: 121 ft: 397 corp: 34/7163b lim: 333 exec/s: 0 rss: 29Mb L: 89/333 MS: 3 CopyPart-ChangeBit-ChangeBit-
#232	NEW    cov: 121 ft: 403 corp: 35/7470b lim: 333 exec/s: 0 rss: 29Mb L: 307/333 MS: 5 ChangeByte-ChangeByte-ChangeBit-PersAutoDict-InsertRepeatedBytes- DE: "\000\000\000\010"-
#234	NEW    cov: 121 ft: 405 corp: 36/7679b lim: 333 exec/s: 0 rss: 29Mb L: 209/333 MS: 2 CrossOver-CrossOver-
#255	REDUCE cov: 121 ft: 405 corp: 36/7671b lim: 333 exec/s: 0 rss: 29Mb L: 231/333 MS: 1 EraseBytes-
#288	REDUCE cov: 121 ft: 405 corp: 36/7617b lim: 333 exec/s: 0 rss: 29Mb L: 177/333 MS: 3 PersAutoDict-PersAutoDict-EraseBytes- DE: "\001\000\000\000\000\000\000\024"-"mfhd"-
#291	NEW    cov: 121 ft: 422 corp: 37/7627b lim: 333 exec/s: 0 rss: 29Mb L: 10/333 MS: 3 PersAutoDict-InsertRepeatedBytes-CrossOver- DE: "\001\000\000\000\000\000\000\024"-
#326	NEW    cov: 121 ft: 423 corp: 38/7923b lim: 333 exec/s: 0 rss: 29Mb L: 296/333 MS: 5 EraseBytes-EraseBytes-InsertByte-CopyPart-InsertRepeatedBytes-
#327	NEW    cov: 121 ft: 433 corp: 39/8251b lim: 333 exec/s: 0 rss: 29Mb L: 328/333 MS: 1 InsertRepeatedBytes-
#328	NEW    cov: 121 ft: 434 corp: 40/8321b lim: 333 exec/s: 0 rss: 29Mb L: 70/333 MS: 1 CopyPart-
#365	NEW    cov: 121 ft: 435 corp: 41/8354b lim: 333 exec/s: 0 rss: 29Mb L: 33/333 MS: 2 EraseBytes-EraseBytes-
#470	NEW    cov: 122 ft: 436 corp: 42/8553b lim: 333 exec/s: 0 rss: 29Mb L: 199/333 MS: 5 CopyPart-ChangeASCIIInt-InsertRepeatedBytes-ChangeBinInt-CrossOver-
#524	REDUCE cov: 122 ft: 436 corp: 42/8369b lim: 333 exec/s: 0 rss: 29Mb L: 144/333 MS: 4 InsertRepeatedBytes-ChangeByte-ChangeByte-CrossOver-
#546	NEW    cov: 122 ft: 437 corp: 43/8629b lim: 333 exec/s: 0 rss: 29Mb L: 260/333 MS: 2 CrossOver-PersAutoDict- DE: "\004\000"-
#588	NEW    cov: 122 ft: 439 corp: 44/8726b lim: 333 exec/s: 0 rss: 29Mb L: 97/333 MS: 2 CMP-CrossOver- DE: "\000\000\000\000\000\000\000\001"-
#596	NEW    cov: 122 ft: 440 corp: 45/9059b lim: 333 exec/s: 0 rss: 29Mb L: 333/333 MS: 3 ChangeBit-ChangeASCIIInt-CrossOver-
#618	REDUCE cov: 122 ft: 440 corp: 45/9056b lim: 333 exec/s: 0 rss: 29Mb L: 67/333 MS: 2 ShuffleBytes-EraseBytes-
#660	NEW    cov: 122 ft: 441 corp: 46/9110b lim: 333 exec/s: 0 rss: 29Mb L: 54/333 MS: 2 ChangeBinInt-EraseBytes-
#662	NEW    cov: 122 ft: 451 corp: 47/9141b lim: 333 exec/s: 0 rss: 29Mb L: 31/333 MS: 2 ChangeBit-EraseBytes-
#703	NEW    cov: 122 ft: 452 corp: 48/9452b lim: 333 exec/s: 0 rss: 29Mb L: 311/333 MS: 1 InsertRepeatedBytes-
#708	NEW    cov: 122 ft: 457 corp: 49/9753b lim: 333 exec/s: 0 rss: 29Mb L: 301/333 MS: 5 InsertByte-ChangeByte-CopyPart-InsertRepeatedBytes-CrossOver-
#760	REDUCE cov: 122 ft: 457 corp: 49/9749b lim: 333 exec/s: 0 rss: 29Mb L: 86/333 MS: 2 PersAutoDict-EraseBytes- DE: "\000\000\000\010"-
#783	REDUCE cov: 122 ft: 458 corp: 50/9812b lim: 333 exec/s: 0 rss: 29Mb L: 63/333 MS: 3 ChangeBit-CopyPart-EraseBytes-
#825	NEW    cov: 122 ft: 463 corp: 51/9870b lim: 333 exec/s: 0 rss: 29Mb L: 58/333 MS: 2 ChangeByte-CopyPart-
#844	REDUCE cov: 122 ft: 463 corp: 51/9790b lim: 333 exec/s: 0 rss: 29Mb L: 64/333 MS: 4 EraseBytes-ShuffleBytes-InsertByte-EraseBytes-
#866	REDUCE cov: 122 ft: 463 corp: 51/9742b lim: 333 exec/s: 0 rss: 29Mb L: 204/333 MS: 2 ChangeBinInt-EraseBytes-
#902	REDUCE cov: 122 ft: 463 corp: 51/9709b lim: 333 exec/s: 0 rss: 29Mb L: 56/333 MS: 1 EraseBytes-
#908	NEW    cov: 122 ft: 471 corp: 52/10042b lim: 333 exec/s: 0 rss: 29Mb L: 333/333 MS: 1 CrossOver-
#927	REDUCE cov: 122 ft: 471 corp: 52/10036b lim: 333 exec/s: 0 rss: 29Mb L: 290/333 MS: 4 ChangeBinInt-InsertRepeatedBytes-CMP-CrossOver- DE: "\227\021n\004;^\000\000"-
#984	REDUCE cov: 122 ft: 471 corp: 52/9982b lim: 333 exec/s: 0 rss: 29Mb L: 112/333 MS: 2 ChangeBinInt-CrossOver-
#1049	NEW    cov: 122 ft: 472 corp: 53/10047b lim: 333 exec/s: 0 rss: 29Mb L: 65/333 MS: 5 CopyPart-InsertByte-ShuffleBytes-CrossOver-CopyPart-
#1072	REDUCE cov: 122 ft: 472 corp: 53/10041b lim: 333 exec/s: 0 rss: 29Mb L: 57/333 MS: 3 CrossOver-CMP-EraseBytes- DE: "hvc1"-
#1094	REDUCE cov: 122 ft: 472 corp: 53/10019b lim: 333 exec/s: 0 rss: 29Mb L: 25/333 MS: 2 ShuffleBytes-EraseBytes-
#1109	REDUCE cov: 122 ft: 472 corp: 53/9983b lim: 333 exec/s: 0 rss: 29Mb L: 175/333 MS: 5 CMP-InsertByte-ChangeBit-ShuffleBytes-EraseBytes- DE: "\001\000^;\004m\340\340"-
#1178	REDUCE cov: 122 ft: 472 corp: 53/9975b lim: 333 exec/s: 0 rss: 29Mb L: 196/333 MS: 4 InsertRepeatedBytes-PersAutoDict-InsertByte-EraseBytes- DE: "hvc1"-
#1188	NEW    cov: 122 ft: 473 corp: 54/10243b lim: 333 exec/s: 0 rss: 29Mb L: 268/333 MS: 5 CopyPart-EraseBytes-InsertByte-CopyPart-EraseBytes-
#1260	REDUCE cov: 122 ft: 473 corp: 54/10241b lim: 333 exec/s: 0 rss: 29Mb L: 296/333 MS: 2 CMP-EraseBytes- DE: " \342m\004;^\000\000"-
#1266	REDUCE cov: 122 ft: 473 corp: 54/10215b lim: 333 exec/s: 0 rss: 29Mb L: 39/333 MS: 1 EraseBytes-
#1309	NEW    cov: 122 ft: 474 corp: 55/10548b lim: 333 exec/s: 0 rss: 29Mb L: 333/333 MS: 3 PersAutoDict-CrossOver-CopyPart- DE: "mfhd"-
#1346	NEW    cov: 122 ft: 482 corp: 56/10566b lim: 333 exec/s: 0 rss: 29Mb L: 18/333 MS: 2 ChangeByte-PersAutoDict- DE: " \342m\004;^\000\000"-
#1367	REDUCE cov: 122 ft: 482 corp: 56/10507b lim: 333 exec/s: 0 rss: 29Mb L: 274/333 MS: 1 EraseBytes-
#1383	NEW    cov: 123 ft: 483 corp: 57/10514b lim: 333 exec/s: 0 rss: 29Mb L: 7/333 MS: 1 EraseBytes-
#1399	REDUCE cov: 123 ft: 483 corp: 57/10510b lim: 333 exec/s: 0 rss: 29Mb L: 29/333 MS: 1 EraseBytes-
#1480	REDUCE cov: 123 ft: 483 corp: 57/10478b lim: 333 exec/s: 0 rss: 29Mb L: 167/333 MS: 1 EraseBytes-
#1502	REDUCE cov: 123 ft: 483 corp: 57/10473b lim: 333 exec/s: 0 rss: 29Mb L: 20/333 MS: 2 PersAutoDict-EraseBytes- DE: "\001\000^;\004m\340\340"-
#1552	REDUCE cov: 123 ft: 483 corp: 57/10464b lim: 333 exec/s: 0 rss: 29Mb L: 30/333 MS: 5 ChangeByte-ChangeByte-CopyPart-CMP-EraseBytes- DE: "\017\000\000\000"-
#1564	NEW    cov: 123 ft: 484 corp: 58/10729b lim: 333 exec/s: 0 rss: 29Mb L: 265/333 MS: 2 ShuffleBytes-CopyPart-
#1615	REDUCE cov: 123 ft: 485 corp: 59/11011b lim: 333 exec/s: 0 rss: 29Mb L: 282/333 MS: 1 CopyPart-
#1625	NEW    cov: 123 ft: 486 corp: 60/11034b lim: 333 exec/s: 0 rss: 29Mb L: 23/333 MS: 5 ShuffleBytes-CMP-ChangeASCIIInt-ChangeByte-CrossOver- DE: "avc1"-
#1665	REDUCE cov: 123 ft: 486 corp: 60/11029b lim: 333 exec/s: 0 rss: 29Mb L: 327/333 MS: 5 ChangeBit-CopyPart-InsertByte-EraseBytes-InsertRepeatedBytes-
#1722	REDUCE cov: 123 ft: 487 corp: 61/11268b lim: 333 exec/s: 0 rss: 29Mb L: 239/333 MS: 2 ChangeBit-InsertRepeatedBytes-
#1744	NEW    cov: 123 ft: 488 corp: 62/11284b lim: 333 exec/s: 0 rss: 29Mb L: 16/333 MS: 2 ChangeByte-EraseBytes-
#1816	REDUCE cov: 123 ft: 488 corp: 62/11283b lim: 333 exec/s: 0 rss: 29Mb L: 9/333 MS: 2 EraseBytes-PersAutoDict- DE: "hvc1"-
#1818	REDUCE cov: 123 ft: 488 corp: 62/11272b lim: 333 exec/s: 0 rss: 29Mb L: 18/333 MS: 2 InsertByte-EraseBytes-
#1850	NEW    cov: 123 ft: 491 corp: 63/11571b lim: 333 exec/s: 0 rss: 29Mb L: 299/333 MS: 2 ChangeBinInt-EraseBytes-
#1856	NEW    cov: 123 ft: 492 corp: 64/11902b lim: 333 exec/s: 0 rss: 29Mb L: 331/333 MS: 1 CrossOver-
#1893	REDUCE cov: 123 ft: 492 corp: 64/11890b lim: 333 exec/s: 0 rss: 29Mb L: 184/333 MS: 2 PersAutoDict-EraseBytes- DE: "avc1"-
#1967	REDUCE cov: 123 ft: 492 corp: 64/11879b lim: 333 exec/s: 0 rss: 29Mb L: 101/333 MS: 4 EraseBytes-CMP-ChangeBinInt-ChangeBit- DE: "\002\000\000\000"-
#1973	REDUCE cov: 123 ft: 492 corp: 64/11878b lim: 333 exec/s: 0 rss: 29Mb L: 53/333 MS: 1 EraseBytes-
#1994	REDUCE cov: 123 ft: 492 corp: 64/11877b lim: 333 exec/s: 0 rss: 29Mb L: 17/333 MS: 1 EraseBytes-
#2010	REDUCE cov: 123 ft: 492 corp: 64/11829b lim: 333 exec/s: 0 rss: 29Mb L: 129/333 MS: 1 EraseBytes-
#2031	REDUCE cov: 123 ft: 492 corp: 64/11827b lim: 333 exec/s: 0 rss: 29Mb L: 56/333 MS: 1 EraseBytes-
#2193	REDUCE cov: 123 ft: 493 corp: 65/11835b lim: 333 exec/s: 0 rss: 29Mb L: 8/333 MS: 2 ChangeBinInt-CrossOver-
#2288	NEW    cov: 123 ft: 499 corp: 66/12063b lim: 333 exec/s: 0 rss: 29Mb L: 228/333 MS: 5 PersAutoDict-ChangeASCIIInt-ChangeBit-PersAutoDict-CMP- DE: " \342m\004;^\000\000"-"mfhd"-"\350y\351\346:^\000\000"-
#2319	REDUCE cov: 123 ft: 499 corp: 66/12062b lim: 333 exec/s: 0 rss: 29Mb L: 19/333 MS: 1 EraseBytes-
#2359	NEW    cov: 123 ft: 500 corp: 67/12367b lim: 333 exec/s: 0 rss: 29Mb L: 305/333 MS: 5 ShuffleBytes-ChangeBinInt-ChangeBinInt-CMP-InsertRepeatedBytes- DE: "!\000"-
#2482	NEW    cov: 123 ft: 502 corp: 68/12527b lim: 333 exec/s: 0 rss: 29Mb L: 160/333 MS: 3 CopyPart-CrossOver-EraseBytes-
#2575	REDUCE cov: 123 ft: 502 corp: 68/12511b lim: 333 exec/s: 0 rss: 29Mb L: 110/333 MS: 3 EraseBytes-CopyPart-InsertByte-
#2664	REDUCE cov: 123 ft: 502 corp: 68/12439b lim: 333 exec/s: 0 rss: 29Mb L: 260/333 MS: 4 CopyPart-ChangeByte-EraseBytes-InsertByte-
#2771	REDUCE cov: 123 ft: 502 corp: 68/12224b lim: 333 exec/s: 0 rss: 29Mb L: 84/333 MS: 2 InsertRepeatedBytes-CrossOver-
#2834	NEW    cov: 123 ft: 508 corp: 69/12526b lim: 333 exec/s: 0 rss: 29Mb L: 302/333 MS: 3 CMP-ChangeByte-InsertRepeatedBytes- DE: "\000\000\000\000"-
#3037	REDUCE cov: 123 ft: 508 corp: 69/12522b lim: 333 exec/s: 0 rss: 29Mb L: 93/333 MS: 3 ChangeASCIIInt-ChangeBinInt-EraseBytes-
#3064	REDUCE cov: 123 ft: 508 corp: 69/12521b lim: 333 exec/s: 0 rss: 29Mb L: 22/333 MS: 2 ChangeBit-EraseBytes-
==580085== ERROR: libFuzzer: out-of-memory (used: 2322Mb; limit: 1024Mb)
   To change the out-of-memory limit use -rss_limit_mb=<N>

MS: 1 PersAutoDict- DE: "hvc1"-; base unit: 2f0cd6590d818dbd9e1350c0eff694c504c39dd7
artifact_prefix='/results/crashes/20260313_172432_50acb3d0_'; Test unit written to /results/crashes/20260313_172432_50acb3d0_oom-12f9bada34ed87559aa34e86059b60743417beb0
SUMMARY: libFuzzer: out-of-memory
stat::number_of_executed_units: 3090
stat::average_exec_per_sec:     1545
stat::new_units_added:          104
stat::slowest_unit_time_sec:    0
stat::peak_rss_mb:              2322
