INFO: Running with entropic power schedule (0xFF, 100).
INFO: Seed: 1984272638
INFO: Loaded 1 modules   (252 inline 8-bit counters): 252 [0x5b1271573678, 0x5b1271573774), 
INFO: Loaded 1 PC tables (252 PCs): 252 [0x5b1271573778,0x5b1271574738), 
INFO:        4 files found in /tmp/corpus_20260313_191404_ff5397eb
INFO: seed corpus: files: 4 min: 48b max: 333b total: 853b rss: 28Mb
#5	INITED cov: 117 ft: 251 corp: 4/853b exec/s: 0 rss: 29Mb
#9	NEW    cov: 117 ft: 258 corp: 5/1028b lim: 333 exec/s: 0 rss: 29Mb L: 175/333 MS: 4 ChangeBinInt-ShuffleBytes-ChangeBit-EraseBytes-
#12	NEW    cov: 119 ft: 266 corp: 6/1252b lim: 333 exec/s: 0 rss: 29Mb L: 224/333 MS: 3 ShuffleBytes-ChangeByte-CMP- DE: "qt  "-
#13	NEW    cov: 119 ft: 277 corp: 7/1299b lim: 333 exec/s: 0 rss: 29Mb L: 47/333 MS: 1 EraseBytes-
#14	NEW    cov: 119 ft: 280 corp: 8/1338b lim: 333 exec/s: 0 rss: 29Mb L: 39/333 MS: 1 EraseBytes-
#15	NEW    cov: 119 ft: 284 corp: 9/1572b lim: 333 exec/s: 0 rss: 29Mb L: 234/333 MS: 1 CrossOver-
#18	NEW    cov: 119 ft: 285 corp: 10/1844b lim: 333 exec/s: 0 rss: 29Mb L: 272/333 MS: 3 ChangeBit-PersAutoDict-EraseBytes- DE: "qt  "-
#22	NEW    cov: 119 ft: 286 corp: 11/2032b lim: 333 exec/s: 0 rss: 29Mb L: 188/333 MS: 4 ChangeASCIIInt-CMP-CMP-InsertByte- DE: "mdia"-"\001\000[\022\255\317\321\332"-
#24	NEW    cov: 119 ft: 296 corp: 12/2238b lim: 333 exec/s: 0 rss: 29Mb L: 206/333 MS: 2 ShuffleBytes-EraseBytes-
#27	NEW    cov: 119 ft: 298 corp: 13/2558b lim: 333 exec/s: 0 rss: 29Mb L: 320/333 MS: 3 InsertRepeatedBytes-CrossOver-CopyPart-
#29	NEW    cov: 119 ft: 299 corp: 14/2814b lim: 333 exec/s: 0 rss: 29Mb L: 256/333 MS: 2 ChangeBinInt-PersAutoDict- DE: "qt  "-
#31	NEW    cov: 119 ft: 309 corp: 15/2928b lim: 333 exec/s: 0 rss: 29Mb L: 114/333 MS: 2 ChangeBinInt-InsertRepeatedBytes-
#34	NEW    cov: 119 ft: 310 corp: 16/3129b lim: 333 exec/s: 0 rss: 29Mb L: 201/333 MS: 3 PersAutoDict-ChangeBit-CopyPart- DE: "qt  "-
#37	NEW    cov: 119 ft: 311 corp: 17/3413b lim: 333 exec/s: 0 rss: 29Mb L: 284/333 MS: 3 PersAutoDict-ShuffleBytes-PersAutoDict- DE: "qt  "-"\001\000[\022\255\317\321\332"-
#39	NEW    cov: 119 ft: 322 corp: 18/3462b lim: 333 exec/s: 0 rss: 29Mb L: 49/333 MS: 2 ChangeBit-InsertByte-
#40	NEW    cov: 119 ft: 323 corp: 19/3761b lim: 333 exec/s: 0 rss: 29Mb L: 299/333 MS: 1 CopyPart-
#50	NEW    cov: 119 ft: 325 corp: 20/3855b lim: 333 exec/s: 0 rss: 29Mb L: 94/333 MS: 5 ChangeBit-ChangeBinInt-ChangeBinInt-ShuffleBytes-CopyPart-
#51	NEW    cov: 119 ft: 326 corp: 21/3961b lim: 333 exec/s: 0 rss: 29Mb L: 106/333 MS: 1 EraseBytes-
#52	NEW    cov: 119 ft: 327 corp: 22/4294b lim: 333 exec/s: 0 rss: 29Mb L: 333/333 MS: 1 CopyPart-
#54	NEW    cov: 119 ft: 329 corp: 23/4450b lim: 333 exec/s: 0 rss: 29Mb L: 156/333 MS: 2 CrossOver-EraseBytes-
#61	NEW    cov: 119 ft: 330 corp: 24/4770b lim: 333 exec/s: 0 rss: 29Mb L: 320/333 MS: 2 ChangeBit-CMP- DE: "\233\000\000\000\000\000\000\000"-
#87	REDUCE cov: 119 ft: 330 corp: 24/4769b lim: 333 exec/s: 0 rss: 29Mb L: 113/333 MS: 1 EraseBytes-
#88	NEW    cov: 119 ft: 331 corp: 25/4816b lim: 333 exec/s: 0 rss: 29Mb L: 47/333 MS: 1 PersAutoDict- DE: "qt  "-
#100	NEW    cov: 119 ft: 333 corp: 26/5149b lim: 333 exec/s: 0 rss: 29Mb L: 333/333 MS: 2 ChangeBit-CopyPart-
#103	NEW    cov: 119 ft: 335 corp: 27/5213b lim: 333 exec/s: 0 rss: 29Mb L: 64/333 MS: 3 InsertByte-CMP-InsertRepeatedBytes- DE: "[\204\021dQ\306!\027"-
#105	NEW    cov: 119 ft: 336 corp: 28/5319b lim: 333 exec/s: 0 rss: 29Mb L: 106/333 MS: 2 ChangeBit-ShuffleBytes-
#118	NEW    cov: 119 ft: 337 corp: 29/5464b lim: 333 exec/s: 0 rss: 29Mb L: 145/333 MS: 3 ChangeBit-ChangeBit-EraseBytes-
#123	NEW    cov: 119 ft: 338 corp: 30/5564b lim: 333 exec/s: 0 rss: 29Mb L: 100/333 MS: 5 ChangeByte-CrossOver-CopyPart-ShuffleBytes-InsertRepeatedBytes-
#132	NEW    cov: 120 ft: 339 corp: 31/5890b lim: 333 exec/s: 0 rss: 29Mb L: 326/333 MS: 4 EraseBytes-CopyPart-ShuffleBytes-CopyPart-
#133	NEW    cov: 120 ft: 340 corp: 32/6046b lim: 333 exec/s: 0 rss: 29Mb L: 156/333 MS: 1 PersAutoDict- DE: "\001\000[\022\255\317\321\332"-
#162	NEW    cov: 120 ft: 341 corp: 33/6316b lim: 333 exec/s: 0 rss: 29Mb L: 270/333 MS: 4 CrossOver-CopyPart-ChangeByte-PersAutoDict- DE: "qt  "-
#181	NEW    cov: 120 ft: 352 corp: 34/6455b lim: 333 exec/s: 0 rss: 29Mb L: 139/333 MS: 4 ChangeBit-ChangeBinInt-ChangeBit-EraseBytes-
#202	NEW    cov: 120 ft: 357 corp: 35/6515b lim: 333 exec/s: 0 rss: 29Mb L: 60/333 MS: 1 CopyPart-
#236	NEW    cov: 120 ft: 388 corp: 36/6738b lim: 333 exec/s: 0 rss: 29Mb L: 223/333 MS: 4 InsertRepeatedBytes-ChangeBit-ChangeByte-ChangeBinInt-
#242	NEW    cov: 120 ft: 389 corp: 37/6779b lim: 333 exec/s: 0 rss: 29Mb L: 41/333 MS: 1 EraseBytes-
#243	NEW    cov: 121 ft: 390 corp: 38/7049b lim: 333 exec/s: 0 rss: 29Mb L: 270/333 MS: 1 PersAutoDict- DE: "\001\000[\022\255\317\321\332"-
#245	NEW    cov: 121 ft: 399 corp: 39/7079b lim: 333 exec/s: 0 rss: 29Mb L: 30/333 MS: 2 CMP-CrossOver- DE: "\017\000\000\000\000\000\000\000"-
#257	NEW    cov: 121 ft: 412 corp: 40/7303b lim: 333 exec/s: 0 rss: 29Mb L: 224/333 MS: 2 CrossOver-InsertByte-
#259	NEW    cov: 121 ft: 413 corp: 41/7523b lim: 333 exec/s: 0 rss: 29Mb L: 220/333 MS: 2 ChangeBinInt-ChangeBit-
#273	NEW    cov: 121 ft: 419 corp: 42/7611b lim: 333 exec/s: 0 rss: 29Mb L: 88/333 MS: 4 CMP-CMP-CrossOver-PersAutoDict- DE: "losi"-"stss"-"qt  "-
#299	NEW    cov: 121 ft: 420 corp: 43/7645b lim: 333 exec/s: 0 rss: 29Mb L: 34/333 MS: 1 EraseBytes-
#349	NEW    cov: 121 ft: 428 corp: 44/7949b lim: 333 exec/s: 0 rss: 29Mb L: 304/333 MS: 5 ChangeBit-InsertRepeatedBytes-InsertRepeatedBytes-InsertRepeatedBytes-InsertRepeatedBytes-
#367	NEW    cov: 121 ft: 437 corp: 45/7978b lim: 333 exec/s: 0 rss: 29Mb L: 29/333 MS: 3 ChangeASCIIInt-ChangeBinInt-EraseBytes-
#383	NEW    cov: 121 ft: 439 corp: 46/8007b lim: 333 exec/s: 0 rss: 29Mb L: 29/333 MS: 1 ChangeBinInt-
#411	REDUCE cov: 121 ft: 439 corp: 46/7988b lim: 333 exec/s: 0 rss: 29Mb L: 28/333 MS: 3 CopyPart-ChangeByte-EraseBytes-
#438	REDUCE cov: 121 ft: 439 corp: 46/7933b lim: 333 exec/s: 0 rss: 29Mb L: 120/333 MS: 2 ChangeBit-EraseBytes-
#440	NEW    cov: 121 ft: 447 corp: 47/8223b lim: 333 exec/s: 0 rss: 29Mb L: 290/333 MS: 2 ChangeBit-CopyPart-
#460	REDUCE cov: 121 ft: 447 corp: 47/8215b lim: 333 exec/s: 0 rss: 29Mb L: 296/333 MS: 5 CopyPart-CMP-ShuffleBytes-ChangeBinInt-EraseBytes- DE: "\000\000\000\016"-
#503	NEW    cov: 121 ft: 452 corp: 48/8514b lim: 333 exec/s: 0 rss: 29Mb L: 299/333 MS: 3 PersAutoDict-CMP-CopyPart- DE: "\233\000\000\000\000\000\000\000"-"avc1"-
#546	NEW    cov: 121 ft: 453 corp: 49/8751b lim: 333 exec/s: 0 rss: 29Mb L: 237/333 MS: 3 CMP-PersAutoDict-CopyPart- DE: "tapt"-"\017\000\000\000\000\000\000\000"-
#560	NEW    cov: 121 ft: 454 corp: 50/9051b lim: 333 exec/s: 0 rss: 29Mb L: 300/333 MS: 4 CrossOver-ChangeByte-PersAutoDict-InsertByte- DE: "tapt"-
#611	NEW    cov: 121 ft: 455 corp: 51/9272b lim: 333 exec/s: 0 rss: 29Mb L: 221/333 MS: 1 InsertByte-
#636	REDUCE cov: 121 ft: 455 corp: 51/9269b lim: 333 exec/s: 0 rss: 29Mb L: 25/333 MS: 5 ChangeBinInt-ShuffleBytes-ChangeBinInt-ShuffleBytes-EraseBytes-
#654	REDUCE cov: 121 ft: 455 corp: 51/9267b lim: 333 exec/s: 0 rss: 29Mb L: 45/333 MS: 3 CMP-ChangeBinInt-EraseBytes- DE: "mdia"-
#660	NEW    cov: 121 ft: 461 corp: 52/9600b lim: 333 exec/s: 0 rss: 29Mb L: 333/333 MS: 1 CopyPart-
#749	NEW    cov: 121 ft: 462 corp: 53/9867b lim: 333 exec/s: 0 rss: 29Mb L: 267/333 MS: 4 CopyPart-ChangeASCIIInt-CopyPart-CMP- DE: "\377\377Z\022\255\317B\212"-
#775	NEW    cov: 121 ft: 463 corp: 54/9993b lim: 333 exec/s: 0 rss: 29Mb L: 126/333 MS: 1 CrossOver-
#796	REDUCE cov: 121 ft: 471 corp: 55/10016b lim: 333 exec/s: 0 rss: 29Mb L: 23/333 MS: 1 EraseBytes-
#812	NEW    cov: 121 ft: 472 corp: 56/10046b lim: 333 exec/s: 0 rss: 29Mb L: 30/333 MS: 1 CrossOver-
#815	NEW    cov: 121 ft: 481 corp: 57/10061b lim: 333 exec/s: 0 rss: 29Mb L: 15/333 MS: 3 ChangeBit-CopyPart-EraseBytes-
#849	REDUCE cov: 121 ft: 481 corp: 57/10009b lim: 333 exec/s: 0 rss: 29Mb L: 104/333 MS: 4 InsertByte-CopyPart-ChangeByte-EraseBytes-
#855	REDUCE cov: 121 ft: 481 corp: 57/10006b lim: 333 exec/s: 0 rss: 29Mb L: 20/333 MS: 1 EraseBytes-
#926	REDUCE cov: 121 ft: 481 corp: 57/9995b lim: 333 exec/s: 0 rss: 29Mb L: 14/333 MS: 1 EraseBytes-
#1024	NEW    cov: 121 ft: 482 corp: 58/10182b lim: 333 exec/s: 0 rss: 29Mb L: 187/333 MS: 3 ShuffleBytes-EraseBytes-ChangeBit-
#1025	REDUCE cov: 121 ft: 483 corp: 59/10190b lim: 333 exec/s: 0 rss: 29Mb L: 8/333 MS: 1 EraseBytes-
#1031	REDUCE cov: 121 ft: 483 corp: 59/10187b lim: 333 exec/s: 0 rss: 29Mb L: 17/333 MS: 1 EraseBytes-
#1056	NEW    cov: 121 ft: 484 corp: 60/10503b lim: 333 exec/s: 0 rss: 29Mb L: 316/333 MS: 5 ChangeBit-CopyPart-ChangeBit-PersAutoDict-CrossOver- DE: "\377\377Z\022\255\317B\212"-
#1091	REDUCE cov: 121 ft: 484 corp: 60/10487b lim: 333 exec/s: 0 rss: 29Mb L: 72/333 MS: 5 CrossOver-ChangeASCIIInt-PersAutoDict-CopyPart-EraseBytes- DE: "avc1"-
#1095	NEW    cov: 121 ft: 485 corp: 61/10807b lim: 333 exec/s: 0 rss: 29Mb L: 320/333 MS: 4 CopyPart-CrossOver-ChangeBit-CMP- DE: "mdat"-
#1151	REDUCE cov: 121 ft: 485 corp: 61/10802b lim: 333 exec/s: 0 rss: 29Mb L: 183/333 MS: 1 CrossOver-
#1198	REDUCE cov: 121 ft: 485 corp: 61/10798b lim: 333 exec/s: 0 rss: 29Mb L: 11/333 MS: 2 CMP-EraseBytes- DE: "\001\000[\022q3\307\""-
#1211	REDUCE cov: 121 ft: 485 corp: 61/10755b lim: 333 exec/s: 0 rss: 29Mb L: 61/333 MS: 3 InsertByte-ChangeASCIIInt-EraseBytes-
#1305	NEW    cov: 121 ft: 488 corp: 62/11047b lim: 333 exec/s: 0 rss: 29Mb L: 292/333 MS: 4 CMP-EraseBytes-CrossOver-EraseBytes- DE: "ipro"-
#1331	NEW    cov: 122 ft: 489 corp: 63/11051b lim: 333 exec/s: 0 rss: 29Mb L: 4/333 MS: 1 EraseBytes-
#1346	REDUCE cov: 122 ft: 489 corp: 63/11048b lim: 333 exec/s: 0 rss: 29Mb L: 26/333 MS: 5 PersAutoDict-CMP-ChangeBinInt-ChangeBit-EraseBytes- DE: "\000\000\000\016"-"stss"-
#1388	NEW    cov: 122 ft: 490 corp: 64/11235b lim: 333 exec/s: 0 rss: 29Mb L: 187/333 MS: 2 ChangeBit-ChangeBit-
#1408	REDUCE cov: 122 ft: 490 corp: 64/11124b lim: 333 exec/s: 0 rss: 29Mb L: 173/333 MS: 5 InsertByte-InsertByte-CMP-ChangeBit-CrossOver- DE: "N7ISOBMFF3BoxE"-
#1414	REDUCE cov: 122 ft: 490 corp: 64/11066b lim: 333 exec/s: 0 rss: 29Mb L: 234/333 MS: 1 EraseBytes-
#1478	REDUCE cov: 122 ft: 493 corp: 65/11226b lim: 333 exec/s: 0 rss: 29Mb L: 160/333 MS: 4 PersAutoDict-EraseBytes-ChangeASCIIInt-ChangeBinInt- DE: "tapt"-
#1524	NEW    cov: 122 ft: 498 corp: 66/11542b lim: 333 exec/s: 0 rss: 29Mb L: 316/333 MS: 1 CrossOver-
#1616	REDUCE cov: 122 ft: 498 corp: 66/11541b lim: 333 exec/s: 0 rss: 29Mb L: 3/333 MS: 2 ChangeBit-EraseBytes-
#1631	NEW    cov: 122 ft: 499 corp: 67/11841b lim: 333 exec/s: 0 rss: 29Mb L: 300/333 MS: 5 CrossOver-ChangeByte-CopyPart-CMP-CrossOver- DE: " \000"-
#1650	REDUCE cov: 122 ft: 499 corp: 67/11839b lim: 333 exec/s: 0 rss: 29Mb L: 137/333 MS: 4 PersAutoDict-ChangeByte-ChangeByte-EraseBytes- DE: "tapt"-
#1730	NEW    cov: 122 ft: 500 corp: 68/12107b lim: 333 exec/s: 0 rss: 29Mb L: 268/333 MS: 5 ChangeByte-PersAutoDict-ChangeBinInt-ShuffleBytes-InsertByte- DE: "qt  "-
#1734	REDUCE cov: 122 ft: 500 corp: 68/12099b lim: 333 exec/s: 0 rss: 29Mb L: 175/333 MS: 4 InsertByte-ShuffleBytes-ChangeByte-EraseBytes-
#1746	REDUCE cov: 122 ft: 500 corp: 68/12098b lim: 333 exec/s: 0 rss: 29Mb L: 2/333 MS: 2 CopyPart-EraseBytes-
#1947	REDUCE cov: 122 ft: 500 corp: 68/12066b lim: 333 exec/s: 0 rss: 29Mb L: 40/333 MS: 1 EraseBytes-
#2055	REDUCE cov: 122 ft: 500 corp: 68/12016b lim: 333 exec/s: 0 rss: 29Mb L: 173/333 MS: 3 InsertRepeatedBytes-ChangeBinInt-EraseBytes-
#2138	REDUCE cov: 122 ft: 500 corp: 68/11906b lim: 333 exec/s: 0 rss: 29Mb L: 210/333 MS: 3 InsertByte-ShuffleBytes-CrossOver-
#2249	REDUCE cov: 122 ft: 500 corp: 68/11878b lim: 333 exec/s: 0 rss: 29Mb L: 98/333 MS: 1 EraseBytes-
#2260	REDUCE cov: 122 ft: 500 corp: 68/11877b lim: 333 exec/s: 0 rss: 29Mb L: 28/333 MS: 1 EraseBytes-
#2263	REDUCE cov: 122 ft: 500 corp: 68/11876b lim: 333 exec/s: 0 rss: 29Mb L: 33/333 MS: 3 EraseBytes-CMP-EraseBytes- DE: "hvcC"-
#2328	REDUCE cov: 122 ft: 500 corp: 68/11875b lim: 333 exec/s: 0 rss: 29Mb L: 16/333 MS: 5 PersAutoDict-ShuffleBytes-ChangeBinInt-ChangeBit-EraseBytes- DE: "\001\000[\022q3\307\""-
#2369	REDUCE cov: 122 ft: 500 corp: 68/11874b lim: 333 exec/s: 0 rss: 29Mb L: 27/333 MS: 1 EraseBytes-
#2385	REDUCE cov: 122 ft: 500 corp: 68/11854b lim: 333 exec/s: 0 rss: 29Mb L: 153/333 MS: 1 EraseBytes-
#2429	REDUCE cov: 122 ft: 500 corp: 68/11832b lim: 333 exec/s: 0 rss: 29Mb L: 134/333 MS: 4 ChangeBinInt-ChangeByte-ChangeASCIIInt-EraseBytes-
#2498	REDUCE cov: 122 ft: 500 corp: 68/11824b lim: 333 exec/s: 0 rss: 29Mb L: 202/333 MS: 4 CopyPart-PersAutoDict-PersAutoDict-EraseBytes- DE: "ipro"-"qt  "-
#2588	REDUCE cov: 122 ft: 500 corp: 68/11784b lim: 333 exec/s: 0 rss: 29Mb L: 120/333 MS: 5 ChangeByte-CrossOver-CMP-ChangeByte-CrossOver- DE: "\000\000\000\200u\377\377\360"-
#2626	REDUCE cov: 122 ft: 500 corp: 68/11732b lim: 333 exec/s: 0 rss: 29Mb L: 150/333 MS: 3 ChangeBinInt-InsertRepeatedBytes-EraseBytes-
#2649	REDUCE cov: 122 ft: 500 corp: 68/11724b lim: 333 exec/s: 0 rss: 29Mb L: 179/333 MS: 3 PersAutoDict-EraseBytes-CopyPart- DE: "\377\377Z\022\255\317B\212"-
#2709	REDUCE cov: 122 ft: 500 corp: 68/11697b lim: 333 exec/s: 0 rss: 29Mb L: 146/333 MS: 5 ChangeByte-CopyPart-CMP-ChangeBinInt-EraseBytes- DE: "\011\000"-
#2736	REDUCE cov: 122 ft: 500 corp: 68/11694b lim: 333 exec/s: 0 rss: 29Mb L: 11/333 MS: 2 ChangeBit-EraseBytes-
#2755	REDUCE cov: 122 ft: 500 corp: 68/11646b lim: 333 exec/s: 0 rss: 29Mb L: 222/333 MS: 4 InsertRepeatedBytes-PersAutoDict-InsertRepeatedBytes-EraseBytes- DE: "N7ISOBMFF3BoxE"-
#2801	REDUCE cov: 122 ft: 500 corp: 68/11631b lim: 333 exec/s: 0 rss: 29Mb L: 105/333 MS: 1 EraseBytes-
#3154	REDUCE cov: 122 ft: 500 corp: 68/11628b lim: 333 exec/s: 0 rss: 29Mb L: 8/333 MS: 3 EraseBytes-CrossOver-InsertByte-
#3390	REDUCE cov: 122 ft: 500 corp: 68/11576b lim: 333 exec/s: 0 rss: 29Mb L: 172/333 MS: 1 EraseBytes-
#3475	REDUCE cov: 122 ft: 500 corp: 68/11548b lim: 333 exec/s: 0 rss: 29Mb L: 242/333 MS: 5 ChangeByte-ShuffleBytes-InsertRepeatedBytes-EraseBytes-CMP- DE: "\001\000\000\016"-
#3617	REDUCE cov: 122 ft: 500 corp: 68/11545b lim: 333 exec/s: 0 rss: 29Mb L: 24/333 MS: 2 ChangeASCIIInt-EraseBytes-
#3805	REDUCE cov: 122 ft: 500 corp: 68/11526b lim: 333 exec/s: 0 rss: 29Mb L: 277/333 MS: 3 EraseBytes-PersAutoDict-PersAutoDict- DE: "\001\000[\022q3\307\""-"mdat"-
#3856	NEW    cov: 122 ft: 501 corp: 69/11859b lim: 333 exec/s: 0 rss: 29Mb L: 333/333 MS: 1 ChangeBit-
#3969	REDUCE cov: 122 ft: 501 corp: 69/11815b lim: 333 exec/s: 0 rss: 29Mb L: 190/333 MS: 3 ShuffleBytes-InsertByte-EraseBytes-
#3990	REDUCE cov: 122 ft: 501 corp: 69/11709b lim: 333 exec/s: 0 rss: 29Mb L: 227/333 MS: 1 EraseBytes-
#3994	REDUCE cov: 122 ft: 501 corp: 69/11697b lim: 333 exec/s: 0 rss: 29Mb L: 230/333 MS: 4 EraseBytes-ChangeByte-ChangeBit-CrossOver-
#4026	REDUCE cov: 122 ft: 501 corp: 69/11657b lim: 333 exec/s: 0 rss: 29Mb L: 110/333 MS: 2 PersAutoDict-EraseBytes- DE: "\233\000\000\000\000\000\000\000"-
#4055	REDUCE cov: 122 ft: 501 corp: 69/11646b lim: 333 exec/s: 0 rss: 29Mb L: 99/333 MS: 4 ShuffleBytes-ChangeByte-ChangeBinInt-EraseBytes-
#4215	REDUCE cov: 122 ft: 501 corp: 69/11619b lim: 333 exec/s: 0 rss: 29Mb L: 195/333 MS: 5 ChangeByte-ChangeASCIIInt-PersAutoDict-CrossOver-EraseBytes- DE: "mdia"-
#4309	REDUCE cov: 122 ft: 501 corp: 69/11591b lim: 333 exec/s: 0 rss: 29Mb L: 159/333 MS: 4 EraseBytes-EraseBytes-ShuffleBytes-CopyPart-
#4451	REDUCE cov: 122 ft: 501 corp: 69/11575b lim: 333 exec/s: 0 rss: 29Mb L: 310/333 MS: 2 ChangeBit-EraseBytes-
#4522	REDUCE cov: 122 ft: 501 corp: 69/11572b lim: 333 exec/s: 0 rss: 29Mb L: 27/333 MS: 1 EraseBytes-
#4578	REDUCE cov: 122 ft: 501 corp: 69/11536b lim: 333 exec/s: 0 rss: 29Mb L: 280/333 MS: 1 EraseBytes-
#4934	REDUCE cov: 122 ft: 501 corp: 69/11532b lim: 333 exec/s: 0 rss: 29Mb L: 26/333 MS: 1 EraseBytes-
#5120	REDUCE cov: 122 ft: 501 corp: 69/11530b lim: 333 exec/s: 0 rss: 29Mb L: 104/333 MS: 1 EraseBytes-
#5576	REDUCE cov: 122 ft: 501 corp: 69/11529b lim: 333 exec/s: 0 rss: 29Mb L: 38/333 MS: 1 EraseBytes-
#5619	REDUCE cov: 122 ft: 501 corp: 69/11506b lim: 333 exec/s: 0 rss: 29Mb L: 172/333 MS: 3 ChangeByte-ChangeByte-CrossOver-
#5620	REDUCE cov: 122 ft: 501 corp: 69/11449b lim: 333 exec/s: 0 rss: 29Mb L: 77/333 MS: 1 EraseBytes-
#5627	REDUCE cov: 122 ft: 501 corp: 69/11428b lim: 333 exec/s: 0 rss: 29Mb L: 78/333 MS: 2 ChangeBinInt-EraseBytes-
#5654	NEW    cov: 122 ft: 514 corp: 70/11688b lim: 333 exec/s: 0 rss: 29Mb L: 260/333 MS: 2 CMP-CMP- DE: "infe"-"pixi"-
#5707	REDUCE cov: 122 ft: 514 corp: 70/11682b lim: 333 exec/s: 0 rss: 29Mb L: 147/333 MS: 3 ShuffleBytes-CopyPart-EraseBytes-
#5793	REDUCE cov: 122 ft: 514 corp: 70/11681b lim: 333 exec/s: 0 rss: 29Mb L: 1/333 MS: 1 EraseBytes-
#5854	REDUCE cov: 122 ft: 514 corp: 70/11675b lim: 333 exec/s: 0 rss: 29Mb L: 228/333 MS: 1 EraseBytes-
#5885	REDUCE cov: 122 ft: 514 corp: 70/11673b lim: 333 exec/s: 0 rss: 29Mb L: 226/333 MS: 1 EraseBytes-
#5987	REDUCE cov: 122 ft: 514 corp: 70/11574b lim: 333 exec/s: 0 rss: 29Mb L: 38/333 MS: 2 ChangeASCIIInt-CrossOver-
#6059	REDUCE cov: 122 ft: 514 corp: 70/11550b lim: 333 exec/s: 0 rss: 29Mb L: 296/333 MS: 2 InsertRepeatedBytes-EraseBytes-
#6140	REDUCE cov: 122 ft: 514 corp: 70/11549b lim: 333 exec/s: 6140 rss: 30Mb L: 97/333 MS: 1 EraseBytes-
#6346	REDUCE cov: 122 ft: 514 corp: 70/11469b lim: 333 exec/s: 6346 rss: 30Mb L: 92/333 MS: 1 EraseBytes-
#6395	REDUCE cov: 122 ft: 514 corp: 70/11323b lim: 333 exec/s: 6395 rss: 30Mb L: 174/333 MS: 4 ChangeByte-InsertRepeatedBytes-InsertRepeatedBytes-EraseBytes-
#6505	REDUCE cov: 122 ft: 514 corp: 70/11320b lim: 333 exec/s: 6505 rss: 30Mb L: 101/333 MS: 5 InsertByte-CMP-InsertByte-EraseBytes-InsertRepeatedBytes- DE: "\371\000\000\000\000\000\000\000"-
#6661	REDUCE cov: 122 ft: 514 corp: 70/11297b lim: 333 exec/s: 6661 rss: 30Mb L: 183/333 MS: 1 EraseBytes-
#6906	NEW    cov: 122 ft: 515 corp: 71/11561b lim: 333 exec/s: 6906 rss: 30Mb L: 264/333 MS: 5 CrossOver-ChangeBinInt-ChangeBit-PersAutoDict-ChangeBit- DE: "\001\000\000\016"-
#6971	REDUCE cov: 122 ft: 515 corp: 71/11548b lim: 333 exec/s: 6971 rss: 30Mb L: 170/333 MS: 5 ChangeByte-ChangeBit-ShuffleBytes-ChangeBit-CrossOver-
#7025	REDUCE cov: 122 ft: 515 corp: 71/11545b lim: 333 exec/s: 7025 rss: 30Mb L: 91/333 MS: 4 PersAutoDict-EraseBytes-InsertByte-CMP- DE: "infe"-"stbl"-
#7343	REDUCE cov: 122 ft: 515 corp: 71/11534b lim: 333 exec/s: 7343 rss: 30Mb L: 67/333 MS: 3 CMP-InsertByte-EraseBytes- DE: "\001\375"-
#7463	REDUCE cov: 122 ft: 515 corp: 71/11532b lim: 333 exec/s: 7463 rss: 30Mb L: 308/333 MS: 5 InsertByte-InsertRepeatedBytes-ChangeBinInt-EraseBytes-CrossOver-
#7644	REDUCE cov: 122 ft: 515 corp: 71/11499b lim: 333 exec/s: 7644 rss: 30Mb L: 126/333 MS: 1 EraseBytes-
#7725	REDUCE cov: 122 ft: 515 corp: 71/11497b lim: 333 exec/s: 7725 rss: 30Mb L: 25/333 MS: 1 EraseBytes-
#7801	REDUCE cov: 122 ft: 515 corp: 71/11494b lim: 333 exec/s: 7801 rss: 30Mb L: 98/333 MS: 1 EraseBytes-
#7959	REDUCE cov: 122 ft: 515 corp: 71/11390b lim: 333 exec/s: 7959 rss: 30Mb L: 133/333 MS: 3 ChangeBit-CopyPart-EraseBytes-
#8115	REDUCE cov: 122 ft: 515 corp: 71/11380b lim: 333 exec/s: 8115 rss: 30Mb L: 57/333 MS: 1 EraseBytes-
#8142	REDUCE cov: 122 ft: 515 corp: 71/11374b lim: 333 exec/s: 8142 rss: 30Mb L: 32/333 MS: 2 EraseBytes-PersAutoDict- DE: "stbl"-
#8264	REDUCE cov: 122 ft: 515 corp: 71/11367b lim: 333 exec/s: 8264 rss: 30Mb L: 17/333 MS: 2 EraseBytes-ChangeBit-
#8334	REDUCE cov: 122 ft: 515 corp: 71/11362b lim: 333 exec/s: 8334 rss: 30Mb L: 196/333 MS: 5 ChangeByte-InsertRepeatedBytes-EraseBytes-InsertByte-CMP- DE: "\000\000\000\000\000\000\000\200"-
#8401	REDUCE cov: 122 ft: 515 corp: 71/11348b lim: 333 exec/s: 8401 rss: 30Mb L: 46/333 MS: 2 ChangeBinInt-EraseBytes-
#8773	REDUCE cov: 122 ft: 515 corp: 71/11295b lim: 333 exec/s: 8773 rss: 30Mb L: 237/333 MS: 2 CopyPart-EraseBytes-
#8888	NEW    cov: 123 ft: 517 corp: 72/11628b lim: 333 exec/s: 8888 rss: 30Mb L: 333/333 MS: 5 ShuffleBytes-ShuffleBytes-ChangeByte-ShuffleBytes-CopyPart-
#8930	REDUCE cov: 123 ft: 517 corp: 72/11624b lim: 333 exec/s: 8930 rss: 30Mb L: 60/333 MS: 2 ChangeBit-EraseBytes-
#8988	REDUCE cov: 123 ft: 517 corp: 72/11612b lim: 333 exec/s: 8988 rss: 30Mb L: 14/333 MS: 3 InsertByte-ChangeBinInt-EraseBytes-
#9169	REDUCE cov: 123 ft: 517 corp: 72/11610b lim: 333 exec/s: 9169 rss: 30Mb L: 59/333 MS: 1 EraseBytes-
#9232	NEW    cov: 123 ft: 529 corp: 73/11927b lim: 333 exec/s: 9232 rss: 30Mb L: 317/333 MS: 3 CMP-CrossOver-ChangeByte- DE: " \000"-
#9483	REDUCE cov: 123 ft: 529 corp: 73/11912b lim: 333 exec/s: 9483 rss: 30Mb L: 237/333 MS: 1 EraseBytes-
#9594	REDUCE cov: 123 ft: 529 corp: 73/11911b lim: 333 exec/s: 9594 rss: 30Mb L: 25/333 MS: 1 EraseBytes-
#9622	REDUCE cov: 123 ft: 529 corp: 73/11906b lim: 333 exec/s: 9622 rss: 30Mb L: 272/333 MS: 3 CrossOver-ChangeASCIIInt-EraseBytes-
#9686	REDUCE cov: 123 ft: 529 corp: 73/11902b lim: 333 exec/s: 9686 rss: 30Mb L: 10/333 MS: 4 ChangeBit-CMP-PersAutoDict-EraseBytes- DE: "\007\000"-"avc1"-
#9756	REDUCE cov: 123 ft: 529 corp: 73/11866b lim: 333 exec/s: 9756 rss: 30Mb L: 56/333 MS: 5 CMP-CopyPart-EraseBytes-ChangeBinInt-EraseBytes- DE: "ipma"-
#9902	REDUCE cov: 123 ft: 529 corp: 73/11833b lim: 333 exec/s: 9902 rss: 30Mb L: 157/333 MS: 1 EraseBytes-
#9970	REDUCE cov: 123 ft: 529 corp: 73/11817b lim: 333 exec/s: 9970 rss: 30Mb L: 40/333 MS: 3 ChangeBinInt-ChangeBinInt-EraseBytes-
#10211	REDUCE cov: 123 ft: 530 corp: 74/12067b lim: 333 exec/s: 10211 rss: 30Mb L: 250/333 MS: 1 CopyPart-
#10525	REDUCE cov: 123 ft: 530 corp: 74/12056b lim: 333 exec/s: 10525 rss: 30Mb L: 134/333 MS: 4 CrossOver-ShuffleBytes-ChangeBit-InsertRepeatedBytes-
#10573	REDUCE cov: 123 ft: 530 corp: 74/12036b lim: 333 exec/s: 10573 rss: 30Mb L: 57/333 MS: 3 CopyPart-ChangeBinInt-EraseBytes-
#10819	NEW    cov: 123 ft: 531 corp: 75/12353b lim: 333 exec/s: 10819 rss: 30Mb L: 317/333 MS: 1 ChangeBit-
#10845	NEW    cov: 123 ft: 533 corp: 76/12579b lim: 333 exec/s: 10845 rss: 30Mb L: 226/333 MS: 1 EraseBytes-
#11015	REDUCE cov: 123 ft: 533 corp: 76/12577b lim: 333 exec/s: 11015 rss: 30Mb L: 9/333 MS: 5 ShuffleBytes-ChangeByte-ChangeBit-InsertByte-EraseBytes-
#11028	REDUCE cov: 123 ft: 533 corp: 76/12569b lim: 333 exec/s: 11028 rss: 30Mb L: 32/333 MS: 3 ChangeByte-EraseBytes-EraseBytes-
#11227	REDUCE cov: 123 ft: 533 corp: 76/12561b lim: 333 exec/s: 11227 rss: 30Mb L: 24/333 MS: 4 CMP-ChangeBinInt-ShuffleBytes-EraseBytes- DE: "frma"-
#11328	REDUCE cov: 123 ft: 533 corp: 76/12556b lim: 333 exec/s: 11328 rss: 30Mb L: 142/333 MS: 1 EraseBytes-
#11390	REDUCE cov: 123 ft: 533 corp: 76/12538b lim: 333 exec/s: 11390 rss: 30Mb L: 219/333 MS: 2 PersAutoDict-EraseBytes- DE: "infe"-
#11429	REDUCE cov: 123 ft: 533 corp: 76/12535b lim: 333 exec/s: 11429 rss: 30Mb L: 97/333 MS: 4 ShuffleBytes-ShuffleBytes-EraseBytes-PersAutoDict- DE: "losi"-
#11566	REDUCE cov: 123 ft: 533 corp: 76/12534b lim: 333 exec/s: 11566 rss: 30Mb L: 24/333 MS: 2 EraseBytes-InsertByte-
#12062	REDUCE cov: 123 ft: 533 corp: 76/12487b lim: 333 exec/s: 12062 rss: 30Mb L: 233/333 MS: 1 EraseBytes-
#12309	NEW    cov: 123 ft: 534 corp: 77/12804b lim: 333 exec/s: 12309 rss: 30Mb L: 317/333 MS: 2 ShuffleBytes-ChangeByte-
#12451	REDUCE cov: 123 ft: 534 corp: 77/12803b lim: 333 exec/s: 6225 rss: 30Mb L: 9/333 MS: 1 EraseBytes-
#12995	REDUCE cov: 123 ft: 534 corp: 77/12758b lim: 333 exec/s: 6497 rss: 30Mb L: 60/333 MS: 4 CopyPart-ChangeByte-ChangeBinInt-EraseBytes-
#13204	REDUCE cov: 123 ft: 534 corp: 77/12746b lim: 333 exec/s: 6602 rss: 30Mb L: 287/333 MS: 4 InsertByte-EraseBytes-InsertRepeatedBytes-InsertRepeatedBytes-
#13738	REDUCE cov: 123 ft: 534 corp: 77/12745b lim: 333 exec/s: 6869 rss: 30Mb L: 226/333 MS: 4 ShuffleBytes-ShuffleBytes-CMP-EraseBytes- DE: "minf"-
#13783	REDUCE cov: 123 ft: 534 corp: 77/12728b lim: 333 exec/s: 6891 rss: 30Mb L: 209/333 MS: 5 CrossOver-CMP-ChangeByte-ChangeByte-InsertRepeatedBytes- DE: "schi"-
#14064	REDUCE cov: 123 ft: 534 corp: 77/12721b lim: 333 exec/s: 7032 rss: 30Mb L: 119/333 MS: 1 EraseBytes-
#14296	REDUCE cov: 123 ft: 534 corp: 77/12673b lim: 333 exec/s: 7148 rss: 30Mb L: 224/333 MS: 2 CMP-EraseBytes- DE: "\025\000\000\000"-
#14364	REDUCE cov: 123 ft: 534 corp: 77/12647b lim: 333 exec/s: 7182 rss: 30Mb L: 31/333 MS: 3 ShuffleBytes-CopyPart-EraseBytes-
#14487	REDUCE cov: 123 ft: 534 corp: 77/12646b lim: 333 exec/s: 7243 rss: 30Mb L: 16/333 MS: 3 ChangeBit-InsertByte-EraseBytes-
#15098	REDUCE cov: 123 ft: 534 corp: 77/12638b lim: 333 exec/s: 7549 rss: 30Mb L: 24/333 MS: 1 EraseBytes-
#15179	REDUCE cov: 123 ft: 534 corp: 77/12615b lim: 333 exec/s: 7589 rss: 30Mb L: 197/333 MS: 1 CrossOver-
#15410	REDUCE cov: 123 ft: 534 corp: 77/12568b lim: 333 exec/s: 7705 rss: 30Mb L: 72/333 MS: 1 EraseBytes-
#15661	REDUCE cov: 123 ft: 534 corp: 77/12563b lim: 333 exec/s: 7830 rss: 30Mb L: 55/333 MS: 1 EraseBytes-
#15929	REDUCE cov: 123 ft: 534 corp: 77/12562b lim: 333 exec/s: 7964 rss: 30Mb L: 44/333 MS: 3 InsertRepeatedBytes-ShuffleBytes-EraseBytes-
#16141	REDUCE cov: 123 ft: 545 corp: 78/12799b lim: 333 exec/s: 8070 rss: 30Mb L: 237/333 MS: 2 PersAutoDict-PersAutoDict- DE: "infe"-"ipro"-
#16188	REDUCE cov: 123 ft: 545 corp: 78/12796b lim: 333 exec/s: 8094 rss: 30Mb L: 28/333 MS: 2 ChangeASCIIInt-EraseBytes-
#16384	pulse  cov: 123 ft: 545 corp: 78/12796b lim: 333 exec/s: 8192 rss: 30Mb
#16829	NEW    cov: 125 ft: 547 corp: 79/13124b lim: 333 exec/s: 8414 rss: 30Mb L: 328/333 MS: 1 InsertRepeatedBytes-
#16866	REDUCE cov: 125 ft: 547 corp: 79/13123b lim: 333 exec/s: 8433 rss: 30Mb L: 8/333 MS: 2 ChangeByte-EraseBytes-
#16923	REDUCE cov: 125 ft: 547 corp: 79/13094b lim: 333 exec/s: 8461 rss: 30Mb L: 221/333 MS: 2 ShuffleBytes-EraseBytes-
#17086	REDUCE cov: 125 ft: 547 corp: 79/13027b lim: 333 exec/s: 8543 rss: 30Mb L: 105/333 MS: 3 ShuffleBytes-ShuffleBytes-EraseBytes-
#17774	REDUCE cov: 125 ft: 547 corp: 79/13017b lim: 333 exec/s: 8887 rss: 30Mb L: 277/333 MS: 3 CrossOver-CopyPart-EraseBytes-
#18040	REDUCE cov: 125 ft: 552 corp: 80/13050b lim: 333 exec/s: 9020 rss: 30Mb L: 33/333 MS: 1 EraseBytes-
#18248	REDUCE cov: 125 ft: 552 corp: 80/13049b lim: 333 exec/s: 9124 rss: 30Mb L: 97/333 MS: 3 EraseBytes-CMP-InsertByte- DE: "\000\000\000\000"-
#18364	REDUCE cov: 125 ft: 552 corp: 80/13042b lim: 333 exec/s: 9182 rss: 30Mb L: 310/333 MS: 1 EraseBytes-
#18608	REDUCE cov: 125 ft: 552 corp: 80/13036b lim: 333 exec/s: 9304 rss: 30Mb L: 40/333 MS: 4 ChangeASCIIInt-ChangeByte-EraseBytes-PersAutoDict- DE: "\001\375"-
#18638	NEW    cov: 125 ft: 553 corp: 81/13233b lim: 333 exec/s: 9319 rss: 30Mb L: 197/333 MS: 5 CopyPart-CMP-CrossOver-ChangeASCIIInt-EraseBytes- DE: "\000\000[\022q4\223J"-
#18932	REDUCE cov: 125 ft: 553 corp: 81/13198b lim: 333 exec/s: 6310 rss: 30Mb L: 174/333 MS: 3 ChangeBinInt-ChangeASCIIInt-CrossOver-
#19409	REDUCE cov: 125 ft: 553 corp: 81/13189b lim: 333 exec/s: 6469 rss: 30Mb L: 88/333 MS: 2 PersAutoDict-EraseBytes- DE: "\001\000[\022\255\317\321\332"-
==914280== ERROR: libFuzzer: out-of-memory (used: 1449Mb; limit: 1024Mb)
   To change the out-of-memory limit use -rss_limit_mb=<N>

MS: 1 ChangeBinInt-; base unit: 09181b3449440f90a65c8f7ac87d2d097e9b1008
artifact_prefix='/results/crashes/20260313_191404_ff5397eb_'; Test unit written to /results/crashes/20260313_191404_ff5397eb_oom-370e801377336443d6475ef38d79857f4c0d796d
SUMMARY: libFuzzer: out-of-memory
stat::number_of_executed_units: 19450
stat::average_exec_per_sec:     4862
stat::new_units_added:          206
stat::slowest_unit_time_sec:    0
stat::peak_rss_mb:              1450
