INFO: Running with entropic power schedule (0xFF, 100).
INFO: Seed: 1978217138
INFO: Loaded 1 modules   (252 inline 8-bit counters): 252 [0x6272bf857678, 0x6272bf857774), 
INFO: Loaded 1 PC tables (252 PCs): 252 [0x6272bf857778,0x6272bf858738), 
INFO:        4 files found in /tmp/corpus_20260313_151716_14bdd962
INFO: seed corpus: files: 4 min: 48b max: 333b total: 853b rss: 28Mb
#5	INITED cov: 118 ft: 251 corp: 4/853b exec/s: 0 rss: 29Mb
#8	NEW    cov: 119 ft: 253 corp: 5/1099b lim: 333 exec/s: 0 rss: 29Mb L: 246/333 MS: 3 ChangeByte-InsertByte-EraseBytes-
#10	NEW    cov: 119 ft: 266 corp: 6/1418b lim: 333 exec/s: 0 rss: 29Mb L: 319/333 MS: 2 InsertByte-InsertRepeatedBytes-
#12	NEW    cov: 119 ft: 267 corp: 7/1657b lim: 333 exec/s: 0 rss: 29Mb L: 239/333 MS: 2 EraseBytes-CrossOver-
#13	NEW    cov: 119 ft: 268 corp: 8/1990b lim: 333 exec/s: 0 rss: 29Mb L: 333/333 MS: 1 CrossOver-
#15	NEW    cov: 119 ft: 275 corp: 9/2154b lim: 333 exec/s: 0 rss: 29Mb L: 164/333 MS: 2 ChangeBit-EraseBytes-
#17	NEW    cov: 121 ft: 287 corp: 10/2487b lim: 333 exec/s: 0 rss: 29Mb L: 333/333 MS: 2 ShuffleBytes-CopyPart-
#24	NEW    cov: 121 ft: 291 corp: 11/2709b lim: 333 exec/s: 0 rss: 29Mb L: 222/333 MS: 2 CMP-CMP- DE: "ipma"-"\000\001"-
#25	NEW    cov: 121 ft: 292 corp: 12/2856b lim: 333 exec/s: 0 rss: 29Mb L: 147/333 MS: 1 EraseBytes-
#31	NEW    cov: 121 ft: 298 corp: 13/3024b lim: 333 exec/s: 0 rss: 29Mb L: 168/333 MS: 1 CMP- DE: "mdia"-
#33	NEW    cov: 121 ft: 299 corp: 14/3296b lim: 333 exec/s: 0 rss: 29Mb L: 272/333 MS: 2 ChangeBinInt-CopyPart-
#35	NEW    cov: 121 ft: 300 corp: 15/3535b lim: 333 exec/s: 0 rss: 29Mb L: 239/333 MS: 2 CopyPart-CrossOver-
#43	NEW    cov: 121 ft: 301 corp: 16/3858b lim: 333 exec/s: 0 rss: 29Mb L: 323/333 MS: 3 InsertRepeatedBytes-PersAutoDict-InsertByte- DE: "mdia"-
#44	NEW    cov: 121 ft: 306 corp: 17/4015b lim: 333 exec/s: 0 rss: 29Mb L: 157/333 MS: 1 EraseBytes-
#45	NEW    cov: 121 ft: 317 corp: 18/4115b lim: 333 exec/s: 0 rss: 29Mb L: 100/333 MS: 1 EraseBytes-
#62	NEW    cov: 121 ft: 318 corp: 19/4448b lim: 333 exec/s: 0 rss: 29Mb L: 333/333 MS: 2 CopyPart-CMP- DE: "rli+"-
#64	NEW    cov: 121 ft: 354 corp: 20/4767b lim: 333 exec/s: 0 rss: 29Mb L: 319/333 MS: 2 ChangeBinInt-ChangeBit-
#72	NEW    cov: 121 ft: 355 corp: 21/4868b lim: 333 exec/s: 0 rss: 29Mb L: 101/333 MS: 3 ChangeBinInt-PersAutoDict-InsertByte- DE: "rli+"-
#75	REDUCE cov: 121 ft: 355 corp: 21/4840b lim: 333 exec/s: 0 rss: 29Mb L: 291/333 MS: 3 InsertRepeatedBytes-ShuffleBytes-EraseBytes-
#83	NEW    cov: 121 ft: 373 corp: 22/5152b lim: 333 exec/s: 0 rss: 29Mb L: 312/333 MS: 3 CopyPart-ChangeByte-EraseBytes-
#85	NEW    cov: 121 ft: 393 corp: 23/5177b lim: 333 exec/s: 0 rss: 29Mb L: 25/333 MS: 2 ChangeBinInt-EraseBytes-
#87	NEW    cov: 121 ft: 394 corp: 24/5334b lim: 333 exec/s: 0 rss: 29Mb L: 157/333 MS: 2 ChangeByte-CMP- DE: "hvc1"-
#90	NEW    cov: 121 ft: 395 corp: 25/5504b lim: 333 exec/s: 0 rss: 29Mb L: 170/333 MS: 3 ChangeBit-ChangeByte-PersAutoDict- DE: "\000\001"-
#96	NEW    cov: 121 ft: 401 corp: 26/5636b lim: 333 exec/s: 0 rss: 29Mb L: 132/333 MS: 1 CrossOver-
#107	NEW    cov: 121 ft: 403 corp: 27/5711b lim: 333 exec/s: 0 rss: 29Mb L: 75/333 MS: 1 CrossOver-
#108	NEW    cov: 121 ft: 404 corp: 28/5786b lim: 333 exec/s: 0 rss: 29Mb L: 75/333 MS: 1 PersAutoDict- DE: "hvc1"-
#115	NEW    cov: 121 ft: 405 corp: 29/6062b lim: 333 exec/s: 0 rss: 29Mb L: 276/333 MS: 2 CrossOver-CrossOver-
#121	NEW    cov: 121 ft: 406 corp: 30/6339b lim: 333 exec/s: 0 rss: 29Mb L: 277/333 MS: 1 InsertByte-
#126	NEW    cov: 121 ft: 410 corp: 31/6667b lim: 333 exec/s: 0 rss: 29Mb L: 328/333 MS: 5 CrossOver-ChangeBinInt-ShuffleBytes-CrossOver-CrossOver-
#128	NEW    cov: 121 ft: 411 corp: 32/6915b lim: 333 exec/s: 0 rss: 29Mb L: 248/333 MS: 2 CrossOver-ChangeByte-
#130	REDUCE cov: 121 ft: 411 corp: 32/6861b lim: 333 exec/s: 0 rss: 29Mb L: 93/333 MS: 2 ChangeBit-EraseBytes-
#137	REDUCE cov: 121 ft: 411 corp: 32/6798b lim: 333 exec/s: 0 rss: 29Mb L: 270/333 MS: 2 ChangeBinInt-CrossOver-
#143	NEW    cov: 121 ft: 415 corp: 33/6834b lim: 333 exec/s: 0 rss: 29Mb L: 36/333 MS: 1 CrossOver-
#155	NEW    cov: 121 ft: 424 corp: 34/7082b lim: 333 exec/s: 0 rss: 29Mb L: 248/333 MS: 2 ShuffleBytes-CrossOver-
#158	NEW    cov: 121 ft: 425 corp: 35/7122b lim: 333 exec/s: 0 rss: 29Mb L: 40/333 MS: 3 ShuffleBytes-ChangeASCIIInt-PersAutoDict- DE: "hvc1"-
#165	NEW    cov: 121 ft: 426 corp: 36/7445b lim: 333 exec/s: 0 rss: 29Mb L: 323/333 MS: 2 ShuffleBytes-CMP- DE: "\001\000\000\000\000\000\001I"-
#166	REDUCE cov: 121 ft: 426 corp: 36/7407b lim: 333 exec/s: 0 rss: 29Mb L: 295/333 MS: 1 EraseBytes-
#168	NEW    cov: 121 ft: 427 corp: 37/7559b lim: 333 exec/s: 0 rss: 29Mb L: 152/333 MS: 2 EraseBytes-PersAutoDict- DE: "\001\000\000\000\000\000\001I"-
#171	REDUCE cov: 121 ft: 427 corp: 37/7534b lim: 333 exec/s: 0 rss: 29Mb L: 50/333 MS: 3 ChangeBinInt-PersAutoDict-EraseBytes- DE: "ipma"-
#177	NEW    cov: 121 ft: 428 corp: 38/7613b lim: 333 exec/s: 0 rss: 29Mb L: 79/333 MS: 1 CMP- DE: "\377\377\377\000"-
#181	NEW    cov: 122 ft: 429 corp: 39/7853b lim: 333 exec/s: 0 rss: 29Mb L: 240/333 MS: 4 CopyPart-ChangeBinInt-CrossOver-EraseBytes-
#211	NEW    cov: 122 ft: 431 corp: 40/7879b lim: 333 exec/s: 0 rss: 29Mb L: 26/333 MS: 5 InsertByte-ChangeBinInt-EraseBytes-ChangeBinInt-ChangeBinInt-
#215	NEW    cov: 122 ft: 432 corp: 41/7937b lim: 333 exec/s: 0 rss: 29Mb L: 58/333 MS: 4 InsertByte-ChangeASCIIInt-InsertRepeatedBytes-EraseBytes-
#225	NEW    cov: 122 ft: 433 corp: 42/7971b lim: 333 exec/s: 0 rss: 29Mb L: 34/333 MS: 5 ChangeBit-InsertRepeatedBytes-EraseBytes-InsertByte-PersAutoDict- DE: "mdia"-
#227	NEW    cov: 122 ft: 434 corp: 43/8247b lim: 333 exec/s: 0 rss: 29Mb L: 276/333 MS: 2 ChangeByte-ChangeByte-
#245	REDUCE cov: 122 ft: 434 corp: 43/8233b lim: 333 exec/s: 0 rss: 29Mb L: 208/333 MS: 3 ChangeBit-InsertByte-EraseBytes-
#250	REDUCE cov: 122 ft: 436 corp: 44/8509b lim: 333 exec/s: 0 rss: 29Mb L: 276/333 MS: 5 PersAutoDict-PersAutoDict-PersAutoDict-ChangeBit-CopyPart- DE: "\000\001"-"ipma"-"\000\001"-
#299	REDUCE cov: 122 ft: 436 corp: 44/8502b lim: 333 exec/s: 0 rss: 29Mb L: 43/333 MS: 4 InsertRepeatedBytes-ShuffleBytes-EraseBytes-EraseBytes-
#337	NEW    cov: 122 ft: 438 corp: 45/8526b lim: 333 exec/s: 0 rss: 29Mb L: 24/333 MS: 3 CMP-PersAutoDict-EraseBytes- DE: "cdsc"-"\000\001"-
#358	REDUCE cov: 122 ft: 438 corp: 45/8481b lim: 333 exec/s: 0 rss: 29Mb L: 48/333 MS: 1 EraseBytes-
#387	REDUCE cov: 122 ft: 438 corp: 45/8361b lim: 333 exec/s: 0 rss: 29Mb L: 192/333 MS: 4 ChangeBinInt-ChangeBit-CMP-EraseBytes- DE: "ipma"-
#447	NEW    cov: 122 ft: 442 corp: 46/8690b lim: 333 exec/s: 0 rss: 29Mb L: 329/333 MS: 5 ChangeBit-ChangeBinInt-CrossOver-ChangeByte-InsertRepeatedBytes-
#451	NEW    cov: 122 ft: 443 corp: 47/8942b lim: 333 exec/s: 0 rss: 29Mb L: 252/333 MS: 4 PersAutoDict-ChangeByte-ChangeByte-CrossOver- DE: "\001\000\000\000\000\000\001I"-
#463	NEW    cov: 122 ft: 451 corp: 48/8965b lim: 333 exec/s: 0 rss: 29Mb L: 23/333 MS: 2 ChangeBit-CrossOver-
#467	REDUCE cov: 122 ft: 451 corp: 48/8929b lim: 333 exec/s: 0 rss: 29Mb L: 203/333 MS: 4 CMP-CopyPart-ChangeByte-EraseBytes- DE: "\377\377\377\377\377\377\377\177"-
#563	NEW    cov: 122 ft: 452 corp: 49/9193b lim: 333 exec/s: 0 rss: 29Mb L: 264/333 MS: 1 CrossOver-
#571	REDUCE cov: 122 ft: 452 corp: 49/9191b lim: 333 exec/s: 0 rss: 29Mb L: 46/333 MS: 3 InsertByte-ChangeBinInt-EraseBytes-
#579	REDUCE cov: 122 ft: 452 corp: 49/9173b lim: 333 exec/s: 0 rss: 29Mb L: 150/333 MS: 3 CMP-CMP-EraseBytes- DE: "\001\000\000 "-"\000\000\000\000\000\000\000\001"-
#604	NEW    cov: 122 ft: 468 corp: 50/9188b lim: 333 exec/s: 0 rss: 29Mb L: 15/333 MS: 5 InsertByte-PersAutoDict-InsertRepeatedBytes-CrossOver-EraseBytes- DE: "hvc1"-
#694	REDUCE cov: 122 ft: 469 corp: 51/9442b lim: 333 exec/s: 0 rss: 29Mb L: 254/333 MS: 5 InsertRepeatedBytes-ChangeByte-ChangeBit-ChangeBinInt-InsertByte-
#722	REDUCE cov: 122 ft: 469 corp: 51/9354b lim: 333 exec/s: 0 rss: 29Mb L: 120/333 MS: 3 ChangeByte-EraseBytes-CopyPart-
#748	NEW    cov: 122 ft: 470 corp: 52/9619b lim: 333 exec/s: 0 rss: 29Mb L: 265/333 MS: 1 InsertByte-
#757	NEW    cov: 122 ft: 471 corp: 53/9889b lim: 333 exec/s: 0 rss: 29Mb L: 270/333 MS: 4 PersAutoDict-InsertByte-ShuffleBytes-InsertRepeatedBytes- DE: "rli+"-
#802	REDUCE cov: 122 ft: 471 corp: 53/9767b lim: 333 exec/s: 0 rss: 29Mb L: 148/333 MS: 5 ChangeBit-ChangeBinInt-ChangeByte-CMP-EraseBytes- DE: "\371\273G\354rb\000\000"-
#839	REDUCE cov: 122 ft: 471 corp: 53/9758b lim: 333 exec/s: 0 rss: 29Mb L: 34/333 MS: 2 ShuffleBytes-EraseBytes-
#983	NEW    cov: 122 ft: 477 corp: 54/10006b lim: 333 exec/s: 0 rss: 29Mb L: 248/333 MS: 4 CMP-CMP-CopyPart-CMP- DE: "kdr\000"-"\000\000br\354En\200"-"mdia"-
#1022	REDUCE cov: 122 ft: 477 corp: 54/9992b lim: 333 exec/s: 0 rss: 29Mb L: 26/333 MS: 4 ChangeByte-ChangeBinInt-ChangeBinInt-EraseBytes-
#1054	REDUCE cov: 122 ft: 477 corp: 54/9949b lim: 333 exec/s: 0 rss: 29Mb L: 205/333 MS: 2 ShuffleBytes-EraseBytes-
#1057	REDUCE cov: 122 ft: 477 corp: 54/9920b lim: 333 exec/s: 0 rss: 29Mb L: 174/333 MS: 3 InsertByte-CrossOver-EraseBytes-
#1124	REDUCE cov: 122 ft: 477 corp: 54/9906b lim: 333 exec/s: 0 rss: 29Mb L: 143/333 MS: 2 ChangeByte-EraseBytes-
#1137	REDUCE cov: 122 ft: 477 corp: 54/9897b lim: 333 exec/s: 0 rss: 29Mb L: 37/333 MS: 3 ChangeBinInt-ChangeBinInt-EraseBytes-
#1189	REDUCE cov: 122 ft: 477 corp: 54/9883b lim: 333 exec/s: 0 rss: 29Mb L: 281/333 MS: 2 CopyPart-EraseBytes-
#1190	REDUCE cov: 122 ft: 477 corp: 54/9848b lim: 333 exec/s: 0 rss: 29Mb L: 117/333 MS: 1 EraseBytes-
#1248	REDUCE cov: 122 ft: 477 corp: 54/9842b lim: 333 exec/s: 0 rss: 29Mb L: 9/333 MS: 3 ChangeASCIIInt-ChangeBit-EraseBytes-
#1354	REDUCE cov: 122 ft: 477 corp: 54/9835b lim: 333 exec/s: 0 rss: 29Mb L: 30/333 MS: 1 EraseBytes-
#1428	REDUCE cov: 122 ft: 477 corp: 54/9762b lim: 333 exec/s: 0 rss: 29Mb L: 179/333 MS: 4 InsertByte-InsertByte-InsertByte-EraseBytes-
#1444	REDUCE cov: 122 ft: 477 corp: 54/9725b lim: 333 exec/s: 0 rss: 29Mb L: 142/333 MS: 1 EraseBytes-
#1454	REDUCE cov: 122 ft: 477 corp: 54/9723b lim: 333 exec/s: 0 rss: 29Mb L: 24/333 MS: 5 InsertByte-ChangeByte-InsertByte-ChangeBinInt-EraseBytes-
#1474	NEW    cov: 122 ft: 478 corp: 55/10056b lim: 333 exec/s: 0 rss: 29Mb L: 333/333 MS: 5 InsertByte-InsertRepeatedBytes-InsertRepeatedBytes-CrossOver-InsertByte-
#1477	REDUCE cov: 122 ft: 478 corp: 55/10048b lim: 333 exec/s: 0 rss: 29Mb L: 16/333 MS: 3 ChangeByte-CopyPart-EraseBytes-
#1479	NEW    cov: 122 ft: 479 corp: 56/10062b lim: 333 exec/s: 0 rss: 29Mb L: 14/333 MS: 2 EraseBytes-CopyPart-
#1496	REDUCE cov: 122 ft: 479 corp: 56/10003b lim: 333 exec/s: 0 rss: 29Mb L: 222/333 MS: 2 InsertByte-EraseBytes-
#1560	REDUCE cov: 122 ft: 479 corp: 56/10002b lim: 333 exec/s: 0 rss: 29Mb L: 269/333 MS: 4 ChangeASCIIInt-PersAutoDict-ShuffleBytes-EraseBytes- DE: "rli+"-
#1626	REDUCE cov: 122 ft: 479 corp: 56/9995b lim: 333 exec/s: 0 rss: 29Mb L: 269/333 MS: 1 EraseBytes-
#1639	REDUCE cov: 122 ft: 479 corp: 56/9992b lim: 333 exec/s: 0 rss: 29Mb L: 33/333 MS: 3 InsertByte-ChangeBinInt-EraseBytes-
#1721	REDUCE cov: 122 ft: 479 corp: 56/9991b lim: 333 exec/s: 0 rss: 29Mb L: 239/333 MS: 2 InsertRepeatedBytes-EraseBytes-
#1763	NEW    cov: 122 ft: 480 corp: 57/10239b lim: 333 exec/s: 0 rss: 29Mb L: 248/333 MS: 2 ChangeBit-ChangeByte-
#1814	NEW    cov: 122 ft: 485 corp: 58/10487b lim: 333 exec/s: 0 rss: 29Mb L: 248/333 MS: 1 PersAutoDict- DE: "ipma"-
#1862	NEW    cov: 122 ft: 492 corp: 59/10611b lim: 333 exec/s: 0 rss: 29Mb L: 124/333 MS: 3 ChangeByte-InsertRepeatedBytes-EraseBytes-
#1954	NEW    cov: 123 ft: 493 corp: 60/10614b lim: 333 exec/s: 0 rss: 29Mb L: 3/333 MS: 2 CMP-CrossOver- DE: "ri24"-
#1971	NEW    cov: 123 ft: 494 corp: 61/10868b lim: 333 exec/s: 0 rss: 29Mb L: 254/333 MS: 2 CrossOver-ShuffleBytes-
#2040	REDUCE cov: 123 ft: 494 corp: 61/10828b lim: 333 exec/s: 0 rss: 29Mb L: 165/333 MS: 4 ShuffleBytes-CopyPart-CrossOver-EraseBytes-
#2046	REDUCE cov: 123 ft: 494 corp: 61/10813b lim: 333 exec/s: 0 rss: 29Mb L: 127/333 MS: 1 EraseBytes-
#2137	NEW    cov: 123 ft: 495 corp: 62/11033b lim: 333 exec/s: 0 rss: 29Mb L: 220/333 MS: 1 ChangeBit-
#2359	NEW    cov: 123 ft: 496 corp: 63/11353b lim: 333 exec/s: 0 rss: 29Mb L: 320/333 MS: 2 CrossOver-CrossOver-
#2555	REDUCE cov: 123 ft: 496 corp: 63/11325b lim: 333 exec/s: 0 rss: 29Mb L: 96/333 MS: 1 EraseBytes-
#2582	REDUCE cov: 123 ft: 496 corp: 63/11314b lim: 333 exec/s: 0 rss: 29Mb L: 132/333 MS: 2 ShuffleBytes-EraseBytes-
#2652	REDUCE cov: 123 ft: 496 corp: 63/11301b lim: 333 exec/s: 0 rss: 29Mb L: 157/333 MS: 5 InsertByte-EraseBytes-ChangeBit-ChangeByte-CMP- DE: "\000\000\000\001\000\000\000\002"-
#2684	REDUCE cov: 123 ft: 496 corp: 63/11300b lim: 333 exec/s: 0 rss: 29Mb L: 22/333 MS: 2 ChangeBit-EraseBytes-
#2692	REDUCE cov: 123 ft: 496 corp: 63/11284b lim: 333 exec/s: 0 rss: 29Mb L: 238/333 MS: 3 PersAutoDict-ChangeBit-EraseBytes- DE: "hvc1"-
#2716	NEW    cov: 123 ft: 498 corp: 64/11508b lim: 333 exec/s: 0 rss: 29Mb L: 224/333 MS: 4 ChangeByte-ChangeBinInt-ChangeBinInt-CMP- DE: "\377\377\377\025"-
#2897	REDUCE cov: 123 ft: 498 corp: 64/11502b lim: 333 exec/s: 0 rss: 29Mb L: 10/333 MS: 1 EraseBytes-
#2929	REDUCE cov: 123 ft: 498 corp: 64/11462b lim: 333 exec/s: 0 rss: 29Mb L: 56/333 MS: 2 ChangeBit-CrossOver-
#3043	NEW    cov: 124 ft: 511 corp: 65/11710b lim: 333 exec/s: 0 rss: 29Mb L: 248/333 MS: 4 ChangeBit-PersAutoDict-ChangeByte-ChangeASCIIInt- DE: "\371\273G\354rb\000\000"-
#3101	REDUCE cov: 124 ft: 511 corp: 65/11630b lim: 333 exec/s: 0 rss: 29Mb L: 142/333 MS: 3 ChangeBinInt-CMP-EraseBytes- DE: "\010\000\000\000"-
#3103	REDUCE cov: 124 ft: 511 corp: 65/11619b lim: 333 exec/s: 0 rss: 29Mb L: 109/333 MS: 2 PersAutoDict-EraseBytes- DE: "mdia"-
#3111	REDUCE cov: 124 ft: 511 corp: 65/11582b lim: 333 exec/s: 0 rss: 29Mb L: 202/333 MS: 3 ChangeByte-ChangeByte-EraseBytes-
#3162	REDUCE cov: 124 ft: 511 corp: 65/11581b lim: 333 exec/s: 0 rss: 29Mb L: 9/333 MS: 1 EraseBytes-
#3477	REDUCE cov: 124 ft: 511 corp: 65/11550b lim: 333 exec/s: 0 rss: 29Mb L: 96/333 MS: 5 ChangeBit-ChangeBinInt-CMP-ChangeBit-EraseBytes- DE: "\011\000\000\000"-
#3504	REDUCE cov: 124 ft: 511 corp: 65/11545b lim: 333 exec/s: 0 rss: 29Mb L: 104/333 MS: 2 CopyPart-EraseBytes-
#3760	REDUCE cov: 124 ft: 511 corp: 65/11536b lim: 333 exec/s: 0 rss: 29Mb L: 133/333 MS: 1 EraseBytes-
#3809	REDUCE cov: 124 ft: 512 corp: 66/11544b lim: 333 exec/s: 0 rss: 29Mb L: 8/333 MS: 4 ChangeBinInt-CrossOver-ChangeBit-CrossOver-
#3812	REDUCE cov: 124 ft: 512 corp: 66/11541b lim: 333 exec/s: 0 rss: 29Mb L: 249/333 MS: 3 ShuffleBytes-ChangeBinInt-EraseBytes-
#3867	REDUCE cov: 124 ft: 512 corp: 66/11482b lim: 333 exec/s: 0 rss: 29Mb L: 91/333 MS: 5 ShuffleBytes-ChangeBinInt-EraseBytes-CrossOver-EraseBytes-
#4028	REDUCE cov: 124 ft: 512 corp: 66/11466b lim: 333 exec/s: 0 rss: 29Mb L: 75/333 MS: 1 EraseBytes-
#4184	REDUCE cov: 124 ft: 512 corp: 66/11465b lim: 333 exec/s: 0 rss: 29Mb L: 74/333 MS: 1 EraseBytes-
#4187	REDUCE cov: 124 ft: 512 corp: 66/11462b lim: 333 exec/s: 0 rss: 29Mb L: 19/333 MS: 3 CopyPart-CMP-EraseBytes- DE: "\377\377\377\377\377\377\377\007"-
#4253	REDUCE cov: 124 ft: 512 corp: 66/11459b lim: 333 exec/s: 0 rss: 29Mb L: 11/333 MS: 1 EraseBytes-
#4283	REDUCE cov: 124 ft: 512 corp: 66/11452b lim: 333 exec/s: 0 rss: 29Mb L: 195/333 MS: 5 ChangeBit-ChangeBinInt-CopyPart-InsertRepeatedBytes-EraseBytes-
#4324	REDUCE cov: 124 ft: 512 corp: 66/11451b lim: 333 exec/s: 0 rss: 29Mb L: 33/333 MS: 1 EraseBytes-
#4446	REDUCE cov: 124 ft: 512 corp: 66/11449b lim: 333 exec/s: 0 rss: 29Mb L: 163/333 MS: 2 ChangeBit-EraseBytes-
#4465	REDUCE cov: 124 ft: 512 corp: 66/11431b lim: 333 exec/s: 0 rss: 29Mb L: 273/333 MS: 4 EraseBytes-ShuffleBytes-CopyPart-PersAutoDict- DE: "\001\000\000 "-
#4550	REDUCE cov: 124 ft: 512 corp: 66/11344b lim: 333 exec/s: 0 rss: 29Mb L: 167/333 MS: 5 EraseBytes-InsertByte-ChangeBit-ChangeByte-InsertByte-
#4564	REDUCE cov: 124 ft: 512 corp: 66/11264b lim: 333 exec/s: 0 rss: 29Mb L: 87/333 MS: 4 CrossOver-ShuffleBytes-ShuffleBytes-EraseBytes-
#4705	REDUCE cov: 124 ft: 512 corp: 66/11256b lim: 333 exec/s: 0 rss: 29Mb L: 269/333 MS: 1 EraseBytes-
#4905	REDUCE cov: 124 ft: 512 corp: 66/11247b lim: 333 exec/s: 0 rss: 29Mb L: 324/333 MS: 5 PersAutoDict-CMP-ChangeByte-EraseBytes-CrossOver- DE: "hvc1"-"\011\000\000\000"-
#5085	REDUCE cov: 124 ft: 512 corp: 66/11220b lim: 333 exec/s: 0 rss: 29Mb L: 52/333 MS: 5 PersAutoDict-CrossOver-CrossOver-ChangeASCIIInt-EraseBytes- DE: "ri24"-
#5093	REDUCE cov: 124 ft: 512 corp: 66/11194b lim: 333 exec/s: 0 rss: 29Mb L: 222/333 MS: 3 ChangeBinInt-ShuffleBytes-EraseBytes-
#5469	REDUCE cov: 124 ft: 512 corp: 66/11189b lim: 333 exec/s: 0 rss: 29Mb L: 323/333 MS: 1 EraseBytes-
#5636	REDUCE cov: 124 ft: 512 corp: 66/11179b lim: 333 exec/s: 0 rss: 29Mb L: 262/333 MS: 2 CrossOver-EraseBytes-
#6035	REDUCE cov: 124 ft: 512 corp: 66/11177b lim: 333 exec/s: 0 rss: 29Mb L: 9/333 MS: 4 ChangeByte-EraseBytes-ChangeBit-InsertByte-
#6131	REDUCE cov: 124 ft: 512 corp: 66/11163b lim: 333 exec/s: 0 rss: 29Mb L: 305/333 MS: 1 CrossOver-
#6222	REDUCE cov: 124 ft: 512 corp: 66/11162b lim: 333 exec/s: 0 rss: 29Mb L: 2/333 MS: 1 EraseBytes-
#6454	REDUCE cov: 124 ft: 512 corp: 66/11152b lim: 333 exec/s: 6454 rss: 29Mb L: 94/333 MS: 1 EraseBytes-
#6623	REDUCE cov: 124 ft: 512 corp: 66/11083b lim: 333 exec/s: 6623 rss: 29Mb L: 200/333 MS: 4 ChangeASCIIInt-ShuffleBytes-InsertRepeatedBytes-CrossOver-
#6684	REDUCE cov: 124 ft: 512 corp: 66/11044b lim: 333 exec/s: 6684 rss: 29Mb L: 55/333 MS: 1 EraseBytes-
#6742	REDUCE cov: 124 ft: 512 corp: 66/11025b lim: 333 exec/s: 6742 rss: 29Mb L: 113/333 MS: 3 InsertByte-CrossOver-EraseBytes-
#6763	REDUCE cov: 124 ft: 512 corp: 66/11016b lim: 333 exec/s: 6763 rss: 29Mb L: 66/333 MS: 1 EraseBytes-
#7190	REDUCE cov: 124 ft: 512 corp: 66/11011b lim: 333 exec/s: 7190 rss: 29Mb L: 28/333 MS: 2 EraseBytes-PersAutoDict- DE: "\001\000\000\000\000\000\001I"-
#7197	REDUCE cov: 124 ft: 512 corp: 66/10999b lim: 333 exec/s: 7197 rss: 29Mb L: 227/333 MS: 2 PersAutoDict-EraseBytes- DE: "\001\000\000\000\000\000\001I"-
#7274	REDUCE cov: 124 ft: 512 corp: 66/10995b lim: 333 exec/s: 7274 rss: 29Mb L: 24/333 MS: 2 PersAutoDict-EraseBytes- DE: "mdia"-
#7520	REDUCE cov: 124 ft: 512 corp: 66/10988b lim: 333 exec/s: 7520 rss: 29Mb L: 316/333 MS: 1 EraseBytes-
#7755	REDUCE cov: 124 ft: 513 corp: 67/11234b lim: 333 exec/s: 7755 rss: 29Mb L: 246/333 MS: 5 PersAutoDict-CrossOver-InsertByte-ChangeBinInt-CopyPart- DE: "cdsc"-
#7927	REDUCE cov: 124 ft: 513 corp: 67/11224b lim: 333 exec/s: 7927 rss: 29Mb L: 103/333 MS: 2 ShuffleBytes-EraseBytes-
#8243	REDUCE cov: 124 ft: 513 corp: 67/11214b lim: 333 exec/s: 8243 rss: 29Mb L: 239/333 MS: 1 EraseBytes-
#8294	REDUCE cov: 124 ft: 513 corp: 67/11146b lim: 333 exec/s: 8294 rss: 29Mb L: 124/333 MS: 1 EraseBytes-
#8370	REDUCE cov: 124 ft: 513 corp: 67/11143b lim: 333 exec/s: 8370 rss: 29Mb L: 63/333 MS: 1 EraseBytes-
#8453	REDUCE cov: 124 ft: 513 corp: 67/11140b lim: 333 exec/s: 8453 rss: 29Mb L: 16/333 MS: 3 ShuffleBytes-ChangeByte-EraseBytes-
#8939	REDUCE cov: 124 ft: 513 corp: 67/11036b lim: 333 exec/s: 8939 rss: 29Mb L: 212/333 MS: 1 CrossOver-
#8988	REDUCE cov: 124 ft: 513 corp: 67/11025b lim: 333 exec/s: 8988 rss: 29Mb L: 189/333 MS: 4 ChangeBinInt-InsertRepeatedBytes-ChangeBinInt-EraseBytes-
#9139	REDUCE cov: 124 ft: 513 corp: 67/11016b lim: 333 exec/s: 9139 rss: 29Mb L: 237/333 MS: 1 EraseBytes-
#9186	REDUCE cov: 124 ft: 513 corp: 67/10991b lim: 333 exec/s: 9186 rss: 29Mb L: 212/333 MS: 2 ChangeBit-CrossOver-
#9209	REDUCE cov: 124 ft: 513 corp: 67/10989b lim: 333 exec/s: 9209 rss: 29Mb L: 28/333 MS: 3 ChangeASCIIInt-ChangeBit-EraseBytes-
#9330	REDUCE cov: 124 ft: 513 corp: 67/10987b lim: 333 exec/s: 9330 rss: 29Mb L: 260/333 MS: 1 EraseBytes-
#9450	REDUCE cov: 124 ft: 513 corp: 67/10960b lim: 333 exec/s: 9450 rss: 29Mb L: 195/333 MS: 5 EraseBytes-CopyPart-CrossOver-CMP-EraseBytes- DE: "\007\000\000\000"-
#9581	REDUCE cov: 124 ft: 513 corp: 67/10948b lim: 333 exec/s: 9581 rss: 29Mb L: 51/333 MS: 1 EraseBytes-
#9642	REDUCE cov: 125 ft: 515 corp: 68/11141b lim: 333 exec/s: 4821 rss: 1265Mb L: 193/333 MS: 1 PersAutoDict- DE: "hvc1"-
#9668	REDUCE cov: 125 ft: 515 corp: 68/11134b lim: 333 exec/s: 4834 rss: 1265Mb L: 17/333 MS: 5 PersAutoDict-ShuffleBytes-PersAutoDict-EraseBytes-CMP- DE: "\000\000\000\000\000\000\000\001"-"\001\000\000 "-"\377s"-
#9758	REDUCE cov: 125 ft: 515 corp: 68/11131b lim: 333 exec/s: 4879 rss: 1265Mb L: 273/333 MS: 5 InsertByte-ChangeBinInt-ChangeBinInt-ChangeBit-EraseBytes-
==169057== ERROR: libFuzzer: out-of-memory (used: 1265Mb; limit: 1024Mb)
   To change the out-of-memory limit use -rss_limit_mb=<N>

MS: 1 ChangeByte-; base unit: 116792e49e0a9b1b3042fa48682ec6bfe3d02845
0x0,0x0,0x0,0x1c,0x66,0x74,0x79,0x70,0x4d,0x32,0x56,0x20,0x0,0x0,0x0,0x0,0x4d,0x34,0x56,0x20,0x6d,0x70,0x34,0x31,0x69,0x73,0x6f,0x6d,0x0,0x0,0x0,0xe0,0x68,0x76,0x63,0x31,0x6d,0x6f,0x6f,0x6d,0x64,0x69,0x61,0x76,0x0,0x0,0x0,0x78,0x6d,0x76,0x68,0x64,0x4,0x0,0x0,0x0,0x0,0x0,0x0,0x0,0x0,0x0,0x0,0x0,0x0,0x0,0x3,0xe8,0x0,0x0,0x0,0x0,0x2b,0x69,0x6c,0x73,0x0,0x0,0x0,0x70,0x34,0x31,0x69,0x73,0x6f,0x6d,0x0,0x0,0x0,0x0,0x0,0x0,0x1c,0x0,0x0,0x0,0x18,0x66,0x74,0x79,0x70,0x69,0x73,0x6f,0x6d,0x0,0x0,0x0,0x0,0x69,0x66,0x74,0x79,0x70,0x4d,0x34,0x56,0x1c,0x0,0x0,0x0,0x0,0x4d,0x34,0x56,0x20,0x73,0x9e,0x9e,0x9e,0x9e,0x9e,0x9e,0x9e,0x9e,0x9e,0x9e,0x9e,0x9e,0x9e,0x9e,0x9e,0x9e,0x9e,0x9e,0x9e,0x9e,0x9e,0x9e,0x9e,0x9e,0x9e,0x9e,0x9e,0x9e,0x9e,0x9e,0x9e,0x9e,0x9e,0x9e,0x9e,0x9e,0x9e,0x9e,0x9e,0x9e,0x9e,0x9e,0x9e,0x9e,0x9e,0x9e,0x9e,0x9e,0x9e,0x9e,0x6d,0x70,0x34,0x31,0x1c,0x6f,0x6d,0x6d,0x70,0x79,0x31,0x0,0x0,0x66,0x74,0x79,
\000\000\000\034ftypM2V \000\000\000\000M4V mp41isom\000\000\000\340hvc1moomdiav\000\000\000xmvhd\004\000\000\000\000\000\000\000\000\000\000\000\000\000\003\350\000\000\000\000+ils\000\000\000p41isom\000\000\000\000\000\000\034\000\000\000\030ftypisom\000\000\000\000iftypM4V\034\000\000\000\000M4V s\236\236\236\236\236\236\236\236\236\236\236\236\236\236\236\236\236\236\236\236\236\236\236\236\236\236\236\236\236\236\236\236\236\236\236\236\236\236\236\236\236\236\236\236\236\236\236\236\236\236mp41\034ommpy1\000\000fty
artifact_prefix='/results/crashes/20260313_151716_14bdd962_'; Test unit written to /results/crashes/20260313_151716_14bdd962_oom-195f6f39c9603690afe80c72799d4348d56e74dc
Base64: AAAAHGZ0eXBNMlYgAAAAAE00ViBtcDQxaXNvbQAAAOBodmMxbW9vbWRpYXYAAAB4bXZoZAQAAAAAAAAAAAAAAAAAA+gAAAAAK2lscwAAAHA0MWlzb20AAAAAAAAcAAAAGGZ0eXBpc29tAAAAAGlmdHlwTTRWHAAAAABNNFYgc56enp6enp6enp6enp6enp6enp6enp6enp6enp6enp6enp6enp6enp6enp6enp6enp6ebXA0MRxvbW1weTEAAGZ0eQ==
SUMMARY: libFuzzer: out-of-memory
stat::number_of_executed_units: 9774
stat::average_exec_per_sec:     3258
stat::new_units_added:          158
stat::slowest_unit_time_sec:    0
stat::peak_rss_mb:              1265
