INFO: Running with entropic power schedule (0xFF, 100).
INFO: Seed: 1186106753
INFO: Loaded 1 modules   (252 inline 8-bit counters): 252 [0x62b12f40f678, 0x62b12f40f774), 
INFO: Loaded 1 PC tables (252 PCs): 252 [0x62b12f40f778,0x62b12f410738), 
INFO:        4 files found in /tmp/corpus_20260313_180115_8feaa75f
INFO: seed corpus: files: 4 min: 48b max: 333b total: 853b rss: 28Mb
#5	INITED cov: 117 ft: 250 corp: 4/853b exec/s: 0 rss: 29Mb
#6	NEW    cov: 117 ft: 251 corp: 5/1106b lim: 333 exec/s: 0 rss: 29Mb L: 253/333 MS: 1 InsertByte-
#11	NEW    cov: 117 ft: 262 corp: 6/1148b lim: 333 exec/s: 0 rss: 29Mb L: 42/333 MS: 5 ChangeASCIIInt-ChangeBinInt-ShuffleBytes-ChangeBit-EraseBytes-
#12	NEW    cov: 117 ft: 279 corp: 7/1248b lim: 333 exec/s: 0 rss: 29Mb L: 100/333 MS: 1 InsertRepeatedBytes-
#13	NEW    cov: 117 ft: 288 corp: 8/1581b lim: 333 exec/s: 0 rss: 29Mb L: 333/333 MS: 1 CopyPart-
#16	NEW    cov: 117 ft: 289 corp: 9/1914b lim: 333 exec/s: 0 rss: 29Mb L: 333/333 MS: 3 ShuffleBytes-ChangeByte-CopyPart-
#19	NEW    cov: 117 ft: 290 corp: 10/2108b lim: 333 exec/s: 0 rss: 29Mb L: 194/333 MS: 3 ChangeByte-EraseBytes-CMP- DE: "\000\000\000\002"-
#23	NEW    cov: 117 ft: 295 corp: 11/2441b lim: 333 exec/s: 0 rss: 29Mb L: 333/333 MS: 4 ChangeBit-CMP-PersAutoDict-ShuffleBytes- DE: "strk"-"\000\000\000\002"-
#24	NEW    cov: 117 ft: 296 corp: 12/2755b lim: 333 exec/s: 0 rss: 29Mb L: 314/333 MS: 1 InsertRepeatedBytes-
#28	NEW    cov: 117 ft: 297 corp: 13/3088b lim: 333 exec/s: 0 rss: 29Mb L: 333/333 MS: 4 ChangeBit-ShuffleBytes-ShuffleBytes-CopyPart-
#29	NEW    cov: 117 ft: 298 corp: 14/3421b lim: 333 exec/s: 0 rss: 29Mb L: 333/333 MS: 1 CopyPart-
#36	NEW    cov: 118 ft: 300 corp: 15/3615b lim: 333 exec/s: 0 rss: 29Mb L: 194/333 MS: 2 CMP-CrossOver- DE: "\377\377a\2610\303M\251"-
#39	NEW    cov: 119 ft: 307 corp: 16/3839b lim: 333 exec/s: 0 rss: 29Mb L: 224/333 MS: 3 ChangeASCIIInt-ShuffleBytes-PersAutoDict- DE: "\000\000\000\002"-
#41	NEW    cov: 119 ft: 322 corp: 17/3974b lim: 333 exec/s: 0 rss: 29Mb L: 135/333 MS: 2 CopyPart-EraseBytes-
#44	NEW    cov: 119 ft: 323 corp: 18/4292b lim: 333 exec/s: 0 rss: 29Mb L: 318/333 MS: 3 ChangeBinInt-EraseBytes-InsertRepeatedBytes-
#45	NEW    cov: 120 ft: 324 corp: 19/4625b lim: 333 exec/s: 0 rss: 29Mb L: 333/333 MS: 1 CopyPart-
#46	NEW    cov: 120 ft: 325 corp: 20/4958b lim: 333 exec/s: 0 rss: 29Mb L: 333/333 MS: 1 CopyPart-
#48	NEW    cov: 121 ft: 326 corp: 21/5271b lim: 333 exec/s: 0 rss: 29Mb L: 313/333 MS: 2 CrossOver-EraseBytes-
#57	NEW    cov: 121 ft: 327 corp: 22/5378b lim: 333 exec/s: 0 rss: 29Mb L: 107/333 MS: 4 InsertRepeatedBytes-CMP-CMP-PersAutoDict- DE: "\000\000\000 "-"\004\000\000\000\000\000\000\000"-"\000\000\000\002"-
#73	NEW    cov: 121 ft: 328 corp: 23/5590b lim: 333 exec/s: 0 rss: 29Mb L: 212/333 MS: 1 CrossOver-
#75	REDUCE cov: 121 ft: 328 corp: 23/5526b lim: 333 exec/s: 0 rss: 29Mb L: 269/333 MS: 2 EraseBytes-InsertRepeatedBytes-
#85	NEW    cov: 121 ft: 329 corp: 24/5647b lim: 333 exec/s: 0 rss: 29Mb L: 121/333 MS: 5 InsertByte-CopyPart-ChangeByte-CrossOver-InsertRepeatedBytes-
#112	NEW    cov: 121 ft: 330 corp: 25/5772b lim: 333 exec/s: 0 rss: 29Mb L: 125/333 MS: 2 ChangeByte-InsertRepeatedBytes-
#113	NEW    cov: 121 ft: 331 corp: 26/6105b lim: 333 exec/s: 0 rss: 29Mb L: 333/333 MS: 1 CopyPart-
#115	NEW    cov: 121 ft: 341 corp: 27/6155b lim: 333 exec/s: 0 rss: 29Mb L: 50/333 MS: 2 PersAutoDict-PersAutoDict- DE: "\000\000\000 "-"\000\000\000 "-
#130	NEW    cov: 121 ft: 349 corp: 28/6483b lim: 333 exec/s: 0 rss: 29Mb L: 328/333 MS: 5 InsertByte-ChangeByte-ChangeByte-InsertRepeatedBytes-CopyPart-
#149	NEW    cov: 121 ft: 355 corp: 29/6816b lim: 333 exec/s: 0 rss: 29Mb L: 333/333 MS: 4 CrossOver-CopyPart-InsertByte-CopyPart-
#156	NEW    cov: 121 ft: 356 corp: 30/6903b lim: 333 exec/s: 0 rss: 29Mb L: 87/333 MS: 2 ChangeBit-EraseBytes-
#170	NEW    cov: 121 ft: 387 corp: 31/7081b lim: 333 exec/s: 0 rss: 29Mb L: 178/333 MS: 4 InsertByte-ChangeByte-EraseBytes-ChangeByte-
#177	NEW    cov: 121 ft: 388 corp: 32/7123b lim: 333 exec/s: 0 rss: 29Mb L: 42/333 MS: 2 ShuffleBytes-PersAutoDict- DE: "\000\000\000\002"-
#185	NEW    cov: 121 ft: 389 corp: 33/7377b lim: 333 exec/s: 0 rss: 29Mb L: 254/333 MS: 3 ChangeBit-ChangeBit-InsertByte-
#197	REDUCE cov: 121 ft: 389 corp: 33/7345b lim: 333 exec/s: 0 rss: 29Mb L: 146/333 MS: 2 ChangeByte-EraseBytes-
#227	NEW    cov: 121 ft: 390 corp: 34/7671b lim: 333 exec/s: 0 rss: 29Mb L: 326/333 MS: 5 InsertByte-InsertByte-ChangeByte-InsertRepeatedBytes-CopyPart-
#274	NEW    cov: 121 ft: 396 corp: 35/7905b lim: 333 exec/s: 0 rss: 29Mb L: 234/333 MS: 2 CopyPart-CMP- DE: "\333\237\3030\261b\000\000"-
#285	NEW    cov: 121 ft: 415 corp: 36/7933b lim: 333 exec/s: 0 rss: 29Mb L: 28/333 MS: 1 EraseBytes-
#312	REDUCE cov: 121 ft: 416 corp: 37/8216b lim: 333 exec/s: 0 rss: 29Mb L: 283/333 MS: 2 ChangeBinInt-CMP- DE: "N7ISOBMFF3BoxE"-
#323	NEW    cov: 121 ft: 426 corp: 38/8234b lim: 333 exec/s: 0 rss: 29Mb L: 18/333 MS: 1 EraseBytes-
#336	NEW    cov: 121 ft: 427 corp: 39/8302b lim: 333 exec/s: 0 rss: 29Mb L: 68/333 MS: 3 InsertByte-CMP-InsertRepeatedBytes- DE: "cdsc"-
#379	NEW    cov: 121 ft: 428 corp: 40/8386b lim: 333 exec/s: 0 rss: 29Mb L: 84/333 MS: 3 CMP-InsertRepeatedBytes-EraseBytes- DE: "avcC"-
#381	NEW    cov: 121 ft: 429 corp: 41/8586b lim: 333 exec/s: 0 rss: 29Mb L: 200/333 MS: 2 EraseBytes-CopyPart-
#404	NEW    cov: 121 ft: 442 corp: 42/8596b lim: 333 exec/s: 0 rss: 29Mb L: 10/333 MS: 3 ChangeBit-PersAutoDict-EraseBytes- DE: "cdsc"-
#443	NEW    cov: 121 ft: 453 corp: 43/8692b lim: 333 exec/s: 0 rss: 29Mb L: 96/333 MS: 4 ShuffleBytes-EraseBytes-ChangeByte-ChangeBinInt-
#475	REDUCE cov: 121 ft: 453 corp: 43/8652b lim: 333 exec/s: 0 rss: 29Mb L: 288/333 MS: 2 ShuffleBytes-EraseBytes-
#577	NEW    cov: 121 ft: 454 corp: 44/8956b lim: 333 exec/s: 0 rss: 29Mb L: 304/333 MS: 2 ChangeBit-InsertRepeatedBytes-
#581	NEW    cov: 122 ft: 455 corp: 45/8962b lim: 333 exec/s: 0 rss: 29Mb L: 6/333 MS: 4 ChangeBinInt-InsertByte-ChangeBit-EraseBytes-
#609	REDUCE cov: 122 ft: 455 corp: 45/8857b lim: 333 exec/s: 0 rss: 29Mb L: 148/333 MS: 3 ChangeBinInt-ChangeBit-EraseBytes-
#635	NEW    cov: 122 ft: 456 corp: 46/8900b lim: 333 exec/s: 0 rss: 29Mb L: 43/333 MS: 1 InsertByte-
#648	REDUCE cov: 122 ft: 457 corp: 47/8983b lim: 333 exec/s: 0 rss: 29Mb L: 83/333 MS: 3 InsertByte-PersAutoDict-CrossOver- DE: "\333\237\3030\261b\000\000"-
#670	NEW    cov: 122 ft: 458 corp: 48/9060b lim: 333 exec/s: 0 rss: 29Mb L: 77/333 MS: 2 CrossOver-ChangeBit-
#739	REDUCE cov: 122 ft: 458 corp: 48/9001b lim: 333 exec/s: 0 rss: 29Mb L: 255/333 MS: 4 PersAutoDict-ChangeBinInt-CrossOver-CrossOver- DE: "\333\237\3030\261b\000\000"-
#746	NEW    cov: 122 ft: 464 corp: 49/9334b lim: 333 exec/s: 0 rss: 29Mb L: 333/333 MS: 2 CrossOver-ChangeByte-
#790	REDUCE cov: 122 ft: 464 corp: 49/9313b lim: 333 exec/s: 0 rss: 29Mb L: 127/333 MS: 4 ChangeBinInt-ChangeBinInt-PersAutoDict-EraseBytes- DE: "\377\377a\2610\303M\251"-
#798	NEW    cov: 122 ft: 465 corp: 50/9376b lim: 333 exec/s: 0 rss: 29Mb L: 63/333 MS: 3 ChangeASCIIInt-InsertRepeatedBytes-PersAutoDict- DE: "\333\237\3030\261b\000\000"-
#816	REDUCE cov: 122 ft: 465 corp: 50/9362b lim: 333 exec/s: 0 rss: 29Mb L: 299/333 MS: 3 CrossOver-ChangeBinInt-InsertRepeatedBytes-
#935	REDUCE cov: 122 ft: 465 corp: 50/9352b lim: 333 exec/s: 0 rss: 29Mb L: 323/333 MS: 4 ShuffleBytes-ChangeByte-CMP-EraseBytes- DE: "\002\000\000\000\001\000\000\000"-
#973	NEW    cov: 122 ft: 466 corp: 51/9636b lim: 333 exec/s: 0 rss: 29Mb L: 284/333 MS: 3 ShuffleBytes-CrossOver-InsertByte-
#977	NEW    cov: 122 ft: 471 corp: 52/9795b lim: 333 exec/s: 0 rss: 29Mb L: 159/333 MS: 4 ChangeBit-PersAutoDict-CrossOver-EraseBytes- DE: "\000\000\000\002"-
#995	REDUCE cov: 122 ft: 471 corp: 52/9789b lim: 333 exec/s: 0 rss: 29Mb L: 153/333 MS: 3 CrossOver-PersAutoDict-EraseBytes- DE: "strk"-
#1029	NEW    cov: 122 ft: 472 corp: 53/10057b lim: 333 exec/s: 0 rss: 29Mb L: 268/333 MS: 4 InsertByte-ChangeBinInt-InsertRepeatedBytes-ShuffleBytes-
#1122	REDUCE cov: 122 ft: 472 corp: 53/10020b lim: 333 exec/s: 0 rss: 29Mb L: 157/333 MS: 3 ShuffleBytes-EraseBytes-CopyPart-
#1156	REDUCE cov: 122 ft: 472 corp: 53/10014b lim: 333 exec/s: 0 rss: 29Mb L: 36/333 MS: 4 ChangeBit-ShuffleBytes-ChangeBinInt-EraseBytes-
#1327	NEW    cov: 122 ft: 473 corp: 54/10312b lim: 333 exec/s: 0 rss: 29Mb L: 298/333 MS: 1 CopyPart-
#1469	NEW    cov: 122 ft: 475 corp: 55/10320b lim: 333 exec/s: 0 rss: 29Mb L: 8/333 MS: 2 EraseBytes-InsertByte-
#1500	REDUCE cov: 122 ft: 475 corp: 55/10218b lim: 333 exec/s: 0 rss: 29Mb L: 231/333 MS: 1 EraseBytes-
#1577	REDUCE cov: 122 ft: 475 corp: 55/10211b lim: 333 exec/s: 0 rss: 29Mb L: 205/333 MS: 2 InsertByte-EraseBytes-
#1684	REDUCE cov: 122 ft: 475 corp: 55/10082b lim: 333 exec/s: 0 rss: 29Mb L: 204/333 MS: 2 ShuffleBytes-EraseBytes-
#1706	NEW    cov: 122 ft: 476 corp: 56/10098b lim: 333 exec/s: 0 rss: 29Mb L: 16/333 MS: 2 ShuffleBytes-EraseBytes-
#1763	REDUCE cov: 122 ft: 476 corp: 56/10097b lim: 333 exec/s: 0 rss: 29Mb L: 5/333 MS: 2 CopyPart-EraseBytes-
#1912	REDUCE cov: 122 ft: 476 corp: 56/10068b lim: 333 exec/s: 0 rss: 29Mb L: 165/333 MS: 4 ChangeBit-ChangeByte-ChangeBit-EraseBytes-
#1932	REDUCE cov: 122 ft: 476 corp: 56/9982b lim: 333 exec/s: 0 rss: 29Mb L: 232/333 MS: 5 EraseBytes-ChangeByte-PersAutoDict-PersAutoDict-EraseBytes- DE: "\000\000\000 "-"\002\000\000\000\001\000\000\000"-
#2158	REDUCE cov: 122 ft: 476 corp: 56/9914b lim: 333 exec/s: 0 rss: 29Mb L: 215/333 MS: 1 EraseBytes-
#2190	REDUCE cov: 122 ft: 476 corp: 56/9864b lim: 333 exec/s: 0 rss: 29Mb L: 204/333 MS: 2 CopyPart-EraseBytes-
#2258	REDUCE cov: 122 ft: 476 corp: 56/9862b lim: 333 exec/s: 0 rss: 29Mb L: 163/333 MS: 3 CopyPart-CMP-EraseBytes- DE: "!\000"-
#2284	REDUCE cov: 122 ft: 476 corp: 56/9861b lim: 333 exec/s: 0 rss: 29Mb L: 203/333 MS: 1 EraseBytes-
#2394	REDUCE cov: 122 ft: 477 corp: 57/10189b lim: 333 exec/s: 0 rss: 29Mb L: 328/333 MS: 5 InsertByte-CopyPart-CrossOver-CrossOver-InsertRepeatedBytes-
#2454	REDUCE cov: 122 ft: 477 corp: 57/10160b lim: 333 exec/s: 0 rss: 29Mb L: 54/333 MS: 5 ChangeByte-ChangeBit-PersAutoDict-ChangeByte-EraseBytes- DE: "\333\237\3030\261b\000\000"-
#2539	REDUCE cov: 122 ft: 477 corp: 57/10130b lim: 333 exec/s: 0 rss: 29Mb L: 33/333 MS: 5 ShuffleBytes-PersAutoDict-EraseBytes-CrossOver-PersAutoDict- DE: "\333\237\3030\261b\000\000"-"avcC"-
#2562	REDUCE cov: 122 ft: 477 corp: 57/10122b lim: 333 exec/s: 0 rss: 29Mb L: 325/333 MS: 3 PersAutoDict-CopyPart-EraseBytes- DE: "\000\000\000\002"-
#2618	REDUCE cov: 122 ft: 477 corp: 57/10104b lim: 333 exec/s: 0 rss: 29Mb L: 69/333 MS: 1 EraseBytes-
#2645	REDUCE cov: 122 ft: 477 corp: 57/10040b lim: 333 exec/s: 0 rss: 29Mb L: 89/333 MS: 2 ChangeByte-EraseBytes-
#2646	REDUCE cov: 122 ft: 477 corp: 57/10038b lim: 333 exec/s: 0 rss: 29Mb L: 16/333 MS: 1 EraseBytes-
#2703	NEW    cov: 122 ft: 478 corp: 58/10294b lim: 333 exec/s: 0 rss: 29Mb L: 256/333 MS: 2 CopyPart-CMP- DE: "mdia"-
#2733	REDUCE cov: 122 ft: 478 corp: 58/10286b lim: 333 exec/s: 0 rss: 29Mb L: 247/333 MS: 5 InsertByte-CMP-PersAutoDict-ChangeBinInt-EraseBytes- DE: "stsd"-"\377\377a\2610\303M\251"-
#2772	REDUCE cov: 122 ft: 481 corp: 59/10417b lim: 333 exec/s: 0 rss: 29Mb L: 131/333 MS: 4 ChangeByte-CMP-EraseBytes-CopyPart- DE: "\000\000\000\020"-
#2815	NEW    cov: 122 ft: 487 corp: 60/10672b lim: 333 exec/s: 0 rss: 29Mb L: 255/333 MS: 3 ChangeBinInt-InsertByte-EraseBytes-
#2882	REDUCE cov: 122 ft: 487 corp: 60/10666b lim: 333 exec/s: 0 rss: 29Mb L: 319/333 MS: 2 ChangeByte-EraseBytes-
#2953	REDUCE cov: 122 ft: 487 corp: 60/10661b lim: 333 exec/s: 0 rss: 29Mb L: 328/333 MS: 1 CrossOver-
#2962	REDUCE cov: 122 ft: 487 corp: 60/10660b lim: 333 exec/s: 0 rss: 29Mb L: 246/333 MS: 4 CopyPart-CMP-EraseBytes-EraseBytes- DE: "\002\012\3060\261b\000\000"-
#3009	REDUCE cov: 122 ft: 487 corp: 60/10640b lim: 333 exec/s: 0 rss: 29Mb L: 308/333 MS: 2 ChangeByte-EraseBytes-
#3023	REDUCE cov: 122 ft: 487 corp: 60/10637b lim: 333 exec/s: 0 rss: 29Mb L: 118/333 MS: 4 ChangeBit-InsertRepeatedBytes-PersAutoDict-EraseBytes- DE: "\000\000\000\002"-
#3199	REDUCE cov: 122 ft: 487 corp: 60/10610b lim: 333 exec/s: 0 rss: 29Mb L: 104/333 MS: 1 EraseBytes-
#3252	REDUCE cov: 122 ft: 487 corp: 60/10603b lim: 333 exec/s: 0 rss: 29Mb L: 224/333 MS: 3 CopyPart-CMP-EraseBytes- DE: "pHan"-
#3369	REDUCE cov: 122 ft: 487 corp: 60/10596b lim: 333 exec/s: 0 rss: 29Mb L: 62/333 MS: 2 EraseBytes-ChangeBinInt-
#3491	REDUCE cov: 122 ft: 487 corp: 60/10595b lim: 333 exec/s: 0 rss: 29Mb L: 9/333 MS: 2 ShuffleBytes-EraseBytes-
#3565	REDUCE cov: 122 ft: 487 corp: 60/10531b lim: 333 exec/s: 0 rss: 29Mb L: 269/333 MS: 4 CrossOver-ShuffleBytes-PersAutoDict-CrossOver- DE: "\004\000\000\000\000\000\000\000"-
#3816	NEW    cov: 122 ft: 490 corp: 61/10839b lim: 333 exec/s: 0 rss: 29Mb L: 308/333 MS: 1 InsertRepeatedBytes-
#3849	REDUCE cov: 122 ft: 490 corp: 61/10837b lim: 333 exec/s: 0 rss: 29Mb L: 3/333 MS: 3 ChangeBinInt-ShuffleBytes-EraseBytes-
#3915	REDUCE cov: 122 ft: 490 corp: 61/10824b lim: 333 exec/s: 0 rss: 29Mb L: 313/333 MS: 1 EraseBytes-
#4045	REDUCE cov: 122 ft: 490 corp: 61/10820b lim: 333 exec/s: 0 rss: 29Mb L: 58/333 MS: 5 InsertByte-ShuffleBytes-EraseBytes-CMP-CopyPart- DE: "hvc1"-
#4098	REDUCE cov: 122 ft: 490 corp: 61/10819b lim: 333 exec/s: 0 rss: 29Mb L: 106/333 MS: 3 CrossOver-ChangeBit-EraseBytes-
#4290	REDUCE cov: 122 ft: 490 corp: 61/10721b lim: 333 exec/s: 0 rss: 29Mb L: 225/333 MS: 2 CMP-CrossOver- DE: "\001\000b\2610\303\200 "-
#4414	REDUCE cov: 122 ft: 490 corp: 61/10702b lim: 333 exec/s: 0 rss: 29Mb L: 87/333 MS: 4 PersAutoDict-InsertRepeatedBytes-EraseBytes-ChangeByte- DE: "\000\000\000\020"-
#4531	REDUCE cov: 122 ft: 490 corp: 61/10649b lim: 333 exec/s: 0 rss: 29Mb L: 150/333 MS: 2 ShuffleBytes-EraseBytes-
#4592	NEW    cov: 122 ft: 491 corp: 62/10873b lim: 333 exec/s: 0 rss: 29Mb L: 224/333 MS: 1 PersAutoDict- DE: "\000\000\000\020"-
#4600	REDUCE cov: 122 ft: 491 corp: 62/10872b lim: 333 exec/s: 0 rss: 29Mb L: 287/333 MS: 3 ChangeBit-CrossOver-CrossOver-
#4651	REDUCE cov: 122 ft: 491 corp: 62/10839b lim: 333 exec/s: 0 rss: 29Mb L: 71/333 MS: 1 EraseBytes-
#4764	REDUCE cov: 122 ft: 491 corp: 62/10794b lim: 333 exec/s: 0 rss: 29Mb L: 263/333 MS: 3 InsertByte-ChangeByte-EraseBytes-
#5249	REDUCE cov: 122 ft: 491 corp: 62/10792b lim: 333 exec/s: 0 rss: 29Mb L: 306/333 MS: 5 InsertByte-EraseBytes-ChangeBit-CopyPart-InsertRepeatedBytes-
#5260	REDUCE cov: 122 ft: 491 corp: 62/10790b lim: 333 exec/s: 0 rss: 29Mb L: 267/333 MS: 1 CrossOver-
#5467	REDUCE cov: 122 ft: 491 corp: 62/10789b lim: 333 exec/s: 0 rss: 29Mb L: 245/333 MS: 2 EraseBytes-CopyPart-
#5607	REDUCE cov: 122 ft: 491 corp: 62/10777b lim: 333 exec/s: 0 rss: 29Mb L: 24/333 MS: 5 ChangeBit-ChangeByte-EraseBytes-CopyPart-InsertByte-
#5647	REDUCE cov: 122 ft: 491 corp: 62/10753b lim: 333 exec/s: 0 rss: 29Mb L: 309/333 MS: 5 ShuffleBytes-ChangeBinInt-ChangeASCIIInt-EraseBytes-InsertByte-
#5777	REDUCE cov: 122 ft: 491 corp: 62/10750b lim: 333 exec/s: 0 rss: 29Mb L: 330/333 MS: 5 ChangeBinInt-CMP-ChangeBinInt-CopyPart-EraseBytes- DE: "\007\000\000\000"-
#5780	REDUCE cov: 122 ft: 491 corp: 62/10736b lim: 333 exec/s: 0 rss: 29Mb L: 273/333 MS: 3 ChangeByte-EraseBytes-InsertRepeatedBytes-
#5847	REDUCE cov: 122 ft: 491 corp: 62/10725b lim: 333 exec/s: 0 rss: 29Mb L: 213/333 MS: 2 InsertByte-CrossOver-
#5948	REDUCE cov: 122 ft: 491 corp: 62/10686b lim: 333 exec/s: 0 rss: 29Mb L: 213/333 MS: 1 EraseBytes-
#6015	REDUCE cov: 122 ft: 491 corp: 62/10538b lim: 333 exec/s: 0 rss: 29Mb L: 185/333 MS: 2 CrossOver-EraseBytes-
#6016	REDUCE cov: 122 ft: 491 corp: 62/10509b lim: 333 exec/s: 0 rss: 29Mb L: 134/333 MS: 1 CrossOver-
#6198	NEW    cov: 122 ft: 493 corp: 63/10723b lim: 333 exec/s: 0 rss: 29Mb L: 214/333 MS: 2 CMP-EraseBytes- DE: "\003\000\000\000\000\000\000\000"-
==695503== ERROR: libFuzzer: out-of-memory (used: 1614Mb; limit: 1024Mb)
   To change the out-of-memory limit use -rss_limit_mb=<N>

MS: 2 CopyPart-PersAutoDict- DE: "\000\000\000\020"-; base unit: 8e2973c5ddefb7aafc29fba03b54d84c3247e188
artifact_prefix='/results/crashes/20260313_180115_8feaa75f_'; Test unit written to /results/crashes/20260313_180115_8feaa75f_oom-afced69c784814abd3d8a42e38ecec020c02d7f6
SUMMARY: libFuzzer: out-of-memory
stat::number_of_executed_units: 6220
stat::average_exec_per_sec:     3110
stat::new_units_added:          118
stat::slowest_unit_time_sec:    0
stat::peak_rss_mb:              1615
