INFO: Running with entropic power schedule (0xFF, 100).
INFO: Seed: 3914856827
INFO: Loaded 1 modules   (252 inline 8-bit counters): 252 [0x62f76d66f678, 0x62f76d66f774), 
INFO: Loaded 1 PC tables (252 PCs): 252 [0x62f76d66f778,0x62f76d670738), 
INFO:        4 files found in /tmp/corpus_20260313_141715_56e05016
INFO: seed corpus: files: 4 min: 48b max: 333b total: 853b rss: 28Mb
#5	INITED cov: 118 ft: 253 corp: 4/853b exec/s: 0 rss: 29Mb
#10	NEW    cov: 118 ft: 269 corp: 5/912b lim: 333 exec/s: 0 rss: 29Mb L: 59/333 MS: 5 ChangeBit-ChangeBinInt-ChangeBit-ChangeByte-CopyPart-
#14	NEW    cov: 118 ft: 271 corp: 6/1090b lim: 333 exec/s: 0 rss: 29Mb L: 178/333 MS: 4 ChangeByte-EraseBytes-ShuffleBytes-InsertByte-
#15	NEW    cov: 118 ft: 272 corp: 7/1423b lim: 333 exec/s: 0 rss: 29Mb L: 333/333 MS: 1 ChangeByte-
#17	NEW    cov: 118 ft: 321 corp: 8/1453b lim: 333 exec/s: 0 rss: 29Mb L: 30/333 MS: 2 ChangeBinInt-CrossOver-
#21	NEW    cov: 118 ft: 323 corp: 9/1786b lim: 333 exec/s: 0 rss: 29Mb L: 333/333 MS: 4 ChangeByte-ChangeByte-ShuffleBytes-CrossOver-
#26	NEW    cov: 118 ft: 327 corp: 10/2119b lim: 333 exec/s: 0 rss: 29Mb L: 333/333 MS: 5 ChangeBit-CrossOver-ChangeBit-CopyPart-CrossOver-
#28	NEW    cov: 118 ft: 337 corp: 11/2149b lim: 333 exec/s: 0 rss: 29Mb L: 30/333 MS: 2 ChangeASCIIInt-CrossOver-
#29	NEW    cov: 119 ft: 346 corp: 12/2372b lim: 333 exec/s: 0 rss: 29Mb L: 223/333 MS: 1 InsertRepeatedBytes-
#34	NEW    cov: 119 ft: 347 corp: 13/2421b lim: 333 exec/s: 0 rss: 29Mb L: 49/333 MS: 5 CrossOver-ChangeBit-ShuffleBytes-ChangeBit-CopyPart-
#36	NEW    cov: 120 ft: 352 corp: 14/2469b lim: 333 exec/s: 0 rss: 29Mb L: 48/333 MS: 2 ChangeBit-CrossOver-
#42	NEW    cov: 120 ft: 353 corp: 15/2517b lim: 333 exec/s: 0 rss: 29Mb L: 48/333 MS: 1 ChangeByte-
#44	NEW    cov: 120 ft: 378 corp: 16/2529b lim: 333 exec/s: 0 rss: 29Mb L: 12/333 MS: 2 ChangeASCIIInt-CrossOver-
#46	NEW    cov: 120 ft: 384 corp: 17/2588b lim: 333 exec/s: 0 rss: 29Mb L: 59/333 MS: 2 ChangeBinInt-ChangeBinInt-
#60	NEW    cov: 120 ft: 385 corp: 18/2856b lim: 333 exec/s: 0 rss: 29Mb L: 268/333 MS: 4 CrossOver-ShuffleBytes-EraseBytes-CMP- DE: "\307U\000\270\367w\000\000"-
#62	NEW    cov: 120 ft: 386 corp: 19/3072b lim: 333 exec/s: 0 rss: 29Mb L: 216/333 MS: 2 CrossOver-EraseBytes-
#70	NEW    cov: 120 ft: 387 corp: 20/3129b lim: 333 exec/s: 0 rss: 29Mb L: 57/333 MS: 3 PersAutoDict-ChangeBit-InsertByte- DE: "\307U\000\270\367w\000\000"-
#75	NEW    cov: 120 ft: 388 corp: 21/3434b lim: 333 exec/s: 0 rss: 29Mb L: 305/333 MS: 5 CMP-ChangeBit-CopyPart-ChangeBit-InsertRepeatedBytes- DE: "schm"-
#76	NEW    cov: 120 ft: 389 corp: 22/3580b lim: 333 exec/s: 0 rss: 29Mb L: 146/333 MS: 1 InsertRepeatedBytes-
#78	NEW    cov: 121 ft: 391 corp: 23/3804b lim: 333 exec/s: 0 rss: 29Mb L: 224/333 MS: 2 ChangeBit-CMP- DE: "\000\000\000\000\000\000\000\004"-
#82	NEW    cov: 122 ft: 393 corp: 24/4098b lim: 333 exec/s: 0 rss: 29Mb L: 294/333 MS: 4 ChangeBit-InsertRepeatedBytes-ShuffleBytes-CopyPart-
#83	NEW    cov: 122 ft: 395 corp: 25/4129b lim: 333 exec/s: 0 rss: 29Mb L: 31/333 MS: 1 EraseBytes-
#84	NEW    cov: 122 ft: 404 corp: 26/4207b lim: 333 exec/s: 0 rss: 29Mb L: 78/333 MS: 1 CrossOver-
#85	NEW    cov: 122 ft: 405 corp: 27/4497b lim: 333 exec/s: 0 rss: 29Mb L: 290/333 MS: 1 InsertRepeatedBytes-
#86	REDUCE cov: 122 ft: 405 corp: 27/4495b lim: 333 exec/s: 0 rss: 29Mb L: 28/333 MS: 1 EraseBytes-
#88	NEW    cov: 122 ft: 406 corp: 28/4507b lim: 333 exec/s: 0 rss: 29Mb L: 12/333 MS: 2 ChangeBinInt-PersAutoDict- DE: "\000\000\000\000\000\000\000\004"-
#97	NEW    cov: 122 ft: 407 corp: 29/4831b lim: 333 exec/s: 0 rss: 29Mb L: 324/333 MS: 4 CopyPart-InsertByte-ChangeBinInt-InsertRepeatedBytes-
#108	NEW    cov: 122 ft: 408 corp: 30/4940b lim: 333 exec/s: 0 rss: 29Mb L: 109/333 MS: 1 EraseBytes-
#112	NEW    cov: 122 ft: 416 corp: 31/5207b lim: 333 exec/s: 0 rss: 29Mb L: 267/333 MS: 4 ChangeBit-ChangeBinInt-ShuffleBytes-CrossOver-
#140	NEW    cov: 122 ft: 417 corp: 32/5247b lim: 333 exec/s: 0 rss: 29Mb L: 40/333 MS: 3 ChangeBinInt-PersAutoDict-InsertByte- DE: "\307U\000\270\367w\000\000"-
#144	NEW    cov: 122 ft: 418 corp: 33/5339b lim: 333 exec/s: 0 rss: 29Mb L: 92/333 MS: 4 ChangeByte-ChangeByte-CopyPart-InsertRepeatedBytes-
#147	NEW    cov: 122 ft: 419 corp: 34/5404b lim: 333 exec/s: 0 rss: 29Mb L: 65/333 MS: 3 ChangeBit-CrossOver-InsertRepeatedBytes-
#155	NEW    cov: 122 ft: 420 corp: 35/5732b lim: 333 exec/s: 0 rss: 29Mb L: 328/333 MS: 3 InsertByte-CMP-InsertByte- DE: "W\000"-
#158	NEW    cov: 122 ft: 421 corp: 36/6028b lim: 333 exec/s: 0 rss: 29Mb L: 296/333 MS: 3 PersAutoDict-CrossOver-EraseBytes- DE: "\307U\000\270\367w\000\000"-
#160	NEW    cov: 122 ft: 431 corp: 37/6049b lim: 333 exec/s: 0 rss: 29Mb L: 21/333 MS: 2 ChangeBit-EraseBytes-
#164	NEW    cov: 122 ft: 432 corp: 38/6154b lim: 333 exec/s: 0 rss: 29Mb L: 105/333 MS: 4 ChangeBinInt-ShuffleBytes-ShuffleBytes-CopyPart-
#197	REDUCE cov: 122 ft: 432 corp: 38/6149b lim: 333 exec/s: 0 rss: 29Mb L: 173/333 MS: 3 InsertByte-ChangeByte-EraseBytes-
#198	NEW    cov: 122 ft: 433 corp: 39/6233b lim: 333 exec/s: 0 rss: 29Mb L: 84/333 MS: 1 CopyPart-
#217	NEW    cov: 122 ft: 434 corp: 40/6524b lim: 333 exec/s: 0 rss: 29Mb L: 291/333 MS: 4 InsertByte-ChangeByte-CrossOver-CMP- DE: "stsd"-
#224	NEW    cov: 122 ft: 439 corp: 41/6799b lim: 333 exec/s: 0 rss: 29Mb L: 275/333 MS: 2 ShuffleBytes-PersAutoDict- DE: "\000\000\000\000\000\000\000\004"-
#225	NEW    cov: 122 ft: 440 corp: 42/6843b lim: 333 exec/s: 0 rss: 29Mb L: 44/333 MS: 1 CMP- DE: "hvc1"-
#237	NEW    cov: 122 ft: 441 corp: 43/7175b lim: 333 exec/s: 0 rss: 29Mb L: 332/333 MS: 2 InsertRepeatedBytes-CopyPart-
#250	NEW    cov: 122 ft: 452 corp: 44/7207b lim: 333 exec/s: 0 rss: 29Mb L: 32/333 MS: 3 ChangeBinInt-ChangeByte-InsertByte-
#256	REDUCE cov: 122 ft: 452 corp: 44/7206b lim: 333 exec/s: 0 rss: 29Mb L: 83/333 MS: 1 EraseBytes-
#282	NEW    cov: 122 ft: 453 corp: 45/7225b lim: 333 exec/s: 0 rss: 29Mb L: 19/333 MS: 1 EraseBytes-
#286	NEW    cov: 122 ft: 454 corp: 46/7335b lim: 333 exec/s: 0 rss: 29Mb L: 110/333 MS: 4 PersAutoDict-ChangeByte-CrossOver-InsertByte- DE: "\000\000\000\000\000\000\000\004"-
#308	REDUCE cov: 122 ft: 454 corp: 46/7303b lim: 333 exec/s: 0 rss: 29Mb L: 220/333 MS: 2 ChangeBinInt-CrossOver-
#309	REDUCE cov: 122 ft: 454 corp: 46/7294b lim: 333 exec/s: 0 rss: 29Mb L: 22/333 MS: 1 EraseBytes-
#312	NEW    cov: 122 ft: 455 corp: 47/7627b lim: 333 exec/s: 0 rss: 29Mb L: 333/333 MS: 3 ChangeASCIIInt-ShuffleBytes-CrossOver-
#361	NEW    cov: 122 ft: 461 corp: 48/7960b lim: 333 exec/s: 0 rss: 29Mb L: 333/333 MS: 4 ChangeBit-ShuffleBytes-ChangeBit-ChangeBit-
#382	NEW    cov: 123 ft: 462 corp: 49/7967b lim: 333 exec/s: 0 rss: 29Mb L: 7/333 MS: 1 EraseBytes-
#388	NEW    cov: 123 ft: 464 corp: 50/7975b lim: 333 exec/s: 0 rss: 29Mb L: 8/333 MS: 1 InsertByte-
#390	NEW    cov: 123 ft: 465 corp: 51/8235b lim: 333 exec/s: 0 rss: 29Mb L: 260/333 MS: 2 ChangeBit-EraseBytes-
#400	NEW    cov: 123 ft: 473 corp: 52/8560b lim: 333 exec/s: 0 rss: 29Mb L: 325/333 MS: 5 InsertByte-InsertRepeatedBytes-PersAutoDict-InsertRepeatedBytes-CopyPart- DE: "stsd"-
#518	REDUCE cov: 123 ft: 473 corp: 52/8473b lim: 333 exec/s: 0 rss: 29Mb L: 188/333 MS: 3 ChangeASCIIInt-ChangeBit-EraseBytes-
#547	REDUCE cov: 123 ft: 473 corp: 52/8411b lim: 333 exec/s: 0 rss: 29Mb L: 243/333 MS: 4 ChangeBit-ShuffleBytes-PersAutoDict-EraseBytes- DE: "stsd"-
#575	REDUCE cov: 123 ft: 473 corp: 52/8381b lim: 333 exec/s: 0 rss: 29Mb L: 303/333 MS: 3 PersAutoDict-EraseBytes-CopyPart- DE: "\000\000\000\000\000\000\000\004"-
#685	REDUCE cov: 123 ft: 473 corp: 52/8279b lim: 333 exec/s: 0 rss: 29Mb L: 231/333 MS: 5 EraseBytes-InsertByte-CMP-CrossOver-ChangeBit- DE: "p\373\001\270\367w\000\000"-
#690	REDUCE cov: 123 ft: 473 corp: 52/8179b lim: 333 exec/s: 0 rss: 29Mb L: 228/333 MS: 5 ShuffleBytes-PersAutoDict-ChangeByte-EraseBytes-PersAutoDict- DE: "schm"-"\307U\000\270\367w\000\000"-
#699	REDUCE cov: 123 ft: 474 corp: 53/8512b lim: 333 exec/s: 0 rss: 29Mb L: 333/333 MS: 4 ChangeBinInt-CopyPart-CMP-InsertRepeatedBytes- DE: " \000"-
#826	REDUCE cov: 123 ft: 474 corp: 53/8452b lim: 333 exec/s: 0 rss: 29Mb L: 236/333 MS: 2 CrossOver-EraseBytes-
#880	REDUCE cov: 123 ft: 474 corp: 53/8413b lim: 333 exec/s: 0 rss: 29Mb L: 294/333 MS: 4 CrossOver-ChangeByte-ShuffleBytes-EraseBytes-
#897	REDUCE cov: 123 ft: 474 corp: 53/8405b lim: 333 exec/s: 0 rss: 29Mb L: 40/333 MS: 2 ShuffleBytes-EraseBytes-
#994	REDUCE cov: 123 ft: 474 corp: 53/8378b lim: 333 exec/s: 0 rss: 29Mb L: 233/333 MS: 2 CopyPart-EraseBytes-
#1155	NEW    cov: 123 ft: 476 corp: 54/8599b lim: 333 exec/s: 0 rss: 29Mb L: 221/333 MS: 1 InsertByte-
#1183	REDUCE cov: 123 ft: 476 corp: 54/8564b lim: 333 exec/s: 0 rss: 29Mb L: 198/333 MS: 3 InsertRepeatedBytes-ShuffleBytes-EraseBytes-
#1281	REDUCE cov: 123 ft: 476 corp: 54/8532b lim: 333 exec/s: 0 rss: 29Mb L: 293/333 MS: 3 ChangeBit-ShuffleBytes-EraseBytes-
#1347	REDUCE cov: 123 ft: 476 corp: 54/8520b lim: 333 exec/s: 0 rss: 29Mb L: 97/333 MS: 1 EraseBytes-
#1379	REDUCE cov: 123 ft: 476 corp: 54/8470b lim: 333 exec/s: 0 rss: 29Mb L: 148/333 MS: 2 ChangeBinInt-EraseBytes-
#1492	REDUCE cov: 123 ft: 476 corp: 54/8469b lim: 333 exec/s: 0 rss: 29Mb L: 20/333 MS: 3 ShuffleBytes-ChangeByte-EraseBytes-
#1502	REDUCE cov: 123 ft: 476 corp: 54/8393b lim: 333 exec/s: 0 rss: 29Mb L: 192/333 MS: 5 InsertByte-ChangeByte-InsertByte-InsertByte-EraseBytes-
#1582	REDUCE cov: 123 ft: 476 corp: 54/8392b lim: 333 exec/s: 0 rss: 29Mb L: 19/333 MS: 5 ChangeASCIIInt-ChangeBit-ChangeBit-EraseBytes-CMP- DE: "schm"-
#1639	REDUCE cov: 123 ft: 476 corp: 54/8370b lim: 333 exec/s: 0 rss: 29Mb L: 272/333 MS: 2 InsertRepeatedBytes-CrossOver-
#1660	REDUCE cov: 123 ft: 476 corp: 54/8354b lim: 333 exec/s: 0 rss: 29Mb L: 172/333 MS: 1 EraseBytes-
#1671	REDUCE cov: 123 ft: 476 corp: 54/8293b lim: 333 exec/s: 0 rss: 29Mb L: 272/333 MS: 1 EraseBytes-
#1694	REDUCE cov: 123 ft: 476 corp: 54/8218b lim: 333 exec/s: 0 rss: 29Mb L: 258/333 MS: 3 ChangeByte-CrossOver-EraseBytes-
#1740	NEW    cov: 123 ft: 477 corp: 55/8267b lim: 333 exec/s: 0 rss: 29Mb L: 49/333 MS: 1 InsertByte-
#1847	REDUCE cov: 123 ft: 477 corp: 55/8251b lim: 333 exec/s: 0 rss: 29Mb L: 156/333 MS: 2 ShuffleBytes-EraseBytes-
#1851	REDUCE cov: 123 ft: 477 corp: 55/8225b lim: 333 exec/s: 0 rss: 29Mb L: 232/333 MS: 4 InsertRepeatedBytes-PersAutoDict-CopyPart-EraseBytes- DE: "hvc1"-
#2047	REDUCE cov: 123 ft: 477 corp: 55/8211b lim: 333 exec/s: 0 rss: 29Mb L: 276/333 MS: 1 EraseBytes-
#2108	REDUCE cov: 123 ft: 477 corp: 55/8124b lim: 333 exec/s: 0 rss: 29Mb L: 204/333 MS: 1 EraseBytes-
#2180	REDUCE cov: 123 ft: 477 corp: 55/8059b lim: 333 exec/s: 0 rss: 29Mb L: 207/333 MS: 2 CrossOver-EraseBytes-
#2444	REDUCE cov: 123 ft: 477 corp: 55/8058b lim: 333 exec/s: 0 rss: 29Mb L: 147/333 MS: 4 PersAutoDict-ShuffleBytes-InsertRepeatedBytes-EraseBytes- DE: "\000\000\000\000\000\000\000\004"-
#2495	REDUCE cov: 123 ft: 477 corp: 55/8052b lim: 333 exec/s: 0 rss: 29Mb L: 34/333 MS: 1 EraseBytes-
#2576	REDUCE cov: 123 ft: 477 corp: 55/8051b lim: 333 exec/s: 0 rss: 29Mb L: 58/333 MS: 1 EraseBytes-
#2644	REDUCE cov: 123 ft: 477 corp: 55/8042b lim: 333 exec/s: 0 rss: 29Mb L: 195/333 MS: 3 CopyPart-ShuffleBytes-EraseBytes-
#2657	NEW    cov: 123 ft: 483 corp: 56/8367b lim: 333 exec/s: 0 rss: 29Mb L: 325/333 MS: 3 EraseBytes-PersAutoDict-CopyPart- DE: "W\000"-
#2791	REDUCE cov: 123 ft: 483 corp: 56/8352b lim: 333 exec/s: 0 rss: 29Mb L: 158/333 MS: 4 CrossOver-ChangeASCIIInt-ChangeBinInt-EraseBytes-
#2896	REDUCE cov: 123 ft: 484 corp: 57/8624b lim: 333 exec/s: 0 rss: 29Mb L: 272/333 MS: 5 ChangeASCIIInt-ChangeBinInt-ChangeBit-ChangeBinInt-CopyPart-
#2992	REDUCE cov: 123 ft: 484 corp: 57/8623b lim: 333 exec/s: 0 rss: 29Mb L: 145/333 MS: 1 EraseBytes-
#3000	NEW    cov: 123 ft: 485 corp: 58/8861b lim: 333 exec/s: 0 rss: 29Mb L: 238/333 MS: 3 InsertRepeatedBytes-ChangeBit-CMP- DE: "mvex"-
#3013	REDUCE cov: 123 ft: 491 corp: 59/9085b lim: 333 exec/s: 0 rss: 29Mb L: 224/333 MS: 3 ChangeBinInt-CMP-PersAutoDict- DE: "mere"-"schm"-
#3083	REDUCE cov: 123 ft: 491 corp: 59/9082b lim: 333 exec/s: 0 rss: 29Mb L: 225/333 MS: 5 ChangeBit-EraseBytes-ShuffleBytes-ChangeBit-InsertRepeatedBytes-
#3319	REDUCE cov: 123 ft: 491 corp: 59/9078b lim: 333 exec/s: 0 rss: 29Mb L: 8/333 MS: 1 EraseBytes-
#3331	REDUCE cov: 123 ft: 493 corp: 60/9235b lim: 333 exec/s: 0 rss: 29Mb L: 157/333 MS: 2 CMP-InsertByte- DE: "K\031\004\270\367w\000\000"-
#3558	REDUCE cov: 123 ft: 493 corp: 60/9234b lim: 333 exec/s: 0 rss: 29Mb L: 27/333 MS: 2 EraseBytes-CopyPart-
#3733	REDUCE cov: 123 ft: 498 corp: 61/9532b lim: 333 exec/s: 0 rss: 29Mb L: 298/333 MS: 5 CopyPart-InsertByte-PersAutoDict-ChangeBinInt-PersAutoDict- DE: "hvc1"-"schm"-
#3841	REDUCE cov: 123 ft: 498 corp: 61/9530b lim: 333 exec/s: 0 rss: 29Mb L: 5/333 MS: 3 ChangeBit-InsertByte-EraseBytes-
#3913	REDUCE cov: 123 ft: 498 corp: 61/9459b lim: 333 exec/s: 0 rss: 29Mb L: 227/333 MS: 2 ChangeBit-EraseBytes-
#3979	REDUCE cov: 123 ft: 498 corp: 61/9457b lim: 333 exec/s: 0 rss: 29Mb L: 3/333 MS: 1 EraseBytes-
#3987	REDUCE cov: 123 ft: 498 corp: 61/9455b lim: 333 exec/s: 0 rss: 29Mb L: 81/333 MS: 3 InsertByte-ChangeByte-EraseBytes-
#4085	REDUCE cov: 123 ft: 498 corp: 61/9454b lim: 333 exec/s: 0 rss: 29Mb L: 21/333 MS: 3 ChangeBit-ChangeBinInt-EraseBytes-
#4191	REDUCE cov: 123 ft: 498 corp: 61/9426b lim: 333 exec/s: 0 rss: 29Mb L: 199/333 MS: 1 EraseBytes-
#4311	REDUCE cov: 123 ft: 514 corp: 62/9676b lim: 333 exec/s: 0 rss: 29Mb L: 250/333 MS: 5 InsertByte-InsertRepeatedBytes-PersAutoDict-ChangeBinInt-ChangeByte- DE: " \000"-
#4372	REDUCE cov: 123 ft: 514 corp: 62/9675b lim: 333 exec/s: 0 rss: 29Mb L: 155/333 MS: 1 EraseBytes-
#4375	REDUCE cov: 123 ft: 514 corp: 62/9657b lim: 333 exec/s: 0 rss: 29Mb L: 258/333 MS: 3 InsertRepeatedBytes-ChangeBit-EraseBytes-
#4423	REDUCE cov: 123 ft: 514 corp: 62/9629b lim: 333 exec/s: 0 rss: 29Mb L: 244/333 MS: 3 ChangeBinInt-ShuffleBytes-EraseBytes-
#4451	REDUCE cov: 123 ft: 514 corp: 62/9615b lim: 333 exec/s: 0 rss: 29Mb L: 185/333 MS: 3 ChangeBinInt-InsertRepeatedBytes-EraseBytes-
#4506	REDUCE cov: 123 ft: 514 corp: 62/9600b lim: 333 exec/s: 0 rss: 29Mb L: 140/333 MS: 5 CMP-ChangeBit-CopyPart-ShuffleBytes-EraseBytes- DE: "ipma"-
#4536	REDUCE cov: 123 ft: 514 corp: 62/9599b lim: 333 exec/s: 0 rss: 29Mb L: 2/333 MS: 5 ChangeByte-ChangeBinInt-ShuffleBytes-ShuffleBytes-EraseBytes-
#4545	REDUCE cov: 123 ft: 514 corp: 62/9596b lim: 333 exec/s: 0 rss: 29Mb L: 89/333 MS: 4 ChangeByte-CrossOver-PersAutoDict-EraseBytes- DE: " \000"-
#4555	REDUCE cov: 123 ft: 514 corp: 62/9540b lim: 333 exec/s: 0 rss: 29Mb L: 268/333 MS: 5 InsertByte-ShuffleBytes-CopyPart-ChangeBinInt-EraseBytes-
#4564	REDUCE cov: 123 ft: 514 corp: 62/9521b lim: 333 exec/s: 0 rss: 29Mb L: 197/333 MS: 4 EraseBytes-ChangeByte-PersAutoDict-InsertRepeatedBytes- DE: "W\000"-
#4625	REDUCE cov: 123 ft: 514 corp: 62/9484b lim: 333 exec/s: 0 rss: 29Mb L: 148/333 MS: 1 EraseBytes-
#4804	NEW    cov: 123 ft: 515 corp: 63/9748b lim: 333 exec/s: 0 rss: 29Mb L: 264/333 MS: 4 CrossOver-InsertByte-ChangeByte-InsertRepeatedBytes-
#5004	REDUCE cov: 123 ft: 515 corp: 63/9645b lim: 333 exec/s: 0 rss: 29Mb L: 147/333 MS: 5 CrossOver-ChangeByte-ChangeByte-ChangeBinInt-EraseBytes-
#5032	NEW    cov: 123 ft: 518 corp: 64/9821b lim: 333 exec/s: 0 rss: 29Mb L: 176/333 MS: 3 CopyPart-CopyPart-CrossOver-
#5041	REDUCE cov: 123 ft: 518 corp: 64/9816b lim: 333 exec/s: 0 rss: 29Mb L: 238/333 MS: 4 ChangeBinInt-ChangeBit-ChangeBinInt-CrossOver-
#5234	REDUCE cov: 123 ft: 518 corp: 64/9760b lim: 333 exec/s: 0 rss: 29Mb L: 188/333 MS: 3 InsertRepeatedBytes-ShuffleBytes-EraseBytes-
#5270	REDUCE cov: 123 ft: 518 corp: 64/9733b lim: 333 exec/s: 0 rss: 29Mb L: 70/333 MS: 1 EraseBytes-
#5277	REDUCE cov: 123 ft: 518 corp: 64/9705b lim: 333 exec/s: 0 rss: 29Mb L: 297/333 MS: 2 CopyPart-EraseBytes-
#5283	REDUCE cov: 123 ft: 518 corp: 64/9704b lim: 333 exec/s: 0 rss: 29Mb L: 1/333 MS: 1 EraseBytes-
#5394	REDUCE cov: 123 ft: 518 corp: 64/9632b lim: 333 exec/s: 0 rss: 29Mb L: 76/333 MS: 1 EraseBytes-
#5493	REDUCE cov: 123 ft: 519 corp: 65/9704b lim: 333 exec/s: 0 rss: 29Mb L: 72/333 MS: 4 CrossOver-PersAutoDict-EraseBytes-EraseBytes- DE: "mere"-
#5554	REDUCE cov: 123 ft: 519 corp: 65/9600b lim: 333 exec/s: 0 rss: 29Mb L: 164/333 MS: 1 EraseBytes-
#5585	REDUCE cov: 123 ft: 519 corp: 65/9579b lim: 333 exec/s: 0 rss: 29Mb L: 126/333 MS: 1 EraseBytes-
#5612	REDUCE cov: 123 ft: 519 corp: 65/9531b lim: 333 exec/s: 0 rss: 29Mb L: 78/333 MS: 2 CopyPart-EraseBytes-
#5670	NEW    cov: 123 ft: 520 corp: 66/9796b lim: 333 exec/s: 0 rss: 29Mb L: 265/333 MS: 3 ChangeBinInt-ChangeBit-InsertByte-
#5691	REDUCE cov: 123 ft: 520 corp: 66/9782b lim: 333 exec/s: 0 rss: 29Mb L: 174/333 MS: 1 EraseBytes-
#5828	REDUCE cov: 123 ft: 520 corp: 66/9757b lim: 333 exec/s: 0 rss: 29Mb L: 53/333 MS: 2 CrossOver-EraseBytes-
#5915	REDUCE cov: 123 ft: 520 corp: 66/9753b lim: 333 exec/s: 0 rss: 29Mb L: 172/333 MS: 2 CopyPart-EraseBytes-
#5936	REDUCE cov: 123 ft: 520 corp: 66/9751b lim: 333 exec/s: 0 rss: 29Mb L: 17/333 MS: 1 EraseBytes-
#6402	REDUCE cov: 123 ft: 520 corp: 66/9738b lim: 333 exec/s: 0 rss: 30Mb L: 59/333 MS: 1 EraseBytes-
#6443	REDUCE cov: 123 ft: 520 corp: 66/9728b lim: 333 exec/s: 0 rss: 30Mb L: 43/333 MS: 1 EraseBytes-
#6922	REDUCE cov: 123 ft: 521 corp: 67/9944b lim: 333 exec/s: 6922 rss: 30Mb L: 216/333 MS: 3 CMP-InsertByte-CMP- DE: "mere"-"N7ISOBMFF3BoxE"-
#7014	NEW    cov: 123 ft: 522 corp: 68/10277b lim: 333 exec/s: 7014 rss: 30Mb L: 333/333 MS: 2 ChangeBinInt-ChangeBit-
#7120	REDUCE cov: 123 ft: 522 corp: 68/10274b lim: 333 exec/s: 7120 rss: 30Mb L: 235/333 MS: 1 EraseBytes-
#7161	REDUCE cov: 123 ft: 522 corp: 68/10269b lim: 333 exec/s: 7161 rss: 30Mb L: 328/333 MS: 1 EraseBytes-
#7165	REDUCE cov: 123 ft: 522 corp: 68/10230b lim: 333 exec/s: 7165 rss: 30Mb L: 293/333 MS: 4 ChangeBit-InsertByte-CMP-EraseBytes- DE: "\327;Dm\367b\000\000"-
#7273	REDUCE cov: 123 ft: 522 corp: 68/10229b lim: 333 exec/s: 7273 rss: 30Mb L: 43/333 MS: 3 ChangeBit-ShuffleBytes-EraseBytes-
#7285	REDUCE cov: 123 ft: 522 corp: 68/10226b lim: 333 exec/s: 7285 rss: 30Mb L: 169/333 MS: 2 InsertRepeatedBytes-EraseBytes-
#7286	REDUCE cov: 123 ft: 522 corp: 68/10215b lim: 333 exec/s: 7286 rss: 30Mb L: 181/333 MS: 1 EraseBytes-
#7312	REDUCE cov: 123 ft: 522 corp: 68/10214b lim: 333 exec/s: 7312 rss: 30Mb L: 33/333 MS: 1 EraseBytes-
#7322	REDUCE cov: 123 ft: 522 corp: 68/10183b lim: 333 exec/s: 7322 rss: 30Mb L: 164/333 MS: 5 ChangeByte-ChangeBit-EraseBytes-PersAutoDict-InsertByte- DE: "N7ISOBMFF3BoxE"-
#7444	REDUCE cov: 123 ft: 522 corp: 68/10180b lim: 333 exec/s: 7444 rss: 30Mb L: 255/333 MS: 2 ChangeBinInt-EraseBytes-
#7598	REDUCE cov: 123 ft: 522 corp: 68/10154b lim: 333 exec/s: 7598 rss: 30Mb L: 84/333 MS: 4 ChangeBit-CMP-ShuffleBytes-EraseBytes- DE: "fiin"-
#7634	REDUCE cov: 123 ft: 526 corp: 69/10482b lim: 333 exec/s: 7634 rss: 30Mb L: 328/333 MS: 1 ChangeBinInt-
#7838	REDUCE cov: 123 ft: 526 corp: 69/10467b lim: 333 exec/s: 7838 rss: 30Mb L: 318/333 MS: 4 ChangeByte-CopyPart-ChangeBinInt-EraseBytes-
#7854	REDUCE cov: 123 ft: 526 corp: 69/10466b lim: 333 exec/s: 7854 rss: 30Mb L: 42/333 MS: 1 EraseBytes-
#8131	REDUCE cov: 123 ft: 526 corp: 69/10465b lim: 333 exec/s: 8131 rss: 30Mb L: 41/333 MS: 2 InsertByte-EraseBytes-
#8357	REDUCE cov: 123 ft: 526 corp: 69/10438b lim: 333 exec/s: 8357 rss: 30Mb L: 170/333 MS: 1 EraseBytes-
#8400	REDUCE cov: 123 ft: 526 corp: 69/10430b lim: 333 exec/s: 8400 rss: 30Mb L: 70/333 MS: 3 ChangeBit-InsertByte-EraseBytes-
#8427	REDUCE cov: 123 ft: 526 corp: 69/10429b lim: 333 exec/s: 8427 rss: 30Mb L: 26/333 MS: 2 ChangeBit-EraseBytes-
#8543	REDUCE cov: 123 ft: 527 corp: 70/10461b lim: 333 exec/s: 8543 rss: 30Mb L: 32/333 MS: 1 EraseBytes-
#8746	REDUCE cov: 123 ft: 527 corp: 70/10446b lim: 333 exec/s: 8746 rss: 30Mb L: 125/333 MS: 3 ChangeByte-CopyPart-EraseBytes-
#8861	REDUCE cov: 123 ft: 527 corp: 70/10378b lim: 333 exec/s: 8861 rss: 30Mb L: 164/333 MS: 5 ChangeBinInt-InsertRepeatedBytes-ShuffleBytes-InsertByte-EraseBytes-
#8874	REDUCE cov: 123 ft: 527 corp: 70/10375b lim: 333 exec/s: 8874 rss: 30Mb L: 81/333 MS: 3 CrossOver-PersAutoDict-EraseBytes- DE: "\307U\000\270\367w\000\000"-
#9001	REDUCE cov: 123 ft: 527 corp: 70/10372b lim: 333 exec/s: 9001 rss: 30Mb L: 233/333 MS: 2 ChangeBit-EraseBytes-
#9025	REDUCE cov: 123 ft: 527 corp: 70/10360b lim: 333 exec/s: 9025 rss: 30Mb L: 20/333 MS: 4 InsertByte-ChangeBit-InsertByte-EraseBytes-
#9060	REDUCE cov: 123 ft: 527 corp: 70/10349b lim: 333 exec/s: 9060 rss: 30Mb L: 29/333 MS: 5 EraseBytes-InsertByte-ChangeASCIIInt-ChangeByte-CrossOver-
#9768	REDUCE cov: 123 ft: 527 corp: 70/10330b lim: 333 exec/s: 9768 rss: 30Mb L: 57/333 MS: 3 InsertByte-ChangeByte-EraseBytes-
#9779	REDUCE cov: 123 ft: 527 corp: 70/10310b lim: 333 exec/s: 9779 rss: 30Mb L: 23/333 MS: 1 EraseBytes-
#9840	NEW    cov: 123 ft: 532 corp: 71/10552b lim: 333 exec/s: 9840 rss: 30Mb L: 242/333 MS: 1 PersAutoDict- DE: "stsd"-
#9981	REDUCE cov: 123 ft: 532 corp: 71/10550b lim: 333 exec/s: 9981 rss: 30Mb L: 27/333 MS: 1 EraseBytes-
#10078	REDUCE cov: 123 ft: 532 corp: 71/10513b lim: 333 exec/s: 10078 rss: 30Mb L: 132/333 MS: 2 CMP-EraseBytes- DE: "\000\000w\367\270\010)\367"-
#10210	REDUCE cov: 123 ft: 532 corp: 71/10505b lim: 333 exec/s: 10210 rss: 30Mb L: 12/333 MS: 2 PersAutoDict-EraseBytes- DE: " \000"-
#10504	REDUCE cov: 123 ft: 532 corp: 71/10504b lim: 333 exec/s: 10504 rss: 30Mb L: 16/333 MS: 4 EraseBytes-ChangeByte-ChangeBinInt-CopyPart-
#10565	REDUCE cov: 123 ft: 532 corp: 71/10501b lim: 333 exec/s: 10565 rss: 30Mb L: 16/333 MS: 1 EraseBytes-
#10591	REDUCE cov: 123 ft: 532 corp: 71/10493b lim: 333 exec/s: 10591 rss: 30Mb L: 216/333 MS: 1 EraseBytes-
#10717	REDUCE cov: 123 ft: 532 corp: 71/10456b lim: 333 exec/s: 10717 rss: 30Mb L: 179/333 MS: 1 CrossOver-
#10805	REDUCE cov: 123 ft: 532 corp: 71/10419b lim: 333 exec/s: 10805 rss: 30Mb L: 205/333 MS: 3 InsertRepeatedBytes-ChangeBit-EraseBytes-
#10943	REDUCE cov: 123 ft: 532 corp: 71/10391b lim: 333 exec/s: 10943 rss: 30Mb L: 97/333 MS: 3 ChangeBit-ChangeByte-EraseBytes-
#11114	REDUCE cov: 123 ft: 532 corp: 71/10383b lim: 333 exec/s: 11114 rss: 30Mb L: 227/333 MS: 1 EraseBytes-
#11668	NEW    cov: 123 ft: 537 corp: 72/10615b lim: 333 exec/s: 11668 rss: 30Mb L: 232/333 MS: 4 CMP-CopyPart-CopyPart-EraseBytes- DE: "iinf"-
#11680	REDUCE cov: 123 ft: 537 corp: 72/10612b lim: 333 exec/s: 11680 rss: 30Mb L: 269/333 MS: 2 ChangeBinInt-EraseBytes-
#12236	REDUCE cov: 123 ft: 537 corp: 72/10519b lim: 333 exec/s: 12236 rss: 30Mb L: 112/333 MS: 1 EraseBytes-
#12336	REDUCE cov: 123 ft: 537 corp: 72/10510b lim: 333 exec/s: 12336 rss: 30Mb L: 284/333 MS: 5 ChangeBinInt-EraseBytes-ChangeBit-CopyPart-CopyPart-
#12626	REDUCE cov: 123 ft: 537 corp: 72/10489b lim: 333 exec/s: 12626 rss: 30Mb L: 160/333 MS: 5 ChangeByte-InsertRepeatedBytes-InsertByte-InsertRepeatedBytes-EraseBytes-
#12926	REDUCE cov: 123 ft: 537 corp: 72/10485b lim: 333 exec/s: 12926 rss: 30Mb L: 251/333 MS: 5 InsertByte-EraseBytes-InsertRepeatedBytes-ShuffleBytes-CopyPart-
#13221	REDUCE cov: 123 ft: 537 corp: 72/10477b lim: 333 exec/s: 13221 rss: 30Mb L: 166/333 MS: 5 ShuffleBytes-ChangeBinInt-ChangeByte-ChangeBinInt-EraseBytes-
#13500	REDUCE cov: 123 ft: 537 corp: 72/10455b lim: 333 exec/s: 6750 rss: 30Mb L: 48/333 MS: 4 ShuffleBytes-ChangeBit-ChangeByte-EraseBytes-
#13554	REDUCE cov: 123 ft: 537 corp: 72/10450b lim: 333 exec/s: 6777 rss: 30Mb L: 220/333 MS: 4 InsertRepeatedBytes-PersAutoDict-EraseBytes-CMP- DE: "W\000"-"\377\377\377\023"-
#13670	REDUCE cov: 123 ft: 537 corp: 72/10448b lim: 333 exec/s: 6835 rss: 30Mb L: 21/333 MS: 1 EraseBytes-
#13963	REDUCE cov: 123 ft: 537 corp: 72/10395b lim: 333 exec/s: 6981 rss: 30Mb L: 79/333 MS: 3 ChangeASCIIInt-CopyPart-EraseBytes-
#14099	NEW    cov: 123 ft: 538 corp: 73/10623b lim: 333 exec/s: 7049 rss: 30Mb L: 228/333 MS: 1 CMP- DE: "\017\000\000\000\000\000\000\000"-
#14145	REDUCE cov: 123 ft: 538 corp: 73/10621b lim: 333 exec/s: 7072 rss: 30Mb L: 77/333 MS: 1 EraseBytes-
#14312	REDUCE cov: 123 ft: 538 corp: 73/10549b lim: 333 exec/s: 7156 rss: 30Mb L: 94/333 MS: 2 EraseBytes-InsertByte-
#14671	REDUCE cov: 123 ft: 538 corp: 73/10519b lim: 333 exec/s: 7335 rss: 30Mb L: 82/333 MS: 4 InsertRepeatedBytes-ChangeBit-ShuffleBytes-EraseBytes-
#14692	REDUCE cov: 123 ft: 538 corp: 73/10505b lim: 333 exec/s: 7346 rss: 30Mb L: 219/333 MS: 1 EraseBytes-
#14786	NEW    cov: 123 ft: 539 corp: 74/10765b lim: 333 exec/s: 7393 rss: 30Mb L: 260/333 MS: 4 InsertRepeatedBytes-ShuffleBytes-CMP-EraseBytes- DE: "\007\000\000\000"-
#14834	REDUCE cov: 123 ft: 539 corp: 74/10761b lim: 333 exec/s: 7417 rss: 30Mb L: 101/333 MS: 3 InsertByte-CopyPart-EraseBytes-
#15360	REDUCE cov: 123 ft: 539 corp: 74/10754b lim: 333 exec/s: 7680 rss: 30Mb L: 157/333 MS: 1 CrossOver-
#15540	REDUCE cov: 123 ft: 539 corp: 74/10751b lim: 333 exec/s: 7770 rss: 30Mb L: 24/333 MS: 5 InsertByte-ChangeBinInt-CMP-ChangeByte-EraseBytes- DE: "\001\000w\367\270\012\214\035"-
#15661	REDUCE cov: 123 ft: 539 corp: 74/10738b lim: 333 exec/s: 7830 rss: 30Mb L: 219/333 MS: 1 EraseBytes-
#15772	REDUCE cov: 123 ft: 539 corp: 74/10726b lim: 333 exec/s: 7886 rss: 30Mb L: 85/333 MS: 1 EraseBytes-
#16343	REDUCE cov: 123 ft: 539 corp: 74/10722b lim: 333 exec/s: 8171 rss: 30Mb L: 66/333 MS: 1 EraseBytes-
#16384	pulse  cov: 123 ft: 539 corp: 74/10722b lim: 333 exec/s: 8192 rss: 30Mb
#16442	REDUCE cov: 123 ft: 539 corp: 74/10695b lim: 333 exec/s: 8221 rss: 30Mb L: 133/333 MS: 4 CopyPart-InsertRepeatedBytes-CrossOver-EraseBytes-
#16505	REDUCE cov: 123 ft: 539 corp: 74/10683b lim: 333 exec/s: 8252 rss: 30Mb L: 145/333 MS: 3 ChangeASCIIInt-PersAutoDict-EraseBytes- DE: "\017\000\000\000\000\000\000\000"-
#16748	REDUCE cov: 123 ft: 539 corp: 74/10634b lim: 333 exec/s: 8374 rss: 30Mb L: 158/333 MS: 3 PersAutoDict-ChangeBinInt-EraseBytes- DE: "stsd"-
#16981	REDUCE cov: 123 ft: 539 corp: 74/10633b lim: 333 exec/s: 8490 rss: 30Mb L: 157/333 MS: 3 InsertRepeatedBytes-InsertByte-EraseBytes-
#17278	REDUCE cov: 123 ft: 539 corp: 74/10617b lim: 333 exec/s: 8639 rss: 30Mb L: 85/333 MS: 2 InsertByte-EraseBytes-
#17571	REDUCE cov: 123 ft: 539 corp: 74/10577b lim: 333 exec/s: 8785 rss: 30Mb L: 139/333 MS: 3 ShuffleBytes-InsertByte-EraseBytes-
#17604	REDUCE cov: 123 ft: 539 corp: 74/10575b lim: 333 exec/s: 8802 rss: 30Mb L: 22/333 MS: 3 EraseBytes-ChangeBit-PersAutoDict- DE: "\000\000\000\000\000\000\000\004"-
#18090	REDUCE cov: 123 ft: 539 corp: 74/10571b lim: 333 exec/s: 9045 rss: 30Mb L: 17/333 MS: 1 EraseBytes-
#18456	NEW    cov: 123 ft: 544 corp: 75/10838b lim: 333 exec/s: 9228 rss: 30Mb L: 267/333 MS: 1 CrossOver-
#18657	REDUCE cov: 123 ft: 545 corp: 76/11123b lim: 333 exec/s: 9328 rss: 30Mb L: 285/333 MS: 1 InsertRepeatedBytes-
#18667	REDUCE cov: 123 ft: 545 corp: 76/11121b lim: 333 exec/s: 9333 rss: 30Mb L: 168/333 MS: 5 CopyPart-InsertByte-ChangeBit-ChangeByte-EraseBytes-
#18722	REDUCE cov: 123 ft: 545 corp: 76/11117b lim: 333 exec/s: 9361 rss: 30Mb L: 280/333 MS: 5 CopyPart-ChangeByte-ChangeBinInt-ShuffleBytes-EraseBytes-
#18850	REDUCE cov: 123 ft: 545 corp: 76/11063b lim: 333 exec/s: 9425 rss: 30Mb L: 197/333 MS: 3 ChangeBit-CrossOver-ChangeByte-
#19176	REDUCE cov: 123 ft: 545 corp: 76/11061b lim: 333 exec/s: 9588 rss: 30Mb L: 10/333 MS: 1 EraseBytes-
#19257	REDUCE cov: 123 ft: 545 corp: 76/11046b lim: 333 exec/s: 9628 rss: 30Mb L: 44/333 MS: 1 EraseBytes-
#19286	REDUCE cov: 123 ft: 545 corp: 76/11039b lim: 333 exec/s: 9643 rss: 30Mb L: 311/333 MS: 4 ShuffleBytes-ChangeBit-ChangeBit-EraseBytes-
#19360	REDUCE cov: 123 ft: 545 corp: 76/11035b lim: 333 exec/s: 9680 rss: 30Mb L: 18/333 MS: 4 CrossOver-ShuffleBytes-ChangeBinInt-EraseBytes-
#19379	REDUCE cov: 123 ft: 545 corp: 76/11010b lim: 333 exec/s: 9689 rss: 30Mb L: 60/333 MS: 4 ShuffleBytes-ChangeASCIIInt-PersAutoDict-EraseBytes- DE: "mvex"-
#19499	REDUCE cov: 123 ft: 545 corp: 76/11006b lim: 333 exec/s: 9749 rss: 30Mb L: 17/333 MS: 5 ChangeBinInt-EraseBytes-CopyPart-CopyPart-CopyPart-
#19564	REDUCE cov: 123 ft: 545 corp: 76/10998b lim: 333 exec/s: 9782 rss: 30Mb L: 24/333 MS: 5 PersAutoDict-ChangeBinInt-EraseBytes-ChangeASCIIInt-CMP- DE: "mere"-"\001o"-
#19590	REDUCE cov: 123 ft: 545 corp: 76/10997b lim: 333 exec/s: 9795 rss: 30Mb L: 76/333 MS: 1 EraseBytes-
#19816	REDUCE cov: 123 ft: 545 corp: 76/10978b lim: 333 exec/s: 9908 rss: 30Mb L: 200/333 MS: 1 EraseBytes-
#20319	REDUCE cov: 123 ft: 545 corp: 76/10959b lim: 333 exec/s: 6773 rss: 30Mb L: 208/333 MS: 3 InsertByte-CopyPart-EraseBytes-
#20380	REDUCE cov: 123 ft: 545 corp: 76/10927b lim: 333 exec/s: 6793 rss: 30Mb L: 184/333 MS: 1 EraseBytes-
#20536	REDUCE cov: 123 ft: 545 corp: 76/10919b lim: 333 exec/s: 6845 rss: 30Mb L: 285/333 MS: 1 EraseBytes-
#20834	REDUCE cov: 123 ft: 545 corp: 76/10916b lim: 333 exec/s: 6944 rss: 30Mb L: 144/333 MS: 3 EraseBytes-PersAutoDict-InsertRepeatedBytes- DE: "\001o"-
#21090	REDUCE cov: 123 ft: 545 corp: 76/10914b lim: 333 exec/s: 7030 rss: 30Mb L: 64/333 MS: 1 EraseBytes-
#21152	REDUCE cov: 123 ft: 545 corp: 76/10913b lim: 333 exec/s: 7050 rss: 30Mb L: 196/333 MS: 2 ChangeBit-EraseBytes-
#21621	REDUCE cov: 123 ft: 545 corp: 76/10909b lim: 333 exec/s: 7207 rss: 30Mb L: 140/333 MS: 4 ShuffleBytes-InsertByte-CMP-EraseBytes- DE: "\001\000w\367\270\013j\300"-
#22178	REDUCE cov: 123 ft: 545 corp: 76/10822b lim: 333 exec/s: 7392 rss: 30Mb L: 182/333 MS: 2 EraseBytes-CopyPart-
#22201	REDUCE cov: 123 ft: 545 corp: 76/10818b lim: 333 exec/s: 7400 rss: 30Mb L: 136/333 MS: 3 CopyPart-ChangeBit-EraseBytes-
#22220	REDUCE cov: 123 ft: 550 corp: 77/11093b lim: 333 exec/s: 7406 rss: 30Mb L: 275/333 MS: 4 PersAutoDict-ChangeBinInt-CrossOver-ChangeByte- DE: "stsd"-
#22748	REDUCE cov: 123 ft: 550 corp: 77/11083b lim: 333 exec/s: 7582 rss: 30Mb L: 66/333 MS: 3 ChangeBit-ShuffleBytes-EraseBytes-
#22970	REDUCE cov: 123 ft: 550 corp: 77/11082b lim: 333 exec/s: 7656 rss: 30Mb L: 29/333 MS: 2 CopyPart-EraseBytes-
#23263	REDUCE cov: 123 ft: 550 corp: 77/11059b lim: 333 exec/s: 7754 rss: 30Mb L: 252/333 MS: 3 ChangeASCIIInt-ChangeASCIIInt-EraseBytes-
#23273	REDUCE cov: 123 ft: 550 corp: 77/11055b lim: 333 exec/s: 7757 rss: 30Mb L: 192/333 MS: 5 CopyPart-InsertRepeatedBytes-ChangeASCIIInt-EraseBytes-PersAutoDict- DE: "stsd"-
#24403	REDUCE cov: 123 ft: 550 corp: 77/11054b lim: 341 exec/s: 8134 rss: 30Mb L: 25/333 MS: 5 ChangeByte-InsertByte-ChangeASCIIInt-ChangeBit-EraseBytes-
#24604	REDUCE cov: 123 ft: 550 corp: 77/11038b lim: 341 exec/s: 8201 rss: 30Mb L: 129/333 MS: 1 EraseBytes-
==17== ERROR: libFuzzer: out-of-memory (used: 2033Mb; limit: 512Mb)
   To change the out-of-memory limit use -rss_limit_mb=<N>

MS: 1 CopyPart-; base unit: c75b9370417fc869ed54dabcdf32497ec493f72c
0x0,0x0,0x0,0x1,0x66,0x74,0x79,0x70,0x0,0x0,0x0,0x1,0x66,0x74,0x79,0x70,0x69,0x69,0x6f,
\000\000\000\001ftyp\000\000\000\001ftypiio
artifact_prefix='/results/crashes/20260313_141715_56e05016_'; Test unit written to /results/crashes/20260313_141715_56e05016_oom-f79f529105a268245f0fe5230f503ecb92b2c84e
Base64: AAAAAWZ0eXAAAAABZnR5cGlpbw==
SUMMARY: libFuzzer: out-of-memory
stat::number_of_executed_units: 24640
stat::average_exec_per_sec:     4928
stat::new_units_added:          233
stat::slowest_unit_time_sec:    0
stat::peak_rss_mb:              2034
