INFO: Running with entropic power schedule (0xFF, 100).
INFO: Seed: 2754083560
INFO: Loaded 1 modules   (252 inline 8-bit counters): 252 [0x63362fd20678, 0x63362fd20774), 
INFO: Loaded 1 PC tables (252 PCs): 252 [0x63362fd20778,0x63362fd21738), 
INFO:        4 files found in /tmp/corpus_20260313_193124_bae80b4a
INFO: seed corpus: files: 4 min: 48b max: 333b total: 853b rss: 28Mb
#5	INITED cov: 117 ft: 250 corp: 4/853b exec/s: 0 rss: 29Mb
#6	NEW    cov: 117 ft: 258 corp: 5/905b lim: 333 exec/s: 0 rss: 29Mb L: 52/333 MS: 1 CopyPart-
#7	NEW    cov: 117 ft: 264 corp: 6/1078b lim: 333 exec/s: 0 rss: 29Mb L: 173/333 MS: 1 EraseBytes-
#8	NEW    cov: 117 ft: 280 corp: 7/1166b lim: 333 exec/s: 0 rss: 29Mb L: 88/333 MS: 1 CrossOver-
#11	NEW    cov: 118 ft: 286 corp: 8/1499b lim: 333 exec/s: 0 rss: 29Mb L: 333/333 MS: 3 CMP-ChangeByte-CopyPart- DE: "\001\000c6/\256\246g"-
#12	NEW    cov: 120 ft: 298 corp: 9/1724b lim: 333 exec/s: 0 rss: 29Mb L: 225/333 MS: 1 EraseBytes-
#14	NEW    cov: 120 ft: 311 corp: 10/1865b lim: 333 exec/s: 0 rss: 29Mb L: 141/333 MS: 2 CMP-CopyPart- DE: "mdia"-
#16	NEW    cov: 120 ft: 313 corp: 11/2067b lim: 333 exec/s: 0 rss: 29Mb L: 202/333 MS: 2 ChangeByte-CrossOver-
#17	NEW    cov: 120 ft: 315 corp: 12/2264b lim: 333 exec/s: 0 rss: 29Mb L: 197/333 MS: 1 CrossOver-
#23	NEW    cov: 120 ft: 316 corp: 13/2359b lim: 333 exec/s: 0 rss: 29Mb L: 95/333 MS: 1 CopyPart-
#25	NEW    cov: 120 ft: 317 corp: 14/2481b lim: 333 exec/s: 0 rss: 29Mb L: 122/333 MS: 2 ChangeBinInt-InsertRepeatedBytes-
#37	NEW    cov: 120 ft: 318 corp: 15/2578b lim: 333 exec/s: 0 rss: 29Mb L: 97/333 MS: 2 EraseBytes-InsertByte-
#40	NEW    cov: 120 ft: 319 corp: 16/2695b lim: 333 exec/s: 0 rss: 29Mb L: 117/333 MS: 3 ChangeBit-ShuffleBytes-EraseBytes-
#42	NEW    cov: 120 ft: 331 corp: 17/2724b lim: 333 exec/s: 0 rss: 29Mb L: 29/333 MS: 2 ChangeBit-EraseBytes-
#47	NEW    cov: 120 ft: 332 corp: 18/2816b lim: 333 exec/s: 0 rss: 29Mb L: 92/333 MS: 5 PersAutoDict-EraseBytes-CrossOver-CrossOver-EraseBytes- DE: "\001\000c6/\256\246g"-
#58	NEW    cov: 120 ft: 334 corp: 19/3129b lim: 333 exec/s: 0 rss: 29Mb L: 313/333 MS: 1 CrossOver-
#63	NEW    cov: 120 ft: 335 corp: 20/3334b lim: 333 exec/s: 0 rss: 29Mb L: 205/333 MS: 5 CopyPart-ChangeBit-ChangeByte-ShuffleBytes-PersAutoDict- DE: "\001\000c6/\256\246g"-
#70	NEW    cov: 120 ft: 336 corp: 21/3548b lim: 333 exec/s: 0 rss: 29Mb L: 214/333 MS: 2 ChangeASCIIInt-CopyPart-
#71	NEW    cov: 120 ft: 337 corp: 22/3690b lim: 333 exec/s: 0 rss: 29Mb L: 142/333 MS: 1 InsertByte-
#79	NEW    cov: 120 ft: 338 corp: 23/3865b lim: 333 exec/s: 0 rss: 29Mb L: 175/333 MS: 3 ChangeByte-InsertRepeatedBytes-EraseBytes-
#82	NEW    cov: 120 ft: 339 corp: 24/4024b lim: 333 exec/s: 0 rss: 29Mb L: 159/333 MS: 3 ShuffleBytes-EraseBytes-EraseBytes-
#87	NEW    cov: 120 ft: 340 corp: 25/4273b lim: 333 exec/s: 0 rss: 29Mb L: 249/333 MS: 5 InsertRepeatedBytes-PersAutoDict-CMP-ChangeBinInt-CopyPart- DE: "\001\000c6/\256\246g"-"\377\007"-
#138	NEW    cov: 120 ft: 345 corp: 26/4527b lim: 333 exec/s: 0 rss: 29Mb L: 254/333 MS: 1 CMP- DE: "\001\010"-
#145	NEW    cov: 120 ft: 348 corp: 27/4846b lim: 333 exec/s: 0 rss: 29Mb L: 319/333 MS: 2 ChangeByte-CopyPart-
#168	NEW    cov: 120 ft: 353 corp: 28/5066b lim: 333 exec/s: 0 rss: 29Mb L: 220/333 MS: 3 PersAutoDict-ChangeByte-CopyPart- DE: "\001\000c6/\256\246g"-
#181	NEW    cov: 120 ft: 384 corp: 29/5239b lim: 333 exec/s: 0 rss: 29Mb L: 173/333 MS: 3 ChangeBinInt-CMP-ChangeByte- DE: "\016\000\000\000"-
#233	NEW    cov: 120 ft: 389 corp: 30/5314b lim: 333 exec/s: 0 rss: 29Mb L: 75/333 MS: 2 EraseBytes-EraseBytes-
#238	NEW    cov: 120 ft: 391 corp: 31/5390b lim: 333 exec/s: 0 rss: 29Mb L: 76/333 MS: 5 ChangeBit-PersAutoDict-CMP-InsertByte-CopyPart- DE: "\001\000c6/\256\246g"-"\377\377~\376D\217\035\300"-
#285	NEW    cov: 120 ft: 392 corp: 32/5717b lim: 333 exec/s: 0 rss: 29Mb L: 327/333 MS: 2 ShuffleBytes-CMP- DE: "\200\377\377\377\377\377\377\377"-
#361	NEW    cov: 120 ft: 396 corp: 33/6049b lim: 333 exec/s: 0 rss: 29Mb L: 332/333 MS: 1 CopyPart-
#413	NEW    cov: 120 ft: 405 corp: 34/6098b lim: 333 exec/s: 0 rss: 29Mb L: 49/333 MS: 2 CrossOver-InsertByte-
#430	NEW    cov: 120 ft: 406 corp: 35/6186b lim: 333 exec/s: 0 rss: 29Mb L: 88/333 MS: 2 CopyPart-CMP- DE: "\377\377\377\377\377\377\377\177"-
#521	NEW    cov: 120 ft: 410 corp: 36/6210b lim: 333 exec/s: 0 rss: 29Mb L: 24/333 MS: 1 CrossOver-
#537	REDUCE cov: 120 ft: 410 corp: 36/6205b lim: 333 exec/s: 0 rss: 29Mb L: 244/333 MS: 1 EraseBytes-
#578	REDUCE cov: 120 ft: 410 corp: 36/6178b lim: 333 exec/s: 0 rss: 29Mb L: 61/333 MS: 1 EraseBytes-
#650	REDUCE cov: 120 ft: 410 corp: 36/6176b lim: 333 exec/s: 0 rss: 29Mb L: 27/333 MS: 2 CopyPart-EraseBytes-
#652	NEW    cov: 120 ft: 411 corp: 37/6497b lim: 333 exec/s: 0 rss: 29Mb L: 321/333 MS: 2 ChangeBit-PersAutoDict- DE: "\377\377\377\377\377\377\377\177"-
#729	NEW    cov: 120 ft: 412 corp: 38/6790b lim: 333 exec/s: 0 rss: 29Mb L: 293/333 MS: 2 ChangeBinInt-CopyPart-
#730	NEW    cov: 120 ft: 417 corp: 39/6838b lim: 333 exec/s: 0 rss: 29Mb L: 48/333 MS: 1 EraseBytes-
#935	NEW    cov: 120 ft: 419 corp: 40/6868b lim: 333 exec/s: 0 rss: 29Mb L: 30/333 MS: 5 ChangeBit-CopyPart-ChangeBinInt-InsertByte-EraseBytes-
#981	NEW    cov: 121 ft: 420 corp: 41/6994b lim: 333 exec/s: 0 rss: 29Mb L: 126/333 MS: 1 EraseBytes-
#1001	NEW    cov: 121 ft: 430 corp: 42/7142b lim: 333 exec/s: 0 rss: 29Mb L: 148/333 MS: 5 PersAutoDict-ChangeBit-ChangeASCIIInt-PersAutoDict-EraseBytes- DE: "\001\010"-"\377\007"-
#1018	NEW    cov: 121 ft: 436 corp: 43/7434b lim: 333 exec/s: 0 rss: 29Mb L: 292/333 MS: 2 InsertRepeatedBytes-ChangeBit-
#1019	REDUCE cov: 121 ft: 436 corp: 43/7430b lim: 333 exec/s: 0 rss: 29Mb L: 248/333 MS: 1 EraseBytes-
#1044	NEW    cov: 121 ft: 437 corp: 44/7456b lim: 333 exec/s: 0 rss: 29Mb L: 26/333 MS: 5 CMP-CopyPart-PersAutoDict-PersAutoDict-CrossOver- DE: "\010\000\000\000"-"\016\000\000\000"-"\377\377~\376D\217\035\300"-
#1091	REDUCE cov: 121 ft: 437 corp: 44/7414b lim: 333 exec/s: 0 rss: 29Mb L: 84/333 MS: 2 CMP-EraseBytes- DE: "\000\000\000 "-
#1095	REDUCE cov: 121 ft: 437 corp: 44/7347b lim: 333 exec/s: 0 rss: 29Mb L: 153/333 MS: 4 CrossOver-ChangeBinInt-ShuffleBytes-EraseBytes-
#1204	REDUCE cov: 121 ft: 437 corp: 44/7346b lim: 333 exec/s: 0 rss: 29Mb L: 141/333 MS: 4 EraseBytes-InsertByte-ChangeBit-InsertRepeatedBytes-
#1216	NEW    cov: 121 ft: 446 corp: 45/7368b lim: 333 exec/s: 0 rss: 29Mb L: 22/333 MS: 2 CopyPart-CrossOver-
#1314	REDUCE cov: 121 ft: 447 corp: 46/7384b lim: 333 exec/s: 0 rss: 29Mb L: 16/333 MS: 3 ChangeBit-ChangeBinInt-EraseBytes-
#1322	REDUCE cov: 121 ft: 447 corp: 46/7346b lim: 333 exec/s: 0 rss: 29Mb L: 255/333 MS: 3 CMP-PersAutoDict-EraseBytes- DE: "\000\000~9\024\000@y"-"\377\007"-
#1408	NEW    cov: 121 ft: 454 corp: 47/7484b lim: 333 exec/s: 0 rss: 29Mb L: 138/333 MS: 1 EraseBytes-
#1507	REDUCE cov: 121 ft: 454 corp: 47/7466b lim: 333 exec/s: 0 rss: 29Mb L: 74/333 MS: 4 PersAutoDict-PersAutoDict-CopyPart-EraseBytes- DE: "\377\007"-"\000\000~9\024\000@y"-
#1618	REDUCE cov: 121 ft: 454 corp: 47/7465b lim: 333 exec/s: 0 rss: 29Mb L: 74/333 MS: 1 EraseBytes-
#1785	NEW    cov: 121 ft: 462 corp: 48/7475b lim: 333 exec/s: 0 rss: 29Mb L: 10/333 MS: 2 ChangeByte-EraseBytes-
#1810	NEW    cov: 122 ft: 463 corp: 49/7477b lim: 333 exec/s: 0 rss: 29Mb L: 2/333 MS: 5 PersAutoDict-ShuffleBytes-ChangeBit-CopyPart-CrossOver- DE: "\377\377~\376D\217\035\300"-
#1834	REDUCE cov: 122 ft: 463 corp: 49/7442b lim: 333 exec/s: 0 rss: 29Mb L: 257/333 MS: 4 PersAutoDict-CrossOver-ShuffleBytes-EraseBytes- DE: "\010\000\000\000"-
#1835	REDUCE cov: 122 ft: 463 corp: 49/7441b lim: 333 exec/s: 0 rss: 29Mb L: 1/333 MS: 1 EraseBytes-
#1846	REDUCE cov: 122 ft: 463 corp: 49/7419b lim: 333 exec/s: 0 rss: 29Mb L: 151/333 MS: 1 EraseBytes-
#1890	REDUCE cov: 122 ft: 464 corp: 50/7427b lim: 333 exec/s: 0 rss: 29Mb L: 8/333 MS: 4 PersAutoDict-ChangeByte-InsertByte-EraseBytes- DE: "\377\377~\376D\217\035\300"-
#1911	REDUCE cov: 122 ft: 464 corp: 50/7382b lim: 333 exec/s: 0 rss: 29Mb L: 210/333 MS: 1 EraseBytes-
#2072	REDUCE cov: 122 ft: 464 corp: 50/7354b lim: 333 exec/s: 0 rss: 29Mb L: 120/333 MS: 1 EraseBytes-
#2149	REDUCE cov: 122 ft: 464 corp: 50/7320b lim: 333 exec/s: 0 rss: 29Mb L: 42/333 MS: 2 InsertByte-EraseBytes-
#2158	REDUCE cov: 122 ft: 464 corp: 50/7315b lim: 333 exec/s: 0 rss: 29Mb L: 148/333 MS: 4 CopyPart-ChangeByte-ChangeByte-EraseBytes-
#2201	NEW    cov: 122 ft: 470 corp: 51/7616b lim: 333 exec/s: 0 rss: 29Mb L: 301/333 MS: 3 InsertByte-CrossOver-CopyPart-
#2350	REDUCE cov: 122 ft: 470 corp: 51/7528b lim: 333 exec/s: 0 rss: 29Mb L: 169/333 MS: 4 ChangeByte-InsertRepeatedBytes-CMP-EraseBytes- DE: "qt  "-
#2375	REDUCE cov: 122 ft: 470 corp: 51/7527b lim: 333 exec/s: 0 rss: 29Mb L: 121/333 MS: 5 InsertRepeatedBytes-ShuffleBytes-ChangeBit-InsertByte-EraseBytes-
#2465	REDUCE cov: 122 ft: 470 corp: 51/7515b lim: 333 exec/s: 0 rss: 29Mb L: 129/333 MS: 5 InsertRepeatedBytes-CopyPart-CrossOver-PersAutoDict-EraseBytes- DE: "\377\377~\376D\217\035\300"-
#2794	NEW    cov: 122 ft: 471 corp: 52/7637b lim: 333 exec/s: 0 rss: 29Mb L: 122/333 MS: 4 ShuffleBytes-InsertByte-ChangeASCIIInt-CrossOver-
#2816	REDUCE cov: 122 ft: 471 corp: 52/7588b lim: 333 exec/s: 0 rss: 29Mb L: 73/333 MS: 2 CrossOver-EraseBytes-
#2826	REDUCE cov: 122 ft: 471 corp: 52/7573b lim: 333 exec/s: 0 rss: 29Mb L: 27/333 MS: 5 CrossOver-PersAutoDict-ChangeBinInt-ChangeByte-InsertByte- DE: "\377\377\377\377\377\377\377\177"-
#2989	REDUCE cov: 122 ft: 471 corp: 52/7571b lim: 333 exec/s: 0 rss: 29Mb L: 72/333 MS: 3 EraseBytes-ChangeASCIIInt-CrossOver-
#3033	REDUCE cov: 122 ft: 471 corp: 52/7538b lim: 333 exec/s: 0 rss: 29Mb L: 300/333 MS: 4 EraseBytes-PersAutoDict-InsertRepeatedBytes-PersAutoDict- DE: "\377\377\377\377\377\377\377\177"-"\377\007"-
#3075	REDUCE cov: 122 ft: 471 corp: 52/7447b lim: 333 exec/s: 0 rss: 29Mb L: 123/333 MS: 2 CopyPart-EraseBytes-
#3078	REDUCE cov: 122 ft: 471 corp: 52/7424b lim: 333 exec/s: 0 rss: 29Mb L: 106/333 MS: 3 ChangeByte-ChangeBit-EraseBytes-
#3129	REDUCE cov: 122 ft: 471 corp: 52/7418b lim: 333 exec/s: 0 rss: 29Mb L: 78/333 MS: 1 EraseBytes-
==953689== ERROR: libFuzzer: out-of-memory (used: 2344Mb; limit: 1024Mb)
   To change the out-of-memory limit use -rss_limit_mb=<N>

MS: 1 InsertRepeatedBytes-; base unit: 8ccbdb9f51fcfddef83df822be49bfc96d22b652
0x0,0x0,0x0,0x1c,0x66,0x74,0x79,0x70,0x4d,0x34,0x56,0x20,0x0,0x0,0x0,0x0,0x4d,0x34,0x56,0x20,0x6d,0x70,0x34,0x31,0x69,0x73,0x6f,0x6d,0x0,0x0,0x0,0xe0,0x6d,0x6f,0x6f,0x76,0x0,0x0,0x0,0x78,0x6d,0x76,0x68,0x64,0x0,0x0,0x0,0x0,0xff,0xff,0xff,0xff,0xff,0xff,0xff,0xff,0xff,0xff,0xff,0xff,0xff,0xff,0xff,0xff,0xff,0xff,0xff,0xff,0xff,0xff,0xff,0xff,0xff,0xff,0xff,0xff,0xff,0xff,0xff,0xff,0xff,0xff,0xff,0xff,0xff,0xff,0xff,0xff,0xff,0xff,0xff,0xff,0xff,0xff,0xff,0xff,0xff,0xff,0xff,0xff,0xff,0xff,0xff,0xff,0xff,0xff,0xff,0xff,0xff,0xff,0xff,0xff,0xff,0xff,0xff,0xff,0xff,0xff,0xff,0xff,0xff,0xff,0xff,0xff,0xff,0xff,0xff,0xff,0xff,0xff,0xff,0xff,0xff,0xff,0xff,0xff,0xff,0xff,0xff,0xff,0xff,0x0,0x0,0x0,0x0,0x0,0x0,0x0,0x0,0x0,0x0,0x3,0xe8,0x0,0x74,0x61,0x0,0x0,0x0,0x58,0x6d,0x65,0x74,0x61,0x0,0x0,0x0,0x0,0x0,0x0,0x0,0x21,0x68,0x64,0x6c,0x72,0x0,0x0,0x0,0x0,0x0,0x0,0x0,0x0,0x6d,0x64,0x69,0x72,0x61,0x70,0x70,0x6c,0x0,0x0,0x0,0x0,0x0,0x0,0x0,0x0,0x0,0x0,0x0,0x0,0x2b,0x69,0x6c,0x73,0x74,0x0,0x0,0x0,0x22,0xc2,0xa9,0x6e,0x61,0x6d,0x0,0x0,0x0,0x1a,0x64,0x61,0x74,0x61,0x0,0x0,0x0,0x1,0x0,0x0,0x0,0x0,0x54,0x65,0x73,0x74,0x20,0x56,0x69,0x64,0x65,0x6f,
\000\000\000\034ftypM4V \000\000\000\000M4V mp41isom\000\000\000\340moov\000\000\000xmvhd\000\000\000\000\377\377\377\377\377\377\377\377\377\377\377\377\377\377\377\377\377\377\377\377\377\377\377\377\377\377\377\377\377\377\377\377\377\377\377\377\377\377\377\377\377\377\377\377\377\377\377\377\377\377\377\377\377\377\377\377\377\377\377\377\377\377\377\377\377\377\377\377\377\377\377\377\377\377\377\377\377\377\377\377\377\377\377\377\377\377\377\377\377\377\377\377\377\000\000\000\000\000\000\000\000\000\000\003\350\000ta\000\000\000Xmeta\000\000\000\000\000\000\000!hdlr\000\000\000\000\000\000\000\000mdirappl\000\000\000\000\000\000\000\000\000\000\000\000+ilst\000\000\000\"\302\251nam\000\000\000\032data\000\000\000\001\000\000\000\000Test Video
artifact_prefix='/results/crashes/20260313_193124_bae80b4a_'; Test unit written to /results/crashes/20260313_193124_bae80b4a_oom-bb899619b430d260a0019e576b700a12c916902b
Base64: AAAAHGZ0eXBNNFYgAAAAAE00ViBtcDQxaXNvbQAAAOBtb292AAAAeG12aGQAAAAA////////////////////////////////////////////////////////////////////////////////////////////////////////////////////////////AAAAAAAAAAAAAAPoAHRhAAAAWG1ldGEAAAAAAAAAIWhkbHIAAAAAAAAAAG1kaXJhcHBsAAAAAAAAAAAAAAAAK2lsc3QAAAAiwqluYW0AAAAaZGF0YQAAAAEAAAAAVGVzdCBWaWRlbw==
SUMMARY: libFuzzer: out-of-memory
stat::number_of_executed_units: 3135
stat::average_exec_per_sec:     1567
stat::new_units_added:          75
stat::slowest_unit_time_sec:    0
stat::peak_rss_mb:              2345
