INFO: Running with entropic power schedule (0xFF, 100).
INFO: Seed: 3717532601
INFO: Loaded 1 modules   (252 inline 8-bit counters): 252 [0x577931ff0678, 0x577931ff0774), 
INFO: Loaded 1 PC tables (252 PCs): 252 [0x577931ff0778,0x577931ff1738), 
INFO:        4 files found in /tmp/corpus_20260313_145132_19e344b7
INFO: seed corpus: files: 4 min: 48b max: 333b total: 853b rss: 28Mb
#5	INITED cov: 118 ft: 251 corp: 4/853b exec/s: 0 rss: 29Mb
#9	NEW    cov: 118 ft: 268 corp: 5/994b lim: 333 exec/s: 0 rss: 29Mb L: 141/333 MS: 4 CopyPart-ChangeBinInt-CopyPart-CrossOver-
#13	NEW    cov: 118 ft: 269 corp: 6/1269b lim: 333 exec/s: 0 rss: 29Mb L: 275/333 MS: 4 ShuffleBytes-ChangeBit-ChangeByte-CrossOver-
#20	NEW    cov: 118 ft: 273 corp: 7/1317b lim: 333 exec/s: 0 rss: 29Mb L: 48/333 MS: 2 ChangeBit-ChangeBinInt-
#22	NEW    cov: 118 ft: 277 corp: 8/1465b lim: 333 exec/s: 0 rss: 29Mb L: 148/333 MS: 2 CopyPart-EraseBytes-
#24	NEW    cov: 118 ft: 292 corp: 9/1741b lim: 333 exec/s: 0 rss: 29Mb L: 276/333 MS: 2 ChangeByte-InsertRepeatedBytes-
#25	NEW    cov: 118 ft: 296 corp: 10/2061b lim: 333 exec/s: 0 rss: 29Mb L: 320/333 MS: 1 InsertRepeatedBytes-
#30	NEW    cov: 119 ft: 297 corp: 11/2211b lim: 333 exec/s: 0 rss: 29Mb L: 150/333 MS: 5 ChangeBit-CMP-ShuffleBytes-InsertByte-InsertByte- DE: "hvcC"-
#32	NEW    cov: 119 ft: 298 corp: 12/2438b lim: 333 exec/s: 0 rss: 29Mb L: 227/333 MS: 2 ShuffleBytes-InsertRepeatedBytes-
#33	NEW    cov: 119 ft: 305 corp: 13/2489b lim: 333 exec/s: 0 rss: 29Mb L: 51/333 MS: 1 CopyPart-
#39	NEW    cov: 119 ft: 306 corp: 14/2540b lim: 333 exec/s: 0 rss: 29Mb L: 51/333 MS: 1 ChangeBinInt-
#41	REDUCE cov: 119 ft: 306 corp: 14/2495b lim: 333 exec/s: 0 rss: 29Mb L: 182/333 MS: 2 InsertRepeatedBytes-EraseBytes-
#45	NEW    cov: 119 ft: 307 corp: 15/2724b lim: 333 exec/s: 0 rss: 29Mb L: 229/333 MS: 4 ChangeBinInt-PersAutoDict-ChangeBit-CopyPart- DE: "hvcC"-
#46	NEW    cov: 119 ft: 318 corp: 16/2824b lim: 333 exec/s: 0 rss: 29Mb L: 100/333 MS: 1 CopyPart-
#49	NEW    cov: 120 ft: 319 corp: 17/3038b lim: 333 exec/s: 0 rss: 29Mb L: 214/333 MS: 3 CMP-EraseBytes-InsertRepeatedBytes- DE: "\377\377Vy9\340\005\240"-
#56	NEW    cov: 120 ft: 320 corp: 18/3267b lim: 333 exec/s: 0 rss: 29Mb L: 229/333 MS: 2 PersAutoDict-CopyPart- DE: "\377\377Vy9\340\005\240"-
#61	NEW    cov: 120 ft: 321 corp: 19/3447b lim: 333 exec/s: 0 rss: 29Mb L: 180/333 MS: 5 CMP-ShuffleBytes-ChangeASCIIInt-InsertRepeatedBytes-InsertRepeatedBytes- DE: "\003\000"-
#63	NEW    cov: 120 ft: 322 corp: 20/3645b lim: 333 exec/s: 0 rss: 29Mb L: 198/333 MS: 2 CMP-CrossOver- DE: "stsd"-
#67	NEW    cov: 120 ft: 328 corp: 21/3869b lim: 333 exec/s: 0 rss: 29Mb L: 224/333 MS: 4 ChangeByte-PersAutoDict-ShuffleBytes-InsertRepeatedBytes- DE: "\003\000"-
#69	NEW    cov: 120 ft: 329 corp: 22/4095b lim: 333 exec/s: 0 rss: 29Mb L: 226/333 MS: 2 ChangeBinInt-PersAutoDict- DE: "\003\000"-
#90	REDUCE cov: 120 ft: 329 corp: 22/4084b lim: 333 exec/s: 0 rss: 29Mb L: 130/333 MS: 1 EraseBytes-
#96	NEW    cov: 120 ft: 330 corp: 23/4338b lim: 333 exec/s: 0 rss: 29Mb L: 254/333 MS: 1 InsertRepeatedBytes-
#99	NEW    cov: 121 ft: 331 corp: 24/4663b lim: 333 exec/s: 0 rss: 29Mb L: 325/333 MS: 3 ChangeBit-InsertByte-InsertRepeatedBytes-
#102	NEW    cov: 121 ft: 332 corp: 25/4902b lim: 333 exec/s: 0 rss: 29Mb L: 239/333 MS: 3 CopyPart-EraseBytes-CMP- DE: "mdat"-
#111	NEW    cov: 121 ft: 333 corp: 26/5146b lim: 333 exec/s: 0 rss: 29Mb L: 244/333 MS: 4 ChangeBinInt-ShuffleBytes-CrossOver-InsertRepeatedBytes-
#113	REDUCE cov: 121 ft: 333 corp: 26/5109b lim: 333 exec/s: 0 rss: 29Mb L: 177/333 MS: 2 ChangeASCIIInt-EraseBytes-
#114	NEW    cov: 121 ft: 334 corp: 27/5315b lim: 333 exec/s: 0 rss: 29Mb L: 206/333 MS: 1 InsertRepeatedBytes-
#117	REDUCE cov: 121 ft: 334 corp: 27/5309b lim: 333 exec/s: 0 rss: 29Mb L: 238/333 MS: 3 ChangeByte-CMP-EraseBytes- DE: "\377\377Vy9\340\363`"-
#118	NEW    cov: 121 ft: 335 corp: 28/5638b lim: 333 exec/s: 0 rss: 29Mb L: 329/333 MS: 1 PersAutoDict- DE: "mdat"-
#120	NEW    cov: 121 ft: 336 corp: 29/5729b lim: 333 exec/s: 0 rss: 29Mb L: 91/333 MS: 2 ChangeBinInt-EraseBytes-
#122	REDUCE cov: 121 ft: 337 corp: 30/6028b lim: 333 exec/s: 0 rss: 29Mb L: 299/333 MS: 2 CMP-CopyPart- DE: "hvcC"-
#145	NEW    cov: 121 ft: 338 corp: 31/6156b lim: 333 exec/s: 0 rss: 29Mb L: 128/333 MS: 3 EraseBytes-EraseBytes-EraseBytes-
#160	NEW    cov: 121 ft: 343 corp: 32/6229b lim: 333 exec/s: 0 rss: 29Mb L: 73/333 MS: 5 ChangeBit-ShuffleBytes-InsertRepeatedBytes-ShuffleBytes-EraseBytes-
#177	NEW    cov: 121 ft: 344 corp: 33/6462b lim: 333 exec/s: 0 rss: 29Mb L: 233/333 MS: 2 PersAutoDict-PersAutoDict- DE: "\003\000"-"hvcC"-
#193	NEW    cov: 121 ft: 358 corp: 34/6604b lim: 333 exec/s: 0 rss: 29Mb L: 142/333 MS: 1 EraseBytes-
#194	NEW    cov: 121 ft: 359 corp: 35/6703b lim: 333 exec/s: 0 rss: 29Mb L: 99/333 MS: 1 CrossOver-
#214	NEW    cov: 121 ft: 360 corp: 36/6820b lim: 333 exec/s: 0 rss: 29Mb L: 117/333 MS: 5 ChangeBinInt-ChangeBit-ChangeBit-CopyPart-EraseBytes-
#225	NEW    cov: 121 ft: 362 corp: 37/7143b lim: 333 exec/s: 0 rss: 29Mb L: 323/333 MS: 1 CopyPart-
#241	NEW    cov: 121 ft: 371 corp: 38/7224b lim: 333 exec/s: 0 rss: 29Mb L: 81/333 MS: 1 CMP- DE: "\377\377\377\000\000\000\000\002"-
#242	NEW    cov: 121 ft: 372 corp: 39/7497b lim: 333 exec/s: 0 rss: 29Mb L: 273/333 MS: 1 CopyPart-
#263	NEW    cov: 121 ft: 373 corp: 40/7700b lim: 333 exec/s: 0 rss: 29Mb L: 203/333 MS: 1 InsertRepeatedBytes-
#265	NEW    cov: 121 ft: 403 corp: 41/7940b lim: 333 exec/s: 0 rss: 29Mb L: 240/333 MS: 2 InsertByte-PersAutoDict- DE: "\003\000"-
#277	NEW    cov: 121 ft: 405 corp: 42/8021b lim: 333 exec/s: 0 rss: 29Mb L: 81/333 MS: 2 ShuffleBytes-ChangeByte-
#278	REDUCE cov: 121 ft: 405 corp: 42/8014b lim: 333 exec/s: 0 rss: 29Mb L: 226/333 MS: 1 EraseBytes-
#299	NEW    cov: 121 ft: 411 corp: 43/8063b lim: 333 exec/s: 0 rss: 29Mb L: 49/333 MS: 1 InsertByte-
#365	NEW    cov: 121 ft: 412 corp: 44/8181b lim: 333 exec/s: 0 rss: 29Mb L: 118/333 MS: 1 EraseBytes-
#372	REDUCE cov: 121 ft: 412 corp: 44/8178b lim: 333 exec/s: 0 rss: 29Mb L: 45/333 MS: 2 InsertByte-EraseBytes-
#398	REDUCE cov: 121 ft: 420 corp: 45/8205b lim: 333 exec/s: 0 rss: 29Mb L: 27/333 MS: 1 CrossOver-
#417	NEW    cov: 121 ft: 435 corp: 46/8510b lim: 333 exec/s: 0 rss: 29Mb L: 305/333 MS: 4 ChangeByte-ChangeBit-ChangeByte-CopyPart-
#424	NEW    cov: 121 ft: 439 corp: 47/8791b lim: 333 exec/s: 0 rss: 29Mb L: 281/333 MS: 2 CrossOver-InsertRepeatedBytes-
#430	NEW    cov: 121 ft: 440 corp: 48/8830b lim: 333 exec/s: 0 rss: 29Mb L: 39/333 MS: 1 EraseBytes-
#458	NEW    cov: 122 ft: 441 corp: 49/9139b lim: 333 exec/s: 0 rss: 29Mb L: 309/333 MS: 3 ChangeBit-CrossOver-CrossOver-
#471	REDUCE cov: 122 ft: 441 corp: 49/9059b lim: 333 exec/s: 0 rss: 29Mb L: 193/333 MS: 3 CopyPart-ChangeASCIIInt-EraseBytes-
#553	NEW    cov: 122 ft: 442 corp: 50/9091b lim: 333 exec/s: 0 rss: 29Mb L: 32/333 MS: 2 PersAutoDict-EraseBytes- DE: "mdat"-
#560	NEW    cov: 122 ft: 443 corp: 51/9360b lim: 333 exec/s: 0 rss: 29Mb L: 269/333 MS: 2 CopyPart-InsertRepeatedBytes-
#590	REDUCE cov: 122 ft: 443 corp: 51/9354b lim: 333 exec/s: 0 rss: 29Mb L: 136/333 MS: 5 ChangeBinInt-CopyPart-CopyPart-ChangeByte-EraseBytes-
#591	REDUCE cov: 122 ft: 443 corp: 51/9350b lim: 333 exec/s: 0 rss: 29Mb L: 236/333 MS: 1 EraseBytes-
#615	NEW    cov: 122 ft: 444 corp: 52/9413b lim: 333 exec/s: 0 rss: 29Mb L: 63/333 MS: 4 ChangeByte-ChangeASCIIInt-EraseBytes-CopyPart-
#647	NEW    cov: 122 ft: 445 corp: 53/9677b lim: 333 exec/s: 0 rss: 29Mb L: 264/333 MS: 2 InsertByte-EraseBytes-
#655	REDUCE cov: 122 ft: 445 corp: 53/9662b lim: 333 exec/s: 0 rss: 29Mb L: 167/333 MS: 3 EraseBytes-ShuffleBytes-CrossOver-
#664	NEW    cov: 122 ft: 446 corp: 54/9735b lim: 333 exec/s: 0 rss: 29Mb L: 73/333 MS: 4 CrossOver-EraseBytes-ChangeBinInt-EraseBytes-
#666	NEW    cov: 122 ft: 451 corp: 55/9940b lim: 333 exec/s: 0 rss: 29Mb L: 205/333 MS: 2 ShuffleBytes-CrossOver-
#751	NEW    cov: 122 ft: 459 corp: 56/9959b lim: 333 exec/s: 0 rss: 29Mb L: 19/333 MS: 5 CrossOver-InsertRepeatedBytes-PersAutoDict-ChangeBit-CrossOver- DE: "stsd"-
#866	REDUCE cov: 122 ft: 459 corp: 56/9929b lim: 333 exec/s: 0 rss: 29Mb L: 299/333 MS: 5 CopyPart-EraseBytes-ChangeBinInt-InsertByte-CopyPart-
#879	REDUCE cov: 122 ft: 459 corp: 56/9928b lim: 333 exec/s: 0 rss: 29Mb L: 251/333 MS: 3 ChangeByte-PersAutoDict-CrossOver- DE: "\377\377Vy9\340\363`"-
#906	REDUCE cov: 122 ft: 459 corp: 56/9896b lim: 333 exec/s: 0 rss: 29Mb L: 49/333 MS: 2 CopyPart-EraseBytes-
#965	NEW    cov: 122 ft: 460 corp: 57/9929b lim: 333 exec/s: 0 rss: 29Mb L: 33/333 MS: 4 InsertByte-InsertRepeatedBytes-CrossOver-EraseBytes-
#1005	REDUCE cov: 122 ft: 460 corp: 57/9923b lim: 333 exec/s: 0 rss: 29Mb L: 192/333 MS: 5 CMP-ChangeBinInt-ChangeASCIIInt-CrossOver-EraseBytes- DE: "\377\377\3779"-
#1106	REDUCE cov: 122 ft: 460 corp: 57/9895b lim: 333 exec/s: 0 rss: 29Mb L: 71/333 MS: 1 EraseBytes-
#1114	REDUCE cov: 122 ft: 460 corp: 57/9858b lim: 333 exec/s: 0 rss: 29Mb L: 140/333 MS: 3 CrossOver-CopyPart-EraseBytes-
#1171	NEW    cov: 122 ft: 462 corp: 58/10159b lim: 333 exec/s: 0 rss: 29Mb L: 301/333 MS: 2 ChangeBinInt-PersAutoDict- DE: "\003\000"-
#1289	NEW    cov: 122 ft: 471 corp: 59/10171b lim: 333 exec/s: 0 rss: 29Mb L: 12/333 MS: 3 CrossOver-ChangeBinInt-CrossOver-
#1321	NEW    cov: 122 ft: 472 corp: 60/10436b lim: 333 exec/s: 0 rss: 29Mb L: 265/333 MS: 2 ChangeBinInt-InsertByte-
#1366	REDUCE cov: 122 ft: 472 corp: 60/10428b lim: 333 exec/s: 0 rss: 29Mb L: 24/333 MS: 5 ChangeByte-ChangeByte-ChangeBit-CrossOver-CrossOver-
#1409	REDUCE cov: 122 ft: 472 corp: 60/10425b lim: 333 exec/s: 0 rss: 29Mb L: 46/333 MS: 3 InsertByte-EraseBytes-InsertByte-
#1438	REDUCE cov: 122 ft: 472 corp: 60/10409b lim: 333 exec/s: 0 rss: 29Mb L: 23/333 MS: 4 ChangeByte-ChangeByte-ShuffleBytes-EraseBytes-
#1449	REDUCE cov: 122 ft: 472 corp: 60/10406b lim: 333 exec/s: 0 rss: 29Mb L: 200/333 MS: 1 EraseBytes-
#1475	NEW    cov: 122 ft: 473 corp: 61/10679b lim: 333 exec/s: 0 rss: 29Mb L: 273/333 MS: 1 CMP- DE: "\224\327\207\2266\265\364\241"-
#1589	REDUCE cov: 122 ft: 473 corp: 61/10657b lim: 333 exec/s: 0 rss: 29Mb L: 24/333 MS: 4 ChangeBit-EraseBytes-ChangeBinInt-PersAutoDict- DE: "\224\327\207\2266\265\364\241"-
#1613	NEW    cov: 123 ft: 474 corp: 62/10661b lim: 333 exec/s: 0 rss: 29Mb L: 4/333 MS: 4 PersAutoDict-ChangeByte-ShuffleBytes-CrossOver- DE: "\377\377Vy9\340\005\240"-
#1637	REDUCE cov: 123 ft: 474 corp: 62/10625b lim: 333 exec/s: 0 rss: 29Mb L: 203/333 MS: 4 EraseBytes-CrossOver-CrossOver-InsertRepeatedBytes-
#1779	REDUCE cov: 123 ft: 474 corp: 62/10617b lim: 333 exec/s: 0 rss: 29Mb L: 293/333 MS: 2 ChangeASCIIInt-EraseBytes-
#1790	REDUCE cov: 123 ft: 474 corp: 62/10613b lim: 333 exec/s: 0 rss: 29Mb L: 69/333 MS: 1 EraseBytes-
#1883	REDUCE cov: 123 ft: 476 corp: 63/10869b lim: 333 exec/s: 0 rss: 29Mb L: 256/333 MS: 3 InsertRepeatedBytes-CopyPart-PersAutoDict- DE: "\377\377Vy9\340\005\240"-
#1910	REDUCE cov: 123 ft: 476 corp: 63/10862b lim: 333 exec/s: 0 rss: 29Mb L: 16/333 MS: 2 ChangeBit-EraseBytes-
#1941	NEW    cov: 123 ft: 477 corp: 64/10870b lim: 333 exec/s: 0 rss: 29Mb L: 8/333 MS: 1 PersAutoDict- DE: "stsd"-
#2070	REDUCE cov: 123 ft: 477 corp: 64/10728b lim: 333 exec/s: 0 rss: 29Mb L: 167/333 MS: 4 ChangeBinInt-ShuffleBytes-CMP-EraseBytes- DE: "stss"-
#2171	REDUCE cov: 123 ft: 482 corp: 65/10848b lim: 333 exec/s: 0 rss: 29Mb L: 120/333 MS: 1 EraseBytes-
#2392	NEW    cov: 123 ft: 483 corp: 66/11181b lim: 333 exec/s: 0 rss: 29Mb L: 333/333 MS: 1 CopyPart-
#2529	REDUCE cov: 123 ft: 483 corp: 66/11179b lim: 333 exec/s: 0 rss: 29Mb L: 279/333 MS: 2 PersAutoDict-EraseBytes- DE: "stsd"-
#2577	REDUCE cov: 123 ft: 483 corp: 66/11156b lim: 333 exec/s: 0 rss: 29Mb L: 46/333 MS: 3 ChangeBit-EraseBytes-PersAutoDict- DE: "stss"-
#2713	REDUCE cov: 123 ft: 483 corp: 66/11152b lim: 333 exec/s: 0 rss: 29Mb L: 12/333 MS: 1 EraseBytes-
#2801	REDUCE cov: 123 ft: 483 corp: 66/11151b lim: 333 exec/s: 0 rss: 29Mb L: 45/333 MS: 3 InsertByte-InsertByte-EraseBytes-
#2851	REDUCE cov: 123 ft: 483 corp: 66/11150b lim: 333 exec/s: 0 rss: 29Mb L: 272/333 MS: 5 ChangeByte-EraseBytes-InsertRepeatedBytes-CrossOver-CopyPart-
#2984	REDUCE cov: 123 ft: 483 corp: 66/11144b lim: 333 exec/s: 0 rss: 29Mb L: 45/333 MS: 3 PersAutoDict-InsertByte-EraseBytes- DE: "\003\000"-
#2991	REDUCE cov: 123 ft: 483 corp: 66/11137b lim: 333 exec/s: 0 rss: 29Mb L: 17/333 MS: 2 InsertByte-EraseBytes-
#3113	REDUCE cov: 123 ft: 483 corp: 66/11136b lim: 333 exec/s: 0 rss: 29Mb L: 26/333 MS: 2 CopyPart-EraseBytes-
#3145	REDUCE cov: 123 ft: 483 corp: 66/11133b lim: 333 exec/s: 0 rss: 29Mb L: 16/333 MS: 2 ChangeBinInt-EraseBytes-
#3177	REDUCE cov: 123 ft: 483 corp: 66/11113b lim: 333 exec/s: 0 rss: 29Mb L: 31/333 MS: 2 ChangeBit-EraseBytes-
#3205	REDUCE cov: 123 ft: 483 corp: 66/11108b lim: 333 exec/s: 0 rss: 29Mb L: 249/333 MS: 3 ChangeBinInt-EraseBytes-InsertByte-
#3228	REDUCE cov: 123 ft: 483 corp: 66/11104b lim: 333 exec/s: 0 rss: 29Mb L: 8/333 MS: 3 ChangeBit-ChangeBinInt-EraseBytes-
#3324	REDUCE cov: 123 ft: 483 corp: 66/11101b lim: 333 exec/s: 0 rss: 29Mb L: 9/333 MS: 1 EraseBytes-
#3330	REDUCE cov: 123 ft: 483 corp: 66/11048b lim: 333 exec/s: 0 rss: 29Mb L: 67/333 MS: 1 EraseBytes-
#3338	NEW    cov: 123 ft: 484 corp: 67/11206b lim: 333 exec/s: 0 rss: 29Mb L: 158/333 MS: 3 ChangeBinInt-CMP-CMP- DE: "\000\000\000\024"-"trak"-
#3428	REDUCE cov: 123 ft: 484 corp: 67/11205b lim: 333 exec/s: 0 rss: 29Mb L: 32/333 MS: 5 InsertByte-ShuffleBytes-CMP-ChangeBinInt-EraseBytes- DE: "avcC"-
#3534	REDUCE cov: 123 ft: 484 corp: 67/11202b lim: 333 exec/s: 0 rss: 29Mb L: 42/333 MS: 1 EraseBytes-
#3625	REDUCE cov: 123 ft: 484 corp: 67/11201b lim: 333 exec/s: 0 rss: 29Mb L: 3/333 MS: 1 EraseBytes-
#3636	NEW    cov: 123 ft: 507 corp: 68/11534b lim: 333 exec/s: 0 rss: 29Mb L: 333/333 MS: 1 CrossOver-
#3642	REDUCE cov: 123 ft: 508 corp: 69/11835b lim: 333 exec/s: 0 rss: 29Mb L: 301/333 MS: 1 InsertRepeatedBytes-
#3660	REDUCE cov: 123 ft: 508 corp: 69/11834b lim: 333 exec/s: 0 rss: 29Mb L: 278/333 MS: 3 InsertByte-EraseBytes-InsertRepeatedBytes-
#3708	REDUCE cov: 123 ft: 508 corp: 69/11751b lim: 333 exec/s: 0 rss: 29Mb L: 192/333 MS: 3 ChangeByte-CrossOver-EraseBytes-
#3797	REDUCE cov: 123 ft: 508 corp: 69/11706b lim: 333 exec/s: 0 rss: 29Mb L: 155/333 MS: 4 PersAutoDict-EraseBytes-ChangeBit-PersAutoDict- DE: "avcC"-"hvcC"-
#3874	REDUCE cov: 123 ft: 508 corp: 69/11697b lim: 333 exec/s: 0 rss: 29Mb L: 146/333 MS: 2 InsertByte-EraseBytes-
#4032	REDUCE cov: 123 ft: 508 corp: 69/11688b lim: 333 exec/s: 0 rss: 29Mb L: 58/333 MS: 3 ChangeByte-CMP-EraseBytes- DE: "hsom"-
#4157	REDUCE cov: 123 ft: 508 corp: 69/11658b lim: 333 exec/s: 0 rss: 29Mb L: 33/333 MS: 5 ChangeByte-ChangeByte-ShuffleBytes-EraseBytes-InsertByte-
#4267	REDUCE cov: 124 ft: 509 corp: 70/11956b lim: 333 exec/s: 0 rss: 29Mb L: 298/333 MS: 5 InsertRepeatedBytes-InsertByte-ShuffleBytes-InsertByte-CopyPart-
#4308	REDUCE cov: 124 ft: 509 corp: 70/11930b lim: 333 exec/s: 0 rss: 29Mb L: 110/333 MS: 1 EraseBytes-
#4535	REDUCE cov: 124 ft: 509 corp: 70/11845b lim: 333 exec/s: 0 rss: 29Mb L: 213/333 MS: 2 InsertRepeatedBytes-EraseBytes-
#4551	REDUCE cov: 124 ft: 509 corp: 70/11817b lim: 333 exec/s: 0 rss: 29Mb L: 122/333 MS: 1 EraseBytes-
#4695	REDUCE cov: 124 ft: 509 corp: 70/11793b lim: 333 exec/s: 0 rss: 29Mb L: 134/333 MS: 4 CopyPart-InsertRepeatedBytes-ShuffleBytes-EraseBytes-
#4754	REDUCE cov: 124 ft: 513 corp: 71/11874b lim: 333 exec/s: 0 rss: 29Mb L: 81/333 MS: 4 ChangeByte-ShuffleBytes-ChangeBit-EraseBytes-
#4778	REDUCE cov: 124 ft: 513 corp: 71/11870b lim: 333 exec/s: 0 rss: 29Mb L: 232/333 MS: 4 ChangeBit-InsertRepeatedBytes-InsertByte-EraseBytes-
#4860	REDUCE cov: 124 ft: 513 corp: 71/11837b lim: 333 exec/s: 0 rss: 29Mb L: 191/333 MS: 2 CrossOver-InsertByte-
#5113	REDUCE cov: 124 ft: 513 corp: 71/11832b lim: 333 exec/s: 0 rss: 29Mb L: 26/333 MS: 3 PersAutoDict-EraseBytes-PersAutoDict- DE: "\377\377\3779"-"\377\377Vy9\340\005\240"-
#5277	REDUCE cov: 124 ft: 513 corp: 71/11829b lim: 333 exec/s: 0 rss: 29Mb L: 189/333 MS: 4 CopyPart-CrossOver-ChangeASCIIInt-EraseBytes-
#5474	NEW    cov: 124 ft: 514 corp: 72/12071b lim: 333 exec/s: 0 rss: 29Mb L: 242/333 MS: 2 ChangeBit-InsertRepeatedBytes-
#5547	REDUCE cov: 124 ft: 514 corp: 72/12029b lim: 333 exec/s: 0 rss: 29Mb L: 92/333 MS: 3 ChangeByte-ChangeBit-EraseBytes-
#5608	REDUCE cov: 124 ft: 514 corp: 72/12028b lim: 333 exec/s: 0 rss: 29Mb L: 70/333 MS: 1 EraseBytes-
#5618	REDUCE cov: 124 ft: 516 corp: 73/12052b lim: 333 exec/s: 0 rss: 29Mb L: 24/333 MS: 5 PersAutoDict-ChangeBinInt-CMP-CopyPart-PersAutoDict- DE: "\377\377Vy9\340\363`"-"mdia"-"mdat"-
#5703	REDUCE cov: 124 ft: 517 corp: 74/12360b lim: 333 exec/s: 0 rss: 29Mb L: 308/333 MS: 5 CrossOver-InsertRepeatedBytes-PersAutoDict-ChangeBinInt-CMP- DE: "stss"-"\001\000}\032\220\001\350p"-
#5720	REDUCE cov: 124 ft: 517 corp: 74/12357b lim: 333 exec/s: 0 rss: 29Mb L: 235/333 MS: 2 PersAutoDict-EraseBytes- DE: "stsd"-
#6076	REDUCE cov: 124 ft: 518 corp: 75/12650b lim: 333 exec/s: 0 rss: 29Mb L: 293/333 MS: 1 CopyPart-
#6175	REDUCE cov: 124 ft: 518 corp: 75/12601b lim: 333 exec/s: 0 rss: 29Mb L: 164/333 MS: 4 PersAutoDict-PersAutoDict-InsertRepeatedBytes-EraseBytes- DE: "hvcC"-"\000\000\000\024"-
#6375	REDUCE cov: 124 ft: 518 corp: 75/12579b lim: 333 exec/s: 0 rss: 29Mb L: 69/333 MS: 5 EraseBytes-InsertRepeatedBytes-ShuffleBytes-InsertByte-EraseBytes-
#6574	REDUCE cov: 124 ft: 518 corp: 75/12569b lim: 333 exec/s: 6574 rss: 29Mb L: 241/333 MS: 3 EraseBytes-ChangeBinInt-InsertByte-
#6643	REDUCE cov: 124 ft: 518 corp: 75/12551b lim: 333 exec/s: 6643 rss: 29Mb L: 27/333 MS: 4 ShuffleBytes-ChangeByte-ShuffleBytes-EraseBytes-
#6823	REDUCE cov: 124 ft: 518 corp: 75/12546b lim: 333 exec/s: 6823 rss: 29Mb L: 186/333 MS: 5 CMP-ShuffleBytes-EraseBytes-ChangeByte-CMP- DE: "w\000\000\000"-"\000\000"-
#6852	REDUCE cov: 124 ft: 518 corp: 75/12540b lim: 333 exec/s: 6852 rss: 29Mb L: 229/333 MS: 4 PersAutoDict-EraseBytes-PersAutoDict-InsertByte- DE: "\377\377\377\000\000\000\000\002"-"hvcC"-
#7053	REDUCE cov: 124 ft: 518 corp: 75/12510b lim: 333 exec/s: 7053 rss: 29Mb L: 137/333 MS: 1 EraseBytes-
#7083	REDUCE cov: 124 ft: 518 corp: 75/12502b lim: 333 exec/s: 7083 rss: 29Mb L: 312/333 MS: 5 CMP-CMP-EraseBytes-CMP-CopyPart- DE: "\241\364\2656\226\207\327\223"-"9\000\000\000"-"\001\010"-
#7269	REDUCE cov: 124 ft: 518 corp: 75/12501b lim: 333 exec/s: 7269 rss: 29Mb L: 2/333 MS: 1 EraseBytes-
#7641	REDUCE cov: 124 ft: 518 corp: 75/12467b lim: 333 exec/s: 7641 rss: 29Mb L: 76/333 MS: 2 CopyPart-EraseBytes-
#7757	REDUCE cov: 124 ft: 518 corp: 75/12433b lim: 333 exec/s: 7757 rss: 29Mb L: 47/333 MS: 1 EraseBytes-
#7887	REDUCE cov: 124 ft: 518 corp: 75/12400b lim: 333 exec/s: 7887 rss: 29Mb L: 115/333 MS: 5 ChangeByte-ChangeByte-CMP-ShuffleBytes-EraseBytes- DE: "tt V"-
#7888	REDUCE cov: 124 ft: 518 corp: 75/12399b lim: 333 exec/s: 7888 rss: 29Mb L: 1/333 MS: 1 EraseBytes-
#7950	REDUCE cov: 124 ft: 518 corp: 75/12392b lim: 333 exec/s: 7950 rss: 29Mb L: 17/333 MS: 2 ChangeBit-EraseBytes-
#7971	REDUCE cov: 124 ft: 518 corp: 75/12359b lim: 333 exec/s: 7971 rss: 29Mb L: 85/333 MS: 1 EraseBytes-
#7986	REDUCE cov: 124 ft: 518 corp: 75/12358b lim: 333 exec/s: 7986 rss: 29Mb L: 84/333 MS: 5 ShuffleBytes-EraseBytes-CMP-ShuffleBytes-PersAutoDict- DE: "\001 "-"\377\377\377\000\000\000\000\002"-
#8302	REDUCE cov: 124 ft: 518 corp: 75/12350b lim: 333 exec/s: 8302 rss: 29Mb L: 9/333 MS: 1 EraseBytes-
#8502	REDUCE cov: 124 ft: 518 corp: 75/12340b lim: 333 exec/s: 8502 rss: 29Mb L: 66/333 MS: 5 ChangeBinInt-ShuffleBytes-ChangeByte-ChangeByte-CrossOver-
#8617	REDUCE cov: 124 ft: 518 corp: 75/12339b lim: 333 exec/s: 8617 rss: 29Mb L: 26/333 MS: 5 CMP-ChangeByte-CMP-CopyPart-EraseBytes- DE: "\000\000\000\002"-"sinf"-
#8709	NEW    cov: 124 ft: 519 corp: 76/12672b lim: 333 exec/s: 8709 rss: 29Mb L: 333/333 MS: 2 ChangeBit-CMP- DE: "mfra"-
#8950	REDUCE cov: 124 ft: 519 corp: 76/12664b lim: 333 exec/s: 8950 rss: 29Mb L: 132/333 MS: 1 EraseBytes-
#8972	REDUCE cov: 124 ft: 519 corp: 76/12663b lim: 333 exec/s: 8972 rss: 29Mb L: 69/333 MS: 2 ShuffleBytes-EraseBytes-
#9007	REDUCE cov: 124 ft: 519 corp: 76/12655b lim: 333 exec/s: 9007 rss: 29Mb L: 124/333 MS: 5 ShuffleBytes-ChangeBit-ChangeBinInt-ChangeBit-EraseBytes-
#9303	REDUCE cov: 124 ft: 519 corp: 76/12646b lim: 333 exec/s: 9303 rss: 29Mb L: 220/333 MS: 1 EraseBytes-
#9364	REDUCE cov: 124 ft: 519 corp: 76/12590b lim: 333 exec/s: 9364 rss: 29Mb L: 81/333 MS: 1 EraseBytes-
#9396	REDUCE cov: 124 ft: 519 corp: 76/12555b lim: 333 exec/s: 9396 rss: 29Mb L: 194/333 MS: 2 CopyPart-EraseBytes-
#9419	REDUCE cov: 124 ft: 519 corp: 76/12553b lim: 333 exec/s: 9419 rss: 29Mb L: 79/333 MS: 3 ShuffleBytes-ChangeByte-EraseBytes-
#9500	REDUCE cov: 124 ft: 519 corp: 76/12529b lim: 333 exec/s: 9500 rss: 29Mb L: 168/333 MS: 1 EraseBytes-
#9502	NEW    cov: 124 ft: 520 corp: 77/12750b lim: 333 exec/s: 9502 rss: 29Mb L: 221/333 MS: 2 ChangeBinInt-InsertByte-
#9638	REDUCE cov: 124 ft: 520 corp: 77/12718b lim: 333 exec/s: 9638 rss: 29Mb L: 92/333 MS: 1 EraseBytes-
#9651	REDUCE cov: 124 ft: 520 corp: 77/12699b lim: 333 exec/s: 9651 rss: 29Mb L: 47/333 MS: 3 EraseBytes-ChangeByte-CMP- DE: "pixi"-
#9724	REDUCE cov: 124 ft: 520 corp: 77/12695b lim: 333 exec/s: 9724 rss: 29Mb L: 43/333 MS: 3 InsertRepeatedBytes-PersAutoDict-EraseBytes- DE: "\001 "-
#9981	REDUCE cov: 124 ft: 520 corp: 77/12680b lim: 333 exec/s: 9981 rss: 29Mb L: 131/333 MS: 2 ShuffleBytes-EraseBytes-
#10201	REDUCE cov: 124 ft: 520 corp: 77/12669b lim: 333 exec/s: 10201 rss: 29Mb L: 322/333 MS: 5 PersAutoDict-ChangeByte-ChangeBit-ChangeBinInt-EraseBytes- DE: "9\000\000\000"-
#10213	NEW    cov: 124 ft: 525 corp: 78/12911b lim: 333 exec/s: 10213 rss: 29Mb L: 242/333 MS: 2 ChangeBit-CopyPart-
#10218	REDUCE cov: 124 ft: 525 corp: 78/12891b lim: 333 exec/s: 10218 rss: 30Mb L: 72/333 MS: 5 ChangeBit-ChangeASCIIInt-EraseBytes-CopyPart-InsertByte-
#10417	REDUCE cov: 124 ft: 525 corp: 78/12888b lim: 333 exec/s: 10417 rss: 30Mb L: 66/333 MS: 4 EraseBytes-ShuffleBytes-InsertRepeatedBytes-EraseBytes-
#10422	REDUCE cov: 124 ft: 525 corp: 78/12837b lim: 333 exec/s: 10422 rss: 30Mb L: 135/333 MS: 5 ChangeBit-EraseBytes-ShuffleBytes-InsertRepeatedBytes-PersAutoDict- DE: "w\000\000\000"-
#10527	REDUCE cov: 124 ft: 525 corp: 78/12825b lim: 333 exec/s: 10527 rss: 30Mb L: 214/333 MS: 5 ChangeByte-ShuffleBytes-ChangeByte-EraseBytes-InsertByte-
#10622	REDUCE cov: 124 ft: 530 corp: 79/12999b lim: 333 exec/s: 10622 rss: 30Mb L: 174/333 MS: 5 CrossOver-CopyPart-EraseBytes-CrossOver-CopyPart-
#10654	REDUCE cov: 124 ft: 530 corp: 79/12977b lim: 333 exec/s: 10654 rss: 30Mb L: 277/333 MS: 2 InsertByte-EraseBytes-
#10807	REDUCE cov: 124 ft: 530 corp: 79/12949b lim: 333 exec/s: 10807 rss: 30Mb L: 166/333 MS: 3 PersAutoDict-InsertRepeatedBytes-EraseBytes- DE: "tt V"-
#11080	REDUCE cov: 124 ft: 530 corp: 79/12948b lim: 333 exec/s: 11080 rss: 30Mb L: 268/333 MS: 3 ChangeBit-ShuffleBytes-EraseBytes-
#11321	REDUCE cov: 124 ft: 530 corp: 79/12924b lim: 333 exec/s: 11321 rss: 30Mb L: 208/333 MS: 1 EraseBytes-
#11589	REDUCE cov: 124 ft: 531 corp: 80/12932b lim: 333 exec/s: 11589 rss: 30Mb L: 8/333 MS: 3 ChangeBinInt-ChangeBit-EraseBytes-
#11886	REDUCE cov: 124 ft: 531 corp: 80/12928b lim: 333 exec/s: 11886 rss: 30Mb L: 65/333 MS: 2 PersAutoDict-EraseBytes- DE: "\000\000"-
#12263	NEW    cov: 124 ft: 532 corp: 81/13260b lim: 333 exec/s: 12263 rss: 30Mb L: 332/333 MS: 2 CMP-CrossOver- DE: "schm"-
#12267	REDUCE cov: 124 ft: 532 corp: 81/13258b lim: 333 exec/s: 12267 rss: 30Mb L: 24/333 MS: 4 PersAutoDict-ChangeByte-ChangeByte-EraseBytes- DE: "sinf"-
#12301	REDUCE cov: 124 ft: 532 corp: 81/13249b lim: 333 exec/s: 12301 rss: 30Mb L: 303/333 MS: 4 ShuffleBytes-EraseBytes-ChangeBit-InsertByte-
#12303	REDUCE cov: 124 ft: 532 corp: 81/13241b lim: 333 exec/s: 12303 rss: 30Mb L: 123/333 MS: 2 EraseBytes-CrossOver-
#12489	NEW    cov: 124 ft: 533 corp: 82/13522b lim: 333 exec/s: 12489 rss: 30Mb L: 281/333 MS: 1 EraseBytes-
#12588	REDUCE cov: 124 ft: 533 corp: 82/13521b lim: 333 exec/s: 12588 rss: 30Mb L: 25/333 MS: 4 CMP-PersAutoDict-ChangeBit-EraseBytes- DE: "\000\012"-"stsd"-
#12652	REDUCE cov: 124 ft: 533 corp: 82/13426b lim: 333 exec/s: 12652 rss: 30Mb L: 186/333 MS: 4 ShuffleBytes-PersAutoDict-InsertRepeatedBytes-EraseBytes- DE: "mfra"-
#13485	REDUCE cov: 124 ft: 533 corp: 82/13398b lim: 341 exec/s: 6742 rss: 30Mb L: 136/333 MS: 3 EraseBytes-ShuffleBytes-InsertByte-
#13634	REDUCE cov: 124 ft: 533 corp: 82/13396b lim: 341 exec/s: 6817 rss: 30Mb L: 303/333 MS: 4 InsertByte-EraseBytes-ChangeBit-InsertRepeatedBytes-
#14175	REDUCE cov: 124 ft: 533 corp: 82/13372b lim: 341 exec/s: 7087 rss: 30Mb L: 309/333 MS: 1 EraseBytes-
#14402	REDUCE cov: 124 ft: 533 corp: 82/13308b lim: 341 exec/s: 7201 rss: 30Mb L: 102/333 MS: 2 PersAutoDict-EraseBytes- DE: "schm"-
#14544	REDUCE cov: 124 ft: 533 corp: 82/13297b lim: 341 exec/s: 7272 rss: 30Mb L: 104/333 MS: 2 ChangeBit-EraseBytes-
#14592	REDUCE cov: 124 ft: 533 corp: 82/13288b lim: 341 exec/s: 7296 rss: 30Mb L: 158/333 MS: 3 ChangeByte-EraseBytes-CrossOver-
#14752	REDUCE cov: 124 ft: 533 corp: 82/13280b lim: 341 exec/s: 7376 rss: 30Mb L: 35/333 MS: 5 PersAutoDict-ChangeBit-PersAutoDict-CMP-EraseBytes- DE: "mdat"-"hvcC"-"\003\000\000\000"-
#15008	REDUCE cov: 124 ft: 533 corp: 82/13219b lim: 341 exec/s: 7504 rss: 30Mb L: 232/333 MS: 1 EraseBytes-
#15032	REDUCE cov: 124 ft: 533 corp: 82/13206b lim: 341 exec/s: 7516 rss: 30Mb L: 180/333 MS: 4 PersAutoDict-ChangeBit-ChangeBit-EraseBytes- DE: "\001\000}\032\220\001\350p"-
#15297	REDUCE cov: 124 ft: 533 corp: 82/13192b lim: 341 exec/s: 7648 rss: 30Mb L: 21/333 MS: 5 InsertByte-CMP-PersAutoDict-ChangeASCIIInt-EraseBytes- DE: "mvhd"-"\001\000}\032\220\001\350p"-
#15358	REDUCE cov: 124 ft: 533 corp: 82/13174b lim: 341 exec/s: 7679 rss: 30Mb L: 61/333 MS: 1 EraseBytes-
#15513	REDUCE cov: 124 ft: 533 corp: 82/13142b lim: 341 exec/s: 7756 rss: 30Mb L: 103/333 MS: 5 ChangeByte-CrossOver-ChangeASCIIInt-ChangeBit-EraseBytes-
#15574	REDUCE cov: 124 ft: 533 corp: 82/13141b lim: 341 exec/s: 7787 rss: 30Mb L: 103/333 MS: 1 EraseBytes-
#15581	REDUCE cov: 124 ft: 533 corp: 82/13080b lim: 341 exec/s: 7790 rss: 30Mb L: 125/333 MS: 2 InsertRepeatedBytes-CrossOver-
#15720	REDUCE cov: 124 ft: 533 corp: 82/13062b lim: 341 exec/s: 7860 rss: 30Mb L: 196/333 MS: 4 CMP-ChangeByte-ChangeBinInt-EraseBytes- DE: "\333\343\010\220\032}\000\000"-
#15888	REDUCE cov: 124 ft: 533 corp: 82/13053b lim: 341 exec/s: 7944 rss: 30Mb L: 171/333 MS: 3 ChangeBit-ChangeASCIIInt-EraseBytes-
#16005	REDUCE cov: 124 ft: 533 corp: 82/13052b lim: 341 exec/s: 8002 rss: 30Mb L: 241/333 MS: 2 ShuffleBytes-EraseBytes-
#16096	REDUCE cov: 124 ft: 533 corp: 82/13051b lim: 341 exec/s: 8048 rss: 30Mb L: 124/333 MS: 1 EraseBytes-
#16320	REDUCE cov: 124 ft: 533 corp: 82/13045b lim: 341 exec/s: 8160 rss: 30Mb L: 297/333 MS: 4 CMP-ChangeByte-CrossOver-EraseBytes- DE: "frma"-
#16328	REDUCE cov: 124 ft: 533 corp: 82/13032b lim: 341 exec/s: 8164 rss: 30Mb L: 90/333 MS: 3 ShuffleBytes-CrossOver-EraseBytes-
#16336	REDUCE cov: 124 ft: 533 corp: 82/13028b lim: 341 exec/s: 8168 rss: 30Mb L: 54/333 MS: 3 ChangeBit-ChangeByte-EraseBytes-
#16383	REDUCE cov: 124 ft: 533 corp: 82/13022b lim: 341 exec/s: 8191 rss: 30Mb L: 236/333 MS: 2 EraseBytes-CrossOver-
#16384	pulse  cov: 124 ft: 533 corp: 82/13022b lim: 341 exec/s: 8192 rss: 30Mb
#16613	REDUCE cov: 124 ft: 534 corp: 83/13330b lim: 341 exec/s: 8306 rss: 30Mb L: 308/333 MS: 5 ChangeBinInt-InsertByte-ChangeBinInt-InsertRepeatedBytes-CrossOver-
#16834	NEW    cov: 124 ft: 546 corp: 84/13559b lim: 341 exec/s: 8417 rss: 30Mb L: 229/333 MS: 1 CrossOver-
#16884	REDUCE cov: 124 ft: 546 corp: 84/13557b lim: 341 exec/s: 8442 rss: 30Mb L: 169/333 MS: 5 CrossOver-ChangeByte-EraseBytes-CrossOver-PersAutoDict- DE: "frma"-
#17040	REDUCE cov: 124 ft: 546 corp: 84/13550b lim: 341 exec/s: 8520 rss: 30Mb L: 117/333 MS: 1 EraseBytes-
#17543	REDUCE cov: 124 ft: 547 corp: 85/13572b lim: 341 exec/s: 8771 rss: 30Mb L: 22/333 MS: 3 CopyPart-EraseBytes-EraseBytes-
#17560	REDUCE cov: 124 ft: 547 corp: 85/13570b lim: 341 exec/s: 8780 rss: 30Mb L: 224/333 MS: 2 InsertByte-EraseBytes-
#18183	REDUCE cov: 124 ft: 547 corp: 85/13568b lim: 341 exec/s: 9091 rss: 30Mb L: 227/333 MS: 3 CMP-CMP-EraseBytes- DE: "<\313\302\302"-"\001\000\000,"-
#18335	REDUCE cov: 124 ft: 547 corp: 85/13564b lim: 341 exec/s: 9167 rss: 30Mb L: 61/333 MS: 2 ChangeBinInt-EraseBytes-
#18364	REDUCE cov: 124 ft: 547 corp: 85/13549b lim: 341 exec/s: 9182 rss: 30Mb L: 57/333 MS: 4 EraseBytes-ChangeBinInt-InsertByte-CMP- DE: "\000\003"-
#18532	REDUCE cov: 124 ft: 554 corp: 86/13834b lim: 341 exec/s: 9266 rss: 30Mb L: 285/333 MS: 3 ShuffleBytes-ShuffleBytes-CrossOver-
#18535	REDUCE cov: 124 ft: 554 corp: 86/13832b lim: 341 exec/s: 9267 rss: 30Mb L: 156/333 MS: 3 ChangeBinInt-ChangeBit-EraseBytes-
#18552	REDUCE cov: 124 ft: 554 corp: 86/13830b lim: 341 exec/s: 9276 rss: 30Mb L: 43/333 MS: 2 CopyPart-EraseBytes-
#18801	REDUCE cov: 124 ft: 554 corp: 86/13806b lim: 341 exec/s: 9400 rss: 30Mb L: 182/333 MS: 4 ChangeBinInt-ChangeBinInt-CMP-EraseBytes- DE: "\020\000\000\000\000\000\000\000"-
#18827	REDUCE cov: 124 ft: 554 corp: 86/13677b lim: 341 exec/s: 9413 rss: 30Mb L: 193/333 MS: 1 EraseBytes-
#18973	REDUCE cov: 124 ft: 554 corp: 86/13673b lim: 341 exec/s: 9486 rss: 30Mb L: 57/333 MS: 1 EraseBytes-
#19054	REDUCE cov: 124 ft: 554 corp: 86/13649b lim: 341 exec/s: 9527 rss: 30Mb L: 78/333 MS: 1 EraseBytes-
#19179	REDUCE cov: 124 ft: 554 corp: 86/13555b lim: 341 exec/s: 9589 rss: 30Mb L: 138/333 MS: 5 ChangeByte-InsertRepeatedBytes-EraseBytes-ChangeByte-ChangeBinInt-
#19600	REDUCE cov: 124 ft: 554 corp: 86/13553b lim: 341 exec/s: 9800 rss: 30Mb L: 194/333 MS: 1 EraseBytes-
#19718	NEW    cov: 124 ft: 555 corp: 87/13890b lim: 341 exec/s: 9859 rss: 30Mb L: 337/337 MS: 3 ChangeByte-CMP-InsertRepeatedBytes- DE: "A\242\012\220\032}\000\000"-
#19981	REDUCE cov: 124 ft: 555 corp: 87/13882b lim: 341 exec/s: 6660 rss: 30Mb L: 300/337 MS: 3 CopyPart-ChangeASCIIInt-EraseBytes-
#20235	REDUCE cov: 124 ft: 555 corp: 87/13875b lim: 341 exec/s: 6745 rss: 30Mb L: 217/337 MS: 4 InsertByte-EraseBytes-InsertByte-PersAutoDict- DE: "\001\010"-
#20894	REDUCE cov: 124 ft: 555 corp: 87/13847b lim: 341 exec/s: 6964 rss: 30Mb L: 180/337 MS: 4 PersAutoDict-ChangeBinInt-ShuffleBytes-EraseBytes- DE: "\000\000\000\024"-
#21474	NEW    cov: 124 ft: 556 corp: 88/14181b lim: 341 exec/s: 7158 rss: 30Mb L: 334/337 MS: 5 InsertByte-InsertRepeatedBytes-CopyPart-CopyPart-InsertByte-
#21947	REDUCE cov: 124 ft: 556 corp: 88/14154b lim: 341 exec/s: 7315 rss: 30Mb L: 76/337 MS: 3 ShuffleBytes-EraseBytes-PersAutoDict- DE: "\020\000\000\000\000\000\000\000"-
#22824	REDUCE cov: 124 ft: 556 corp: 88/14145b lim: 349 exec/s: 7608 rss: 30Mb L: 171/337 MS: 2 InsertByte-EraseBytes-
#24384	REDUCE cov: 124 ft: 556 corp: 88/14120b lim: 357 exec/s: 8128 rss: 30Mb L: 146/337 MS: 5 ChangeBinInt-ChangeBinInt-InsertByte-CrossOver-InsertRepeatedBytes-
#24445	REDUCE cov: 124 ft: 556 corp: 88/14118b lim: 357 exec/s: 8148 rss: 30Mb L: 121/337 MS: 1 EraseBytes-
#24825	REDUCE cov: 124 ft: 556 corp: 88/14091b lim: 357 exec/s: 8275 rss: 30Mb L: 270/337 MS: 5 ChangeBinInt-CMP-CopyPart-EraseBytes-CrossOver- DE: "\000\000}\032\220\016\340W"-
#25131	REDUCE cov: 124 ft: 556 corp: 88/14050b lim: 357 exec/s: 8377 rss: 30Mb L: 51/337 MS: 1 EraseBytes-
#25260	REDUCE cov: 124 ft: 556 corp: 88/14010b lim: 357 exec/s: 8420 rss: 30Mb L: 140/337 MS: 4 EraseBytes-CopyPart-ChangeBit-InsertRepeatedBytes-
#25505	REDUCE cov: 124 ft: 556 corp: 88/13971b lim: 357 exec/s: 8501 rss: 30Mb L: 261/337 MS: 5 ChangeBit-PersAutoDict-ChangeASCIIInt-ChangeBit-EraseBytes- DE: "sinf"-
#25839	REDUCE cov: 124 ft: 556 corp: 88/13968b lim: 357 exec/s: 8613 rss: 30Mb L: 217/337 MS: 4 PersAutoDict-InsertByte-ChangeBinInt-EraseBytes- DE: "\377\377\3779"-
#25916	REDUCE cov: 124 ft: 556 corp: 88/13961b lim: 357 exec/s: 8638 rss: 30Mb L: 292/337 MS: 2 EraseBytes-InsertRepeatedBytes-
#25947	REDUCE cov: 124 ft: 556 corp: 88/13934b lim: 357 exec/s: 8649 rss: 30Mb L: 129/337 MS: 1 EraseBytes-
#26707	REDUCE cov: 124 ft: 561 corp: 89/14264b lim: 357 exec/s: 6676 rss: 30Mb L: 330/337 MS: 5 InsertRepeatedBytes-ShuffleBytes-CMP-InsertRepeatedBytes-CopyPart- DE: "mdat"-
#27743	REDUCE cov: 124 ft: 561 corp: 89/14252b lim: 365 exec/s: 6935 rss: 30Mb L: 229/337 MS: 1 EraseBytes-
#27781	REDUCE cov: 124 ft: 564 corp: 90/14616b lim: 365 exec/s: 6945 rss: 30Mb L: 364/364 MS: 3 ChangeByte-ChangeByte-CrossOver-
#28034	REDUCE cov: 124 ft: 564 corp: 90/14608b lim: 365 exec/s: 7008 rss: 30Mb L: 268/364 MS: 3 InsertByte-EraseBytes-InsertRepeatedBytes-
#28230	REDUCE cov: 124 ft: 564 corp: 90/14606b lim: 365 exec/s: 7057 rss: 30Mb L: 76/364 MS: 1 EraseBytes-
#28667	REDUCE cov: 124 ft: 564 corp: 90/14603b lim: 365 exec/s: 7166 rss: 30Mb L: 73/364 MS: 2 CrossOver-EraseBytes-
#28850	REDUCE cov: 124 ft: 564 corp: 90/14564b lim: 365 exec/s: 7212 rss: 30Mb L: 83/364 MS: 3 ChangeBinInt-InsertByte-EraseBytes-
#28985	REDUCE cov: 124 ft: 564 corp: 90/14517b lim: 365 exec/s: 7246 rss: 30Mb L: 317/337 MS: 5 CrossOver-InsertByte-PersAutoDict-ChangeByte-EraseBytes- DE: "pixi"-
#29392	REDUCE cov: 124 ft: 564 corp: 90/14493b lim: 365 exec/s: 7348 rss: 30Mb L: 33/337 MS: 2 ChangeBit-EraseBytes-
#29652	REDUCE cov: 124 ft: 564 corp: 90/14486b lim: 365 exec/s: 7413 rss: 30Mb L: 110/337 MS: 5 InsertByte-ShuffleBytes-ChangeBit-CopyPart-EraseBytes-
#29699	REDUCE cov: 125 ft: 565 corp: 91/14811b lim: 365 exec/s: 7424 rss: 30Mb L: 325/337 MS: 2 ShuffleBytes-CrossOver-
#29715	REDUCE cov: 125 ft: 565 corp: 91/14789b lim: 365 exec/s: 7428 rss: 30Mb L: 88/337 MS: 1 EraseBytes-
#29923	REDUCE cov: 125 ft: 565 corp: 91/14754b lim: 365 exec/s: 7480 rss: 30Mb L: 53/337 MS: 3 ChangeBit-ChangeASCIIInt-EraseBytes-
#30168	REDUCE cov: 125 ft: 566 corp: 92/15088b lim: 365 exec/s: 7542 rss: 30Mb L: 334/337 MS: 5 CrossOver-ChangeByte-ChangeASCIIInt-CopyPart-CopyPart-
#30583	REDUCE cov: 125 ft: 566 corp: 92/15067b lim: 365 exec/s: 7645 rss: 30Mb L: 220/337 MS: 5 EraseBytes-InsertByte-ShuffleBytes-ChangeByte-InsertByte-
#31882	REDUCE cov: 125 ft: 566 corp: 92/15059b lim: 373 exec/s: 7970 rss: 30Mb L: 221/337 MS: 4 EraseBytes-ChangeASCIIInt-InsertRepeatedBytes-InsertRepeatedBytes-
#32056	REDUCE cov: 125 ft: 566 corp: 92/15052b lim: 373 exec/s: 8014 rss: 30Mb L: 323/337 MS: 4 InsertByte-EraseBytes-ChangeBit-InsertRepeatedBytes-
#32088	REDUCE cov: 125 ft: 566 corp: 92/15044b lim: 373 exec/s: 8022 rss: 30Mb L: 130/337 MS: 2 ShuffleBytes-EraseBytes-
#32475	REDUCE cov: 125 ft: 566 corp: 92/15020b lim: 373 exec/s: 8118 rss: 30Mb L: 104/337 MS: 2 CopyPart-EraseBytes-
#32556	REDUCE cov: 125 ft: 566 corp: 92/15013b lim: 373 exec/s: 8139 rss: 30Mb L: 97/337 MS: 1 EraseBytes-
#32567	REDUCE cov: 125 ft: 566 corp: 92/14934b lim: 373 exec/s: 8141 rss: 30Mb L: 246/337 MS: 1 EraseBytes-
#32768	pulse  cov: 125 ft: 566 corp: 92/14934b lim: 373 exec/s: 8192 rss: 30Mb
#32887	REDUCE cov: 125 ft: 566 corp: 92/14929b lim: 373 exec/s: 8221 rss: 30Mb L: 28/337 MS: 5 ChangeBinInt-ChangeBinInt-EraseBytes-ChangeBit-InsertByte-
#33375	REDUCE cov: 125 ft: 566 corp: 92/14909b lim: 373 exec/s: 6675 rss: 30Mb L: 126/337 MS: 3 ChangeByte-InsertByte-EraseBytes-
#33978	REDUCE cov: 125 ft: 566 corp: 92/14897b lim: 373 exec/s: 6795 rss: 30Mb L: 266/337 MS: 3 ChangeBit-ChangeByte-EraseBytes-
#34974	REDUCE cov: 125 ft: 566 corp: 92/14874b lim: 381 exec/s: 6994 rss: 30Mb L: 67/337 MS: 1 CrossOver-
#36140	REDUCE cov: 125 ft: 566 corp: 92/14848b lim: 389 exec/s: 7228 rss: 31Mb L: 220/337 MS: 1 EraseBytes-
#36438	REDUCE cov: 125 ft: 566 corp: 92/14827b lim: 389 exec/s: 7287 rss: 31Mb L: 96/337 MS: 3 EraseBytes-CMP-ShuffleBytes- DE: "@\312\025\220\032}\000\000"-
#36647	REDUCE cov: 125 ft: 566 corp: 92/14804b lim: 389 exec/s: 7329 rss: 31Mb L: 60/337 MS: 4 ChangeBinInt-EraseBytes-EraseBytes-ChangeBinInt-
#36756	REDUCE cov: 125 ft: 566 corp: 92/14803b lim: 389 exec/s: 7351 rss: 31Mb L: 60/337 MS: 4 ChangeByte-ChangeByte-InsertByte-EraseBytes-
#37144	REDUCE cov: 125 ft: 566 corp: 92/14764b lim: 389 exec/s: 7428 rss: 31Mb L: 154/337 MS: 3 ChangeByte-InsertByte-EraseBytes-
#37218	REDUCE cov: 125 ft: 566 corp: 92/14761b lim: 389 exec/s: 7443 rss: 31Mb L: 70/337 MS: 4 CopyPart-ShuffleBytes-EraseBytes-EraseBytes-
#37454	REDUCE cov: 125 ft: 568 corp: 93/15070b lim: 389 exec/s: 7490 rss: 31Mb L: 309/337 MS: 1 PersAutoDict- DE: "mfra"-
#37700	REDUCE cov: 125 ft: 568 corp: 93/15067b lim: 389 exec/s: 7540 rss: 31Mb L: 64/337 MS: 1 CrossOver-
#38033	REDUCE cov: 125 ft: 568 corp: 93/15066b lim: 389 exec/s: 7606 rss: 31Mb L: 27/337 MS: 3 InsertByte-ShuffleBytes-EraseBytes-
#38372	REDUCE cov: 125 ft: 568 corp: 93/15038b lim: 389 exec/s: 7674 rss: 31Mb L: 192/337 MS: 4 ChangeBit-CopyPart-ChangeByte-EraseBytes-
#38514	REDUCE cov: 125 ft: 568 corp: 93/15035b lim: 389 exec/s: 7702 rss: 31Mb L: 19/337 MS: 2 CopyPart-EraseBytes-
#39446	NEW    cov: 125 ft: 570 corp: 94/15358b lim: 397 exec/s: 7889 rss: 31Mb L: 323/337 MS: 2 ShuffleBytes-CrossOver-
#39630	REDUCE cov: 125 ft: 570 corp: 94/15357b lim: 397 exec/s: 7926 rss: 31Mb L: 42/337 MS: 4 EraseBytes-EraseBytes-EraseBytes-CrossOver-
#39733	REDUCE cov: 125 ft: 570 corp: 94/15231b lim: 397 exec/s: 7946 rss: 31Mb L: 208/337 MS: 3 ChangeByte-CrossOver-EraseBytes-
#40294	REDUCE cov: 125 ft: 570 corp: 94/15227b lim: 397 exec/s: 6715 rss: 31Mb L: 281/337 MS: 1 EraseBytes-
#40529	REDUCE cov: 125 ft: 570 corp: 94/15203b lim: 397 exec/s: 6754 rss: 31Mb L: 36/337 MS: 5 CrossOver-InsertRepeatedBytes-EraseBytes-ChangeByte-InsertByte-
#40775	REDUCE cov: 125 ft: 570 corp: 94/15185b lim: 397 exec/s: 6795 rss: 31Mb L: 190/337 MS: 1 EraseBytes-
#41500	REDUCE cov: 125 ft: 570 corp: 94/15181b lim: 397 exec/s: 6916 rss: 31Mb L: 92/337 MS: 5 ChangeBinInt-CMP-CrossOver-ChangeASCIIInt-EraseBytes- DE: "\377\377\377\377"-
#42753	REDUCE cov: 125 ft: 570 corp: 94/15180b lim: 405 exec/s: 7125 rss: 31Mb L: 191/337 MS: 3 ChangeASCIIInt-ChangeByte-EraseBytes-
#42947	REDUCE cov: 125 ft: 570 corp: 94/15178b lim: 405 exec/s: 7157 rss: 31Mb L: 24/337 MS: 4 PersAutoDict-CMP-ShuffleBytes-EraseBytes- DE: "\377\377\377\000\000\000\000\002"-"\000\000\177\377\355\243\247\200"-
#43258	REDUCE cov: 125 ft: 571 corp: 95/15414b lim: 405 exec/s: 7209 rss: 31Mb L: 236/337 MS: 1 ShuffleBytes-
#43881	REDUCE cov: 125 ft: 571 corp: 95/15412b lim: 405 exec/s: 7313 rss: 31Mb L: 301/337 MS: 3 ShuffleBytes-EraseBytes-InsertRepeatedBytes-
#44243	REDUCE cov: 125 ft: 571 corp: 95/15391b lim: 405 exec/s: 7373 rss: 31Mb L: 296/337 MS: 2 ShuffleBytes-EraseBytes-
#44386	REDUCE cov: 125 ft: 571 corp: 95/15334b lim: 405 exec/s: 7397 rss: 31Mb L: 239/337 MS: 3 ChangeByte-ChangeByte-CrossOver-
#44549	REDUCE cov: 125 ft: 571 corp: 95/15311b lim: 405 exec/s: 7424 rss: 31Mb L: 159/337 MS: 3 EraseBytes-ChangeASCIIInt-CopyPart-
#44960	REDUCE cov: 125 ft: 571 corp: 95/15308b lim: 405 exec/s: 7493 rss: 31Mb L: 188/337 MS: 1 EraseBytes-
#45431	REDUCE cov: 125 ft: 572 corp: 96/15689b lim: 405 exec/s: 7571 rss: 31Mb L: 381/381 MS: 1 CopyPart-
#46154	REDUCE cov: 125 ft: 572 corp: 96/15663b lim: 405 exec/s: 7692 rss: 31Mb L: 213/381 MS: 3 CopyPart-CopyPart-CrossOver-
#46611	NEW    cov: 125 ft: 577 corp: 97/16060b lim: 405 exec/s: 6658 rss: 31Mb L: 397/397 MS: 2 ChangeBit-InsertRepeatedBytes-
#48460	REDUCE cov: 125 ft: 577 corp: 97/16040b lim: 421 exec/s: 6922 rss: 31Mb L: 197/397 MS: 4 ChangeBit-ShuffleBytes-ChangeByte-EraseBytes-
#49098	REDUCE cov: 125 ft: 577 corp: 97/16038b lim: 421 exec/s: 7014 rss: 31Mb L: 58/397 MS: 3 ChangeBit-CMP-EraseBytes- DE: "hvc1"-
#49100	REDUCE cov: 125 ft: 577 corp: 97/16024b lim: 421 exec/s: 7014 rss: 31Mb L: 62/397 MS: 2 CopyPart-EraseBytes-
#50316	REDUCE cov: 125 ft: 577 corp: 97/16022b lim: 429 exec/s: 7188 rss: 31Mb L: 90/397 MS: 1 EraseBytes-
#50715	REDUCE cov: 125 ft: 577 corp: 97/15944b lim: 429 exec/s: 7245 rss: 31Mb L: 199/397 MS: 4 PersAutoDict-PersAutoDict-ChangeByte-EraseBytes- DE: "mdat"-"\003\000\000\000"-
#50742	REDUCE cov: 126 ft: 578 corp: 98/16157b lim: 429 exec/s: 7248 rss: 31Mb L: 213/397 MS: 2 ChangeByte-CMP- DE: "hvc1"-
#50847	NEW    cov: 126 ft: 579 corp: 99/16371b lim: 429 exec/s: 7263 rss: 31Mb L: 214/397 MS: 5 PersAutoDict-ChangeBit-ChangeByte-ShuffleBytes-InsertByte- DE: "trak"-
#50864	NEW    cov: 126 ft: 580 corp: 100/16Kb lim: 429 exec/s: 7266 rss: 31Mb L: 144/397 MS: 2 ShuffleBytes-CrossOver-
#50922	REDUCE cov: 126 ft: 580 corp: 100/16Kb lim: 429 exec/s: 7274 rss: 31Mb L: 19/397 MS: 3 EraseBytes-ShuffleBytes-CopyPart-
#51349	REDUCE cov: 126 ft: 580 corp: 100/16Kb lim: 429 exec/s: 7335 rss: 31Mb L: 50/397 MS: 2 ChangeBinInt-EraseBytes-
#51401	REDUCE cov: 126 ft: 580 corp: 100/16Kb lim: 429 exec/s: 7343 rss: 31Mb L: 203/397 MS: 2 CopyPart-EraseBytes-
#51421	REDUCE cov: 126 ft: 580 corp: 100/16Kb lim: 429 exec/s: 7345 rss: 31Mb L: 47/397 MS: 5 ChangeBit-ChangeByte-ChangeBinInt-ChangeASCIIInt-EraseBytes-
#51427	REDUCE cov: 127 ft: 581 corp: 101/16Kb lim: 429 exec/s: 7346 rss: 31Mb L: 8/397 MS: 1 PersAutoDict- DE: "sinf"-
#51738	REDUCE cov: 127 ft: 581 corp: 101/16Kb lim: 429 exec/s: 7391 rss: 31Mb L: 123/397 MS: 1 EraseBytes-
==88285== ERROR: libFuzzer: out-of-memory (used: 1794Mb; limit: 1024Mb)
   To change the out-of-memory limit use -rss_limit_mb=<N>

MS: 2 ChangeByte-CrossOver-; base unit: 55fc75237c4f9cfd4a1457096ebcba1a052df9fb
artifact_prefix='/results/crashes/20260313_145132_19e344b7_'; Test unit written to /results/crashes/20260313_145132_19e344b7_oom-00d8c1ad0161f3c6b59a3f96108900ab866ee236
SUMMARY: libFuzzer: out-of-memory
stat::number_of_executed_units: 52230
stat::average_exec_per_sec:     5803
stat::new_units_added:          308
stat::slowest_unit_time_sec:    0
stat::peak_rss_mb:              1794
