INFO: Running with entropic power schedule (0xFF, 100).
INFO: Seed: 3258007635
INFO: Loaded 1 modules   (252 inline 8-bit counters): 252 [0x56c671b67678, 0x56c671b67774), 
INFO: Loaded 1 PC tables (252 PCs): 252 [0x56c671b67778,0x56c671b68738), 
INFO:        4 files found in /tmp/corpus_20260313_185424_839c52a8
INFO: seed corpus: files: 4 min: 48b max: 333b total: 853b rss: 28Mb
#5	INITED cov: 116 ft: 249 corp: 4/853b exec/s: 0 rss: 29Mb
#7	NEW    cov: 116 ft: 254 corp: 5/901b lim: 333 exec/s: 0 rss: 29Mb L: 48/333 MS: 2 ChangeBinInt-CrossOver-
#8	NEW    cov: 118 ft: 275 corp: 6/1189b lim: 333 exec/s: 0 rss: 29Mb L: 288/333 MS: 1 InsertRepeatedBytes-
#9	NEW    cov: 118 ft: 282 corp: 7/1237b lim: 333 exec/s: 0 rss: 29Mb L: 48/333 MS: 1 ChangeBit-
#10	NEW    cov: 118 ft: 283 corp: 8/1497b lim: 333 exec/s: 0 rss: 29Mb L: 260/333 MS: 1 CMP- DE: "\001\000\000\000\000\000\000\004"-
#21	NEW    cov: 118 ft: 317 corp: 9/1545b lim: 333 exec/s: 0 rss: 29Mb L: 48/333 MS: 1 ShuffleBytes-
#22	NEW    cov: 118 ft: 325 corp: 10/1878b lim: 333 exec/s: 0 rss: 29Mb L: 333/333 MS: 1 CopyPart-
#23	NEW    cov: 118 ft: 326 corp: 11/2202b lim: 333 exec/s: 0 rss: 29Mb L: 324/333 MS: 1 InsertRepeatedBytes-
#25	NEW    cov: 118 ft: 337 corp: 12/2476b lim: 333 exec/s: 0 rss: 29Mb L: 274/333 MS: 2 PersAutoDict-CrossOver- DE: "\001\000\000\000\000\000\000\004"-
#26	NEW    cov: 119 ft: 338 corp: 13/2729b lim: 333 exec/s: 0 rss: 29Mb L: 253/333 MS: 1 InsertByte-
#27	NEW    cov: 119 ft: 348 corp: 14/2800b lim: 333 exec/s: 0 rss: 29Mb L: 71/333 MS: 1 CrossOver-
#28	NEW    cov: 119 ft: 349 corp: 15/3085b lim: 333 exec/s: 0 rss: 29Mb L: 285/333 MS: 1 CopyPart-
#29	NEW    cov: 119 ft: 350 corp: 16/3134b lim: 333 exec/s: 0 rss: 29Mb L: 49/333 MS: 1 InsertByte-
#31	NEW    cov: 119 ft: 351 corp: 17/3403b lim: 333 exec/s: 0 rss: 29Mb L: 269/333 MS: 2 PersAutoDict-InsertByte- DE: "\001\000\000\000\000\000\000\004"-
#45	NEW    cov: 119 ft: 352 corp: 18/3704b lim: 333 exec/s: 0 rss: 29Mb L: 301/333 MS: 4 InsertByte-ChangeBinInt-CopyPart-InsertRepeatedBytes-
#48	NEW    cov: 119 ft: 353 corp: 19/3742b lim: 333 exec/s: 0 rss: 29Mb L: 38/333 MS: 3 ChangeByte-PersAutoDict-EraseBytes- DE: "\001\000\000\000\000\000\000\004"-
#56	NEW    cov: 119 ft: 354 corp: 20/4021b lim: 333 exec/s: 0 rss: 29Mb L: 279/333 MS: 3 ChangeBinInt-CrossOver-InsertRepeatedBytes-
#68	NEW    cov: 119 ft: 361 corp: 21/4112b lim: 333 exec/s: 0 rss: 29Mb L: 91/333 MS: 2 CopyPart-CrossOver-
#74	NEW    cov: 119 ft: 375 corp: 22/4140b lim: 333 exec/s: 0 rss: 29Mb L: 28/333 MS: 1 EraseBytes-
#78	NEW    cov: 119 ft: 381 corp: 23/4236b lim: 333 exec/s: 0 rss: 29Mb L: 96/333 MS: 4 CMP-ShuffleBytes-CopyPart-CrossOver- DE: "\021\000\000\000\000\000\000\000"-
#87	NEW    cov: 119 ft: 382 corp: 24/4554b lim: 333 exec/s: 0 rss: 29Mb L: 318/333 MS: 4 CopyPart-EraseBytes-CrossOver-InsertRepeatedBytes-
#90	NEW    cov: 119 ft: 383 corp: 25/4660b lim: 333 exec/s: 0 rss: 29Mb L: 106/333 MS: 3 PersAutoDict-ShuffleBytes-CopyPart- DE: "\021\000\000\000\000\000\000\000"-
#94	NEW    cov: 120 ft: 384 corp: 26/4987b lim: 333 exec/s: 0 rss: 29Mb L: 327/333 MS: 4 ChangeByte-CrossOver-ChangeByte-InsertRepeatedBytes-
#95	NEW    cov: 120 ft: 385 corp: 27/5109b lim: 333 exec/s: 0 rss: 29Mb L: 122/333 MS: 1 CopyPart-
#101	NEW    cov: 120 ft: 386 corp: 28/5366b lim: 333 exec/s: 0 rss: 29Mb L: 257/333 MS: 1 CMP- DE: "mdat"-
#103	NEW    cov: 120 ft: 387 corp: 29/5468b lim: 333 exec/s: 0 rss: 29Mb L: 102/333 MS: 2 PersAutoDict-EraseBytes- DE: "\021\000\000\000\000\000\000\000"-
#115	NEW    cov: 120 ft: 388 corp: 30/5578b lim: 333 exec/s: 0 rss: 29Mb L: 110/333 MS: 2 InsertRepeatedBytes-EraseBytes-
#126	NEW    cov: 120 ft: 389 corp: 31/5634b lim: 333 exec/s: 0 rss: 29Mb L: 56/333 MS: 1 PersAutoDict- DE: "\021\000\000\000\000\000\000\000"-
#132	NEW    cov: 120 ft: 404 corp: 32/5913b lim: 333 exec/s: 0 rss: 29Mb L: 279/333 MS: 1 ChangeBit-
#139	NEW    cov: 120 ft: 417 corp: 33/5930b lim: 333 exec/s: 0 rss: 29Mb L: 17/333 MS: 2 ChangeBit-EraseBytes-
#143	NEW    cov: 120 ft: 419 corp: 34/5979b lim: 333 exec/s: 0 rss: 29Mb L: 49/333 MS: 4 CopyPart-ChangeBinInt-ShuffleBytes-InsertByte-
#147	NEW    cov: 120 ft: 422 corp: 35/5997b lim: 333 exec/s: 0 rss: 29Mb L: 18/333 MS: 4 CrossOver-ChangeBinInt-ChangeByte-CrossOver-
#155	NEW    cov: 120 ft: 423 corp: 36/6101b lim: 333 exec/s: 0 rss: 29Mb L: 104/333 MS: 3 InsertRepeatedBytes-ShuffleBytes-CrossOver-
#156	NEW    cov: 120 ft: 431 corp: 37/6231b lim: 333 exec/s: 0 rss: 29Mb L: 130/333 MS: 1 CrossOver-
#169	NEW    cov: 120 ft: 432 corp: 38/6275b lim: 333 exec/s: 0 rss: 29Mb L: 44/333 MS: 3 ShuffleBytes-EraseBytes-PersAutoDict- DE: "mdat"-
#192	NEW    cov: 120 ft: 434 corp: 39/6314b lim: 333 exec/s: 0 rss: 29Mb L: 39/333 MS: 3 ShuffleBytes-PersAutoDict-InsertByte- DE: "\001\000\000\000\000\000\000\004"-
#212	REDUCE cov: 120 ft: 434 corp: 39/6310b lim: 333 exec/s: 0 rss: 29Mb L: 329/333 MS: 5 ChangeByte-ChangeBinInt-ChangeBinInt-PersAutoDict-EraseBytes- DE: "\001\000\000\000\000\000\000\004"-
#220	NEW    cov: 120 ft: 435 corp: 40/6618b lim: 333 exec/s: 0 rss: 29Mb L: 308/333 MS: 3 ChangeBit-InsertByte-CrossOver-
#247	REDUCE cov: 120 ft: 444 corp: 41/6950b lim: 333 exec/s: 0 rss: 29Mb L: 332/333 MS: 2 InsertRepeatedBytes-CMP- DE: "mdia"-
#258	REDUCE cov: 120 ft: 444 corp: 41/6916b lim: 333 exec/s: 0 rss: 29Mb L: 219/333 MS: 1 CrossOver-
#277	NEW    cov: 121 ft: 445 corp: 42/7011b lim: 333 exec/s: 0 rss: 29Mb L: 95/333 MS: 4 ChangeBit-CMP-ChangeByte-CrossOver- DE: "\377\377U\306\202K\365\340"-
#278	REDUCE cov: 121 ft: 445 corp: 42/6982b lim: 333 exec/s: 0 rss: 29Mb L: 101/333 MS: 1 EraseBytes-
#288	NEW    cov: 121 ft: 446 corp: 43/7206b lim: 333 exec/s: 0 rss: 29Mb L: 224/333 MS: 5 InsertByte-ChangeBit-EraseBytes-ChangeByte-EraseBytes-
#303	NEW    cov: 121 ft: 447 corp: 44/7323b lim: 333 exec/s: 0 rss: 29Mb L: 117/333 MS: 5 ShuffleBytes-CopyPart-InsertByte-ChangeBinInt-EraseBytes-
#347	NEW    cov: 121 ft: 448 corp: 45/7558b lim: 333 exec/s: 0 rss: 29Mb L: 235/333 MS: 4 PersAutoDict-ChangeBit-ChangeBit-CrossOver- DE: "\001\000\000\000\000\000\000\004"-
#372	REDUCE cov: 121 ft: 448 corp: 45/7555b lim: 333 exec/s: 0 rss: 29Mb L: 45/333 MS: 5 ChangeByte-ChangeBinInt-CrossOver-ChangeBinInt-EraseBytes-
#385	NEW    cov: 121 ft: 449 corp: 46/7571b lim: 333 exec/s: 0 rss: 29Mb L: 16/333 MS: 3 ChangeBit-PersAutoDict-EraseBytes- DE: "\021\000\000\000\000\000\000\000"-
#392	REDUCE cov: 121 ft: 449 corp: 46/7565b lim: 333 exec/s: 0 rss: 29Mb L: 95/333 MS: 2 CopyPart-EraseBytes-
#402	NEW    cov: 121 ft: 450 corp: 47/7697b lim: 333 exec/s: 0 rss: 29Mb L: 132/333 MS: 5 ChangeBit-ChangeBinInt-ChangeBit-ChangeBit-CopyPart-
#412	REDUCE cov: 121 ft: 450 corp: 47/7692b lim: 333 exec/s: 0 rss: 29Mb L: 86/333 MS: 5 PersAutoDict-InsertRepeatedBytes-CrossOver-EraseBytes-CrossOver- DE: "\001\000\000\000\000\000\000\004"-
#445	NEW    cov: 121 ft: 456 corp: 48/7993b lim: 333 exec/s: 0 rss: 29Mb L: 301/333 MS: 3 ChangeBit-ShuffleBytes-CopyPart-
#447	NEW    cov: 121 ft: 464 corp: 49/8004b lim: 333 exec/s: 0 rss: 29Mb L: 11/333 MS: 2 CMP-EraseBytes- DE: "\001 "-
#455	NEW    cov: 121 ft: 466 corp: 50/8304b lim: 333 exec/s: 0 rss: 29Mb L: 300/333 MS: 3 ShuffleBytes-CrossOver-ChangeBinInt-
#502	NEW    cov: 121 ft: 467 corp: 51/8573b lim: 333 exec/s: 0 rss: 29Mb L: 269/333 MS: 2 CopyPart-ChangeBit-
#526	NEW    cov: 121 ft: 468 corp: 52/8900b lim: 333 exec/s: 0 rss: 29Mb L: 327/333 MS: 4 InsertByte-ChangeASCIIInt-CrossOver-InsertRepeatedBytes-
#527	NEW    cov: 121 ft: 469 corp: 53/9227b lim: 333 exec/s: 0 rss: 29Mb L: 327/333 MS: 1 CrossOver-
#532	NEW    cov: 121 ft: 470 corp: 54/9493b lim: 333 exec/s: 0 rss: 29Mb L: 266/333 MS: 5 EraseBytes-CopyPart-PersAutoDict-ChangeByte-EraseBytes- DE: "\001\000\000\000\000\000\000\004"-
#596	REDUCE cov: 121 ft: 470 corp: 54/9460b lim: 333 exec/s: 0 rss: 29Mb L: 89/333 MS: 4 CrossOver-PersAutoDict-PersAutoDict-EraseBytes- DE: "\377\377U\306\202K\365\340"-"mdia"-
#605	NEW    cov: 121 ft: 478 corp: 55/9489b lim: 333 exec/s: 0 rss: 29Mb L: 29/333 MS: 4 ChangeBinInt-EraseBytes-ChangeByte-CrossOver-
#641	NEW    cov: 121 ft: 485 corp: 56/9783b lim: 333 exec/s: 0 rss: 29Mb L: 294/333 MS: 1 InsertRepeatedBytes-
#704	NEW    cov: 121 ft: 486 corp: 57/9878b lim: 333 exec/s: 0 rss: 29Mb L: 95/333 MS: 3 PersAutoDict-CrossOver-InsertByte- DE: "\021\000\000\000\000\000\000\000"-
#751	NEW    cov: 121 ft: 487 corp: 58/10186b lim: 333 exec/s: 0 rss: 29Mb L: 308/333 MS: 2 CopyPart-ShuffleBytes-
#785	NEW    cov: 121 ft: 488 corp: 59/10519b lim: 333 exec/s: 0 rss: 29Mb L: 333/333 MS: 4 ShuffleBytes-InsertRepeatedBytes-ShuffleBytes-CrossOver-
#843	NEW    cov: 121 ft: 489 corp: 60/10852b lim: 333 exec/s: 0 rss: 29Mb L: 333/333 MS: 3 InsertRepeatedBytes-InsertRepeatedBytes-ChangeBinInt-
#899	NEW    cov: 121 ft: 491 corp: 61/11185b lim: 333 exec/s: 0 rss: 29Mb L: 333/333 MS: 1 CopyPart-
#1030	REDUCE cov: 121 ft: 496 corp: 62/11256b lim: 333 exec/s: 0 rss: 29Mb L: 71/333 MS: 1 EraseBytes-
#1116	NEW    cov: 121 ft: 500 corp: 63/11589b lim: 333 exec/s: 0 rss: 29Mb L: 333/333 MS: 1 ChangeBinInt-
#1138	REDUCE cov: 121 ft: 500 corp: 63/11577b lim: 333 exec/s: 0 rss: 29Mb L: 36/333 MS: 2 ShuffleBytes-EraseBytes-
#1389	REDUCE cov: 121 ft: 500 corp: 63/11563b lim: 333 exec/s: 0 rss: 29Mb L: 246/333 MS: 1 EraseBytes-
#1399	NEW    cov: 122 ft: 501 corp: 64/11565b lim: 333 exec/s: 0 rss: 29Mb L: 2/333 MS: 5 EraseBytes-InsertByte-EraseBytes-InsertRepeatedBytes-CrossOver-
#1702	NEW    cov: 122 ft: 502 corp: 65/11573b lim: 333 exec/s: 0 rss: 29Mb L: 8/333 MS: 3 ChangeByte-ShuffleBytes-CrossOver-
#1723	REDUCE cov: 122 ft: 502 corp: 65/11544b lim: 333 exec/s: 0 rss: 29Mb L: 237/333 MS: 1 EraseBytes-
#1785	NEW    cov: 122 ft: 504 corp: 66/11744b lim: 333 exec/s: 0 rss: 29Mb L: 200/333 MS: 2 ChangeByte-EraseBytes-
#1806	REDUCE cov: 122 ft: 504 corp: 66/11743b lim: 333 exec/s: 0 rss: 29Mb L: 1/333 MS: 1 EraseBytes-
#1822	NEW    cov: 122 ft: 505 corp: 67/12045b lim: 333 exec/s: 0 rss: 29Mb L: 302/333 MS: 1 CopyPart-
#2055	NEW    cov: 122 ft: 506 corp: 68/12352b lim: 333 exec/s: 0 rss: 29Mb L: 307/333 MS: 3 ChangeByte-PersAutoDict-InsertRepeatedBytes- DE: "\377\377U\306\202K\365\340"-
#2089	REDUCE cov: 122 ft: 507 corp: 69/12685b lim: 333 exec/s: 0 rss: 29Mb L: 333/333 MS: 4 InsertRepeatedBytes-ChangeBinInt-CopyPart-CMP- DE: "\001\000\000\000\000\000\000\364"-
#2094	REDUCE cov: 122 ft: 507 corp: 69/12558b lim: 333 exec/s: 0 rss: 29Mb L: 181/333 MS: 5 ChangeBit-ChangeBit-PersAutoDict-ChangeBinInt-EraseBytes- DE: "mdia"-
#2110	REDUCE cov: 122 ft: 507 corp: 69/12545b lim: 333 exec/s: 0 rss: 29Mb L: 58/333 MS: 1 EraseBytes-
#2173	REDUCE cov: 122 ft: 507 corp: 69/12526b lim: 333 exec/s: 0 rss: 29Mb L: 305/333 MS: 3 CMP-ShuffleBytes-EraseBytes- DE: "`ppl"-
#2258	REDUCE cov: 122 ft: 507 corp: 69/12520b lim: 333 exec/s: 0 rss: 29Mb L: 39/333 MS: 5 PersAutoDict-CMP-ChangeASCIIInt-EraseBytes-ChangeBit- DE: "\001 "-"stsd"-
#2267	REDUCE cov: 122 ft: 507 corp: 69/12477b lim: 333 exec/s: 0 rss: 29Mb L: 290/333 MS: 4 EraseBytes-ShuffleBytes-InsertRepeatedBytes-ChangeBinInt-
#2293	REDUCE cov: 122 ft: 507 corp: 69/12476b lim: 333 exec/s: 0 rss: 29Mb L: 131/333 MS: 1 EraseBytes-
#2340	REDUCE cov: 122 ft: 507 corp: 69/12472b lim: 333 exec/s: 0 rss: 29Mb L: 24/333 MS: 2 PersAutoDict-EraseBytes- DE: "\001 "-
#2347	NEW    cov: 122 ft: 508 corp: 70/12730b lim: 333 exec/s: 0 rss: 29Mb L: 258/333 MS: 2 InsertRepeatedBytes-CMP- DE: "minf"-
#2488	REDUCE cov: 122 ft: 508 corp: 70/12670b lim: 333 exec/s: 0 rss: 29Mb L: 159/333 MS: 1 EraseBytes-
#2588	REDUCE cov: 122 ft: 508 corp: 70/12628b lim: 333 exec/s: 0 rss: 29Mb L: 158/333 MS: 5 CopyPart-InsertByte-CopyPart-ShuffleBytes-EraseBytes-
#2592	REDUCE cov: 122 ft: 508 corp: 70/12625b lim: 333 exec/s: 0 rss: 29Mb L: 92/333 MS: 4 ChangeASCIIInt-InsertByte-CMP-EraseBytes- DE: "\000\000\000\251"-
#2639	REDUCE cov: 122 ft: 508 corp: 70/12609b lim: 333 exec/s: 0 rss: 29Mb L: 311/333 MS: 2 EraseBytes-CrossOver-
#2667	REDUCE cov: 122 ft: 508 corp: 70/12500b lim: 333 exec/s: 0 rss: 29Mb L: 224/333 MS: 3 ChangeBinInt-CMP-EraseBytes- DE: "mdia"-
#2695	REDUCE cov: 122 ft: 508 corp: 70/12496b lim: 333 exec/s: 0 rss: 29Mb L: 12/333 MS: 3 ChangeByte-ChangeBinInt-EraseBytes-
#2818	NEW    cov: 123 ft: 509 corp: 71/12783b lim: 333 exec/s: 0 rss: 29Mb L: 287/333 MS: 3 EraseBytes-EraseBytes-PersAutoDict- DE: "\001\000\000\000\000\000\000\004"-
#2830	NEW    cov: 123 ft: 510 corp: 72/13048b lim: 333 exec/s: 0 rss: 29Mb L: 265/333 MS: 2 ChangeBit-InsertRepeatedBytes-
#2933	REDUCE cov: 123 ft: 510 corp: 72/13047b lim: 333 exec/s: 0 rss: 29Mb L: 43/333 MS: 3 EraseBytes-ShuffleBytes-CrossOver-
#2935	REDUCE cov: 123 ft: 510 corp: 72/13012b lim: 333 exec/s: 0 rss: 29Mb L: 223/333 MS: 2 ChangeBit-EraseBytes-
#2981	REDUCE cov: 123 ft: 510 corp: 72/12945b lim: 333 exec/s: 0 rss: 29Mb L: 157/333 MS: 1 CrossOver-
#3008	NEW    cov: 123 ft: 511 corp: 73/12953b lim: 333 exec/s: 0 rss: 29Mb L: 8/333 MS: 2 PersAutoDict-PersAutoDict- DE: "\021\000\000\000\000\000\000\000"-"mdat"-
#3308	REDUCE cov: 123 ft: 511 corp: 73/12952b lim: 333 exec/s: 0 rss: 29Mb L: 10/333 MS: 5 ChangeBinInt-CMP-ChangeBit-ChangeBit-EraseBytes- DE: "hvcC"-
#3753	REDUCE cov: 123 ft: 511 corp: 73/12879b lim: 333 exec/s: 0 rss: 29Mb L: 260/333 MS: 5 ChangeBit-CMP-ChangeByte-ChangeByte-EraseBytes- DE: "pitm"-
#3774	REDUCE cov: 123 ft: 511 corp: 73/12866b lim: 333 exec/s: 0 rss: 29Mb L: 211/333 MS: 1 CrossOver-
#3823	REDUCE cov: 123 ft: 511 corp: 73/12862b lim: 333 exec/s: 0 rss: 29Mb L: 25/333 MS: 4 CMP-CrossOver-ChangeBinInt-InsertByte- DE: "ftyp"-
#3836	REDUCE cov: 123 ft: 511 corp: 73/12789b lim: 333 exec/s: 0 rss: 29Mb L: 229/333 MS: 3 CopyPart-ShuffleBytes-EraseBytes-
#3865	REDUCE cov: 123 ft: 511 corp: 73/12788b lim: 333 exec/s: 0 rss: 29Mb L: 103/333 MS: 4 PersAutoDict-ChangeASCIIInt-ChangeBinInt-EraseBytes- DE: "\001 "-
#3883	REDUCE cov: 123 ft: 511 corp: 73/12775b lim: 333 exec/s: 0 rss: 29Mb L: 45/333 MS: 3 ShuffleBytes-InsertByte-EraseBytes-
#3997	REDUCE cov: 123 ft: 511 corp: 73/12739b lim: 333 exec/s: 0 rss: 29Mb L: 199/333 MS: 4 CMP-ShuffleBytes-PersAutoDict-EraseBytes- DE: "stss"-"\000\000\000\251"-
#4468	REDUCE cov: 123 ft: 511 corp: 73/12736b lim: 333 exec/s: 0 rss: 29Mb L: 107/333 MS: 1 EraseBytes-
#4641	REDUCE cov: 123 ft: 511 corp: 73/12732b lim: 333 exec/s: 0 rss: 29Mb L: 34/333 MS: 3 CopyPart-ShuffleBytes-EraseBytes-
#4733	REDUCE cov: 123 ft: 511 corp: 73/12710b lim: 333 exec/s: 0 rss: 29Mb L: 95/333 MS: 2 InsertByte-EraseBytes-
#4799	REDUCE cov: 123 ft: 511 corp: 73/12686b lim: 333 exec/s: 0 rss: 29Mb L: 263/333 MS: 1 EraseBytes-
#4929	REDUCE cov: 123 ft: 511 corp: 73/12653b lim: 333 exec/s: 0 rss: 29Mb L: 178/333 MS: 5 InsertRepeatedBytes-CMP-EraseBytes-InsertRepeatedBytes-CMP- DE: "urn "-"\000\000\000\000\000\000\000\016"-
#4947	REDUCE cov: 123 ft: 511 corp: 73/12605b lim: 333 exec/s: 0 rss: 29Mb L: 198/333 MS: 3 ShuffleBytes-EraseBytes-CopyPart-
#4989	NEW    cov: 123 ft: 512 corp: 74/12906b lim: 333 exec/s: 0 rss: 29Mb L: 301/333 MS: 2 ShuffleBytes-CrossOver-
#5097	REDUCE cov: 123 ft: 512 corp: 74/12891b lim: 333 exec/s: 0 rss: 29Mb L: 183/333 MS: 3 EraseBytes-InsertByte-InsertByte-
#5122	REDUCE cov: 123 ft: 512 corp: 74/12886b lim: 333 exec/s: 0 rss: 29Mb L: 322/333 MS: 5 EraseBytes-ChangeBit-PersAutoDict-PersAutoDict-CopyPart- DE: "\377\377U\306\202K\365\340"-"`ppl"-
#5127	REDUCE cov: 123 ft: 512 corp: 74/12821b lim: 333 exec/s: 0 rss: 29Mb L: 94/333 MS: 5 CopyPart-PersAutoDict-CMP-EraseBytes-ChangeASCIIInt- DE: "ftyp"-"\377\377\377\005"-
#5218	REDUCE cov: 123 ft: 512 corp: 74/12810b lim: 333 exec/s: 0 rss: 29Mb L: 226/333 MS: 1 EraseBytes-
#5225	REDUCE cov: 123 ft: 512 corp: 74/12796b lim: 333 exec/s: 0 rss: 29Mb L: 167/333 MS: 2 ChangeBinInt-CrossOver-
#5241	REDUCE cov: 123 ft: 512 corp: 74/12714b lim: 333 exec/s: 0 rss: 29Mb L: 226/333 MS: 1 EraseBytes-
#5546	REDUCE cov: 123 ft: 512 corp: 74/12655b lim: 333 exec/s: 0 rss: 29Mb L: 204/333 MS: 5 ChangeBinInt-InsertRepeatedBytes-ShuffleBytes-ChangeBinInt-EraseBytes-
#5823	REDUCE cov: 123 ft: 512 corp: 74/12654b lim: 333 exec/s: 0 rss: 29Mb L: 101/333 MS: 2 InsertByte-EraseBytes-
#5824	NEW    cov: 123 ft: 513 corp: 75/12955b lim: 333 exec/s: 0 rss: 29Mb L: 301/333 MS: 1 ChangeASCIIInt-
#5859	NEW    cov: 123 ft: 514 corp: 76/13219b lim: 333 exec/s: 0 rss: 29Mb L: 264/333 MS: 5 PersAutoDict-ChangeBit-PersAutoDict-CMP-EraseBytes- DE: "urn "-"stsd"-"hvc1"-
#5910	REDUCE cov: 123 ft: 514 corp: 76/13157b lim: 333 exec/s: 0 rss: 29Mb L: 137/333 MS: 1 EraseBytes-
#6269	REDUCE cov: 123 ft: 514 corp: 76/13133b lim: 333 exec/s: 6269 rss: 29Mb L: 32/333 MS: 4 ChangeBit-EraseBytes-ChangeBinInt-EraseBytes-
#6561	REDUCE cov: 123 ft: 514 corp: 76/13129b lim: 333 exec/s: 6561 rss: 29Mb L: 28/333 MS: 2 InsertByte-EraseBytes-
#6676	REDUCE cov: 123 ft: 514 corp: 76/13112b lim: 333 exec/s: 6676 rss: 29Mb L: 77/333 MS: 5 EraseBytes-CMP-CrossOver-ChangeASCIIInt-EraseBytes- DE: "\000\000u\335\340\002\325\371"-
#6722	REDUCE cov: 123 ft: 514 corp: 76/13098b lim: 333 exec/s: 6722 rss: 29Mb L: 291/333 MS: 1 CrossOver-
#6859	REDUCE cov: 123 ft: 514 corp: 76/13083b lim: 333 exec/s: 6859 rss: 29Mb L: 77/333 MS: 2 InsertRepeatedBytes-EraseBytes-
#6877	REDUCE cov: 123 ft: 514 corp: 76/13003b lim: 333 exec/s: 6877 rss: 29Mb L: 247/333 MS: 3 ChangeByte-ChangeBinInt-EraseBytes-
#6976	REDUCE cov: 123 ft: 514 corp: 76/13000b lim: 333 exec/s: 6976 rss: 29Mb L: 98/333 MS: 4 EraseBytes-ChangeByte-PersAutoDict-CopyPart- DE: "stss"-
#7559	REDUCE cov: 123 ft: 514 corp: 76/12998b lim: 333 exec/s: 7559 rss: 29Mb L: 10/333 MS: 3 ChangeByte-InsertByte-EraseBytes-
#7965	REDUCE cov: 123 ft: 520 corp: 77/13227b lim: 333 exec/s: 7965 rss: 29Mb L: 229/333 MS: 1 ChangeByte-
#8008	REDUCE cov: 123 ft: 520 corp: 77/13195b lim: 333 exec/s: 8008 rss: 29Mb L: 125/333 MS: 3 PersAutoDict-InsertByte-EraseBytes- DE: "\001 "-
#8094	REDUCE cov: 123 ft: 520 corp: 77/13180b lim: 333 exec/s: 8094 rss: 29Mb L: 110/333 MS: 1 EraseBytes-
#8124	REDUCE cov: 123 ft: 520 corp: 77/13177b lim: 333 exec/s: 8124 rss: 29Mb L: 68/333 MS: 5 CrossOver-CopyPart-EraseBytes-InsertByte-CMP- DE: "\377\007"-
#8372	REDUCE cov: 123 ft: 520 corp: 77/13154b lim: 333 exec/s: 8372 rss: 29Mb L: 181/333 MS: 3 ChangeBinInt-ChangeByte-CrossOver-
#8448	REDUCE cov: 123 ft: 520 corp: 77/13141b lim: 333 exec/s: 8448 rss: 29Mb L: 165/333 MS: 1 EraseBytes-
#8612	NEW    cov: 124 ft: 521 corp: 78/13468b lim: 333 exec/s: 8612 rss: 29Mb L: 327/333 MS: 4 PersAutoDict-ChangeBinInt-CopyPart-ShuffleBytes- DE: "stsd"-
#8848	REDUCE cov: 124 ft: 521 corp: 78/13455b lim: 333 exec/s: 8848 rss: 29Mb L: 26/333 MS: 1 EraseBytes-
#9044	REDUCE cov: 124 ft: 521 corp: 78/13453b lim: 333 exec/s: 9044 rss: 29Mb L: 8/333 MS: 1 EraseBytes-
#9340	REDUCE cov: 124 ft: 521 corp: 78/13451b lim: 333 exec/s: 9340 rss: 30Mb L: 93/333 MS: 1 EraseBytes-
#9449	REDUCE cov: 124 ft: 521 corp: 78/13450b lim: 333 exec/s: 9449 rss: 30Mb L: 9/333 MS: 4 EraseBytes-PersAutoDict-ChangeBinInt-InsertByte- DE: "hvcC"-
#9569	REDUCE cov: 124 ft: 522 corp: 79/13783b lim: 333 exec/s: 9569 rss: 30Mb L: 333/333 MS: 5 ChangeByte-ChangeBit-ShuffleBytes-InsertRepeatedBytes-ChangeBit-
#9575	REDUCE cov: 124 ft: 522 corp: 79/13697b lim: 333 exec/s: 9575 rss: 30Mb L: 95/333 MS: 1 EraseBytes-
#9761	REDUCE cov: 124 ft: 522 corp: 79/13683b lim: 333 exec/s: 9761 rss: 30Mb L: 255/333 MS: 1 EraseBytes-
#10040	REDUCE cov: 124 ft: 522 corp: 79/13659b lim: 333 exec/s: 10040 rss: 30Mb L: 83/333 MS: 4 CMP-ChangeASCIIInt-InsertRepeatedBytes-EraseBytes- DE: "hvc1"-
#10085	REDUCE cov: 124 ft: 522 corp: 79/13653b lim: 333 exec/s: 10085 rss: 30Mb L: 316/333 MS: 5 CMP-ChangeBinInt-ChangeByte-ChangeBinInt-EraseBytes- DE: "\347i\223q\306V\000\000"-
#10100	REDUCE cov: 124 ft: 522 corp: 79/13647b lim: 333 exec/s: 10100 rss: 30Mb L: 305/333 MS: 5 EraseBytes-InsertByte-EraseBytes-CMP-InsertRepeatedBytes- DE: "\007\001\000\000\000\000\000\000"-
#10163	REDUCE cov: 124 ft: 522 corp: 79/13596b lim: 333 exec/s: 10163 rss: 30Mb L: 223/333 MS: 3 InsertByte-PersAutoDict-EraseBytes- DE: "\000\000\000\000\000\000\000\016"-
#10190	REDUCE cov: 124 ft: 522 corp: 79/13533b lim: 333 exec/s: 10190 rss: 30Mb L: 244/333 MS: 2 InsertByte-EraseBytes-
#10281	REDUCE cov: 124 ft: 522 corp: 79/13488b lim: 333 exec/s: 10281 rss: 30Mb L: 240/333 MS: 1 EraseBytes-
#11033	REDUCE cov: 124 ft: 522 corp: 79/13441b lim: 333 exec/s: 11033 rss: 30Mb L: 63/333 MS: 2 ChangeBinInt-EraseBytes-
#11139	REDUCE cov: 124 ft: 522 corp: 79/13314b lim: 333 exec/s: 11139 rss: 30Mb L: 191/333 MS: 1 EraseBytes-
#11220	REDUCE cov: 124 ft: 522 corp: 79/13313b lim: 333 exec/s: 11220 rss: 30Mb L: 17/333 MS: 1 EraseBytes-
#11290	REDUCE cov: 124 ft: 522 corp: 79/13309b lim: 333 exec/s: 11290 rss: 30Mb L: 59/333 MS: 5 ChangeBit-ShuffleBytes-CrossOver-ShuffleBytes-EraseBytes-
#11368	REDUCE cov: 124 ft: 522 corp: 79/13308b lim: 333 exec/s: 11368 rss: 30Mb L: 33/333 MS: 3 ChangeBinInt-ChangeBit-EraseBytes-
#11846	REDUCE cov: 124 ft: 522 corp: 79/13287b lim: 333 exec/s: 11846 rss: 30Mb L: 146/333 MS: 3 ChangeByte-CrossOver-EraseBytes-
#11909	REDUCE cov: 124 ft: 522 corp: 79/13280b lim: 333 exec/s: 11909 rss: 30Mb L: 38/333 MS: 3 ChangeBinInt-ShuffleBytes-EraseBytes-
#11961	NEW    cov: 124 ft: 527 corp: 80/13596b lim: 333 exec/s: 11961 rss: 30Mb L: 316/333 MS: 2 InsertRepeatedBytes-CopyPart-
#12123	REDUCE cov: 124 ft: 527 corp: 80/13584b lim: 333 exec/s: 12123 rss: 30Mb L: 26/333 MS: 2 PersAutoDict-EraseBytes- DE: "stss"-
#12164	REDUCE cov: 124 ft: 527 corp: 80/13539b lim: 333 exec/s: 12164 rss: 30Mb L: 50/333 MS: 1 EraseBytes-
#12364	REDUCE cov: 124 ft: 527 corp: 80/13413b lim: 333 exec/s: 12364 rss: 30Mb L: 165/333 MS: 5 ShuffleBytes-ShuffleBytes-ChangeASCIIInt-EraseBytes-EraseBytes-
#12365	REDUCE cov: 124 ft: 527 corp: 80/13338b lim: 333 exec/s: 12365 rss: 30Mb L: 185/333 MS: 1 EraseBytes-
#13072	REDUCE cov: 124 ft: 527 corp: 80/13296b lim: 333 exec/s: 6536 rss: 30Mb L: 210/333 MS: 2 EraseBytes-CMP- DE: "\001\000\000\000"-
#13109	REDUCE cov: 124 ft: 539 corp: 81/13628b lim: 333 exec/s: 6554 rss: 30Mb L: 332/333 MS: 2 CrossOver-CMP- DE: "pixi"-
#13173	REDUCE cov: 124 ft: 539 corp: 81/13592b lim: 333 exec/s: 6586 rss: 30Mb L: 59/333 MS: 4 InsertByte-ChangeASCIIInt-InsertByte-EraseBytes-
#13300	REDUCE cov: 124 ft: 539 corp: 81/13587b lim: 333 exec/s: 6650 rss: 30Mb L: 54/333 MS: 2 CrossOver-EraseBytes-
#13492	REDUCE cov: 124 ft: 539 corp: 81/13586b lim: 333 exec/s: 6746 rss: 30Mb L: 38/333 MS: 2 ShuffleBytes-EraseBytes-
#13533	REDUCE cov: 124 ft: 539 corp: 81/13585b lim: 333 exec/s: 6766 rss: 30Mb L: 42/333 MS: 1 EraseBytes-
#13586	REDUCE cov: 124 ft: 539 corp: 81/13470b lim: 333 exec/s: 6793 rss: 30Mb L: 217/333 MS: 3 ShuffleBytes-InsertByte-EraseBytes-
#13709	REDUCE cov: 124 ft: 539 corp: 81/13427b lim: 333 exec/s: 6854 rss: 30Mb L: 262/333 MS: 3 ChangeBinInt-ChangeBinInt-EraseBytes-
#13765	REDUCE cov: 124 ft: 539 corp: 81/13426b lim: 333 exec/s: 6882 rss: 30Mb L: 105/333 MS: 1 EraseBytes-
==852899== ERROR: libFuzzer: out-of-memory (used: 1363Mb; limit: 1024Mb)
   To change the out-of-memory limit use -rss_limit_mb=<N>

MS: 5 ChangeByte-ChangeBit-ChangeBit-CopyPart-CopyPart-; base unit: 1fd73813d0b080d63a8114bf79bf931ab9b7e56c
0x0,0x0,0x0,0x1c,0x66,0x74,0x79,0x70,0x4d,0x34,0x56,0x20,0x0,0x0,0x0,0x0,0x4d,0x34,0x56,0x20,0x6d,0x70,0x34,0x31,0x69,0x73,0x6f,0x6d,0x0,0x0,0x0,0xe0,0x6d,0x6f,0x6f,0x76,0x0,0x0,0x0,0x78,0x6d,0x76,0x68,0x64,0x0,0x0,0x0,0x0,0x0,0x0,0x0,0x0,0x0,0x0,0x0,0x0,0x0,0x0,0x3,0xe8,0x0,0x0,0xe,0x0,0x0,0x0,0xe0,0x6d,0x6f,0x6f,0x76,0x0,0x0,0x0,0x78,0x6d,0x76,0x68,0x64,0x0,0x0,0x0,0x0,0x0,0x0,0x0,0x0,0x0,0x0,0x0,0x0,0x0,0x0,0x3,0xe8,0x0,0x0,0xe,0x0,0x4,0x0,0x0,0x0,0x0,0x0,0x0,0x0,0x0,0x0,0x0,0x1,0x0,0x0,0x0,0x0,0x0,0x0,0x0,0x1,0x0,0x0,0x0,0x0,0x78,0x6d,0x76,0x68,0x64,0x0,0x0,0x0,0x0,0x0,0x0,0x0,0x0,0x0,0x0,0x0,0x0,0x0,0x0,0x3,0xe8,0x0,0x0,0xe,0x0,0x4,0x0,0x0,0x0,0x0,0x0,0x0,0x0,0x0,0x0,0x0,0x1,0x0,0x0,0x0,0x0,0x0,0x0,0x0,0x1,0x0,0x0,0x0,0x0,0x54,0x65,0x73,0x74,0x20,0x56,0x69,0x64,0x65,0x26,0x6f,
\000\000\000\034ftypM4V \000\000\000\000M4V mp41isom\000\000\000\340moov\000\000\000xmvhd\000\000\000\000\000\000\000\000\000\000\000\000\000\000\003\350\000\000\016\000\000\000\340moov\000\000\000xmvhd\000\000\000\000\000\000\000\000\000\000\000\000\000\000\003\350\000\000\016\000\004\000\000\000\000\000\000\000\000\000\000\001\000\000\000\000\000\000\000\001\000\000\000\000xmvhd\000\000\000\000\000\000\000\000\000\000\000\000\000\000\003\350\000\000\016\000\004\000\000\000\000\000\000\000\000\000\000\001\000\000\000\000\000\000\000\001\000\000\000\000Test Vide&o
artifact_prefix='/results/crashes/20260313_185424_839c52a8_'; Test unit written to /results/crashes/20260313_185424_839c52a8_oom-06f7b87ae41745e605ccf1c9bc3d911d6e11b566
Base64: AAAAHGZ0eXBNNFYgAAAAAE00ViBtcDQxaXNvbQAAAOBtb292AAAAeG12aGQAAAAAAAAAAAAAAAAAAAPoAAAOAAAA4G1vb3YAAAB4bXZoZAAAAAAAAAAAAAAAAAAAA+gAAA4ABAAAAAAAAAAAAAABAAAAAAAAAAEAAAAAeG12aGQAAAAAAAAAAAAAAAAAAAPoAAAOAAQAAAAAAAAAAAAAAQAAAAAAAAABAAAAAFRlc3QgVmlkZSZv
SUMMARY: libFuzzer: out-of-memory
stat::number_of_executed_units: 13770
stat::average_exec_per_sec:     4590
stat::new_units_added:          171
stat::slowest_unit_time_sec:    0
stat::peak_rss_mb:              1364
