INFO: Running with entropic power schedule (0xFF, 100).
INFO: Seed: 1991147369
INFO: Loaded 1 modules   (252 inline 8-bit counters): 252 [0x64e3e751a678, 0x64e3e751a774), 
INFO: Loaded 1 PC tables (252 PCs): 252 [0x64e3e751a778,0x64e3e751b738), 
INFO:        4 files found in /tmp/corpus_20260313_193349_736e0730
INFO: seed corpus: files: 4 min: 48b max: 333b total: 853b rss: 28Mb
#5	INITED cov: 120 ft: 256 corp: 4/853b exec/s: 0 rss: 29Mb
#7	NEW    cov: 120 ft: 258 corp: 5/1011b lim: 333 exec/s: 0 rss: 29Mb L: 158/333 MS: 2 InsertByte-EraseBytes-
#8	NEW    cov: 120 ft: 284 corp: 6/1061b lim: 333 exec/s: 0 rss: 29Mb L: 50/333 MS: 1 CMP- DE: "\001\011"-
#9	NEW    cov: 120 ft: 285 corp: 7/1113b lim: 333 exec/s: 0 rss: 29Mb L: 52/333 MS: 1 PersAutoDict- DE: "\001\011"-
#12	NEW    cov: 122 ft: 288 corp: 8/1446b lim: 333 exec/s: 0 rss: 29Mb L: 333/333 MS: 3 ChangeByte-ShuffleBytes-CopyPart-
#13	NEW    cov: 122 ft: 310 corp: 9/1526b lim: 333 exec/s: 0 rss: 29Mb L: 80/333 MS: 1 CrossOver-
#16	NEW    cov: 122 ft: 312 corp: 10/1747b lim: 333 exec/s: 0 rss: 29Mb L: 221/333 MS: 3 ChangeByte-ShuffleBytes-InsertByte-
#17	NEW    cov: 122 ft: 322 corp: 11/1799b lim: 333 exec/s: 0 rss: 29Mb L: 52/333 MS: 1 ChangeBit-
#18	NEW    cov: 122 ft: 324 corp: 12/2004b lim: 333 exec/s: 0 rss: 29Mb L: 205/333 MS: 1 CrossOver-
#21	NEW    cov: 122 ft: 328 corp: 13/2225b lim: 333 exec/s: 0 rss: 29Mb L: 221/333 MS: 3 ChangeBinInt-InsertByte-EraseBytes-
#28	NEW    cov: 122 ft: 331 corp: 14/2473b lim: 333 exec/s: 0 rss: 29Mb L: 248/333 MS: 2 CopyPart-CrossOver-
#31	NEW    cov: 122 ft: 332 corp: 15/2662b lim: 333 exec/s: 0 rss: 29Mb L: 189/333 MS: 3 PersAutoDict-PersAutoDict-InsertRepeatedBytes- DE: "\001\011"-"\001\011"-
#36	NEW    cov: 122 ft: 333 corp: 16/2831b lim: 333 exec/s: 0 rss: 29Mb L: 169/333 MS: 5 ChangeASCIIInt-PersAutoDict-ChangeASCIIInt-ChangeBinInt-EraseBytes- DE: "\001\011"-
#40	NEW    cov: 122 ft: 335 corp: 17/2933b lim: 333 exec/s: 0 rss: 29Mb L: 102/333 MS: 4 ShuffleBytes-ChangeBinInt-CrossOver-CrossOver-
#41	NEW    cov: 122 ft: 336 corp: 18/2968b lim: 333 exec/s: 0 rss: 29Mb L: 35/333 MS: 1 EraseBytes-
#46	NEW    cov: 122 ft: 342 corp: 19/3076b lim: 333 exec/s: 0 rss: 29Mb L: 108/333 MS: 5 EraseBytes-PersAutoDict-PersAutoDict-ChangeByte-EraseBytes- DE: "\001\011"-"\001\011"-
#49	NEW    cov: 122 ft: 343 corp: 20/3283b lim: 333 exec/s: 0 rss: 29Mb L: 207/333 MS: 3 ChangeBit-CrossOver-EraseBytes-
#51	NEW    cov: 122 ft: 344 corp: 21/3589b lim: 333 exec/s: 0 rss: 29Mb L: 306/333 MS: 2 EraseBytes-CopyPart-
#52	NEW    cov: 122 ft: 345 corp: 22/3669b lim: 333 exec/s: 0 rss: 29Mb L: 80/333 MS: 1 ChangeBinInt-
#62	NEW    cov: 122 ft: 346 corp: 23/3755b lim: 333 exec/s: 0 rss: 29Mb L: 86/333 MS: 5 ChangeByte-ChangeByte-EraseBytes-ChangeASCIIInt-CopyPart-
#69	NEW    cov: 122 ft: 384 corp: 24/3786b lim: 333 exec/s: 0 rss: 29Mb L: 31/333 MS: 2 EraseBytes-EraseBytes-
#70	NEW    cov: 122 ft: 385 corp: 25/3892b lim: 333 exec/s: 0 rss: 29Mb L: 106/333 MS: 1 InsertRepeatedBytes-
#72	NEW    cov: 122 ft: 386 corp: 26/3998b lim: 333 exec/s: 0 rss: 29Mb L: 106/333 MS: 2 ShuffleBytes-ShuffleBytes-
#73	NEW    cov: 123 ft: 394 corp: 27/4078b lim: 333 exec/s: 0 rss: 29Mb L: 80/333 MS: 1 CrossOver-
#74	NEW    cov: 123 ft: 396 corp: 28/4130b lim: 333 exec/s: 0 rss: 29Mb L: 52/333 MS: 1 EraseBytes-
#75	NEW    cov: 123 ft: 404 corp: 29/4319b lim: 333 exec/s: 0 rss: 29Mb L: 189/333 MS: 1 ChangeByte-
#78	NEW    cov: 124 ft: 420 corp: 30/4638b lim: 333 exec/s: 0 rss: 29Mb L: 319/333 MS: 3 ChangeByte-PersAutoDict-InsertRepeatedBytes- DE: "\001\011"-
#87	REDUCE cov: 124 ft: 420 corp: 30/4631b lim: 333 exec/s: 0 rss: 29Mb L: 245/333 MS: 4 ChangeBinInt-ShuffleBytes-ChangeBinInt-EraseBytes-
#100	REDUCE cov: 124 ft: 420 corp: 30/4630b lim: 333 exec/s: 0 rss: 29Mb L: 105/333 MS: 3 ChangeBinInt-ChangeByte-EraseBytes-
#116	NEW    cov: 124 ft: 429 corp: 31/4890b lim: 333 exec/s: 0 rss: 29Mb L: 260/333 MS: 1 InsertRepeatedBytes-
#142	NEW    cov: 124 ft: 436 corp: 32/5182b lim: 333 exec/s: 0 rss: 29Mb L: 292/333 MS: 1 CopyPart-
#147	NEW    cov: 124 ft: 437 corp: 33/5426b lim: 333 exec/s: 0 rss: 29Mb L: 244/333 MS: 5 ChangeByte-CMP-ChangeByte-ShuffleBytes-CrossOver- DE: "\001\000\000\000\000\000\000\017"-
#177	NEW    cov: 124 ft: 438 corp: 34/5516b lim: 333 exec/s: 0 rss: 29Mb L: 90/333 MS: 5 ShuffleBytes-PersAutoDict-CrossOver-ChangeASCIIInt-InsertRepeatedBytes- DE: "\001\011"-
#192	NEW    cov: 124 ft: 439 corp: 35/5675b lim: 333 exec/s: 0 rss: 29Mb L: 159/333 MS: 5 CMP-CopyPart-InsertByte-ShuffleBytes-ChangeBinInt- DE: "moov"-
#207	NEW    cov: 124 ft: 440 corp: 36/6003b lim: 333 exec/s: 0 rss: 29Mb L: 328/333 MS: 5 InsertRepeatedBytes-ShuffleBytes-ChangeByte-CopyPart-InsertRepeatedBytes-
#233	REDUCE cov: 124 ft: 440 corp: 36/5996b lim: 333 exec/s: 0 rss: 29Mb L: 152/333 MS: 1 EraseBytes-
#242	NEW    cov: 124 ft: 441 corp: 37/6329b lim: 333 exec/s: 0 rss: 29Mb L: 333/333 MS: 4 ShuffleBytes-ChangeBit-ShuffleBytes-ChangeBit-
#245	NEW    cov: 124 ft: 443 corp: 38/6597b lim: 333 exec/s: 0 rss: 29Mb L: 268/333 MS: 3 PersAutoDict-CopyPart-PersAutoDict- DE: "moov"-"\001\000\000\000\000\000\000\017"-
#249	REDUCE cov: 124 ft: 443 corp: 38/6589b lim: 333 exec/s: 0 rss: 29Mb L: 44/333 MS: 4 ChangeBinInt-PersAutoDict-ChangeByte-EraseBytes- DE: "\001\000\000\000\000\000\000\017"-
#257	NEW    cov: 124 ft: 461 corp: 39/6599b lim: 333 exec/s: 0 rss: 29Mb L: 10/333 MS: 3 PersAutoDict-ChangeBit-CrossOver- DE: "moov"-
#280	REDUCE cov: 124 ft: 462 corp: 40/6703b lim: 333 exec/s: 0 rss: 29Mb L: 104/333 MS: 3 ShuffleBytes-ChangeBinInt-EraseBytes-
#360	REDUCE cov: 124 ft: 462 corp: 40/6651b lim: 333 exec/s: 0 rss: 29Mb L: 254/333 MS: 5 CrossOver-PersAutoDict-InsertRepeatedBytes-ChangeBit-EraseBytes- DE: "\001\000\000\000\000\000\000\017"-
#368	NEW    cov: 124 ft: 463 corp: 41/6928b lim: 333 exec/s: 0 rss: 29Mb L: 277/333 MS: 3 InsertByte-ChangeASCIIInt-CrossOver-
#411	REDUCE cov: 124 ft: 463 corp: 41/6881b lim: 333 exec/s: 0 rss: 29Mb L: 122/333 MS: 3 InsertRepeatedBytes-InsertByte-CrossOver-
#417	NEW    cov: 124 ft: 465 corp: 42/6907b lim: 333 exec/s: 0 rss: 29Mb L: 26/333 MS: 1 EraseBytes-
#448	NEW    cov: 124 ft: 466 corp: 43/7171b lim: 333 exec/s: 0 rss: 29Mb L: 264/333 MS: 1 PersAutoDict- DE: "moov"-
#503	REDUCE cov: 124 ft: 466 corp: 43/7166b lim: 333 exec/s: 0 rss: 29Mb L: 272/333 MS: 5 CMP-InsertRepeatedBytes-PersAutoDict-CrossOver-CMP- DE: "\001\007"-"moov"-"\023\000\000\000"-
#515	REDUCE cov: 124 ft: 467 corp: 44/7424b lim: 333 exec/s: 0 rss: 29Mb L: 258/333 MS: 2 ShuffleBytes-PersAutoDict- DE: "\023\000\000\000"-
#532	NEW    cov: 124 ft: 468 corp: 45/7756b lim: 333 exec/s: 0 rss: 29Mb L: 332/333 MS: 2 ChangeBinInt-CopyPart-
#561	REDUCE cov: 124 ft: 468 corp: 45/7687b lim: 333 exec/s: 0 rss: 29Mb L: 120/333 MS: 4 ChangeBit-ChangeByte-ChangeBinInt-EraseBytes-
#566	REDUCE cov: 124 ft: 468 corp: 45/7654b lim: 333 exec/s: 0 rss: 29Mb L: 221/333 MS: 5 PersAutoDict-CrossOver-EraseBytes-ChangeByte-PersAutoDict- DE: "\023\000\000\000"-"\023\000\000\000"-
#577	REDUCE cov: 124 ft: 468 corp: 45/7639b lim: 333 exec/s: 0 rss: 29Mb L: 174/333 MS: 1 EraseBytes-
#592	REDUCE cov: 124 ft: 468 corp: 45/7615b lim: 333 exec/s: 0 rss: 29Mb L: 304/333 MS: 5 ShuffleBytes-PersAutoDict-CopyPart-ChangeBinInt-EraseBytes- DE: "\001\011"-
#672	NEW    cov: 124 ft: 471 corp: 46/7912b lim: 333 exec/s: 0 rss: 29Mb L: 297/333 MS: 5 ShuffleBytes-ChangeByte-ChangeByte-InsertRepeatedBytes-ChangeBinInt-
#708	NEW    cov: 124 ft: 472 corp: 47/7920b lim: 333 exec/s: 0 rss: 29Mb L: 8/333 MS: 1 CrossOver-
#718	NEW    cov: 124 ft: 473 corp: 48/8064b lim: 333 exec/s: 0 rss: 29Mb L: 144/333 MS: 5 ChangeByte-ShuffleBytes-CopyPart-PersAutoDict-CrossOver- DE: "\023\000\000\000"-
#754	REDUCE cov: 124 ft: 473 corp: 48/8062b lim: 333 exec/s: 0 rss: 29Mb L: 256/333 MS: 1 EraseBytes-
#943	NEW    cov: 124 ft: 474 corp: 49/8072b lim: 333 exec/s: 0 rss: 29Mb L: 10/333 MS: 4 CopyPart-ChangeBit-ChangeBit-PersAutoDict- DE: "\001\007"-
#1026	REDUCE cov: 124 ft: 474 corp: 49/8071b lim: 333 exec/s: 0 rss: 29Mb L: 30/333 MS: 3 CMP-EraseBytes-CopyPart- DE: "\036\000\000\000"-
#1047	REDUCE cov: 124 ft: 474 corp: 49/7981b lim: 333 exec/s: 0 rss: 29Mb L: 131/333 MS: 1 EraseBytes-
#1058	REDUCE cov: 124 ft: 474 corp: 49/7979b lim: 333 exec/s: 0 rss: 29Mb L: 33/333 MS: 1 EraseBytes-
#1170	NEW    cov: 125 ft: 475 corp: 50/7985b lim: 333 exec/s: 0 rss: 29Mb L: 6/333 MS: 2 CopyPart-EraseBytes-
#1171	REDUCE cov: 125 ft: 475 corp: 50/7949b lim: 333 exec/s: 0 rss: 29Mb L: 261/333 MS: 1 EraseBytes-
#1172	REDUCE cov: 125 ft: 475 corp: 50/7932b lim: 333 exec/s: 0 rss: 29Mb L: 228/333 MS: 1 EraseBytes-
#1174	REDUCE cov: 125 ft: 475 corp: 50/7924b lim: 333 exec/s: 0 rss: 29Mb L: 197/333 MS: 2 PersAutoDict-EraseBytes- DE: "\036\000\000\000"-
#1191	REDUCE cov: 125 ft: 476 corp: 51/8211b lim: 333 exec/s: 0 rss: 29Mb L: 287/333 MS: 2 InsertRepeatedBytes-CMP- DE: "mere"-
#1266	REDUCE cov: 125 ft: 481 corp: 52/8419b lim: 333 exec/s: 0 rss: 29Mb L: 208/333 MS: 5 CrossOver-PersAutoDict-CMP-ShuffleBytes-EraseBytes- DE: "\023\000\000\000"-"avc1"-
#1313	REDUCE cov: 125 ft: 481 corp: 52/8400b lim: 333 exec/s: 0 rss: 29Mb L: 86/333 MS: 2 ChangeByte-EraseBytes-
#1332	REDUCE cov: 125 ft: 481 corp: 52/8368b lim: 333 exec/s: 0 rss: 29Mb L: 142/333 MS: 4 CopyPart-ShuffleBytes-ChangeBit-CrossOver-
#1334	NEW    cov: 125 ft: 489 corp: 53/8391b lim: 333 exec/s: 0 rss: 29Mb L: 23/333 MS: 2 CopyPart-InsertRepeatedBytes-
#1376	REDUCE cov: 125 ft: 489 corp: 53/8358b lim: 333 exec/s: 0 rss: 29Mb L: 211/333 MS: 2 ChangeBit-EraseBytes-
#1398	REDUCE cov: 125 ft: 489 corp: 53/8336b lim: 333 exec/s: 0 rss: 29Mb L: 98/333 MS: 2 PersAutoDict-EraseBytes- DE: "moov"-
#1444	NEW    cov: 125 ft: 492 corp: 54/8636b lim: 333 exec/s: 0 rss: 29Mb L: 300/333 MS: 1 CopyPart-
#1563	REDUCE cov: 125 ft: 492 corp: 54/8614b lim: 333 exec/s: 0 rss: 29Mb L: 76/333 MS: 4 PersAutoDict-CopyPart-ChangeASCIIInt-EraseBytes- DE: "\036\000\000\000"-
#1589	REDUCE cov: 125 ft: 492 corp: 54/8613b lim: 333 exec/s: 0 rss: 29Mb L: 25/333 MS: 1 EraseBytes-
#1808	REDUCE cov: 125 ft: 492 corp: 54/8597b lim: 333 exec/s: 0 rss: 29Mb L: 36/333 MS: 4 ChangeBit-EraseBytes-CopyPart-CopyPart-
#1834	REDUCE cov: 125 ft: 492 corp: 54/8577b lim: 333 exec/s: 0 rss: 29Mb L: 313/333 MS: 1 EraseBytes-
#1917	REDUCE cov: 125 ft: 492 corp: 54/8575b lim: 333 exec/s: 0 rss: 29Mb L: 8/333 MS: 3 EraseBytes-InsertByte-InsertByte-
#1928	REDUCE cov: 126 ft: 494 corp: 55/8903b lim: 333 exec/s: 0 rss: 29Mb L: 328/333 MS: 1 CopyPart-
#2100	REDUCE cov: 126 ft: 494 corp: 55/8892b lim: 333 exec/s: 0 rss: 29Mb L: 93/333 MS: 2 ChangeByte-EraseBytes-
#2158	REDUCE cov: 126 ft: 494 corp: 55/8889b lim: 333 exec/s: 0 rss: 29Mb L: 83/333 MS: 3 InsertByte-EraseBytes-CopyPart-
#2172	NEW    cov: 126 ft: 495 corp: 56/9154b lim: 333 exec/s: 0 rss: 29Mb L: 265/333 MS: 4 ChangeASCIIInt-ChangeASCIIInt-PersAutoDict-InsertByte- DE: "moov"-
#2193	REDUCE cov: 126 ft: 495 corp: 56/9151b lim: 333 exec/s: 0 rss: 29Mb L: 20/333 MS: 1 EraseBytes-
#2270	NEW    cov: 126 ft: 496 corp: 57/9451b lim: 333 exec/s: 0 rss: 29Mb L: 300/333 MS: 2 CMP-ShuffleBytes- DE: "\000\000\000 "-
#2311	REDUCE cov: 126 ft: 496 corp: 57/9449b lim: 333 exec/s: 0 rss: 29Mb L: 84/333 MS: 1 EraseBytes-
#2440	REDUCE cov: 126 ft: 496 corp: 57/9444b lim: 333 exec/s: 0 rss: 29Mb L: 25/333 MS: 4 InsertByte-CrossOver-ChangeASCIIInt-EraseBytes-
#2544	REDUCE cov: 126 ft: 496 corp: 57/9422b lim: 333 exec/s: 0 rss: 29Mb L: 109/333 MS: 4 ChangeByte-EraseBytes-InsertByte-CopyPart-
#2848	REDUCE cov: 126 ft: 496 corp: 57/9405b lim: 333 exec/s: 0 rss: 29Mb L: 204/333 MS: 4 ChangeBinInt-ShuffleBytes-EraseBytes-InsertRepeatedBytes-
#3124	REDUCE cov: 126 ft: 496 corp: 57/9394b lim: 333 exec/s: 0 rss: 29Mb L: 25/333 MS: 1 EraseBytes-
#3325	NEW    cov: 126 ft: 503 corp: 58/9469b lim: 333 exec/s: 0 rss: 29Mb L: 75/333 MS: 1 EraseBytes-
#3442	NEW    cov: 126 ft: 515 corp: 59/9802b lim: 333 exec/s: 0 rss: 29Mb L: 333/333 MS: 2 CrossOver-CrossOver-
#3499	REDUCE cov: 126 ft: 515 corp: 59/9799b lim: 333 exec/s: 0 rss: 29Mb L: 3/333 MS: 2 CrossOver-EraseBytes-
#3527	REDUCE cov: 126 ft: 517 corp: 60/9824b lim: 333 exec/s: 0 rss: 29Mb L: 25/333 MS: 3 ChangeByte-ChangeBinInt-CMP- DE: "mdat"-
#3534	REDUCE cov: 126 ft: 517 corp: 60/9823b lim: 333 exec/s: 0 rss: 29Mb L: 121/333 MS: 2 ChangeBinInt-EraseBytes-
#3576	REDUCE cov: 126 ft: 517 corp: 60/9822b lim: 333 exec/s: 0 rss: 29Mb L: 2/333 MS: 2 ChangeBit-EraseBytes-
#3620	REDUCE cov: 126 ft: 517 corp: 60/9821b lim: 333 exec/s: 0 rss: 29Mb L: 1/333 MS: 4 ChangeByte-ChangeByte-ShuffleBytes-EraseBytes-
#3634	REDUCE cov: 126 ft: 517 corp: 60/9820b lim: 333 exec/s: 0 rss: 29Mb L: 210/333 MS: 4 ChangeASCIIInt-ChangeBit-ShuffleBytes-EraseBytes-
#3939	REDUCE cov: 126 ft: 517 corp: 60/9819b lim: 333 exec/s: 0 rss: 29Mb L: 82/333 MS: 5 CMP-InsertRepeatedBytes-CrossOver-ChangeASCIIInt-EraseBytes- DE: "\000\000z\2348\004\276\235"-
#3988	REDUCE cov: 126 ft: 517 corp: 60/9816b lim: 333 exec/s: 0 rss: 29Mb L: 17/333 MS: 4 CMP-InsertByte-CMP-EraseBytes- DE: "\001\000\000l"-"\014\000"-
==959335== ERROR: libFuzzer: out-of-memory (used: 2091Mb; limit: 1024Mb)
   To change the out-of-memory limit use -rss_limit_mb=<N>

MS: 4 PersAutoDict-PersAutoDict-InsertByte-CMP- DE: "\001\011"-"avc1"-"hvc1"-; base unit: 2ccd58a0f6d9fc9da4732027fc8d24fd46dce4a3
artifact_prefix='/results/crashes/20260313_193349_736e0730_'; Test unit written to /results/crashes/20260313_193349_736e0730_oom-1469d2eb24539dc8c6a4f18cdda4e13b69ada8fc
SUMMARY: libFuzzer: out-of-memory
stat::number_of_executed_units: 4047
stat::average_exec_per_sec:     2023
stat::new_units_added:          98
stat::slowest_unit_time_sec:    0
stat::peak_rss_mb:              2091
