INFO: Running with entropic power schedule (0xFF, 100).
INFO: Seed: 3176478837
INFO: Loaded 1 modules   (252 inline 8-bit counters): 252 [0x5fb33af4f678, 0x5fb33af4f774), 
INFO: Loaded 1 PC tables (252 PCs): 252 [0x5fb33af4f778,0x5fb33af50738), 
INFO:        4 files found in /tmp/corpus_20260313_140525_61360d76
INFO: seed corpus: files: 4 min: 48b max: 333b total: 853b rss: 28Mb
#5	INITED cov: 118 ft: 253 corp: 4/853b exec/s: 0 rss: 29Mb
#11	NEW    cov: 118 ft: 269 corp: 5/992b lim: 333 exec/s: 0 rss: 29Mb L: 139/333 MS: 1 EraseBytes-
#12	NEW    cov: 119 ft: 271 corp: 6/1242b lim: 333 exec/s: 0 rss: 29Mb L: 250/333 MS: 1 EraseBytes-
#13	NEW    cov: 119 ft: 285 corp: 7/1417b lim: 333 exec/s: 0 rss: 29Mb L: 175/333 MS: 1 EraseBytes-
#16	NEW    cov: 120 ft: 287 corp: 8/1746b lim: 333 exec/s: 0 rss: 29Mb L: 329/333 MS: 3 ChangeBinInt-EraseBytes-CMP- DE: "\000\000\000\004"-
#25	NEW    cov: 120 ft: 292 corp: 9/1997b lim: 333 exec/s: 0 rss: 29Mb L: 251/333 MS: 4 ChangeBinInt-ChangeBit-ChangeBinInt-InsertByte-
#27	NEW    cov: 120 ft: 298 corp: 10/2140b lim: 333 exec/s: 0 rss: 29Mb L: 143/333 MS: 2 ChangeBit-PersAutoDict- DE: "\000\000\000\004"-
#28	NEW    cov: 120 ft: 299 corp: 11/2467b lim: 333 exec/s: 0 rss: 29Mb L: 327/333 MS: 1 InsertRepeatedBytes-
#34	NEW    cov: 120 ft: 300 corp: 12/2709b lim: 333 exec/s: 0 rss: 29Mb L: 242/333 MS: 1 CrossOver-
#35	NEW    cov: 120 ft: 303 corp: 13/2757b lim: 333 exec/s: 0 rss: 29Mb L: 48/333 MS: 1 PersAutoDict- DE: "\000\000\000\004"-
#38	NEW    cov: 120 ft: 304 corp: 14/3075b lim: 333 exec/s: 0 rss: 29Mb L: 318/333 MS: 3 ShuffleBytes-ChangeBit-InsertRepeatedBytes-
#40	NEW    cov: 120 ft: 310 corp: 15/3131b lim: 333 exec/s: 0 rss: 29Mb L: 56/333 MS: 2 ChangeBit-CMP- DE: ")\000\000\000\000\000\000\000"-
#46	NEW    cov: 120 ft: 311 corp: 16/3401b lim: 333 exec/s: 0 rss: 29Mb L: 270/333 MS: 1 InsertRepeatedBytes-
#47	NEW    cov: 120 ft: 320 corp: 17/3621b lim: 333 exec/s: 0 rss: 29Mb L: 220/333 MS: 1 PersAutoDict- DE: ")\000\000\000\000\000\000\000"-
#49	NEW    cov: 120 ft: 333 corp: 18/3658b lim: 333 exec/s: 0 rss: 29Mb L: 37/333 MS: 2 ChangeBit-EraseBytes-
#50	NEW    cov: 120 ft: 361 corp: 19/3695b lim: 333 exec/s: 0 rss: 29Mb L: 37/333 MS: 1 ChangeBinInt-
#66	NEW    cov: 120 ft: 362 corp: 20/3836b lim: 333 exec/s: 0 rss: 29Mb L: 141/333 MS: 1 EraseBytes-
#68	NEW    cov: 120 ft: 376 corp: 21/3952b lim: 333 exec/s: 0 rss: 29Mb L: 116/333 MS: 2 ChangeBinInt-EraseBytes-
#70	REDUCE cov: 120 ft: 376 corp: 21/3860b lim: 333 exec/s: 0 rss: 29Mb L: 128/333 MS: 2 ChangeByte-EraseBytes-
#77	NEW    cov: 120 ft: 377 corp: 22/3898b lim: 333 exec/s: 0 rss: 29Mb L: 38/333 MS: 2 ShuffleBytes-InsertByte-
#82	NEW    cov: 120 ft: 378 corp: 23/3937b lim: 333 exec/s: 0 rss: 29Mb L: 39/333 MS: 5 InsertByte-CrossOver-InsertByte-ChangeBinInt-CopyPart-
#93	NEW    cov: 120 ft: 379 corp: 24/4082b lim: 333 exec/s: 0 rss: 29Mb L: 145/333 MS: 1 PersAutoDict- DE: "\000\000\000\004"-
#94	REDUCE cov: 120 ft: 379 corp: 24/4072b lim: 333 exec/s: 0 rss: 29Mb L: 232/333 MS: 1 EraseBytes-
#97	REDUCE cov: 120 ft: 379 corp: 24/4067b lim: 333 exec/s: 0 rss: 29Mb L: 33/333 MS: 3 ChangeASCIIInt-ChangeByte-EraseBytes-
#99	NEW    cov: 120 ft: 390 corp: 25/4088b lim: 333 exec/s: 0 rss: 29Mb L: 21/333 MS: 2 InsertByte-EraseBytes-
#101	NEW    cov: 120 ft: 391 corp: 26/4207b lim: 333 exec/s: 0 rss: 29Mb L: 119/333 MS: 2 EraseBytes-EraseBytes-
#102	NEW    cov: 120 ft: 401 corp: 27/4497b lim: 333 exec/s: 0 rss: 29Mb L: 290/333 MS: 1 CrossOver-
#105	NEW    cov: 120 ft: 402 corp: 28/4572b lim: 333 exec/s: 0 rss: 29Mb L: 75/333 MS: 3 ChangeASCIIInt-ChangeByte-InsertRepeatedBytes-
#107	NEW    cov: 120 ft: 403 corp: 29/4767b lim: 333 exec/s: 0 rss: 29Mb L: 195/333 MS: 2 CopyPart-EraseBytes-
#109	NEW    cov: 120 ft: 404 corp: 30/5092b lim: 333 exec/s: 0 rss: 29Mb L: 325/333 MS: 2 ShuffleBytes-CopyPart-
#111	NEW    cov: 120 ft: 409 corp: 31/5149b lim: 333 exec/s: 0 rss: 29Mb L: 57/333 MS: 2 PersAutoDict-InsertByte- DE: ")\000\000\000\000\000\000\000"-
#120	NEW    cov: 120 ft: 411 corp: 32/5386b lim: 333 exec/s: 0 rss: 29Mb L: 237/333 MS: 4 EraseBytes-ChangeByte-ShuffleBytes-InsertRepeatedBytes-
#140	NEW    cov: 120 ft: 412 corp: 33/5506b lim: 333 exec/s: 0 rss: 29Mb L: 120/333 MS: 5 ChangeBinInt-InsertByte-CMP-ChangeBinInt-CopyPart- DE: "\000\000\000\010"-
#143	REDUCE cov: 120 ft: 412 corp: 33/5438b lim: 333 exec/s: 0 rss: 29Mb L: 261/333 MS: 3 CMP-InsertRepeatedBytes-EraseBytes- DE: "\033\000"-
#144	NEW    cov: 120 ft: 414 corp: 34/5474b lim: 333 exec/s: 0 rss: 29Mb L: 36/333 MS: 1 EraseBytes-
#150	NEW    cov: 120 ft: 415 corp: 35/5600b lim: 333 exec/s: 0 rss: 29Mb L: 126/333 MS: 1 InsertRepeatedBytes-
#177	NEW    cov: 120 ft: 416 corp: 36/5870b lim: 333 exec/s: 0 rss: 29Mb L: 270/333 MS: 2 CrossOver-CopyPart-
#197	NEW    cov: 120 ft: 417 corp: 37/6144b lim: 333 exec/s: 0 rss: 29Mb L: 274/333 MS: 5 InsertByte-InsertRepeatedBytes-ShuffleBytes-InsertRepeatedBytes-InsertRepeatedBytes-
#206	NEW    cov: 121 ft: 418 corp: 38/6473b lim: 333 exec/s: 0 rss: 29Mb L: 329/333 MS: 4 CMP-InsertByte-InsertRepeatedBytes-InsertByte- DE: "'mda"-
#240	NEW    cov: 121 ft: 419 corp: 39/6593b lim: 333 exec/s: 0 rss: 29Mb L: 120/333 MS: 4 ShuffleBytes-ChangeBinInt-ChangeBit-PersAutoDict- DE: "\000\000\000\004"-
#243	NEW    cov: 122 ft: 420 corp: 40/6859b lim: 333 exec/s: 0 rss: 29Mb L: 266/333 MS: 3 CMP-InsertRepeatedBytes-InsertByte- DE: "\200\000\000\000\000\000\000\000"-
#249	REDUCE cov: 122 ft: 420 corp: 40/6807b lim: 333 exec/s: 0 rss: 29Mb L: 91/333 MS: 1 EraseBytes-
#268	NEW    cov: 122 ft: 421 corp: 41/7140b lim: 333 exec/s: 0 rss: 29Mb L: 333/333 MS: 4 ChangeByte-CopyPart-PersAutoDict-CrossOver- DE: "\000\000\000\010"-
#276	NEW    cov: 122 ft: 422 corp: 42/7260b lim: 333 exec/s: 0 rss: 29Mb L: 120/333 MS: 3 ShuffleBytes-ChangeBit-ChangeBinInt-
#277	NEW    cov: 122 ft: 430 corp: 43/7360b lim: 333 exec/s: 0 rss: 29Mb L: 100/333 MS: 1 InsertRepeatedBytes-
#289	REDUCE cov: 122 ft: 430 corp: 43/7353b lim: 333 exec/s: 0 rss: 29Mb L: 320/333 MS: 2 CMP-EraseBytes- DE: "\377\377\377\037"-
#296	REDUCE cov: 122 ft: 430 corp: 43/7332b lim: 333 exec/s: 0 rss: 29Mb L: 107/333 MS: 2 ShuffleBytes-EraseBytes-
#361	NEW    cov: 122 ft: 432 corp: 44/7650b lim: 333 exec/s: 0 rss: 29Mb L: 318/333 MS: 5 InsertRepeatedBytes-ChangeByte-ShuffleBytes-EraseBytes-CopyPart-
#370	NEW    cov: 122 ft: 433 corp: 45/7902b lim: 333 exec/s: 0 rss: 29Mb L: 252/333 MS: 4 ChangeBinInt-PersAutoDict-ChangeBit-ChangeBit- DE: "\033\000"-
#379	REDUCE cov: 122 ft: 433 corp: 45/7867b lim: 333 exec/s: 0 rss: 29Mb L: 215/333 MS: 4 ShuffleBytes-InsertByte-ChangeByte-EraseBytes-
#418	NEW    cov: 122 ft: 436 corp: 46/8170b lim: 333 exec/s: 0 rss: 29Mb L: 303/333 MS: 4 ChangeBit-EraseBytes-ChangeByte-CopyPart-
#442	NEW    cov: 122 ft: 443 corp: 47/8250b lim: 333 exec/s: 0 rss: 29Mb L: 80/333 MS: 4 ChangeBinInt-ShuffleBytes-InsertByte-CMP- DE: "mdat"-
#511	NEW    cov: 122 ft: 448 corp: 48/8549b lim: 333 exec/s: 0 rss: 29Mb L: 299/333 MS: 4 EraseBytes-InsertRepeatedBytes-ChangeBinInt-ChangeBinInt-
#598	NEW    cov: 122 ft: 449 corp: 49/8601b lim: 333 exec/s: 0 rss: 29Mb L: 52/333 MS: 2 CMP-CopyPart- DE: "4V \000"-
#609	NEW    cov: 122 ft: 461 corp: 50/8615b lim: 333 exec/s: 0 rss: 29Mb L: 14/333 MS: 1 CrossOver-
#610	NEW    cov: 122 ft: 462 corp: 51/8915b lim: 333 exec/s: 0 rss: 29Mb L: 300/333 MS: 1 InsertByte-
#636	REDUCE cov: 122 ft: 462 corp: 51/8912b lim: 333 exec/s: 0 rss: 29Mb L: 11/333 MS: 1 EraseBytes-
#639	NEW    cov: 123 ft: 463 corp: 52/8914b lim: 333 exec/s: 0 rss: 29Mb L: 2/333 MS: 3 EraseBytes-EraseBytes-CrossOver-
#654	NEW    cov: 123 ft: 464 corp: 53/9183b lim: 333 exec/s: 0 rss: 29Mb L: 269/333 MS: 5 CMP-ShuffleBytes-InsertByte-ChangeBit-CrossOver- DE: "\016\000\000\000"-
#682	NEW    cov: 123 ft: 465 corp: 54/9516b lim: 333 exec/s: 0 rss: 29Mb L: 333/333 MS: 3 CopyPart-ShuffleBytes-CopyPart-
#701	NEW    cov: 123 ft: 466 corp: 55/9595b lim: 333 exec/s: 0 rss: 29Mb L: 79/333 MS: 4 ShuffleBytes-PersAutoDict-CopyPart-CopyPart- DE: "\033\000"-
#712	NEW    cov: 123 ft: 470 corp: 56/9922b lim: 333 exec/s: 0 rss: 29Mb L: 327/333 MS: 1 CopyPart-
#727	NEW    cov: 123 ft: 471 corp: 57/10233b lim: 333 exec/s: 0 rss: 29Mb L: 311/333 MS: 5 CopyPart-EraseBytes-PersAutoDict-CopyPart-PersAutoDict- DE: "\000\000\000\010"-"mdat"-
#728	REDUCE cov: 123 ft: 471 corp: 57/10226b lim: 333 exec/s: 0 rss: 29Mb L: 254/333 MS: 1 EraseBytes-
#734	NEW    cov: 123 ft: 477 corp: 58/10548b lim: 333 exec/s: 0 rss: 29Mb L: 322/333 MS: 1 PersAutoDict- DE: "'mda"-
#743	REDUCE cov: 123 ft: 477 corp: 58/10507b lim: 333 exec/s: 0 rss: 29Mb L: 211/333 MS: 4 PersAutoDict-ChangeByte-ChangeBinInt-EraseBytes- DE: "'mda"-
#854	NEW    cov: 123 ft: 486 corp: 59/10537b lim: 333 exec/s: 0 rss: 29Mb L: 30/333 MS: 1 EraseBytes-
#875	REDUCE cov: 123 ft: 486 corp: 59/10485b lim: 333 exec/s: 0 rss: 29Mb L: 74/333 MS: 1 EraseBytes-
#907	REDUCE cov: 123 ft: 486 corp: 59/10478b lim: 333 exec/s: 0 rss: 29Mb L: 30/333 MS: 2 InsertByte-EraseBytes-
#910	REDUCE cov: 123 ft: 486 corp: 59/10476b lim: 333 exec/s: 0 rss: 29Mb L: 118/333 MS: 3 EraseBytes-PersAutoDict-CMP- DE: "\200\000\000\000\000\000\000\000"-"urn "-
#995	REDUCE cov: 123 ft: 486 corp: 59/10452b lim: 333 exec/s: 0 rss: 29Mb L: 294/333 MS: 5 InsertByte-CopyPart-ChangeBinInt-EraseBytes-InsertByte-
#1154	REDUCE cov: 123 ft: 486 corp: 59/10450b lim: 333 exec/s: 0 rss: 29Mb L: 77/333 MS: 4 EraseBytes-InsertByte-ShuffleBytes-CopyPart-
#1256	REDUCE cov: 123 ft: 486 corp: 59/10448b lim: 333 exec/s: 0 rss: 29Mb L: 72/333 MS: 2 InsertByte-EraseBytes-
#1322	REDUCE cov: 123 ft: 486 corp: 59/10446b lim: 333 exec/s: 0 rss: 29Mb L: 28/333 MS: 1 EraseBytes-
#1340	NEW    cov: 124 ft: 488 corp: 60/10671b lim: 333 exec/s: 0 rss: 36Mb L: 225/333 MS: 3 ChangeASCIIInt-InsertRepeatedBytes-CMP- DE: "hvc1"-
#1392	NEW    cov: 124 ft: 489 corp: 61/10781b lim: 333 exec/s: 0 rss: 36Mb L: 110/333 MS: 2 InsertByte-InsertRepeatedBytes-
#1448	REDUCE cov: 124 ft: 489 corp: 61/10737b lim: 333 exec/s: 0 rss: 36Mb L: 56/333 MS: 1 EraseBytes-
#1471	REDUCE cov: 124 ft: 489 corp: 61/10736b lim: 333 exec/s: 0 rss: 36Mb L: 10/333 MS: 3 ChangeByte-ChangeByte-EraseBytes-
#1504	NEW    cov: 124 ft: 490 corp: 62/10948b lim: 333 exec/s: 0 rss: 36Mb L: 212/333 MS: 3 ChangeBinInt-ChangeBit-EraseBytes-
#1558	REDUCE cov: 124 ft: 491 corp: 63/10956b lim: 333 exec/s: 0 rss: 36Mb L: 8/333 MS: 4 PersAutoDict-InsertByte-CrossOver-EraseBytes- DE: "\000\000\000\010"-
#1584	NEW    cov: 124 ft: 496 corp: 64/11246b lim: 333 exec/s: 0 rss: 36Mb L: 290/333 MS: 1 CMP- DE: "\000\000}?\354\002s2"-
#1606	REDUCE cov: 124 ft: 496 corp: 64/11158b lim: 333 exec/s: 0 rss: 36Mb L: 234/333 MS: 2 InsertByte-EraseBytes-
#1678	REDUCE cov: 124 ft: 496 corp: 64/11144b lim: 333 exec/s: 0 rss: 36Mb L: 223/333 MS: 2 ChangeBit-EraseBytes-
#1988	REDUCE cov: 124 ft: 496 corp: 64/11124b lim: 333 exec/s: 0 rss: 36Mb L: 37/333 MS: 5 ChangeBit-ChangeASCIIInt-CrossOver-ChangeBinInt-EraseBytes-
#2123	NEW    cov: 124 ft: 497 corp: 65/11457b lim: 333 exec/s: 0 rss: 36Mb L: 333/333 MS: 5 ChangeByte-ChangeByte-ChangeBinInt-ChangeByte-CopyPart-
#2159	REDUCE cov: 124 ft: 497 corp: 65/11451b lim: 333 exec/s: 0 rss: 36Mb L: 101/333 MS: 1 EraseBytes-
#2198	REDUCE cov: 124 ft: 497 corp: 65/11379b lim: 333 exec/s: 0 rss: 45Mb L: 222/333 MS: 4 CopyPart-ChangeBinInt-InsertByte-EraseBytes-
#2246	REDUCE cov: 124 ft: 497 corp: 65/11359b lim: 333 exec/s: 0 rss: 45Mb L: 81/333 MS: 3 PersAutoDict-ChangeByte-CrossOver- DE: "\016\000\000\000"-
#2267	REDUCE cov: 124 ft: 497 corp: 65/11320b lim: 333 exec/s: 0 rss: 45Mb L: 186/333 MS: 1 EraseBytes-
#2421	REDUCE cov: 124 ft: 497 corp: 65/11318b lim: 333 exec/s: 0 rss: 45Mb L: 35/333 MS: 4 ChangeByte-InsertByte-ChangeBit-EraseBytes-
#2460	REDUCE cov: 124 ft: 497 corp: 65/11298b lim: 333 exec/s: 0 rss: 45Mb L: 191/333 MS: 4 PersAutoDict-ChangeByte-ChangeASCIIInt-EraseBytes- DE: "\000\000}?\354\002s2"-
#2521	REDUCE cov: 124 ft: 497 corp: 65/11297b lim: 333 exec/s: 0 rss: 45Mb L: 1/333 MS: 1 EraseBytes-
#2593	REDUCE cov: 124 ft: 497 corp: 65/11286b lim: 333 exec/s: 0 rss: 45Mb L: 28/333 MS: 2 ShuffleBytes-EraseBytes-
#2611	REDUCE cov: 124 ft: 497 corp: 65/11261b lim: 333 exec/s: 0 rss: 45Mb L: 85/333 MS: 3 ShuffleBytes-CopyPart-EraseBytes-
==17== ERROR: libFuzzer: out-of-memory (used: 870Mb; limit: 512Mb)
   To change the out-of-memory limit use -rss_limit_mb=<N>

MS: 1 ChangeBinInt-; base unit: 289d02b772ce6dd75fb965dfe1e835e244aba03c
0x0,0x0,0x0,0x1c,0x66,0x74,0x79,0x70,0x4d,0x34,0x56,0x20,0x0,0x0,0x0,0x0,0x4d,0x34,0x56,0x20,0x6d,0x70,0x34,0x31,0x69,0x73,0x6f,0x6d,0x0,0x0,0x0,0xe0,0x68,0x76,0x63,0x31,0x0,0x0,0x0,0x21,0x66,0x74,0x79,0x70,0x4d,0x38,0x56,0x20,0x0,0x0,0x0,0x0,0x4d,0x34,0x56,0x20,0x6d,0x70,0x34,0x31,0x69,0x73,0x6f,0x6d,0x0,0x0,0x0,0xe0,0x6d,0x41,0x6f,0x6f,0x76,0x0,0x0,0x0,0x78,0x6d,0x76,0xfa,0x64,0x0,0x0,0x0,0x1,0x0,0x0,0x2,0x0,0x0,0x0,0x0,0x0,0x0,0x0,0x1,0x0,0x0,0x6,0x0,0x0,0xad,0x0,0x0,0xff,0xff,0xff,0xff,0xff,0xff,0xff,0xff,0xff,0xff,0xff,0xff,0xff,0xff,0xff,0xff,0xff,0xff,0xff,0xff,0xff,0xff,0xff,0xff,0xff,0xff,0xff,0xff,0xff,0xff,0xff,0xff,0xff,0xff,0xff,0xff,0xff,0xff,0xff,0xff,0xff,0xff,0xff,0xff,0xff,0xff,0xff,0xff,0xff,0xff,0xff,0xff,0xff,0xff,0xff,0xff,0xff,0xff,0xff,0xff,0xff,0xff,0x0,0x0,0x0,0x0,0x0,0x2,0x0,0x0,0x0,0x8,0x54,0x65,0x73,0x74,0x20,0xaf,0x69,0x64,0x65,0x6f,
\000\000\000\034ftypM4V \000\000\000\000M4V mp41isom\000\000\000\340hvc1\000\000\000!ftypM8V \000\000\000\000M4V mp41isom\000\000\000\340mAoov\000\000\000xmv\372d\000\000\000\001\000\000\002\000\000\000\000\000\000\000\001\000\000\006\000\000\255\000\000\377\377\377\377\377\377\377\377\377\377\377\377\377\377\377\377\377\377\377\377\377\377\377\377\377\377\377\377\377\377\377\377\377\377\377\377\377\377\377\377\377\377\377\377\377\377\377\377\377\377\377\377\377\377\377\377\377\377\377\377\377\377\000\000\000\000\000\002\000\000\000\010Test \257ideo
artifact_prefix='/results/crashes/20260313_140525_61360d76_'; Test unit written to /results/crashes/20260313_140525_61360d76_oom-721336dedb30fd1362786aca401602d3162e65a1
Base64: AAAAHGZ0eXBNNFYgAAAAAE00ViBtcDQxaXNvbQAAAOBodmMxAAAAIWZ0eXBNOFYgAAAAAE00ViBtcDQxaXNvbQAAAOBtQW9vdgAAAHhtdvpkAAAAAQAAAgAAAAAAAAABAAAGAACtAAD//////////////////////////////////////////////////////////////////////////////////wAAAAAAAgAAAAhUZXN0IK9pZGVv
SUMMARY: libFuzzer: out-of-memory
stat::number_of_executed_units: 2627
stat::average_exec_per_sec:     2627
stat::new_units_added:          93
stat::slowest_unit_time_sec:    0
stat::peak_rss_mb:              871
