INFO: Running with entropic power schedule (0xFF, 100).
INFO: Seed: 4170133834
INFO: Loaded 1 modules   (252 inline 8-bit counters): 252 [0x6093509ff678, 0x6093509ff774), 
INFO: Loaded 1 PC tables (252 PCs): 252 [0x6093509ff778,0x609350a00738), 
INFO:        4 files found in /tmp/corpus_20260313_152358_7b1b1ea9
INFO: seed corpus: files: 4 min: 48b max: 333b total: 853b rss: 28Mb
#5	INITED cov: 119 ft: 255 corp: 4/853b exec/s: 0 rss: 29Mb
#6	NEW    cov: 119 ft: 272 corp: 5/901b lim: 333 exec/s: 0 rss: 29Mb L: 48/333 MS: 1 CMP- DE: "\001\000\000\000"-
#7	NEW    cov: 119 ft: 277 corp: 6/949b lim: 333 exec/s: 0 rss: 29Mb L: 48/333 MS: 1 CrossOver-
#8	NEW    cov: 119 ft: 278 corp: 7/1201b lim: 333 exec/s: 0 rss: 29Mb L: 252/333 MS: 1 CopyPart-
#10	NEW    cov: 119 ft: 294 corp: 8/1296b lim: 333 exec/s: 0 rss: 29Mb L: 95/333 MS: 2 CopyPart-CrossOver-
#11	NEW    cov: 119 ft: 299 corp: 9/1368b lim: 333 exec/s: 0 rss: 29Mb L: 72/333 MS: 1 EraseBytes-
#12	NEW    cov: 119 ft: 300 corp: 10/1509b lim: 333 exec/s: 0 rss: 29Mb L: 141/333 MS: 1 InsertRepeatedBytes-
#13	NEW    cov: 119 ft: 301 corp: 11/1586b lim: 333 exec/s: 0 rss: 29Mb L: 77/333 MS: 1 EraseBytes-
#15	NEW    cov: 119 ft: 331 corp: 12/1663b lim: 333 exec/s: 0 rss: 29Mb L: 77/333 MS: 2 ChangeByte-ChangeBinInt-
#16	NEW    cov: 119 ft: 340 corp: 13/1715b lim: 333 exec/s: 0 rss: 29Mb L: 52/333 MS: 1 PersAutoDict- DE: "\001\000\000\000"-
#17	NEW    cov: 119 ft: 341 corp: 14/1801b lim: 333 exec/s: 0 rss: 29Mb L: 86/333 MS: 1 CopyPart-
#18	NEW    cov: 119 ft: 345 corp: 15/1947b lim: 333 exec/s: 0 rss: 29Mb L: 146/333 MS: 1 InsertRepeatedBytes-
#20	NEW    cov: 119 ft: 346 corp: 16/1996b lim: 333 exec/s: 0 rss: 29Mb L: 49/333 MS: 2 InsertByte-ChangeBit-
#21	NEW    cov: 119 ft: 347 corp: 17/2045b lim: 333 exec/s: 0 rss: 29Mb L: 49/333 MS: 1 InsertByte-
#23	NEW    cov: 119 ft: 349 corp: 18/2378b lim: 333 exec/s: 0 rss: 29Mb L: 333/333 MS: 2 CrossOver-CrossOver-
#35	NEW    cov: 119 ft: 351 corp: 19/2590b lim: 333 exec/s: 0 rss: 29Mb L: 212/333 MS: 2 ChangeBit-InsertRepeatedBytes-
#39	NEW    cov: 119 ft: 352 corp: 20/2747b lim: 333 exec/s: 0 rss: 29Mb L: 157/333 MS: 4 ChangeBit-ChangeBinInt-ChangeBit-InsertRepeatedBytes-
#41	NEW    cov: 120 ft: 359 corp: 21/3080b lim: 333 exec/s: 0 rss: 29Mb L: 333/333 MS: 2 CopyPart-CopyPart-
#42	NEW    cov: 120 ft: 368 corp: 22/3128b lim: 333 exec/s: 0 rss: 29Mb L: 48/333 MS: 1 ChangeBinInt-
#53	NEW    cov: 120 ft: 379 corp: 23/3195b lim: 333 exec/s: 0 rss: 29Mb L: 67/333 MS: 1 CopyPart-
#56	NEW    cov: 120 ft: 380 corp: 24/3281b lim: 333 exec/s: 0 rss: 29Mb L: 86/333 MS: 3 ChangeASCIIInt-ShuffleBytes-CopyPart-
#60	NEW    cov: 121 ft: 389 corp: 25/3324b lim: 333 exec/s: 0 rss: 29Mb L: 43/333 MS: 4 CopyPart-PersAutoDict-ChangeByte-EraseBytes- DE: "\001\000\000\000"-
#62	NEW    cov: 121 ft: 398 corp: 26/3629b lim: 333 exec/s: 0 rss: 29Mb L: 305/333 MS: 2 InsertRepeatedBytes-CopyPart-
#69	NEW    cov: 122 ft: 399 corp: 27/3635b lim: 333 exec/s: 0 rss: 29Mb L: 6/333 MS: 2 ChangeBit-CrossOver-
#73	NEW    cov: 122 ft: 400 corp: 28/3749b lim: 333 exec/s: 0 rss: 29Mb L: 114/333 MS: 4 InsertByte-InsertByte-ShuffleBytes-InsertRepeatedBytes-
#76	NEW    cov: 122 ft: 401 corp: 29/3807b lim: 333 exec/s: 0 rss: 29Mb L: 58/333 MS: 3 ChangeBinInt-EraseBytes-PersAutoDict- DE: "\001\000\000\000"-
#81	NEW    cov: 122 ft: 403 corp: 30/4047b lim: 333 exec/s: 0 rss: 29Mb L: 240/333 MS: 5 ChangeByte-ChangeBit-ChangeBit-InsertRepeatedBytes-CrossOver-
#90	NEW    cov: 123 ft: 404 corp: 31/4335b lim: 333 exec/s: 0 rss: 29Mb L: 288/333 MS: 4 ShuffleBytes-CrossOver-EraseBytes-CrossOver-
#91	NEW    cov: 123 ft: 405 corp: 32/4383b lim: 333 exec/s: 0 rss: 29Mb L: 48/333 MS: 1 ShuffleBytes-
#92	NEW    cov: 124 ft: 406 corp: 33/4714b lim: 333 exec/s: 0 rss: 29Mb L: 331/333 MS: 1 CopyPart-
#94	NEW    cov: 124 ft: 407 corp: 34/4804b lim: 333 exec/s: 0 rss: 29Mb L: 90/333 MS: 2 ChangeBinInt-PersAutoDict- DE: "\001\000\000\000"-
#95	NEW    cov: 124 ft: 413 corp: 35/5025b lim: 333 exec/s: 0 rss: 29Mb L: 221/333 MS: 1 InsertByte-
#116	NEW    cov: 124 ft: 425 corp: 36/5040b lim: 333 exec/s: 0 rss: 29Mb L: 15/333 MS: 1 InsertRepeatedBytes-
#123	REDUCE cov: 124 ft: 425 corp: 36/5018b lim: 333 exec/s: 0 rss: 29Mb L: 199/333 MS: 2 InsertByte-EraseBytes-
#146	NEW    cov: 124 ft: 442 corp: 37/5045b lim: 333 exec/s: 0 rss: 29Mb L: 27/333 MS: 3 PersAutoDict-InsertByte-EraseBytes- DE: "\001\000\000\000"-
#161	NEW    cov: 124 ft: 443 corp: 38/5304b lim: 333 exec/s: 0 rss: 29Mb L: 259/333 MS: 5 EraseBytes-EraseBytes-CMP-ChangeBinInt-InsertByte- DE: "\000\020"-
#172	NEW    cov: 124 ft: 444 corp: 39/5401b lim: 333 exec/s: 0 rss: 29Mb L: 97/333 MS: 1 EraseBytes-
#188	NEW    cov: 124 ft: 446 corp: 40/5458b lim: 333 exec/s: 0 rss: 29Mb L: 57/333 MS: 1 CopyPart-
#189	NEW    cov: 125 ft: 447 corp: 41/5610b lim: 333 exec/s: 0 rss: 29Mb L: 152/333 MS: 1 EraseBytes-
#237	REDUCE cov: 125 ft: 447 corp: 41/5606b lim: 333 exec/s: 0 rss: 29Mb L: 82/333 MS: 3 ChangeByte-CopyPart-EraseBytes-
#274	NEW    cov: 125 ft: 448 corp: 42/5862b lim: 333 exec/s: 0 rss: 29Mb L: 256/333 MS: 2 ChangeBinInt-CMP- DE: "mdia"-
#302	REDUCE cov: 125 ft: 450 corp: 43/6041b lim: 333 exec/s: 0 rss: 29Mb L: 179/333 MS: 3 InsertByte-CopyPart-CrossOver-
#315	NEW    cov: 125 ft: 451 corp: 44/6273b lim: 333 exec/s: 0 rss: 29Mb L: 232/333 MS: 3 PersAutoDict-CrossOver-CrossOver- DE: "\000\020"-
#357	NEW    cov: 125 ft: 452 corp: 45/6606b lim: 333 exec/s: 0 rss: 29Mb L: 333/333 MS: 2 CopyPart-CrossOver-
#455	NEW    cov: 125 ft: 454 corp: 46/6765b lim: 333 exec/s: 0 rss: 29Mb L: 159/333 MS: 3 ChangeBit-ShuffleBytes-EraseBytes-
#467	REDUCE cov: 125 ft: 454 corp: 46/6729b lim: 333 exec/s: 0 rss: 29Mb L: 54/333 MS: 2 EraseBytes-ChangeByte-
#477	NEW    cov: 125 ft: 456 corp: 47/6791b lim: 333 exec/s: 0 rss: 29Mb L: 62/333 MS: 5 CrossOver-PersAutoDict-ChangeByte-PersAutoDict-CopyPart- DE: "\001\000\000\000"-"\001\000\000\000"-
#508	NEW    cov: 125 ft: 457 corp: 48/7044b lim: 333 exec/s: 0 rss: 29Mb L: 253/333 MS: 1 InsertByte-
#509	REDUCE cov: 125 ft: 457 corp: 48/7038b lim: 333 exec/s: 0 rss: 29Mb L: 89/333 MS: 1 EraseBytes-
#512	NEW    cov: 125 ft: 458 corp: 49/7371b lim: 333 exec/s: 0 rss: 29Mb L: 333/333 MS: 3 CopyPart-ChangeBinInt-ChangeBinInt-
#513	REDUCE cov: 125 ft: 458 corp: 49/7369b lim: 333 exec/s: 0 rss: 29Mb L: 13/333 MS: 1 EraseBytes-
#514	REDUCE cov: 125 ft: 458 corp: 49/7367b lim: 333 exec/s: 0 rss: 29Mb L: 11/333 MS: 1 EraseBytes-
#544	REDUCE cov: 125 ft: 458 corp: 49/7366b lim: 333 exec/s: 0 rss: 29Mb L: 85/333 MS: 5 ChangeBinInt-InsertByte-CopyPart-EraseBytes-CopyPart-
#607	REDUCE cov: 125 ft: 458 corp: 49/7354b lim: 333 exec/s: 0 rss: 29Mb L: 36/333 MS: 3 EraseBytes-ChangeASCIIInt-CrossOver-
#610	NEW    cov: 125 ft: 464 corp: 50/7687b lim: 333 exec/s: 0 rss: 29Mb L: 333/333 MS: 3 PersAutoDict-ChangeBit-ChangeBinInt- DE: "mdia"-
==191927== ERROR: libFuzzer: out-of-memory (used: 1391Mb; limit: 1024Mb)
   To change the out-of-memory limit use -rss_limit_mb=<N>

MS: 1 CopyPart-; base unit: ea0abef81ef91e356bc77b8467883352271676b8
artifact_prefix='/results/crashes/20260313_152358_7b1b1ea9_'; Test unit written to /results/crashes/20260313_152358_7b1b1ea9_oom-6e324850376bc5b53ed887ddba331984ac0b561f
SUMMARY: libFuzzer: out-of-memory
stat::number_of_executed_units: 611
stat::average_exec_per_sec:     611
stat::new_units_added:          54
stat::slowest_unit_time_sec:    0
stat::peak_rss_mb:              1392
