INFO: Running with entropic power schedule (0xFF, 100).
INFO: Seed: 1248445558
INFO: Loaded 1 modules   (252 inline 8-bit counters): 252 [0x58ff3002d678, 0x58ff3002d774), 
INFO: Loaded 1 PC tables (252 PCs): 252 [0x58ff3002d778,0x58ff3002e738), 
INFO:        4 files found in /tmp/corpus_20260313_154815_9b71722f
INFO: seed corpus: files: 4 min: 48b max: 333b total: 853b rss: 28Mb
#5	INITED cov: 118 ft: 252 corp: 4/853b exec/s: 0 rss: 29Mb
#6	NEW    cov: 118 ft: 272 corp: 5/901b lim: 333 exec/s: 0 rss: 29Mb L: 48/333 MS: 1 ChangeBinInt-
#11	NEW    cov: 120 ft: 279 corp: 6/1203b lim: 333 exec/s: 0 rss: 29Mb L: 302/333 MS: 5 ShuffleBytes-ChangeBinInt-ChangeByte-InsertByte-InsertRepeatedBytes-
#12	NEW    cov: 120 ft: 295 corp: 7/1259b lim: 333 exec/s: 0 rss: 29Mb L: 56/333 MS: 1 CopyPart-
#13	NEW    cov: 120 ft: 308 corp: 8/1291b lim: 333 exec/s: 0 rss: 29Mb L: 32/333 MS: 1 EraseBytes-
#14	NEW    cov: 120 ft: 313 corp: 9/1347b lim: 333 exec/s: 0 rss: 29Mb L: 56/333 MS: 1 CMP- DE: "\347\311\337/\377X\000\000"-
#15	NEW    cov: 120 ft: 314 corp: 10/1403b lim: 333 exec/s: 0 rss: 29Mb L: 56/333 MS: 1 ChangeBit-
#17	NEW    cov: 120 ft: 324 corp: 11/1436b lim: 333 exec/s: 0 rss: 29Mb L: 33/333 MS: 2 EraseBytes-PersAutoDict- DE: "\347\311\337/\377X\000\000"-
#18	NEW    cov: 121 ft: 328 corp: 12/1693b lim: 333 exec/s: 0 rss: 29Mb L: 257/333 MS: 1 CrossOver-
#23	NEW    cov: 121 ft: 329 corp: 13/1857b lim: 333 exec/s: 0 rss: 29Mb L: 164/333 MS: 5 ChangeBit-ShuffleBytes-EraseBytes-InsertByte-EraseBytes-
#30	NEW    cov: 121 ft: 330 corp: 14/2089b lim: 333 exec/s: 0 rss: 29Mb L: 232/333 MS: 2 CopyPart-InsertRepeatedBytes-
#31	REDUCE cov: 121 ft: 330 corp: 14/2086b lim: 333 exec/s: 0 rss: 29Mb L: 53/333 MS: 1 EraseBytes-
#32	NEW    cov: 121 ft: 340 corp: 15/2159b lim: 333 exec/s: 0 rss: 29Mb L: 73/333 MS: 1 CopyPart-
#33	NEW    cov: 121 ft: 341 corp: 16/2191b lim: 333 exec/s: 0 rss: 29Mb L: 32/333 MS: 1 ShuffleBytes-
#35	NEW    cov: 121 ft: 350 corp: 17/2249b lim: 333 exec/s: 0 rss: 29Mb L: 58/333 MS: 2 ShuffleBytes-CrossOver-
#37	NEW    cov: 121 ft: 351 corp: 18/2376b lim: 333 exec/s: 0 rss: 29Mb L: 127/333 MS: 2 ShuffleBytes-CrossOver-
#40	NEW    cov: 121 ft: 352 corp: 19/2603b lim: 333 exec/s: 0 rss: 29Mb L: 227/333 MS: 3 ShuffleBytes-InsertByte-InsertRepeatedBytes-
#41	NEW    cov: 121 ft: 353 corp: 20/2636b lim: 333 exec/s: 0 rss: 29Mb L: 33/333 MS: 1 CopyPart-
#44	NEW    cov: 121 ft: 360 corp: 21/2746b lim: 333 exec/s: 0 rss: 29Mb L: 110/333 MS: 3 ChangeBinInt-EraseBytes-CrossOver-
#45	NEW    cov: 121 ft: 368 corp: 22/2763b lim: 333 exec/s: 0 rss: 29Mb L: 17/333 MS: 1 EraseBytes-
#48	NEW    cov: 121 ft: 369 corp: 23/3096b lim: 333 exec/s: 0 rss: 29Mb L: 333/333 MS: 3 ChangeBinInt-ChangeByte-CopyPart-
#52	NEW    cov: 121 ft: 394 corp: 24/3324b lim: 333 exec/s: 0 rss: 29Mb L: 228/333 MS: 4 ChangeBinInt-InsertByte-PersAutoDict-ChangeByte- DE: "\347\311\337/\377X\000\000"-
#53	NEW    cov: 121 ft: 395 corp: 25/3549b lim: 333 exec/s: 0 rss: 29Mb L: 225/333 MS: 1 CrossOver-
#54	NEW    cov: 121 ft: 396 corp: 26/3623b lim: 333 exec/s: 0 rss: 29Mb L: 74/333 MS: 1 InsertByte-
#69	NEW    cov: 121 ft: 401 corp: 27/3844b lim: 333 exec/s: 0 rss: 29Mb L: 221/333 MS: 5 CrossOver-CMP-ChangeByte-ChangeBinInt-InsertByte- DE: "\000\000\000\015"-
#76	NEW    cov: 121 ft: 403 corp: 28/3889b lim: 333 exec/s: 0 rss: 29Mb L: 45/333 MS: 2 CopyPart-EraseBytes-
#85	NEW    cov: 121 ft: 413 corp: 29/3908b lim: 333 exec/s: 0 rss: 29Mb L: 19/333 MS: 4 ShuffleBytes-ChangeBinInt-CopyPart-EraseBytes-
#99	NEW    cov: 121 ft: 414 corp: 30/4039b lim: 333 exec/s: 0 rss: 29Mb L: 131/333 MS: 4 InsertRepeatedBytes-PersAutoDict-ChangeByte-PersAutoDict- DE: "\347\311\337/\377X\000\000"-"\000\000\000\015"-
#110	NEW    cov: 121 ft: 415 corp: 31/4304b lim: 333 exec/s: 0 rss: 29Mb L: 265/333 MS: 1 InsertRepeatedBytes-
#116	NEW    cov: 121 ft: 424 corp: 32/4335b lim: 333 exec/s: 0 rss: 29Mb L: 31/333 MS: 1 EraseBytes-
#125	NEW    cov: 121 ft: 425 corp: 33/4426b lim: 333 exec/s: 0 rss: 29Mb L: 91/333 MS: 4 InsertRepeatedBytes-ChangeByte-PersAutoDict-CMP- DE: "\000\000\000\015"-"\000\000\000\000\000\000\000\000"-
#128	NEW    cov: 121 ft: 426 corp: 34/4528b lim: 333 exec/s: 0 rss: 29Mb L: 102/333 MS: 3 InsertRepeatedBytes-CMP-CopyPart- DE: "dref"-
#139	NEW    cov: 121 ft: 438 corp: 35/4543b lim: 333 exec/s: 0 rss: 29Mb L: 15/333 MS: 1 EraseBytes-
#153	NEW    cov: 121 ft: 440 corp: 36/4858b lim: 333 exec/s: 0 rss: 29Mb L: 315/333 MS: 4 ChangeBinInt-ShuffleBytes-ChangeBinInt-CrossOver-
#221	NEW    cov: 121 ft: 441 corp: 37/5175b lim: 333 exec/s: 0 rss: 29Mb L: 317/333 MS: 3 ShuffleBytes-CrossOver-CMP- DE: "\024\000"-
#240	REDUCE cov: 121 ft: 441 corp: 37/5162b lim: 333 exec/s: 0 rss: 29Mb L: 20/333 MS: 4 CopyPart-CMP-ChangeBinInt-EraseBytes- DE: "\021\000"-
#242	NEW    cov: 121 ft: 442 corp: 38/5204b lim: 333 exec/s: 0 rss: 29Mb L: 42/333 MS: 2 PersAutoDict-PersAutoDict- DE: "\347\311\337/\377X\000\000"-"\021\000"-
#258	NEW    cov: 121 ft: 443 corp: 39/5468b lim: 333 exec/s: 0 rss: 29Mb L: 264/333 MS: 1 InsertRepeatedBytes-
#262	REDUCE cov: 121 ft: 443 corp: 39/5444b lim: 333 exec/s: 0 rss: 29Mb L: 241/333 MS: 4 EraseBytes-ChangeByte-PersAutoDict-InsertByte- DE: "\347\311\337/\377X\000\000"-
#268	NEW    cov: 121 ft: 444 corp: 40/5697b lim: 333 exec/s: 0 rss: 29Mb L: 253/333 MS: 1 CrossOver-
#279	NEW    cov: 121 ft: 445 corp: 41/5966b lim: 333 exec/s: 0 rss: 29Mb L: 269/333 MS: 1 InsertRepeatedBytes-
#297	NEW    cov: 121 ft: 446 corp: 42/6041b lim: 333 exec/s: 0 rss: 29Mb L: 75/333 MS: 3 ChangeByte-EraseBytes-InsertRepeatedBytes-
#313	REDUCE cov: 121 ft: 446 corp: 42/6035b lim: 333 exec/s: 0 rss: 29Mb L: 26/333 MS: 1 EraseBytes-
#483	NEW    cov: 122 ft: 447 corp: 43/6036b lim: 333 exec/s: 0 rss: 29Mb L: 1/333 MS: 5 InsertRepeatedBytes-InsertByte-CopyPart-CMP-CrossOver- DE: "avc1"-
#507	REDUCE cov: 122 ft: 447 corp: 43/6022b lim: 333 exec/s: 0 rss: 29Mb L: 238/333 MS: 4 InsertRepeatedBytes-ChangeByte-PersAutoDict-CrossOver- DE: "\347\311\337/\377X\000\000"-
#514	REDUCE cov: 122 ft: 447 corp: 43/5969b lim: 333 exec/s: 0 rss: 29Mb L: 264/333 MS: 2 ChangeBinInt-CrossOver-
#542	NEW    cov: 122 ft: 452 corp: 44/6266b lim: 333 exec/s: 0 rss: 29Mb L: 297/333 MS: 3 ChangeBit-ChangeBinInt-InsertRepeatedBytes-
#642	NEW    cov: 122 ft: 453 corp: 45/6596b lim: 333 exec/s: 0 rss: 29Mb L: 330/333 MS: 5 InsertByte-ChangeBinInt-ChangeBinInt-InsertByte-CopyPart-
#703	REDUCE cov: 122 ft: 454 corp: 46/6837b lim: 333 exec/s: 0 rss: 29Mb L: 241/333 MS: 1 CrossOver-
#714	REDUCE cov: 122 ft: 454 corp: 46/6836b lim: 333 exec/s: 0 rss: 29Mb L: 268/333 MS: 1 EraseBytes-
#800	REDUCE cov: 122 ft: 454 corp: 46/6786b lim: 333 exec/s: 0 rss: 29Mb L: 214/333 MS: 1 EraseBytes-
#831	NEW    cov: 122 ft: 455 corp: 47/6988b lim: 333 exec/s: 0 rss: 29Mb L: 202/333 MS: 1 EraseBytes-
#841	NEW    cov: 122 ft: 456 corp: 48/7253b lim: 333 exec/s: 0 rss: 29Mb L: 265/333 MS: 5 ShuffleBytes-ShuffleBytes-CopyPart-ChangeASCIIInt-InsertByte-
#878	NEW    cov: 122 ft: 458 corp: 49/7474b lim: 333 exec/s: 0 rss: 29Mb L: 221/333 MS: 2 ChangeBinInt-InsertByte-
#887	REDUCE cov: 122 ft: 458 corp: 49/7466b lim: 333 exec/s: 0 rss: 29Mb L: 156/333 MS: 4 EraseBytes-CrossOver-CrossOver-CMP- DE: "\004\000\000\000\000\000\000\000"-
#892	NEW    cov: 123 ft: 459 corp: 50/7525b lim: 333 exec/s: 0 rss: 29Mb L: 59/333 MS: 5 PersAutoDict-ChangeBit-PersAutoDict-PersAutoDict-CrossOver- DE: "dref"-"\000\000\000\000\000\000\000\000"-"\000\000\000\015"-
#908	REDUCE cov: 123 ft: 459 corp: 50/7480b lim: 333 exec/s: 0 rss: 29Mb L: 176/333 MS: 1 EraseBytes-
#1075	REDUCE cov: 123 ft: 466 corp: 51/7805b lim: 333 exec/s: 0 rss: 29Mb L: 325/333 MS: 2 CopyPart-InsertRepeatedBytes-
#1256	NEW    cov: 123 ft: 467 corp: 52/7813b lim: 333 exec/s: 0 rss: 29Mb L: 8/333 MS: 1 EraseBytes-
#1463	NEW    cov: 123 ft: 474 corp: 53/7991b lim: 333 exec/s: 0 rss: 29Mb L: 178/333 MS: 2 CMP-EraseBytes- DE: "\241{\000\324i}\000\000"-
#1565	NEW    cov: 123 ft: 475 corp: 54/8224b lim: 333 exec/s: 0 rss: 29Mb L: 233/333 MS: 2 InsertByte-CMP- DE: "stts"-
#1614	REDUCE cov: 123 ft: 475 corp: 54/8178b lim: 333 exec/s: 0 rss: 29Mb L: 168/333 MS: 4 ChangeBinInt-ChangeByte-EraseBytes-CopyPart-
#1626	REDUCE cov: 123 ft: 475 corp: 54/8170b lim: 333 exec/s: 0 rss: 29Mb L: 48/333 MS: 2 ChangeBit-EraseBytes-
#1641	REDUCE cov: 123 ft: 475 corp: 54/8056b lim: 333 exec/s: 0 rss: 29Mb L: 64/333 MS: 5 ChangeBit-ChangeByte-ChangeByte-InsertByte-CrossOver-
#1652	REDUCE cov: 123 ft: 475 corp: 54/8034b lim: 333 exec/s: 0 rss: 29Mb L: 308/333 MS: 1 EraseBytes-
#1736	NEW    cov: 123 ft: 477 corp: 55/8197b lim: 333 exec/s: 0 rss: 29Mb L: 163/333 MS: 4 CopyPart-ChangeBit-InsertByte-EraseBytes-
#1763	NEW    cov: 123 ft: 489 corp: 56/8481b lim: 333 exec/s: 0 rss: 29Mb L: 284/333 MS: 2 ChangeByte-CopyPart-
#1776	REDUCE cov: 123 ft: 489 corp: 56/8463b lim: 333 exec/s: 0 rss: 29Mb L: 27/333 MS: 3 CMP-ChangeByte-EraseBytes- DE: "\001\002"-
#1874	NEW    cov: 123 ft: 497 corp: 57/8755b lim: 333 exec/s: 0 rss: 29Mb L: 292/333 MS: 3 PersAutoDict-InsertRepeatedBytes-InsertRepeatedBytes- DE: "\004\000\000\000\000\000\000\000"-
#2025	REDUCE cov: 123 ft: 497 corp: 57/8699b lim: 333 exec/s: 0 rss: 29Mb L: 185/333 MS: 1 EraseBytes-
#2031	REDUCE cov: 123 ft: 497 corp: 57/8687b lim: 333 exec/s: 0 rss: 29Mb L: 226/333 MS: 1 EraseBytes-
#2041	REDUCE cov: 123 ft: 497 corp: 57/8684b lim: 333 exec/s: 0 rss: 29Mb L: 330/333 MS: 5 CrossOver-ChangeASCIIInt-InsertRepeatedBytes-ChangeBinInt-CopyPart-
#2042	REDUCE cov: 123 ft: 497 corp: 57/8682b lim: 333 exec/s: 0 rss: 29Mb L: 18/333 MS: 1 EraseBytes-
#2170	NEW    cov: 123 ft: 498 corp: 58/8935b lim: 333 exec/s: 0 rss: 29Mb L: 253/333 MS: 3 ChangeBit-ChangeByte-CopyPart-
#2197	REDUCE cov: 123 ft: 498 corp: 58/8930b lim: 333 exec/s: 0 rss: 29Mb L: 10/333 MS: 2 InsertByte-EraseBytes-
#2233	REDUCE cov: 123 ft: 498 corp: 58/8929b lim: 333 exec/s: 0 rss: 29Mb L: 283/333 MS: 1 EraseBytes-
#2244	REDUCE cov: 123 ft: 498 corp: 58/8879b lim: 333 exec/s: 0 rss: 29Mb L: 275/333 MS: 1 EraseBytes-
#2592	REDUCE cov: 123 ft: 498 corp: 58/8877b lim: 333 exec/s: 0 rss: 29Mb L: 16/333 MS: 3 CopyPart-ShuffleBytes-EraseBytes-
#2715	NEW    cov: 123 ft: 499 corp: 59/9102b lim: 333 exec/s: 0 rss: 29Mb L: 225/333 MS: 3 CopyPart-CopyPart-ChangeByte-
#2808	REDUCE cov: 123 ft: 499 corp: 59/9086b lim: 333 exec/s: 0 rss: 29Mb L: 48/333 MS: 3 ChangeBinInt-ChangeBinInt-EraseBytes-
#2811	REDUCE cov: 123 ft: 499 corp: 59/9084b lim: 333 exec/s: 0 rss: 29Mb L: 46/333 MS: 3 InsertByte-ChangeBinInt-EraseBytes-
#2843	NEW    cov: 123 ft: 500 corp: 60/9391b lim: 333 exec/s: 0 rss: 29Mb L: 307/333 MS: 2 CopyPart-InsertRepeatedBytes-
#2881	REDUCE cov: 123 ft: 500 corp: 60/9370b lim: 333 exec/s: 0 rss: 29Mb L: 236/333 MS: 3 CMP-ChangeBinInt-CrossOver- DE: "dref"-
#2982	REDUCE cov: 123 ft: 500 corp: 60/9365b lim: 333 exec/s: 0 rss: 29Mb L: 11/333 MS: 1 EraseBytes-
#3152	REDUCE cov: 123 ft: 500 corp: 60/9320b lim: 333 exec/s: 0 rss: 29Mb L: 187/333 MS: 5 EraseBytes-EraseBytes-ChangeBinInt-InsertRepeatedBytes-EraseBytes-
#3264	NEW    cov: 123 ft: 512 corp: 61/9577b lim: 333 exec/s: 0 rss: 29Mb L: 257/333 MS: 2 ChangeBit-CMP- DE: "pixi"-
#3369	REDUCE cov: 123 ft: 512 corp: 61/9489b lim: 333 exec/s: 0 rss: 29Mb L: 169/333 MS: 5 ChangeBinInt-CopyPart-CMP-PersAutoDict-EraseBytes- DE: " \000\000\000"-"\004\000\000\000\000\000\000\000"-
#3510	REDUCE cov: 123 ft: 512 corp: 61/9487b lim: 333 exec/s: 0 rss: 29Mb L: 17/333 MS: 1 EraseBytes-
#3547	REDUCE cov: 123 ft: 512 corp: 61/9448b lim: 333 exec/s: 0 rss: 29Mb L: 276/333 MS: 2 ChangeASCIIInt-EraseBytes-
#3579	REDUCE cov: 123 ft: 512 corp: 61/9438b lim: 333 exec/s: 0 rss: 29Mb L: 282/333 MS: 2 InsertRepeatedBytes-EraseBytes-
#3596	REDUCE cov: 123 ft: 512 corp: 61/9405b lim: 333 exec/s: 0 rss: 29Mb L: 136/333 MS: 2 InsertByte-EraseBytes-
#3961	REDUCE cov: 123 ft: 512 corp: 61/9404b lim: 333 exec/s: 0 rss: 29Mb L: 16/333 MS: 5 ChangeByte-EraseBytes-ChangeByte-ChangeByte-PersAutoDict- DE: " \000\000\000"-
#4043	REDUCE cov: 123 ft: 517 corp: 62/9518b lim: 333 exec/s: 0 rss: 29Mb L: 114/333 MS: 2 EraseBytes-CopyPart-
#4047	REDUCE cov: 123 ft: 517 corp: 62/9478b lim: 333 exec/s: 0 rss: 29Mb L: 201/333 MS: 4 CMP-InsertRepeatedBytes-ShuffleBytes-EraseBytes- DE: "r\000\000\000\000\000\000\000"-
#4092	REDUCE cov: 123 ft: 517 corp: 62/9460b lim: 333 exec/s: 0 rss: 29Mb L: 235/333 MS: 5 ChangeBit-EraseBytes-CMP-CMP-InsertByte- DE: "\371\021\001\324i}\000\000"-"\377\377\377\007"-
#4136	NEW    cov: 123 ft: 518 corp: 63/9779b lim: 333 exec/s: 0 rss: 29Mb L: 319/333 MS: 4 ChangeBinInt-CrossOver-InsertRepeatedBytes-CopyPart-
#4410	REDUCE cov: 123 ft: 518 corp: 63/9770b lim: 333 exec/s: 0 rss: 29Mb L: 167/333 MS: 4 InsertByte-InsertByte-EraseBytes-PersAutoDict- DE: "stts"-
#4415	REDUCE cov: 123 ft: 518 corp: 63/9728b lim: 333 exec/s: 0 rss: 29Mb L: 72/333 MS: 5 ChangeBit-InsertByte-InsertByte-ChangeBinInt-EraseBytes-
#4508	REDUCE cov: 123 ft: 518 corp: 63/9726b lim: 333 exec/s: 0 rss: 29Mb L: 185/333 MS: 3 CMP-ChangeByte-EraseBytes- DE: "avcC"-
#4730	REDUCE cov: 123 ft: 518 corp: 63/9710b lim: 333 exec/s: 0 rss: 29Mb L: 56/333 MS: 2 CrossOver-EraseBytes-
#4753	REDUCE cov: 123 ft: 518 corp: 63/9697b lim: 333 exec/s: 0 rss: 29Mb L: 154/333 MS: 3 ShuffleBytes-InsertByte-EraseBytes-
#4801	REDUCE cov: 123 ft: 518 corp: 63/9696b lim: 333 exec/s: 0 rss: 29Mb L: 9/333 MS: 3 ChangeByte-ChangeBinInt-EraseBytes-
#4932	REDUCE cov: 123 ft: 518 corp: 63/9693b lim: 333 exec/s: 0 rss: 29Mb L: 28/333 MS: 1 EraseBytes-
#4975	REDUCE cov: 123 ft: 518 corp: 63/9685b lim: 333 exec/s: 0 rss: 29Mb L: 65/333 MS: 3 PersAutoDict-EraseBytes-PersAutoDict- DE: "dref"-"stts"-
#5056	NEW    cov: 123 ft: 519 corp: 64/9913b lim: 333 exec/s: 0 rss: 29Mb L: 228/333 MS: 1 PersAutoDict- DE: "\241{\000\324i}\000\000"-
#5067	NEW    cov: 123 ft: 520 corp: 65/10146b lim: 333 exec/s: 0 rss: 29Mb L: 233/333 MS: 1 PersAutoDict- DE: "pixi"-
#5100	REDUCE cov: 123 ft: 520 corp: 65/10115b lim: 333 exec/s: 0 rss: 29Mb L: 202/333 MS: 3 ChangeBinInt-InsertByte-EraseBytes-
#5402	REDUCE cov: 123 ft: 520 corp: 65/10104b lim: 333 exec/s: 0 rss: 29Mb L: 215/333 MS: 2 ShuffleBytes-EraseBytes-
#5458	REDUCE cov: 123 ft: 525 corp: 66/10198b lim: 333 exec/s: 0 rss: 29Mb L: 94/333 MS: 1 EraseBytes-
#5544	REDUCE cov: 123 ft: 525 corp: 66/10195b lim: 333 exec/s: 0 rss: 29Mb L: 71/333 MS: 1 EraseBytes-
#5589	REDUCE cov: 123 ft: 525 corp: 66/10189b lim: 333 exec/s: 0 rss: 29Mb L: 65/333 MS: 5 ChangeBinInt-InsertByte-CopyPart-CrossOver-EraseBytes-
#5760	REDUCE cov: 123 ft: 525 corp: 66/10165b lim: 333 exec/s: 0 rss: 29Mb L: 112/333 MS: 1 EraseBytes-
#5919	REDUCE cov: 123 ft: 525 corp: 66/10091b lim: 333 exec/s: 0 rss: 29Mb L: 159/333 MS: 4 ShuffleBytes-ChangeByte-ChangeBit-EraseBytes-
#6349	REDUCE cov: 123 ft: 525 corp: 66/10090b lim: 333 exec/s: 0 rss: 29Mb L: 101/333 MS: 5 InsertByte-ShuffleBytes-CMP-EraseBytes-PersAutoDict- DE: "\217\004\005\324i}\000\000"-"\347\311\337/\377X\000\000"-
#6453	REDUCE cov: 123 ft: 525 corp: 66/10088b lim: 333 exec/s: 6453 rss: 29Mb L: 9/333 MS: 1 EraseBytes-
#6816	REDUCE cov: 123 ft: 526 corp: 67/10419b lim: 333 exec/s: 6816 rss: 36Mb L: 331/333 MS: 3 CrossOver-InsertRepeatedBytes-InsertRepeatedBytes-
#7124	REDUCE cov: 123 ft: 526 corp: 67/10415b lim: 333 exec/s: 7124 rss: 36Mb L: 211/333 MS: 3 EraseBytes-ShuffleBytes-InsertByte-
#7158	REDUCE cov: 123 ft: 526 corp: 67/10409b lim: 333 exec/s: 7158 rss: 36Mb L: 106/333 MS: 4 ChangeByte-PersAutoDict-EraseBytes-CopyPart- DE: "pixi"-
#7196	REDUCE cov: 123 ft: 526 corp: 67/10301b lim: 333 exec/s: 7196 rss: 36Mb L: 222/333 MS: 3 ChangeByte-ChangeBit-EraseBytes-
#7370	REDUCE cov: 123 ft: 526 corp: 67/10245b lim: 333 exec/s: 7370 rss: 36Mb L: 169/333 MS: 4 ChangeByte-CrossOver-ChangeBinInt-EraseBytes-
#7657	REDUCE cov: 123 ft: 526 corp: 67/10211b lim: 333 exec/s: 7657 rss: 36Mb L: 188/333 MS: 2 ChangeByte-EraseBytes-
#7714	REDUCE cov: 123 ft: 530 corp: 68/10273b lim: 333 exec/s: 7714 rss: 36Mb L: 62/333 MS: 2 InsertRepeatedBytes-CrossOver-
#8007	REDUCE cov: 123 ft: 530 corp: 68/10266b lim: 333 exec/s: 8007 rss: 36Mb L: 162/333 MS: 3 ChangeByte-ChangeASCIIInt-EraseBytes-
#8148	NEW    cov: 123 ft: 531 corp: 69/10519b lim: 333 exec/s: 8148 rss: 36Mb L: 253/333 MS: 1 ChangeByte-
#8299	REDUCE cov: 123 ft: 531 corp: 69/10511b lim: 333 exec/s: 8299 rss: 36Mb L: 151/333 MS: 1 EraseBytes-
#8358	REDUCE cov: 123 ft: 531 corp: 69/10510b lim: 333 exec/s: 8358 rss: 36Mb L: 8/333 MS: 4 ShuffleBytes-CrossOver-ChangeByte-EraseBytes-
#9519	REDUCE cov: 123 ft: 531 corp: 69/10503b lim: 341 exec/s: 9519 rss: 36Mb L: 147/333 MS: 1 EraseBytes-
#9540	REDUCE cov: 123 ft: 531 corp: 69/10467b lim: 341 exec/s: 9540 rss: 36Mb L: 165/333 MS: 1 EraseBytes-
#9582	REDUCE cov: 123 ft: 531 corp: 69/10463b lim: 341 exec/s: 9582 rss: 36Mb L: 49/333 MS: 2 InsertByte-EraseBytes-
#9593	REDUCE cov: 123 ft: 531 corp: 69/10462b lim: 341 exec/s: 9593 rss: 36Mb L: 201/333 MS: 1 EraseBytes-
==271831== ERROR: libFuzzer: out-of-memory (used: 2223Mb; limit: 1024Mb)
   To change the out-of-memory limit use -rss_limit_mb=<N>

MS: 1 ChangeBinInt-; base unit: 6375e35a8dd0ead215744761ef4f63514b4b7f5e
artifact_prefix='/results/crashes/20260313_154815_9b71722f_'; Test unit written to /results/crashes/20260313_154815_9b71722f_oom-ae15366864f0262e85bbe1a09798270eff80cfc3
SUMMARY: libFuzzer: out-of-memory
stat::number_of_executed_units: 10219
stat::average_exec_per_sec:     3406
stat::new_units_added:          129
stat::slowest_unit_time_sec:    0
stat::peak_rss_mb:              2223
