INFO: Running with entropic power schedule (0xFF, 100).
INFO: Seed: 249420620
INFO: Loaded 1 modules   (252 inline 8-bit counters): 252 [0x56d0da437678, 0x56d0da437774), 
INFO: Loaded 1 PC tables (252 PCs): 252 [0x56d0da437778,0x56d0da438738), 
INFO:        4 files found in /tmp/corpus_20260313_173110_64b89af4
INFO: seed corpus: files: 4 min: 48b max: 333b total: 853b rss: 28Mb
#5	INITED cov: 117 ft: 250 corp: 4/853b exec/s: 0 rss: 29Mb
#6	NEW    cov: 118 ft: 265 corp: 5/1118b lim: 333 exec/s: 0 rss: 29Mb L: 265/333 MS: 1 InsertRepeatedBytes-
#7	NEW    cov: 118 ft: 266 corp: 6/1338b lim: 333 exec/s: 0 rss: 29Mb L: 220/333 MS: 1 ChangeByte-
#9	NEW    cov: 120 ft: 278 corp: 7/1562b lim: 333 exec/s: 0 rss: 29Mb L: 224/333 MS: 2 CrossOver-CMP- DE: "\010\000\000\000"-
#10	NEW    cov: 120 ft: 279 corp: 8/1787b lim: 333 exec/s: 0 rss: 29Mb L: 225/333 MS: 1 InsertByte-
#11	NEW    cov: 120 ft: 329 corp: 9/1813b lim: 333 exec/s: 0 rss: 29Mb L: 26/333 MS: 1 EraseBytes-
#12	NEW    cov: 120 ft: 345 corp: 10/1940b lim: 333 exec/s: 0 rss: 29Mb L: 127/333 MS: 1 CrossOver-
#13	NEW    cov: 120 ft: 346 corp: 11/2164b lim: 333 exec/s: 0 rss: 29Mb L: 224/333 MS: 1 CopyPart-
#16	NEW    cov: 120 ft: 351 corp: 12/2441b lim: 333 exec/s: 0 rss: 29Mb L: 277/333 MS: 3 PersAutoDict-PersAutoDict-CMP- DE: "\010\000\000\000"-"\010\000\000\000"-"rli+"-
#21	NEW    cov: 120 ft: 352 corp: 13/2707b lim: 333 exec/s: 0 rss: 29Mb L: 266/333 MS: 5 ChangeBit-InsertRepeatedBytes-PersAutoDict-ShuffleBytes-CMP- DE: "rli+"-"\001\000V\321\032e2\206"-
#22	NEW    cov: 121 ft: 353 corp: 14/2978b lim: 333 exec/s: 0 rss: 29Mb L: 271/333 MS: 1 CopyPart-
#24	NEW    cov: 121 ft: 354 corp: 15/3113b lim: 333 exec/s: 0 rss: 29Mb L: 135/333 MS: 2 ChangeByte-CMP- DE: "\001\000\000\000\000\000\000\177"-
#26	NEW    cov: 121 ft: 355 corp: 16/3333b lim: 333 exec/s: 0 rss: 29Mb L: 220/333 MS: 2 CMP-PersAutoDict- DE: "\001\000\000\000\000\000\000\004"-"rli+"-
#31	NEW    cov: 121 ft: 357 corp: 17/3604b lim: 333 exec/s: 0 rss: 29Mb L: 271/333 MS: 5 ChangeByte-ChangeByte-ChangeBit-CopyPart-CopyPart-
#34	NEW    cov: 122 ft: 365 corp: 18/3836b lim: 333 exec/s: 0 rss: 29Mb L: 232/333 MS: 3 CrossOver-ChangeBinInt-EraseBytes-
#40	NEW    cov: 122 ft: 372 corp: 19/3885b lim: 333 exec/s: 0 rss: 29Mb L: 49/333 MS: 1 InsertByte-
#41	NEW    cov: 122 ft: 373 corp: 20/3959b lim: 333 exec/s: 0 rss: 29Mb L: 74/333 MS: 1 EraseBytes-
#42	NEW    cov: 122 ft: 374 corp: 21/4183b lim: 333 exec/s: 0 rss: 29Mb L: 224/333 MS: 1 PersAutoDict- DE: "rli+"-
#45	NEW    cov: 123 ft: 375 corp: 22/4478b lim: 333 exec/s: 0 rss: 29Mb L: 295/333 MS: 3 InsertRepeatedBytes-CMP-PersAutoDict- DE: "stts"-"rli+"-
#54	NEW    cov: 123 ft: 376 corp: 23/4535b lim: 333 exec/s: 0 rss: 29Mb L: 57/333 MS: 4 ChangeBit-ChangeByte-CrossOver-InsertByte-
#63	NEW    cov: 123 ft: 377 corp: 24/4655b lim: 333 exec/s: 0 rss: 29Mb L: 120/333 MS: 4 ChangeBit-ChangeASCIIInt-ChangeByte-EraseBytes-
#65	NEW    cov: 123 ft: 378 corp: 25/4776b lim: 333 exec/s: 0 rss: 29Mb L: 121/333 MS: 2 CrossOver-InsertByte-
#66	NEW    cov: 123 ft: 382 corp: 26/4900b lim: 333 exec/s: 0 rss: 29Mb L: 124/333 MS: 1 CMP- DE: "\001\000\000 "-
#72	NEW    cov: 123 ft: 383 corp: 27/5193b lim: 333 exec/s: 0 rss: 29Mb L: 293/333 MS: 1 InsertRepeatedBytes-
#73	NEW    cov: 123 ft: 384 corp: 28/5325b lim: 333 exec/s: 0 rss: 29Mb L: 132/333 MS: 1 PersAutoDict- DE: "\001\000\000\000\000\000\000\177"-
#75	NEW    cov: 123 ft: 385 corp: 29/5408b lim: 333 exec/s: 0 rss: 29Mb L: 83/333 MS: 2 CrossOver-EraseBytes-
#79	REDUCE cov: 123 ft: 385 corp: 29/5273b lim: 333 exec/s: 0 rss: 29Mb L: 158/333 MS: 4 ChangeBit-ChangeByte-CrossOver-EraseBytes-
#84	NEW    cov: 123 ft: 386 corp: 30/5326b lim: 333 exec/s: 0 rss: 29Mb L: 53/333 MS: 5 ChangeBit-ChangeBinInt-CMP-ShuffleBytes-EraseBytes- DE: "tapt"-
#92	NEW    cov: 123 ft: 387 corp: 31/5414b lim: 333 exec/s: 0 rss: 29Mb L: 88/333 MS: 3 PersAutoDict-InsertByte-PersAutoDict- DE: "tapt"-"\001\000\000\000\000\000\000\177"-
#99	NEW    cov: 123 ft: 391 corp: 32/5444b lim: 333 exec/s: 0 rss: 29Mb L: 30/333 MS: 2 ChangeBinInt-PersAutoDict- DE: "\010\000\000\000"-
#103	NEW    cov: 123 ft: 397 corp: 33/5535b lim: 333 exec/s: 0 rss: 29Mb L: 91/333 MS: 4 ChangeBinInt-ChangeByte-InsertByte-CMP- DE: "\001\002"-
#163	NEW    cov: 123 ft: 401 corp: 34/5813b lim: 333 exec/s: 0 rss: 29Mb L: 278/333 MS: 5 ShuffleBytes-InsertRepeatedBytes-CrossOver-ChangeBit-InsertRepeatedBytes-
#184	NEW    cov: 123 ft: 408 corp: 35/6045b lim: 333 exec/s: 0 rss: 29Mb L: 232/333 MS: 1 CMP- DE: "stts"-
#194	NEW    cov: 123 ft: 409 corp: 36/6350b lim: 333 exec/s: 0 rss: 29Mb L: 305/333 MS: 5 ChangeBinInt-PersAutoDict-ChangeBit-InsertRepeatedBytes-CrossOver- DE: "\001\000V\321\032e2\206"-
#200	NEW    cov: 124 ft: 410 corp: 37/6352b lim: 333 exec/s: 0 rss: 29Mb L: 2/333 MS: 1 CrossOver-
#212	NEW    cov: 124 ft: 411 corp: 38/6594b lim: 333 exec/s: 0 rss: 29Mb L: 242/333 MS: 2 ChangeByte-InsertRepeatedBytes-
#219	NEW    cov: 124 ft: 412 corp: 39/6927b lim: 333 exec/s: 0 rss: 29Mb L: 333/333 MS: 2 CrossOver-ShuffleBytes-
#222	REDUCE cov: 124 ft: 412 corp: 39/6861b lim: 333 exec/s: 0 rss: 29Mb L: 166/333 MS: 3 ChangeByte-ChangeByte-EraseBytes-
#226	NEW    cov: 124 ft: 413 corp: 40/7159b lim: 333 exec/s: 0 rss: 29Mb L: 298/333 MS: 4 ShuffleBytes-CopyPart-ChangeBit-EraseBytes-
#236	NEW    cov: 124 ft: 421 corp: 41/7182b lim: 333 exec/s: 0 rss: 29Mb L: 23/333 MS: 5 ChangeASCIIInt-CMP-ShuffleBytes-CopyPart-CrossOver- DE: "\377\007"-
#237	NEW    cov: 124 ft: 426 corp: 42/7489b lim: 333 exec/s: 0 rss: 29Mb L: 307/333 MS: 1 CrossOver-
#239	NEW    cov: 124 ft: 440 corp: 43/7751b lim: 333 exec/s: 0 rss: 29Mb L: 262/333 MS: 2 ShuffleBytes-InsertRepeatedBytes-
#253	NEW    cov: 124 ft: 441 corp: 44/7913b lim: 333 exec/s: 0 rss: 29Mb L: 162/333 MS: 4 ShuffleBytes-ChangeByte-InsertRepeatedBytes-EraseBytes-
#256	NEW    cov: 124 ft: 442 corp: 45/7946b lim: 333 exec/s: 0 rss: 29Mb L: 33/333 MS: 3 EraseBytes-EraseBytes-CopyPart-
#269	NEW    cov: 124 ft: 452 corp: 46/7958b lim: 333 exec/s: 0 rss: 29Mb L: 12/333 MS: 3 InsertRepeatedBytes-CopyPart-CrossOver-
#276	NEW    cov: 124 ft: 453 corp: 47/8214b lim: 333 exec/s: 0 rss: 29Mb L: 256/333 MS: 2 ChangeBit-CMP- DE: "\377\377\377\037"-
#304	NEW    cov: 124 ft: 454 corp: 48/8532b lim: 333 exec/s: 0 rss: 29Mb L: 318/333 MS: 3 ChangeByte-ShuffleBytes-CopyPart-
#316	NEW    cov: 124 ft: 462 corp: 49/8555b lim: 333 exec/s: 0 rss: 29Mb L: 23/333 MS: 2 ChangeBit-EraseBytes-
#328	REDUCE cov: 124 ft: 466 corp: 50/8582b lim: 333 exec/s: 0 rss: 29Mb L: 27/333 MS: 2 InsertByte-CrossOver-
#349	REDUCE cov: 124 ft: 466 corp: 50/8576b lim: 333 exec/s: 0 rss: 29Mb L: 121/333 MS: 1 EraseBytes-
#357	NEW    cov: 124 ft: 467 corp: 51/8637b lim: 333 exec/s: 0 rss: 29Mb L: 61/333 MS: 3 ChangeBinInt-ShuffleBytes-CMP- DE: "x\000\000\000\000\000\000\000"-
#395	NEW    cov: 124 ft: 468 corp: 52/8706b lim: 333 exec/s: 0 rss: 29Mb L: 69/333 MS: 3 ChangeBinInt-ChangeBit-CMP- DE: "\001\000sjp\000`\320"-
#455	NEW    cov: 124 ft: 471 corp: 53/8714b lim: 333 exec/s: 0 rss: 29Mb L: 8/333 MS: 5 ShuffleBytes-ChangeBit-InsertByte-CMP-CopyPart- DE: "\000\000\000\030"-
#496	REDUCE cov: 124 ft: 471 corp: 53/8712b lim: 333 exec/s: 0 rss: 29Mb L: 21/333 MS: 1 EraseBytes-
#597	NEW    cov: 124 ft: 480 corp: 54/8736b lim: 333 exec/s: 0 rss: 29Mb L: 24/333 MS: 1 CrossOver-
#703	NEW    cov: 124 ft: 481 corp: 55/8749b lim: 333 exec/s: 0 rss: 29Mb L: 13/333 MS: 1 EraseBytes-
#745	REDUCE cov: 124 ft: 481 corp: 55/8748b lim: 333 exec/s: 0 rss: 29Mb L: 1/333 MS: 2 ChangeByte-EraseBytes-
#746	NEW    cov: 124 ft: 482 corp: 56/9027b lim: 333 exec/s: 0 rss: 29Mb L: 279/333 MS: 1 InsertRepeatedBytes-
#748	REDUCE cov: 124 ft: 482 corp: 56/8998b lim: 333 exec/s: 0 rss: 29Mb L: 278/333 MS: 2 CopyPart-EraseBytes-
#749	REDUCE cov: 124 ft: 482 corp: 56/8997b lim: 333 exec/s: 0 rss: 29Mb L: 22/333 MS: 1 EraseBytes-
#839	REDUCE cov: 124 ft: 482 corp: 56/8943b lim: 333 exec/s: 0 rss: 29Mb L: 188/333 MS: 5 CrossOver-InsertByte-EraseBytes-CrossOver-CrossOver-
#898	REDUCE cov: 124 ft: 486 corp: 57/9240b lim: 333 exec/s: 0 rss: 29Mb L: 297/333 MS: 4 ShuffleBytes-PersAutoDict-CrossOver-CopyPart- DE: "stts"-
#909	REDUCE cov: 124 ft: 486 corp: 57/9222b lim: 333 exec/s: 0 rss: 29Mb L: 102/333 MS: 1 EraseBytes-
#971	REDUCE cov: 124 ft: 486 corp: 57/9183b lim: 333 exec/s: 0 rss: 29Mb L: 93/333 MS: 2 ChangeByte-EraseBytes-
#1008	REDUCE cov: 124 ft: 486 corp: 57/9175b lim: 333 exec/s: 0 rss: 29Mb L: 16/333 MS: 2 InsertByte-EraseBytes-
#1010	REDUCE cov: 124 ft: 486 corp: 57/9173b lim: 333 exec/s: 0 rss: 29Mb L: 295/333 MS: 2 ChangeBit-EraseBytes-
#1042	NEW    cov: 124 ft: 487 corp: 58/9435b lim: 333 exec/s: 0 rss: 29Mb L: 262/333 MS: 2 ChangeBinInt-ChangeByte-
#1150	NEW    cov: 124 ft: 492 corp: 59/9732b lim: 333 exec/s: 0 rss: 29Mb L: 297/333 MS: 3 CopyPart-CrossOver-ChangeByte-
#1169	REDUCE cov: 124 ft: 492 corp: 59/9715b lim: 333 exec/s: 0 rss: 29Mb L: 66/333 MS: 4 ChangeByte-ChangeASCIIInt-InsertByte-EraseBytes-
#1195	REDUCE cov: 124 ft: 492 corp: 59/9711b lim: 333 exec/s: 0 rss: 29Mb L: 162/333 MS: 1 EraseBytes-
#1220	REDUCE cov: 124 ft: 492 corp: 59/9706b lim: 333 exec/s: 0 rss: 29Mb L: 130/333 MS: 5 ChangeByte-ChangeByte-InsertByte-CopyPart-EraseBytes-
#1293	REDUCE cov: 124 ft: 492 corp: 59/9680b lim: 333 exec/s: 0 rss: 29Mb L: 76/333 MS: 3 ShuffleBytes-EraseBytes-ChangeByte-
#1345	NEW    cov: 124 ft: 493 corp: 60/9944b lim: 333 exec/s: 0 rss: 29Mb L: 264/333 MS: 2 InsertByte-InsertByte-
#1394	NEW    cov: 124 ft: 494 corp: 61/10265b lim: 333 exec/s: 0 rss: 29Mb L: 321/333 MS: 4 InsertRepeatedBytes-ChangeBit-InsertByte-CopyPart-
#1600	REDUCE cov: 124 ft: 494 corp: 61/10264b lim: 333 exec/s: 0 rss: 29Mb L: 21/333 MS: 1 EraseBytes-
#1720	REDUCE cov: 124 ft: 494 corp: 61/10258b lim: 333 exec/s: 0 rss: 29Mb L: 82/333 MS: 5 ShuffleBytes-ChangeASCIIInt-ChangeASCIIInt-EraseBytes-CMP- DE: "\001\000\000\016"-
#1800	NEW    cov: 124 ft: 495 corp: 62/10566b lim: 333 exec/s: 0 rss: 29Mb L: 308/333 MS: 5 EraseBytes-InsertByte-CrossOver-ChangeByte-InsertRepeatedBytes-
#1814	REDUCE cov: 124 ft: 495 corp: 62/10563b lim: 333 exec/s: 0 rss: 29Mb L: 185/333 MS: 4 CopyPart-ChangeBit-EraseBytes-CrossOver-
#1859	REDUCE cov: 124 ft: 495 corp: 62/10539b lim: 333 exec/s: 0 rss: 29Mb L: 228/333 MS: 5 EraseBytes-ChangeBit-InsertRepeatedBytes-ChangeByte-EraseBytes-
#1860	REDUCE cov: 124 ft: 495 corp: 62/10537b lim: 333 exec/s: 0 rss: 29Mb L: 276/333 MS: 1 CrossOver-
#1911	REDUCE cov: 124 ft: 495 corp: 62/10532b lim: 333 exec/s: 0 rss: 29Mb L: 28/333 MS: 1 EraseBytes-
#1937	REDUCE cov: 124 ft: 495 corp: 62/10529b lim: 333 exec/s: 0 rss: 29Mb L: 18/333 MS: 1 EraseBytes-
#2046	NEW    cov: 124 ft: 496 corp: 63/10794b lim: 333 exec/s: 0 rss: 29Mb L: 265/333 MS: 4 ShuffleBytes-ChangeByte-ChangeByte-InsertByte-
#2080	NEW    cov: 124 ft: 499 corp: 64/11065b lim: 333 exec/s: 0 rss: 29Mb L: 271/333 MS: 4 ChangeBinInt-ChangeBit-CMP-CopyPart- DE: "frma"-
#2131	REDUCE cov: 124 ft: 499 corp: 64/10966b lim: 333 exec/s: 0 rss: 29Mb L: 172/333 MS: 1 EraseBytes-
#2166	REDUCE cov: 124 ft: 499 corp: 64/10963b lim: 333 exec/s: 0 rss: 29Mb L: 58/333 MS: 5 CopyPart-ChangeBit-ShuffleBytes-ChangeASCIIInt-EraseBytes-
#2206	REDUCE cov: 124 ft: 499 corp: 64/10913b lim: 333 exec/s: 0 rss: 29Mb L: 215/333 MS: 5 ChangeBit-InsertByte-PersAutoDict-ChangeByte-EraseBytes- DE: "\377\377\377\037"-
#2280	REDUCE cov: 124 ft: 499 corp: 64/10898b lim: 333 exec/s: 0 rss: 29Mb L: 143/333 MS: 4 ChangeByte-CopyPart-ShuffleBytes-EraseBytes-
#2350	REDUCE cov: 124 ft: 499 corp: 64/10895b lim: 333 exec/s: 0 rss: 29Mb L: 273/333 MS: 5 PersAutoDict-CopyPart-ChangeBit-EraseBytes-InsertRepeatedBytes- DE: "\001\000\000 "-
#2588	REDUCE cov: 124 ft: 499 corp: 64/10887b lim: 333 exec/s: 0 rss: 29Mb L: 135/333 MS: 3 InsertByte-EraseBytes-CMP- DE: "\271\234\000pjs\000\000"-
#2723	NEW    cov: 124 ft: 500 corp: 65/11219b lim: 333 exec/s: 0 rss: 29Mb L: 332/333 MS: 5 ChangeBit-PersAutoDict-InsertRepeatedBytes-CMP-CrossOver- DE: "frma"-"8\000\000\000\000\000\000\000"-
#2756	REDUCE cov: 124 ft: 500 corp: 65/11154b lim: 333 exec/s: 0 rss: 29Mb L: 206/333 MS: 3 CMP-ShuffleBytes-EraseBytes- DE: "stbl"-
#2761	REDUCE cov: 124 ft: 500 corp: 65/11122b lim: 333 exec/s: 0 rss: 29Mb L: 301/333 MS: 5 ChangeBit-ChangeBinInt-ChangeBinInt-ShuffleBytes-EraseBytes-
#2763	REDUCE cov: 124 ft: 500 corp: 65/11118b lim: 333 exec/s: 0 rss: 29Mb L: 269/333 MS: 2 PersAutoDict-EraseBytes- DE: "\000\000\000\030"-
#2811	REDUCE cov: 124 ft: 500 corp: 65/11085b lim: 333 exec/s: 0 rss: 29Mb L: 139/333 MS: 3 PersAutoDict-ShuffleBytes-EraseBytes- DE: "8\000\000\000\000\000\000\000"-
#2820	REDUCE cov: 124 ft: 500 corp: 65/11020b lim: 333 exec/s: 0 rss: 29Mb L: 197/333 MS: 4 ChangeBit-InsertByte-CMP-EraseBytes- DE: "hvc1"-
#2908	REDUCE cov: 124 ft: 500 corp: 65/11017b lim: 333 exec/s: 0 rss: 29Mb L: 24/333 MS: 3 ChangeBit-ChangeBinInt-EraseBytes-
#3051	REDUCE cov: 124 ft: 500 corp: 65/11016b lim: 333 exec/s: 0 rss: 29Mb L: 268/333 MS: 3 CrossOver-ChangeASCIIInt-InsertRepeatedBytes-
#3122	REDUCE cov: 124 ft: 500 corp: 65/10982b lim: 333 exec/s: 0 rss: 29Mb L: 232/333 MS: 1 EraseBytes-
#3296	REDUCE cov: 124 ft: 500 corp: 65/10922b lim: 333 exec/s: 0 rss: 29Mb L: 64/333 MS: 4 CMP-ShuffleBytes-ShuffleBytes-EraseBytes- DE: "\031\032\032\032"-
#3703	REDUCE cov: 124 ft: 500 corp: 65/10912b lim: 333 exec/s: 0 rss: 29Mb L: 54/333 MS: 2 ChangeBit-EraseBytes-
#4145	REDUCE cov: 124 ft: 500 corp: 65/10907b lim: 333 exec/s: 0 rss: 29Mb L: 290/333 MS: 2 PersAutoDict-EraseBytes- DE: "\001\000V\321\032e2\206"-
#4244	REDUCE cov: 124 ft: 500 corp: 65/10875b lim: 333 exec/s: 0 rss: 29Mb L: 192/333 MS: 4 InsertByte-EraseBytes-ChangeByte-InsertByte-
#4376	REDUCE cov: 124 ft: 500 corp: 65/10857b lim: 333 exec/s: 0 rss: 29Mb L: 56/333 MS: 2 EraseBytes-CMP- DE: "\003\000"-
#4577	REDUCE cov: 124 ft: 500 corp: 65/10853b lim: 333 exec/s: 0 rss: 29Mb L: 49/333 MS: 1 EraseBytes-
#4690	REDUCE cov: 124 ft: 500 corp: 65/10826b lim: 333 exec/s: 0 rss: 29Mb L: 27/333 MS: 3 EraseBytes-EraseBytes-CrossOver-
#4726	REDUCE cov: 124 ft: 500 corp: 65/10769b lim: 333 exec/s: 0 rss: 29Mb L: 221/333 MS: 1 EraseBytes-
#4838	REDUCE cov: 124 ft: 500 corp: 65/10702b lim: 333 exec/s: 0 rss: 29Mb L: 251/333 MS: 2 ShuffleBytes-EraseBytes-
#4839	REDUCE cov: 124 ft: 500 corp: 65/10665b lim: 333 exec/s: 0 rss: 29Mb L: 160/333 MS: 1 EraseBytes-
#4945	REDUCE cov: 124 ft: 500 corp: 65/10654b lim: 333 exec/s: 0 rss: 29Mb L: 151/333 MS: 1 EraseBytes-
#5187	REDUCE cov: 124 ft: 500 corp: 65/10647b lim: 333 exec/s: 0 rss: 29Mb L: 59/333 MS: 2 ChangeBit-EraseBytes-
#5195	REDUCE cov: 124 ft: 500 corp: 65/10644b lim: 333 exec/s: 0 rss: 29Mb L: 221/333 MS: 3 CrossOver-InsertRepeatedBytes-EraseBytes-
#5246	REDUCE cov: 124 ft: 500 corp: 65/10633b lim: 333 exec/s: 0 rss: 29Mb L: 195/333 MS: 1 EraseBytes-
#5316	REDUCE cov: 124 ft: 500 corp: 65/10614b lim: 333 exec/s: 0 rss: 29Mb L: 209/333 MS: 5 CopyPart-ChangeByte-ChangeByte-CopyPart-EraseBytes-
#5442	NEW    cov: 124 ft: 501 corp: 66/10835b lim: 333 exec/s: 0 rss: 29Mb L: 221/333 MS: 1 InsertByte-
#5504	REDUCE cov: 124 ft: 501 corp: 66/10832b lim: 333 exec/s: 0 rss: 29Mb L: 56/333 MS: 2 CMP-EraseBytes- DE: "^\000\000\000"-
#5511	REDUCE cov: 124 ft: 501 corp: 66/10820b lim: 333 exec/s: 0 rss: 29Mb L: 16/333 MS: 2 ShuffleBytes-EraseBytes-
#5692	REDUCE cov: 124 ft: 501 corp: 66/10792b lim: 333 exec/s: 0 rss: 29Mb L: 123/333 MS: 1 EraseBytes-
#5788	REDUCE cov: 124 ft: 501 corp: 66/10747b lim: 333 exec/s: 0 rss: 29Mb L: 78/333 MS: 1 EraseBytes-
#5920	REDUCE cov: 124 ft: 501 corp: 66/10746b lim: 333 exec/s: 0 rss: 29Mb L: 219/333 MS: 2 ChangeBinInt-CrossOver-
#6059	REDUCE cov: 124 ft: 501 corp: 66/10719b lim: 333 exec/s: 0 rss: 29Mb L: 268/333 MS: 4 ShuffleBytes-CrossOver-ChangeBit-CopyPart-
#6095	REDUCE cov: 124 ft: 501 corp: 66/10659b lim: 333 exec/s: 0 rss: 29Mb L: 161/333 MS: 1 EraseBytes-
#6226	REDUCE cov: 124 ft: 501 corp: 66/10647b lim: 333 exec/s: 0 rss: 29Mb L: 203/333 MS: 1 EraseBytes-
#6279	REDUCE cov: 124 ft: 501 corp: 66/10644b lim: 333 exec/s: 0 rss: 29Mb L: 222/333 MS: 3 PersAutoDict-CrossOver-EraseBytes- DE: "rli+"-
#6671	REDUCE cov: 124 ft: 501 corp: 66/10639b lim: 333 exec/s: 6671 rss: 29Mb L: 11/333 MS: 5 CopyPart-InsertByte-ChangeBinInt-ChangeBit-EraseBytes-
#7092	REDUCE cov: 124 ft: 501 corp: 66/10635b lim: 333 exec/s: 7092 rss: 29Mb L: 65/333 MS: 1 EraseBytes-
#7108	REDUCE cov: 124 ft: 501 corp: 66/10594b lim: 333 exec/s: 7108 rss: 29Mb L: 98/333 MS: 1 EraseBytes-
#7195	REDUCE cov: 124 ft: 501 corp: 66/10582b lim: 333 exec/s: 7195 rss: 29Mb L: 79/333 MS: 2 EraseBytes-InsertRepeatedBytes-
#7284	REDUCE cov: 124 ft: 501 corp: 66/10560b lim: 333 exec/s: 7284 rss: 29Mb L: 43/333 MS: 4 EraseBytes-PersAutoDict-ShuffleBytes-EraseBytes- DE: "\271\234\000pjs\000\000"-
#7481	REDUCE cov: 124 ft: 501 corp: 66/10557b lim: 333 exec/s: 7481 rss: 29Mb L: 157/333 MS: 2 ChangeBinInt-EraseBytes-
#7683	REDUCE cov: 124 ft: 502 corp: 67/10778b lim: 333 exec/s: 7683 rss: 29Mb L: 221/333 MS: 2 ChangeByte-ChangeBit-
#7685	REDUCE cov: 124 ft: 502 corp: 67/10745b lim: 333 exec/s: 7685 rss: 29Mb L: 162/333 MS: 2 ShuffleBytes-CrossOver-
#8063	REDUCE cov: 124 ft: 502 corp: 67/10743b lim: 333 exec/s: 8063 rss: 29Mb L: 190/333 MS: 3 ChangeBit-ChangeBit-EraseBytes-
#8238	REDUCE cov: 124 ft: 502 corp: 67/10741b lim: 333 exec/s: 8238 rss: 29Mb L: 11/333 MS: 5 ChangeByte-CopyPart-ChangeByte-EraseBytes-EraseBytes-
#8271	REDUCE cov: 124 ft: 502 corp: 67/10739b lim: 333 exec/s: 8271 rss: 29Mb L: 9/333 MS: 3 EraseBytes-InsertByte-InsertByte-
#8338	REDUCE cov: 124 ft: 502 corp: 67/10693b lim: 333 exec/s: 8338 rss: 29Mb L: 175/333 MS: 2 CopyPart-EraseBytes-
#8429	REDUCE cov: 124 ft: 502 corp: 67/10691b lim: 333 exec/s: 8429 rss: 29Mb L: 173/333 MS: 1 EraseBytes-
#8531	REDUCE cov: 124 ft: 502 corp: 67/10619b lim: 333 exec/s: 8531 rss: 29Mb L: 179/333 MS: 2 ShuffleBytes-EraseBytes-
#8789	REDUCE cov: 124 ft: 502 corp: 67/10596b lim: 333 exec/s: 8789 rss: 29Mb L: 209/333 MS: 3 PersAutoDict-EraseBytes-InsertByte- DE: "\377\377\377\037"-
#8831	REDUCE cov: 124 ft: 502 corp: 67/10594b lim: 333 exec/s: 8831 rss: 29Mb L: 77/333 MS: 2 EraseBytes-InsertByte-
#8862	REDUCE cov: 124 ft: 502 corp: 67/10593b lim: 333 exec/s: 8862 rss: 29Mb L: 25/333 MS: 1 EraseBytes-
#9203	REDUCE cov: 124 ft: 502 corp: 67/10591b lim: 333 exec/s: 9203 rss: 29Mb L: 19/333 MS: 1 EraseBytes-
#9789	REDUCE cov: 124 ft: 502 corp: 67/10584b lim: 333 exec/s: 9789 rss: 29Mb L: 91/333 MS: 1 EraseBytes-
#9795	REDUCE cov: 124 ft: 502 corp: 67/10551b lim: 333 exec/s: 9795 rss: 29Mb L: 140/333 MS: 1 EraseBytes-
#9984	REDUCE cov: 124 ft: 502 corp: 67/10519b lim: 333 exec/s: 9984 rss: 29Mb L: 266/333 MS: 4 InsertRepeatedBytes-InsertRepeatedBytes-CopyPart-CrossOver-
#10195	REDUCE cov: 124 ft: 502 corp: 67/10500b lim: 333 exec/s: 10195 rss: 29Mb L: 260/333 MS: 1 EraseBytes-
#10297	REDUCE cov: 124 ft: 502 corp: 67/10495b lim: 333 exec/s: 10297 rss: 29Mb L: 22/333 MS: 2 ChangeBit-EraseBytes-
#10354	REDUCE cov: 124 ft: 502 corp: 67/10463b lim: 333 exec/s: 10354 rss: 29Mb L: 89/333 MS: 2 EraseBytes-InsertRepeatedBytes-
#10380	REDUCE cov: 124 ft: 502 corp: 67/10459b lim: 333 exec/s: 10380 rss: 29Mb L: 74/333 MS: 1 EraseBytes-
#10466	REDUCE cov: 124 ft: 502 corp: 67/10445b lim: 333 exec/s: 10466 rss: 29Mb L: 77/333 MS: 1 EraseBytes-
#10598	REDUCE cov: 124 ft: 502 corp: 67/10428b lim: 333 exec/s: 10598 rss: 29Mb L: 168/333 MS: 2 CrossOver-EraseBytes-
#10616	REDUCE cov: 124 ft: 502 corp: 67/10422b lim: 333 exec/s: 10616 rss: 29Mb L: 129/333 MS: 3 InsertByte-ChangeBinInt-EraseBytes-
#10661	REDUCE cov: 124 ft: 502 corp: 67/10416b lim: 333 exec/s: 10661 rss: 29Mb L: 162/333 MS: 5 ChangeBit-ChangeBinInt-InsertRepeatedBytes-ChangeBit-EraseBytes-
#11326	REDUCE cov: 124 ft: 502 corp: 67/10410b lim: 333 exec/s: 11326 rss: 29Mb L: 216/333 MS: 5 PersAutoDict-PersAutoDict-CrossOver-ChangeBinInt-CrossOver- DE: "\001\000\000\000\000\000\000\177"-"\031\032\032\032"-
==600987== ERROR: libFuzzer: out-of-memory (used: 1910Mb; limit: 1024Mb)
   To change the out-of-memory limit use -rss_limit_mb=<N>

MS: 4 CrossOver-InsertRepeatedBytes-CMP-CMP- DE: "stss"-"hvc1"-; base unit: 203b7475374de8992bda20f713da45cd817f6782
artifact_prefix='/results/crashes/20260313_173110_64b89af4_'; Test unit written to /results/crashes/20260313_173110_64b89af4_oom-2396b844475949093b024229ba4a10f879b61db4
SUMMARY: libFuzzer: out-of-memory
stat::number_of_executed_units: 11350
stat::average_exec_per_sec:     3783
stat::new_units_added:          153
stat::slowest_unit_time_sec:    0
stat::peak_rss_mb:              1911
