INFO: Running with entropic power schedule (0xFF, 100).
INFO: Seed: 3319515082
INFO: Loaded 1 modules   (252 inline 8-bit counters): 252 [0x5f2786666678, 0x5f2786666774), 
INFO: Loaded 1 PC tables (252 PCs): 252 [0x5f2786666778,0x5f2786667738), 
INFO:        4 files found in /tmp/corpus_20260313_152815_f80ca6a8
INFO: seed corpus: files: 4 min: 48b max: 333b total: 853b rss: 28Mb
#5	INITED cov: 117 ft: 250 corp: 4/853b exec/s: 0 rss: 29Mb
#7	NEW    cov: 117 ft: 270 corp: 5/1180b lim: 333 exec/s: 0 rss: 29Mb L: 327/333 MS: 2 ChangeBinInt-InsertRepeatedBytes-
#9	NEW    cov: 119 ft: 283 corp: 6/1510b lim: 333 exec/s: 0 rss: 29Mb L: 330/333 MS: 2 ChangeBinInt-InsertRepeatedBytes-
#17	NEW    cov: 119 ft: 284 corp: 7/1843b lim: 333 exec/s: 0 rss: 29Mb L: 333/333 MS: 3 ShuffleBytes-ChangeByte-CopyPart-
#18	NEW    cov: 119 ft: 285 corp: 8/1987b lim: 333 exec/s: 0 rss: 29Mb L: 144/333 MS: 1 EraseBytes-
#22	NEW    cov: 120 ft: 322 corp: 9/2207b lim: 333 exec/s: 0 rss: 29Mb L: 220/333 MS: 4 ChangeBinInt-ShuffleBytes-CMP-ShuffleBytes- DE: "E@\004\232'_\000\000"-
#23	NEW    cov: 121 ft: 323 corp: 10/2427b lim: 333 exec/s: 0 rss: 29Mb L: 220/333 MS: 1 ChangeBit-
#26	NEW    cov: 121 ft: 329 corp: 11/2571b lim: 333 exec/s: 0 rss: 29Mb L: 144/333 MS: 3 ChangeByte-CrossOver-CopyPart-
#33	NEW    cov: 121 ft: 342 corp: 12/2588b lim: 333 exec/s: 0 rss: 29Mb L: 17/333 MS: 2 ChangeBit-CrossOver-
#35	NEW    cov: 121 ft: 346 corp: 13/2636b lim: 333 exec/s: 0 rss: 29Mb L: 48/333 MS: 2 ChangeASCIIInt-ChangeBit-
#36	NEW    cov: 121 ft: 360 corp: 14/2857b lim: 333 exec/s: 0 rss: 29Mb L: 221/333 MS: 1 InsertByte-
#40	NEW    cov: 121 ft: 366 corp: 15/3163b lim: 333 exec/s: 0 rss: 29Mb L: 306/333 MS: 4 InsertByte-ChangeASCIIInt-ShuffleBytes-CrossOver-
#41	NEW    cov: 121 ft: 373 corp: 16/3211b lim: 333 exec/s: 0 rss: 29Mb L: 48/333 MS: 1 ChangeBit-
#42	NEW    cov: 121 ft: 375 corp: 17/3544b lim: 333 exec/s: 0 rss: 29Mb L: 333/333 MS: 1 CopyPart-
#48	NEW    cov: 121 ft: 380 corp: 18/3576b lim: 333 exec/s: 0 rss: 29Mb L: 32/333 MS: 1 EraseBytes-
#54	NEW    cov: 121 ft: 381 corp: 19/3791b lim: 333 exec/s: 0 rss: 29Mb L: 215/333 MS: 1 EraseBytes-
#65	NEW    cov: 121 ft: 390 corp: 20/3816b lim: 333 exec/s: 0 rss: 29Mb L: 25/333 MS: 1 CMP- DE: "\000\000\000\000\000\000\000p"-
#68	NEW    cov: 121 ft: 391 corp: 21/3968b lim: 333 exec/s: 0 rss: 29Mb L: 152/333 MS: 3 InsertRepeatedBytes-CopyPart-InsertByte-
#71	NEW    cov: 121 ft: 401 corp: 22/3999b lim: 333 exec/s: 0 rss: 29Mb L: 31/333 MS: 3 ShuffleBytes-CrossOver-EraseBytes-
#73	NEW    cov: 121 ft: 411 corp: 23/4274b lim: 333 exec/s: 0 rss: 29Mb L: 275/333 MS: 2 CMP-InsertRepeatedBytes- DE: "\333\014\005\232'_\000\000"-
#81	NEW    cov: 121 ft: 412 corp: 24/4460b lim: 333 exec/s: 0 rss: 29Mb L: 186/333 MS: 3 ChangeBit-CopyPart-EraseBytes-
#84	NEW    cov: 121 ft: 413 corp: 25/4676b lim: 333 exec/s: 0 rss: 29Mb L: 216/333 MS: 3 ShuffleBytes-ChangeByte-InsertByte-
#86	NEW    cov: 121 ft: 414 corp: 26/4873b lim: 333 exec/s: 0 rss: 29Mb L: 197/333 MS: 2 ChangeBinInt-EraseBytes-
#99	NEW    cov: 121 ft: 418 corp: 27/5200b lim: 333 exec/s: 0 rss: 29Mb L: 327/333 MS: 3 CMP-PersAutoDict-CopyPart- DE: "\377\377\377\377\377\377\377\344"-"\000\000\000\000\000\000\000p"-
#104	NEW    cov: 121 ft: 419 corp: 28/5491b lim: 333 exec/s: 0 rss: 29Mb L: 291/333 MS: 5 InsertByte-InsertRepeatedBytes-ChangeByte-InsertByte-EraseBytes-
#107	NEW    cov: 121 ft: 427 corp: 29/5616b lim: 333 exec/s: 0 rss: 29Mb L: 125/333 MS: 3 CMP-ShuffleBytes-EraseBytes- DE: "\377\377\377\007"-
#114	REDUCE cov: 121 ft: 427 corp: 29/5606b lim: 333 exec/s: 0 rss: 29Mb L: 323/333 MS: 2 ChangeBit-CrossOver-
#123	REDUCE cov: 121 ft: 427 corp: 29/5459b lim: 333 exec/s: 0 rss: 29Mb L: 176/333 MS: 4 InsertByte-CrossOver-ChangeBit-EraseBytes-
#132	NEW    cov: 121 ft: 428 corp: 30/5727b lim: 333 exec/s: 0 rss: 29Mb L: 268/333 MS: 4 InsertRepeatedBytes-InsertRepeatedBytes-ChangeByte-EraseBytes-
#133	NEW    cov: 121 ft: 429 corp: 31/6060b lim: 333 exec/s: 0 rss: 29Mb L: 333/333 MS: 1 CrossOver-
#137	REDUCE cov: 121 ft: 429 corp: 31/6059b lim: 333 exec/s: 0 rss: 29Mb L: 30/333 MS: 4 ChangeBit-ShuffleBytes-ChangeBinInt-EraseBytes-
#151	NEW    cov: 121 ft: 430 corp: 32/6228b lim: 333 exec/s: 0 rss: 29Mb L: 169/333 MS: 4 ShuffleBytes-CrossOver-CopyPart-ChangeBinInt-
#152	NEW    cov: 122 ft: 432 corp: 33/6561b lim: 333 exec/s: 0 rss: 29Mb L: 333/333 MS: 1 ShuffleBytes-
#155	NEW    cov: 122 ft: 445 corp: 34/6575b lim: 333 exec/s: 0 rss: 29Mb L: 14/333 MS: 3 CrossOver-ChangeBinInt-CrossOver-
#159	REDUCE cov: 122 ft: 445 corp: 34/6555b lim: 333 exec/s: 0 rss: 29Mb L: 195/333 MS: 4 InsertByte-InsertRepeatedBytes-CopyPart-EraseBytes-
#160	NEW    cov: 122 ft: 446 corp: 35/6607b lim: 333 exec/s: 0 rss: 29Mb L: 52/333 MS: 1 InsertRepeatedBytes-
#170	NEW    cov: 122 ft: 447 corp: 36/6908b lim: 333 exec/s: 0 rss: 29Mb L: 301/333 MS: 5 CopyPart-ChangeByte-ChangeBinInt-ChangeByte-EraseBytes-
#176	NEW    cov: 122 ft: 448 corp: 37/7128b lim: 333 exec/s: 0 rss: 29Mb L: 220/333 MS: 1 CopyPart-
#177	NEW    cov: 122 ft: 453 corp: 38/7236b lim: 333 exec/s: 0 rss: 29Mb L: 108/333 MS: 1 CrossOver-
#178	NEW    cov: 122 ft: 459 corp: 39/7566b lim: 333 exec/s: 0 rss: 29Mb L: 330/333 MS: 1 CrossOver-
#199	NEW    cov: 122 ft: 464 corp: 40/7735b lim: 333 exec/s: 0 rss: 29Mb L: 169/333 MS: 1 CMP- DE: "\377\377\377\037"-
#200	NEW    cov: 122 ft: 465 corp: 41/7798b lim: 333 exec/s: 0 rss: 29Mb L: 63/333 MS: 1 CrossOver-
#218	NEW    cov: 122 ft: 469 corp: 42/8127b lim: 333 exec/s: 0 rss: 29Mb L: 329/333 MS: 3 CopyPart-CrossOver-CMP- DE: "\377\377\377\377"-
#239	NEW    cov: 122 ft: 470 corp: 43/8399b lim: 333 exec/s: 0 rss: 29Mb L: 272/333 MS: 1 CMP- DE: "ipma"-
#250	REDUCE cov: 122 ft: 470 corp: 43/8383b lim: 333 exec/s: 0 rss: 29Mb L: 153/333 MS: 1 EraseBytes-
#258	NEW    cov: 122 ft: 471 corp: 44/8495b lim: 333 exec/s: 0 rss: 29Mb L: 112/333 MS: 3 ChangeBinInt-ChangeByte-PersAutoDict- DE: "\377\377\377\037"-
#299	REDUCE cov: 122 ft: 471 corp: 44/8491b lim: 333 exec/s: 0 rss: 29Mb L: 10/333 MS: 1 EraseBytes-
#358	REDUCE cov: 122 ft: 471 corp: 44/8427b lim: 333 exec/s: 0 rss: 29Mb L: 156/333 MS: 4 InsertRepeatedBytes-ChangeByte-EraseBytes-InsertByte-
#362	NEW    cov: 122 ft: 472 corp: 45/8746b lim: 333 exec/s: 0 rss: 29Mb L: 319/333 MS: 4 CrossOver-ChangeBit-CopyPart-CopyPart-
#407	NEW    cov: 122 ft: 473 corp: 46/8785b lim: 333 exec/s: 0 rss: 29Mb L: 39/333 MS: 5 ShuffleBytes-InsertByte-EraseBytes-ChangeByte-CMP- DE: " \000\000\000\000\000\000\000"-
#421	NEW    cov: 122 ft: 478 corp: 47/8860b lim: 333 exec/s: 0 rss: 29Mb L: 75/333 MS: 4 CMP-CMP-CrossOver-CMP- DE: "\016\000\000\000"-"{-\006\232'_\000\000"-"urn "-
#460	REDUCE cov: 122 ft: 478 corp: 47/8843b lim: 333 exec/s: 0 rss: 29Mb L: 312/333 MS: 4 InsertByte-PersAutoDict-EraseBytes-PersAutoDict- DE: "\377\377\377\037"-"\333\014\005\232'_\000\000"-
#551	NEW    cov: 122 ft: 479 corp: 48/8936b lim: 333 exec/s: 0 rss: 29Mb L: 93/333 MS: 1 CopyPart-
#573	NEW    cov: 122 ft: 480 corp: 49/9212b lim: 333 exec/s: 0 rss: 29Mb L: 276/333 MS: 2 CrossOver-InsertByte-
#575	REDUCE cov: 122 ft: 480 corp: 49/9171b lim: 333 exec/s: 0 rss: 29Mb L: 156/333 MS: 2 CrossOver-EraseBytes-
#607	NEW    cov: 122 ft: 481 corp: 50/9219b lim: 333 exec/s: 0 rss: 29Mb L: 48/333 MS: 2 ChangeBit-CMP- DE: "\000%"-
#621	NEW    cov: 122 ft: 482 corp: 51/9227b lim: 333 exec/s: 0 rss: 29Mb L: 8/333 MS: 4 ChangeByte-CopyPart-ChangeBinInt-CrossOver-
#699	NEW    cov: 123 ft: 483 corp: 52/9232b lim: 333 exec/s: 0 rss: 29Mb L: 5/333 MS: 3 ChangeBit-EraseBytes-EraseBytes-
#714	REDUCE cov: 123 ft: 484 corp: 53/9498b lim: 333 exec/s: 0 rss: 29Mb L: 266/333 MS: 5 PersAutoDict-CopyPart-InsertByte-ChangeASCIIInt-CopyPart- DE: "\000%"-
#783	REDUCE cov: 123 ft: 484 corp: 53/9494b lim: 333 exec/s: 0 rss: 29Mb L: 172/333 MS: 4 CMP-EraseBytes-ShuffleBytes-InsertRepeatedBytes- DE: "\001\000_'\232\006+\355"-
#795	REDUCE cov: 123 ft: 484 corp: 53/9493b lim: 333 exec/s: 0 rss: 29Mb L: 51/333 MS: 2 ChangeBinInt-EraseBytes-
#843	REDUCE cov: 123 ft: 484 corp: 53/9447b lim: 333 exec/s: 0 rss: 29Mb L: 79/333 MS: 3 ChangeBinInt-CMP-EraseBytes- DE: "mdhd"-
#864	REDUCE cov: 123 ft: 484 corp: 53/9373b lim: 333 exec/s: 0 rss: 29Mb L: 147/333 MS: 1 EraseBytes-
#964	NEW    cov: 123 ft: 487 corp: 54/9536b lim: 333 exec/s: 0 rss: 29Mb L: 163/333 MS: 5 CopyPart-ChangeBit-ChangeByte-CMP-EraseBytes- DE: "\000\000\000\000"-
#1011	REDUCE cov: 123 ft: 487 corp: 54/9526b lim: 333 exec/s: 0 rss: 29Mb L: 65/333 MS: 2 InsertByte-EraseBytes-
#1028	NEW    cov: 123 ft: 488 corp: 55/9802b lim: 333 exec/s: 0 rss: 29Mb L: 276/333 MS: 2 ShuffleBytes-ChangeBinInt-
#1295	REDUCE cov: 123 ft: 488 corp: 55/9795b lim: 333 exec/s: 0 rss: 29Mb L: 41/333 MS: 2 ChangeBit-EraseBytes-
#1690	NEW    cov: 123 ft: 496 corp: 56/9870b lim: 333 exec/s: 0 rss: 29Mb L: 75/333 MS: 5 PersAutoDict-ShuffleBytes-ChangeBit-PersAutoDict-ChangeBinInt- DE: "\000\000\000\000\000\000\000p"-"ipma"-
#1698	REDUCE cov: 123 ft: 496 corp: 56/9869b lim: 333 exec/s: 0 rss: 29Mb L: 4/333 MS: 3 InsertByte-CopyPart-EraseBytes-
#1764	NEW    cov: 123 ft: 497 corp: 57/10202b lim: 333 exec/s: 0 rss: 29Mb L: 333/333 MS: 1 CrossOver-
#1783	REDUCE cov: 123 ft: 497 corp: 57/10201b lim: 333 exec/s: 0 rss: 29Mb L: 3/333 MS: 4 ChangeBit-CrossOver-ChangeBinInt-EraseBytes-
#1862	REDUCE cov: 123 ft: 497 corp: 57/10150b lim: 333 exec/s: 0 rss: 29Mb L: 201/333 MS: 4 InsertByte-ChangeBit-CrossOver-EraseBytes-
#2103	REDUCE cov: 123 ft: 497 corp: 57/10149b lim: 333 exec/s: 0 rss: 29Mb L: 2/333 MS: 1 EraseBytes-
#2300	NEW    cov: 123 ft: 498 corp: 58/10443b lim: 333 exec/s: 0 rss: 29Mb L: 294/333 MS: 2 CopyPart-EraseBytes-
#2336	REDUCE cov: 123 ft: 498 corp: 58/10442b lim: 333 exec/s: 0 rss: 29Mb L: 1/333 MS: 1 EraseBytes-
#2348	REDUCE cov: 123 ft: 498 corp: 58/10416b lim: 333 exec/s: 0 rss: 29Mb L: 307/333 MS: 2 ChangeByte-CrossOver-
#2367	REDUCE cov: 123 ft: 498 corp: 58/10386b lim: 333 exec/s: 0 rss: 29Mb L: 117/333 MS: 4 CopyPart-CopyPart-InsertByte-EraseBytes-
#2393	REDUCE cov: 123 ft: 498 corp: 58/10342b lim: 333 exec/s: 0 rss: 29Mb L: 176/333 MS: 1 EraseBytes-
#2534	REDUCE cov: 123 ft: 498 corp: 58/10329b lim: 333 exec/s: 0 rss: 29Mb L: 317/333 MS: 1 EraseBytes-
#2558	NEW    cov: 123 ft: 501 corp: 59/10467b lim: 333 exec/s: 0 rss: 29Mb L: 138/333 MS: 4 ChangeByte-ChangeByte-PersAutoDict-EraseBytes- DE: "\377\377\377\377"-
#2578	REDUCE cov: 123 ft: 501 corp: 59/10458b lim: 333 exec/s: 0 rss: 29Mb L: 70/333 MS: 5 ChangeBinInt-ChangeBinInt-PersAutoDict-EraseBytes-InsertRepeatedBytes- DE: "\000%"-
#2588	REDUCE cov: 123 ft: 501 corp: 59/10448b lim: 333 exec/s: 0 rss: 29Mb L: 317/333 MS: 5 CopyPart-ShuffleBytes-ChangeBinInt-InsertByte-EraseBytes-
#2834	REDUCE cov: 123 ft: 501 corp: 59/10309b lim: 333 exec/s: 0 rss: 29Mb L: 194/333 MS: 1 CrossOver-
#2836	REDUCE cov: 123 ft: 501 corp: 59/10303b lim: 333 exec/s: 0 rss: 29Mb L: 42/333 MS: 2 ChangeASCIIInt-EraseBytes-
#2857	REDUCE cov: 123 ft: 502 corp: 60/10610b lim: 333 exec/s: 0 rss: 29Mb L: 307/333 MS: 1 CopyPart-
#3284	NEW    cov: 123 ft: 504 corp: 61/10834b lim: 333 exec/s: 0 rss: 29Mb L: 224/333 MS: 2 ChangeBinInt-PersAutoDict- DE: "\377\377\377\037"-
#3366	NEW    cov: 123 ft: 509 corp: 62/10878b lim: 333 exec/s: 0 rss: 29Mb L: 44/333 MS: 2 ChangeBinInt-CrossOver-
#3392	NEW    cov: 123 ft: 510 corp: 63/10954b lim: 333 exec/s: 0 rss: 29Mb L: 76/333 MS: 1 InsertByte-
#3505	REDUCE cov: 123 ft: 510 corp: 63/10918b lim: 333 exec/s: 0 rss: 29Mb L: 281/333 MS: 3 ChangeBinInt-ChangeBinInt-EraseBytes-
#3594	REDUCE cov: 123 ft: 510 corp: 63/10896b lim: 333 exec/s: 0 rss: 29Mb L: 154/333 MS: 4 ShuffleBytes-ShuffleBytes-EraseBytes-InsertByte-
#3698	REDUCE cov: 123 ft: 510 corp: 63/10894b lim: 333 exec/s: 0 rss: 29Mb L: 37/333 MS: 4 ChangeBinInt-EraseBytes-PersAutoDict-CMP- DE: "\000\000\000\000"-"\001\000\000\000\000\000\000\017"-
#3772	REDUCE cov: 123 ft: 510 corp: 63/10893b lim: 333 exec/s: 0 rss: 29Mb L: 9/333 MS: 4 ChangeByte-PersAutoDict-EraseBytes-InsertByte- DE: "\377\377\377\037"-
#3826	NEW    cov: 123 ft: 522 corp: 64/11076b lim: 333 exec/s: 0 rss: 29Mb L: 183/333 MS: 4 ChangeBit-ChangeBit-ChangeBinInt-InsertRepeatedBytes-
#3943	REDUCE cov: 123 ft: 522 corp: 64/11075b lim: 333 exec/s: 0 rss: 29Mb L: 92/333 MS: 2 ChangeBit-EraseBytes-
#4070	REDUCE cov: 123 ft: 522 corp: 64/11067b lim: 333 exec/s: 0 rss: 29Mb L: 24/333 MS: 2 CrossOver-EraseBytes-
#4089	REDUCE cov: 123 ft: 522 corp: 64/11047b lim: 333 exec/s: 0 rss: 29Mb L: 124/333 MS: 4 CMP-InsertRepeatedBytes-CMP-EraseBytes- DE: "A\000\000\000"-"\035\000"-
#4145	NEW    cov: 123 ft: 529 corp: 65/11233b lim: 333 exec/s: 0 rss: 29Mb L: 186/333 MS: 1 CrossOver-
#4169	REDUCE cov: 123 ft: 529 corp: 65/11215b lim: 333 exec/s: 0 rss: 29Mb L: 135/333 MS: 4 ChangeBit-ChangeBit-CrossOver-PersAutoDict- DE: " \000\000\000\000\000\000\000"-
#4201	REDUCE cov: 123 ft: 529 corp: 65/11206b lim: 333 exec/s: 0 rss: 29Mb L: 160/333 MS: 2 ShuffleBytes-EraseBytes-
#4233	NEW    cov: 123 ft: 533 corp: 66/11512b lim: 333 exec/s: 0 rss: 29Mb L: 306/333 MS: 2 InsertRepeatedBytes-InsertRepeatedBytes-
#4269	REDUCE cov: 123 ft: 533 corp: 66/11486b lim: 333 exec/s: 0 rss: 29Mb L: 109/333 MS: 1 EraseBytes-
#4502	REDUCE cov: 123 ft: 533 corp: 66/11470b lim: 333 exec/s: 0 rss: 29Mb L: 170/333 MS: 3 ChangeByte-ChangeBinInt-EraseBytes-
#4532	REDUCE cov: 123 ft: 533 corp: 66/11446b lim: 333 exec/s: 0 rss: 29Mb L: 132/333 MS: 5 ChangeBinInt-EraseBytes-InsertRepeatedBytes-ShuffleBytes-EraseBytes-
#4662	REDUCE cov: 123 ft: 533 corp: 66/11388b lim: 333 exec/s: 0 rss: 29Mb L: 94/333 MS: 5 ChangeBit-PersAutoDict-InsertByte-CopyPart-EraseBytes- DE: "\035\000"-
#5112	NEW    cov: 123 ft: 536 corp: 67/11694b lim: 333 exec/s: 0 rss: 29Mb L: 306/333 MS: 5 ShuffleBytes-EraseBytes-InsertRepeatedBytes-ShuffleBytes-InsertByte-
#5126	REDUCE cov: 123 ft: 536 corp: 67/11693b lim: 333 exec/s: 0 rss: 29Mb L: 36/333 MS: 4 PersAutoDict-CopyPart-ChangeBit-EraseBytes- DE: "\377\377\377\007"-
#5172	REDUCE cov: 123 ft: 536 corp: 67/11690b lim: 333 exec/s: 0 rss: 29Mb L: 67/333 MS: 1 EraseBytes-
#5248	REDUCE cov: 123 ft: 536 corp: 67/11676b lim: 333 exec/s: 0 rss: 29Mb L: 124/333 MS: 1 EraseBytes-
#5344	REDUCE cov: 123 ft: 536 corp: 67/11644b lim: 333 exec/s: 0 rss: 29Mb L: 269/333 MS: 1 CrossOver-
#5467	REDUCE cov: 123 ft: 536 corp: 67/11636b lim: 333 exec/s: 0 rss: 29Mb L: 109/333 MS: 3 EraseBytes-CrossOver-InsertByte-
#5629	REDUCE cov: 123 ft: 536 corp: 67/11625b lim: 333 exec/s: 0 rss: 29Mb L: 183/333 MS: 2 ChangeBit-EraseBytes-
#5656	REDUCE cov: 123 ft: 536 corp: 67/11523b lim: 333 exec/s: 0 rss: 29Mb L: 189/333 MS: 2 ChangeBit-EraseBytes-
#5703	REDUCE cov: 123 ft: 536 corp: 67/11521b lim: 333 exec/s: 0 rss: 29Mb L: 39/333 MS: 2 ChangeASCIIInt-EraseBytes-
#5866	REDUCE cov: 123 ft: 536 corp: 67/11511b lim: 333 exec/s: 0 rss: 29Mb L: 53/333 MS: 3 CrossOver-CMP-EraseBytes- DE: "E\303C\206'_\000\000"-
#6117	REDUCE cov: 123 ft: 536 corp: 67/11476b lim: 333 exec/s: 0 rss: 29Mb L: 119/333 MS: 1 EraseBytes-
#6337	REDUCE cov: 123 ft: 536 corp: 67/11473b lim: 333 exec/s: 6337 rss: 29Mb L: 33/333 MS: 4 ChangeBit-CopyPart-CrossOver-EraseBytes-
#6425	REDUCE cov: 123 ft: 536 corp: 67/11471b lim: 333 exec/s: 6425 rss: 29Mb L: 325/333 MS: 3 InsertRepeatedBytes-ChangeBinInt-EraseBytes-
#6557	REDUCE cov: 123 ft: 536 corp: 67/11469b lim: 333 exec/s: 6557 rss: 29Mb L: 28/333 MS: 2 ChangeBinInt-EraseBytes-
#6909	REDUCE cov: 123 ft: 536 corp: 67/11453b lim: 333 exec/s: 6909 rss: 29Mb L: 28/333 MS: 2 ChangeBit-EraseBytes-
#6946	NEW    cov: 123 ft: 537 corp: 68/11733b lim: 333 exec/s: 6946 rss: 29Mb L: 280/333 MS: 2 PersAutoDict-InsertRepeatedBytes- DE: "{-\006\232'_\000\000"-
#7517	REDUCE cov: 123 ft: 537 corp: 68/11726b lim: 333 exec/s: 7517 rss: 29Mb L: 188/333 MS: 1 EraseBytes-
#7543	REDUCE cov: 123 ft: 537 corp: 68/11698b lim: 333 exec/s: 7543 rss: 29Mb L: 96/333 MS: 1 EraseBytes-
#7767	REDUCE cov: 123 ft: 537 corp: 68/11688b lim: 333 exec/s: 7767 rss: 29Mb L: 29/333 MS: 4 ChangeBit-EraseBytes-InsertByte-ChangeBinInt-
#7783	NEW    cov: 123 ft: 541 corp: 69/12021b lim: 333 exec/s: 7783 rss: 29Mb L: 333/333 MS: 1 CopyPart-
#8144	REDUCE cov: 123 ft: 541 corp: 69/12015b lim: 333 exec/s: 8144 rss: 30Mb L: 157/333 MS: 1 EraseBytes-
#8152	REDUCE cov: 123 ft: 546 corp: 70/12319b lim: 333 exec/s: 8152 rss: 30Mb L: 304/333 MS: 3 InsertRepeatedBytes-ChangeBit-InsertRepeatedBytes-
#8166	REDUCE cov: 123 ft: 546 corp: 70/12284b lim: 333 exec/s: 8166 rss: 30Mb L: 74/333 MS: 4 InsertByte-PersAutoDict-ChangeBit-EraseBytes- DE: "\000\000\000\000"-
#8577	REDUCE cov: 123 ft: 546 corp: 70/12274b lim: 333 exec/s: 8577 rss: 30Mb L: 18/333 MS: 1 EraseBytes-
#8589	REDUCE cov: 123 ft: 546 corp: 70/12273b lim: 333 exec/s: 8589 rss: 30Mb L: 169/333 MS: 2 ChangeBit-EraseBytes-
#8766	REDUCE cov: 123 ft: 546 corp: 70/12270b lim: 333 exec/s: 8766 rss: 30Mb L: 64/333 MS: 2 CMP-EraseBytes- DE: "\007\000"-
#8829	REDUCE cov: 123 ft: 546 corp: 70/12204b lim: 333 exec/s: 8829 rss: 30Mb L: 122/333 MS: 3 EraseBytes-PersAutoDict-EraseBytes- DE: "urn "-
#8898	REDUCE cov: 123 ft: 546 corp: 70/12137b lim: 333 exec/s: 8898 rss: 30Mb L: 93/333 MS: 4 PersAutoDict-EraseBytes-InsertByte-ChangeByte- DE: "\377\377\377\007"-
#9106	REDUCE cov: 123 ft: 546 corp: 70/12118b lim: 333 exec/s: 9106 rss: 30Mb L: 105/333 MS: 3 CrossOver-ChangeBit-EraseBytes-
#9221	REDUCE cov: 123 ft: 546 corp: 70/12100b lim: 333 exec/s: 9221 rss: 30Mb L: 75/333 MS: 5 ShuffleBytes-PersAutoDict-ShuffleBytes-ChangeByte-EraseBytes- DE: "\035\000"-
#9438	REDUCE cov: 123 ft: 546 corp: 70/12098b lim: 333 exec/s: 9438 rss: 30Mb L: 305/333 MS: 2 ShuffleBytes-CrossOver-
#9528	REDUCE cov: 123 ft: 546 corp: 70/12093b lim: 333 exec/s: 9528 rss: 30Mb L: 24/333 MS: 5 PersAutoDict-CrossOver-CopyPart-CMP-CrossOver- DE: "\000%"-"St9exception"-
#9560	REDUCE cov: 123 ft: 546 corp: 70/12054b lim: 333 exec/s: 9560 rss: 30Mb L: 80/333 MS: 2 ChangeBit-EraseBytes-
#9932	REDUCE cov: 123 ft: 546 corp: 70/12041b lim: 333 exec/s: 9932 rss: 30Mb L: 256/333 MS: 2 ShuffleBytes-EraseBytes-
#10067	REDUCE cov: 123 ft: 546 corp: 70/11989b lim: 333 exec/s: 10067 rss: 30Mb L: 242/333 MS: 5 InsertByte-ShuffleBytes-CMP-ChangeBinInt-EraseBytes- DE: "\000\000\000\001"-
#10191	REDUCE cov: 123 ft: 546 corp: 70/11979b lim: 333 exec/s: 10191 rss: 30Mb L: 246/333 MS: 4 CopyPart-PersAutoDict-CrossOver-EraseBytes- DE: "\000\000\000\000"-
#10657	REDUCE cov: 123 ft: 547 corp: 71/12135b lim: 333 exec/s: 10657 rss: 30Mb L: 156/333 MS: 1 CrossOver-
#10749	REDUCE cov: 123 ft: 547 corp: 71/12134b lim: 333 exec/s: 10749 rss: 30Mb L: 332/333 MS: 2 PersAutoDict-EraseBytes- DE: "mdhd"-
#10768	REDUCE cov: 123 ft: 547 corp: 71/12104b lim: 333 exec/s: 10768 rss: 30Mb L: 79/333 MS: 4 ChangeByte-ShuffleBytes-CrossOver-EraseBytes-
#10914	NEW    cov: 123 ft: 548 corp: 72/12425b lim: 333 exec/s: 10914 rss: 30Mb L: 321/333 MS: 1 CopyPart-
#10956	REDUCE cov: 123 ft: 548 corp: 72/12405b lim: 333 exec/s: 10956 rss: 30Mb L: 310/333 MS: 2 ChangeBit-EraseBytes-
#11732	REDUCE cov: 123 ft: 548 corp: 72/12360b lim: 333 exec/s: 11732 rss: 30Mb L: 124/333 MS: 1 EraseBytes-
#11774	REDUCE cov: 123 ft: 548 corp: 72/12335b lim: 333 exec/s: 11774 rss: 30Mb L: 158/333 MS: 2 EraseBytes-InsertByte-
#11952	REDUCE cov: 123 ft: 548 corp: 72/12291b lim: 333 exec/s: 11952 rss: 30Mb L: 52/333 MS: 3 ShuffleBytes-ShuffleBytes-EraseBytes-
#12075	REDUCE cov: 123 ft: 548 corp: 72/12264b lim: 333 exec/s: 12075 rss: 30Mb L: 48/333 MS: 3 CMP-CrossOver-CrossOver- DE: "\001\000_'\206C\006g"-
#12086	REDUCE cov: 123 ft: 548 corp: 72/12236b lim: 333 exec/s: 12086 rss: 30Mb L: 51/333 MS: 1 EraseBytes-
#12217	REDUCE cov: 123 ft: 548 corp: 72/12213b lim: 333 exec/s: 12217 rss: 30Mb L: 310/333 MS: 1 EraseBytes-
#12509	REDUCE cov: 123 ft: 548 corp: 72/12205b lim: 333 exec/s: 12509 rss: 30Mb L: 16/333 MS: 2 ChangeBinInt-EraseBytes-
#13424	REDUCE cov: 123 ft: 548 corp: 72/12192b lim: 341 exec/s: 6712 rss: 30Mb L: 38/333 MS: 5 InsertByte-ChangeASCIIInt-CrossOver-PersAutoDict-EraseBytes- DE: "\377\377\377\037"-
#13498	REDUCE cov: 123 ft: 548 corp: 72/12183b lim: 341 exec/s: 6749 rss: 30Mb L: 135/333 MS: 4 InsertByte-EraseBytes-ChangeBit-CopyPart-
#13609	REDUCE cov: 123 ft: 548 corp: 72/12181b lim: 341 exec/s: 6804 rss: 30Mb L: 16/333 MS: 1 EraseBytes-
#14230	REDUCE cov: 123 ft: 548 corp: 72/12179b lim: 341 exec/s: 7115 rss: 30Mb L: 51/333 MS: 1 EraseBytes-
#14562	REDUCE cov: 123 ft: 548 corp: 72/12171b lim: 341 exec/s: 7281 rss: 30Mb L: 317/333 MS: 2 PersAutoDict-EraseBytes- DE: "\377\377\377\377\377\377\377\344"-
#15146	REDUCE cov: 123 ft: 548 corp: 72/12153b lim: 341 exec/s: 7573 rss: 30Mb L: 24/333 MS: 4 ShuffleBytes-CopyPart-ChangeByte-EraseBytes-
#15158	REDUCE cov: 123 ft: 548 corp: 72/12132b lim: 341 exec/s: 7579 rss: 30Mb L: 44/333 MS: 2 CMP-EraseBytes- DE: "\311\000\000\000\000\000\000\000"-
#15179	REDUCE cov: 123 ft: 548 corp: 72/12129b lim: 341 exec/s: 7589 rss: 30Mb L: 121/333 MS: 1 EraseBytes-
#15239	REDUCE cov: 123 ft: 548 corp: 72/12123b lim: 341 exec/s: 7619 rss: 30Mb L: 177/333 MS: 5 ChangeByte-CMP-ShuffleBytes-ShuffleBytes-CrossOver- DE: "stss"-
#15342	REDUCE cov: 123 ft: 552 corp: 73/12420b lim: 341 exec/s: 7671 rss: 30Mb L: 297/333 MS: 3 ChangeBinInt-ChangeASCIIInt-CopyPart-
#15440	REDUCE cov: 123 ft: 552 corp: 73/12411b lim: 341 exec/s: 7720 rss: 30Mb L: 96/333 MS: 3 ChangeBit-ChangeBinInt-EraseBytes-
#15611	REDUCE cov: 123 ft: 552 corp: 73/12407b lim: 341 exec/s: 7805 rss: 30Mb L: 242/333 MS: 1 EraseBytes-
#15627	REDUCE cov: 123 ft: 552 corp: 73/12406b lim: 341 exec/s: 7813 rss: 30Mb L: 73/333 MS: 1 CrossOver-
#15648	REDUCE cov: 123 ft: 552 corp: 73/12381b lim: 341 exec/s: 7824 rss: 30Mb L: 97/333 MS: 1 EraseBytes-
#15931	REDUCE cov: 123 ft: 552 corp: 73/12348b lim: 341 exec/s: 7965 rss: 30Mb L: 64/333 MS: 3 ChangeBit-CrossOver-EraseBytes-
#15943	REDUCE cov: 123 ft: 552 corp: 73/12335b lim: 341 exec/s: 7971 rss: 30Mb L: 25/333 MS: 2 ShuffleBytes-EraseBytes-
#15984	REDUCE cov: 123 ft: 552 corp: 73/12309b lim: 341 exec/s: 7992 rss: 30Mb L: 70/333 MS: 1 EraseBytes-
#16288	NEW    cov: 123 ft: 553 corp: 74/12621b lim: 341 exec/s: 8144 rss: 30Mb L: 312/333 MS: 4 InsertRepeatedBytes-ChangeBinInt-ChangeByte-InsertByte-
#16350	REDUCE cov: 123 ft: 553 corp: 74/12573b lim: 341 exec/s: 8175 rss: 30Mb L: 129/333 MS: 2 ChangeByte-CrossOver-
#16384	pulse  cov: 123 ft: 553 corp: 74/12573b lim: 341 exec/s: 8192 rss: 30Mb
#16961	REDUCE cov: 123 ft: 553 corp: 74/12571b lim: 341 exec/s: 8480 rss: 30Mb L: 46/333 MS: 1 EraseBytes-
#16973	NEW    cov: 124 ft: 554 corp: 75/12683b lim: 341 exec/s: 8486 rss: 30Mb L: 112/333 MS: 2 CrossOver-PersAutoDict- DE: "urn "-
#17253	REDUCE cov: 124 ft: 554 corp: 75/12680b lim: 341 exec/s: 8626 rss: 30Mb L: 169/333 MS: 5 ChangeBinInt-ChangeBinInt-EraseBytes-CMP-InsertRepeatedBytes- DE: "i\000\000\000\000\000\000\000"-
#17272	REDUCE cov: 124 ft: 554 corp: 75/12664b lim: 341 exec/s: 8636 rss: 30Mb L: 226/333 MS: 4 ChangeByte-InsertRepeatedBytes-CopyPart-EraseBytes-
#17300	REDUCE cov: 124 ft: 554 corp: 75/12639b lim: 341 exec/s: 8650 rss: 30Mb L: 292/333 MS: 3 CopyPart-ChangeByte-EraseBytes-
#18972	REDUCE cov: 124 ft: 554 corp: 75/12617b lim: 357 exec/s: 6324 rss: 31Mb L: 99/333 MS: 2 CrossOver-InsertRepeatedBytes-
#18989	REDUCE cov: 124 ft: 554 corp: 75/12616b lim: 357 exec/s: 6329 rss: 31Mb L: 79/333 MS: 2 CopyPart-EraseBytes-
#19034	NEW    cov: 124 ft: 555 corp: 76/12953b lim: 357 exec/s: 6344 rss: 31Mb L: 337/337 MS: 5 ShuffleBytes-CopyPart-CMP-ChangeBit-CMP- DE: "traf"-"ispe"-
#19320	REDUCE cov: 124 ft: 555 corp: 76/12946b lim: 357 exec/s: 6440 rss: 31Mb L: 68/337 MS: 1 EraseBytes-
#19381	REDUCE cov: 124 ft: 555 corp: 76/12945b lim: 357 exec/s: 6460 rss: 31Mb L: 45/337 MS: 1 EraseBytes-
#20422	REDUCE cov: 124 ft: 555 corp: 76/12943b lim: 365 exec/s: 6807 rss: 31Mb L: 187/337 MS: 1 EraseBytes-
#20535	REDUCE cov: 124 ft: 556 corp: 77/13222b lim: 365 exec/s: 6845 rss: 31Mb L: 279/337 MS: 3 CrossOver-ChangeByte-EraseBytes-
#21074	REDUCE cov: 124 ft: 556 corp: 77/13200b lim: 365 exec/s: 7024 rss: 31Mb L: 253/337 MS: 4 ChangeByte-ShuffleBytes-CMP-CrossOver- DE: "urn "-
#21082	REDUCE cov: 124 ft: 556 corp: 77/13177b lim: 365 exec/s: 7027 rss: 31Mb L: 89/337 MS: 3 CMP-CopyPart-CrossOver- DE: "\377\377t\354\260\022P\036"-
#21260	NEW    cov: 124 ft: 557 corp: 78/13537b lim: 365 exec/s: 7086 rss: 31Mb L: 360/360 MS: 3 ShuffleBytes-InsertRepeatedBytes-InsertRepeatedBytes-
#21591	REDUCE cov: 124 ft: 557 corp: 78/13536b lim: 365 exec/s: 7197 rss: 31Mb L: 88/360 MS: 1 EraseBytes-
#22437	REDUCE cov: 124 ft: 557 corp: 78/13529b lim: 373 exec/s: 7479 rss: 31Mb L: 17/360 MS: 1 EraseBytes-
#22471	REDUCE cov: 124 ft: 557 corp: 78/13513b lim: 373 exec/s: 7490 rss: 31Mb L: 142/360 MS: 4 ChangeByte-InsertByte-InsertRepeatedBytes-EraseBytes-
#23058	REDUCE cov: 124 ft: 557 corp: 78/13506b lim: 373 exec/s: 7686 rss: 31Mb L: 38/360 MS: 2 InsertByte-EraseBytes-
#23342	REDUCE cov: 124 ft: 557 corp: 78/13505b lim: 373 exec/s: 7780 rss: 31Mb L: 291/360 MS: 4 CopyPart-InsertByte-InsertByte-EraseBytes-
#23901	REDUCE cov: 124 ft: 557 corp: 78/13385b lim: 373 exec/s: 7967 rss: 31Mb L: 187/360 MS: 4 CMP-ShuffleBytes-InsertRepeatedBytes-EraseBytes- DE: "dinf"-
#24198	REDUCE cov: 124 ft: 557 corp: 78/13382b lim: 373 exec/s: 8066 rss: 31Mb L: 89/360 MS: 2 ShuffleBytes-EraseBytes-
#24832	REDUCE cov: 124 ft: 557 corp: 78/13375b lim: 373 exec/s: 8277 rss: 31Mb L: 219/360 MS: 4 InsertByte-CMP-EraseBytes-CMP- DE: "\377\037"-"\377\001"-
#24978	REDUCE cov: 124 ft: 557 corp: 78/13367b lim: 373 exec/s: 8326 rss: 31Mb L: 9/360 MS: 1 EraseBytes-
#25242	NEW    cov: 124 ft: 562 corp: 79/13704b lim: 373 exec/s: 6310 rss: 31Mb L: 337/360 MS: 4 ChangeBinInt-CrossOver-ChangeByte-ChangeBit-
==205164== ERROR: libFuzzer: out-of-memory (used: 1417Mb; limit: 1024Mb)
   To change the out-of-memory limit use -rss_limit_mb=<N>

MS: 2 ChangeBinInt-CopyPart-; base unit: 57f260251058bed52719202dff378fa6a96836b7
artifact_prefix='/results/crashes/20260313_152815_f80ca6a8_'; Test unit written to /results/crashes/20260313_152815_f80ca6a8_oom-7596efb4ec99bfd889675fe34ad8ad02d9a81e75
SUMMARY: libFuzzer: out-of-memory
stat::number_of_executed_units: 25889
stat::average_exec_per_sec:     5177
stat::new_units_added:          195
stat::slowest_unit_time_sec:    0
stat::peak_rss_mb:              1417
