INFO: Running with entropic power schedule (0xFF, 100).
INFO: Seed: 878883842
INFO: Loaded 1 modules   (252 inline 8-bit counters): 252 [0x5b0ab15b8678, 0x5b0ab15b8774), 
INFO: Loaded 1 PC tables (252 PCs): 252 [0x5b0ab15b8778,0x5b0ab15b9738), 
INFO:        4 files found in /tmp/corpus_20260313_144328_a5fd3a56
INFO: seed corpus: files: 4 min: 48b max: 333b total: 853b rss: 28Mb
#5	INITED cov: 117 ft: 250 corp: 4/853b exec/s: 0 rss: 29Mb
#6	NEW    cov: 117 ft: 251 corp: 5/1106b lim: 333 exec/s: 0 rss: 29Mb L: 253/333 MS: 1 InsertByte-
#7	NEW    cov: 117 ft: 252 corp: 6/1359b lim: 333 exec/s: 0 rss: 29Mb L: 253/333 MS: 1 InsertByte-
#8	NEW    cov: 117 ft: 268 corp: 7/1472b lim: 333 exec/s: 0 rss: 29Mb L: 113/333 MS: 1 InsertRepeatedBytes-
#9	NEW    cov: 117 ft: 277 corp: 8/1767b lim: 333 exec/s: 0 rss: 29Mb L: 295/333 MS: 1 CopyPart-
#17	NEW    cov: 117 ft: 285 corp: 9/2097b lim: 333 exec/s: 0 rss: 29Mb L: 330/333 MS: 3 ChangeBinInt-ChangeBit-InsertRepeatedBytes-
#24	NEW    cov: 117 ft: 297 corp: 10/2407b lim: 333 exec/s: 0 rss: 29Mb L: 310/333 MS: 2 ChangeBinInt-InsertRepeatedBytes-
#26	NEW    cov: 117 ft: 298 corp: 11/2627b lim: 333 exec/s: 0 rss: 29Mb L: 220/333 MS: 2 ShuffleBytes-CopyPart-
#29	NEW    cov: 118 ft: 309 corp: 12/2957b lim: 333 exec/s: 0 rss: 29Mb L: 330/333 MS: 3 ShuffleBytes-ChangeBit-CrossOver-
#30	NEW    cov: 118 ft: 320 corp: 13/3113b lim: 333 exec/s: 0 rss: 29Mb L: 156/333 MS: 1 EraseBytes-
#31	NEW    cov: 118 ft: 323 corp: 14/3162b lim: 333 exec/s: 0 rss: 29Mb L: 49/333 MS: 1 InsertByte-
#34	NEW    cov: 119 ft: 325 corp: 15/3358b lim: 333 exec/s: 0 rss: 29Mb L: 196/333 MS: 3 ChangeBinInt-CrossOver-InsertByte-
#36	NEW    cov: 119 ft: 330 corp: 16/3528b lim: 333 exec/s: 0 rss: 29Mb L: 170/333 MS: 2 CopyPart-EraseBytes-
#50	NEW    cov: 119 ft: 331 corp: 17/3711b lim: 333 exec/s: 0 rss: 29Mb L: 183/333 MS: 4 ShuffleBytes-ChangeBinInt-ChangeBinInt-CrossOver-
#53	NEW    cov: 120 ft: 333 corp: 18/3932b lim: 333 exec/s: 0 rss: 29Mb L: 221/333 MS: 3 CMP-ChangeBit-InsertByte- DE: "\377\377\377\000"-
#67	NEW    cov: 120 ft: 342 corp: 19/4112b lim: 333 exec/s: 0 rss: 29Mb L: 180/333 MS: 4 CrossOver-ChangeBit-ChangeBinInt-CrossOver-
#68	NEW    cov: 120 ft: 344 corp: 20/4386b lim: 333 exec/s: 0 rss: 29Mb L: 274/333 MS: 1 InsertRepeatedBytes-
#81	NEW    cov: 120 ft: 355 corp: 21/4417b lim: 333 exec/s: 0 rss: 29Mb L: 31/333 MS: 3 ChangeByte-ChangeByte-EraseBytes-
#87	NEW    cov: 120 ft: 356 corp: 22/4524b lim: 333 exec/s: 0 rss: 29Mb L: 107/333 MS: 1 CrossOver-
#98	NEW    cov: 120 ft: 357 corp: 23/4776b lim: 333 exec/s: 0 rss: 29Mb L: 252/333 MS: 1 CrossOver-
#99	NEW    cov: 120 ft: 358 corp: 24/4883b lim: 333 exec/s: 0 rss: 29Mb L: 107/333 MS: 1 CopyPart-
#100	NEW    cov: 120 ft: 360 corp: 25/5043b lim: 333 exec/s: 0 rss: 29Mb L: 160/333 MS: 1 PersAutoDict- DE: "\377\377\377\000"-
#103	NEW    cov: 121 ft: 393 corp: 26/5190b lim: 333 exec/s: 0 rss: 29Mb L: 147/333 MS: 3 ChangeBit-CrossOver-ShuffleBytes-
#105	NEW    cov: 121 ft: 394 corp: 27/5259b lim: 333 exec/s: 0 rss: 29Mb L: 69/333 MS: 2 ChangeByte-EraseBytes-
#124	NEW    cov: 121 ft: 395 corp: 28/5368b lim: 333 exec/s: 0 rss: 29Mb L: 109/333 MS: 4 ChangeBit-ShuffleBytes-InsertByte-InsertByte-
#126	NEW    cov: 121 ft: 406 corp: 29/5501b lim: 333 exec/s: 0 rss: 29Mb L: 133/333 MS: 2 CMP-EraseBytes- DE: "\200\377\377\377\377\377\377\377"-
#163	REDUCE cov: 121 ft: 406 corp: 29/5468b lim: 333 exec/s: 0 rss: 29Mb L: 297/333 MS: 2 CopyPart-CrossOver-
#170	NEW    cov: 121 ft: 407 corp: 30/5508b lim: 333 exec/s: 0 rss: 29Mb L: 40/333 MS: 2 InsertByte-PersAutoDict- DE: "\200\377\377\377\377\377\377\377"-
#176	REDUCE cov: 121 ft: 407 corp: 30/5503b lim: 333 exec/s: 0 rss: 29Mb L: 35/333 MS: 1 EraseBytes-
#181	NEW    cov: 121 ft: 408 corp: 31/5773b lim: 333 exec/s: 0 rss: 29Mb L: 270/333 MS: 5 EraseBytes-CrossOver-ChangeBinInt-ChangeBinInt-InsertByte-
#182	NEW    cov: 121 ft: 409 corp: 32/5860b lim: 333 exec/s: 0 rss: 29Mb L: 87/333 MS: 1 CrossOver-
#189	REDUCE cov: 121 ft: 409 corp: 32/5826b lim: 333 exec/s: 0 rss: 29Mb L: 126/333 MS: 2 PersAutoDict-EraseBytes- DE: "\377\377\377\000"-
#190	NEW    cov: 121 ft: 410 corp: 33/5870b lim: 333 exec/s: 0 rss: 29Mb L: 44/333 MS: 1 EraseBytes-
#195	NEW    cov: 121 ft: 411 corp: 34/6103b lim: 333 exec/s: 0 rss: 29Mb L: 233/333 MS: 5 PersAutoDict-CopyPart-ChangeByte-ChangeByte-InsertRepeatedBytes- DE: "\377\377\377\000"-
#203	REDUCE cov: 121 ft: 411 corp: 34/6067b lim: 333 exec/s: 0 rss: 29Mb L: 238/333 MS: 3 PersAutoDict-ChangeBit-EraseBytes- DE: "\200\377\377\377\377\377\377\377"-
#208	NEW    cov: 121 ft: 413 corp: 35/6228b lim: 333 exec/s: 0 rss: 29Mb L: 161/333 MS: 5 InsertByte-ChangeBit-CrossOver-ChangeASCIIInt-EraseBytes-
#231	NEW    cov: 121 ft: 414 corp: 36/6449b lim: 333 exec/s: 0 rss: 29Mb L: 221/333 MS: 3 CMP-InsertByte-ChangeBit- DE: "uf\030\364"-
#245	REDUCE cov: 121 ft: 414 corp: 36/6367b lim: 333 exec/s: 0 rss: 29Mb L: 171/333 MS: 4 CopyPart-ChangeBit-EraseBytes-EraseBytes-
#275	NEW    cov: 121 ft: 417 corp: 37/6406b lim: 333 exec/s: 0 rss: 29Mb L: 39/333 MS: 5 CrossOver-ChangeByte-CMP-CrossOver-CrossOver- DE: "\001\000\000\000\000\000\000\020"-
#286	NEW    cov: 121 ft: 422 corp: 38/6454b lim: 333 exec/s: 0 rss: 29Mb L: 48/333 MS: 1 CMP- DE: "\000\000\000\000\000\000\001\014"-
#292	NEW    cov: 121 ft: 423 corp: 39/6736b lim: 333 exec/s: 0 rss: 29Mb L: 282/333 MS: 1 CopyPart-
#303	REDUCE cov: 121 ft: 423 corp: 39/6734b lim: 333 exec/s: 0 rss: 29Mb L: 29/333 MS: 1 EraseBytes-
#324	NEW    cov: 121 ft: 429 corp: 40/7044b lim: 333 exec/s: 0 rss: 29Mb L: 310/333 MS: 1 ChangeByte-
#411	NEW    cov: 121 ft: 438 corp: 41/7177b lim: 333 exec/s: 0 rss: 29Mb L: 133/333 MS: 2 ChangeASCIIInt-ChangeBinInt-
#472	REDUCE cov: 121 ft: 440 corp: 42/7385b lim: 333 exec/s: 0 rss: 29Mb L: 208/333 MS: 1 InsertRepeatedBytes-
#482	NEW    cov: 121 ft: 444 corp: 43/7693b lim: 333 exec/s: 0 rss: 29Mb L: 308/333 MS: 5 ShuffleBytes-ChangeBit-InsertRepeatedBytes-InsertRepeatedBytes-InsertRepeatedBytes-
#535	NEW    cov: 121 ft: 454 corp: 44/7917b lim: 333 exec/s: 0 rss: 29Mb L: 224/333 MS: 3 EraseBytes-InsertRepeatedBytes-InsertRepeatedBytes-
#542	NEW    cov: 121 ft: 455 corp: 45/8177b lim: 333 exec/s: 0 rss: 29Mb L: 260/333 MS: 2 CMP-PersAutoDict- DE: "dccc"-"uf\030\364"-
#688	NEW    cov: 121 ft: 459 corp: 46/8491b lim: 333 exec/s: 0 rss: 29Mb L: 314/333 MS: 1 CopyPart-
#689	REDUCE cov: 121 ft: 459 corp: 46/8475b lim: 333 exec/s: 0 rss: 29Mb L: 110/333 MS: 1 EraseBytes-
#697	REDUCE cov: 121 ft: 459 corp: 46/8473b lim: 333 exec/s: 0 rss: 29Mb L: 85/333 MS: 3 ShuffleBytes-ChangeASCIIInt-EraseBytes-
#716	REDUCE cov: 121 ft: 472 corp: 47/8488b lim: 333 exec/s: 0 rss: 29Mb L: 15/333 MS: 4 ChangeBinInt-CopyPart-CopyPart-EraseBytes-
#785	REDUCE cov: 121 ft: 481 corp: 48/8505b lim: 333 exec/s: 0 rss: 29Mb L: 17/333 MS: 4 CMP-CrossOver-ChangeBit-CrossOver- DE: "\377\377\377\031"-
#894	NEW    cov: 122 ft: 482 corp: 49/8511b lim: 333 exec/s: 0 rss: 29Mb L: 6/333 MS: 4 CrossOver-InsertByte-InsertRepeatedBytes-CrossOver-
#929	NEW    cov: 122 ft: 483 corp: 50/8835b lim: 333 exec/s: 0 rss: 29Mb L: 324/333 MS: 5 ChangeByte-ShuffleBytes-PersAutoDict-InsertRepeatedBytes-CrossOver- DE: "\377\377\377\031"-
#1039	NEW    cov: 122 ft: 484 corp: 51/9149b lim: 333 exec/s: 0 rss: 29Mb L: 314/333 MS: 5 InsertByte-InsertRepeatedBytes-ShuffleBytes-CopyPart-CrossOver-
#1115	NEW    cov: 122 ft: 485 corp: 52/9468b lim: 333 exec/s: 0 rss: 29Mb L: 319/333 MS: 1 InsertRepeatedBytes-
#1123	REDUCE cov: 122 ft: 485 corp: 52/9465b lim: 333 exec/s: 0 rss: 29Mb L: 3/333 MS: 3 ChangeBinInt-ChangeBinInt-EraseBytes-
#1189	REDUCE cov: 122 ft: 485 corp: 52/9434b lim: 333 exec/s: 0 rss: 29Mb L: 140/333 MS: 1 EraseBytes-
#1210	NEW    cov: 122 ft: 486 corp: 53/9709b lim: 333 exec/s: 0 rss: 29Mb L: 275/333 MS: 1 InsertRepeatedBytes-
#1231	NEW    cov: 122 ft: 487 corp: 54/9733b lim: 333 exec/s: 0 rss: 29Mb L: 24/333 MS: 1 EraseBytes-
#1307	REDUCE cov: 122 ft: 487 corp: 54/9678b lim: 333 exec/s: 0 rss: 29Mb L: 78/333 MS: 1 EraseBytes-
#1359	REDUCE cov: 122 ft: 487 corp: 54/9676b lim: 333 exec/s: 0 rss: 29Mb L: 27/333 MS: 2 ShuffleBytes-EraseBytes-
#1509	NEW    cov: 122 ft: 488 corp: 55/9942b lim: 333 exec/s: 0 rss: 29Mb L: 266/333 MS: 5 EraseBytes-ShuffleBytes-InsertByte-ShuffleBytes-PersAutoDict- DE: "dccc"-
#1685	REDUCE cov: 122 ft: 488 corp: 55/9941b lim: 333 exec/s: 0 rss: 29Mb L: 2/333 MS: 1 EraseBytes-
==61762== ERROR: libFuzzer: out-of-memory (used: 1089Mb; limit: 1024Mb)
   To change the out-of-memory limit use -rss_limit_mb=<N>

MS: 1 CopyPart-; base unit: ad3ac671bc28b09e90766510f0ec454cd0fd6a9f
artifact_prefix='/results/crashes/20260313_144328_a5fd3a56_'; Test unit written to /results/crashes/20260313_144328_a5fd3a56_oom-7587b4494fdfd431babf6eb57e09b13c1807e17a
SUMMARY: libFuzzer: out-of-memory
stat::number_of_executed_units: 1696
stat::average_exec_per_sec:     1696
stat::new_units_added:          64
stat::slowest_unit_time_sec:    0
stat::peak_rss_mb:              1090
