INFO: Running with entropic power schedule (0xFF, 100).
INFO: Seed: 3901708240
INFO: Loaded 1 modules   (252 inline 8-bit counters): 252 [0x5d6de7c2a678, 0x5d6de7c2a774), 
INFO: Loaded 1 PC tables (252 PCs): 252 [0x5d6de7c2a778,0x5d6de7c2b738), 
INFO:        4 files found in /tmp/corpus_20260313_171425_03ad705d
INFO: seed corpus: files: 4 min: 48b max: 333b total: 853b rss: 28Mb
#5	INITED cov: 117 ft: 250 corp: 4/853b exec/s: 0 rss: 29Mb
#7	NEW    cov: 117 ft: 259 corp: 5/1124b lim: 333 exec/s: 0 rss: 29Mb L: 271/333 MS: 2 ChangeByte-CrossOver-
#9	NEW    cov: 117 ft: 271 corp: 6/1276b lim: 333 exec/s: 0 rss: 29Mb L: 152/333 MS: 2 ChangeBit-InsertRepeatedBytes-
#10	NEW    cov: 117 ft: 293 corp: 7/1411b lim: 333 exec/s: 0 rss: 29Mb L: 135/333 MS: 1 EraseBytes-
#13	NEW    cov: 118 ft: 295 corp: 8/1644b lim: 333 exec/s: 0 rss: 29Mb L: 233/333 MS: 3 InsertRepeatedBytes-ChangeBit-EraseBytes-
#17	NEW    cov: 118 ft: 301 corp: 9/1941b lim: 333 exec/s: 0 rss: 29Mb L: 297/333 MS: 4 ChangeBinInt-ChangeBinInt-ChangeBinInt-InsertRepeatedBytes-
#20	NEW    cov: 118 ft: 309 corp: 10/2067b lim: 333 exec/s: 0 rss: 29Mb L: 126/333 MS: 3 InsertByte-CrossOver-EraseBytes-
#22	NEW    cov: 118 ft: 319 corp: 11/2260b lim: 333 exec/s: 0 rss: 29Mb L: 193/333 MS: 2 CMP-CrossOver- DE: "\015\000\000\350"-
#27	NEW    cov: 119 ft: 321 corp: 12/2419b lim: 333 exec/s: 0 rss: 29Mb L: 159/333 MS: 5 EraseBytes-CMP-PersAutoDict-InsertByte-InsertByte- DE: "irap"-"\015\000\000\350"-
#29	NEW    cov: 119 ft: 323 corp: 13/2731b lim: 333 exec/s: 0 rss: 29Mb L: 312/333 MS: 2 InsertRepeatedBytes-ChangeBit-
#50	NEW    cov: 119 ft: 324 corp: 14/3064b lim: 333 exec/s: 0 rss: 29Mb L: 333/333 MS: 1 PersAutoDict- DE: "\015\000\000\350"-
#60	NEW    cov: 119 ft: 329 corp: 15/3135b lim: 333 exec/s: 0 rss: 29Mb L: 71/333 MS: 5 ChangeBinInt-ChangeBit-CMP-EraseBytes-EraseBytes- DE: "\021\000\000\000"-
#69	NEW    cov: 119 ft: 330 corp: 16/3468b lim: 333 exec/s: 0 rss: 29Mb L: 333/333 MS: 4 ChangeBinInt-CMP-CopyPart-CopyPart- DE: "\000\000\000\000\000\000\000\024"-
#70	NEW    cov: 119 ft: 334 corp: 17/3688b lim: 333 exec/s: 0 rss: 29Mb L: 220/333 MS: 1 CopyPart-
#74	NEW    cov: 119 ft: 335 corp: 18/3809b lim: 333 exec/s: 0 rss: 29Mb L: 121/333 MS: 4 PersAutoDict-ChangeBinInt-ShuffleBytes-EraseBytes- DE: "\000\000\000\000\000\000\000\024"-
#75	NEW    cov: 119 ft: 336 corp: 19/3939b lim: 333 exec/s: 0 rss: 29Mb L: 130/333 MS: 1 CMP- DE: "\010\000\000\000"-
#84	NEW    cov: 119 ft: 337 corp: 20/4133b lim: 333 exec/s: 0 rss: 29Mb L: 194/333 MS: 4 InsertRepeatedBytes-CMP-ChangeByte-EraseBytes- DE: "\000\000]m\370\376.\325"-
#89	NEW    cov: 119 ft: 346 corp: 21/4432b lim: 333 exec/s: 0 rss: 29Mb L: 299/333 MS: 5 CMP-ChangeByte-PersAutoDict-ChangeBit-CopyPart- DE: "hso5"-"\010\000\000\000"-
#100	NEW    cov: 119 ft: 389 corp: 22/4460b lim: 333 exec/s: 0 rss: 29Mb L: 28/333 MS: 1 EraseBytes-
#101	NEW    cov: 119 ft: 390 corp: 23/4492b lim: 333 exec/s: 0 rss: 29Mb L: 32/333 MS: 1 PersAutoDict- DE: "\010\000\000\000"-
#106	NEW    cov: 119 ft: 398 corp: 24/4666b lim: 333 exec/s: 0 rss: 29Mb L: 174/333 MS: 5 CopyPart-ChangeBinInt-CopyPart-ChangeBit-ChangeBinInt-
#107	NEW    cov: 119 ft: 401 corp: 25/4715b lim: 333 exec/s: 0 rss: 29Mb L: 49/333 MS: 1 InsertByte-
#108	NEW    cov: 119 ft: 402 corp: 26/4922b lim: 333 exec/s: 0 rss: 29Mb L: 207/333 MS: 1 CopyPart-
#111	NEW    cov: 119 ft: 408 corp: 27/5139b lim: 333 exec/s: 0 rss: 29Mb L: 217/333 MS: 3 EraseBytes-InsertRepeatedBytes-EraseBytes-
#112	NEW    cov: 119 ft: 409 corp: 28/5167b lim: 333 exec/s: 0 rss: 29Mb L: 28/333 MS: 1 ShuffleBytes-
#135	NEW    cov: 119 ft: 410 corp: 29/5238b lim: 333 exec/s: 0 rss: 29Mb L: 71/333 MS: 3 ChangeByte-CopyPart-ChangeByte-
#141	REDUCE cov: 119 ft: 410 corp: 29/5234b lim: 333 exec/s: 0 rss: 29Mb L: 213/333 MS: 1 EraseBytes-
#160	NEW    cov: 119 ft: 423 corp: 30/5244b lim: 333 exec/s: 0 rss: 29Mb L: 10/333 MS: 4 ChangeBinInt-PersAutoDict-ShuffleBytes-CrossOver- DE: "\015\000\000\350"-
#162	NEW    cov: 119 ft: 424 corp: 31/5259b lim: 333 exec/s: 0 rss: 29Mb L: 15/333 MS: 2 ShuffleBytes-EraseBytes-
#176	NEW    cov: 119 ft: 425 corp: 32/5345b lim: 333 exec/s: 0 rss: 29Mb L: 86/333 MS: 4 PersAutoDict-CrossOver-ChangeBinInt-EraseBytes- DE: "hso5"-
#206	REDUCE cov: 119 ft: 425 corp: 32/5343b lim: 333 exec/s: 0 rss: 29Mb L: 13/333 MS: 5 CrossOver-ChangeByte-ChangeBit-ShuffleBytes-EraseBytes-
#225	NEW    cov: 119 ft: 426 corp: 33/5573b lim: 333 exec/s: 0 rss: 29Mb L: 230/333 MS: 4 ChangeBinInt-ChangeBit-InsertByte-CopyPart-
#226	NEW    cov: 119 ft: 434 corp: 34/5591b lim: 333 exec/s: 0 rss: 29Mb L: 18/333 MS: 1 EraseBytes-
#246	NEW    cov: 119 ft: 435 corp: 35/5869b lim: 333 exec/s: 0 rss: 29Mb L: 278/333 MS: 5 EraseBytes-PersAutoDict-CMP-EraseBytes-CrossOver- DE: "\015\000\000\350"-"pixi"-
#257	REDUCE cov: 119 ft: 435 corp: 35/5866b lim: 333 exec/s: 0 rss: 29Mb L: 123/333 MS: 1 CrossOver-
#303	NEW    cov: 120 ft: 436 corp: 36/5983b lim: 333 exec/s: 0 rss: 29Mb L: 117/333 MS: 1 EraseBytes-
#315	NEW    cov: 120 ft: 438 corp: 37/6026b lim: 333 exec/s: 0 rss: 29Mb L: 43/333 MS: 2 ChangeByte-CrossOver-
#336	REDUCE cov: 120 ft: 438 corp: 37/5964b lim: 333 exec/s: 0 rss: 29Mb L: 237/333 MS: 1 CrossOver-
#338	NEW    cov: 120 ft: 439 corp: 38/5972b lim: 333 exec/s: 0 rss: 29Mb L: 8/333 MS: 2 ShuffleBytes-CrossOver-
#344	NEW    cov: 120 ft: 448 corp: 39/6148b lim: 333 exec/s: 0 rss: 29Mb L: 176/333 MS: 1 CMP- DE: "\001\022"-
#349	REDUCE cov: 120 ft: 448 corp: 39/6036b lim: 333 exec/s: 0 rss: 29Mb L: 221/333 MS: 5 CrossOver-ChangeBit-ShuffleBytes-ShuffleBytes-EraseBytes-
#350	REDUCE cov: 120 ft: 448 corp: 39/5953b lim: 333 exec/s: 0 rss: 29Mb L: 250/333 MS: 1 EraseBytes-
#371	NEW    cov: 121 ft: 449 corp: 40/5956b lim: 333 exec/s: 0 rss: 29Mb L: 3/333 MS: 1 CrossOver-
#391	NEW    cov: 121 ft: 450 corp: 41/6029b lim: 333 exec/s: 0 rss: 29Mb L: 73/333 MS: 5 InsertRepeatedBytes-ChangeASCIIInt-ChangeByte-CrossOver-CrossOver-
#395	REDUCE cov: 122 ft: 457 corp: 42/6332b lim: 333 exec/s: 0 rss: 29Mb L: 303/333 MS: 4 ChangeByte-ChangeByte-ShuffleBytes-InsertRepeatedBytes-
#514	REDUCE cov: 122 ft: 465 corp: 43/6645b lim: 333 exec/s: 0 rss: 29Mb L: 313/333 MS: 4 ShuffleBytes-CopyPart-CrossOver-InsertRepeatedBytes-
#583	REDUCE cov: 122 ft: 465 corp: 43/6639b lim: 333 exec/s: 0 rss: 29Mb L: 124/333 MS: 4 CrossOver-PersAutoDict-ChangeBinInt-CrossOver- DE: "pixi"-
#607	REDUCE cov: 122 ft: 465 corp: 43/6583b lim: 333 exec/s: 0 rss: 29Mb L: 120/333 MS: 4 EraseBytes-InsertByte-EraseBytes-InsertByte-
#610	NEW    cov: 122 ft: 466 corp: 44/6821b lim: 333 exec/s: 0 rss: 29Mb L: 238/333 MS: 3 InsertByte-CrossOver-CrossOver-
#646	NEW    cov: 122 ft: 467 corp: 45/6854b lim: 333 exec/s: 0 rss: 29Mb L: 33/333 MS: 1 CopyPart-
#704	REDUCE cov: 122 ft: 467 corp: 45/6828b lim: 333 exec/s: 0 rss: 29Mb L: 97/333 MS: 3 ChangeByte-ChangeByte-EraseBytes-
#709	REDUCE cov: 122 ft: 467 corp: 45/6807b lim: 333 exec/s: 0 rss: 29Mb L: 76/333 MS: 5 ChangeByte-ChangeByte-ChangeBinInt-InsertRepeatedBytes-EraseBytes-
#720	REDUCE cov: 122 ft: 467 corp: 45/6800b lim: 333 exec/s: 0 rss: 29Mb L: 69/333 MS: 1 EraseBytes-
#761	NEW    cov: 122 ft: 468 corp: 46/6891b lim: 333 exec/s: 0 rss: 29Mb L: 91/333 MS: 1 CopyPart-
#831	REDUCE cov: 122 ft: 468 corp: 46/6863b lim: 333 exec/s: 0 rss: 29Mb L: 224/333 MS: 5 ChangeBit-CopyPart-CMP-ChangeBinInt-EraseBytes- DE: "\000\000]m\371\000\006\233"-
#844	REDUCE cov: 122 ft: 468 corp: 46/6858b lim: 333 exec/s: 0 rss: 29Mb L: 8/333 MS: 3 CMP-ShuffleBytes-EraseBytes- DE: "-\000"-
#855	REDUCE cov: 122 ft: 468 corp: 46/6846b lim: 333 exec/s: 0 rss: 29Mb L: 300/333 MS: 1 EraseBytes-
#980	REDUCE cov: 122 ft: 468 corp: 46/6810b lim: 333 exec/s: 0 rss: 29Mb L: 138/333 MS: 5 CrossOver-ChangeByte-ShuffleBytes-CMP-PersAutoDict- DE: "\377\377\377\015"-"irap"-
#1016	REDUCE cov: 122 ft: 468 corp: 46/6767b lim: 333 exec/s: 0 rss: 29Mb L: 195/333 MS: 1 EraseBytes-
#1017	NEW    cov: 122 ft: 473 corp: 47/6813b lim: 333 exec/s: 0 rss: 29Mb L: 46/333 MS: 1 EraseBytes-
#1066	REDUCE cov: 122 ft: 473 corp: 47/6808b lim: 333 exec/s: 0 rss: 29Mb L: 225/333 MS: 4 CMP-PersAutoDict-InsertByte-EraseBytes- DE: "\001\000]m\370\376f\240"-"hso5"-
#1176	REDUCE cov: 122 ft: 474 corp: 48/6924b lim: 333 exec/s: 0 rss: 29Mb L: 116/333 MS: 5 CopyPart-ChangeBinInt-ChangeBit-EraseBytes-InsertByte-
#1192	NEW    cov: 122 ft: 475 corp: 49/6941b lim: 333 exec/s: 0 rss: 29Mb L: 17/333 MS: 1 CopyPart-
#1197	REDUCE cov: 122 ft: 475 corp: 49/6939b lim: 333 exec/s: 0 rss: 29Mb L: 16/333 MS: 5 ShuffleBytes-InsertByte-ShuffleBytes-ChangeBit-EraseBytes-
#1296	NEW    cov: 122 ft: 478 corp: 50/7046b lim: 333 exec/s: 0 rss: 29Mb L: 107/333 MS: 4 ChangeByte-CopyPart-ChangeBit-CMP- DE: "\001\000\000\033"-
#1412	NEW    cov: 122 ft: 480 corp: 51/7267b lim: 333 exec/s: 0 rss: 29Mb L: 221/333 MS: 1 InsertByte-
#1507	REDUCE cov: 122 ft: 482 corp: 52/7550b lim: 333 exec/s: 0 rss: 29Mb L: 283/333 MS: 5 ChangeBit-CrossOver-ChangeBinInt-ChangeByte-InsertRepeatedBytes-
#1528	REDUCE cov: 122 ft: 482 corp: 52/7548b lim: 333 exec/s: 0 rss: 29Mb L: 69/333 MS: 1 EraseBytes-
#1567	REDUCE cov: 122 ft: 483 corp: 53/7741b lim: 333 exec/s: 0 rss: 29Mb L: 193/333 MS: 4 EraseBytes-CopyPart-CopyPart-EraseBytes-
#1598	NEW    cov: 122 ft: 484 corp: 54/7962b lim: 333 exec/s: 0 rss: 29Mb L: 221/333 MS: 1 ChangeBit-
#1766	NEW    cov: 122 ft: 485 corp: 55/8295b lim: 333 exec/s: 0 rss: 29Mb L: 333/333 MS: 3 EraseBytes-ShuffleBytes-CopyPart-
#1796	REDUCE cov: 122 ft: 486 corp: 56/8503b lim: 333 exec/s: 0 rss: 29Mb L: 208/333 MS: 5 ChangeBinInt-ChangeASCIIInt-CrossOver-ChangeByte-CrossOver-
#1844	REDUCE cov: 122 ft: 486 corp: 56/8502b lim: 333 exec/s: 0 rss: 29Mb L: 2/333 MS: 3 ShuffleBytes-InsertByte-EraseBytes-
#2020	REDUCE cov: 122 ft: 486 corp: 56/8479b lim: 333 exec/s: 0 rss: 29Mb L: 63/333 MS: 1 EraseBytes-
#2060	REDUCE cov: 122 ft: 486 corp: 56/8390b lim: 333 exec/s: 0 rss: 29Mb L: 124/333 MS: 5 CMP-CrossOver-ChangeBinInt-CopyPart-CrossOver- DE: "\014\000"-
#2111	REDUCE cov: 122 ft: 486 corp: 56/8388b lim: 333 exec/s: 0 rss: 29Mb L: 71/333 MS: 1 EraseBytes-
#2192	REDUCE cov: 122 ft: 486 corp: 56/8370b lim: 333 exec/s: 0 rss: 29Mb L: 232/333 MS: 1 EraseBytes-
#2315	REDUCE cov: 122 ft: 486 corp: 56/8346b lim: 333 exec/s: 0 rss: 29Mb L: 309/333 MS: 3 ChangeBinInt-CopyPart-CrossOver-
#2511	REDUCE cov: 122 ft: 486 corp: 56/8345b lim: 333 exec/s: 0 rss: 29Mb L: 1/333 MS: 1 EraseBytes-
#2676	REDUCE cov: 122 ft: 486 corp: 56/8325b lim: 333 exec/s: 0 rss: 29Mb L: 205/333 MS: 5 InsertByte-EraseBytes-ShuffleBytes-ChangeBinInt-CrossOver-
#2700	REDUCE cov: 122 ft: 486 corp: 56/8308b lim: 333 exec/s: 0 rss: 29Mb L: 191/333 MS: 4 ChangeASCIIInt-ChangeByte-CopyPart-EraseBytes-
#2731	REDUCE cov: 122 ft: 486 corp: 56/8298b lim: 333 exec/s: 0 rss: 29Mb L: 261/333 MS: 1 EraseBytes-
#2864	REDUCE cov: 122 ft: 486 corp: 56/8264b lim: 333 exec/s: 0 rss: 29Mb L: 73/333 MS: 3 InsertRepeatedBytes-ChangeBinInt-EraseBytes-
#2938	REDUCE cov: 122 ft: 486 corp: 56/8242b lim: 333 exec/s: 0 rss: 29Mb L: 49/333 MS: 4 EraseBytes-CrossOver-PersAutoDict-InsertRepeatedBytes- DE: "irap"-
#2945	REDUCE cov: 122 ft: 486 corp: 56/8221b lim: 333 exec/s: 0 rss: 29Mb L: 52/333 MS: 2 ChangeBit-EraseBytes-
#2962	REDUCE cov: 122 ft: 486 corp: 56/8187b lim: 333 exec/s: 0 rss: 29Mb L: 263/333 MS: 2 ChangeByte-EraseBytes-
#3238	REDUCE cov: 122 ft: 487 corp: 57/8496b lim: 333 exec/s: 0 rss: 29Mb L: 309/333 MS: 1 ChangeByte-
#3239	REDUCE cov: 122 ft: 487 corp: 57/8476b lim: 333 exec/s: 0 rss: 29Mb L: 204/333 MS: 1 EraseBytes-
#3385	REDUCE cov: 122 ft: 487 corp: 57/8422b lim: 333 exec/s: 0 rss: 29Mb L: 255/333 MS: 1 EraseBytes-
#3623	REDUCE cov: 122 ft: 487 corp: 57/8408b lim: 333 exec/s: 0 rss: 29Mb L: 180/333 MS: 3 ChangeASCIIInt-InsertByte-EraseBytes-
#3817	REDUCE cov: 122 ft: 488 corp: 58/8672b lim: 333 exec/s: 0 rss: 29Mb L: 264/333 MS: 4 ChangeBit-InsertRepeatedBytes-InsertRepeatedBytes-CopyPart-
#4003	NEW    cov: 122 ft: 501 corp: 59/8965b lim: 333 exec/s: 0 rss: 29Mb L: 293/333 MS: 1 CopyPart-
#4117	NEW    cov: 122 ft: 502 corp: 60/9230b lim: 333 exec/s: 0 rss: 29Mb L: 265/333 MS: 4 ChangeByte-ChangeASCIIInt-ChangeByte-InsertByte-
#4124	REDUCE cov: 122 ft: 502 corp: 60/9229b lim: 333 exec/s: 0 rss: 29Mb L: 51/333 MS: 2 ChangeByte-EraseBytes-
#4313	REDUCE cov: 122 ft: 502 corp: 60/9222b lim: 333 exec/s: 0 rss: 29Mb L: 306/333 MS: 4 InsertRepeatedBytes-InsertRepeatedBytes-ChangeByte-EraseBytes-
#4514	REDUCE cov: 122 ft: 502 corp: 60/9220b lim: 333 exec/s: 0 rss: 29Mb L: 26/333 MS: 1 EraseBytes-
#4584	REDUCE cov: 122 ft: 502 corp: 60/9207b lim: 333 exec/s: 0 rss: 29Mb L: 182/333 MS: 5 PersAutoDict-ChangeBinInt-CrossOver-PersAutoDict-EraseBytes- DE: "\001\000\000\033"-"hso5"-
#4613	REDUCE cov: 122 ft: 502 corp: 60/9201b lim: 333 exec/s: 0 rss: 29Mb L: 57/333 MS: 4 PersAutoDict-ChangeByte-ChangeBit-EraseBytes- DE: "pixi"-
#4727	REDUCE cov: 122 ft: 502 corp: 60/9181b lim: 333 exec/s: 0 rss: 29Mb L: 100/333 MS: 4 ChangeBinInt-CrossOver-CrossOver-EraseBytes-
#4843	REDUCE cov: 122 ft: 502 corp: 60/9163b lim: 333 exec/s: 0 rss: 29Mb L: 106/333 MS: 1 EraseBytes-
#5167	REDUCE cov: 122 ft: 502 corp: 60/9160b lim: 333 exec/s: 0 rss: 29Mb L: 297/333 MS: 4 InsertByte-CopyPart-ChangeBinInt-EraseBytes-
#5364	REDUCE cov: 122 ft: 502 corp: 60/9131b lim: 333 exec/s: 0 rss: 29Mb L: 178/333 MS: 2 InsertRepeatedBytes-EraseBytes-
#5395	REDUCE cov: 122 ft: 502 corp: 60/9113b lim: 333 exec/s: 0 rss: 29Mb L: 265/333 MS: 1 EraseBytes-
#5491	REDUCE cov: 122 ft: 502 corp: 60/9065b lim: 333 exec/s: 0 rss: 29Mb L: 172/333 MS: 1 EraseBytes-
#5613	REDUCE cov: 122 ft: 502 corp: 60/8985b lim: 333 exec/s: 0 rss: 29Mb L: 92/333 MS: 2 ChangeBit-EraseBytes-
#5825	REDUCE cov: 122 ft: 507 corp: 61/9222b lim: 333 exec/s: 0 rss: 29Mb L: 237/333 MS: 2 ChangeBinInt-CMP- DE: "N7ISOBMFF3BoxE"-
#5826	REDUCE cov: 122 ft: 507 corp: 61/9218b lim: 333 exec/s: 0 rss: 29Mb L: 42/333 MS: 1 EraseBytes-
#5832	REDUCE cov: 122 ft: 507 corp: 61/9217b lim: 333 exec/s: 0 rss: 29Mb L: 134/333 MS: 1 EraseBytes-
#6296	REDUCE cov: 122 ft: 507 corp: 61/9169b lim: 333 exec/s: 0 rss: 29Mb L: 73/333 MS: 4 EraseBytes-ShuffleBytes-ChangeBit-InsertByte-
#6621	REDUCE cov: 122 ft: 507 corp: 61/9166b lim: 333 exec/s: 6621 rss: 29Mb L: 40/333 MS: 3 ChangeBit-EraseBytes-ChangeByte-
#6688	REDUCE cov: 122 ft: 507 corp: 61/9110b lim: 333 exec/s: 6688 rss: 29Mb L: 36/333 MS: 2 CMP-CrossOver- DE: "\271\000\000\000\000\000\000\000"-
#6732	REDUCE cov: 122 ft: 507 corp: 61/9109b lim: 333 exec/s: 6732 rss: 29Mb L: 305/333 MS: 4 ChangeBit-EraseBytes-ChangeByte-CopyPart-
#6859	REDUCE cov: 122 ft: 507 corp: 61/9085b lim: 333 exec/s: 6859 rss: 29Mb L: 241/333 MS: 2 ChangeBit-EraseBytes-
#6890	REDUCE cov: 122 ft: 507 corp: 61/9083b lim: 333 exec/s: 6890 rss: 29Mb L: 55/333 MS: 1 EraseBytes-
#7039	REDUCE cov: 122 ft: 508 corp: 62/9392b lim: 333 exec/s: 7039 rss: 29Mb L: 309/333 MS: 4 InsertRepeatedBytes-CopyPart-CopyPart-ChangeBinInt-
#7299	NEW    cov: 123 ft: 509 corp: 63/9697b lim: 333 exec/s: 7299 rss: 29Mb L: 305/333 MS: 5 CMP-ChangeByte-ChangeBinInt-ChangeByte-PersAutoDict- DE: "\301\303\003\310\266r\000\000"-"pixi"-
#7468	REDUCE cov: 123 ft: 509 corp: 63/9696b lim: 333 exec/s: 7468 rss: 29Mb L: 181/333 MS: 4 ChangeBit-CMP-CopyPart-EraseBytes- DE: "stsd"-
#7482	NEW    cov: 123 ft: 510 corp: 64/10025b lim: 333 exec/s: 7482 rss: 29Mb L: 329/333 MS: 4 ChangeBinInt-ChangeBinInt-CrossOver-InsertByte-
#7780	REDUCE cov: 123 ft: 510 corp: 64/9954b lim: 333 exec/s: 7780 rss: 29Mb L: 120/333 MS: 3 ChangeASCIIInt-ChangeASCIIInt-EraseBytes-
#7797	REDUCE cov: 123 ft: 510 corp: 64/9946b lim: 333 exec/s: 7797 rss: 29Mb L: 229/333 MS: 2 ChangeASCIIInt-EraseBytes-
#7807	REDUCE cov: 123 ft: 510 corp: 64/9944b lim: 333 exec/s: 7807 rss: 29Mb L: 26/333 MS: 5 ShuffleBytes-ShuffleBytes-ChangeBit-ChangeBinInt-EraseBytes-
#7869	REDUCE cov: 123 ft: 510 corp: 64/9942b lim: 333 exec/s: 7869 rss: 29Mb L: 49/333 MS: 2 ChangeBit-EraseBytes-
#7979	REDUCE cov: 123 ft: 510 corp: 64/9930b lim: 333 exec/s: 7979 rss: 29Mb L: 24/333 MS: 5 ChangeByte-EraseBytes-ShuffleBytes-ChangeBit-EraseBytes-
#8445	REDUCE cov: 123 ft: 510 corp: 64/9929b lim: 333 exec/s: 8445 rss: 29Mb L: 9/333 MS: 1 EraseBytes-
#8557	REDUCE cov: 123 ft: 510 corp: 64/9922b lim: 333 exec/s: 8557 rss: 29Mb L: 33/333 MS: 2 ChangeBit-EraseBytes-
#8572	REDUCE cov: 123 ft: 510 corp: 64/9918b lim: 333 exec/s: 8572 rss: 29Mb L: 112/333 MS: 5 ChangeByte-ChangeBit-ChangeBinInt-ShuffleBytes-EraseBytes-
#8639	REDUCE cov: 123 ft: 510 corp: 64/9916b lim: 333 exec/s: 8639 rss: 29Mb L: 47/333 MS: 2 ChangeBinInt-EraseBytes-
#9176	REDUCE cov: 123 ft: 510 corp: 64/9908b lim: 333 exec/s: 9176 rss: 29Mb L: 25/333 MS: 2 ChangeByte-EraseBytes-
#9179	REDUCE cov: 123 ft: 510 corp: 64/9884b lim: 333 exec/s: 9179 rss: 29Mb L: 231/333 MS: 3 ChangeBit-InsertByte-EraseBytes-
#9269	REDUCE cov: 123 ft: 510 corp: 64/9877b lim: 333 exec/s: 9269 rss: 29Mb L: 173/333 MS: 5 ChangeBit-ChangeBinInt-PersAutoDict-ChangeASCIIInt-EraseBytes- DE: "\301\303\003\310\266r\000\000"-
#9368	REDUCE cov: 123 ft: 510 corp: 64/9833b lim: 333 exec/s: 9368 rss: 29Mb L: 187/333 MS: 4 ShuffleBytes-CopyPart-InsertByte-EraseBytes-
#9604	NEW    cov: 123 ft: 511 corp: 65/10053b lim: 333 exec/s: 9604 rss: 29Mb L: 220/333 MS: 1 ChangeByte-
#9621	REDUCE cov: 123 ft: 511 corp: 65/10022b lim: 333 exec/s: 9621 rss: 29Mb L: 262/333 MS: 2 ChangeBinInt-EraseBytes-
#9907	REDUCE cov: 123 ft: 511 corp: 65/10018b lim: 333 exec/s: 9907 rss: 29Mb L: 217/333 MS: 1 EraseBytes-
#9999	REDUCE cov: 123 ft: 511 corp: 65/9999b lim: 333 exec/s: 9999 rss: 29Mb L: 87/333 MS: 2 CrossOver-EraseBytes-
#10336	REDUCE cov: 123 ft: 511 corp: 65/9998b lim: 333 exec/s: 10336 rss: 29Mb L: 25/333 MS: 2 CMP-EraseBytes- DE: "hvc1"-
#11313	REDUCE cov: 123 ft: 511 corp: 65/9995b lim: 341 exec/s: 11313 rss: 29Mb L: 52/333 MS: 2 PersAutoDict-EraseBytes- DE: "stsd"-
#11430	REDUCE cov: 123 ft: 511 corp: 65/9970b lim: 341 exec/s: 11430 rss: 29Mb L: 284/333 MS: 2 InsertByte-EraseBytes-
#11496	NEW    cov: 123 ft: 517 corp: 66/10215b lim: 341 exec/s: 11496 rss: 29Mb L: 245/333 MS: 1 InsertRepeatedBytes-
#11694	NEW    cov: 123 ft: 529 corp: 67/10535b lim: 341 exec/s: 11694 rss: 29Mb L: 320/333 MS: 3 InsertByte-ChangeBinInt-PersAutoDict- DE: "N7ISOBMFF3BoxE"-
#11735	NEW    cov: 123 ft: 531 corp: 68/10868b lim: 341 exec/s: 11735 rss: 29Mb L: 333/333 MS: 1 PersAutoDict- DE: "stsd"-
#11838	REDUCE cov: 123 ft: 531 corp: 68/10740b lim: 341 exec/s: 11838 rss: 29Mb L: 205/333 MS: 3 CopyPart-PersAutoDict-EraseBytes- DE: "\000\000]m\371\000\006\233"-
#11910	REDUCE cov: 123 ft: 531 corp: 68/10738b lim: 341 exec/s: 11910 rss: 29Mb L: 67/333 MS: 2 EraseBytes-CopyPart-
#12156	REDUCE cov: 123 ft: 531 corp: 68/10727b lim: 341 exec/s: 12156 rss: 29Mb L: 251/333 MS: 1 CrossOver-
#12278	REDUCE cov: 123 ft: 532 corp: 69/11013b lim: 341 exec/s: 12278 rss: 29Mb L: 286/333 MS: 2 ChangeBinInt-CopyPart-
#12434	REDUCE cov: 123 ft: 532 corp: 69/11001b lim: 341 exec/s: 12434 rss: 29Mb L: 88/333 MS: 1 EraseBytes-
#12963	REDUCE cov: 123 ft: 532 corp: 69/10991b lim: 341 exec/s: 12963 rss: 30Mb L: 168/333 MS: 4 EraseBytes-PersAutoDict-ChangeBit-InsertRepeatedBytes- DE: "stsd"-
#13164	REDUCE cov: 123 ft: 532 corp: 69/10956b lim: 341 exec/s: 6582 rss: 30Mb L: 262/333 MS: 1 CrossOver-
#13761	REDUCE cov: 123 ft: 532 corp: 69/10933b lim: 341 exec/s: 6880 rss: 30Mb L: 182/333 MS: 2 ChangeBinInt-CrossOver-
#13906	NEW    cov: 123 ft: 534 corp: 70/11006b lim: 341 exec/s: 6953 rss: 30Mb L: 73/333 MS: 5 CopyPart-PersAutoDict-EraseBytes-CopyPart-CMP- DE: "-\000"-"pixi"-
#13997	NEW    cov: 124 ft: 535 corp: 71/11327b lim: 341 exec/s: 6998 rss: 30Mb L: 321/333 MS: 1 CrossOver-
#14009	REDUCE cov: 124 ft: 535 corp: 71/11326b lim: 341 exec/s: 7004 rss: 30Mb L: 25/333 MS: 2 ChangeBit-EraseBytes-
#14103	REDUCE cov: 124 ft: 535 corp: 71/11324b lim: 341 exec/s: 7051 rss: 30Mb L: 191/333 MS: 4 CrossOver-ChangeBit-ChangeByte-CrossOver-
#14459	REDUCE cov: 124 ft: 535 corp: 71/11306b lim: 341 exec/s: 7229 rss: 30Mb L: 169/333 MS: 1 EraseBytes-
#14707	REDUCE cov: 124 ft: 535 corp: 71/11222b lim: 341 exec/s: 7353 rss: 30Mb L: 157/333 MS: 3 ShuffleBytes-CrossOver-EraseBytes-
#14844	REDUCE cov: 124 ft: 535 corp: 71/11194b lim: 341 exec/s: 7422 rss: 30Mb L: 60/333 MS: 2 ChangeASCIIInt-EraseBytes-
#15007	REDUCE cov: 124 ft: 535 corp: 71/11130b lim: 341 exec/s: 7503 rss: 30Mb L: 245/333 MS: 3 CrossOver-EraseBytes-PersAutoDict- DE: "\021\000\000\000"-
#15033	REDUCE cov: 124 ft: 535 corp: 71/11106b lim: 341 exec/s: 7516 rss: 30Mb L: 169/333 MS: 1 EraseBytes-
#15410	REDUCE cov: 124 ft: 535 corp: 71/11074b lim: 341 exec/s: 7705 rss: 30Mb L: 289/333 MS: 2 ShuffleBytes-EraseBytes-
#15641	REDUCE cov: 124 ft: 535 corp: 71/11047b lim: 341 exec/s: 7820 rss: 30Mb L: 155/333 MS: 1 EraseBytes-
#15952	REDUCE cov: 124 ft: 535 corp: 71/11031b lim: 341 exec/s: 7976 rss: 30Mb L: 104/333 MS: 1 EraseBytes-
#16015	REDUCE cov: 124 ft: 535 corp: 71/11000b lim: 341 exec/s: 8007 rss: 30Mb L: 124/333 MS: 3 InsertByte-ShuffleBytes-CrossOver-
#16251	REDUCE cov: 124 ft: 535 corp: 71/10992b lim: 341 exec/s: 8125 rss: 30Mb L: 52/333 MS: 1 EraseBytes-
#16384	pulse  cov: 124 ft: 535 corp: 71/10992b lim: 341 exec/s: 8192 rss: 30Mb
#16775	NEW    cov: 124 ft: 539 corp: 72/11053b lim: 341 exec/s: 8387 rss: 30Mb L: 61/333 MS: 4 ChangeBit-CrossOver-ChangeASCIIInt-EraseBytes-
#17051	REDUCE cov: 124 ft: 539 corp: 72/11004b lim: 341 exec/s: 8525 rss: 30Mb L: 240/333 MS: 1 EraseBytes-
#17266	REDUCE cov: 124 ft: 539 corp: 72/10996b lim: 341 exec/s: 8633 rss: 30Mb L: 109/333 MS: 5 ChangeBit-EraseBytes-ChangeBit-CopyPart-InsertRepeatedBytes-
==548885== ERROR: libFuzzer: out-of-memory (used: 2134Mb; limit: 1024Mb)
   To change the out-of-memory limit use -rss_limit_mb=<N>

MS: 1 ChangeBinInt-; base unit: c6b9fd2109343b9a8d8d11022e3290e391a68200
artifact_prefix='/results/crashes/20260313_171425_03ad705d_'; Test unit written to /results/crashes/20260313_171425_03ad705d_oom-bc10010cfea615a05a621331e014c43b717fbcae
SUMMARY: libFuzzer: out-of-memory
stat::number_of_executed_units: 17382
stat::average_exec_per_sec:     4345
stat::new_units_added:          165
stat::slowest_unit_time_sec:    0
stat::peak_rss_mb:              2135
