INFO: Running with entropic power schedule (0xFF, 100).
INFO: Seed: 2800003515
INFO: Loaded 1 modules   (252 inline 8-bit counters): 252 [0x5b81859c0678, 0x5b81859c0774), 
INFO: Loaded 1 PC tables (252 PCs): 252 [0x5b81859c0778,0x5b81859c1738), 
INFO:        4 files found in /tmp/corpus_20260313_181902_5f5f986c
INFO: seed corpus: files: 4 min: 48b max: 333b total: 853b rss: 28Mb
#5	INITED cov: 117 ft: 250 corp: 4/853b exec/s: 0 rss: 29Mb
#6	NEW    cov: 118 ft: 256 corp: 5/1109b lim: 333 exec/s: 0 rss: 29Mb L: 256/333 MS: 1 EraseBytes-
#7	NEW    cov: 118 ft: 257 corp: 6/1442b lim: 333 exec/s: 0 rss: 29Mb L: 333/333 MS: 1 CopyPart-
#8	NEW    cov: 118 ft: 267 corp: 7/1490b lim: 333 exec/s: 0 rss: 29Mb L: 48/333 MS: 1 ChangeBit-
#9	NEW    cov: 119 ft: 270 corp: 8/1823b lim: 333 exec/s: 0 rss: 29Mb L: 333/333 MS: 1 CrossOver-
#11	NEW    cov: 119 ft: 272 corp: 9/1868b lim: 333 exec/s: 0 rss: 29Mb L: 45/333 MS: 2 ChangeBinInt-CrossOver-
#12	NEW    cov: 119 ft: 273 corp: 10/2197b lim: 333 exec/s: 0 rss: 29Mb L: 329/333 MS: 1 CopyPart-
#15	NEW    cov: 119 ft: 275 corp: 11/2417b lim: 333 exec/s: 0 rss: 29Mb L: 220/333 MS: 3 CMP-ChangeBit-ChangeBinInt- DE: "\377\377\253D"-
#16	NEW    cov: 119 ft: 279 corp: 12/2465b lim: 333 exec/s: 0 rss: 29Mb L: 48/333 MS: 1 ShuffleBytes-
#20	NEW    cov: 119 ft: 300 corp: 13/2630b lim: 333 exec/s: 0 rss: 29Mb L: 165/333 MS: 4 ChangeByte-CopyPart-CMP-EraseBytes- DE: "moov"-
#22	NEW    cov: 119 ft: 301 corp: 14/2900b lim: 333 exec/s: 0 rss: 29Mb L: 270/333 MS: 2 InsertByte-CopyPart-
#23	NEW    cov: 119 ft: 317 corp: 15/2993b lim: 333 exec/s: 0 rss: 29Mb L: 93/333 MS: 1 CopyPart-
#29	NEW    cov: 119 ft: 325 corp: 16/3027b lim: 333 exec/s: 0 rss: 29Mb L: 34/333 MS: 1 EraseBytes-
#32	NEW    cov: 119 ft: 326 corp: 17/3169b lim: 333 exec/s: 0 rss: 29Mb L: 142/333 MS: 3 InsertRepeatedBytes-ShuffleBytes-InsertRepeatedBytes-
#33	NEW    cov: 119 ft: 328 corp: 18/3471b lim: 333 exec/s: 0 rss: 29Mb L: 302/333 MS: 1 InsertRepeatedBytes-
#35	NEW    cov: 119 ft: 330 corp: 19/3785b lim: 333 exec/s: 0 rss: 29Mb L: 314/333 MS: 2 ChangeBinInt-CopyPart-
#37	NEW    cov: 119 ft: 331 corp: 20/3900b lim: 333 exec/s: 0 rss: 29Mb L: 115/333 MS: 2 ChangeASCIIInt-CrossOver-
#42	NEW    cov: 119 ft: 332 corp: 21/4168b lim: 333 exec/s: 0 rss: 29Mb L: 268/333 MS: 5 ChangeBit-InsertRepeatedBytes-ChangeByte-CMP-InsertByte- DE: "mdia"-
#44	NEW    cov: 119 ft: 333 corp: 22/4290b lim: 333 exec/s: 0 rss: 29Mb L: 122/333 MS: 2 ShuffleBytes-InsertRepeatedBytes-
#45	NEW    cov: 119 ft: 348 corp: 23/4339b lim: 333 exec/s: 0 rss: 29Mb L: 49/333 MS: 1 InsertByte-
#54	NEW    cov: 119 ft: 349 corp: 24/4443b lim: 333 exec/s: 0 rss: 29Mb L: 104/333 MS: 4 ChangeByte-ShuffleBytes-EraseBytes-EraseBytes-
#56	NEW    cov: 119 ft: 350 corp: 25/4616b lim: 333 exec/s: 0 rss: 29Mb L: 173/333 MS: 2 EraseBytes-ChangeBit-
#58	REDUCE cov: 119 ft: 350 corp: 25/4603b lim: 333 exec/s: 0 rss: 29Mb L: 35/333 MS: 2 PersAutoDict-EraseBytes- DE: "moov"-
#66	REDUCE cov: 119 ft: 351 corp: 26/4684b lim: 333 exec/s: 0 rss: 29Mb L: 81/333 MS: 3 CopyPart-InsertByte-CrossOver-
#69	NEW    cov: 119 ft: 352 corp: 27/4889b lim: 333 exec/s: 0 rss: 29Mb L: 205/333 MS: 3 CrossOver-EraseBytes-CopyPart-
#74	NEW    cov: 119 ft: 353 corp: 28/5142b lim: 333 exec/s: 0 rss: 29Mb L: 253/333 MS: 5 ShuffleBytes-CrossOver-InsertByte-ChangeASCIIInt-CMP- DE: "urn "-
#77	NEW    cov: 119 ft: 354 corp: 29/5398b lim: 333 exec/s: 0 rss: 29Mb L: 256/333 MS: 3 InsertRepeatedBytes-ChangeBinInt-InsertRepeatedBytes-
#81	NEW    cov: 119 ft: 380 corp: 30/5636b lim: 333 exec/s: 0 rss: 29Mb L: 238/333 MS: 4 ChangeBit-CopyPart-CopyPart-EraseBytes-
#85	REDUCE cov: 119 ft: 380 corp: 30/5600b lim: 333 exec/s: 0 rss: 29Mb L: 232/333 MS: 4 ShuffleBytes-CrossOver-InsertByte-InsertRepeatedBytes-
#92	REDUCE cov: 119 ft: 380 corp: 30/5599b lim: 333 exec/s: 0 rss: 29Mb L: 44/333 MS: 2 EraseBytes-PersAutoDict- DE: "mdia"-
#101	NEW    cov: 119 ft: 390 corp: 31/5699b lim: 333 exec/s: 0 rss: 29Mb L: 100/333 MS: 4 ChangeByte-CopyPart-ChangeBinInt-InsertByte-
#106	NEW    cov: 119 ft: 391 corp: 32/5784b lim: 333 exec/s: 0 rss: 29Mb L: 85/333 MS: 5 ChangeBit-PersAutoDict-EraseBytes-ChangeByte-EraseBytes- DE: "mdia"-
#107	NEW    cov: 120 ft: 392 corp: 33/6036b lim: 333 exec/s: 0 rss: 29Mb L: 252/333 MS: 1 PersAutoDict- DE: "urn "-
#108	NEW    cov: 120 ft: 394 corp: 34/6341b lim: 333 exec/s: 0 rss: 29Mb L: 305/333 MS: 1 CopyPart-
#119	NEW    cov: 120 ft: 400 corp: 35/6619b lim: 333 exec/s: 0 rss: 29Mb L: 278/333 MS: 1 EraseBytes-
#141	NEW    cov: 120 ft: 401 corp: 36/6668b lim: 333 exec/s: 0 rss: 29Mb L: 49/333 MS: 2 ChangeBinInt-CopyPart-
#156	NEW    cov: 120 ft: 409 corp: 37/6993b lim: 333 exec/s: 0 rss: 29Mb L: 325/333 MS: 5 InsertRepeatedBytes-ChangeByte-ShuffleBytes-ChangeByte-CopyPart-
#164	NEW    cov: 120 ft: 410 corp: 38/7305b lim: 333 exec/s: 0 rss: 29Mb L: 312/333 MS: 3 CopyPart-ChangeBinInt-CopyPart-
#195	NEW    cov: 120 ft: 411 corp: 39/7623b lim: 333 exec/s: 0 rss: 29Mb L: 318/333 MS: 1 PersAutoDict- DE: "\377\377\253D"-
#248	NEW    cov: 120 ft: 413 corp: 40/7876b lim: 333 exec/s: 0 rss: 29Mb L: 253/333 MS: 3 ShuffleBytes-CrossOver-ChangeByte-
#252	REDUCE cov: 120 ft: 413 corp: 40/7861b lim: 333 exec/s: 0 rss: 29Mb L: 310/333 MS: 4 CrossOver-PersAutoDict-CopyPart-EraseBytes- DE: "moov"-
#283	REDUCE cov: 120 ft: 414 corp: 41/7896b lim: 333 exec/s: 0 rss: 29Mb L: 35/333 MS: 1 ChangeBinInt-
#289	NEW    cov: 120 ft: 415 corp: 42/7945b lim: 333 exec/s: 0 rss: 29Mb L: 49/333 MS: 1 ShuffleBytes-
#299	NEW    cov: 120 ft: 416 corp: 43/8142b lim: 333 exec/s: 0 rss: 29Mb L: 197/333 MS: 5 InsertByte-InsertByte-EraseBytes-CopyPart-PersAutoDict- DE: "\377\377\253D"-
#347	REDUCE cov: 120 ft: 432 corp: 44/8173b lim: 333 exec/s: 0 rss: 29Mb L: 31/333 MS: 3 ShuffleBytes-CopyPart-EraseBytes-
#349	NEW    cov: 120 ft: 443 corp: 45/8192b lim: 333 exec/s: 0 rss: 29Mb L: 19/333 MS: 2 ShuffleBytes-EraseBytes-
#360	NEW    cov: 120 ft: 444 corp: 46/8241b lim: 333 exec/s: 0 rss: 29Mb L: 49/333 MS: 1 ShuffleBytes-
#367	NEW    cov: 120 ft: 461 corp: 47/8251b lim: 333 exec/s: 0 rss: 29Mb L: 10/333 MS: 2 EraseBytes-EraseBytes-
#416	REDUCE cov: 120 ft: 462 corp: 48/8296b lim: 333 exec/s: 0 rss: 29Mb L: 45/333 MS: 4 InsertByte-ChangeASCIIInt-ChangeBinInt-ChangeBinInt-
#522	REDUCE cov: 120 ft: 462 corp: 48/8229b lim: 333 exec/s: 0 rss: 29Mb L: 211/333 MS: 1 EraseBytes-
#541	NEW    cov: 120 ft: 463 corp: 49/8266b lim: 333 exec/s: 0 rss: 29Mb L: 37/333 MS: 4 CopyPart-CopyPart-InsertRepeatedBytes-CrossOver-
#543	NEW    cov: 120 ft: 464 corp: 50/8582b lim: 333 exec/s: 0 rss: 29Mb L: 316/333 MS: 2 CrossOver-InsertRepeatedBytes-
#614	REDUCE cov: 120 ft: 464 corp: 50/8581b lim: 333 exec/s: 0 rss: 29Mb L: 315/333 MS: 1 EraseBytes-
#616	NEW    cov: 120 ft: 473 corp: 51/8884b lim: 333 exec/s: 0 rss: 29Mb L: 303/333 MS: 2 CMP-CrossOver- DE: "avcC"-
#639	REDUCE cov: 120 ft: 473 corp: 51/8832b lim: 333 exec/s: 0 rss: 29Mb L: 48/333 MS: 3 ShuffleBytes-EraseBytes-EraseBytes-
#647	NEW    cov: 121 ft: 474 corp: 52/9029b lim: 333 exec/s: 0 rss: 29Mb L: 197/333 MS: 3 ShuffleBytes-ShuffleBytes-ChangeBit-
#768	NEW    cov: 121 ft: 475 corp: 53/9257b lim: 333 exec/s: 0 rss: 29Mb L: 228/333 MS: 1 CopyPart-
#879	REDUCE cov: 121 ft: 475 corp: 53/9245b lim: 333 exec/s: 0 rss: 29Mb L: 25/333 MS: 1 EraseBytes-
#898	REDUCE cov: 121 ft: 475 corp: 53/9218b lim: 333 exec/s: 0 rss: 29Mb L: 291/333 MS: 4 InsertRepeatedBytes-CrossOver-CMP-EraseBytes- DE: "edts"-
#947	REDUCE cov: 121 ft: 475 corp: 53/9193b lim: 333 exec/s: 0 rss: 29Mb L: 213/333 MS: 4 ChangeBinInt-InsertByte-ChangeBinInt-EraseBytes-
#974	NEW    cov: 121 ft: 476 corp: 54/9208b lim: 333 exec/s: 0 rss: 29Mb L: 15/333 MS: 2 ChangeByte-EraseBytes-
#1086	REDUCE cov: 121 ft: 476 corp: 54/9207b lim: 333 exec/s: 0 rss: 29Mb L: 44/333 MS: 2 ChangeASCIIInt-EraseBytes-
#1266	REDUCE cov: 121 ft: 476 corp: 54/9194b lim: 333 exec/s: 0 rss: 29Mb L: 184/333 MS: 5 InsertByte-InsertByte-ChangeBinInt-InsertRepeatedBytes-EraseBytes-
#1432	REDUCE cov: 121 ft: 476 corp: 54/9192b lim: 333 exec/s: 0 rss: 29Mb L: 13/333 MS: 1 EraseBytes-
#1567	REDUCE cov: 121 ft: 476 corp: 54/9127b lim: 333 exec/s: 0 rss: 29Mb L: 205/333 MS: 5 CrossOver-ChangeBit-ChangeBinInt-ShuffleBytes-EraseBytes-
#1612	REDUCE cov: 121 ft: 476 corp: 54/9093b lim: 333 exec/s: 0 rss: 29Mb L: 171/333 MS: 5 CopyPart-ChangeBit-ChangeByte-EraseBytes-InsertByte-
#1620	REDUCE cov: 121 ft: 477 corp: 55/9101b lim: 333 exec/s: 0 rss: 29Mb L: 8/333 MS: 3 InsertByte-ChangeBit-CrossOver-
#1683	NEW    cov: 121 ft: 478 corp: 56/9380b lim: 333 exec/s: 0 rss: 29Mb L: 279/333 MS: 3 CopyPart-InsertRepeatedBytes-CrossOver-
#1710	REDUCE cov: 121 ft: 478 corp: 56/9303b lim: 333 exec/s: 0 rss: 29Mb L: 128/333 MS: 2 ChangeBit-EraseBytes-
#1733	REDUCE cov: 121 ft: 478 corp: 56/9128b lim: 333 exec/s: 0 rss: 29Mb L: 130/333 MS: 3 ShuffleBytes-EraseBytes-EraseBytes-
==744961== ERROR: libFuzzer: out-of-memory (used: 1119Mb; limit: 1024Mb)
   To change the out-of-memory limit use -rss_limit_mb=<N>

MS: 4 ShuffleBytes-CopyPart-CMP-CMP- DE: "\017\000\000\000\000\000\000\000"-"hvc1"-; base unit: b70fc56704c0f4c44b02a6773449ac4cb6319234
artifact_prefix='/results/crashes/20260313_181902_5f5f986c_'; Test unit written to /results/crashes/20260313_181902_5f5f986c_oom-19a76468865c27f88030cb073d9d4c9f4fd709c3
SUMMARY: libFuzzer: out-of-memory
stat::number_of_executed_units: 1817
stat::average_exec_per_sec:     1817
stat::new_units_added:          69
stat::slowest_unit_time_sec:    0
stat::peak_rss_mb:              1120
