INFO: Running with entropic power schedule (0xFF, 100).
INFO: Seed: 4240469419
INFO: Loaded 1 modules   (252 inline 8-bit counters): 252 [0x56941141f678, 0x56941141f774), 
INFO: Loaded 1 PC tables (252 PCs): 252 [0x56941141f778,0x569411420738), 
INFO:        4 files found in /tmp/corpus_20260313_185250_6c1650c4
INFO: seed corpus: files: 4 min: 48b max: 333b total: 853b rss: 28Mb
#5	INITED cov: 117 ft: 251 corp: 4/853b exec/s: 0 rss: 29Mb
#7	NEW    cov: 117 ft: 259 corp: 5/902b lim: 333 exec/s: 0 rss: 29Mb L: 49/333 MS: 2 ChangeASCIIInt-InsertByte-
#8	NEW    cov: 118 ft: 261 corp: 6/1089b lim: 333 exec/s: 0 rss: 29Mb L: 187/333 MS: 1 EraseBytes-
#10	NEW    cov: 118 ft: 271 corp: 7/1139b lim: 333 exec/s: 0 rss: 29Mb L: 50/333 MS: 2 InsertByte-ChangeByte-
#11	NEW    cov: 118 ft: 278 corp: 8/1187b lim: 333 exec/s: 0 rss: 29Mb L: 48/333 MS: 1 CrossOver-
#13	NEW    cov: 118 ft: 279 corp: 9/1394b lim: 333 exec/s: 0 rss: 29Mb L: 207/333 MS: 2 ShuffleBytes-InsertRepeatedBytes-
#15	NEW    cov: 118 ft: 294 corp: 10/1473b lim: 333 exec/s: 0 rss: 29Mb L: 79/333 MS: 2 InsertByte-CrossOver-
#18	NEW    cov: 118 ft: 295 corp: 11/1745b lim: 333 exec/s: 0 rss: 29Mb L: 272/333 MS: 3 ChangeBit-ShuffleBytes-CrossOver-
#19	NEW    cov: 118 ft: 296 corp: 12/1954b lim: 333 exec/s: 0 rss: 29Mb L: 209/333 MS: 1 EraseBytes-
#20	NEW    cov: 118 ft: 314 corp: 13/2259b lim: 333 exec/s: 0 rss: 29Mb L: 305/333 MS: 1 InsertRepeatedBytes-
#21	NEW    cov: 118 ft: 315 corp: 14/2466b lim: 333 exec/s: 0 rss: 29Mb L: 207/333 MS: 1 EraseBytes-
#22	NEW    cov: 118 ft: 323 corp: 15/2650b lim: 333 exec/s: 0 rss: 29Mb L: 184/333 MS: 1 EraseBytes-
#29	NEW    cov: 119 ft: 325 corp: 16/2962b lim: 333 exec/s: 0 rss: 29Mb L: 312/333 MS: 2 ChangeBit-InsertRepeatedBytes-
#30	NEW    cov: 119 ft: 330 corp: 17/3122b lim: 333 exec/s: 0 rss: 29Mb L: 160/333 MS: 1 EraseBytes-
#36	NEW    cov: 119 ft: 365 corp: 18/3282b lim: 333 exec/s: 0 rss: 29Mb L: 160/333 MS: 1 ChangeBit-
#37	NEW    cov: 119 ft: 366 corp: 19/3410b lim: 333 exec/s: 0 rss: 29Mb L: 128/333 MS: 1 InsertRepeatedBytes-
#54	NEW    cov: 119 ft: 367 corp: 20/3524b lim: 333 exec/s: 0 rss: 29Mb L: 114/333 MS: 2 InsertRepeatedBytes-EraseBytes-
#61	NEW    cov: 119 ft: 368 corp: 21/3613b lim: 333 exec/s: 0 rss: 29Mb L: 89/333 MS: 2 ShuffleBytes-CrossOver-
#66	NEW    cov: 119 ft: 369 corp: 22/3690b lim: 333 exec/s: 0 rss: 29Mb L: 77/333 MS: 5 InsertByte-ChangeByte-ShuffleBytes-ChangeByte-EraseBytes-
#68	NEW    cov: 119 ft: 370 corp: 23/4023b lim: 333 exec/s: 0 rss: 29Mb L: 333/333 MS: 2 CMP-CrossOver- DE: "\003\000\000\000"-
#77	NEW    cov: 119 ft: 384 corp: 24/4184b lim: 333 exec/s: 0 rss: 29Mb L: 161/333 MS: 4 ChangeByte-ChangeByte-ChangeASCIIInt-InsertByte-
#82	NEW    cov: 120 ft: 392 corp: 25/4492b lim: 333 exec/s: 0 rss: 29Mb L: 308/333 MS: 5 ChangeByte-CrossOver-CrossOver-ShuffleBytes-InsertRepeatedBytes-
#83	NEW    cov: 120 ft: 410 corp: 26/4518b lim: 333 exec/s: 0 rss: 29Mb L: 26/333 MS: 1 EraseBytes-
#85	NEW    cov: 120 ft: 411 corp: 27/4830b lim: 333 exec/s: 0 rss: 29Mb L: 312/333 MS: 2 InsertByte-CopyPart-
#99	NEW    cov: 120 ft: 412 corp: 28/4915b lim: 333 exec/s: 0 rss: 29Mb L: 85/333 MS: 4 ChangeBinInt-ChangeByte-ChangeASCIIInt-CMP- DE: "\022B)\032\224V\000\000"-
#100	REDUCE cov: 120 ft: 412 corp: 28/4908b lim: 333 exec/s: 0 rss: 29Mb L: 265/333 MS: 1 EraseBytes-
#102	NEW    cov: 120 ft: 413 corp: 29/4956b lim: 333 exec/s: 0 rss: 29Mb L: 48/333 MS: 2 ChangeByte-ShuffleBytes-
#123	NEW    cov: 121 ft: 423 corp: 30/5289b lim: 333 exec/s: 0 rss: 29Mb L: 333/333 MS: 1 CopyPart-
#136	NEW    cov: 121 ft: 424 corp: 31/5580b lim: 333 exec/s: 0 rss: 29Mb L: 291/333 MS: 3 CopyPart-ChangeBinInt-CopyPart-
#140	NEW    cov: 121 ft: 425 corp: 32/5896b lim: 333 exec/s: 0 rss: 29Mb L: 316/333 MS: 4 ChangeBit-CMP-ChangeBinInt-PersAutoDict- DE: "dinf"-"\003\000\000\000"-
#142	NEW    cov: 121 ft: 428 corp: 33/5930b lim: 333 exec/s: 0 rss: 29Mb L: 34/333 MS: 2 ChangeByte-EraseBytes-
#148	NEW    cov: 121 ft: 429 corp: 34/6018b lim: 333 exec/s: 0 rss: 29Mb L: 88/333 MS: 1 CopyPart-
#166	NEW    cov: 121 ft: 430 corp: 35/6351b lim: 333 exec/s: 0 rss: 29Mb L: 333/333 MS: 3 ShuffleBytes-CrossOver-CrossOver-
#169	NEW    cov: 121 ft: 437 corp: 36/6442b lim: 333 exec/s: 0 rss: 29Mb L: 91/333 MS: 3 CMP-ChangeBinInt-CrossOver- DE: "stsd"-
#171	NEW    cov: 121 ft: 438 corp: 37/6755b lim: 333 exec/s: 0 rss: 29Mb L: 313/333 MS: 2 ChangeByte-InsertByte-
#199	NEW    cov: 123 ft: 442 corp: 38/7083b lim: 333 exec/s: 0 rss: 29Mb L: 328/333 MS: 3 PersAutoDict-ChangeBit-CrossOver- DE: "\022B)\032\224V\000\000"-
#201	NEW    cov: 123 ft: 443 corp: 39/7113b lim: 333 exec/s: 0 rss: 29Mb L: 30/333 MS: 2 PersAutoDict-EraseBytes- DE: "dinf"-
#214	REDUCE cov: 123 ft: 443 corp: 39/7093b lim: 333 exec/s: 0 rss: 29Mb L: 71/333 MS: 3 ChangeBinInt-InsertByte-EraseBytes-
#227	NEW    cov: 123 ft: 444 corp: 40/7384b lim: 333 exec/s: 0 rss: 29Mb L: 291/333 MS: 3 ChangeByte-ChangeBit-ChangeBit-
#228	NEW    cov: 123 ft: 445 corp: 41/7434b lim: 333 exec/s: 0 rss: 29Mb L: 50/333 MS: 1 ShuffleBytes-
#261	NEW    cov: 123 ft: 446 corp: 42/7617b lim: 333 exec/s: 0 rss: 29Mb L: 183/333 MS: 3 ChangeBinInt-ChangeBinInt-EraseBytes-
#269	NEW    cov: 123 ft: 454 corp: 43/7925b lim: 333 exec/s: 0 rss: 29Mb L: 308/333 MS: 3 InsertRepeatedBytes-CopyPart-InsertRepeatedBytes-
#297	REDUCE cov: 123 ft: 454 corp: 43/7922b lim: 333 exec/s: 0 rss: 29Mb L: 68/333 MS: 3 CrossOver-CMP-EraseBytes- DE: "\000\000\000\014"-
#332	NEW    cov: 124 ft: 455 corp: 44/8003b lim: 333 exec/s: 0 rss: 29Mb L: 81/333 MS: 5 ChangeByte-ChangeBit-PersAutoDict-ChangeBinInt-CrossOver- DE: "stsd"-
#352	NEW    cov: 124 ft: 456 corp: 45/8299b lim: 333 exec/s: 0 rss: 29Mb L: 296/333 MS: 5 InsertByte-ChangeBit-ChangeByte-CopyPart-EraseBytes-
#369	NEW    cov: 124 ft: 457 corp: 46/8576b lim: 333 exec/s: 0 rss: 29Mb L: 277/333 MS: 2 CrossOver-ChangeBit-
#370	REDUCE cov: 124 ft: 457 corp: 46/8573b lim: 333 exec/s: 0 rss: 29Mb L: 158/333 MS: 1 EraseBytes-
#457	REDUCE cov: 124 ft: 457 corp: 46/8542b lim: 333 exec/s: 0 rss: 29Mb L: 285/333 MS: 2 ChangeByte-CrossOver-
#548	REDUCE cov: 124 ft: 457 corp: 46/8441b lim: 333 exec/s: 0 rss: 29Mb L: 195/333 MS: 1 CrossOver-
#554	NEW    cov: 125 ft: 458 corp: 47/8442b lim: 333 exec/s: 0 rss: 29Mb L: 1/333 MS: 1 CrossOver-
#635	REDUCE cov: 125 ft: 458 corp: 47/8369b lim: 333 exec/s: 0 rss: 29Mb L: 260/333 MS: 1 EraseBytes-
#916	NEW    cov: 125 ft: 469 corp: 48/8383b lim: 333 exec/s: 0 rss: 29Mb L: 14/333 MS: 1 EraseBytes-
#962	NEW    cov: 125 ft: 475 corp: 49/8596b lim: 333 exec/s: 0 rss: 29Mb L: 213/333 MS: 1 PersAutoDict- DE: "\003\000\000\000"-
#982	NEW    cov: 125 ft: 483 corp: 50/8617b lim: 333 exec/s: 0 rss: 29Mb L: 21/333 MS: 5 ChangeBinInt-InsertByte-PersAutoDict-ChangeBit-CrossOver- DE: "stsd"-
#1008	NEW    cov: 125 ft: 484 corp: 51/8736b lim: 333 exec/s: 0 rss: 29Mb L: 119/333 MS: 1 InsertRepeatedBytes-
#1090	REDUCE cov: 125 ft: 484 corp: 51/8731b lim: 333 exec/s: 0 rss: 29Mb L: 255/333 MS: 2 ChangeBinInt-EraseBytes-
#1122	REDUCE cov: 125 ft: 484 corp: 51/8679b lim: 333 exec/s: 0 rss: 29Mb L: 67/333 MS: 2 EraseBytes-EraseBytes-
#1258	REDUCE cov: 125 ft: 484 corp: 51/8638b lim: 333 exec/s: 0 rss: 29Mb L: 267/333 MS: 1 EraseBytes-
#1284	REDUCE cov: 125 ft: 484 corp: 51/8618b lim: 333 exec/s: 0 rss: 29Mb L: 193/333 MS: 1 EraseBytes-
#1399	NEW    cov: 125 ft: 485 corp: 52/8882b lim: 333 exec/s: 0 rss: 29Mb L: 264/333 MS: 5 ShuffleBytes-CrossOver-ChangeByte-PersAutoDict-EraseBytes- DE: "dinf"-
#1426	REDUCE cov: 125 ft: 485 corp: 52/8878b lim: 333 exec/s: 0 rss: 29Mb L: 10/333 MS: 2 CopyPart-EraseBytes-
#1476	REDUCE cov: 125 ft: 485 corp: 52/8872b lim: 333 exec/s: 0 rss: 29Mb L: 42/333 MS: 5 CopyPart-EraseBytes-PersAutoDict-CopyPart-EraseBytes- DE: "stsd"-
#1493	REDUCE cov: 125 ft: 485 corp: 52/8871b lim: 333 exec/s: 0 rss: 29Mb L: 66/333 MS: 2 ChangeBinInt-EraseBytes-
#1547	REDUCE cov: 125 ft: 485 corp: 52/8806b lim: 333 exec/s: 0 rss: 29Mb L: 220/333 MS: 4 PersAutoDict-InsertByte-ChangeBit-EraseBytes- DE: "\003\000\000\000"-
#1572	REDUCE cov: 125 ft: 485 corp: 52/8736b lim: 333 exec/s: 0 rss: 29Mb L: 235/333 MS: 5 PersAutoDict-CopyPart-PersAutoDict-EraseBytes-CopyPart- DE: "stsd"-"\003\000\000\000"-
#1574	NEW    cov: 125 ft: 486 corp: 53/9068b lim: 333 exec/s: 0 rss: 29Mb L: 332/333 MS: 2 InsertRepeatedBytes-CopyPart-
#1596	NEW    cov: 125 ft: 487 corp: 54/9083b lim: 333 exec/s: 0 rss: 29Mb L: 15/333 MS: 2 CMP-EraseBytes- DE: "monv"-
#1646	REDUCE cov: 125 ft: 487 corp: 54/9059b lim: 333 exec/s: 0 rss: 29Mb L: 57/333 MS: 5 PersAutoDict-CopyPart-EraseBytes-ShuffleBytes-EraseBytes- DE: "stsd"-
#1703	NEW    cov: 125 ft: 489 corp: 55/9067b lim: 333 exec/s: 0 rss: 29Mb L: 8/333 MS: 2 ChangeBinInt-CrossOver-
#1780	REDUCE cov: 125 ft: 489 corp: 55/9035b lim: 333 exec/s: 0 rss: 29Mb L: 34/333 MS: 2 ChangeByte-EraseBytes-
#1795	REDUCE cov: 125 ft: 489 corp: 55/8926b lim: 333 exec/s: 0 rss: 29Mb L: 224/333 MS: 5 EraseBytes-CMP-ChangeByte-ChangeBinInt-InsertRepeatedBytes- DE: "\001 "-
#1822	REDUCE cov: 125 ft: 489 corp: 55/8903b lim: 333 exec/s: 0 rss: 29Mb L: 184/333 MS: 2 ChangeBinInt-CrossOver-
#1940	NEW    cov: 125 ft: 496 corp: 56/8972b lim: 333 exec/s: 0 rss: 29Mb L: 69/333 MS: 3 ShuffleBytes-CopyPart-EraseBytes-
#1981	REDUCE cov: 125 ft: 496 corp: 56/8924b lim: 333 exec/s: 0 rss: 29Mb L: 110/333 MS: 1 EraseBytes-
#2307	REDUCE cov: 125 ft: 496 corp: 56/8916b lim: 333 exec/s: 0 rss: 29Mb L: 257/333 MS: 1 EraseBytes-
#2391	REDUCE cov: 125 ft: 496 corp: 56/8902b lim: 333 exec/s: 0 rss: 29Mb L: 193/333 MS: 4 CMP-EraseBytes-CopyPart-CMP- DE: "\377\023"-"\005\000\000\000\000\000\000\000"-
#2416	REDUCE cov: 125 ft: 496 corp: 56/8882b lim: 333 exec/s: 0 rss: 29Mb L: 140/333 MS: 5 CMP-PersAutoDict-ShuffleBytes-CMP-CrossOver- DE: "\020\000\000\000\000\000\000\000"-"\005\000\000\000\000\000\000\000"-"\377\377\377\007"-
#2598	REDUCE cov: 125 ft: 496 corp: 56/8846b lim: 333 exec/s: 0 rss: 29Mb L: 74/333 MS: 2 PersAutoDict-EraseBytes- DE: "dinf"-
#2791	REDUCE cov: 125 ft: 496 corp: 56/8840b lim: 333 exec/s: 0 rss: 29Mb L: 246/333 MS: 3 EraseBytes-CMP-PersAutoDict- DE: "\376\377\377\377\377\377\377\177"-"\003\000\000\000"-
#2876	REDUCE cov: 125 ft: 496 corp: 56/8839b lim: 333 exec/s: 0 rss: 29Mb L: 9/333 MS: 5 InsertByte-EraseBytes-ShuffleBytes-ChangeBinInt-CrossOver-
#2978	REDUCE cov: 125 ft: 496 corp: 56/8785b lim: 333 exec/s: 0 rss: 29Mb L: 166/333 MS: 2 ShuffleBytes-EraseBytes-
#3234	REDUCE cov: 125 ft: 496 corp: 56/8779b lim: 333 exec/s: 0 rss: 29Mb L: 178/333 MS: 1 EraseBytes-
#3345	REDUCE cov: 125 ft: 496 corp: 56/8765b lim: 333 exec/s: 0 rss: 29Mb L: 181/333 MS: 1 EraseBytes-
#3431	NEW    cov: 125 ft: 497 corp: 57/9030b lim: 333 exec/s: 0 rss: 29Mb L: 265/333 MS: 1 InsertByte-
#3498	REDUCE cov: 125 ft: 497 corp: 57/9026b lim: 333 exec/s: 0 rss: 29Mb L: 174/333 MS: 2 PersAutoDict-EraseBytes- DE: "\376\377\377\377\377\377\377\177"-
#3561	NEW    cov: 125 ft: 498 corp: 58/9359b lim: 333 exec/s: 0 rss: 29Mb L: 333/333 MS: 3 CMP-CopyPart-CMP- DE: "\000\037"-"ispe"-
#3846	NEW    cov: 125 ft: 499 corp: 59/9687b lim: 333 exec/s: 0 rss: 29Mb L: 328/333 MS: 5 ChangeBit-EraseBytes-CrossOver-ShuffleBytes-InsertByte-
#3913	REDUCE cov: 125 ft: 499 corp: 59/9682b lim: 333 exec/s: 0 rss: 29Mb L: 16/333 MS: 2 EraseBytes-InsertByte-
#3927	NEW    cov: 125 ft: 505 corp: 60/9967b lim: 333 exec/s: 0 rss: 29Mb L: 285/333 MS: 4 InsertRepeatedBytes-ChangeByte-CMP-CopyPart- DE: "\001\000\000\000"-
#4053	REDUCE cov: 125 ft: 505 corp: 60/9930b lim: 333 exec/s: 0 rss: 29Mb L: 31/333 MS: 1 CrossOver-
#4073	REDUCE cov: 125 ft: 505 corp: 60/9906b lim: 333 exec/s: 0 rss: 29Mb L: 231/333 MS: 5 EraseBytes-CMP-InsertByte-ShuffleBytes-InsertRepeatedBytes- DE: "hvc1"-
#4093	REDUCE cov: 125 ft: 506 corp: 61/10093b lim: 333 exec/s: 0 rss: 29Mb L: 187/333 MS: 5 CMP-ChangeBit-ChangeBinInt-CMP-CrossOver- DE: "frma"-"\025\000"-
#4116	REDUCE cov: 125 ft: 506 corp: 61/10080b lim: 333 exec/s: 0 rss: 29Mb L: 21/333 MS: 3 EraseBytes-ChangeByte-EraseBytes-
#4317	REDUCE cov: 125 ft: 506 corp: 61/10078b lim: 333 exec/s: 0 rss: 29Mb L: 77/333 MS: 1 CrossOver-
#4333	NEW    cov: 125 ft: 507 corp: 62/10406b lim: 333 exec/s: 0 rss: 29Mb L: 328/333 MS: 1 CopyPart-
#4570	REDUCE cov: 125 ft: 507 corp: 62/10401b lim: 333 exec/s: 0 rss: 29Mb L: 178/333 MS: 2 ShuffleBytes-EraseBytes-
#4794	REDUCE cov: 125 ft: 507 corp: 62/10398b lim: 333 exec/s: 0 rss: 29Mb L: 74/333 MS: 4 ChangeByte-ChangeBit-ShuffleBytes-EraseBytes-
#4856	REDUCE cov: 125 ft: 507 corp: 62/10390b lim: 333 exec/s: 0 rss: 29Mb L: 185/333 MS: 2 ShuffleBytes-EraseBytes-
#4892	REDUCE cov: 125 ft: 507 corp: 62/10388b lim: 333 exec/s: 0 rss: 29Mb L: 158/333 MS: 1 EraseBytes-
#5010	NEW    cov: 125 ft: 508 corp: 63/10659b lim: 333 exec/s: 0 rss: 29Mb L: 271/333 MS: 3 ChangeBinInt-ChangeBit-CrossOver-
#5041	NEW    cov: 125 ft: 509 corp: 64/10880b lim: 333 exec/s: 0 rss: 29Mb L: 221/333 MS: 1 InsertByte-
#5232	REDUCE cov: 125 ft: 509 corp: 64/10875b lim: 333 exec/s: 0 rss: 29Mb L: 188/333 MS: 1 EraseBytes-
#5369	NEW    cov: 125 ft: 510 corp: 65/11203b lim: 333 exec/s: 0 rss: 29Mb L: 328/333 MS: 2 ChangeASCIIInt-ChangeByte-
#5405	REDUCE cov: 125 ft: 510 corp: 65/11202b lim: 333 exec/s: 0 rss: 29Mb L: 33/333 MS: 1 EraseBytes-
#5463	REDUCE cov: 125 ft: 510 corp: 65/11189b lim: 333 exec/s: 0 rss: 29Mb L: 299/333 MS: 3 CopyPart-InsertRepeatedBytes-CrossOver-
#5487	REDUCE cov: 125 ft: 510 corp: 65/11179b lim: 333 exec/s: 0 rss: 29Mb L: 225/333 MS: 4 ShuffleBytes-ChangeBinInt-CMP-EraseBytes- DE: "\000\000"-
==847645== ERROR: libFuzzer: out-of-memory (used: 1669Mb; limit: 1024Mb)
   To change the out-of-memory limit use -rss_limit_mb=<N>

MS: 3 ShuffleBytes-CMP-CrossOver- DE: "\377\037"-; base unit: 9d4ec6ca2b3bbae6b115f9b7fb7793eb2c081782
artifact_prefix='/results/crashes/20260313_185250_6c1650c4_'; Test unit written to /results/crashes/20260313_185250_6c1650c4_oom-4ad034dfafcc505c97857546eb589eb0195cfad2
SUMMARY: libFuzzer: out-of-memory
stat::number_of_executed_units: 5810
stat::average_exec_per_sec:     2905
stat::new_units_added:          105
stat::slowest_unit_time_sec:    0
stat::peak_rss_mb:              1669
