INFO: Running with entropic power schedule (0xFF, 100).
INFO: Seed: 2942943240
INFO: Loaded 1 modules   (252 inline 8-bit counters): 252 [0x56e2cd95c5c8, 0x56e2cd95c6c4), 
INFO: Loaded 1 PC tables (252 PCs): 252 [0x56e2cd95c6c8,0x56e2cd95d688), 
INFO:        3 files found in /tmp/corpus_20260313_123008_1f4f92d7
INFO: seed corpus: files: 3 min: 4b max: 64b total: 96b rss: 32Mb
#4	INITED cov: 107 ft: 127 corp: 3/96b exec/s: 0 rss: 34Mb
#5	NEW    cov: 107 ft: 145 corp: 4/140b lim: 64 exec/s: 0 rss: 35Mb L: 44/64 MS: 1 InsertRepeatedBytes-
#6	NEW    cov: 107 ft: 158 corp: 5/169b lim: 64 exec/s: 0 rss: 35Mb L: 29/64 MS: 1 InsertByte-
#7	NEW    cov: 107 ft: 164 corp: 6/204b lim: 64 exec/s: 0 rss: 35Mb L: 35/64 MS: 1 CopyPart-
#10	NEW    cov: 107 ft: 165 corp: 7/238b lim: 64 exec/s: 0 rss: 35Mb L: 34/64 MS: 3 ChangeByte-CrossOver-InsertByte-
#26	NEW    cov: 107 ft: 172 corp: 8/294b lim: 64 exec/s: 0 rss: 36Mb L: 56/64 MS: 1 InsertRepeatedBytes-
#42	NEW    cov: 107 ft: 181 corp: 9/358b lim: 64 exec/s: 0 rss: 37Mb L: 64/64 MS: 1 ChangeBinInt-
#46	NEW    cov: 107 ft: 182 corp: 10/422b lim: 64 exec/s: 0 rss: 37Mb L: 64/64 MS: 4 ChangeBit-ChangeBinInt-ShuffleBytes-ChangeBit-
#54	NEW    cov: 107 ft: 191 corp: 11/431b lim: 64 exec/s: 0 rss: 38Mb L: 9/64 MS: 3 CopyPart-CrossOver-CrossOver-
#60	NEW    cov: 107 ft: 237 corp: 12/458b lim: 64 exec/s: 0 rss: 38Mb L: 27/64 MS: 1 EraseBytes-
#83	NEW    cov: 107 ft: 243 corp: 13/503b lim: 64 exec/s: 0 rss: 39Mb L: 45/64 MS: 3 EraseBytes-ShuffleBytes-CrossOver-
#89	NEW    cov: 108 ft: 251 corp: 14/522b lim: 64 exec/s: 0 rss: 39Mb L: 19/64 MS: 1 EraseBytes-
#110	NEW    cov: 108 ft: 254 corp: 15/575b lim: 64 exec/s: 0 rss: 41Mb L: 53/64 MS: 1 InsertRepeatedBytes-
#246	NEW    cov: 108 ft: 270 corp: 16/591b lim: 64 exec/s: 0 rss: 45Mb L: 16/64 MS: 1 EraseBytes-
#247	REDUCE cov: 108 ft: 270 corp: 16/582b lim: 64 exec/s: 0 rss: 45Mb L: 55/64 MS: 1 EraseBytes-
#282	NEW    cov: 108 ft: 271 corp: 17/644b lim: 64 exec/s: 0 rss: 46Mb L: 62/64 MS: 5 InsertByte-InsertByte-ChangeBinInt-ChangeASCIIInt-CopyPart-
#303	NEW    cov: 108 ft: 272 corp: 18/652b lim: 64 exec/s: 0 rss: 47Mb L: 8/64 MS: 1 CopyPart-
#368	NEW    cov: 108 ft: 278 corp: 19/716b lim: 64 exec/s: 0 rss: 49Mb L: 64/64 MS: 5 ShuffleBytes-CrossOver-CopyPart-InsertRepeatedBytes-InsertRepeatedBytes-
#387	NEW    cov: 108 ft: 279 corp: 20/780b lim: 64 exec/s: 0 rss: 49Mb L: 64/64 MS: 4 CopyPart-ChangeBinInt-CrossOver-ChangeBit-
#459	NEW    cov: 108 ft: 281 corp: 21/788b lim: 64 exec/s: 0 rss: 51Mb L: 8/64 MS: 2 ChangeByte-CrossOver-
#507	NEW    cov: 109 ft: 282 corp: 22/836b lim: 64 exec/s: 0 rss: 52Mb L: 48/64 MS: 3 EraseBytes-ChangeBit-CMP- DE: "\001\000\000\000\000\000\000\004"-
#521	REDUCE cov: 109 ft: 282 corp: 22/835b lim: 64 exec/s: 0 rss: 52Mb L: 3/64 MS: 4 ChangeBit-ChangeBinInt-CopyPart-EraseBytes-
#562	NEW    cov: 109 ft: 283 corp: 23/899b lim: 64 exec/s: 0 rss: 53Mb L: 64/64 MS: 1 CrossOver-
#599	REDUCE cov: 109 ft: 283 corp: 23/898b lim: 64 exec/s: 0 rss: 54Mb L: 2/64 MS: 2 ChangeBinInt-EraseBytes-
#632	REDUCE cov: 109 ft: 283 corp: 23/896b lim: 64 exec/s: 0 rss: 55Mb L: 27/64 MS: 3 CopyPart-CrossOver-EraseBytes-
#636	REDUCE cov: 109 ft: 283 corp: 23/895b lim: 64 exec/s: 0 rss: 55Mb L: 1/64 MS: 4 ChangeBit-ShuffleBytes-ChangeBit-EraseBytes-
#720	REDUCE cov: 109 ft: 283 corp: 23/893b lim: 64 exec/s: 0 rss: 57Mb L: 53/64 MS: 4 ChangeBit-ChangeBinInt-InsertRepeatedBytes-EraseBytes-
#794	REDUCE cov: 109 ft: 283 corp: 23/878b lim: 64 exec/s: 0 rss: 59Mb L: 38/64 MS: 4 EraseBytes-ChangeBit-InsertByte-ChangeBit-
#828	REDUCE cov: 109 ft: 283 corp: 23/877b lim: 64 exec/s: 0 rss: 60Mb L: 47/64 MS: 4 PersAutoDict-InsertByte-CrossOver-PersAutoDict- DE: "\001\000\000\000\000\000\000\004"-"\001\000\000\000\000\000\000\004"-
#868	NEW    cov: 110 ft: 284 corp: 24/939b lim: 64 exec/s: 0 rss: 60Mb L: 62/64 MS: 5 CopyPart-EraseBytes-ChangeByte-EraseBytes-PersAutoDict- DE: "\001\000\000\000\000\000\000\004"-
#918	NEW    cov: 110 ft: 285 corp: 25/1003b lim: 64 exec/s: 0 rss: 62Mb L: 64/64 MS: 5 InsertByte-CopyPart-PersAutoDict-ChangeBinInt-CopyPart- DE: "\001\000\000\000\000\000\000\004"-
#920	NEW    cov: 110 ft: 287 corp: 26/1066b lim: 64 exec/s: 0 rss: 62Mb L: 63/64 MS: 2 ChangeBit-InsertByte-
#935	REDUCE cov: 110 ft: 287 corp: 26/1038b lim: 64 exec/s: 0 rss: 62Mb L: 34/64 MS: 5 ChangeBit-ShuffleBytes-InsertByte-InsertByte-EraseBytes-
#941	REDUCE cov: 110 ft: 287 corp: 26/1026b lim: 64 exec/s: 0 rss: 62Mb L: 41/64 MS: 1 EraseBytes-
#968	NEW    cov: 110 ft: 288 corp: 27/1077b lim: 64 exec/s: 0 rss: 63Mb L: 51/64 MS: 2 ChangeBit-InsertRepeatedBytes-
#1094	NEW    cov: 110 ft: 315 corp: 28/1138b lim: 64 exec/s: 0 rss: 66Mb L: 61/64 MS: 1 InsertRepeatedBytes-
#1110	REDUCE cov: 110 ft: 315 corp: 28/1130b lim: 64 exec/s: 0 rss: 66Mb L: 33/64 MS: 1 EraseBytes-
#1177	REDUCE cov: 110 ft: 315 corp: 28/1106b lim: 64 exec/s: 0 rss: 68Mb L: 37/64 MS: 2 ChangeByte-CrossOver-
#1206	REDUCE cov: 110 ft: 315 corp: 28/1092b lim: 64 exec/s: 0 rss: 69Mb L: 24/64 MS: 4 ShuffleBytes-InsertByte-ChangeBinInt-EraseBytes-
#1258	REDUCE cov: 110 ft: 315 corp: 28/1082b lim: 64 exec/s: 0 rss: 70Mb L: 24/64 MS: 2 ChangeByte-EraseBytes-
#1267	NEW    cov: 110 ft: 316 corp: 29/1146b lim: 64 exec/s: 0 rss: 70Mb L: 64/64 MS: 4 CopyPart-ChangeASCIIInt-ChangeByte-InsertByte-
#1347	REDUCE cov: 111 ft: 317 corp: 30/1185b lim: 64 exec/s: 0 rss: 72Mb L: 39/64 MS: 5 ChangeBinInt-CopyPart-ShuffleBytes-InsertByte-CrossOver-
#1551	REDUCE cov: 111 ft: 318 corp: 31/1217b lim: 64 exec/s: 0 rss: 76Mb L: 32/64 MS: 4 ChangeByte-EraseBytes-ChangeBinInt-PersAutoDict- DE: "\001\000\000\000\000\000\000\004"-
#1722	REDUCE cov: 111 ft: 319 corp: 32/1241b lim: 64 exec/s: 0 rss: 80Mb L: 24/64 MS: 1 ShuffleBytes-
#1830	NEW    cov: 111 ft: 321 corp: 33/1305b lim: 64 exec/s: 0 rss: 82Mb L: 64/64 MS: 3 ChangeBit-PersAutoDict-PersAutoDict- DE: "\001\000\000\000\000\000\000\004"-"\001\000\000\000\000\000\000\004"-
#1850	REDUCE cov: 111 ft: 321 corp: 33/1304b lim: 64 exec/s: 0 rss: 83Mb L: 26/64 MS: 5 ChangeByte-InsertRepeatedBytes-CrossOver-EraseBytes-EraseBytes-
#1935	REDUCE cov: 111 ft: 321 corp: 33/1297b lim: 64 exec/s: 0 rss: 85Mb L: 44/64 MS: 5 InsertRepeatedBytes-CopyPart-ChangeBinInt-InsertRepeatedBytes-EraseBytes-
#2028	NEW    cov: 111 ft: 325 corp: 34/1332b lim: 64 exec/s: 0 rss: 87Mb L: 35/64 MS: 3 CMP-CopyPart-PersAutoDict- DE: "\001\000"-"\001\000\000\000\000\000\000\004"-
#2099	REDUCE cov: 111 ft: 325 corp: 34/1325b lim: 64 exec/s: 0 rss: 88Mb L: 57/64 MS: 1 EraseBytes-
#2224	REDUCE cov: 111 ft: 325 corp: 34/1324b lim: 64 exec/s: 0 rss: 91Mb L: 61/64 MS: 5 CrossOver-CrossOver-ShuffleBytes-CopyPart-CMP- DE: "\007\000\000\000"-
#2320	REDUCE cov: 111 ft: 325 corp: 34/1321b lim: 64 exec/s: 0 rss: 93Mb L: 23/64 MS: 1 CrossOver-
#2793	REDUCE cov: 111 ft: 325 corp: 34/1289b lim: 64 exec/s: 0 rss: 104Mb L: 32/64 MS: 3 ChangeByte-ChangeBinInt-EraseBytes-
#3260	NEW    cov: 111 ft: 326 corp: 35/1297b lim: 64 exec/s: 0 rss: 114Mb L: 8/64 MS: 2 EraseBytes-EraseBytes-
#3871	NEW    cov: 111 ft: 327 corp: 36/1367b lim: 70 exec/s: 3871 rss: 127Mb L: 70/70 MS: 3 CopyPart-CrossOver-InsertRepeatedBytes-
#3906	REDUCE cov: 111 ft: 328 corp: 37/1437b lim: 70 exec/s: 3906 rss: 128Mb L: 70/70 MS: 5 PersAutoDict-InsertByte-ChangeBinInt-ChangeByte-CrossOver- DE: "\007\000\000\000"-
#3947	NEW    cov: 111 ft: 329 corp: 38/1502b lim: 70 exec/s: 3947 rss: 129Mb L: 65/70 MS: 1 InsertByte-
#4031	REDUCE cov: 111 ft: 330 corp: 39/1567b lim: 70 exec/s: 4031 rss: 131Mb L: 65/70 MS: 4 PersAutoDict-PersAutoDict-CrossOver-PersAutoDict- DE: "\001\000"-"\001\000\000\000\000\000\000\004"-"\001\000\000\000\000\000\000\004"-
#4262	REDUCE cov: 111 ft: 330 corp: 39/1558b lim: 70 exec/s: 4262 rss: 136Mb L: 15/70 MS: 1 EraseBytes-
#4328	REDUCE cov: 111 ft: 330 corp: 39/1551b lim: 70 exec/s: 4328 rss: 137Mb L: 32/70 MS: 1 EraseBytes-
#4429	REDUCE cov: 111 ft: 330 corp: 39/1548b lim: 70 exec/s: 4429 rss: 139Mb L: 12/70 MS: 1 EraseBytes-
#4740	REDUCE cov: 111 ft: 330 corp: 39/1541b lim: 70 exec/s: 4740 rss: 146Mb L: 12/70 MS: 1 EraseBytes-
#5081	REDUCE cov: 111 ft: 330 corp: 39/1539b lim: 70 exec/s: 5081 rss: 153Mb L: 43/70 MS: 1 EraseBytes-
#5115	REDUCE cov: 111 ft: 330 corp: 39/1536b lim: 70 exec/s: 5115 rss: 154Mb L: 41/70 MS: 4 ChangeBit-CMP-ShuffleBytes-EraseBytes- DE: "\007\000\000\000"-
#5126	REDUCE cov: 111 ft: 330 corp: 39/1534b lim: 70 exec/s: 5126 rss: 154Mb L: 68/70 MS: 1 EraseBytes-
#5251	REDUCE cov: 111 ft: 330 corp: 39/1510b lim: 70 exec/s: 5251 rss: 157Mb L: 40/70 MS: 5 ChangeByte-InsertRepeatedBytes-ChangeBit-ChangeBinInt-EraseBytes-
#5712	NEW    cov: 111 ft: 331 corp: 40/1578b lim: 70 exec/s: 5712 rss: 167Mb L: 68/70 MS: 1 CopyPart-
#5868	REDUCE cov: 111 ft: 331 corp: 40/1571b lim: 70 exec/s: 5868 rss: 170Mb L: 61/70 MS: 1 EraseBytes-
#6209	REDUCE cov: 111 ft: 333 corp: 41/1635b lim: 70 exec/s: 6209 rss: 177Mb L: 64/70 MS: 1 InsertRepeatedBytes-
#6243	REDUCE cov: 111 ft: 333 corp: 41/1634b lim: 70 exec/s: 6243 rss: 178Mb L: 11/70 MS: 4 CopyPart-InsertByte-CrossOver-EraseBytes-
#6249	REDUCE cov: 111 ft: 333 corp: 41/1633b lim: 70 exec/s: 6249 rss: 178Mb L: 63/70 MS: 1 EraseBytes-
#6250	NEW    cov: 111 ft: 335 corp: 42/1644b lim: 70 exec/s: 6250 rss: 178Mb L: 11/70 MS: 1 CopyPart-
#6351	REDUCE cov: 111 ft: 335 corp: 42/1643b lim: 70 exec/s: 6351 rss: 180Mb L: 55/70 MS: 1 EraseBytes-
#6364	REDUCE cov: 111 ft: 335 corp: 42/1641b lim: 70 exec/s: 6364 rss: 181Mb L: 53/70 MS: 3 EraseBytes-InsertRepeatedBytes-CopyPart-
#6777	REDUCE cov: 111 ft: 335 corp: 42/1633b lim: 70 exec/s: 3388 rss: 190Mb L: 24/70 MS: 1 EraseBytes-
#6983	REDUCE cov: 111 ft: 335 corp: 42/1618b lim: 70 exec/s: 3491 rss: 190Mb L: 50/70 MS: 1 EraseBytes-
#7229	REDUCE cov: 111 ft: 335 corp: 42/1605b lim: 70 exec/s: 3614 rss: 190Mb L: 50/70 MS: 1 EraseBytes-
#7259	REDUCE cov: 111 ft: 335 corp: 42/1598b lim: 70 exec/s: 3629 rss: 190Mb L: 54/70 MS: 5 ChangeByte-InsertByte-CopyPart-CrossOver-EraseBytes-
#7515	REDUCE cov: 111 ft: 335 corp: 42/1597b lim: 70 exec/s: 3757 rss: 190Mb L: 10/70 MS: 1 EraseBytes-
#7907	REDUCE cov: 111 ft: 335 corp: 42/1591b lim: 70 exec/s: 3953 rss: 190Mb L: 57/70 MS: 2 InsertByte-EraseBytes-
#8033	REDUCE cov: 111 ft: 335 corp: 42/1590b lim: 70 exec/s: 4016 rss: 190Mb L: 42/70 MS: 1 EraseBytes-
#8192	pulse  cov: 111 ft: 335 corp: 42/1590b lim: 70 exec/s: 4096 rss: 190Mb
#8360	REDUCE cov: 111 ft: 335 corp: 42/1587b lim: 70 exec/s: 4180 rss: 190Mb L: 65/70 MS: 2 EraseBytes-InsertRepeatedBytes-
#8936	REDUCE cov: 111 ft: 335 corp: 42/1586b lim: 70 exec/s: 4468 rss: 190Mb L: 69/69 MS: 1 EraseBytes-
#9150	REDUCE cov: 111 ft: 335 corp: 42/1584b lim: 70 exec/s: 4575 rss: 190Mb L: 67/67 MS: 4 ChangeByte-ShuffleBytes-EraseBytes-CopyPart-
#9375	REDUCE cov: 111 ft: 335 corp: 42/1583b lim: 70 exec/s: 4687 rss: 190Mb L: 26/67 MS: 5 ChangeASCIIInt-EraseBytes-CMP-ChangeASCIIInt-EraseBytes- DE: "St13runtime_"-
#9549	REDUCE cov: 111 ft: 335 corp: 42/1582b lim: 70 exec/s: 4774 rss: 190Mb L: 52/67 MS: 4 ChangeBinInt-ChangeBit-ChangeBit-EraseBytes-
#9550	REDUCE cov: 111 ft: 335 corp: 42/1581b lim: 70 exec/s: 4775 rss: 190Mb L: 10/67 MS: 1 EraseBytes-
#9885	REDUCE cov: 111 ft: 335 corp: 42/1575b lim: 70 exec/s: 3295 rss: 190Mb L: 36/67 MS: 5 ShuffleBytes-CrossOver-ShuffleBytes-CopyPart-EraseBytes-
#10010	REDUCE cov: 111 ft: 335 corp: 42/1562b lim: 70 exec/s: 3336 rss: 190Mb L: 21/67 MS: 5 CrossOver-CMP-CopyPart-PersAutoDict-EraseBytes- DE: "\000\000\000*"-"\007\000\000\000"-
#10126	REDUCE cov: 111 ft: 335 corp: 42/1561b lim: 70 exec/s: 3375 rss: 190Mb L: 20/67 MS: 1 EraseBytes-
#10968	REDUCE cov: 112 ft: 336 corp: 43/1594b lim: 76 exec/s: 3656 rss: 190Mb L: 33/67 MS: 2 ChangeByte-CMP- DE: "mvhd"-
#11022	REDUCE cov: 112 ft: 336 corp: 43/1592b lim: 76 exec/s: 3674 rss: 190Mb L: 42/67 MS: 4 ChangeBinInt-InsertByte-ChangeBit-EraseBytes-
#11158	REDUCE cov: 112 ft: 336 corp: 43/1591b lim: 76 exec/s: 3719 rss: 190Mb L: 51/67 MS: 1 EraseBytes-
#11449	REDUCE cov: 112 ft: 336 corp: 43/1589b lim: 76 exec/s: 3816 rss: 190Mb L: 21/67 MS: 1 EraseBytes-
#11874	REDUCE cov: 112 ft: 338 corp: 44/1641b lim: 76 exec/s: 3958 rss: 190Mb L: 52/67 MS: 5 CopyPart-ChangeByte-ChangeBinInt-InsertByte-PersAutoDict- DE: "mvhd"-
#11908	REDUCE cov: 112 ft: 338 corp: 44/1638b lim: 76 exec/s: 3969 rss: 190Mb L: 21/67 MS: 4 ShuffleBytes-InsertByte-CMP-EraseBytes- DE: "2p\377\377"-
#11974	REDUCE cov: 112 ft: 338 corp: 44/1635b lim: 76 exec/s: 3991 rss: 190Mb L: 33/67 MS: 1 EraseBytes-
#12633	REDUCE cov: 112 ft: 339 corp: 45/1716b lim: 82 exec/s: 4211 rss: 190Mb L: 81/81 MS: 4 EraseBytes-PersAutoDict-ShuffleBytes-InsertRepeatedBytes- DE: "\007\000\000\000"-
#12995	REDUCE cov: 112 ft: 339 corp: 45/1709b lim: 82 exec/s: 4331 rss: 190Mb L: 26/81 MS: 2 CopyPart-EraseBytes-
#13350	REDUCE cov: 112 ft: 372 corp: 46/1791b lim: 82 exec/s: 3337 rss: 190Mb L: 82/82 MS: 5 ShuffleBytes-InsertRepeatedBytes-InsertRepeatedBytes-InsertByte-CrossOver-
#13587	NEW    cov: 112 ft: 373 corp: 47/1873b lim: 82 exec/s: 3396 rss: 190Mb L: 82/82 MS: 2 ChangeBinInt-CrossOver-
#13929	NEW    cov: 112 ft: 374 corp: 48/1955b lim: 82 exec/s: 3482 rss: 190Mb L: 82/82 MS: 2 ChangeByte-CMP- DE: "avcC"-
#13933	NEW    cov: 112 ft: 376 corp: 49/2019b lim: 82 exec/s: 3483 rss: 190Mb L: 64/82 MS: 4 ShuffleBytes-ChangeByte-ChangeBit-EraseBytes-
=================================================================
==18==ERROR: AddressSanitizer: out of memory: allocator is trying to allocate 0x15300020f0 bytes
    #0 0x56e2cd7b5f2d in operator new(unsigned long) (/fuzzer/fuzz_isobmff+0x28bf2d) (BuildId: 7b2b1618e4364ea5)
    #1 0x56e2cd7bdc91 in std::_Vector_base<unsigned char, std::allocator<unsigned char>>::_M_allocate(unsigned long) /usr/bin/../lib/gcc/x86_64-linux-gnu/12/../../../../include/c++/12/bits/stl_vector.h:378:20
    #2 0x56e2cd7bdc91 in std::_Vector_base<unsigned char, std::allocator<unsigned char>>::_M_create_storage(unsigned long) /usr/bin/../lib/gcc/x86_64-linux-gnu/12/../../../../include/c++/12/bits/stl_vector.h:395:33
    #3 0x56e2cd7c293b in std::_Vector_base<unsigned char, std::allocator<unsigned char>>::_Vector_base(unsigned long, std::allocator<unsigned char> const&) /usr/bin/../lib/gcc/x86_64-linux-gnu/12/../../../../include/c++/12/bits/stl_vector.h:332:9
    #4 0x56e2cd7c293b in std::vector<unsigned char, std::allocator<unsigned char>>::vector(unsigned long, unsigned char const&, std::allocator<unsigned char> const&) /usr/bin/../lib/gcc/x86_64-linux-gnu/12/../../../../include/c++/12/bits/stl_vector.h:566:9
    #5 0x56e2cd7be6e2 in ISOBMFF::BinaryStream::Read(unsigned long) /opt/ISOBMFF/ISOBMFF/source/BinaryStream.cpp:73:32
    #6 0x56e2cd7c43db in ISOBMFF::ContainerBox::ReadData(ISOBMFF::Parser&, ISOBMFF::BinaryStream&) /opt/ISOBMFF/ISOBMFF/source/ContainerBox.cpp:115:60
    #7 0x56e2cd7d1c35 in ISOBMFF::Parser::Parse(ISOBMFF::BinaryStream&) /opt/ISOBMFF/ISOBMFF/source/Parser.cpp:217:32
    #8 0x56e2cd7d0ff5 in ISOBMFF::Parser::Parse(std::__cxx11::basic_string<char, std::char_traits<char>, std::allocator<char>> const&) /opt/ISOBMFF/ISOBMFF/source/Parser.cpp:169:15
    #9 0x56e2cd7b88ac in parse_isobmff(unsigned char const*, unsigned long) /fuzzer/harness.cpp:97:16
    #10 0x56e2cd7b88ac in LLVMFuzzerTestOneInput /fuzzer/harness.cpp:125:5
    #11 0x56e2cd6dd1e2 in fuzzer::Fuzzer::ExecuteCallback(unsigned char const*, unsigned long) crtstuff.c
    #12 0x56e2cd6dc8f5 in fuzzer::Fuzzer::RunOne(unsigned char const*, unsigned long, bool, fuzzer::InputInfo*, bool, bool*) crtstuff.c
    #13 0x56e2cd6de177 in fuzzer::Fuzzer::MutateAndTestOne() crtstuff.c
    #14 0x56e2cd6ded75 in fuzzer::Fuzzer::Loop(std::vector<fuzzer::SizedFile, std::allocator<fuzzer::SizedFile>>&) crtstuff.c
    #15 0x56e2cd6cce32 in fuzzer::FuzzerDriver(int*, char***, int (*)(unsigned char const*, unsigned long)) crtstuff.c
    #16 0x56e2cd6f6382 in main (/fuzzer/fuzz_isobmff+0x1cc382) (BuildId: 7b2b1618e4364ea5)
    #17 0x7758e403ad8f  (/lib/x86_64-linux-gnu/libc.so.6+0x29d8f) (BuildId: 095c7ba148aeca81668091f718047078d57efddb)

==18==HINT: if you don't care about these errors you may set allocator_may_return_null=1
SUMMARY: AddressSanitizer: out-of-memory (/fuzzer/fuzz_isobmff+0x28bf2d) (BuildId: 7b2b1618e4364ea5) in operator new(unsigned long)
==18==ABORTING
MS: 3 CrossOver-ChangeASCIIInt-EraseBytes-; base unit: 3201891262bd97c3497f212ec944cb42cafd8c02
0x0,0x0,0x0,0x14,0x66,0x74,0x79,0x70,0x70,0x1,0x0,0x0,0x0,0x0,0x70,0x6d,0x0,0x0,0x0,0x0,0x0,0x0,0x0,0x1,0x0,0x0,0x0,0x0,0x0,0x0,0x4,0x18,0x30,0x0,0x21,0x0,0x0,0x70,0x34,0x61,0x76,0x63,0x43,0x6d,0x64,0x1,0x0,0x61,0x30,
\000\000\000\024ftypp\001\000\000\000\000pm\000\000\000\000\000\000\000\001\000\000\000\000\000\000\004\0300\000!\000\000p4avcCmd\001\000a0
artifact_prefix='/results/crashes/20260313_123008_1f4f92d7_'; Test unit written to /results/crashes/20260313_123008_1f4f92d7_crash-b4cfd2d22b238dccf8f4897a3fb298c33506abba
Base64: AAAAFGZ0eXBwAQAAAABwbQAAAAAAAAABAAAAAAAABBgwACEAAHA0YXZjQ21kAQBhMA==
stat::number_of_executed_units: 13946
stat::average_exec_per_sec:     3486
stat::new_units_added:          101
stat::slowest_unit_time_sec:    0
stat::peak_rss_mb:              190
