INFO: Running with entropic power schedule (0xFF, 100).
INFO: Seed: 2414599412
INFO: Loaded 1 modules   (252 inline 8-bit counters): 252 [0x599ca357c678, 0x599ca357c774), 
INFO: Loaded 1 PC tables (252 PCs): 252 [0x599ca357c778,0x599ca357d738), 
INFO:        4 files found in /tmp/corpus_20260313_153157_52615946
INFO: seed corpus: files: 4 min: 48b max: 333b total: 853b rss: 28Mb
#5	INITED cov: 117 ft: 251 corp: 4/853b exec/s: 0 rss: 29Mb
#6	NEW    cov: 118 ft: 266 corp: 5/1073b lim: 333 exec/s: 0 rss: 29Mb L: 220/333 MS: 1 CMP- DE: "\000\000Y\234\2434fc"-
#8	NEW    cov: 118 ft: 272 corp: 6/1346b lim: 333 exec/s: 0 rss: 29Mb L: 273/333 MS: 2 CMP-InsertRepeatedBytes- DE: "\021\000\000\000"-
#10	NEW    cov: 118 ft: 274 corp: 7/1543b lim: 333 exec/s: 0 rss: 29Mb L: 197/333 MS: 2 ChangeASCIIInt-EraseBytes-
#11	NEW    cov: 118 ft: 275 corp: 8/1728b lim: 333 exec/s: 0 rss: 29Mb L: 185/333 MS: 1 EraseBytes-
#13	NEW    cov: 119 ft: 277 corp: 9/1872b lim: 333 exec/s: 0 rss: 29Mb L: 144/333 MS: 2 ChangeASCIIInt-EraseBytes-
#15	NEW    cov: 119 ft: 278 corp: 10/2061b lim: 333 exec/s: 0 rss: 29Mb L: 189/333 MS: 2 CopyPart-EraseBytes-
#20	NEW    cov: 120 ft: 280 corp: 11/2251b lim: 333 exec/s: 0 rss: 29Mb L: 190/333 MS: 5 CopyPart-ChangeBit-ShuffleBytes-ChangeBinInt-InsertByte-
#21	NEW    cov: 120 ft: 281 corp: 12/2472b lim: 333 exec/s: 0 rss: 29Mb L: 221/333 MS: 1 InsertByte-
#22	NEW    cov: 120 ft: 291 corp: 13/2701b lim: 333 exec/s: 0 rss: 29Mb L: 229/333 MS: 1 InsertRepeatedBytes-
#23	NEW    cov: 120 ft: 297 corp: 14/2879b lim: 333 exec/s: 0 rss: 29Mb L: 178/333 MS: 1 CrossOver-
#27	NEW    cov: 120 ft: 298 corp: 15/3098b lim: 333 exec/s: 0 rss: 29Mb L: 219/333 MS: 4 ChangeBinInt-ChangeASCIIInt-CopyPart-CopyPart-
#28	NEW    cov: 120 ft: 308 corp: 16/3401b lim: 333 exec/s: 0 rss: 29Mb L: 303/333 MS: 1 InsertRepeatedBytes-
#29	NEW    cov: 120 ft: 314 corp: 17/3457b lim: 333 exec/s: 0 rss: 29Mb L: 56/333 MS: 1 PersAutoDict- DE: "\000\000Y\234\2434fc"-
#33	NEW    cov: 120 ft: 315 corp: 18/3678b lim: 333 exec/s: 0 rss: 29Mb L: 221/333 MS: 4 ShuffleBytes-ChangeBit-ChangeByte-PersAutoDict- DE: "\000\000Y\234\2434fc"-
#34	NEW    cov: 120 ft: 320 corp: 19/3953b lim: 333 exec/s: 0 rss: 29Mb L: 275/333 MS: 1 InsertRepeatedBytes-
#36	NEW    cov: 120 ft: 321 corp: 20/4281b lim: 333 exec/s: 0 rss: 29Mb L: 328/333 MS: 2 InsertByte-CopyPart-
#38	NEW    cov: 120 ft: 322 corp: 21/4565b lim: 333 exec/s: 0 rss: 29Mb L: 284/333 MS: 2 PersAutoDict-InsertByte- DE: "\000\000Y\234\2434fc"-
#39	NEW    cov: 121 ft: 323 corp: 22/4807b lim: 333 exec/s: 0 rss: 29Mb L: 242/333 MS: 1 InsertRepeatedBytes-
#44	NEW    cov: 121 ft: 347 corp: 23/4927b lim: 333 exec/s: 0 rss: 29Mb L: 120/333 MS: 5 CrossOver-CMP-CopyPart-ChangeByte-CrossOver- DE: "\001\000\000\001"-
#54	NEW    cov: 121 ft: 349 corp: 24/5105b lim: 333 exec/s: 0 rss: 29Mb L: 178/333 MS: 5 ChangeBit-ChangeASCIIInt-CrossOver-ChangeByte-ShuffleBytes-
#55	NEW    cov: 121 ft: 350 corp: 25/5316b lim: 333 exec/s: 0 rss: 29Mb L: 211/333 MS: 1 EraseBytes-
#56	NEW    cov: 121 ft: 351 corp: 26/5430b lim: 333 exec/s: 0 rss: 29Mb L: 114/333 MS: 1 EraseBytes-
#57	NEW    cov: 121 ft: 356 corp: 27/5478b lim: 333 exec/s: 0 rss: 29Mb L: 48/333 MS: 1 ChangeBit-
#59	NEW    cov: 121 ft: 357 corp: 28/5526b lim: 333 exec/s: 0 rss: 29Mb L: 48/333 MS: 2 ShuffleBytes-CrossOver-
#66	NEW    cov: 121 ft: 358 corp: 29/5711b lim: 333 exec/s: 0 rss: 29Mb L: 185/333 MS: 2 CopyPart-CrossOver-
#73	NEW    cov: 121 ft: 359 corp: 30/6001b lim: 333 exec/s: 0 rss: 29Mb L: 290/333 MS: 2 InsertByte-InsertRepeatedBytes-
#81	NEW    cov: 122 ft: 360 corp: 31/6328b lim: 333 exec/s: 0 rss: 29Mb L: 327/333 MS: 3 CMP-CopyPart-CopyPart- DE: "\377\377\377\037"-
#107	REDUCE cov: 122 ft: 360 corp: 31/6327b lim: 333 exec/s: 0 rss: 29Mb L: 210/333 MS: 1 EraseBytes-
#166	NEW    cov: 122 ft: 361 corp: 32/6448b lim: 333 exec/s: 0 rss: 29Mb L: 121/333 MS: 4 CMP-CMP-ChangeBinInt-InsertByte- DE: "avcC"-"\000\000\000\006"-
#177	REDUCE cov: 122 ft: 361 corp: 32/6443b lim: 333 exec/s: 0 rss: 29Mb L: 43/333 MS: 1 EraseBytes-
#183	NEW    cov: 122 ft: 362 corp: 33/6500b lim: 333 exec/s: 0 rss: 29Mb L: 57/333 MS: 1 InsertByte-
#185	REDUCE cov: 122 ft: 363 corp: 34/6560b lim: 333 exec/s: 0 rss: 29Mb L: 60/333 MS: 2 InsertByte-CrossOver-
#191	REDUCE cov: 122 ft: 363 corp: 34/6550b lim: 333 exec/s: 0 rss: 29Mb L: 180/333 MS: 1 EraseBytes-
#218	NEW    cov: 122 ft: 369 corp: 35/6729b lim: 333 exec/s: 0 rss: 29Mb L: 179/333 MS: 2 CopyPart-InsertByte-
#219	NEW    cov: 122 ft: 370 corp: 36/6813b lim: 333 exec/s: 0 rss: 29Mb L: 84/333 MS: 1 CopyPart-
#223	NEW    cov: 122 ft: 381 corp: 37/6828b lim: 333 exec/s: 0 rss: 29Mb L: 15/333 MS: 4 CMP-ChangeByte-ChangeByte-CrossOver- DE: "\000\000mp"-
#239	REDUCE cov: 122 ft: 381 corp: 37/6772b lim: 333 exec/s: 0 rss: 29Mb L: 122/333 MS: 1 EraseBytes-
#270	NEW    cov: 122 ft: 409 corp: 38/6991b lim: 333 exec/s: 0 rss: 29Mb L: 219/333 MS: 1 CMP- DE: "\001\000\000\000\000\000\001\027"-
#278	NEW    cov: 122 ft: 412 corp: 39/7032b lim: 333 exec/s: 0 rss: 29Mb L: 41/333 MS: 3 ChangeASCIIInt-EraseBytes-CopyPart-
#315	NEW    cov: 122 ft: 414 corp: 40/7329b lim: 333 exec/s: 0 rss: 29Mb L: 297/333 MS: 2 InsertRepeatedBytes-InsertRepeatedBytes-
#318	NEW    cov: 122 ft: 415 corp: 41/7424b lim: 333 exec/s: 0 rss: 29Mb L: 95/333 MS: 3 PersAutoDict-CrossOver-CrossOver- DE: "\001\000\000\000\000\000\001\027"-
#324	REDUCE cov: 122 ft: 429 corp: 42/7467b lim: 333 exec/s: 0 rss: 29Mb L: 43/333 MS: 1 ChangeBinInt-
#345	NEW    cov: 122 ft: 431 corp: 43/7519b lim: 333 exec/s: 0 rss: 29Mb L: 52/333 MS: 1 CMP- DE: "\200moo"-
#392	NEW    cov: 122 ft: 432 corp: 44/7571b lim: 333 exec/s: 0 rss: 29Mb L: 52/333 MS: 2 ChangeByte-CrossOver-
#497	REDUCE cov: 122 ft: 433 corp: 45/7686b lim: 333 exec/s: 0 rss: 29Mb L: 115/333 MS: 5 ChangeBinInt-ChangeBit-ShuffleBytes-ChangeASCIIInt-EraseBytes-
#500	NEW    cov: 122 ft: 435 corp: 46/7973b lim: 333 exec/s: 0 rss: 29Mb L: 287/333 MS: 3 InsertRepeatedBytes-EraseBytes-InsertByte-
#518	NEW    cov: 122 ft: 436 corp: 47/8029b lim: 333 exec/s: 0 rss: 29Mb L: 56/333 MS: 3 ChangeASCIIInt-ShuffleBytes-PersAutoDict- DE: "\001\000\000\000\000\000\001\027"-
#547	REDUCE cov: 122 ft: 436 corp: 47/8019b lim: 333 exec/s: 0 rss: 29Mb L: 209/333 MS: 4 ChangeByte-ChangeBit-ShuffleBytes-EraseBytes-
#558	NEW    cov: 122 ft: 438 corp: 48/8316b lim: 333 exec/s: 0 rss: 29Mb L: 297/333 MS: 1 ChangeBinInt-
#586	NEW    cov: 122 ft: 442 corp: 49/8614b lim: 333 exec/s: 0 rss: 29Mb L: 298/333 MS: 3 ChangeBit-CMP-InsertByte- DE: "hvc1"-
#665	NEW    cov: 122 ft: 461 corp: 50/8634b lim: 333 exec/s: 0 rss: 29Mb L: 20/333 MS: 4 ChangeBit-CopyPart-CMP-CrossOver- DE: "\377\377X\234\306d/\375"-
#670	REDUCE cov: 122 ft: 461 corp: 50/8571b lim: 333 exec/s: 0 rss: 29Mb L: 224/333 MS: 5 EraseBytes-CrossOver-CrossOver-ChangeBinInt-EraseBytes-
#690	NEW    cov: 122 ft: 470 corp: 51/8602b lim: 333 exec/s: 0 rss: 29Mb L: 31/333 MS: 5 ChangeBinInt-ChangeByte-ChangeBinInt-CopyPart-EraseBytes-
#902	REDUCE cov: 122 ft: 470 corp: 51/8599b lim: 333 exec/s: 0 rss: 29Mb L: 45/333 MS: 2 InsertByte-EraseBytes-
#920	REDUCE cov: 122 ft: 470 corp: 51/8598b lim: 333 exec/s: 0 rss: 29Mb L: 184/333 MS: 3 ChangeBinInt-ChangeBinInt-EraseBytes-
#964	REDUCE cov: 122 ft: 470 corp: 51/8576b lim: 333 exec/s: 0 rss: 29Mb L: 62/333 MS: 4 InsertRepeatedBytes-ChangeASCIIInt-ChangeBinInt-EraseBytes-
#1019	NEW    cov: 122 ft: 477 corp: 52/8595b lim: 333 exec/s: 0 rss: 29Mb L: 19/333 MS: 5 InsertByte-CopyPart-CMP-CrossOver-EraseBytes- DE: "\000\000\000H"-
#1058	REDUCE cov: 122 ft: 477 corp: 52/8593b lim: 333 exec/s: 0 rss: 29Mb L: 119/333 MS: 4 CopyPart-ShuffleBytes-CopyPart-EraseBytes-
#1129	REDUCE cov: 122 ft: 477 corp: 52/8506b lim: 333 exec/s: 0 rss: 29Mb L: 186/333 MS: 1 EraseBytes-
#1136	REDUCE cov: 122 ft: 477 corp: 52/8497b lim: 333 exec/s: 0 rss: 29Mb L: 106/333 MS: 2 EraseBytes-ShuffleBytes-
#1154	REDUCE cov: 122 ft: 477 corp: 52/8485b lim: 333 exec/s: 0 rss: 29Mb L: 29/333 MS: 3 InsertByte-ChangeByte-EraseBytes-
#1179	NEW    cov: 122 ft: 478 corp: 53/8493b lim: 333 exec/s: 0 rss: 29Mb L: 8/333 MS: 5 ChangeBinInt-ChangeByte-EraseBytes-ChangeByte-CrossOver-
#1277	REDUCE cov: 122 ft: 479 corp: 54/8824b lim: 333 exec/s: 0 rss: 29Mb L: 331/333 MS: 3 InsertByte-CopyPart-InsertRepeatedBytes-
#1358	REDUCE cov: 122 ft: 479 corp: 54/8820b lim: 333 exec/s: 0 rss: 29Mb L: 25/333 MS: 1 EraseBytes-
#1410	REDUCE cov: 122 ft: 479 corp: 54/8806b lim: 333 exec/s: 0 rss: 29Mb L: 29/333 MS: 2 ShuffleBytes-EraseBytes-
#1436	REDUCE cov: 122 ft: 479 corp: 54/8726b lim: 333 exec/s: 0 rss: 29Mb L: 251/333 MS: 1 EraseBytes-
#1464	REDUCE cov: 122 ft: 479 corp: 54/8702b lim: 333 exec/s: 0 rss: 29Mb L: 71/333 MS: 3 CrossOver-EraseBytes-PersAutoDict- DE: "\000\000\000H"-
#1534	REDUCE cov: 122 ft: 479 corp: 54/8686b lim: 333 exec/s: 0 rss: 29Mb L: 55/333 MS: 5 ChangeBit-EraseBytes-CopyPart-InsertByte-EraseBytes-
#1592	REDUCE cov: 122 ft: 480 corp: 55/8914b lim: 333 exec/s: 0 rss: 29Mb L: 228/333 MS: 3 ChangeASCIIInt-PersAutoDict-ChangeBit- DE: "\200moo"-
#1621	REDUCE cov: 122 ft: 480 corp: 55/8886b lim: 333 exec/s: 0 rss: 29Mb L: 200/333 MS: 4 ChangeASCIIInt-ShuffleBytes-ShuffleBytes-EraseBytes-
#1658	NEW    cov: 123 ft: 481 corp: 56/8892b lim: 333 exec/s: 0 rss: 29Mb L: 6/333 MS: 2 ShuffleBytes-EraseBytes-
#1715	REDUCE cov: 123 ft: 481 corp: 56/8889b lim: 333 exec/s: 0 rss: 29Mb L: 197/333 MS: 2 InsertByte-EraseBytes-
#1787	REDUCE cov: 123 ft: 481 corp: 56/8808b lim: 333 exec/s: 0 rss: 29Mb L: 128/333 MS: 2 ShuffleBytes-EraseBytes-
#1793	REDUCE cov: 123 ft: 481 corp: 56/8791b lim: 333 exec/s: 0 rss: 29Mb L: 162/333 MS: 1 EraseBytes-
#1811	REDUCE cov: 123 ft: 481 corp: 56/8776b lim: 333 exec/s: 0 rss: 29Mb L: 174/333 MS: 3 InsertByte-InsertByte-CrossOver-
#1851	REDUCE cov: 123 ft: 481 corp: 56/8774b lim: 333 exec/s: 0 rss: 29Mb L: 50/333 MS: 5 CrossOver-CMP-CopyPart-CrossOver-CrossOver- DE: "\011@\001\274\203\177\000\000"-
#1863	REDUCE cov: 123 ft: 481 corp: 56/8745b lim: 333 exec/s: 0 rss: 29Mb L: 99/333 MS: 2 ShuffleBytes-EraseBytes-
#1945	REDUCE cov: 123 ft: 481 corp: 56/8741b lim: 333 exec/s: 0 rss: 29Mb L: 39/333 MS: 2 EraseBytes-ShuffleBytes-
#1993	REDUCE cov: 123 ft: 481 corp: 56/8698b lim: 333 exec/s: 0 rss: 29Mb L: 284/333 MS: 3 CrossOver-InsertRepeatedBytes-CrossOver-
#2101	NEW    cov: 123 ft: 482 corp: 57/8724b lim: 333 exec/s: 0 rss: 29Mb L: 26/333 MS: 3 ChangeBinInt-EraseBytes-CrossOver-
#2128	REDUCE cov: 123 ft: 482 corp: 57/8683b lim: 333 exec/s: 0 rss: 29Mb L: 133/333 MS: 2 ChangeBinInt-EraseBytes-
#2271	REDUCE cov: 123 ft: 482 corp: 57/8595b lim: 333 exec/s: 0 rss: 29Mb L: 154/333 MS: 3 EraseBytes-InsertByte-EraseBytes-
#2384	NEW    cov: 123 ft: 487 corp: 58/8893b lim: 333 exec/s: 0 rss: 29Mb L: 298/333 MS: 3 ChangeASCIIInt-InsertByte-ChangeBinInt-
#2408	REDUCE cov: 123 ft: 487 corp: 58/8852b lim: 333 exec/s: 0 rss: 29Mb L: 156/333 MS: 4 ShuffleBytes-PersAutoDict-ChangeASCIIInt-EraseBytes- DE: "\000\000mp"-
#2412	REDUCE cov: 123 ft: 487 corp: 58/8822b lim: 333 exec/s: 0 rss: 29Mb L: 180/333 MS: 4 ChangeBinInt-CrossOver-ShuffleBytes-EraseBytes-
#2544	NEW    cov: 123 ft: 492 corp: 59/9050b lim: 333 exec/s: 0 rss: 29Mb L: 228/333 MS: 2 ChangeBit-CMP- DE: "\005\302\260[<o\026\323"-
#2555	REDUCE cov: 123 ft: 492 corp: 59/9048b lim: 333 exec/s: 0 rss: 29Mb L: 184/333 MS: 1 EraseBytes-
#2603	REDUCE cov: 123 ft: 492 corp: 59/9047b lim: 333 exec/s: 0 rss: 29Mb L: 5/333 MS: 3 ChangeBinInt-CopyPart-EraseBytes-
#2625	NEW    cov: 123 ft: 493 corp: 60/9312b lim: 333 exec/s: 0 rss: 29Mb L: 265/333 MS: 2 ChangeByte-InsertRepeatedBytes-
#2655	NEW    cov: 123 ft: 494 corp: 61/9632b lim: 333 exec/s: 0 rss: 29Mb L: 320/333 MS: 5 ChangeBinInt-ShuffleBytes-InsertByte-ChangeBinInt-CrossOver-
#2798	REDUCE cov: 123 ft: 494 corp: 61/9614b lim: 333 exec/s: 0 rss: 29Mb L: 138/333 MS: 3 ShuffleBytes-ChangeBinInt-EraseBytes-
#2845	NEW    cov: 123 ft: 495 corp: 62/9626b lim: 333 exec/s: 0 rss: 29Mb L: 12/333 MS: 2 CrossOver-EraseBytes-
#2969	REDUCE cov: 123 ft: 495 corp: 62/9625b lim: 333 exec/s: 0 rss: 29Mb L: 14/333 MS: 4 PersAutoDict-PersAutoDict-ShuffleBytes-EraseBytes- DE: "\000\000\000\006"-"\001\000\000\001"-
#3032	NEW    cov: 123 ft: 497 corp: 63/9782b lim: 333 exec/s: 0 rss: 29Mb L: 157/333 MS: 3 ChangeByte-ChangeBinInt-EraseBytes-
#3220	REDUCE cov: 123 ft: 497 corp: 63/9771b lim: 333 exec/s: 0 rss: 29Mb L: 151/333 MS: 3 ChangeASCIIInt-ShuffleBytes-EraseBytes-
#3221	NEW    cov: 123 ft: 498 corp: 64/10074b lim: 333 exec/s: 0 rss: 29Mb L: 303/333 MS: 1 ChangeBit-
#3287	REDUCE cov: 123 ft: 498 corp: 64/10073b lim: 333 exec/s: 0 rss: 29Mb L: 4/333 MS: 1 EraseBytes-
#3386	REDUCE cov: 123 ft: 498 corp: 64/10068b lim: 333 exec/s: 0 rss: 29Mb L: 50/333 MS: 4 ChangeBit-CopyPart-ChangeBit-EraseBytes-
#3407	NEW    cov: 123 ft: 499 corp: 65/10401b lim: 333 exec/s: 0 rss: 29Mb L: 333/333 MS: 1 ChangeByte-
#3519	REDUCE cov: 123 ft: 499 corp: 65/10400b lim: 333 exec/s: 0 rss: 29Mb L: 3/333 MS: 2 InsertByte-EraseBytes-
#3756	REDUCE cov: 123 ft: 499 corp: 65/10368b lim: 333 exec/s: 0 rss: 29Mb L: 122/333 MS: 2 ChangeASCIIInt-EraseBytes-
#3872	NEW    cov: 123 ft: 500 corp: 66/10566b lim: 333 exec/s: 0 rss: 29Mb L: 198/333 MS: 1 CrossOver-
#3883	REDUCE cov: 123 ft: 500 corp: 66/10537b lim: 333 exec/s: 0 rss: 29Mb L: 70/333 MS: 1 EraseBytes-
#3947	REDUCE cov: 123 ft: 500 corp: 66/10481b lim: 333 exec/s: 0 rss: 29Mb L: 277/333 MS: 4 PersAutoDict-ChangeBit-ShuffleBytes-EraseBytes- DE: "\377\377\377\037"-
#3989	REDUCE cov: 123 ft: 500 corp: 66/10479b lim: 333 exec/s: 0 rss: 29Mb L: 1/333 MS: 2 ChangeBit-CrossOver-
#4103	NEW    cov: 123 ft: 501 corp: 67/10795b lim: 333 exec/s: 0 rss: 29Mb L: 316/333 MS: 4 CMP-ShuffleBytes-ChangeBinInt-InsertRepeatedBytes- DE: "0d*p\374\177\000\000"-
#4460	REDUCE cov: 123 ft: 501 corp: 67/10776b lim: 333 exec/s: 0 rss: 29Mb L: 20/333 MS: 2 CMP-EraseBytes- DE: "avcC"-
#4559	REDUCE cov: 123 ft: 501 corp: 67/10699b lim: 333 exec/s: 0 rss: 29Mb L: 56/333 MS: 4 CrossOver-InsertByte-ChangeBit-InsertByte-
#4663	REDUCE cov: 123 ft: 501 corp: 67/10693b lim: 333 exec/s: 0 rss: 29Mb L: 23/333 MS: 4 CopyPart-CMP-CopyPart-EraseBytes- DE: "\327\327\327\327"-
#4689	REDUCE cov: 123 ft: 501 corp: 67/10689b lim: 333 exec/s: 0 rss: 29Mb L: 19/333 MS: 1 EraseBytes-
#4765	REDUCE cov: 123 ft: 501 corp: 67/10653b lim: 333 exec/s: 0 rss: 29Mb L: 267/333 MS: 1 CrossOver-
#4882	REDUCE cov: 123 ft: 501 corp: 67/10650b lim: 333 exec/s: 0 rss: 29Mb L: 42/333 MS: 2 EraseBytes-CMP- DE: "\377\377\377\377\377\377\377\017"-
#4965	REDUCE cov: 123 ft: 501 corp: 67/10605b lim: 333 exec/s: 0 rss: 29Mb L: 77/333 MS: 3 EraseBytes-ChangeBinInt-CopyPart-
#4986	REDUCE cov: 123 ft: 502 corp: 68/10711b lim: 333 exec/s: 0 rss: 29Mb L: 106/333 MS: 1 CMP- DE: "mdhd"-
#5177	REDUCE cov: 123 ft: 502 corp: 68/10698b lim: 333 exec/s: 0 rss: 29Mb L: 47/333 MS: 1 EraseBytes-
#5476	REDUCE cov: 123 ft: 502 corp: 68/10690b lim: 333 exec/s: 0 rss: 45Mb L: 48/333 MS: 4 PersAutoDict-InsertByte-EraseBytes-InsertByte- DE: "avcC"-
#5573	REDUCE cov: 123 ft: 502 corp: 68/10663b lim: 333 exec/s: 0 rss: 45Mb L: 124/333 MS: 2 ChangeBit-EraseBytes-
#5574	NEW    cov: 123 ft: 503 corp: 69/10887b lim: 333 exec/s: 0 rss: 45Mb L: 224/333 MS: 1 PersAutoDict- DE: "mdhd"-
#5725	REDUCE cov: 123 ft: 503 corp: 69/10882b lim: 333 exec/s: 0 rss: 45Mb L: 109/333 MS: 1 CrossOver-
#5741	REDUCE cov: 123 ft: 503 corp: 69/10838b lim: 333 exec/s: 0 rss: 45Mb L: 240/333 MS: 1 CrossOver-
#5792	NEW    cov: 123 ft: 504 corp: 70/11058b lim: 333 exec/s: 0 rss: 45Mb L: 220/333 MS: 1 CopyPart-
#5923	REDUCE cov: 123 ft: 504 corp: 70/11038b lim: 333 exec/s: 0 rss: 45Mb L: 37/333 MS: 1 EraseBytes-
#5993	REDUCE cov: 123 ft: 504 corp: 70/11034b lim: 333 exec/s: 0 rss: 45Mb L: 27/333 MS: 5 InsertRepeatedBytes-ShuffleBytes-ChangeBinInt-CrossOver-EraseBytes-
#6023	REDUCE cov: 123 ft: 504 corp: 70/11026b lim: 333 exec/s: 0 rss: 45Mb L: 11/333 MS: 5 ChangeASCIIInt-ChangeASCIIInt-ChangeByte-InsertByte-EraseBytes-
#6034	REDUCE cov: 123 ft: 504 corp: 70/11005b lim: 333 exec/s: 0 rss: 45Mb L: 85/333 MS: 1 EraseBytes-
#6078	REDUCE cov: 123 ft: 504 corp: 70/10987b lim: 333 exec/s: 0 rss: 45Mb L: 266/333 MS: 4 ChangeBinInt-ChangeBit-CopyPart-CrossOver-
#6170	REDUCE cov: 123 ft: 504 corp: 70/10986b lim: 333 exec/s: 0 rss: 45Mb L: 18/333 MS: 2 ChangeBit-EraseBytes-
#6353	REDUCE cov: 123 ft: 504 corp: 70/10984b lim: 333 exec/s: 6353 rss: 45Mb L: 296/333 MS: 3 PersAutoDict-EraseBytes-InsertRepeatedBytes- DE: "\327\327\327\327"-
#6485	REDUCE cov: 123 ft: 504 corp: 70/10975b lim: 333 exec/s: 6485 rss: 45Mb L: 220/333 MS: 2 CrossOver-EraseBytes-
#6732	REDUCE cov: 123 ft: 504 corp: 70/10974b lim: 333 exec/s: 6732 rss: 45Mb L: 10/333 MS: 2 ChangeByte-EraseBytes-
#6787	REDUCE cov: 123 ft: 504 corp: 70/10956b lim: 333 exec/s: 6787 rss: 45Mb L: 166/333 MS: 5 CopyPart-EraseBytes-PersAutoDict-ChangeByte-PersAutoDict- DE: "\377\377X\234\306d/\375"-"\001\000\000\000\000\000\001\027"-
#7350	NEW    cov: 123 ft: 505 corp: 71/11220b lim: 333 exec/s: 7350 rss: 45Mb L: 264/333 MS: 3 EraseBytes-ChangeByte-InsertRepeatedBytes-
#7357	REDUCE cov: 123 ft: 505 corp: 71/11204b lim: 333 exec/s: 7357 rss: 45Mb L: 164/333 MS: 2 ChangeBit-EraseBytes-
#7393	NEW    cov: 123 ft: 506 corp: 72/11425b lim: 333 exec/s: 7393 rss: 45Mb L: 221/333 MS: 1 PersAutoDict- DE: "avcC"-
#7582	REDUCE cov: 123 ft: 506 corp: 72/11416b lim: 333 exec/s: 7582 rss: 45Mb L: 76/333 MS: 4 ChangeBinInt-ShuffleBytes-ChangeBit-EraseBytes-
#7839	REDUCE cov: 123 ft: 506 corp: 72/11402b lim: 333 exec/s: 7839 rss: 45Mb L: 56/333 MS: 2 PersAutoDict-CrossOver- DE: "hvc1"-
#7907	REDUCE cov: 123 ft: 506 corp: 72/11386b lim: 333 exec/s: 7907 rss: 45Mb L: 34/333 MS: 3 PersAutoDict-ShuffleBytes-EraseBytes- DE: "\000\000mp"-
#7925	REDUCE cov: 123 ft: 506 corp: 72/11338b lim: 333 exec/s: 7925 rss: 45Mb L: 176/333 MS: 3 ChangeBit-ChangeBit-EraseBytes-
#7948	REDUCE cov: 123 ft: 506 corp: 72/11334b lim: 333 exec/s: 7948 rss: 45Mb L: 16/333 MS: 3 ChangeBinInt-EraseBytes-InsertByte-
#7991	REDUCE cov: 123 ft: 506 corp: 72/11314b lim: 333 exec/s: 7991 rss: 45Mb L: 164/333 MS: 3 ChangeBit-CrossOver-EraseBytes-
#8022	REDUCE cov: 123 ft: 506 corp: 72/11307b lim: 333 exec/s: 8022 rss: 45Mb L: 9/333 MS: 1 EraseBytes-
#8118	REDUCE cov: 123 ft: 506 corp: 72/11303b lim: 333 exec/s: 8118 rss: 45Mb L: 14/333 MS: 1 EraseBytes-
#8699	REDUCE cov: 123 ft: 506 corp: 72/11302b lim: 333 exec/s: 8699 rss: 45Mb L: 24/333 MS: 1 EraseBytes-
#8703	REDUCE cov: 123 ft: 506 corp: 72/11298b lim: 333 exec/s: 8703 rss: 45Mb L: 10/333 MS: 4 ShuffleBytes-ChangeByte-ChangeByte-EraseBytes-
#8839	REDUCE cov: 123 ft: 506 corp: 72/11295b lim: 333 exec/s: 8839 rss: 45Mb L: 9/333 MS: 1 EraseBytes-
#8986	REDUCE cov: 123 ft: 506 corp: 72/11293b lim: 333 exec/s: 8986 rss: 45Mb L: 35/333 MS: 2 EraseBytes-PersAutoDict- DE: "0d*p\374\177\000\000"-
#9224	REDUCE cov: 123 ft: 506 corp: 72/11284b lim: 333 exec/s: 9224 rss: 45Mb L: 212/333 MS: 3 ChangeBinInt-ChangeByte-EraseBytes-
#9289	REDUCE cov: 123 ft: 506 corp: 72/11278b lim: 333 exec/s: 9289 rss: 45Mb L: 297/333 MS: 5 ChangeBit-ShuffleBytes-InsertByte-ShuffleBytes-CrossOver-
#9597	REDUCE cov: 123 ft: 506 corp: 72/11275b lim: 333 exec/s: 9597 rss: 45Mb L: 177/333 MS: 3 InsertByte-ShuffleBytes-EraseBytes-
#9973	REDUCE cov: 123 ft: 506 corp: 72/11274b lim: 333 exec/s: 9973 rss: 45Mb L: 25/333 MS: 1 EraseBytes-
#10250	REDUCE cov: 123 ft: 506 corp: 72/11264b lim: 333 exec/s: 10250 rss: 45Mb L: 46/333 MS: 2 ChangeBit-EraseBytes-
#10379	REDUCE cov: 123 ft: 506 corp: 72/11263b lim: 333 exec/s: 10379 rss: 45Mb L: 51/333 MS: 4 InsertByte-ChangeByte-InsertRepeatedBytes-EraseBytes-
#10395	REDUCE cov: 123 ft: 507 corp: 73/11524b lim: 333 exec/s: 10395 rss: 45Mb L: 261/333 MS: 1 InsertRepeatedBytes-
#10412	REDUCE cov: 123 ft: 507 corp: 73/11522b lim: 333 exec/s: 10412 rss: 45Mb L: 23/333 MS: 2 CMP-EraseBytes- DE: "\037\000\000\000"-
#10564	REDUCE cov: 123 ft: 507 corp: 73/11509b lim: 333 exec/s: 10564 rss: 45Mb L: 33/333 MS: 2 ShuffleBytes-EraseBytes-
#10662	REDUCE cov: 123 ft: 507 corp: 73/11489b lim: 333 exec/s: 10662 rss: 45Mb L: 13/333 MS: 3 ChangeBit-ShuffleBytes-CrossOver-
#10988	REDUCE cov: 123 ft: 507 corp: 73/11488b lim: 333 exec/s: 10988 rss: 45Mb L: 12/333 MS: 1 EraseBytes-
#10992	REDUCE cov: 123 ft: 507 corp: 73/11481b lim: 333 exec/s: 10992 rss: 45Mb L: 27/333 MS: 4 EraseBytes-ChangeByte-ChangeByte-InsertByte-
#11126	NEW    cov: 123 ft: 519 corp: 74/11793b lim: 333 exec/s: 11126 rss: 45Mb L: 312/333 MS: 4 CMP-InsertRepeatedBytes-CrossOver-ChangeBinInt- DE: "\000\000\000\037"-
#11355	REDUCE cov: 123 ft: 519 corp: 74/11789b lim: 333 exec/s: 11355 rss: 45Mb L: 294/333 MS: 4 PersAutoDict-EraseBytes-ShuffleBytes-InsertRepeatedBytes- DE: "\005\302\260[<o\026\323"-
#11357	REDUCE cov: 123 ft: 519 corp: 74/11742b lim: 333 exec/s: 11357 rss: 45Mb L: 250/333 MS: 2 ChangeBit-EraseBytes-
#11395	REDUCE cov: 123 ft: 519 corp: 74/11741b lim: 333 exec/s: 11395 rss: 45Mb L: 41/333 MS: 3 PersAutoDict-EraseBytes-EraseBytes- DE: "\000\000Y\234\2434fc"-
#11583	REDUCE cov: 123 ft: 519 corp: 74/11731b lim: 333 exec/s: 11583 rss: 45Mb L: 17/333 MS: 3 ChangeBit-ShuffleBytes-EraseBytes-
#11956	REDUCE cov: 123 ft: 519 corp: 74/11728b lim: 333 exec/s: 11956 rss: 45Mb L: 9/333 MS: 3 ChangeASCIIInt-ChangeByte-EraseBytes-
#11995	REDUCE cov: 123 ft: 519 corp: 74/11726b lim: 333 exec/s: 11995 rss: 45Mb L: 25/333 MS: 4 ChangeBinInt-CopyPart-ChangeBit-EraseBytes-
#11996	REDUCE cov: 123 ft: 519 corp: 74/11721b lim: 333 exec/s: 11996 rss: 45Mb L: 292/333 MS: 1 EraseBytes-
#12025	REDUCE cov: 123 ft: 519 corp: 74/11705b lim: 333 exec/s: 12025 rss: 45Mb L: 205/333 MS: 4 ShuffleBytes-ChangeByte-ChangeBinInt-EraseBytes-
#12232	REDUCE cov: 123 ft: 519 corp: 74/11704b lim: 333 exec/s: 12232 rss: 45Mb L: 9/333 MS: 2 CrossOver-EraseBytes-
#12276	REDUCE cov: 123 ft: 519 corp: 74/11693b lim: 333 exec/s: 12276 rss: 45Mb L: 153/333 MS: 4 PersAutoDict-ShuffleBytes-ChangeBit-EraseBytes- DE: "\200moo"-
#12331	NEW    cov: 124 ft: 521 corp: 75/11898b lim: 333 exec/s: 12331 rss: 45Mb L: 205/333 MS: 5 ShuffleBytes-CMP-ChangeByte-InsertRepeatedBytes-EraseBytes- DE: "avc1"-
#12478	REDUCE cov: 124 ft: 521 corp: 75/11874b lim: 333 exec/s: 12478 rss: 45Mb L: 270/333 MS: 2 EraseBytes-InsertRepeatedBytes-
#12941	REDUCE cov: 124 ft: 521 corp: 75/11861b lim: 333 exec/s: 6470 rss: 45Mb L: 111/333 MS: 3 CrossOver-InsertRepeatedBytes-InsertByte-
#13036	REDUCE cov: 124 ft: 521 corp: 75/11746b lim: 333 exec/s: 6518 rss: 45Mb L: 160/333 MS: 5 CrossOver-ChangeByte-ChangeBinInt-ChangeBinInt-EraseBytes-
#13187	REDUCE cov: 124 ft: 521 corp: 75/11745b lim: 333 exec/s: 6593 rss: 45Mb L: 8/333 MS: 1 EraseBytes-
#13198	REDUCE cov: 124 ft: 521 corp: 75/11741b lim: 333 exec/s: 6599 rss: 45Mb L: 52/333 MS: 1 EraseBytes-
#13499	REDUCE cov: 124 ft: 521 corp: 75/11726b lim: 333 exec/s: 6749 rss: 45Mb L: 32/333 MS: 1 EraseBytes-
#13546	REDUCE cov: 124 ft: 521 corp: 75/11710b lim: 333 exec/s: 6773 rss: 45Mb L: 106/333 MS: 2 ChangeBinInt-EraseBytes-
#13696	REDUCE cov: 124 ft: 522 corp: 76/12039b lim: 333 exec/s: 6848 rss: 45Mb L: 329/333 MS: 5 ChangeBit-CrossOver-CopyPart-InsertByte-CrossOver-
#13827	REDUCE cov: 124 ft: 522 corp: 76/12011b lim: 333 exec/s: 6913 rss: 45Mb L: 284/333 MS: 1 EraseBytes-
#13866	REDUCE cov: 124 ft: 522 corp: 76/12003b lim: 333 exec/s: 6933 rss: 45Mb L: 158/333 MS: 4 CopyPart-CopyPart-EraseBytes-InsertRepeatedBytes-
#13899	NEW    cov: 124 ft: 523 corp: 77/12304b lim: 333 exec/s: 6949 rss: 479Mb L: 301/333 MS: 3 ChangeBinInt-ChangeBit-InsertRepeatedBytes-
#13961	REDUCE cov: 124 ft: 523 corp: 77/12249b lim: 333 exec/s: 4653 rss: 479Mb L: 246/333 MS: 2 ChangeBit-EraseBytes-
#14606	REDUCE cov: 124 ft: 523 corp: 77/12245b lim: 333 exec/s: 4868 rss: 479Mb L: 286/333 MS: 5 ShuffleBytes-CopyPart-CMP-EraseBytes-CopyPart- DE: "\000\000\000\036"-
#14804	REDUCE cov: 124 ft: 523 corp: 77/12237b lim: 333 exec/s: 4934 rss: 479Mb L: 40/333 MS: 3 PersAutoDict-ShuffleBytes-EraseBytes- DE: "avc1"-
#14933	REDUCE cov: 124 ft: 523 corp: 77/12231b lim: 333 exec/s: 4977 rss: 479Mb L: 234/333 MS: 4 ChangeBit-ChangeBinInt-EraseBytes-PersAutoDict- DE: "\001\000\000\001"-
#14990	REDUCE cov: 124 ft: 523 corp: 77/12230b lim: 333 exec/s: 4996 rss: 479Mb L: 16/333 MS: 2 PersAutoDict-EraseBytes- DE: "\000\000\000H"-
#15831	REDUCE cov: 124 ft: 523 corp: 77/12211b lim: 341 exec/s: 3957 rss: 479Mb L: 231/333 MS: 1 EraseBytes-
#15876	REDUCE cov: 124 ft: 523 corp: 77/12209b lim: 341 exec/s: 3969 rss: 479Mb L: 195/333 MS: 5 ShuffleBytes-ChangeBit-CrossOver-ChangeByte-EraseBytes-
#15889	REDUCE cov: 124 ft: 523 corp: 77/12201b lim: 341 exec/s: 3972 rss: 479Mb L: 226/333 MS: 3 ChangeBinInt-ChangeASCIIInt-CrossOver-
==217244== ERROR: libFuzzer: out-of-memory (used: 1492Mb; limit: 1024Mb)
   To change the out-of-memory limit use -rss_limit_mb=<N>

MS: 1 CrossOver-; base unit: 2e2a4b7e8eac65303a33323ab1c83929ebcdf6ee
artifact_prefix='/results/crashes/20260313_153157_52615946_'; Test unit written to /results/crashes/20260313_153157_52615946_oom-2d5e142da02f63db4415c871d446f6bbed400618
SUMMARY: libFuzzer: out-of-memory
stat::number_of_executed_units: 16065
stat::average_exec_per_sec:     3213
stat::new_units_added:          189
stat::slowest_unit_time_sec:    0
stat::peak_rss_mb:              1493
