INFO: Running with entropic power schedule (0xFF, 100).
INFO: Seed: 894917462
INFO: Loaded 1 modules   (252 inline 8-bit counters): 252 [0x5f81b9086678, 0x5f81b9086774), 
INFO: Loaded 1 PC tables (252 PCs): 252 [0x5f81b9086778,0x5f81b9087738), 
INFO:        4 files found in /tmp/corpus_20260313_175806_02becfd0
INFO: seed corpus: files: 4 min: 48b max: 333b total: 853b rss: 28Mb
#5	INITED cov: 118 ft: 251 corp: 4/853b exec/s: 0 rss: 29Mb
#6	NEW    cov: 119 ft: 260 corp: 5/990b lim: 333 exec/s: 0 rss: 29Mb L: 137/333 MS: 1 CrossOver-
#10	NEW    cov: 120 ft: 280 corp: 6/1318b lim: 333 exec/s: 0 rss: 29Mb L: 328/333 MS: 4 ChangeBit-ChangeByte-ChangeBinInt-InsertRepeatedBytes-
#12	NEW    cov: 120 ft: 290 corp: 7/1409b lim: 333 exec/s: 0 rss: 29Mb L: 91/333 MS: 2 ShuffleBytes-InsertRepeatedBytes-
#13	NEW    cov: 121 ft: 291 corp: 8/1574b lim: 333 exec/s: 0 rss: 29Mb L: 165/333 MS: 1 InsertRepeatedBytes-
#14	NEW    cov: 121 ft: 296 corp: 9/1665b lim: 333 exec/s: 0 rss: 29Mb L: 91/333 MS: 1 CopyPart-
#15	NEW    cov: 121 ft: 298 corp: 10/1994b lim: 333 exec/s: 0 rss: 29Mb L: 329/333 MS: 1 InsertByte-
#25	NEW    cov: 122 ft: 300 corp: 11/2296b lim: 333 exec/s: 0 rss: 29Mb L: 302/333 MS: 5 CopyPart-ChangeBinInt-ChangeBinInt-InsertByte-InsertByte-
#26	NEW    cov: 122 ft: 301 corp: 12/2552b lim: 333 exec/s: 0 rss: 29Mb L: 256/333 MS: 1 CMP- DE: "\001\000\000\027"-
#29	NEW    cov: 122 ft: 302 corp: 13/2690b lim: 333 exec/s: 0 rss: 29Mb L: 138/333 MS: 3 ChangeByte-InsertByte-ChangeBinInt-
#32	NEW    cov: 122 ft: 303 corp: 14/2943b lim: 333 exec/s: 0 rss: 29Mb L: 253/333 MS: 3 ChangeBit-PersAutoDict-EraseBytes- DE: "\001\000\000\027"-
#38	NEW    cov: 122 ft: 304 corp: 15/3034b lim: 333 exec/s: 0 rss: 29Mb L: 91/333 MS: 1 ChangeBinInt-
#39	NEW    cov: 122 ft: 305 corp: 16/3172b lim: 333 exec/s: 0 rss: 29Mb L: 138/333 MS: 1 InsertByte-
#41	NEW    cov: 122 ft: 306 corp: 17/3223b lim: 333 exec/s: 0 rss: 29Mb L: 51/333 MS: 2 ShuffleBytes-EraseBytes-
#46	NEW    cov: 122 ft: 312 corp: 18/3362b lim: 333 exec/s: 0 rss: 29Mb L: 139/333 MS: 5 ChangeByte-InsertByte-ChangeByte-ShuffleBytes-CopyPart-
#52	NEW    cov: 122 ft: 314 corp: 19/3457b lim: 333 exec/s: 0 rss: 29Mb L: 95/333 MS: 1 CMP- DE: "ipma"-
#54	NEW    cov: 122 ft: 319 corp: 20/3614b lim: 333 exec/s: 0 rss: 29Mb L: 157/333 MS: 2 InsertRepeatedBytes-EraseBytes-
#63	NEW    cov: 122 ft: 320 corp: 21/3850b lim: 333 exec/s: 0 rss: 29Mb L: 236/333 MS: 4 ChangeASCIIInt-CrossOver-PersAutoDict-InsertRepeatedBytes- DE: "\001\000\000\027"-
#72	NEW    cov: 122 ft: 321 corp: 22/3946b lim: 333 exec/s: 0 rss: 29Mb L: 96/333 MS: 4 InsertByte-ChangeByte-ChangeASCIIInt-ChangeBit-
#73	NEW    cov: 122 ft: 322 corp: 23/4112b lim: 333 exec/s: 0 rss: 29Mb L: 166/333 MS: 1 InsertByte-
#79	NEW    cov: 122 ft: 332 corp: 24/4194b lim: 333 exec/s: 0 rss: 29Mb L: 82/333 MS: 1 EraseBytes-
#82	REDUCE cov: 122 ft: 332 corp: 24/4188b lim: 333 exec/s: 0 rss: 29Mb L: 85/333 MS: 3 ChangeBit-ChangeBinInt-EraseBytes-
#83	NEW    cov: 122 ft: 366 corp: 25/4408b lim: 333 exec/s: 0 rss: 29Mb L: 220/333 MS: 1 ChangeBinInt-
#90	NEW    cov: 122 ft: 374 corp: 26/4446b lim: 333 exec/s: 0 rss: 29Mb L: 38/333 MS: 2 ChangeBit-EraseBytes-
#91	NEW    cov: 122 ft: 375 corp: 27/4643b lim: 333 exec/s: 0 rss: 29Mb L: 197/333 MS: 1 CrossOver-
#94	NEW    cov: 122 ft: 376 corp: 28/4695b lim: 333 exec/s: 0 rss: 29Mb L: 52/333 MS: 3 ShuffleBytes-InsertByte-PersAutoDict- DE: "ipma"-
#97	NEW    cov: 122 ft: 377 corp: 29/5008b lim: 333 exec/s: 0 rss: 29Mb L: 313/333 MS: 3 CrossOver-CrossOver-PersAutoDict- DE: "\001\000\000\027"-
#113	NEW    cov: 122 ft: 378 corp: 30/5103b lim: 333 exec/s: 0 rss: 29Mb L: 95/333 MS: 1 ChangeByte-
#129	REDUCE cov: 122 ft: 379 corp: 31/5191b lim: 333 exec/s: 0 rss: 29Mb L: 88/333 MS: 1 InsertRepeatedBytes-
#153	REDUCE cov: 122 ft: 379 corp: 31/5190b lim: 333 exec/s: 0 rss: 29Mb L: 137/333 MS: 4 InsertByte-CMP-ChangeBit-EraseBytes- DE: "\001\000_\201\322,\270\240"-
#168	REDUCE cov: 122 ft: 379 corp: 31/5183b lim: 333 exec/s: 0 rss: 29Mb L: 295/333 MS: 5 InsertByte-EraseBytes-PersAutoDict-ChangeBinInt-InsertRepeatedBytes- DE: "ipma"-
#175	NEW    cov: 122 ft: 384 corp: 32/5279b lim: 333 exec/s: 0 rss: 29Mb L: 96/333 MS: 2 CopyPart-CopyPart-
#179	NEW    cov: 122 ft: 385 corp: 33/5350b lim: 333 exec/s: 0 rss: 29Mb L: 71/333 MS: 4 InsertRepeatedBytes-InsertByte-ChangeByte-CrossOver-
#185	NEW    cov: 122 ft: 386 corp: 34/5453b lim: 333 exec/s: 0 rss: 29Mb L: 103/333 MS: 1 EraseBytes-
#187	NEW    cov: 122 ft: 387 corp: 35/5717b lim: 333 exec/s: 0 rss: 29Mb L: 264/333 MS: 2 CMP-InsertRepeatedBytes- DE: "\377%"-
#194	NEW    cov: 122 ft: 388 corp: 36/5770b lim: 333 exec/s: 0 rss: 29Mb L: 53/333 MS: 2 CrossOver-InsertByte-
#221	NEW    cov: 122 ft: 394 corp: 37/6074b lim: 333 exec/s: 0 rss: 29Mb L: 304/333 MS: 2 ChangeBinInt-CrossOver-
#241	NEW    cov: 122 ft: 408 corp: 38/6240b lim: 333 exec/s: 0 rss: 29Mb L: 166/333 MS: 5 CrossOver-CMP-InsertByte-PersAutoDict-CMP- DE: "mdat"-"ipma"-"tapt"-
#246	REDUCE cov: 122 ft: 408 corp: 38/6235b lim: 333 exec/s: 0 rss: 29Mb L: 133/333 MS: 5 CopyPart-CrossOver-InsertByte-ShuffleBytes-EraseBytes-
#269	REDUCE cov: 122 ft: 408 corp: 38/6232b lim: 333 exec/s: 0 rss: 29Mb L: 93/333 MS: 3 CopyPart-PersAutoDict-EraseBytes- DE: "\001\000\000\027"-
#295	NEW    cov: 122 ft: 420 corp: 39/6252b lim: 333 exec/s: 0 rss: 29Mb L: 20/333 MS: 1 EraseBytes-
#300	NEW    cov: 122 ft: 421 corp: 40/6376b lim: 333 exec/s: 0 rss: 29Mb L: 124/333 MS: 5 ShuffleBytes-InsertRepeatedBytes-ShuffleBytes-CrossOver-EraseBytes-
#301	REDUCE cov: 122 ft: 421 corp: 40/6355b lim: 333 exec/s: 0 rss: 29Mb L: 74/333 MS: 1 EraseBytes-
#314	REDUCE cov: 122 ft: 421 corp: 40/6341b lim: 333 exec/s: 0 rss: 29Mb L: 119/333 MS: 3 InsertByte-InsertRepeatedBytes-EraseBytes-
#351	NEW    cov: 122 ft: 429 corp: 41/6660b lim: 333 exec/s: 0 rss: 29Mb L: 319/333 MS: 2 ChangeByte-CrossOver-
#356	NEW    cov: 122 ft: 437 corp: 42/6691b lim: 333 exec/s: 0 rss: 29Mb L: 31/333 MS: 5 ChangeBinInt-CMP-EraseBytes-ShuffleBytes-EraseBytes- DE: "cdsc"-
#418	NEW    cov: 122 ft: 438 corp: 43/6956b lim: 333 exec/s: 0 rss: 29Mb L: 265/333 MS: 2 ShuffleBytes-InsertByte-
#428	NEW    cov: 122 ft: 439 corp: 44/7019b lim: 333 exec/s: 0 rss: 29Mb L: 63/333 MS: 5 PersAutoDict-ChangeBinInt-CMP-CopyPart-EraseBytes- DE: "\001\000\000\027"-"\216'G\251nZ\216o"-
#446	NEW    cov: 122 ft: 440 corp: 45/7073b lim: 333 exec/s: 0 rss: 29Mb L: 54/333 MS: 3 ChangeByte-ShuffleBytes-InsertByte-
#447	REDUCE cov: 122 ft: 440 corp: 45/7069b lim: 333 exec/s: 0 rss: 29Mb L: 34/333 MS: 1 EraseBytes-
#458	NEW    cov: 122 ft: 441 corp: 46/7235b lim: 333 exec/s: 0 rss: 29Mb L: 166/333 MS: 1 ChangeBinInt-
#466	NEW    cov: 122 ft: 443 corp: 47/7553b lim: 333 exec/s: 0 rss: 29Mb L: 318/333 MS: 3 InsertByte-CopyPart-InsertRepeatedBytes-
#471	REDUCE cov: 122 ft: 444 corp: 48/7878b lim: 333 exec/s: 0 rss: 29Mb L: 325/333 MS: 5 ChangeByte-ChangeByte-InsertRepeatedBytes-PersAutoDict-CrossOver- DE: "\001\000_\201\322,\270\240"-
#489	NEW    cov: 122 ft: 462 corp: 49/7892b lim: 333 exec/s: 0 rss: 29Mb L: 14/333 MS: 3 InsertByte-InsertByte-EraseBytes-
#539	REDUCE cov: 122 ft: 462 corp: 49/7851b lim: 333 exec/s: 0 rss: 29Mb L: 44/333 MS: 5 CrossOver-EraseBytes-ChangeByte-ChangeByte-ShuffleBytes-
#549	NEW    cov: 122 ft: 463 corp: 50/8184b lim: 333 exec/s: 0 rss: 29Mb L: 333/333 MS: 5 CMP-ChangeByte-ChangeASCIIInt-CrossOver-CopyPart- DE: "\275\000\000\000\000\000\000\000"-
#562	NEW    cov: 122 ft: 464 corp: 51/8447b lim: 333 exec/s: 0 rss: 29Mb L: 263/333 MS: 3 PersAutoDict-CopyPart-CopyPart- DE: "tapt"-
#670	REDUCE cov: 122 ft: 470 corp: 52/8762b lim: 333 exec/s: 0 rss: 29Mb L: 315/333 MS: 3 InsertRepeatedBytes-CMP-InsertRepeatedBytes- DE: "dinf"-
#876	REDUCE cov: 122 ft: 470 corp: 52/8760b lim: 333 exec/s: 0 rss: 29Mb L: 29/333 MS: 1 EraseBytes-
#878	REDUCE cov: 122 ft: 470 corp: 52/8759b lim: 333 exec/s: 0 rss: 29Mb L: 94/333 MS: 2 InsertByte-EraseBytes-
#911	NEW    cov: 122 ft: 471 corp: 53/9074b lim: 333 exec/s: 0 rss: 29Mb L: 315/333 MS: 3 ChangeByte-InsertRepeatedBytes-CMP- DE: "\010\000\000\000"-
#930	REDUCE cov: 122 ft: 472 corp: 54/9093b lim: 333 exec/s: 0 rss: 29Mb L: 19/333 MS: 4 ShuffleBytes-CMP-EraseBytes-CopyPart- DE: "\001\000\000\000"-
#955	REDUCE cov: 122 ft: 473 corp: 55/9218b lim: 333 exec/s: 0 rss: 29Mb L: 125/333 MS: 5 InsertByte-PersAutoDict-ShuffleBytes-PersAutoDict-CopyPart- DE: "ipma"-"\275\000\000\000\000\000\000\000"-
#957	REDUCE cov: 122 ft: 473 corp: 55/9213b lim: 333 exec/s: 0 rss: 29Mb L: 248/333 MS: 2 ChangeBit-EraseBytes-
#998	REDUCE cov: 122 ft: 473 corp: 55/9206b lim: 333 exec/s: 0 rss: 29Mb L: 46/333 MS: 1 EraseBytes-
#999	REDUCE cov: 122 ft: 473 corp: 55/9166b lim: 333 exec/s: 0 rss: 29Mb L: 126/333 MS: 1 EraseBytes-
#1027	REDUCE cov: 122 ft: 473 corp: 55/9108b lim: 333 exec/s: 0 rss: 29Mb L: 261/333 MS: 3 CopyPart-ChangeBit-EraseBytes-
#1049	REDUCE cov: 122 ft: 473 corp: 55/9103b lim: 333 exec/s: 0 rss: 29Mb L: 66/333 MS: 2 ChangeBit-EraseBytes-
#1058	REDUCE cov: 122 ft: 473 corp: 55/9099b lim: 333 exec/s: 0 rss: 29Mb L: 311/333 MS: 4 ChangeBinInt-EraseBytes-ShuffleBytes-InsertByte-
#1229	REDUCE cov: 122 ft: 473 corp: 55/9035b lim: 333 exec/s: 0 rss: 29Mb L: 102/333 MS: 1 EraseBytes-
#1230	REDUCE cov: 122 ft: 473 corp: 55/9028b lim: 333 exec/s: 0 rss: 29Mb L: 12/333 MS: 1 EraseBytes-
#1333	REDUCE cov: 122 ft: 473 corp: 55/8965b lim: 333 exec/s: 0 rss: 29Mb L: 250/333 MS: 3 ChangeBinInt-InsertRepeatedBytes-EraseBytes-
#1445	REDUCE cov: 122 ft: 473 corp: 55/8955b lim: 333 exec/s: 0 rss: 29Mb L: 36/333 MS: 2 PersAutoDict-EraseBytes- DE: "\001\000\000\027"-
#1477	REDUCE cov: 122 ft: 473 corp: 55/8953b lim: 333 exec/s: 0 rss: 29Mb L: 302/333 MS: 2 CrossOver-EraseBytes-
#1516	REDUCE cov: 122 ft: 473 corp: 55/8926b lim: 333 exec/s: 0 rss: 29Mb L: 92/333 MS: 4 PersAutoDict-ChangeByte-PersAutoDict-EraseBytes- DE: "\001\000_\201\322,\270\240"-"\275\000\000\000\000\000\000\000"-
#1529	NEW    cov: 122 ft: 474 corp: 56/9238b lim: 333 exec/s: 0 rss: 29Mb L: 312/333 MS: 3 PersAutoDict-ChangeBit-InsertRepeatedBytes- DE: "tapt"-
#1573	REDUCE cov: 122 ft: 474 corp: 56/9198b lim: 333 exec/s: 0 rss: 29Mb L: 97/333 MS: 4 InsertByte-ChangeBit-CopyPart-EraseBytes-
#1594	NEW    cov: 122 ft: 481 corp: 57/9458b lim: 333 exec/s: 0 rss: 29Mb L: 260/333 MS: 1 PersAutoDict- DE: "\001\000\000\000"-
#1595	REDUCE cov: 122 ft: 481 corp: 57/9455b lim: 333 exec/s: 0 rss: 29Mb L: 94/333 MS: 1 EraseBytes-
#1701	REDUCE cov: 122 ft: 481 corp: 57/9450b lim: 333 exec/s: 0 rss: 29Mb L: 328/333 MS: 1 EraseBytes-
#1714	REDUCE cov: 122 ft: 481 corp: 57/9417b lim: 333 exec/s: 0 rss: 29Mb L: 219/333 MS: 3 ChangeBinInt-ChangeBinInt-EraseBytes-
#1926	REDUCE cov: 122 ft: 481 corp: 57/9389b lim: 333 exec/s: 0 rss: 29Mb L: 66/333 MS: 2 CrossOver-EraseBytes-
#1982	REDUCE cov: 122 ft: 481 corp: 57/9286b lim: 333 exec/s: 0 rss: 29Mb L: 160/333 MS: 1 EraseBytes-
#2055	REDUCE cov: 122 ft: 481 corp: 57/9282b lim: 333 exec/s: 0 rss: 29Mb L: 193/333 MS: 3 EraseBytes-InsertByte-CMP- DE: "frma"-
#2151	REDUCE cov: 122 ft: 481 corp: 57/9276b lim: 333 exec/s: 0 rss: 29Mb L: 85/333 MS: 1 EraseBytes-
#2173	REDUCE cov: 122 ft: 481 corp: 57/9272b lim: 333 exec/s: 0 rss: 29Mb L: 10/333 MS: 2 InsertByte-EraseBytes-
#2202	REDUCE cov: 122 ft: 481 corp: 57/9271b lim: 333 exec/s: 0 rss: 29Mb L: 235/333 MS: 4 EraseBytes-ShuffleBytes-CrossOver-InsertRepeatedBytes-
#2268	REDUCE cov: 122 ft: 481 corp: 57/9270b lim: 333 exec/s: 0 rss: 29Mb L: 62/333 MS: 1 EraseBytes-
#2320	REDUCE cov: 122 ft: 481 corp: 57/9264b lim: 333 exec/s: 0 rss: 29Mb L: 30/333 MS: 2 InsertByte-EraseBytes-
#2356	REDUCE cov: 122 ft: 481 corp: 57/9260b lim: 333 exec/s: 0 rss: 29Mb L: 26/333 MS: 1 EraseBytes-
#2417	REDUCE cov: 123 ft: 482 corp: 58/9265b lim: 333 exec/s: 0 rss: 29Mb L: 5/333 MS: 1 CrossOver-
#2533	REDUCE cov: 123 ft: 482 corp: 58/9260b lim: 333 exec/s: 0 rss: 29Mb L: 61/333 MS: 1 EraseBytes-
#2544	REDUCE cov: 123 ft: 482 corp: 58/9249b lim: 333 exec/s: 0 rss: 29Mb L: 50/333 MS: 1 EraseBytes-
#2559	NEW    cov: 123 ft: 483 corp: 59/9576b lim: 333 exec/s: 0 rss: 29Mb L: 327/333 MS: 5 ChangeBit-InsertRepeatedBytes-ShuffleBytes-ChangeBit-ChangeBinInt-
#2606	REDUCE cov: 123 ft: 483 corp: 59/9571b lim: 333 exec/s: 0 rss: 29Mb L: 97/333 MS: 2 CMP-CrossOver- DE: "t\000"-
#2801	REDUCE cov: 123 ft: 483 corp: 59/9547b lim: 333 exec/s: 0 rss: 29Mb L: 26/333 MS: 5 ShuffleBytes-ChangeBit-ChangeByte-PersAutoDict-EraseBytes- DE: "dinf"-
#2877	NEW    cov: 123 ft: 490 corp: 60/9880b lim: 333 exec/s: 0 rss: 29Mb L: 333/333 MS: 1 ChangeByte-
#2914	NEW    cov: 123 ft: 492 corp: 61/9889b lim: 333 exec/s: 0 rss: 29Mb L: 9/333 MS: 2 CopyPart-PersAutoDict- DE: "mdat"-
#2956	REDUCE cov: 123 ft: 493 corp: 62/9897b lim: 333 exec/s: 0 rss: 29Mb L: 8/333 MS: 2 ShuffleBytes-EraseBytes-
#3023	REDUCE cov: 123 ft: 493 corp: 62/9890b lim: 333 exec/s: 0 rss: 29Mb L: 118/333 MS: 2 EraseBytes-ChangeBinInt-
#3041	REDUCE cov: 123 ft: 493 corp: 62/9886b lim: 333 exec/s: 0 rss: 29Mb L: 246/333 MS: 3 InsertByte-EraseBytes-EraseBytes-
#3049	REDUCE cov: 123 ft: 493 corp: 62/9795b lim: 333 exec/s: 0 rss: 29Mb L: 236/333 MS: 3 ChangeBinInt-ShuffleBytes-EraseBytes-
#3085	REDUCE cov: 123 ft: 493 corp: 62/9767b lim: 333 exec/s: 0 rss: 29Mb L: 192/333 MS: 1 EraseBytes-
#3202	REDUCE cov: 123 ft: 493 corp: 62/9635b lim: 333 exec/s: 0 rss: 29Mb L: 129/333 MS: 2 CopyPart-CrossOver-
#3211	REDUCE cov: 123 ft: 493 corp: 62/9599b lim: 333 exec/s: 0 rss: 29Mb L: 282/333 MS: 4 ShuffleBytes-EraseBytes-ShuffleBytes-InsertByte-
#3226	NEW    cov: 123 ft: 494 corp: 63/9740b lim: 333 exec/s: 0 rss: 29Mb L: 141/333 MS: 5 ShuffleBytes-ChangeBit-ChangeBinInt-InsertByte-CrossOver-
#3266	REDUCE cov: 123 ft: 494 corp: 63/9735b lim: 333 exec/s: 0 rss: 29Mb L: 49/333 MS: 5 ChangeByte-CMP-InsertByte-ChangeASCIIInt-EraseBytes- DE: "cdsc"-
#3273	REDUCE cov: 123 ft: 494 corp: 63/9722b lim: 333 exec/s: 0 rss: 29Mb L: 13/333 MS: 2 ChangeByte-EraseBytes-
#3319	REDUCE cov: 123 ft: 494 corp: 63/9721b lim: 333 exec/s: 0 rss: 29Mb L: 25/333 MS: 1 EraseBytes-
#3323	REDUCE cov: 123 ft: 494 corp: 63/9720b lim: 333 exec/s: 0 rss: 29Mb L: 4/333 MS: 4 CMP-ChangeBinInt-InsertByte-EraseBytes- DE: "stbl"-
#3335	REDUCE cov: 123 ft: 494 corp: 63/9711b lim: 333 exec/s: 0 rss: 29Mb L: 237/333 MS: 2 ChangeByte-EraseBytes-
#3511	REDUCE cov: 123 ft: 494 corp: 63/9710b lim: 333 exec/s: 0 rss: 29Mb L: 43/333 MS: 1 EraseBytes-
#3563	REDUCE cov: 123 ft: 494 corp: 63/9703b lim: 333 exec/s: 0 rss: 29Mb L: 86/333 MS: 2 ChangeASCIIInt-EraseBytes-
#3907	REDUCE cov: 123 ft: 494 corp: 63/9681b lim: 333 exec/s: 0 rss: 29Mb L: 72/333 MS: 4 ChangeASCIIInt-CMP-PersAutoDict-EraseBytes- DE: "\000\010"-"cdsc"-
#3938	REDUCE cov: 123 ft: 494 corp: 63/9678b lim: 333 exec/s: 0 rss: 29Mb L: 312/333 MS: 1 EraseBytes-
#4030	REDUCE cov: 123 ft: 494 corp: 63/9664b lim: 333 exec/s: 0 rss: 29Mb L: 58/333 MS: 2 ChangeBit-CrossOver-
#4194	REDUCE cov: 123 ft: 494 corp: 63/9660b lim: 333 exec/s: 0 rss: 29Mb L: 8/333 MS: 4 ChangeByte-ChangeByte-EraseBytes-InsertByte-
#4221	REDUCE cov: 123 ft: 494 corp: 63/9645b lim: 333 exec/s: 0 rss: 29Mb L: 28/333 MS: 2 PersAutoDict-EraseBytes- DE: "stbl"-
#4338	NEW    cov: 123 ft: 495 corp: 64/9957b lim: 333 exec/s: 0 rss: 29Mb L: 312/333 MS: 2 ShuffleBytes-CopyPart-
#4348	REDUCE cov: 123 ft: 495 corp: 64/9947b lim: 333 exec/s: 0 rss: 29Mb L: 319/333 MS: 5 ChangeBinInt-ChangeBinInt-InsertByte-PersAutoDict-CrossOver- DE: "mdat"-
#4356	NEW    cov: 123 ft: 499 corp: 65/10280b lim: 333 exec/s: 0 rss: 29Mb L: 333/333 MS: 3 ChangeByte-ShuffleBytes-CopyPart-
#4433	REDUCE cov: 123 ft: 499 corp: 65/10261b lim: 333 exec/s: 0 rss: 29Mb L: 122/333 MS: 2 CopyPart-EraseBytes-
#4479	NEW    cov: 123 ft: 501 corp: 66/10513b lim: 333 exec/s: 0 rss: 29Mb L: 252/333 MS: 1 InsertRepeatedBytes-
#4716	REDUCE cov: 123 ft: 501 corp: 66/10477b lim: 333 exec/s: 0 rss: 29Mb L: 289/333 MS: 2 ChangeBit-EraseBytes-
#4744	NEW    cov: 123 ft: 502 corp: 67/10729b lim: 333 exec/s: 0 rss: 29Mb L: 252/333 MS: 3 ChangeByte-ChangeByte-CrossOver-
#4801	REDUCE cov: 123 ft: 502 corp: 67/10713b lim: 333 exec/s: 0 rss: 29Mb L: 273/333 MS: 2 ChangeBit-EraseBytes-
#4929	REDUCE cov: 123 ft: 502 corp: 67/10617b lim: 333 exec/s: 0 rss: 29Mb L: 69/333 MS: 3 EraseBytes-ChangeBinInt-EraseBytes-
#4963	REDUCE cov: 123 ft: 502 corp: 67/10560b lim: 333 exec/s: 0 rss: 29Mb L: 195/333 MS: 4 InsertRepeatedBytes-ChangeBit-ChangeBinInt-EraseBytes-
#4991	REDUCE cov: 123 ft: 502 corp: 67/10557b lim: 333 exec/s: 0 rss: 29Mb L: 163/333 MS: 3 CrossOver-ChangeBinInt-InsertRepeatedBytes-
#5072	REDUCE cov: 123 ft: 502 corp: 67/10520b lim: 333 exec/s: 0 rss: 29Mb L: 275/333 MS: 1 EraseBytes-
#5212	REDUCE cov: 123 ft: 502 corp: 67/10506b lim: 333 exec/s: 0 rss: 29Mb L: 223/333 MS: 5 ChangeByte-ChangeASCIIInt-ChangeASCIIInt-CopyPart-EraseBytes-
#5343	REDUCE cov: 123 ft: 502 corp: 67/10505b lim: 333 exec/s: 0 rss: 29Mb L: 33/333 MS: 1 EraseBytes-
#5459	REDUCE cov: 123 ft: 502 corp: 67/10393b lim: 333 exec/s: 0 rss: 29Mb L: 200/333 MS: 1 EraseBytes-
#5581	REDUCE cov: 123 ft: 502 corp: 67/10375b lim: 333 exec/s: 0 rss: 29Mb L: 44/333 MS: 2 CopyPart-EraseBytes-
#5698	REDUCE cov: 123 ft: 502 corp: 67/10360b lim: 333 exec/s: 0 rss: 29Mb L: 109/333 MS: 2 EraseBytes-CrossOver-
#5719	REDUCE cov: 123 ft: 502 corp: 67/10356b lim: 333 exec/s: 0 rss: 29Mb L: 25/333 MS: 1 EraseBytes-
#5937	REDUCE cov: 123 ft: 502 corp: 67/10351b lim: 333 exec/s: 0 rss: 29Mb L: 8/333 MS: 3 EraseBytes-ShuffleBytes-InsertByte-
#5946	REDUCE cov: 123 ft: 502 corp: 67/10321b lim: 333 exec/s: 0 rss: 29Mb L: 61/333 MS: 4 PersAutoDict-EraseBytes-EraseBytes-InsertByte- DE: "\000\010"-
#6064	REDUCE cov: 123 ft: 502 corp: 67/10315b lim: 333 exec/s: 0 rss: 29Mb L: 189/333 MS: 3 ChangeBit-ChangeBit-EraseBytes-
#6167	REDUCE cov: 123 ft: 502 corp: 67/10303b lim: 333 exec/s: 6167 rss: 29Mb L: 46/333 MS: 2 CMP-EraseBytes- DE: "\377\377\000\000"-
#6340	REDUCE cov: 123 ft: 502 corp: 67/10301b lim: 333 exec/s: 6340 rss: 29Mb L: 2/333 MS: 3 ShuffleBytes-ChangeBinInt-EraseBytes-
#6395	REDUCE cov: 123 ft: 502 corp: 67/10298b lim: 333 exec/s: 6395 rss: 29Mb L: 41/333 MS: 5 EraseBytes-ShuffleBytes-CMP-EraseBytes-PersAutoDict- DE: "\010\237\002\360\270}\000\000"-"frma"-
#6432	REDUCE cov: 123 ft: 503 corp: 68/10424b lim: 333 exec/s: 6432 rss: 29Mb L: 126/333 MS: 2 ChangeByte-ChangeBinInt-
#6578	REDUCE cov: 123 ft: 503 corp: 68/10423b lim: 333 exec/s: 6578 rss: 29Mb L: 84/333 MS: 1 EraseBytes-
#6601	REDUCE cov: 123 ft: 503 corp: 68/10382b lim: 333 exec/s: 6601 rss: 29Mb L: 182/333 MS: 3 InsertByte-ChangeByte-EraseBytes-
#6797	NEW    cov: 123 ft: 504 corp: 69/10604b lim: 333 exec/s: 6797 rss: 29Mb L: 222/333 MS: 1 CopyPart-
#6833	REDUCE cov: 123 ft: 504 corp: 69/10603b lim: 333 exec/s: 6833 rss: 29Mb L: 274/333 MS: 1 EraseBytes-
#6841	REDUCE cov: 123 ft: 504 corp: 69/10577b lim: 333 exec/s: 6841 rss: 29Mb L: 96/333 MS: 3 ShuffleBytes-ChangeByte-EraseBytes-
#6957	REDUCE cov: 123 ft: 504 corp: 69/10576b lim: 333 exec/s: 6957 rss: 29Mb L: 273/333 MS: 1 EraseBytes-
#7162	REDUCE cov: 123 ft: 504 corp: 69/10532b lim: 333 exec/s: 7162 rss: 29Mb L: 85/333 MS: 5 ChangeASCIIInt-PersAutoDict-InsertByte-PersAutoDict-EraseBytes- DE: "stbl"-"dinf"-
#7210	REDUCE cov: 123 ft: 504 corp: 69/10512b lim: 333 exec/s: 7210 rss: 29Mb L: 172/333 MS: 3 ChangeByte-CopyPart-CrossOver-
#7528	REDUCE cov: 123 ft: 504 corp: 69/10511b lim: 333 exec/s: 7528 rss: 29Mb L: 1/333 MS: 3 ChangeByte-CopyPart-EraseBytes-
#7552	NEW    cov: 124 ft: 505 corp: 70/10843b lim: 333 exec/s: 7552 rss: 29Mb L: 332/333 MS: 4 PersAutoDict-ChangeASCIIInt-PersAutoDict-InsertRepeatedBytes- DE: "\377\377\000\000"-"cdsc"-
#8092	REDUCE cov: 124 ft: 505 corp: 70/10831b lim: 333 exec/s: 8092 rss: 30Mb L: 49/333 MS: 5 ChangeByte-CopyPart-ShuffleBytes-CrossOver-EraseBytes-
#8247	REDUCE cov: 124 ft: 505 corp: 70/10828b lim: 333 exec/s: 8247 rss: 30Mb L: 245/333 MS: 5 CrossOver-CopyPart-CopyPart-ChangeByte-EraseBytes-
#8306	NEW    cov: 124 ft: 506 corp: 71/11128b lim: 333 exec/s: 8306 rss: 30Mb L: 300/333 MS: 4 ChangeByte-ChangeBit-ChangeBinInt-EraseBytes-
#8433	REDUCE cov: 124 ft: 506 corp: 71/11120b lim: 333 exec/s: 8433 rss: 30Mb L: 118/333 MS: 2 CMP-EraseBytes- DE: "\377\377\377\007"-
#8883	REDUCE cov: 124 ft: 506 corp: 71/11066b lim: 333 exec/s: 8883 rss: 30Mb L: 219/333 MS: 5 ChangeBit-PersAutoDict-EraseBytes-CrossOver-PersAutoDict- DE: "t\000"-"cdsc"-
#8933	REDUCE cov: 124 ft: 506 corp: 71/11064b lim: 333 exec/s: 8933 rss: 30Mb L: 39/333 MS: 5 ChangeBinInt-ChangeBinInt-EraseBytes-ChangeByte-ShuffleBytes-
#8980	REDUCE cov: 124 ft: 506 corp: 71/11041b lim: 333 exec/s: 8980 rss: 30Mb L: 62/333 MS: 2 InsertByte-EraseBytes-
#9111	REDUCE cov: 124 ft: 506 corp: 71/11037b lim: 333 exec/s: 9111 rss: 30Mb L: 35/333 MS: 1 EraseBytes-
#9137	REDUCE cov: 124 ft: 506 corp: 71/11033b lim: 333 exec/s: 9137 rss: 30Mb L: 47/333 MS: 1 EraseBytes-
#9189	REDUCE cov: 124 ft: 506 corp: 71/10913b lim: 333 exec/s: 9189 rss: 30Mb L: 99/333 MS: 2 EraseBytes-EraseBytes-
#9226	REDUCE cov: 124 ft: 506 corp: 71/10911b lim: 333 exec/s: 9226 rss: 30Mb L: 72/333 MS: 2 CMP-EraseBytes- DE: "qt  "-
#9249	REDUCE cov: 124 ft: 506 corp: 71/10908b lim: 333 exec/s: 9249 rss: 30Mb L: 49/333 MS: 3 ChangeBit-CopyPart-EraseBytes-
#9325	REDUCE cov: 124 ft: 506 corp: 71/10887b lim: 333 exec/s: 9325 rss: 30Mb L: 75/333 MS: 1 EraseBytes-
#9453	REDUCE cov: 124 ft: 506 corp: 71/10879b lim: 333 exec/s: 9453 rss: 30Mb L: 131/333 MS: 3 ShuffleBytes-ChangeBinInt-EraseBytes-
#9628	REDUCE cov: 124 ft: 506 corp: 71/10727b lim: 333 exec/s: 9628 rss: 30Mb L: 148/333 MS: 5 InsertByte-ChangeBit-PersAutoDict-EraseBytes-EraseBytes- DE: "\377\377\000\000"-
#9697	REDUCE cov: 124 ft: 506 corp: 71/10711b lim: 333 exec/s: 9697 rss: 30Mb L: 115/333 MS: 4 ShuffleBytes-ChangeBinInt-CrossOver-EraseBytes-
#9844	REDUCE cov: 124 ft: 506 corp: 71/10706b lim: 333 exec/s: 9844 rss: 30Mb L: 42/333 MS: 2 CMP-EraseBytes- DE: "\000 "-
#9974	REDUCE cov: 124 ft: 506 corp: 71/10701b lim: 333 exec/s: 9974 rss: 30Mb L: 44/333 MS: 5 PersAutoDict-EraseBytes-CopyPart-ChangeBinInt-InsertByte- DE: "\001\000_\201\322,\270\240"-
#10187	REDUCE cov: 124 ft: 506 corp: 71/10663b lim: 333 exec/s: 10187 rss: 30Mb L: 151/333 MS: 3 CrossOver-ChangeByte-CrossOver-
#10214	NEW    cov: 124 ft: 512 corp: 72/10915b lim: 333 exec/s: 10214 rss: 30Mb L: 252/333 MS: 2 ChangeByte-ShuffleBytes-
#10539	NEW    cov: 124 ft: 513 corp: 73/11002b lim: 333 exec/s: 10539 rss: 30Mb L: 87/333 MS: 5 CrossOver-CrossOver-ChangeASCIIInt-CrossOver-EraseBytes-
#10555	REDUCE cov: 124 ft: 513 corp: 73/10984b lim: 333 exec/s: 10555 rss: 30Mb L: 234/333 MS: 1 EraseBytes-
#10968	REDUCE cov: 124 ft: 513 corp: 73/10976b lim: 333 exec/s: 10968 rss: 30Mb L: 91/333 MS: 3 CMP-ChangeBinInt-EraseBytes- DE: "0\001\005\360\270}\000\000"-
#11057	REDUCE cov: 124 ft: 513 corp: 73/10968b lim: 333 exec/s: 11057 rss: 30Mb L: 227/333 MS: 4 ChangeBit-ChangeASCIIInt-ChangeBinInt-EraseBytes-
#11067	REDUCE cov: 124 ft: 519 corp: 74/11243b lim: 333 exec/s: 11067 rss: 30Mb L: 275/333 MS: 5 ChangeBinInt-InsertRepeatedBytes-ChangeByte-CopyPart-InsertRepeatedBytes-
#11174	REDUCE cov: 124 ft: 519 corp: 74/11242b lim: 333 exec/s: 11174 rss: 30Mb L: 102/333 MS: 2 CrossOver-EraseBytes-
#11272	REDUCE cov: 124 ft: 519 corp: 74/11232b lim: 333 exec/s: 11272 rss: 30Mb L: 65/333 MS: 3 ChangeBinInt-ChangeByte-EraseBytes-
#11778	REDUCE cov: 124 ft: 519 corp: 74/11204b lim: 333 exec/s: 11778 rss: 30Mb L: 59/333 MS: 1 EraseBytes-
#11982	REDUCE cov: 124 ft: 519 corp: 74/11131b lim: 333 exec/s: 11982 rss: 30Mb L: 78/333 MS: 4 ChangeBit-ChangeBinInt-PersAutoDict-EraseBytes- DE: "cdsc"-
#12049	REDUCE cov: 124 ft: 532 corp: 75/11291b lim: 333 exec/s: 12049 rss: 30Mb L: 160/333 MS: 2 ShuffleBytes-CMP- DE: "pixi"-
#12378	REDUCE cov: 124 ft: 532 corp: 75/11268b lim: 333 exec/s: 12378 rss: 30Mb L: 137/333 MS: 4 InsertByte-ChangeByte-CMP-EraseBytes- DE: "N7ISOBMFF12Con"-
#12509	REDUCE cov: 124 ft: 532 corp: 75/11264b lim: 333 exec/s: 12509 rss: 30Mb L: 269/333 MS: 1 CrossOver-
#12545	REDUCE cov: 124 ft: 532 corp: 75/11247b lim: 333 exec/s: 12545 rss: 30Mb L: 25/333 MS: 1 EraseBytes-
#12766	REDUCE cov: 124 ft: 532 corp: 75/11244b lim: 333 exec/s: 12766 rss: 30Mb L: 41/333 MS: 1 EraseBytes-
#12833	REDUCE cov: 124 ft: 532 corp: 75/11242b lim: 333 exec/s: 6416 rss: 30Mb L: 39/333 MS: 2 PersAutoDict-EraseBytes- DE: "mdat"-
#12876	REDUCE cov: 124 ft: 532 corp: 75/11236b lim: 333 exec/s: 6438 rss: 30Mb L: 91/333 MS: 3 ChangeBit-CrossOver-EraseBytes-
#12977	REDUCE cov: 124 ft: 536 corp: 76/11322b lim: 333 exec/s: 6488 rss: 30Mb L: 86/333 MS: 1 PersAutoDict- DE: "ipma"-
#13300	REDUCE cov: 124 ft: 536 corp: 76/11266b lim: 333 exec/s: 6650 rss: 30Mb L: 92/333 MS: 3 ChangeByte-CMP-EraseBytes- DE: "\000\000\000\000\000\000\000\334"-
#13430	REDUCE cov: 124 ft: 536 corp: 76/11263b lim: 333 exec/s: 6715 rss: 30Mb L: 22/333 MS: 5 InsertByte-CMP-EraseBytes-PersAutoDict-EraseBytes- DE: "ftyp"-"t\000"-
#13432	REDUCE cov: 124 ft: 536 corp: 76/11260b lim: 333 exec/s: 6716 rss: 30Mb L: 160/333 MS: 2 EraseBytes-CMP- DE: "~\377\377\377\377\377\377\377"-
#13790	REDUCE cov: 124 ft: 543 corp: 77/11448b lim: 333 exec/s: 6895 rss: 30Mb L: 188/333 MS: 3 ShuffleBytes-CMP-InsertRepeatedBytes- DE: "pixi"-
#13872	REDUCE cov: 124 ft: 543 corp: 77/11447b lim: 333 exec/s: 6936 rss: 30Mb L: 310/333 MS: 2 InsertRepeatedBytes-CrossOver-
#13946	NEW    cov: 124 ft: 547 corp: 78/11689b lim: 333 exec/s: 6973 rss: 30Mb L: 242/333 MS: 4 CopyPart-ChangeByte-CopyPart-EraseBytes-
#13957	REDUCE cov: 124 ft: 547 corp: 78/11688b lim: 333 exec/s: 6978 rss: 30Mb L: 45/333 MS: 1 EraseBytes-
#14083	NEW    cov: 124 ft: 548 corp: 79/11826b lim: 333 exec/s: 7041 rss: 30Mb L: 138/333 MS: 1 CrossOver-
#14216	REDUCE cov: 124 ft: 548 corp: 79/11825b lim: 333 exec/s: 7108 rss: 30Mb L: 24/333 MS: 3 ChangeASCIIInt-InsertByte-EraseBytes-
#14549	REDUCE cov: 124 ft: 549 corp: 80/12059b lim: 333 exec/s: 7274 rss: 30Mb L: 234/333 MS: 3 ChangeByte-ShuffleBytes-CopyPart-
#14843	REDUCE cov: 124 ft: 549 corp: 80/12049b lim: 333 exec/s: 7421 rss: 30Mb L: 128/333 MS: 4 InsertByte-PersAutoDict-InsertByte-EraseBytes- DE: "N7ISOBMFF12Con"-
#15003	REDUCE cov: 124 ft: 549 corp: 80/12042b lim: 333 exec/s: 7501 rss: 30Mb L: 58/333 MS: 5 ChangeBinInt-CopyPart-InsertRepeatedBytes-ChangeBit-EraseBytes-
#15051	REDUCE cov: 124 ft: 549 corp: 80/11928b lim: 333 exec/s: 7525 rss: 30Mb L: 128/333 MS: 3 ShuffleBytes-ShuffleBytes-EraseBytes-
#15280	REDUCE cov: 124 ft: 549 corp: 80/11925b lim: 333 exec/s: 7640 rss: 30Mb L: 42/333 MS: 4 PersAutoDict-CMP-ShuffleBytes-EraseBytes- DE: "\010\000\000\000"-"ftyp"-
#15387	REDUCE cov: 124 ft: 549 corp: 80/11846b lim: 333 exec/s: 7693 rss: 30Mb L: 81/333 MS: 2 InsertByte-EraseBytes-
#15448	REDUCE cov: 124 ft: 549 corp: 80/11825b lim: 333 exec/s: 7724 rss: 30Mb L: 107/333 MS: 1 EraseBytes-
#15468	REDUCE cov: 124 ft: 549 corp: 80/11824b lim: 333 exec/s: 7734 rss: 30Mb L: 268/333 MS: 5 EraseBytes-ShuffleBytes-InsertByte-InsertRepeatedBytes-CrossOver-
#15724	REDUCE cov: 124 ft: 549 corp: 80/11809b lim: 333 exec/s: 7862 rss: 30Mb L: 318/333 MS: 1 CrossOver-
#15728	REDUCE cov: 124 ft: 549 corp: 80/11767b lim: 333 exec/s: 7864 rss: 30Mb L: 49/333 MS: 4 ChangeBit-PersAutoDict-ChangeASCIIInt-EraseBytes- DE: "qt  "-
#15975	REDUCE cov: 124 ft: 549 corp: 80/11766b lim: 333 exec/s: 7987 rss: 30Mb L: 90/333 MS: 2 ShuffleBytes-EraseBytes-
#16384	pulse  cov: 124 ft: 549 corp: 80/11766b lim: 333 exec/s: 8192 rss: 30Mb
#16506	REDUCE cov: 124 ft: 549 corp: 80/11756b lim: 333 exec/s: 8253 rss: 30Mb L: 265/333 MS: 1 EraseBytes-
#16751	REDUCE cov: 124 ft: 549 corp: 80/11745b lim: 333 exec/s: 8375 rss: 30Mb L: 51/333 MS: 5 ChangeBit-ChangeBinInt-ShuffleBytes-PersAutoDict-EraseBytes- DE: "\275\000\000\000\000\000\000\000"-
#16972	REDUCE cov: 124 ft: 549 corp: 80/11722b lim: 333 exec/s: 8486 rss: 30Mb L: 55/333 MS: 1 EraseBytes-
#17169	NEW    cov: 124 ft: 550 corp: 81/11976b lim: 333 exec/s: 8584 rss: 30Mb L: 254/333 MS: 2 ChangeBinInt-CMP- DE: "\000\010"-
#17214	REDUCE cov: 124 ft: 550 corp: 81/11972b lim: 333 exec/s: 8607 rss: 30Mb L: 178/333 MS: 5 ChangeBinInt-EraseBytes-InsertRepeatedBytes-ChangeByte-CMP- DE: "\015\000\000\000"-
#17698	REDUCE cov: 124 ft: 550 corp: 81/11970b lim: 333 exec/s: 8849 rss: 30Mb L: 186/333 MS: 4 InsertRepeatedBytes-ChangeByte-ChangeBinInt-EraseBytes-
#17819	REDUCE cov: 124 ft: 550 corp: 81/11969b lim: 333 exec/s: 8909 rss: 30Mb L: 159/333 MS: 1 EraseBytes-
#18105	REDUCE cov: 124 ft: 550 corp: 81/11964b lim: 333 exec/s: 9052 rss: 30Mb L: 154/333 MS: 1 EraseBytes-
#18195	REDUCE cov: 124 ft: 550 corp: 81/11954b lim: 333 exec/s: 9097 rss: 30Mb L: 39/333 MS: 5 ChangeBinInt-ChangeASCIIInt-ChangeBinInt-ChangeBinInt-EraseBytes-
#18215	REDUCE cov: 124 ft: 550 corp: 81/11949b lim: 333 exec/s: 9107 rss: 30Mb L: 83/333 MS: 5 EraseBytes-ChangeByte-InsertByte-PersAutoDict-CopyPart- DE: "\000\000\000\000\000\000\000\334"-
#18449	REDUCE cov: 124 ft: 550 corp: 81/11948b lim: 333 exec/s: 9224 rss: 30Mb L: 24/333 MS: 4 CMP-ShuffleBytes-CopyPart-EraseBytes- DE: "l2is"-
#18668	REDUCE cov: 124 ft: 554 corp: 82/12115b lim: 333 exec/s: 9334 rss: 30Mb L: 167/333 MS: 4 ChangeBit-ChangeByte-ShuffleBytes-InsertRepeatedBytes-
#18777	REDUCE cov: 124 ft: 554 corp: 82/12101b lim: 333 exec/s: 9388 rss: 30Mb L: 72/333 MS: 4 CopyPart-CMP-CrossOver-EraseBytes- DE: "\377\377\377\377\377\377\377\177"-
#19049	NEW    cov: 124 ft: 558 corp: 83/12269b lim: 333 exec/s: 9524 rss: 30Mb L: 168/333 MS: 2 ChangeBinInt-InsertByte-
#19376	REDUCE cov: 124 ft: 563 corp: 84/12579b lim: 333 exec/s: 6458 rss: 30Mb L: 310/333 MS: 2 CopyPart-CMP- DE: "dref"-
#19539	REDUCE cov: 124 ft: 567 corp: 85/12813b lim: 333 exec/s: 6513 rss: 30Mb L: 234/333 MS: 3 ChangeBit-ChangeByte-ShuffleBytes-
#19625	REDUCE cov: 124 ft: 567 corp: 85/12804b lim: 333 exec/s: 6541 rss: 30Mb L: 30/333 MS: 1 EraseBytes-
#20032	REDUCE cov: 124 ft: 567 corp: 85/12784b lim: 333 exec/s: 6677 rss: 30Mb L: 108/333 MS: 2 CopyPart-EraseBytes-
#20137	REDUCE cov: 124 ft: 567 corp: 85/12780b lim: 333 exec/s: 6712 rss: 30Mb L: 35/333 MS: 5 InsertRepeatedBytes-EraseBytes-ChangeByte-EraseBytes-CopyPart-
#20212	REDUCE cov: 124 ft: 567 corp: 85/12778b lim: 333 exec/s: 6737 rss: 30Mb L: 33/333 MS: 5 ShuffleBytes-ShuffleBytes-ChangeBinInt-ChangeBit-EraseBytes-
#20232	REDUCE cov: 124 ft: 567 corp: 85/12777b lim: 333 exec/s: 6744 rss: 30Mb L: 34/333 MS: 5 CMP-EraseBytes-EraseBytes-PersAutoDict-EraseBytes- DE: "edts"-"l2is"-
#20448	REDUCE cov: 124 ft: 567 corp: 85/12776b lim: 333 exec/s: 6816 rss: 30Mb L: 185/333 MS: 1 EraseBytes-
#20500	REDUCE cov: 124 ft: 567 corp: 85/12772b lim: 333 exec/s: 6833 rss: 30Mb L: 215/333 MS: 2 ShuffleBytes-EraseBytes-
#20555	REDUCE cov: 124 ft: 567 corp: 85/12771b lim: 333 exec/s: 6851 rss: 30Mb L: 95/333 MS: 5 ShuffleBytes-ShuffleBytes-ChangeASCIIInt-ShuffleBytes-EraseBytes-
#20797	REDUCE cov: 124 ft: 567 corp: 85/12770b lim: 333 exec/s: 6932 rss: 30Mb L: 85/333 MS: 2 PersAutoDict-EraseBytes- DE: "dinf"-
#20822	REDUCE cov: 124 ft: 567 corp: 85/12764b lim: 333 exec/s: 6940 rss: 30Mb L: 209/333 MS: 5 ShuffleBytes-InsertRepeatedBytes-EraseBytes-ChangeByte-EraseBytes-
#21306	REDUCE cov: 124 ft: 567 corp: 85/12754b lim: 333 exec/s: 7102 rss: 30Mb L: 99/333 MS: 4 EraseBytes-ChangeBinInt-ChangeBit-InsertRepeatedBytes-
#21615	REDUCE cov: 124 ft: 567 corp: 85/12749b lim: 333 exec/s: 7205 rss: 30Mb L: 263/333 MS: 4 ChangeByte-CrossOver-ShuffleBytes-EraseBytes-
#21914	REDUCE cov: 124 ft: 567 corp: 85/12748b lim: 333 exec/s: 7304 rss: 30Mb L: 33/333 MS: 4 PersAutoDict-ChangeASCIIInt-InsertByte-EraseBytes- DE: "tapt"-
#21945	REDUCE cov: 124 ft: 567 corp: 85/12744b lim: 333 exec/s: 7315 rss: 30Mb L: 98/333 MS: 1 EraseBytes-
#22372	REDUCE cov: 124 ft: 567 corp: 85/12738b lim: 333 exec/s: 7457 rss: 30Mb L: 326/333 MS: 2 ShuffleBytes-CrossOver-
#22396	REDUCE cov: 124 ft: 567 corp: 85/12706b lim: 333 exec/s: 7465 rss: 30Mb L: 190/333 MS: 4 ShuffleBytes-InsertByte-ChangeByte-EraseBytes-
#22652	REDUCE cov: 124 ft: 567 corp: 85/12699b lim: 333 exec/s: 7550 rss: 30Mb L: 23/333 MS: 1 EraseBytes-
#22660	REDUCE cov: 124 ft: 567 corp: 85/12696b lim: 333 exec/s: 7553 rss: 30Mb L: 190/333 MS: 3 ChangeASCIIInt-InsertByte-CrossOver-
#22791	REDUCE cov: 125 ft: 568 corp: 86/12932b lim: 333 exec/s: 7597 rss: 30Mb L: 236/333 MS: 1 ChangeByte-
#23807	REDUCE cov: 125 ft: 568 corp: 86/12930b lim: 341 exec/s: 7935 rss: 30Mb L: 81/333 MS: 1 EraseBytes-
#23986	REDUCE cov: 125 ft: 568 corp: 86/12905b lim: 341 exec/s: 7995 rss: 30Mb L: 220/333 MS: 4 PersAutoDict-ChangeByte-CrossOver-EraseBytes- DE: "\377\377\377\007"-
#24405	REDUCE cov: 125 ft: 568 corp: 86/12880b lim: 341 exec/s: 8135 rss: 30Mb L: 303/333 MS: 4 EraseBytes-InsertRepeatedBytes-ChangeByte-CMP- DE: "stsd"-
#25158	REDUCE cov: 125 ft: 568 corp: 86/12878b lim: 341 exec/s: 8386 rss: 30Mb L: 26/333 MS: 3 ChangeBit-CrossOver-EraseBytes-
#25873	REDUCE cov: 125 ft: 568 corp: 86/12874b lim: 341 exec/s: 6468 rss: 30Mb L: 91/333 MS: 4 InsertRepeatedBytes-CMP-ChangeBinInt-CrossOver- DE: "\025\000\000\000"-
==685821== ERROR: libFuzzer: out-of-memory (used: 1354Mb; limit: 1024Mb)
   To change the out-of-memory limit use -rss_limit_mb=<N>

MS: 5 CrossOver-ChangeBinInt-ShuffleBytes-ChangeByte-CrossOver-; base unit: 6be8ef29bcfbd6cee35107eca87ed468e5a27b0f
artifact_prefix='/results/crashes/20260313_175806_02becfd0_'; Test unit written to /results/crashes/20260313_175806_02becfd0_oom-302bacb8720a180876823f48513610f4c7862195
SUMMARY: libFuzzer: out-of-memory
stat::number_of_executed_units: 26573
stat::average_exec_per_sec:     5314
stat::new_units_added:          249
stat::slowest_unit_time_sec:    0
stat::peak_rss_mb:              1355
