INFO: Running with entropic power schedule (0xFF, 100).
INFO: Seed: 259267622
INFO: Loaded 1 modules   (252 inline 8-bit counters): 252 [0x5a0a30148678, 0x5a0a30148774), 
INFO: Loaded 1 PC tables (252 PCs): 252 [0x5a0a30148778,0x5a0a30149738), 
INFO:        4 files found in /tmp/corpus_20260313_164208_4d9830d7
INFO: seed corpus: files: 4 min: 48b max: 333b total: 853b rss: 28Mb
#5	INITED cov: 120 ft: 251 corp: 4/853b exec/s: 0 rss: 29Mb
#6	NEW    cov: 120 ft: 253 corp: 5/1074b lim: 333 exec/s: 0 rss: 29Mb L: 221/333 MS: 1 InsertByte-
#8	NEW    cov: 120 ft: 258 corp: 6/1122b lim: 333 exec/s: 0 rss: 29Mb L: 48/333 MS: 2 ChangeBinInt-ChangeBinInt-
#9	NEW    cov: 120 ft: 270 corp: 7/1178b lim: 333 exec/s: 0 rss: 29Mb L: 56/333 MS: 1 CMP- DE: "E\320?f\012Z\000\000"-
#11	NEW    cov: 120 ft: 276 corp: 8/1234b lim: 333 exec/s: 0 rss: 29Mb L: 56/333 MS: 2 ChangeBit-ChangeBit-
#16	NEW    cov: 120 ft: 285 corp: 9/1298b lim: 333 exec/s: 0 rss: 29Mb L: 64/333 MS: 5 ChangeByte-ChangeBit-ChangeBit-ShuffleBytes-PersAutoDict- DE: "E\320?f\012Z\000\000"-
#17	NEW    cov: 122 ft: 294 corp: 10/1523b lim: 333 exec/s: 0 rss: 29Mb L: 225/333 MS: 1 CMP- DE: "ipma"-
#18	NEW    cov: 122 ft: 295 corp: 11/1856b lim: 333 exec/s: 0 rss: 29Mb L: 333/333 MS: 1 CopyPart-
#27	NEW    cov: 122 ft: 296 corp: 12/2158b lim: 333 exec/s: 0 rss: 29Mb L: 302/333 MS: 4 PersAutoDict-ShuffleBytes-CopyPart-InsertRepeatedBytes- DE: "E\320?f\012Z\000\000"-
#28	NEW    cov: 122 ft: 304 corp: 13/2395b lim: 333 exec/s: 0 rss: 29Mb L: 237/333 MS: 1 InsertRepeatedBytes-
#29	NEW    cov: 122 ft: 305 corp: 14/2633b lim: 333 exec/s: 0 rss: 29Mb L: 238/333 MS: 1 CrossOver-
#30	NEW    cov: 122 ft: 308 corp: 15/2791b lim: 333 exec/s: 0 rss: 29Mb L: 158/333 MS: 1 CrossOver-
#31	NEW    cov: 122 ft: 313 corp: 16/3084b lim: 333 exec/s: 0 rss: 29Mb L: 293/333 MS: 1 InsertRepeatedBytes-
#33	NEW    cov: 122 ft: 314 corp: 17/3223b lim: 333 exec/s: 0 rss: 29Mb L: 139/333 MS: 2 ChangeByte-EraseBytes-
#34	NEW    cov: 122 ft: 315 corp: 18/3460b lim: 333 exec/s: 0 rss: 29Mb L: 237/333 MS: 1 ChangeBit-
#38	NEW    cov: 122 ft: 317 corp: 19/3533b lim: 333 exec/s: 0 rss: 29Mb L: 73/333 MS: 4 EraseBytes-ChangeByte-PersAutoDict-CopyPart- DE: "E\320?f\012Z\000\000"-
#39	NEW    cov: 122 ft: 318 corp: 20/3786b lim: 333 exec/s: 0 rss: 29Mb L: 253/333 MS: 1 InsertByte-
#45	NEW    cov: 122 ft: 322 corp: 21/4084b lim: 333 exec/s: 0 rss: 29Mb L: 298/333 MS: 1 InsertRepeatedBytes-
#57	NEW    cov: 122 ft: 328 corp: 22/4242b lim: 333 exec/s: 0 rss: 29Mb L: 158/333 MS: 2 ChangeBinInt-ChangeByte-
#59	REDUCE cov: 122 ft: 328 corp: 22/4240b lim: 333 exec/s: 0 rss: 29Mb L: 137/333 MS: 2 CMP-EraseBytes- DE: "\005\000\000\000\000\000\000\000"-
#64	NEW    cov: 122 ft: 330 corp: 23/4546b lim: 333 exec/s: 0 rss: 29Mb L: 306/333 MS: 5 CopyPart-CrossOver-ShuffleBytes-ShuffleBytes-InsertRepeatedBytes-
#66	NEW    cov: 122 ft: 331 corp: 24/4719b lim: 333 exec/s: 0 rss: 29Mb L: 173/333 MS: 2 CrossOver-EraseBytes-
#70	NEW    cov: 122 ft: 332 corp: 25/5049b lim: 333 exec/s: 0 rss: 29Mb L: 330/333 MS: 4 ChangeByte-CopyPart-ChangeBit-InsertRepeatedBytes-
#72	NEW    cov: 123 ft: 334 corp: 26/5382b lim: 333 exec/s: 0 rss: 29Mb L: 333/333 MS: 2 InsertRepeatedBytes-InsertRepeatedBytes-
#73	NEW    cov: 123 ft: 335 corp: 27/5502b lim: 333 exec/s: 0 rss: 29Mb L: 120/333 MS: 1 InsertRepeatedBytes-
#86	NEW    cov: 123 ft: 367 corp: 28/5700b lim: 333 exec/s: 0 rss: 29Mb L: 198/333 MS: 3 PersAutoDict-EraseBytes-ChangeBit- DE: "E\320?f\012Z\000\000"-
#95	NEW    cov: 123 ft: 373 corp: 29/6015b lim: 333 exec/s: 0 rss: 29Mb L: 315/333 MS: 4 InsertByte-CopyPart-PersAutoDict-InsertRepeatedBytes- DE: "ipma"-
#105	NEW    cov: 124 ft: 374 corp: 30/6219b lim: 333 exec/s: 0 rss: 29Mb L: 204/333 MS: 5 ShuffleBytes-ShuffleBytes-InsertRepeatedBytes-EraseBytes-InsertRepeatedBytes-
#116	NEW    cov: 124 ft: 375 corp: 31/6283b lim: 333 exec/s: 0 rss: 29Mb L: 64/333 MS: 1 ShuffleBytes-
#126	NEW    cov: 124 ft: 376 corp: 32/6484b lim: 333 exec/s: 0 rss: 29Mb L: 201/333 MS: 5 ChangeBit-ChangeASCIIInt-ChangeByte-ShuffleBytes-CrossOver-
#127	REDUCE cov: 124 ft: 376 corp: 32/6452b lim: 333 exec/s: 0 rss: 29Mb L: 301/333 MS: 1 EraseBytes-
#138	NEW    cov: 124 ft: 389 corp: 33/6542b lim: 333 exec/s: 0 rss: 29Mb L: 90/333 MS: 1 EraseBytes-
#139	REDUCE cov: 124 ft: 389 corp: 33/6515b lim: 333 exec/s: 0 rss: 29Mb L: 131/333 MS: 1 EraseBytes-
#143	NEW    cov: 124 ft: 394 corp: 34/6574b lim: 333 exec/s: 0 rss: 29Mb L: 59/333 MS: 4 EraseBytes-EraseBytes-InsertByte-PersAutoDict- DE: "\005\000\000\000\000\000\000\000"-
#147	NEW    cov: 124 ft: 395 corp: 35/6759b lim: 333 exec/s: 0 rss: 29Mb L: 185/333 MS: 4 CMP-CrossOver-CrossOver-EraseBytes- DE: "stbl"-
#175	REDUCE cov: 124 ft: 413 corp: 36/6780b lim: 333 exec/s: 0 rss: 29Mb L: 21/333 MS: 3 PersAutoDict-InsertRepeatedBytes-CrossOver- DE: "\005\000\000\000\000\000\000\000"-
#178	NEW    cov: 124 ft: 414 corp: 37/7096b lim: 333 exec/s: 0 rss: 29Mb L: 316/333 MS: 3 ChangeBit-CrossOver-CopyPart-
#181	NEW    cov: 124 ft: 415 corp: 38/7203b lim: 333 exec/s: 0 rss: 29Mb L: 107/333 MS: 3 CopyPart-PersAutoDict-CopyPart- DE: "ipma"-
#188	NEW    cov: 124 ft: 416 corp: 39/7329b lim: 333 exec/s: 0 rss: 29Mb L: 126/333 MS: 2 CopyPart-EraseBytes-
#194	NEW    cov: 124 ft: 428 corp: 40/7569b lim: 333 exec/s: 0 rss: 29Mb L: 240/333 MS: 1 InsertRepeatedBytes-
#199	NEW    cov: 124 ft: 429 corp: 41/7839b lim: 333 exec/s: 0 rss: 29Mb L: 270/333 MS: 5 CopyPart-ChangeBit-ChangeBit-InsertByte-CrossOver-
#217	REDUCE cov: 124 ft: 429 corp: 41/7821b lim: 333 exec/s: 0 rss: 29Mb L: 275/333 MS: 3 CopyPart-InsertRepeatedBytes-EraseBytes-
#223	NEW    cov: 124 ft: 430 corp: 42/7901b lim: 333 exec/s: 0 rss: 29Mb L: 80/333 MS: 1 EraseBytes-
#230	REDUCE cov: 124 ft: 430 corp: 42/7872b lim: 333 exec/s: 0 rss: 29Mb L: 129/333 MS: 2 ChangeBit-EraseBytes-
#258	REDUCE cov: 124 ft: 430 corp: 42/7815b lim: 333 exec/s: 0 rss: 29Mb L: 276/333 MS: 3 ChangeBit-ShuffleBytes-EraseBytes-
#269	NEW    cov: 124 ft: 432 corp: 43/7874b lim: 333 exec/s: 0 rss: 29Mb L: 59/333 MS: 1 CrossOver-
#324	REDUCE cov: 124 ft: 432 corp: 43/7825b lim: 333 exec/s: 0 rss: 29Mb L: 188/333 MS: 5 CMP-ChangeBinInt-ChangeBit-ChangeBit-EraseBytes- DE: "mdia"-
#353	NEW    cov: 124 ft: 433 corp: 44/8098b lim: 333 exec/s: 0 rss: 29Mb L: 273/333 MS: 4 InsertRepeatedBytes-InsertRepeatedBytes-EraseBytes-CopyPart-
#359	NEW    cov: 124 ft: 443 corp: 45/8113b lim: 333 exec/s: 0 rss: 29Mb L: 15/333 MS: 1 EraseBytes-
#373	NEW    cov: 124 ft: 444 corp: 46/8419b lim: 333 exec/s: 0 rss: 29Mb L: 306/333 MS: 4 EraseBytes-ChangeBinInt-PersAutoDict-CrossOver- DE: "\005\000\000\000\000\000\000\000"-
#406	NEW    cov: 124 ft: 445 corp: 47/8466b lim: 333 exec/s: 0 rss: 29Mb L: 47/333 MS: 3 InsertByte-InsertByte-EraseBytes-
#407	REDUCE cov: 124 ft: 445 corp: 47/8379b lim: 333 exec/s: 0 rss: 29Mb L: 219/333 MS: 1 CrossOver-
#439	NEW    cov: 124 ft: 446 corp: 48/8696b lim: 333 exec/s: 0 rss: 29Mb L: 317/333 MS: 2 ChangeBinInt-CrossOver-
#457	NEW    cov: 125 ft: 447 corp: 49/8699b lim: 333 exec/s: 0 rss: 29Mb L: 3/333 MS: 3 InsertByte-CopyPart-CrossOver-
#465	NEW    cov: 125 ft: 449 corp: 50/8715b lim: 333 exec/s: 0 rss: 29Mb L: 16/333 MS: 3 EraseBytes-CrossOver-InsertByte-
#466	REDUCE cov: 125 ft: 449 corp: 50/8713b lim: 333 exec/s: 0 rss: 29Mb L: 183/333 MS: 1 EraseBytes-
#501	NEW    cov: 125 ft: 457 corp: 51/8744b lim: 333 exec/s: 0 rss: 29Mb L: 31/333 MS: 5 CMP-EraseBytes-CMP-ChangeBit-EraseBytes- DE: "\001\000\000-"-"\001\000\000-"-
#522	NEW    cov: 125 ft: 460 corp: 52/9025b lim: 333 exec/s: 0 rss: 29Mb L: 281/333 MS: 1 PersAutoDict- DE: "E\320?f\012Z\000\000"-
#542	NEW    cov: 125 ft: 464 corp: 53/9306b lim: 333 exec/s: 0 rss: 29Mb L: 281/333 MS: 5 ChangeBinInt-CMP-ChangeBinInt-ChangeASCIIInt-PersAutoDict- DE: "4p\330\330"-"\001\000\000-"-
#545	REDUCE cov: 125 ft: 465 corp: 54/9460b lim: 333 exec/s: 0 rss: 29Mb L: 154/333 MS: 3 ChangeBit-ShuffleBytes-EraseBytes-
#560	REDUCE cov: 125 ft: 465 corp: 54/9415b lim: 333 exec/s: 0 rss: 29Mb L: 84/333 MS: 5 PersAutoDict-InsertByte-ChangeBit-ChangeBinInt-EraseBytes- DE: "stbl"-
#652	NEW    cov: 125 ft: 466 corp: 55/9690b lim: 333 exec/s: 0 rss: 29Mb L: 275/333 MS: 2 ChangeASCIIInt-CopyPart-
#685	NEW    cov: 125 ft: 468 corp: 56/9992b lim: 333 exec/s: 0 rss: 29Mb L: 302/333 MS: 3 ChangeByte-ChangeBit-PersAutoDict- DE: "4p\330\330"-
#692	NEW    cov: 125 ft: 469 corp: 57/10039b lim: 333 exec/s: 0 rss: 29Mb L: 47/333 MS: 2 ShuffleBytes-CopyPart-
#799	REDUCE cov: 125 ft: 469 corp: 57/10038b lim: 333 exec/s: 0 rss: 29Mb L: 2/333 MS: 2 CrossOver-EraseBytes-
#876	REDUCE cov: 125 ft: 469 corp: 57/10028b lim: 333 exec/s: 0 rss: 29Mb L: 37/333 MS: 2 ShuffleBytes-EraseBytes-
#1050	REDUCE cov: 125 ft: 469 corp: 57/10003b lim: 333 exec/s: 0 rss: 29Mb L: 82/333 MS: 4 InsertByte-InsertByte-CrossOver-EraseBytes-
#1071	REDUCE cov: 125 ft: 469 corp: 57/9995b lim: 333 exec/s: 0 rss: 29Mb L: 245/333 MS: 1 EraseBytes-
#1130	REDUCE cov: 125 ft: 469 corp: 57/9976b lim: 333 exec/s: 0 rss: 29Mb L: 169/333 MS: 4 PersAutoDict-PersAutoDict-EraseBytes-CopyPart- DE: "ipma"-"stbl"-
#1133	NEW    cov: 125 ft: 477 corp: 58/10021b lim: 333 exec/s: 0 rss: 29Mb L: 45/333 MS: 3 CrossOver-CMP-ChangeBinInt- DE: "!\000"-
#1309	NEW    cov: 125 ft: 482 corp: 59/10241b lim: 333 exec/s: 0 rss: 29Mb L: 220/333 MS: 1 ShuffleBytes-
#1321	NEW    cov: 125 ft: 483 corp: 60/10249b lim: 333 exec/s: 0 rss: 29Mb L: 8/333 MS: 2 CrossOver-InsertByte-
#1344	NEW    cov: 125 ft: 485 corp: 61/10396b lim: 333 exec/s: 0 rss: 29Mb L: 147/333 MS: 3 ShuffleBytes-EraseBytes-CMP- DE: "stss"-
#1346	NEW    cov: 125 ft: 494 corp: 62/10654b lim: 333 exec/s: 0 rss: 29Mb L: 258/333 MS: 2 ChangeBit-CrossOver-
#1347	NEW    cov: 125 ft: 495 corp: 63/10874b lim: 333 exec/s: 0 rss: 29Mb L: 220/333 MS: 1 ChangeBit-
#1473	REDUCE cov: 125 ft: 495 corp: 63/10868b lim: 333 exec/s: 0 rss: 29Mb L: 9/333 MS: 1 EraseBytes-
#1503	NEW    cov: 125 ft: 496 corp: 64/11188b lim: 333 exec/s: 0 rss: 29Mb L: 320/333 MS: 5 CrossOver-ChangeByte-CMP-ShuffleBytes-PersAutoDict- DE: "\001\000{]p\000\263\036"-"stbl"-
#1699	REDUCE cov: 125 ft: 496 corp: 64/11182b lim: 333 exec/s: 0 rss: 29Mb L: 177/333 MS: 1 EraseBytes-
#1713	REDUCE cov: 125 ft: 496 corp: 64/11180b lim: 333 exec/s: 0 rss: 29Mb L: 57/333 MS: 4 CMP-ChangeByte-ShuffleBytes-EraseBytes- DE: "K\021\003p]{\000\000"-
#1849	REDUCE cov: 125 ft: 496 corp: 64/11179b lim: 333 exec/s: 0 rss: 29Mb L: 1/333 MS: 1 EraseBytes-
#1855	REDUCE cov: 125 ft: 496 corp: 64/11143b lim: 333 exec/s: 0 rss: 29Mb L: 204/333 MS: 1 EraseBytes-
#2044	REDUCE cov: 125 ft: 496 corp: 64/11136b lim: 333 exec/s: 0 rss: 29Mb L: 49/333 MS: 4 InsertRepeatedBytes-CopyPart-ChangeByte-EraseBytes-
#2070	NEW    cov: 125 ft: 502 corp: 65/11394b lim: 333 exec/s: 0 rss: 29Mb L: 258/333 MS: 1 ChangeByte-
#2152	REDUCE cov: 125 ft: 502 corp: 65/11314b lim: 333 exec/s: 0 rss: 29Mb L: 196/333 MS: 2 ChangeByte-EraseBytes-
#2435	NEW    cov: 125 ft: 503 corp: 66/11646b lim: 333 exec/s: 0 rss: 29Mb L: 332/333 MS: 3 CMP-ChangeByte-InsertRepeatedBytes- DE: "w\000\000\000\000\000\000\000"-
#2501	REDUCE cov: 125 ft: 503 corp: 66/11639b lim: 333 exec/s: 0 rss: 29Mb L: 24/333 MS: 1 EraseBytes-
#2662	REDUCE cov: 125 ft: 503 corp: 66/11598b lim: 333 exec/s: 0 rss: 29Mb L: 178/333 MS: 1 EraseBytes-
#3010	NEW    cov: 125 ft: 504 corp: 67/11867b lim: 333 exec/s: 0 rss: 29Mb L: 269/333 MS: 3 ShuffleBytes-InsertRepeatedBytes-ChangeBit-
#3014	REDUCE cov: 125 ft: 504 corp: 67/11711b lim: 333 exec/s: 0 rss: 29Mb L: 174/333 MS: 4 ChangeByte-InsertByte-EraseBytes-EraseBytes-
#3265	REDUCE cov: 125 ft: 504 corp: 67/11707b lim: 333 exec/s: 0 rss: 29Mb L: 44/333 MS: 1 EraseBytes-
#3658	NEW    cov: 125 ft: 510 corp: 68/12018b lim: 333 exec/s: 0 rss: 29Mb L: 311/333 MS: 3 InsertRepeatedBytes-InsertRepeatedBytes-InsertRepeatedBytes-
#3838	REDUCE cov: 125 ft: 510 corp: 68/12007b lim: 333 exec/s: 0 rss: 29Mb L: 187/333 MS: 5 EraseBytes-ChangeBit-CopyPart-InsertRepeatedBytes-EraseBytes-
#4008	REDUCE cov: 125 ft: 510 corp: 68/12003b lim: 333 exec/s: 0 rss: 29Mb L: 277/333 MS: 5 ChangeASCIIInt-PersAutoDict-CMP-ChangeByte-EraseBytes- DE: "\001\000{]p\000\263\036"-"\000 "-
#4070	REDUCE cov: 125 ft: 510 corp: 68/11944b lim: 333 exec/s: 0 rss: 29Mb L: 118/333 MS: 2 CMP-CrossOver- DE: "\001 "-
#4184	REDUCE cov: 125 ft: 510 corp: 68/11913b lim: 333 exec/s: 0 rss: 29Mb L: 280/333 MS: 4 CopyPart-InsertRepeatedBytes-ChangeBit-EraseBytes-
#4669	REDUCE cov: 125 ft: 510 corp: 68/11848b lim: 333 exec/s: 0 rss: 29Mb L: 172/333 MS: 5 InsertRepeatedBytes-CMP-ChangeBinInt-EraseBytes-EraseBytes- DE: "\001\000{]p\004\376\020"-
#4687	REDUCE cov: 125 ft: 510 corp: 68/11720b lim: 333 exec/s: 0 rss: 29Mb L: 174/333 MS: 3 ChangeBinInt-CMP-EraseBytes- DE: "pixi"-
#4831	NEW    cov: 125 ft: 511 corp: 69/12053b lim: 333 exec/s: 0 rss: 29Mb L: 333/333 MS: 4 ChangeByte-ChangeBit-CrossOver-ChangeBinInt-
#5177	REDUCE cov: 125 ft: 511 corp: 69/12033b lim: 333 exec/s: 0 rss: 29Mb L: 282/333 MS: 1 EraseBytes-
#5187	REDUCE cov: 125 ft: 511 corp: 69/12027b lim: 333 exec/s: 0 rss: 29Mb L: 232/333 MS: 5 ChangeBinInt-CrossOver-EraseBytes-ChangeByte-InsertRepeatedBytes-
#5279	NEW    cov: 125 ft: 512 corp: 70/12359b lim: 333 exec/s: 0 rss: 29Mb L: 332/333 MS: 2 CrossOver-ChangeByte-
#5293	REDUCE cov: 126 ft: 526 corp: 71/12467b lim: 333 exec/s: 0 rss: 29Mb L: 108/333 MS: 4 EraseBytes-CrossOver-EraseBytes-CrossOver-
#5310	NEW    cov: 126 ft: 529 corp: 72/12579b lim: 333 exec/s: 0 rss: 29Mb L: 112/333 MS: 2 ChangeBinInt-PersAutoDict- DE: "stss"-
#5481	REDUCE cov: 126 ft: 529 corp: 72/12490b lim: 333 exec/s: 0 rss: 29Mb L: 107/333 MS: 1 EraseBytes-
#5522	REDUCE cov: 126 ft: 529 corp: 72/12477b lim: 333 exec/s: 0 rss: 29Mb L: 118/333 MS: 1 CrossOver-
#5608	NEW    cov: 126 ft: 530 corp: 73/12705b lim: 333 exec/s: 0 rss: 29Mb L: 228/333 MS: 1 CrossOver-
#5833	REDUCE cov: 126 ft: 530 corp: 73/12689b lim: 333 exec/s: 0 rss: 29Mb L: 162/333 MS: 5 CrossOver-ChangeByte-InsertRepeatedBytes-CopyPart-EraseBytes-
#5840	REDUCE cov: 126 ft: 530 corp: 73/12682b lim: 333 exec/s: 0 rss: 29Mb L: 57/333 MS: 2 CMP-EraseBytes- DE: "sf"-
#5841	REDUCE cov: 126 ft: 530 corp: 73/12669b lim: 333 exec/s: 0 rss: 29Mb L: 95/333 MS: 1 EraseBytes-
#5984	REDUCE cov: 126 ft: 530 corp: 73/12663b lim: 333 exec/s: 0 rss: 29Mb L: 41/333 MS: 3 PersAutoDict-EraseBytes-InsertRepeatedBytes- DE: "stbl"-
#6150	REDUCE cov: 126 ft: 530 corp: 73/12527b lim: 333 exec/s: 0 rss: 29Mb L: 68/333 MS: 1 CrossOver-
#6336	REDUCE cov: 126 ft: 530 corp: 73/12516b lim: 333 exec/s: 6336 rss: 29Mb L: 73/333 MS: 1 EraseBytes-
#6378	REDUCE cov: 126 ft: 530 corp: 73/12405b lim: 333 exec/s: 6378 rss: 29Mb L: 205/333 MS: 2 InsertByte-EraseBytes-
#6552	REDUCE cov: 126 ft: 530 corp: 73/12398b lim: 333 exec/s: 6552 rss: 29Mb L: 30/333 MS: 4 EraseBytes-PersAutoDict-CMP-PersAutoDict- DE: "sf"-"iinf"-"stbl"-
#6567	REDUCE cov: 126 ft: 530 corp: 73/12392b lim: 333 exec/s: 6567 rss: 29Mb L: 131/333 MS: 5 PersAutoDict-EraseBytes-ChangeByte-ShuffleBytes-CMP- DE: "pixi"-"\001\000{]p\006\264\220"-
#6978	REDUCE cov: 126 ft: 530 corp: 73/12376b lim: 333 exec/s: 6978 rss: 29Mb L: 102/333 MS: 1 EraseBytes-
#6986	REDUCE cov: 126 ft: 530 corp: 73/12352b lim: 333 exec/s: 6986 rss: 29Mb L: 308/333 MS: 3 ShuffleBytes-ChangeBit-EraseBytes-
#7211	REDUCE cov: 126 ft: 530 corp: 73/12308b lim: 333 exec/s: 7211 rss: 30Mb L: 184/333 MS: 5 InsertByte-PersAutoDict-InsertRepeatedBytes-InsertRepeatedBytes-EraseBytes- DE: "sf"-
#7302	REDUCE cov: 126 ft: 530 corp: 73/12306b lim: 333 exec/s: 7302 rss: 30Mb L: 218/333 MS: 1 EraseBytes-
#7592	REDUCE cov: 126 ft: 530 corp: 73/12294b lim: 333 exec/s: 7592 rss: 30Mb L: 90/333 MS: 5 EraseBytes-InsertByte-CMP-PersAutoDict-PersAutoDict- DE: "\000\000vo"-"sf"-"ipma"-
#7924	REDUCE cov: 126 ft: 530 corp: 73/12275b lim: 333 exec/s: 7924 rss: 30Mb L: 54/333 MS: 2 ShuffleBytes-EraseBytes-
#7990	REDUCE cov: 126 ft: 530 corp: 73/12268b lim: 333 exec/s: 7990 rss: 30Mb L: 23/333 MS: 1 EraseBytes-
#8051	REDUCE cov: 126 ft: 530 corp: 73/12256b lim: 333 exec/s: 8051 rss: 30Mb L: 263/333 MS: 1 EraseBytes-
#8109	REDUCE cov: 127 ft: 532 corp: 74/12444b lim: 333 exec/s: 8109 rss: 30Mb L: 188/333 MS: 3 ChangeBit-ChangeBinInt-CMP- DE: "trak"-
#8324	REDUCE cov: 127 ft: 532 corp: 74/12436b lim: 333 exec/s: 8324 rss: 30Mb L: 250/333 MS: 5 CopyPart-ChangeBinInt-ChangeASCIIInt-ChangeBit-EraseBytes-
#8455	REDUCE cov: 127 ft: 532 corp: 74/12430b lim: 333 exec/s: 8455 rss: 30Mb L: 263/333 MS: 1 EraseBytes-
#8864	REDUCE cov: 127 ft: 532 corp: 74/12418b lim: 333 exec/s: 8864 rss: 30Mb L: 83/333 MS: 4 CrossOver-CrossOver-CopyPart-EraseBytes-
#9162	REDUCE cov: 127 ft: 537 corp: 75/12489b lim: 333 exec/s: 9162 rss: 30Mb L: 71/333 MS: 3 ShuffleBytes-PersAutoDict-EraseBytes- DE: "\001\000\000-"-
#9200	REDUCE cov: 127 ft: 537 corp: 75/12428b lim: 333 exec/s: 9200 rss: 30Mb L: 271/333 MS: 3 ChangeBit-ChangeASCIIInt-CrossOver-
#9412	NEW    cov: 127 ft: 538 corp: 76/12692b lim: 333 exec/s: 9412 rss: 30Mb L: 264/333 MS: 2 InsertByte-CrossOver-
#9417	REDUCE cov: 127 ft: 538 corp: 76/12679b lim: 333 exec/s: 9417 rss: 30Mb L: 302/333 MS: 5 ChangeBinInt-ChangeBit-ChangeBinInt-InsertRepeatedBytes-EraseBytes-
#9495	NEW    cov: 127 ft: 539 corp: 77/12944b lim: 333 exec/s: 9495 rss: 30Mb L: 265/333 MS: 3 ChangeByte-ChangeBinInt-InsertByte-
#9498	REDUCE cov: 127 ft: 539 corp: 77/12923b lim: 333 exec/s: 9498 rss: 30Mb L: 242/333 MS: 3 CrossOver-InsertRepeatedBytes-EraseBytes-
#9905	REDUCE cov: 127 ft: 539 corp: 77/12917b lim: 333 exec/s: 9905 rss: 30Mb L: 219/333 MS: 2 InsertRepeatedBytes-EraseBytes-
#9923	REDUCE cov: 127 ft: 539 corp: 77/12899b lim: 333 exec/s: 9923 rss: 30Mb L: 100/333 MS: 3 ChangeBinInt-CMP-EraseBytes- DE: "stsd"-
#9924	REDUCE cov: 127 ft: 539 corp: 77/12896b lim: 333 exec/s: 9924 rss: 30Mb L: 20/333 MS: 1 EraseBytes-
#10093	REDUCE cov: 127 ft: 539 corp: 77/12878b lim: 333 exec/s: 10093 rss: 30Mb L: 187/333 MS: 4 ChangeBinInt-ChangeByte-CMP-EraseBytes- DE: "noov"-
#10183	REDUCE cov: 127 ft: 539 corp: 77/12875b lim: 333 exec/s: 10183 rss: 30Mb L: 17/333 MS: 5 ChangeByte-CMP-CrossOver-EraseBytes-InsertByte- DE: "tapt"-
#10350	REDUCE cov: 127 ft: 540 corp: 78/13202b lim: 333 exec/s: 10350 rss: 30Mb L: 327/333 MS: 2 ShuffleBytes-CrossOver-
#10878	REDUCE cov: 127 ft: 540 corp: 78/13176b lim: 333 exec/s: 10878 rss: 30Mb L: 158/333 MS: 3 ChangeByte-ChangeASCIIInt-EraseBytes-
#10889	REDUCE cov: 127 ft: 540 corp: 78/13173b lim: 333 exec/s: 10889 rss: 30Mb L: 18/333 MS: 1 EraseBytes-
#11589	REDUCE cov: 127 ft: 540 corp: 78/13170b lim: 333 exec/s: 11589 rss: 30Mb L: 272/333 MS: 5 CopyPart-CopyPart-ShuffleBytes-ShuffleBytes-EraseBytes-
#11909	REDUCE cov: 127 ft: 540 corp: 78/13161b lim: 333 exec/s: 11909 rss: 30Mb L: 35/333 MS: 5 ChangeBinInt-PersAutoDict-EraseBytes-ChangeBinInt-CMP- DE: "trak"-"\035\204\003p]{\000\000"-
#12059	REDUCE cov: 127 ft: 540 corp: 78/13160b lim: 333 exec/s: 12059 rss: 30Mb L: 301/333 MS: 5 EraseBytes-CopyPart-CMP-ChangeByte-PersAutoDict- DE: "\001\010"-"E\320?f\012Z\000\000"-
#12237	REDUCE cov: 127 ft: 540 corp: 78/13143b lim: 333 exec/s: 12237 rss: 30Mb L: 42/333 MS: 3 ChangeASCIIInt-CopyPart-EraseBytes-
#12265	REDUCE cov: 127 ft: 540 corp: 78/13111b lim: 333 exec/s: 12265 rss: 30Mb L: 155/333 MS: 3 EraseBytes-ChangeByte-EraseBytes-
#12548	REDUCE cov: 127 ft: 540 corp: 78/13100b lim: 333 exec/s: 12548 rss: 30Mb L: 290/333 MS: 3 InsertByte-ChangeBit-EraseBytes-
#12557	REDUCE cov: 127 ft: 540 corp: 78/13092b lim: 333 exec/s: 12557 rss: 30Mb L: 34/333 MS: 4 EraseBytes-ChangeBinInt-ChangeBinInt-InsertRepeatedBytes-
#12601	REDUCE cov: 127 ft: 540 corp: 78/13078b lim: 333 exec/s: 12601 rss: 30Mb L: 144/333 MS: 4 ChangeBit-ShuffleBytes-CopyPart-EraseBytes-
#12654	REDUCE cov: 127 ft: 540 corp: 78/13075b lim: 333 exec/s: 12654 rss: 30Mb L: 104/333 MS: 3 ChangeASCIIInt-PersAutoDict-CrossOver- DE: "ipma"-
#12842	REDUCE cov: 127 ft: 540 corp: 78/12990b lim: 333 exec/s: 6421 rss: 30Mb L: 103/333 MS: 3 ChangeBinInt-ShuffleBytes-EraseBytes-
#12858	REDUCE cov: 127 ft: 540 corp: 78/12978b lim: 333 exec/s: 6429 rss: 30Mb L: 56/333 MS: 1 EraseBytes-
#12916	REDUCE cov: 127 ft: 540 corp: 78/12952b lim: 333 exec/s: 6458 rss: 30Mb L: 245/333 MS: 3 ChangeASCIIInt-ChangeBinInt-EraseBytes-
#13078	REDUCE cov: 127 ft: 540 corp: 78/12951b lim: 333 exec/s: 6539 rss: 30Mb L: 17/333 MS: 2 PersAutoDict-EraseBytes- DE: "\000\000vo"-
#13215	REDUCE cov: 127 ft: 540 corp: 78/12889b lim: 333 exec/s: 6607 rss: 30Mb L: 110/333 MS: 2 CMP-EraseBytes- DE: "\000\000\000\000\000\000\000\200"-
#13812	REDUCE cov: 127 ft: 540 corp: 78/12859b lim: 333 exec/s: 6906 rss: 30Mb L: 114/333 MS: 2 EraseBytes-PersAutoDict- DE: "\005\000\000\000\000\000\000\000"-
#13888	REDUCE cov: 127 ft: 540 corp: 78/12858b lim: 333 exec/s: 6944 rss: 30Mb L: 231/333 MS: 1 EraseBytes-
#14010	REDUCE cov: 127 ft: 540 corp: 78/12856b lim: 333 exec/s: 7005 rss: 30Mb L: 101/333 MS: 2 ChangeASCIIInt-EraseBytes-
#14561	REDUCE cov: 127 ft: 540 corp: 78/12812b lim: 333 exec/s: 7280 rss: 30Mb L: 57/333 MS: 1 EraseBytes-
#14573	NEW    cov: 127 ft: 541 corp: 79/12883b lim: 333 exec/s: 7286 rss: 30Mb L: 71/333 MS: 2 ChangeBit-PersAutoDict- DE: "\001\000{]p\006\264\220"-
#14610	REDUCE cov: 127 ft: 541 corp: 79/12882b lim: 333 exec/s: 7305 rss: 30Mb L: 269/333 MS: 2 CMP-EraseBytes- DE: "\000\000{]p\013\312\335"-
#14706	REDUCE cov: 127 ft: 541 corp: 79/12848b lim: 333 exec/s: 7353 rss: 30Mb L: 76/333 MS: 1 CrossOver-
#15139	REDUCE cov: 127 ft: 541 corp: 79/12840b lim: 333 exec/s: 7569 rss: 30Mb L: 48/333 MS: 3 CrossOver-ChangeBinInt-EraseBytes-
#15330	REDUCE cov: 127 ft: 550 corp: 80/13053b lim: 333 exec/s: 7665 rss: 30Mb L: 213/333 MS: 1 InsertRepeatedBytes-
#15493	REDUCE cov: 127 ft: 550 corp: 80/13052b lim: 333 exec/s: 7746 rss: 30Mb L: 75/333 MS: 3 InsertByte-ChangeBit-EraseBytes-
#15636	NEW    cov: 128 ft: 551 corp: 81/13093b lim: 333 exec/s: 7818 rss: 30Mb L: 41/333 MS: 3 EraseBytes-ChangeBinInt-CMP- DE: "hvc1"-
#15963	REDUCE cov: 128 ft: 551 corp: 81/13091b lim: 333 exec/s: 7981 rss: 30Mb L: 110/333 MS: 2 ChangeBit-EraseBytes-
#16384	pulse  cov: 128 ft: 551 corp: 81/13091b lim: 333 exec/s: 8192 rss: 30Mb
#16476	REDUCE cov: 128 ft: 551 corp: 81/13059b lim: 333 exec/s: 8238 rss: 30Mb L: 266/333 MS: 3 CrossOver-PersAutoDict-EraseBytes- DE: "hvc1"-
#16747	REDUCE cov: 128 ft: 551 corp: 81/13055b lim: 333 exec/s: 8373 rss: 30Mb L: 227/333 MS: 1 EraseBytes-
#16967	REDUCE cov: 128 ft: 551 corp: 81/13049b lim: 333 exec/s: 8483 rss: 30Mb L: 207/333 MS: 5 EraseBytes-PersAutoDict-PersAutoDict-InsertByte-InsertRepeatedBytes- DE: "\000\000{]p\013\312\335"-"\005\000\000\000\000\000\000\000"-
#16970	REDUCE cov: 128 ft: 551 corp: 81/13048b lim: 333 exec/s: 8485 rss: 30Mb L: 280/333 MS: 3 ShuffleBytes-ChangeBinInt-EraseBytes-
#17316	REDUCE cov: 128 ft: 551 corp: 81/13034b lim: 333 exec/s: 8658 rss: 30Mb L: 190/333 MS: 1 EraseBytes-
#17391	REDUCE cov: 128 ft: 551 corp: 81/13027b lim: 333 exec/s: 8695 rss: 30Mb L: 270/333 MS: 5 ChangeByte-ChangeByte-CMP-ChangeBit-EraseBytes- DE: "\000\000{]p\015\006\200"-
#17543	REDUCE cov: 128 ft: 551 corp: 81/12987b lim: 333 exec/s: 8771 rss: 30Mb L: 115/333 MS: 2 EraseBytes-PersAutoDict- DE: "stsd"-
#17704	REDUCE cov: 128 ft: 551 corp: 81/12963b lim: 333 exec/s: 8852 rss: 30Mb L: 24/333 MS: 1 EraseBytes-
#18195	REDUCE cov: 128 ft: 551 corp: 81/12939b lim: 333 exec/s: 9097 rss: 30Mb L: 242/333 MS: 1 EraseBytes-
#18371	REDUCE cov: 128 ft: 552 corp: 82/13054b lim: 333 exec/s: 9185 rss: 30Mb L: 115/333 MS: 1 CopyPart-
#18628	REDUCE cov: 128 ft: 552 corp: 82/13035b lim: 333 exec/s: 6209 rss: 30Mb L: 56/333 MS: 2 ShuffleBytes-EraseBytes-
#18822	REDUCE cov: 128 ft: 552 corp: 82/13034b lim: 333 exec/s: 6274 rss: 30Mb L: 279/333 MS: 4 PersAutoDict-CopyPart-CopyPart-EraseBytes- DE: "\001\000{]p\000\263\036"-
#18862	REDUCE cov: 128 ft: 552 corp: 82/13033b lim: 333 exec/s: 6287 rss: 30Mb L: 278/333 MS: 5 ChangeASCIIInt-ChangeBinInt-ChangeByte-PersAutoDict-EraseBytes- DE: "\001 "-
#18945	REDUCE cov: 128 ft: 552 corp: 82/13030b lim: 333 exec/s: 6315 rss: 30Mb L: 249/333 MS: 3 ChangeBit-EraseBytes-InsertByte-
#19015	REDUCE cov: 128 ft: 552 corp: 82/13016b lim: 333 exec/s: 6338 rss: 30Mb L: 43/333 MS: 5 InsertByte-EraseBytes-ChangeByte-CMP-PersAutoDict- DE: "\011\000"-"w\000\000\000\000\000\000\000"-
==446531== ERROR: libFuzzer: out-of-memory (used: 1275Mb; limit: 1024Mb)
   To change the out-of-memory limit use -rss_limit_mb=<N>

MS: 2 CopyPart-CrossOver-; base unit: 24e3fbfb0a6b13102f57a7802abdfec20e8dc5eb
0x0,0x0,0x0,0x18,0x66,0x74,0x79,0x70,0x6d,0x70,0x34,0x32,0x0,0x0,0x0,0x0,0x9c,0x70,0x34,0x32,0x74,0x0,0x0,0x0,0x0,0x0,0x0,0x0,0x68,0x76,0x63,0x31,0x0,0x0,0x0,0x0,0x74,0x79,0x70,0x6d,0x70,0x34,0x32,0x0,0x0,0x0,0x0,0x9c,0x70,0x34,0x32,0x74,0x0,0x0,0x0,0x0,0x0,0x0,0x18,0x0,0x0,0x0,0x0,0x45,0xd0,0x6f,0x6f,0x6d,0x0,0x64,0x0,0x18,0x0,0x0,0x0,0x0,0x45,0xd0,0x3f,0x66,0xa,0x5a,0x0,0xfa,0x6d,0x8d,0x3f,0x66,0xa,0x5a,0x0,0xfa,0x6d,0x8d,0x0,0x64,0x0,0x18,0x61,0x0,0x0,0x0,0x0,0x0,0x70,0x30,0x32,0x69,0x6f,0x6f,0x6d,0x0,0x0,0xfa,0x6d,0x8d,0x0,0x0,0x68,0x76,0x63,0x31,0x0,0x0,0x0,0x0,0x0,0x0,0x0,0x0,0x0,0x64,0x0,0x18,0x0,0x0,0x0,0x0,0x0,0x0,0x0,0x45,0xd0,0x3f,0x66,0xa,0x5a,0x0,0x0,0x0,0x0,0x0,0xa,0x5a,0x0,0x0,0x0,
\000\000\000\030ftypmp42\000\000\000\000\234p42t\000\000\000\000\000\000\000hvc1\000\000\000\000typmp42\000\000\000\000\234p42t\000\000\000\000\000\000\030\000\000\000\000E\320oom\000d\000\030\000\000\000\000E\320?f\012Z\000\372m\215?f\012Z\000\372m\215\000d\000\030a\000\000\000\000\000p02ioom\000\000\372m\215\000\000hvc1\000\000\000\000\000\000\000\000\000d\000\030\000\000\000\000\000\000\000E\320?f\012Z\000\000\000\000\000\012Z\000\000\000
artifact_prefix='/results/crashes/20260313_164208_4d9830d7_'; Test unit written to /results/crashes/20260313_164208_4d9830d7_oom-e4d7603d7a33c8d20998a2a3533f53ce2e1e5aaa
Base64: AAAAGGZ0eXBtcDQyAAAAAJxwNDJ0AAAAAAAAAGh2YzEAAAAAdHlwbXA0MgAAAACccDQydAAAAAAAABgAAAAARdBvb20AZAAYAAAAAEXQP2YKWgD6bY0/ZgpaAPptjQBkABhhAAAAAABwMDJpb29tAAD6bY0AAGh2YzEAAAAAAAAAAABkABgAAAAAAAAARdA/ZgpaAAAAAAAKWgAAAA==
SUMMARY: libFuzzer: out-of-memory
stat::number_of_executed_units: 19147
stat::average_exec_per_sec:     4786
stat::new_units_added:          181
stat::slowest_unit_time_sec:    0
stat::peak_rss_mb:              1276
