INFO: Running with entropic power schedule (0xFF, 100).
INFO: Seed: 3415229172
INFO: Loaded 1 modules   (252 inline 8-bit counters): 252 [0x5622bd760678, 0x5622bd760774), 
INFO: Loaded 1 PC tables (252 PCs): 252 [0x5622bd760778,0x5622bd761738), 
INFO:        4 files found in /tmp/corpus_20260313_143220_9b696b08
INFO: seed corpus: files: 4 min: 48b max: 333b total: 853b rss: 28Mb
#5	INITED cov: 117 ft: 250 corp: 4/853b exec/s: 0 rss: 29Mb
#6	NEW    cov: 117 ft: 265 corp: 5/1169b lim: 333 exec/s: 0 rss: 29Mb L: 316/333 MS: 1 CopyPart-
#13	NEW    cov: 117 ft: 267 corp: 6/1370b lim: 333 exec/s: 0 rss: 29Mb L: 201/333 MS: 2 CrossOver-EraseBytes-
#14	NEW    cov: 118 ft: 273 corp: 7/1626b lim: 333 exec/s: 0 rss: 29Mb L: 256/333 MS: 1 CopyPart-
#20	NEW    cov: 119 ft: 276 corp: 8/1906b lim: 333 exec/s: 0 rss: 29Mb L: 280/333 MS: 1 EraseBytes-
#23	NEW    cov: 119 ft: 277 corp: 9/2127b lim: 333 exec/s: 0 rss: 29Mb L: 221/333 MS: 3 ChangeByte-ChangeByte-InsertByte-
#24	NEW    cov: 119 ft: 281 corp: 10/2175b lim: 333 exec/s: 0 rss: 29Mb L: 48/333 MS: 1 CMP- DE: "N7ISOBMFF4FTYPE"-
#25	NEW    cov: 119 ft: 282 corp: 11/2495b lim: 333 exec/s: 0 rss: 29Mb L: 320/333 MS: 1 CMP- DE: "stbl"-
#30	NEW    cov: 119 ft: 283 corp: 12/2818b lim: 333 exec/s: 0 rss: 29Mb L: 323/333 MS: 5 ChangeBinInt-EraseBytes-CMP-ChangeByte-InsertRepeatedBytes- DE: "schm"-
#47	NEW    cov: 119 ft: 284 corp: 13/2980b lim: 333 exec/s: 0 rss: 29Mb L: 162/333 MS: 2 CopyPart-EraseBytes-
#50	NEW    cov: 120 ft: 286 corp: 14/3298b lim: 333 exec/s: 0 rss: 29Mb L: 318/333 MS: 3 ShuffleBytes-ShuffleBytes-CrossOver-
#59	NEW    cov: 120 ft: 287 corp: 15/3631b lim: 333 exec/s: 0 rss: 29Mb L: 333/333 MS: 4 CMP-CopyPart-CopyPart-InsertByte- DE: "~\377\377\377\377\377\377\377"-
#63	NEW    cov: 120 ft: 296 corp: 16/3791b lim: 333 exec/s: 0 rss: 29Mb L: 160/333 MS: 4 EraseBytes-CMP-ChangeBinInt-ShuffleBytes- DE: "W\000\000\000"-
#64	NEW    cov: 120 ft: 297 corp: 17/3847b lim: 333 exec/s: 0 rss: 29Mb L: 56/333 MS: 1 PersAutoDict- DE: "~\377\377\377\377\377\377\377"-
#66	NEW    cov: 120 ft: 313 corp: 18/3942b lim: 333 exec/s: 0 rss: 29Mb L: 95/333 MS: 2 ChangeBit-EraseBytes-
#71	NEW    cov: 120 ft: 354 corp: 19/4114b lim: 333 exec/s: 0 rss: 29Mb L: 172/333 MS: 5 CrossOver-CopyPart-ChangeByte-CrossOver-ChangeByte-
#72	NEW    cov: 120 ft: 357 corp: 20/4211b lim: 333 exec/s: 0 rss: 29Mb L: 97/333 MS: 1 EraseBytes-
#82	NEW    cov: 120 ft: 358 corp: 21/4344b lim: 333 exec/s: 0 rss: 29Mb L: 133/333 MS: 5 ChangeBinInt-ChangeByte-InsertRepeatedBytes-CrossOver-CrossOver-
#86	NEW    cov: 120 ft: 359 corp: 22/4443b lim: 333 exec/s: 0 rss: 29Mb L: 99/333 MS: 4 ShuffleBytes-CrossOver-CrossOver-EraseBytes-
#88	NEW    cov: 120 ft: 360 corp: 23/4550b lim: 333 exec/s: 0 rss: 29Mb L: 107/333 MS: 2 ChangeBinInt-PersAutoDict- DE: "~\377\377\377\377\377\377\377"-
#89	NEW    cov: 120 ft: 365 corp: 24/4599b lim: 333 exec/s: 0 rss: 29Mb L: 49/333 MS: 1 InsertByte-
#93	NEW    cov: 121 ft: 366 corp: 25/4749b lim: 333 exec/s: 0 rss: 29Mb L: 150/333 MS: 4 ShuffleBytes-ChangeBinInt-CMP-CrossOver- DE: "\000\000\000\000\000\000\000p"-
#98	NEW    cov: 121 ft: 367 corp: 26/5075b lim: 333 exec/s: 0 rss: 29Mb L: 326/333 MS: 5 InsertRepeatedBytes-ChangeASCIIInt-CopyPart-CopyPart-InsertByte-
#101	NEW    cov: 121 ft: 370 corp: 27/5239b lim: 333 exec/s: 0 rss: 29Mb L: 164/333 MS: 3 ShuffleBytes-ChangeBinInt-CrossOver-
#114	REDUCE cov: 121 ft: 370 corp: 27/5231b lim: 333 exec/s: 0 rss: 29Mb L: 312/333 MS: 3 EraseBytes-CopyPart-InsertRepeatedBytes-
#115	NEW    cov: 121 ft: 372 corp: 28/5263b lim: 333 exec/s: 0 rss: 29Mb L: 32/333 MS: 1 CrossOver-
#120	NEW    cov: 121 ft: 387 corp: 29/5312b lim: 333 exec/s: 0 rss: 29Mb L: 49/333 MS: 5 ChangeByte-ChangeBit-ChangeBinInt-ChangeByte-InsertByte-
#151	REDUCE cov: 121 ft: 387 corp: 29/5280b lim: 333 exec/s: 0 rss: 29Mb L: 130/333 MS: 1 EraseBytes-
#156	NEW    cov: 121 ft: 388 corp: 30/5494b lim: 333 exec/s: 0 rss: 29Mb L: 214/333 MS: 5 PersAutoDict-CrossOver-EraseBytes-ChangeBinInt-CMP- DE: "\000\000\000\000\000\000\000p"-"\000\000\000\010"-
#167	NEW    cov: 121 ft: 391 corp: 31/5709b lim: 333 exec/s: 0 rss: 29Mb L: 215/333 MS: 1 InsertByte-
#188	NEW    cov: 121 ft: 392 corp: 32/5757b lim: 333 exec/s: 0 rss: 29Mb L: 48/333 MS: 1 ChangeByte-
#189	NEW    cov: 121 ft: 393 corp: 33/5806b lim: 333 exec/s: 0 rss: 29Mb L: 49/333 MS: 1 CMP- DE: "\000\000\000\000\000\000\000\020"-
#204	NEW    cov: 121 ft: 396 corp: 34/6064b lim: 333 exec/s: 0 rss: 29Mb L: 258/333 MS: 5 CrossOver-ChangeByte-CMP-ChangeBinInt-CrossOver- DE: "\000\000\000\377"-
#210	NEW    cov: 121 ft: 397 corp: 35/6096b lim: 333 exec/s: 0 rss: 29Mb L: 32/333 MS: 1 ShuffleBytes-
#215	REDUCE cov: 121 ft: 397 corp: 35/6075b lim: 333 exec/s: 0 rss: 29Mb L: 200/333 MS: 5 ChangeBit-ChangeBinInt-InsertByte-EraseBytes-InsertRepeatedBytes-
#217	NEW    cov: 121 ft: 398 corp: 36/6119b lim: 333 exec/s: 0 rss: 29Mb L: 44/333 MS: 2 EraseBytes-InsertByte-
#225	NEW    cov: 121 ft: 413 corp: 37/6145b lim: 333 exec/s: 0 rss: 29Mb L: 26/333 MS: 3 ChangeASCIIInt-ChangeByte-EraseBytes-
#236	NEW    cov: 121 ft: 414 corp: 38/6209b lim: 333 exec/s: 0 rss: 29Mb L: 64/333 MS: 1 CrossOver-
#270	REDUCE cov: 121 ft: 414 corp: 38/6146b lim: 333 exec/s: 0 rss: 29Mb L: 97/333 MS: 4 PersAutoDict-CopyPart-CopyPart-EraseBytes- DE: "\000\000\000\000\000\000\000\020"-
#341	REDUCE cov: 121 ft: 414 corp: 38/6099b lim: 333 exec/s: 0 rss: 29Mb L: 50/333 MS: 1 EraseBytes-
#379	REDUCE cov: 121 ft: 414 corp: 38/6096b lim: 333 exec/s: 0 rss: 29Mb L: 45/333 MS: 3 ChangeByte-ShuffleBytes-EraseBytes-
#384	NEW    cov: 121 ft: 426 corp: 39/6217b lim: 333 exec/s: 0 rss: 29Mb L: 121/333 MS: 5 PersAutoDict-ChangeBit-CrossOver-ShuffleBytes-CrossOver- DE: "~\377\377\377\377\377\377\377"-
#388	NEW    cov: 121 ft: 427 corp: 40/6301b lim: 333 exec/s: 0 rss: 29Mb L: 84/333 MS: 4 InsertRepeatedBytes-EraseBytes-EraseBytes-ChangeBit-
#451	NEW    cov: 121 ft: 429 corp: 41/6583b lim: 333 exec/s: 0 rss: 29Mb L: 282/333 MS: 3 ChangeASCIIInt-PersAutoDict-CopyPart- DE: "N7ISOBMFF4FTYPE"-
#478	REDUCE cov: 121 ft: 429 corp: 41/6575b lim: 333 exec/s: 0 rss: 29Mb L: 37/333 MS: 2 ChangeBinInt-EraseBytes-
#534	REDUCE cov: 121 ft: 429 corp: 41/6561b lim: 333 exec/s: 0 rss: 29Mb L: 36/333 MS: 1 EraseBytes-
#546	REDUCE cov: 121 ft: 429 corp: 41/6441b lim: 333 exec/s: 0 rss: 29Mb L: 206/333 MS: 2 ShuffleBytes-EraseBytes-
#591	REDUCE cov: 121 ft: 429 corp: 41/6433b lim: 333 exec/s: 0 rss: 29Mb L: 156/333 MS: 5 InsertByte-PersAutoDict-InsertRepeatedBytes-EraseBytes-InsertRepeatedBytes- DE: "~\377\377\377\377\377\377\377"-
#629	NEW    cov: 121 ft: 437 corp: 42/6451b lim: 333 exec/s: 0 rss: 29Mb L: 18/333 MS: 3 PersAutoDict-ChangeBit-EraseBytes- DE: "schm"-
#647	REDUCE cov: 121 ft: 437 corp: 42/6449b lim: 333 exec/s: 0 rss: 29Mb L: 35/333 MS: 3 InsertByte-CrossOver-EraseBytes-
#650	REDUCE cov: 121 ft: 437 corp: 42/6415b lim: 333 exec/s: 0 rss: 29Mb L: 96/333 MS: 3 CopyPart-ShuffleBytes-EraseBytes-
#670	NEW    cov: 121 ft: 438 corp: 43/6717b lim: 333 exec/s: 0 rss: 29Mb L: 302/333 MS: 5 ChangeByte-InsertRepeatedBytes-InsertRepeatedBytes-ChangeByte-ShuffleBytes-
#676	REDUCE cov: 121 ft: 438 corp: 43/6714b lim: 333 exec/s: 0 rss: 29Mb L: 92/333 MS: 1 EraseBytes-
#680	REDUCE cov: 121 ft: 450 corp: 44/6728b lim: 333 exec/s: 0 rss: 29Mb L: 14/333 MS: 4 CrossOver-InsertByte-ChangeBinInt-CrossOver-
#791	REDUCE cov: 121 ft: 450 corp: 44/6671b lim: 333 exec/s: 0 rss: 29Mb L: 99/333 MS: 1 EraseBytes-
#877	NEW    cov: 121 ft: 451 corp: 45/6891b lim: 333 exec/s: 0 rss: 29Mb L: 220/333 MS: 1 CMP- DE: "\000\000\000\000\000\000\000\004"-
#883	REDUCE cov: 121 ft: 451 corp: 45/6868b lim: 333 exec/s: 0 rss: 29Mb L: 26/333 MS: 1 EraseBytes-
#899	NEW    cov: 121 ft: 453 corp: 46/7089b lim: 333 exec/s: 0 rss: 29Mb L: 221/333 MS: 1 InsertByte-
#907	NEW    cov: 121 ft: 454 corp: 47/7221b lim: 333 exec/s: 0 rss: 29Mb L: 132/333 MS: 3 InsertByte-EraseBytes-CMP- DE: "mdat"-
#931	REDUCE cov: 121 ft: 454 corp: 47/7175b lim: 333 exec/s: 0 rss: 29Mb L: 50/333 MS: 4 CMP-InsertByte-CrossOver-EraseBytes- DE: "\004\000\000\000\000\000\000\000"-
#959	REDUCE cov: 121 ft: 454 corp: 47/7171b lim: 333 exec/s: 0 rss: 29Mb L: 31/333 MS: 3 InsertByte-InsertByte-EraseBytes-
#971	NEW    cov: 121 ft: 456 corp: 48/7376b lim: 333 exec/s: 0 rss: 29Mb L: 205/333 MS: 2 InsertRepeatedBytes-ChangeByte-
#980	NEW    cov: 121 ft: 462 corp: 49/7696b lim: 333 exec/s: 0 rss: 29Mb L: 320/333 MS: 4 CMP-ShuffleBytes-ShuffleBytes-CrossOver- DE: "\000 "-
#981	REDUCE cov: 121 ft: 462 corp: 49/7690b lim: 333 exec/s: 0 rss: 29Mb L: 26/333 MS: 1 CrossOver-
#1019	REDUCE cov: 121 ft: 462 corp: 49/7662b lim: 333 exec/s: 0 rss: 29Mb L: 69/333 MS: 3 CopyPart-EraseBytes-EraseBytes-
#1036	REDUCE cov: 121 ft: 462 corp: 49/7659b lim: 333 exec/s: 0 rss: 29Mb L: 202/333 MS: 2 ChangeBit-EraseBytes-
#1152	NEW    cov: 121 ft: 467 corp: 50/7879b lim: 333 exec/s: 0 rss: 29Mb L: 220/333 MS: 1 ChangeBit-
#1188	REDUCE cov: 121 ft: 467 corp: 50/7877b lim: 333 exec/s: 0 rss: 29Mb L: 316/333 MS: 1 EraseBytes-
#1189	REDUCE cov: 121 ft: 467 corp: 50/7869b lim: 333 exec/s: 0 rss: 29Mb L: 142/333 MS: 1 EraseBytes-
#1260	REDUCE cov: 121 ft: 467 corp: 50/7866b lim: 333 exec/s: 0 rss: 29Mb L: 11/333 MS: 1 EraseBytes-
#1312	REDUCE cov: 121 ft: 467 corp: 50/7743b lim: 333 exec/s: 0 rss: 29Mb L: 79/333 MS: 2 ChangeByte-CrossOver-
#1323	REDUCE cov: 121 ft: 467 corp: 50/7684b lim: 333 exec/s: 0 rss: 29Mb L: 62/333 MS: 1 EraseBytes-
#1337	NEW    cov: 121 ft: 468 corp: 51/8010b lim: 333 exec/s: 0 rss: 29Mb L: 326/333 MS: 4 CMP-EraseBytes-PersAutoDict-PersAutoDict- DE: "hvcC"-"\000 "-"schm"-
#1492	REDUCE cov: 121 ft: 468 corp: 51/8004b lim: 333 exec/s: 0 rss: 29Mb L: 208/333 MS: 5 EraseBytes-ChangeBit-PersAutoDict-PersAutoDict-InsertByte- DE: "stbl"-"N7ISOBMFF4FTYPE"-
#1521	REDUCE cov: 121 ft: 472 corp: 52/8303b lim: 333 exec/s: 0 rss: 29Mb L: 299/333 MS: 4 EraseBytes-ChangeBinInt-InsertRepeatedBytes-InsertRepeatedBytes-
#1554	REDUCE cov: 121 ft: 472 corp: 52/8243b lim: 333 exec/s: 0 rss: 29Mb L: 72/333 MS: 3 ShuffleBytes-InsertByte-EraseBytes-
#1661	REDUCE cov: 121 ft: 472 corp: 52/8217b lim: 333 exec/s: 0 rss: 29Mb L: 46/333 MS: 2 ChangeBinInt-EraseBytes-
#1727	REDUCE cov: 121 ft: 472 corp: 52/8216b lim: 333 exec/s: 0 rss: 29Mb L: 10/333 MS: 1 EraseBytes-
#1758	REDUCE cov: 121 ft: 472 corp: 52/8166b lim: 333 exec/s: 0 rss: 29Mb L: 232/333 MS: 1 EraseBytes-
#1772	REDUCE cov: 121 ft: 472 corp: 52/8154b lim: 333 exec/s: 0 rss: 29Mb L: 19/333 MS: 4 InsertByte-ChangeBit-ChangeBinInt-EraseBytes-
#1859	REDUCE cov: 121 ft: 472 corp: 52/8146b lim: 333 exec/s: 0 rss: 29Mb L: 11/333 MS: 2 PersAutoDict-EraseBytes- DE: "\000\000\000\000\000\000\000\004"-
#1882	REDUCE cov: 121 ft: 472 corp: 52/8143b lim: 333 exec/s: 0 rss: 29Mb L: 81/333 MS: 3 ChangeBit-ChangeByte-EraseBytes-
#1888	REDUCE cov: 121 ft: 473 corp: 53/8153b lim: 333 exec/s: 0 rss: 29Mb L: 10/333 MS: 1 ShuffleBytes-
#1960	REDUCE cov: 121 ft: 473 corp: 53/8127b lim: 333 exec/s: 0 rss: 29Mb L: 53/333 MS: 2 ShuffleBytes-EraseBytes-
#1968	NEW    cov: 121 ft: 474 corp: 54/8394b lim: 333 exec/s: 0 rss: 29Mb L: 267/333 MS: 3 ChangeBit-ChangeBinInt-InsertRepeatedBytes-
#1991	REDUCE cov: 121 ft: 474 corp: 54/8367b lim: 333 exec/s: 0 rss: 29Mb L: 299/333 MS: 3 CopyPart-InsertByte-EraseBytes-
#1996	REDUCE cov: 121 ft: 474 corp: 54/8350b lim: 333 exec/s: 0 rss: 29Mb L: 299/333 MS: 5 EraseBytes-ChangeByte-EraseBytes-PersAutoDict-CrossOver- DE: "\000\000\000\010"-
#2150	NEW    cov: 121 ft: 475 corp: 55/8618b lim: 333 exec/s: 0 rss: 29Mb L: 268/333 MS: 4 ChangeBit-ChangeBit-CopyPart-InsertByte-
#2183	REDUCE cov: 121 ft: 475 corp: 55/8615b lim: 333 exec/s: 0 rss: 29Mb L: 212/333 MS: 3 ChangeByte-PersAutoDict-EraseBytes- DE: "\000\000\000\000\000\000\000p"-
#2194	REDUCE cov: 121 ft: 475 corp: 55/8608b lim: 333 exec/s: 0 rss: 29Mb L: 19/333 MS: 1 EraseBytes-
#2263	REDUCE cov: 121 ft: 475 corp: 55/8595b lim: 333 exec/s: 0 rss: 29Mb L: 35/333 MS: 4 EraseBytes-CrossOver-ChangeBinInt-CrossOver-
#2295	NEW    cov: 121 ft: 479 corp: 56/8923b lim: 333 exec/s: 0 rss: 29Mb L: 328/333 MS: 2 CrossOver-CrossOver-
#2298	REDUCE cov: 121 ft: 479 corp: 56/8889b lim: 333 exec/s: 0 rss: 29Mb L: 35/333 MS: 3 InsertByte-EraseBytes-CrossOver-
#2437	REDUCE cov: 121 ft: 479 corp: 56/8806b lim: 333 exec/s: 0 rss: 29Mb L: 125/333 MS: 4 ShuffleBytes-InsertRepeatedBytes-CopyPart-CrossOver-
#2470	NEW    cov: 121 ft: 487 corp: 57/9037b lim: 333 exec/s: 0 rss: 29Mb L: 231/333 MS: 3 CMP-ChangeByte-CrossOver- DE: "\035\000\000\000\000\000\000\000"-
#2486	REDUCE cov: 121 ft: 488 corp: 58/9136b lim: 333 exec/s: 0 rss: 29Mb L: 99/333 MS: 1 CopyPart-
#2494	NEW    cov: 121 ft: 494 corp: 59/9438b lim: 333 exec/s: 0 rss: 29Mb L: 302/333 MS: 3 ChangeByte-ShuffleBytes-InsertRepeatedBytes-
#2521	REDUCE cov: 121 ft: 494 corp: 59/9421b lim: 333 exec/s: 0 rss: 29Mb L: 29/333 MS: 2 ChangeByte-EraseBytes-
#2595	REDUCE cov: 121 ft: 494 corp: 59/9397b lim: 333 exec/s: 0 rss: 29Mb L: 83/333 MS: 4 InsertByte-CrossOver-CMP-CrossOver- DE: "\001\000tL\024\001\267\325"-
#2701	REDUCE cov: 121 ft: 494 corp: 59/9396b lim: 333 exec/s: 0 rss: 29Mb L: 9/333 MS: 1 EraseBytes-
#2707	REDUCE cov: 121 ft: 494 corp: 59/9394b lim: 333 exec/s: 0 rss: 29Mb L: 9/333 MS: 1 EraseBytes-
#2771	REDUCE cov: 121 ft: 494 corp: 59/9388b lim: 333 exec/s: 0 rss: 29Mb L: 44/333 MS: 4 ShuffleBytes-ChangeBit-CMP-EraseBytes- DE: "\023\000\000\000\000\000\000\000"-
#2955	REDUCE cov: 121 ft: 494 corp: 59/9383b lim: 333 exec/s: 0 rss: 29Mb L: 275/333 MS: 4 ChangeByte-ChangeByte-ChangeBinInt-EraseBytes-
#3042	REDUCE cov: 121 ft: 494 corp: 59/9344b lim: 333 exec/s: 0 rss: 29Mb L: 263/333 MS: 2 ChangeBit-EraseBytes-
#3189	REDUCE cov: 121 ft: 494 corp: 59/9337b lim: 333 exec/s: 0 rss: 29Mb L: 57/333 MS: 2 EraseBytes-CMP- DE: "\377\377\377u"-
#3220	NEW    cov: 121 ft: 495 corp: 60/9568b lim: 333 exec/s: 0 rss: 29Mb L: 231/333 MS: 1 PersAutoDict- DE: "\000\000\000\000\000\000\000p"-
#3251	REDUCE cov: 121 ft: 495 corp: 60/9547b lim: 333 exec/s: 0 rss: 29Mb L: 179/333 MS: 1 EraseBytes-
#3322	REDUCE cov: 122 ft: 496 corp: 61/9553b lim: 333 exec/s: 0 rss: 29Mb L: 6/333 MS: 1 EraseBytes-
#3339	NEW    cov: 122 ft: 497 corp: 62/9877b lim: 333 exec/s: 0 rss: 29Mb L: 324/333 MS: 2 ChangeBit-CopyPart-
#3340	NEW    cov: 122 ft: 506 corp: 63/10179b lim: 333 exec/s: 0 rss: 29Mb L: 302/333 MS: 1 CMP- DE: "minf"-
#3387	REDUCE cov: 122 ft: 506 corp: 63/10176b lim: 333 exec/s: 0 rss: 29Mb L: 26/333 MS: 2 CMP-EraseBytes- DE: "dinf"-
#3560	REDUCE cov: 122 ft: 506 corp: 63/10150b lim: 333 exec/s: 0 rss: 29Mb L: 290/333 MS: 3 EraseBytes-ChangeByte-CMP- DE: "\003\000\000\000\000\000\000\000"-
#3577	REDUCE cov: 122 ft: 506 corp: 63/10148b lim: 333 exec/s: 0 rss: 29Mb L: 24/333 MS: 2 ChangeBinInt-EraseBytes-
#3643	REDUCE cov: 122 ft: 506 corp: 63/10132b lim: 333 exec/s: 0 rss: 29Mb L: 304/333 MS: 1 EraseBytes-
#4374	REDUCE cov: 122 ft: 506 corp: 63/10108b lim: 333 exec/s: 0 rss: 30Mb L: 177/333 MS: 1 EraseBytes-
#4417	REDUCE cov: 122 ft: 506 corp: 63/10106b lim: 333 exec/s: 0 rss: 30Mb L: 300/333 MS: 3 ChangeBinInt-ChangeBinInt-EraseBytes-
#4432	REDUCE cov: 122 ft: 507 corp: 64/10114b lim: 333 exec/s: 0 rss: 30Mb L: 8/333 MS: 5 ShuffleBytes-CopyPart-CrossOver-ShuffleBytes-EraseBytes-
#4460	REDUCE cov: 122 ft: 507 corp: 64/10103b lim: 333 exec/s: 0 rss: 30Mb L: 42/333 MS: 3 CMP-ChangeByte-EraseBytes- DE: "\377\377\377\000\000\000\000\002"-
#4518	REDUCE cov: 122 ft: 507 corp: 64/10085b lim: 333 exec/s: 0 rss: 30Mb L: 24/333 MS: 3 ChangeASCIIInt-ChangeASCIIInt-EraseBytes-
#4538	REDUCE cov: 122 ft: 507 corp: 64/10079b lim: 333 exec/s: 0 rss: 30Mb L: 26/333 MS: 5 CrossOver-CopyPart-PersAutoDict-ShuffleBytes-EraseBytes- DE: "\377\377\377\000\000\000\000\002"-
#4628	REDUCE cov: 122 ft: 507 corp: 64/10077b lim: 333 exec/s: 0 rss: 30Mb L: 16/333 MS: 5 PersAutoDict-ChangeBinInt-PersAutoDict-PersAutoDict-EraseBytes- DE: "\377\377\377\000\000\000\000\002"-"minf"-"minf"-
#4734	REDUCE cov: 122 ft: 507 corp: 64/10018b lim: 333 exec/s: 0 rss: 30Mb L: 241/333 MS: 1 EraseBytes-
#4968	REDUCE cov: 122 ft: 507 corp: 64/9978b lim: 333 exec/s: 0 rss: 30Mb L: 102/333 MS: 4 ChangeByte-ShuffleBytes-PersAutoDict-EraseBytes- DE: "\000\000\000\000\000\000\000\004"-
#5065	REDUCE cov: 122 ft: 507 corp: 64/9975b lim: 333 exec/s: 0 rss: 30Mb L: 59/333 MS: 2 ShuffleBytes-EraseBytes-
#5328	REDUCE cov: 122 ft: 507 corp: 64/9970b lim: 333 exec/s: 0 rss: 30Mb L: 30/333 MS: 3 ChangeBinInt-ChangeByte-EraseBytes-
#5375	REDUCE cov: 122 ft: 507 corp: 64/9969b lim: 333 exec/s: 0 rss: 30Mb L: 5/333 MS: 2 ShuffleBytes-EraseBytes-
#5461	REDUCE cov: 122 ft: 507 corp: 64/9960b lim: 333 exec/s: 0 rss: 30Mb L: 90/333 MS: 1 EraseBytes-
#5483	REDUCE cov: 122 ft: 507 corp: 64/9955b lim: 333 exec/s: 0 rss: 30Mb L: 31/333 MS: 2 InsertByte-CrossOver-
#5670	REDUCE cov: 122 ft: 507 corp: 64/9941b lim: 333 exec/s: 0 rss: 30Mb L: 238/333 MS: 2 ChangeByte-EraseBytes-
#5783	REDUCE cov: 122 ft: 507 corp: 64/9930b lim: 333 exec/s: 0 rss: 30Mb L: 195/333 MS: 3 EraseBytes-ChangeBinInt-CrossOver-
#6085	NEW    cov: 122 ft: 508 corp: 65/10234b lim: 333 exec/s: 6085 rss: 30Mb L: 304/333 MS: 1 InsertRepeatedBytes-
#6221	REDUCE cov: 122 ft: 508 corp: 65/10232b lim: 333 exec/s: 6221 rss: 30Mb L: 297/333 MS: 1 EraseBytes-
#6362	REDUCE cov: 122 ft: 508 corp: 65/10230b lim: 333 exec/s: 6362 rss: 30Mb L: 229/333 MS: 1 EraseBytes-
#6493	REDUCE cov: 122 ft: 509 corp: 66/10524b lim: 333 exec/s: 6493 rss: 30Mb L: 294/333 MS: 1 CrossOver-
#6517	REDUCE cov: 122 ft: 509 corp: 66/10520b lim: 333 exec/s: 6517 rss: 30Mb L: 27/333 MS: 4 ChangeBit-ShuffleBytes-ChangeBit-EraseBytes-
#6910	REDUCE cov: 122 ft: 509 corp: 66/10518b lim: 333 exec/s: 6910 rss: 30Mb L: 8/333 MS: 3 PersAutoDict-ChangeByte-EraseBytes- DE: "\004\000\000\000\000\000\000\000"-
#6911	REDUCE cov: 122 ft: 509 corp: 66/10506b lim: 333 exec/s: 6911 rss: 30Mb L: 14/333 MS: 1 EraseBytes-
#6972	REDUCE cov: 122 ft: 509 corp: 66/10491b lim: 333 exec/s: 6972 rss: 30Mb L: 164/333 MS: 1 EraseBytes-
#7032	NEW    cov: 122 ft: 510 corp: 67/10820b lim: 333 exec/s: 7032 rss: 30Mb L: 329/333 MS: 5 ChangeBit-ChangeASCIIInt-PersAutoDict-ChangeBit-InsertRepeatedBytes- DE: "minf"-
#7078	REDUCE cov: 122 ft: 510 corp: 67/10819b lim: 333 exec/s: 7078 rss: 30Mb L: 4/333 MS: 1 EraseBytes-
#7099	REDUCE cov: 122 ft: 510 corp: 67/10803b lim: 333 exec/s: 7099 rss: 30Mb L: 43/333 MS: 1 EraseBytes-
#7164	REDUCE cov: 122 ft: 511 corp: 68/11067b lim: 333 exec/s: 7164 rss: 30Mb L: 264/333 MS: 5 InsertRepeatedBytes-ChangeByte-CMP-InsertByte-InsertByte- DE: "hvc1"-
#7205	REDUCE cov: 122 ft: 511 corp: 68/11055b lim: 333 exec/s: 7205 rss: 30Mb L: 15/333 MS: 1 EraseBytes-
#7490	REDUCE cov: 122 ft: 511 corp: 68/11052b lim: 333 exec/s: 7490 rss: 30Mb L: 130/333 MS: 5 ShuffleBytes-CopyPart-InsertByte-InsertRepeatedBytes-EraseBytes-
#7651	REDUCE cov: 122 ft: 511 corp: 68/11003b lim: 333 exec/s: 7651 rss: 30Mb L: 50/333 MS: 1 EraseBytes-
#7890	REDUCE cov: 122 ft: 511 corp: 68/11002b lim: 333 exec/s: 7890 rss: 30Mb L: 124/333 MS: 4 CopyPart-ChangeBinInt-PersAutoDict-CrossOver- DE: "dinf"-
#7906	REDUCE cov: 122 ft: 511 corp: 68/11001b lim: 333 exec/s: 7906 rss: 30Mb L: 255/333 MS: 1 CrossOver-
#7963	REDUCE cov: 122 ft: 511 corp: 68/10996b lim: 333 exec/s: 7963 rss: 30Mb L: 25/333 MS: 2 ChangeBinInt-EraseBytes-
#8000	REDUCE cov: 122 ft: 511 corp: 68/10994b lim: 333 exec/s: 8000 rss: 30Mb L: 12/333 MS: 2 ShuffleBytes-EraseBytes-
#8531	REDUCE cov: 122 ft: 511 corp: 68/10983b lim: 333 exec/s: 8531 rss: 30Mb L: 201/333 MS: 1 EraseBytes-
#8539	REDUCE cov: 122 ft: 511 corp: 68/10971b lim: 333 exec/s: 8539 rss: 30Mb L: 290/333 MS: 3 ChangeBit-ChangeBinInt-EraseBytes-
#8640	REDUCE cov: 122 ft: 511 corp: 68/10969b lim: 333 exec/s: 8640 rss: 30Mb L: 17/333 MS: 1 EraseBytes-
#8943	REDUCE cov: 122 ft: 511 corp: 68/10899b lim: 333 exec/s: 8943 rss: 30Mb L: 234/333 MS: 3 ShuffleBytes-CopyPart-CrossOver-
#9035	REDUCE cov: 122 ft: 511 corp: 68/10895b lim: 333 exec/s: 9035 rss: 30Mb L: 11/333 MS: 2 ChangeBit-EraseBytes-
#9086	REDUCE cov: 122 ft: 511 corp: 68/10894b lim: 333 exec/s: 9086 rss: 30Mb L: 230/333 MS: 1 EraseBytes-
#9224	NEW    cov: 122 ft: 512 corp: 69/11216b lim: 333 exec/s: 9224 rss: 30Mb L: 322/333 MS: 3 ShuffleBytes-ChangeBinInt-InsertRepeatedBytes-
#9261	REDUCE cov: 122 ft: 512 corp: 69/11215b lim: 333 exec/s: 9261 rss: 30Mb L: 43/333 MS: 2 CopyPart-EraseBytes-
#9705	REDUCE cov: 122 ft: 512 corp: 69/11214b lim: 333 exec/s: 9705 rss: 30Mb L: 163/333 MS: 4 EraseBytes-PersAutoDict-CrossOver-InsertRepeatedBytes- DE: "\000 "-
#10176	REDUCE cov: 122 ft: 512 corp: 69/11179b lim: 333 exec/s: 10176 rss: 30Mb L: 259/333 MS: 1 EraseBytes-
#10332	REDUCE cov: 122 ft: 512 corp: 69/11177b lim: 333 exec/s: 10332 rss: 30Mb L: 193/333 MS: 1 EraseBytes-
#10394	REDUCE cov: 122 ft: 512 corp: 69/11089b lim: 333 exec/s: 10394 rss: 30Mb L: 236/333 MS: 2 ShuffleBytes-EraseBytes-
#10630	REDUCE cov: 122 ft: 512 corp: 69/10961b lim: 333 exec/s: 10630 rss: 30Mb L: 184/333 MS: 1 EraseBytes-
#10756	REDUCE cov: 122 ft: 512 corp: 69/10960b lim: 333 exec/s: 10756 rss: 30Mb L: 3/333 MS: 1 EraseBytes-
#11154	REDUCE cov: 122 ft: 512 corp: 69/10959b lim: 333 exec/s: 11154 rss: 30Mb L: 34/333 MS: 3 InsertByte-EraseBytes-PersAutoDict- DE: "\000\000\000\000\000\000\000\004"-
#11523	REDUCE cov: 122 ft: 512 corp: 69/10957b lim: 333 exec/s: 11523 rss: 30Mb L: 42/333 MS: 4 CMP-ChangeBit-CopyPart-EraseBytes- DE: "fiin"-
#11825	REDUCE cov: 122 ft: 512 corp: 69/10956b lim: 333 exec/s: 11825 rss: 30Mb L: 33/333 MS: 2 ChangeBinInt-EraseBytes-
#11856	REDUCE cov: 122 ft: 512 corp: 69/10934b lim: 333 exec/s: 11856 rss: 30Mb L: 59/333 MS: 1 EraseBytes-
#11862	REDUCE cov: 122 ft: 512 corp: 69/10933b lim: 333 exec/s: 11862 rss: 30Mb L: 2/333 MS: 1 EraseBytes-
#12092	REDUCE cov: 122 ft: 512 corp: 69/10918b lim: 333 exec/s: 12092 rss: 30Mb L: 115/333 MS: 5 CopyPart-CMP-PersAutoDict-ShuffleBytes-EraseBytes- DE: "hvc1"-"\023\000\000\000\000\000\000\000"-
#12150	REDUCE cov: 123 ft: 514 corp: 70/11068b lim: 333 exec/s: 6075 rss: 223Mb L: 150/333 MS: 3 CopyPart-EraseBytes-PersAutoDict- DE: "hvc1"-
#12281	REDUCE cov: 123 ft: 514 corp: 70/11067b lim: 333 exec/s: 6140 rss: 223Mb L: 1/333 MS: 1 EraseBytes-
#12449	REDUCE cov: 123 ft: 514 corp: 70/11038b lim: 333 exec/s: 6224 rss: 223Mb L: 61/333 MS: 3 ChangeBinInt-PersAutoDict-EraseBytes- DE: "\001\000tL\024\001\267\325"-
#12495	REDUCE cov: 123 ft: 514 corp: 70/11030b lim: 333 exec/s: 6247 rss: 223Mb L: 35/333 MS: 1 EraseBytes-
#12896	REDUCE cov: 123 ft: 514 corp: 70/10993b lim: 333 exec/s: 6448 rss: 223Mb L: 253/333 MS: 1 EraseBytes-
#12976	REDUCE cov: 123 ft: 514 corp: 70/10992b lim: 333 exec/s: 6488 rss: 223Mb L: 98/333 MS: 5 ChangeBit-ChangeByte-ChangeByte-InsertRepeatedBytes-EraseBytes-
#12992	REDUCE cov: 123 ft: 514 corp: 70/10990b lim: 333 exec/s: 6496 rss: 223Mb L: 9/333 MS: 1 EraseBytes-
#13055	REDUCE cov: 123 ft: 514 corp: 70/10923b lim: 333 exec/s: 6527 rss: 223Mb L: 232/333 MS: 3 InsertRepeatedBytes-CopyPart-EraseBytes-
#13419	REDUCE cov: 123 ft: 514 corp: 70/10902b lim: 333 exec/s: 4473 rss: 223Mb L: 129/333 MS: 4 ChangeBit-CrossOver-ChangeByte-EraseBytes-
#13598	REDUCE cov: 123 ft: 514 corp: 70/10894b lim: 333 exec/s: 4532 rss: 223Mb L: 16/333 MS: 4 ChangeASCIIInt-ChangeBit-ChangeByte-EraseBytes-
#13647	REDUCE cov: 123 ft: 514 corp: 70/10891b lim: 333 exec/s: 4549 rss: 223Mb L: 325/333 MS: 4 InsertByte-CopyPart-CMP-EraseBytes- DE: "pixi"-
#13653	REDUCE cov: 123 ft: 514 corp: 70/10888b lim: 333 exec/s: 4551 rss: 223Mb L: 89/333 MS: 1 EraseBytes-
#13964	REDUCE cov: 123 ft: 514 corp: 70/10887b lim: 333 exec/s: 4654 rss: 223Mb L: 41/333 MS: 1 CrossOver-
#14058	REDUCE cov: 123 ft: 514 corp: 70/10886b lim: 333 exec/s: 4686 rss: 223Mb L: 8/333 MS: 4 PersAutoDict-CopyPart-ChangeByte-EraseBytes- DE: "~\377\377\377\377\377\377\377"-
#14144	REDUCE cov: 123 ft: 514 corp: 70/10882b lim: 333 exec/s: 4714 rss: 223Mb L: 230/333 MS: 1 EraseBytes-
#14238	REDUCE cov: 123 ft: 514 corp: 70/10850b lim: 333 exec/s: 4746 rss: 223Mb L: 152/333 MS: 4 PersAutoDict-CopyPart-ChangeBinInt-EraseBytes- DE: "\001\000tL\024\001\267\325"-
==25133== ERROR: libFuzzer: out-of-memory (used: 1215Mb; limit: 1024Mb)
   To change the out-of-memory limit use -rss_limit_mb=<N>

MS: 5 InsertByte-ChangeASCIIInt-PersAutoDict-ChangeBinInt-InsertRepeatedBytes- DE: "\000\000\000\000\000\000\000p"-; base unit: 744c5c8aee40376aa7bcd7a7d9421e61ca073bf0
0x0,0x0,0x0,0x1c,0x66,0x74,0x79,0x70,0x69,0x73,0x6f,0x32,0x0,0x0,0x0,0x0,0x69,0x73,0x6f,0x35,0x69,0x73,0x6f,0x36,0x6d,0x70,0x34,0x31,0x0,0x0,0x0,0x80,0x68,0x76,0x63,0x31,0x6d,0x6f,0x6f,0x7e,0x7e,0x7e,0x7e,0x7e,0x7e,0x7e,0x7e,0x7e,0x7e,0x7e,0x7e,0x7e,0x7e,0x7e,0x7e,0x7e,0x7e,0x7e,0x7e,0x7e,0x7e,0x7e,0x7e,0x7e,0x7e,0x7e,0x7e,0x7e,0x7e,0x7e,0x7e,0x7e,0x7e,0x7e,0x7e,0x7e,0x7e,0x7e,0x7e,0x7e,0x7e,0x7e,0x7e,0x7e,0x7e,0x7e,0x7e,0x7e,0x7e,0x7e,0x7e,0x7e,0x7e,0x7e,0x7e,0x7e,0x7e,0x7e,0x7e,0x7e,0x7e,0x7e,0x7e,0x7e,0x7e,0x7e,0x7e,0x7e,0x7e,0x7e,0x7e,0x7e,0x7e,0x76,0x0,0x0,0x0,0x78,0x6d,0x76,0x68,0x64,0x0,0x0,0x0,0x0,0x0,0x0,0x0,0x0,0x0,0xff,0xff,0xff,0xff,0xff,0xff,0x0,0x20,0xff,0x0,0x0,0x0,0x0,0x0,0x0,0x0,0x70,0x0,0x0,0x1,0x0,0x0,0x0,0x0,0x0,0x0,0x0,0x0,0x0,0x0,0x0,0x0,0x1,0x0,0x0,0x4,0xc,0xc,0xc,0xc,0xc,0xc,0xc,0xc,0xc,0xc,0xc,0xc,0xc,0xc,0xc,0xc,0xc,0xc,0xc,0xc,0xc,0xc,0xc,0xc,0xc,0xc,0xc,0x0,0x0,0x0,0x0,0x0,0x0,0x0,0x30,0x0,0x0,
\000\000\000\034ftypiso2\000\000\000\000iso5iso6mp41\000\000\000\200hvc1moo~~~~~~~~~~~~~~~~~~~~~~~~~~~~~~~~~~~~~~~~~~~~~~~~~~~~~~~~~~~~~~~~~~~~~~~~~~v\000\000\000xmvhd\000\000\000\000\000\000\000\000\000\377\377\377\377\377\377\000 \377\000\000\000\000\000\000\000p\000\000\001\000\000\000\000\000\000\000\000\000\000\000\000\001\000\000\004\014\014\014\014\014\014\014\014\014\014\014\014\014\014\014\014\014\014\014\014\014\014\014\014\014\014\014\000\000\000\000\000\000\0000\000\000
artifact_prefix='/results/crashes/20260313_143220_9b696b08_'; Test unit written to /results/crashes/20260313_143220_9b696b08_oom-cd5240e502f189f72940795be8b0cb4552a09d99
Base64: AAAAHGZ0eXBpc28yAAAAAGlzbzVpc282bXA0MQAAAIBodmMxbW9vfn5+fn5+fn5+fn5+fn5+fn5+fn5+fn5+fn5+fn5+fn5+fn5+fn5+fn5+fn5+fn5+fn5+fn5+fn5+fn5+fn5+fn5+fn5+fn5+fn52AAAAeG12aGQAAAAAAAAAAAD///////8AIP8AAAAAAAAAcAAAAQAAAAAAAAAAAAAAAAEAAAQMDAwMDAwMDAwMDAwMDAwMDAwMDAwMDAwMDAwAAAAAAAAAMAAA
SUMMARY: libFuzzer: out-of-memory
stat::number_of_executed_units: 14283
stat::average_exec_per_sec:     2856
stat::new_units_added:          184
stat::slowest_unit_time_sec:    0
stat::peak_rss_mb:              1216
