INFO: Running with entropic power schedule (0xFF, 100).
INFO: Seed: 1351056932
INFO: Loaded 1 modules   (252 inline 8-bit counters): 252 [0x5f8f1486e678, 0x5f8f1486e774), 
INFO: Loaded 1 PC tables (252 PCs): 252 [0x5f8f1486e778,0x5f8f1486f738), 
INFO:        4 files found in /tmp/corpus_20260313_161453_b6f96995
INFO: seed corpus: files: 4 min: 48b max: 333b total: 853b rss: 28Mb
#5	INITED cov: 117 ft: 250 corp: 4/853b exec/s: 0 rss: 29Mb
#7	NEW    cov: 117 ft: 265 corp: 5/1020b lim: 333 exec/s: 0 rss: 29Mb L: 167/333 MS: 2 EraseBytes-CrossOver-
#10	NEW    cov: 117 ft: 289 corp: 6/1028b lim: 333 exec/s: 0 rss: 29Mb L: 8/333 MS: 3 ChangeBit-ShuffleBytes-CrossOver-
#13	NEW    cov: 117 ft: 293 corp: 7/1281b lim: 333 exec/s: 0 rss: 29Mb L: 253/333 MS: 3 ChangeBit-ShuffleBytes-InsertByte-
#14	NEW    cov: 118 ft: 295 corp: 8/1567b lim: 333 exec/s: 0 rss: 29Mb L: 286/333 MS: 1 InsertRepeatedBytes-
#16	NEW    cov: 118 ft: 303 corp: 9/1708b lim: 333 exec/s: 0 rss: 29Mb L: 141/333 MS: 2 ChangeByte-EraseBytes-
#20	NEW    cov: 118 ft: 305 corp: 10/1870b lim: 333 exec/s: 0 rss: 29Mb L: 162/333 MS: 4 ChangeBit-CrossOver-CMP-EraseBytes- DE: "\017\000\000\000\000\000\000\000"-
#22	NEW    cov: 119 ft: 307 corp: 11/2168b lim: 333 exec/s: 0 rss: 29Mb L: 298/333 MS: 2 PersAutoDict-CMP- DE: "\017\000\000\000\000\000\000\000"-"trak"-
#29	NEW    cov: 120 ft: 311 corp: 12/2496b lim: 333 exec/s: 0 rss: 29Mb L: 328/333 MS: 2 CopyPart-InsertRepeatedBytes-
#33	NEW    cov: 120 ft: 318 corp: 13/2671b lim: 333 exec/s: 0 rss: 29Mb L: 175/333 MS: 4 ChangeBit-CMP-InsertRepeatedBytes-EraseBytes- DE: "\000\000_\217%\016\327J"-
#37	NEW    cov: 120 ft: 327 corp: 14/2714b lim: 333 exec/s: 0 rss: 29Mb L: 43/333 MS: 4 InsertByte-PersAutoDict-CMP-CrossOver- DE: "\017\000\000\000\000\000\000\000"-"\034\270\016%\217_\000\000"-
#38	NEW    cov: 120 ft: 330 corp: 15/2762b lim: 333 exec/s: 0 rss: 29Mb L: 48/333 MS: 1 CopyPart-
#40	NEW    cov: 121 ft: 331 corp: 16/2928b lim: 333 exec/s: 0 rss: 29Mb L: 166/333 MS: 2 ChangeBinInt-CMP- DE: "eu`\000"-
#43	NEW    cov: 121 ft: 341 corp: 17/3045b lim: 333 exec/s: 0 rss: 29Mb L: 117/333 MS: 3 ChangeByte-ChangeASCIIInt-EraseBytes-
#44	NEW    cov: 121 ft: 342 corp: 18/3211b lim: 333 exec/s: 0 rss: 29Mb L: 166/333 MS: 1 ChangeBinInt-
#46	NEW    cov: 121 ft: 343 corp: 19/3480b lim: 333 exec/s: 0 rss: 29Mb L: 269/333 MS: 2 ShuffleBytes-InsertRepeatedBytes-
#50	NEW    cov: 121 ft: 344 corp: 20/3800b lim: 333 exec/s: 0 rss: 29Mb L: 320/333 MS: 4 InsertRepeatedBytes-CMP-ChangeByte-InsertRepeatedBytes- DE: "hvc1"-
#53	NEW    cov: 121 ft: 345 corp: 21/3881b lim: 333 exec/s: 0 rss: 29Mb L: 81/333 MS: 3 ChangeBit-ShuffleBytes-EraseBytes-
#54	NEW    cov: 121 ft: 348 corp: 22/3889b lim: 333 exec/s: 0 rss: 29Mb L: 8/333 MS: 1 PersAutoDict- DE: "trak"-
#70	REDUCE cov: 121 ft: 348 corp: 22/3883b lim: 333 exec/s: 0 rss: 29Mb L: 37/333 MS: 1 EraseBytes-
#79	NEW    cov: 121 ft: 349 corp: 23/4012b lim: 333 exec/s: 0 rss: 29Mb L: 129/333 MS: 4 ChangeASCIIInt-ChangeBinInt-PersAutoDict-CMP- DE: "hvc1"-"\377\377^\217\024c\331\344"-
#83	NEW    cov: 121 ft: 350 corp: 24/4115b lim: 333 exec/s: 0 rss: 29Mb L: 103/333 MS: 4 CopyPart-ShuffleBytes-InsertByte-CopyPart-
#94	NEW    cov: 121 ft: 360 corp: 25/4131b lim: 333 exec/s: 0 rss: 29Mb L: 16/333 MS: 1 CMP- DE: "\000\000\000\000\000\000\000\004"-
#96	NEW    cov: 121 ft: 363 corp: 26/4194b lim: 333 exec/s: 0 rss: 29Mb L: 63/333 MS: 2 InsertByte-CrossOver-
#110	NEW    cov: 121 ft: 366 corp: 27/4354b lim: 333 exec/s: 0 rss: 29Mb L: 160/333 MS: 4 InsertRepeatedBytes-ChangeBinInt-ChangeBinInt-EraseBytes-
#122	REDUCE cov: 121 ft: 366 corp: 27/4348b lim: 333 exec/s: 0 rss: 29Mb L: 322/333 MS: 2 ChangeByte-EraseBytes-
#126	NEW    cov: 121 ft: 367 corp: 28/4450b lim: 333 exec/s: 0 rss: 29Mb L: 102/333 MS: 4 EraseBytes-CrossOver-CrossOver-EraseBytes-
#134	NEW    cov: 121 ft: 371 corp: 29/4753b lim: 333 exec/s: 0 rss: 29Mb L: 303/333 MS: 3 InsertByte-PersAutoDict-InsertRepeatedBytes- DE: "\000\000_\217%\016\327J"-
#135	NEW    cov: 121 ft: 375 corp: 30/4805b lim: 333 exec/s: 0 rss: 29Mb L: 52/333 MS: 1 CMP- DE: "dref"-
#155	NEW    cov: 121 ft: 376 corp: 31/5020b lim: 333 exec/s: 0 rss: 29Mb L: 215/333 MS: 5 CrossOver-PersAutoDict-CopyPart-PersAutoDict-CrossOver- DE: "\034\270\016%\217_\000\000"-"\377\377^\217\024c\331\344"-
#175	NEW    cov: 121 ft: 377 corp: 32/5242b lim: 333 exec/s: 0 rss: 29Mb L: 222/333 MS: 5 ChangeBit-ChangeASCIIInt-ChangeByte-CrossOver-EraseBytes-
#181	NEW    cov: 121 ft: 381 corp: 33/5534b lim: 333 exec/s: 0 rss: 29Mb L: 292/333 MS: 1 EraseBytes-
#198	NEW    cov: 121 ft: 389 corp: 34/5562b lim: 333 exec/s: 0 rss: 29Mb L: 28/333 MS: 2 ChangeBit-CopyPart-
#213	NEW    cov: 121 ft: 390 corp: 35/5895b lim: 333 exec/s: 0 rss: 29Mb L: 333/333 MS: 5 ChangeByte-CrossOver-CMP-ShuffleBytes-CopyPart- DE: "\001\000\000\000\000\000\000\001"-
#230	REDUCE cov: 121 ft: 390 corp: 35/5884b lim: 333 exec/s: 0 rss: 29Mb L: 292/333 MS: 2 InsertRepeatedBytes-EraseBytes-
#236	NEW    cov: 121 ft: 391 corp: 36/5960b lim: 333 exec/s: 0 rss: 29Mb L: 76/333 MS: 1 EraseBytes-
#250	NEW    cov: 122 ft: 393 corp: 37/6255b lim: 333 exec/s: 0 rss: 29Mb L: 295/333 MS: 4 EraseBytes-InsertRepeatedBytes-ChangeBit-CopyPart-
#259	NEW    cov: 122 ft: 394 corp: 38/6541b lim: 333 exec/s: 0 rss: 29Mb L: 286/333 MS: 4 ChangeBinInt-ChangeByte-ShuffleBytes-ChangeBit-
#283	NEW    cov: 122 ft: 406 corp: 39/6637b lim: 333 exec/s: 0 rss: 29Mb L: 96/333 MS: 4 ChangeBinInt-ChangeBinInt-PersAutoDict-EraseBytes- DE: "dref"-
#309	NEW    cov: 123 ft: 407 corp: 40/6644b lim: 333 exec/s: 0 rss: 29Mb L: 7/333 MS: 1 EraseBytes-
#338	NEW    cov: 123 ft: 408 corp: 41/6712b lim: 333 exec/s: 0 rss: 29Mb L: 68/333 MS: 4 CMP-InsertByte-CrossOver-InsertRepeatedBytes- DE: "avc1"-
#342	NEW    cov: 123 ft: 439 corp: 42/6881b lim: 333 exec/s: 0 rss: 29Mb L: 169/333 MS: 4 PersAutoDict-InsertByte-CMP-ChangeBit- DE: "\000\000\000\000\000\000\000\004"-"\377\377^\217%\016} "-
#353	REDUCE cov: 123 ft: 439 corp: 42/6878b lim: 333 exec/s: 0 rss: 29Mb L: 4/333 MS: 1 EraseBytes-
#361	NEW    cov: 123 ft: 440 corp: 43/7064b lim: 333 exec/s: 0 rss: 29Mb L: 186/333 MS: 3 ChangeBit-ChangeBit-InsertRepeatedBytes-
#377	REDUCE cov: 123 ft: 440 corp: 43/7062b lim: 333 exec/s: 0 rss: 29Mb L: 2/333 MS: 1 EraseBytes-
#386	NEW    cov: 123 ft: 441 corp: 44/7123b lim: 333 exec/s: 0 rss: 29Mb L: 61/333 MS: 4 ShuffleBytes-ShuffleBytes-ChangeBit-InsertRepeatedBytes-
#404	REDUCE cov: 123 ft: 447 corp: 45/7446b lim: 333 exec/s: 0 rss: 29Mb L: 323/333 MS: 3 ShuffleBytes-InsertByte-ChangeBinInt-
#420	NEW    cov: 123 ft: 450 corp: 46/7497b lim: 333 exec/s: 0 rss: 29Mb L: 51/333 MS: 1 CopyPart-
#431	NEW    cov: 123 ft: 462 corp: 47/7517b lim: 333 exec/s: 0 rss: 29Mb L: 20/333 MS: 1 CrossOver-
#445	NEW    cov: 123 ft: 463 corp: 48/7788b lim: 333 exec/s: 0 rss: 29Mb L: 271/333 MS: 4 InsertByte-EraseBytes-CopyPart-InsertRepeatedBytes-
#508	REDUCE cov: 123 ft: 463 corp: 48/7756b lim: 333 exec/s: 0 rss: 29Mb L: 288/333 MS: 3 ChangeBinInt-ChangeASCIIInt-EraseBytes-
#514	NEW    cov: 123 ft: 464 corp: 49/8080b lim: 333 exec/s: 0 rss: 29Mb L: 324/333 MS: 1 CopyPart-
#537	NEW    cov: 123 ft: 465 corp: 50/8345b lim: 333 exec/s: 0 rss: 29Mb L: 265/333 MS: 3 CMP-CopyPart-InsertRepeatedBytes- DE: "St13runtime_"-
#551	NEW    cov: 123 ft: 466 corp: 51/8379b lim: 333 exec/s: 0 rss: 29Mb L: 34/333 MS: 4 ChangeBit-EraseBytes-CrossOver-EraseBytes-
#563	REDUCE cov: 123 ft: 466 corp: 51/8368b lim: 333 exec/s: 0 rss: 29Mb L: 41/333 MS: 2 ChangeByte-CrossOver-
#594	REDUCE cov: 123 ft: 466 corp: 51/8363b lim: 333 exec/s: 0 rss: 29Mb L: 136/333 MS: 1 EraseBytes-
#634	REDUCE cov: 123 ft: 466 corp: 51/8354b lim: 333 exec/s: 0 rss: 29Mb L: 67/333 MS: 5 CMP-ChangeBinInt-ChangeBinInt-EraseBytes-CMP- DE: "\002\000\000\000\001\000\000\000"-"ispe"-
#729	NEW    cov: 123 ft: 468 corp: 52/8653b lim: 333 exec/s: 0 rss: 29Mb L: 299/333 MS: 5 ChangeASCIIInt-ChangeByte-EraseBytes-CMP-CopyPart- DE: "edts"-
#768	NEW    cov: 123 ft: 476 corp: 53/8677b lim: 333 exec/s: 0 rss: 29Mb L: 24/333 MS: 4 ShuffleBytes-ShuffleBytes-ChangeBinInt-EraseBytes-
#829	REDUCE cov: 123 ft: 476 corp: 53/8666b lim: 333 exec/s: 0 rss: 29Mb L: 13/333 MS: 1 EraseBytes-
#1001	REDUCE cov: 123 ft: 476 corp: 53/8649b lim: 333 exec/s: 0 rss: 29Mb L: 51/333 MS: 2 ChangeBinInt-EraseBytes-
==359663== ERROR: libFuzzer: out-of-memory (used: 1309Mb; limit: 1024Mb)
   To change the out-of-memory limit use -rss_limit_mb=<N>

MS: 5 ChangeBit-InsertByte-CrossOver-ChangeBit-InsertByte-; base unit: 6c181252ba3d26b14e2e9c8200602989c526f3fd
0x0,0x0,0x0,0x1c,0x66,0x74,0x79,0x70,0x4d,0x34,0x56,0x20,0x0,0x0,0x0,0x0,0x4d,0x34,0x56,0x20,0x34,0x6d,0x70,0x0,0x0,0x0,0x0,0x0,0x4,0x0,0x0,0x0,0x6d,0x65,0x74,0x61,0x0,0x0,0x0,0x0,0x0,0x0,0x0,0x21,0x68,0x64,0x6c,0x72,0x0,0x0,0x0,0x0,0x0,0x0,0x0,0x0,0x6d,0x64,0x69,0x80,0x61,0x70,0x70,0x6c,0x0,0x0,0x0,0x0,0x0,0x0,0x0,0x0,0x0,0x73,0x74,0x0,0x0,0x0,0x22,0xc2,0xa9,0x6e,0x61,0x6d,0x0,0x0,0x0,0x1a,0x64,0x61,0x74,0x61,0x0,0x64,0x64,0x74,0x61,0x0,0x0,0x0,0x0,0x0,0x0,0x6f,
\000\000\000\034ftypM4V \000\000\000\000M4V 4mp\000\000\000\000\000\004\000\000\000meta\000\000\000\000\000\000\000!hdlr\000\000\000\000\000\000\000\000mdi\200appl\000\000\000\000\000\000\000\000\000st\000\000\000\"\302\251nam\000\000\000\032data\000ddta\000\000\000\000\000\000o
artifact_prefix='/results/crashes/20260313_161453_b6f96995_'; Test unit written to /results/crashes/20260313_161453_b6f96995_oom-be16ba7b6875781d4ae6c0b29259669106c785d2
Base64: AAAAHGZ0eXBNNFYgAAAAAE00ViA0bXAAAAAAAAQAAABtZXRhAAAAAAAAACFoZGxyAAAAAAAAAABtZGmAYXBwbAAAAAAAAAAAAHN0AAAAIsKpbmFtAAAAGmRhdGEAZGR0YQAAAAAAAG8=
SUMMARY: libFuzzer: out-of-memory
stat::number_of_executed_units: 1016
stat::average_exec_per_sec:     1016
stat::new_units_added:          60
stat::slowest_unit_time_sec:    0
stat::peak_rss_mb:              1310
