INFO: Running with entropic power schedule (0xFF, 100).
INFO: Seed: 364806989
INFO: Loaded 1 modules   (252 inline 8-bit counters): 252 [0x61311c61d678, 0x61311c61d774), 
INFO: Loaded 1 PC tables (252 PCs): 252 [0x61311c61d778,0x61311c61e738), 
INFO:        4 files found in /tmp/corpus_20260313_190327_26d98adc
INFO: seed corpus: files: 4 min: 48b max: 333b total: 853b rss: 28Mb
#5	INITED cov: 118 ft: 254 corp: 4/853b exec/s: 0 rss: 29Mb
#7	NEW    cov: 119 ft: 262 corp: 5/1013b lim: 333 exec/s: 0 rss: 29Mb L: 160/333 MS: 2 ChangeBit-EraseBytes-
#9	NEW    cov: 119 ft: 268 corp: 6/1050b lim: 333 exec/s: 0 rss: 29Mb L: 37/333 MS: 2 ChangeBinInt-EraseBytes-
#10	NEW    cov: 119 ft: 282 corp: 7/1317b lim: 333 exec/s: 0 rss: 29Mb L: 267/333 MS: 1 InsertRepeatedBytes-
#11	REDUCE cov: 119 ft: 282 corp: 7/1278b lim: 333 exec/s: 0 rss: 29Mb L: 228/333 MS: 1 EraseBytes-
#14	NEW    cov: 119 ft: 287 corp: 8/1522b lim: 333 exec/s: 0 rss: 29Mb L: 244/333 MS: 3 EraseBytes-ChangeBinInt-CrossOver-
#15	NEW    cov: 119 ft: 296 corp: 9/1658b lim: 333 exec/s: 0 rss: 29Mb L: 136/333 MS: 1 InsertRepeatedBytes-
#25	NEW    cov: 119 ft: 297 corp: 10/1924b lim: 333 exec/s: 0 rss: 29Mb L: 266/333 MS: 5 ChangeBit-InsertRepeatedBytes-CMP-InsertByte-CMP- DE: "\001'"-"\000\000\000\000"-
#27	NEW    cov: 119 ft: 303 corp: 11/2086b lim: 333 exec/s: 0 rss: 29Mb L: 162/333 MS: 2 ChangeBinInt-EraseBytes-
#30	NEW    cov: 120 ft: 313 corp: 12/2384b lim: 333 exec/s: 0 rss: 29Mb L: 298/333 MS: 3 CrossOver-PersAutoDict-InsertRepeatedBytes- DE: "\001'"-
#33	NEW    cov: 120 ft: 322 corp: 13/2690b lim: 333 exec/s: 0 rss: 29Mb L: 306/333 MS: 3 CMP-CrossOver-ShuffleBytes- DE: "\001\000\000\000\000\000\000\244"-
#34	REDUCE cov: 120 ft: 322 corp: 13/2680b lim: 333 exec/s: 0 rss: 29Mb L: 256/333 MS: 1 EraseBytes-
#41	NEW    cov: 120 ft: 323 corp: 14/2839b lim: 333 exec/s: 0 rss: 29Mb L: 159/333 MS: 2 CMP-EraseBytes- DE: "\001\000a1.\351\204\011"-
#42	NEW    cov: 121 ft: 324 corp: 15/3092b lim: 333 exec/s: 0 rss: 29Mb L: 253/333 MS: 1 EraseBytes-
#44	NEW    cov: 121 ft: 325 corp: 16/3384b lim: 333 exec/s: 0 rss: 29Mb L: 292/333 MS: 2 CopyPart-InsertRepeatedBytes-
#48	NEW    cov: 121 ft: 326 corp: 17/3548b lim: 333 exec/s: 0 rss: 29Mb L: 164/333 MS: 4 ChangeBinInt-ShuffleBytes-ChangeBit-CMP- DE: "tapt"-
#54	NEW    cov: 121 ft: 329 corp: 18/3587b lim: 333 exec/s: 0 rss: 29Mb L: 39/333 MS: 1 CrossOver-
#69	NEW    cov: 121 ft: 367 corp: 19/3613b lim: 333 exec/s: 0 rss: 29Mb L: 26/333 MS: 5 EraseBytes-PersAutoDict-CMP-PersAutoDict-CrossOver- DE: "tapt"-"iinf"-"\001\000\000\000\000\000\000\244"-
#71	NEW    cov: 121 ft: 368 corp: 20/3656b lim: 333 exec/s: 0 rss: 29Mb L: 43/333 MS: 2 ChangeBinInt-PersAutoDict- DE: "\000\000\000\000"-
#74	NEW    cov: 121 ft: 369 corp: 21/3699b lim: 333 exec/s: 0 rss: 29Mb L: 43/333 MS: 3 PersAutoDict-ShuffleBytes-ChangeBinInt- DE: "tapt"-
#79	NEW    cov: 121 ft: 377 corp: 22/3782b lim: 333 exec/s: 0 rss: 29Mb L: 83/333 MS: 5 InsertRepeatedBytes-ChangeByte-ChangeASCIIInt-ChangeBinInt-CrossOver-
#82	NEW    cov: 121 ft: 378 corp: 23/4111b lim: 333 exec/s: 0 rss: 29Mb L: 329/333 MS: 3 ChangeASCIIInt-PersAutoDict-InsertRepeatedBytes- DE: "iinf"-
#83	NEW    cov: 121 ft: 391 corp: 24/4134b lim: 333 exec/s: 0 rss: 29Mb L: 23/333 MS: 1 EraseBytes-
#91	NEW    cov: 121 ft: 392 corp: 25/4467b lim: 333 exec/s: 0 rss: 29Mb L: 333/333 MS: 3 ChangeByte-CMP-CopyPart- DE: "\025N\352.1a\000\000"-
#98	REDUCE cov: 121 ft: 410 corp: 26/4731b lim: 333 exec/s: 0 rss: 29Mb L: 264/333 MS: 2 CMP-ChangeByte- DE: "\377\377\377\377\377\377\377w"-
#104	NEW    cov: 121 ft: 418 corp: 27/4758b lim: 333 exec/s: 0 rss: 29Mb L: 27/333 MS: 1 EraseBytes-
#106	NEW    cov: 121 ft: 419 corp: 28/4809b lim: 333 exec/s: 0 rss: 29Mb L: 51/333 MS: 2 PersAutoDict-ChangeByte- DE: "\001\000a1.\351\204\011"-
#110	NEW    cov: 121 ft: 420 corp: 29/4843b lim: 333 exec/s: 0 rss: 29Mb L: 34/333 MS: 4 ChangeBit-ChangeBit-PersAutoDict-CopyPart- DE: "\377\377\377\377\377\377\377w"-
#148	REDUCE cov: 121 ft: 420 corp: 29/4841b lim: 333 exec/s: 0 rss: 29Mb L: 35/333 MS: 3 InsertByte-CopyPart-EraseBytes-
#149	NEW    cov: 121 ft: 421 corp: 30/5024b lim: 333 exec/s: 0 rss: 29Mb L: 183/333 MS: 1 CrossOver-
#151	NEW    cov: 121 ft: 422 corp: 31/5094b lim: 333 exec/s: 0 rss: 29Mb L: 70/333 MS: 2 CrossOver-CopyPart-
#154	NEW    cov: 121 ft: 423 corp: 32/5257b lim: 333 exec/s: 0 rss: 29Mb L: 163/333 MS: 3 ChangeBit-InsertRepeatedBytes-ChangeByte-
#155	NEW    cov: 121 ft: 425 corp: 33/5340b lim: 333 exec/s: 0 rss: 29Mb L: 83/333 MS: 1 EraseBytes-
#158	NEW    cov: 121 ft: 426 corp: 34/5591b lim: 333 exec/s: 0 rss: 29Mb L: 251/333 MS: 3 ChangeBinInt-ChangeBit-EraseBytes-
#161	REDUCE cov: 121 ft: 426 corp: 34/5566b lim: 333 exec/s: 0 rss: 29Mb L: 137/333 MS: 3 CMP-CMP-EraseBytes- DE: "\337\304\352.1a\000\000"-"\353\304\337\000"-
#190	REDUCE cov: 121 ft: 426 corp: 34/5513b lim: 333 exec/s: 0 rss: 29Mb L: 130/333 MS: 4 PersAutoDict-InsertByte-ChangeBinInt-EraseBytes- DE: "\353\304\337\000"-
#191	NEW    cov: 122 ft: 427 corp: 35/5518b lim: 333 exec/s: 0 rss: 29Mb L: 5/333 MS: 1 CrossOver-
#194	NEW    cov: 122 ft: 430 corp: 36/5813b lim: 333 exec/s: 0 rss: 29Mb L: 295/333 MS: 3 ChangeBinInt-InsertByte-CMP- DE: "\007\000"-
#196	REDUCE cov: 122 ft: 430 corp: 36/5768b lim: 333 exec/s: 0 rss: 29Mb L: 92/333 MS: 2 CrossOver-EraseBytes-
#209	NEW    cov: 122 ft: 431 corp: 37/6097b lim: 333 exec/s: 0 rss: 29Mb L: 329/333 MS: 3 CopyPart-PersAutoDict-InsertRepeatedBytes- DE: "tapt"-
#210	NEW    cov: 122 ft: 432 corp: 38/6362b lim: 333 exec/s: 0 rss: 29Mb L: 265/333 MS: 1 InsertByte-
#233	NEW    cov: 122 ft: 438 corp: 39/6515b lim: 333 exec/s: 0 rss: 29Mb L: 153/333 MS: 3 EraseBytes-ShuffleBytes-EraseBytes-
#238	REDUCE cov: 122 ft: 440 corp: 40/6640b lim: 333 exec/s: 0 rss: 29Mb L: 125/333 MS: 5 ChangeBinInt-ShuffleBytes-InsertByte-CopyPart-CrossOver-
#246	NEW    cov: 122 ft: 446 corp: 41/6948b lim: 333 exec/s: 0 rss: 29Mb L: 308/333 MS: 3 ChangeBinInt-ChangeBinInt-InsertRepeatedBytes-
#271	NEW    cov: 122 ft: 450 corp: 42/6982b lim: 333 exec/s: 0 rss: 29Mb L: 34/333 MS: 5 InsertByte-ChangeBit-EraseBytes-ChangeBit-EraseBytes-
#282	NEW    cov: 122 ft: 451 corp: 43/7087b lim: 333 exec/s: 0 rss: 29Mb L: 105/333 MS: 1 EraseBytes-
#310	REDUCE cov: 122 ft: 451 corp: 43/7003b lim: 333 exec/s: 0 rss: 29Mb L: 245/333 MS: 3 CopyPart-CrossOver-EraseBytes-
#322	REDUCE cov: 122 ft: 451 corp: 43/6999b lim: 333 exec/s: 0 rss: 29Mb L: 159/333 MS: 2 PersAutoDict-CrossOver- DE: "\001\000a1.\351\204\011"-
#335	REDUCE cov: 122 ft: 451 corp: 43/6997b lim: 333 exec/s: 0 rss: 29Mb L: 3/333 MS: 3 ChangeByte-ChangeBinInt-EraseBytes-
#342	REDUCE cov: 122 ft: 451 corp: 43/6984b lim: 333 exec/s: 0 rss: 29Mb L: 215/333 MS: 2 CopyPart-EraseBytes-
#365	REDUCE cov: 122 ft: 451 corp: 43/6978b lim: 333 exec/s: 0 rss: 29Mb L: 33/333 MS: 3 ShuffleBytes-CrossOver-EraseBytes-
#382	REDUCE cov: 122 ft: 451 corp: 43/6827b lim: 333 exec/s: 0 rss: 29Mb L: 155/333 MS: 2 ChangeBit-EraseBytes-
#388	NEW    cov: 122 ft: 452 corp: 44/7058b lim: 333 exec/s: 0 rss: 29Mb L: 231/333 MS: 1 CopyPart-
#400	REDUCE cov: 122 ft: 452 corp: 44/7053b lim: 333 exec/s: 0 rss: 29Mb L: 28/333 MS: 2 PersAutoDict-EraseBytes- DE: "\337\304\352.1a\000\000"-
#489	NEW    cov: 122 ft: 453 corp: 45/7346b lim: 333 exec/s: 0 rss: 29Mb L: 293/333 MS: 4 ChangeByte-PersAutoDict-ShuffleBytes-InsertByte- DE: "\000\000\000\000"-
#499	NEW    cov: 123 ft: 454 corp: 46/7477b lim: 333 exec/s: 0 rss: 29Mb L: 131/333 MS: 5 PersAutoDict-ShuffleBytes-ShuffleBytes-CrossOver-CopyPart- DE: "\007\000"-
#532	REDUCE cov: 123 ft: 454 corp: 46/7476b lim: 333 exec/s: 0 rss: 29Mb L: 104/333 MS: 3 ShuffleBytes-ChangeByte-EraseBytes-
#544	REDUCE cov: 123 ft: 454 corp: 46/7474b lim: 333 exec/s: 0 rss: 29Mb L: 21/333 MS: 2 InsertByte-EraseBytes-
#588	NEW    cov: 123 ft: 458 corp: 47/7493b lim: 333 exec/s: 0 rss: 29Mb L: 19/333 MS: 4 ChangeByte-InsertByte-ChangeByte-EraseBytes-
#604	REDUCE cov: 123 ft: 467 corp: 48/7504b lim: 333 exec/s: 0 rss: 29Mb L: 11/333 MS: 1 PersAutoDict- DE: "\377\377\377\377\377\377\377w"-
#665	NEW    cov: 123 ft: 468 corp: 49/7724b lim: 333 exec/s: 0 rss: 29Mb L: 220/333 MS: 1 ChangeBinInt-
#854	NEW    cov: 123 ft: 469 corp: 50/7998b lim: 333 exec/s: 0 rss: 29Mb L: 274/333 MS: 4 PersAutoDict-ChangeByte-ChangeBit-EraseBytes- DE: "\001'"-
#943	REDUCE cov: 123 ft: 469 corp: 50/7996b lim: 333 exec/s: 0 rss: 29Mb L: 41/333 MS: 4 CrossOver-ChangeByte-EraseBytes-PersAutoDict- DE: "\001\000a1.\351\204\011"-
#1004	REDUCE cov: 123 ft: 469 corp: 50/7992b lim: 333 exec/s: 0 rss: 29Mb L: 17/333 MS: 1 EraseBytes-
#1008	REDUCE cov: 123 ft: 469 corp: 50/7967b lim: 333 exec/s: 0 rss: 29Mb L: 58/333 MS: 4 ChangeBinInt-ChangeByte-EraseBytes-PersAutoDict- DE: "tapt"-
#1087	NEW    cov: 123 ft: 476 corp: 51/8300b lim: 333 exec/s: 0 rss: 29Mb L: 333/333 MS: 4 ChangeASCIIInt-CopyPart-ChangeByte-CopyPart-
#1326	NEW    cov: 123 ft: 477 corp: 52/8568b lim: 333 exec/s: 0 rss: 29Mb L: 268/333 MS: 4 ChangeByte-ChangeBinInt-ChangeByte-InsertRepeatedBytes-
#1357	REDUCE cov: 123 ft: 477 corp: 52/8480b lim: 333 exec/s: 0 rss: 29Mb L: 205/333 MS: 1 EraseBytes-
#1373	REDUCE cov: 123 ft: 477 corp: 52/8477b lim: 333 exec/s: 0 rss: 29Mb L: 150/333 MS: 1 EraseBytes-
#1469	REDUCE cov: 123 ft: 477 corp: 52/8476b lim: 333 exec/s: 0 rss: 29Mb L: 42/333 MS: 1 EraseBytes-
#1475	REDUCE cov: 123 ft: 477 corp: 52/8474b lim: 333 exec/s: 0 rss: 29Mb L: 243/333 MS: 1 EraseBytes-
#1483	REDUCE cov: 123 ft: 477 corp: 52/8418b lim: 333 exec/s: 0 rss: 29Mb L: 197/333 MS: 3 ChangeBit-ChangeBinInt-EraseBytes-
#1495	NEW    cov: 123 ft: 478 corp: 53/8437b lim: 333 exec/s: 0 rss: 29Mb L: 19/333 MS: 2 CopyPart-EraseBytes-
#1514	NEW    cov: 123 ft: 485 corp: 54/8665b lim: 333 exec/s: 0 rss: 29Mb L: 228/333 MS: 4 CMP-PersAutoDict-ShuffleBytes-CopyPart- DE: "\017\000\000\000\000\000\000\000"-"\001\000a1.\351\204\011"-
#1577	REDUCE cov: 123 ft: 485 corp: 54/8662b lim: 333 exec/s: 0 rss: 29Mb L: 253/333 MS: 3 PersAutoDict-EraseBytes-InsertRepeatedBytes- DE: "\001\000a1.\351\204\011"-
#1579	REDUCE cov: 123 ft: 485 corp: 54/8661b lim: 333 exec/s: 0 rss: 29Mb L: 18/333 MS: 2 EraseBytes-ChangeBinInt-
#1626	NEW    cov: 123 ft: 486 corp: 55/8877b lim: 333 exec/s: 0 rss: 29Mb L: 216/333 MS: 2 InsertRepeatedBytes-CrossOver-
#1638	NEW    cov: 123 ft: 487 corp: 56/9101b lim: 333 exec/s: 0 rss: 29Mb L: 224/333 MS: 2 PersAutoDict-PersAutoDict- DE: "\337\304\352.1a\000\000"-"iinf"-
#1667	REDUCE cov: 123 ft: 487 corp: 56/9066b lim: 333 exec/s: 0 rss: 29Mb L: 115/333 MS: 4 CopyPart-InsertByte-ShuffleBytes-EraseBytes-
#1670	REDUCE cov: 123 ft: 488 corp: 57/9074b lim: 333 exec/s: 0 rss: 29Mb L: 8/333 MS: 3 ChangeByte-CopyPart-CopyPart-
#1764	REDUCE cov: 123 ft: 488 corp: 57/9048b lim: 333 exec/s: 0 rss: 29Mb L: 189/333 MS: 4 CopyPart-PersAutoDict-PersAutoDict-EraseBytes- DE: "\377\377\377\377\377\377\377w"-"\001\000\000\000\000\000\000\244"-
#1826	NEW    cov: 123 ft: 489 corp: 58/9201b lim: 333 exec/s: 0 rss: 29Mb L: 153/333 MS: 2 CrossOver-EraseBytes-
#1847	REDUCE cov: 123 ft: 489 corp: 58/9196b lim: 333 exec/s: 0 rss: 29Mb L: 13/333 MS: 1 EraseBytes-
#1848	REDUCE cov: 123 ft: 489 corp: 58/9195b lim: 333 exec/s: 0 rss: 29Mb L: 2/333 MS: 1 EraseBytes-
#1895	REDUCE cov: 123 ft: 489 corp: 58/9194b lim: 333 exec/s: 0 rss: 29Mb L: 103/333 MS: 2 InsertByte-EraseBytes-
#1896	REDUCE cov: 123 ft: 489 corp: 58/9162b lim: 333 exec/s: 0 rss: 29Mb L: 123/333 MS: 1 EraseBytes-
#2035	REDUCE cov: 123 ft: 489 corp: 58/9152b lim: 333 exec/s: 0 rss: 29Mb L: 73/333 MS: 4 ChangeBit-CrossOver-ChangeBit-EraseBytes-
#2153	REDUCE cov: 123 ft: 489 corp: 58/9133b lim: 333 exec/s: 0 rss: 29Mb L: 140/333 MS: 3 InsertRepeatedBytes-EraseBytes-InsertRepeatedBytes-
#2240	REDUCE cov: 123 ft: 489 corp: 58/9113b lim: 333 exec/s: 0 rss: 29Mb L: 103/333 MS: 2 CMP-EraseBytes- DE: "\000\000\000\360"-
#2245	REDUCE cov: 123 ft: 489 corp: 58/9111b lim: 333 exec/s: 0 rss: 29Mb L: 33/333 MS: 5 ChangeBit-ChangeByte-ChangeBit-ChangeBinInt-EraseBytes-
#2336	REDUCE cov: 123 ft: 489 corp: 58/9087b lim: 333 exec/s: 0 rss: 29Mb L: 220/333 MS: 1 EraseBytes-
#2359	REDUCE cov: 123 ft: 489 corp: 58/9012b lim: 333 exec/s: 0 rss: 29Mb L: 28/333 MS: 3 InsertRepeatedBytes-ShuffleBytes-CrossOver-
#2495	REDUCE cov: 123 ft: 489 corp: 58/8999b lim: 333 exec/s: 0 rss: 29Mb L: 151/333 MS: 1 CrossOver-
#2536	REDUCE cov: 123 ft: 489 corp: 58/8995b lim: 333 exec/s: 0 rss: 29Mb L: 304/333 MS: 1 EraseBytes-
#2597	REDUCE cov: 123 ft: 489 corp: 58/8949b lim: 333 exec/s: 0 rss: 29Mb L: 287/333 MS: 1 EraseBytes-
#2735	REDUCE cov: 123 ft: 489 corp: 58/8893b lim: 333 exec/s: 0 rss: 29Mb L: 277/333 MS: 3 ChangeBit-CopyPart-EraseBytes-
#2790	REDUCE cov: 123 ft: 489 corp: 58/8880b lim: 333 exec/s: 0 rss: 29Mb L: 146/333 MS: 5 EraseBytes-CopyPart-ChangeBinInt-ChangeBinInt-InsertRepeatedBytes-
#2794	NEW    cov: 123 ft: 497 corp: 59/9170b lim: 333 exec/s: 0 rss: 29Mb L: 290/333 MS: 4 ChangeBinInt-ShuffleBytes-ChangeBinInt-InsertRepeatedBytes-
#2827	NEW    cov: 123 ft: 498 corp: 60/9421b lim: 333 exec/s: 0 rss: 29Mb L: 251/333 MS: 3 PersAutoDict-CMP-ChangeBit- DE: "\001\000a1.\351\204\011"-"Oq\000\220\004y\000\000"-
#2836	REDUCE cov: 123 ft: 498 corp: 60/9394b lim: 333 exec/s: 0 rss: 29Mb L: 126/333 MS: 4 ChangeBinInt-PersAutoDict-ChangeBit-EraseBytes- DE: "iinf"-
#2898	REDUCE cov: 123 ft: 498 corp: 60/9391b lim: 333 exec/s: 0 rss: 29Mb L: 25/333 MS: 2 ChangeBinInt-EraseBytes-
#2917	REDUCE cov: 123 ft: 498 corp: 60/9368b lim: 333 exec/s: 0 rss: 29Mb L: 205/333 MS: 4 InsertByte-ChangeASCIIInt-PersAutoDict-CrossOver- DE: "\001'"-
#3089	REDUCE cov: 123 ft: 498 corp: 60/9363b lim: 333 exec/s: 0 rss: 29Mb L: 248/333 MS: 2 CopyPart-EraseBytes-
#3106	REDUCE cov: 123 ft: 498 corp: 60/9340b lim: 333 exec/s: 0 rss: 29Mb L: 197/333 MS: 2 PersAutoDict-EraseBytes- DE: "\000\000\000\360"-
#3127	REDUCE cov: 123 ft: 498 corp: 60/9316b lim: 333 exec/s: 0 rss: 29Mb L: 181/333 MS: 1 EraseBytes-
#3164	REDUCE cov: 123 ft: 498 corp: 60/9315b lim: 333 exec/s: 0 rss: 29Mb L: 114/333 MS: 2 PersAutoDict-EraseBytes- DE: "\001\000a1.\351\204\011"-
#3290	REDUCE cov: 123 ft: 498 corp: 60/9314b lim: 333 exec/s: 0 rss: 29Mb L: 1/333 MS: 1 EraseBytes-
#3407	REDUCE cov: 123 ft: 498 corp: 60/9301b lim: 333 exec/s: 0 rss: 29Mb L: 21/333 MS: 2 ChangeBit-EraseBytes-
#3497	REDUCE cov: 123 ft: 498 corp: 60/9251b lim: 333 exec/s: 0 rss: 29Mb L: 101/333 MS: 5 InsertRepeatedBytes-ChangeBinInt-EraseBytes-PersAutoDict-EraseBytes- DE: "\337\304\352.1a\000\000"-
#3582	NEW    cov: 124 ft: 499 corp: 61/9546b lim: 333 exec/s: 0 rss: 29Mb L: 295/333 MS: 5 CMP-InsertRepeatedBytes-ChangeASCIIInt-ShuffleBytes-CMP- DE: "stss"-"trak"-
#3623	REDUCE cov: 124 ft: 499 corp: 61/9544b lim: 333 exec/s: 0 rss: 29Mb L: 25/333 MS: 1 EraseBytes-
#3645	REDUCE cov: 124 ft: 499 corp: 61/9540b lim: 333 exec/s: 0 rss: 29Mb L: 15/333 MS: 2 CrossOver-EraseBytes-
#3707	REDUCE cov: 124 ft: 499 corp: 61/9500b lim: 333 exec/s: 0 rss: 29Mb L: 141/333 MS: 2 ShuffleBytes-EraseBytes-
#3779	REDUCE cov: 124 ft: 499 corp: 61/9488b lim: 333 exec/s: 0 rss: 29Mb L: 231/333 MS: 2 ChangeASCIIInt-EraseBytes-
#3919	REDUCE cov: 124 ft: 499 corp: 61/9425b lim: 333 exec/s: 0 rss: 29Mb L: 188/333 MS: 5 ShuffleBytes-InsertByte-PersAutoDict-PersAutoDict-EraseBytes- DE: "\353\304\337\000"-"\001\000\000\000\000\000\000\244"-
#4200	REDUCE cov: 124 ft: 499 corp: 61/9424b lim: 333 exec/s: 0 rss: 29Mb L: 12/333 MS: 1 EraseBytes-
#4263	NEW    cov: 124 ft: 504 corp: 62/9715b lim: 333 exec/s: 0 rss: 29Mb L: 291/333 MS: 3 ChangeBit-InsertByte-ChangeByte-
#4304	REDUCE cov: 124 ft: 504 corp: 62/9691b lim: 333 exec/s: 0 rss: 29Mb L: 102/333 MS: 1 EraseBytes-
#4360	REDUCE cov: 124 ft: 504 corp: 62/9689b lim: 333 exec/s: 0 rss: 29Mb L: 9/333 MS: 1 EraseBytes-
#4404	REDUCE cov: 124 ft: 504 corp: 62/9665b lim: 333 exec/s: 0 rss: 29Mb L: 164/333 MS: 4 InsertByte-ShuffleBytes-ChangeBinInt-EraseBytes-
#4446	REDUCE cov: 124 ft: 504 corp: 62/9652b lim: 333 exec/s: 0 rss: 29Mb L: 15/333 MS: 2 CrossOver-EraseBytes-
#4480	REDUCE cov: 124 ft: 504 corp: 62/9649b lim: 333 exec/s: 0 rss: 29Mb L: 12/333 MS: 4 ChangeBit-ChangeBit-ChangeBinInt-EraseBytes-
#4592	REDUCE cov: 124 ft: 504 corp: 62/9634b lim: 333 exec/s: 0 rss: 29Mb L: 237/333 MS: 2 ChangeBinInt-EraseBytes-
#4599	REDUCE cov: 124 ft: 505 corp: 63/9862b lim: 333 exec/s: 0 rss: 29Mb L: 228/333 MS: 2 ChangeBit-PersAutoDict- DE: "\001\000a1.\351\204\011"-
#4750	REDUCE cov: 124 ft: 505 corp: 63/9776b lim: 333 exec/s: 0 rss: 29Mb L: 142/333 MS: 1 EraseBytes-
#4778	REDUCE cov: 124 ft: 505 corp: 63/9774b lim: 333 exec/s: 0 rss: 29Mb L: 10/333 MS: 3 ShuffleBytes-CrossOver-EraseBytes-
#4865	NEW    cov: 124 ft: 506 corp: 64/10107b lim: 333 exec/s: 0 rss: 29Mb L: 333/333 MS: 2 CMP-CopyPart- DE: "pixi"-
#4939	REDUCE cov: 124 ft: 506 corp: 64/10097b lim: 333 exec/s: 0 rss: 29Mb L: 136/333 MS: 4 ChangeASCIIInt-EraseBytes-EraseBytes-InsertRepeatedBytes-
#5020	REDUCE cov: 124 ft: 506 corp: 64/10096b lim: 333 exec/s: 0 rss: 29Mb L: 50/333 MS: 1 EraseBytes-
#5121	REDUCE cov: 124 ft: 506 corp: 64/10094b lim: 333 exec/s: 0 rss: 29Mb L: 101/333 MS: 1 EraseBytes-
#5231	REDUCE cov: 124 ft: 506 corp: 64/10086b lim: 333 exec/s: 0 rss: 29Mb L: 197/333 MS: 5 EraseBytes-PersAutoDict-ChangeBinInt-CopyPart-PersAutoDict- DE: "tapt"-"\025N\352.1a\000\000"-
#5243	REDUCE cov: 124 ft: 506 corp: 64/10084b lim: 333 exec/s: 0 rss: 29Mb L: 13/333 MS: 2 ChangeByte-EraseBytes-
#5460	REDUCE cov: 124 ft: 506 corp: 64/10083b lim: 333 exec/s: 0 rss: 29Mb L: 11/333 MS: 2 ChangeByte-EraseBytes-
#5518	REDUCE cov: 124 ft: 506 corp: 64/10080b lim: 333 exec/s: 0 rss: 29Mb L: 67/333 MS: 3 InsertByte-ChangeBit-EraseBytes-
#5871	REDUCE cov: 124 ft: 506 corp: 64/10070b lim: 333 exec/s: 0 rss: 29Mb L: 132/333 MS: 3 InsertByte-CrossOver-EraseBytes-
#5889	REDUCE cov: 124 ft: 506 corp: 64/10062b lim: 333 exec/s: 0 rss: 29Mb L: 133/333 MS: 3 ChangeBit-PersAutoDict-EraseBytes- DE: "tapt"-
#5973	REDUCE cov: 124 ft: 506 corp: 64/9994b lim: 333 exec/s: 0 rss: 29Mb L: 265/333 MS: 4 ChangeBit-ChangeByte-CrossOver-EraseBytes-
#6143	REDUCE cov: 124 ft: 506 corp: 64/9989b lim: 333 exec/s: 0 rss: 29Mb L: 16/333 MS: 5 ShuffleBytes-PersAutoDict-InsertByte-InsertByte-EraseBytes- DE: "\017\000\000\000\000\000\000\000"-
#6170	REDUCE cov: 124 ft: 506 corp: 64/9985b lim: 333 exec/s: 0 rss: 29Mb L: 160/333 MS: 2 CMP-EraseBytes- DE: "\010\000\000\000"-
#6206	REDUCE cov: 124 ft: 506 corp: 64/9984b lim: 333 exec/s: 0 rss: 29Mb L: 12/333 MS: 1 EraseBytes-
#6233	REDUCE cov: 124 ft: 506 corp: 64/9968b lim: 333 exec/s: 0 rss: 29Mb L: 76/333 MS: 2 EraseBytes-InsertByte-
#6295	REDUCE cov: 124 ft: 506 corp: 64/9936b lim: 333 exec/s: 6295 rss: 29Mb L: 260/333 MS: 1 EraseBytes-
#6315	REDUCE cov: 124 ft: 506 corp: 64/9933b lim: 333 exec/s: 6315 rss: 29Mb L: 38/333 MS: 5 CrossOver-ChangeBit-InsertByte-CMP-EraseBytes- DE: "pitm"-
==881199== ERROR: libFuzzer: out-of-memory (used: 1552Mb; limit: 1024Mb)
   To change the out-of-memory limit use -rss_limit_mb=<N>

MS: 2 CMP-CrossOver- DE: "\015\000\000\000"-; base unit: c97e783b79abb6eab631dda449f5388f44b74179
artifact_prefix='/results/crashes/20260313_190327_26d98adc_'; Test unit written to /results/crashes/20260313_190327_26d98adc_oom-8ee52357241a5e46ccd209ffbdc11b6c746115ed
SUMMARY: libFuzzer: out-of-memory
stat::number_of_executed_units: 6402
stat::average_exec_per_sec:     3201
stat::new_units_added:          142
stat::slowest_unit_time_sec:    0
stat::peak_rss_mb:              1552
