INFO: Running with entropic power schedule (0xFF, 100).
INFO: Seed: 1511114285
INFO: Loaded 1 modules   (252 inline 8-bit counters): 252 [0x646a318c1678, 0x646a318c1774), 
INFO: Loaded 1 PC tables (252 PCs): 252 [0x646a318c1778,0x646a318c2738), 
INFO:        4 files found in /tmp/corpus_20260313_172519_6e78b3e5
INFO: seed corpus: files: 4 min: 48b max: 333b total: 853b rss: 28Mb
#5	INITED cov: 118 ft: 251 corp: 4/853b exec/s: 0 rss: 29Mb
#8	NEW    cov: 118 ft: 266 corp: 5/1074b lim: 333 exec/s: 0 rss: 29Mb L: 221/333 MS: 3 ChangeBit-ChangeBit-InsertByte-
#10	NEW    cov: 118 ft: 274 corp: 6/1123b lim: 333 exec/s: 0 rss: 29Mb L: 49/333 MS: 2 ChangeASCIIInt-InsertByte-
#12	NEW    cov: 118 ft: 279 corp: 7/1171b lim: 333 exec/s: 0 rss: 29Mb L: 48/333 MS: 2 CMP-ChangeBit- DE: "hvc1"-
#13	NEW    cov: 118 ft: 300 corp: 8/1199b lim: 333 exec/s: 0 rss: 29Mb L: 28/333 MS: 1 EraseBytes-
#14	NEW    cov: 118 ft: 301 corp: 9/1421b lim: 333 exec/s: 0 rss: 29Mb L: 222/333 MS: 1 InsertByte-
#17	NEW    cov: 119 ft: 302 corp: 10/1601b lim: 333 exec/s: 0 rss: 29Mb L: 180/333 MS: 3 CMP-ChangeBinInt-CrossOver- DE: "\000\000\000\000"-
#18	NEW    cov: 119 ft: 304 corp: 11/1639b lim: 333 exec/s: 0 rss: 29Mb L: 38/333 MS: 1 EraseBytes-
#19	NEW    cov: 119 ft: 305 corp: 12/1680b lim: 333 exec/s: 0 rss: 29Mb L: 41/333 MS: 1 EraseBytes-
#22	NEW    cov: 119 ft: 315 corp: 13/1694b lim: 333 exec/s: 0 rss: 29Mb L: 14/333 MS: 3 ChangeBit-ShuffleBytes-EraseBytes-
#24	REDUCE cov: 119 ft: 315 corp: 13/1688b lim: 333 exec/s: 0 rss: 29Mb L: 246/333 MS: 2 ChangeBit-EraseBytes-
#33	NEW    cov: 119 ft: 322 corp: 14/1864b lim: 333 exec/s: 0 rss: 29Mb L: 176/333 MS: 4 ChangeBinInt-ChangeBit-InsertByte-CrossOver-
#34	NEW    cov: 120 ft: 325 corp: 15/2197b lim: 333 exec/s: 0 rss: 29Mb L: 333/333 MS: 1 CrossOver-
#35	NEW    cov: 121 ft: 326 corp: 16/2530b lim: 333 exec/s: 0 rss: 29Mb L: 333/333 MS: 1 CMP- DE: "\002\000\000\000\001\000\000\000"-
#40	NEW    cov: 121 ft: 340 corp: 17/2661b lim: 333 exec/s: 0 rss: 29Mb L: 131/333 MS: 5 ChangeBinInt-CopyPart-CopyPart-ChangeBit-CrossOver-
#41	NEW    cov: 121 ft: 341 corp: 18/2709b lim: 333 exec/s: 0 rss: 29Mb L: 48/333 MS: 1 CopyPart-
#57	NEW    cov: 121 ft: 351 corp: 19/2836b lim: 333 exec/s: 0 rss: 29Mb L: 127/333 MS: 1 EraseBytes-
#59	NEW    cov: 121 ft: 360 corp: 20/2858b lim: 333 exec/s: 0 rss: 29Mb L: 22/333 MS: 2 CopyPart-PersAutoDict- DE: "\002\000\000\000\001\000\000\000"-
#62	NEW    cov: 122 ft: 361 corp: 21/2863b lim: 333 exec/s: 0 rss: 29Mb L: 5/333 MS: 3 ChangeBit-InsertByte-CrossOver-
#64	NEW    cov: 122 ft: 363 corp: 22/2891b lim: 333 exec/s: 0 rss: 29Mb L: 28/333 MS: 2 ChangeByte-ChangeBit-
#71	NEW    cov: 122 ft: 365 corp: 23/3224b lim: 333 exec/s: 0 rss: 29Mb L: 333/333 MS: 2 CopyPart-CrossOver-
#73	NEW    cov: 122 ft: 366 corp: 24/3308b lim: 333 exec/s: 0 rss: 29Mb L: 84/333 MS: 2 ShuffleBytes-InsertRepeatedBytes-
#81	NEW    cov: 122 ft: 373 corp: 25/3324b lim: 333 exec/s: 0 rss: 29Mb L: 16/333 MS: 3 PersAutoDict-EraseBytes-ChangeByte- DE: "\000\000\000\000"-
#83	NEW    cov: 122 ft: 377 corp: 26/3657b lim: 333 exec/s: 0 rss: 29Mb L: 333/333 MS: 2 CMP-ChangeBit- DE: "hvc1"-
#85	NEW    cov: 122 ft: 378 corp: 27/3709b lim: 333 exec/s: 0 rss: 29Mb L: 52/333 MS: 2 ShuffleBytes-CMP- DE: "\010\000\000\000"-
#86	NEW    cov: 122 ft: 379 corp: 28/4026b lim: 333 exec/s: 0 rss: 29Mb L: 317/333 MS: 1 EraseBytes-
#106	NEW    cov: 122 ft: 388 corp: 29/4076b lim: 333 exec/s: 0 rss: 29Mb L: 50/333 MS: 5 ChangeBit-ChangeByte-ChangeBit-ShuffleBytes-CMP- DE: "\373\377"-
#107	NEW    cov: 122 ft: 390 corp: 30/4409b lim: 333 exec/s: 0 rss: 29Mb L: 333/333 MS: 1 CopyPart-
#117	NEW    cov: 122 ft: 416 corp: 31/4432b lim: 333 exec/s: 0 rss: 29Mb L: 23/333 MS: 5 ChangeBit-EraseBytes-InsertByte-ShuffleBytes-EraseBytes-
#120	REDUCE cov: 122 ft: 416 corp: 31/4428b lim: 333 exec/s: 0 rss: 29Mb L: 24/333 MS: 3 CopyPart-EraseBytes-EraseBytes-
#122	NEW    cov: 122 ft: 417 corp: 32/4595b lim: 333 exec/s: 0 rss: 29Mb L: 167/333 MS: 2 CMP-CopyPart- DE: "\021\000\000\000"-
#127	NEW    cov: 122 ft: 418 corp: 33/4843b lim: 333 exec/s: 0 rss: 29Mb L: 248/333 MS: 5 InsertRepeatedBytes-ChangeBit-ChangeBinInt-PersAutoDict-ShuffleBytes- DE: "hvc1"-
#128	NEW    cov: 122 ft: 419 corp: 34/4861b lim: 333 exec/s: 0 rss: 29Mb L: 18/333 MS: 1 EraseBytes-
#146	NEW    cov: 122 ft: 420 corp: 35/4921b lim: 333 exec/s: 0 rss: 29Mb L: 60/333 MS: 3 CMP-ChangeBit-CopyPart- DE: "mdia"-
#150	NEW    cov: 122 ft: 421 corp: 36/5172b lim: 333 exec/s: 0 rss: 29Mb L: 251/333 MS: 4 InsertByte-ShuffleBytes-ChangeByte-EraseBytes-
#158	NEW    cov: 122 ft: 422 corp: 37/5185b lim: 333 exec/s: 0 rss: 29Mb L: 13/333 MS: 3 PersAutoDict-ChangeByte-EraseBytes- DE: "\000\000\000\000"-
#164	REDUCE cov: 122 ft: 422 corp: 37/5135b lim: 333 exec/s: 0 rss: 29Mb L: 267/333 MS: 1 EraseBytes-
#169	REDUCE cov: 122 ft: 422 corp: 37/5002b lim: 333 exec/s: 0 rss: 29Mb L: 200/333 MS: 5 ChangeByte-PersAutoDict-ShuffleBytes-CMP-EraseBytes- DE: "mdia"-"infe"-
#174	NEW    cov: 122 ft: 423 corp: 38/5335b lim: 333 exec/s: 0 rss: 29Mb L: 333/333 MS: 5 CMP-CrossOver-ChangeBit-ChangeBit-CopyPart- DE: "\377\377\377\377\377\377\377\247"-
#183	NEW    cov: 122 ft: 424 corp: 39/5510b lim: 333 exec/s: 0 rss: 29Mb L: 175/333 MS: 4 ShuffleBytes-CopyPart-CrossOver-InsertRepeatedBytes-
#189	REDUCE cov: 122 ft: 425 corp: 40/5778b lim: 333 exec/s: 0 rss: 29Mb L: 268/333 MS: 1 InsertByte-
#201	NEW    cov: 122 ft: 430 corp: 41/6111b lim: 333 exec/s: 0 rss: 29Mb L: 333/333 MS: 2 ShuffleBytes-CMP- DE: "mvex"-
#207	REDUCE cov: 122 ft: 430 corp: 41/6025b lim: 333 exec/s: 0 rss: 29Mb L: 136/333 MS: 1 EraseBytes-
#210	NEW    cov: 122 ft: 435 corp: 42/6104b lim: 333 exec/s: 0 rss: 29Mb L: 79/333 MS: 3 ShuffleBytes-InsertByte-CrossOver-
#211	REDUCE cov: 122 ft: 435 corp: 42/6099b lim: 333 exec/s: 0 rss: 29Mb L: 33/333 MS: 1 EraseBytes-
#224	NEW    cov: 123 ft: 436 corp: 43/6426b lim: 333 exec/s: 0 rss: 29Mb L: 327/333 MS: 3 CrossOver-CMP-CopyPart- DE: "frma"-
#254	REDUCE cov: 123 ft: 437 corp: 44/6485b lim: 333 exec/s: 0 rss: 29Mb L: 59/333 MS: 5 ChangeBinInt-InsertByte-ChangeASCIIInt-ChangeBit-CopyPart-
#261	NEW    cov: 123 ft: 438 corp: 45/6815b lim: 333 exec/s: 0 rss: 29Mb L: 330/333 MS: 2 ShuffleBytes-CrossOver-
#270	NEW    cov: 123 ft: 440 corp: 46/6842b lim: 333 exec/s: 0 rss: 29Mb L: 27/333 MS: 4 ShuffleBytes-ChangeBinInt-ChangeBinInt-EraseBytes-
#310	REDUCE cov: 123 ft: 440 corp: 46/6815b lim: 333 exec/s: 0 rss: 29Mb L: 300/333 MS: 5 CrossOver-EraseBytes-InsertRepeatedBytes-ChangeByte-EraseBytes-
#401	NEW    cov: 123 ft: 441 corp: 47/6883b lim: 333 exec/s: 0 rss: 29Mb L: 68/333 MS: 1 CMP- DE: "P\342h1jd\000\000"-
#412	NEW    cov: 123 ft: 442 corp: 48/7107b lim: 333 exec/s: 0 rss: 29Mb L: 224/333 MS: 1 CrossOver-
#441	NEW    cov: 123 ft: 443 corp: 49/7191b lim: 333 exec/s: 0 rss: 29Mb L: 84/333 MS: 4 ShuffleBytes-EraseBytes-ChangeBit-EraseBytes-
#494	REDUCE cov: 123 ft: 448 corp: 50/7452b lim: 333 exec/s: 0 rss: 29Mb L: 261/333 MS: 3 InsertRepeatedBytes-InsertByte-CMP- DE: "\377\377"-
#495	REDUCE cov: 123 ft: 448 corp: 50/7430b lim: 333 exec/s: 0 rss: 29Mb L: 109/333 MS: 1 EraseBytes-
#550	REDUCE cov: 123 ft: 448 corp: 50/7428b lim: 333 exec/s: 0 rss: 29Mb L: 3/333 MS: 5 CopyPart-ShuffleBytes-ShuffleBytes-ChangeBinInt-EraseBytes-
#560	REDUCE cov: 123 ft: 448 corp: 50/7355b lim: 333 exec/s: 0 rss: 29Mb L: 260/333 MS: 5 ChangeBinInt-CMP-CopyPart-ChangeByte-EraseBytes- DE: "cdsc"-
#596	REDUCE cov: 123 ft: 448 corp: 50/7354b lim: 333 exec/s: 0 rss: 29Mb L: 47/333 MS: 1 EraseBytes-
#602	REDUCE cov: 123 ft: 448 corp: 50/7230b lim: 333 exec/s: 0 rss: 29Mb L: 76/333 MS: 1 CrossOver-
#619	REDUCE cov: 123 ft: 448 corp: 50/7227b lim: 333 exec/s: 0 rss: 29Mb L: 297/333 MS: 2 InsertRepeatedBytes-EraseBytes-
#646	REDUCE cov: 123 ft: 448 corp: 50/7147b lim: 333 exec/s: 0 rss: 29Mb L: 168/333 MS: 2 InsertRepeatedBytes-EraseBytes-
#670	REDUCE cov: 123 ft: 448 corp: 50/7110b lim: 333 exec/s: 0 rss: 29Mb L: 184/333 MS: 4 ChangeBinInt-CMP-ChangeBit-EraseBytes- DE: "N7ISOBMFF3BoxE"-
#686	REDUCE cov: 123 ft: 448 corp: 50/7103b lim: 333 exec/s: 0 rss: 29Mb L: 9/333 MS: 1 EraseBytes-
#756	REDUCE cov: 123 ft: 448 corp: 50/7102b lim: 333 exec/s: 0 rss: 29Mb L: 2/333 MS: 5 ShuffleBytes-ChangeBit-ShuffleBytes-ChangeByte-EraseBytes-
#791	NEW    cov: 123 ft: 452 corp: 51/7402b lim: 333 exec/s: 0 rss: 29Mb L: 300/333 MS: 5 InsertRepeatedBytes-CMP-ShuffleBytes-InsertRepeatedBytes-CopyPart- DE: "moov"-
#811	REDUCE cov: 123 ft: 453 corp: 52/7410b lim: 333 exec/s: 0 rss: 29Mb L: 8/333 MS: 5 EraseBytes-PersAutoDict-ChangeASCIIInt-CrossOver-CMP- DE: "infe"-"iso5"-
#888	REDUCE cov: 123 ft: 453 corp: 52/7395b lim: 333 exec/s: 0 rss: 29Mb L: 64/333 MS: 2 ChangeBinInt-EraseBytes-
#914	NEW    cov: 123 ft: 457 corp: 53/7699b lim: 333 exec/s: 0 rss: 29Mb L: 304/333 MS: 1 PersAutoDict- DE: "cdsc"-
#1032	REDUCE cov: 123 ft: 457 corp: 53/7656b lim: 333 exec/s: 0 rss: 29Mb L: 224/333 MS: 3 EraseBytes-CMP-PersAutoDict- DE: "\000\000\000\000\000\000\000\376"-"N7ISOBMFF3BoxE"-
#1062	REDUCE cov: 123 ft: 457 corp: 53/7651b lim: 333 exec/s: 0 rss: 29Mb L: 241/333 MS: 5 ChangeBit-CopyPart-InsertByte-ShuffleBytes-EraseBytes-
#1077	REDUCE cov: 123 ft: 457 corp: 53/7649b lim: 333 exec/s: 0 rss: 29Mb L: 165/333 MS: 5 InsertByte-ChangeByte-EraseBytes-ChangeByte-InsertRepeatedBytes-
#1138	NEW    cov: 123 ft: 466 corp: 54/7873b lim: 333 exec/s: 0 rss: 29Mb L: 224/333 MS: 1 ChangeByte-
#1194	REDUCE cov: 123 ft: 466 corp: 54/7744b lim: 333 exec/s: 0 rss: 29Mb L: 201/333 MS: 1 EraseBytes-
#1206	REDUCE cov: 123 ft: 466 corp: 54/7735b lim: 333 exec/s: 0 rss: 29Mb L: 32/333 MS: 2 PersAutoDict-EraseBytes- DE: "\002\000\000\000\001\000\000\000"-
#1273	REDUCE cov: 123 ft: 466 corp: 54/7730b lim: 333 exec/s: 0 rss: 29Mb L: 263/333 MS: 2 ChangeBinInt-EraseBytes-
#1465	REDUCE cov: 123 ft: 466 corp: 54/7700b lim: 333 exec/s: 0 rss: 29Mb L: 231/333 MS: 2 ChangeASCIIInt-CrossOver-
#1477	REDUCE cov: 123 ft: 467 corp: 55/7893b lim: 333 exec/s: 0 rss: 29Mb L: 193/333 MS: 2 EraseBytes-PersAutoDict- DE: "iso5"-
#1520	REDUCE cov: 123 ft: 467 corp: 55/7883b lim: 333 exec/s: 0 rss: 29Mb L: 323/333 MS: 3 PersAutoDict-EraseBytes-InsertRepeatedBytes- DE: "cdsc"-
#1551	REDUCE cov: 123 ft: 467 corp: 55/7869b lim: 333 exec/s: 0 rss: 29Mb L: 18/333 MS: 1 EraseBytes-
#1652	REDUCE cov: 123 ft: 467 corp: 55/7868b lim: 333 exec/s: 0 rss: 29Mb L: 1/333 MS: 1 EraseBytes-
==582315== ERROR: libFuzzer: out-of-memory (used: 1133Mb; limit: 1024Mb)
   To change the out-of-memory limit use -rss_limit_mb=<N>

MS: 1 PersAutoDict- DE: "hvc1"-; base unit: 336a22952942f170271d75d74d22444c9750cee2
artifact_prefix='/results/crashes/20260313_172519_6e78b3e5_'; Test unit written to /results/crashes/20260313_172519_6e78b3e5_oom-7b666164baf23bf61dc02badefd5f95a4a37a3df
SUMMARY: libFuzzer: out-of-memory
stat::number_of_executed_units: 1683
stat::average_exec_per_sec:     1683
stat::new_units_added:          79
stat::slowest_unit_time_sec:    0
stat::peak_rss_mb:              1133
