INFO: Running with entropic power schedule (0xFF, 100).
INFO: Seed: 1204930750
INFO: Loaded 1 modules   (252 inline 8-bit counters): 252 [0x5ebacee3a678, 0x5ebacee3a774), 
INFO: Loaded 1 PC tables (252 PCs): 252 [0x5ebacee3a778,0x5ebacee3b738), 
INFO:        4 files found in /tmp/corpus_20260313_144624_190fdf42
INFO: seed corpus: files: 4 min: 48b max: 333b total: 853b rss: 28Mb
#5	INITED cov: 117 ft: 251 corp: 4/853b exec/s: 0 rss: 29Mb
#6	NEW    cov: 118 ft: 253 corp: 5/1107b lim: 333 exec/s: 0 rss: 29Mb L: 254/333 MS: 1 CMP- DE: "\011\000"-
#7	NEW    cov: 118 ft: 265 corp: 6/1366b lim: 333 exec/s: 0 rss: 29Mb L: 259/333 MS: 1 CrossOver-
#8	NEW    cov: 119 ft: 273 corp: 7/1524b lim: 333 exec/s: 0 rss: 29Mb L: 158/333 MS: 1 CrossOver-
#9	NEW    cov: 119 ft: 313 corp: 8/1572b lim: 333 exec/s: 0 rss: 29Mb L: 48/333 MS: 1 ChangeBinInt-
#10	NEW    cov: 119 ft: 324 corp: 9/1833b lim: 333 exec/s: 0 rss: 29Mb L: 261/333 MS: 1 CopyPart-
#11	NEW    cov: 119 ft: 330 corp: 10/1979b lim: 333 exec/s: 0 rss: 29Mb L: 146/333 MS: 1 InsertRepeatedBytes-
#14	NEW    cov: 120 ft: 333 corp: 11/2220b lim: 333 exec/s: 0 rss: 29Mb L: 241/333 MS: 3 ChangeByte-PersAutoDict-EraseBytes- DE: "\011\000"-
#15	NEW    cov: 121 ft: 334 corp: 12/2522b lim: 333 exec/s: 0 rss: 29Mb L: 302/333 MS: 1 CrossOver-
#16	NEW    cov: 121 ft: 335 corp: 13/2855b lim: 333 exec/s: 0 rss: 29Mb L: 333/333 MS: 1 ShuffleBytes-
#19	NEW    cov: 121 ft: 344 corp: 14/3150b lim: 333 exec/s: 0 rss: 29Mb L: 295/333 MS: 3 ChangeBinInt-CMP-CrossOver- DE: "!\000"-
#23	NEW    cov: 121 ft: 346 corp: 15/3283b lim: 333 exec/s: 0 rss: 29Mb L: 133/333 MS: 4 ChangeByte-ShuffleBytes-EraseBytes-EraseBytes-
#25	NEW    cov: 121 ft: 347 corp: 16/3603b lim: 333 exec/s: 0 rss: 29Mb L: 320/333 MS: 2 CopyPart-InsertRepeatedBytes-
#35	NEW    cov: 121 ft: 348 corp: 17/3935b lim: 333 exec/s: 0 rss: 29Mb L: 332/333 MS: 5 InsertRepeatedBytes-CMP-ChangeBit-ChangeByte-InsertByte- DE: "\035\000\000\000"-
#41	NEW    cov: 121 ft: 353 corp: 18/4242b lim: 333 exec/s: 0 rss: 29Mb L: 307/333 MS: 1 InsertRepeatedBytes-
#43	NEW    cov: 122 ft: 355 corp: 19/4574b lim: 333 exec/s: 0 rss: 29Mb L: 332/333 MS: 2 ChangeASCIIInt-CopyPart-
#48	NEW    cov: 122 ft: 356 corp: 20/4907b lim: 333 exec/s: 0 rss: 29Mb L: 333/333 MS: 5 ChangeBit-ChangeBit-ChangeBit-CrossOver-InsertByte-
#49	NEW    cov: 122 ft: 378 corp: 21/4986b lim: 333 exec/s: 0 rss: 29Mb L: 79/333 MS: 1 CopyPart-
#53	NEW    cov: 122 ft: 379 corp: 22/5254b lim: 333 exec/s: 0 rss: 29Mb L: 268/333 MS: 4 ChangeASCIIInt-InsertRepeatedBytes-ChangeBit-CMP- DE: "stbl"-
#88	NEW    cov: 122 ft: 383 corp: 23/5568b lim: 333 exec/s: 0 rss: 29Mb L: 314/333 MS: 5 CMP-ChangeBit-ShuffleBytes-CrossOver-CopyPart- DE: "frma"-
#94	NEW    cov: 122 ft: 388 corp: 24/5823b lim: 333 exec/s: 0 rss: 29Mb L: 255/333 MS: 1 InsertByte-
#125	NEW    cov: 122 ft: 389 corp: 25/5871b lim: 333 exec/s: 0 rss: 29Mb L: 48/333 MS: 1 CrossOver-
#127	NEW    cov: 122 ft: 390 corp: 26/5920b lim: 333 exec/s: 0 rss: 29Mb L: 49/333 MS: 2 ChangeBit-InsertByte-
#132	NEW    cov: 122 ft: 391 corp: 27/6251b lim: 333 exec/s: 0 rss: 29Mb L: 331/333 MS: 5 InsertRepeatedBytes-ShuffleBytes-InsertRepeatedBytes-PersAutoDict-InsertByte- DE: "frma"-
#134	NEW    cov: 122 ft: 392 corp: 28/6391b lim: 333 exec/s: 0 rss: 29Mb L: 140/333 MS: 2 CopyPart-CrossOver-
#135	NEW    cov: 122 ft: 393 corp: 29/6525b lim: 333 exec/s: 0 rss: 29Mb L: 134/333 MS: 1 InsertByte-
#136	NEW    cov: 122 ft: 394 corp: 30/6588b lim: 333 exec/s: 0 rss: 29Mb L: 63/333 MS: 1 CopyPart-
#157	NEW    cov: 122 ft: 395 corp: 31/6809b lim: 333 exec/s: 0 rss: 29Mb L: 221/333 MS: 1 InsertByte-
#184	NEW    cov: 122 ft: 396 corp: 32/6892b lim: 333 exec/s: 0 rss: 29Mb L: 83/333 MS: 2 CopyPart-CopyPart-
#185	NEW    cov: 122 ft: 397 corp: 33/7146b lim: 333 exec/s: 0 rss: 29Mb L: 254/333 MS: 1 CopyPart-
#210	NEW    cov: 122 ft: 398 corp: 34/7213b lim: 333 exec/s: 0 rss: 29Mb L: 67/333 MS: 5 CrossOver-CMP-CMP-CopyPart-CrossOver- DE: "\000\000\000\022"-"schm"-
#218	NEW    cov: 122 ft: 406 corp: 35/7245b lim: 333 exec/s: 0 rss: 29Mb L: 32/333 MS: 3 ShuffleBytes-ChangeBinInt-EraseBytes-
#223	REDUCE cov: 122 ft: 406 corp: 35/7154b lim: 333 exec/s: 0 rss: 29Mb L: 216/333 MS: 5 InsertByte-ChangeBinInt-CopyPart-ShuffleBytes-EraseBytes-
#229	NEW    cov: 122 ft: 408 corp: 36/7375b lim: 333 exec/s: 0 rss: 29Mb L: 221/333 MS: 1 InsertByte-
#242	NEW    cov: 123 ft: 410 corp: 37/7703b lim: 333 exec/s: 0 rss: 29Mb L: 328/333 MS: 3 CopyPart-InsertByte-InsertRepeatedBytes-
#246	NEW    cov: 123 ft: 411 corp: 38/7756b lim: 333 exec/s: 0 rss: 29Mb L: 53/333 MS: 4 ChangeByte-PersAutoDict-ChangeBit-ChangeBit- DE: "schm"-
#257	NEW    cov: 123 ft: 412 corp: 39/7996b lim: 333 exec/s: 0 rss: 29Mb L: 240/333 MS: 1 CrossOver-
#290	REDUCE cov: 123 ft: 412 corp: 39/7975b lim: 333 exec/s: 0 rss: 29Mb L: 219/333 MS: 3 PersAutoDict-ShuffleBytes-EraseBytes- DE: "stbl"-
#296	REDUCE cov: 123 ft: 412 corp: 39/7971b lim: 333 exec/s: 0 rss: 29Mb L: 49/333 MS: 1 EraseBytes-
#309	NEW    cov: 123 ft: 413 corp: 40/8071b lim: 333 exec/s: 0 rss: 29Mb L: 100/333 MS: 3 CMP-CopyPart-EraseBytes- DE: "\377lp4"-
#329	NEW    cov: 123 ft: 414 corp: 41/8332b lim: 333 exec/s: 0 rss: 29Mb L: 261/333 MS: 5 PersAutoDict-CMP-EraseBytes-ChangeASCIIInt-InsertRepeatedBytes- DE: "\000\000\000\022"-"hvc1"-
#330	NEW    cov: 123 ft: 417 corp: 42/8382b lim: 333 exec/s: 0 rss: 29Mb L: 50/333 MS: 1 EraseBytes-
#363	NEW    cov: 123 ft: 422 corp: 43/8652b lim: 333 exec/s: 0 rss: 29Mb L: 270/333 MS: 3 PersAutoDict-InsertRepeatedBytes-CopyPart- DE: "!\000"-
#375	REDUCE cov: 123 ft: 422 corp: 43/8607b lim: 333 exec/s: 0 rss: 29Mb L: 176/333 MS: 2 InsertByte-CrossOver-
#406	NEW    cov: 123 ft: 428 corp: 44/8917b lim: 333 exec/s: 0 rss: 29Mb L: 310/333 MS: 1 CrossOver-
#420	REDUCE cov: 123 ft: 428 corp: 44/8899b lim: 333 exec/s: 0 rss: 29Mb L: 198/333 MS: 4 CMP-CrossOver-InsertRepeatedBytes-EraseBytes- DE: "&;\000(Ow\000\000"-
#433	NEW    cov: 123 ft: 435 corp: 45/9156b lim: 333 exec/s: 0 rss: 29Mb L: 257/333 MS: 3 CopyPart-ShuffleBytes-CrossOver-
#465	NEW    cov: 123 ft: 436 corp: 46/9428b lim: 333 exec/s: 0 rss: 29Mb L: 272/333 MS: 2 InsertByte-InsertByte-
#501	NEW    cov: 123 ft: 437 corp: 47/9495b lim: 333 exec/s: 0 rss: 29Mb L: 67/333 MS: 1 PersAutoDict- DE: "stbl"-
==71660== ERROR: libFuzzer: out-of-memory (used: 1454Mb; limit: 1024Mb)
   To change the out-of-memory limit use -rss_limit_mb=<N>

MS: 3 InsertRepeatedBytes-CopyPart-CMP- DE: "meta"-; base unit: 772506defd99f8ea3575171d4710d48db0487f53
artifact_prefix='/results/crashes/20260313_144624_190fdf42_'; Test unit written to /results/crashes/20260313_144624_190fdf42_oom-82fa10b9d9b48e62b585644ff054486c2a8aafc5
SUMMARY: libFuzzer: out-of-memory
stat::number_of_executed_units: 504
stat::average_exec_per_sec:     504
stat::new_units_added:          48
stat::slowest_unit_time_sec:    0
stat::peak_rss_mb:              1454
