INFO: Running with entropic power schedule (0xFF, 100).
INFO: Seed: 2440196748
INFO: Loaded 1 modules   (252 inline 8-bit counters): 252 [0x60c1ba3d1678, 0x60c1ba3d1774), 
INFO: Loaded 1 PC tables (252 PCs): 252 [0x60c1ba3d1778,0x60c1ba3d2738), 
INFO:        4 files found in /tmp/corpus_20260313_182419_f40678b7
INFO: seed corpus: files: 4 min: 48b max: 333b total: 853b rss: 28Mb
#5	INITED cov: 119 ft: 254 corp: 4/853b exec/s: 0 rss: 29Mb
#9	NEW    cov: 119 ft: 262 corp: 5/1186b lim: 333 exec/s: 0 rss: 29Mb L: 333/333 MS: 4 ChangeBit-CopyPart-ChangeByte-CMP- DE: "mdat"-
#15	NEW    cov: 119 ft: 263 corp: 6/1519b lim: 333 exec/s: 0 rss: 29Mb L: 333/333 MS: 1 ChangeBit-
#16	NEW    cov: 119 ft: 289 corp: 7/1571b lim: 333 exec/s: 0 rss: 29Mb L: 52/333 MS: 1 CMP- DE: "!\000\000\000"-
#17	NEW    cov: 119 ft: 301 corp: 8/1660b lim: 333 exec/s: 0 rss: 29Mb L: 89/333 MS: 1 InsertRepeatedBytes-
#19	NEW    cov: 119 ft: 310 corp: 9/1974b lim: 333 exec/s: 0 rss: 29Mb L: 314/333 MS: 2 PersAutoDict-InsertRepeatedBytes- DE: "mdat"-
#21	NEW    cov: 119 ft: 327 corp: 10/2115b lim: 333 exec/s: 0 rss: 29Mb L: 141/333 MS: 2 InsertByte-EraseBytes-
#22	NEW    cov: 120 ft: 332 corp: 11/2434b lim: 333 exec/s: 0 rss: 29Mb L: 319/333 MS: 1 InsertRepeatedBytes-
#29	NEW    cov: 120 ft: 334 corp: 12/2750b lim: 333 exec/s: 0 rss: 29Mb L: 316/333 MS: 2 CMP-InsertRepeatedBytes- DE: "\000\000`\301\347\005\320 "-
#35	NEW    cov: 120 ft: 335 corp: 13/3083b lim: 333 exec/s: 0 rss: 29Mb L: 333/333 MS: 1 CrossOver-
#36	NEW    cov: 120 ft: 336 corp: 14/3180b lim: 333 exec/s: 0 rss: 29Mb L: 97/333 MS: 1 PersAutoDict- DE: "\000\000`\301\347\005\320 "-
#37	NEW    cov: 120 ft: 340 corp: 15/3400b lim: 333 exec/s: 0 rss: 29Mb L: 220/333 MS: 1 ChangeBit-
#39	NEW    cov: 120 ft: 341 corp: 16/3505b lim: 333 exec/s: 0 rss: 29Mb L: 105/333 MS: 2 CMP-PersAutoDict- DE: "\001\000`\301\347\005\364\020"-"\000\000`\301\347\005\320 "-
#42	NEW    cov: 120 ft: 343 corp: 17/3838b lim: 333 exec/s: 0 rss: 29Mb L: 333/333 MS: 3 ChangeByte-ChangeBinInt-ChangeByte-
#43	NEW    cov: 120 ft: 344 corp: 18/4171b lim: 333 exec/s: 0 rss: 29Mb L: 333/333 MS: 1 CMP- DE: "T\342\031\272\301`\000\000"-
#44	NEW    cov: 120 ft: 381 corp: 19/4194b lim: 333 exec/s: 0 rss: 29Mb L: 23/333 MS: 1 CrossOver-
#49	NEW    cov: 121 ft: 382 corp: 20/4512b lim: 333 exec/s: 0 rss: 29Mb L: 318/333 MS: 5 InsertByte-ChangeBinInt-CrossOver-ChangeByte-InsertByte-
#57	NEW    cov: 121 ft: 383 corp: 21/4729b lim: 333 exec/s: 0 rss: 29Mb L: 217/333 MS: 3 InsertByte-ShuffleBytes-EraseBytes-
#63	NEW    cov: 122 ft: 385 corp: 22/5051b lim: 333 exec/s: 0 rss: 29Mb L: 322/333 MS: 1 CrossOver-
#77	NEW    cov: 122 ft: 386 corp: 23/5174b lim: 333 exec/s: 0 rss: 29Mb L: 123/333 MS: 4 ChangeBinInt-InsertByte-CMP-InsertRepeatedBytes- DE: "stbl"-
#79	NEW    cov: 122 ft: 387 corp: 24/5290b lim: 333 exec/s: 0 rss: 29Mb L: 116/333 MS: 2 ChangeBinInt-InsertRepeatedBytes-
#96	NEW    cov: 122 ft: 388 corp: 25/5500b lim: 333 exec/s: 0 rss: 29Mb L: 210/333 MS: 2 ChangeBinInt-InsertRepeatedBytes-
#100	NEW    cov: 122 ft: 397 corp: 26/5808b lim: 333 exec/s: 0 rss: 29Mb L: 308/333 MS: 4 ChangeBinInt-CopyPart-EraseBytes-ShuffleBytes-
#101	NEW    cov: 122 ft: 404 corp: 27/6046b lim: 333 exec/s: 0 rss: 29Mb L: 238/333 MS: 1 CrossOver-
#106	NEW    cov: 122 ft: 405 corp: 28/6202b lim: 333 exec/s: 0 rss: 29Mb L: 156/333 MS: 5 CrossOver-ChangeBinInt-EraseBytes-ChangeBit-PersAutoDict- DE: "\000\000`\301\347\005\320 "-
#107	NEW    cov: 122 ft: 410 corp: 29/6378b lim: 333 exec/s: 0 rss: 29Mb L: 176/333 MS: 1 CopyPart-
#111	REDUCE cov: 122 ft: 410 corp: 29/6271b lim: 333 exec/s: 0 rss: 29Mb L: 226/333 MS: 4 CopyPart-ChangeByte-EraseBytes-CrossOver-
#119	NEW    cov: 123 ft: 412 corp: 30/6601b lim: 333 exec/s: 0 rss: 29Mb L: 330/333 MS: 3 EraseBytes-InsertRepeatedBytes-InsertByte-
#134	NEW    cov: 123 ft: 413 corp: 31/6934b lim: 333 exec/s: 0 rss: 29Mb L: 333/333 MS: 5 ChangeASCIIInt-CrossOver-ChangeBinInt-ShuffleBytes-CopyPart-
#147	NEW    cov: 123 ft: 414 corp: 32/7159b lim: 333 exec/s: 0 rss: 29Mb L: 225/333 MS: 3 PersAutoDict-ChangeBinInt-PersAutoDict- DE: "\001\000`\301\347\005\364\020"-"stbl"-
#151	NEW    cov: 123 ft: 419 corp: 33/7288b lim: 333 exec/s: 0 rss: 29Mb L: 129/333 MS: 4 ShuffleBytes-PersAutoDict-ChangeByte-CrossOver- DE: "mdat"-
#154	NEW    cov: 123 ft: 420 corp: 34/7619b lim: 333 exec/s: 0 rss: 29Mb L: 331/333 MS: 3 ChangeBinInt-CopyPart-InsertRepeatedBytes-
#155	NEW    cov: 123 ft: 421 corp: 35/7939b lim: 333 exec/s: 0 rss: 29Mb L: 320/333 MS: 1 CMP- DE: "trak"-
#165	NEW    cov: 123 ft: 430 corp: 36/8246b lim: 333 exec/s: 0 rss: 29Mb L: 307/333 MS: 5 CopyPart-InsertRepeatedBytes-ChangeByte-ChangeBit-CopyPart-
#174	NEW    cov: 123 ft: 431 corp: 37/8518b lim: 333 exec/s: 0 rss: 29Mb L: 272/333 MS: 4 CMP-PersAutoDict-InsertRepeatedBytes-EraseBytes- DE: "\241\254\006\347\301`\000\000"-"\000\000`\301\347\005\320 "-
#178	NEW    cov: 123 ft: 432 corp: 38/8705b lim: 333 exec/s: 0 rss: 29Mb L: 187/333 MS: 4 InsertRepeatedBytes-ShuffleBytes-EraseBytes-ShuffleBytes-
#193	REDUCE cov: 123 ft: 432 corp: 38/8673b lim: 333 exec/s: 0 rss: 29Mb L: 286/333 MS: 5 EraseBytes-ChangeBit-InsertByte-PersAutoDict-CrossOver- DE: "\001\000`\301\347\005\364\020"-
#204	NEW    cov: 123 ft: 442 corp: 39/8700b lim: 333 exec/s: 0 rss: 29Mb L: 27/333 MS: 1 PersAutoDict- DE: "mdat"-
#231	NEW    cov: 123 ft: 460 corp: 40/8715b lim: 333 exec/s: 0 rss: 29Mb L: 15/333 MS: 2 ChangeBit-CrossOver-
#256	NEW    cov: 123 ft: 461 corp: 41/8763b lim: 333 exec/s: 0 rss: 29Mb L: 48/333 MS: 5 ChangeBinInt-CrossOver-ChangeBinInt-ShuffleBytes-ChangeBit-
#263	REDUCE cov: 123 ft: 461 corp: 41/8711b lim: 333 exec/s: 0 rss: 29Mb L: 256/333 MS: 2 CopyPart-EraseBytes-
#268	NEW    cov: 123 ft: 463 corp: 42/8874b lim: 333 exec/s: 0 rss: 29Mb L: 163/333 MS: 5 EraseBytes-EraseBytes-CopyPart-InsertByte-EraseBytes-
#271	NEW    cov: 123 ft: 466 corp: 43/9135b lim: 333 exec/s: 0 rss: 29Mb L: 261/333 MS: 3 ShuffleBytes-EraseBytes-CopyPart-
#274	NEW    cov: 123 ft: 467 corp: 44/9166b lim: 333 exec/s: 0 rss: 29Mb L: 31/333 MS: 3 CrossOver-ChangeByte-PersAutoDict- DE: "mdat"-
#284	REDUCE cov: 123 ft: 467 corp: 44/9016b lim: 333 exec/s: 0 rss: 29Mb L: 183/333 MS: 5 ShuffleBytes-CrossOver-PersAutoDict-CrossOver-EraseBytes- DE: "!\000\000\000"-
#287	REDUCE cov: 123 ft: 467 corp: 44/8948b lim: 333 exec/s: 0 rss: 29Mb L: 188/333 MS: 3 ChangeByte-ShuffleBytes-EraseBytes-
#288	NEW    cov: 123 ft: 468 corp: 45/8982b lim: 333 exec/s: 0 rss: 29Mb L: 34/333 MS: 1 CrossOver-
#360	NEW    cov: 123 ft: 469 corp: 46/9042b lim: 333 exec/s: 0 rss: 29Mb L: 60/333 MS: 2 InsertRepeatedBytes-CMP- DE: "ediv"-
#403	NEW    cov: 123 ft: 474 corp: 47/9367b lim: 333 exec/s: 0 rss: 29Mb L: 325/333 MS: 3 ChangeBit-InsertByte-InsertRepeatedBytes-
#406	NEW    cov: 123 ft: 475 corp: 48/9667b lim: 333 exec/s: 0 rss: 29Mb L: 300/333 MS: 3 CopyPart-InsertRepeatedBytes-CopyPart-
#462	NEW    cov: 123 ft: 481 corp: 49/9998b lim: 333 exec/s: 0 rss: 29Mb L: 331/333 MS: 1 CopyPart-
#471	NEW    cov: 123 ft: 482 corp: 50/10253b lim: 333 exec/s: 0 rss: 29Mb L: 255/333 MS: 4 CrossOver-ChangeBit-CopyPart-CrossOver-
#505	REDUCE cov: 123 ft: 482 corp: 50/10173b lim: 333 exec/s: 0 rss: 29Mb L: 145/333 MS: 4 ShuffleBytes-ChangeBit-InsertRepeatedBytes-EraseBytes-
#561	NEW    cov: 123 ft: 491 corp: 51/10505b lim: 333 exec/s: 0 rss: 29Mb L: 332/333 MS: 1 InsertByte-
#582	REDUCE cov: 123 ft: 491 corp: 51/10503b lim: 333 exec/s: 0 rss: 29Mb L: 46/333 MS: 1 EraseBytes-
#589	REDUCE cov: 123 ft: 491 corp: 51/10450b lim: 333 exec/s: 0 rss: 29Mb L: 135/333 MS: 2 ChangeByte-EraseBytes-
#620	REDUCE cov: 123 ft: 491 corp: 51/10443b lim: 333 exec/s: 0 rss: 29Mb L: 39/333 MS: 1 EraseBytes-
#631	NEW    cov: 123 ft: 492 corp: 52/10699b lim: 333 exec/s: 0 rss: 29Mb L: 256/333 MS: 1 PersAutoDict- DE: "mdat"-
#694	REDUCE cov: 123 ft: 492 corp: 52/10617b lim: 333 exec/s: 0 rss: 29Mb L: 249/333 MS: 3 ShuffleBytes-ChangeByte-EraseBytes-
#710	REDUCE cov: 123 ft: 492 corp: 52/10481b lim: 333 exec/s: 0 rss: 29Mb L: 150/333 MS: 1 EraseBytes-
#727	REDUCE cov: 123 ft: 492 corp: 52/10459b lim: 333 exec/s: 0 rss: 29Mb L: 113/333 MS: 2 ChangeByte-EraseBytes-
#777	REDUCE cov: 123 ft: 492 corp: 52/10454b lim: 333 exec/s: 0 rss: 29Mb L: 26/333 MS: 5 InsertByte-CopyPart-CrossOver-EraseBytes-PersAutoDict- DE: "!\000\000\000"-
#867	REDUCE cov: 123 ft: 493 corp: 53/10496b lim: 333 exec/s: 0 rss: 29Mb L: 42/333 MS: 5 ChangeBinInt-CMP-InsertRepeatedBytes-PersAutoDict-EraseBytes- DE: "avc1"-"trak"-
#936	REDUCE cov: 123 ft: 494 corp: 54/10740b lim: 333 exec/s: 0 rss: 29Mb L: 244/333 MS: 4 ChangeBinInt-ShuffleBytes-ShuffleBytes-InsertRepeatedBytes-
#961	NEW    cov: 124 ft: 495 corp: 55/10743b lim: 333 exec/s: 0 rss: 29Mb L: 3/333 MS: 5 ChangeByte-InsertByte-InsertRepeatedBytes-CopyPart-CrossOver-
#966	NEW    cov: 124 ft: 501 corp: 56/10833b lim: 333 exec/s: 0 rss: 29Mb L: 90/333 MS: 5 ChangeBit-CrossOver-EraseBytes-CrossOver-CrossOver-
#999	NEW    cov: 124 ft: 503 corp: 57/10841b lim: 333 exec/s: 0 rss: 29Mb L: 8/333 MS: 3 InsertByte-ChangeByte-CMP- DE: "\377\377\377\003"-
#1033	NEW    cov: 124 ft: 504 corp: 58/10894b lim: 333 exec/s: 0 rss: 29Mb L: 53/333 MS: 4 ChangeByte-ChangeBinInt-EraseBytes-InsertRepeatedBytes-
#1085	REDUCE cov: 124 ft: 504 corp: 58/10877b lim: 333 exec/s: 0 rss: 29Mb L: 313/333 MS: 2 CopyPart-EraseBytes-
#1144	REDUCE cov: 124 ft: 504 corp: 58/10875b lim: 333 exec/s: 0 rss: 29Mb L: 51/333 MS: 4 ChangeBit-CMP-PersAutoDict-EraseBytes- DE: "pitm"-"avc1"-
#1247	NEW    cov: 124 ft: 505 corp: 59/11205b lim: 333 exec/s: 0 rss: 29Mb L: 330/333 MS: 3 ChangeBinInt-CMP-CopyPart- DE: "N\267\360\012\277\226\011\001"-
#1265	REDUCE cov: 124 ft: 505 corp: 59/11184b lim: 333 exec/s: 0 rss: 29Mb L: 228/333 MS: 3 InsertByte-ChangeBit-EraseBytes-
#1360	REDUCE cov: 124 ft: 505 corp: 59/11040b lim: 333 exec/s: 0 rss: 29Mb L: 188/333 MS: 5 InsertByte-ShuffleBytes-EraseBytes-ShuffleBytes-InsertByte-
#1424	REDUCE cov: 124 ft: 505 corp: 59/10997b lim: 333 exec/s: 0 rss: 29Mb L: 282/333 MS: 4 CrossOver-EraseBytes-CMP-InsertRepeatedBytes- DE: "\233\341\001p(y\000\000"-
#1472	REDUCE cov: 124 ft: 505 corp: 59/10944b lim: 333 exec/s: 0 rss: 29Mb L: 202/333 MS: 3 ChangeASCIIInt-ShuffleBytes-EraseBytes-
#1629	REDUCE cov: 124 ft: 505 corp: 59/10900b lim: 333 exec/s: 0 rss: 29Mb L: 184/333 MS: 2 ChangeBinInt-EraseBytes-
#1647	REDUCE cov: 124 ft: 505 corp: 59/10734b lim: 333 exec/s: 0 rss: 29Mb L: 167/333 MS: 3 ChangeASCIIInt-ChangeByte-CrossOver-
#1690	REDUCE cov: 124 ft: 505 corp: 59/10688b lim: 333 exec/s: 0 rss: 29Mb L: 287/333 MS: 3 CopyPart-ChangeBit-EraseBytes-
#1705	REDUCE cov: 124 ft: 505 corp: 59/10682b lim: 333 exec/s: 0 rss: 29Mb L: 33/333 MS: 5 CMP-ChangeByte-ChangeBit-InsertRepeatedBytes-EraseBytes- DE: "\001\000`\301\347\006\267\371"-
#1743	NEW    cov: 124 ft: 506 corp: 60/11002b lim: 333 exec/s: 0 rss: 29Mb L: 320/333 MS: 3 ChangeBit-CMP-CrossOver- DE: "\000\000\000\000\000\000\000\017"-
#1802	REDUCE cov: 124 ft: 506 corp: 60/10960b lim: 333 exec/s: 0 rss: 29Mb L: 71/333 MS: 4 ShuffleBytes-CopyPart-ChangeByte-EraseBytes-
#1807	REDUCE cov: 124 ft: 506 corp: 60/10956b lim: 333 exec/s: 0 rss: 29Mb L: 283/333 MS: 5 EraseBytes-ChangeBinInt-PersAutoDict-CrossOver-CopyPart- DE: "T\342\031\272\301`\000\000"-
#1816	NEW    cov: 124 ft: 507 corp: 61/11278b lim: 333 exec/s: 0 rss: 29Mb L: 322/333 MS: 4 ChangeByte-ChangeBit-CopyPart-InsertByte-
#1862	REDUCE cov: 124 ft: 507 corp: 61/11256b lim: 333 exec/s: 0 rss: 29Mb L: 165/333 MS: 1 EraseBytes-
#1894	REDUCE cov: 124 ft: 507 corp: 61/11255b lim: 333 exec/s: 0 rss: 29Mb L: 2/333 MS: 2 ChangeBinInt-EraseBytes-
#1920	REDUCE cov: 124 ft: 507 corp: 61/11245b lim: 333 exec/s: 0 rss: 29Mb L: 174/333 MS: 1 EraseBytes-
#1928	REDUCE cov: 124 ft: 507 corp: 61/11233b lim: 333 exec/s: 0 rss: 29Mb L: 21/333 MS: 3 ChangeByte-InsertByte-EraseBytes-
#1946	REDUCE cov: 124 ft: 507 corp: 61/11110b lim: 333 exec/s: 0 rss: 29Mb L: 184/333 MS: 3 InsertRepeatedBytes-CopyPart-EraseBytes-
#1970	REDUCE cov: 124 ft: 508 corp: 62/11335b lim: 333 exec/s: 0 rss: 29Mb L: 225/333 MS: 4 ShuffleBytes-ChangeByte-ChangeByte-InsertRepeatedBytes-
#2039	NEW    cov: 124 ft: 509 corp: 63/11600b lim: 333 exec/s: 0 rss: 29Mb L: 265/333 MS: 4 ChangeBit-ChangeBit-PersAutoDict-EraseBytes- DE: "\000\000`\301\347\005\320 "-
#2117	REDUCE cov: 124 ft: 509 corp: 63/11597b lim: 333 exec/s: 0 rss: 29Mb L: 57/333 MS: 3 CMP-PersAutoDict-EraseBytes- DE: "hdlr"-"avc1"-
#2187	REDUCE cov: 124 ft: 509 corp: 63/11582b lim: 333 exec/s: 0 rss: 29Mb L: 114/333 MS: 5 ChangeBit-ChangeASCIIInt-ChangeByte-PersAutoDict-EraseBytes- DE: "pitm"-
#2284	NEW    cov: 124 ft: 510 corp: 64/11806b lim: 333 exec/s: 0 rss: 29Mb L: 224/333 MS: 2 ChangeByte-CMP- DE: "mdia"-
#2476	REDUCE cov: 124 ft: 510 corp: 64/11805b lim: 333 exec/s: 0 rss: 29Mb L: 162/333 MS: 2 PersAutoDict-EraseBytes- DE: "mdia"-
#2524	REDUCE cov: 124 ft: 510 corp: 64/11765b lim: 333 exec/s: 0 rss: 29Mb L: 148/333 MS: 3 CopyPart-InsertRepeatedBytes-EraseBytes-
#2634	REDUCE cov: 124 ft: 511 corp: 65/12098b lim: 333 exec/s: 0 rss: 29Mb L: 333/333 MS: 5 CopyPart-ChangeBinInt-PersAutoDict-InsertByte-CrossOver- DE: "N\267\360\012\277\226\011\001"-
#2765	NEW    cov: 124 ft: 512 corp: 66/12336b lim: 333 exec/s: 0 rss: 29Mb L: 238/333 MS: 1 ChangeBit-
#2932	REDUCE cov: 124 ft: 512 corp: 66/12335b lim: 333 exec/s: 0 rss: 29Mb L: 20/333 MS: 2 ShuffleBytes-EraseBytes-
#2940	REDUCE cov: 124 ft: 512 corp: 66/12333b lim: 333 exec/s: 0 rss: 29Mb L: 311/333 MS: 3 PersAutoDict-ChangeByte-EraseBytes- DE: "T\342\031\272\301`\000\000"-
#2973	REDUCE cov: 124 ft: 512 corp: 66/12289b lim: 333 exec/s: 0 rss: 29Mb L: 104/333 MS: 3 EraseBytes-ChangeASCIIInt-InsertByte-
#2976	REDUCE cov: 124 ft: 512 corp: 66/12257b lim: 333 exec/s: 0 rss: 29Mb L: 72/333 MS: 3 InsertRepeatedBytes-ChangeASCIIInt-EraseBytes-
#2990	REDUCE cov: 124 ft: 512 corp: 66/12253b lim: 333 exec/s: 0 rss: 29Mb L: 16/333 MS: 4 CMP-InsertByte-CrossOver-EraseBytes- DE: "S\001\000\000\000\000\000\000"-
#3123	REDUCE cov: 124 ft: 513 corp: 67/12517b lim: 333 exec/s: 0 rss: 29Mb L: 264/333 MS: 3 PersAutoDict-CopyPart-InsertRepeatedBytes- DE: "stbl"-
#3291	REDUCE cov: 124 ft: 513 corp: 67/12512b lim: 333 exec/s: 0 rss: 29Mb L: 11/333 MS: 3 ChangeASCIIInt-ChangeASCIIInt-EraseBytes-
#3398	REDUCE cov: 124 ft: 513 corp: 67/12496b lim: 333 exec/s: 0 rss: 29Mb L: 74/333 MS: 2 CrossOver-EraseBytes-
#3771	REDUCE cov: 124 ft: 513 corp: 67/12495b lim: 333 exec/s: 0 rss: 29Mb L: 271/333 MS: 3 ShuffleBytes-InsertRepeatedBytes-EraseBytes-
#3862	REDUCE cov: 124 ft: 513 corp: 67/12452b lim: 333 exec/s: 0 rss: 29Mb L: 271/333 MS: 1 EraseBytes-
#4022	REDUCE cov: 124 ft: 513 corp: 67/12395b lim: 333 exec/s: 0 rss: 29Mb L: 259/333 MS: 5 EraseBytes-ChangeBinInt-PersAutoDict-CMP-InsertRepeatedBytes- DE: "N\267\360\012\277\226\011\001"-";\024\003p(y\000\000"-
#4031	REDUCE cov: 124 ft: 513 corp: 67/12393b lim: 333 exec/s: 0 rss: 29Mb L: 25/333 MS: 4 EraseBytes-ShuffleBytes-ChangeByte-PersAutoDict- DE: "S\001\000\000\000\000\000\000"-
#4119	REDUCE cov: 124 ft: 513 corp: 67/12375b lim: 333 exec/s: 0 rss: 29Mb L: 293/333 MS: 3 CopyPart-ChangeBinInt-EraseBytes-
#4148	REDUCE cov: 124 ft: 513 corp: 67/12373b lim: 333 exec/s: 0 rss: 29Mb L: 9/333 MS: 4 ChangeByte-PersAutoDict-CopyPart-EraseBytes- DE: "mdia"-
#4266	REDUCE cov: 124 ft: 513 corp: 67/12372b lim: 333 exec/s: 0 rss: 29Mb L: 1/333 MS: 3 CopyPart-CrossOver-EraseBytes-
#4328	NEW    cov: 124 ft: 514 corp: 68/12610b lim: 333 exec/s: 0 rss: 29Mb L: 238/333 MS: 2 ChangeBit-CopyPart-
#4447	REDUCE cov: 124 ft: 514 corp: 68/12587b lim: 333 exec/s: 0 rss: 29Mb L: 51/333 MS: 4 CMP-ChangeBinInt-CopyPart-EraseBytes- DE: "stbl"-
#4448	REDUCE cov: 124 ft: 514 corp: 68/12586b lim: 333 exec/s: 0 rss: 29Mb L: 113/333 MS: 1 EraseBytes-
#4514	REDUCE cov: 124 ft: 514 corp: 68/12576b lim: 333 exec/s: 0 rss: 29Mb L: 61/333 MS: 1 EraseBytes-
#4542	REDUCE cov: 124 ft: 514 corp: 68/12550b lim: 333 exec/s: 0 rss: 29Mb L: 35/333 MS: 3 ChangeBinInt-ChangeByte-EraseBytes-
#4580	REDUCE cov: 124 ft: 514 corp: 68/12545b lim: 333 exec/s: 0 rss: 29Mb L: 328/333 MS: 3 PersAutoDict-ChangeBinInt-CrossOver- DE: "trak"-
#4617	REDUCE cov: 124 ft: 514 corp: 68/12544b lim: 333 exec/s: 0 rss: 29Mb L: 34/333 MS: 2 ChangeBinInt-EraseBytes-
#4624	NEW    cov: 124 ft: 527 corp: 69/12790b lim: 333 exec/s: 0 rss: 29Mb L: 246/333 MS: 2 PersAutoDict-PersAutoDict- DE: "mdia"-"trak"-
#4663	REDUCE cov: 124 ft: 527 corp: 69/12788b lim: 333 exec/s: 0 rss: 29Mb L: 114/333 MS: 4 PersAutoDict-ChangeASCIIInt-ChangeByte-EraseBytes- DE: "avc1"-
#4689	REDUCE cov: 124 ft: 527 corp: 69/12780b lim: 333 exec/s: 0 rss: 29Mb L: 176/333 MS: 1 EraseBytes-
#4790	REDUCE cov: 124 ft: 527 corp: 69/12771b lim: 333 exec/s: 0 rss: 29Mb L: 215/333 MS: 1 CrossOver-
#4825	REDUCE cov: 124 ft: 527 corp: 69/12761b lim: 333 exec/s: 0 rss: 29Mb L: 261/333 MS: 5 PersAutoDict-ChangeByte-CopyPart-EraseBytes-InsertRepeatedBytes- DE: "\377\377\377\003"-
#5074	REDUCE cov: 124 ft: 527 corp: 69/12675b lim: 333 exec/s: 0 rss: 29Mb L: 88/333 MS: 4 ChangeByte-ShuffleBytes-EraseBytes-CrossOver-
==760760== ERROR: libFuzzer: out-of-memory (used: 1815Mb; limit: 1024Mb)
   To change the out-of-memory limit use -rss_limit_mb=<N>

MS: 2 CopyPart-CMP- DE: "hvc1"-; base unit: 6342bf4ee0abd12dc06967fdef8e9af8690eaa77
artifact_prefix='/results/crashes/20260313_182419_f40678b7_'; Test unit written to /results/crashes/20260313_182419_f40678b7_oom-a27cdcabec763e57bca625376f8e8178d8f69f64
SUMMARY: libFuzzer: out-of-memory
stat::number_of_executed_units: 5171
stat::average_exec_per_sec:     2585
stat::new_units_added:          124
stat::slowest_unit_time_sec:    0
stat::peak_rss_mb:              1816
