INFO: Running with entropic power schedule (0xFF, 100).
INFO: Seed: 3286986301
INFO: Loaded 1 modules   (252 inline 8-bit counters): 252 [0x5cfc08364678, 0x5cfc08364774), 
INFO: Loaded 1 PC tables (252 PCs): 252 [0x5cfc08364778,0x5cfc08365738), 
INFO:        4 files found in /tmp/corpus_20260313_180818_dd1e4306
INFO: seed corpus: files: 4 min: 48b max: 333b total: 853b rss: 28Mb
#5	INITED cov: 118 ft: 253 corp: 4/853b exec/s: 0 rss: 29Mb
#9	NEW    cov: 118 ft: 269 corp: 5/1156b lim: 333 exec/s: 0 rss: 29Mb L: 303/333 MS: 4 ChangeBinInt-ChangeASCIIInt-ChangeBit-CrossOver-
#10	NEW    cov: 118 ft: 270 corp: 6/1424b lim: 333 exec/s: 0 rss: 29Mb L: 268/333 MS: 1 EraseBytes-
#11	NEW    cov: 118 ft: 288 corp: 7/1501b lim: 333 exec/s: 0 rss: 29Mb L: 77/333 MS: 1 CopyPart-
#13	NEW    cov: 118 ft: 294 corp: 8/1621b lim: 333 exec/s: 0 rss: 29Mb L: 120/333 MS: 2 ChangeByte-InsertRepeatedBytes-
#16	NEW    cov: 118 ft: 295 corp: 9/1907b lim: 333 exec/s: 0 rss: 29Mb L: 286/333 MS: 3 CMP-ShuffleBytes-EraseBytes- DE: "\000\000\\\374\027\352(\340"-
#18	NEW    cov: 118 ft: 297 corp: 10/2194b lim: 333 exec/s: 0 rss: 29Mb L: 287/333 MS: 2 InsertRepeatedBytes-CMP- DE: "f\346\022\010\374\\\000\000"-
#20	NEW    cov: 118 ft: 298 corp: 11/2415b lim: 333 exec/s: 0 rss: 29Mb L: 221/333 MS: 2 ChangeBinInt-InsertByte-
#22	NEW    cov: 118 ft: 304 corp: 12/2721b lim: 333 exec/s: 0 rss: 29Mb L: 306/333 MS: 2 ChangeBit-CopyPart-
#23	NEW    cov: 118 ft: 309 corp: 13/2773b lim: 333 exec/s: 0 rss: 29Mb L: 52/333 MS: 1 CMP- DE: "mfra"-
#24	NEW    cov: 118 ft: 310 corp: 14/2916b lim: 333 exec/s: 0 rss: 29Mb L: 143/333 MS: 1 InsertRepeatedBytes-
#25	NEW    cov: 118 ft: 314 corp: 15/3214b lim: 333 exec/s: 0 rss: 29Mb L: 298/333 MS: 1 CrossOver-
#26	NEW    cov: 118 ft: 324 corp: 16/3452b lim: 333 exec/s: 0 rss: 29Mb L: 238/333 MS: 1 CrossOver-
#27	NEW    cov: 118 ft: 325 corp: 17/3500b lim: 333 exec/s: 0 rss: 29Mb L: 48/333 MS: 1 ChangeBinInt-
#30	NEW    cov: 118 ft: 327 corp: 18/3581b lim: 333 exec/s: 0 rss: 29Mb L: 81/333 MS: 3 ChangeByte-PersAutoDict-CMP- DE: "f\346\022\010\374\\\000\000"-"\001\000\000\006"-
#33	NEW    cov: 119 ft: 328 corp: 19/3833b lim: 333 exec/s: 0 rss: 29Mb L: 252/333 MS: 3 ChangeBinInt-ShuffleBytes-ChangeBit-
#35	NEW    cov: 119 ft: 333 corp: 20/3885b lim: 333 exec/s: 0 rss: 29Mb L: 52/333 MS: 2 ChangeBit-CrossOver-
#36	NEW    cov: 119 ft: 334 corp: 21/4082b lim: 333 exec/s: 0 rss: 29Mb L: 197/333 MS: 1 CrossOver-
#38	NEW    cov: 120 ft: 337 corp: 22/4342b lim: 333 exec/s: 0 rss: 29Mb L: 260/333 MS: 2 ShuffleBytes-PersAutoDict- DE: "f\346\022\010\374\\\000\000"-
#42	NEW    cov: 120 ft: 338 corp: 23/4675b lim: 333 exec/s: 0 rss: 29Mb L: 333/333 MS: 4 InsertByte-InsertRepeatedBytes-PersAutoDict-InsertRepeatedBytes- DE: "\000\000\\\374\027\352(\340"-
#49	NEW    cov: 120 ft: 339 corp: 24/4755b lim: 333 exec/s: 0 rss: 29Mb L: 80/333 MS: 2 ChangeASCIIInt-InsertRepeatedBytes-
#79	NEW    cov: 120 ft: 340 corp: 25/4893b lim: 333 exec/s: 0 rss: 29Mb L: 138/333 MS: 5 ShuffleBytes-ChangeByte-PersAutoDict-ChangeBinInt-EraseBytes- DE: "mfra"-
#83	NEW    cov: 120 ft: 370 corp: 26/5014b lim: 333 exec/s: 0 rss: 29Mb L: 121/333 MS: 4 CMP-PersAutoDict-InsertRepeatedBytes-ChangeBinInt- DE: "\377\377\377\037"-"mfra"-
#101	NEW    cov: 121 ft: 372 corp: 27/5321b lim: 333 exec/s: 0 rss: 29Mb L: 307/333 MS: 3 CrossOver-ShuffleBytes-PersAutoDict- DE: "\001\000\000\006"-
#110	NEW    cov: 121 ft: 373 corp: 28/5412b lim: 333 exec/s: 0 rss: 29Mb L: 91/333 MS: 4 EraseBytes-ChangeASCIIInt-ChangeByte-CrossOver-
#111	NEW    cov: 121 ft: 374 corp: 29/5489b lim: 333 exec/s: 0 rss: 29Mb L: 77/333 MS: 1 CMP- DE: "\001\000\000\010"-
#112	NEW    cov: 121 ft: 377 corp: 30/5536b lim: 333 exec/s: 0 rss: 29Mb L: 47/333 MS: 1 EraseBytes-
#119	REDUCE cov: 121 ft: 377 corp: 30/5522b lim: 333 exec/s: 0 rss: 29Mb L: 124/333 MS: 2 ChangeBinInt-EraseBytes-
#125	NEW    cov: 121 ft: 380 corp: 31/5830b lim: 333 exec/s: 0 rss: 29Mb L: 308/333 MS: 1 InsertRepeatedBytes-
#126	NEW    cov: 122 ft: 381 corp: 32/6054b lim: 333 exec/s: 0 rss: 29Mb L: 224/333 MS: 1 PersAutoDict- DE: "\001\000\000\010"-
#127	NEW    cov: 122 ft: 398 corp: 33/6106b lim: 333 exec/s: 0 rss: 29Mb L: 52/333 MS: 1 ChangeBit-
#129	NEW    cov: 122 ft: 399 corp: 34/6355b lim: 333 exec/s: 0 rss: 29Mb L: 249/333 MS: 2 PersAutoDict-InsertRepeatedBytes- DE: "\377\377\377\037"-
#145	NEW    cov: 122 ft: 405 corp: 35/6669b lim: 333 exec/s: 0 rss: 29Mb L: 314/333 MS: 1 CopyPart-
#157	NEW    cov: 122 ft: 406 corp: 36/6746b lim: 333 exec/s: 0 rss: 29Mb L: 77/333 MS: 2 ChangeBinInt-ChangeByte-
#161	NEW    cov: 122 ft: 407 corp: 37/6971b lim: 333 exec/s: 0 rss: 29Mb L: 225/333 MS: 4 CrossOver-ChangeBit-CopyPart-CopyPart-
#162	NEW    cov: 122 ft: 416 corp: 38/7023b lim: 333 exec/s: 0 rss: 29Mb L: 52/333 MS: 1 CMP- DE: "\014\000"-
#168	NEW    cov: 122 ft: 417 corp: 39/7211b lim: 333 exec/s: 0 rss: 29Mb L: 188/333 MS: 1 InsertRepeatedBytes-
#170	NEW    cov: 122 ft: 418 corp: 40/7267b lim: 333 exec/s: 0 rss: 29Mb L: 56/333 MS: 2 CMP-ShuffleBytes- DE: "\000\000{\231\220\000\321\370"-
#176	NEW    cov: 122 ft: 419 corp: 41/7552b lim: 333 exec/s: 0 rss: 29Mb L: 285/333 MS: 1 EraseBytes-
#198	NEW    cov: 122 ft: 420 corp: 42/7604b lim: 333 exec/s: 0 rss: 29Mb L: 52/333 MS: 2 ChangeByte-ChangeByte-
#238	NEW    cov: 122 ft: 421 corp: 43/7697b lim: 333 exec/s: 0 rss: 29Mb L: 93/333 MS: 5 ChangeByte-ChangeBinInt-CrossOver-ChangeByte-CopyPart-
#270	REDUCE cov: 122 ft: 421 corp: 43/7681b lim: 333 exec/s: 0 rss: 29Mb L: 233/333 MS: 2 PersAutoDict-EraseBytes- DE: "f\346\022\010\374\\\000\000"-
#274	NEW    cov: 122 ft: 438 corp: 44/7707b lim: 333 exec/s: 0 rss: 29Mb L: 26/333 MS: 4 InsertByte-InsertByte-ChangeBit-EraseBytes-
#382	NEW    cov: 122 ft: 439 corp: 45/8017b lim: 333 exec/s: 0 rss: 29Mb L: 310/333 MS: 3 CopyPart-ChangeBit-CMP- DE: "jso5"-
#421	NEW    cov: 122 ft: 440 corp: 46/8316b lim: 333 exec/s: 0 rss: 29Mb L: 299/333 MS: 4 ChangeBinInt-InsertByte-CopyPart-ChangeBinInt-
#423	NEW    cov: 122 ft: 446 corp: 47/8630b lim: 333 exec/s: 0 rss: 29Mb L: 314/333 MS: 2 ShuffleBytes-InsertRepeatedBytes-
#432	NEW    cov: 123 ft: 447 corp: 48/8890b lim: 333 exec/s: 0 rss: 29Mb L: 260/333 MS: 4 ShuffleBytes-ChangeBit-InsertByte-EraseBytes-
#450	NEW    cov: 123 ft: 456 corp: 49/8909b lim: 333 exec/s: 0 rss: 29Mb L: 19/333 MS: 3 ChangeBit-EraseBytes-CrossOver-
#457	REDUCE cov: 123 ft: 456 corp: 49/8904b lim: 333 exec/s: 0 rss: 29Mb L: 75/333 MS: 2 InsertRepeatedBytes-EraseBytes-
#480	NEW    cov: 123 ft: 457 corp: 50/9216b lim: 333 exec/s: 0 rss: 29Mb L: 312/333 MS: 3 ChangeBit-ChangeBit-PersAutoDict- DE: "jso5"-
#497	NEW    cov: 124 ft: 458 corp: 51/9217b lim: 333 exec/s: 0 rss: 29Mb L: 1/333 MS: 2 ChangeASCIIInt-CrossOver-
#511	REDUCE cov: 124 ft: 458 corp: 51/9207b lim: 333 exec/s: 0 rss: 29Mb L: 288/333 MS: 4 CopyPart-ChangeBit-InsertRepeatedBytes-EraseBytes-
#557	NEW    cov: 124 ft: 459 corp: 52/9510b lim: 333 exec/s: 0 rss: 29Mb L: 303/333 MS: 1 PersAutoDict- DE: "\001\000\000\010"-
#612	NEW    cov: 124 ft: 466 corp: 53/9843b lim: 333 exec/s: 0 rss: 29Mb L: 333/333 MS: 5 ChangeBinInt-InsertByte-ShuffleBytes-InsertRepeatedBytes-CopyPart-
#623	NEW    cov: 124 ft: 467 corp: 54/10053b lim: 333 exec/s: 0 rss: 29Mb L: 210/333 MS: 1 EraseBytes-
#817	NEW    cov: 124 ft: 468 corp: 55/10210b lim: 333 exec/s: 0 rss: 29Mb L: 157/333 MS: 4 ChangeByte-EraseBytes-PersAutoDict-EraseBytes- DE: "mfra"-
#818	REDUCE cov: 124 ft: 468 corp: 55/10206b lim: 333 exec/s: 0 rss: 29Mb L: 44/333 MS: 1 EraseBytes-
#821	REDUCE cov: 124 ft: 468 corp: 55/10146b lim: 333 exec/s: 0 rss: 29Mb L: 200/333 MS: 3 ChangeBinInt-ShuffleBytes-EraseBytes-
#909	NEW    cov: 124 ft: 469 corp: 56/10387b lim: 333 exec/s: 0 rss: 29Mb L: 241/333 MS: 3 EraseBytes-ShuffleBytes-ChangeByte-
#912	NEW    cov: 124 ft: 470 corp: 57/10423b lim: 333 exec/s: 0 rss: 29Mb L: 36/333 MS: 3 CopyPart-CopyPart-InsertRepeatedBytes-
#1070	NEW    cov: 124 ft: 481 corp: 58/10436b lim: 333 exec/s: 0 rss: 29Mb L: 13/333 MS: 3 CMP-ChangeBit-PersAutoDict- DE: "\003\000\000\000"-"\000\000\\\374\027\352(\340"-
#1145	REDUCE cov: 124 ft: 481 corp: 58/10418b lim: 333 exec/s: 0 rss: 29Mb L: 206/333 MS: 5 ShuffleBytes-EraseBytes-CrossOver-ChangeBit-InsertByte-
#1180	NEW    cov: 125 ft: 482 corp: 59/10655b lim: 333 exec/s: 0 rss: 29Mb L: 237/333 MS: 5 EraseBytes-ChangeBinInt-ChangeByte-CrossOver-EraseBytes-
#1221	REDUCE cov: 125 ft: 482 corp: 59/10569b lim: 333 exec/s: 0 rss: 29Mb L: 147/333 MS: 1 CrossOver-
#1252	REDUCE cov: 125 ft: 482 corp: 59/10564b lim: 333 exec/s: 0 rss: 29Mb L: 233/333 MS: 1 EraseBytes-
#1265	NEW    cov: 125 ft: 490 corp: 60/10859b lim: 333 exec/s: 0 rss: 29Mb L: 295/333 MS: 3 InsertRepeatedBytes-ChangeBit-CopyPart-
#1391	REDUCE cov: 125 ft: 490 corp: 60/10854b lim: 333 exec/s: 0 rss: 29Mb L: 31/333 MS: 1 EraseBytes-
#1422	REDUCE cov: 125 ft: 490 corp: 60/10844b lim: 333 exec/s: 0 rss: 29Mb L: 304/333 MS: 1 CrossOver-
#1470	REDUCE cov: 125 ft: 490 corp: 60/10820b lim: 333 exec/s: 0 rss: 29Mb L: 186/333 MS: 3 CopyPart-ChangeBit-EraseBytes-
#1559	NEW    cov: 125 ft: 491 corp: 61/11057b lim: 333 exec/s: 0 rss: 29Mb L: 237/333 MS: 4 ShuffleBytes-CrossOver-ChangeByte-ChangeBit-
#1593	NEW    cov: 125 ft: 492 corp: 62/11389b lim: 333 exec/s: 0 rss: 29Mb L: 332/333 MS: 4 InsertRepeatedBytes-InsertRepeatedBytes-ShuffleBytes-CopyPart-
#1651	NEW    cov: 125 ft: 494 corp: 63/11638b lim: 333 exec/s: 0 rss: 29Mb L: 249/333 MS: 3 ChangeBinInt-ChangeBinInt-CMP- DE: "zp\002\220\231{\000\000"-
#1660	REDUCE cov: 125 ft: 494 corp: 63/11630b lim: 333 exec/s: 0 rss: 29Mb L: 189/333 MS: 4 CopyPart-ChangeBinInt-EraseBytes-InsertRepeatedBytes-
#1736	REDUCE cov: 125 ft: 494 corp: 63/11607b lim: 333 exec/s: 0 rss: 29Mb L: 29/333 MS: 1 EraseBytes-
#1747	REDUCE cov: 125 ft: 494 corp: 63/11448b lim: 333 exec/s: 0 rss: 29Mb L: 174/333 MS: 1 EraseBytes-
#1936	REDUCE cov: 125 ft: 494 corp: 63/11444b lim: 333 exec/s: 0 rss: 29Mb L: 9/333 MS: 4 ShuffleBytes-CMP-PersAutoDict-EraseBytes- DE: "\377\002"-"\014\000"-
#1965	REDUCE cov: 125 ft: 494 corp: 63/11423b lim: 333 exec/s: 0 rss: 29Mb L: 267/333 MS: 4 ChangeBinInt-InsertRepeatedBytes-ChangeByte-EraseBytes-
#1967	REDUCE cov: 125 ft: 494 corp: 63/11410b lim: 333 exec/s: 0 rss: 29Mb L: 220/333 MS: 2 PersAutoDict-EraseBytes- DE: "\001\000\000\006"-
#2118	REDUCE cov: 125 ft: 494 corp: 63/11394b lim: 333 exec/s: 0 rss: 29Mb L: 158/333 MS: 1 EraseBytes-
#2194	REDUCE cov: 125 ft: 494 corp: 63/11379b lim: 333 exec/s: 0 rss: 29Mb L: 106/333 MS: 1 EraseBytes-
#2217	NEW    cov: 125 ft: 495 corp: 64/11419b lim: 333 exec/s: 0 rss: 29Mb L: 40/333 MS: 3 CMP-InsertByte-CrossOver- DE: "avc1"-
#2364	REDUCE cov: 125 ft: 495 corp: 64/11392b lim: 333 exec/s: 0 rss: 29Mb L: 268/333 MS: 2 CrossOver-CopyPart-
#2447	REDUCE cov: 125 ft: 495 corp: 64/11354b lim: 333 exec/s: 0 rss: 29Mb L: 261/333 MS: 3 CMP-InsertByte-EraseBytes- DE: "\020\016\000\000"-
#2488	REDUCE cov: 125 ft: 495 corp: 64/11341b lim: 333 exec/s: 0 rss: 29Mb L: 239/333 MS: 1 EraseBytes-
#2714	REDUCE cov: 125 ft: 495 corp: 64/11316b lim: 333 exec/s: 0 rss: 29Mb L: 260/333 MS: 1 EraseBytes-
#2788	REDUCE cov: 125 ft: 495 corp: 64/11294b lim: 333 exec/s: 0 rss: 29Mb L: 282/333 MS: 4 PersAutoDict-PersAutoDict-ChangeBit-EraseBytes- DE: "\001\000\000\006"-"zp\002\220\231{\000\000"-
#2805	REDUCE cov: 125 ft: 495 corp: 64/11280b lim: 333 exec/s: 0 rss: 29Mb L: 254/333 MS: 2 CrossOver-CrossOver-
#2861	NEW    cov: 125 ft: 496 corp: 65/11586b lim: 333 exec/s: 0 rss: 29Mb L: 306/333 MS: 1 PersAutoDict- DE: "mfra"-
#3207	REDUCE cov: 125 ft: 496 corp: 65/11529b lim: 333 exec/s: 0 rss: 29Mb L: 210/333 MS: 1 EraseBytes-
#3246	REDUCE cov: 125 ft: 496 corp: 65/11504b lim: 333 exec/s: 0 rss: 29Mb L: 185/333 MS: 4 ChangeBinInt-ChangeBit-EraseBytes-CMP- DE: "\000\000\000\000\000\000\000\010"-
#3256	REDUCE cov: 125 ft: 496 corp: 65/11498b lim: 333 exec/s: 0 rss: 29Mb L: 301/333 MS: 5 CopyPart-ChangeASCIIInt-ShuffleBytes-ChangeBinInt-EraseBytes-
#3317	REDUCE cov: 125 ft: 496 corp: 65/11434b lim: 333 exec/s: 0 rss: 29Mb L: 142/333 MS: 1 EraseBytes-
#3361	REDUCE cov: 125 ft: 496 corp: 65/11429b lim: 333 exec/s: 0 rss: 29Mb L: 26/333 MS: 4 InsertByte-ShuffleBytes-PersAutoDict-EraseBytes- DE: "f\346\022\010\374\\\000\000"-
#3739	REDUCE cov: 125 ft: 496 corp: 65/11419b lim: 333 exec/s: 0 rss: 29Mb L: 258/333 MS: 3 ChangeASCIIInt-CrossOver-InsertRepeatedBytes-
#3852	REDUCE cov: 125 ft: 496 corp: 65/11382b lim: 333 exec/s: 0 rss: 29Mb L: 69/333 MS: 3 ChangeBinInt-PersAutoDict-EraseBytes- DE: "\001\000\000\010"-
#3903	NEW    cov: 125 ft: 502 corp: 66/11613b lim: 333 exec/s: 0 rss: 29Mb L: 231/333 MS: 1 EraseBytes-
#3986	REDUCE cov: 125 ft: 502 corp: 66/11602b lim: 333 exec/s: 0 rss: 29Mb L: 41/333 MS: 3 EraseBytes-CopyPart-PersAutoDict- DE: "jso5"-
#4014	REDUCE cov: 125 ft: 502 corp: 66/11577b lim: 333 exec/s: 0 rss: 29Mb L: 66/333 MS: 3 InsertByte-ChangeBinInt-EraseBytes-
#4107	REDUCE cov: 125 ft: 502 corp: 66/11576b lim: 333 exec/s: 0 rss: 29Mb L: 251/333 MS: 3 ChangeBit-CMP-EraseBytes- DE: "\346\021\000\220\231{\000\000"-
#4120	REDUCE cov: 125 ft: 502 corp: 66/11572b lim: 333 exec/s: 0 rss: 29Mb L: 48/333 MS: 3 InsertRepeatedBytes-ShuffleBytes-EraseBytes-
#4258	REDUCE cov: 125 ft: 502 corp: 66/11570b lim: 333 exec/s: 0 rss: 29Mb L: 38/333 MS: 3 ShuffleBytes-ShuffleBytes-EraseBytes-
#4270	REDUCE cov: 125 ft: 502 corp: 66/11520b lim: 333 exec/s: 0 rss: 29Mb L: 108/333 MS: 2 ShuffleBytes-EraseBytes-
#4281	REDUCE cov: 125 ft: 502 corp: 66/11509b lim: 333 exec/s: 0 rss: 29Mb L: 33/333 MS: 1 EraseBytes-
#4351	REDUCE cov: 125 ft: 502 corp: 66/11482b lim: 333 exec/s: 0 rss: 29Mb L: 42/333 MS: 5 InsertRepeatedBytes-InsertByte-EraseBytes-CMP-EraseBytes- DE: "St9exception"-
#4432	REDUCE cov: 125 ft: 502 corp: 66/11471b lim: 333 exec/s: 0 rss: 29Mb L: 31/333 MS: 1 EraseBytes-
==712342== ERROR: libFuzzer: out-of-memory (used: 1911Mb; limit: 1024Mb)
   To change the out-of-memory limit use -rss_limit_mb=<N>

MS: 1 CopyPart-; base unit: a23b7b05a3d734fff9207dd853803d8fa03bf952
artifact_prefix='/results/crashes/20260313_180818_dd1e4306_'; Test unit written to /results/crashes/20260313_180818_dd1e4306_oom-0aa425e15c712dd8f3a518011e58a909d00248a6
SUMMARY: libFuzzer: out-of-memory
stat::number_of_executed_units: 4508
stat::average_exec_per_sec:     2254
stat::new_units_added:          104
stat::slowest_unit_time_sec:    0
stat::peak_rss_mb:              1911
