INFO: Running with entropic power schedule (0xFF, 100).
INFO: Seed: 430320570
INFO: Loaded 1 modules   (252 inline 8-bit counters): 252 [0x5f6595b68678, 0x5f6595b68774), 
INFO: Loaded 1 PC tables (252 PCs): 252 [0x5f6595b68778,0x5f6595b69738), 
INFO:        4 files found in /tmp/corpus_20260313_144736_2e4e415a
INFO: seed corpus: files: 4 min: 48b max: 333b total: 853b rss: 28Mb
#5	INITED cov: 119 ft: 255 corp: 4/853b exec/s: 0 rss: 29Mb
#6	NEW    cov: 119 ft: 256 corp: 5/1025b lim: 333 exec/s: 0 rss: 29Mb L: 172/333 MS: 1 EraseBytes-
#7	NEW    cov: 120 ft: 257 corp: 6/1245b lim: 333 exec/s: 0 rss: 29Mb L: 220/333 MS: 1 ChangeBinInt-
#8	NEW    cov: 120 ft: 292 corp: 7/1417b lim: 333 exec/s: 0 rss: 29Mb L: 172/333 MS: 1 ChangeBit-
#10	NEW    cov: 120 ft: 309 corp: 8/1489b lim: 333 exec/s: 0 rss: 29Mb L: 72/333 MS: 2 ChangeBit-CopyPart-
#16	NEW    cov: 120 ft: 310 corp: 9/1700b lim: 333 exec/s: 0 rss: 29Mb L: 211/333 MS: 1 EraseBytes-
#17	NEW    cov: 120 ft: 323 corp: 10/1920b lim: 333 exec/s: 0 rss: 29Mb L: 220/333 MS: 1 CopyPart-
#18	NEW    cov: 120 ft: 333 corp: 11/2193b lim: 333 exec/s: 0 rss: 29Mb L: 273/333 MS: 1 CrossOver-
#19	NEW    cov: 120 ft: 334 corp: 12/2421b lim: 333 exec/s: 0 rss: 29Mb L: 228/333 MS: 1 CMP- DE: "-\000\000\000\000\000\000\000"-
#24	NEW    cov: 120 ft: 335 corp: 13/2649b lim: 333 exec/s: 0 rss: 29Mb L: 228/333 MS: 5 ShuffleBytes-CMP-ChangeBinInt-ShuffleBytes-ChangeBit- DE: "!\3364\323e_\000\000"-
#27	NEW    cov: 120 ft: 341 corp: 14/2790b lim: 333 exec/s: 0 rss: 29Mb L: 141/333 MS: 3 ChangeByte-PersAutoDict-EraseBytes- DE: "!\3364\323e_\000\000"-
#35	NEW    cov: 121 ft: 342 corp: 15/3030b lim: 333 exec/s: 0 rss: 29Mb L: 240/333 MS: 3 PersAutoDict-CopyPart-InsertByte- DE: "!\3364\323e_\000\000"-
#41	NEW    cov: 121 ft: 347 corp: 16/3359b lim: 333 exec/s: 0 rss: 29Mb L: 329/333 MS: 1 CrossOver-
#44	NEW    cov: 122 ft: 348 corp: 17/3692b lim: 333 exec/s: 0 rss: 29Mb L: 333/333 MS: 3 InsertRepeatedBytes-ChangeByte-CrossOver-
#45	NEW    cov: 122 ft: 349 corp: 18/4025b lim: 333 exec/s: 0 rss: 29Mb L: 333/333 MS: 1 CopyPart-
#50	NEW    cov: 122 ft: 350 corp: 19/4304b lim: 333 exec/s: 0 rss: 29Mb L: 279/333 MS: 5 PersAutoDict-CopyPart-ChangeBinInt-PersAutoDict-CrossOver- DE: "-\000\000\000\000\000\000\000"-"-\000\000\000\000\000\000\000"-
#51	NEW    cov: 122 ft: 366 corp: 20/4401b lim: 333 exec/s: 0 rss: 29Mb L: 97/333 MS: 1 CrossOver-
#53	NEW    cov: 122 ft: 368 corp: 21/4732b lim: 333 exec/s: 0 rss: 29Mb L: 331/333 MS: 2 InsertByte-InsertByte-
#54	NEW    cov: 122 ft: 372 corp: 22/4788b lim: 333 exec/s: 0 rss: 29Mb L: 56/333 MS: 1 CMP- DE: "\252\000\000\000\000\000\000\000"-
#55	NEW    cov: 122 ft: 373 corp: 23/5081b lim: 333 exec/s: 0 rss: 29Mb L: 293/333 MS: 1 EraseBytes-
#57	NEW    cov: 122 ft: 374 corp: 24/5350b lim: 333 exec/s: 0 rss: 29Mb L: 269/333 MS: 2 ChangeBinInt-InsertRepeatedBytes-
#60	NEW    cov: 122 ft: 384 corp: 25/5461b lim: 333 exec/s: 0 rss: 29Mb L: 111/333 MS: 3 InsertByte-ChangeBinInt-CrossOver-
#64	NEW    cov: 122 ft: 385 corp: 26/5741b lim: 333 exec/s: 0 rss: 29Mb L: 280/333 MS: 4 ShuffleBytes-ChangeByte-ChangeBit-InsertByte-
#67	NEW    cov: 122 ft: 395 corp: 27/5883b lim: 333 exec/s: 0 rss: 29Mb L: 142/333 MS: 3 InsertByte-CMP-CopyPart- DE: "\377\377\377\035"-
#74	NEW    cov: 122 ft: 396 corp: 28/6181b lim: 333 exec/s: 0 rss: 29Mb L: 298/333 MS: 2 ChangeBit-CrossOver-
#75	REDUCE cov: 122 ft: 396 corp: 28/6168b lim: 333 exec/s: 0 rss: 29Mb L: 128/333 MS: 1 EraseBytes-
#76	NEW    cov: 122 ft: 397 corp: 29/6352b lim: 333 exec/s: 0 rss: 29Mb L: 184/333 MS: 1 EraseBytes-
#82	NEW    cov: 122 ft: 400 corp: 30/6400b lim: 333 exec/s: 0 rss: 29Mb L: 48/333 MS: 1 CopyPart-
#83	NEW    cov: 122 ft: 401 corp: 31/6675b lim: 333 exec/s: 0 rss: 29Mb L: 275/333 MS: 1 CopyPart-
#85	NEW    cov: 122 ft: 402 corp: 32/6931b lim: 333 exec/s: 0 rss: 29Mb L: 256/333 MS: 2 CMP-CMP- DE: "\377\377\377\377\377\377\377\177"-"ipma"-
#89	NEW    cov: 122 ft: 407 corp: 33/6987b lim: 333 exec/s: 0 rss: 29Mb L: 56/333 MS: 4 PersAutoDict-ChangeBinInt-ShuffleBytes-ChangeBinInt- DE: "!\3364\323e_\000\000"-
#112	NEW    cov: 122 ft: 408 corp: 34/7267b lim: 333 exec/s: 0 rss: 29Mb L: 280/333 MS: 3 CMP-ShuffleBytes-InsertByte- DE: "h\000"-
#113	REDUCE cov: 122 ft: 408 corp: 34/7254b lim: 333 exec/s: 0 rss: 29Mb L: 239/333 MS: 1 EraseBytes-
#116	REDUCE cov: 122 ft: 408 corp: 34/7251b lim: 333 exec/s: 0 rss: 29Mb L: 53/333 MS: 3 InsertByte-ShuffleBytes-EraseBytes-
#127	REDUCE cov: 122 ft: 417 corp: 35/7283b lim: 333 exec/s: 0 rss: 29Mb L: 32/333 MS: 1 EraseBytes-
#141	NEW    cov: 122 ft: 418 corp: 36/7603b lim: 333 exec/s: 0 rss: 29Mb L: 320/333 MS: 4 PersAutoDict-ChangeBinInt-PersAutoDict-CopyPart- DE: "\252\000\000\000\000\000\000\000"-"ipma"-
#147	NEW    cov: 122 ft: 419 corp: 37/7665b lim: 333 exec/s: 0 rss: 29Mb L: 62/333 MS: 1 CrossOver-
#151	NEW    cov: 122 ft: 420 corp: 38/7973b lim: 333 exec/s: 0 rss: 29Mb L: 308/333 MS: 4 InsertByte-CMP-ShuffleBytes-CopyPart- DE: "\001\000\000\000"-
#167	NEW    cov: 122 ft: 421 corp: 39/8046b lim: 333 exec/s: 0 rss: 29Mb L: 73/333 MS: 1 InsertByte-
#173	REDUCE cov: 122 ft: 421 corp: 39/7990b lim: 333 exec/s: 0 rss: 29Mb L: 224/333 MS: 1 EraseBytes-
#196	NEW    cov: 122 ft: 427 corp: 40/8319b lim: 333 exec/s: 0 rss: 29Mb L: 329/333 MS: 3 PersAutoDict-ShuffleBytes-CrossOver- DE: "\001\000\000\000"-
#215	NEW    cov: 122 ft: 428 corp: 41/8420b lim: 333 exec/s: 0 rss: 29Mb L: 101/333 MS: 4 ChangeByte-CopyPart-ChangeBit-CrossOver-
#218	NEW    cov: 123 ft: 429 corp: 42/8714b lim: 333 exec/s: 0 rss: 29Mb L: 294/333 MS: 3 InsertRepeatedBytes-ChangeASCIIInt-InsertByte-
#228	NEW    cov: 123 ft: 430 corp: 43/8942b lim: 333 exec/s: 0 rss: 29Mb L: 228/333 MS: 5 ChangeASCIIInt-ChangeByte-CopyPart-ShuffleBytes-CopyPart-
#270	NEW    cov: 123 ft: 431 corp: 44/9198b lim: 333 exec/s: 0 rss: 29Mb L: 256/333 MS: 2 ChangeByte-ShuffleBytes-
#271	NEW    cov: 123 ft: 439 corp: 45/9217b lim: 333 exec/s: 0 rss: 29Mb L: 19/333 MS: 1 EraseBytes-
#282	NEW    cov: 123 ft: 443 corp: 46/9233b lim: 333 exec/s: 0 rss: 29Mb L: 16/333 MS: 1 CrossOver-
#306	NEW    cov: 123 ft: 444 corp: 47/9284b lim: 333 exec/s: 0 rss: 29Mb L: 51/333 MS: 4 CrossOver-ChangeBinInt-EraseBytes-EraseBytes-
#331	NEW    cov: 123 ft: 446 corp: 48/9504b lim: 333 exec/s: 0 rss: 29Mb L: 220/333 MS: 5 CopyPart-PersAutoDict-CrossOver-EraseBytes-InsertRepeatedBytes- DE: "!\3364\323e_\000\000"-
#385	NEW    cov: 123 ft: 447 corp: 49/9769b lim: 333 exec/s: 0 rss: 29Mb L: 265/333 MS: 4 CMP-ChangeByte-InsertByte-InsertRepeatedBytes- DE: "edts"-
#398	REDUCE cov: 123 ft: 447 corp: 49/9701b lim: 333 exec/s: 0 rss: 29Mb L: 143/333 MS: 3 EraseBytes-ChangeByte-EraseBytes-
#441	NEW    cov: 123 ft: 448 corp: 50/9763b lim: 333 exec/s: 0 rss: 29Mb L: 62/333 MS: 3 InsertByte-ChangeBinInt-EraseBytes-
#467	NEW    cov: 123 ft: 449 corp: 51/9851b lim: 333 exec/s: 0 rss: 29Mb L: 88/333 MS: 1 EraseBytes-
#477	NEW    cov: 123 ft: 452 corp: 52/10163b lim: 333 exec/s: 0 rss: 29Mb L: 312/333 MS: 5 CrossOver-InsertRepeatedBytes-InsertByte-CMP-CrossOver- DE: "TR\223\225e_\000\000"-
#483	REDUCE cov: 123 ft: 452 corp: 52/10161b lim: 333 exec/s: 0 rss: 29Mb L: 226/333 MS: 1 EraseBytes-
#489	REDUCE cov: 123 ft: 452 corp: 52/10112b lim: 333 exec/s: 0 rss: 29Mb L: 244/333 MS: 1 EraseBytes-
#505	NEW    cov: 123 ft: 453 corp: 53/10336b lim: 333 exec/s: 0 rss: 29Mb L: 224/333 MS: 1 CMP- DE: "minf"-
#548	NEW    cov: 123 ft: 461 corp: 54/10366b lim: 333 exec/s: 0 rss: 29Mb L: 30/333 MS: 3 ChangeBinInt-InsertRepeatedBytes-CrossOver-
#554	NEW    cov: 123 ft: 462 corp: 55/10594b lim: 333 exec/s: 0 rss: 29Mb L: 228/333 MS: 1 PersAutoDict- DE: "edts"-
#566	REDUCE cov: 123 ft: 472 corp: 56/10603b lim: 333 exec/s: 0 rss: 29Mb L: 9/333 MS: 2 ChangeASCIIInt-CrossOver-
#629	REDUCE cov: 123 ft: 472 corp: 56/10596b lim: 333 exec/s: 0 rss: 29Mb L: 136/333 MS: 3 ChangeASCIIInt-InsertByte-EraseBytes-
#645	REDUCE cov: 123 ft: 472 corp: 56/10580b lim: 333 exec/s: 0 rss: 29Mb L: 156/333 MS: 1 EraseBytes-
#672	NEW    cov: 123 ft: 473 corp: 57/10913b lim: 333 exec/s: 0 rss: 29Mb L: 333/333 MS: 2 ChangeBinInt-ChangeBit-
#684	NEW    cov: 123 ft: 475 corp: 58/11074b lim: 333 exec/s: 0 rss: 29Mb L: 161/333 MS: 2 ChangeBinInt-CrossOver-
#755	NEW    cov: 123 ft: 479 corp: 59/11386b lim: 333 exec/s: 0 rss: 29Mb L: 312/333 MS: 1 CrossOver-
#948	REDUCE cov: 123 ft: 479 corp: 59/11325b lim: 333 exec/s: 0 rss: 29Mb L: 165/333 MS: 3 InsertByte-CrossOver-EraseBytes-
#985	REDUCE cov: 123 ft: 479 corp: 59/11319b lim: 333 exec/s: 0 rss: 29Mb L: 24/333 MS: 2 EraseBytes-InsertByte-
#1042	REDUCE cov: 123 ft: 479 corp: 59/11310b lim: 333 exec/s: 0 rss: 29Mb L: 92/333 MS: 2 CrossOver-InsertRepeatedBytes-
#1048	REDUCE cov: 123 ft: 479 corp: 59/11306b lim: 333 exec/s: 0 rss: 29Mb L: 329/333 MS: 1 CrossOver-
#1089	REDUCE cov: 123 ft: 479 corp: 59/11283b lim: 333 exec/s: 0 rss: 29Mb L: 256/333 MS: 1 EraseBytes-
#1113	NEW    cov: 123 ft: 488 corp: 60/11615b lim: 333 exec/s: 0 rss: 29Mb L: 332/333 MS: 4 PersAutoDict-ShuffleBytes-EraseBytes-CopyPart- DE: "h\000"-
#1128	REDUCE cov: 123 ft: 488 corp: 60/11604b lim: 333 exec/s: 0 rss: 29Mb L: 217/333 MS: 5 InsertByte-ShuffleBytes-PersAutoDict-ChangeByte-EraseBytes- DE: "edts"-
#1173	REDUCE cov: 123 ft: 488 corp: 60/11603b lim: 333 exec/s: 0 rss: 29Mb L: 61/333 MS: 5 PersAutoDict-CopyPart-ChangeBit-CMP-EraseBytes- DE: "h\000"-"\011\000\000\000"-
#1243	REDUCE cov: 123 ft: 488 corp: 60/11596b lim: 333 exec/s: 0 rss: 29Mb L: 46/333 MS: 5 CMP-ChangeByte-ChangeByte-ChangeBit-EraseBytes- DE: "h&\223\225e_\000\000"-
#1245	REDUCE cov: 123 ft: 488 corp: 60/11545b lim: 333 exec/s: 0 rss: 29Mb L: 169/333 MS: 2 ChangeByte-CrossOver-
#1297	REDUCE cov: 123 ft: 488 corp: 60/11496b lim: 333 exec/s: 0 rss: 29Mb L: 168/333 MS: 2 CrossOver-EraseBytes-
#1305	REDUCE cov: 123 ft: 488 corp: 60/11471b lim: 333 exec/s: 0 rss: 29Mb L: 307/333 MS: 3 ChangeByte-ChangeBinInt-EraseBytes-
#1326	REDUCE cov: 123 ft: 488 corp: 60/11437b lim: 333 exec/s: 0 rss: 29Mb L: 186/333 MS: 1 EraseBytes-
#1491	REDUCE cov: 124 ft: 489 corp: 61/11444b lim: 333 exec/s: 0 rss: 29Mb L: 7/333 MS: 5 EraseBytes-PersAutoDict-ChangeByte-ShuffleBytes-EraseBytes- DE: "!\3364\323e_\000\000"-
#1540	REDUCE cov: 124 ft: 489 corp: 61/11443b lim: 333 exec/s: 0 rss: 29Mb L: 18/333 MS: 4 CMP-ChangeBinInt-ChangeBit-EraseBytes- DE: "stss"-
#1591	REDUCE cov: 124 ft: 489 corp: 61/11441b lim: 333 exec/s: 0 rss: 29Mb L: 49/333 MS: 1 EraseBytes-
#1595	REDUCE cov: 124 ft: 489 corp: 61/11437b lim: 333 exec/s: 0 rss: 29Mb L: 165/333 MS: 4 ChangeByte-InsertByte-EraseBytes-InsertRepeatedBytes-
#1600	NEW    cov: 124 ft: 490 corp: 62/11665b lim: 333 exec/s: 0 rss: 29Mb L: 228/333 MS: 5 ShuffleBytes-CMP-PersAutoDict-ShuffleBytes-ChangeBit- DE: "\027\0037\323e_\000\000"-"\252\000\000\000\000\000\000\000"-
#1643	REDUCE cov: 124 ft: 490 corp: 62/11649b lim: 333 exec/s: 0 rss: 29Mb L: 112/333 MS: 3 EraseBytes-CrossOver-CrossOver-
#1649	REDUCE cov: 124 ft: 490 corp: 62/11527b lim: 333 exec/s: 0 rss: 29Mb L: 185/333 MS: 1 EraseBytes-
#1712	REDUCE cov: 124 ft: 490 corp: 62/11507b lim: 333 exec/s: 0 rss: 29Mb L: 219/333 MS: 3 CMP-ShuffleBytes-EraseBytes- DE: "qt  "-
#2007	REDUCE cov: 124 ft: 490 corp: 62/11457b lim: 333 exec/s: 0 rss: 29Mb L: 135/333 MS: 5 ShuffleBytes-ShuffleBytes-ShuffleBytes-ChangeBit-EraseBytes-
#2050	REDUCE cov: 124 ft: 490 corp: 62/11451b lim: 333 exec/s: 0 rss: 29Mb L: 136/333 MS: 3 CrossOver-EraseBytes-CrossOver-
#2128	REDUCE cov: 124 ft: 490 corp: 62/11441b lim: 333 exec/s: 0 rss: 29Mb L: 36/333 MS: 3 ChangeByte-ChangeBit-EraseBytes-
#2174	REDUCE cov: 124 ft: 495 corp: 63/11689b lim: 333 exec/s: 0 rss: 29Mb L: 248/333 MS: 1 CMP- DE: "hvc1"-
#2258	NEW    cov: 124 ft: 496 corp: 64/12022b lim: 333 exec/s: 0 rss: 29Mb L: 333/333 MS: 4 CMP-CMP-ShuffleBytes-ChangeBinInt- DE: "\001\000\000\000"-"N7ISOBMFF4FTYP"-
#2361	REDUCE cov: 124 ft: 497 corp: 65/12030b lim: 333 exec/s: 0 rss: 29Mb L: 8/333 MS: 3 ChangeBit-EraseBytes-CrossOver-
#2424	REDUCE cov: 124 ft: 497 corp: 65/11942b lim: 333 exec/s: 0 rss: 29Mb L: 245/333 MS: 3 ChangeBit-ChangeBinInt-EraseBytes-
#2541	REDUCE cov: 124 ft: 497 corp: 65/11919b lim: 333 exec/s: 0 rss: 29Mb L: 33/333 MS: 2 EraseBytes-InsertByte-
#2555	REDUCE cov: 124 ft: 497 corp: 65/11915b lim: 333 exec/s: 0 rss: 29Mb L: 57/333 MS: 4 EraseBytes-ChangeByte-ChangeBit-InsertByte-
#2831	REDUCE cov: 124 ft: 497 corp: 65/11914b lim: 333 exec/s: 0 rss: 29Mb L: 332/333 MS: 1 CrossOver-
#2902	REDUCE cov: 124 ft: 497 corp: 65/11910b lim: 333 exec/s: 0 rss: 29Mb L: 108/333 MS: 1 EraseBytes-
#2928	NEW    cov: 124 ft: 498 corp: 66/11952b lim: 333 exec/s: 0 rss: 29Mb L: 42/333 MS: 1 CopyPart-
#3131	REDUCE cov: 124 ft: 498 corp: 66/11942b lim: 333 exec/s: 0 rss: 29Mb L: 158/333 MS: 3 CopyPart-EraseBytes-PersAutoDict- DE: "h&\223\225e_\000\000"-
#3138	REDUCE cov: 124 ft: 498 corp: 66/11934b lim: 333 exec/s: 0 rss: 29Mb L: 321/333 MS: 2 CrossOver-EraseBytes-
#3333	REDUCE cov: 124 ft: 498 corp: 66/11890b lim: 333 exec/s: 0 rss: 29Mb L: 176/333 MS: 5 InsertByte-InsertRepeatedBytes-CrossOver-EraseBytes-EraseBytes-
#3454	REDUCE cov: 124 ft: 499 corp: 67/12154b lim: 333 exec/s: 0 rss: 29Mb L: 264/333 MS: 1 EraseBytes-
#3457	NEW    cov: 125 ft: 501 corp: 68/12220b lim: 333 exec/s: 0 rss: 29Mb L: 66/333 MS: 3 ChangeBit-InsertRepeatedBytes-PersAutoDict- DE: "hvc1"-
#3492	REDUCE cov: 125 ft: 501 corp: 68/12218b lim: 333 exec/s: 0 rss: 29Mb L: 46/333 MS: 5 PersAutoDict-ChangeByte-CopyPart-CMP-EraseBytes- DE: "\252\000\000\000\000\000\000\000"-"\377\377^e\3234k\035"-
#3595	REDUCE cov: 125 ft: 501 corp: 68/12170b lim: 333 exec/s: 0 rss: 29Mb L: 192/333 MS: 3 EraseBytes-ShuffleBytes-InsertByte-
#3721	REDUCE cov: 125 ft: 501 corp: 68/12138b lim: 333 exec/s: 0 rss: 29Mb L: 213/333 MS: 1 EraseBytes-
#3723	REDUCE cov: 125 ft: 501 corp: 68/12131b lim: 333 exec/s: 0 rss: 29Mb L: 9/333 MS: 2 InsertByte-EraseBytes-
#3779	REDUCE cov: 125 ft: 501 corp: 68/12128b lim: 333 exec/s: 0 rss: 29Mb L: 4/333 MS: 1 EraseBytes-
#3784	REDUCE cov: 125 ft: 501 corp: 68/12105b lim: 333 exec/s: 0 rss: 29Mb L: 69/333 MS: 5 PersAutoDict-EraseBytes-ChangeByte-PersAutoDict-PersAutoDict- DE: "ipma"-"\377\377\377\035"-"N7ISOBMFF4FTYP"-
#3824	REDUCE cov: 125 ft: 501 corp: 68/12093b lim: 333 exec/s: 0 rss: 29Mb L: 61/333 MS: 5 ChangeByte-ShuffleBytes-ShuffleBytes-ChangeBit-EraseBytes-
#3869	REDUCE cov: 125 ft: 501 corp: 68/12089b lim: 333 exec/s: 0 rss: 29Mb L: 265/333 MS: 5 CopyPart-ChangeBit-CrossOver-PersAutoDict-CrossOver- DE: "ipma"-
#3916	REDUCE cov: 125 ft: 501 corp: 68/12085b lim: 333 exec/s: 0 rss: 29Mb L: 42/333 MS: 2 ChangeBinInt-EraseBytes-
#3949	REDUCE cov: 125 ft: 501 corp: 68/12083b lim: 333 exec/s: 0 rss: 29Mb L: 2/333 MS: 3 ChangeBinInt-ChangeBit-EraseBytes-
#3950	REDUCE cov: 125 ft: 501 corp: 68/12047b lim: 333 exec/s: 0 rss: 29Mb L: 140/333 MS: 1 EraseBytes-
#4171	REDUCE cov: 125 ft: 501 corp: 68/12043b lim: 333 exec/s: 0 rss: 29Mb L: 107/333 MS: 1 EraseBytes-
#4300	REDUCE cov: 125 ft: 501 corp: 68/12027b lim: 333 exec/s: 0 rss: 29Mb L: 305/333 MS: 4 CopyPart-CMP-ChangeByte-EraseBytes- DE: "\377\377\377\377"-
#4338	REDUCE cov: 125 ft: 501 corp: 68/12026b lim: 333 exec/s: 0 rss: 29Mb L: 17/333 MS: 3 ChangeBit-InsertByte-EraseBytes-
#4735	REDUCE cov: 125 ft: 501 corp: 68/12025b lim: 333 exec/s: 0 rss: 29Mb L: 1/333 MS: 2 CopyPart-EraseBytes-
#4741	REDUCE cov: 125 ft: 501 corp: 68/11992b lim: 333 exec/s: 0 rss: 29Mb L: 211/333 MS: 1 CrossOver-
#4839	REDUCE cov: 125 ft: 501 corp: 68/11984b lim: 333 exec/s: 0 rss: 29Mb L: 257/333 MS: 3 PersAutoDict-ChangeByte-EraseBytes- DE: "\027\0037\323e_\000\000"-
#4867	REDUCE cov: 125 ft: 501 corp: 68/11983b lim: 333 exec/s: 0 rss: 29Mb L: 134/333 MS: 3 ChangeASCIIInt-CMP-EraseBytes- DE: "schm"-
#4898	REDUCE cov: 125 ft: 501 corp: 68/11905b lim: 333 exec/s: 0 rss: 29Mb L: 186/333 MS: 1 EraseBytes-
#4903	REDUCE cov: 125 ft: 502 corp: 69/12130b lim: 333 exec/s: 0 rss: 31Mb L: 225/333 MS: 5 ChangeBinInt-InsertByte-ChangeASCIIInt-CMP-InsertByte- DE: "rli+"-
#5014	REDUCE cov: 125 ft: 502 corp: 69/12105b lim: 333 exec/s: 0 rss: 31Mb L: 188/333 MS: 1 EraseBytes-
#5063	REDUCE cov: 125 ft: 502 corp: 69/12099b lim: 333 exec/s: 0 rss: 31Mb L: 30/333 MS: 4 ChangeBinInt-ChangeBinInt-CMP-EraseBytes- DE: "\001\000\000\000"-
#5145	REDUCE cov: 125 ft: 502 corp: 69/12096b lim: 333 exec/s: 0 rss: 31Mb L: 66/333 MS: 2 InsertRepeatedBytes-EraseBytes-
#5161	REDUCE cov: 125 ft: 502 corp: 69/12048b lim: 333 exec/s: 0 rss: 31Mb L: 140/333 MS: 1 EraseBytes-
#5523	NEW    cov: 125 ft: 503 corp: 70/12308b lim: 333 exec/s: 0 rss: 31Mb L: 260/333 MS: 2 ShuffleBytes-PersAutoDict- DE: "stss"-
#5565	REDUCE cov: 125 ft: 503 corp: 70/12299b lim: 333 exec/s: 0 rss: 31Mb L: 303/333 MS: 2 InsertByte-EraseBytes-
#5583	REDUCE cov: 125 ft: 503 corp: 70/12291b lim: 333 exec/s: 0 rss: 31Mb L: 216/333 MS: 3 CMP-ChangeByte-EraseBytes- DE: "\205\000\000\000\000\000\000\000"-
#5873	REDUCE cov: 125 ft: 503 corp: 70/12290b lim: 333 exec/s: 0 rss: 31Mb L: 164/333 MS: 5 PersAutoDict-ShuffleBytes-EraseBytes-PersAutoDict-PersAutoDict- DE: "schm"-"\011\000\000\000"-"edts"-
==75918== ERROR: libFuzzer: out-of-memory (used: 1583Mb; limit: 1024Mb)
   To change the out-of-memory limit use -rss_limit_mb=<N>

MS: 2 CopyPart-CopyPart-; base unit: 2271652baa31db12457273798e820d396dc1c8e4
artifact_prefix='/results/crashes/20260313_144736_2e4e415a_'; Test unit written to /results/crashes/20260313_144736_2e4e415a_oom-b103de9342a78c8706c9b78aa898a4bf6d83674f
SUMMARY: libFuzzer: out-of-memory
stat::number_of_executed_units: 5951
stat::average_exec_per_sec:     2975
stat::new_units_added:          130
stat::slowest_unit_time_sec:    0
stat::peak_rss_mb:              1583
