INFO: Running with entropic power schedule (0xFF, 100).
INFO: Seed: 1498082712
INFO: Loaded 1 modules   (252 inline 8-bit counters): 252 [0x5beea8178678, 0x5beea8178774), 
INFO: Loaded 1 PC tables (252 PCs): 252 [0x5beea8178778,0x5beea8179738), 
INFO:        4 files found in /tmp/corpus_20260313_151724_6141fea5
INFO: seed corpus: files: 4 min: 48b max: 333b total: 853b rss: 28Mb
#5	INITED cov: 117 ft: 250 corp: 4/853b exec/s: 0 rss: 29Mb
#6	NEW    cov: 118 ft: 262 corp: 5/1017b lim: 333 exec/s: 0 rss: 29Mb L: 164/333 MS: 1 InsertRepeatedBytes-
#8	NEW    cov: 118 ft: 263 corp: 6/1270b lim: 333 exec/s: 0 rss: 29Mb L: 253/333 MS: 2 ChangeByte-InsertByte-
#13	NEW    cov: 119 ft: 274 corp: 7/1582b lim: 333 exec/s: 0 rss: 29Mb L: 312/333 MS: 5 ChangeByte-ChangeBinInt-ChangeByte-ChangeByte-InsertRepeatedBytes-
#14	NEW    cov: 119 ft: 275 corp: 8/1630b lim: 333 exec/s: 0 rss: 29Mb L: 48/333 MS: 1 CrossOver-
#20	NEW    cov: 119 ft: 276 corp: 9/1866b lim: 333 exec/s: 0 rss: 29Mb L: 236/333 MS: 1 EraseBytes-
#21	NEW    cov: 119 ft: 280 corp: 10/1913b lim: 333 exec/s: 0 rss: 29Mb L: 47/333 MS: 1 EraseBytes-
#22	NEW    cov: 119 ft: 281 corp: 11/1962b lim: 333 exec/s: 0 rss: 29Mb L: 49/333 MS: 1 InsertByte-
#23	NEW    cov: 119 ft: 288 corp: 12/2190b lim: 333 exec/s: 0 rss: 29Mb L: 228/333 MS: 1 CMP- DE: "\001\000[\356\313\275.["-
#24	NEW    cov: 119 ft: 290 corp: 13/2403b lim: 333 exec/s: 0 rss: 29Mb L: 213/333 MS: 1 EraseBytes-
#26	NEW    cov: 119 ft: 299 corp: 14/2639b lim: 333 exec/s: 0 rss: 29Mb L: 236/333 MS: 2 ShuffleBytes-ChangeBit-
#27	NEW    cov: 120 ft: 301 corp: 15/2951b lim: 333 exec/s: 0 rss: 29Mb L: 312/333 MS: 1 CopyPart-
#31	NEW    cov: 120 ft: 305 corp: 16/3212b lim: 333 exec/s: 0 rss: 29Mb L: 261/333 MS: 4 CopyPart-ChangeByte-PersAutoDict-ChangeByte- DE: "\001\000[\356\313\275.["-
#41	NEW    cov: 120 ft: 312 corp: 17/3349b lim: 333 exec/s: 0 rss: 29Mb L: 137/333 MS: 5 PersAutoDict-ChangeByte-InsertByte-ChangeBinInt-EraseBytes- DE: "\001\000[\356\313\275.["-
#43	NEW    cov: 120 ft: 313 corp: 18/3638b lim: 333 exec/s: 0 rss: 29Mb L: 289/333 MS: 2 CopyPart-InsertRepeatedBytes-
#53	NEW    cov: 120 ft: 315 corp: 19/3890b lim: 333 exec/s: 0 rss: 29Mb L: 252/333 MS: 5 CrossOver-ChangeByte-EraseBytes-ChangeBit-InsertByte-
#57	NEW    cov: 120 ft: 316 corp: 20/4059b lim: 333 exec/s: 0 rss: 29Mb L: 169/333 MS: 4 CMP-ShuffleBytes-ShuffleBytes-InsertByte- DE: "strk"-
#61	NEW    cov: 120 ft: 332 corp: 21/4171b lim: 333 exec/s: 0 rss: 29Mb L: 112/333 MS: 4 CopyPart-EraseBytes-ShuffleBytes-EraseBytes-
#62	NEW    cov: 120 ft: 333 corp: 22/4239b lim: 333 exec/s: 0 rss: 29Mb L: 68/333 MS: 1 InsertRepeatedBytes-
#70	NEW    cov: 120 ft: 334 corp: 23/4323b lim: 333 exec/s: 0 rss: 29Mb L: 84/333 MS: 3 InsertByte-ChangeBit-CrossOver-
#76	NEW    cov: 120 ft: 349 corp: 24/4576b lim: 333 exec/s: 0 rss: 29Mb L: 253/333 MS: 1 InsertByte-
#82	REDUCE cov: 120 ft: 349 corp: 24/4570b lim: 333 exec/s: 0 rss: 29Mb L: 62/333 MS: 1 EraseBytes-
#85	REDUCE cov: 120 ft: 349 corp: 24/4485b lim: 333 exec/s: 0 rss: 29Mb L: 151/333 MS: 3 PersAutoDict-CMP-CrossOver- DE: "strk"-"stbl"-
#86	NEW    cov: 120 ft: 350 corp: 25/4751b lim: 333 exec/s: 0 rss: 29Mb L: 266/333 MS: 1 InsertRepeatedBytes-
#90	NEW    cov: 120 ft: 351 corp: 26/4955b lim: 333 exec/s: 0 rss: 29Mb L: 204/333 MS: 4 ChangeBit-CrossOver-ChangeBinInt-InsertRepeatedBytes-
#99	NEW    cov: 120 ft: 353 corp: 27/5073b lim: 333 exec/s: 0 rss: 29Mb L: 118/333 MS: 4 ChangeBinInt-ShuffleBytes-ShuffleBytes-InsertRepeatedBytes-
#100	NEW    cov: 120 ft: 354 corp: 28/5169b lim: 333 exec/s: 0 rss: 29Mb L: 96/333 MS: 1 EraseBytes-
#108	NEW    cov: 120 ft: 355 corp: 29/5225b lim: 333 exec/s: 0 rss: 29Mb L: 56/333 MS: 3 PersAutoDict-PersAutoDict-PersAutoDict- DE: "stbl"-"strk"-"\001\000[\356\313\275.["-
#109	NEW    cov: 120 ft: 356 corp: 30/5446b lim: 333 exec/s: 0 rss: 29Mb L: 221/333 MS: 1 InsertByte-
#116	NEW    cov: 121 ft: 357 corp: 31/5578b lim: 333 exec/s: 0 rss: 29Mb L: 132/333 MS: 2 InsertByte-CrossOver-
#117	NEW    cov: 121 ft: 358 corp: 32/5662b lim: 333 exec/s: 0 rss: 29Mb L: 84/333 MS: 1 InsertRepeatedBytes-
#128	REDUCE cov: 121 ft: 358 corp: 32/5657b lim: 333 exec/s: 0 rss: 29Mb L: 43/333 MS: 1 EraseBytes-
#130	NEW    cov: 121 ft: 360 corp: 33/5819b lim: 333 exec/s: 0 rss: 29Mb L: 162/333 MS: 2 ChangeByte-EraseBytes-
#169	NEW    cov: 121 ft: 366 corp: 34/5948b lim: 333 exec/s: 0 rss: 29Mb L: 129/333 MS: 4 PersAutoDict-PersAutoDict-InsertByte-EraseBytes- DE: "stbl"-"strk"-
#174	NEW    cov: 122 ft: 367 corp: 35/6255b lim: 333 exec/s: 0 rss: 29Mb L: 307/333 MS: 5 ChangeByte-ShuffleBytes-EraseBytes-CMP-PersAutoDict- DE: "\237\363\275\313\356[\000\000"-"stbl"-
#177	NEW    cov: 122 ft: 368 corp: 36/6395b lim: 333 exec/s: 0 rss: 29Mb L: 140/333 MS: 3 InsertRepeatedBytes-ChangeByte-ChangeBit-
#204	REDUCE cov: 122 ft: 369 corp: 37/6431b lim: 333 exec/s: 0 rss: 29Mb L: 36/333 MS: 2 ChangeByte-EraseBytes-
#220	REDUCE cov: 122 ft: 369 corp: 37/6392b lim: 333 exec/s: 0 rss: 29Mb L: 79/333 MS: 1 EraseBytes-
#234	REDUCE cov: 122 ft: 369 corp: 37/6368b lim: 333 exec/s: 0 rss: 29Mb L: 127/333 MS: 4 ShuffleBytes-InsertByte-InsertByte-EraseBytes-
#242	NEW    cov: 122 ft: 389 corp: 38/6555b lim: 333 exec/s: 0 rss: 29Mb L: 187/333 MS: 3 InsertRepeatedBytes-ShuffleBytes-EraseBytes-
#243	NEW    cov: 122 ft: 390 corp: 39/6867b lim: 333 exec/s: 0 rss: 29Mb L: 312/333 MS: 1 ChangeBit-
#244	REDUCE cov: 122 ft: 390 corp: 39/6861b lim: 333 exec/s: 0 rss: 29Mb L: 121/333 MS: 1 EraseBytes-
#252	REDUCE cov: 122 ft: 391 corp: 40/6925b lim: 333 exec/s: 0 rss: 29Mb L: 64/333 MS: 3 InsertRepeatedBytes-ShuffleBytes-ChangeBinInt-
#260	NEW    cov: 122 ft: 393 corp: 41/7219b lim: 333 exec/s: 0 rss: 29Mb L: 294/333 MS: 3 CMP-PersAutoDict-CopyPart- DE: "urn "-"strk"-
#308	REDUCE cov: 122 ft: 408 corp: 42/7298b lim: 333 exec/s: 0 rss: 29Mb L: 79/333 MS: 3 ShuffleBytes-ChangeBinInt-ChangeBit-
#316	NEW    cov: 122 ft: 409 corp: 43/7346b lim: 333 exec/s: 0 rss: 29Mb L: 48/333 MS: 3 CrossOver-ShuffleBytes-PersAutoDict- DE: "\237\363\275\313\356[\000\000"-
#323	NEW    cov: 122 ft: 410 corp: 44/7552b lim: 333 exec/s: 0 rss: 29Mb L: 206/333 MS: 2 EraseBytes-InsertRepeatedBytes-
#334	NEW    cov: 122 ft: 415 corp: 45/7600b lim: 333 exec/s: 0 rss: 29Mb L: 48/333 MS: 1 ChangeBinInt-
#336	NEW    cov: 122 ft: 417 corp: 46/7898b lim: 333 exec/s: 0 rss: 29Mb L: 298/333 MS: 2 ChangeBinInt-PersAutoDict- DE: "urn "-
#347	REDUCE cov: 122 ft: 417 corp: 46/7872b lim: 333 exec/s: 0 rss: 29Mb L: 240/333 MS: 1 EraseBytes-
#359	NEW    cov: 122 ft: 418 corp: 47/8186b lim: 333 exec/s: 0 rss: 29Mb L: 314/333 MS: 2 InsertByte-InsertByte-
#370	NEW    cov: 122 ft: 421 corp: 48/8228b lim: 333 exec/s: 0 rss: 29Mb L: 42/333 MS: 1 EraseBytes-
#392	REDUCE cov: 122 ft: 421 corp: 48/8217b lim: 333 exec/s: 0 rss: 29Mb L: 37/333 MS: 2 ChangeBit-EraseBytes-
#410	REDUCE cov: 122 ft: 421 corp: 48/8208b lim: 333 exec/s: 0 rss: 29Mb L: 178/333 MS: 3 ChangeBit-ChangeByte-EraseBytes-
#429	NEW    cov: 122 ft: 422 corp: 49/8240b lim: 333 exec/s: 0 rss: 29Mb L: 32/333 MS: 4 PersAutoDict-ChangeBinInt-ChangeBinInt-EraseBytes- DE: "strk"-
#436	NEW    cov: 122 ft: 423 corp: 50/8288b lim: 333 exec/s: 0 rss: 29Mb L: 48/333 MS: 2 ChangeASCIIInt-InsertByte-
#455	NEW    cov: 122 ft: 433 corp: 51/8468b lim: 333 exec/s: 0 rss: 29Mb L: 180/333 MS: 4 CopyPart-InsertByte-ChangeBit-CopyPart-
#531	NEW    cov: 122 ft: 434 corp: 52/8540b lim: 333 exec/s: 0 rss: 29Mb L: 72/333 MS: 1 EraseBytes-
#566	REDUCE cov: 122 ft: 434 corp: 52/8507b lim: 333 exec/s: 0 rss: 29Mb L: 51/333 MS: 5 InsertByte-InsertByte-PersAutoDict-EraseBytes-EraseBytes- DE: "strk"-
#573	NEW    cov: 122 ft: 442 corp: 53/8538b lim: 333 exec/s: 0 rss: 29Mb L: 31/333 MS: 2 ShuffleBytes-EraseBytes-
#587	REDUCE cov: 123 ft: 443 corp: 54/8539b lim: 333 exec/s: 0 rss: 29Mb L: 1/333 MS: 4 CrossOver-InsertRepeatedBytes-ShuffleBytes-CrossOver-
#623	NEW    cov: 123 ft: 444 corp: 55/8767b lim: 333 exec/s: 0 rss: 29Mb L: 228/333 MS: 1 CMP- DE: "stts"-
#633	REDUCE cov: 123 ft: 444 corp: 55/8761b lim: 333 exec/s: 0 rss: 29Mb L: 56/333 MS: 5 ShuffleBytes-ChangeByte-ChangeBit-InsertByte-EraseBytes-
#644	NEW    cov: 123 ft: 446 corp: 56/8786b lim: 333 exec/s: 0 rss: 29Mb L: 25/333 MS: 1 EraseBytes-
#708	NEW    cov: 123 ft: 448 corp: 57/8977b lim: 333 exec/s: 0 rss: 29Mb L: 191/333 MS: 4 CopyPart-EraseBytes-CMP-InsertByte- DE: "\000\000\000\001\000\000\000\003"-
#756	NEW    cov: 123 ft: 451 corp: 58/9294b lim: 333 exec/s: 0 rss: 29Mb L: 317/333 MS: 3 CMP-ChangeBit-CrossOver- DE: "\015\000"-
#776	NEW    cov: 123 ft: 455 corp: 59/9594b lim: 333 exec/s: 0 rss: 29Mb L: 300/333 MS: 5 ChangeBinInt-PersAutoDict-ShuffleBytes-InsertByte-InsertByte- DE: "urn "-
#778	NEW    cov: 123 ft: 456 corp: 60/9872b lim: 333 exec/s: 0 rss: 29Mb L: 278/333 MS: 2 CMP-InsertRepeatedBytes- DE: "\001\000y\232\320\000\3107"-
#786	NEW    cov: 123 ft: 464 corp: 61/9892b lim: 333 exec/s: 0 rss: 29Mb L: 20/333 MS: 3 PersAutoDict-ShuffleBytes-EraseBytes- DE: "\000\000\000\001\000\000\000\003"-
#815	NEW    cov: 123 ft: 470 corp: 62/10220b lim: 333 exec/s: 0 rss: 29Mb L: 328/333 MS: 4 CrossOver-ChangeBit-InsertByte-CopyPart-
#824	REDUCE cov: 123 ft: 470 corp: 62/10192b lim: 333 exec/s: 0 rss: 29Mb L: 185/333 MS: 4 InsertRepeatedBytes-PersAutoDict-ChangeByte-CrossOver- DE: "\015\000"-
#829	NEW    cov: 123 ft: 471 corp: 63/10437b lim: 333 exec/s: 0 rss: 29Mb L: 245/333 MS: 5 CopyPart-ChangeBinInt-ShuffleBytes-CrossOver-PersAutoDict- DE: "\015\000"-
#840	REDUCE cov: 123 ft: 471 corp: 63/10356b lim: 333 exec/s: 0 rss: 29Mb L: 97/333 MS: 1 EraseBytes-
#866	REDUCE cov: 123 ft: 471 corp: 63/10321b lim: 333 exec/s: 0 rss: 29Mb L: 127/333 MS: 1 EraseBytes-
#944	REDUCE cov: 123 ft: 471 corp: 63/10313b lim: 333 exec/s: 0 rss: 29Mb L: 71/333 MS: 3 ChangeASCIIInt-ChangeBit-EraseBytes-
#946	REDUCE cov: 123 ft: 471 corp: 63/10286b lim: 333 exec/s: 0 rss: 29Mb L: 100/333 MS: 2 ShuffleBytes-EraseBytes-
#955	REDUCE cov: 123 ft: 471 corp: 63/10257b lim: 333 exec/s: 0 rss: 29Mb L: 42/333 MS: 4 ShuffleBytes-InsertByte-EraseBytes-CopyPart-
#978	REDUCE cov: 123 ft: 471 corp: 63/10233b lim: 333 exec/s: 0 rss: 29Mb L: 237/333 MS: 3 PersAutoDict-CopyPart-EraseBytes- DE: "\001\000y\232\320\000\3107"-
#1075	REDUCE cov: 123 ft: 471 corp: 63/10232b lim: 333 exec/s: 0 rss: 29Mb L: 19/333 MS: 2 ShuffleBytes-EraseBytes-
#1102	NEW    cov: 123 ft: 472 corp: 64/10248b lim: 333 exec/s: 0 rss: 29Mb L: 16/333 MS: 2 ChangeBit-EraseBytes-
#1134	REDUCE cov: 123 ft: 472 corp: 64/10247b lim: 333 exec/s: 0 rss: 29Mb L: 46/333 MS: 2 ShuffleBytes-EraseBytes-
#1138	NEW    cov: 123 ft: 481 corp: 65/10260b lim: 333 exec/s: 0 rss: 29Mb L: 13/333 MS: 4 CopyPart-CopyPart-CopyPart-CrossOver-
#1149	REDUCE cov: 123 ft: 481 corp: 65/10254b lim: 333 exec/s: 0 rss: 29Mb L: 25/333 MS: 1 EraseBytes-
#1195	REDUCE cov: 123 ft: 481 corp: 65/10207b lim: 333 exec/s: 0 rss: 29Mb L: 190/333 MS: 1 EraseBytes-
#1321	REDUCE cov: 123 ft: 481 corp: 65/10184b lim: 333 exec/s: 0 rss: 29Mb L: 106/333 MS: 1 EraseBytes-
#1406	NEW    cov: 123 ft: 482 corp: 66/10507b lim: 333 exec/s: 0 rss: 29Mb L: 323/333 MS: 5 PersAutoDict-ChangeBit-InsertByte-InsertRepeatedBytes-InsertByte- DE: "stts"-
#1513	REDUCE cov: 123 ft: 482 corp: 66/10503b lim: 333 exec/s: 0 rss: 29Mb L: 52/333 MS: 2 EraseBytes-CrossOver-
#1620	NEW    cov: 123 ft: 483 corp: 67/10731b lim: 333 exec/s: 0 rss: 29Mb L: 228/333 MS: 2 CrossOver-ShuffleBytes-
#1681	REDUCE cov: 123 ft: 483 corp: 67/10730b lim: 333 exec/s: 0 rss: 29Mb L: 18/333 MS: 1 EraseBytes-
#1777	NEW    cov: 123 ft: 488 corp: 68/10951b lim: 333 exec/s: 0 rss: 29Mb L: 221/333 MS: 1 CopyPart-
#1838	REDUCE cov: 123 ft: 488 corp: 68/10942b lim: 333 exec/s: 0 rss: 29Mb L: 298/333 MS: 1 CrossOver-
#1864	NEW    cov: 124 ft: 489 corp: 69/11184b lim: 333 exec/s: 0 rss: 29Mb L: 242/333 MS: 1 InsertRepeatedBytes-
#1895	REDUCE cov: 124 ft: 489 corp: 69/11170b lim: 333 exec/s: 0 rss: 29Mb L: 92/333 MS: 1 EraseBytes-
#1917	NEW    cov: 124 ft: 490 corp: 70/11437b lim: 333 exec/s: 0 rss: 29Mb L: 267/333 MS: 2 CrossOver-EraseBytes-
#2024	REDUCE cov: 124 ft: 490 corp: 70/11350b lim: 333 exec/s: 0 rss: 29Mb L: 141/333 MS: 2 PersAutoDict-EraseBytes- DE: "strk"-
#2032	REDUCE cov: 124 ft: 490 corp: 70/11322b lim: 333 exec/s: 0 rss: 29Mb L: 284/333 MS: 3 CMP-ChangeBit-EraseBytes- DE: "hvc1"-
#2124	REDUCE cov: 124 ft: 490 corp: 70/11318b lim: 333 exec/s: 0 rss: 29Mb L: 52/333 MS: 2 ShuffleBytes-EraseBytes-
#2175	REDUCE cov: 124 ft: 490 corp: 70/11303b lim: 333 exec/s: 0 rss: 29Mb L: 21/333 MS: 1 EraseBytes-
#2262	REDUCE cov: 124 ft: 490 corp: 70/11295b lim: 333 exec/s: 0 rss: 29Mb L: 64/333 MS: 2 ShuffleBytes-EraseBytes-
#2389	REDUCE cov: 124 ft: 490 corp: 70/11275b lim: 333 exec/s: 0 rss: 29Mb L: 32/333 MS: 2 EraseBytes-ChangeBinInt-
#2390	REDUCE cov: 124 ft: 490 corp: 70/11261b lim: 333 exec/s: 0 rss: 29Mb L: 107/333 MS: 1 EraseBytes-
#2400	REDUCE cov: 124 ft: 490 corp: 70/11260b lim: 333 exec/s: 0 rss: 29Mb L: 15/333 MS: 5 ShuffleBytes-CrossOver-CMP-InsertByte-EraseBytes- DE: "\010\000\000\000"-
#2443	REDUCE cov: 124 ft: 490 corp: 70/11255b lim: 333 exec/s: 0 rss: 29Mb L: 44/333 MS: 3 CrossOver-InsertByte-EraseBytes-
#2666	REDUCE cov: 124 ft: 490 corp: 70/11249b lim: 333 exec/s: 0 rss: 29Mb L: 58/333 MS: 3 ChangeBit-PersAutoDict-EraseBytes- DE: "hvc1"-
#2719	REDUCE cov: 124 ft: 490 corp: 70/11230b lim: 333 exec/s: 0 rss: 29Mb L: 279/333 MS: 3 InsertByte-InsertRepeatedBytes-EraseBytes-
#2778	REDUCE cov: 124 ft: 490 corp: 70/11211b lim: 333 exec/s: 0 rss: 29Mb L: 226/333 MS: 4 InsertByte-ShuffleBytes-CMP-EraseBytes- DE: "St9exception"-
#2847	REDUCE cov: 124 ft: 490 corp: 70/11141b lim: 333 exec/s: 0 rss: 29Mb L: 120/333 MS: 4 ChangeBit-ChangeBinInt-CrossOver-EraseBytes-
#2869	REDUCE cov: 124 ft: 490 corp: 70/11137b lim: 333 exec/s: 0 rss: 29Mb L: 33/333 MS: 2 CopyPart-EraseBytes-
#3134	REDUCE cov: 124 ft: 490 corp: 70/11107b lim: 333 exec/s: 0 rss: 29Mb L: 223/333 MS: 5 EraseBytes-InsertRepeatedBytes-InsertRepeatedBytes-ChangeByte-CMP- DE: "stsd"-
#3230	REDUCE cov: 124 ft: 490 corp: 70/11056b lim: 333 exec/s: 0 rss: 29Mb L: 56/333 MS: 1 EraseBytes-
#3455	REDUCE cov: 124 ft: 490 corp: 70/11053b lim: 333 exec/s: 0 rss: 29Mb L: 49/333 MS: 5 CopyPart-ChangeBit-ShuffleBytes-PersAutoDict-EraseBytes- DE: "\000\000\000\001\000\000\000\003"-
#3468	REDUCE cov: 124 ft: 490 corp: 70/11043b lim: 333 exec/s: 0 rss: 29Mb L: 32/333 MS: 3 ShuffleBytes-EraseBytes-ChangeBit-
#3492	REDUCE cov: 124 ft: 490 corp: 70/11041b lim: 333 exec/s: 0 rss: 29Mb L: 19/333 MS: 4 EraseBytes-CMP-ChangeBit-CMP- DE: "\001\000\000\003"-"stss"-
#3518	REDUCE cov: 124 ft: 490 corp: 70/11008b lim: 333 exec/s: 0 rss: 29Mb L: 284/333 MS: 1 EraseBytes-
#3580	REDUCE cov: 124 ft: 490 corp: 70/10989b lim: 333 exec/s: 0 rss: 29Mb L: 37/333 MS: 2 ChangeBinInt-CrossOver-
#3681	REDUCE cov: 124 ft: 490 corp: 70/10977b lim: 333 exec/s: 0 rss: 29Mb L: 20/333 MS: 1 EraseBytes-
#3825	REDUCE cov: 124 ft: 491 corp: 71/11309b lim: 333 exec/s: 0 rss: 29Mb L: 332/333 MS: 4 ShuffleBytes-CMP-InsertByte-InsertRepeatedBytes- DE: "\000\000\000 "-
#3833	REDUCE cov: 124 ft: 491 corp: 71/11295b lim: 333 exec/s: 0 rss: 29Mb L: 78/333 MS: 3 InsertByte-InsertRepeatedBytes-EraseBytes-
#3905	REDUCE cov: 124 ft: 491 corp: 71/11287b lim: 333 exec/s: 0 rss: 29Mb L: 17/333 MS: 2 PersAutoDict-EraseBytes- DE: "stsd"-
#4056	NEW    cov: 124 ft: 492 corp: 72/11574b lim: 333 exec/s: 0 rss: 29Mb L: 287/333 MS: 1 EraseBytes-
#4058	NEW    cov: 124 ft: 497 corp: 73/11802b lim: 333 exec/s: 0 rss: 29Mb L: 228/333 MS: 2 ChangeByte-CMP- DE: "\262\211\275\313\356[\000\000"-
#4132	REDUCE cov: 124 ft: 497 corp: 73/11789b lim: 333 exec/s: 0 rss: 29Mb L: 31/333 MS: 4 ShuffleBytes-EraseBytes-ShuffleBytes-CrossOver-
#4180	REDUCE cov: 124 ft: 497 corp: 73/11776b lim: 333 exec/s: 0 rss: 29Mb L: 20/333 MS: 3 InsertByte-ChangeByte-EraseBytes-
#4266	REDUCE cov: 124 ft: 497 corp: 73/11718b lim: 333 exec/s: 0 rss: 29Mb L: 256/333 MS: 1 EraseBytes-
#4349	REDUCE cov: 124 ft: 497 corp: 73/11702b lim: 333 exec/s: 0 rss: 29Mb L: 30/333 MS: 3 EraseBytes-CopyPart-CrossOver-
#4424	REDUCE cov: 124 ft: 497 corp: 73/11698b lim: 333 exec/s: 0 rss: 29Mb L: 28/333 MS: 5 CopyPart-ChangeBinInt-ChangeASCIIInt-ChangeASCIIInt-EraseBytes-
#4460	REDUCE cov: 124 ft: 497 corp: 73/11663b lim: 333 exec/s: 0 rss: 29Mb L: 85/333 MS: 1 EraseBytes-
#4650	REDUCE cov: 124 ft: 497 corp: 73/11662b lim: 333 exec/s: 0 rss: 29Mb L: 36/333 MS: 5 CopyPart-EraseBytes-PersAutoDict-EraseBytes-EraseBytes- DE: "\000\000\000 "-
#4768	REDUCE cov: 124 ft: 497 corp: 73/11652b lim: 333 exec/s: 0 rss: 29Mb L: 26/333 MS: 3 PersAutoDict-ChangeBit-EraseBytes- DE: "\010\000\000\000"-
#4782	REDUCE cov: 124 ft: 497 corp: 73/11638b lim: 333 exec/s: 0 rss: 29Mb L: 214/333 MS: 4 ChangeBit-CopyPart-CrossOver-CrossOver-
#4795	REDUCE cov: 124 ft: 497 corp: 73/11632b lim: 333 exec/s: 0 rss: 29Mb L: 90/333 MS: 3 EraseBytes-EraseBytes-InsertRepeatedBytes-
#4816	REDUCE cov: 124 ft: 497 corp: 73/11626b lim: 333 exec/s: 0 rss: 29Mb L: 9/333 MS: 1 EraseBytes-
#4879	REDUCE cov: 124 ft: 497 corp: 73/11623b lim: 333 exec/s: 0 rss: 29Mb L: 223/333 MS: 3 PersAutoDict-CMP-EraseBytes- DE: "stsd"-"tapt"-
#4915	REDUCE cov: 124 ft: 497 corp: 73/11610b lim: 333 exec/s: 0 rss: 29Mb L: 172/333 MS: 1 EraseBytes-
#4980	REDUCE cov: 124 ft: 503 corp: 74/11915b lim: 333 exec/s: 0 rss: 29Mb L: 305/333 MS: 5 PersAutoDict-InsertRepeatedBytes-CrossOver-PersAutoDict-CopyPart- DE: "stsd"-"stbl"-
#5021	REDUCE cov: 124 ft: 503 corp: 74/11910b lim: 333 exec/s: 0 rss: 29Mb L: 21/333 MS: 1 EraseBytes-
#5140	REDUCE cov: 124 ft: 503 corp: 74/11898b lim: 333 exec/s: 0 rss: 29Mb L: 160/333 MS: 4 CMP-ChangeByte-ChangeBit-EraseBytes- DE: "\000\000\000\000\000\000\000\017"-
#5157	REDUCE cov: 124 ft: 504 corp: 75/11922b lim: 333 exec/s: 0 rss: 29Mb L: 24/333 MS: 2 PersAutoDict-CopyPart- DE: "\001\000\000\003"-
#5235	REDUCE cov: 124 ft: 504 corp: 75/11913b lim: 333 exec/s: 0 rss: 29Mb L: 12/333 MS: 3 PersAutoDict-ChangeBinInt-EraseBytes- DE: "strk"-
#5364	REDUCE cov: 124 ft: 504 corp: 75/11908b lim: 333 exec/s: 0 rss: 29Mb L: 323/333 MS: 4 ShuffleBytes-EraseBytes-CopyPart-InsertRepeatedBytes-
==169457== ERROR: libFuzzer: out-of-memory (used: 1674Mb; limit: 1024Mb)
   To change the out-of-memory limit use -rss_limit_mb=<N>

MS: 2 ChangeBinInt-CrossOver-; base unit: ae7d5bce5cd07f428f431b2ff2df7e1d491f61fe
artifact_prefix='/results/crashes/20260313_151724_6141fea5_'; Test unit written to /results/crashes/20260313_151724_6141fea5_oom-0c9ef25585f05a8bfe94258d07719114bf7a659d
SUMMARY: libFuzzer: out-of-memory
stat::number_of_executed_units: 5471
stat::average_exec_per_sec:     2735
stat::new_units_added:          139
stat::slowest_unit_time_sec:    0
stat::peak_rss_mb:              1674
