INFO: Running with entropic power schedule (0xFF, 100).
INFO: Seed: 3300624998
INFO: Loaded 1 modules   (252 inline 8-bit counters): 252 [0x593cf50b1678, 0x593cf50b1774), 
INFO: Loaded 1 PC tables (252 PCs): 252 [0x593cf50b1778,0x593cf50b2738), 
INFO:        4 files found in /tmp/corpus_20260313_193203_91a85f7f
INFO: seed corpus: files: 4 min: 48b max: 333b total: 853b rss: 28Mb
#5	INITED cov: 116 ft: 251 corp: 4/853b exec/s: 0 rss: 29Mb
#9	NEW    cov: 116 ft: 252 corp: 5/1017b lim: 333 exec/s: 0 rss: 29Mb L: 164/333 MS: 4 InsertByte-ShuffleBytes-InsertByte-EraseBytes-
#13	NEW    cov: 116 ft: 254 corp: 6/1195b lim: 333 exec/s: 0 rss: 29Mb L: 178/333 MS: 4 InsertByte-ShuffleBytes-EraseBytes-EraseBytes-
#14	NEW    cov: 116 ft: 263 corp: 7/1359b lim: 333 exec/s: 0 rss: 29Mb L: 164/333 MS: 1 ChangeByte-
#15	NEW    cov: 117 ft: 268 corp: 8/1692b lim: 333 exec/s: 0 rss: 29Mb L: 333/333 MS: 1 CrossOver-
#16	NEW    cov: 117 ft: 269 corp: 9/1885b lim: 333 exec/s: 0 rss: 29Mb L: 193/333 MS: 1 EraseBytes-
#17	NEW    cov: 117 ft: 277 corp: 10/1923b lim: 333 exec/s: 0 rss: 29Mb L: 38/333 MS: 1 EraseBytes-
#18	NEW    cov: 118 ft: 279 corp: 11/2145b lim: 333 exec/s: 0 rss: 29Mb L: 222/333 MS: 1 EraseBytes-
#22	NEW    cov: 120 ft: 282 corp: 12/2478b lim: 333 exec/s: 0 rss: 29Mb L: 333/333 MS: 4 ChangeByte-ChangeBit-CrossOver-CopyPart-
#25	NEW    cov: 120 ft: 291 corp: 13/2781b lim: 333 exec/s: 0 rss: 29Mb L: 303/333 MS: 3 ChangeBit-InsertByte-CopyPart-
#26	NEW    cov: 120 ft: 297 corp: 14/2964b lim: 333 exec/s: 0 rss: 29Mb L: 183/333 MS: 1 EraseBytes-
#29	NEW    cov: 120 ft: 298 corp: 15/3272b lim: 333 exec/s: 0 rss: 29Mb L: 308/333 MS: 3 ChangeByte-CrossOver-InsertRepeatedBytes-
#31	NEW    cov: 120 ft: 299 corp: 16/3535b lim: 333 exec/s: 0 rss: 29Mb L: 263/333 MS: 2 ChangeBinInt-CopyPart-
#32	NEW    cov: 120 ft: 300 corp: 17/3705b lim: 333 exec/s: 0 rss: 29Mb L: 170/333 MS: 1 EraseBytes-
#34	NEW    cov: 120 ft: 301 corp: 18/3969b lim: 333 exec/s: 0 rss: 29Mb L: 264/333 MS: 2 ChangeByte-InsertByte-
#49	NEW    cov: 120 ft: 304 corp: 19/4246b lim: 333 exec/s: 0 rss: 29Mb L: 277/333 MS: 5 ChangeByte-ChangeByte-ChangeBit-CrossOver-CrossOver-
#55	NEW    cov: 120 ft: 313 corp: 20/4376b lim: 333 exec/s: 0 rss: 29Mb L: 130/333 MS: 1 EraseBytes-
#62	NEW    cov: 120 ft: 314 corp: 21/4654b lim: 333 exec/s: 0 rss: 29Mb L: 278/333 MS: 2 InsertByte-ChangeBit-
#63	REDUCE cov: 120 ft: 314 corp: 21/4648b lim: 333 exec/s: 0 rss: 29Mb L: 177/333 MS: 1 EraseBytes-
#74	NEW    cov: 120 ft: 335 corp: 22/4697b lim: 333 exec/s: 0 rss: 29Mb L: 49/333 MS: 1 InsertByte-
#75	REDUCE cov: 120 ft: 336 corp: 23/4875b lim: 333 exec/s: 0 rss: 29Mb L: 178/333 MS: 1 InsertByte-
#86	NEW    cov: 120 ft: 337 corp: 24/4964b lim: 333 exec/s: 0 rss: 29Mb L: 89/333 MS: 1 CrossOver-
#113	NEW    cov: 120 ft: 343 corp: 25/5272b lim: 333 exec/s: 0 rss: 29Mb L: 308/333 MS: 2 ShuffleBytes-CopyPart-
#119	NEW    cov: 120 ft: 344 corp: 26/5394b lim: 333 exec/s: 0 rss: 29Mb L: 122/333 MS: 1 CrossOver-
#125	REDUCE cov: 120 ft: 344 corp: 26/5375b lim: 333 exec/s: 0 rss: 29Mb L: 151/333 MS: 1 EraseBytes-
#137	NEW    cov: 120 ft: 351 corp: 27/5506b lim: 333 exec/s: 0 rss: 29Mb L: 131/333 MS: 2 ChangeBit-InsertByte-
#158	REDUCE cov: 120 ft: 351 corp: 27/5499b lim: 333 exec/s: 0 rss: 29Mb L: 171/333 MS: 1 EraseBytes-
#169	NEW    cov: 120 ft: 352 corp: 28/5630b lim: 333 exec/s: 0 rss: 29Mb L: 131/333 MS: 1 ChangeByte-
#211	NEW    cov: 120 ft: 353 corp: 29/5697b lim: 333 exec/s: 0 rss: 29Mb L: 67/333 MS: 2 CMP-EraseBytes- DE: "stsd"-
#234	NEW    cov: 120 ft: 354 corp: 30/5820b lim: 333 exec/s: 0 rss: 29Mb L: 123/333 MS: 3 ChangeByte-ChangeByte-InsertByte-
#237	REDUCE cov: 120 ft: 354 corp: 30/5815b lim: 333 exec/s: 0 rss: 29Mb L: 258/333 MS: 3 EraseBytes-InsertRepeatedBytes-CMP- DE: "\027\000\000\000"-
#262	REDUCE cov: 120 ft: 354 corp: 30/5737b lim: 333 exec/s: 0 rss: 29Mb L: 86/333 MS: 5 InsertByte-CrossOver-CMP-ChangeByte-EraseBytes- DE: "strk"-
#305	NEW    cov: 120 ft: 355 corp: 31/5793b lim: 333 exec/s: 0 rss: 29Mb L: 56/333 MS: 3 ChangeBit-ChangeByte-CMP- DE: "s9n$\037\341}\323"-
#314	NEW    cov: 120 ft: 356 corp: 32/5997b lim: 333 exec/s: 0 rss: 29Mb L: 204/333 MS: 4 ChangeBinInt-ChangeByte-CMP-EraseBytes- DE: "\003\001\000\000\000\000\000\000"-
#318	REDUCE cov: 120 ft: 357 corp: 33/6259b lim: 333 exec/s: 0 rss: 29Mb L: 262/333 MS: 4 InsertByte-InsertByte-InsertByte-InsertByte-
#323	REDUCE cov: 120 ft: 357 corp: 33/6221b lim: 333 exec/s: 0 rss: 29Mb L: 92/333 MS: 5 CrossOver-ChangeASCIIInt-ChangeBinInt-ChangeBinInt-EraseBytes-
#335	NEW    cov: 120 ft: 400 corp: 34/6235b lim: 333 exec/s: 0 rss: 29Mb L: 14/333 MS: 2 PersAutoDict-CrossOver- DE: "s9n$\037\341}\323"-
#336	REDUCE cov: 120 ft: 400 corp: 34/6229b lim: 333 exec/s: 0 rss: 29Mb L: 258/333 MS: 1 EraseBytes-
#350	NEW    cov: 120 ft: 401 corp: 35/6363b lim: 333 exec/s: 0 rss: 29Mb L: 134/333 MS: 4 InsertRepeatedBytes-ShuffleBytes-ChangeByte-EraseBytes-
#378	NEW    cov: 120 ft: 402 corp: 36/6681b lim: 333 exec/s: 0 rss: 29Mb L: 318/333 MS: 3 CopyPart-InsertRepeatedBytes-InsertRepeatedBytes-
#406	NEW    cov: 120 ft: 406 corp: 37/6841b lim: 333 exec/s: 0 rss: 29Mb L: 160/333 MS: 3 ChangeByte-CrossOver-EraseBytes-
#420	REDUCE cov: 120 ft: 406 corp: 37/6801b lim: 333 exec/s: 0 rss: 29Mb L: 137/333 MS: 4 CrossOver-InsertRepeatedBytes-CMP-EraseBytes- DE: "\001\000Y=\021K\202\200"-
#437	NEW    cov: 120 ft: 407 corp: 38/6871b lim: 333 exec/s: 0 rss: 29Mb L: 70/333 MS: 2 ShuffleBytes-EraseBytes-
#454	REDUCE cov: 121 ft: 408 corp: 39/7183b lim: 333 exec/s: 0 rss: 29Mb L: 312/333 MS: 2 InsertByte-CopyPart-
#455	NEW    cov: 121 ft: 409 corp: 40/7232b lim: 333 exec/s: 0 rss: 29Mb L: 49/333 MS: 1 EraseBytes-
#503	NEW    cov: 121 ft: 410 corp: 41/7245b lim: 333 exec/s: 0 rss: 29Mb L: 13/333 MS: 3 ChangeByte-InsertByte-EraseBytes-
#508	REDUCE cov: 121 ft: 410 corp: 41/7219b lim: 333 exec/s: 0 rss: 29Mb L: 282/333 MS: 5 CopyPart-CopyPart-InsertRepeatedBytes-ChangeByte-EraseBytes-
#525	REDUCE cov: 121 ft: 410 corp: 41/7213b lim: 333 exec/s: 0 rss: 29Mb L: 50/333 MS: 2 CMP-EraseBytes- DE: "\001\010"-
#552	NEW    cov: 121 ft: 412 corp: 42/7324b lim: 333 exec/s: 0 rss: 29Mb L: 111/333 MS: 2 InsertByte-InsertRepeatedBytes-
#559	NEW    cov: 121 ft: 429 corp: 43/7354b lim: 333 exec/s: 0 rss: 29Mb L: 30/333 MS: 2 EraseBytes-CrossOver-
#568	REDUCE cov: 121 ft: 429 corp: 43/7334b lim: 333 exec/s: 0 rss: 29Mb L: 66/333 MS: 4 ChangeBit-ShuffleBytes-ChangeBit-EraseBytes-
#603	REDUCE cov: 121 ft: 432 corp: 44/7627b lim: 333 exec/s: 0 rss: 29Mb L: 293/333 MS: 5 ChangeBinInt-ChangeASCIIInt-InsertByte-InsertRepeatedBytes-InsertRepeatedBytes-
#658	REDUCE cov: 121 ft: 432 corp: 44/7544b lim: 333 exec/s: 0 rss: 29Mb L: 250/333 MS: 5 ChangeByte-ChangeByte-CrossOver-PersAutoDict-EraseBytes- DE: "\003\001\000\000\000\000\000\000"-
#659	REDUCE cov: 121 ft: 432 corp: 44/7542b lim: 333 exec/s: 0 rss: 29Mb L: 256/333 MS: 1 EraseBytes-
#676	NEW    cov: 121 ft: 433 corp: 45/7673b lim: 333 exec/s: 0 rss: 29Mb L: 131/333 MS: 2 PersAutoDict-ChangeByte- DE: "\003\001\000\000\000\000\000\000"-
#752	REDUCE cov: 121 ft: 433 corp: 45/7654b lim: 333 exec/s: 0 rss: 29Mb L: 132/333 MS: 1 EraseBytes-
#799	REDUCE cov: 121 ft: 433 corp: 45/7652b lim: 333 exec/s: 0 rss: 29Mb L: 11/333 MS: 2 ChangeBinInt-EraseBytes-
#827	REDUCE cov: 121 ft: 433 corp: 45/7619b lim: 333 exec/s: 0 rss: 29Mb L: 217/333 MS: 3 EraseBytes-ChangeByte-ChangeBinInt-
#829	NEW    cov: 121 ft: 438 corp: 46/7670b lim: 333 exec/s: 0 rss: 29Mb L: 51/333 MS: 2 ShuffleBytes-CrossOver-
#849	NEW    cov: 121 ft: 440 corp: 47/8003b lim: 333 exec/s: 0 rss: 29Mb L: 333/333 MS: 5 ChangeBinInt-ChangeBinInt-CopyPart-CMP-CopyPart- DE: "\325\200K\021=Y\000\000"-
#876	REDUCE cov: 121 ft: 440 corp: 47/7999b lim: 333 exec/s: 0 rss: 29Mb L: 254/333 MS: 2 CrossOver-EraseBytes-
#910	NEW    cov: 121 ft: 448 corp: 48/8021b lim: 333 exec/s: 0 rss: 29Mb L: 22/333 MS: 4 CrossOver-EraseBytes-ChangeBinInt-EraseBytes-
#940	NEW    cov: 121 ft: 449 corp: 49/8045b lim: 333 exec/s: 0 rss: 29Mb L: 24/333 MS: 5 EraseBytes-CopyPart-EraseBytes-ChangeByte-ChangeBinInt-
#946	NEW    cov: 121 ft: 458 corp: 50/8069b lim: 333 exec/s: 0 rss: 29Mb L: 24/333 MS: 1 EraseBytes-
#963	NEW    cov: 121 ft: 463 corp: 51/8289b lim: 333 exec/s: 0 rss: 29Mb L: 220/333 MS: 2 ChangeBinInt-CMP- DE: "\011\000"-
#1014	NEW    cov: 121 ft: 464 corp: 52/8513b lim: 333 exec/s: 0 rss: 29Mb L: 224/333 MS: 1 PersAutoDict- DE: "strk"-
#1064	REDUCE cov: 121 ft: 464 corp: 52/8511b lim: 333 exec/s: 0 rss: 29Mb L: 90/333 MS: 5 ChangeByte-ChangeBinInt-ChangeBit-CopyPart-CrossOver-
#1100	REDUCE cov: 121 ft: 464 corp: 52/8510b lim: 333 exec/s: 0 rss: 29Mb L: 13/333 MS: 1 EraseBytes-
#1130	REDUCE cov: 121 ft: 464 corp: 52/8485b lim: 333 exec/s: 0 rss: 29Mb L: 65/333 MS: 5 PersAutoDict-PersAutoDict-InsertRepeatedBytes-InsertByte-EraseBytes- DE: "\003\001\000\000\000\000\000\000"-"\001\000Y=\021K\202\200"-
#1139	NEW    cov: 122 ft: 465 corp: 53/8492b lim: 333 exec/s: 0 rss: 29Mb L: 7/333 MS: 4 EraseBytes-ChangeBit-EraseBytes-EraseBytes-
#1156	REDUCE cov: 122 ft: 465 corp: 53/8491b lim: 333 exec/s: 0 rss: 29Mb L: 6/333 MS: 2 PersAutoDict-EraseBytes- DE: "strk"-
#1168	NEW    cov: 122 ft: 466 corp: 54/8515b lim: 333 exec/s: 0 rss: 29Mb L: 24/333 MS: 2 ChangeASCIIInt-ChangeBinInt-
#1179	NEW    cov: 122 ft: 470 corp: 55/8835b lim: 333 exec/s: 0 rss: 29Mb L: 320/333 MS: 1 CopyPart-
#1183	REDUCE cov: 122 ft: 470 corp: 55/8796b lim: 333 exec/s: 0 rss: 29Mb L: 264/333 MS: 4 InsertRepeatedBytes-CopyPart-CrossOver-CMP- DE: "\000\000Y=\021K\324\375"-
#1316	REDUCE cov: 122 ft: 470 corp: 55/8747b lim: 333 exec/s: 0 rss: 29Mb L: 62/333 MS: 3 ChangeBit-PersAutoDict-EraseBytes- DE: "\001\010"-
#1318	REDUCE cov: 122 ft: 470 corp: 55/8744b lim: 333 exec/s: 0 rss: 29Mb L: 21/333 MS: 2 PersAutoDict-EraseBytes- DE: "\001\010"-
#1378	REDUCE cov: 122 ft: 470 corp: 55/8722b lim: 333 exec/s: 0 rss: 29Mb L: 44/333 MS: 5 ChangeBinInt-ChangeByte-ChangeASCIIInt-CMP-EraseBytes- DE: "Vkrt"-
#1381	NEW    cov: 122 ft: 471 corp: 56/8942b lim: 333 exec/s: 0 rss: 29Mb L: 220/333 MS: 3 ChangeByte-CopyPart-CMP- DE: "\000\000Y=\021L\0260"-
#1385	REDUCE cov: 122 ft: 471 corp: 56/8913b lim: 333 exec/s: 0 rss: 29Mb L: 108/333 MS: 4 PersAutoDict-ChangeASCIIInt-PersAutoDict-EraseBytes- DE: "\000\000Y=\021K\324\375"-"Vkrt"-
#1411	REDUCE cov: 122 ft: 471 corp: 56/8894b lim: 333 exec/s: 0 rss: 29Mb L: 263/333 MS: 1 EraseBytes-
#1433	REDUCE cov: 122 ft: 471 corp: 56/8862b lim: 333 exec/s: 0 rss: 29Mb L: 222/333 MS: 2 EraseBytes-PersAutoDict- DE: "\325\200K\021=Y\000\000"-
#1504	NEW    cov: 122 ft: 484 corp: 57/9184b lim: 333 exec/s: 0 rss: 29Mb L: 322/333 MS: 1 InsertRepeatedBytes-
#1662	REDUCE cov: 122 ft: 484 corp: 57/9181b lim: 333 exec/s: 0 rss: 29Mb L: 19/333 MS: 3 ChangeBinInt-ChangeByte-EraseBytes-
#1671	REDUCE cov: 122 ft: 484 corp: 57/9151b lim: 333 exec/s: 0 rss: 29Mb L: 187/333 MS: 4 ChangeASCIIInt-InsertRepeatedBytes-ChangeBit-EraseBytes-
#1672	REDUCE cov: 122 ft: 484 corp: 57/9148b lim: 333 exec/s: 0 rss: 29Mb L: 18/333 MS: 1 EraseBytes-
#1684	REDUCE cov: 122 ft: 485 corp: 58/9156b lim: 333 exec/s: 0 rss: 29Mb L: 8/333 MS: 2 ChangeByte-CopyPart-
#1685	REDUCE cov: 122 ft: 485 corp: 58/9153b lim: 333 exec/s: 0 rss: 29Mb L: 10/333 MS: 1 EraseBytes-
#1731	REDUCE cov: 122 ft: 486 corp: 59/9391b lim: 333 exec/s: 0 rss: 29Mb L: 238/333 MS: 1 CrossOver-
#1887	REDUCE cov: 122 ft: 486 corp: 59/9388b lim: 333 exec/s: 0 rss: 29Mb L: 3/333 MS: 1 EraseBytes-
#2076	REDUCE cov: 122 ft: 486 corp: 59/9380b lim: 333 exec/s: 0 rss: 29Mb L: 214/333 MS: 4 CopyPart-ChangeASCIIInt-EraseBytes-CopyPart-
#2168	REDUCE cov: 122 ft: 486 corp: 59/9375b lim: 333 exec/s: 0 rss: 29Mb L: 328/333 MS: 2 CrossOver-InsertByte-
#2181	REDUCE cov: 122 ft: 486 corp: 59/9325b lim: 333 exec/s: 0 rss: 29Mb L: 58/333 MS: 3 ChangeByte-EraseBytes-ShuffleBytes-
#2182	REDUCE cov: 122 ft: 486 corp: 59/9308b lim: 333 exec/s: 0 rss: 29Mb L: 45/333 MS: 1 EraseBytes-
#2190	REDUCE cov: 122 ft: 486 corp: 59/9294b lim: 333 exec/s: 0 rss: 29Mb L: 118/333 MS: 3 ChangeBit-ChangeByte-CrossOver-
#2289	REDUCE cov: 122 ft: 486 corp: 59/9268b lim: 333 exec/s: 0 rss: 29Mb L: 252/333 MS: 4 ChangeBit-ChangeBinInt-InsertByte-EraseBytes-
#2298	REDUCE cov: 122 ft: 486 corp: 59/9254b lim: 333 exec/s: 0 rss: 29Mb L: 173/333 MS: 4 CrossOver-InsertRepeatedBytes-PersAutoDict-EraseBytes- DE: "strk"-
#2329	REDUCE cov: 122 ft: 486 corp: 59/9157b lim: 333 exec/s: 0 rss: 29Mb L: 166/333 MS: 1 EraseBytes-
#2450	REDUCE cov: 122 ft: 486 corp: 59/9130b lim: 333 exec/s: 0 rss: 29Mb L: 96/333 MS: 1 EraseBytes-
#2457	REDUCE cov: 122 ft: 486 corp: 59/9128b lim: 333 exec/s: 0 rss: 29Mb L: 87/333 MS: 2 InsertByte-EraseBytes-
#2496	REDUCE cov: 122 ft: 486 corp: 59/9116b lim: 333 exec/s: 0 rss: 29Mb L: 12/333 MS: 4 CrossOver-InsertByte-ChangeBit-CrossOver-
#2528	REDUCE cov: 122 ft: 486 corp: 59/9113b lim: 333 exec/s: 0 rss: 29Mb L: 8/333 MS: 2 CrossOver-EraseBytes-
#2561	NEW    cov: 122 ft: 487 corp: 60/9276b lim: 333 exec/s: 0 rss: 29Mb L: 163/333 MS: 3 CMP-ChangeBit-InsertRepeatedBytes- DE: "\001\000\000\010"-
#2602	REDUCE cov: 122 ft: 488 corp: 61/9604b lim: 333 exec/s: 0 rss: 29Mb L: 328/333 MS: 1 CopyPart-
#2616	REDUCE cov: 122 ft: 488 corp: 61/9589b lim: 333 exec/s: 0 rss: 29Mb L: 313/333 MS: 4 CopyPart-ChangeBinInt-EraseBytes-CopyPart-
#2716	REDUCE cov: 122 ft: 488 corp: 61/9553b lim: 333 exec/s: 0 rss: 29Mb L: 95/333 MS: 5 ChangeBit-ChangeBinInt-InsertByte-ChangeByte-EraseBytes-
#2793	REDUCE cov: 122 ft: 488 corp: 61/9533b lim: 333 exec/s: 0 rss: 29Mb L: 143/333 MS: 2 InsertByte-EraseBytes-
#2802	REDUCE cov: 122 ft: 488 corp: 61/9529b lim: 333 exec/s: 0 rss: 29Mb L: 45/333 MS: 4 ShuffleBytes-CopyPart-InsertRepeatedBytes-EraseBytes-
#2874	REDUCE cov: 122 ft: 489 corp: 62/9862b lim: 333 exec/s: 0 rss: 29Mb L: 333/333 MS: 2 InsertRepeatedBytes-CopyPart-
#2911	NEW    cov: 122 ft: 490 corp: 63/10118b lim: 333 exec/s: 0 rss: 29Mb L: 256/333 MS: 2 ChangeByte-PersAutoDict- DE: "strk"-
#2950	REDUCE cov: 122 ft: 490 corp: 63/10084b lim: 333 exec/s: 0 rss: 29Mb L: 137/333 MS: 4 ChangeBit-EraseBytes-ChangeBit-PersAutoDict- DE: "\001\010"-
#3190	NEW    cov: 122 ft: 491 corp: 64/10417b lim: 333 exec/s: 0 rss: 29Mb L: 333/333 MS: 5 ChangeBinInt-ChangeByte-CMP-CMP-ShuffleBytes- DE: "traf"-"\267\273K\021=Y\000\000"-
#3210	REDUCE cov: 122 ft: 491 corp: 64/10404b lim: 333 exec/s: 0 rss: 29Mb L: 31/333 MS: 5 ChangeBinInt-ChangeByte-PersAutoDict-PersAutoDict-EraseBytes- DE: "Vkrt"-"\001\010"-
#3303	REDUCE cov: 122 ft: 491 corp: 64/10403b lim: 333 exec/s: 0 rss: 29Mb L: 11/333 MS: 3 ChangeBit-EraseBytes-CopyPart-
#3306	REDUCE cov: 122 ft: 491 corp: 64/10390b lim: 333 exec/s: 0 rss: 29Mb L: 32/333 MS: 3 ShuffleBytes-ChangeByte-EraseBytes-
#3322	REDUCE cov: 122 ft: 491 corp: 64/10343b lim: 333 exec/s: 0 rss: 29Mb L: 275/333 MS: 1 EraseBytes-
#3545	REDUCE cov: 122 ft: 491 corp: 64/10332b lim: 333 exec/s: 0 rss: 29Mb L: 309/333 MS: 3 EraseBytes-InsertByte-InsertByte-
#3626	REDUCE cov: 122 ft: 491 corp: 64/10318b lim: 333 exec/s: 0 rss: 29Mb L: 31/333 MS: 1 EraseBytes-
#3728	REDUCE cov: 122 ft: 491 corp: 64/10304b lim: 333 exec/s: 0 rss: 29Mb L: 44/333 MS: 2 ShuffleBytes-EraseBytes-
#3761	REDUCE cov: 122 ft: 491 corp: 64/10301b lim: 333 exec/s: 0 rss: 29Mb L: 16/333 MS: 3 EraseBytes-ShuffleBytes-CopyPart-
#3805	REDUCE cov: 122 ft: 491 corp: 64/10223b lim: 333 exec/s: 0 rss: 29Mb L: 250/333 MS: 4 ChangeByte-CMP-EraseBytes-PersAutoDict- DE: "mdia"-"\267\273K\021=Y\000\000"-
#4186	REDUCE cov: 122 ft: 491 corp: 64/10221b lim: 333 exec/s: 0 rss: 29Mb L: 9/333 MS: 1 EraseBytes-
#4214	REDUCE cov: 122 ft: 491 corp: 64/10220b lim: 333 exec/s: 0 rss: 29Mb L: 29/333 MS: 3 CopyPart-ChangeBinInt-EraseBytes-
#4270	REDUCE cov: 122 ft: 491 corp: 64/10219b lim: 333 exec/s: 0 rss: 29Mb L: 2/333 MS: 1 EraseBytes-
#4313	REDUCE cov: 122 ft: 491 corp: 64/10121b lim: 333 exec/s: 0 rss: 29Mb L: 235/333 MS: 3 ChangeBinInt-ChangeBit-EraseBytes-
#4345	NEW    cov: 122 ft: 495 corp: 65/10454b lim: 333 exec/s: 0 rss: 29Mb L: 333/333 MS: 2 ShuffleBytes-CopyPart-
#4418	NEW    cov: 122 ft: 501 corp: 66/10772b lim: 333 exec/s: 0 rss: 29Mb L: 318/333 MS: 3 PersAutoDict-CrossOver-ChangeBinInt- DE: "stsd"-
#4507	REDUCE cov: 122 ft: 501 corp: 66/10759b lim: 333 exec/s: 0 rss: 29Mb L: 305/333 MS: 4 EraseBytes-ShuffleBytes-InsertRepeatedBytes-InsertRepeatedBytes-
#4548	REDUCE cov: 122 ft: 501 corp: 66/10724b lim: 333 exec/s: 0 rss: 29Mb L: 60/333 MS: 1 EraseBytes-
#4552	REDUCE cov: 122 ft: 501 corp: 66/10712b lim: 333 exec/s: 0 rss: 29Mb L: 250/333 MS: 4 InsertByte-ShuffleBytes-ChangeBit-EraseBytes-
#4583	REDUCE cov: 122 ft: 501 corp: 66/10711b lim: 333 exec/s: 0 rss: 29Mb L: 177/333 MS: 1 EraseBytes-
#4619	REDUCE cov: 122 ft: 501 corp: 66/10710b lim: 333 exec/s: 0 rss: 29Mb L: 30/333 MS: 1 EraseBytes-
#4961	REDUCE cov: 122 ft: 501 corp: 66/10709b lim: 333 exec/s: 0 rss: 29Mb L: 66/333 MS: 2 CMP-EraseBytes- DE: "\021\000\000\000\000\000\000\000"-
#5044	REDUCE cov: 122 ft: 501 corp: 66/10678b lim: 333 exec/s: 0 rss: 29Mb L: 142/333 MS: 3 CMP-ChangeBit-EraseBytes- DE: "ispe"-
#5261	REDUCE cov: 122 ft: 501 corp: 66/10673b lim: 333 exec/s: 0 rss: 29Mb L: 25/333 MS: 2 PersAutoDict-EraseBytes- DE: "\003\001\000\000\000\000\000\000"-
#5323	REDUCE cov: 122 ft: 501 corp: 66/10638b lim: 333 exec/s: 0 rss: 29Mb L: 200/333 MS: 2 ChangeBinInt-EraseBytes-
#5335	NEW    cov: 122 ft: 502 corp: 67/10904b lim: 333 exec/s: 0 rss: 29Mb L: 266/333 MS: 2 CMP-InsertRepeatedBytes- DE: "\001\000r\234 \001\020\275"-
#5379	REDUCE cov: 122 ft: 502 corp: 67/10903b lim: 333 exec/s: 0 rss: 29Mb L: 1/333 MS: 4 CopyPart-ChangeBinInt-ChangeByte-EraseBytes-
#5387	REDUCE cov: 122 ft: 502 corp: 67/10881b lim: 333 exec/s: 0 rss: 29Mb L: 311/333 MS: 3 ChangeBinInt-ChangeByte-CrossOver-
#5733	REDUCE cov: 122 ft: 502 corp: 67/10833b lim: 333 exec/s: 5733 rss: 29Mb L: 202/333 MS: 1 CrossOver-
#5775	REDUCE cov: 122 ft: 502 corp: 67/10828b lim: 333 exec/s: 5775 rss: 29Mb L: 61/333 MS: 2 InsertByte-EraseBytes-
#5825	REDUCE cov: 122 ft: 502 corp: 67/10827b lim: 333 exec/s: 5825 rss: 29Mb L: 8/333 MS: 5 PersAutoDict-EraseBytes-ChangeByte-ChangeBit-EraseBytes- DE: "\011\000"-
#6159	REDUCE cov: 122 ft: 502 corp: 67/10809b lim: 333 exec/s: 6159 rss: 29Mb L: 52/333 MS: 4 ChangeByte-EraseBytes-ChangeBinInt-ShuffleBytes-
#6289	REDUCE cov: 122 ft: 502 corp: 67/10780b lim: 333 exec/s: 6289 rss: 29Mb L: 289/333 MS: 5 CrossOver-EraseBytes-ChangeByte-PersAutoDict-InsertRepeatedBytes- DE: "strk"-
#6495	REDUCE cov: 122 ft: 502 corp: 67/10771b lim: 333 exec/s: 6495 rss: 29Mb L: 243/333 MS: 1 EraseBytes-
#6651	REDUCE cov: 122 ft: 502 corp: 67/10723b lim: 333 exec/s: 6651 rss: 29Mb L: 190/333 MS: 1 EraseBytes-
#6687	REDUCE cov: 122 ft: 502 corp: 67/10721b lim: 333 exec/s: 6687 rss: 29Mb L: 27/333 MS: 1 EraseBytes-
#6688	REDUCE cov: 122 ft: 505 corp: 68/10924b lim: 333 exec/s: 6688 rss: 29Mb L: 203/333 MS: 1 InsertByte-
#6745	REDUCE cov: 122 ft: 505 corp: 68/10860b lim: 333 exec/s: 6745 rss: 29Mb L: 186/333 MS: 2 ChangeBinInt-EraseBytes-
#6777	REDUCE cov: 122 ft: 506 corp: 69/11165b lim: 333 exec/s: 6777 rss: 29Mb L: 305/333 MS: 2 ShuffleBytes-ChangeBinInt-
#7236	REDUCE cov: 122 ft: 506 corp: 69/11133b lim: 333 exec/s: 7236 rss: 29Mb L: 154/333 MS: 4 CrossOver-EraseBytes-PersAutoDict-InsertRepeatedBytes- DE: "\003\001\000\000\000\000\000\000"-
#7290	REDUCE cov: 122 ft: 506 corp: 69/11037b lim: 333 exec/s: 7290 rss: 29Mb L: 107/333 MS: 4 PersAutoDict-CrossOver-ShuffleBytes-EraseBytes- DE: "traf"-
#7468	REDUCE cov: 122 ft: 506 corp: 69/11013b lim: 333 exec/s: 7468 rss: 29Mb L: 198/333 MS: 3 PersAutoDict-ChangeByte-EraseBytes- DE: "ispe"-
#7678	REDUCE cov: 122 ft: 506 corp: 69/10966b lim: 333 exec/s: 7678 rss: 29Mb L: 151/333 MS: 5 InsertRepeatedBytes-PersAutoDict-PersAutoDict-CMP-EraseBytes- DE: "\000\000Y=\021K\324\375"-"\000\000Y=\021K\324\375"-"\007\000\000\000"-
#7781	REDUCE cov: 122 ft: 506 corp: 69/10963b lim: 333 exec/s: 7781 rss: 29Mb L: 253/333 MS: 3 CMP-ChangeByte-EraseBytes- DE: "\001\000\000\000\000\000\000\244"-
#7863	REDUCE cov: 122 ft: 506 corp: 69/10958b lim: 333 exec/s: 7863 rss: 29Mb L: 27/333 MS: 2 ChangeBinInt-EraseBytes-
#7929	REDUCE cov: 122 ft: 506 corp: 69/10949b lim: 333 exec/s: 7929 rss: 29Mb L: 18/333 MS: 1 EraseBytes-
#7976	REDUCE cov: 122 ft: 506 corp: 69/10947b lim: 333 exec/s: 7976 rss: 29Mb L: 16/333 MS: 2 ChangeBit-EraseBytes-
#8247	REDUCE cov: 122 ft: 506 corp: 69/10894b lim: 333 exec/s: 8247 rss: 29Mb L: 147/333 MS: 1 EraseBytes-
#8288	REDUCE cov: 122 ft: 506 corp: 69/10887b lim: 333 exec/s: 8288 rss: 29Mb L: 44/333 MS: 1 EraseBytes-
#8318	REDUCE cov: 122 ft: 506 corp: 69/10859b lim: 333 exec/s: 8318 rss: 29Mb L: 90/333 MS: 5 CMP-ChangeBit-EraseBytes-PersAutoDict-CMP- DE: "\000\000r\234 \002N\360"-"\001\000\000\010"-" \000"-
#8396	NEW    cov: 122 ft: 507 corp: 70/11083b lim: 333 exec/s: 8396 rss: 29Mb L: 224/333 MS: 3 ChangeBit-ShuffleBytes-CrossOver-
#8433	REDUCE cov: 122 ft: 507 corp: 70/11051b lim: 333 exec/s: 8433 rss: 29Mb L: 75/333 MS: 2 ChangeBit-EraseBytes-
#8599	NEW    cov: 123 ft: 513 corp: 71/11358b lim: 333 exec/s: 8599 rss: 29Mb L: 307/333 MS: 1 InsertRepeatedBytes-
#8628	REDUCE cov: 123 ft: 513 corp: 71/11353b lim: 333 exec/s: 8628 rss: 29Mb L: 26/333 MS: 4 CopyPart-CMP-ChangeByte-EraseBytes- DE: "hvc1"-
#8720	REDUCE cov: 123 ft: 513 corp: 71/11299b lim: 333 exec/s: 8720 rss: 29Mb L: 253/333 MS: 2 ShuffleBytes-EraseBytes-
#8797	REDUCE cov: 123 ft: 513 corp: 71/11295b lim: 333 exec/s: 8797 rss: 29Mb L: 133/333 MS: 2 ChangeByte-EraseBytes-
#8833	REDUCE cov: 123 ft: 513 corp: 71/11184b lim: 333 exec/s: 8833 rss: 29Mb L: 113/333 MS: 1 EraseBytes-
#8869	REDUCE cov: 123 ft: 513 corp: 71/11141b lim: 333 exec/s: 8869 rss: 29Mb L: 210/333 MS: 1 EraseBytes-
#9035	REDUCE cov: 123 ft: 513 corp: 71/11137b lim: 333 exec/s: 9035 rss: 29Mb L: 186/333 MS: 1 EraseBytes-
#9104	NEW    cov: 123 ft: 530 corp: 72/11396b lim: 333 exec/s: 9104 rss: 29Mb L: 259/333 MS: 4 PersAutoDict-InsertRepeatedBytes-CopyPart-CMP- DE: "mdia"-"\000\001"-
#9199	REDUCE cov: 123 ft: 530 corp: 72/11303b lim: 333 exec/s: 9199 rss: 29Mb L: 160/333 MS: 5 InsertByte-ChangeByte-ChangeByte-ShuffleBytes-EraseBytes-
#9316	REDUCE cov: 123 ft: 530 corp: 72/11300b lim: 333 exec/s: 9316 rss: 29Mb L: 49/333 MS: 2 ChangeByte-EraseBytes-
#9501	REDUCE cov: 123 ft: 531 corp: 73/11567b lim: 333 exec/s: 9501 rss: 29Mb L: 267/333 MS: 5 EraseBytes-CrossOver-InsertByte-ShuffleBytes-InsertByte-
#9618	NEW    cov: 123 ft: 532 corp: 74/11827b lim: 333 exec/s: 9618 rss: 29Mb L: 260/333 MS: 2 CopyPart-CrossOver-
#9699	REDUCE cov: 123 ft: 532 corp: 74/11819b lim: 333 exec/s: 9699 rss: 29Mb L: 123/333 MS: 1 EraseBytes-
#9871	REDUCE cov: 123 ft: 532 corp: 74/11815b lim: 333 exec/s: 9871 rss: 29Mb L: 22/333 MS: 2 ShuffleBytes-EraseBytes-
#9938	REDUCE cov: 123 ft: 532 corp: 74/11813b lim: 333 exec/s: 9938 rss: 29Mb L: 58/333 MS: 2 ChangeBit-EraseBytes-
#10010	REDUCE cov: 123 ft: 532 corp: 74/11725b lim: 333 exec/s: 10010 rss: 29Mb L: 171/333 MS: 2 InsertByte-EraseBytes-
#10237	REDUCE cov: 123 ft: 532 corp: 74/11721b lim: 333 exec/s: 10237 rss: 29Mb L: 18/333 MS: 2 ChangeBinInt-EraseBytes-
#10354	REDUCE cov: 123 ft: 532 corp: 74/11693b lim: 333 exec/s: 10354 rss: 29Mb L: 285/333 MS: 2 ShuffleBytes-EraseBytes-
#10396	REDUCE cov: 123 ft: 532 corp: 74/11688b lim: 333 exec/s: 10396 rss: 29Mb L: 166/333 MS: 2 InsertByte-EraseBytes-
==955166== ERROR: libFuzzer: out-of-memory (used: 1534Mb; limit: 1024Mb)
   To change the out-of-memory limit use -rss_limit_mb=<N>

MS: 1 CopyPart-; base unit: 4cd3fe3df30554c3a592659ca7aaaf50f93459de
artifact_prefix='/results/crashes/20260313_193203_91a85f7f_'; Test unit written to /results/crashes/20260313_193203_91a85f7f_oom-b3de48895943c789992f88f2fc743127d5b11ccd
SUMMARY: libFuzzer: out-of-memory
stat::number_of_executed_units: 10972
stat::average_exec_per_sec:     3657
stat::new_units_added:          180
stat::slowest_unit_time_sec:    0
stat::peak_rss_mb:              1534
