INFO: Running with entropic power schedule (0xFF, 100).
INFO: Seed: 2870270149
INFO: Loaded 1 modules   (252 inline 8-bit counters): 252 [0x5981c1a0f678, 0x5981c1a0f774), 
INFO: Loaded 1 PC tables (252 PCs): 252 [0x5981c1a0f778,0x5981c1a10738), 
INFO:        3 files found in /tmp/corpus_20260313_123500_b41dcc56
INFO: seed corpus: files: 3 min: 4b max: 64b total: 96b rss: 28Mb
#4	INITED cov: 107 ft: 127 corp: 3/96b exec/s: 0 rss: 29Mb
#6	NEW    cov: 107 ft: 148 corp: 4/128b lim: 64 exec/s: 0 rss: 29Mb L: 32/64 MS: 2 ChangeByte-CrossOver-
#7	NEW    cov: 107 ft: 155 corp: 5/179b lim: 64 exec/s: 0 rss: 29Mb L: 51/64 MS: 1 EraseBytes-
#8	NEW    cov: 107 ft: 156 corp: 6/220b lim: 64 exec/s: 0 rss: 29Mb L: 41/64 MS: 1 CrossOver-
#9	NEW    cov: 107 ft: 159 corp: 7/284b lim: 64 exec/s: 0 rss: 29Mb L: 64/64 MS: 1 ChangeByte-
#12	NEW    cov: 107 ft: 164 corp: 8/318b lim: 64 exec/s: 0 rss: 29Mb L: 34/64 MS: 3 ChangeByte-ChangeByte-InsertRepeatedBytes-
#15	NEW    cov: 107 ft: 165 corp: 9/346b lim: 64 exec/s: 0 rss: 29Mb L: 28/64 MS: 3 ShuffleBytes-CMP-ChangeBinInt- DE: "N7ISOBMFF12Cont"-
#17	NEW    cov: 107 ft: 168 corp: 10/410b lim: 64 exec/s: 0 rss: 29Mb L: 64/64 MS: 2 CopyPart-InsertRepeatedBytes-
#18	NEW    cov: 107 ft: 177 corp: 11/425b lim: 64 exec/s: 0 rss: 29Mb L: 15/64 MS: 1 EraseBytes-
#25	NEW    cov: 107 ft: 185 corp: 12/441b lim: 64 exec/s: 0 rss: 29Mb L: 16/64 MS: 2 ChangeByte-EraseBytes-
#35	NEW    cov: 107 ft: 193 corp: 13/477b lim: 64 exec/s: 0 rss: 29Mb L: 36/64 MS: 5 ChangeByte-ChangeBit-CMP-ChangeASCIIInt-CrossOver- DE: "\001\000\000\000\000\000\000\001"-
#38	NEW    cov: 107 ft: 199 corp: 14/524b lim: 64 exec/s: 0 rss: 29Mb L: 47/64 MS: 3 CopyPart-ChangeBinInt-ChangeBit-
#50	NEW    cov: 107 ft: 200 corp: 15/532b lim: 64 exec/s: 0 rss: 29Mb L: 8/64 MS: 2 ShuffleBytes-CopyPart-
#53	NEW    cov: 107 ft: 204 corp: 16/559b lim: 64 exec/s: 0 rss: 29Mb L: 27/64 MS: 3 PersAutoDict-ChangeBinInt-CMP- DE: "N7ISOBMFF12Cont"-"\177\224'\347\201Y\000\000"-
#56	REDUCE cov: 107 ft: 204 corp: 16/550b lim: 64 exec/s: 0 rss: 29Mb L: 55/64 MS: 3 ChangeBit-ChangeBit-EraseBytes-
#60	NEW    cov: 108 ft: 205 corp: 17/614b lim: 64 exec/s: 0 rss: 29Mb L: 64/64 MS: 4 ChangeBit-CopyPart-ChangeBit-ChangeBit-
#64	REDUCE cov: 108 ft: 205 corp: 17/600b lim: 64 exec/s: 0 rss: 29Mb L: 14/64 MS: 4 CrossOver-ChangeBinInt-ChangeByte-EraseBytes-
#73	REDUCE cov: 108 ft: 205 corp: 17/594b lim: 64 exec/s: 0 rss: 29Mb L: 49/64 MS: 4 InsertByte-ChangeBit-InsertRepeatedBytes-EraseBytes-
#79	REDUCE cov: 108 ft: 205 corp: 17/593b lim: 64 exec/s: 0 rss: 29Mb L: 3/64 MS: 1 EraseBytes-
#80	NEW    cov: 109 ft: 236 corp: 18/627b lim: 64 exec/s: 0 rss: 29Mb L: 34/64 MS: 1 ChangeByte-
#95	REDUCE cov: 109 ft: 242 corp: 19/676b lim: 64 exec/s: 0 rss: 29Mb L: 49/64 MS: 5 CMP-ChangeBit-CopyPart-ShuffleBytes-CopyPart- DE: "P '\347\201Y\000\000"-
#117	NEW    cov: 109 ft: 249 corp: 20/740b lim: 64 exec/s: 0 rss: 29Mb L: 64/64 MS: 2 PersAutoDict-CopyPart- DE: "P '\347\201Y\000\000"-
#182	REDUCE cov: 109 ft: 249 corp: 20/735b lim: 64 exec/s: 0 rss: 29Mb L: 10/64 MS: 5 ChangeBit-ChangeBinInt-CrossOver-CMP-EraseBytes- DE: "\232\347'\347\201Y\000\000"-
#273	REDUCE cov: 109 ft: 249 corp: 20/732b lim: 64 exec/s: 0 rss: 29Mb L: 24/64 MS: 1 EraseBytes-
#305	REDUCE cov: 109 ft: 249 corp: 20/717b lim: 64 exec/s: 0 rss: 29Mb L: 34/64 MS: 2 EraseBytes-ChangeBinInt-
#332	NEW    cov: 110 ft: 250 corp: 21/765b lim: 64 exec/s: 0 rss: 29Mb L: 48/64 MS: 2 CopyPart-CrossOver-
#367	REDUCE cov: 110 ft: 250 corp: 21/763b lim: 64 exec/s: 0 rss: 29Mb L: 34/64 MS: 5 CopyPart-EraseBytes-CopyPart-ChangeBit-PersAutoDict- DE: "P '\347\201Y\000\000"-
#404	NEW    cov: 110 ft: 271 corp: 22/787b lim: 64 exec/s: 0 rss: 29Mb L: 24/64 MS: 2 ChangeASCIIInt-EraseBytes-
#442	REDUCE cov: 110 ft: 271 corp: 22/771b lim: 64 exec/s: 0 rss: 29Mb L: 33/64 MS: 3 PersAutoDict-ChangeBinInt-EraseBytes- DE: "\001\000\000\000\000\000\000\001"-
#468	NEW    cov: 110 ft: 272 corp: 23/835b lim: 64 exec/s: 0 rss: 29Mb L: 64/64 MS: 1 PersAutoDict- DE: "\001\000\000\000\000\000\000\001"-
#471	REDUCE cov: 110 ft: 272 corp: 23/827b lim: 64 exec/s: 0 rss: 29Mb L: 25/64 MS: 3 ChangeBinInt-CopyPart-EraseBytes-
#485	REDUCE cov: 110 ft: 272 corp: 23/826b lim: 64 exec/s: 0 rss: 29Mb L: 13/64 MS: 4 CopyPart-ChangeByte-ChangeBit-EraseBytes-
#608	NEW    cov: 111 ft: 273 corp: 24/860b lim: 64 exec/s: 0 rss: 29Mb L: 34/64 MS: 3 ShuffleBytes-ChangeByte-EraseBytes-
#660	NEW    cov: 111 ft: 274 corp: 25/908b lim: 64 exec/s: 0 rss: 29Mb L: 48/64 MS: 2 CopyPart-PersAutoDict- DE: "\177\224'\347\201Y\000\000"-
#693	NEW    cov: 111 ft: 275 corp: 26/960b lim: 64 exec/s: 0 rss: 29Mb L: 52/64 MS: 3 ChangeByte-ChangeBit-CopyPart-
#704	REDUCE cov: 111 ft: 275 corp: 26/955b lim: 64 exec/s: 0 rss: 29Mb L: 47/64 MS: 1 EraseBytes-
#870	NEW    cov: 111 ft: 284 corp: 27/977b lim: 64 exec/s: 0 rss: 29Mb L: 22/64 MS: 1 EraseBytes-
#929	REDUCE cov: 111 ft: 284 corp: 27/976b lim: 64 exec/s: 0 rss: 29Mb L: 33/64 MS: 4 ChangeBit-ChangeBinInt-ShuffleBytes-EraseBytes-
#1037	REDUCE cov: 111 ft: 284 corp: 27/968b lim: 64 exec/s: 0 rss: 29Mb L: 17/64 MS: 3 InsertByte-EraseBytes-CrossOver-
#1070	NEW    cov: 111 ft: 285 corp: 28/1024b lim: 64 exec/s: 0 rss: 29Mb L: 56/64 MS: 3 InsertRepeatedBytes-ChangeBit-InsertByte-
#1140	REDUCE cov: 111 ft: 285 corp: 28/1011b lim: 64 exec/s: 0 rss: 29Mb L: 34/64 MS: 5 InsertRepeatedBytes-ShuffleBytes-InsertByte-CopyPart-EraseBytes-
#1228	REDUCE cov: 111 ft: 285 corp: 28/989b lim: 64 exec/s: 0 rss: 29Mb L: 42/64 MS: 3 ChangeBinInt-CrossOver-CrossOver-
#1291	REDUCE cov: 111 ft: 285 corp: 28/988b lim: 64 exec/s: 0 rss: 29Mb L: 2/64 MS: 3 ChangeBit-InsertByte-EraseBytes-
#1309	REDUCE cov: 111 ft: 285 corp: 28/987b lim: 64 exec/s: 0 rss: 29Mb L: 41/64 MS: 3 ShuffleBytes-ChangeBit-EraseBytes-
#1416	REDUCE cov: 111 ft: 285 corp: 28/985b lim: 64 exec/s: 0 rss: 29Mb L: 49/64 MS: 2 CopyPart-EraseBytes-
#1510	REDUCE cov: 111 ft: 285 corp: 28/977b lim: 64 exec/s: 0 rss: 29Mb L: 25/64 MS: 4 ChangeByte-ShuffleBytes-EraseBytes-ChangeBit-
#1603	REDUCE cov: 111 ft: 285 corp: 28/972b lim: 64 exec/s: 0 rss: 29Mb L: 8/64 MS: 3 PersAutoDict-ShuffleBytes-EraseBytes- DE: "\177\224'\347\201Y\000\000"-
#1614	REDUCE cov: 111 ft: 285 corp: 28/971b lim: 64 exec/s: 0 rss: 29Mb L: 1/64 MS: 1 EraseBytes-
#1620	REDUCE cov: 111 ft: 285 corp: 28/970b lim: 64 exec/s: 0 rss: 29Mb L: 9/64 MS: 1 EraseBytes-
#1656	NEW    cov: 111 ft: 291 corp: 29/978b lim: 64 exec/s: 0 rss: 29Mb L: 8/64 MS: 1 EraseBytes-
#1784	REDUCE cov: 111 ft: 291 corp: 29/962b lim: 64 exec/s: 0 rss: 29Mb L: 9/64 MS: 3 InsertRepeatedBytes-CrossOver-ChangeBit-
#1798	REDUCE cov: 111 ft: 291 corp: 29/955b lim: 64 exec/s: 0 rss: 29Mb L: 27/64 MS: 4 ShuffleBytes-PersAutoDict-ShuffleBytes-EraseBytes- DE: "\177\224'\347\201Y\000\000"-
#1820	REDUCE cov: 111 ft: 291 corp: 29/952b lim: 64 exec/s: 0 rss: 29Mb L: 44/64 MS: 2 ShuffleBytes-EraseBytes-
#1879	REDUCE cov: 111 ft: 291 corp: 29/951b lim: 64 exec/s: 0 rss: 29Mb L: 21/64 MS: 4 CrossOver-PersAutoDict-ChangeASCIIInt-EraseBytes- DE: "\001\000\000\000\000\000\000\001"-
#2130	REDUCE cov: 111 ft: 291 corp: 29/943b lim: 64 exec/s: 0 rss: 29Mb L: 56/64 MS: 1 EraseBytes-
#2763	REDUCE cov: 111 ft: 293 corp: 30/1008b lim: 70 exec/s: 0 rss: 29Mb L: 65/65 MS: 3 ShuffleBytes-ShuffleBytes-InsertRepeatedBytes-
#3274	NEW    cov: 111 ft: 294 corp: 31/1037b lim: 70 exec/s: 0 rss: 29Mb L: 29/65 MS: 1 CrossOver-
#3295	REDUCE cov: 111 ft: 295 corp: 32/1104b lim: 70 exec/s: 0 rss: 29Mb L: 67/67 MS: 1 CopyPart-
#3486	REDUCE cov: 111 ft: 295 corp: 32/1091b lim: 70 exec/s: 0 rss: 29Mb L: 14/67 MS: 1 CrossOver-
#3705	REDUCE cov: 111 ft: 295 corp: 32/1089b lim: 70 exec/s: 0 rss: 29Mb L: 32/67 MS: 4 InsertByte-ChangeByte-EraseBytes-CrossOver-
#3741	NEW    cov: 111 ft: 296 corp: 33/1145b lim: 70 exec/s: 0 rss: 29Mb L: 56/67 MS: 1 ChangeByte-
#3809	NEW    cov: 111 ft: 323 corp: 34/1201b lim: 70 exec/s: 0 rss: 29Mb L: 56/67 MS: 3 CrossOver-ShuffleBytes-CopyPart-
#3971	REDUCE cov: 111 ft: 323 corp: 34/1198b lim: 70 exec/s: 0 rss: 29Mb L: 61/67 MS: 2 InsertByte-EraseBytes-
#3979	REDUCE cov: 111 ft: 323 corp: 34/1194b lim: 70 exec/s: 0 rss: 29Mb L: 40/67 MS: 3 CrossOver-ChangeASCIIInt-EraseBytes-
#4005	NEW    cov: 111 ft: 324 corp: 35/1256b lim: 70 exec/s: 0 rss: 29Mb L: 62/67 MS: 1 InsertRepeatedBytes-
#4181	REDUCE cov: 111 ft: 324 corp: 35/1255b lim: 70 exec/s: 0 rss: 29Mb L: 31/67 MS: 1 EraseBytes-
#4342	REDUCE cov: 111 ft: 324 corp: 35/1244b lim: 70 exec/s: 0 rss: 29Mb L: 30/67 MS: 1 EraseBytes-
#4344	REDUCE cov: 111 ft: 324 corp: 35/1233b lim: 70 exec/s: 0 rss: 29Mb L: 45/67 MS: 2 ChangeASCIIInt-EraseBytes-
#4533	REDUCE cov: 111 ft: 324 corp: 35/1232b lim: 70 exec/s: 0 rss: 29Mb L: 66/66 MS: 4 ShuffleBytes-ChangeBit-EraseBytes-CopyPart-
#4593	REDUCE cov: 111 ft: 324 corp: 35/1230b lim: 70 exec/s: 0 rss: 29Mb L: 28/66 MS: 5 CopyPart-ChangeByte-InsertByte-ChangeByte-EraseBytes-
#5184	REDUCE cov: 111 ft: 325 corp: 36/1238b lim: 70 exec/s: 0 rss: 29Mb L: 8/66 MS: 1 EraseBytes-
#5271	REDUCE cov: 111 ft: 325 corp: 36/1237b lim: 70 exec/s: 0 rss: 29Mb L: 33/66 MS: 2 CMP-EraseBytes- DE: "\014\000\000\000"-
#5880	REDUCE cov: 111 ft: 326 corp: 37/1310b lim: 76 exec/s: 0 rss: 29Mb L: 73/73 MS: 4 InsertByte-ChangeByte-CopyPart-InsertRepeatedBytes-
#6096	NEW    cov: 111 ft: 328 corp: 38/1319b lim: 76 exec/s: 0 rss: 29Mb L: 9/73 MS: 1 InsertByte-
#6377	REDUCE cov: 111 ft: 328 corp: 38/1315b lim: 76 exec/s: 0 rss: 29Mb L: 24/73 MS: 1 EraseBytes-
#7104	NEW    cov: 111 ft: 329 corp: 39/1396b lim: 82 exec/s: 7104 rss: 29Mb L: 81/81 MS: 4 CMP-CrossOver-ChangeBinInt-InsertRepeatedBytes- DE: "\000\000\000\000\000\000\000\021"-
#7465	REDUCE cov: 111 ft: 329 corp: 39/1395b lim: 82 exec/s: 7465 rss: 29Mb L: 30/81 MS: 1 EraseBytes-
#8277	REDUCE cov: 111 ft: 330 corp: 40/1448b lim: 88 exec/s: 8277 rss: 29Mb L: 53/81 MS: 2 ChangeBit-CMP- DE: "\001\000\000\000\001\000\000\000"-
#8308	REDUCE cov: 111 ft: 331 corp: 41/1509b lim: 88 exec/s: 8308 rss: 29Mb L: 61/81 MS: 1 ChangeBinInt-
#8860	NEW    cov: 111 ft: 332 corp: 42/1579b lim: 88 exec/s: 8860 rss: 29Mb L: 70/81 MS: 2 PersAutoDict-CopyPart- DE: "\001\000\000\000\001\000\000\000"-
#8933	NEW    cov: 119 ft: 349 corp: 43/1600b lim: 88 exec/s: 8933 rss: 29Mb L: 21/81 MS: 3 ChangeByte-InsertByte-CMP- DE: "sinf"-
#9089	REDUCE cov: 119 ft: 349 corp: 43/1599b lim: 88 exec/s: 9089 rss: 29Mb L: 29/81 MS: 1 EraseBytes-
#9230	REDUCE cov: 119 ft: 349 corp: 43/1596b lim: 88 exec/s: 9230 rss: 29Mb L: 18/81 MS: 1 EraseBytes-
#9616	REDUCE cov: 119 ft: 349 corp: 43/1594b lim: 88 exec/s: 9616 rss: 29Mb L: 32/81 MS: 1 EraseBytes-
#9852	REDUCE cov: 119 ft: 349 corp: 43/1586b lim: 88 exec/s: 9852 rss: 29Mb L: 40/81 MS: 1 EraseBytes-
#10534	NEW    cov: 119 ft: 350 corp: 44/1675b lim: 94 exec/s: 10534 rss: 29Mb L: 89/89 MS: 2 CMP-InsertRepeatedBytes- DE: "\011\000"-
#10607	REDUCE cov: 119 ft: 350 corp: 44/1652b lim: 94 exec/s: 10607 rss: 29Mb L: 38/89 MS: 3 ChangeByte-EraseBytes-ShuffleBytes-
#10818	REDUCE cov: 119 ft: 350 corp: 44/1651b lim: 94 exec/s: 10818 rss: 29Mb L: 61/89 MS: 1 EraseBytes-
#11457	NEW    cov: 119 ft: 351 corp: 45/1748b lim: 100 exec/s: 11457 rss: 29Mb L: 97/97 MS: 4 ChangeBinInt-ChangeByte-InsertRepeatedBytes-InsertByte-
#12103	NEW    cov: 119 ft: 352 corp: 46/1844b lim: 106 exec/s: 12103 rss: 29Mb L: 96/97 MS: 1 InsertRepeatedBytes-
#12115	NEW    cov: 119 ft: 353 corp: 47/1949b lim: 106 exec/s: 12115 rss: 29Mb L: 105/105 MS: 2 InsertRepeatedBytes-InsertRepeatedBytes-
#12285	REDUCE cov: 119 ft: 353 corp: 47/1941b lim: 106 exec/s: 12285 rss: 29Mb L: 24/105 MS: 5 InsertRepeatedBytes-EraseBytes-ShuffleBytes-ChangeBit-EraseBytes-
#12427	REDUCE cov: 120 ft: 359 corp: 48/1977b lim: 106 exec/s: 12427 rss: 29Mb L: 36/105 MS: 2 CopyPart-CopyPart-
#12443	NEW    cov: 120 ft: 362 corp: 49/2048b lim: 106 exec/s: 12443 rss: 29Mb L: 71/105 MS: 1 InsertRepeatedBytes-
#12513	REDUCE cov: 120 ft: 362 corp: 49/2022b lim: 106 exec/s: 12513 rss: 29Mb L: 45/105 MS: 5 ChangeBit-ShuffleBytes-ChangeBit-ChangeBit-EraseBytes-
#12733	REDUCE cov: 120 ft: 362 corp: 49/2019b lim: 106 exec/s: 12733 rss: 29Mb L: 58/105 MS: 5 PersAutoDict-CMP-CrossOver-ChangeByte-EraseBytes- DE: "\001\000\000\000\001\000\000\000"-"\300\340\210\333\323\270\337\305"-
#13140	REDUCE cov: 120 ft: 362 corp: 49/2017b lim: 106 exec/s: 13140 rss: 29Mb L: 16/105 MS: 2 ChangeBit-EraseBytes-
#13459	REDUCE cov: 120 ft: 363 corp: 50/2029b lim: 106 exec/s: 13459 rss: 29Mb L: 12/105 MS: 4 ChangeBit-ShuffleBytes-ChangeBit-EraseBytes-
#13981	REDUCE cov: 120 ft: 364 corp: 51/2106b lim: 106 exec/s: 13981 rss: 29Mb L: 77/105 MS: 2 ChangeBinInt-CopyPart-
#14259	REDUCE cov: 120 ft: 364 corp: 51/2082b lim: 106 exec/s: 7129 rss: 29Mb L: 24/105 MS: 2 EraseBytes-EraseBytes-
#14282	REDUCE cov: 120 ft: 364 corp: 51/2066b lim: 106 exec/s: 7141 rss: 29Mb L: 37/105 MS: 3 ShuffleBytes-PersAutoDict-EraseBytes- DE: "\011\000"-
#14414	REDUCE cov: 120 ft: 364 corp: 51/2065b lim: 106 exec/s: 7207 rss: 29Mb L: 33/105 MS: 2 PersAutoDict-EraseBytes- DE: "sinf"-
#14466	REDUCE cov: 120 ft: 364 corp: 51/2064b lim: 106 exec/s: 7233 rss: 29Mb L: 44/105 MS: 2 InsertByte-EraseBytes-
#14849	NEW    cov: 121 ft: 367 corp: 52/2103b lim: 106 exec/s: 7424 rss: 29Mb L: 39/105 MS: 3 CMP-ChangeBit-InsertRepeatedBytes- DE: "hvcC"-
#14903	REDUCE cov: 121 ft: 367 corp: 52/2097b lim: 106 exec/s: 7451 rss: 29Mb L: 64/105 MS: 4 ShuffleBytes-InsertByte-ChangeByte-EraseBytes-
#15586	REDUCE cov: 121 ft: 367 corp: 52/2089b lim: 112 exec/s: 7793 rss: 29Mb L: 48/105 MS: 3 ChangeBinInt-ShuffleBytes-CrossOver-
#16263	NEW    cov: 121 ft: 377 corp: 53/2154b lim: 118 exec/s: 8131 rss: 29Mb L: 65/105 MS: 2 ShuffleBytes-CopyPart-
#16384	pulse  cov: 121 ft: 377 corp: 53/2154b lim: 118 exec/s: 8192 rss: 29Mb
#16840	REDUCE cov: 121 ft: 377 corp: 53/2153b lim: 118 exec/s: 8420 rss: 29Mb L: 64/105 MS: 2 ShuffleBytes-EraseBytes-
#17588	REDUCE cov: 121 ft: 377 corp: 53/2149b lim: 124 exec/s: 8794 rss: 29Mb L: 60/105 MS: 3 CrossOver-ChangeBinInt-EraseBytes-
#17681	NEW    cov: 121 ft: 378 corp: 54/2265b lim: 124 exec/s: 8840 rss: 29Mb L: 116/116 MS: 3 ChangeASCIIInt-ShuffleBytes-CopyPart-
#17715	NEW    cov: 121 ft: 380 corp: 55/2388b lim: 124 exec/s: 8857 rss: 29Mb L: 123/123 MS: 4 InsertRepeatedBytes-ChangeBinInt-ShuffleBytes-CopyPart-
#18076	REDUCE cov: 121 ft: 380 corp: 55/2385b lim: 124 exec/s: 9038 rss: 29Mb L: 61/123 MS: 1 EraseBytes-
#18120	REDUCE cov: 121 ft: 380 corp: 55/2380b lim: 124 exec/s: 9060 rss: 29Mb L: 39/123 MS: 4 InsertByte-ChangeByte-ChangeASCIIInt-EraseBytes-
#18169	REDUCE cov: 121 ft: 381 corp: 56/2503b lim: 124 exec/s: 9084 rss: 29Mb L: 123/123 MS: 4 CopyPart-CrossOver-CMP-CopyPart- DE: "\377\037"-
#18465	REDUCE cov: 121 ft: 386 corp: 57/2543b lim: 124 exec/s: 9232 rss: 29Mb L: 40/123 MS: 1 EraseBytes-
#18881	REDUCE cov: 121 ft: 386 corp: 57/2506b lim: 124 exec/s: 9440 rss: 29Mb L: 79/123 MS: 1 EraseBytes-
#19224	REDUCE cov: 121 ft: 397 corp: 58/2571b lim: 124 exec/s: 9612 rss: 29Mb L: 65/123 MS: 3 ChangeByte-ShuffleBytes-CrossOver-
#19725	REDUCE cov: 121 ft: 399 corp: 59/2609b lim: 124 exec/s: 9862 rss: 29Mb L: 38/123 MS: 1 EraseBytes-
#19833	NEW    cov: 121 ft: 409 corp: 60/2680b lim: 124 exec/s: 9916 rss: 29Mb L: 71/123 MS: 3 CopyPart-ChangeASCIIInt-CopyPart-
#20450	NEW    cov: 121 ft: 418 corp: 61/2809b lim: 130 exec/s: 10225 rss: 29Mb L: 129/129 MS: 2 ChangeByte-InsertRepeatedBytes-
#20483	REDUCE cov: 121 ft: 424 corp: 62/2937b lim: 130 exec/s: 10241 rss: 29Mb L: 128/129 MS: 3 InsertRepeatedBytes-InsertRepeatedBytes-PersAutoDict- DE: "\300\340\210\333\323\270\337\305"-
#20549	NEW    cov: 121 ft: 425 corp: 63/3067b lim: 130 exec/s: 10274 rss: 29Mb L: 130/130 MS: 1 CopyPart-
#22030	REDUCE cov: 121 ft: 428 corp: 64/3087b lim: 144 exec/s: 11015 rss: 29Mb L: 20/130 MS: 1 PersAutoDict- DE: "hvcC"-
#22087	NEW    cov: 121 ft: 431 corp: 65/3162b lim: 144 exec/s: 7362 rss: 29Mb L: 75/130 MS: 2 CMP-CMP- DE: "frma"-"paen"-
#22709	REDUCE cov: 121 ft: 431 corp: 65/3154b lim: 144 exec/s: 7569 rss: 29Mb L: 32/130 MS: 2 EraseBytes-InsertByte-
#23451	NEW    cov: 121 ft: 432 corp: 66/3299b lim: 151 exec/s: 7817 rss: 29Mb L: 145/145 MS: 2 PersAutoDict-InsertRepeatedBytes- DE: "\177\224'\347\201Y\000\000"-
#23462	REDUCE cov: 121 ft: 432 corp: 66/3279b lim: 151 exec/s: 7820 rss: 29Mb L: 51/145 MS: 1 EraseBytes-
#23989	NEW    cov: 121 ft: 439 corp: 67/3427b lim: 151 exec/s: 7996 rss: 29Mb L: 148/148 MS: 2 CopyPart-InsertRepeatedBytes-
#24102	REDUCE cov: 121 ft: 439 corp: 67/3419b lim: 151 exec/s: 8034 rss: 29Mb L: 57/148 MS: 3 ChangeByte-ChangeBit-EraseBytes-
#24741	REDUCE cov: 122 ft: 441 corp: 68/3512b lim: 151 exec/s: 8247 rss: 29Mb L: 93/148 MS: 4 ChangeBinInt-InsertRepeatedBytes-InsertByte-CMP- DE: "frma"-
#24827	REDUCE cov: 122 ft: 441 corp: 68/3509b lim: 151 exec/s: 8275 rss: 29Mb L: 48/148 MS: 1 EraseBytes-
#25264	NEW    cov: 122 ft: 442 corp: 69/3613b lim: 151 exec/s: 8421 rss: 29Mb L: 104/148 MS: 2 InsertByte-CopyPart-
#25827	REDUCE cov: 122 ft: 442 corp: 69/3580b lim: 151 exec/s: 8609 rss: 29Mb L: 60/148 MS: 3 ChangeBinInt-PersAutoDict-EraseBytes- DE: "\011\000"-
#26058	NEW    cov: 122 ft: 460 corp: 70/3609b lim: 151 exec/s: 8686 rss: 29Mb L: 29/148 MS: 1 ChangeByte-
#26273	REDUCE cov: 122 ft: 460 corp: 70/3601b lim: 151 exec/s: 8757 rss: 29Mb L: 96/148 MS: 5 ChangeBit-ChangeBit-InsertByte-PersAutoDict-EraseBytes- DE: "\177\224'\347\201Y\000\000"-
#26297	NEW    cov: 122 ft: 461 corp: 71/3645b lim: 151 exec/s: 8765 rss: 29Mb L: 44/148 MS: 4 ChangeByte-ShuffleBytes-ChangeBinInt-EraseBytes-
#26543	REDUCE cov: 122 ft: 461 corp: 71/3635b lim: 151 exec/s: 8847 rss: 29Mb L: 50/148 MS: 1 EraseBytes-
#26851	NEW    cov: 122 ft: 463 corp: 72/3668b lim: 151 exec/s: 8950 rss: 29Mb L: 33/148 MS: 3 CopyPart-CopyPart-InsertByte-
#27077	REDUCE cov: 122 ft: 463 corp: 72/3660b lim: 151 exec/s: 9025 rss: 29Mb L: 21/148 MS: 1 EraseBytes-
#27329	REDUCE cov: 122 ft: 463 corp: 72/3656b lim: 151 exec/s: 9109 rss: 29Mb L: 34/148 MS: 2 ChangeBinInt-EraseBytes-
#27421	REDUCE cov: 123 ft: 464 corp: 73/3704b lim: 151 exec/s: 9140 rss: 29Mb L: 48/148 MS: 2 CrossOver-CMP- DE: "moov"-
#28264	REDUCE cov: 123 ft: 464 corp: 73/3703b lim: 158 exec/s: 9421 rss: 29Mb L: 20/148 MS: 3 ChangeByte-ChangeBinInt-EraseBytes-
#28351	REDUCE cov: 123 ft: 464 corp: 73/3683b lim: 158 exec/s: 9450 rss: 29Mb L: 59/148 MS: 2 ChangeBinInt-EraseBytes-
#29352	NEW    cov: 123 ft: 465 corp: 74/3846b lim: 165 exec/s: 9784 rss: 29Mb L: 163/163 MS: 1 InsertRepeatedBytes-
#29518	NEW    cov: 123 ft: 473 corp: 75/3990b lim: 165 exec/s: 9839 rss: 29Mb L: 144/163 MS: 1 CopyPart-
#29988	REDUCE cov: 123 ft: 473 corp: 75/3981b lim: 165 exec/s: 7497 rss: 29Mb L: 41/163 MS: 5 ChangeBit-PersAutoDict-ShuffleBytes-ChangeByte-EraseBytes- DE: "\177\224'\347\201Y\000\000"-
#30744	REDUCE cov: 123 ft: 479 corp: 76/4030b lim: 172 exec/s: 7686 rss: 29Mb L: 49/163 MS: 1 EraseBytes-
#30806	NEW    cov: 123 ft: 482 corp: 77/4085b lim: 172 exec/s: 7701 rss: 29Mb L: 55/163 MS: 2 CrossOver-InsertRepeatedBytes-
#30842	REDUCE cov: 123 ft: 482 corp: 77/4081b lim: 172 exec/s: 7710 rss: 29Mb L: 8/163 MS: 1 EraseBytes-
#30850	REDUCE cov: 123 ft: 482 corp: 77/4079b lim: 172 exec/s: 7712 rss: 29Mb L: 47/163 MS: 3 PersAutoDict-ShuffleBytes-EraseBytes- DE: "moov"-
#30962	REDUCE cov: 123 ft: 488 corp: 78/4167b lim: 172 exec/s: 7740 rss: 29Mb L: 88/163 MS: 2 ChangeASCIIInt-CopyPart-
#31173	REDUCE cov: 123 ft: 488 corp: 78/4154b lim: 172 exec/s: 7793 rss: 29Mb L: 131/163 MS: 1 EraseBytes-
#31304	NEW    cov: 124 ft: 489 corp: 79/4253b lim: 172 exec/s: 7826 rss: 29Mb L: 99/163 MS: 1 InsertRepeatedBytes-
#31580	REDUCE cov: 124 ft: 489 corp: 79/4252b lim: 172 exec/s: 7895 rss: 29Mb L: 59/163 MS: 1 EraseBytes-
#31826	NEW    cov: 124 ft: 491 corp: 80/4340b lim: 172 exec/s: 7956 rss: 29Mb L: 88/163 MS: 1 PersAutoDict- DE: "paen"-
#32013	NEW    cov: 124 ft: 492 corp: 81/4428b lim: 172 exec/s: 8003 rss: 29Mb L: 88/163 MS: 2 ChangeBinInt-CopyPart-
#32179	REDUCE cov: 124 ft: 496 corp: 82/4517b lim: 172 exec/s: 8044 rss: 29Mb L: 89/163 MS: 1 CopyPart-
#32768	pulse  cov: 124 ft: 496 corp: 82/4517b lim: 172 exec/s: 8192 rss: 30Mb
#32772	REDUCE cov: 124 ft: 496 corp: 82/4507b lim: 172 exec/s: 8193 rss: 30Mb L: 23/163 MS: 3 InsertRepeatedBytes-InsertByte-EraseBytes-
#32993	REDUCE cov: 124 ft: 496 corp: 82/4506b lim: 172 exec/s: 8248 rss: 30Mb L: 19/163 MS: 1 EraseBytes-
#33141	REDUCE cov: 124 ft: 496 corp: 82/4490b lim: 172 exec/s: 8285 rss: 30Mb L: 32/163 MS: 3 CopyPart-EraseBytes-InsertByte-
#33589	REDUCE cov: 124 ft: 496 corp: 82/4454b lim: 172 exec/s: 8397 rss: 30Mb L: 63/163 MS: 3 ChangeByte-CopyPart-EraseBytes-
#33772	REDUCE cov: 124 ft: 496 corp: 82/4453b lim: 172 exec/s: 8443 rss: 30Mb L: 19/163 MS: 3 InsertByte-ChangeBit-EraseBytes-
#34264	REDUCE cov: 124 ft: 496 corp: 82/4451b lim: 172 exec/s: 8566 rss: 30Mb L: 43/163 MS: 2 ChangeByte-EraseBytes-
#34390	NEW    cov: 124 ft: 497 corp: 83/4539b lim: 172 exec/s: 8597 rss: 30Mb L: 88/163 MS: 1 ShuffleBytes-
#34562	REDUCE cov: 124 ft: 497 corp: 83/4535b lim: 172 exec/s: 8640 rss: 30Mb L: 127/163 MS: 2 ChangeBit-EraseBytes-
#35331	REDUCE cov: 124 ft: 497 corp: 83/4532b lim: 179 exec/s: 8832 rss: 30Mb L: 16/163 MS: 4 PersAutoDict-CMP-EraseBytes-InsertByte- DE: "moov"-"\000\000\000\000\000\000\000\020"-
#35352	REDUCE cov: 124 ft: 497 corp: 83/4521b lim: 179 exec/s: 8838 rss: 30Mb L: 50/163 MS: 1 EraseBytes-
#35448	REDUCE cov: 124 ft: 497 corp: 83/4518b lim: 179 exec/s: 8862 rss: 30Mb L: 11/163 MS: 1 EraseBytes-
#35521	REDUCE cov: 124 ft: 497 corp: 83/4510b lim: 179 exec/s: 8880 rss: 30Mb L: 69/163 MS: 3 ChangeBinInt-CMP-EraseBytes- DE: "\001\000\000\000\000\000\000M"-
#35604	NEW    cov: 124 ft: 498 corp: 84/4689b lim: 179 exec/s: 8901 rss: 30Mb L: 179/179 MS: 3 CMP-InsertRepeatedBytes-PersAutoDict- DE: "\000\000\000\001"-"moov"-
#35703	REDUCE cov: 124 ft: 498 corp: 84/4687b lim: 179 exec/s: 8925 rss: 30Mb L: 121/179 MS: 4 InsertRepeatedBytes-CopyPart-EraseBytes-InsertByte-
#36051	REDUCE cov: 124 ft: 498 corp: 84/4685b lim: 179 exec/s: 9012 rss: 30Mb L: 121/179 MS: 3 EraseBytes-EraseBytes-InsertRepeatedBytes-
#36162	REDUCE cov: 124 ft: 498 corp: 84/4682b lim: 179 exec/s: 9040 rss: 30Mb L: 20/179 MS: 1 EraseBytes-
#36825	REDUCE cov: 124 ft: 498 corp: 84/4670b lim: 179 exec/s: 9206 rss: 30Mb L: 76/179 MS: 3 InsertRepeatedBytes-ChangeByte-EraseBytes-
#37014	REDUCE cov: 124 ft: 498 corp: 84/4667b lim: 179 exec/s: 9253 rss: 30Mb L: 30/179 MS: 4 ChangeByte-InsertRepeatedBytes-EraseBytes-EraseBytes-
#37200	REDUCE cov: 124 ft: 498 corp: 84/4665b lim: 179 exec/s: 9300 rss: 30Mb L: 86/179 MS: 1 EraseBytes-
#37357	REDUCE cov: 124 ft: 498 corp: 84/4662b lim: 179 exec/s: 9339 rss: 30Mb L: 83/179 MS: 2 ChangeByte-EraseBytes-
#37868	REDUCE cov: 124 ft: 498 corp: 84/4660b lim: 179 exec/s: 9467 rss: 30Mb L: 45/179 MS: 1 EraseBytes-
#37974	REDUCE cov: 125 ft: 500 corp: 85/4684b lim: 179 exec/s: 9493 rss: 30Mb L: 24/179 MS: 1 CMP- DE: "hvc1"-
#38361	REDUCE cov: 125 ft: 500 corp: 85/4677b lim: 179 exec/s: 7672 rss: 30Mb L: 56/179 MS: 2 PersAutoDict-EraseBytes- DE: "N7ISOBMFF12Cont"-
#38399	REDUCE cov: 125 ft: 500 corp: 85/4676b lim: 179 exec/s: 7679 rss: 30Mb L: 178/178 MS: 3 EraseBytes-CrossOver-CopyPart-
==18== ERROR: libFuzzer: out-of-memory (used: 1333Mb; limit: 512Mb)
   To change the out-of-memory limit use -rss_limit_mb=<N>

MS: 4 ShuffleBytes-ChangeByte-ChangeASCIIInt-PersAutoDict- DE: "\001\000\000\000\000\000\000\001"-; base unit: d8a9ab4f312e9ee1b2939a3c85f87b3707219a34
0x0,0x0,0x0,0x14,0x66,0x74,0x79,0x70,0x6d,0x70,0x34,0x31,0x2,0x0,0xff,0x0,0x6d,0x70,0x35,0x1,0x0,0x0,0x0,0x1,0x1,0x0,0x0,0x0,0x0,0x0,0x0,0x1,0x64,0x0,0x32,0x0,0x74,
\000\000\000\024ftypmp41\002\000\377\000mp5\001\000\000\000\001\001\000\000\000\000\000\000\001d\0002\000t
artifact_prefix='/results/crashes/20260313_123500_b41dcc56_'; Test unit written to /results/crashes/20260313_123500_b41dcc56_oom-aa9cf5d26966d2b3445b424891d5ae9d5faa77da
Base64: AAAAFGZ0eXBtcDQxAgD/AG1wNQEAAAABAQAAAAAAAAFkADIAdA==
SUMMARY: libFuzzer: out-of-memory
stat::number_of_executed_units: 38863
stat::average_exec_per_sec:     6477
stat::new_units_added:          180
stat::slowest_unit_time_sec:    0
stat::peak_rss_mb:              1333
