INFO: Running with entropic power schedule (0xFF, 100).
INFO: Seed: 3083804146
INFO: Loaded 1 modules   (252 inline 8-bit counters): 252 [0x5f721cf18678, 0x5f721cf18774), 
INFO: Loaded 1 PC tables (252 PCs): 252 [0x5f721cf18778,0x5f721cf19738), 
INFO:        4 files found in /tmp/corpus_20260313_144552_07c32abd
INFO: seed corpus: files: 4 min: 48b max: 333b total: 853b rss: 28Mb
#5	INITED cov: 118 ft: 251 corp: 4/853b exec/s: 0 rss: 29Mb
#7	NEW    cov: 118 ft: 252 corp: 5/1147b lim: 333 exec/s: 0 rss: 29Mb L: 294/333 MS: 2 ChangeBinInt-EraseBytes-
#9	NEW    cov: 118 ft: 267 corp: 6/1199b lim: 333 exec/s: 0 rss: 29Mb L: 52/333 MS: 2 ChangeBit-CMP- DE: "edts"-
#13	NEW    cov: 118 ft: 280 corp: 7/1419b lim: 333 exec/s: 0 rss: 29Mb L: 220/333 MS: 4 ChangeBinInt-CMP-ChangeByte-ChangeBinInt- DE: "\377\377\377\037"-
#17	NEW    cov: 118 ft: 284 corp: 8/1752b lim: 333 exec/s: 0 rss: 29Mb L: 333/333 MS: 4 ChangeBit-CrossOver-CopyPart-InsertRepeatedBytes-
#19	NEW    cov: 118 ft: 292 corp: 9/1893b lim: 333 exec/s: 0 rss: 29Mb L: 141/333 MS: 2 PersAutoDict-EraseBytes- DE: "\377\377\377\037"-
#20	NEW    cov: 118 ft: 324 corp: 10/1918b lim: 333 exec/s: 0 rss: 29Mb L: 25/333 MS: 1 EraseBytes-
#21	NEW    cov: 118 ft: 325 corp: 11/2138b lim: 333 exec/s: 0 rss: 29Mb L: 220/333 MS: 1 ChangeBit-
#22	NEW    cov: 118 ft: 326 corp: 12/2436b lim: 333 exec/s: 0 rss: 29Mb L: 298/333 MS: 1 CMP- DE: "uoom"-
#24	NEW    cov: 118 ft: 328 corp: 13/2755b lim: 333 exec/s: 0 rss: 29Mb L: 319/333 MS: 2 ShuffleBytes-InsertRepeatedBytes-
#33	NEW    cov: 119 ft: 329 corp: 14/3050b lim: 333 exec/s: 0 rss: 29Mb L: 295/333 MS: 4 CopyPart-ChangeBit-CopyPart-InsertByte-
#34	NEW    cov: 119 ft: 331 corp: 15/3182b lim: 333 exec/s: 0 rss: 29Mb L: 132/333 MS: 1 CrossOver-
#36	NEW    cov: 119 ft: 340 corp: 16/3269b lim: 333 exec/s: 0 rss: 29Mb L: 87/333 MS: 2 ChangeByte-CopyPart-
#46	NEW    cov: 119 ft: 347 corp: 17/3329b lim: 333 exec/s: 0 rss: 29Mb L: 60/333 MS: 5 ChangeByte-ChangeByte-ShuffleBytes-ChangeASCIIInt-CMP- DE: "h&\316\034r_\000\000"-
#53	NEW    cov: 119 ft: 350 corp: 18/3362b lim: 333 exec/s: 0 rss: 29Mb L: 33/333 MS: 2 ChangeByte-PersAutoDict- DE: "h&\316\034r_\000\000"-
#56	NEW    cov: 119 ft: 352 corp: 19/3653b lim: 333 exec/s: 0 rss: 29Mb L: 291/333 MS: 3 ChangeByte-CopyPart-ChangeBit-
#60	NEW    cov: 119 ft: 353 corp: 20/3730b lim: 333 exec/s: 0 rss: 29Mb L: 77/333 MS: 4 ShuffleBytes-CrossOver-InsertByte-InsertRepeatedBytes-
#61	NEW    cov: 119 ft: 354 corp: 21/3994b lim: 333 exec/s: 0 rss: 29Mb L: 264/333 MS: 1 EraseBytes-
#62	NEW    cov: 119 ft: 355 corp: 22/4326b lim: 333 exec/s: 0 rss: 29Mb L: 332/333 MS: 1 CopyPart-
#64	NEW    cov: 119 ft: 381 corp: 23/4495b lim: 333 exec/s: 0 rss: 29Mb L: 169/333 MS: 2 CrossOver-ChangeBinInt-
#71	NEW    cov: 119 ft: 382 corp: 24/4601b lim: 333 exec/s: 0 rss: 29Mb L: 106/333 MS: 2 ChangeByte-CrossOver-
#73	NEW    cov: 119 ft: 384 corp: 25/4666b lim: 333 exec/s: 0 rss: 29Mb L: 65/333 MS: 2 ChangeASCIIInt-CopyPart-
#78	NEW    cov: 119 ft: 389 corp: 26/4842b lim: 333 exec/s: 0 rss: 29Mb L: 176/333 MS: 5 InsertByte-InsertByte-ChangeBit-ChangeBinInt-CrossOver-
#80	NEW    cov: 120 ft: 390 corp: 27/5124b lim: 333 exec/s: 0 rss: 29Mb L: 282/333 MS: 2 InsertByte-CrossOver-
#83	NEW    cov: 120 ft: 391 corp: 28/5253b lim: 333 exec/s: 0 rss: 29Mb L: 129/333 MS: 3 CrossOver-ChangeBinInt-CopyPart-
#84	NEW    cov: 120 ft: 392 corp: 29/5477b lim: 333 exec/s: 0 rss: 29Mb L: 224/333 MS: 1 PersAutoDict- DE: "\377\377\377\037"-
#88	NEW    cov: 121 ft: 394 corp: 30/5805b lim: 333 exec/s: 0 rss: 29Mb L: 328/333 MS: 4 InsertRepeatedBytes-ChangeBinInt-CrossOver-InsertByte-
#116	NEW    cov: 121 ft: 395 corp: 31/6027b lim: 333 exec/s: 0 rss: 29Mb L: 222/333 MS: 3 EraseBytes-ChangeBinInt-EraseBytes-
#119	NEW    cov: 121 ft: 396 corp: 32/6354b lim: 333 exec/s: 0 rss: 29Mb L: 327/333 MS: 3 PersAutoDict-ShuffleBytes-PersAutoDict- DE: "edts"-"h&\316\034r_\000\000"-
#132	NEW    cov: 121 ft: 397 corp: 33/6512b lim: 333 exec/s: 0 rss: 29Mb L: 158/333 MS: 3 InsertRepeatedBytes-CMP-EraseBytes- DE: "[\002\012M\264\236\354\\"-
#134	NEW    cov: 121 ft: 398 corp: 34/6610b lim: 333 exec/s: 0 rss: 29Mb L: 98/333 MS: 2 InsertRepeatedBytes-CopyPart-
#152	NEW    cov: 121 ft: 399 corp: 35/6667b lim: 333 exec/s: 0 rss: 29Mb L: 57/333 MS: 3 ChangeBit-PersAutoDict-CopyPart- DE: "\377\377\377\037"-
#156	NEW    cov: 121 ft: 409 corp: 36/6683b lim: 333 exec/s: 0 rss: 29Mb L: 16/333 MS: 4 EraseBytes-InsertByte-EraseBytes-EraseBytes-
#158	NEW    cov: 121 ft: 410 corp: 37/6778b lim: 333 exec/s: 0 rss: 29Mb L: 95/333 MS: 2 ChangeBit-PersAutoDict- DE: "h&\316\034r_\000\000"-
#174	NEW    cov: 121 ft: 411 corp: 38/7012b lim: 333 exec/s: 0 rss: 29Mb L: 234/333 MS: 1 CopyPart-
#180	NEW    cov: 121 ft: 419 corp: 39/7299b lim: 333 exec/s: 0 rss: 29Mb L: 287/333 MS: 1 InsertRepeatedBytes-
#184	NEW    cov: 121 ft: 420 corp: 40/7610b lim: 333 exec/s: 0 rss: 29Mb L: 311/333 MS: 4 InsertByte-InsertRepeatedBytes-CrossOver-InsertRepeatedBytes-
#192	REDUCE cov: 121 ft: 420 corp: 40/7590b lim: 333 exec/s: 0 rss: 29Mb L: 37/333 MS: 3 ChangeByte-InsertByte-EraseBytes-
#195	NEW    cov: 121 ft: 421 corp: 41/7837b lim: 333 exec/s: 0 rss: 29Mb L: 247/333 MS: 3 InsertByte-CopyPart-InsertRepeatedBytes-
#206	NEW    cov: 121 ft: 422 corp: 42/8170b lim: 333 exec/s: 0 rss: 29Mb L: 333/333 MS: 1 CMP- DE: "N7ISOBMFF12Con"-
#220	REDUCE cov: 121 ft: 422 corp: 42/8103b lim: 333 exec/s: 0 rss: 29Mb L: 227/333 MS: 4 CopyPart-CMP-PersAutoDict-EraseBytes- DE: "stsd"-"\377\377\377\037"-
#235	REDUCE cov: 121 ft: 422 corp: 42/8084b lim: 333 exec/s: 0 rss: 29Mb L: 110/333 MS: 5 ChangeBinInt-ChangeBinInt-EraseBytes-PersAutoDict-ChangeBit- DE: "edts"-
#295	REDUCE cov: 121 ft: 422 corp: 42/8035b lim: 333 exec/s: 0 rss: 29Mb L: 284/333 MS: 5 ChangeByte-EraseBytes-EraseBytes-CopyPart-CopyPart-
#302	NEW    cov: 121 ft: 426 corp: 43/8198b lim: 333 exec/s: 0 rss: 29Mb L: 163/333 MS: 2 CrossOver-CrossOver-
#304	NEW    cov: 121 ft: 436 corp: 44/8207b lim: 333 exec/s: 0 rss: 29Mb L: 9/333 MS: 2 ChangeBit-EraseBytes-
#321	NEW    cov: 121 ft: 437 corp: 45/8535b lim: 333 exec/s: 0 rss: 29Mb L: 328/333 MS: 2 ChangeBit-InsertByte-
#377	NEW    cov: 121 ft: 438 corp: 46/8599b lim: 333 exec/s: 0 rss: 29Mb L: 64/333 MS: 1 InsertRepeatedBytes-
#391	NEW    cov: 121 ft: 444 corp: 47/8711b lim: 333 exec/s: 0 rss: 29Mb L: 112/333 MS: 4 ChangeBinInt-ChangeBit-ShuffleBytes-CrossOver-
#397	NEW    cov: 121 ft: 445 corp: 48/8967b lim: 333 exec/s: 0 rss: 29Mb L: 256/333 MS: 1 CMP- DE: "\377\377\377\002"-
#416	REDUCE cov: 121 ft: 445 corp: 48/8966b lim: 333 exec/s: 0 rss: 29Mb L: 327/333 MS: 4 ChangeBit-CMP-EraseBytes-InsertRepeatedBytes- DE: "\001\000\000 "-
#433	REDUCE cov: 121 ft: 445 corp: 48/8957b lim: 333 exec/s: 0 rss: 29Mb L: 238/333 MS: 2 CopyPart-EraseBytes-
#480	REDUCE cov: 121 ft: 448 corp: 49/9250b lim: 333 exec/s: 0 rss: 29Mb L: 293/333 MS: 2 CrossOver-InsertRepeatedBytes-
#487	NEW    cov: 122 ft: 449 corp: 50/9253b lim: 333 exec/s: 0 rss: 29Mb L: 3/333 MS: 2 InsertByte-CrossOver-
#565	NEW    cov: 123 ft: 450 corp: 51/9377b lim: 333 exec/s: 0 rss: 29Mb L: 124/333 MS: 3 CopyPart-ChangeBit-EraseBytes-
#598	REDUCE cov: 123 ft: 450 corp: 51/9335b lim: 333 exec/s: 0 rss: 29Mb L: 178/333 MS: 3 ShuffleBytes-PersAutoDict-EraseBytes- DE: "h&\316\034r_\000\000"-
#606	NEW    cov: 123 ft: 451 corp: 52/9367b lim: 333 exec/s: 0 rss: 29Mb L: 32/333 MS: 3 InsertByte-InsertByte-EraseBytes-
#667	REDUCE cov: 123 ft: 451 corp: 52/9366b lim: 333 exec/s: 0 rss: 29Mb L: 24/333 MS: 1 EraseBytes-
#728	REDUCE cov: 123 ft: 451 corp: 52/9236b lim: 333 exec/s: 0 rss: 29Mb L: 203/333 MS: 1 EraseBytes-
#748	NEW    cov: 123 ft: 460 corp: 53/9344b lim: 333 exec/s: 0 rss: 29Mb L: 108/333 MS: 5 CMP-InsertByte-ChangeBit-InsertRepeatedBytes-CMP- DE: "stbl"-"ftyp"-
#815	REDUCE cov: 123 ft: 460 corp: 53/9343b lim: 333 exec/s: 0 rss: 29Mb L: 2/333 MS: 2 CopyPart-EraseBytes-
#820	NEW    cov: 123 ft: 461 corp: 54/9650b lim: 333 exec/s: 0 rss: 29Mb L: 307/333 MS: 5 CopyPart-InsertByte-CMP-CopyPart-CopyPart- DE: "\377\377\377\000\000\000\000\003"-
#837	REDUCE cov: 123 ft: 462 corp: 55/9969b lim: 333 exec/s: 0 rss: 29Mb L: 319/333 MS: 2 CopyPart-CopyPart-
#882	REDUCE cov: 123 ft: 462 corp: 55/9938b lim: 333 exec/s: 0 rss: 29Mb L: 79/333 MS: 5 ChangeByte-EraseBytes-EraseBytes-EraseBytes-CopyPart-
#933	NEW    cov: 123 ft: 471 corp: 56/10239b lim: 333 exec/s: 0 rss: 29Mb L: 301/333 MS: 1 CMP- DE: "\001\000_rN\312\035O"-
#955	REDUCE cov: 123 ft: 471 corp: 56/10207b lim: 333 exec/s: 0 rss: 29Mb L: 126/333 MS: 2 ChangeBit-EraseBytes-
#999	REDUCE cov: 123 ft: 471 corp: 56/10188b lim: 333 exec/s: 0 rss: 29Mb L: 46/333 MS: 4 ChangeASCIIInt-ChangeBit-ShuffleBytes-EraseBytes-
#1066	NEW    cov: 123 ft: 472 corp: 57/10196b lim: 333 exec/s: 0 rss: 29Mb L: 8/333 MS: 2 CMP-EraseBytes- DE: "dinf"-
#1082	NEW    cov: 123 ft: 474 corp: 58/10456b lim: 333 exec/s: 0 rss: 29Mb L: 260/333 MS: 1 PersAutoDict- DE: "\377\377\377\037"-
#1130	REDUCE cov: 123 ft: 474 corp: 58/10378b lim: 333 exec/s: 0 rss: 29Mb L: 149/333 MS: 3 EraseBytes-PersAutoDict-ChangeBit- DE: "[\002\012M\264\236\354\\"-
#1223	REDUCE cov: 123 ft: 474 corp: 58/10340b lim: 333 exec/s: 0 rss: 29Mb L: 196/333 MS: 3 ShuffleBytes-ChangeBit-CrossOver-
#1324	REDUCE cov: 123 ft: 474 corp: 58/10287b lim: 333 exec/s: 0 rss: 29Mb L: 238/333 MS: 1 EraseBytes-
#1464	REDUCE cov: 123 ft: 474 corp: 58/10206b lim: 333 exec/s: 0 rss: 29Mb L: 183/333 MS: 5 CrossOver-ChangeBit-ShuffleBytes-EraseBytes-EraseBytes-
#1491	NEW    cov: 123 ft: 475 corp: 59/10223b lim: 333 exec/s: 0 rss: 29Mb L: 17/333 MS: 2 ChangeBinInt-CrossOver-
#1673	REDUCE cov: 123 ft: 475 corp: 59/10220b lim: 333 exec/s: 0 rss: 29Mb L: 121/333 MS: 2 ShuffleBytes-EraseBytes-
#1841	REDUCE cov: 123 ft: 475 corp: 59/10218b lim: 333 exec/s: 0 rss: 29Mb L: 220/333 MS: 3 InsertByte-ChangeByte-EraseBytes-
#1942	NEW    cov: 123 ft: 483 corp: 60/10473b lim: 333 exec/s: 0 rss: 29Mb L: 255/333 MS: 1 CrossOver-
#1963	NEW    cov: 123 ft: 484 corp: 61/10806b lim: 333 exec/s: 0 rss: 29Mb L: 333/333 MS: 1 CrossOver-
#1965	REDUCE cov: 123 ft: 484 corp: 61/10743b lim: 333 exec/s: 0 rss: 29Mb L: 192/333 MS: 2 ChangeBit-EraseBytes-
#2046	NEW    cov: 123 ft: 485 corp: 62/10823b lim: 333 exec/s: 0 rss: 29Mb L: 80/333 MS: 1 CrossOver-
#2073	REDUCE cov: 123 ft: 485 corp: 62/10820b lim: 333 exec/s: 0 rss: 29Mb L: 235/333 MS: 2 CMP-EraseBytes- DE: "oman"-
#2081	NEW    cov: 123 ft: 491 corp: 63/11122b lim: 333 exec/s: 0 rss: 29Mb L: 302/333 MS: 3 ChangeBinInt-InsertRepeatedBytes-InsertRepeatedBytes-
#2219	NEW    cov: 123 ft: 496 corp: 64/11425b lim: 333 exec/s: 0 rss: 29Mb L: 303/333 MS: 3 CopyPart-ChangeASCIIInt-ChangeBinInt-
#2612	NEW    cov: 123 ft: 519 corp: 65/11719b lim: 333 exec/s: 0 rss: 29Mb L: 294/333 MS: 3 ChangeBinInt-InsertByte-CMP- DE: "mfra"-
#2672	NEW    cov: 123 ft: 520 corp: 66/12048b lim: 333 exec/s: 0 rss: 29Mb L: 329/333 MS: 5 ChangeBinInt-ShuffleBytes-ChangeBinInt-PersAutoDict-CrossOver- DE: "oman"-
#2682	REDUCE cov: 123 ft: 520 corp: 66/12035b lim: 333 exec/s: 0 rss: 29Mb L: 99/333 MS: 5 ShuffleBytes-ChangeASCIIInt-ChangeBit-EraseBytes-CrossOver-
#2733	REDUCE cov: 123 ft: 520 corp: 66/11944b lim: 333 exec/s: 0 rss: 29Mb L: 101/333 MS: 1 EraseBytes-
#3009	REDUCE cov: 123 ft: 520 corp: 66/11894b lim: 333 exec/s: 0 rss: 29Mb L: 245/333 MS: 1 EraseBytes-
#3021	REDUCE cov: 123 ft: 520 corp: 66/11873b lim: 333 exec/s: 0 rss: 29Mb L: 56/333 MS: 2 EraseBytes-ChangeBinInt-
#3025	REDUCE cov: 123 ft: 520 corp: 66/11869b lim: 333 exec/s: 0 rss: 29Mb L: 97/333 MS: 4 ShuffleBytes-CopyPart-EraseBytes-CopyPart-
#3028	REDUCE cov: 123 ft: 520 corp: 66/11863b lim: 333 exec/s: 0 rss: 29Mb L: 126/333 MS: 3 ChangeASCIIInt-CMP-EraseBytes- DE: "\021\000\000\000\000\000\000\000"-
#3060	REDUCE cov: 123 ft: 520 corp: 66/11858b lim: 333 exec/s: 0 rss: 29Mb L: 82/333 MS: 2 ChangeASCIIInt-EraseBytes-
#3091	REDUCE cov: 123 ft: 520 corp: 66/11857b lim: 333 exec/s: 0 rss: 29Mb L: 1/333 MS: 1 EraseBytes-
#3126	NEW    cov: 123 ft: 521 corp: 67/12003b lim: 333 exec/s: 0 rss: 29Mb L: 146/333 MS: 5 EraseBytes-CopyPart-ChangeByte-PersAutoDict-CrossOver- DE: "\021\000\000\000\000\000\000\000"-
#3178	NEW    cov: 123 ft: 522 corp: 68/12330b lim: 333 exec/s: 0 rss: 29Mb L: 327/333 MS: 2 CMP-PersAutoDict- DE: "`rid"-"edts"-
#3193	REDUCE cov: 123 ft: 522 corp: 68/12315b lim: 333 exec/s: 0 rss: 29Mb L: 312/333 MS: 5 CrossOver-ChangeByte-ShuffleBytes-PersAutoDict-EraseBytes- DE: "\377\377\377\037"-
#3235	REDUCE cov: 123 ft: 522 corp: 68/12310b lim: 333 exec/s: 0 rss: 29Mb L: 94/333 MS: 2 ChangeASCIIInt-EraseBytes-
#3247	REDUCE cov: 123 ft: 522 corp: 68/12303b lim: 333 exec/s: 0 rss: 29Mb L: 286/333 MS: 2 ChangeByte-EraseBytes-
#3269	REDUCE cov: 123 ft: 522 corp: 68/12297b lim: 333 exec/s: 0 rss: 29Mb L: 91/333 MS: 2 CopyPart-EraseBytes-
#3341	REDUCE cov: 123 ft: 522 corp: 68/12295b lim: 333 exec/s: 0 rss: 29Mb L: 35/333 MS: 2 EraseBytes-CopyPart-
#3367	REDUCE cov: 123 ft: 522 corp: 68/12275b lim: 333 exec/s: 0 rss: 29Mb L: 287/333 MS: 1 EraseBytes-
#3475	NEW    cov: 123 ft: 523 corp: 69/12575b lim: 333 exec/s: 0 rss: 29Mb L: 300/333 MS: 3 CMP-ChangeByte-CopyPart- DE: "!\000"-
#3688	REDUCE cov: 124 ft: 525 corp: 70/12794b lim: 333 exec/s: 0 rss: 29Mb L: 219/333 MS: 3 EraseBytes-PersAutoDict-CMP- DE: "stbl"-"avcC"-
#3718	REDUCE cov: 124 ft: 525 corp: 70/12768b lim: 333 exec/s: 0 rss: 29Mb L: 150/333 MS: 5 PersAutoDict-CopyPart-ShuffleBytes-ShuffleBytes-EraseBytes- DE: "edts"-
#3831	REDUCE cov: 124 ft: 525 corp: 70/12720b lim: 333 exec/s: 0 rss: 29Mb L: 60/333 MS: 3 ChangeASCIIInt-PersAutoDict-EraseBytes- DE: "h&\316\034r_\000\000"-
==69678== ERROR: libFuzzer: out-of-memory (used: 2151Mb; limit: 1024Mb)
   To change the out-of-memory limit use -rss_limit_mb=<N>

MS: 1 CopyPart-; base unit: 9721e5cb32706f350b6bb1a27a95f4ab350d919b
artifact_prefix='/results/crashes/20260313_144552_07c32abd_'; Test unit written to /results/crashes/20260313_144552_07c32abd_oom-4ec42bc8c0e5a557a8b96671675e4b2dfe6526b6
SUMMARY: libFuzzer: out-of-memory
stat::number_of_executed_units: 3862
stat::average_exec_per_sec:     1931
stat::new_units_added:          103
stat::slowest_unit_time_sec:    0
stat::peak_rss_mb:              2152
