INFO: Running with entropic power schedule (0xFF, 100).
INFO: Seed: 828582627
INFO: Loaded 1 modules   (252 inline 8-bit counters): 252 [0x5585041dd678, 0x5585041dd774), 
INFO: Loaded 1 PC tables (252 PCs): 252 [0x5585041dd778,0x5585041de738), 
INFO:        4 files found in /tmp/corpus_20260313_153547_61275ce3
INFO: seed corpus: files: 4 min: 48b max: 333b total: 853b rss: 28Mb
#5	INITED cov: 118 ft: 252 corp: 4/853b exec/s: 0 rss: 29Mb
#6	NEW    cov: 118 ft: 278 corp: 5/902b lim: 333 exec/s: 0 rss: 29Mb L: 49/333 MS: 1 InsertByte-
#7	NEW    cov: 118 ft: 288 corp: 6/1162b lim: 333 exec/s: 0 rss: 29Mb L: 260/333 MS: 1 InsertRepeatedBytes-
#8	NEW    cov: 118 ft: 304 corp: 7/1257b lim: 333 exec/s: 0 rss: 29Mb L: 95/333 MS: 1 CopyPart-
#11	NEW    cov: 119 ft: 321 corp: 8/1521b lim: 333 exec/s: 0 rss: 29Mb L: 264/333 MS: 3 CMP-CopyPart-CMP- DE: "\000\000\000\020"-"mvex"-
#16	NEW    cov: 119 ft: 322 corp: 9/1648b lim: 333 exec/s: 0 rss: 29Mb L: 127/333 MS: 5 ShuffleBytes-CrossOver-ChangeByte-CMP-InsertRepeatedBytes- DE: "urn "-
#18	NEW    cov: 119 ft: 324 corp: 10/1970b lim: 333 exec/s: 0 rss: 29Mb L: 322/333 MS: 2 CopyPart-InsertRepeatedBytes-
#20	NEW    cov: 119 ft: 347 corp: 11/1998b lim: 333 exec/s: 0 rss: 29Mb L: 28/333 MS: 2 CMP-EraseBytes- DE: "urn "-
#21	NEW    cov: 120 ft: 348 corp: 12/2093b lim: 333 exec/s: 0 rss: 29Mb L: 95/333 MS: 1 ChangeByte-
#23	NEW    cov: 120 ft: 354 corp: 13/2312b lim: 333 exec/s: 0 rss: 29Mb L: 219/333 MS: 2 CrossOver-EraseBytes-
#30	NEW    cov: 120 ft: 359 corp: 14/2540b lim: 333 exec/s: 0 rss: 29Mb L: 228/333 MS: 2 ChangeBinInt-CMP- DE: "<\017\350\006\205U\000\000"-
#31	NEW    cov: 120 ft: 360 corp: 15/2694b lim: 333 exec/s: 0 rss: 29Mb L: 154/333 MS: 1 InsertRepeatedBytes-
#32	NEW    cov: 120 ft: 385 corp: 16/2743b lim: 333 exec/s: 0 rss: 29Mb L: 49/333 MS: 1 ChangeByte-
#36	NEW    cov: 121 ft: 387 corp: 17/3049b lim: 333 exec/s: 0 rss: 29Mb L: 306/333 MS: 4 InsertRepeatedBytes-ChangeBinInt-InsertRepeatedBytes-InsertByte-
#37	NEW    cov: 121 ft: 388 corp: 18/3171b lim: 333 exec/s: 0 rss: 29Mb L: 122/333 MS: 1 EraseBytes-
#40	NEW    cov: 121 ft: 397 corp: 19/3195b lim: 333 exec/s: 0 rss: 29Mb L: 24/333 MS: 3 CrossOver-ChangeBinInt-CopyPart-
#43	NEW    cov: 121 ft: 398 corp: 20/3277b lim: 333 exec/s: 0 rss: 29Mb L: 82/333 MS: 3 ShuffleBytes-ShuffleBytes-InsertRepeatedBytes-
#44	NEW    cov: 121 ft: 399 corp: 21/3402b lim: 333 exec/s: 0 rss: 29Mb L: 125/333 MS: 1 EraseBytes-
#45	NEW    cov: 121 ft: 400 corp: 22/3497b lim: 333 exec/s: 0 rss: 29Mb L: 95/333 MS: 1 ShuffleBytes-
#46	REDUCE cov: 121 ft: 400 corp: 22/3442b lim: 333 exec/s: 0 rss: 29Mb L: 267/333 MS: 1 EraseBytes-
#47	NEW    cov: 121 ft: 401 corp: 23/3698b lim: 333 exec/s: 0 rss: 29Mb L: 256/333 MS: 1 CMP- DE: "stbl"-
#52	NEW    cov: 121 ft: 402 corp: 24/3834b lim: 333 exec/s: 0 rss: 29Mb L: 136/333 MS: 5 InsertByte-PersAutoDict-ChangeBit-PersAutoDict-CopyPart- DE: "stbl"-"mvex"-
#62	NEW    cov: 121 ft: 409 corp: 25/3866b lim: 333 exec/s: 0 rss: 29Mb L: 32/333 MS: 5 InsertRepeatedBytes-InsertByte-ChangeBinInt-CrossOver-CrossOver-
#73	NEW    cov: 121 ft: 411 corp: 26/4019b lim: 333 exec/s: 0 rss: 29Mb L: 153/333 MS: 1 CopyPart-
#83	NEW    cov: 121 ft: 415 corp: 27/4302b lim: 333 exec/s: 0 rss: 29Mb L: 283/333 MS: 5 InsertByte-InsertRepeatedBytes-ShuffleBytes-CopyPart-InsertRepeatedBytes-
#95	NEW    cov: 121 ft: 416 corp: 28/4560b lim: 333 exec/s: 0 rss: 29Mb L: 258/333 MS: 2 InsertRepeatedBytes-PersAutoDict- DE: "<\017\350\006\205U\000\000"-
#103	NEW    cov: 122 ft: 417 corp: 29/4883b lim: 333 exec/s: 0 rss: 29Mb L: 323/333 MS: 3 ChangeByte-CopyPart-CopyPart-
#108	REDUCE cov: 122 ft: 417 corp: 29/4826b lim: 333 exec/s: 0 rss: 29Mb L: 266/333 MS: 5 ChangeBinInt-ChangeBit-ChangeBit-ChangeBit-EraseBytes-
#132	NEW    cov: 122 ft: 418 corp: 30/4887b lim: 333 exec/s: 0 rss: 29Mb L: 61/333 MS: 4 CopyPart-ChangeBit-ShuffleBytes-CrossOver-
#136	NEW    cov: 122 ft: 419 corp: 31/5018b lim: 333 exec/s: 0 rss: 29Mb L: 131/333 MS: 4 ChangeBinInt-CopyPart-EraseBytes-CMP- DE: "\001\000U\205\006\350.\300"-
#148	NEW    cov: 122 ft: 420 corp: 32/5105b lim: 333 exec/s: 0 rss: 29Mb L: 87/333 MS: 2 ShuffleBytes-EraseBytes-
#153	NEW    cov: 122 ft: 421 corp: 33/5184b lim: 333 exec/s: 0 rss: 29Mb L: 79/333 MS: 5 CopyPart-ChangeBit-EraseBytes-ShuffleBytes-InsertByte-
#222	NEW    cov: 122 ft: 422 corp: 34/5457b lim: 333 exec/s: 0 rss: 29Mb L: 273/333 MS: 4 CrossOver-InsertByte-ChangeBit-PersAutoDict- DE: "mvex"-
#235	NEW    cov: 122 ft: 424 corp: 35/5675b lim: 333 exec/s: 0 rss: 29Mb L: 218/333 MS: 3 InsertRepeatedBytes-CrossOver-ChangeByte-
#245	NEW    cov: 122 ft: 437 corp: 36/5686b lim: 333 exec/s: 0 rss: 29Mb L: 11/333 MS: 5 PersAutoDict-InsertByte-ChangeBinInt-ShuffleBytes-CrossOver- DE: "\001\000U\205\006\350.\300"-
#275	NEW    cov: 122 ft: 438 corp: 37/5747b lim: 333 exec/s: 0 rss: 29Mb L: 61/333 MS: 5 ChangeByte-ChangeASCIIInt-ChangeBinInt-InsertByte-CrossOver-
#302	REDUCE cov: 122 ft: 438 corp: 37/5745b lim: 333 exec/s: 0 rss: 29Mb L: 9/333 MS: 2 InsertByte-EraseBytes-
#305	REDUCE cov: 123 ft: 439 corp: 38/5891b lim: 333 exec/s: 0 rss: 29Mb L: 146/333 MS: 3 EraseBytes-ShuffleBytes-CrossOver-
#312	NEW    cov: 123 ft: 444 corp: 39/6182b lim: 333 exec/s: 0 rss: 29Mb L: 291/333 MS: 2 ChangeBinInt-CMP- DE: "\002\000\000\000\001\000\000\000"-
#313	NEW    cov: 123 ft: 447 corp: 40/6339b lim: 333 exec/s: 0 rss: 29Mb L: 157/333 MS: 1 CrossOver-
#342	REDUCE cov: 123 ft: 448 corp: 41/6517b lim: 333 exec/s: 0 rss: 29Mb L: 178/333 MS: 4 InsertByte-EraseBytes-ChangeASCIIInt-PersAutoDict- DE: "urn "-
#352	NEW    cov: 123 ft: 449 corp: 42/6804b lim: 333 exec/s: 0 rss: 29Mb L: 287/333 MS: 5 ChangeByte-InsertRepeatedBytes-ChangeByte-ChangeByte-InsertByte-
#367	NEW    cov: 123 ft: 455 corp: 43/7137b lim: 333 exec/s: 0 rss: 29Mb L: 333/333 MS: 5 ChangeBit-PersAutoDict-InsertByte-ChangeByte-InsertRepeatedBytes- DE: "\001\000U\205\006\350.\300"-
#403	NEW    cov: 123 ft: 459 corp: 44/7462b lim: 333 exec/s: 0 rss: 29Mb L: 325/333 MS: 1 CopyPart-
#409	NEW    cov: 123 ft: 467 corp: 45/7593b lim: 333 exec/s: 0 rss: 29Mb L: 131/333 MS: 1 EraseBytes-
#411	REDUCE cov: 123 ft: 469 corp: 46/7601b lim: 333 exec/s: 0 rss: 29Mb L: 8/333 MS: 2 ShuffleBytes-EraseBytes-
#423	NEW    cov: 123 ft: 471 corp: 47/7933b lim: 333 exec/s: 0 rss: 29Mb L: 332/333 MS: 2 ChangeByte-InsertRepeatedBytes-
#472	NEW    cov: 123 ft: 472 corp: 48/8069b lim: 333 exec/s: 0 rss: 29Mb L: 136/333 MS: 4 ShuffleBytes-ChangeBinInt-ShuffleBytes-ChangeBinInt-
#483	NEW    cov: 123 ft: 480 corp: 49/8085b lim: 333 exec/s: 0 rss: 29Mb L: 16/333 MS: 1 CMP- DE: "\003\000\000\000\001\000\000\000"-
#494	REDUCE cov: 123 ft: 480 corp: 49/8068b lim: 333 exec/s: 0 rss: 29Mb L: 44/333 MS: 1 EraseBytes-
#508	NEW    cov: 123 ft: 481 corp: 50/8094b lim: 333 exec/s: 0 rss: 29Mb L: 26/333 MS: 4 InsertByte-EraseBytes-InsertByte-EraseBytes-
#538	NEW    cov: 123 ft: 482 corp: 51/8400b lim: 333 exec/s: 0 rss: 29Mb L: 306/333 MS: 5 CopyPart-CopyPart-InsertRepeatedBytes-EraseBytes-InsertRepeatedBytes-
#543	REDUCE cov: 123 ft: 482 corp: 51/8386b lim: 333 exec/s: 0 rss: 29Mb L: 205/333 MS: 5 InsertByte-ChangeBit-ChangeASCIIInt-ShuffleBytes-EraseBytes-
#569	REDUCE cov: 123 ft: 482 corp: 51/8333b lim: 333 exec/s: 0 rss: 29Mb L: 83/333 MS: 1 EraseBytes-
#576	NEW    cov: 123 ft: 484 corp: 52/8666b lim: 333 exec/s: 0 rss: 29Mb L: 333/333 MS: 2 ChangeByte-ChangeBit-
#633	NEW    cov: 123 ft: 488 corp: 53/8999b lim: 333 exec/s: 0 rss: 29Mb L: 333/333 MS: 2 PersAutoDict-ChangeByte- DE: "\000\000\000\020"-
#643	NEW    cov: 123 ft: 489 corp: 54/9174b lim: 333 exec/s: 0 rss: 29Mb L: 175/333 MS: 5 ShuffleBytes-CopyPart-ChangeASCIIInt-ShuffleBytes-InsertByte-
#671	REDUCE cov: 123 ft: 489 corp: 54/9170b lim: 333 exec/s: 0 rss: 29Mb L: 45/333 MS: 3 EraseBytes-CMP-CopyPart- DE: "hvcC"-
#707	REDUCE cov: 124 ft: 490 corp: 55/9176b lim: 333 exec/s: 0 rss: 29Mb L: 6/333 MS: 1 EraseBytes-
#717	REDUCE cov: 124 ft: 490 corp: 55/9158b lim: 333 exec/s: 0 rss: 29Mb L: 265/333 MS: 5 ChangeBit-InsertRepeatedBytes-CMP-CopyPart-EraseBytes- DE: "\001\001"-
#794	REDUCE cov: 124 ft: 490 corp: 55/9142b lim: 333 exec/s: 0 rss: 29Mb L: 317/333 MS: 2 PersAutoDict-EraseBytes- DE: "\002\000\000\000\001\000\000\000"-
#801	REDUCE cov: 124 ft: 490 corp: 55/9140b lim: 333 exec/s: 0 rss: 29Mb L: 315/333 MS: 2 InsertRepeatedBytes-EraseBytes-
#842	REDUCE cov: 124 ft: 490 corp: 55/9135b lim: 333 exec/s: 0 rss: 29Mb L: 310/333 MS: 1 EraseBytes-
#861	NEW    cov: 124 ft: 491 corp: 56/9352b lim: 333 exec/s: 0 rss: 29Mb L: 217/333 MS: 4 InsertByte-EraseBytes-ChangeBinInt-CrossOver-
#943	NEW    cov: 124 ft: 492 corp: 57/9677b lim: 333 exec/s: 0 rss: 29Mb L: 325/333 MS: 2 ChangeASCIIInt-ChangeByte-
#963	REDUCE cov: 124 ft: 492 corp: 57/9609b lim: 333 exec/s: 0 rss: 29Mb L: 190/333 MS: 5 CMP-CrossOver-ChangeASCIIInt-PersAutoDict-ChangeBinInt- DE: "\000\000\000\000\000\000\0014"-"\002\000\000\000\001\000\000\000"-
#1073	NEW    cov: 124 ft: 493 corp: 58/9942b lim: 333 exec/s: 0 rss: 29Mb L: 333/333 MS: 5 ChangeByte-PersAutoDict-CMP-ChangeBinInt-PersAutoDict- DE: "\003\000\000\000\001\000\000\000"-"\377\030"-"\000\000\000\000\000\000\0014"-
#1263	REDUCE cov: 124 ft: 493 corp: 58/9917b lim: 333 exec/s: 0 rss: 29Mb L: 54/333 MS: 5 ChangeBinInt-ChangeBinInt-ShuffleBytes-ChangeBinInt-EraseBytes-
#1272	REDUCE cov: 124 ft: 493 corp: 58/9894b lim: 333 exec/s: 0 rss: 29Mb L: 182/333 MS: 4 InsertByte-ChangeBinInt-PersAutoDict-EraseBytes- DE: "\001\001"-
#1461	REDUCE cov: 124 ft: 493 corp: 58/9834b lim: 333 exec/s: 0 rss: 29Mb L: 168/333 MS: 4 ChangeBinInt-CMP-PersAutoDict-EraseBytes- DE: "edts"-"\377\030"-
#1507	REDUCE cov: 124 ft: 493 corp: 58/9741b lim: 333 exec/s: 0 rss: 29Mb L: 124/333 MS: 1 EraseBytes-
#1641	REDUCE cov: 124 ft: 493 corp: 58/9729b lim: 333 exec/s: 0 rss: 29Mb L: 83/333 MS: 4 ShuffleBytes-ChangeBit-EraseBytes-ChangeBinInt-
#1703	REDUCE cov: 124 ft: 493 corp: 58/9678b lim: 333 exec/s: 0 rss: 29Mb L: 32/333 MS: 2 PersAutoDict-CrossOver- DE: "hvcC"-
#1741	REDUCE cov: 124 ft: 493 corp: 58/9666b lim: 333 exec/s: 0 rss: 29Mb L: 20/333 MS: 3 CMP-ChangeBinInt-EraseBytes- DE: "\014\000"-
#1861	REDUCE cov: 124 ft: 498 corp: 59/9795b lim: 333 exec/s: 0 rss: 29Mb L: 129/333 MS: 5 PersAutoDict-ShuffleBytes-InsertByte-ChangeBit-CopyPart- DE: "edts"-
#1882	REDUCE cov: 124 ft: 498 corp: 59/9791b lim: 333 exec/s: 0 rss: 29Mb L: 20/333 MS: 1 EraseBytes-
#1925	REDUCE cov: 124 ft: 498 corp: 59/9763b lim: 333 exec/s: 0 rss: 29Mb L: 140/333 MS: 3 CMP-PersAutoDict-EraseBytes- DE: "\220\373\352\006\205U\000\000"-"\000\000\000\000\000\000\0014"-
#1966	REDUCE cov: 124 ft: 498 corp: 59/9754b lim: 333 exec/s: 0 rss: 29Mb L: 116/333 MS: 1 EraseBytes-
#2020	REDUCE cov: 124 ft: 498 corp: 59/9753b lim: 333 exec/s: 0 rss: 29Mb L: 43/333 MS: 4 ChangeByte-EraseBytes-CMP-CMP- DE: "\000\000U\205\006\353)\202"-"+\000\000\000\000\000\000\000"-
#2156	REDUCE cov: 124 ft: 498 corp: 59/9708b lim: 333 exec/s: 0 rss: 29Mb L: 261/333 MS: 1 EraseBytes-
#2204	REDUCE cov: 124 ft: 499 corp: 60/9975b lim: 333 exec/s: 0 rss: 29Mb L: 267/333 MS: 3 InsertByte-ChangeBinInt-EraseBytes-
#2343	REDUCE cov: 124 ft: 499 corp: 60/9967b lim: 333 exec/s: 0 rss: 29Mb L: 265/333 MS: 4 InsertByte-ChangeBit-CrossOver-EraseBytes-
#2446	NEW    cov: 124 ft: 501 corp: 61/10101b lim: 333 exec/s: 0 rss: 29Mb L: 134/333 MS: 3 EraseBytes-InsertByte-CMP- DE: "mdat"-
#2449	REDUCE cov: 124 ft: 501 corp: 61/10098b lim: 333 exec/s: 0 rss: 29Mb L: 113/333 MS: 3 ChangeBit-ShuffleBytes-EraseBytes-
#2524	REDUCE cov: 124 ft: 502 corp: 62/10418b lim: 333 exec/s: 0 rss: 29Mb L: 320/333 MS: 5 CMP-CMP-ShuffleBytes-PersAutoDict-CrossOver- DE: "\236>\000|&w\000\000"-"schm"-"mdat"-
#2628	NEW    cov: 124 ft: 503 corp: 63/10664b lim: 333 exec/s: 0 rss: 29Mb L: 246/333 MS: 4 ShuffleBytes-ShuffleBytes-CrossOver-EraseBytes-
#2654	REDUCE cov: 124 ft: 503 corp: 63/10484b lim: 333 exec/s: 0 rss: 29Mb L: 66/333 MS: 1 CrossOver-
#2791	REDUCE cov: 124 ft: 503 corp: 63/10468b lim: 333 exec/s: 0 rss: 29Mb L: 97/333 MS: 2 ShuffleBytes-EraseBytes-
#2818	REDUCE cov: 124 ft: 503 corp: 63/10467b lim: 333 exec/s: 0 rss: 29Mb L: 19/333 MS: 2 EraseBytes-PersAutoDict- DE: "\377\030"-
#2834	REDUCE cov: 124 ft: 503 corp: 63/10417b lim: 333 exec/s: 0 rss: 29Mb L: 79/333 MS: 1 EraseBytes-
#2920	REDUCE cov: 124 ft: 503 corp: 63/10367b lim: 333 exec/s: 0 rss: 29Mb L: 81/333 MS: 1 EraseBytes-
#2990	REDUCE cov: 124 ft: 503 corp: 63/10347b lim: 333 exec/s: 0 rss: 29Mb L: 59/333 MS: 5 ChangeBit-PersAutoDict-ChangeBit-CopyPart-EraseBytes- DE: "+\000\000\000\000\000\000\000"-
#3039	REDUCE cov: 124 ft: 503 corp: 63/10342b lim: 333 exec/s: 0 rss: 29Mb L: 14/333 MS: 4 PersAutoDict-ChangeBinInt-PersAutoDict-EraseBytes- DE: "\220\373\352\006\205U\000\000"-"\000\000\000\000\000\000\0014"-
#3081	REDUCE cov: 124 ft: 503 corp: 63/10341b lim: 333 exec/s: 0 rss: 29Mb L: 13/333 MS: 2 CMP-EraseBytes- DE: "mdia"-
#3214	REDUCE cov: 124 ft: 503 corp: 63/10322b lim: 333 exec/s: 0 rss: 29Mb L: 26/333 MS: 3 ChangeBinInt-ChangeASCIIInt-EraseBytes-
#3235	REDUCE cov: 124 ft: 503 corp: 63/10273b lim: 333 exec/s: 0 rss: 29Mb L: 91/333 MS: 1 EraseBytes-
#3333	REDUCE cov: 124 ft: 503 corp: 63/10242b lim: 333 exec/s: 0 rss: 29Mb L: 93/333 MS: 3 CrossOver-ChangeASCIIInt-CrossOver-
#3364	REDUCE cov: 124 ft: 503 corp: 63/10233b lim: 333 exec/s: 0 rss: 29Mb L: 57/333 MS: 1 EraseBytes-
#3420	REDUCE cov: 124 ft: 503 corp: 63/10206b lim: 333 exec/s: 0 rss: 29Mb L: 54/333 MS: 1 CrossOver-
#3514	REDUCE cov: 124 ft: 503 corp: 63/10186b lim: 333 exec/s: 0 rss: 29Mb L: 39/333 MS: 4 ChangeASCIIInt-InsertByte-ChangeASCIIInt-EraseBytes-
#3623	REDUCE cov: 124 ft: 503 corp: 63/10157b lim: 333 exec/s: 0 rss: 29Mb L: 105/333 MS: 4 ChangeBinInt-ChangeBit-ChangeASCIIInt-EraseBytes-
#3674	REDUCE cov: 124 ft: 503 corp: 63/10111b lim: 333 exec/s: 0 rss: 29Mb L: 59/333 MS: 1 EraseBytes-
#3696	REDUCE cov: 124 ft: 503 corp: 63/10110b lim: 333 exec/s: 0 rss: 29Mb L: 309/333 MS: 2 CrossOver-EraseBytes-
#3704	REDUCE cov: 124 ft: 503 corp: 63/10107b lim: 333 exec/s: 0 rss: 29Mb L: 10/333 MS: 3 ChangeBinInt-ChangeByte-EraseBytes-
#3871	NEW    cov: 124 ft: 506 corp: 64/10436b lim: 333 exec/s: 0 rss: 29Mb L: 329/333 MS: 2 CMP-CMP- DE: "ipma"-"ipro"-
#3969	REDUCE cov: 124 ft: 506 corp: 64/10435b lim: 333 exec/s: 0 rss: 29Mb L: 60/333 MS: 3 CMP-InsertByte-EraseBytes- DE: "\030;d\377"-
#4007	REDUCE cov: 124 ft: 506 corp: 64/10381b lim: 333 exec/s: 0 rss: 29Mb L: 128/333 MS: 3 ChangeBinInt-ChangeByte-EraseBytes-
#4012	REDUCE cov: 124 ft: 506 corp: 64/10380b lim: 333 exec/s: 0 rss: 29Mb L: 81/333 MS: 5 PersAutoDict-ChangeByte-ChangeBit-EraseBytes-InsertByte- DE: "\377\030"-
#4167	REDUCE cov: 124 ft: 506 corp: 64/10235b lim: 333 exec/s: 0 rss: 29Mb L: 120/333 MS: 5 CrossOver-CopyPart-EraseBytes-CrossOver-PersAutoDict- DE: "\000\000\000\020"-
#4233	REDUCE cov: 124 ft: 506 corp: 64/10232b lim: 333 exec/s: 0 rss: 29Mb L: 3/333 MS: 1 EraseBytes-
#4544	REDUCE cov: 124 ft: 506 corp: 64/10104b lim: 333 exec/s: 0 rss: 29Mb L: 132/333 MS: 1 EraseBytes-
#4785	REDUCE cov: 124 ft: 506 corp: 64/10034b lim: 333 exec/s: 0 rss: 29Mb L: 262/333 MS: 1 EraseBytes-
#4901	REDUCE cov: 124 ft: 506 corp: 64/10013b lim: 333 exec/s: 0 rss: 29Mb L: 70/333 MS: 1 EraseBytes-
#4906	REDUCE cov: 124 ft: 506 corp: 64/9991b lim: 333 exec/s: 0 rss: 29Mb L: 168/333 MS: 5 ChangeByte-ShuffleBytes-InsertRepeatedBytes-ChangeBit-EraseBytes-
#4955	REDUCE cov: 124 ft: 506 corp: 64/9989b lim: 333 exec/s: 0 rss: 29Mb L: 41/333 MS: 4 EraseBytes-ShuffleBytes-ChangeBinInt-InsertByte-
#4987	REDUCE cov: 124 ft: 506 corp: 64/9983b lim: 333 exec/s: 0 rss: 29Mb L: 162/333 MS: 2 ShuffleBytes-EraseBytes-
#5003	REDUCE cov: 124 ft: 506 corp: 64/9982b lim: 333 exec/s: 0 rss: 29Mb L: 9/333 MS: 1 EraseBytes-
#5061	REDUCE cov: 124 ft: 506 corp: 64/9962b lim: 333 exec/s: 0 rss: 29Mb L: 40/333 MS: 3 EraseBytes-ChangeBinInt-PersAutoDict- DE: "\000\000U\205\006\353)\202"-
#5242	REDUCE cov: 124 ft: 506 corp: 64/9953b lim: 333 exec/s: 0 rss: 29Mb L: 88/333 MS: 1 EraseBytes-
#5324	REDUCE cov: 124 ft: 506 corp: 64/9923b lim: 333 exec/s: 5324 rss: 29Mb L: 65/333 MS: 2 ShuffleBytes-EraseBytes-
#5364	REDUCE cov: 124 ft: 506 corp: 64/9922b lim: 333 exec/s: 5364 rss: 29Mb L: 135/333 MS: 5 PersAutoDict-ChangeBit-CrossOver-InsertByte-InsertRepeatedBytes- DE: "\000\000U\205\006\353)\202"-
#5673	REDUCE cov: 124 ft: 506 corp: 64/9918b lim: 333 exec/s: 5673 rss: 29Mb L: 16/333 MS: 4 CMP-InsertByte-ChangeASCIIInt-EraseBytes- DE: "XE\001|&w\000\000"-
#5695	REDUCE cov: 124 ft: 506 corp: 64/9916b lim: 333 exec/s: 5695 rss: 29Mb L: 120/333 MS: 2 ChangeBit-EraseBytes-
#5708	REDUCE cov: 124 ft: 506 corp: 64/9909b lim: 333 exec/s: 5708 rss: 29Mb L: 19/333 MS: 3 ChangeASCIIInt-ChangeBinInt-EraseBytes-
#5774	REDUCE cov: 124 ft: 506 corp: 64/9904b lim: 333 exec/s: 5774 rss: 29Mb L: 65/333 MS: 1 EraseBytes-
#5990	REDUCE cov: 124 ft: 506 corp: 64/9903b lim: 333 exec/s: 5990 rss: 29Mb L: 266/333 MS: 1 EraseBytes-
#6053	REDUCE cov: 124 ft: 506 corp: 64/9837b lim: 333 exec/s: 6053 rss: 29Mb L: 201/333 MS: 3 ShuffleBytes-EraseBytes-CrossOver-
#6100	REDUCE cov: 124 ft: 511 corp: 65/10099b lim: 333 exec/s: 6100 rss: 29Mb L: 262/333 MS: 2 ChangeBinInt-ShuffleBytes-
#6166	REDUCE cov: 124 ft: 511 corp: 65/10096b lim: 333 exec/s: 6166 rss: 29Mb L: 262/333 MS: 1 EraseBytes-
#6291	REDUCE cov: 124 ft: 511 corp: 65/10095b lim: 333 exec/s: 6291 rss: 29Mb L: 27/333 MS: 5 PersAutoDict-PersAutoDict-EraseBytes-EraseBytes-CMP- DE: "XE\001|&w\000\000"-"\002\000\000\000\001\000\000\000"-"dinf"-
#6297	REDUCE cov: 124 ft: 511 corp: 65/10093b lim: 333 exec/s: 6297 rss: 29Mb L: 38/333 MS: 1 EraseBytes-
#6311	REDUCE cov: 124 ft: 511 corp: 65/10092b lim: 333 exec/s: 6311 rss: 29Mb L: 2/333 MS: 4 ChangeByte-ChangeByte-ChangeBit-EraseBytes-
#6349	REDUCE cov: 124 ft: 511 corp: 65/10088b lim: 333 exec/s: 6349 rss: 29Mb L: 34/333 MS: 3 EraseBytes-CopyPart-CMP- DE: "\000\005"-
#6377	REDUCE cov: 124 ft: 511 corp: 65/10083b lim: 333 exec/s: 6377 rss: 29Mb L: 83/333 MS: 3 ChangeASCIIInt-EraseBytes-CMP- DE: "ipma"-
#6397	NEW    cov: 124 ft: 512 corp: 66/10367b lim: 333 exec/s: 6397 rss: 29Mb L: 284/333 MS: 5 PersAutoDict-InsertRepeatedBytes-ChangeBit-CMP-CMP- DE: "\000\005"-"o\251qq"-"urn "-
#6474	REDUCE cov: 124 ft: 512 corp: 66/10366b lim: 333 exec/s: 6474 rss: 29Mb L: 1/333 MS: 2 CrossOver-EraseBytes-
#6566	REDUCE cov: 124 ft: 512 corp: 66/10365b lim: 333 exec/s: 6566 rss: 29Mb L: 8/333 MS: 2 EraseBytes-InsertByte-
#6759	REDUCE cov: 124 ft: 512 corp: 66/10359b lim: 333 exec/s: 6759 rss: 29Mb L: 285/333 MS: 3 ChangeByte-InsertByte-EraseBytes-
#6877	REDUCE cov: 124 ft: 512 corp: 66/10313b lim: 333 exec/s: 6877 rss: 29Mb L: 274/333 MS: 3 ChangeBit-ShuffleBytes-EraseBytes-
#7054	REDUCE cov: 124 ft: 512 corp: 66/10287b lim: 333 exec/s: 7054 rss: 29Mb L: 226/333 MS: 2 EraseBytes-CrossOver-
#7143	REDUCE cov: 124 ft: 512 corp: 66/10280b lim: 333 exec/s: 7143 rss: 29Mb L: 52/333 MS: 4 PersAutoDict-PersAutoDict-ChangeByte-EraseBytes- DE: "\000\000U\205\006\353)\202"-"o\251qq"-
#7360	REDUCE cov: 124 ft: 512 corp: 66/10265b lim: 333 exec/s: 7360 rss: 29Mb L: 37/333 MS: 2 ChangeBinInt-CrossOver-
#7378	REDUCE cov: 124 ft: 512 corp: 66/10250b lim: 333 exec/s: 7378 rss: 29Mb L: 22/333 MS: 3 ChangeASCIIInt-CopyPart-EraseBytes-
#7415	REDUCE cov: 124 ft: 512 corp: 66/10192b lim: 333 exec/s: 7415 rss: 29Mb L: 25/333 MS: 2 InsertByte-CrossOver-
#7554	REDUCE cov: 124 ft: 512 corp: 66/10188b lim: 333 exec/s: 7554 rss: 29Mb L: 50/333 MS: 4 ChangeBit-ShuffleBytes-ShuffleBytes-EraseBytes-
#7560	REDUCE cov: 124 ft: 512 corp: 66/10187b lim: 333 exec/s: 7560 rss: 29Mb L: 305/333 MS: 1 EraseBytes-
#7583	REDUCE cov: 124 ft: 513 corp: 67/10503b lim: 333 exec/s: 7583 rss: 29Mb L: 316/333 MS: 3 CrossOver-CopyPart-CopyPart-
#7984	REDUCE cov: 124 ft: 513 corp: 67/10494b lim: 333 exec/s: 7984 rss: 29Mb L: 10/333 MS: 1 EraseBytes-
#8109	REDUCE cov: 124 ft: 513 corp: 67/10446b lim: 333 exec/s: 8109 rss: 29Mb L: 127/333 MS: 5 ChangeBit-InsertByte-CMP-ShuffleBytes-EraseBytes- DE: "som\000"-
#8169	REDUCE cov: 124 ft: 513 corp: 67/10445b lim: 333 exec/s: 8169 rss: 29Mb L: 177/333 MS: 5 ChangeByte-CrossOver-ChangeByte-EraseBytes-CrossOver-
#8491	REDUCE cov: 124 ft: 513 corp: 67/10443b lim: 333 exec/s: 8491 rss: 29Mb L: 25/333 MS: 2 ChangeBinInt-EraseBytes-
#8617	REDUCE cov: 124 ft: 513 corp: 67/10432b lim: 333 exec/s: 8617 rss: 29Mb L: 250/333 MS: 1 EraseBytes-
#9683	REDUCE cov: 124 ft: 513 corp: 67/10426b lim: 341 exec/s: 9683 rss: 29Mb L: 220/333 MS: 1 EraseBytes-
#9757	REDUCE cov: 124 ft: 513 corp: 67/10410b lim: 341 exec/s: 9757 rss: 29Mb L: 300/333 MS: 4 ChangeByte-ChangeBinInt-ChangeByte-EraseBytes-
#10133	NEW    cov: 124 ft: 514 corp: 68/10751b lim: 341 exec/s: 10133 rss: 29Mb L: 341/341 MS: 1 InsertRepeatedBytes-
#10237	NEW    cov: 124 ft: 520 corp: 69/11092b lim: 341 exec/s: 10237 rss: 29Mb L: 341/341 MS: 4 ShuffleBytes-ChangeBinInt-ShuffleBytes-CopyPart-
#10428	NEW    cov: 124 ft: 521 corp: 70/11433b lim: 341 exec/s: 10428 rss: 29Mb L: 341/341 MS: 1 CrossOver-
#10565	NEW    cov: 124 ft: 522 corp: 71/11758b lim: 341 exec/s: 10565 rss: 29Mb L: 325/341 MS: 2 ChangeBit-PersAutoDict- DE: "\002\000\000\000\001\000\000\000"-
#10695	REDUCE cov: 124 ft: 522 corp: 71/11752b lim: 341 exec/s: 10695 rss: 29Mb L: 212/341 MS: 5 InsertByte-ChangeByte-ShuffleBytes-EraseBytes-InsertRepeatedBytes-
#10833	REDUCE cov: 124 ft: 522 corp: 71/11736b lim: 341 exec/s: 10833 rss: 29Mb L: 104/341 MS: 3 ChangeBinInt-EraseBytes-InsertByte-
==230072== ERROR: libFuzzer: out-of-memory (used: 1661Mb; limit: 1024Mb)
   To change the out-of-memory limit use -rss_limit_mb=<N>

MS: 1 EraseBytes-; base unit: 52869df3c647ff8c43e2792428cf4405b17a91b3
artifact_prefix='/results/crashes/20260313_153547_61275ce3_'; Test unit written to /results/crashes/20260313_153547_61275ce3_oom-a051c02927b66751965a00305e86983c70af6dd2
SUMMARY: libFuzzer: out-of-memory
stat::number_of_executed_units: 11039
stat::average_exec_per_sec:     3679
stat::new_units_added:          159
stat::slowest_unit_time_sec:    0
stat::peak_rss_mb:              1662
