INFO: Running with entropic power schedule (0xFF, 100).
INFO: Seed: 2448380636
INFO: Loaded 1 modules   (252 inline 8-bit counters): 252 [0x5c6e28a3d678, 0x5c6e28a3d774), 
INFO: Loaded 1 PC tables (252 PCs): 252 [0x5c6e28a3d778,0x5c6e28a3e738), 
INFO:        4 files found in /tmp/corpus_20260313_142936_ddea5ced
INFO: seed corpus: files: 4 min: 48b max: 333b total: 853b rss: 28Mb
#5	INITED cov: 118 ft: 251 corp: 4/853b exec/s: 0 rss: 29Mb
#8	REDUCE cov: 118 ft: 251 corp: 4/829b lim: 333 exec/s: 0 rss: 29Mb L: 228/333 MS: 3 ChangeByte-CopyPart-EraseBytes-
#9	NEW    cov: 118 ft: 254 corp: 5/970b lim: 333 exec/s: 0 rss: 29Mb L: 141/333 MS: 1 EraseBytes-
#10	NEW    cov: 118 ft: 313 corp: 6/995b lim: 333 exec/s: 0 rss: 29Mb L: 25/333 MS: 1 EraseBytes-
#14	NEW    cov: 118 ft: 333 corp: 7/1083b lim: 333 exec/s: 0 rss: 29Mb L: 88/333 MS: 4 ChangeBit-ChangeBit-ChangeBit-InsertRepeatedBytes-
#17	REDUCE cov: 118 ft: 347 corp: 8/1368b lim: 333 exec/s: 0 rss: 29Mb L: 285/333 MS: 3 ChangeBinInt-ChangeByte-CopyPart-
#20	REDUCE cov: 118 ft: 347 corp: 8/1357b lim: 333 exec/s: 0 rss: 29Mb L: 77/333 MS: 3 ChangeASCIIInt-ChangeByte-EraseBytes-
#22	NEW    cov: 118 ft: 348 corp: 9/1584b lim: 333 exec/s: 0 rss: 29Mb L: 227/333 MS: 2 ChangeBinInt-InsertRepeatedBytes-
#23	NEW    cov: 118 ft: 373 corp: 10/1608b lim: 333 exec/s: 0 rss: 29Mb L: 24/333 MS: 1 EraseBytes-
#25	NEW    cov: 118 ft: 374 corp: 11/1941b lim: 333 exec/s: 0 rss: 29Mb L: 333/333 MS: 2 ChangeBinInt-CopyPart-
#26	NEW    cov: 119 ft: 375 corp: 12/2268b lim: 333 exec/s: 0 rss: 29Mb L: 327/333 MS: 1 InsertRepeatedBytes-
#27	NEW    cov: 119 ft: 377 corp: 13/2293b lim: 333 exec/s: 0 rss: 29Mb L: 25/333 MS: 1 ChangeBinInt-
#29	NEW    cov: 119 ft: 382 corp: 14/2332b lim: 333 exec/s: 0 rss: 29Mb L: 39/333 MS: 2 ChangeBinInt-InsertRepeatedBytes-
#31	NEW    cov: 119 ft: 391 corp: 15/2350b lim: 333 exec/s: 0 rss: 29Mb L: 18/333 MS: 2 ChangeBinInt-EraseBytes-
#32	NEW    cov: 120 ft: 393 corp: 16/2648b lim: 333 exec/s: 0 rss: 29Mb L: 298/333 MS: 1 CrossOver-
#36	NEW    cov: 121 ft: 394 corp: 17/2976b lim: 333 exec/s: 0 rss: 29Mb L: 328/333 MS: 4 ChangeBinInt-CopyPart-ChangeByte-InsertByte-
#37	NEW    cov: 121 ft: 395 corp: 18/3250b lim: 333 exec/s: 0 rss: 29Mb L: 274/333 MS: 1 EraseBytes-
#38	NEW    cov: 121 ft: 396 corp: 19/3565b lim: 333 exec/s: 0 rss: 29Mb L: 315/333 MS: 1 CrossOver-
#39	REDUCE cov: 121 ft: 396 corp: 19/3563b lim: 333 exec/s: 0 rss: 29Mb L: 75/333 MS: 1 EraseBytes-
#40	NEW    cov: 121 ft: 397 corp: 20/3668b lim: 333 exec/s: 0 rss: 29Mb L: 105/333 MS: 1 InsertRepeatedBytes-
#45	NEW    cov: 121 ft: 403 corp: 21/3739b lim: 333 exec/s: 0 rss: 29Mb L: 71/333 MS: 5 ChangeByte-ChangeBinInt-ShuffleBytes-ChangeBinInt-InsertRepeatedBytes-
#49	NEW    cov: 121 ft: 404 corp: 22/3784b lim: 333 exec/s: 0 rss: 29Mb L: 45/333 MS: 4 ChangeBit-CopyPart-CrossOver-CMP- DE: "u\227\227\227"-
#72	NEW    cov: 121 ft: 410 corp: 23/4014b lim: 333 exec/s: 0 rss: 29Mb L: 230/333 MS: 3 InsertRepeatedBytes-ShuffleBytes-EraseBytes-
#74	NEW    cov: 121 ft: 411 corp: 24/4312b lim: 333 exec/s: 0 rss: 29Mb L: 298/333 MS: 2 CopyPart-CopyPart-
#78	NEW    cov: 121 ft: 412 corp: 25/4330b lim: 333 exec/s: 0 rss: 29Mb L: 18/333 MS: 4 EraseBytes-ChangeBit-ChangeBit-ChangeBit-
#92	NEW    cov: 121 ft: 414 corp: 26/4611b lim: 333 exec/s: 0 rss: 29Mb L: 281/333 MS: 4 ChangeBinInt-ChangeBinInt-InsertByte-CrossOver-
#101	NEW    cov: 121 ft: 415 corp: 27/4929b lim: 333 exec/s: 0 rss: 29Mb L: 318/333 MS: 4 ChangeBit-CMP-ChangeBinInt-EraseBytes- DE: "\001\000"-
#102	REDUCE cov: 121 ft: 416 corp: 28/5041b lim: 333 exec/s: 0 rss: 29Mb L: 112/333 MS: 1 CopyPart-
#125	NEW    cov: 121 ft: 419 corp: 29/5373b lim: 333 exec/s: 0 rss: 29Mb L: 332/333 MS: 3 ChangeByte-ChangeByte-CrossOver-
#126	NEW    cov: 121 ft: 427 corp: 30/5664b lim: 333 exec/s: 0 rss: 29Mb L: 291/333 MS: 1 CrossOver-
#133	NEW    cov: 121 ft: 428 corp: 31/5959b lim: 333 exec/s: 0 rss: 29Mb L: 295/333 MS: 2 ChangeBit-PersAutoDict- DE: "u\227\227\227"-
#136	REDUCE cov: 121 ft: 428 corp: 31/5863b lim: 333 exec/s: 0 rss: 29Mb L: 232/333 MS: 3 InsertRepeatedBytes-ChangeBit-EraseBytes-
#143	NEW    cov: 121 ft: 436 corp: 32/5878b lim: 333 exec/s: 0 rss: 29Mb L: 15/333 MS: 2 InsertByte-EraseBytes-
#146	NEW    cov: 121 ft: 441 corp: 33/6065b lim: 333 exec/s: 0 rss: 29Mb L: 187/333 MS: 3 ChangeByte-ChangeBinInt-EraseBytes-
#150	NEW    cov: 122 ft: 442 corp: 34/6332b lim: 333 exec/s: 0 rss: 29Mb L: 267/333 MS: 4 CopyPart-InsertByte-InsertRepeatedBytes-InsertByte-
#154	REDUCE cov: 122 ft: 442 corp: 34/6325b lim: 333 exec/s: 0 rss: 29Mb L: 311/333 MS: 4 CrossOver-ChangeBit-InsertByte-CrossOver-
#174	REDUCE cov: 122 ft: 444 corp: 35/6648b lim: 333 exec/s: 0 rss: 29Mb L: 323/333 MS: 5 InsertRepeatedBytes-ChangeBinInt-CMP-CMP-InsertByte- DE: "\377\377\377\007"-"\001\013"-
#188	NEW    cov: 122 ft: 445 corp: 36/6782b lim: 333 exec/s: 0 rss: 29Mb L: 134/333 MS: 4 CrossOver-ChangeByte-ChangeBinInt-EraseBytes-
#201	NEW    cov: 122 ft: 446 corp: 37/6830b lim: 333 exec/s: 0 rss: 29Mb L: 48/333 MS: 3 ChangeBinInt-ShuffleBytes-CrossOver-
#208	REDUCE cov: 122 ft: 446 corp: 37/6819b lim: 333 exec/s: 0 rss: 29Mb L: 219/333 MS: 2 InsertRepeatedBytes-EraseBytes-
#214	NEW    cov: 122 ft: 447 corp: 38/6934b lim: 333 exec/s: 0 rss: 29Mb L: 115/333 MS: 1 InsertRepeatedBytes-
#230	REDUCE cov: 122 ft: 447 corp: 38/6925b lim: 333 exec/s: 0 rss: 29Mb L: 9/333 MS: 1 EraseBytes-
#242	NEW    cov: 122 ft: 448 corp: 39/7002b lim: 333 exec/s: 0 rss: 29Mb L: 77/333 MS: 2 CMP-CrossOver- DE: "avcC"-
#245	NEW    cov: 122 ft: 455 corp: 40/7060b lim: 333 exec/s: 0 rss: 29Mb L: 58/333 MS: 3 PersAutoDict-CopyPart-ChangeBinInt- DE: "\377\377\377\007"-
#277	NEW    cov: 122 ft: 456 corp: 41/7086b lim: 333 exec/s: 0 rss: 29Mb L: 26/333 MS: 2 ChangeByte-CMP- DE: "\000\000\\n(\201\033\273"-
#300	NEW    cov: 122 ft: 461 corp: 42/7351b lim: 333 exec/s: 0 rss: 29Mb L: 265/333 MS: 3 InsertRepeatedBytes-PersAutoDict-CopyPart- DE: "\001\013"-
#313	NEW    cov: 122 ft: 462 corp: 43/7431b lim: 333 exec/s: 0 rss: 29Mb L: 80/333 MS: 3 ShuffleBytes-ChangeBit-InsertRepeatedBytes-
#338	NEW    cov: 122 ft: 463 corp: 44/7476b lim: 333 exec/s: 0 rss: 29Mb L: 45/333 MS: 5 ChangeBinInt-CrossOver-ShuffleBytes-ChangeByte-ChangeBinInt-
#374	NEW    cov: 122 ft: 465 corp: 45/7592b lim: 333 exec/s: 0 rss: 29Mb L: 116/333 MS: 1 CrossOver-
#386	REDUCE cov: 122 ft: 465 corp: 45/7587b lim: 333 exec/s: 0 rss: 29Mb L: 10/333 MS: 2 ChangeBit-EraseBytes-
#418	REDUCE cov: 122 ft: 465 corp: 45/7537b lim: 333 exec/s: 0 rss: 29Mb L: 283/333 MS: 2 EraseBytes-CopyPart-
#430	NEW    cov: 122 ft: 466 corp: 46/7860b lim: 333 exec/s: 0 rss: 29Mb L: 323/333 MS: 2 CMP-CopyPart- DE: "\267\336\000\264\202x\000\000"-
#488	REDUCE cov: 122 ft: 466 corp: 46/7859b lim: 333 exec/s: 0 rss: 29Mb L: 79/333 MS: 3 ShuffleBytes-PersAutoDict-EraseBytes- DE: "avcC"-
#493	NEW    cov: 122 ft: 467 corp: 47/7960b lim: 333 exec/s: 0 rss: 29Mb L: 101/333 MS: 5 ChangeByte-ChangeBinInt-CopyPart-ChangeBit-CopyPart-
#509	REDUCE cov: 122 ft: 473 corp: 48/8243b lim: 333 exec/s: 0 rss: 29Mb L: 283/333 MS: 1 ChangeByte-
#561	REDUCE cov: 122 ft: 473 corp: 48/8235b lim: 333 exec/s: 0 rss: 29Mb L: 319/333 MS: 2 ChangeBinInt-EraseBytes-
#685	REDUCE cov: 122 ft: 473 corp: 48/8216b lim: 333 exec/s: 0 rss: 29Mb L: 39/333 MS: 4 CopyPart-InsertByte-CopyPart-EraseBytes-
#697	REDUCE cov: 122 ft: 473 corp: 48/8169b lim: 333 exec/s: 0 rss: 29Mb L: 69/333 MS: 2 ShuffleBytes-EraseBytes-
#734	REDUCE cov: 123 ft: 474 corp: 49/8175b lim: 333 exec/s: 0 rss: 29Mb L: 6/333 MS: 2 InsertByte-EraseBytes-
#782	NEW    cov: 123 ft: 475 corp: 50/8482b lim: 333 exec/s: 0 rss: 29Mb L: 307/333 MS: 3 CMP-PersAutoDict-InsertByte- DE: "stsd"-"u\227\227\227"-
#820	REDUCE cov: 123 ft: 475 corp: 50/8470b lim: 333 exec/s: 0 rss: 29Mb L: 27/333 MS: 3 PersAutoDict-ChangeBit-EraseBytes- DE: "\001\000"-
#850	REDUCE cov: 123 ft: 475 corp: 50/8467b lim: 333 exec/s: 0 rss: 29Mb L: 316/333 MS: 5 EraseBytes-ChangeByte-InsertRepeatedBytes-ChangeBinInt-CopyPart-
#905	REDUCE cov: 123 ft: 475 corp: 50/8424b lim: 333 exec/s: 0 rss: 29Mb L: 240/333 MS: 5 ShuffleBytes-ChangeBinInt-ChangeByte-ChangeBit-EraseBytes-
#1012	REDUCE cov: 123 ft: 475 corp: 50/8423b lim: 333 exec/s: 0 rss: 29Mb L: 9/333 MS: 2 ChangeByte-EraseBytes-
#1109	REDUCE cov: 123 ft: 475 corp: 50/8420b lim: 333 exec/s: 0 rss: 29Mb L: 109/333 MS: 2 ChangeBinInt-EraseBytes-
#1127	NEW    cov: 123 ft: 476 corp: 51/8434b lim: 333 exec/s: 0 rss: 29Mb L: 14/333 MS: 3 ChangeBit-EraseBytes-EraseBytes-
#1376	REDUCE cov: 123 ft: 476 corp: 51/8374b lim: 333 exec/s: 0 rss: 29Mb L: 207/333 MS: 4 ChangeBit-PersAutoDict-ShuffleBytes-EraseBytes- DE: "u\227\227\227"-
#1407	NEW    cov: 123 ft: 478 corp: 52/8703b lim: 333 exec/s: 0 rss: 29Mb L: 329/333 MS: 1 InsertRepeatedBytes-
#1698	REDUCE cov: 123 ft: 478 corp: 52/8690b lim: 333 exec/s: 0 rss: 29Mb L: 35/333 MS: 1 EraseBytes-
#1707	REDUCE cov: 123 ft: 478 corp: 52/8679b lim: 333 exec/s: 0 rss: 29Mb L: 221/333 MS: 4 ChangeBinInt-EraseBytes-CopyPart-EraseBytes-
#1709	REDUCE cov: 123 ft: 478 corp: 52/8589b lim: 333 exec/s: 0 rss: 29Mb L: 117/333 MS: 2 ChangeBit-EraseBytes-
#1837	REDUCE cov: 123 ft: 478 corp: 52/8478b lim: 333 exec/s: 0 rss: 29Mb L: 108/333 MS: 3 CrossOver-CopyPart-CopyPart-
#1838	REDUCE cov: 123 ft: 478 corp: 52/8473b lim: 333 exec/s: 0 rss: 29Mb L: 1/333 MS: 1 CrossOver-
#1860	NEW    cov: 123 ft: 479 corp: 53/8523b lim: 333 exec/s: 0 rss: 29Mb L: 50/333 MS: 2 ShuffleBytes-PersAutoDict- DE: "\001\000"-
#1957	NEW    cov: 123 ft: 481 corp: 54/8717b lim: 333 exec/s: 0 rss: 29Mb L: 194/333 MS: 2 CopyPart-CrossOver-
#2052	REDUCE cov: 123 ft: 481 corp: 54/8716b lim: 333 exec/s: 0 rss: 29Mb L: 100/333 MS: 5 ChangeBit-ChangeByte-InsertByte-ShuffleBytes-EraseBytes-
#2089	REDUCE cov: 123 ft: 481 corp: 54/8663b lim: 333 exec/s: 0 rss: 29Mb L: 168/333 MS: 2 CrossOver-EraseBytes-
#2127	REDUCE cov: 123 ft: 481 corp: 54/8615b lim: 333 exec/s: 0 rss: 29Mb L: 235/333 MS: 3 CopyPart-ChangeBinInt-EraseBytes-
#2135	REDUCE cov: 123 ft: 481 corp: 54/8611b lim: 333 exec/s: 0 rss: 29Mb L: 75/333 MS: 3 ChangeBit-EraseBytes-PersAutoDict- DE: "stsd"-
#2143	REDUCE cov: 123 ft: 481 corp: 54/8607b lim: 333 exec/s: 0 rss: 29Mb L: 328/333 MS: 3 ChangeBinInt-EraseBytes-CopyPart-
#2147	REDUCE cov: 123 ft: 481 corp: 54/8583b lim: 333 exec/s: 0 rss: 29Mb L: 85/333 MS: 4 ChangeByte-CrossOver-InsertByte-CrossOver-
#2320	REDUCE cov: 123 ft: 482 corp: 55/8591b lim: 333 exec/s: 0 rss: 29Mb L: 8/333 MS: 3 EraseBytes-EraseBytes-CMP- DE: "stss"-
#2456	NEW    cov: 123 ft: 483 corp: 56/8875b lim: 333 exec/s: 0 rss: 29Mb L: 284/333 MS: 1 CopyPart-
#2504	REDUCE cov: 123 ft: 483 corp: 56/8838b lim: 333 exec/s: 0 rss: 29Mb L: 150/333 MS: 3 ChangeBinInt-CrossOver-CrossOver-
#2560	REDUCE cov: 123 ft: 484 corp: 57/9166b lim: 333 exec/s: 0 rss: 29Mb L: 328/333 MS: 1 CrossOver-
#2578	REDUCE cov: 123 ft: 484 corp: 57/9161b lim: 333 exec/s: 0 rss: 29Mb L: 34/333 MS: 3 ChangeByte-PersAutoDict-EraseBytes- DE: "\001\000"-
#2663	REDUCE cov: 123 ft: 484 corp: 57/9153b lim: 333 exec/s: 0 rss: 29Mb L: 100/333 MS: 5 ChangeBinInt-ChangeByte-ChangeBinInt-CMP-EraseBytes- DE: "\2002\245^\374\177\000\000"-
#2709	REDUCE cov: 123 ft: 484 corp: 57/9144b lim: 333 exec/s: 0 rss: 29Mb L: 36/333 MS: 1 EraseBytes-
#2910	REDUCE cov: 123 ft: 484 corp: 57/9058b lim: 333 exec/s: 0 rss: 29Mb L: 243/333 MS: 1 EraseBytes-
#2974	REDUCE cov: 123 ft: 484 corp: 57/9057b lim: 333 exec/s: 0 rss: 29Mb L: 8/333 MS: 4 ChangeBit-CrossOver-ChangeBinInt-EraseBytes-
#3003	NEW    cov: 123 ft: 490 corp: 58/9352b lim: 333 exec/s: 0 rss: 29Mb L: 295/333 MS: 4 ChangeBit-ChangeByte-ShuffleBytes-CrossOver-
#3284	REDUCE cov: 123 ft: 490 corp: 58/9288b lim: 333 exec/s: 0 rss: 29Mb L: 231/333 MS: 1 EraseBytes-
#3386	REDUCE cov: 123 ft: 490 corp: 58/9275b lim: 333 exec/s: 0 rss: 29Mb L: 22/333 MS: 2 InsertByte-EraseBytes-
#3437	REDUCE cov: 123 ft: 490 corp: 58/9274b lim: 333 exec/s: 0 rss: 29Mb L: 84/333 MS: 1 EraseBytes-
#3736	REDUCE cov: 123 ft: 496 corp: 59/9585b lim: 333 exec/s: 0 rss: 29Mb L: 311/333 MS: 4 CrossOver-ShuffleBytes-PersAutoDict-ChangeBinInt- DE: "\001\000"-
#3998	REDUCE cov: 123 ft: 496 corp: 59/9575b lim: 333 exec/s: 0 rss: 29Mb L: 17/333 MS: 2 CMP-EraseBytes- DE: "\377\377\377\020"-
#4056	REDUCE cov: 123 ft: 496 corp: 59/9564b lim: 333 exec/s: 0 rss: 29Mb L: 287/333 MS: 3 ChangeByte-InsertRepeatedBytes-EraseBytes-
#4247	NEW    cov: 123 ft: 497 corp: 60/9732b lim: 333 exec/s: 0 rss: 29Mb L: 168/333 MS: 1 EraseBytes-
#4262	REDUCE cov: 123 ft: 497 corp: 60/9708b lim: 333 exec/s: 0 rss: 29Mb L: 81/333 MS: 5 EraseBytes-CopyPart-ChangeBinInt-CrossOver-PersAutoDict- DE: "\000\000\\n(\201\033\273"-
#4435	REDUCE cov: 123 ft: 497 corp: 60/9676b lim: 333 exec/s: 0 rss: 29Mb L: 102/333 MS: 3 ChangeBit-ChangeByte-EraseBytes-
#4446	REDUCE cov: 123 ft: 497 corp: 60/9619b lim: 333 exec/s: 0 rss: 29Mb L: 183/333 MS: 1 EraseBytes-
#4882	REDUCE cov: 123 ft: 497 corp: 60/9617b lim: 333 exec/s: 0 rss: 29Mb L: 12/333 MS: 1 EraseBytes-
#4909	REDUCE cov: 123 ft: 497 corp: 60/9590b lim: 333 exec/s: 0 rss: 29Mb L: 42/333 MS: 2 InsertByte-EraseBytes-
#4925	REDUCE cov: 123 ft: 497 corp: 60/9557b lim: 333 exec/s: 0 rss: 29Mb L: 67/333 MS: 1 EraseBytes-
#4936	REDUCE cov: 123 ft: 497 corp: 60/9551b lim: 333 exec/s: 0 rss: 29Mb L: 144/333 MS: 1 EraseBytes-
#5067	REDUCE cov: 123 ft: 497 corp: 60/9525b lim: 333 exec/s: 0 rss: 29Mb L: 142/333 MS: 1 EraseBytes-
#5368	REDUCE cov: 123 ft: 497 corp: 60/9481b lim: 333 exec/s: 0 rss: 29Mb L: 263/333 MS: 1 EraseBytes-
#5539	NEW    cov: 123 ft: 498 corp: 61/9745b lim: 333 exec/s: 0 rss: 29Mb L: 264/333 MS: 1 EraseBytes-
#5589	REDUCE cov: 123 ft: 498 corp: 61/9744b lim: 333 exec/s: 0 rss: 29Mb L: 101/333 MS: 5 ChangeBinInt-EraseBytes-ShuffleBytes-ShuffleBytes-CopyPart-
#5641	REDUCE cov: 123 ft: 498 corp: 61/9738b lim: 333 exec/s: 0 rss: 29Mb L: 65/333 MS: 2 InsertByte-EraseBytes-
#5702	NEW    cov: 123 ft: 499 corp: 62/10029b lim: 333 exec/s: 0 rss: 29Mb L: 291/333 MS: 1 ChangeByte-
#5825	REDUCE cov: 123 ft: 499 corp: 62/9987b lim: 333 exec/s: 0 rss: 29Mb L: 189/333 MS: 3 InsertRepeatedBytes-ChangeASCIIInt-EraseBytes-
#5851	NEW    cov: 123 ft: 500 corp: 63/10252b lim: 333 exec/s: 0 rss: 29Mb L: 265/333 MS: 1 InsertByte-
#5909	NEW    cov: 123 ft: 501 corp: 64/10574b lim: 333 exec/s: 0 rss: 29Mb L: 322/333 MS: 3 CrossOver-ChangeBinInt-CopyPart-
#6003	REDUCE cov: 123 ft: 501 corp: 64/10572b lim: 333 exec/s: 0 rss: 29Mb L: 98/333 MS: 4 CrossOver-EraseBytes-ChangeByte-CrossOver-
#6037	REDUCE cov: 123 ft: 501 corp: 64/10488b lim: 333 exec/s: 0 rss: 29Mb L: 214/333 MS: 4 InsertRepeatedBytes-ChangeByte-EraseBytes-InsertByte-
#6215	REDUCE cov: 123 ft: 501 corp: 64/10486b lim: 333 exec/s: 0 rss: 29Mb L: 321/333 MS: 3 ChangeBinInt-EraseBytes-InsertRepeatedBytes-
#6220	REDUCE cov: 123 ft: 501 corp: 64/10484b lim: 333 exec/s: 0 rss: 29Mb L: 75/333 MS: 5 ShuffleBytes-InsertByte-ChangeBit-ShuffleBytes-EraseBytes-
#6326	REDUCE cov: 123 ft: 501 corp: 64/10440b lim: 333 exec/s: 0 rss: 29Mb L: 73/333 MS: 1 EraseBytes-
#6519	REDUCE cov: 123 ft: 501 corp: 64/10401b lim: 333 exec/s: 0 rss: 29Mb L: 150/333 MS: 3 CMP-ChangeByte-EraseBytes- DE: "stss"-
#6759	REDUCE cov: 123 ft: 501 corp: 64/10362b lim: 333 exec/s: 6759 rss: 29Mb L: 284/333 MS: 4 EraseBytes-ShuffleBytes-ChangeByte-PersAutoDict- DE: "stsd"-
#6920	NEW    cov: 123 ft: 502 corp: 65/10653b lim: 333 exec/s: 6920 rss: 29Mb L: 291/333 MS: 1 CMP- DE: "\000\001\000\000"-
#7328	REDUCE cov: 123 ft: 502 corp: 65/10647b lim: 333 exec/s: 7328 rss: 29Mb L: 278/333 MS: 3 PersAutoDict-ShuffleBytes-EraseBytes- DE: "\267\336\000\264\202x\000\000"-
#7478	REDUCE cov: 123 ft: 502 corp: 65/10634b lim: 333 exec/s: 7478 rss: 29Mb L: 214/333 MS: 5 InsertByte-InsertRepeatedBytes-ChangeBinInt-EraseBytes-CMP- DE: "\000\037"-
#7559	REDUCE cov: 123 ft: 502 corp: 65/10627b lim: 333 exec/s: 7559 rss: 29Mb L: 271/333 MS: 1 EraseBytes-
#7800	REDUCE cov: 123 ft: 502 corp: 65/10626b lim: 333 exec/s: 7800 rss: 29Mb L: 310/333 MS: 1 CrossOver-
#7956	REDUCE cov: 123 ft: 502 corp: 65/10605b lim: 333 exec/s: 7956 rss: 29Mb L: 52/333 MS: 1 EraseBytes-
#8320	REDUCE cov: 123 ft: 502 corp: 65/10548b lim: 333 exec/s: 8320 rss: 29Mb L: 206/333 MS: 4 PersAutoDict-InsertByte-InsertRepeatedBytes-EraseBytes- DE: "\377\377\377\020"-
==16640== ERROR: libFuzzer: out-of-memory (used: 1189Mb; limit: 1024Mb)
   To change the out-of-memory limit use -rss_limit_mb=<N>

MS: 4 ChangeByte-InsertByte-CopyPart-InsertRepeatedBytes-; base unit: 52a00dc92f91d78ed9b5b9ab7570750b2cf0af38
artifact_prefix='/results/crashes/20260313_142936_ddea5ced_'; Test unit written to /results/crashes/20260313_142936_ddea5ced_oom-4f23f30c33813847bc5e8fe1b070eb2c4677f99b
SUMMARY: libFuzzer: out-of-memory
stat::number_of_executed_units: 8369
stat::average_exec_per_sec:     4184
stat::new_units_added:          127
stat::slowest_unit_time_sec:    0
stat::peak_rss_mb:              1190
