INFO: Running with entropic power schedule (0xFF, 100).
INFO: Seed: 3896860473
INFO: Loaded 1 modules   (252 inline 8-bit counters): 252 [0x5e7ba3cd5678, 0x5e7ba3cd5774), 
INFO: Loaded 1 PC tables (252 PCs): 252 [0x5e7ba3cd5778,0x5e7ba3cd6738), 
INFO:        4 files found in /tmp/corpus_20260313_191223_7de06f5f
INFO: seed corpus: files: 4 min: 48b max: 333b total: 853b rss: 28Mb
#5	INITED cov: 117 ft: 250 corp: 4/853b exec/s: 0 rss: 29Mb
#12	NEW    cov: 117 ft: 265 corp: 5/1160b lim: 333 exec/s: 0 rss: 29Mb L: 307/333 MS: 2 CMP-InsertRepeatedBytes- DE: "I\225g\321{^\000\000"-
#13	NEW    cov: 117 ft: 266 corp: 6/1381b lim: 333 exec/s: 0 rss: 29Mb L: 221/333 MS: 1 InsertByte-
#15	NEW    cov: 117 ft: 281 corp: 7/1543b lim: 333 exec/s: 0 rss: 29Mb L: 162/333 MS: 2 ChangeBit-EraseBytes-
#19	NEW    cov: 117 ft: 282 corp: 8/1859b lim: 333 exec/s: 0 rss: 29Mb L: 316/333 MS: 4 CMP-PersAutoDict-CrossOver-InsertByte- DE: "O\"\252\243{^\000\000"-"I\225g\321{^\000\000"-
#20	NEW    cov: 117 ft: 296 corp: 9/1958b lim: 333 exec/s: 0 rss: 29Mb L: 99/333 MS: 1 EraseBytes-
#22	NEW    cov: 117 ft: 311 corp: 10/2090b lim: 333 exec/s: 0 rss: 29Mb L: 132/333 MS: 2 EraseBytes-CrossOver-
#23	NEW    cov: 117 ft: 316 corp: 11/2146b lim: 333 exec/s: 0 rss: 29Mb L: 56/333 MS: 1 PersAutoDict- DE: "I\225g\321{^\000\000"-
#24	NEW    cov: 117 ft: 356 corp: 12/2162b lim: 333 exec/s: 0 rss: 29Mb L: 16/333 MS: 1 CrossOver-
#25	NEW    cov: 117 ft: 361 corp: 13/2249b lim: 333 exec/s: 0 rss: 29Mb L: 87/333 MS: 1 InsertRepeatedBytes-
#27	NEW    cov: 117 ft: 362 corp: 14/2353b lim: 333 exec/s: 0 rss: 29Mb L: 104/333 MS: 2 ChangeByte-CrossOver-
#28	NEW    cov: 117 ft: 372 corp: 15/2470b lim: 333 exec/s: 0 rss: 29Mb L: 117/333 MS: 1 CrossOver-
#29	NEW    cov: 117 ft: 373 corp: 16/2675b lim: 333 exec/s: 0 rss: 29Mb L: 205/333 MS: 1 InsertRepeatedBytes-
#30	NEW    cov: 117 ft: 374 corp: 17/2731b lim: 333 exec/s: 0 rss: 29Mb L: 56/333 MS: 1 ChangeBit-
#32	NEW    cov: 117 ft: 375 corp: 18/2991b lim: 333 exec/s: 0 rss: 29Mb L: 260/333 MS: 2 ShuffleBytes-InsertRepeatedBytes-
#42	NEW    cov: 117 ft: 376 corp: 19/3078b lim: 333 exec/s: 0 rss: 29Mb L: 87/333 MS: 5 ChangeBinInt-ChangeBinInt-InsertRepeatedBytes-PersAutoDict-CrossOver- DE: "O\"\252\243{^\000\000"-
#50	NEW    cov: 118 ft: 377 corp: 20/3403b lim: 333 exec/s: 0 rss: 29Mb L: 325/333 MS: 3 CrossOver-ChangeByte-InsertRepeatedBytes-
#55	NEW    cov: 118 ft: 378 corp: 21/3687b lim: 333 exec/s: 0 rss: 29Mb L: 284/333 MS: 5 PersAutoDict-ChangeASCIIInt-InsertRepeatedBytes-InsertByte-CrossOver- DE: "O\"\252\243{^\000\000"-
#57	NEW    cov: 118 ft: 379 corp: 22/4003b lim: 333 exec/s: 0 rss: 29Mb L: 316/333 MS: 2 ChangeBit-ChangeBit-
#58	NEW    cov: 118 ft: 384 corp: 23/4223b lim: 333 exec/s: 0 rss: 29Mb L: 220/333 MS: 1 ShuffleBytes-
#69	NEW    cov: 119 ft: 385 corp: 24/4508b lim: 333 exec/s: 0 rss: 29Mb L: 285/333 MS: 1 CrossOver-
#77	NEW    cov: 119 ft: 386 corp: 25/4680b lim: 333 exec/s: 0 rss: 29Mb L: 172/333 MS: 3 InsertByte-PersAutoDict-CopyPart- DE: "I\225g\321{^\000\000"-
#80	NEW    cov: 119 ft: 387 corp: 26/4923b lim: 333 exec/s: 0 rss: 29Mb L: 243/333 MS: 3 InsertByte-InsertRepeatedBytes-InsertRepeatedBytes-
#91	NEW    cov: 119 ft: 394 corp: 27/4939b lim: 333 exec/s: 0 rss: 29Mb L: 16/333 MS: 1 CMP- DE: "|\000\000\000\000\000\000\000"-
#95	NEW    cov: 119 ft: 403 corp: 28/5269b lim: 333 exec/s: 0 rss: 29Mb L: 330/333 MS: 4 ChangeBinInt-ShuffleBytes-ChangeByte-CrossOver-
#97	NEW    cov: 119 ft: 404 corp: 29/5355b lim: 333 exec/s: 0 rss: 29Mb L: 86/333 MS: 2 ChangeBit-EraseBytes-
#99	NEW    cov: 119 ft: 405 corp: 30/5687b lim: 333 exec/s: 0 rss: 29Mb L: 332/333 MS: 2 InsertByte-InsertByte-
#103	NEW    cov: 119 ft: 411 corp: 31/5930b lim: 333 exec/s: 0 rss: 29Mb L: 243/333 MS: 4 CrossOver-CMP-ShuffleBytes-CrossOver- DE: "G\000\000\000\000\000\000\000"-
#105	NEW    cov: 119 ft: 413 corp: 32/5947b lim: 333 exec/s: 0 rss: 29Mb L: 17/333 MS: 2 ChangeBit-InsertByte-
#106	NEW    cov: 119 ft: 414 corp: 33/6014b lim: 333 exec/s: 0 rss: 29Mb L: 67/333 MS: 1 InsertRepeatedBytes-
#119	NEW    cov: 119 ft: 415 corp: 34/6070b lim: 333 exec/s: 0 rss: 29Mb L: 56/333 MS: 3 CMP-ChangeBit-CrossOver- DE: "stsd"-
#125	NEW    cov: 119 ft: 416 corp: 35/6256b lim: 333 exec/s: 0 rss: 29Mb L: 186/333 MS: 1 EraseBytes-
#133	NEW    cov: 120 ft: 425 corp: 36/6586b lim: 333 exec/s: 0 rss: 29Mb L: 330/333 MS: 3 ChangeBinInt-ChangeByte-CrossOver-
#144	NEW    cov: 120 ft: 433 corp: 37/6600b lim: 333 exec/s: 0 rss: 29Mb L: 14/333 MS: 1 EraseBytes-
#150	NEW    cov: 120 ft: 434 corp: 38/6805b lim: 333 exec/s: 0 rss: 29Mb L: 205/333 MS: 1 CrossOver-
#151	NEW    cov: 120 ft: 442 corp: 39/6830b lim: 333 exec/s: 0 rss: 29Mb L: 25/333 MS: 1 CMP- DE: "\377\377\377\377\377\377\377\377"-
#153	NEW    cov: 120 ft: 445 corp: 40/6859b lim: 333 exec/s: 0 rss: 29Mb L: 29/333 MS: 2 ChangeByte-CrossOver-
#156	REDUCE cov: 120 ft: 445 corp: 40/6779b lim: 333 exec/s: 0 rss: 29Mb L: 236/333 MS: 3 ChangeByte-ShuffleBytes-CrossOver-
#164	REDUCE cov: 120 ft: 445 corp: 40/6778b lim: 333 exec/s: 0 rss: 29Mb L: 103/333 MS: 3 ChangeBit-ChangeByte-EraseBytes-
#177	NEW    cov: 120 ft: 446 corp: 41/7035b lim: 333 exec/s: 0 rss: 29Mb L: 257/333 MS: 3 CMP-EraseBytes-EraseBytes- DE: "Y\225g\321"-
#197	NEW    cov: 120 ft: 447 corp: 42/7238b lim: 333 exec/s: 0 rss: 29Mb L: 203/333 MS: 5 ChangeBinInt-CopyPart-CrossOver-ChangeBit-EraseBytes-
#223	NEW    cov: 120 ft: 448 corp: 43/7412b lim: 333 exec/s: 0 rss: 29Mb L: 174/333 MS: 1 InsertRepeatedBytes-
#232	NEW    cov: 120 ft: 453 corp: 44/7745b lim: 333 exec/s: 0 rss: 29Mb L: 333/333 MS: 4 CopyPart-ShuffleBytes-ChangeByte-CMP- DE: "mvex"-
#253	NEW    cov: 120 ft: 454 corp: 45/7801b lim: 333 exec/s: 0 rss: 29Mb L: 56/333 MS: 1 ChangeBit-
#254	NEW    cov: 120 ft: 461 corp: 46/7828b lim: 333 exec/s: 0 rss: 29Mb L: 27/333 MS: 1 CrossOver-
#270	REDUCE cov: 120 ft: 461 corp: 46/7807b lim: 333 exec/s: 0 rss: 29Mb L: 309/333 MS: 1 EraseBytes-
#295	NEW    cov: 120 ft: 462 corp: 47/8036b lim: 333 exec/s: 0 rss: 29Mb L: 229/333 MS: 5 InsertRepeatedBytes-PersAutoDict-ChangeASCIIInt-ShuffleBytes-CopyPart- DE: "G\000\000\000\000\000\000\000"-
#303	NEW    cov: 120 ft: 464 corp: 48/8277b lim: 333 exec/s: 0 rss: 29Mb L: 241/333 MS: 3 CrossOver-CrossOver-InsertByte-
#316	NEW    cov: 120 ft: 465 corp: 49/8349b lim: 333 exec/s: 0 rss: 29Mb L: 72/333 MS: 3 CrossOver-ChangeBinInt-CopyPart-
#332	REDUCE cov: 120 ft: 465 corp: 49/8324b lim: 333 exec/s: 0 rss: 29Mb L: 31/333 MS: 1 EraseBytes-
#338	REDUCE cov: 120 ft: 465 corp: 49/8323b lim: 333 exec/s: 0 rss: 29Mb L: 329/333 MS: 1 EraseBytes-
#380	NEW    cov: 121 ft: 466 corp: 50/8585b lim: 333 exec/s: 0 rss: 29Mb L: 262/333 MS: 2 ChangeBinInt-EraseBytes-
#399	REDUCE cov: 121 ft: 466 corp: 50/8547b lim: 333 exec/s: 0 rss: 29Mb L: 183/333 MS: 4 ShuffleBytes-ChangeByte-ChangeBinInt-EraseBytes-
#410	REDUCE cov: 121 ft: 466 corp: 50/8453b lim: 333 exec/s: 0 rss: 29Mb L: 239/333 MS: 1 EraseBytes-
#444	REDUCE cov: 121 ft: 466 corp: 50/8439b lim: 333 exec/s: 0 rss: 29Mb L: 169/333 MS: 4 InsertByte-ChangeBit-ChangeByte-EraseBytes-
#471	REDUCE cov: 121 ft: 466 corp: 50/8402b lim: 333 exec/s: 0 rss: 29Mb L: 248/333 MS: 2 InsertRepeatedBytes-EraseBytes-
#472	REDUCE cov: 121 ft: 466 corp: 50/8385b lim: 333 exec/s: 0 rss: 29Mb L: 224/333 MS: 1 EraseBytes-
#473	REDUCE cov: 121 ft: 466 corp: 50/8383b lim: 333 exec/s: 0 rss: 29Mb L: 54/333 MS: 1 EraseBytes-
#648	NEW    cov: 121 ft: 472 corp: 51/8705b lim: 333 exec/s: 0 rss: 29Mb L: 322/333 MS: 5 ChangeBinInt-CopyPart-CrossOver-ShuffleBytes-ChangeByte-
#661	NEW    cov: 122 ft: 473 corp: 52/9033b lim: 333 exec/s: 0 rss: 29Mb L: 328/333 MS: 3 CMP-CopyPart-PersAutoDict- DE: "\000\000\000\011"-"mvex"-
#665	REDUCE cov: 122 ft: 473 corp: 52/9014b lim: 333 exec/s: 0 rss: 29Mb L: 306/333 MS: 4 ChangeBit-ChangeBinInt-CopyPart-EraseBytes-
#670	REDUCE cov: 122 ft: 473 corp: 52/8987b lim: 333 exec/s: 0 rss: 29Mb L: 197/333 MS: 5 ChangeBinInt-CopyPart-EraseBytes-ChangeBit-CrossOver-
#691	NEW    cov: 122 ft: 474 corp: 53/9320b lim: 333 exec/s: 0 rss: 29Mb L: 333/333 MS: 1 CopyPart-
#737	NEW    cov: 122 ft: 475 corp: 54/9644b lim: 333 exec/s: 0 rss: 29Mb L: 324/333 MS: 1 CopyPart-
#769	REDUCE cov: 122 ft: 475 corp: 54/9635b lim: 333 exec/s: 0 rss: 29Mb L: 22/333 MS: 2 CopyPart-EraseBytes-
#843	REDUCE cov: 122 ft: 475 corp: 54/9597b lim: 333 exec/s: 0 rss: 29Mb L: 49/333 MS: 4 CopyPart-CMP-ChangeBinInt-EraseBytes- DE: "\321\213g\321{^\000\000"-
#850	REDUCE cov: 122 ft: 475 corp: 54/9593b lim: 333 exec/s: 0 rss: 29Mb L: 23/333 MS: 2 ChangeByte-EraseBytes-
#1001	REDUCE cov: 122 ft: 475 corp: 54/9587b lim: 333 exec/s: 0 rss: 29Mb L: 81/333 MS: 1 EraseBytes-
#1117	NEW    cov: 122 ft: 476 corp: 55/9595b lim: 333 exec/s: 0 rss: 29Mb L: 8/333 MS: 1 EraseBytes-
#1138	NEW    cov: 123 ft: 483 corp: 56/9928b lim: 333 exec/s: 0 rss: 29Mb L: 333/333 MS: 1 ChangeBinInt-
#1189	REDUCE cov: 123 ft: 483 corp: 56/9922b lim: 333 exec/s: 0 rss: 29Mb L: 16/333 MS: 1 EraseBytes-
#1243	NEW    cov: 123 ft: 484 corp: 57/10131b lim: 333 exec/s: 0 rss: 29Mb L: 209/333 MS: 4 ChangeByte-ChangeBit-InsertByte-EraseBytes-
#1244	REDUCE cov: 123 ft: 484 corp: 57/10114b lim: 333 exec/s: 0 rss: 29Mb L: 305/333 MS: 1 EraseBytes-
#1269	REDUCE cov: 123 ft: 484 corp: 57/10068b lim: 333 exec/s: 0 rss: 29Mb L: 286/333 MS: 5 InsertByte-ChangeBinInt-ChangeByte-ChangeBit-CrossOver-
#1343	REDUCE cov: 123 ft: 484 corp: 57/10012b lim: 333 exec/s: 0 rss: 29Mb L: 118/333 MS: 4 ShuffleBytes-CMP-CMP-EraseBytes- DE: "N7ISOBMFF3BoxE"-"\000\000\000\000\000\000\000\020"-
#1355	REDUCE cov: 123 ft: 484 corp: 57/9980b lim: 333 exec/s: 0 rss: 29Mb L: 284/333 MS: 2 CrossOver-EraseBytes-
#1395	NEW    cov: 123 ft: 485 corp: 58/10240b lim: 333 exec/s: 0 rss: 29Mb L: 260/333 MS: 5 ChangeBinInt-ChangeBinInt-PersAutoDict-ChangeBit-PersAutoDict- DE: "Y\225g\321"-"O\"\252\243{^\000\000"-
#1434	REDUCE cov: 123 ft: 486 corp: 59/10573b lim: 333 exec/s: 0 rss: 29Mb L: 333/333 MS: 4 ShuffleBytes-PersAutoDict-CrossOver-CrossOver- DE: "mvex"-
#1452	REDUCE cov: 123 ft: 487 corp: 60/10905b lim: 333 exec/s: 0 rss: 29Mb L: 332/333 MS: 3 ChangeBinInt-CMP-CopyPart- DE: "avc1"-
#1609	REDUCE cov: 123 ft: 487 corp: 60/10873b lim: 333 exec/s: 0 rss: 29Mb L: 292/333 MS: 2 CMP-EraseBytes- DE: "\020\351\000\200\365u\000\000"-
#1711	REDUCE cov: 123 ft: 487 corp: 60/10832b lim: 333 exec/s: 0 rss: 29Mb L: 179/333 MS: 2 CopyPart-EraseBytes-
#1775	REDUCE cov: 123 ft: 492 corp: 61/10954b lim: 333 exec/s: 0 rss: 29Mb L: 122/333 MS: 4 ChangeBinInt-EraseBytes-PersAutoDict-EraseBytes- DE: "G\000\000\000\000\000\000\000"-
#1798	REDUCE cov: 123 ft: 492 corp: 61/10927b lim: 333 exec/s: 0 rss: 29Mb L: 209/333 MS: 3 InsertRepeatedBytes-InsertRepeatedBytes-EraseBytes-
#2006	REDUCE cov: 123 ft: 492 corp: 61/10907b lim: 333 exec/s: 0 rss: 29Mb L: 29/333 MS: 3 ShuffleBytes-CopyPart-EraseBytes-
#2009	REDUCE cov: 123 ft: 492 corp: 61/10851b lim: 333 exec/s: 0 rss: 29Mb L: 130/333 MS: 3 ChangeBinInt-InsertRepeatedBytes-EraseBytes-
#2215	REDUCE cov: 123 ft: 492 corp: 61/10814b lim: 333 exec/s: 0 rss: 29Mb L: 211/333 MS: 1 EraseBytes-
#2345	NEW    cov: 123 ft: 496 corp: 62/11147b lim: 333 exec/s: 0 rss: 29Mb L: 333/333 MS: 5 CopyPart-ChangeBinInt-ChangeBit-ShuffleBytes-ChangeBit-
#2478	NEW    cov: 124 ft: 497 corp: 63/11153b lim: 333 exec/s: 0 rss: 29Mb L: 6/333 MS: 3 ChangeBit-ChangeBit-EraseBytes-
#2497	REDUCE cov: 124 ft: 497 corp: 63/11132b lim: 333 exec/s: 0 rss: 29Mb L: 311/333 MS: 4 EraseBytes-ChangeBit-ChangeASCIIInt-PersAutoDict- DE: "\377\377\377\377\377\377\377\377"-
#2512	REDUCE cov: 124 ft: 497 corp: 63/11064b lim: 333 exec/s: 0 rss: 29Mb L: 175/333 MS: 5 ChangeBinInt-CopyPart-CMP-InsertRepeatedBytes-EraseBytes- DE: "\377\377\377\377\377\377\000\026"-
#2575	REDUCE cov: 124 ft: 497 corp: 63/11051b lim: 333 exec/s: 0 rss: 29Mb L: 109/333 MS: 3 InsertByte-ShuffleBytes-CrossOver-
#2606	REDUCE cov: 124 ft: 497 corp: 63/11025b lim: 333 exec/s: 0 rss: 29Mb L: 77/333 MS: 1 EraseBytes-
#2662	REDUCE cov: 124 ft: 497 corp: 63/11018b lim: 333 exec/s: 0 rss: 29Mb L: 165/333 MS: 1 EraseBytes-
#2698	REDUCE cov: 124 ft: 497 corp: 63/11011b lim: 333 exec/s: 0 rss: 29Mb L: 9/333 MS: 1 EraseBytes-
#2804	REDUCE cov: 124 ft: 497 corp: 63/11005b lim: 333 exec/s: 0 rss: 29Mb L: 278/333 MS: 1 EraseBytes-
#2826	NEW    cov: 124 ft: 502 corp: 64/11338b lim: 333 exec/s: 0 rss: 29Mb L: 333/333 MS: 2 ShuffleBytes-PersAutoDict- DE: "mvex"-
#2900	REDUCE cov: 124 ft: 503 corp: 65/11608b lim: 333 exec/s: 0 rss: 29Mb L: 270/333 MS: 4 ChangeBinInt-PersAutoDict-ShuffleBytes-EraseBytes- DE: "\377\377\377\377\377\377\000\026"-
#2939	REDUCE cov: 124 ft: 503 corp: 65/11593b lim: 333 exec/s: 0 rss: 29Mb L: 292/333 MS: 4 ChangeBinInt-PersAutoDict-ShuffleBytes-EraseBytes- DE: "mvex"-
#3185	REDUCE cov: 124 ft: 503 corp: 65/11592b lim: 333 exec/s: 0 rss: 29Mb L: 5/333 MS: 1 EraseBytes-
#3238	REDUCE cov: 124 ft: 503 corp: 65/11525b lim: 333 exec/s: 0 rss: 29Mb L: 142/333 MS: 3 CrossOver-InsertByte-EraseBytes-
#3434	REDUCE cov: 124 ft: 503 corp: 65/11524b lim: 333 exec/s: 0 rss: 29Mb L: 55/333 MS: 1 EraseBytes-
#3524	REDUCE cov: 124 ft: 504 corp: 66/11788b lim: 333 exec/s: 0 rss: 29Mb L: 264/333 MS: 5 InsertByte-EraseBytes-InsertRepeatedBytes-ChangeByte-InsertRepeatedBytes-
#3845	REDUCE cov: 124 ft: 504 corp: 66/11724b lim: 333 exec/s: 0 rss: 29Mb L: 115/333 MS: 1 EraseBytes-
#3929	REDUCE cov: 124 ft: 504 corp: 66/11723b lim: 333 exec/s: 0 rss: 29Mb L: 242/333 MS: 4 CopyPart-InsertRepeatedBytes-PersAutoDict-EraseBytes- DE: "\020\351\000\200\365u\000\000"-
#3948	NEW    cov: 124 ft: 510 corp: 67/12031b lim: 333 exec/s: 0 rss: 29Mb L: 308/333 MS: 4 ShuffleBytes-InsertRepeatedBytes-CopyPart-CopyPart-
#3959	REDUCE cov: 124 ft: 510 corp: 67/12030b lim: 333 exec/s: 0 rss: 29Mb L: 327/333 MS: 1 EraseBytes-
#3988	REDUCE cov: 124 ft: 510 corp: 67/11994b lim: 333 exec/s: 0 rss: 29Mb L: 169/333 MS: 4 InsertByte-ShuffleBytes-InsertByte-EraseBytes-
#4040	REDUCE cov: 124 ft: 510 corp: 67/11992b lim: 333 exec/s: 0 rss: 29Mb L: 331/333 MS: 2 CrossOver-EraseBytes-
#4231	REDUCE cov: 124 ft: 510 corp: 67/11989b lim: 333 exec/s: 0 rss: 29Mb L: 330/333 MS: 1 CrossOver-
#4239	REDUCE cov: 124 ft: 516 corp: 68/12319b lim: 333 exec/s: 0 rss: 29Mb L: 330/333 MS: 3 ShuffleBytes-InsertRepeatedBytes-PersAutoDict- DE: "stsd"-
#4283	NEW    cov: 124 ft: 517 corp: 69/12586b lim: 333 exec/s: 0 rss: 29Mb L: 267/333 MS: 4 ChangeBit-PersAutoDict-InsertByte-CMP- DE: "\000\000\000\011"-"stsd"-
#4523	REDUCE cov: 124 ft: 517 corp: 69/12533b lim: 333 exec/s: 0 rss: 29Mb L: 158/333 MS: 5 CopyPart-ChangeBit-CrossOver-ShuffleBytes-PersAutoDict- DE: "avc1"-
#4535	REDUCE cov: 124 ft: 517 corp: 69/12529b lim: 333 exec/s: 0 rss: 29Mb L: 10/333 MS: 2 CrossOver-EraseBytes-
#4634	REDUCE cov: 124 ft: 517 corp: 69/12483b lim: 333 exec/s: 0 rss: 29Mb L: 63/333 MS: 4 ChangeBit-ChangeASCIIInt-ShuffleBytes-EraseBytes-
#4770	REDUCE cov: 124 ft: 517 corp: 69/12451b lim: 333 exec/s: 0 rss: 29Mb L: 126/333 MS: 1 EraseBytes-
#4883	REDUCE cov: 124 ft: 517 corp: 69/12444b lim: 333 exec/s: 0 rss: 29Mb L: 125/333 MS: 3 ChangeASCIIInt-ChangeBit-EraseBytes-
#5076	REDUCE cov: 124 ft: 517 corp: 69/12414b lim: 333 exec/s: 0 rss: 29Mb L: 85/333 MS: 3 CrossOver-CrossOver-EraseBytes-
#5236	REDUCE cov: 124 ft: 517 corp: 69/12392b lim: 333 exec/s: 5236 rss: 30Mb L: 264/333 MS: 5 ShuffleBytes-ChangeBinInt-ChangeBit-PersAutoDict-EraseBytes- DE: "O\"\252\243{^\000\000"-
#5286	REDUCE cov: 124 ft: 517 corp: 69/12391b lim: 333 exec/s: 5286 rss: 30Mb L: 269/333 MS: 5 ChangeBinInt-ChangeByte-CrossOver-ChangeBinInt-EraseBytes-
#5297	REDUCE cov: 124 ft: 517 corp: 69/12307b lim: 333 exec/s: 5297 rss: 30Mb L: 246/333 MS: 1 EraseBytes-
#5641	REDUCE cov: 124 ft: 517 corp: 69/12300b lim: 333 exec/s: 5641 rss: 30Mb L: 158/333 MS: 4 CMP-ChangeASCIIInt-ChangeByte-EraseBytes- DE: "\034\000\000\000\000\000\000\000"-
#5652	REDUCE cov: 124 ft: 517 corp: 69/12294b lim: 333 exec/s: 5652 rss: 30Mb L: 323/333 MS: 1 EraseBytes-
#5756	REDUCE cov: 124 ft: 517 corp: 69/12293b lim: 333 exec/s: 5756 rss: 30Mb L: 4/333 MS: 4 ShuffleBytes-ShuffleBytes-ChangeByte-EraseBytes-
#5891	REDUCE cov: 124 ft: 517 corp: 69/12278b lim: 333 exec/s: 5891 rss: 30Mb L: 245/333 MS: 5 EraseBytes-ChangeBit-CrossOver-ChangeByte-InsertRepeatedBytes-
#5902	REDUCE cov: 124 ft: 517 corp: 69/12274b lim: 333 exec/s: 5902 rss: 30Mb L: 304/333 MS: 1 CrossOver-
#6114	REDUCE cov: 124 ft: 517 corp: 69/12249b lim: 333 exec/s: 6114 rss: 30Mb L: 60/333 MS: 2 ChangeByte-EraseBytes-
#6176	REDUCE cov: 124 ft: 517 corp: 69/12247b lim: 333 exec/s: 6176 rss: 30Mb L: 2/333 MS: 2 ChangeByte-EraseBytes-
#6670	REDUCE cov: 124 ft: 517 corp: 69/12244b lim: 333 exec/s: 6670 rss: 30Mb L: 51/333 MS: 4 ChangeBinInt-ShuffleBytes-EraseBytes-CrossOver-
#6751	REDUCE cov: 124 ft: 517 corp: 69/12210b lim: 333 exec/s: 6751 rss: 30Mb L: 272/333 MS: 1 EraseBytes-
#7082	REDUCE cov: 124 ft: 517 corp: 69/12209b lim: 333 exec/s: 7082 rss: 30Mb L: 9/333 MS: 1 EraseBytes-
#7222	REDUCE cov: 124 ft: 517 corp: 69/12166b lim: 333 exec/s: 7222 rss: 30Mb L: 199/333 MS: 5 EraseBytes-InsertByte-CrossOver-InsertRepeatedBytes-InsertRepeatedBytes-
#7252	REDUCE cov: 124 ft: 517 corp: 69/12160b lim: 333 exec/s: 7252 rss: 30Mb L: 197/333 MS: 5 ChangeByte-EraseBytes-PersAutoDict-ShuffleBytes-CopyPart- DE: "\377\377\377\377\377\377\000\026"-
#7362	REDUCE cov: 124 ft: 517 corp: 69/12138b lim: 333 exec/s: 7362 rss: 30Mb L: 207/333 MS: 5 ChangeByte-InsertByte-ChangeASCIIInt-ShuffleBytes-EraseBytes-
#7388	NEW    cov: 124 ft: 519 corp: 70/12162b lim: 333 exec/s: 7388 rss: 30Mb L: 24/333 MS: 1 EraseBytes-
#7455	REDUCE cov: 124 ft: 519 corp: 70/12161b lim: 333 exec/s: 7455 rss: 30Mb L: 8/333 MS: 2 EraseBytes-InsertByte-
#7655	REDUCE cov: 124 ft: 519 corp: 70/12153b lim: 333 exec/s: 7655 rss: 30Mb L: 323/333 MS: 5 CopyPart-PersAutoDict-InsertByte-PersAutoDict-EraseBytes- DE: "\377\377\377\377\377\377\000\026"-"avc1"-
#7855	REDUCE cov: 124 ft: 519 corp: 70/12152b lim: 333 exec/s: 7855 rss: 30Mb L: 168/333 MS: 5 EraseBytes-EraseBytes-CopyPart-InsertRepeatedBytes-ChangeBit-
==909437== ERROR: libFuzzer: out-of-memory (used: 1636Mb; limit: 1024Mb)
   To change the out-of-memory limit use -rss_limit_mb=<N>

MS: 2 InsertRepeatedBytes-ChangeASCIIInt-; base unit: 035f1f8709ce27b5be58773a94330a5130ba3f9f
artifact_prefix='/results/crashes/20260313_191223_7de06f5f_'; Test unit written to /results/crashes/20260313_191223_7de06f5f_oom-70449d1ec3bcf830f3aaaea135d2ec5c706bb211
SUMMARY: libFuzzer: out-of-memory
stat::number_of_executed_units: 7957
stat::average_exec_per_sec:     2652
stat::new_units_added:          136
stat::slowest_unit_time_sec:    0
stat::peak_rss_mb:              1636
