INFO: Running with entropic power schedule (0xFF, 100).
INFO: Seed: 919538470
INFO: Loaded 1 modules   (252 inline 8-bit counters): 252 [0x5787cf62a678, 0x5787cf62a774), 
INFO: Loaded 1 PC tables (252 PCs): 252 [0x5787cf62a778,0x5787cf62b738), 
INFO:        4 files found in /tmp/corpus_20260313_180415_38008910
INFO: seed corpus: files: 4 min: 48b max: 333b total: 853b rss: 28Mb
#5	INITED cov: 119 ft: 257 corp: 4/853b exec/s: 0 rss: 29Mb
#7	NEW    cov: 121 ft: 278 corp: 5/1157b lim: 333 exec/s: 0 rss: 29Mb L: 304/333 MS: 2 ChangeBit-InsertRepeatedBytes-
#13	REDUCE cov: 121 ft: 278 corp: 5/1146b lim: 333 exec/s: 0 rss: 29Mb L: 241/333 MS: 1 EraseBytes-
#21	NEW    cov: 121 ft: 287 corp: 6/1450b lim: 333 exec/s: 0 rss: 29Mb L: 304/333 MS: 3 CopyPart-ChangeBit-ChangeBinInt-
#22	NEW    cov: 121 ft: 298 corp: 7/1498b lim: 333 exec/s: 0 rss: 29Mb L: 48/333 MS: 1 CopyPart-
#23	NEW    cov: 121 ft: 299 corp: 8/1545b lim: 333 exec/s: 0 rss: 29Mb L: 47/333 MS: 1 EraseBytes-
#26	NEW    cov: 121 ft: 300 corp: 9/1606b lim: 333 exec/s: 0 rss: 29Mb L: 61/333 MS: 3 CrossOver-ChangeBit-InsertByte-
#27	REDUCE cov: 121 ft: 301 corp: 10/1877b lim: 333 exec/s: 0 rss: 29Mb L: 271/333 MS: 1 InsertRepeatedBytes-
#30	REDUCE cov: 121 ft: 304 corp: 11/2188b lim: 333 exec/s: 0 rss: 29Mb L: 311/333 MS: 3 ChangeBit-ChangeBit-CrossOver-
#31	NEW    cov: 121 ft: 305 corp: 12/2236b lim: 333 exec/s: 0 rss: 29Mb L: 48/333 MS: 1 CopyPart-
#32	NEW    cov: 121 ft: 306 corp: 13/2285b lim: 333 exec/s: 0 rss: 29Mb L: 49/333 MS: 1 InsertByte-
#34	NEW    cov: 121 ft: 307 corp: 14/2608b lim: 333 exec/s: 0 rss: 29Mb L: 323/333 MS: 2 ChangeByte-CopyPart-
#40	NEW    cov: 121 ft: 313 corp: 15/2757b lim: 333 exec/s: 0 rss: 29Mb L: 149/333 MS: 1 CrossOver-
#42	NEW    cov: 122 ft: 316 corp: 16/3085b lim: 333 exec/s: 0 rss: 29Mb L: 328/333 MS: 2 ChangeByte-InsertRepeatedBytes-
#44	NEW    cov: 122 ft: 317 corp: 17/3318b lim: 333 exec/s: 0 rss: 29Mb L: 233/333 MS: 2 InsertRepeatedBytes-InsertRepeatedBytes-
#48	NEW    cov: 122 ft: 326 corp: 18/3449b lim: 333 exec/s: 0 rss: 29Mb L: 131/333 MS: 4 ShuffleBytes-ChangeASCIIInt-ChangeASCIIInt-CrossOver-
#51	NEW    cov: 122 ft: 327 corp: 19/3717b lim: 333 exec/s: 0 rss: 29Mb L: 268/333 MS: 3 InsertByte-ChangeByte-CrossOver-
#52	REDUCE cov: 122 ft: 327 corp: 19/3713b lim: 333 exec/s: 0 rss: 29Mb L: 44/333 MS: 1 EraseBytes-
#55	NEW    cov: 122 ft: 328 corp: 20/3995b lim: 333 exec/s: 0 rss: 29Mb L: 282/333 MS: 3 InsertByte-CopyPart-InsertByte-
#56	NEW    cov: 122 ft: 329 corp: 21/4310b lim: 333 exec/s: 0 rss: 29Mb L: 315/333 MS: 1 InsertRepeatedBytes-
#59	NEW    cov: 122 ft: 330 corp: 22/4389b lim: 333 exec/s: 0 rss: 29Mb L: 79/333 MS: 3 ChangeBinInt-ChangeBinInt-CrossOver-
#61	NEW    cov: 122 ft: 332 corp: 23/4541b lim: 333 exec/s: 0 rss: 29Mb L: 152/333 MS: 2 CrossOver-EraseBytes-
#64	NEW    cov: 122 ft: 337 corp: 24/4858b lim: 333 exec/s: 0 rss: 29Mb L: 317/333 MS: 3 CopyPart-CMP-CopyPart- DE: "\010\000"-
#70	NEW    cov: 122 ft: 338 corp: 25/4918b lim: 333 exec/s: 0 rss: 29Mb L: 60/333 MS: 1 CrossOver-
#76	NEW    cov: 122 ft: 339 corp: 26/5055b lim: 333 exec/s: 0 rss: 29Mb L: 137/333 MS: 1 InsertRepeatedBytes-
#85	REDUCE cov: 122 ft: 340 corp: 27/5199b lim: 333 exec/s: 0 rss: 29Mb L: 144/333 MS: 4 InsertRepeatedBytes-EraseBytes-ChangeByte-EraseBytes-
#93	NEW    cov: 122 ft: 341 corp: 28/5493b lim: 333 exec/s: 0 rss: 29Mb L: 294/333 MS: 3 CrossOver-PersAutoDict-InsertRepeatedBytes- DE: "\010\000"-
#95	NEW    cov: 122 ft: 342 corp: 29/5807b lim: 333 exec/s: 0 rss: 29Mb L: 314/333 MS: 2 EraseBytes-InsertRepeatedBytes-
#96	NEW    cov: 122 ft: 343 corp: 30/5900b lim: 333 exec/s: 0 rss: 29Mb L: 93/333 MS: 1 CopyPart-
#110	NEW    cov: 122 ft: 344 corp: 31/6221b lim: 333 exec/s: 0 rss: 29Mb L: 321/333 MS: 4 InsertRepeatedBytes-PersAutoDict-ChangeASCIIInt-InsertRepeatedBytes- DE: "\010\000"-
#111	NEW    cov: 122 ft: 358 corp: 32/6312b lim: 333 exec/s: 0 rss: 29Mb L: 91/333 MS: 1 EraseBytes-
#119	NEW    cov: 122 ft: 359 corp: 33/6628b lim: 333 exec/s: 0 rss: 29Mb L: 316/333 MS: 3 ChangeBit-ShuffleBytes-PersAutoDict- DE: "\010\000"-
#134	NEW    cov: 122 ft: 360 corp: 34/6738b lim: 333 exec/s: 0 rss: 29Mb L: 110/333 MS: 5 PersAutoDict-ChangeByte-EraseBytes-ChangeByte-InsertRepeatedBytes- DE: "\010\000"-
#151	REDUCE cov: 122 ft: 360 corp: 34/6736b lim: 333 exec/s: 0 rss: 29Mb L: 313/333 MS: 2 ShuffleBytes-EraseBytes-
#159	REDUCE cov: 122 ft: 360 corp: 34/6587b lim: 333 exec/s: 0 rss: 29Mb L: 155/333 MS: 3 ShuffleBytes-ChangeBinInt-EraseBytes-
#176	REDUCE cov: 122 ft: 363 corp: 35/6897b lim: 333 exec/s: 0 rss: 29Mb L: 310/333 MS: 2 CopyPart-CrossOver-
#190	NEW    cov: 122 ft: 398 corp: 36/7212b lim: 333 exec/s: 0 rss: 29Mb L: 315/333 MS: 4 ShuffleBytes-ChangeBit-InsertRepeatedBytes-CMP- DE: "!\000\000\000"-
#233	NEW    cov: 122 ft: 401 corp: 37/7495b lim: 333 exec/s: 0 rss: 29Mb L: 283/333 MS: 3 ChangeBinInt-ChangeBit-InsertByte-
#244	REDUCE cov: 122 ft: 401 corp: 37/7476b lim: 333 exec/s: 0 rss: 29Mb L: 130/333 MS: 1 EraseBytes-
#283	NEW    cov: 122 ft: 421 corp: 38/7504b lim: 333 exec/s: 0 rss: 29Mb L: 28/333 MS: 4 ChangeBinInt-CrossOver-ChangeByte-EraseBytes-
#289	NEW    cov: 122 ft: 422 corp: 39/7776b lim: 333 exec/s: 0 rss: 29Mb L: 272/333 MS: 1 CMP- DE: "mdat"-
#300	NEW    cov: 122 ft: 423 corp: 40/7827b lim: 333 exec/s: 0 rss: 29Mb L: 51/333 MS: 1 EraseBytes-
#319	NEW    cov: 122 ft: 425 corp: 41/7869b lim: 333 exec/s: 0 rss: 29Mb L: 42/333 MS: 4 CrossOver-PersAutoDict-EraseBytes-CrossOver- DE: "mdat"-
#320	NEW    cov: 122 ft: 426 corp: 42/7914b lim: 333 exec/s: 0 rss: 29Mb L: 45/333 MS: 1 EraseBytes-
#328	NEW    cov: 122 ft: 427 corp: 43/8237b lim: 333 exec/s: 0 rss: 29Mb L: 323/333 MS: 3 CopyPart-InsertByte-CopyPart-
#389	NEW    cov: 122 ft: 437 corp: 44/8569b lim: 333 exec/s: 0 rss: 29Mb L: 332/333 MS: 1 InsertRepeatedBytes-
#400	REDUCE cov: 122 ft: 437 corp: 44/8566b lim: 333 exec/s: 0 rss: 29Mb L: 141/333 MS: 1 EraseBytes-
#405	NEW    cov: 122 ft: 446 corp: 45/8585b lim: 333 exec/s: 0 rss: 29Mb L: 19/333 MS: 5 ChangeBinInt-ChangeBit-ChangeBit-ShuffleBytes-CrossOver-
#447	REDUCE cov: 122 ft: 447 corp: 46/8900b lim: 333 exec/s: 0 rss: 29Mb L: 315/333 MS: 2 EraseBytes-CMP- DE: "\011\000\000\000"-
#554	NEW    cov: 122 ft: 449 corp: 47/8916b lim: 333 exec/s: 0 rss: 29Mb L: 16/333 MS: 2 ChangeBit-EraseBytes-
#558	NEW    cov: 122 ft: 453 corp: 48/9210b lim: 333 exec/s: 0 rss: 29Mb L: 294/333 MS: 4 ChangeASCIIInt-ShuffleBytes-CrossOver-CrossOver-
#588	REDUCE cov: 122 ft: 455 corp: 49/9231b lim: 333 exec/s: 0 rss: 29Mb L: 21/333 MS: 5 CopyPart-EraseBytes-EraseBytes-PersAutoDict-ChangeBinInt- DE: "\010\000"-
#611	NEW    cov: 122 ft: 456 corp: 50/9483b lim: 333 exec/s: 0 rss: 29Mb L: 252/333 MS: 3 CMP-ChangeByte-EraseBytes- DE: "\000\000\000\000\000\000\000\020"-
#633	NEW    cov: 122 ft: 457 corp: 51/9813b lim: 333 exec/s: 0 rss: 29Mb L: 330/333 MS: 2 InsertByte-CopyPart-
#652	REDUCE cov: 122 ft: 457 corp: 51/9755b lim: 333 exec/s: 0 rss: 29Mb L: 259/333 MS: 4 ChangeASCIIInt-CMP-ChangeBit-EraseBytes- DE: "mdia"-
#710	REDUCE cov: 122 ft: 458 corp: 52/10046b lim: 333 exec/s: 0 rss: 29Mb L: 291/333 MS: 3 ChangeBit-InsertByte-InsertRepeatedBytes-
#729	REDUCE cov: 122 ft: 458 corp: 52/9966b lim: 333 exec/s: 0 rss: 29Mb L: 188/333 MS: 4 ChangeBinInt-EraseBytes-ChangeASCIIInt-PersAutoDict- DE: "mdia"-
#730	NEW    cov: 122 ft: 459 corp: 53/9982b lim: 333 exec/s: 0 rss: 29Mb L: 16/333 MS: 1 CrossOver-
#745	REDUCE cov: 122 ft: 459 corp: 53/9878b lim: 333 exec/s: 0 rss: 29Mb L: 228/333 MS: 5 PersAutoDict-ChangeBit-CrossOver-ShuffleBytes-CrossOver- DE: "\011\000\000\000"-
#792	REDUCE cov: 123 ft: 460 corp: 54/9882b lim: 333 exec/s: 0 rss: 29Mb L: 4/333 MS: 2 CrossOver-CrossOver-
#803	NEW    cov: 124 ft: 461 corp: 55/10205b lim: 333 exec/s: 0 rss: 29Mb L: 323/333 MS: 1 ShuffleBytes-
#824	REDUCE cov: 124 ft: 461 corp: 55/10203b lim: 333 exec/s: 0 rss: 29Mb L: 2/333 MS: 1 EraseBytes-
#845	REDUCE cov: 124 ft: 461 corp: 55/10200b lim: 333 exec/s: 0 rss: 29Mb L: 280/333 MS: 1 EraseBytes-
#936	NEW    cov: 124 ft: 469 corp: 56/10215b lim: 333 exec/s: 0 rss: 29Mb L: 15/333 MS: 1 EraseBytes-
#1027	REDUCE cov: 124 ft: 469 corp: 56/10211b lim: 333 exec/s: 0 rss: 29Mb L: 12/333 MS: 1 EraseBytes-
#1036	REDUCE cov: 124 ft: 469 corp: 56/10166b lim: 333 exec/s: 0 rss: 29Mb L: 92/333 MS: 4 ChangeByte-CopyPart-CrossOver-InsertRepeatedBytes-
#1037	REDUCE cov: 124 ft: 469 corp: 56/10159b lim: 333 exec/s: 0 rss: 29Mb L: 14/333 MS: 1 EraseBytes-
#1088	REDUCE cov: 124 ft: 469 corp: 56/10158b lim: 333 exec/s: 0 rss: 29Mb L: 1/333 MS: 1 EraseBytes-
#1099	NEW    cov: 124 ft: 470 corp: 57/10484b lim: 333 exec/s: 0 rss: 29Mb L: 326/333 MS: 1 InsertRepeatedBytes-
#1100	REDUCE cov: 124 ft: 470 corp: 57/10378b lim: 333 exec/s: 0 rss: 29Mb L: 176/333 MS: 1 EraseBytes-
#1104	REDUCE cov: 124 ft: 470 corp: 57/10372b lim: 333 exec/s: 0 rss: 29Mb L: 39/333 MS: 4 CMP-InsertByte-CopyPart-EraseBytes- DE: "\377\377}\002\020\000|\240"-
#1228	REDUCE cov: 124 ft: 470 corp: 57/10368b lim: 333 exec/s: 0 rss: 29Mb L: 11/333 MS: 4 ShuffleBytes-CrossOver-CrossOver-EraseBytes-
#1276	NEW    cov: 124 ft: 476 corp: 58/10603b lim: 333 exec/s: 0 rss: 29Mb L: 235/333 MS: 3 InsertRepeatedBytes-PersAutoDict-CopyPart- DE: "mdat"-
#1289	REDUCE cov: 124 ft: 476 corp: 58/10559b lim: 333 exec/s: 0 rss: 29Mb L: 191/333 MS: 3 PersAutoDict-ShuffleBytes-EraseBytes- DE: "!\000\000\000"-
#1311	REDUCE cov: 124 ft: 476 corp: 58/10517b lim: 333 exec/s: 0 rss: 29Mb L: 273/333 MS: 2 InsertRepeatedBytes-EraseBytes-
#1338	REDUCE cov: 124 ft: 476 corp: 58/10457b lim: 333 exec/s: 0 rss: 29Mb L: 131/333 MS: 2 CMP-EraseBytes- DE: "DDDD"-
#1425	REDUCE cov: 124 ft: 476 corp: 58/10434b lim: 333 exec/s: 0 rss: 29Mb L: 16/333 MS: 2 InsertRepeatedBytes-CrossOver-
#1460	NEW    cov: 124 ft: 477 corp: 59/10445b lim: 333 exec/s: 0 rss: 29Mb L: 11/333 MS: 5 ChangeByte-ChangeBinInt-ChangeBinInt-ShuffleBytes-EraseBytes-
#1477	REDUCE cov: 124 ft: 477 corp: 59/10439b lim: 333 exec/s: 0 rss: 29Mb L: 10/333 MS: 2 ChangeBit-EraseBytes-
#1581	REDUCE cov: 124 ft: 477 corp: 59/10438b lim: 333 exec/s: 0 rss: 29Mb L: 9/333 MS: 4 PersAutoDict-ChangeBinInt-ChangeBit-EraseBytes- DE: "\010\000"-
#1601	REDUCE cov: 124 ft: 477 corp: 59/10280b lim: 333 exec/s: 0 rss: 29Mb L: 168/333 MS: 5 PersAutoDict-EraseBytes-ChangeBinInt-PersAutoDict-InsertByte- DE: "!\000\000\000"-"\011\000\000\000"-
#1699	REDUCE cov: 124 ft: 477 corp: 59/10258b lim: 333 exec/s: 0 rss: 29Mb L: 119/333 MS: 3 ChangeBinInt-ChangeBinInt-EraseBytes-
#1712	REDUCE cov: 124 ft: 477 corp: 59/10176b lim: 333 exec/s: 0 rss: 29Mb L: 170/333 MS: 3 ChangeBinInt-ChangeByte-EraseBytes-
#1736	REDUCE cov: 124 ft: 477 corp: 59/10087b lim: 333 exec/s: 0 rss: 29Mb L: 234/333 MS: 4 PersAutoDict-InsertByte-ChangeBit-EraseBytes- DE: "mdat"-
#1790	NEW    cov: 124 ft: 478 corp: 60/10095b lim: 333 exec/s: 0 rss: 29Mb L: 8/333 MS: 4 ShuffleBytes-CrossOver-InsertByte-InsertByte-
#1798	REDUCE cov: 124 ft: 478 corp: 60/10093b lim: 333 exec/s: 0 rss: 29Mb L: 153/333 MS: 3 ChangeByte-InsertByte-EraseBytes-
#1831	REDUCE cov: 124 ft: 478 corp: 60/10092b lim: 333 exec/s: 0 rss: 29Mb L: 10/333 MS: 3 ChangeBit-ChangeBinInt-EraseBytes-
#1857	REDUCE cov: 124 ft: 478 corp: 60/10083b lim: 333 exec/s: 0 rss: 29Mb L: 161/333 MS: 1 EraseBytes-
#1899	REDUCE cov: 124 ft: 478 corp: 60/10057b lim: 333 exec/s: 0 rss: 29Mb L: 93/333 MS: 2 CopyPart-EraseBytes-
#1918	REDUCE cov: 124 ft: 478 corp: 60/10043b lim: 333 exec/s: 0 rss: 29Mb L: 227/333 MS: 4 CopyPart-ChangeBit-CopyPart-EraseBytes-
#1934	REDUCE cov: 124 ft: 478 corp: 60/9932b lim: 333 exec/s: 0 rss: 29Mb L: 148/333 MS: 1 EraseBytes-
#1942	NEW    cov: 124 ft: 479 corp: 61/10261b lim: 333 exec/s: 0 rss: 29Mb L: 329/333 MS: 3 ChangeByte-CopyPart-InsertByte-
#1983	REDUCE cov: 124 ft: 479 corp: 61/10244b lim: 333 exec/s: 0 rss: 29Mb L: 25/333 MS: 1 EraseBytes-
#2043	REDUCE cov: 124 ft: 479 corp: 61/10241b lim: 333 exec/s: 0 rss: 29Mb L: 9/333 MS: 5 PersAutoDict-ChangeByte-ChangeByte-CopyPart-EraseBytes- DE: "\011\000\000\000"-
#2089	REDUCE cov: 124 ft: 479 corp: 61/10239b lim: 333 exec/s: 0 rss: 29Mb L: 17/333 MS: 1 EraseBytes-
#2181	REDUCE cov: 124 ft: 479 corp: 61/10211b lim: 333 exec/s: 0 rss: 29Mb L: 120/333 MS: 2 ChangeBit-EraseBytes-
#2225	REDUCE cov: 124 ft: 479 corp: 61/10152b lim: 333 exec/s: 0 rss: 29Mb L: 94/333 MS: 4 ChangeBinInt-InsertRepeatedBytes-ChangeBit-CrossOver-
#2261	REDUCE cov: 124 ft: 479 corp: 61/10144b lim: 333 exec/s: 0 rss: 29Mb L: 112/333 MS: 1 EraseBytes-
#2333	NEW    cov: 124 ft: 480 corp: 62/10423b lim: 333 exec/s: 0 rss: 29Mb L: 279/333 MS: 2 ChangeBinInt-CrossOver-
#2365	NEW    cov: 124 ft: 481 corp: 63/10756b lim: 333 exec/s: 0 rss: 29Mb L: 333/333 MS: 2 ChangeASCIIInt-CrossOver-
#2477	REDUCE cov: 124 ft: 481 corp: 63/10755b lim: 333 exec/s: 0 rss: 29Mb L: 13/333 MS: 2 ChangeByte-EraseBytes-
#2587	REDUCE cov: 124 ft: 481 corp: 63/10731b lim: 333 exec/s: 0 rss: 29Mb L: 69/333 MS: 5 InsertByte-PersAutoDict-CrossOver-ChangeBinInt-EraseBytes- DE: "\010\000"-
#2755	REDUCE cov: 124 ft: 483 corp: 64/10768b lim: 333 exec/s: 0 rss: 29Mb L: 37/333 MS: 3 ChangeByte-CMP-PersAutoDict- DE: "\335\353?\317\207W\000\000"-"mdat"-
#2760	REDUCE cov: 124 ft: 483 corp: 64/10761b lim: 333 exec/s: 0 rss: 29Mb L: 87/333 MS: 5 CMP-PersAutoDict-InsertRepeatedBytes-ShuffleBytes-EraseBytes- DE: "_\334\001\020\002~\000\000"-"\377\377}\002\020\000|\240"-
#2765	REDUCE cov: 124 ft: 483 corp: 64/10760b lim: 333 exec/s: 0 rss: 29Mb L: 86/333 MS: 5 ChangeByte-CMP-ChangeBinInt-ChangeByte-EraseBytes- DE: "\334\353?\317\207W\000\000"-
#2828	NEW    cov: 124 ft: 486 corp: 65/11009b lim: 333 exec/s: 0 rss: 29Mb L: 249/333 MS: 3 InsertByte-EraseBytes-CrossOver-
#2867	REDUCE cov: 124 ft: 486 corp: 65/10986b lim: 333 exec/s: 0 rss: 29Mb L: 28/333 MS: 4 InsertByte-ShuffleBytes-CopyPart-EraseBytes-
#2893	REDUCE cov: 124 ft: 486 corp: 65/10985b lim: 333 exec/s: 0 rss: 29Mb L: 9/333 MS: 1 EraseBytes-
#2969	REDUCE cov: 124 ft: 486 corp: 65/10981b lim: 333 exec/s: 0 rss: 29Mb L: 9/333 MS: 1 EraseBytes-
#3059	REDUCE cov: 124 ft: 486 corp: 65/10975b lim: 333 exec/s: 0 rss: 29Mb L: 85/333 MS: 5 ChangeBit-ShuffleBytes-CopyPart-PersAutoDict-EraseBytes- DE: "mdia"-
#3074	REDUCE cov: 124 ft: 486 corp: 65/10971b lim: 333 exec/s: 0 rss: 29Mb L: 309/333 MS: 5 CMP-InsertByte-EraseBytes-ChangeByte-PersAutoDict- DE: "\000\000\000\025"-"\010\000"-
#3077	REDUCE cov: 124 ft: 486 corp: 65/10851b lim: 333 exec/s: 0 rss: 29Mb L: 174/333 MS: 3 EraseBytes-ChangeBit-InsertByte-
#3231	REDUCE cov: 124 ft: 486 corp: 65/10823b lim: 333 exec/s: 0 rss: 29Mb L: 41/333 MS: 4 ShuffleBytes-PersAutoDict-CMP-EraseBytes- DE: "\000\000\000\000\000\000\000\020"-"\177\377\377\377\377\377\377\377"-
#3232	REDUCE cov: 124 ft: 486 corp: 65/10811b lim: 333 exec/s: 0 rss: 29Mb L: 74/333 MS: 1 EraseBytes-
#3404	REDUCE cov: 124 ft: 486 corp: 65/10689b lim: 333 exec/s: 0 rss: 29Mb L: 158/333 MS: 2 ShuffleBytes-EraseBytes-
#3439	REDUCE cov: 124 ft: 486 corp: 65/10602b lim: 333 exec/s: 0 rss: 29Mb L: 234/333 MS: 5 CopyPart-InsertRepeatedBytes-InsertByte-CMP-EraseBytes- DE: "\027\000\000\000"-
#3464	REDUCE cov: 124 ft: 486 corp: 65/10562b lim: 333 exec/s: 0 rss: 29Mb L: 148/333 MS: 5 CopyPart-CrossOver-ChangeBit-InsertByte-EraseBytes-
#3471	REDUCE cov: 124 ft: 486 corp: 65/10555b lim: 333 exec/s: 0 rss: 29Mb L: 9/333 MS: 2 ShuffleBytes-EraseBytes-
#3502	REDUCE cov: 124 ft: 486 corp: 65/10548b lim: 333 exec/s: 0 rss: 29Mb L: 30/333 MS: 1 EraseBytes-
#3545	REDUCE cov: 124 ft: 486 corp: 65/10511b lim: 333 exec/s: 0 rss: 29Mb L: 139/333 MS: 3 CopyPart-ChangeByte-EraseBytes-
#3566	REDUCE cov: 124 ft: 486 corp: 65/10475b lim: 333 exec/s: 0 rss: 29Mb L: 192/333 MS: 1 EraseBytes-
#3587	REDUCE cov: 124 ft: 486 corp: 65/10444b lim: 333 exec/s: 0 rss: 29Mb L: 283/333 MS: 1 CrossOver-
#3689	REDUCE cov: 124 ft: 486 corp: 65/10438b lim: 333 exec/s: 0 rss: 29Mb L: 68/333 MS: 2 CopyPart-EraseBytes-
#3875	REDUCE cov: 124 ft: 486 corp: 65/10437b lim: 333 exec/s: 0 rss: 29Mb L: 8/333 MS: 1 EraseBytes-
#3919	NEW    cov: 124 ft: 487 corp: 66/10769b lim: 333 exec/s: 0 rss: 29Mb L: 332/333 MS: 4 CopyPart-ChangeASCIIInt-InsertRepeatedBytes-InsertByte-
#3925	REDUCE cov: 124 ft: 487 corp: 66/10760b lim: 333 exec/s: 0 rss: 29Mb L: 76/333 MS: 1 EraseBytes-
#4080	REDUCE cov: 124 ft: 487 corp: 66/10759b lim: 333 exec/s: 0 rss: 29Mb L: 270/333 MS: 5 EraseBytes-CMP-CrossOver-PersAutoDict-InsertRepeatedBytes- DE: "\001\011"-"\011\000\000\000"-
#4084	NEW    cov: 124 ft: 500 corp: 67/10902b lim: 333 exec/s: 0 rss: 29Mb L: 143/333 MS: 4 ChangeBit-ChangeBit-CMP-CMP- DE: "\277\007\001\020\002~\000\000"-"pixi"-
#4131	REDUCE cov: 124 ft: 500 corp: 67/10901b lim: 333 exec/s: 0 rss: 29Mb L: 24/333 MS: 2 EraseBytes-InsertByte-
#4243	REDUCE cov: 124 ft: 500 corp: 67/10900b lim: 333 exec/s: 0 rss: 29Mb L: 8/333 MS: 2 ShuffleBytes-EraseBytes-
#4354	REDUCE cov: 124 ft: 500 corp: 67/10854b lim: 333 exec/s: 0 rss: 29Mb L: 224/333 MS: 1 CrossOver-
#4370	REDUCE cov: 124 ft: 500 corp: 67/10825b lim: 333 exec/s: 0 rss: 29Mb L: 287/333 MS: 1 EraseBytes-
#4377	REDUCE cov: 124 ft: 500 corp: 67/10819b lim: 333 exec/s: 0 rss: 29Mb L: 288/333 MS: 2 ChangeASCIIInt-EraseBytes-
#4463	NEW    cov: 124 ft: 505 corp: 68/11039b lim: 333 exec/s: 0 rss: 29Mb L: 220/333 MS: 1 PersAutoDict- DE: "pixi"-
#4556	REDUCE cov: 124 ft: 505 corp: 68/11035b lim: 333 exec/s: 0 rss: 29Mb L: 26/333 MS: 3 InsertByte-InsertByte-EraseBytes-
#4595	REDUCE cov: 124 ft: 505 corp: 68/11017b lim: 333 exec/s: 0 rss: 29Mb L: 50/333 MS: 4 ChangeBit-ChangeBit-PersAutoDict-EraseBytes- DE: "\010\000"-
#4627	REDUCE cov: 124 ft: 505 corp: 68/10996b lim: 333 exec/s: 0 rss: 29Mb L: 26/333 MS: 2 ChangeASCIIInt-EraseBytes-
==705180== ERROR: libFuzzer: out-of-memory (used: 1926Mb; limit: 1024Mb)
   To change the out-of-memory limit use -rss_limit_mb=<N>

MS: 2 ChangeBinInt-CMP- DE: "\011\000"-; base unit: bf4411a70f95d2da6c1ce868807332252a2a27ff
artifact_prefix='/results/crashes/20260313_180415_38008910_'; Test unit written to /results/crashes/20260313_180415_38008910_oom-ab388f125d7d449ef37b92fcb9246611ff8de8de
SUMMARY: libFuzzer: out-of-memory
stat::number_of_executed_units: 4654
stat::average_exec_per_sec:     2327
stat::new_units_added:          136
stat::slowest_unit_time_sec:    0
stat::peak_rss_mb:              1926
