INFO: Running with entropic power schedule (0xFF, 100).
INFO: Seed: 545654435
INFO: Loaded 1 modules   (252 inline 8-bit counters): 252 [0x5bcd25575678, 0x5bcd25575774), 
INFO: Loaded 1 PC tables (252 PCs): 252 [0x5bcd25575778,0x5bcd25576738), 
INFO:        4 files found in /tmp/corpus_20260313_182247_03011997
INFO: seed corpus: files: 4 min: 48b max: 333b total: 853b rss: 28Mb
#5	INITED cov: 117 ft: 250 corp: 4/853b exec/s: 0 rss: 29Mb
#6	NEW    cov: 117 ft: 252 corp: 5/1105b lim: 333 exec/s: 0 rss: 29Mb L: 252/333 MS: 1 CopyPart-
#7	NEW    cov: 117 ft: 253 corp: 6/1438b lim: 333 exec/s: 0 rss: 29Mb L: 333/333 MS: 1 ChangeBit-
#8	NEW    cov: 117 ft: 260 corp: 7/1666b lim: 333 exec/s: 0 rss: 29Mb L: 228/333 MS: 1 CMP- DE: "\377\377\377\377\377\377\377\017"-
#11	NEW    cov: 117 ft: 261 corp: 8/1870b lim: 333 exec/s: 0 rss: 29Mb L: 204/333 MS: 3 EraseBytes-CMP-CopyPart- DE: "\"8\277U8\240\372\215"-
#12	NEW    cov: 117 ft: 275 corp: 9/2041b lim: 333 exec/s: 0 rss: 29Mb L: 171/333 MS: 1 EraseBytes-
#17	NEW    cov: 117 ft: 278 corp: 10/2204b lim: 333 exec/s: 0 rss: 29Mb L: 163/333 MS: 5 PersAutoDict-CrossOver-ChangeASCIIInt-PersAutoDict-EraseBytes- DE: "\377\377\377\377\377\377\377\017"-"\"8\277U8\240\372\215"-
#19	NEW    cov: 117 ft: 282 corp: 11/2457b lim: 333 exec/s: 0 rss: 29Mb L: 253/333 MS: 2 InsertByte-CrossOver-
#20	NEW    cov: 117 ft: 300 corp: 12/2593b lim: 333 exec/s: 0 rss: 29Mb L: 136/333 MS: 1 EraseBytes-
#29	NEW    cov: 119 ft: 304 corp: 13/2911b lim: 333 exec/s: 0 rss: 29Mb L: 318/333 MS: 4 CopyPart-InsertByte-EraseBytes-CopyPart-
#30	NEW    cov: 119 ft: 307 corp: 14/3072b lim: 333 exec/s: 0 rss: 29Mb L: 161/333 MS: 1 EraseBytes-
#36	NEW    cov: 119 ft: 318 corp: 15/3120b lim: 333 exec/s: 0 rss: 29Mb L: 48/333 MS: 1 ShuffleBytes-
#39	NEW    cov: 119 ft: 329 corp: 16/3200b lim: 333 exec/s: 0 rss: 29Mb L: 80/333 MS: 3 ChangeASCIIInt-CopyPart-EraseBytes-
#40	REDUCE cov: 119 ft: 329 corp: 16/3119b lim: 333 exec/s: 0 rss: 29Mb L: 82/333 MS: 1 EraseBytes-
#42	NEW    cov: 119 ft: 330 corp: 17/3410b lim: 333 exec/s: 0 rss: 29Mb L: 291/333 MS: 2 CopyPart-InsertRepeatedBytes-
#47	NEW    cov: 119 ft: 331 corp: 18/3606b lim: 333 exec/s: 0 rss: 29Mb L: 196/333 MS: 5 PersAutoDict-CrossOver-ChangeBit-EraseBytes-InsertRepeatedBytes- DE: "\377\377\377\377\377\377\377\017"-
#50	NEW    cov: 119 ft: 374 corp: 19/3622b lim: 333 exec/s: 0 rss: 29Mb L: 16/333 MS: 3 CrossOver-PersAutoDict-CrossOver- DE: "\377\377\377\377\377\377\377\017"-
#61	NEW    cov: 119 ft: 377 corp: 20/3867b lim: 333 exec/s: 0 rss: 29Mb L: 245/333 MS: 1 CopyPart-
#62	NEW    cov: 119 ft: 386 corp: 21/4029b lim: 333 exec/s: 0 rss: 29Mb L: 162/333 MS: 1 EraseBytes-
#66	NEW    cov: 119 ft: 387 corp: 22/4254b lim: 333 exec/s: 0 rss: 29Mb L: 225/333 MS: 4 ChangeByte-ChangeByte-EraseBytes-CMP- DE: "\011\000\000\000"-
#74	NEW    cov: 119 ft: 388 corp: 23/4427b lim: 333 exec/s: 0 rss: 29Mb L: 173/333 MS: 3 InsertByte-ShuffleBytes-InsertByte-
#78	NEW    cov: 119 ft: 409 corp: 24/4453b lim: 333 exec/s: 0 rss: 29Mb L: 26/333 MS: 4 InsertByte-ChangeByte-ChangeByte-EraseBytes-
#109	REDUCE cov: 119 ft: 409 corp: 24/4440b lim: 333 exec/s: 0 rss: 29Mb L: 160/333 MS: 1 EraseBytes-
#117	NEW    cov: 120 ft: 425 corp: 25/4736b lim: 333 exec/s: 0 rss: 29Mb L: 296/333 MS: 3 ChangeBit-ChangeByte-InsertRepeatedBytes-
#122	NEW    cov: 120 ft: 426 corp: 26/4838b lim: 333 exec/s: 0 rss: 29Mb L: 102/333 MS: 5 ChangeBinInt-ChangeASCIIInt-CrossOver-ChangeBinInt-EraseBytes-
#128	NEW    cov: 120 ft: 427 corp: 27/5157b lim: 333 exec/s: 0 rss: 29Mb L: 319/333 MS: 1 InsertByte-
#130	NEW    cov: 120 ft: 428 corp: 28/5173b lim: 333 exec/s: 0 rss: 29Mb L: 16/333 MS: 2 ChangeBit-ChangeByte-
#134	NEW    cov: 120 ft: 434 corp: 29/5232b lim: 333 exec/s: 0 rss: 29Mb L: 59/333 MS: 4 CopyPart-PersAutoDict-ShuffleBytes-InsertRepeatedBytes- DE: "\377\377\377\377\377\377\377\017"-
#144	NEW    cov: 120 ft: 435 corp: 30/5546b lim: 333 exec/s: 0 rss: 29Mb L: 314/333 MS: 5 CopyPart-PersAutoDict-ChangeBinInt-ChangeByte-CopyPart- DE: "\377\377\377\377\377\377\377\017"-
#147	NEW    cov: 120 ft: 437 corp: 31/5781b lim: 333 exec/s: 0 rss: 29Mb L: 235/333 MS: 3 EraseBytes-CrossOver-InsertRepeatedBytes-
#192	NEW    cov: 120 ft: 438 corp: 32/5837b lim: 333 exec/s: 0 rss: 29Mb L: 56/333 MS: 5 InsertByte-ChangeBit-InsertByte-CMP-CrossOver- DE: "stss"-
#196	NEW    cov: 120 ft: 439 corp: 33/5865b lim: 333 exec/s: 0 rss: 29Mb L: 28/333 MS: 4 PersAutoDict-PersAutoDict-InsertByte-InsertRepeatedBytes- DE: "\"8\277U8\240\372\215"-"stss"-
#201	NEW    cov: 120 ft: 440 corp: 34/6119b lim: 333 exec/s: 0 rss: 29Mb L: 254/333 MS: 5 ChangeASCIIInt-ChangeASCIIInt-ChangeBinInt-ShuffleBytes-InsertByte-
#247	NEW    cov: 120 ft: 448 corp: 35/6129b lim: 333 exec/s: 0 rss: 29Mb L: 10/333 MS: 1 EraseBytes-
#250	NEW    cov: 121 ft: 449 corp: 36/6259b lim: 333 exec/s: 0 rss: 29Mb L: 130/333 MS: 3 ChangeBinInt-ChangeBinInt-EraseBytes-
#266	NEW    cov: 121 ft: 450 corp: 37/6396b lim: 333 exec/s: 0 rss: 29Mb L: 137/333 MS: 1 InsertByte-
#291	NEW    cov: 121 ft: 451 corp: 38/6505b lim: 333 exec/s: 0 rss: 29Mb L: 109/333 MS: 5 InsertByte-PersAutoDict-PersAutoDict-PersAutoDict-CrossOver- DE: "\377\377\377\377\377\377\377\017"-"\"8\277U8\240\372\215"-"stss"-
#292	NEW    cov: 121 ft: 458 corp: 39/6531b lim: 333 exec/s: 0 rss: 29Mb L: 26/333 MS: 1 ChangeBinInt-
#301	NEW    cov: 121 ft: 459 corp: 40/6567b lim: 333 exec/s: 0 rss: 29Mb L: 36/333 MS: 4 CMP-ChangeBit-CMP-InsertRepeatedBytes- DE: "V\343HO\315[\000\000"-"\015\000\000\000"-
#347	NEW    cov: 121 ft: 460 corp: 41/6854b lim: 333 exec/s: 0 rss: 29Mb L: 287/333 MS: 1 InsertRepeatedBytes-
#368	NEW    cov: 121 ft: 461 corp: 42/6948b lim: 333 exec/s: 0 rss: 29Mb L: 94/333 MS: 1 CopyPart-
#370	NEW    cov: 121 ft: 462 corp: 43/7109b lim: 333 exec/s: 0 rss: 29Mb L: 161/333 MS: 2 CMP-CrossOver- DE: "sinf"-
#401	NEW    cov: 121 ft: 463 corp: 44/7354b lim: 333 exec/s: 0 rss: 29Mb L: 245/333 MS: 1 ChangeBit-
#419	NEW    cov: 121 ft: 464 corp: 45/7665b lim: 333 exec/s: 0 rss: 29Mb L: 311/333 MS: 3 CrossOver-InsertRepeatedBytes-CopyPart-
#429	REDUCE cov: 121 ft: 464 corp: 45/7647b lim: 333 exec/s: 0 rss: 29Mb L: 296/333 MS: 5 InsertByte-CrossOver-PersAutoDict-ChangeByte-EraseBytes- DE: "\377\377\377\377\377\377\377\017"-
#486	REDUCE cov: 121 ft: 464 corp: 45/7642b lim: 333 exec/s: 0 rss: 29Mb L: 11/333 MS: 2 ChangeBit-EraseBytes-
#519	NEW    cov: 121 ft: 465 corp: 46/7690b lim: 333 exec/s: 0 rss: 29Mb L: 48/333 MS: 3 CrossOver-EraseBytes-PersAutoDict- DE: "V\343HO\315[\000\000"-
#552	REDUCE cov: 121 ft: 465 corp: 46/7689b lim: 333 exec/s: 0 rss: 29Mb L: 136/333 MS: 3 ChangeBinInt-CopyPart-EraseBytes-
#785	NEW    cov: 121 ft: 467 corp: 47/7697b lim: 333 exec/s: 0 rss: 29Mb L: 8/333 MS: 3 ChangeASCIIInt-ChangeBit-EraseBytes-
#823	REDUCE cov: 121 ft: 467 corp: 47/7685b lim: 333 exec/s: 0 rss: 29Mb L: 284/333 MS: 3 PersAutoDict-EraseBytes-CrossOver- DE: "\011\000\000\000"-
#845	NEW    cov: 121 ft: 468 corp: 48/8018b lim: 333 exec/s: 0 rss: 29Mb L: 333/333 MS: 2 CopyPart-ShuffleBytes-
#850	NEW    cov: 121 ft: 469 corp: 49/8325b lim: 333 exec/s: 0 rss: 29Mb L: 307/333 MS: 5 CopyPart-CMP-PersAutoDict-PersAutoDict-CopyPart- DE: "mdia"-"\015\000\000\000"-"\015\000\000\000"-
#865	REDUCE cov: 121 ft: 469 corp: 49/8323b lim: 333 exec/s: 0 rss: 29Mb L: 57/333 MS: 5 InsertRepeatedBytes-EraseBytes-CopyPart-EraseBytes-EraseBytes-
#874	NEW    cov: 121 ft: 475 corp: 50/8635b lim: 333 exec/s: 0 rss: 29Mb L: 312/333 MS: 4 CopyPart-ShuffleBytes-ShuffleBytes-ChangeBit-
#905	REDUCE cov: 121 ft: 475 corp: 50/8628b lim: 333 exec/s: 0 rss: 29Mb L: 154/333 MS: 1 EraseBytes-
#979	NEW    cov: 122 ft: 476 corp: 51/8634b lim: 333 exec/s: 0 rss: 29Mb L: 6/333 MS: 4 ChangeBinInt-ShuffleBytes-ChangeByte-EraseBytes-
#982	NEW    cov: 122 ft: 481 corp: 52/8929b lim: 333 exec/s: 0 rss: 29Mb L: 295/333 MS: 3 CMP-PersAutoDict-CMP- DE: "moUi"-"\015\000\000\000"-"urn "-
#1018	REDUCE cov: 122 ft: 481 corp: 52/8927b lim: 333 exec/s: 0 rss: 29Mb L: 9/333 MS: 1 EraseBytes-
#1055	REDUCE cov: 122 ft: 481 corp: 52/8907b lim: 333 exec/s: 0 rss: 29Mb L: 184/333 MS: 2 ShuffleBytes-EraseBytes-
#1095	NEW    cov: 122 ft: 482 corp: 53/9240b lim: 333 exec/s: 0 rss: 29Mb L: 333/333 MS: 5 EraseBytes-InsertByte-EraseBytes-ChangeByte-InsertRepeatedBytes-
#1248	NEW    cov: 122 ft: 483 corp: 54/9501b lim: 333 exec/s: 0 rss: 29Mb L: 261/333 MS: 3 ChangeASCIIInt-PersAutoDict-PersAutoDict- DE: "sinf"-"sinf"-
#1303	REDUCE cov: 123 ft: 484 corp: 55/9689b lim: 333 exec/s: 0 rss: 29Mb L: 188/333 MS: 5 ChangeBit-ChangeBinInt-ChangeASCIIInt-ChangeByte-PersAutoDict- DE: "stss"-
#1433	REDUCE cov: 123 ft: 484 corp: 55/9429b lim: 333 exec/s: 0 rss: 29Mb L: 73/333 MS: 5 ChangeByte-PersAutoDict-CopyPart-EraseBytes-CrossOver- DE: "\015\000\000\000"-
#1554	REDUCE cov: 123 ft: 484 corp: 55/9365b lim: 333 exec/s: 0 rss: 29Mb L: 98/333 MS: 1 EraseBytes-
#1556	REDUCE cov: 123 ft: 484 corp: 55/9293b lim: 333 exec/s: 0 rss: 29Mb L: 239/333 MS: 2 EraseBytes-InsertByte-
#1605	REDUCE cov: 123 ft: 484 corp: 55/9282b lim: 333 exec/s: 0 rss: 29Mb L: 322/333 MS: 4 CMP-ChangeBinInt-ShuffleBytes-EraseBytes- DE: "\366\000\000\000\000\000\000\000"-
#1661	REDUCE cov: 123 ft: 484 corp: 55/9281b lim: 333 exec/s: 0 rss: 29Mb L: 101/333 MS: 1 EraseBytes-
#1697	NEW    cov: 123 ft: 512 corp: 56/9509b lim: 333 exec/s: 0 rss: 29Mb L: 228/333 MS: 1 CMP- DE: "moov"-
#1711	REDUCE cov: 123 ft: 512 corp: 56/9506b lim: 333 exec/s: 0 rss: 29Mb L: 95/333 MS: 4 ChangeByte-CopyPart-EraseBytes-EraseBytes-
#1762	REDUCE cov: 123 ft: 512 corp: 56/9490b lim: 333 exec/s: 0 rss: 29Mb L: 317/333 MS: 1 EraseBytes-
#1855	REDUCE cov: 123 ft: 513 corp: 57/9730b lim: 333 exec/s: 0 rss: 29Mb L: 240/333 MS: 3 CMP-ChangeBit-InsertByte- DE: "\001\000\000\000\000\000\000\024"-
#1860	REDUCE cov: 123 ft: 513 corp: 57/9724b lim: 333 exec/s: 0 rss: 29Mb L: 306/333 MS: 5 PersAutoDict-ShuffleBytes-EraseBytes-CrossOver-InsertRepeatedBytes- DE: "\377\377\377\377\377\377\377\017"-
#1922	REDUCE cov: 123 ft: 513 corp: 57/9719b lim: 333 exec/s: 0 rss: 29Mb L: 68/333 MS: 2 ChangeByte-EraseBytes-
#2006	REDUCE cov: 123 ft: 513 corp: 57/9714b lim: 333 exec/s: 0 rss: 29Mb L: 43/333 MS: 4 CrossOver-ChangeByte-InsertByte-CopyPart-
#2157	REDUCE cov: 123 ft: 516 corp: 58/9815b lim: 333 exec/s: 0 rss: 29Mb L: 101/333 MS: 1 CrossOver-
#2184	NEW    cov: 123 ft: 517 corp: 59/9827b lim: 333 exec/s: 0 rss: 29Mb L: 12/333 MS: 2 ShuffleBytes-EraseBytes-
#2240	NEW    cov: 123 ft: 518 corp: 60/10055b lim: 333 exec/s: 0 rss: 29Mb L: 228/333 MS: 1 ChangeBit-
#2257	REDUCE cov: 123 ft: 518 corp: 60/10014b lim: 333 exec/s: 0 rss: 29Mb L: 95/333 MS: 2 EraseBytes-CopyPart-
#2261	NEW    cov: 123 ft: 519 corp: 61/10329b lim: 333 exec/s: 0 rss: 29Mb L: 315/333 MS: 4 ShuffleBytes-InsertRepeatedBytes-CopyPart-CrossOver-
#2291	REDUCE cov: 123 ft: 519 corp: 61/10306b lim: 333 exec/s: 0 rss: 29Mb L: 231/333 MS: 5 CMP-ChangeByte-ChangeBinInt-CopyPart-EraseBytes- DE: "\377 HO\315[\000\000"-
#2293	REDUCE cov: 123 ft: 519 corp: 61/10204b lim: 333 exec/s: 0 rss: 29Mb L: 182/333 MS: 2 PersAutoDict-EraseBytes- DE: "stss"-
#2371	REDUCE cov: 123 ft: 519 corp: 61/10114b lim: 333 exec/s: 0 rss: 29Mb L: 98/333 MS: 3 PersAutoDict-PersAutoDict-EraseBytes- DE: "\366\000\000\000\000\000\000\000"-"\"8\277U8\240\372\215"-
#2411	REDUCE cov: 123 ft: 519 corp: 61/10084b lim: 333 exec/s: 0 rss: 29Mb L: 277/333 MS: 5 EraseBytes-CMP-CrossOver-ChangeByte-EraseBytes- DE: "X\226JO\315[\000\000"-
#2432	REDUCE cov: 123 ft: 519 corp: 61/10082b lim: 333 exec/s: 0 rss: 29Mb L: 4/333 MS: 1 EraseBytes-
#2498	REDUCE cov: 123 ft: 519 corp: 61/9984b lim: 333 exec/s: 0 rss: 29Mb L: 197/333 MS: 1 EraseBytes-
#2559	REDUCE cov: 123 ft: 519 corp: 61/9970b lim: 333 exec/s: 0 rss: 29Mb L: 81/333 MS: 1 EraseBytes-
#2707	REDUCE cov: 123 ft: 519 corp: 61/9898b lim: 333 exec/s: 0 rss: 29Mb L: 125/333 MS: 3 ShuffleBytes-ChangeBinInt-CrossOver-
#2774	REDUCE cov: 123 ft: 519 corp: 61/9874b lim: 333 exec/s: 0 rss: 29Mb L: 57/333 MS: 2 CrossOver-EraseBytes-
#2821	REDUCE cov: 123 ft: 519 corp: 61/9857b lim: 333 exec/s: 0 rss: 29Mb L: 143/333 MS: 2 CopyPart-EraseBytes-
#3101	REDUCE cov: 123 ft: 519 corp: 61/9844b lim: 333 exec/s: 0 rss: 29Mb L: 240/333 MS: 5 InsertByte-PersAutoDict-CMP-ChangeBinInt-EraseBytes- DE: "X\226JO\315[\000\000"-"moov"-
#3215	REDUCE cov: 123 ft: 519 corp: 61/9820b lim: 333 exec/s: 0 rss: 29Mb L: 33/333 MS: 4 CopyPart-EraseBytes-CopyPart-PersAutoDict- DE: "moov"-
#3231	REDUCE cov: 123 ft: 519 corp: 61/9793b lim: 333 exec/s: 0 rss: 29Mb L: 30/333 MS: 1 EraseBytes-
#3274	REDUCE cov: 123 ft: 519 corp: 61/9740b lim: 333 exec/s: 0 rss: 29Mb L: 187/333 MS: 3 InsertByte-PersAutoDict-CrossOver- DE: "\"8\277U8\240\372\215"-
#3321	REDUCE cov: 123 ft: 519 corp: 61/9651b lim: 333 exec/s: 0 rss: 29Mb L: 188/333 MS: 2 ChangeByte-EraseBytes-
#3397	NEW    cov: 123 ft: 520 corp: 62/9912b lim: 333 exec/s: 0 rss: 29Mb L: 261/333 MS: 1 ChangeASCIIInt-
#3418	REDUCE cov: 123 ft: 520 corp: 62/9879b lim: 333 exec/s: 0 rss: 29Mb L: 68/333 MS: 1 EraseBytes-
#3455	REDUCE cov: 123 ft: 520 corp: 62/9865b lim: 333 exec/s: 0 rss: 29Mb L: 19/333 MS: 2 ChangeBinInt-EraseBytes-
#3484	REDUCE cov: 123 ft: 520 corp: 62/9840b lim: 333 exec/s: 0 rss: 29Mb L: 162/333 MS: 4 EraseBytes-ShuffleBytes-EraseBytes-InsertRepeatedBytes-
#3493	REDUCE cov: 123 ft: 520 corp: 62/9813b lim: 333 exec/s: 0 rss: 29Mb L: 169/333 MS: 4 InsertByte-InsertByte-ChangeBinInt-EraseBytes-
#3499	REDUCE cov: 123 ft: 520 corp: 62/9810b lim: 333 exec/s: 0 rss: 29Mb L: 166/333 MS: 1 EraseBytes-
#3563	REDUCE cov: 123 ft: 520 corp: 62/9765b lim: 333 exec/s: 0 rss: 29Mb L: 98/333 MS: 4 ChangeBit-InsertByte-ChangeByte-EraseBytes-
#3609	REDUCE cov: 123 ft: 520 corp: 62/9729b lim: 333 exec/s: 0 rss: 29Mb L: 255/333 MS: 1 EraseBytes-
#3618	REDUCE cov: 123 ft: 520 corp: 62/9726b lim: 333 exec/s: 0 rss: 29Mb L: 33/333 MS: 4 CMP-InsertByte-ShuffleBytes-EraseBytes- DE: "frma"-
#3626	REDUCE cov: 123 ft: 520 corp: 62/9719b lim: 333 exec/s: 0 rss: 29Mb L: 12/333 MS: 3 EraseBytes-ChangeBit-InsertByte-
#3738	REDUCE cov: 123 ft: 520 corp: 62/9715b lim: 333 exec/s: 0 rss: 29Mb L: 8/333 MS: 2 EraseBytes-CopyPart-
#3739	REDUCE cov: 123 ft: 520 corp: 62/9711b lim: 333 exec/s: 0 rss: 29Mb L: 91/333 MS: 1 EraseBytes-
#3750	REDUCE cov: 123 ft: 520 corp: 62/9710b lim: 333 exec/s: 0 rss: 29Mb L: 3/333 MS: 1 EraseBytes-
#3823	NEW    cov: 123 ft: 521 corp: 63/9721b lim: 333 exec/s: 0 rss: 29Mb L: 11/333 MS: 3 ChangeBinInt-EraseBytes-PersAutoDict- DE: "moov"-
#4075	REDUCE cov: 123 ft: 521 corp: 63/9703b lim: 333 exec/s: 0 rss: 29Mb L: 50/333 MS: 2 PersAutoDict-EraseBytes- DE: "\015\000\000\000"-
#4130	REDUCE cov: 123 ft: 522 corp: 64/9967b lim: 333 exec/s: 0 rss: 29Mb L: 264/333 MS: 5 CopyPart-InsertRepeatedBytes-ChangeBinInt-PersAutoDict-CrossOver- DE: "moUi"-
#4243	REDUCE cov: 123 ft: 522 corp: 64/9944b lim: 333 exec/s: 0 rss: 29Mb L: 161/333 MS: 3 CopyPart-ChangeBit-EraseBytes-
#4269	REDUCE cov: 123 ft: 522 corp: 64/9939b lim: 333 exec/s: 0 rss: 29Mb L: 131/333 MS: 1 EraseBytes-
#4297	REDUCE cov: 123 ft: 522 corp: 64/9919b lim: 333 exec/s: 0 rss: 29Mb L: 30/333 MS: 3 CrossOver-EraseBytes-EraseBytes-
#4305	REDUCE cov: 123 ft: 522 corp: 64/9896b lim: 333 exec/s: 0 rss: 29Mb L: 216/333 MS: 3 ChangeBinInt-ChangeByte-EraseBytes-
#4412	REDUCE cov: 123 ft: 523 corp: 65/10162b lim: 333 exec/s: 0 rss: 29Mb L: 266/333 MS: 2 PersAutoDict-CrossOver- DE: "\377 HO\315[\000\000"-
#4553	REDUCE cov: 123 ft: 523 corp: 65/10138b lim: 333 exec/s: 0 rss: 29Mb L: 192/333 MS: 1 EraseBytes-
#4660	NEW    cov: 123 ft: 529 corp: 66/10395b lim: 333 exec/s: 0 rss: 29Mb L: 257/333 MS: 2 InsertRepeatedBytes-ShuffleBytes-
#4687	REDUCE cov: 123 ft: 529 corp: 66/10393b lim: 333 exec/s: 0 rss: 29Mb L: 152/333 MS: 2 EraseBytes-CopyPart-
#4696	REDUCE cov: 123 ft: 529 corp: 66/10382b lim: 333 exec/s: 0 rss: 29Mb L: 150/333 MS: 4 CMP-InsertByte-CrossOver-EraseBytes- DE: "\377\376\377\377"-
#4785	REDUCE cov: 123 ft: 529 corp: 66/10381b lim: 333 exec/s: 0 rss: 29Mb L: 2/333 MS: 4 ChangeBit-ShuffleBytes-ShuffleBytes-EraseBytes-
#4827	REDUCE cov: 123 ft: 529 corp: 66/10380b lim: 333 exec/s: 0 rss: 29Mb L: 165/333 MS: 2 ChangeASCIIInt-EraseBytes-
#4853	REDUCE cov: 123 ft: 529 corp: 66/10373b lim: 333 exec/s: 0 rss: 29Mb L: 23/333 MS: 1 EraseBytes-
#5039	REDUCE cov: 123 ft: 529 corp: 66/10369b lim: 333 exec/s: 0 rss: 29Mb L: 19/333 MS: 1 EraseBytes-
#5056	REDUCE cov: 123 ft: 529 corp: 66/10360b lim: 333 exec/s: 0 rss: 29Mb L: 179/333 MS: 2 ChangeByte-EraseBytes-
#5139	REDUCE cov: 123 ft: 529 corp: 66/10353b lim: 333 exec/s: 0 rss: 29Mb L: 145/333 MS: 3 CMP-InsertRepeatedBytes-EraseBytes- DE: "schm"-
#5145	REDUCE cov: 123 ft: 529 corp: 66/10351b lim: 333 exec/s: 0 rss: 29Mb L: 8/333 MS: 1 EraseBytes-
#5186	REDUCE cov: 123 ft: 529 corp: 66/10278b lim: 333 exec/s: 0 rss: 29Mb L: 52/333 MS: 1 CrossOver-
#5283	REDUCE cov: 123 ft: 529 corp: 66/10251b lim: 333 exec/s: 0 rss: 29Mb L: 225/333 MS: 2 InsertByte-EraseBytes-
#5504	REDUCE cov: 123 ft: 529 corp: 66/10233b lim: 333 exec/s: 0 rss: 29Mb L: 297/333 MS: 1 EraseBytes-
#5514	REDUCE cov: 123 ft: 529 corp: 66/10232b lim: 333 exec/s: 0 rss: 29Mb L: 93/333 MS: 5 PersAutoDict-CopyPart-ChangeByte-EraseBytes-InsertRepeatedBytes- DE: "\"8\277U8\240\372\215"-
#5531	REDUCE cov: 123 ft: 529 corp: 66/10228b lim: 333 exec/s: 0 rss: 29Mb L: 105/333 MS: 2 CrossOver-InsertByte-
#5542	NEW    cov: 123 ft: 530 corp: 67/10553b lim: 333 exec/s: 0 rss: 29Mb L: 325/333 MS: 1 CopyPart-
#5548	REDUCE cov: 123 ft: 530 corp: 67/10512b lim: 333 exec/s: 0 rss: 29Mb L: 138/333 MS: 1 EraseBytes-
#6022	REDUCE cov: 123 ft: 530 corp: 67/10511b lim: 333 exec/s: 0 rss: 29Mb L: 67/333 MS: 4 CopyPart-ShuffleBytes-ChangeByte-EraseBytes-
#6079	REDUCE cov: 123 ft: 530 corp: 67/10492b lim: 333 exec/s: 6079 rss: 29Mb L: 206/333 MS: 2 ChangeBinInt-EraseBytes-
#6134	REDUCE cov: 123 ft: 530 corp: 67/10470b lim: 333 exec/s: 6134 rss: 29Mb L: 60/333 MS: 3 InsertByte-ChangeBinInt-EraseBytes-
#6151	NEW    cov: 123 ft: 531 corp: 68/10642b lim: 333 exec/s: 6151 rss: 29Mb L: 172/333 MS: 2 CrossOver-CopyPart-
#6235	REDUCE cov: 123 ft: 531 corp: 68/10602b lim: 333 exec/s: 6235 rss: 29Mb L: 279/333 MS: 4 ShuffleBytes-ShuffleBytes-CMP-EraseBytes- DE: "\000\000 V"-
#6356	REDUCE cov: 123 ft: 531 corp: 68/10590b lim: 333 exec/s: 6356 rss: 29Mb L: 14/333 MS: 1 EraseBytes-
#6363	REDUCE cov: 123 ft: 531 corp: 68/10577b lim: 333 exec/s: 6363 rss: 29Mb L: 17/333 MS: 2 ChangeByte-EraseBytes-
#6365	REDUCE cov: 123 ft: 531 corp: 68/10569b lim: 333 exec/s: 6365 rss: 29Mb L: 317/333 MS: 2 ChangeBit-EraseBytes-
#6416	REDUCE cov: 123 ft: 531 corp: 68/10561b lim: 333 exec/s: 6416 rss: 29Mb L: 9/333 MS: 1 EraseBytes-
#6437	REDUCE cov: 123 ft: 531 corp: 68/10559b lim: 333 exec/s: 6437 rss: 29Mb L: 9/333 MS: 1 EraseBytes-
#6571	REDUCE cov: 123 ft: 531 corp: 68/10557b lim: 333 exec/s: 6571 rss: 29Mb L: 17/333 MS: 4 InsertByte-CMP-ChangeByte-EraseBytes- DE: "O\"4%\315[\000\000"-
#6853	NEW    cov: 124 ft: 532 corp: 69/10565b lim: 333 exec/s: 6853 rss: 29Mb L: 8/333 MS: 2 CopyPart-PersAutoDict- DE: "sinf"-
#7401	REDUCE cov: 124 ft: 532 corp: 69/10564b lim: 333 exec/s: 7401 rss: 29Mb L: 25/333 MS: 3 ChangeBinInt-PersAutoDict-EraseBytes- DE: "moov"-
#7528	REDUCE cov: 124 ft: 532 corp: 69/10563b lim: 333 exec/s: 7528 rss: 29Mb L: 1/333 MS: 2 ChangeBinInt-EraseBytes-
#8005	REDUCE cov: 124 ft: 532 corp: 69/10491b lim: 333 exec/s: 8005 rss: 29Mb L: 245/333 MS: 2 ShuffleBytes-CrossOver-
#8137	REDUCE cov: 125 ft: 533 corp: 70/10819b lim: 333 exec/s: 8137 rss: 29Mb L: 328/333 MS: 2 CrossOver-CopyPart-
#8346	REDUCE cov: 125 ft: 533 corp: 70/10818b lim: 333 exec/s: 8346 rss: 29Mb L: 8/333 MS: 4 CopyPart-CMP-CopyPart-EraseBytes- DE: "\377\037"-
#8362	REDUCE cov: 125 ft: 533 corp: 70/10792b lim: 333 exec/s: 8362 rss: 29Mb L: 296/333 MS: 1 EraseBytes-
#8468	REDUCE cov: 125 ft: 533 corp: 70/10789b lim: 333 exec/s: 8468 rss: 29Mb L: 11/333 MS: 1 EraseBytes-
#8559	REDUCE cov: 125 ft: 533 corp: 70/10767b lim: 333 exec/s: 8559 rss: 29Mb L: 76/333 MS: 1 EraseBytes-
#8590	REDUCE cov: 125 ft: 533 corp: 70/10765b lim: 333 exec/s: 8590 rss: 29Mb L: 89/333 MS: 1 EraseBytes-
#8946	REDUCE cov: 125 ft: 533 corp: 70/10745b lim: 333 exec/s: 8946 rss: 29Mb L: 118/333 MS: 1 EraseBytes-
#9321	REDUCE cov: 125 ft: 533 corp: 70/10741b lim: 333 exec/s: 9321 rss: 29Mb L: 52/333 MS: 5 PersAutoDict-PersAutoDict-ChangeByte-ChangeBit-EraseBytes- DE: "O\"4%\315[\000\000"-"\011\000\000\000"-
#9435	NEW    cov: 126 ft: 534 corp: 71/10970b lim: 333 exec/s: 9435 rss: 29Mb L: 229/333 MS: 4 ChangeBinInt-EraseBytes-ShuffleBytes-CrossOver-
#9558	REDUCE cov: 126 ft: 534 corp: 71/10945b lim: 333 exec/s: 9558 rss: 29Mb L: 125/333 MS: 3 ChangeBit-InsertRepeatedBytes-EraseBytes-
#9714	REDUCE cov: 126 ft: 534 corp: 71/10934b lim: 333 exec/s: 9714 rss: 29Mb L: 69/333 MS: 1 EraseBytes-
#10311	NEW    cov: 126 ft: 535 corp: 72/11162b lim: 333 exec/s: 10311 rss: 29Mb L: 228/333 MS: 2 ChangeASCIIInt-ChangeBinInt-
#10592	REDUCE cov: 126 ft: 535 corp: 72/11153b lim: 333 exec/s: 10592 rss: 29Mb L: 58/333 MS: 1 EraseBytes-
#10597	REDUCE cov: 126 ft: 535 corp: 72/11135b lim: 333 exec/s: 10597 rss: 29Mb L: 239/333 MS: 5 CopyPart-ShuffleBytes-CrossOver-ChangeBinInt-EraseBytes-
#10924	REDUCE cov: 126 ft: 535 corp: 72/11110b lim: 333 exec/s: 10924 rss: 29Mb L: 93/333 MS: 2 ChangeBinInt-EraseBytes-
#11096	REDUCE cov: 126 ft: 535 corp: 72/11109b lim: 333 exec/s: 11096 rss: 29Mb L: 42/333 MS: 2 PersAutoDict-EraseBytes- DE: "\366\000\000\000\000\000\000\000"-
#11597	REDUCE cov: 126 ft: 535 corp: 72/11108b lim: 333 exec/s: 11597 rss: 30Mb L: 10/333 MS: 1 EraseBytes-
#11860	REDUCE cov: 126 ft: 535 corp: 72/11102b lim: 333 exec/s: 11860 rss: 30Mb L: 156/333 MS: 3 ShuffleBytes-ChangeBit-EraseBytes-
#12057	REDUCE cov: 126 ft: 535 corp: 72/11101b lim: 333 exec/s: 12057 rss: 30Mb L: 164/333 MS: 2 ChangeBit-EraseBytes-
#12083	REDUCE cov: 126 ft: 535 corp: 72/11100b lim: 333 exec/s: 12083 rss: 30Mb L: 41/333 MS: 1 EraseBytes-
#12649	REDUCE cov: 126 ft: 535 corp: 72/11099b lim: 333 exec/s: 12649 rss: 30Mb L: 75/333 MS: 1 EraseBytes-
==757240== ERROR: libFuzzer: out-of-memory (used: 1505Mb; limit: 1024Mb)
   To change the out-of-memory limit use -rss_limit_mb=<N>

MS: 4 ShuffleBytes-CrossOver-InsertByte-InsertRepeatedBytes-; base unit: 86f6bdf8f3f3f6cc3b346488c3a050f973a91a74
artifact_prefix='/results/crashes/20260313_182247_03011997_'; Test unit written to /results/crashes/20260313_182247_03011997_oom-f27b03478df317e9445f3c36cbb5caa5f383b630
SUMMARY: libFuzzer: out-of-memory
stat::number_of_executed_units: 13064
stat::average_exec_per_sec:     4354
stat::new_units_added:          168
stat::slowest_unit_time_sec:    0
stat::peak_rss_mb:              1505
