INFO: Running with entropic power schedule (0xFF, 100).
INFO: Seed: 1154527338
INFO: Loaded 1 modules   (252 inline 8-bit counters): 252 [0x5f77cf8bf678, 0x5f77cf8bf774), 
INFO: Loaded 1 PC tables (252 PCs): 252 [0x5f77cf8bf778,0x5f77cf8c0738), 
INFO:        4 files found in /tmp/corpus_20260313_162028_90cec6c2
INFO: seed corpus: files: 4 min: 48b max: 333b total: 853b rss: 28Mb
#5	INITED cov: 118 ft: 250 corp: 4/853b exec/s: 0 rss: 29Mb
#6	NEW    cov: 118 ft: 261 corp: 5/901b lim: 333 exec/s: 0 rss: 29Mb L: 48/333 MS: 1 ChangeBinInt-
#7	NEW    cov: 120 ft: 300 corp: 6/1121b lim: 333 exec/s: 0 rss: 29Mb L: 220/333 MS: 1 ChangeByte-
#8	NEW    cov: 120 ft: 314 corp: 7/1343b lim: 333 exec/s: 0 rss: 29Mb L: 222/333 MS: 1 CMP- DE: "\014\000"-
#10	NEW    cov: 121 ft: 335 corp: 8/1509b lim: 333 exec/s: 0 rss: 29Mb L: 166/333 MS: 2 ChangeBinInt-CrossOver-
#13	NEW    cov: 122 ft: 336 corp: 9/1679b lim: 333 exec/s: 0 rss: 29Mb L: 170/333 MS: 3 ChangeBinInt-InsertByte-CopyPart-
#14	NEW    cov: 122 ft: 337 corp: 10/1727b lim: 333 exec/s: 0 rss: 29Mb L: 48/333 MS: 1 CopyPart-
#17	NEW    cov: 122 ft: 347 corp: 11/1792b lim: 333 exec/s: 0 rss: 29Mb L: 65/333 MS: 3 CrossOver-CMP-InsertRepeatedBytes- DE: "\001\000\000\001"-
#22	NEW    cov: 122 ft: 348 corp: 12/2037b lim: 333 exec/s: 0 rss: 29Mb L: 245/333 MS: 5 ShuffleBytes-ShuffleBytes-CMP-ChangeBit-InsertRepeatedBytes- DE: "\362\307c=\314\337\331\314"-
#23	REDUCE cov: 122 ft: 348 corp: 12/1882b lim: 333 exec/s: 0 rss: 29Mb L: 67/333 MS: 1 CrossOver-
#25	REDUCE cov: 122 ft: 348 corp: 12/1860b lim: 333 exec/s: 0 rss: 29Mb L: 45/333 MS: 2 ChangeByte-EraseBytes-
#26	NEW    cov: 123 ft: 350 corp: 13/2185b lim: 333 exec/s: 0 rss: 29Mb L: 325/333 MS: 1 InsertRepeatedBytes-
#28	NEW    cov: 123 ft: 354 corp: 14/2430b lim: 333 exec/s: 0 rss: 29Mb L: 245/333 MS: 2 ChangeBinInt-CopyPart-
#35	NEW    cov: 123 ft: 367 corp: 15/2466b lim: 333 exec/s: 0 rss: 29Mb L: 36/333 MS: 2 EraseBytes-EraseBytes-
#58	REDUCE cov: 123 ft: 367 corp: 15/2464b lim: 333 exec/s: 0 rss: 29Mb L: 243/333 MS: 3 ChangeASCIIInt-CopyPart-EraseBytes-
#63	NEW    cov: 123 ft: 368 corp: 16/2614b lim: 333 exec/s: 0 rss: 29Mb L: 150/333 MS: 5 ChangeByte-ChangeBinInt-ChangeByte-CMP-InsertRepeatedBytes- DE: "hvcC"-
#74	NEW    cov: 123 ft: 369 corp: 17/2947b lim: 333 exec/s: 0 rss: 29Mb L: 333/333 MS: 1 CrossOver-
#85	NEW    cov: 123 ft: 370 corp: 18/3115b lim: 333 exec/s: 0 rss: 29Mb L: 168/333 MS: 1 PersAutoDict- DE: "\014\000"-
#86	NEW    cov: 123 ft: 371 corp: 19/3288b lim: 333 exec/s: 0 rss: 29Mb L: 173/333 MS: 1 InsertRepeatedBytes-
#87	NEW    cov: 123 ft: 377 corp: 20/3416b lim: 333 exec/s: 0 rss: 29Mb L: 128/333 MS: 1 CopyPart-
#100	NEW    cov: 123 ft: 387 corp: 21/3551b lim: 333 exec/s: 0 rss: 29Mb L: 135/333 MS: 3 ChangeBit-ChangeByte-CrossOver-
#109	NEW    cov: 123 ft: 388 corp: 22/3797b lim: 333 exec/s: 0 rss: 29Mb L: 246/333 MS: 4 InsertByte-ChangeBit-ChangeASCIIInt-CopyPart-
#114	NEW    cov: 123 ft: 389 corp: 23/3984b lim: 333 exec/s: 0 rss: 29Mb L: 187/333 MS: 5 InsertByte-ChangeByte-ChangeByte-ChangeBinInt-CrossOver-
#128	NEW    cov: 124 ft: 391 corp: 24/4293b lim: 333 exec/s: 0 rss: 29Mb L: 309/333 MS: 4 InsertByte-ChangeBit-CrossOver-CrossOver-
#131	REDUCE cov: 124 ft: 392 corp: 25/4558b lim: 333 exec/s: 0 rss: 29Mb L: 265/333 MS: 3 PersAutoDict-ChangeBinInt-InsertRepeatedBytes- DE: "\014\000"-
#133	REDUCE cov: 124 ft: 392 corp: 25/4548b lim: 333 exec/s: 0 rss: 29Mb L: 35/333 MS: 2 ShuffleBytes-EraseBytes-
#142	NEW    cov: 124 ft: 393 corp: 26/4728b lim: 333 exec/s: 0 rss: 29Mb L: 180/333 MS: 4 InsertByte-CrossOver-ChangeASCIIInt-CrossOver-
#144	NEW    cov: 124 ft: 401 corp: 27/5039b lim: 333 exec/s: 0 rss: 29Mb L: 311/333 MS: 2 ChangeBinInt-CopyPart-
#147	NEW    cov: 124 ft: 402 corp: 28/5147b lim: 333 exec/s: 0 rss: 29Mb L: 108/333 MS: 3 CMP-ShuffleBytes-InsertRepeatedBytes- DE: "N7ISOBMFF12Cont"-
#166	NEW    cov: 124 ft: 407 corp: 29/5404b lim: 333 exec/s: 0 rss: 29Mb L: 257/333 MS: 4 InsertByte-ShuffleBytes-ChangeBit-CMP- DE: "hvcC"-
#180	NEW    cov: 124 ft: 408 corp: 30/5486b lim: 333 exec/s: 0 rss: 29Mb L: 82/333 MS: 4 ChangeBit-CrossOver-ChangeByte-CMP- DE: "\377\377"-
#182	NEW    cov: 124 ft: 409 corp: 31/5630b lim: 333 exec/s: 0 rss: 29Mb L: 144/333 MS: 2 PersAutoDict-EraseBytes- DE: "\014\000"-
#184	REDUCE cov: 124 ft: 409 corp: 31/5620b lim: 333 exec/s: 0 rss: 29Mb L: 134/333 MS: 2 InsertRepeatedBytes-EraseBytes-
#207	NEW    cov: 124 ft: 410 corp: 32/5694b lim: 333 exec/s: 0 rss: 29Mb L: 74/333 MS: 3 CopyPart-PersAutoDict-EraseBytes- DE: "N7ISOBMFF12Cont"-
#228	NEW    cov: 124 ft: 421 corp: 33/5712b lim: 333 exec/s: 0 rss: 29Mb L: 18/333 MS: 1 EraseBytes-
#239	NEW    cov: 124 ft: 422 corp: 34/5761b lim: 333 exec/s: 0 rss: 29Mb L: 49/333 MS: 1 InsertByte-
#240	REDUCE cov: 124 ft: 422 corp: 34/5724b lim: 333 exec/s: 0 rss: 29Mb L: 288/333 MS: 1 EraseBytes-
#250	NEW    cov: 124 ft: 423 corp: 35/5844b lim: 333 exec/s: 0 rss: 29Mb L: 120/333 MS: 5 ChangeByte-ShuffleBytes-ChangeASCIIInt-CopyPart-CrossOver-
#251	REDUCE cov: 124 ft: 424 corp: 36/6110b lim: 333 exec/s: 0 rss: 29Mb L: 266/333 MS: 1 CopyPart-
#267	NEW    cov: 124 ft: 427 corp: 37/6293b lim: 333 exec/s: 0 rss: 29Mb L: 183/333 MS: 1 EraseBytes-
#280	NEW    cov: 124 ft: 428 corp: 38/6351b lim: 333 exec/s: 0 rss: 29Mb L: 58/333 MS: 3 CMP-InsertByte-CMP- DE: "stts"-"hvcC"-
#282	NEW    cov: 124 ft: 429 corp: 39/6662b lim: 333 exec/s: 0 rss: 29Mb L: 311/333 MS: 2 ChangeByte-CrossOver-
#325	REDUCE cov: 124 ft: 430 corp: 40/6715b lim: 333 exec/s: 0 rss: 29Mb L: 53/333 MS: 3 ChangeBit-ShuffleBytes-CrossOver-
#328	NEW    cov: 124 ft: 431 corp: 41/7043b lim: 333 exec/s: 0 rss: 29Mb L: 328/333 MS: 3 ShuffleBytes-CopyPart-PersAutoDict- DE: "\014\000"-
#360	REDUCE cov: 124 ft: 432 corp: 42/7312b lim: 333 exec/s: 0 rss: 29Mb L: 269/333 MS: 2 PersAutoDict-CrossOver- DE: "\362\307c=\314\337\331\314"-
#385	REDUCE cov: 124 ft: 432 corp: 42/7282b lim: 333 exec/s: 0 rss: 29Mb L: 143/333 MS: 5 CMP-ChangeBit-ChangeBit-ShuffleBytes-EraseBytes- DE: "hvcC"-
#401	REDUCE cov: 124 ft: 432 corp: 42/7263b lim: 333 exec/s: 0 rss: 29Mb L: 226/333 MS: 1 EraseBytes-
#417	NEW    cov: 124 ft: 433 corp: 43/7536b lim: 333 exec/s: 0 rss: 29Mb L: 273/333 MS: 1 CMP- DE: "sinf"-
#461	REDUCE cov: 124 ft: 434 corp: 44/7827b lim: 333 exec/s: 0 rss: 29Mb L: 291/333 MS: 4 CopyPart-CopyPart-InsertByte-CrossOver-
#480	NEW    cov: 124 ft: 441 corp: 45/8158b lim: 333 exec/s: 0 rss: 29Mb L: 331/333 MS: 4 PersAutoDict-ChangeByte-ChangeBinInt-InsertRepeatedBytes- DE: "\001\000\000\001"-
#498	NEW    cov: 124 ft: 442 corp: 46/8489b lim: 333 exec/s: 0 rss: 29Mb L: 331/333 MS: 3 ShuffleBytes-EraseBytes-CopyPart-
#515	NEW    cov: 124 ft: 459 corp: 47/8503b lim: 333 exec/s: 0 rss: 29Mb L: 14/333 MS: 2 ChangeBit-CrossOver-
#518	NEW    cov: 124 ft: 467 corp: 48/8527b lim: 333 exec/s: 0 rss: 29Mb L: 24/333 MS: 3 CMP-ChangeByte-CopyPart- DE: "hdlr"-
#521	REDUCE cov: 124 ft: 467 corp: 48/8479b lim: 333 exec/s: 0 rss: 29Mb L: 80/333 MS: 3 ChangeByte-EraseBytes-PersAutoDict- DE: "sinf"-
#542	NEW    cov: 124 ft: 468 corp: 49/8744b lim: 333 exec/s: 0 rss: 29Mb L: 265/333 MS: 1 CopyPart-
#656	REDUCE cov: 124 ft: 468 corp: 49/8631b lim: 333 exec/s: 0 rss: 29Mb L: 220/333 MS: 4 CrossOver-ChangeASCIIInt-PersAutoDict-CrossOver- DE: "stts"-
#692	REDUCE cov: 124 ft: 468 corp: 49/8609b lim: 333 exec/s: 0 rss: 29Mb L: 224/333 MS: 1 EraseBytes-
#721	REDUCE cov: 124 ft: 468 corp: 49/8586b lim: 333 exec/s: 0 rss: 29Mb L: 59/333 MS: 4 ChangeBit-CMP-EraseBytes-PersAutoDict- DE: "J\377$\322w_\000\000"-"N7ISOBMFF12Cont"-
#748	REDUCE cov: 124 ft: 468 corp: 49/8553b lim: 333 exec/s: 0 rss: 29Mb L: 191/333 MS: 2 ShuffleBytes-EraseBytes-
#755	REDUCE cov: 124 ft: 468 corp: 49/8551b lim: 333 exec/s: 0 rss: 29Mb L: 148/333 MS: 2 InsertRepeatedBytes-EraseBytes-
#817	REDUCE cov: 124 ft: 468 corp: 49/8540b lim: 333 exec/s: 0 rss: 29Mb L: 124/333 MS: 2 ShuffleBytes-EraseBytes-
#841	REDUCE cov: 124 ft: 468 corp: 49/8535b lim: 333 exec/s: 0 rss: 29Mb L: 9/333 MS: 4 ChangeBinInt-ShuffleBytes-ShuffleBytes-EraseBytes-
#1072	REDUCE cov: 124 ft: 469 corp: 50/8583b lim: 333 exec/s: 0 rss: 29Mb L: 48/333 MS: 1 InsertRepeatedBytes-
#1157	REDUCE cov: 124 ft: 469 corp: 50/8507b lim: 333 exec/s: 0 rss: 29Mb L: 104/333 MS: 5 EraseBytes-ChangeASCIIInt-ChangeByte-InsertByte-EraseBytes-
#1165	REDUCE cov: 125 ft: 470 corp: 51/8511b lim: 333 exec/s: 0 rss: 29Mb L: 4/333 MS: 3 ChangeBinInt-ChangeBinInt-CrossOver-
#1252	REDUCE cov: 125 ft: 470 corp: 51/8504b lim: 333 exec/s: 0 rss: 29Mb L: 113/333 MS: 2 ChangeBinInt-EraseBytes-
#1298	REDUCE cov: 125 ft: 470 corp: 51/8502b lim: 333 exec/s: 0 rss: 29Mb L: 2/333 MS: 1 EraseBytes-
#1380	REDUCE cov: 125 ft: 470 corp: 51/8500b lim: 333 exec/s: 0 rss: 29Mb L: 46/333 MS: 2 ChangeBinInt-EraseBytes-
#1388	REDUCE cov: 125 ft: 470 corp: 51/8402b lim: 333 exec/s: 0 rss: 29Mb L: 233/333 MS: 3 ChangeBit-ShuffleBytes-EraseBytes-
#1434	NEW    cov: 125 ft: 475 corp: 52/8654b lim: 333 exec/s: 0 rss: 29Mb L: 252/333 MS: 1 ChangeBit-
#1465	NEW    cov: 125 ft: 477 corp: 53/8937b lim: 333 exec/s: 0 rss: 29Mb L: 283/333 MS: 1 InsertRepeatedBytes-
#1612	NEW    cov: 125 ft: 478 corp: 54/9269b lim: 333 exec/s: 0 rss: 29Mb L: 332/333 MS: 2 InsertRepeatedBytes-CrossOver-
#1683	NEW    cov: 125 ft: 479 corp: 55/9525b lim: 333 exec/s: 0 rss: 29Mb L: 256/333 MS: 1 CMP- DE: "iinf"-
#1759	NEW    cov: 125 ft: 482 corp: 56/9791b lim: 333 exec/s: 0 rss: 29Mb L: 266/333 MS: 1 CrossOver-
#1810	REDUCE cov: 125 ft: 482 corp: 56/9790b lim: 333 exec/s: 0 rss: 29Mb L: 34/333 MS: 1 EraseBytes-
#1821	NEW    cov: 125 ft: 483 corp: 57/9815b lim: 333 exec/s: 0 rss: 29Mb L: 25/333 MS: 1 EraseBytes-
#1906	REDUCE cov: 125 ft: 483 corp: 57/9805b lim: 333 exec/s: 0 rss: 29Mb L: 210/333 MS: 5 ChangeBit-ChangeByte-InsertRepeatedBytes-PersAutoDict-EraseBytes- DE: "hvcC"-
#1955	REDUCE cov: 125 ft: 483 corp: 57/9804b lim: 333 exec/s: 0 rss: 29Mb L: 1/333 MS: 4 CopyPart-ChangeBit-ChangeByte-EraseBytes-
#1976	REDUCE cov: 125 ft: 485 corp: 58/9812b lim: 333 exec/s: 0 rss: 29Mb L: 8/333 MS: 1 EraseBytes-
#2057	NEW    cov: 125 ft: 491 corp: 59/10078b lim: 333 exec/s: 0 rss: 29Mb L: 266/333 MS: 1 ShuffleBytes-
#2162	REDUCE cov: 125 ft: 491 corp: 59/9978b lim: 333 exec/s: 0 rss: 29Mb L: 191/333 MS: 5 CopyPart-ChangeBinInt-InsertRepeatedBytes-CrossOver-EraseBytes-
==376729== ERROR: libFuzzer: out-of-memory (used: 2333Mb; limit: 1024Mb)
   To change the out-of-memory limit use -rss_limit_mb=<N>

MS: 1 CopyPart-; base unit: 94d7da006dcd6b07a09dd4b1280b0e737673eeec
artifact_prefix='/results/crashes/20260313_162028_90cec6c2_'; Test unit written to /results/crashes/20260313_162028_90cec6c2_oom-100d7abe565186eccddbc31d6438c4a3d97de914
SUMMARY: libFuzzer: out-of-memory
stat::number_of_executed_units: 2228
stat::average_exec_per_sec:     1114
stat::new_units_added:          80
stat::slowest_unit_time_sec:    0
stat::peak_rss_mb:              2333
