INFO: Running with entropic power schedule (0xFF, 100).
INFO: Seed: 3376456284
INFO: Loaded 1 modules   (252 inline 8-bit counters): 252 [0x572845852678, 0x572845852774), 
INFO: Loaded 1 PC tables (252 PCs): 252 [0x572845852778,0x572845853738), 
INFO:        4 files found in /tmp/corpus_20260313_143103_0fc2c8e6
INFO: seed corpus: files: 4 min: 48b max: 333b total: 853b rss: 28Mb
#5	INITED cov: 117 ft: 250 corp: 4/853b exec/s: 0 rss: 29Mb
#6	NEW    cov: 117 ft: 251 corp: 5/1077b lim: 333 exec/s: 0 rss: 29Mb L: 224/333 MS: 1 CMP- DE: "tkhd"-
#8	NEW    cov: 119 ft: 268 corp: 6/1245b lim: 333 exec/s: 0 rss: 29Mb L: 168/333 MS: 2 ChangeBinInt-EraseBytes-
#10	NEW    cov: 119 ft: 271 corp: 7/1433b lim: 333 exec/s: 0 rss: 29Mb L: 188/333 MS: 2 CMP-EraseBytes- DE: "\037\000"-
#14	NEW    cov: 119 ft: 275 corp: 8/1744b lim: 333 exec/s: 0 rss: 29Mb L: 311/333 MS: 4 ChangeByte-ChangeBit-PersAutoDict-EraseBytes- DE: "tkhd"-
#17	NEW    cov: 119 ft: 276 corp: 9/2055b lim: 333 exec/s: 0 rss: 29Mb L: 311/333 MS: 3 ChangeByte-ChangeBit-CopyPart-
#18	NEW    cov: 119 ft: 277 corp: 10/2367b lim: 333 exec/s: 0 rss: 29Mb L: 312/333 MS: 1 InsertByte-
#21	NEW    cov: 119 ft: 278 corp: 11/2697b lim: 333 exec/s: 0 rss: 29Mb L: 330/333 MS: 3 PersAutoDict-ShuffleBytes-InsertRepeatedBytes- DE: "tkhd"-
#29	NEW    cov: 119 ft: 284 corp: 12/2756b lim: 333 exec/s: 0 rss: 29Mb L: 59/333 MS: 3 ShuffleBytes-CMP-CrossOver- DE: "\001\000\000\002"-
#31	NEW    cov: 119 ft: 293 corp: 13/2980b lim: 333 exec/s: 0 rss: 29Mb L: 224/333 MS: 2 ChangeByte-ChangeBinInt-
#37	NEW    cov: 119 ft: 301 corp: 14/3015b lim: 333 exec/s: 0 rss: 29Mb L: 35/333 MS: 1 EraseBytes-
#53	NEW    cov: 119 ft: 303 corp: 15/3333b lim: 333 exec/s: 0 rss: 29Mb L: 318/333 MS: 1 InsertRepeatedBytes-
#55	NEW    cov: 119 ft: 319 corp: 16/3412b lim: 333 exec/s: 0 rss: 29Mb L: 79/333 MS: 2 ChangeByte-InsertRepeatedBytes-
#66	NEW    cov: 119 ft: 320 corp: 17/3470b lim: 333 exec/s: 0 rss: 29Mb L: 58/333 MS: 1 InsertRepeatedBytes-
#68	NEW    cov: 120 ft: 322 corp: 18/3788b lim: 333 exec/s: 0 rss: 29Mb L: 318/333 MS: 2 ChangeByte-InsertRepeatedBytes-
#77	NEW    cov: 120 ft: 323 corp: 19/4120b lim: 333 exec/s: 0 rss: 29Mb L: 332/333 MS: 4 PersAutoDict-ChangeByte-CrossOver-CrossOver- DE: "tkhd"-
#80	NEW    cov: 120 ft: 324 corp: 20/4232b lim: 333 exec/s: 0 rss: 29Mb L: 112/333 MS: 3 ChangeBinInt-ChangeBit-InsertRepeatedBytes-
#92	NEW    cov: 120 ft: 325 corp: 21/4456b lim: 333 exec/s: 0 rss: 29Mb L: 224/333 MS: 2 ChangeByte-CMP- DE: "mere"-
#93	NEW    cov: 120 ft: 326 corp: 22/4634b lim: 333 exec/s: 0 rss: 29Mb L: 178/333 MS: 1 InsertRepeatedBytes-
#95	NEW    cov: 120 ft: 327 corp: 23/4952b lim: 333 exec/s: 0 rss: 29Mb L: 318/333 MS: 2 ChangeByte-PersAutoDict- DE: "\001\000\000\002"-
#102	NEW    cov: 120 ft: 334 corp: 24/5247b lim: 333 exec/s: 0 rss: 29Mb L: 295/333 MS: 2 ShuffleBytes-EraseBytes-
#104	NEW    cov: 120 ft: 335 corp: 25/5537b lim: 333 exec/s: 0 rss: 29Mb L: 290/333 MS: 2 ChangeBit-CopyPart-
#121	NEW    cov: 120 ft: 336 corp: 26/5585b lim: 333 exec/s: 0 rss: 29Mb L: 48/333 MS: 2 ChangeASCIIInt-CopyPart-
#130	NEW    cov: 120 ft: 337 corp: 27/5811b lim: 333 exec/s: 0 rss: 29Mb L: 226/333 MS: 4 PersAutoDict-InsertByte-CMP-EraseBytes- DE: "tkhd"-"\000\000\000\000\000\000\000\017"-
#143	NEW    cov: 120 ft: 338 corp: 28/5892b lim: 333 exec/s: 0 rss: 29Mb L: 81/333 MS: 3 PersAutoDict-ChangeByte-InsertRepeatedBytes- DE: "\001\000\000\002"-
#146	NEW    cov: 121 ft: 339 corp: 29/5896b lim: 333 exec/s: 0 rss: 29Mb L: 4/333 MS: 3 EraseBytes-EraseBytes-CrossOver-
#148	REDUCE cov: 121 ft: 339 corp: 29/5890b lim: 333 exec/s: 0 rss: 29Mb L: 106/333 MS: 2 EraseBytes-PersAutoDict- DE: "tkhd"-
#149	NEW    cov: 121 ft: 340 corp: 30/6009b lim: 333 exec/s: 0 rss: 29Mb L: 119/333 MS: 1 EraseBytes-
#153	REDUCE cov: 121 ft: 340 corp: 30/5987b lim: 333 exec/s: 0 rss: 29Mb L: 84/333 MS: 4 CopyPart-ChangeBinInt-EraseBytes-CopyPart-
#174	REDUCE cov: 121 ft: 340 corp: 30/5979b lim: 333 exec/s: 0 rss: 29Mb L: 218/333 MS: 1 EraseBytes-
#179	NEW    cov: 121 ft: 346 corp: 31/6201b lim: 333 exec/s: 0 rss: 29Mb L: 222/333 MS: 5 CrossOver-ChangeByte-InsertRepeatedBytes-ChangeBinInt-CrossOver-
#184	NEW    cov: 121 ft: 347 corp: 32/6377b lim: 333 exec/s: 0 rss: 29Mb L: 176/333 MS: 5 CopyPart-ChangeBinInt-ChangeBinInt-EraseBytes-CrossOver-
#185	NEW    cov: 121 ft: 348 corp: 33/6436b lim: 333 exec/s: 0 rss: 29Mb L: 59/333 MS: 1 ChangeBinInt-
#196	NEW    cov: 121 ft: 362 corp: 34/6526b lim: 333 exec/s: 0 rss: 29Mb L: 90/333 MS: 1 EraseBytes-
#212	REDUCE cov: 121 ft: 362 corp: 34/6461b lim: 333 exec/s: 0 rss: 29Mb L: 247/333 MS: 1 EraseBytes-
#218	NEW    cov: 121 ft: 380 corp: 35/6519b lim: 333 exec/s: 0 rss: 29Mb L: 58/333 MS: 1 PersAutoDict- DE: "tkhd"-
#226	NEW    cov: 121 ft: 419 corp: 36/6533b lim: 333 exec/s: 0 rss: 29Mb L: 14/333 MS: 3 InsertRepeatedBytes-ChangeASCIIInt-CrossOver-
#228	NEW    cov: 121 ft: 420 corp: 37/6624b lim: 333 exec/s: 0 rss: 29Mb L: 91/333 MS: 2 ShuffleBytes-CopyPart-
#244	NEW    cov: 121 ft: 427 corp: 38/6852b lim: 333 exec/s: 0 rss: 29Mb L: 228/333 MS: 1 CMP- DE: "m\000\000\000"-
#252	NEW    cov: 121 ft: 428 corp: 39/6915b lim: 333 exec/s: 0 rss: 29Mb L: 63/333 MS: 3 CMP-CMP-CMP- DE: "\021\000"-"\003\000\000\000"-"jso\021"-
#256	REDUCE cov: 121 ft: 428 corp: 39/6892b lim: 333 exec/s: 0 rss: 29Mb L: 229/333 MS: 4 ChangeBinInt-CMP-ChangeBinInt-EraseBytes- DE: "\000\000\000H"-
#258	NEW    cov: 121 ft: 440 corp: 40/6910b lim: 333 exec/s: 0 rss: 29Mb L: 18/333 MS: 2 ChangeBit-CrossOver-
#267	NEW    cov: 121 ft: 441 corp: 41/7069b lim: 333 exec/s: 0 rss: 29Mb L: 159/333 MS: 4 ChangeBit-ChangeByte-CMP-CrossOver- DE: "hvcC"-
#280	NEW    cov: 121 ft: 442 corp: 42/7147b lim: 333 exec/s: 0 rss: 29Mb L: 78/333 MS: 3 EraseBytes-ChangeBinInt-CrossOver-
#311	REDUCE cov: 121 ft: 442 corp: 42/7146b lim: 333 exec/s: 0 rss: 29Mb L: 47/333 MS: 1 EraseBytes-
#327	REDUCE cov: 121 ft: 442 corp: 42/7142b lim: 333 exec/s: 0 rss: 29Mb L: 75/333 MS: 1 EraseBytes-
#338	NEW    cov: 121 ft: 443 corp: 43/7194b lim: 333 exec/s: 0 rss: 29Mb L: 52/333 MS: 1 CopyPart-
#354	NEW    cov: 121 ft: 444 corp: 44/7498b lim: 333 exec/s: 0 rss: 29Mb L: 304/333 MS: 1 CrossOver-
#383	NEW    cov: 121 ft: 445 corp: 45/7563b lim: 333 exec/s: 0 rss: 29Mb L: 65/333 MS: 4 ShuffleBytes-EraseBytes-InsertByte-CMP- DE: "j24p"-
#400	NEW    cov: 121 ft: 453 corp: 46/7874b lim: 333 exec/s: 0 rss: 29Mb L: 311/333 MS: 2 CMP-InsertRepeatedBytes- DE: "\377\377\377\377\377\377\377\321"-
#416	REDUCE cov: 121 ft: 453 corp: 46/7788b lim: 333 exec/s: 0 rss: 29Mb L: 218/333 MS: 1 EraseBytes-
#600	NEW    cov: 121 ft: 454 corp: 47/8101b lim: 333 exec/s: 0 rss: 29Mb L: 313/333 MS: 4 ChangeBinInt-ChangeBit-EraseBytes-CrossOver-
#610	REDUCE cov: 121 ft: 454 corp: 47/8066b lim: 333 exec/s: 0 rss: 29Mb L: 212/333 MS: 5 InsertByte-PersAutoDict-CMP-EraseBytes-ChangeBit- DE: "\021\000"-"[\000\000\000\000\000\000\000"-
==20889== ERROR: libFuzzer: out-of-memory (used: 1361Mb; limit: 1024Mb)
   To change the out-of-memory limit use -rss_limit_mb=<N>

MS: 3 PersAutoDict-ShuffleBytes-EraseBytes- DE: "\003\000\000\000"-; base unit: 27c8ccf0ee0e8afeb050d025597ff6cca8345f49
0x0,0x0,0x0,0x1c,0x66,0x74,0x79,0x70,0x4d,0x34,0x56,0x20,0x0,0x0,0x0,0x0,0x4d,0x34,0x56,0x2,0x0,0x0,0x0,0x60,0x75,0x64,0x74,0x61,0x0,0x0,0x0,0x58,0x6d,0x65,0x74,0x61,0x0,0x0,0x0,0x0,0xff,0x0,0x0,0x21,0x68,0x64,0x6c,0x72,0x0,0x0,0x0,0x0,0x0,0x0,0x0,0x0,0x6d,0x64,0x69,0x72,0x61,0x70,0x70,0x6c,0x0,0x0,0x0,0x0,0x0,0x0,0x0,0x0,0x0,0x0,0x0,0x0,0x2b,0x69,0x6c,0x73,0x8c,0xff,0x0,0x0,0x22,0xc2,0xa9,0x6e,0x61,0x6d,0x0,0x0,0x0,0x1a,0x64,0x61,0x74,0x61,0x0,0x0,0x0,0x1,0x0,0x0,0x0,0x0,0x54,0x65,0x73,0x74,0x20,0x56,0x69,0x64,0x65,0x6f,
\000\000\000\034ftypM4V \000\000\000\000M4V\002\000\000\000`udta\000\000\000Xmeta\000\000\000\000\377\000\000!hdlr\000\000\000\000\000\000\000\000mdirappl\000\000\000\000\000\000\000\000\000\000\000\000+ils\214\377\000\000\"\302\251nam\000\000\000\032data\000\000\000\001\000\000\000\000Test Video
artifact_prefix='/results/crashes/20260313_143103_0fc2c8e6_'; Test unit written to /results/crashes/20260313_143103_0fc2c8e6_oom-34da4d9d4c4900e772bc7d21e76b46cafd14794d
Base64: AAAAHGZ0eXBNNFYgAAAAAE00VgIAAABgdWR0YQAAAFhtZXRhAAAAAP8AACFoZGxyAAAAAAAAAABtZGlyYXBwbAAAAAAAAAAAAAAAACtpbHOM/wAAIsKpbmFtAAAAGmRhdGEAAAABAAAAAFRlc3QgVmlkZW8=
SUMMARY: libFuzzer: out-of-memory
stat::number_of_executed_units: 648
stat::average_exec_per_sec:     648
stat::new_units_added:          52
stat::slowest_unit_time_sec:    0
stat::peak_rss_mb:              1362
