INFO: Running with entropic power schedule (0xFF, 100).
INFO: Seed: 69847000
INFO: Loaded 1 modules   (252 inline 8-bit counters): 252 [0x5c2095371678, 0x5c2095371774), 
INFO: Loaded 1 PC tables (252 PCs): 252 [0x5c2095371778,0x5c2095372738), 
INFO:        4 files found in /tmp/corpus_20260313_174555_3a623528
INFO: seed corpus: files: 4 min: 48b max: 333b total: 853b rss: 28Mb
#5	INITED cov: 118 ft: 252 corp: 4/853b exec/s: 0 rss: 29Mb
#9	NEW    cov: 118 ft: 254 corp: 5/1169b lim: 333 exec/s: 0 rss: 29Mb L: 316/333 MS: 4 ChangeByte-CopyPart-ChangeBit-EraseBytes-
#10	NEW    cov: 118 ft: 267 corp: 6/1389b lim: 333 exec/s: 0 rss: 29Mb L: 220/333 MS: 1 ShuffleBytes-
#15	NEW    cov: 118 ft: 269 corp: 7/1672b lim: 333 exec/s: 0 rss: 29Mb L: 283/333 MS: 5 ChangeBinInt-ShuffleBytes-CMP-CopyPart-EraseBytes- DE: "schm"-
#16	NEW    cov: 118 ft: 286 corp: 8/1767b lim: 333 exec/s: 0 rss: 29Mb L: 95/333 MS: 1 CopyPart-
#17	NEW    cov: 120 ft: 288 corp: 9/2080b lim: 333 exec/s: 0 rss: 29Mb L: 313/333 MS: 1 CrossOver-
#21	NEW    cov: 120 ft: 289 corp: 10/2276b lim: 333 exec/s: 0 rss: 29Mb L: 196/333 MS: 4 CopyPart-CrossOver-ChangeBit-EraseBytes-
#22	NEW    cov: 120 ft: 293 corp: 11/2592b lim: 333 exec/s: 0 rss: 29Mb L: 316/333 MS: 1 CrossOver-
#24	NEW    cov: 120 ft: 295 corp: 12/2896b lim: 333 exec/s: 0 rss: 29Mb L: 304/333 MS: 2 ShuffleBytes-CrossOver-
#26	NEW    cov: 120 ft: 296 corp: 13/3117b lim: 333 exec/s: 0 rss: 29Mb L: 221/333 MS: 2 ShuffleBytes-InsertByte-
#31	NEW    cov: 120 ft: 306 corp: 14/3321b lim: 333 exec/s: 0 rss: 29Mb L: 204/333 MS: 5 ShuffleBytes-PersAutoDict-EraseBytes-InsertRepeatedBytes-EraseBytes- DE: "schm"-
#33	NEW    cov: 120 ft: 307 corp: 15/3592b lim: 333 exec/s: 0 rss: 29Mb L: 271/333 MS: 2 ChangeBinInt-EraseBytes-
#41	NEW    cov: 121 ft: 309 corp: 16/3816b lim: 333 exec/s: 0 rss: 29Mb L: 224/333 MS: 3 ChangeBit-CopyPart-PersAutoDict- DE: "schm"-
#43	NEW    cov: 121 ft: 310 corp: 17/4105b lim: 333 exec/s: 0 rss: 29Mb L: 289/333 MS: 2 ChangeByte-CopyPart-
#47	NEW    cov: 121 ft: 315 corp: 18/4421b lim: 333 exec/s: 0 rss: 29Mb L: 316/333 MS: 4 ChangeBit-PersAutoDict-ChangeASCIIInt-PersAutoDict- DE: "schm"-"schm"-
#54	NEW    cov: 121 ft: 316 corp: 19/4754b lim: 333 exec/s: 0 rss: 29Mb L: 333/333 MS: 2 ChangeBinInt-InsertRepeatedBytes-
#56	NEW    cov: 121 ft: 322 corp: 20/4927b lim: 333 exec/s: 0 rss: 29Mb L: 173/333 MS: 2 CMP-EraseBytes- DE: "d\266\023\225 \\\000\000"-
#58	NEW    cov: 121 ft: 325 corp: 21/5241b lim: 333 exec/s: 0 rss: 29Mb L: 314/333 MS: 2 CrossOver-InsertRepeatedBytes-
#59	NEW    cov: 121 ft: 326 corp: 22/5480b lim: 333 exec/s: 0 rss: 29Mb L: 239/333 MS: 1 InsertRepeatedBytes-
#60	NEW    cov: 121 ft: 332 corp: 23/5529b lim: 333 exec/s: 0 rss: 29Mb L: 49/333 MS: 1 InsertByte-
#61	REDUCE cov: 121 ft: 332 corp: 23/5354b lim: 333 exec/s: 0 rss: 29Mb L: 141/333 MS: 1 CrossOver-
#72	NEW    cov: 121 ft: 338 corp: 24/5671b lim: 333 exec/s: 0 rss: 29Mb L: 317/333 MS: 1 InsertByte-
#84	NEW    cov: 121 ft: 339 corp: 25/5835b lim: 333 exec/s: 0 rss: 29Mb L: 164/333 MS: 2 CopyPart-EraseBytes-
#109	REDUCE cov: 121 ft: 339 corp: 25/5811b lim: 333 exec/s: 0 rss: 29Mb L: 228/333 MS: 5 ShuffleBytes-ChangeByte-CopyPart-ChangeBinInt-CrossOver-
#110	NEW    cov: 121 ft: 340 corp: 26/5984b lim: 333 exec/s: 0 rss: 29Mb L: 173/333 MS: 1 PersAutoDict- DE: "d\266\023\225 \\\000\000"-
#112	NEW    cov: 121 ft: 341 corp: 27/6071b lim: 333 exec/s: 0 rss: 29Mb L: 87/333 MS: 2 PersAutoDict-CrossOver- DE: "schm"-
#115	NEW    cov: 121 ft: 353 corp: 28/6163b lim: 333 exec/s: 0 rss: 29Mb L: 92/333 MS: 3 CopyPart-ChangeBit-EraseBytes-
#118	NEW    cov: 121 ft: 354 corp: 29/6476b lim: 333 exec/s: 0 rss: 29Mb L: 313/333 MS: 3 CrossOver-CopyPart-CMP- DE: "hvc1"-
#119	REDUCE cov: 121 ft: 354 corp: 29/6437b lim: 333 exec/s: 0 rss: 29Mb L: 181/333 MS: 1 EraseBytes-
#121	NEW    cov: 121 ft: 355 corp: 30/6528b lim: 333 exec/s: 0 rss: 29Mb L: 91/333 MS: 2 PersAutoDict-ChangeBinInt- DE: "hvc1"-
#127	NEW    cov: 121 ft: 399 corp: 31/6553b lim: 333 exec/s: 0 rss: 29Mb L: 25/333 MS: 1 CrossOver-
#139	NEW    cov: 121 ft: 400 corp: 32/6674b lim: 333 exec/s: 0 rss: 29Mb L: 121/333 MS: 2 ChangeByte-EraseBytes-
#145	REDUCE cov: 121 ft: 400 corp: 32/6653b lim: 333 exec/s: 0 rss: 29Mb L: 152/333 MS: 1 EraseBytes-
#178	NEW    cov: 121 ft: 401 corp: 33/6752b lim: 333 exec/s: 0 rss: 29Mb L: 99/333 MS: 3 ShuffleBytes-ShuffleBytes-PersAutoDict- DE: "hvc1"-
#199	NEW    cov: 121 ft: 404 corp: 34/6952b lim: 333 exec/s: 0 rss: 29Mb L: 200/333 MS: 1 PersAutoDict- DE: "schm"-
#205	NEW    cov: 121 ft: 405 corp: 35/7016b lim: 333 exec/s: 0 rss: 29Mb L: 64/333 MS: 1 EraseBytes-
#233	REDUCE cov: 121 ft: 405 corp: 35/6999b lim: 333 exec/s: 0 rss: 29Mb L: 254/333 MS: 3 EraseBytes-ChangeByte-InsertRepeatedBytes-
#253	REDUCE cov: 121 ft: 405 corp: 35/6989b lim: 333 exec/s: 0 rss: 29Mb L: 307/333 MS: 5 ChangeBinInt-PersAutoDict-CMP-CopyPart-EraseBytes- DE: "schm"-"\003\000\000\000\000\000\000\000"-
#270	REDUCE cov: 121 ft: 405 corp: 35/6943b lim: 333 exec/s: 0 rss: 29Mb L: 95/333 MS: 2 InsertByte-EraseBytes-
#275	NEW    cov: 121 ft: 423 corp: 36/6952b lim: 333 exec/s: 0 rss: 29Mb L: 9/333 MS: 5 CopyPart-InsertByte-ShuffleBytes-ShuffleBytes-CrossOver-
#285	NEW    cov: 121 ft: 424 corp: 37/7053b lim: 333 exec/s: 0 rss: 29Mb L: 101/333 MS: 5 InsertByte-ChangeBinInt-ChangeBit-ChangeByte-InsertByte-
#288	REDUCE cov: 121 ft: 424 corp: 37/6999b lim: 333 exec/s: 0 rss: 29Mb L: 142/333 MS: 3 InsertByte-CopyPart-EraseBytes-
#294	NEW    cov: 121 ft: 428 corp: 38/7028b lim: 333 exec/s: 0 rss: 29Mb L: 29/333 MS: 1 PersAutoDict- DE: "hvc1"-
#295	REDUCE cov: 121 ft: 428 corp: 38/7026b lim: 333 exec/s: 0 rss: 29Mb L: 89/333 MS: 1 EraseBytes-
#353	NEW    cov: 121 ft: 432 corp: 39/7055b lim: 333 exec/s: 0 rss: 29Mb L: 29/333 MS: 3 CMP-ChangeByte-EraseBytes- DE: "\377\377w\332\370\000]\240"-
#370	REDUCE cov: 121 ft: 432 corp: 39/7027b lim: 333 exec/s: 0 rss: 29Mb L: 59/333 MS: 2 ChangeASCIIInt-EraseBytes-
#374	NEW    cov: 121 ft: 440 corp: 40/7045b lim: 333 exec/s: 0 rss: 29Mb L: 18/333 MS: 4 PersAutoDict-CrossOver-ChangeBinInt-EraseBytes- DE: "d\266\023\225 \\\000\000"-
#426	NEW    cov: 121 ft: 441 corp: 41/7114b lim: 333 exec/s: 0 rss: 29Mb L: 69/333 MS: 2 EraseBytes-EraseBytes-
#600	REDUCE cov: 121 ft: 442 corp: 42/7324b lim: 333 exec/s: 0 rss: 29Mb L: 210/333 MS: 4 InsertByte-PersAutoDict-CrossOver-CrossOver- DE: "hvc1"-
#686	NEW    cov: 121 ft: 443 corp: 43/7646b lim: 333 exec/s: 0 rss: 29Mb L: 322/333 MS: 1 CopyPart-
#687	REDUCE cov: 121 ft: 443 corp: 43/7645b lim: 333 exec/s: 0 rss: 29Mb L: 151/333 MS: 1 EraseBytes-
#717	REDUCE cov: 121 ft: 443 corp: 43/7643b lim: 333 exec/s: 0 rss: 29Mb L: 62/333 MS: 5 ChangeByte-ChangeBinInt-ShuffleBytes-EraseBytes-PersAutoDict- DE: "\377\377w\332\370\000]\240"-
#718	NEW    cov: 121 ft: 453 corp: 44/7968b lim: 333 exec/s: 0 rss: 29Mb L: 325/333 MS: 1 InsertRepeatedBytes-
#801	NEW    cov: 122 ft: 454 corp: 45/8172b lim: 333 exec/s: 0 rss: 29Mb L: 204/333 MS: 3 ChangeByte-PersAutoDict-CrossOver- DE: "hvc1"-
#813	REDUCE cov: 122 ft: 454 corp: 45/8167b lim: 333 exec/s: 0 rss: 29Mb L: 309/333 MS: 2 ChangeByte-EraseBytes-
#822	REDUCE cov: 122 ft: 454 corp: 45/8099b lim: 333 exec/s: 0 rss: 29Mb L: 248/333 MS: 4 ChangeBit-ShuffleBytes-InsertByte-EraseBytes-
#828	NEW    cov: 122 ft: 460 corp: 46/8432b lim: 333 exec/s: 0 rss: 29Mb L: 333/333 MS: 1 ChangeBit-
#879	NEW    cov: 122 ft: 470 corp: 47/8456b lim: 333 exec/s: 0 rss: 29Mb L: 24/333 MS: 1 EraseBytes-
#905	REDUCE cov: 122 ft: 470 corp: 47/8455b lim: 333 exec/s: 0 rss: 29Mb L: 209/333 MS: 1 CrossOver-
#915	REDUCE cov: 122 ft: 470 corp: 47/8428b lim: 333 exec/s: 0 rss: 29Mb L: 35/333 MS: 5 ChangeByte-ChangeByte-CopyPart-CMP-EraseBytes- DE: "moov"-
#987	REDUCE cov: 122 ft: 470 corp: 47/8399b lim: 333 exec/s: 0 rss: 29Mb L: 192/333 MS: 2 ChangeByte-EraseBytes-
#989	REDUCE cov: 122 ft: 470 corp: 47/8388b lim: 333 exec/s: 0 rss: 29Mb L: 153/333 MS: 2 ChangeByte-EraseBytes-
#1052	NEW    cov: 122 ft: 471 corp: 48/8401b lim: 333 exec/s: 0 rss: 29Mb L: 13/333 MS: 3 EraseBytes-InsertByte-EraseBytes-
#1057	NEW    cov: 122 ft: 472 corp: 49/8547b lim: 333 exec/s: 0 rss: 29Mb L: 146/333 MS: 5 CopyPart-CopyPart-InsertRepeatedBytes-ChangeBinInt-ChangeBit-
#1091	REDUCE cov: 122 ft: 472 corp: 49/8539b lim: 333 exec/s: 0 rss: 29Mb L: 308/333 MS: 4 PersAutoDict-EraseBytes-ChangeByte-InsertRepeatedBytes- DE: "\003\000\000\000\000\000\000\000"-
#1097	REDUCE cov: 122 ft: 473 corp: 50/8731b lim: 333 exec/s: 0 rss: 29Mb L: 192/333 MS: 1 ShuffleBytes-
#1145	NEW    cov: 123 ft: 474 corp: 51/8734b lim: 333 exec/s: 0 rss: 29Mb L: 3/333 MS: 3 InsertByte-CrossOver-CrossOver-
#1150	REDUCE cov: 123 ft: 474 corp: 51/8710b lim: 333 exec/s: 0 rss: 29Mb L: 118/333 MS: 5 CMP-EraseBytes-CMP-ChangeASCIIInt-ChangeBit- DE: "N7ISOBMFF12Cont"-"\001\000\000\021"-
#1187	REDUCE cov: 123 ft: 474 corp: 51/8696b lim: 333 exec/s: 0 rss: 29Mb L: 81/333 MS: 2 InsertByte-EraseBytes-
#1213	NEW    cov: 123 ft: 475 corp: 52/9021b lim: 333 exec/s: 0 rss: 29Mb L: 325/333 MS: 1 CopyPart-
#1231	REDUCE cov: 123 ft: 475 corp: 52/9008b lim: 333 exec/s: 0 rss: 29Mb L: 138/333 MS: 3 CopyPart-InsertRepeatedBytes-EraseBytes-
#1264	NEW    cov: 123 ft: 476 corp: 53/9283b lim: 333 exec/s: 0 rss: 29Mb L: 275/333 MS: 3 ShuffleBytes-ChangeBit-EraseBytes-
#1267	REDUCE cov: 123 ft: 476 corp: 53/9214b lim: 333 exec/s: 0 rss: 29Mb L: 220/333 MS: 3 CrossOver-EraseBytes-PersAutoDict- DE: "\377\377w\332\370\000]\240"-
#1291	REDUCE cov: 123 ft: 476 corp: 53/9186b lim: 333 exec/s: 0 rss: 29Mb L: 305/333 MS: 4 CopyPart-ChangeByte-ShuffleBytes-EraseBytes-
#1502	REDUCE cov: 123 ft: 476 corp: 53/9144b lim: 333 exec/s: 0 rss: 29Mb L: 206/333 MS: 1 EraseBytes-
#1523	REDUCE cov: 123 ft: 476 corp: 53/9118b lim: 333 exec/s: 0 rss: 29Mb L: 299/333 MS: 1 EraseBytes-
#1601	REDUCE cov: 123 ft: 476 corp: 53/9108b lim: 333 exec/s: 0 rss: 29Mb L: 244/333 MS: 3 ShuffleBytes-InsertRepeatedBytes-EraseBytes-
#1612	REDUCE cov: 123 ft: 476 corp: 53/9106b lim: 333 exec/s: 0 rss: 29Mb L: 16/333 MS: 1 EraseBytes-
#1770	NEW    cov: 123 ft: 484 corp: 54/9397b lim: 333 exec/s: 0 rss: 29Mb L: 291/333 MS: 3 ChangeByte-ChangeASCIIInt-CopyPart-
#1788	REDUCE cov: 123 ft: 484 corp: 54/9389b lim: 333 exec/s: 0 rss: 29Mb L: 314/333 MS: 3 ChangeBinInt-PersAutoDict-EraseBytes- DE: "\003\000\000\000\000\000\000\000"-
#1807	REDUCE cov: 123 ft: 484 corp: 54/9357b lim: 333 exec/s: 0 rss: 29Mb L: 49/333 MS: 4 ShuffleBytes-ShuffleBytes-ChangeByte-EraseBytes-
#1820	REDUCE cov: 123 ft: 484 corp: 54/9325b lim: 333 exec/s: 0 rss: 29Mb L: 172/333 MS: 3 InsertByte-ShuffleBytes-EraseBytes-
#1822	REDUCE cov: 123 ft: 485 corp: 55/9533b lim: 333 exec/s: 0 rss: 29Mb L: 208/333 MS: 2 CrossOver-InsertByte-
#1873	REDUCE cov: 123 ft: 485 corp: 55/9529b lim: 333 exec/s: 0 rss: 29Mb L: 9/333 MS: 1 EraseBytes-
#1895	REDUCE cov: 123 ft: 486 corp: 56/9537b lim: 333 exec/s: 0 rss: 29Mb L: 8/333 MS: 2 EraseBytes-InsertByte-
#1944	REDUCE cov: 123 ft: 486 corp: 56/9519b lim: 333 exec/s: 0 rss: 29Mb L: 155/333 MS: 4 ChangeASCIIInt-CrossOver-CMP-EraseBytes- DE: "cdsc"-
#2030	REDUCE cov: 123 ft: 486 corp: 56/9403b lim: 333 exec/s: 0 rss: 29Mb L: 217/333 MS: 1 EraseBytes-
#2038	REDUCE cov: 123 ft: 486 corp: 56/9402b lim: 333 exec/s: 0 rss: 29Mb L: 2/333 MS: 3 ChangeBit-ChangeByte-EraseBytes-
#2047	REDUCE cov: 123 ft: 486 corp: 56/9400b lim: 333 exec/s: 0 rss: 29Mb L: 33/333 MS: 4 CMP-EraseBytes-ChangeBit-InsertByte- DE: "\001\000\\ \225\024[\335"-
#2134	REDUCE cov: 123 ft: 486 corp: 56/9332b lim: 333 exec/s: 0 rss: 29Mb L: 257/333 MS: 2 CMP-CrossOver- DE: "\360\000\000\000\000\000\000\000"-
#2263	REDUCE cov: 123 ft: 486 corp: 56/9330b lim: 333 exec/s: 0 rss: 29Mb L: 67/333 MS: 4 PersAutoDict-CopyPart-InsertByte-EraseBytes- DE: "\377\377w\332\370\000]\240"-
#2414	REDUCE cov: 123 ft: 486 corp: 56/9329b lim: 333 exec/s: 0 rss: 29Mb L: 1/333 MS: 1 EraseBytes-
#2436	NEW    cov: 123 ft: 488 corp: 57/9550b lim: 333 exec/s: 0 rss: 29Mb L: 221/333 MS: 2 ChangeBinInt-InsertByte-
#2514	REDUCE cov: 123 ft: 488 corp: 57/9549b lim: 333 exec/s: 0 rss: 29Mb L: 28/333 MS: 3 PersAutoDict-PersAutoDict-EraseBytes- DE: "cdsc"-"\001\000\\ \225\024[\335"-
#2521	REDUCE cov: 123 ft: 488 corp: 57/9548b lim: 333 exec/s: 0 rss: 29Mb L: 88/333 MS: 2 InsertByte-EraseBytes-
#2604	REDUCE cov: 123 ft: 488 corp: 57/9543b lim: 333 exec/s: 0 rss: 29Mb L: 133/333 MS: 3 PersAutoDict-PersAutoDict-EraseBytes- DE: "\003\000\000\000\000\000\000\000"-"N7ISOBMFF12Cont"-
#2606	REDUCE cov: 123 ft: 488 corp: 57/9541b lim: 333 exec/s: 0 rss: 29Mb L: 204/333 MS: 2 EraseBytes-InsertRepeatedBytes-
#2671	REDUCE cov: 123 ft: 488 corp: 57/9538b lim: 333 exec/s: 0 rss: 29Mb L: 152/333 MS: 5 EraseBytes-CrossOver-PersAutoDict-ChangeByte-CrossOver- DE: "schm"-
#2849	REDUCE cov: 123 ft: 488 corp: 57/9516b lim: 333 exec/s: 0 rss: 29Mb L: 287/333 MS: 3 ShuffleBytes-ChangeBinInt-EraseBytes-
#2895	REDUCE cov: 123 ft: 488 corp: 57/9512b lim: 333 exec/s: 0 rss: 29Mb L: 114/333 MS: 1 EraseBytes-
#2913	REDUCE cov: 123 ft: 488 corp: 57/9511b lim: 333 exec/s: 0 rss: 29Mb L: 100/333 MS: 3 CopyPart-ChangeBit-EraseBytes-
#2957	REDUCE cov: 123 ft: 488 corp: 57/9508b lim: 333 exec/s: 0 rss: 29Mb L: 97/333 MS: 4 InsertByte-ChangeBit-ShuffleBytes-EraseBytes-
#3288	REDUCE cov: 123 ft: 488 corp: 57/9506b lim: 333 exec/s: 0 rss: 29Mb L: 26/333 MS: 1 EraseBytes-
#3447	REDUCE cov: 123 ft: 488 corp: 57/9453b lim: 333 exec/s: 0 rss: 29Mb L: 167/333 MS: 4 CopyPart-PersAutoDict-PersAutoDict-EraseBytes- DE: "\360\000\000\000\000\000\000\000"-"\001\000\\ \225\024[\335"-
#3499	REDUCE cov: 123 ft: 488 corp: 57/9373b lim: 333 exec/s: 0 rss: 29Mb L: 129/333 MS: 2 ChangeASCIIInt-EraseBytes-
#3545	NEW    cov: 123 ft: 489 corp: 58/9386b lim: 333 exec/s: 0 rss: 29Mb L: 13/333 MS: 1 EraseBytes-
#3551	REDUCE cov: 123 ft: 489 corp: 58/9342b lim: 333 exec/s: 0 rss: 29Mb L: 44/333 MS: 1 EraseBytes-
#3587	NEW    cov: 123 ft: 490 corp: 59/9606b lim: 333 exec/s: 0 rss: 29Mb L: 264/333 MS: 1 CrossOver-
#3720	REDUCE cov: 123 ft: 490 corp: 59/9601b lim: 333 exec/s: 0 rss: 29Mb L: 278/333 MS: 3 InsertRepeatedBytes-EraseBytes-CrossOver-
#3826	NEW    cov: 123 ft: 491 corp: 60/9866b lim: 333 exec/s: 0 rss: 29Mb L: 265/333 MS: 1 InsertByte-
#3882	REDUCE cov: 123 ft: 491 corp: 60/9850b lim: 333 exec/s: 0 rss: 29Mb L: 136/333 MS: 1 EraseBytes-
#4117	REDUCE cov: 123 ft: 491 corp: 60/9843b lim: 333 exec/s: 0 rss: 29Mb L: 197/333 MS: 5 InsertRepeatedBytes-ChangeASCIIInt-ChangeASCIIInt-CrossOver-EraseBytes-
#4325	REDUCE cov: 123 ft: 491 corp: 60/9775b lim: 333 exec/s: 0 rss: 29Mb L: 245/333 MS: 3 ShuffleBytes-PersAutoDict-EraseBytes- DE: "\001\000\\ \225\024[\335"-
#4380	REDUCE cov: 123 ft: 491 corp: 60/9772b lim: 333 exec/s: 0 rss: 29Mb L: 272/333 MS: 5 EraseBytes-PersAutoDict-ShuffleBytes-PersAutoDict-PersAutoDict- DE: "\003\000\000\000\000\000\000\000"-"\003\000\000\000\000\000\000\000"-"\377\377w\332\370\000]\240"-
#4389	REDUCE cov: 123 ft: 492 corp: 61/10092b lim: 333 exec/s: 0 rss: 29Mb L: 320/333 MS: 4 CrossOver-CopyPart-ChangeByte-CopyPart-
#4412	REDUCE cov: 123 ft: 492 corp: 61/10059b lim: 333 exec/s: 0 rss: 29Mb L: 164/333 MS: 3 ChangeBit-CopyPart-EraseBytes-
#4474	REDUCE cov: 123 ft: 492 corp: 61/10025b lim: 333 exec/s: 0 rss: 29Mb L: 99/333 MS: 2 CMP-EraseBytes- DE: "\240\000\000\000"-
#4646	REDUCE cov: 123 ft: 492 corp: 61/10012b lim: 333 exec/s: 0 rss: 29Mb L: 226/333 MS: 2 EraseBytes-PersAutoDict- DE: "N7ISOBMFF12Cont"-
#4807	REDUCE cov: 123 ft: 492 corp: 61/10009b lim: 333 exec/s: 0 rss: 29Mb L: 225/333 MS: 1 EraseBytes-
#4858	REDUCE cov: 123 ft: 492 corp: 61/9984b lim: 333 exec/s: 0 rss: 29Mb L: 111/333 MS: 1 EraseBytes-
#4960	NEW    cov: 123 ft: 493 corp: 62/10317b lim: 333 exec/s: 0 rss: 29Mb L: 333/333 MS: 2 ChangeByte-ChangeBit-
#5060	REDUCE cov: 123 ft: 493 corp: 62/10314b lim: 333 exec/s: 0 rss: 29Mb L: 222/333 MS: 5 ChangeBinInt-ChangeBit-InsertByte-ChangeASCIIInt-EraseBytes-
#5252	REDUCE cov: 123 ft: 493 corp: 62/10293b lim: 333 exec/s: 0 rss: 29Mb L: 71/333 MS: 2 ChangeBinInt-EraseBytes-
#5301	REDUCE cov: 123 ft: 493 corp: 62/10270b lim: 333 exec/s: 0 rss: 29Mb L: 74/333 MS: 4 ShuffleBytes-CopyPart-ChangeBit-EraseBytes-
#5987	REDUCE cov: 123 ft: 493 corp: 62/10230b lim: 333 exec/s: 0 rss: 29Mb L: 259/333 MS: 1 EraseBytes-
#6043	REDUCE cov: 123 ft: 493 corp: 62/10210b lim: 333 exec/s: 0 rss: 29Mb L: 267/333 MS: 1 EraseBytes-
#6058	REDUCE cov: 123 ft: 493 corp: 62/10209b lim: 333 exec/s: 0 rss: 29Mb L: 98/333 MS: 5 ChangeBit-InsertByte-ShuffleBytes-CopyPart-EraseBytes-
#6179	REDUCE cov: 123 ft: 493 corp: 62/10205b lim: 333 exec/s: 0 rss: 29Mb L: 20/333 MS: 1 EraseBytes-
#6610	NEW    cov: 123 ft: 494 corp: 63/10484b lim: 333 exec/s: 6610 rss: 30Mb L: 279/333 MS: 3 CrossOver-CrossOver-PersAutoDict- DE: "schm"-
#6707	REDUCE cov: 123 ft: 494 corp: 63/10420b lim: 333 exec/s: 6707 rss: 30Mb L: 108/333 MS: 2 ChangeByte-EraseBytes-
#6715	REDUCE cov: 123 ft: 494 corp: 63/10382b lim: 333 exec/s: 6715 rss: 30Mb L: 73/333 MS: 3 PersAutoDict-CopyPart-EraseBytes- DE: "\360\000\000\000\000\000\000\000"-
#6820	REDUCE cov: 123 ft: 494 corp: 63/10378b lim: 333 exec/s: 6820 rss: 30Mb L: 45/333 MS: 5 EraseBytes-ChangeASCIIInt-CMP-ShuffleBytes-CopyPart- DE: "N7ISOBMFF12Con"-
#6898	REDUCE cov: 123 ft: 494 corp: 63/10325b lim: 333 exec/s: 6898 rss: 30Mb L: 280/333 MS: 3 ShuffleBytes-PersAutoDict-EraseBytes- DE: "\003\000\000\000\000\000\000\000"-
#7031	REDUCE cov: 123 ft: 494 corp: 63/10212b lim: 333 exec/s: 7031 rss: 30Mb L: 132/333 MS: 3 InsertByte-CrossOver-CrossOver-
#7093	REDUCE cov: 123 ft: 494 corp: 63/10211b lim: 333 exec/s: 7093 rss: 30Mb L: 163/333 MS: 2 InsertByte-CrossOver-
#7215	NEW    cov: 123 ft: 495 corp: 64/10536b lim: 333 exec/s: 7215 rss: 30Mb L: 325/333 MS: 2 ChangeBinInt-CopyPart-
#7292	REDUCE cov: 123 ft: 495 corp: 64/10535b lim: 333 exec/s: 7292 rss: 30Mb L: 28/333 MS: 2 ChangeByte-EraseBytes-
#7633	REDUCE cov: 123 ft: 495 corp: 64/10534b lim: 333 exec/s: 7633 rss: 30Mb L: 12/333 MS: 1 EraseBytes-
#7678	REDUCE cov: 123 ft: 495 corp: 64/10513b lim: 333 exec/s: 7678 rss: 30Mb L: 299/333 MS: 5 ShuffleBytes-ChangeBit-ShuffleBytes-InsertByte-EraseBytes-
#7745	REDUCE cov: 123 ft: 495 corp: 64/10452b lim: 333 exec/s: 7745 rss: 30Mb L: 264/333 MS: 2 CMP-EraseBytes- DE: "\001\000\000\000\000\000\000\257"-
#7853	REDUCE cov: 123 ft: 495 corp: 64/10450b lim: 333 exec/s: 7853 rss: 30Mb L: 306/333 MS: 3 InsertByte-ChangeByte-EraseBytes-
#7864	REDUCE cov: 123 ft: 495 corp: 64/10447b lim: 333 exec/s: 7864 rss: 30Mb L: 241/333 MS: 1 EraseBytes-
#7892	REDUCE cov: 124 ft: 497 corp: 65/10697b lim: 333 exec/s: 7892 rss: 30Mb L: 250/333 MS: 3 CopyPart-ChangeBit-PersAutoDict- DE: "moov"-
#8374	REDUCE cov: 124 ft: 497 corp: 65/10685b lim: 333 exec/s: 8374 rss: 30Mb L: 33/333 MS: 2 ChangeBit-EraseBytes-
#8428	REDUCE cov: 124 ft: 497 corp: 65/10680b lim: 333 exec/s: 8428 rss: 30Mb L: 68/333 MS: 4 CrossOver-CrossOver-CopyPart-EraseBytes-
#8658	REDUCE cov: 124 ft: 497 corp: 65/10679b lim: 333 exec/s: 8658 rss: 30Mb L: 8/333 MS: 5 InsertByte-ChangeBit-ChangeBinInt-CopyPart-EraseBytes-
#8720	REDUCE cov: 124 ft: 497 corp: 65/10673b lim: 333 exec/s: 8720 rss: 30Mb L: 218/333 MS: 2 ShuffleBytes-EraseBytes-
#8916	REDUCE cov: 124 ft: 497 corp: 65/10633b lim: 333 exec/s: 8916 rss: 30Mb L: 224/333 MS: 1 CrossOver-
#9010	REDUCE cov: 124 ft: 497 corp: 65/10570b lim: 333 exec/s: 9010 rss: 30Mb L: 236/333 MS: 4 InsertByte-CMP-InsertRepeatedBytes-EraseBytes- DE: "hvc1"-
#9096	REDUCE cov: 124 ft: 497 corp: 65/10513b lim: 333 exec/s: 9096 rss: 30Mb L: 179/333 MS: 1 CrossOver-
#9151	REDUCE cov: 124 ft: 497 corp: 65/10486b lim: 333 exec/s: 9151 rss: 30Mb L: 68/333 MS: 5 InsertRepeatedBytes-ChangeByte-EraseBytes-EraseBytes-CMP- DE: "\000\000\000\001"-
#9334	REDUCE cov: 124 ft: 497 corp: 65/10469b lim: 333 exec/s: 9334 rss: 30Mb L: 81/333 MS: 3 ShuffleBytes-InsertByte-EraseBytes-
#9450	REDUCE cov: 124 ft: 497 corp: 65/10438b lim: 333 exec/s: 9450 rss: 30Mb L: 193/333 MS: 1 EraseBytes-
#9491	REDUCE cov: 124 ft: 497 corp: 65/10393b lim: 333 exec/s: 9491 rss: 30Mb L: 234/333 MS: 1 EraseBytes-
#9502	REDUCE cov: 124 ft: 497 corp: 65/10352b lim: 333 exec/s: 9502 rss: 30Mb L: 112/333 MS: 1 EraseBytes-
#9519	REDUCE cov: 124 ft: 497 corp: 65/10315b lim: 333 exec/s: 9519 rss: 30Mb L: 230/333 MS: 2 ChangeBinInt-EraseBytes-
#9570	REDUCE cov: 124 ft: 497 corp: 65/10275b lim: 333 exec/s: 9570 rss: 30Mb L: 153/333 MS: 1 EraseBytes-
#9700	REDUCE cov: 124 ft: 497 corp: 65/10274b lim: 333 exec/s: 9700 rss: 30Mb L: 216/333 MS: 5 PersAutoDict-InsertByte-ChangeBit-InsertRepeatedBytes-CrossOver- DE: "\001\000\000\021"-
#9903	REDUCE cov: 124 ft: 500 corp: 66/10374b lim: 333 exec/s: 9903 rss: 30Mb L: 100/333 MS: 3 ShuffleBytes-CopyPart-EraseBytes-
#9994	REDUCE cov: 124 ft: 500 corp: 66/10373b lim: 333 exec/s: 9994 rss: 30Mb L: 73/333 MS: 1 EraseBytes-
#10001	REDUCE cov: 124 ft: 500 corp: 66/10364b lim: 333 exec/s: 10001 rss: 30Mb L: 40/333 MS: 2 ChangeByte-EraseBytes-
#10111	REDUCE cov: 124 ft: 500 corp: 66/10333b lim: 333 exec/s: 10111 rss: 30Mb L: 69/333 MS: 5 PersAutoDict-ChangeByte-ShuffleBytes-ChangeBit-EraseBytes- DE: "N7ISOBMFF12Con"-
#10197	REDUCE cov: 124 ft: 517 corp: 67/10514b lim: 333 exec/s: 10197 rss: 30Mb L: 181/333 MS: 1 PersAutoDict- DE: "\000\000\000\001"-
#10223	REDUCE cov: 124 ft: 517 corp: 67/10495b lim: 333 exec/s: 10223 rss: 30Mb L: 240/333 MS: 1 EraseBytes-
#10299	REDUCE cov: 124 ft: 517 corp: 67/10471b lim: 333 exec/s: 10299 rss: 30Mb L: 155/333 MS: 1 EraseBytes-
#10403	REDUCE cov: 124 ft: 517 corp: 67/10462b lim: 333 exec/s: 10403 rss: 30Mb L: 172/333 MS: 4 CMP-ChangeBinInt-ChangeBinInt-CrossOver- DE: "\377\001"-
#10703	REDUCE cov: 124 ft: 517 corp: 67/10461b lim: 333 exec/s: 10703 rss: 30Mb L: 68/333 MS: 5 ShuffleBytes-ShuffleBytes-ShuffleBytes-ChangeByte-EraseBytes-
#10779	REDUCE cov: 124 ft: 517 corp: 67/10460b lim: 333 exec/s: 10779 rss: 30Mb L: 171/333 MS: 1 EraseBytes-
#10832	REDUCE cov: 124 ft: 517 corp: 67/10397b lim: 333 exec/s: 10832 rss: 30Mb L: 108/333 MS: 3 PersAutoDict-CMP-EraseBytes- DE: "moov"-"avc1"-
#10868	REDUCE cov: 124 ft: 517 corp: 67/10377b lim: 333 exec/s: 10868 rss: 30Mb L: 271/333 MS: 1 CrossOver-
#10891	REDUCE cov: 124 ft: 517 corp: 67/10373b lim: 333 exec/s: 10891 rss: 30Mb L: 16/333 MS: 3 InsertByte-ShuffleBytes-EraseBytes-
#11119	REDUCE cov: 124 ft: 517 corp: 67/10322b lim: 333 exec/s: 11119 rss: 30Mb L: 57/333 MS: 3 ChangeByte-CMP-EraseBytes- DE: "mdia"-
#11470	REDUCE cov: 124 ft: 517 corp: 67/10306b lim: 333 exec/s: 11470 rss: 30Mb L: 116/333 MS: 1 EraseBytes-
#11624	REDUCE cov: 124 ft: 517 corp: 67/10296b lim: 333 exec/s: 11624 rss: 30Mb L: 136/333 MS: 4 PersAutoDict-CMP-CopyPart-EraseBytes- DE: "N7ISOBMFF12Con"-"\001\000\0002"-
#12165	REDUCE cov: 124 ft: 517 corp: 67/10043b lim: 333 exec/s: 12165 rss: 30Mb L: 19/333 MS: 1 CrossOver-
==646383== ERROR: libFuzzer: out-of-memory (used: 1709Mb; limit: 1024Mb)
   To change the out-of-memory limit use -rss_limit_mb=<N>

MS: 4 ShuffleBytes-ChangeBinInt-PersAutoDict-InsertByte- DE: "\001\000\000\000\000\000\000\257"-; base unit: 3bc3963d879e368ffd0f27bdf12265cc771035c4
0x0,0x0,0x0,0x1c,0x66,0x74,0x79,0x70,0x69,0x73,0x6f,0x35,0x18,0x4e,0x37,0x49,0x53,0xbc,0x42,0x4d,0x46,0x46,0x31,0x32,0x43,0x6f,0x6e,0x73,0x0,0x0,0x0,0x1,0x0,0x0,0x0,0x3f,0x0,0x0,0x0,0x1,0x0,0x0,0x0,0x0,0x0,0x0,0xaf,0x6d,0x0,0x0,0x0,0x0,0xa,0x0,0x0,0x0,0x0,0x0,0x0,0x0,0x0,0x0,0x0,0x0,0x0,0x0,0x0,0x0,0x0,
\000\000\000\034ftypiso5\030N7IS\274BMFF12Cons\000\000\000\001\000\000\000?\000\000\000\001\000\000\000\000\000\000\257m\000\000\000\000\012\000\000\000\000\000\000\000\000\000\000\000\000\000\000\000\000
artifact_prefix='/results/crashes/20260313_174555_3a623528_'; Test unit written to /results/crashes/20260313_174555_3a623528_oom-d2c47d7b0250825e7ac5bc4b3728ee2b659cb9c6
Base64: AAAAHGZ0eXBpc281GE43SVO8Qk1GRjEyQ29ucwAAAAEAAAA/AAAAAQAAAAAAAK9tAAAAAAoAAAAAAAAAAAAAAAAAAAAA
SUMMARY: libFuzzer: out-of-memory
stat::number_of_executed_units: 12214
stat::average_exec_per_sec:     4071
stat::new_units_added:          174
stat::slowest_unit_time_sec:    0
stat::peak_rss_mb:              1710
