INFO: Running with entropic power schedule (0xFF, 100).
INFO: Seed: 786809145
INFO: Loaded 1 modules   (252 inline 8-bit counters): 252 [0x59fc4faca678, 0x59fc4faca774), 
INFO: Loaded 1 PC tables (252 PCs): 252 [0x59fc4faca778,0x59fc4facb738), 
INFO:        4 files found in /tmp/corpus_20260313_173011_881e160c
INFO: seed corpus: files: 4 min: 48b max: 333b total: 853b rss: 28Mb
#5	INITED cov: 118 ft: 252 corp: 4/853b exec/s: 0 rss: 29Mb
#10	NEW    cov: 119 ft: 258 corp: 5/1098b lim: 333 exec/s: 0 rss: 29Mb L: 245/333 MS: 5 EraseBytes-EraseBytes-ChangeBit-ShuffleBytes-InsertRepeatedBytes-
#11	NEW    cov: 119 ft: 264 corp: 6/1343b lim: 333 exec/s: 0 rss: 29Mb L: 245/333 MS: 1 CMP- DE: "\\\202\023Z\374Y\000\000"-
#12	NEW    cov: 119 ft: 275 corp: 7/1603b lim: 333 exec/s: 0 rss: 29Mb L: 260/333 MS: 1 PersAutoDict- DE: "\\\202\023Z\374Y\000\000"-
#13	NEW    cov: 119 ft: 308 corp: 8/1634b lim: 333 exec/s: 0 rss: 29Mb L: 31/333 MS: 1 EraseBytes-
#24	NEW    cov: 119 ft: 322 corp: 9/1776b lim: 333 exec/s: 0 rss: 29Mb L: 142/333 MS: 1 CrossOver-
#30	NEW    cov: 119 ft: 329 corp: 10/1825b lim: 333 exec/s: 0 rss: 29Mb L: 49/333 MS: 1 CopyPart-
#31	NEW    cov: 119 ft: 330 corp: 11/1968b lim: 333 exec/s: 0 rss: 29Mb L: 143/333 MS: 1 InsertByte-
#37	NEW    cov: 119 ft: 331 corp: 12/2110b lim: 333 exec/s: 0 rss: 29Mb L: 142/333 MS: 1 CMP- DE: "U4Mp"-
#46	NEW    cov: 120 ft: 333 corp: 13/2254b lim: 333 exec/s: 0 rss: 29Mb L: 144/333 MS: 4 ChangeBit-ChangeASCIIInt-CopyPart-InsertByte-
#50	NEW    cov: 120 ft: 342 corp: 14/2362b lim: 333 exec/s: 0 rss: 29Mb L: 108/333 MS: 4 ShuffleBytes-ShuffleBytes-ChangeByte-EraseBytes-
#53	NEW    cov: 120 ft: 343 corp: 15/2448b lim: 333 exec/s: 0 rss: 29Mb L: 86/333 MS: 3 CMP-InsertRepeatedBytes-EraseBytes- DE: "\377\377X\374Z\023\326)"-
#59	NEW    cov: 120 ft: 345 corp: 16/2560b lim: 333 exec/s: 0 rss: 29Mb L: 112/333 MS: 1 CMP- DE: "`rid"-
#60	NEW    cov: 120 ft: 346 corp: 17/2609b lim: 333 exec/s: 0 rss: 29Mb L: 49/333 MS: 1 ChangeByte-
#65	NEW    cov: 120 ft: 348 corp: 18/2873b lim: 333 exec/s: 0 rss: 29Mb L: 264/333 MS: 5 ChangeBinInt-ChangeByte-ChangeByte-ShuffleBytes-InsertRepeatedBytes-
#67	NEW    cov: 120 ft: 350 corp: 19/3099b lim: 333 exec/s: 0 rss: 29Mb L: 226/333 MS: 2 ChangeASCIIInt-InsertRepeatedBytes-
#71	NEW    cov: 120 ft: 351 corp: 20/3177b lim: 333 exec/s: 0 rss: 29Mb L: 78/333 MS: 4 CMP-CMP-ChangeBinInt-CopyPart- DE: "\000\000\000\000"-"hvcC"-
#72	NEW    cov: 120 ft: 356 corp: 21/3271b lim: 333 exec/s: 0 rss: 29Mb L: 94/333 MS: 1 EraseBytes-
#84	NEW    cov: 120 ft: 357 corp: 22/3417b lim: 333 exec/s: 0 rss: 29Mb L: 146/333 MS: 2 ShuffleBytes-InsertRepeatedBytes-
#86	NEW    cov: 120 ft: 358 corp: 23/3732b lim: 333 exec/s: 0 rss: 29Mb L: 315/333 MS: 2 CrossOver-EraseBytes-
#100	NEW    cov: 120 ft: 359 corp: 24/4028b lim: 333 exec/s: 0 rss: 29Mb L: 296/333 MS: 4 ChangeByte-CrossOver-ShuffleBytes-InsertRepeatedBytes-
#103	REDUCE cov: 120 ft: 359 corp: 24/3940b lim: 333 exec/s: 0 rss: 29Mb L: 157/333 MS: 3 ChangeBinInt-ChangeBit-EraseBytes-
#106	NEW    cov: 120 ft: 360 corp: 25/4259b lim: 333 exec/s: 0 rss: 29Mb L: 319/333 MS: 3 ChangeASCIIInt-ChangeByte-PersAutoDict- DE: "U4Mp"-
#107	NEW    cov: 120 ft: 361 corp: 26/4382b lim: 333 exec/s: 0 rss: 29Mb L: 123/333 MS: 1 EraseBytes-
#111	NEW    cov: 120 ft: 362 corp: 27/4594b lim: 333 exec/s: 0 rss: 29Mb L: 212/333 MS: 4 CopyPart-ShuffleBytes-InsertRepeatedBytes-InsertRepeatedBytes-
#118	NEW    cov: 120 ft: 363 corp: 28/4639b lim: 333 exec/s: 0 rss: 29Mb L: 45/333 MS: 2 EraseBytes-ShuffleBytes-
#125	NEW    cov: 120 ft: 364 corp: 29/4889b lim: 333 exec/s: 0 rss: 29Mb L: 250/333 MS: 2 CrossOver-CopyPart-
#126	REDUCE cov: 120 ft: 364 corp: 29/4870b lim: 333 exec/s: 0 rss: 29Mb L: 67/333 MS: 1 EraseBytes-
#132	NEW    cov: 121 ft: 365 corp: 30/5141b lim: 333 exec/s: 0 rss: 29Mb L: 271/333 MS: 1 InsertRepeatedBytes-
#136	NEW    cov: 121 ft: 366 corp: 31/5269b lim: 333 exec/s: 0 rss: 29Mb L: 128/333 MS: 4 ChangeByte-PersAutoDict-InsertByte-CrossOver- DE: "hvcC"-
#140	NEW    cov: 121 ft: 367 corp: 32/5451b lim: 333 exec/s: 0 rss: 29Mb L: 182/333 MS: 4 InsertByte-CopyPart-CrossOver-EraseBytes-
#153	NEW    cov: 121 ft: 368 corp: 33/5534b lim: 333 exec/s: 0 rss: 29Mb L: 83/333 MS: 3 CopyPart-ShuffleBytes-CMP- DE: "\000\000\000\000\000\000\000\000"-
#157	REDUCE cov: 121 ft: 397 corp: 34/5602b lim: 333 exec/s: 0 rss: 29Mb L: 68/333 MS: 4 ChangeASCIIInt-CMP-InsertByte-ChangeBinInt- DE: "3\000"-
#172	NEW    cov: 121 ft: 399 corp: 35/5690b lim: 333 exec/s: 0 rss: 29Mb L: 88/333 MS: 5 ChangeBit-CMP-EraseBytes-CopyPart-EraseBytes- DE: "im\000\000"-
#181	NEW    cov: 121 ft: 407 corp: 36/5992b lim: 333 exec/s: 0 rss: 29Mb L: 302/333 MS: 4 ChangeBinInt-ChangeByte-CMP-InsertRepeatedBytes- DE: "A\255\023Z\374Y\000\000"-
#207	NEW    cov: 121 ft: 421 corp: 37/6045b lim: 333 exec/s: 0 rss: 29Mb L: 53/333 MS: 1 EraseBytes-
#237	NEW    cov: 121 ft: 422 corp: 38/6225b lim: 333 exec/s: 0 rss: 29Mb L: 180/333 MS: 5 CopyPart-ChangeBit-InsertByte-ChangeBinInt-InsertRepeatedBytes-
#241	NEW    cov: 121 ft: 423 corp: 39/6337b lim: 333 exec/s: 0 rss: 29Mb L: 112/333 MS: 4 PersAutoDict-ChangeBinInt-PersAutoDict-CrossOver- DE: "\\\202\023Z\374Y\000\000"-"3\000"-
#282	NEW    cov: 122 ft: 424 corp: 40/6454b lim: 333 exec/s: 0 rss: 29Mb L: 117/333 MS: 1 EraseBytes-
#328	NEW    cov: 122 ft: 428 corp: 41/6773b lim: 333 exec/s: 0 rss: 29Mb L: 319/333 MS: 1 PersAutoDict- DE: "\000\000\000\000\000\000\000\000"-
#347	REDUCE cov: 122 ft: 428 corp: 41/6718b lim: 333 exec/s: 0 rss: 29Mb L: 241/333 MS: 4 PersAutoDict-ChangeBit-ShuffleBytes-EraseBytes- DE: "`rid"-
#381	NEW    cov: 122 ft: 429 corp: 42/6789b lim: 333 exec/s: 0 rss: 29Mb L: 71/333 MS: 4 ChangeBinInt-EraseBytes-EraseBytes-EraseBytes-
#416	NEW    cov: 122 ft: 432 corp: 43/6869b lim: 333 exec/s: 0 rss: 29Mb L: 80/333 MS: 5 EraseBytes-CopyPart-EraseBytes-CopyPart-CMP- DE: "\000\000Y\374Z\025$\000"-
#436	NEW    cov: 122 ft: 433 corp: 44/7076b lim: 333 exec/s: 0 rss: 29Mb L: 207/333 MS: 5 ChangeBit-PersAutoDict-CrossOver-EraseBytes-ShuffleBytes- DE: "`rid"-
#462	NEW    cov: 122 ft: 438 corp: 45/7372b lim: 333 exec/s: 0 rss: 29Mb L: 296/333 MS: 1 InsertRepeatedBytes-
#475	REDUCE cov: 122 ft: 438 corp: 45/7352b lim: 333 exec/s: 0 rss: 29Mb L: 33/333 MS: 3 PersAutoDict-ChangeBit-EraseBytes- DE: "U4Mp"-
#486	REDUCE cov: 122 ft: 438 corp: 45/7340b lim: 333 exec/s: 0 rss: 29Mb L: 59/333 MS: 1 EraseBytes-
#487	NEW    cov: 122 ft: 439 corp: 46/7608b lim: 333 exec/s: 0 rss: 29Mb L: 268/333 MS: 1 CMP- DE: "\000\000\000\000"-
#506	NEW    cov: 122 ft: 441 corp: 47/7656b lim: 333 exec/s: 0 rss: 29Mb L: 48/333 MS: 4 InsertByte-CMP-EraseBytes-CMP- DE: "\001\000"-"\000\010"-
#522	REDUCE cov: 122 ft: 441 corp: 47/7641b lim: 333 exec/s: 0 rss: 29Mb L: 93/333 MS: 1 EraseBytes-
#583	REDUCE cov: 122 ft: 450 corp: 48/7664b lim: 333 exec/s: 0 rss: 29Mb L: 23/333 MS: 1 EraseBytes-
#609	REDUCE cov: 122 ft: 450 corp: 48/7648b lim: 333 exec/s: 0 rss: 29Mb L: 236/333 MS: 1 EraseBytes-
#653	REDUCE cov: 122 ft: 459 corp: 49/7662b lim: 333 exec/s: 0 rss: 29Mb L: 14/333 MS: 4 InsertByte-ShuffleBytes-InsertRepeatedBytes-CrossOver-
#677	NEW    cov: 122 ft: 460 corp: 50/7929b lim: 333 exec/s: 0 rss: 29Mb L: 267/333 MS: 4 InsertByte-CopyPart-ChangeByte-CrossOver-
#687	NEW    cov: 122 ft: 461 corp: 51/8217b lim: 333 exec/s: 0 rss: 29Mb L: 288/333 MS: 5 PersAutoDict-InsertByte-InsertByte-CopyPart-InsertRepeatedBytes- DE: "\000\000\000\000"-
#787	NEW    cov: 122 ft: 462 corp: 52/8475b lim: 333 exec/s: 0 rss: 29Mb L: 258/333 MS: 5 ChangeASCIIInt-ChangeASCIIInt-CopyPart-InsertRepeatedBytes-CopyPart-
#798	REDUCE cov: 122 ft: 462 corp: 52/8449b lim: 333 exec/s: 0 rss: 29Mb L: 276/333 MS: 1 EraseBytes-
#799	NEW    cov: 122 ft: 463 corp: 53/8757b lim: 333 exec/s: 0 rss: 29Mb L: 308/333 MS: 1 InsertRepeatedBytes-
#839	REDUCE cov: 122 ft: 463 corp: 53/8753b lim: 333 exec/s: 0 rss: 29Mb L: 27/333 MS: 5 InsertByte-PersAutoDict-ChangeByte-ShuffleBytes-EraseBytes- DE: "U4Mp"-
#841	REDUCE cov: 122 ft: 463 corp: 53/8733b lim: 333 exec/s: 0 rss: 29Mb L: 60/333 MS: 2 ChangeBinInt-EraseBytes-
#1004	REDUCE cov: 122 ft: 463 corp: 53/8713b lim: 333 exec/s: 0 rss: 29Mb L: 160/333 MS: 3 ShuffleBytes-ChangeBinInt-EraseBytes-
#1038	NEW    cov: 122 ft: 469 corp: 54/8822b lim: 333 exec/s: 0 rss: 29Mb L: 109/333 MS: 4 InsertByte-InsertByte-CrossOver-CrossOver-
#1045	REDUCE cov: 122 ft: 469 corp: 54/8780b lim: 333 exec/s: 0 rss: 29Mb L: 199/333 MS: 2 ShuffleBytes-EraseBytes-
#1067	REDUCE cov: 122 ft: 469 corp: 54/8759b lim: 333 exec/s: 0 rss: 29Mb L: 46/333 MS: 2 CopyPart-EraseBytes-
#1093	NEW    cov: 122 ft: 474 corp: 55/9092b lim: 333 exec/s: 0 rss: 29Mb L: 333/333 MS: 1 InsertRepeatedBytes-
#1118	NEW    cov: 122 ft: 479 corp: 56/9422b lim: 333 exec/s: 0 rss: 29Mb L: 330/333 MS: 5 InsertRepeatedBytes-ChangeBinInt-CrossOver-InsertByte-InsertByte-
#1134	REDUCE cov: 122 ft: 479 corp: 56/9412b lim: 333 exec/s: 0 rss: 29Mb L: 309/333 MS: 1 EraseBytes-
#1271	REDUCE cov: 122 ft: 479 corp: 56/9382b lim: 333 exec/s: 0 rss: 29Mb L: 79/333 MS: 2 ChangeBinInt-EraseBytes-
#1342	REDUCE cov: 122 ft: 479 corp: 56/9379b lim: 333 exec/s: 0 rss: 29Mb L: 42/333 MS: 1 EraseBytes-
#1382	REDUCE cov: 122 ft: 479 corp: 56/9363b lim: 333 exec/s: 0 rss: 29Mb L: 220/333 MS: 5 CopyPart-EraseBytes-ShuffleBytes-InsertByte-InsertRepeatedBytes-
#1390	REDUCE cov: 122 ft: 479 corp: 56/9319b lim: 333 exec/s: 0 rss: 29Mb L: 100/333 MS: 3 ChangeByte-CMP-EraseBytes- DE: "l\000\000Y"-
#1421	REDUCE cov: 122 ft: 479 corp: 56/9301b lim: 333 exec/s: 0 rss: 29Mb L: 41/333 MS: 1 EraseBytes-
#1425	REDUCE cov: 122 ft: 483 corp: 57/9580b lim: 333 exec/s: 0 rss: 29Mb L: 279/333 MS: 4 ChangeBinInt-CopyPart-InsertRepeatedBytes-CMP- DE: "hvcC"-
#1429	NEW    cov: 122 ft: 484 corp: 58/9888b lim: 333 exec/s: 0 rss: 29Mb L: 308/333 MS: 4 ChangeByte-ChangeASCIIInt-ChangeASCIIInt-CrossOver-
#1450	REDUCE cov: 122 ft: 484 corp: 58/9879b lim: 333 exec/s: 0 rss: 29Mb L: 133/333 MS: 1 EraseBytes-
#1510	REDUCE cov: 122 ft: 484 corp: 58/9863b lim: 333 exec/s: 0 rss: 29Mb L: 52/333 MS: 5 ChangeByte-ChangeASCIIInt-EraseBytes-InsertRepeatedBytes-EraseBytes-
#1577	NEW    cov: 123 ft: 485 corp: 59/9864b lim: 333 exec/s: 0 rss: 29Mb L: 1/333 MS: 2 EraseBytes-CrossOver-
#1738	REDUCE cov: 123 ft: 485 corp: 59/9852b lim: 333 exec/s: 0 rss: 29Mb L: 82/333 MS: 1 EraseBytes-
#1776	NEW    cov: 123 ft: 487 corp: 60/10185b lim: 333 exec/s: 0 rss: 29Mb L: 333/333 MS: 3 ChangeByte-ChangeBit-ChangeBinInt-
#1777	REDUCE cov: 123 ft: 487 corp: 60/10181b lim: 333 exec/s: 0 rss: 29Mb L: 129/333 MS: 1 EraseBytes-
#1791	NEW    cov: 123 ft: 488 corp: 61/10448b lim: 333 exec/s: 0 rss: 29Mb L: 267/333 MS: 4 CMP-ChangeBit-CrossOver-EraseBytes- DE: "yyyy"-
#1982	REDUCE cov: 123 ft: 488 corp: 61/10442b lim: 333 exec/s: 0 rss: 29Mb L: 82/333 MS: 1 EraseBytes-
#2044	REDUCE cov: 123 ft: 488 corp: 61/10347b lim: 333 exec/s: 0 rss: 29Mb L: 214/333 MS: 2 ChangeBit-EraseBytes-
#2065	REDUCE cov: 123 ft: 488 corp: 61/10335b lim: 333 exec/s: 0 rss: 29Mb L: 105/333 MS: 1 EraseBytes-
#2179	REDUCE cov: 123 ft: 488 corp: 61/10331b lim: 333 exec/s: 0 rss: 29Mb L: 89/333 MS: 4 ChangeByte-EraseBytes-ShuffleBytes-InsertRepeatedBytes-
#2188	REDUCE cov: 123 ft: 488 corp: 61/10298b lim: 333 exec/s: 0 rss: 29Mb L: 72/333 MS: 4 ShuffleBytes-ChangeByte-EraseBytes-EraseBytes-
#2196	NEW    cov: 123 ft: 489 corp: 62/10628b lim: 333 exec/s: 0 rss: 29Mb L: 330/333 MS: 3 ChangeBit-ChangeByte-InsertRepeatedBytes-
#2347	REDUCE cov: 123 ft: 489 corp: 62/10615b lim: 333 exec/s: 0 rss: 29Mb L: 66/333 MS: 1 EraseBytes-
#2348	REDUCE cov: 123 ft: 489 corp: 62/10576b lim: 333 exec/s: 0 rss: 29Mb L: 280/333 MS: 1 EraseBytes-
#2355	REDUCE cov: 123 ft: 489 corp: 62/10387b lim: 333 exec/s: 0 rss: 29Mb L: 78/333 MS: 2 ChangeBinInt-CrossOver-
#2365	REDUCE cov: 123 ft: 489 corp: 62/10360b lim: 333 exec/s: 0 rss: 29Mb L: 185/333 MS: 5 ChangeByte-CrossOver-ShuffleBytes-ChangeBit-EraseBytes-
#2378	REDUCE cov: 123 ft: 489 corp: 62/10348b lim: 333 exec/s: 0 rss: 29Mb L: 29/333 MS: 3 InsertByte-CopyPart-EraseBytes-
#2555	REDUCE cov: 123 ft: 489 corp: 62/10208b lim: 333 exec/s: 0 rss: 29Mb L: 140/333 MS: 2 CrossOver-CrossOver-
#2698	REDUCE cov: 123 ft: 489 corp: 62/10206b lim: 333 exec/s: 0 rss: 29Mb L: 328/333 MS: 3 CMP-ChangeBinInt-EraseBytes- DE: "hvc1"-
#2741	REDUCE cov: 123 ft: 489 corp: 62/10106b lim: 333 exec/s: 0 rss: 29Mb L: 179/333 MS: 3 CrossOver-ChangeBit-EraseBytes-
#2796	REDUCE cov: 123 ft: 489 corp: 62/10094b lim: 333 exec/s: 0 rss: 29Mb L: 70/333 MS: 5 EraseBytes-ChangeBit-ChangeByte-ShuffleBytes-PersAutoDict- DE: "U4Mp"-
#2955	NEW    cov: 123 ft: 490 corp: 63/10411b lim: 333 exec/s: 0 rss: 29Mb L: 317/333 MS: 4 InsertRepeatedBytes-InsertByte-CMP-CopyPart- DE: " \254\000TAv\000\000"-
#2964	REDUCE cov: 123 ft: 490 corp: 63/10400b lim: 333 exec/s: 0 rss: 29Mb L: 59/333 MS: 4 ShuffleBytes-CMP-CopyPart-EraseBytes- DE: "\377\377uAT\000\272\271"-
#3116	REDUCE cov: 123 ft: 490 corp: 63/10398b lim: 333 exec/s: 0 rss: 29Mb L: 44/333 MS: 2 InsertByte-EraseBytes-
#3210	REDUCE cov: 123 ft: 490 corp: 63/10376b lim: 333 exec/s: 0 rss: 29Mb L: 26/333 MS: 4 CMP-ChangeASCIIInt-ChangeByte-EraseBytes- DE: "\225\000\000\000\000\000\000\000"-
#3232	REDUCE cov: 123 ft: 490 corp: 63/10274b lim: 333 exec/s: 0 rss: 29Mb L: 166/333 MS: 2 CrossOver-CrossOver-
#3255	REDUCE cov: 123 ft: 490 corp: 63/10264b lim: 333 exec/s: 0 rss: 29Mb L: 147/333 MS: 3 CrossOver-InsertByte-EraseBytes-
#3284	REDUCE cov: 123 ft: 490 corp: 63/10255b lim: 333 exec/s: 0 rss: 29Mb L: 319/333 MS: 4 ChangeByte-PersAutoDict-ChangeBit-EraseBytes- DE: "hvc1"-
#3351	REDUCE cov: 123 ft: 491 corp: 64/10271b lim: 333 exec/s: 0 rss: 29Mb L: 16/333 MS: 2 ChangeBit-EraseBytes-
#3383	REDUCE cov: 123 ft: 491 corp: 64/10243b lim: 333 exec/s: 0 rss: 29Mb L: 50/333 MS: 2 CopyPart-EraseBytes-
#3442	REDUCE cov: 123 ft: 491 corp: 64/10219b lim: 333 exec/s: 0 rss: 29Mb L: 36/333 MS: 4 InsertByte-ChangeByte-ChangeBinInt-EraseBytes-
#3473	REDUCE cov: 123 ft: 491 corp: 64/10148b lim: 333 exec/s: 0 rss: 29Mb L: 72/333 MS: 1 CrossOver-
#3476	REDUCE cov: 123 ft: 491 corp: 64/10142b lim: 333 exec/s: 0 rss: 29Mb L: 141/333 MS: 3 ChangeBinInt-ChangeByte-EraseBytes-
#3684	REDUCE cov: 123 ft: 491 corp: 64/10138b lim: 333 exec/s: 0 rss: 29Mb L: 62/333 MS: 3 InsertByte-ChangeBinInt-EraseBytes-
#3685	REDUCE cov: 123 ft: 491 corp: 64/10134b lim: 333 exec/s: 0 rss: 29Mb L: 216/333 MS: 1 EraseBytes-
#3762	REDUCE cov: 123 ft: 491 corp: 64/10110b lim: 333 exec/s: 0 rss: 29Mb L: 190/333 MS: 2 ChangeASCIIInt-EraseBytes-
#3829	REDUCE cov: 123 ft: 491 corp: 64/10105b lim: 333 exec/s: 0 rss: 29Mb L: 21/333 MS: 2 InsertByte-EraseBytes-
#3833	REDUCE cov: 123 ft: 491 corp: 64/10094b lim: 333 exec/s: 0 rss: 29Mb L: 33/333 MS: 4 EraseBytes-ChangeByte-ChangeBit-CMP- DE: "\014\000"-
#3987	REDUCE cov: 123 ft: 491 corp: 64/10046b lim: 333 exec/s: 0 rss: 29Mb L: 64/333 MS: 4 ChangeByte-ChangeBit-ChangeByte-EraseBytes-
#4045	REDUCE cov: 123 ft: 491 corp: 64/10035b lim: 333 exec/s: 0 rss: 29Mb L: 51/333 MS: 3 InsertByte-ChangeASCIIInt-EraseBytes-
#4336	NEW    cov: 123 ft: 499 corp: 65/10255b lim: 333 exec/s: 0 rss: 29Mb L: 220/333 MS: 1 CrossOver-
#4467	REDUCE cov: 123 ft: 499 corp: 65/10252b lim: 333 exec/s: 0 rss: 29Mb L: 11/333 MS: 1 EraseBytes-
#4468	REDUCE cov: 123 ft: 499 corp: 65/10220b lim: 333 exec/s: 0 rss: 29Mb L: 109/333 MS: 1 EraseBytes-
#4505	REDUCE cov: 123 ft: 499 corp: 65/10218b lim: 333 exec/s: 0 rss: 29Mb L: 19/333 MS: 2 ChangeBit-EraseBytes-
#4777	REDUCE cov: 123 ft: 499 corp: 65/10217b lim: 333 exec/s: 0 rss: 29Mb L: 10/333 MS: 2 ChangeASCIIInt-EraseBytes-
#4922	NEW    cov: 123 ft: 500 corp: 66/10501b lim: 333 exec/s: 0 rss: 29Mb L: 284/333 MS: 5 EraseBytes-EraseBytes-ChangeBit-ShuffleBytes-CopyPart-
#5050	REDUCE cov: 123 ft: 500 corp: 66/10497b lim: 333 exec/s: 0 rss: 29Mb L: 136/333 MS: 3 PersAutoDict-InsertRepeatedBytes-EraseBytes- DE: "\377\377uAT\000\272\271"-
#5092	REDUCE cov: 123 ft: 500 corp: 66/10479b lim: 333 exec/s: 0 rss: 29Mb L: 18/333 MS: 2 CopyPart-EraseBytes-
#5128	REDUCE cov: 123 ft: 500 corp: 66/10469b lim: 333 exec/s: 0 rss: 29Mb L: 248/333 MS: 1 EraseBytes-
#5139	REDUCE cov: 123 ft: 500 corp: 66/10449b lim: 333 exec/s: 0 rss: 29Mb L: 31/333 MS: 1 EraseBytes-
#5154	REDUCE cov: 123 ft: 500 corp: 66/10439b lim: 333 exec/s: 0 rss: 29Mb L: 19/333 MS: 5 ChangeBit-ChangeBinInt-InsertByte-ChangeBit-EraseBytes-
#5179	NEW    cov: 123 ft: 501 corp: 67/10772b lim: 333 exec/s: 0 rss: 29Mb L: 333/333 MS: 5 ChangeBinInt-CMP-CopyPart-ChangeBit-CMP- DE: "hvcC"-"mdat"-
#5221	REDUCE cov: 123 ft: 501 corp: 67/10753b lim: 333 exec/s: 0 rss: 29Mb L: 229/333 MS: 2 ChangeByte-CrossOver-
#5247	REDUCE cov: 123 ft: 501 corp: 67/10749b lim: 333 exec/s: 0 rss: 29Mb L: 156/333 MS: 1 EraseBytes-
#5341	NEW    cov: 123 ft: 502 corp: 68/11053b lim: 333 exec/s: 0 rss: 29Mb L: 304/333 MS: 4 PersAutoDict-CMP-ChangeBit-CrossOver- DE: "\\\202\023Z\374Y\000\000"-"g\030"-
#5505	REDUCE cov: 123 ft: 502 corp: 68/10998b lim: 333 exec/s: 0 rss: 29Mb L: 87/333 MS: 4 ShuffleBytes-ChangeBit-ChangeBinInt-EraseBytes-
#5513	NEW    cov: 123 ft: 503 corp: 69/11246b lim: 333 exec/s: 0 rss: 29Mb L: 248/333 MS: 3 PersAutoDict-ShuffleBytes-CrossOver- DE: "\000\000Y\374Z\025$\000"-
#5689	REDUCE cov: 123 ft: 503 corp: 69/11241b lim: 333 exec/s: 0 rss: 29Mb L: 11/333 MS: 1 EraseBytes-
#5719	REDUCE cov: 123 ft: 503 corp: 69/11239b lim: 333 exec/s: 0 rss: 29Mb L: 265/333 MS: 5 EraseBytes-CopyPart-ChangeBit-ChangeBit-CrossOver-
#5807	REDUCE cov: 123 ft: 503 corp: 69/11236b lim: 333 exec/s: 0 rss: 29Mb L: 213/333 MS: 3 ChangeBit-CopyPart-EraseBytes-
#5850	REDUCE cov: 123 ft: 503 corp: 69/11233b lim: 333 exec/s: 0 rss: 29Mb L: 8/333 MS: 3 ChangeBinInt-ChangeByte-EraseBytes-
#5862	REDUCE cov: 123 ft: 503 corp: 69/11209b lim: 333 exec/s: 0 rss: 29Mb L: 105/333 MS: 2 ShuffleBytes-EraseBytes-
#5946	REDUCE cov: 123 ft: 503 corp: 69/11199b lim: 333 exec/s: 0 rss: 29Mb L: 95/333 MS: 4 ChangeByte-ChangeBit-CopyPart-EraseBytes-
#6007	REDUCE cov: 123 ft: 503 corp: 69/11196b lim: 333 exec/s: 0 rss: 29Mb L: 16/333 MS: 1 EraseBytes-
#6128	NEW    cov: 123 ft: 504 corp: 70/11427b lim: 333 exec/s: 0 rss: 29Mb L: 231/333 MS: 1 CrossOver-
#6205	REDUCE cov: 123 ft: 504 corp: 70/11404b lim: 333 exec/s: 0 rss: 29Mb L: 36/333 MS: 2 EraseBytes-CopyPart-
#6436	REDUCE cov: 123 ft: 504 corp: 70/11382b lim: 333 exec/s: 6436 rss: 29Mb L: 9/333 MS: 2 ChangeBinInt-CrossOver-
#6486	REDUCE cov: 123 ft: 504 corp: 70/11378b lim: 333 exec/s: 6486 rss: 29Mb L: 85/333 MS: 5 CopyPart-CMP-ChangeBinInt-CopyPart-EraseBytes- DE: "mdhd"-
#6583	REDUCE cov: 123 ft: 504 corp: 70/11351b lim: 333 exec/s: 6583 rss: 29Mb L: 306/333 MS: 2 ChangeBit-EraseBytes-
#6755	REDUCE cov: 123 ft: 504 corp: 70/11257b lim: 333 exec/s: 6755 rss: 29Mb L: 221/333 MS: 2 ShuffleBytes-EraseBytes-
#7182	REDUCE cov: 123 ft: 504 corp: 70/11207b lim: 333 exec/s: 7182 rss: 29Mb L: 129/333 MS: 2 PersAutoDict-EraseBytes- DE: "\\\202\023Z\374Y\000\000"-
#7410	REDUCE cov: 123 ft: 504 corp: 70/11205b lim: 333 exec/s: 7410 rss: 29Mb L: 315/333 MS: 3 ShuffleBytes-EraseBytes-CopyPart-
#7431	REDUCE cov: 123 ft: 504 corp: 70/11201b lim: 333 exec/s: 7431 rss: 29Mb L: 32/333 MS: 1 EraseBytes-
#7520	REDUCE cov: 123 ft: 504 corp: 70/11200b lim: 333 exec/s: 7520 rss: 29Mb L: 41/333 MS: 4 EraseBytes-ShuffleBytes-ShuffleBytes-PersAutoDict- DE: "\000\000\000\000\000\000\000\000"-
#7746	REDUCE cov: 123 ft: 504 corp: 70/11196b lim: 333 exec/s: 7746 rss: 29Mb L: 12/333 MS: 1 EraseBytes-
#8248	NEW    cov: 123 ft: 505 corp: 71/11424b lim: 333 exec/s: 8248 rss: 29Mb L: 228/333 MS: 2 CMP-PersAutoDict- DE: "!\000\000\000"-"\001\000"-
#8249	REDUCE cov: 123 ft: 505 corp: 71/11395b lim: 333 exec/s: 8249 rss: 29Mb L: 191/333 MS: 1 EraseBytes-
#8361	REDUCE cov: 123 ft: 505 corp: 71/11363b lim: 333 exec/s: 8361 rss: 29Mb L: 167/333 MS: 2 InsertByte-EraseBytes-
#8396	REDUCE cov: 123 ft: 505 corp: 71/11354b lim: 333 exec/s: 8396 rss: 29Mb L: 76/333 MS: 5 ChangeByte-InsertByte-InsertByte-ChangeByte-EraseBytes-
#8517	REDUCE cov: 123 ft: 505 corp: 71/11350b lim: 333 exec/s: 8517 rss: 29Mb L: 15/333 MS: 1 EraseBytes-
#8786	REDUCE cov: 123 ft: 505 corp: 71/11347b lim: 333 exec/s: 8786 rss: 29Mb L: 268/333 MS: 4 ShuffleBytes-InsertByte-ChangeASCIIInt-EraseBytes-
#8863	REDUCE cov: 123 ft: 505 corp: 71/11346b lim: 333 exec/s: 8863 rss: 30Mb L: 75/333 MS: 2 ChangeBit-EraseBytes-
#8907	REDUCE cov: 123 ft: 505 corp: 71/11343b lim: 333 exec/s: 8907 rss: 30Mb L: 120/333 MS: 4 InsertRepeatedBytes-ChangeByte-ChangeBit-EraseBytes-
#9097	REDUCE cov: 123 ft: 505 corp: 71/11333b lim: 333 exec/s: 9097 rss: 30Mb L: 23/333 MS: 5 ChangeBinInt-ChangeBit-CMP-ChangeASCIIInt-EraseBytes- DE: "mdia"-
#9119	REDUCE cov: 123 ft: 505 corp: 71/11330b lim: 333 exec/s: 9119 rss: 30Mb L: 92/333 MS: 2 InsertByte-EraseBytes-
#9260	REDUCE cov: 123 ft: 505 corp: 71/11296b lim: 333 exec/s: 9260 rss: 30Mb L: 156/333 MS: 1 EraseBytes-
#9366	REDUCE cov: 123 ft: 505 corp: 71/11255b lim: 333 exec/s: 9366 rss: 30Mb L: 115/333 MS: 1 EraseBytes-
#9457	REDUCE cov: 123 ft: 505 corp: 71/11254b lim: 333 exec/s: 9457 rss: 30Mb L: 22/333 MS: 1 EraseBytes-
#9538	NEW    cov: 123 ft: 510 corp: 72/11482b lim: 333 exec/s: 9538 rss: 30Mb L: 228/333 MS: 1 ShuffleBytes-
#9591	REDUCE cov: 123 ft: 510 corp: 72/11479b lim: 333 exec/s: 9591 rss: 30Mb L: 273/333 MS: 3 EraseBytes-PersAutoDict-InsertRepeatedBytes- DE: "A\255\023Z\374Y\000\000"-
#9674	NEW    cov: 124 ft: 511 corp: 73/11747b lim: 333 exec/s: 9674 rss: 30Mb L: 268/333 MS: 3 ChangeBit-ChangeBinInt-PersAutoDict- DE: "mdia"-
#9882	REDUCE cov: 124 ft: 511 corp: 73/11707b lim: 333 exec/s: 9882 rss: 30Mb L: 127/333 MS: 3 ChangeByte-ShuffleBytes-EraseBytes-
#9917	REDUCE cov: 124 ft: 511 corp: 73/11693b lim: 333 exec/s: 9917 rss: 30Mb L: 73/333 MS: 5 ChangeByte-ChangeASCIIInt-ChangeASCIIInt-ChangeASCIIInt-EraseBytes-
#10236	REDUCE cov: 124 ft: 511 corp: 73/11690b lim: 333 exec/s: 10236 rss: 30Mb L: 106/333 MS: 4 CrossOver-PersAutoDict-ChangeByte-EraseBytes- DE: "`rid"-
#10454	REDUCE cov: 124 ft: 511 corp: 73/11682b lim: 333 exec/s: 10454 rss: 30Mb L: 148/333 MS: 3 PersAutoDict-ChangeASCIIInt-EraseBytes- DE: "\000\000\000\000\000\000\000\000"-
#10660	REDUCE cov: 124 ft: 515 corp: 74/11988b lim: 333 exec/s: 10660 rss: 30Mb L: 306/333 MS: 1 ChangeBit-
#10930	NEW    cov: 124 ft: 516 corp: 75/12252b lim: 333 exec/s: 10930 rss: 30Mb L: 264/333 MS: 5 CrossOver-InsertByte-ChangeBit-EraseBytes-InsertRepeatedBytes-
#11046	REDUCE cov: 124 ft: 516 corp: 75/12250b lim: 333 exec/s: 11046 rss: 30Mb L: 304/333 MS: 1 EraseBytes-
#11111	REDUCE cov: 124 ft: 516 corp: 75/12248b lim: 333 exec/s: 11111 rss: 30Mb L: 16/333 MS: 5 ChangeBit-CrossOver-EraseBytes-InsertByte-EraseBytes-
#11266	REDUCE cov: 124 ft: 516 corp: 75/12244b lim: 333 exec/s: 11266 rss: 30Mb L: 96/333 MS: 5 PersAutoDict-CMP-ChangeBit-ChangeByte-EraseBytes- DE: "mdhd"-"\001\000\000\000"-
#11519	REDUCE cov: 124 ft: 516 corp: 75/12232b lim: 333 exec/s: 11519 rss: 30Mb L: 40/333 MS: 3 PersAutoDict-CrossOver-EraseBytes- DE: "\000\000\000\000"-
#11686	REDUCE cov: 124 ft: 516 corp: 75/12212b lim: 333 exec/s: 11686 rss: 30Mb L: 20/333 MS: 2 ShuffleBytes-EraseBytes-
#11750	REDUCE cov: 124 ft: 516 corp: 75/12209b lim: 333 exec/s: 11750 rss: 30Mb L: 285/333 MS: 4 CopyPart-ChangeByte-EraseBytes-InsertRepeatedBytes-
#11780	REDUCE cov: 124 ft: 516 corp: 75/12185b lim: 333 exec/s: 11780 rss: 30Mb L: 197/333 MS: 5 InsertByte-InsertRepeatedBytes-CrossOver-EraseBytes-EraseBytes-
#11794	REDUCE cov: 124 ft: 516 corp: 75/12176b lim: 333 exec/s: 11794 rss: 30Mb L: 83/333 MS: 4 ShuffleBytes-CMP-ChangeByte-EraseBytes- DE: "cdsc"-
#11875	REDUCE cov: 124 ft: 516 corp: 75/12165b lim: 333 exec/s: 11875 rss: 30Mb L: 11/333 MS: 1 EraseBytes-
#12068	REDUCE cov: 124 ft: 516 corp: 75/12161b lim: 333 exec/s: 12068 rss: 30Mb L: 178/333 MS: 3 ChangeBit-PersAutoDict-EraseBytes- DE: "\\\202\023Z\374Y\000\000"-
#12704	REDUCE cov: 124 ft: 516 corp: 75/12147b lim: 333 exec/s: 6352 rss: 30Mb L: 106/333 MS: 1 EraseBytes-
#12755	REDUCE cov: 124 ft: 516 corp: 75/12146b lim: 333 exec/s: 6377 rss: 30Mb L: 105/333 MS: 1 EraseBytes-
#12825	REDUCE cov: 124 ft: 516 corp: 75/12144b lim: 333 exec/s: 6412 rss: 30Mb L: 81/333 MS: 5 ShuffleBytes-PersAutoDict-EraseBytes-InsertRepeatedBytes-InsertByte- DE: "cdsc"-
#12878	REDUCE cov: 124 ft: 516 corp: 75/12112b lim: 333 exec/s: 6439 rss: 30Mb L: 95/333 MS: 3 CrossOver-EraseBytes-InsertByte-
#12882	REDUCE cov: 124 ft: 516 corp: 75/12108b lim: 333 exec/s: 6441 rss: 30Mb L: 19/333 MS: 4 ChangeByte-ShuffleBytes-CopyPart-EraseBytes-
#13122	REDUCE cov: 124 ft: 516 corp: 75/12092b lim: 333 exec/s: 6561 rss: 30Mb L: 79/333 MS: 5 PersAutoDict-ChangeByte-EraseBytes-ChangeByte-ShuffleBytes- DE: "mdhd"-
#13275	REDUCE cov: 124 ft: 516 corp: 75/12060b lim: 333 exec/s: 6637 rss: 30Mb L: 287/333 MS: 3 ShuffleBytes-ChangeByte-EraseBytes-
#13287	REDUCE cov: 124 ft: 516 corp: 75/12053b lim: 333 exec/s: 6643 rss: 30Mb L: 9/333 MS: 2 ShuffleBytes-EraseBytes-
#14569	REDUCE cov: 124 ft: 516 corp: 75/12041b lim: 341 exec/s: 7284 rss: 30Mb L: 60/333 MS: 2 InsertByte-EraseBytes-
#14614	REDUCE cov: 124 ft: 516 corp: 75/12019b lim: 341 exec/s: 7307 rss: 30Mb L: 93/333 MS: 5 PersAutoDict-ChangeBit-CrossOver-ChangeByte-EraseBytes- DE: "\001\000\000\000"-
#15311	REDUCE cov: 124 ft: 516 corp: 75/11990b lim: 341 exec/s: 7655 rss: 30Mb L: 53/333 MS: 2 ShuffleBytes-EraseBytes-
#15489	REDUCE cov: 124 ft: 516 corp: 75/11947b lim: 341 exec/s: 7744 rss: 30Mb L: 123/333 MS: 3 CopyPart-ChangeASCIIInt-EraseBytes-
#15833	REDUCE cov: 124 ft: 516 corp: 75/11940b lim: 341 exec/s: 7916 rss: 30Mb L: 129/333 MS: 4 InsertRepeatedBytes-InsertRepeatedBytes-ShuffleBytes-EraseBytes-
#15927	REDUCE cov: 124 ft: 516 corp: 75/11895b lim: 341 exec/s: 7963 rss: 30Mb L: 84/333 MS: 4 ChangeASCIIInt-ChangeByte-ChangeBinInt-EraseBytes-
#15978	REDUCE cov: 124 ft: 516 corp: 75/11868b lim: 341 exec/s: 7989 rss: 30Mb L: 260/333 MS: 1 EraseBytes-
#16232	NEW    cov: 124 ft: 517 corp: 76/12152b lim: 341 exec/s: 8116 rss: 30Mb L: 284/333 MS: 4 CopyPart-PersAutoDict-ChangeBit-ChangeBit- DE: "\377\377uAT\000\272\271"-
#16295	REDUCE cov: 124 ft: 517 corp: 76/12151b lim: 341 exec/s: 8147 rss: 30Mb L: 147/333 MS: 3 ChangeBinInt-ChangeASCIIInt-EraseBytes-
#16384	pulse  cov: 124 ft: 517 corp: 76/12151b lim: 341 exec/s: 8192 rss: 30Mb
#16681	REDUCE cov: 124 ft: 517 corp: 76/12146b lim: 341 exec/s: 8340 rss: 30Mb L: 67/333 MS: 1 EraseBytes-
#16688	REDUCE cov: 124 ft: 517 corp: 76/12144b lim: 341 exec/s: 8344 rss: 30Mb L: 65/333 MS: 2 CrossOver-EraseBytes-
#16850	REDUCE cov: 124 ft: 517 corp: 76/12141b lim: 341 exec/s: 8425 rss: 30Mb L: 9/333 MS: 2 ChangeBinInt-EraseBytes-
#17264	REDUCE cov: 124 ft: 517 corp: 76/12128b lim: 341 exec/s: 8632 rss: 30Mb L: 260/333 MS: 4 PersAutoDict-InsertByte-InsertByte-EraseBytes- DE: "\377\377uAT\000\272\271"-
#17275	REDUCE cov: 124 ft: 517 corp: 76/12121b lim: 341 exec/s: 8637 rss: 30Mb L: 8/333 MS: 1 EraseBytes-
#17287	REDUCE cov: 124 ft: 517 corp: 76/12041b lim: 341 exec/s: 8643 rss: 30Mb L: 228/333 MS: 2 CMP-EraseBytes- DE: "\377\377\377\007"-
#17552	REDUCE cov: 124 ft: 517 corp: 76/12019b lim: 341 exec/s: 8776 rss: 30Mb L: 175/333 MS: 5 CrossOver-ShuffleBytes-EraseBytes-ChangeBinInt-CopyPart-
#17600	NEW    cov: 124 ft: 536 corp: 77/12254b lim: 341 exec/s: 8800 rss: 30Mb L: 235/333 MS: 3 ChangeBinInt-CopyPart-CMP- DE: "mfra"-
#19201	REDUCE cov: 124 ft: 536 corp: 77/12240b lim: 349 exec/s: 9600 rss: 30Mb L: 98/333 MS: 1 EraseBytes-
#19383	REDUCE cov: 124 ft: 536 corp: 77/12237b lim: 349 exec/s: 6461 rss: 30Mb L: 144/333 MS: 2 CopyPart-EraseBytes-
#20004	REDUCE cov: 124 ft: 536 corp: 77/12218b lim: 349 exec/s: 6668 rss: 30Mb L: 296/333 MS: 1 EraseBytes-
#20050	REDUCE cov: 124 ft: 536 corp: 77/12212b lim: 349 exec/s: 6683 rss: 30Mb L: 69/333 MS: 1 CrossOver-
#20457	REDUCE cov: 124 ft: 536 corp: 77/12210b lim: 349 exec/s: 6819 rss: 30Mb L: 25/333 MS: 2 CopyPart-EraseBytes-
#20815	REDUCE cov: 124 ft: 536 corp: 77/12190b lim: 349 exec/s: 6938 rss: 30Mb L: 103/333 MS: 3 ChangeBit-EraseBytes-ChangeBinInt-
#20935	REDUCE cov: 124 ft: 536 corp: 77/12185b lim: 349 exec/s: 6978 rss: 30Mb L: 27/333 MS: 5 CopyPart-CopyPart-ChangeBinInt-ChangeBinInt-EraseBytes-
#21030	REDUCE cov: 124 ft: 536 corp: 77/12184b lim: 349 exec/s: 7010 rss: 30Mb L: 105/333 MS: 5 ChangeASCIIInt-EraseBytes-ChangeByte-ChangeASCIIInt-CMP- DE: "OgK-\374\177\000\000"-
#21160	REDUCE cov: 124 ft: 536 corp: 77/12182b lim: 349 exec/s: 7053 rss: 30Mb L: 306/333 MS: 5 CMP-ChangeByte-ChangeBinInt-ChangeByte-EraseBytes- DE: "Z\374Y\000"-
#21417	REDUCE cov: 124 ft: 536 corp: 77/12180b lim: 349 exec/s: 7139 rss: 30Mb L: 71/333 MS: 2 ChangeBinInt-EraseBytes-
#21757	REDUCE cov: 124 ft: 536 corp: 77/12177b lim: 349 exec/s: 7252 rss: 30Mb L: 75/333 MS: 5 ChangeBit-InsertByte-PersAutoDict-EraseBytes-CMP- DE: "A\255\023Z\374Y\000\000"-"iinf"-
#21870	REDUCE cov: 124 ft: 536 corp: 77/12161b lim: 349 exec/s: 7290 rss: 30Mb L: 213/333 MS: 3 ChangeBinInt-ChangeBit-EraseBytes-
#22077	REDUCE cov: 124 ft: 536 corp: 77/12117b lim: 349 exec/s: 7359 rss: 30Mb L: 49/333 MS: 2 ChangeBinInt-EraseBytes-
#22078	REDUCE cov: 124 ft: 536 corp: 77/12113b lim: 349 exec/s: 7359 rss: 30Mb L: 75/333 MS: 1 EraseBytes-
#22140	REDUCE cov: 124 ft: 536 corp: 77/12112b lim: 349 exec/s: 7380 rss: 30Mb L: 283/333 MS: 2 CopyPart-EraseBytes-
#22176	NEW    cov: 125 ft: 537 corp: 78/12445b lim: 349 exec/s: 7392 rss: 30Mb L: 333/333 MS: 1 ShuffleBytes-
#22522	REDUCE cov: 125 ft: 537 corp: 78/12432b lim: 349 exec/s: 7507 rss: 30Mb L: 247/333 MS: 1 EraseBytes-
#22564	NEW    cov: 126 ft: 539 corp: 79/12662b lim: 349 exec/s: 7521 rss: 30Mb L: 230/333 MS: 2 PersAutoDict-PersAutoDict- DE: "A\255\023Z\374Y\000\000"-"hvc1"-
#22888	REDUCE cov: 126 ft: 539 corp: 79/12661b lim: 349 exec/s: 7629 rss: 30Mb L: 145/333 MS: 4 ChangeBit-ChangeBinInt-CrossOver-EraseBytes-
#23055	REDUCE cov: 126 ft: 539 corp: 79/12660b lim: 349 exec/s: 7685 rss: 30Mb L: 9/333 MS: 2 ChangeBit-EraseBytes-
==598041== ERROR: libFuzzer: out-of-memory (used: 2240Mb; limit: 1024Mb)
   To change the out-of-memory limit use -rss_limit_mb=<N>

MS: 5 ChangeByte-ChangeByte-ChangeBinInt-ShuffleBytes-InsertRepeatedBytes-; base unit: 388414ff920ad53c93e9de40db30c5f08218f211
artifact_prefix='/results/crashes/20260313_173011_881e160c_'; Test unit written to /results/crashes/20260313_173011_881e160c_oom-128c53530824500823d9758b26bf4b2bec3a572f
SUMMARY: libFuzzer: out-of-memory
stat::number_of_executed_units: 23220
stat::average_exec_per_sec:     4644
stat::new_units_added:          226
stat::slowest_unit_time_sec:    0
stat::peak_rss_mb:              2240
