INFO: Running with entropic power schedule (0xFF, 100).
INFO: Seed: 1986273387
INFO: Loaded 1 modules   (252 inline 8-bit counters): 252 [0x57277049e678, 0x57277049e774), 
INFO: Loaded 1 PC tables (252 PCs): 252 [0x57277049e778,0x57277049f738), 
INFO:        4 files found in /tmp/corpus_20260313_181422_1f1c8641
INFO: seed corpus: files: 4 min: 48b max: 333b total: 853b rss: 28Mb
#5	INITED cov: 119 ft: 253 corp: 4/853b exec/s: 0 rss: 29Mb
#6	NEW    cov: 119 ft: 271 corp: 5/920b lim: 333 exec/s: 0 rss: 29Mb L: 67/333 MS: 1 InsertRepeatedBytes-
#7	NEW    cov: 119 ft: 281 corp: 6/1183b lim: 333 exec/s: 0 rss: 29Mb L: 263/333 MS: 1 InsertRepeatedBytes-
#9	NEW    cov: 119 ft: 304 corp: 7/1326b lim: 333 exec/s: 0 rss: 29Mb L: 143/333 MS: 2 ShuffleBytes-EraseBytes-
#13	NEW    cov: 119 ft: 308 corp: 8/1374b lim: 333 exec/s: 0 rss: 29Mb L: 48/333 MS: 4 ChangeBit-ChangeASCIIInt-ChangeASCIIInt-ChangeByte-
#14	NEW    cov: 119 ft: 309 corp: 9/1458b lim: 333 exec/s: 0 rss: 29Mb L: 84/333 MS: 1 CrossOver-
#15	NEW    cov: 119 ft: 318 corp: 10/1510b lim: 333 exec/s: 0 rss: 29Mb L: 52/333 MS: 1 CMP- DE: "trak"-
#18	NEW    cov: 119 ft: 332 corp: 11/1595b lim: 333 exec/s: 0 rss: 29Mb L: 85/333 MS: 3 CMP-ChangeBinInt-InsertByte- DE: "edts"-
#20	NEW    cov: 120 ft: 334 corp: 12/1801b lim: 333 exec/s: 0 rss: 29Mb L: 206/333 MS: 2 EraseBytes-InsertByte-
#23	NEW    cov: 122 ft: 338 corp: 13/1993b lim: 333 exec/s: 0 rss: 29Mb L: 192/333 MS: 3 ChangeBit-ChangeBinInt-CrossOver-
#24	NEW    cov: 122 ft: 343 corp: 14/2160b lim: 333 exec/s: 0 rss: 29Mb L: 167/333 MS: 1 InsertRepeatedBytes-
#25	NEW    cov: 122 ft: 344 corp: 15/2277b lim: 333 exec/s: 0 rss: 29Mb L: 117/333 MS: 1 EraseBytes-
#27	NEW    cov: 122 ft: 345 corp: 16/2330b lim: 333 exec/s: 0 rss: 29Mb L: 53/333 MS: 2 CMP-EraseBytes- DE: "b\006\253\227'W\000\000"-
#34	NEW    cov: 122 ft: 357 corp: 17/2390b lim: 333 exec/s: 0 rss: 29Mb L: 60/333 MS: 2 ShuffleBytes-CMP- DE: "\000\000\000\000\000\000\000\004"-
#36	NEW    cov: 122 ft: 358 corp: 18/2566b lim: 333 exec/s: 0 rss: 29Mb L: 176/333 MS: 2 InsertByte-InsertRepeatedBytes-
#38	NEW    cov: 122 ft: 363 corp: 19/2866b lim: 333 exec/s: 0 rss: 29Mb L: 300/333 MS: 2 InsertRepeatedBytes-ChangeBit-
#39	NEW    cov: 122 ft: 364 corp: 20/3012b lim: 333 exec/s: 0 rss: 29Mb L: 146/333 MS: 1 InsertRepeatedBytes-
#48	NEW    cov: 122 ft: 365 corp: 21/3293b lim: 333 exec/s: 0 rss: 29Mb L: 281/333 MS: 4 ChangeByte-ShuffleBytes-ChangeASCIIInt-CrossOver-
#55	NEW    cov: 122 ft: 373 corp: 22/3332b lim: 333 exec/s: 0 rss: 29Mb L: 39/333 MS: 2 CopyPart-EraseBytes-
#58	NEW    cov: 122 ft: 374 corp: 23/3558b lim: 333 exec/s: 0 rss: 29Mb L: 226/333 MS: 3 ChangeByte-ChangeBit-InsertRepeatedBytes-
#59	NEW    cov: 122 ft: 376 corp: 24/3598b lim: 333 exec/s: 0 rss: 29Mb L: 40/333 MS: 1 InsertByte-
#60	NEW    cov: 122 ft: 377 corp: 25/3642b lim: 333 exec/s: 0 rss: 29Mb L: 44/333 MS: 1 CopyPart-
#61	NEW    cov: 122 ft: 406 corp: 26/3673b lim: 333 exec/s: 0 rss: 29Mb L: 31/333 MS: 1 EraseBytes-
#84	NEW    cov: 122 ft: 407 corp: 27/3762b lim: 333 exec/s: 0 rss: 29Mb L: 89/333 MS: 3 InsertRepeatedBytes-InsertByte-CopyPart-
#91	NEW    cov: 123 ft: 408 corp: 28/3763b lim: 333 exec/s: 0 rss: 29Mb L: 1/333 MS: 2 PersAutoDict-CrossOver- DE: "b\006\253\227'W\000\000"-
#99	NEW    cov: 123 ft: 416 corp: 29/3787b lim: 333 exec/s: 0 rss: 29Mb L: 24/333 MS: 3 ChangeBit-PersAutoDict-EraseBytes- DE: "trak"-
#112	NEW    cov: 123 ft: 417 corp: 30/3811b lim: 333 exec/s: 0 rss: 29Mb L: 24/333 MS: 3 ChangeBinInt-EraseBytes-EraseBytes-
#119	NEW    cov: 123 ft: 424 corp: 31/3861b lim: 333 exec/s: 0 rss: 29Mb L: 50/333 MS: 2 EraseBytes-ChangeBit-
#131	NEW    cov: 124 ft: 425 corp: 32/4189b lim: 333 exec/s: 0 rss: 29Mb L: 328/333 MS: 2 InsertRepeatedBytes-InsertRepeatedBytes-
#140	NEW    cov: 125 ft: 427 corp: 33/4486b lim: 333 exec/s: 0 rss: 29Mb L: 297/333 MS: 4 ChangeBit-ChangeBit-InsertRepeatedBytes-CrossOver-
#142	NEW    cov: 125 ft: 436 corp: 34/4512b lim: 333 exec/s: 0 rss: 29Mb L: 26/333 MS: 2 ChangeBinInt-EraseBytes-
#155	NEW    cov: 125 ft: 437 corp: 35/4620b lim: 333 exec/s: 0 rss: 29Mb L: 108/333 MS: 3 ChangeByte-ChangeBit-InsertRepeatedBytes-
#157	NEW    cov: 125 ft: 445 corp: 36/4643b lim: 333 exec/s: 0 rss: 29Mb L: 23/333 MS: 2 ChangeByte-EraseBytes-
#162	REDUCE cov: 125 ft: 445 corp: 36/4626b lim: 333 exec/s: 0 rss: 29Mb L: 23/333 MS: 5 InsertByte-EraseBytes-EraseBytes-ChangeByte-CMP- DE: "\377\377~\375Gb\365\220"-
#166	NEW    cov: 125 ft: 446 corp: 37/4832b lim: 333 exec/s: 0 rss: 29Mb L: 206/333 MS: 4 ShuffleBytes-CopyPart-PersAutoDict-EraseBytes- DE: "b\006\253\227'W\000\000"-
#184	NEW    cov: 125 ft: 454 corp: 38/5140b lim: 333 exec/s: 0 rss: 29Mb L: 308/333 MS: 3 ChangeASCIIInt-CrossOver-InsertRepeatedBytes-
#192	NEW    cov: 125 ft: 455 corp: 39/5264b lim: 333 exec/s: 0 rss: 29Mb L: 124/333 MS: 3 CrossOver-InsertRepeatedBytes-EraseBytes-
#213	NEW    cov: 125 ft: 456 corp: 40/5313b lim: 333 exec/s: 0 rss: 29Mb L: 49/333 MS: 1 InsertByte-
#225	NEW    cov: 125 ft: 465 corp: 41/5322b lim: 333 exec/s: 0 rss: 29Mb L: 9/333 MS: 2 ChangeBit-PersAutoDict- DE: "b\006\253\227'W\000\000"-
#231	NEW    cov: 125 ft: 466 corp: 42/5422b lim: 333 exec/s: 0 rss: 29Mb L: 100/333 MS: 1 InsertRepeatedBytes-
#246	NEW    cov: 125 ft: 467 corp: 43/5632b lim: 333 exec/s: 0 rss: 29Mb L: 210/333 MS: 5 ChangeBinInt-ShuffleBytes-CrossOver-ShuffleBytes-ChangeBit-
#305	NEW    cov: 125 ft: 468 corp: 44/5965b lim: 333 exec/s: 0 rss: 29Mb L: 333/333 MS: 4 CrossOver-InsertRepeatedBytes-CMP-CrossOver- DE: "\001\000"-
#342	NEW    cov: 126 ft: 469 corp: 45/6199b lim: 333 exec/s: 0 rss: 29Mb L: 234/333 MS: 2 CopyPart-CMP- DE: "\001\000\000\000\001\000\000\000"-
#345	NEW    cov: 126 ft: 470 corp: 46/6470b lim: 333 exec/s: 0 rss: 29Mb L: 271/333 MS: 3 CopyPart-ChangeByte-PersAutoDict- DE: "b\006\253\227'W\000\000"-
#386	REDUCE cov: 126 ft: 470 corp: 46/6365b lim: 333 exec/s: 0 rss: 29Mb L: 129/333 MS: 1 EraseBytes-
#438	REDUCE cov: 126 ft: 470 corp: 46/6363b lim: 333 exec/s: 0 rss: 29Mb L: 24/333 MS: 2 EraseBytes-ChangeByte-
#469	REDUCE cov: 126 ft: 470 corp: 46/6356b lim: 333 exec/s: 0 rss: 29Mb L: 16/333 MS: 1 EraseBytes-
#475	REDUCE cov: 126 ft: 470 corp: 46/6353b lim: 333 exec/s: 0 rss: 29Mb L: 305/333 MS: 1 EraseBytes-
#488	REDUCE cov: 126 ft: 470 corp: 46/6336b lim: 333 exec/s: 0 rss: 29Mb L: 72/333 MS: 3 CopyPart-EraseBytes-PersAutoDict- DE: "b\006\253\227'W\000\000"-
#489	REDUCE cov: 126 ft: 470 corp: 46/6316b lim: 333 exec/s: 0 rss: 29Mb L: 30/333 MS: 1 EraseBytes-
#551	NEW    cov: 126 ft: 471 corp: 47/6588b lim: 333 exec/s: 0 rss: 29Mb L: 272/333 MS: 2 CrossOver-InsertByte-
#610	NEW    cov: 126 ft: 472 corp: 48/6782b lim: 333 exec/s: 0 rss: 29Mb L: 194/333 MS: 4 ChangeBit-ShuffleBytes-PersAutoDict-EraseBytes- DE: "\001\000"-
#633	REDUCE cov: 126 ft: 472 corp: 48/6778b lim: 333 exec/s: 0 rss: 29Mb L: 301/333 MS: 3 CopyPart-ChangeByte-EraseBytes-
#649	NEW    cov: 126 ft: 474 corp: 49/7037b lim: 333 exec/s: 0 rss: 29Mb L: 259/333 MS: 1 CrossOver-
#655	NEW    cov: 126 ft: 475 corp: 50/7300b lim: 333 exec/s: 0 rss: 29Mb L: 263/333 MS: 1 ChangeBit-
#706	REDUCE cov: 126 ft: 475 corp: 50/7296b lim: 333 exec/s: 0 rss: 29Mb L: 27/333 MS: 1 EraseBytes-
#811	NEW    cov: 126 ft: 480 corp: 51/7626b lim: 333 exec/s: 0 rss: 29Mb L: 330/333 MS: 5 ShuffleBytes-ChangeBit-CopyPart-InsertByte-CopyPart-
#950	REDUCE cov: 126 ft: 480 corp: 51/7621b lim: 333 exec/s: 0 rss: 29Mb L: 19/333 MS: 4 PersAutoDict-ChangeBinInt-ChangeBinInt-EraseBytes- DE: "\377\377~\375Gb\365\220"-
#963	REDUCE cov: 126 ft: 481 corp: 52/7629b lim: 333 exec/s: 0 rss: 29Mb L: 8/333 MS: 3 EraseBytes-ChangeBinInt-EraseBytes-
#964	REDUCE cov: 126 ft: 481 corp: 52/7627b lim: 333 exec/s: 0 rss: 29Mb L: 25/333 MS: 1 EraseBytes-
#971	REDUCE cov: 126 ft: 481 corp: 52/7585b lim: 333 exec/s: 0 rss: 29Mb L: 104/333 MS: 2 EraseBytes-InsertByte-
#972	REDUCE cov: 126 ft: 481 corp: 52/7580b lim: 333 exec/s: 0 rss: 29Mb L: 25/333 MS: 1 EraseBytes-
#1013	NEW    cov: 126 ft: 482 corp: 53/7843b lim: 333 exec/s: 0 rss: 29Mb L: 263/333 MS: 1 ChangeBit-
#1027	REDUCE cov: 126 ft: 482 corp: 53/7808b lim: 333 exec/s: 0 rss: 29Mb L: 228/333 MS: 4 ChangeBinInt-ShuffleBytes-ChangeByte-EraseBytes-
#1043	REDUCE cov: 126 ft: 482 corp: 53/7739b lim: 333 exec/s: 0 rss: 29Mb L: 159/333 MS: 1 EraseBytes-
#1103	REDUCE cov: 126 ft: 482 corp: 53/7737b lim: 333 exec/s: 0 rss: 29Mb L: 17/333 MS: 5 ShuffleBytes-ChangeByte-InsertByte-InsertByte-EraseBytes-
#1113	NEW    cov: 126 ft: 483 corp: 54/7945b lim: 333 exec/s: 0 rss: 29Mb L: 208/333 MS: 5 InsertByte-ChangeBit-CopyPart-ChangeASCIIInt-InsertByte-
#1191	REDUCE cov: 126 ft: 489 corp: 55/8247b lim: 333 exec/s: 0 rss: 29Mb L: 302/333 MS: 3 CopyPart-EraseBytes-CrossOver-
#1207	REDUCE cov: 126 ft: 489 corp: 55/8246b lim: 333 exec/s: 0 rss: 29Mb L: 43/333 MS: 1 EraseBytes-
#1302	NEW    cov: 126 ft: 490 corp: 56/8462b lim: 333 exec/s: 0 rss: 29Mb L: 216/333 MS: 5 ChangeByte-InsertByte-CrossOver-CMP-InsertByte- DE: "hvcC"-
#1356	REDUCE cov: 126 ft: 490 corp: 56/8423b lim: 333 exec/s: 0 rss: 29Mb L: 90/333 MS: 4 ShuffleBytes-ChangeBinInt-ShuffleBytes-EraseBytes-
#1503	REDUCE cov: 126 ft: 490 corp: 56/8417b lim: 333 exec/s: 0 rss: 29Mb L: 33/333 MS: 2 ChangeBit-EraseBytes-
#1512	REDUCE cov: 126 ft: 490 corp: 56/8313b lim: 333 exec/s: 0 rss: 29Mb L: 229/333 MS: 4 ChangeBit-PersAutoDict-CopyPart-EraseBytes- DE: "\001\000\000\000\001\000\000\000"-
#1515	REDUCE cov: 126 ft: 490 corp: 56/8218b lim: 333 exec/s: 0 rss: 29Mb L: 205/333 MS: 3 InsertRepeatedBytes-ChangeByte-EraseBytes-
#1554	NEW    cov: 126 ft: 491 corp: 57/8462b lim: 333 exec/s: 0 rss: 29Mb L: 244/333 MS: 4 PersAutoDict-ChangeBinInt-ChangeByte-EraseBytes- DE: "\000\000\000\000\000\000\000\004"-
#1599	REDUCE cov: 126 ft: 491 corp: 57/8439b lim: 333 exec/s: 0 rss: 29Mb L: 206/333 MS: 5 EraseBytes-ChangeBit-ChangeByte-CrossOver-EraseBytes-
#1621	REDUCE cov: 126 ft: 491 corp: 57/8399b lim: 333 exec/s: 0 rss: 29Mb L: 166/333 MS: 2 ShuffleBytes-EraseBytes-
#1803	REDUCE cov: 126 ft: 491 corp: 57/8387b lim: 333 exec/s: 0 rss: 29Mb L: 73/333 MS: 2 ShuffleBytes-EraseBytes-
#1986	NEW    cov: 126 ft: 492 corp: 58/8720b lim: 333 exec/s: 0 rss: 29Mb L: 333/333 MS: 3 CrossOver-ShuffleBytes-PersAutoDict- DE: "\001\000\000\000\001\000\000\000"-
#2010	NEW    cov: 126 ft: 493 corp: 59/8733b lim: 333 exec/s: 0 rss: 29Mb L: 13/333 MS: 4 CopyPart-PersAutoDict-ChangeBit-CrossOver- DE: "trak"-
#2011	REDUCE cov: 126 ft: 493 corp: 59/8668b lim: 333 exec/s: 0 rss: 29Mb L: 145/333 MS: 1 EraseBytes-
#2018	REDUCE cov: 126 ft: 493 corp: 59/8644b lim: 333 exec/s: 0 rss: 29Mb L: 184/333 MS: 2 ChangeBinInt-EraseBytes-
#2178	REDUCE cov: 126 ft: 493 corp: 59/8638b lim: 333 exec/s: 0 rss: 29Mb L: 253/333 MS: 5 ShuffleBytes-ChangeBinInt-ChangeBit-CrossOver-CMP- DE: "\270\315\253\227'W\000\000"-
#2268	REDUCE cov: 126 ft: 493 corp: 59/8592b lim: 333 exec/s: 0 rss: 29Mb L: 287/333 MS: 5 ChangeBit-ShuffleBytes-ChangeBinInt-EraseBytes-EraseBytes-
#2395	REDUCE cov: 126 ft: 493 corp: 59/8515b lim: 333 exec/s: 0 rss: 29Mb L: 253/333 MS: 2 CopyPart-EraseBytes-
#2507	REDUCE cov: 126 ft: 493 corp: 59/8473b lim: 333 exec/s: 0 rss: 29Mb L: 48/333 MS: 2 CrossOver-EraseBytes-
#2643	REDUCE cov: 126 ft: 493 corp: 59/8472b lim: 333 exec/s: 0 rss: 29Mb L: 66/333 MS: 1 EraseBytes-
#2744	NEW    cov: 126 ft: 494 corp: 60/8800b lim: 333 exec/s: 0 rss: 29Mb L: 328/333 MS: 1 InsertRepeatedBytes-
#3046	REDUCE cov: 126 ft: 494 corp: 60/8798b lim: 333 exec/s: 0 rss: 29Mb L: 15/333 MS: 2 InsertByte-EraseBytes-
#3068	REDUCE cov: 126 ft: 494 corp: 60/8797b lim: 333 exec/s: 0 rss: 29Mb L: 107/333 MS: 2 EraseBytes-PersAutoDict- DE: "\000\000\000\000\000\000\000\004"-
#3097	REDUCE cov: 126 ft: 494 corp: 60/8796b lim: 333 exec/s: 0 rss: 29Mb L: 204/333 MS: 4 CMP-CopyPart-ChangeByte-EraseBytes- DE: "\000\000\000\000\000\000\000\001"-
#3184	REDUCE cov: 126 ft: 496 corp: 61/9109b lim: 333 exec/s: 0 rss: 29Mb L: 313/333 MS: 2 CopyPart-InsertRepeatedBytes-
#3222	REDUCE cov: 126 ft: 496 corp: 61/9103b lim: 333 exec/s: 0 rss: 29Mb L: 19/333 MS: 3 ChangeByte-ChangeASCIIInt-EraseBytes-
#3314	REDUCE cov: 126 ft: 496 corp: 61/9083b lim: 333 exec/s: 0 rss: 29Mb L: 53/333 MS: 2 InsertByte-EraseBytes-
#3361	REDUCE cov: 126 ft: 496 corp: 61/9072b lim: 333 exec/s: 0 rss: 29Mb L: 37/333 MS: 2 CMP-EraseBytes- DE: "stss"-
#3489	REDUCE cov: 126 ft: 496 corp: 61/9054b lim: 333 exec/s: 0 rss: 29Mb L: 188/333 MS: 3 CrossOver-InsertByte-CrossOver-
#3940	REDUCE cov: 126 ft: 497 corp: 62/9341b lim: 333 exec/s: 0 rss: 29Mb L: 287/333 MS: 1 CopyPart-
#3967	NEW    cov: 126 ft: 498 corp: 63/9645b lim: 333 exec/s: 0 rss: 29Mb L: 304/333 MS: 2 CrossOver-InsertByte-
#4085	REDUCE cov: 126 ft: 498 corp: 63/9639b lim: 333 exec/s: 0 rss: 29Mb L: 9/333 MS: 3 CrossOver-CrossOver-EraseBytes-
#4273	REDUCE cov: 126 ft: 498 corp: 63/9634b lim: 333 exec/s: 0 rss: 29Mb L: 292/333 MS: 3 InsertRepeatedBytes-InsertByte-EraseBytes-
#4303	REDUCE cov: 126 ft: 498 corp: 63/9572b lim: 333 exec/s: 0 rss: 29Mb L: 225/333 MS: 5 ChangeBit-ChangeByte-PersAutoDict-ChangeBinInt-CrossOver- DE: "stss"-
#4322	REDUCE cov: 126 ft: 498 corp: 63/9549b lim: 333 exec/s: 0 rss: 29Mb L: 281/333 MS: 4 ChangeBit-InsertByte-PersAutoDict-CrossOver- DE: "\000\000\000\000\000\000\000\001"-
#4513	REDUCE cov: 126 ft: 498 corp: 63/9534b lim: 333 exec/s: 0 rss: 29Mb L: 286/333 MS: 1 CrossOver-
#4551	REDUCE cov: 126 ft: 498 corp: 63/9531b lim: 333 exec/s: 0 rss: 29Mb L: 203/333 MS: 3 CopyPart-CopyPart-EraseBytes-
#4643	REDUCE cov: 126 ft: 498 corp: 63/9514b lim: 333 exec/s: 0 rss: 29Mb L: 87/333 MS: 2 PersAutoDict-EraseBytes- DE: "\270\315\253\227'W\000\000"-
#5031	REDUCE cov: 126 ft: 499 corp: 64/9739b lim: 333 exec/s: 0 rss: 29Mb L: 225/333 MS: 3 ChangeByte-CopyPart-CrossOver-
#5039	REDUCE cov: 126 ft: 499 corp: 64/9691b lim: 333 exec/s: 0 rss: 29Mb L: 233/333 MS: 3 ShuffleBytes-CrossOver-EraseBytes-
#5056	REDUCE cov: 126 ft: 499 corp: 64/9687b lim: 333 exec/s: 0 rss: 29Mb L: 19/333 MS: 2 PersAutoDict-EraseBytes- DE: "\377\377~\375Gb\365\220"-
#5113	REDUCE cov: 126 ft: 499 corp: 64/9674b lim: 333 exec/s: 0 rss: 29Mb L: 40/333 MS: 2 CMP-EraseBytes- DE: "\000\000\000\000\000\000\000\000"-
#5283	REDUCE cov: 126 ft: 499 corp: 64/9578b lim: 333 exec/s: 0 rss: 29Mb L: 120/333 MS: 5 EraseBytes-ChangeByte-ChangeBinInt-ChangeBit-CrossOver-
#5347	REDUCE cov: 126 ft: 499 corp: 64/9557b lim: 333 exec/s: 0 rss: 29Mb L: 204/333 MS: 4 ChangeBit-InsertRepeatedBytes-ChangeByte-EraseBytes-
==731159== ERROR: libFuzzer: out-of-memory (used: 1875Mb; limit: 1024Mb)
   To change the out-of-memory limit use -rss_limit_mb=<N>

MS: 5 PersAutoDict-ChangeBinInt-EraseBytes-CopyPart-PersAutoDict- DE: "\001\000"-"\001\000\000\000\001\000\000\000"-; base unit: 95074bdbbf814b75f932f588d7e4a6253825a45b
artifact_prefix='/results/crashes/20260313_181422_1f1c8641_'; Test unit written to /results/crashes/20260313_181422_1f1c8641_oom-819e16fba6df334a1d79475a41e759ad6be0a990
SUMMARY: libFuzzer: out-of-memory
stat::number_of_executed_units: 5362
stat::average_exec_per_sec:     2681
stat::new_units_added:          110
stat::slowest_unit_time_sec:    0
stat::peak_rss_mb:              1875
