INFO: Running with entropic power schedule (0xFF, 100).
INFO: Seed: 231921551
INFO: Loaded 1 modules   (252 inline 8-bit counters): 252 [0x63f05ba59678, 0x63f05ba59774), 
INFO: Loaded 1 PC tables (252 PCs): 252 [0x63f05ba59778,0x63f05ba5a738), 
INFO:        4 files found in /tmp/corpus_20260313_174508_aeb7b2b0
INFO: seed corpus: files: 4 min: 48b max: 333b total: 853b rss: 28Mb
#5	INITED cov: 117 ft: 250 corp: 4/853b exec/s: 0 rss: 29Mb
#6	NEW    cov: 117 ft: 258 corp: 5/902b lim: 333 exec/s: 0 rss: 29Mb L: 49/333 MS: 1 InsertByte-
#12	NEW    cov: 117 ft: 273 corp: 6/1226b lim: 333 exec/s: 0 rss: 29Mb L: 324/333 MS: 1 InsertRepeatedBytes-
#13	NEW    cov: 119 ft: 276 corp: 7/1554b lim: 333 exec/s: 0 rss: 29Mb L: 328/333 MS: 1 InsertRepeatedBytes-
#14	NEW    cov: 119 ft: 277 corp: 8/1774b lim: 333 exec/s: 0 rss: 29Mb L: 220/333 MS: 1 CopyPart-
#16	NEW    cov: 119 ft: 307 corp: 9/1884b lim: 333 exec/s: 0 rss: 29Mb L: 110/333 MS: 2 ChangeASCIIInt-EraseBytes-
#18	NEW    cov: 119 ft: 322 corp: 10/1933b lim: 333 exec/s: 0 rss: 29Mb L: 49/333 MS: 2 CMP-CrossOver- DE: "\002\000\000\000\001\000\000\000"-
#21	NEW    cov: 119 ft: 323 corp: 11/2022b lim: 333 exec/s: 0 rss: 29Mb L: 89/333 MS: 3 ChangeByte-InsertByte-InsertRepeatedBytes-
#22	NEW    cov: 119 ft: 324 corp: 12/2075b lim: 333 exec/s: 0 rss: 29Mb L: 53/333 MS: 1 CMP- DE: "\010\000\000\000"-
#25	NEW    cov: 119 ft: 328 corp: 13/2245b lim: 333 exec/s: 0 rss: 29Mb L: 170/333 MS: 3 CrossOver-CrossOver-CopyPart-
#31	NEW    cov: 119 ft: 329 corp: 14/2302b lim: 333 exec/s: 0 rss: 29Mb L: 57/333 MS: 1 PersAutoDict- DE: "\002\000\000\000\001\000\000\000"-
#32	NEW    cov: 119 ft: 336 corp: 15/2432b lim: 333 exec/s: 0 rss: 29Mb L: 130/333 MS: 1 EraseBytes-
#39	NEW    cov: 119 ft: 338 corp: 16/2765b lim: 333 exec/s: 0 rss: 29Mb L: 333/333 MS: 2 ChangeBit-InsertRepeatedBytes-
#40	NEW    cov: 120 ft: 340 corp: 17/3097b lim: 333 exec/s: 0 rss: 29Mb L: 332/333 MS: 1 PersAutoDict- DE: "\010\000\000\000"-
#41	NEW    cov: 120 ft: 341 corp: 18/3430b lim: 333 exec/s: 0 rss: 29Mb L: 333/333 MS: 1 PersAutoDict- DE: "\002\000\000\000\001\000\000\000"-
#70	NEW    cov: 120 ft: 342 corp: 19/3648b lim: 333 exec/s: 0 rss: 29Mb L: 218/333 MS: 4 PersAutoDict-ChangeBit-CrossOver-PersAutoDict- DE: "\002\000\000\000\001\000\000\000"-"\010\000\000\000"-
#71	NEW    cov: 121 ft: 343 corp: 20/3697b lim: 333 exec/s: 0 rss: 29Mb L: 49/333 MS: 1 PersAutoDict- DE: "\002\000\000\000\001\000\000\000"-
#88	NEW    cov: 121 ft: 374 corp: 21/3808b lim: 333 exec/s: 0 rss: 29Mb L: 111/333 MS: 2 InsertByte-ChangeByte-
#89	NEW    cov: 121 ft: 392 corp: 22/3831b lim: 333 exec/s: 0 rss: 29Mb L: 23/333 MS: 1 CrossOver-
#93	REDUCE cov: 121 ft: 392 corp: 22/3825b lim: 333 exec/s: 0 rss: 29Mb L: 246/333 MS: 4 ChangeByte-PersAutoDict-ChangeBit-EraseBytes- DE: "\002\000\000\000\001\000\000\000"-
#105	NEW    cov: 121 ft: 393 corp: 23/3918b lim: 333 exec/s: 0 rss: 29Mb L: 93/333 MS: 2 ChangeBit-InsertRepeatedBytes-
#115	NEW    cov: 121 ft: 394 corp: 24/4105b lim: 333 exec/s: 0 rss: 29Mb L: 187/333 MS: 5 ChangeBinInt-ChangeASCIIInt-InsertRepeatedBytes-ChangeByte-InsertRepeatedBytes-
#138	NEW    cov: 121 ft: 395 corp: 25/4193b lim: 333 exec/s: 0 rss: 29Mb L: 88/333 MS: 3 InsertByte-ChangeBit-InsertRepeatedBytes-
#140	NEW    cov: 121 ft: 408 corp: 26/4265b lim: 333 exec/s: 0 rss: 29Mb L: 72/333 MS: 2 ChangeBinInt-EraseBytes-
#153	NEW    cov: 121 ft: 409 corp: 27/4595b lim: 333 exec/s: 0 rss: 29Mb L: 330/333 MS: 3 CrossOver-PersAutoDict-InsertByte- DE: "\002\000\000\000\001\000\000\000"-
#154	NEW    cov: 121 ft: 410 corp: 28/4820b lim: 333 exec/s: 0 rss: 29Mb L: 225/333 MS: 1 EraseBytes-
#159	NEW    cov: 121 ft: 411 corp: 29/4937b lim: 333 exec/s: 0 rss: 29Mb L: 117/333 MS: 5 ChangeByte-CrossOver-InsertByte-ChangeASCIIInt-InsertByte-
#162	REDUCE cov: 121 ft: 412 corp: 30/5185b lim: 333 exec/s: 0 rss: 29Mb L: 248/333 MS: 3 CopyPart-ChangeBit-PersAutoDict- DE: "\010\000\000\000"-
#171	NEW    cov: 121 ft: 413 corp: 31/5219b lim: 333 exec/s: 0 rss: 29Mb L: 34/333 MS: 4 ChangeByte-ChangeBit-ChangeBinInt-CopyPart-
#188	REDUCE cov: 121 ft: 413 corp: 31/5215b lim: 333 exec/s: 0 rss: 29Mb L: 214/333 MS: 2 ChangeByte-EraseBytes-
#191	NEW    cov: 121 ft: 424 corp: 32/5245b lim: 333 exec/s: 0 rss: 29Mb L: 30/333 MS: 3 ChangeByte-CrossOver-EraseBytes-
#194	NEW    cov: 121 ft: 425 corp: 33/5512b lim: 333 exec/s: 0 rss: 29Mb L: 267/333 MS: 3 InsertRepeatedBytes-ChangeASCIIInt-CrossOver-
#209	NEW    cov: 121 ft: 426 corp: 34/5592b lim: 333 exec/s: 0 rss: 29Mb L: 80/333 MS: 5 ChangeBit-CopyPart-ShuffleBytes-EraseBytes-CopyPart-
#212	NEW    cov: 121 ft: 434 corp: 35/5874b lim: 333 exec/s: 0 rss: 29Mb L: 282/333 MS: 3 ChangeByte-CopyPart-InsertRepeatedBytes-
#235	NEW    cov: 121 ft: 435 corp: 36/5946b lim: 333 exec/s: 0 rss: 29Mb L: 72/333 MS: 3 CrossOver-CMP-PersAutoDict- DE: "tapt"-"\002\000\000\000\001\000\000\000"-
#244	NEW    cov: 121 ft: 436 corp: 37/6088b lim: 333 exec/s: 0 rss: 29Mb L: 142/333 MS: 4 EraseBytes-CopyPart-EraseBytes-InsertRepeatedBytes-
#253	NEW    cov: 121 ft: 437 corp: 38/6243b lim: 333 exec/s: 0 rss: 29Mb L: 155/333 MS: 4 InsertByte-InsertByte-ShuffleBytes-EraseBytes-
#255	REDUCE cov: 121 ft: 437 corp: 38/6233b lim: 333 exec/s: 0 rss: 29Mb L: 314/333 MS: 2 EraseBytes-InsertByte-
#284	REDUCE cov: 121 ft: 446 corp: 39/6243b lim: 333 exec/s: 0 rss: 29Mb L: 10/333 MS: 4 CrossOver-ChangeByte-CrossOver-CrossOver-
#285	NEW    cov: 122 ft: 447 corp: 40/6248b lim: 333 exec/s: 0 rss: 29Mb L: 5/333 MS: 1 EraseBytes-
#286	REDUCE cov: 122 ft: 447 corp: 40/6193b lim: 333 exec/s: 0 rss: 29Mb L: 100/333 MS: 1 EraseBytes-
#291	NEW    cov: 122 ft: 448 corp: 41/6443b lim: 333 exec/s: 0 rss: 29Mb L: 250/333 MS: 5 PersAutoDict-ChangeBinInt-InsertByte-ChangeBinInt-CopyPart- DE: "\010\000\000\000"-
#334	REDUCE cov: 122 ft: 448 corp: 41/6433b lim: 333 exec/s: 0 rss: 29Mb L: 322/333 MS: 3 InsertByte-EraseBytes-InsertRepeatedBytes-
#335	NEW    cov: 122 ft: 449 corp: 42/6467b lim: 333 exec/s: 0 rss: 29Mb L: 34/333 MS: 1 EraseBytes-
#338	NEW    cov: 122 ft: 450 corp: 43/6753b lim: 333 exec/s: 0 rss: 29Mb L: 286/333 MS: 3 CrossOver-InsertRepeatedBytes-InsertByte-
#404	REDUCE cov: 122 ft: 450 corp: 43/6749b lim: 333 exec/s: 0 rss: 29Mb L: 113/333 MS: 1 EraseBytes-
#407	NEW    cov: 122 ft: 451 corp: 44/6773b lim: 333 exec/s: 0 rss: 29Mb L: 24/333 MS: 3 ChangeBinInt-ChangeBinInt-InsertByte-
#452	REDUCE cov: 122 ft: 451 corp: 44/6767b lim: 333 exec/s: 0 rss: 29Mb L: 136/333 MS: 5 CrossOver-PersAutoDict-ChangeBinInt-PersAutoDict-EraseBytes- DE: "\010\000\000\000"-"\002\000\000\000\001\000\000\000"-
#453	REDUCE cov: 122 ft: 451 corp: 44/6762b lim: 333 exec/s: 0 rss: 29Mb L: 29/333 MS: 1 EraseBytes-
#468	NEW    cov: 122 ft: 452 corp: 45/7094b lim: 333 exec/s: 0 rss: 29Mb L: 332/333 MS: 5 ChangeBinInt-ChangeBinInt-CrossOver-ChangeBinInt-CrossOver-
#477	REDUCE cov: 122 ft: 452 corp: 45/7091b lim: 333 exec/s: 0 rss: 29Mb L: 26/333 MS: 4 InsertByte-ChangeByte-ChangeBit-EraseBytes-
#517	REDUCE cov: 122 ft: 452 corp: 45/7085b lim: 333 exec/s: 0 rss: 29Mb L: 20/333 MS: 5 ShuffleBytes-ChangeBinInt-ChangeBit-EraseBytes-PersAutoDict- DE: "tapt"-
#538	NEW    cov: 122 ft: 453 corp: 46/7134b lim: 333 exec/s: 0 rss: 29Mb L: 49/333 MS: 1 InsertByte-
#577	REDUCE cov: 122 ft: 453 corp: 46/7133b lim: 333 exec/s: 0 rss: 29Mb L: 29/333 MS: 4 ShuffleBytes-ChangeByte-InsertByte-EraseBytes-
#629	REDUCE cov: 122 ft: 453 corp: 46/7078b lim: 333 exec/s: 0 rss: 29Mb L: 278/333 MS: 2 EraseBytes-PersAutoDict- DE: "\002\000\000\000\001\000\000\000"-
#666	NEW    cov: 122 ft: 458 corp: 47/7131b lim: 333 exec/s: 0 rss: 29Mb L: 53/333 MS: 2 ShuffleBytes-CMP- DE: "urn "-
#690	REDUCE cov: 122 ft: 458 corp: 47/7117b lim: 333 exec/s: 0 rss: 29Mb L: 156/333 MS: 4 ChangeASCIIInt-CrossOver-ChangeByte-EraseBytes-
#804	REDUCE cov: 122 ft: 458 corp: 47/7114b lim: 333 exec/s: 0 rss: 29Mb L: 85/333 MS: 4 PersAutoDict-ChangeBinInt-InsertRepeatedBytes-EraseBytes- DE: "tapt"-
#814	NEW    cov: 123 ft: 459 corp: 48/7229b lim: 333 exec/s: 0 rss: 29Mb L: 115/333 MS: 5 EraseBytes-ShuffleBytes-ChangeBit-ChangeASCIIInt-PersAutoDict- DE: "urn "-
#819	REDUCE cov: 123 ft: 459 corp: 48/7222b lim: 333 exec/s: 0 rss: 29Mb L: 65/333 MS: 5 PersAutoDict-CrossOver-ChangeBinInt-InsertByte-EraseBytes- DE: "\002\000\000\000\001\000\000\000"-
#961	NEW    cov: 123 ft: 460 corp: 49/7470b lim: 333 exec/s: 0 rss: 29Mb L: 248/333 MS: 2 ChangeBinInt-CopyPart-
#982	NEW    cov: 123 ft: 470 corp: 50/7730b lim: 333 exec/s: 0 rss: 29Mb L: 260/333 MS: 1 CopyPart-
#991	REDUCE cov: 123 ft: 470 corp: 50/7729b lim: 333 exec/s: 0 rss: 29Mb L: 4/333 MS: 4 CopyPart-ChangeBit-ShuffleBytes-EraseBytes-
#997	REDUCE cov: 123 ft: 470 corp: 50/7728b lim: 333 exec/s: 0 rss: 29Mb L: 247/333 MS: 1 EraseBytes-
#1067	NEW    cov: 123 ft: 472 corp: 51/7885b lim: 333 exec/s: 0 rss: 29Mb L: 157/333 MS: 5 InsertByte-ChangeByte-EraseBytes-ChangeASCIIInt-CopyPart-
#1081	REDUCE cov: 123 ft: 472 corp: 51/7872b lim: 333 exec/s: 0 rss: 29Mb L: 269/333 MS: 4 ShuffleBytes-PersAutoDict-ShuffleBytes-EraseBytes- DE: "urn "-
#1114	NEW    cov: 123 ft: 477 corp: 52/8168b lim: 333 exec/s: 0 rss: 29Mb L: 296/333 MS: 3 InsertRepeatedBytes-CrossOver-InsertRepeatedBytes-
#1175	NEW    cov: 123 ft: 478 corp: 53/8468b lim: 333 exec/s: 0 rss: 29Mb L: 300/333 MS: 1 PersAutoDict- DE: "urn "-
#1276	NEW    cov: 123 ft: 483 corp: 54/8688b lim: 333 exec/s: 0 rss: 29Mb L: 220/333 MS: 1 ChangeByte-
#1294	REDUCE cov: 123 ft: 483 corp: 54/8615b lim: 333 exec/s: 0 rss: 29Mb L: 177/333 MS: 3 ShuffleBytes-PersAutoDict-CrossOver- DE: "urn "-
#1315	REDUCE cov: 123 ft: 483 corp: 54/8572b lim: 333 exec/s: 0 rss: 29Mb L: 72/333 MS: 1 EraseBytes-
#1366	REDUCE cov: 123 ft: 483 corp: 54/8476b lim: 333 exec/s: 0 rss: 29Mb L: 124/333 MS: 1 EraseBytes-
#1507	NEW    cov: 123 ft: 485 corp: 55/8697b lim: 333 exec/s: 0 rss: 29Mb L: 221/333 MS: 1 InsertByte-
#1573	REDUCE cov: 123 ft: 485 corp: 55/8696b lim: 333 exec/s: 0 rss: 29Mb L: 3/333 MS: 1 EraseBytes-
#1640	NEW    cov: 123 ft: 486 corp: 56/8725b lim: 333 exec/s: 0 rss: 29Mb L: 29/333 MS: 2 CMP-EraseBytes- DE: "\377\377\377\007"-
#1678	REDUCE cov: 123 ft: 486 corp: 56/8698b lim: 333 exec/s: 0 rss: 29Mb L: 53/333 MS: 3 ShuffleBytes-EraseBytes-CMP- DE: "\000\000\000\027"-
#1694	NEW    cov: 123 ft: 487 corp: 57/8706b lim: 333 exec/s: 0 rss: 29Mb L: 8/333 MS: 1 EraseBytes-
#1730	REDUCE cov: 123 ft: 488 corp: 58/8907b lim: 333 exec/s: 0 rss: 29Mb L: 201/333 MS: 1 CrossOver-
#1773	REDUCE cov: 123 ft: 488 corp: 58/8895b lim: 333 exec/s: 0 rss: 29Mb L: 41/333 MS: 3 ChangeASCIIInt-EraseBytes-ChangeByte-
#1842	REDUCE cov: 123 ft: 488 corp: 58/8892b lim: 333 exec/s: 0 rss: 29Mb L: 17/333 MS: 4 ChangeBinInt-ChangeBit-EraseBytes-ChangeBinInt-
#1957	NEW    cov: 123 ft: 489 corp: 59/9211b lim: 333 exec/s: 0 rss: 29Mb L: 319/333 MS: 5 PersAutoDict-ChangeBinInt-PersAutoDict-PersAutoDict-CopyPart- DE: "\002\000\000\000\001\000\000\000"-"\002\000\000\000\001\000\000\000"-"\002\000\000\000\001\000\000\000"-
#2302	NEW    cov: 123 ft: 490 corp: 60/9476b lim: 333 exec/s: 0 rss: 29Mb L: 265/333 MS: 5 CopyPart-EraseBytes-InsertRepeatedBytes-ChangeBinInt-EraseBytes-
#2397	REDUCE cov: 123 ft: 491 corp: 61/9804b lim: 333 exec/s: 0 rss: 29Mb L: 328/333 MS: 5 ShuffleBytes-InsertRepeatedBytes-ShuffleBytes-ChangeBit-CMP- DE: "!\000"-
#2478	NEW    cov: 123 ft: 492 corp: 62/10137b lim: 333 exec/s: 0 rss: 29Mb L: 333/333 MS: 1 InsertRepeatedBytes-
#2539	REDUCE cov: 123 ft: 492 corp: 62/10136b lim: 333 exec/s: 0 rss: 29Mb L: 2/333 MS: 1 EraseBytes-
#2712	REDUCE cov: 123 ft: 492 corp: 62/10132b lim: 333 exec/s: 0 rss: 29Mb L: 49/333 MS: 3 EraseBytes-InsertByte-InsertByte-
#2874	REDUCE cov: 123 ft: 492 corp: 62/10127b lim: 333 exec/s: 0 rss: 29Mb L: 108/333 MS: 2 EraseBytes-CopyPart-
#3152	NEW    cov: 123 ft: 493 corp: 63/10400b lim: 333 exec/s: 0 rss: 29Mb L: 273/333 MS: 3 ChangeBinInt-ChangeByte-CMP- DE: "\000\000y\370\210\000\0222"-
#3153	REDUCE cov: 123 ft: 493 corp: 63/10368b lim: 333 exec/s: 0 rss: 29Mb L: 254/333 MS: 1 EraseBytes-
#3259	REDUCE cov: 123 ft: 493 corp: 63/10341b lim: 333 exec/s: 0 rss: 29Mb L: 73/333 MS: 1 EraseBytes-
#3274	REDUCE cov: 123 ft: 493 corp: 63/10303b lim: 333 exec/s: 0 rss: 29Mb L: 229/333 MS: 5 CMP-EraseBytes-ChangeBit-ChangeByte-InsertRepeatedBytes- DE: "\032\000\000\000"-
#3495	REDUCE cov: 123 ft: 493 corp: 63/10302b lim: 333 exec/s: 0 rss: 29Mb L: 1/333 MS: 1 EraseBytes-
#3581	REDUCE cov: 123 ft: 493 corp: 63/10279b lim: 333 exec/s: 0 rss: 29Mb L: 291/333 MS: 1 CrossOver-
#3634	REDUCE cov: 123 ft: 493 corp: 63/10278b lim: 333 exec/s: 0 rss: 29Mb L: 186/333 MS: 3 CopyPart-EraseBytes-EraseBytes-
#3771	REDUCE cov: 123 ft: 493 corp: 63/10272b lim: 333 exec/s: 0 rss: 29Mb L: 17/333 MS: 2 CrossOver-EraseBytes-
#3772	NEW    cov: 123 ft: 499 corp: 64/10500b lim: 333 exec/s: 0 rss: 29Mb L: 228/333 MS: 1 PersAutoDict- DE: "\000\000y\370\210\000\0222"-
#3984	REDUCE cov: 123 ft: 499 corp: 64/10496b lim: 333 exec/s: 0 rss: 29Mb L: 45/333 MS: 2 CMP-CrossOver- DE: "frma"-
#4160	NEW    cov: 123 ft: 500 corp: 65/10829b lim: 333 exec/s: 0 rss: 29Mb L: 333/333 MS: 1 CMP- DE: "stsd"-
#4281	REDUCE cov: 123 ft: 500 corp: 65/10803b lim: 333 exec/s: 0 rss: 29Mb L: 222/333 MS: 1 CrossOver-
#4362	REDUCE cov: 123 ft: 500 corp: 65/10783b lim: 333 exec/s: 0 rss: 29Mb L: 302/333 MS: 1 EraseBytes-
#4384	REDUCE cov: 123 ft: 500 corp: 65/10762b lim: 333 exec/s: 0 rss: 29Mb L: 44/333 MS: 2 EraseBytes-ChangeByte-
#4521	REDUCE cov: 123 ft: 500 corp: 65/10755b lim: 333 exec/s: 0 rss: 29Mb L: 17/333 MS: 2 ChangeBit-EraseBytes-
#4572	REDUCE cov: 123 ft: 500 corp: 65/10731b lim: 333 exec/s: 0 rss: 29Mb L: 48/333 MS: 1 EraseBytes-
#4643	REDUCE cov: 123 ft: 500 corp: 65/10702b lim: 333 exec/s: 0 rss: 29Mb L: 44/333 MS: 1 EraseBytes-
#4677	REDUCE cov: 123 ft: 501 corp: 66/10768b lim: 333 exec/s: 0 rss: 29Mb L: 66/333 MS: 4 PersAutoDict-EraseBytes-ShuffleBytes-InsertByte- DE: "stsd"-
#4933	REDUCE cov: 123 ft: 501 corp: 66/10761b lim: 333 exec/s: 0 rss: 29Mb L: 34/333 MS: 1 EraseBytes-
#4934	REDUCE cov: 123 ft: 501 corp: 66/10760b lim: 333 exec/s: 0 rss: 29Mb L: 16/333 MS: 1 EraseBytes-
#5076	REDUCE cov: 123 ft: 501 corp: 66/10753b lim: 333 exec/s: 0 rss: 29Mb L: 326/333 MS: 2 CMP-EraseBytes- DE: "\010\000"-
#5252	REDUCE cov: 123 ft: 501 corp: 66/10752b lim: 333 exec/s: 0 rss: 29Mb L: 107/333 MS: 1 EraseBytes-
#5253	REDUCE cov: 123 ft: 501 corp: 66/10737b lim: 333 exec/s: 0 rss: 29Mb L: 315/333 MS: 1 EraseBytes-
#5949	REDUCE cov: 123 ft: 501 corp: 66/10736b lim: 333 exec/s: 0 rss: 29Mb L: 155/333 MS: 1 EraseBytes-
#5966	REDUCE cov: 123 ft: 501 corp: 66/10735b lim: 333 exec/s: 0 rss: 29Mb L: 314/333 MS: 2 ChangeBit-EraseBytes-
#6216	REDUCE cov: 123 ft: 501 corp: 66/10703b lim: 333 exec/s: 0 rss: 29Mb L: 215/333 MS: 5 InsertByte-ShuffleBytes-EraseBytes-ChangeBit-InsertRepeatedBytes-
#6429	REDUCE cov: 123 ft: 501 corp: 66/10699b lim: 333 exec/s: 6429 rss: 29Mb L: 103/333 MS: 2 EraseBytes-InsertRepeatedBytes-
#6828	REDUCE cov: 123 ft: 501 corp: 66/10552b lim: 333 exec/s: 6828 rss: 29Mb L: 186/333 MS: 4 CMP-ChangeBinInt-ChangeBinInt-EraseBytes- DE: "stbl"-
#7184	REDUCE cov: 123 ft: 501 corp: 66/10532b lim: 333 exec/s: 7184 rss: 29Mb L: 28/333 MS: 1 EraseBytes-
#7318	REDUCE cov: 123 ft: 501 corp: 66/10525b lim: 333 exec/s: 7318 rss: 29Mb L: 307/333 MS: 4 PersAutoDict-ShuffleBytes-ChangeBit-EraseBytes- DE: "\002\000\000\000\001\000\000\000"-
#7400	REDUCE cov: 123 ft: 501 corp: 66/10504b lim: 333 exec/s: 7400 rss: 29Mb L: 51/333 MS: 2 PersAutoDict-EraseBytes- DE: "urn "-
#7571	REDUCE cov: 123 ft: 501 corp: 66/10491b lim: 333 exec/s: 7571 rss: 29Mb L: 32/333 MS: 1 EraseBytes-
#7921	REDUCE cov: 123 ft: 501 corp: 66/10486b lim: 333 exec/s: 7921 rss: 29Mb L: 29/333 MS: 5 EraseBytes-InsertByte-ChangeByte-PersAutoDict-ChangeByte- DE: "!\000"-
#7953	REDUCE cov: 123 ft: 501 corp: 66/10485b lim: 333 exec/s: 7953 rss: 29Mb L: 200/333 MS: 2 ChangeBinInt-EraseBytes-
#8518	REDUCE cov: 123 ft: 501 corp: 66/10435b lim: 333 exec/s: 8518 rss: 29Mb L: 196/333 MS: 5 InsertRepeatedBytes-CMP-InsertByte-EraseBytes-PersAutoDict- DE: "\000\000c\360[\202\211\350"-"\010\000"-
#8672	REDUCE cov: 123 ft: 501 corp: 66/10432b lim: 333 exec/s: 8672 rss: 29Mb L: 82/333 MS: 4 EraseBytes-ChangeBit-ChangeBit-CopyPart-
#8924	REDUCE cov: 123 ft: 501 corp: 66/10422b lim: 333 exec/s: 8924 rss: 29Mb L: 43/333 MS: 2 CMP-EraseBytes- DE: "\000\000\000\032"-
#8935	REDUCE cov: 124 ft: 503 corp: 67/10752b lim: 333 exec/s: 8935 rss: 29Mb L: 330/333 MS: 1 PersAutoDict- DE: "frma"-
#9097	NEW    cov: 124 ft: 505 corp: 68/11032b lim: 333 exec/s: 9097 rss: 29Mb L: 280/333 MS: 2 InsertRepeatedBytes-CMP- DE: "mdat"-
#9160	REDUCE cov: 124 ft: 505 corp: 68/10902b lim: 333 exec/s: 9160 rss: 29Mb L: 150/333 MS: 3 ChangeBit-ShuffleBytes-EraseBytes-
#9239	REDUCE cov: 124 ft: 505 corp: 68/10901b lim: 333 exec/s: 9239 rss: 29Mb L: 185/333 MS: 4 ChangeByte-CrossOver-ChangeBinInt-EraseBytes-
#9338	REDUCE cov: 124 ft: 505 corp: 68/10898b lim: 333 exec/s: 9338 rss: 29Mb L: 26/333 MS: 4 CMP-ChangeBit-CopyPart-EraseBytes- DE: "\377\377b\360[\202bO"-
#9495	REDUCE cov: 124 ft: 505 corp: 68/10784b lim: 333 exec/s: 9495 rss: 29Mb L: 216/333 MS: 2 ShuffleBytes-EraseBytes-
#9633	REDUCE cov: 124 ft: 505 corp: 68/10771b lim: 333 exec/s: 9633 rss: 29Mb L: 203/333 MS: 3 PersAutoDict-PersAutoDict-EraseBytes- DE: "\000\000\000\032"-"stbl"-
#9747	REDUCE cov: 124 ft: 505 corp: 68/10755b lim: 333 exec/s: 9747 rss: 29Mb L: 238/333 MS: 4 ChangeBit-ShuffleBytes-CopyPart-EraseBytes-
#10214	REDUCE cov: 124 ft: 505 corp: 68/10741b lim: 333 exec/s: 10214 rss: 30Mb L: 97/333 MS: 2 EraseBytes-CMP- DE: "\377\377x\370\210\003\"\250"-
#10622	REDUCE cov: 124 ft: 505 corp: 68/10714b lim: 333 exec/s: 10622 rss: 30Mb L: 176/333 MS: 3 ChangeByte-ChangeByte-EraseBytes-
#10991	REDUCE cov: 124 ft: 505 corp: 68/10710b lim: 333 exec/s: 10991 rss: 30Mb L: 30/333 MS: 4 EraseBytes-ChangeBinInt-ChangeBit-ChangeBinInt-
#11418	REDUCE cov: 124 ft: 505 corp: 68/10692b lim: 333 exec/s: 11418 rss: 30Mb L: 132/333 MS: 2 CMP-EraseBytes- DE: "\001\016"-
#11584	REDUCE cov: 124 ft: 505 corp: 68/10659b lim: 333 exec/s: 11584 rss: 30Mb L: 99/333 MS: 1 EraseBytes-
#11597	REDUCE cov: 124 ft: 505 corp: 68/10656b lim: 333 exec/s: 11597 rss: 30Mb L: 27/333 MS: 3 ChangeBinInt-EraseBytes-CMP- DE: "stsd"-
#11745	REDUCE cov: 124 ft: 505 corp: 68/10655b lim: 333 exec/s: 11745 rss: 30Mb L: 109/333 MS: 3 ChangeBit-ShuffleBytes-EraseBytes-
#12073	REDUCE cov: 124 ft: 505 corp: 68/10629b lim: 333 exec/s: 12073 rss: 30Mb L: 150/333 MS: 3 CMP-CopyPart-EraseBytes- DE: "\001\000y\370\210\005$P"-
#12219	REDUCE cov: 124 ft: 505 corp: 68/10610b lim: 333 exec/s: 12219 rss: 30Mb L: 196/333 MS: 1 EraseBytes-
#12295	REDUCE cov: 124 ft: 505 corp: 68/10599b lim: 333 exec/s: 12295 rss: 30Mb L: 203/333 MS: 1 EraseBytes-
#12397	REDUCE cov: 124 ft: 505 corp: 68/10559b lim: 333 exec/s: 12397 rss: 30Mb L: 59/333 MS: 2 CrossOver-EraseBytes-
#12973	REDUCE cov: 124 ft: 505 corp: 68/10519b lim: 333 exec/s: 12973 rss: 30Mb L: 146/333 MS: 1 EraseBytes-
#13160	REDUCE cov: 124 ft: 505 corp: 68/10489b lim: 333 exec/s: 6580 rss: 30Mb L: 166/333 MS: 2 InsertByte-EraseBytes-
#13336	REDUCE cov: 124 ft: 505 corp: 68/10482b lim: 333 exec/s: 6668 rss: 30Mb L: 25/333 MS: 1 EraseBytes-
#13453	NEW    cov: 124 ft: 506 corp: 69/10806b lim: 333 exec/s: 6726 rss: 30Mb L: 324/333 MS: 2 PersAutoDict-InsertByte- DE: "\377\377\377\007"-
#13612	REDUCE cov: 124 ft: 506 corp: 69/10802b lim: 333 exec/s: 6806 rss: 30Mb L: 24/333 MS: 4 CopyPart-CopyPart-ChangeBit-EraseBytes-
#13781	REDUCE cov: 124 ft: 506 corp: 69/10800b lim: 333 exec/s: 6890 rss: 30Mb L: 27/333 MS: 4 InsertByte-ShuffleBytes-PersAutoDict-EraseBytes- DE: "\377\377x\370\210\003\"\250"-
#13911	REDUCE cov: 124 ft: 506 corp: 69/10785b lim: 333 exec/s: 6955 rss: 30Mb L: 74/333 MS: 5 CrossOver-CopyPart-ChangeByte-EraseBytes-PersAutoDict- DE: "stsd"-
#14418	REDUCE cov: 124 ft: 506 corp: 69/10784b lim: 333 exec/s: 7209 rss: 30Mb L: 26/333 MS: 2 CopyPart-EraseBytes-
#14422	REDUCE cov: 124 ft: 506 corp: 69/10737b lim: 333 exec/s: 7211 rss: 30Mb L: 103/333 MS: 4 ShuffleBytes-ChangeASCIIInt-InsertRepeatedBytes-EraseBytes-
#14791	REDUCE cov: 124 ft: 506 corp: 69/10729b lim: 333 exec/s: 7395 rss: 30Mb L: 17/333 MS: 4 ChangeBit-PersAutoDict-ChangeASCIIInt-EraseBytes- DE: "stbl"-
#14895	REDUCE cov: 124 ft: 506 corp: 69/10727b lim: 333 exec/s: 7447 rss: 30Mb L: 24/333 MS: 4 ShuffleBytes-ChangeByte-EraseBytes-PersAutoDict- DE: "\001\016"-
#14919	REDUCE cov: 124 ft: 506 corp: 69/10678b lim: 333 exec/s: 7459 rss: 30Mb L: 229/333 MS: 4 ChangeBit-InsertByte-ChangeByte-EraseBytes-
#15185	REDUCE cov: 124 ft: 506 corp: 69/10627b lim: 333 exec/s: 7592 rss: 30Mb L: 52/333 MS: 1 EraseBytes-
#15253	REDUCE cov: 124 ft: 506 corp: 69/10625b lim: 333 exec/s: 7626 rss: 30Mb L: 72/333 MS: 3 InsertByte-EraseBytes-CrossOver-
#15630	REDUCE cov: 124 ft: 506 corp: 69/10621b lim: 333 exec/s: 7815 rss: 30Mb L: 62/333 MS: 2 CopyPart-EraseBytes-
#15665	REDUCE cov: 124 ft: 507 corp: 70/10885b lim: 333 exec/s: 7832 rss: 30Mb L: 264/333 MS: 5 CMP-ChangeByte-CopyPart-CopyPart-InsertRepeatedBytes- DE: "ipro"-
#16384	pulse  cov: 124 ft: 507 corp: 70/10885b lim: 333 exec/s: 8192 rss: 30Mb
#16580	REDUCE cov: 124 ft: 507 corp: 70/10883b lim: 341 exec/s: 8290 rss: 30Mb L: 267/333 MS: 5 CopyPart-EraseBytes-ChangeBit-ChangeByte-CrossOver-
#18758	REDUCE cov: 124 ft: 507 corp: 70/10882b lim: 357 exec/s: 9379 rss: 30Mb L: 272/333 MS: 3 InsertRepeatedBytes-EraseBytes-InsertByte-
#18772	REDUCE cov: 124 ft: 507 corp: 70/10778b lim: 357 exec/s: 9386 rss: 30Mb L: 134/333 MS: 4 ShuffleBytes-ShuffleBytes-PersAutoDict-EraseBytes- DE: "\377\377\377\007"-
#18969	REDUCE cov: 124 ft: 507 corp: 70/10768b lim: 357 exec/s: 9484 rss: 30Mb L: 316/333 MS: 2 ChangeBinInt-EraseBytes-
#19383	REDUCE cov: 124 ft: 511 corp: 71/11113b lim: 357 exec/s: 9691 rss: 30Mb L: 345/345 MS: 4 InsertRepeatedBytes-ChangeBinInt-ChangeBit-PersAutoDict- DE: "\002\000\000\000\001\000\000\000"-
#19454	REDUCE cov: 124 ft: 511 corp: 71/11101b lim: 357 exec/s: 9727 rss: 30Mb L: 39/345 MS: 1 EraseBytes-
#19679	REDUCE cov: 124 ft: 511 corp: 71/11065b lim: 357 exec/s: 6559 rss: 30Mb L: 88/345 MS: 5 ChangeBit-ChangeASCIIInt-InsertByte-CopyPart-EraseBytes-
#19740	REDUCE cov: 124 ft: 511 corp: 71/11061b lim: 357 exec/s: 6580 rss: 30Mb L: 55/345 MS: 1 EraseBytes-
#19782	REDUCE cov: 124 ft: 511 corp: 71/11058b lim: 357 exec/s: 6594 rss: 30Mb L: 24/345 MS: 2 CopyPart-EraseBytes-
#19995	REDUCE cov: 124 ft: 512 corp: 72/11375b lim: 357 exec/s: 6665 rss: 30Mb L: 317/345 MS: 3 ChangeASCIIInt-ChangeBinInt-CrossOver-
#20071	REDUCE cov: 124 ft: 512 corp: 72/11311b lim: 357 exec/s: 6690 rss: 30Mb L: 253/345 MS: 1 EraseBytes-
#20555	REDUCE cov: 124 ft: 512 corp: 72/11281b lim: 357 exec/s: 6851 rss: 30Mb L: 223/345 MS: 4 CopyPart-PersAutoDict-CrossOver-EraseBytes- DE: "frma"-
#20643	REDUCE cov: 124 ft: 512 corp: 72/11245b lim: 357 exec/s: 6881 rss: 30Mb L: 187/345 MS: 3 ChangeBinInt-ChangeByte-EraseBytes-
#21037	REDUCE cov: 124 ft: 512 corp: 72/11221b lim: 357 exec/s: 7012 rss: 30Mb L: 33/345 MS: 4 InsertByte-CopyPart-ChangeBinInt-EraseBytes-
#21254	REDUCE cov: 124 ft: 512 corp: 72/11216b lim: 357 exec/s: 7084 rss: 30Mb L: 67/345 MS: 2 ChangeBit-EraseBytes-
#21352	REDUCE cov: 124 ft: 512 corp: 72/11171b lim: 357 exec/s: 7117 rss: 30Mb L: 274/345 MS: 3 ChangeBit-InsertRepeatedBytes-EraseBytes-
#21424	REDUCE cov: 124 ft: 518 corp: 73/11526b lim: 357 exec/s: 7141 rss: 30Mb L: 355/355 MS: 2 CopyPart-InsertRepeatedBytes-
#21634	REDUCE cov: 124 ft: 518 corp: 73/11522b lim: 357 exec/s: 7211 rss: 30Mb L: 20/355 MS: 5 ChangeASCIIInt-ChangeByte-CrossOver-PersAutoDict-EraseBytes- DE: "\377\377b\360[\202bO"-
#21715	REDUCE cov: 124 ft: 518 corp: 73/11514b lim: 357 exec/s: 7238 rss: 30Mb L: 44/355 MS: 1 EraseBytes-
==643937== ERROR: libFuzzer: out-of-memory (used: 2509Mb; limit: 1024Mb)
   To change the out-of-memory limit use -rss_limit_mb=<N>

MS: 1 CrossOver-; base unit: 60597f22207fbf63beb4cb762594ce13f1df92b2
0x0,0x0,0x0,0x18,0x66,0x74,0x79,0x70,0x69,0x73,0x6f,0x66,0x72,0x6d,0x61,0x0,0x69,0x73,0x6f,0x6d,0x6d,0x70,0x35,0x2,0x0,0x0,0x0,0x1,0x0,0x40,0x0,0x42,0x0,0x0,0x0,0x1,0xe,0x0,0x40,0xff,0xff,0x62,0xf0,0x4f,0x0,0x0,0x0,0x0,0x1,0x0,0xff,0xff,0xff,0xff,0xff,0xff,0xff,0xff,0xff,0xff,0xff,0xff,0xff,0xff,0xff,0xff,0xff,0xff,0xff,0xff,0xff,0xff,0xff,0xff,0xff,0x0,0x0,0x1,0x35,0x6d,0x6f,0x6f,0x76,0x0,0x0,0x0,0x78,0x6d,0x76,0x68,0x64,0x0,0x0,0x0,0x2,0x0,0x0,0x0,0x0,0x0,0x0,0x0,0x0,0x0,0x0,0x3,0xe8,0x0,0x0,0x0,0x0,0x0,0x0,0x0,0x0,0x0,0x0,0x0,0x0,0x0,0x0,0x0,0x0,0x0,0x0,0x0,0x62,0x4f,0x3a,0x0,0x0,0x0,0x0,0x0,0x0,0x0,0x0,0x0,0x0,0x0,0x0,0x0,0x0,0x0,0x0,0x0,0x0,0xff,0xff,0xff,0xff,0xff,0xff,0xff,0xff,0x0,0x0,0x0,0x0,0x0,0x0,0x0,0x0,0x0,0x0,0x0,0x0,0x0,0x0,0x0,0x0,0x0,0x0,0x0,0x0,0x0,0x1,0x40,0x0,0x0,0x0,0xf0,0x0,0x0,0x0,0x0,0x28,0x6d,0x0,0x0,0x0,0x0,0x92,0x0,0x0,0x0,0x0,0x28,0x6d,
\000\000\000\030ftypisofrma\000isommp5\002\000\000\000\001\000@\000B\000\000\000\001\016\000@\377\377b\360O\000\000\000\000\001\000\377\377\377\377\377\377\377\377\377\377\377\377\377\377\377\377\377\377\377\377\377\377\377\377\377\000\000\0015moov\000\000\000xmvhd\000\000\000\002\000\000\000\000\000\000\000\000\000\000\003\350\000\000\000\000\000\000\000\000\000\000\000\000\000\000\000\000\000\000\000bO:\000\000\000\000\000\000\000\000\000\000\000\000\000\000\000\000\000\000\377\377\377\377\377\377\377\377\000\000\000\000\000\000\000\000\000\000\000\000\000\000\000\000\000\000\000\000\000\001@\000\000\000\360\000\000\000\000(m\000\000\000\000\222\000\000\000\000(m
artifact_prefix='/results/crashes/20260313_174508_aeb7b2b0_'; Test unit written to /results/crashes/20260313_174508_aeb7b2b0_oom-5937e9db8578a6e3e00a64de808ca56df4b39d71
Base64: AAAAGGZ0eXBpc29mcm1hAGlzb21tcDUCAAAAAQBAAEIAAAABDgBA//9i8E8AAAAAAQD/////////////////////////////////AAABNW1vb3YAAAB4bXZoZAAAAAIAAAAAAAAAAAAAA+gAAAAAAAAAAAAAAAAAAAAAAAAAYk86AAAAAAAAAAAAAAAAAAAAAAAA//////////8AAAAAAAAAAAAAAAAAAAAAAAAAAAABQAAAAPAAAAAAKG0AAAAAkgAAAAAobQ==
SUMMARY: libFuzzer: out-of-memory
stat::number_of_executed_units: 21966
stat::average_exec_per_sec:     4393
stat::new_units_added:          177
stat::slowest_unit_time_sec:    0
stat::peak_rss_mb:              2510
