INFO: Running with entropic power schedule (0xFF, 100).
INFO: Seed: 2838685565
INFO: Loaded 1 modules   (252 inline 8-bit counters): 252 [0x5f359261b678, 0x5f359261b774), 
INFO: Loaded 1 PC tables (252 PCs): 252 [0x5f359261b778,0x5f359261c738), 
INFO:        4 files found in /tmp/corpus_20260313_161716_e0ff2485
INFO: seed corpus: files: 4 min: 48b max: 333b total: 853b rss: 28Mb
#5	INITED cov: 117 ft: 250 corp: 4/853b exec/s: 0 rss: 29Mb
#9	NEW    cov: 117 ft: 257 corp: 5/1035b lim: 333 exec/s: 0 rss: 29Mb L: 182/333 MS: 4 EraseBytes-InsertByte-CopyPart-ChangeBinInt-
#11	NEW    cov: 117 ft: 260 corp: 6/1288b lim: 333 exec/s: 0 rss: 29Mb L: 253/333 MS: 2 ShuffleBytes-InsertByte-
#13	NEW    cov: 117 ft: 301 corp: 7/1336b lim: 333 exec/s: 0 rss: 29Mb L: 48/333 MS: 2 ChangeBinInt-ChangeBit-
#19	NEW    cov: 117 ft: 303 corp: 8/1557b lim: 333 exec/s: 0 rss: 29Mb L: 221/333 MS: 1 InsertByte-
#20	NEW    cov: 118 ft: 311 corp: 9/1810b lim: 333 exec/s: 0 rss: 29Mb L: 253/333 MS: 1 ChangeBinInt-
#23	NEW    cov: 118 ft: 312 corp: 10/1862b lim: 333 exec/s: 0 rss: 29Mb L: 52/333 MS: 3 CrossOver-CMP-CMP- DE: "\377\377^5\304%\030`"-"\000\000\000\002"-
#30	NEW    cov: 118 ft: 321 corp: 11/2082b lim: 333 exec/s: 0 rss: 29Mb L: 220/333 MS: 2 ChangeBit-CrossOver-
#32	NEW    cov: 118 ft: 327 corp: 12/2259b lim: 333 exec/s: 0 rss: 29Mb L: 177/333 MS: 2 InsertByte-EraseBytes-
#34	NEW    cov: 118 ft: 328 corp: 13/2513b lim: 333 exec/s: 0 rss: 29Mb L: 254/333 MS: 2 ShuffleBytes-InsertByte-
#38	NEW    cov: 118 ft: 343 corp: 14/2654b lim: 333 exec/s: 0 rss: 29Mb L: 141/333 MS: 4 InsertRepeatedBytes-InsertByte-CMP-EraseBytes- DE: "o\337$\3045_\000\000"-
#41	NEW    cov: 118 ft: 352 corp: 15/2803b lim: 333 exec/s: 0 rss: 29Mb L: 149/333 MS: 3 ChangeByte-ChangeByte-PersAutoDict- DE: "o\337$\3045_\000\000"-
#42	NEW    cov: 119 ft: 354 corp: 16/3095b lim: 333 exec/s: 0 rss: 29Mb L: 292/333 MS: 1 InsertRepeatedBytes-
#51	NEW    cov: 119 ft: 355 corp: 17/3148b lim: 333 exec/s: 0 rss: 29Mb L: 53/333 MS: 4 CrossOver-PersAutoDict-InsertByte-CopyPart- DE: "\000\000\000\002"-
#57	REDUCE cov: 119 ft: 355 corp: 17/3144b lim: 333 exec/s: 0 rss: 29Mb L: 49/333 MS: 1 EraseBytes-
#58	NEW    cov: 119 ft: 356 corp: 18/3404b lim: 333 exec/s: 0 rss: 29Mb L: 260/333 MS: 1 PersAutoDict- DE: "\377\377^5\304%\030`"-
#61	NEW    cov: 120 ft: 357 corp: 19/3680b lim: 333 exec/s: 0 rss: 29Mb L: 276/333 MS: 3 CopyPart-ChangeBinInt-InsertByte-
#70	NEW    cov: 120 ft: 358 corp: 20/3909b lim: 333 exec/s: 0 rss: 29Mb L: 229/333 MS: 4 ChangeBit-ShuffleBytes-InsertRepeatedBytes-EraseBytes-
#71	NEW    cov: 120 ft: 360 corp: 21/4133b lim: 333 exec/s: 0 rss: 29Mb L: 224/333 MS: 1 CopyPart-
#72	NEW    cov: 120 ft: 361 corp: 22/4181b lim: 333 exec/s: 0 rss: 29Mb L: 48/333 MS: 1 ChangeByte-
#87	NEW    cov: 120 ft: 362 corp: 23/4407b lim: 333 exec/s: 0 rss: 29Mb L: 226/333 MS: 5 PersAutoDict-CopyPart-CopyPart-PersAutoDict-InsertByte- DE: "\377\377^5\304%\030`"-"\000\000\000\002"-
#96	NEW    cov: 120 ft: 363 corp: 24/4610b lim: 333 exec/s: 0 rss: 29Mb L: 203/333 MS: 4 InsertRepeatedBytes-InsertRepeatedBytes-ChangeBit-EraseBytes-
#108	NEW    cov: 120 ft: 364 corp: 25/4865b lim: 333 exec/s: 0 rss: 29Mb L: 255/333 MS: 2 InsertByte-CopyPart-
#110	NEW    cov: 120 ft: 365 corp: 26/4913b lim: 333 exec/s: 0 rss: 29Mb L: 48/333 MS: 2 ChangeByte-ChangeByte-
#124	NEW    cov: 120 ft: 371 corp: 27/5052b lim: 333 exec/s: 0 rss: 29Mb L: 139/333 MS: 4 InsertByte-CrossOver-PersAutoDict-EraseBytes- DE: "\000\000\000\002"-
#133	NEW    cov: 120 ft: 372 corp: 28/5254b lim: 333 exec/s: 0 rss: 29Mb L: 202/333 MS: 4 ChangeByte-CrossOver-InsertRepeatedBytes-EraseBytes-
#134	NEW    cov: 120 ft: 382 corp: 29/5346b lim: 333 exec/s: 0 rss: 29Mb L: 92/333 MS: 1 CopyPart-
#154	NEW    cov: 120 ft: 383 corp: 30/5440b lim: 333 exec/s: 0 rss: 29Mb L: 94/333 MS: 5 ChangeASCIIInt-ChangeByte-ChangeBinInt-ChangeBit-EraseBytes-
#155	NEW    cov: 120 ft: 384 corp: 31/5521b lim: 333 exec/s: 0 rss: 29Mb L: 81/333 MS: 1 EraseBytes-
#161	NEW    cov: 120 ft: 385 corp: 32/5569b lim: 333 exec/s: 0 rss: 29Mb L: 48/333 MS: 1 PersAutoDict- DE: "\000\000\000\002"-
#165	REDUCE cov: 120 ft: 385 corp: 32/5546b lim: 333 exec/s: 0 rss: 29Mb L: 154/333 MS: 4 ChangeByte-CMP-CopyPart-EraseBytes- DE: "vosi"-
#167	NEW    cov: 120 ft: 411 corp: 33/5566b lim: 333 exec/s: 0 rss: 29Mb L: 20/333 MS: 2 CrossOver-CrossOver-
#168	NEW    cov: 120 ft: 412 corp: 34/5719b lim: 333 exec/s: 0 rss: 29Mb L: 153/333 MS: 1 CMP- DE: "\001\000\000\020"-
#169	NEW    cov: 120 ft: 413 corp: 35/5768b lim: 333 exec/s: 0 rss: 29Mb L: 49/333 MS: 1 InsertByte-
#182	NEW    cov: 120 ft: 418 corp: 36/5802b lim: 333 exec/s: 0 rss: 29Mb L: 34/333 MS: 3 InsertByte-EraseBytes-CrossOver-
#190	NEW    cov: 120 ft: 419 corp: 37/6135b lim: 333 exec/s: 0 rss: 29Mb L: 333/333 MS: 3 ShuffleBytes-InsertRepeatedBytes-CopyPart-
#199	NEW    cov: 120 ft: 422 corp: 38/6285b lim: 333 exec/s: 0 rss: 29Mb L: 150/333 MS: 4 CopyPart-PersAutoDict-ChangeASCIIInt-CopyPart- DE: "o\337$\3045_\000\000"-
#203	NEW    cov: 120 ft: 423 corp: 39/6387b lim: 333 exec/s: 0 rss: 29Mb L: 102/333 MS: 4 ChangeASCIIInt-ChangeBit-ChangeASCIIInt-PersAutoDict- DE: "\377\377^5\304%\030`"-
#205	REDUCE cov: 120 ft: 423 corp: 39/6385b lim: 333 exec/s: 0 rss: 29Mb L: 151/333 MS: 2 ShuffleBytes-EraseBytes-
#222	REDUCE cov: 120 ft: 423 corp: 39/6363b lim: 333 exec/s: 0 rss: 29Mb L: 59/333 MS: 2 EraseBytes-EraseBytes-
#223	REDUCE cov: 120 ft: 423 corp: 39/6322b lim: 333 exec/s: 0 rss: 29Mb L: 108/333 MS: 1 EraseBytes-
#241	NEW    cov: 120 ft: 424 corp: 40/6361b lim: 333 exec/s: 0 rss: 29Mb L: 39/333 MS: 3 InsertByte-ChangeBinInt-EraseBytes-
#259	NEW    cov: 120 ft: 425 corp: 41/6495b lim: 333 exec/s: 0 rss: 29Mb L: 134/333 MS: 3 ChangeBit-CopyPart-CrossOver-
#290	NEW    cov: 120 ft: 431 corp: 42/6752b lim: 333 exec/s: 0 rss: 29Mb L: 257/333 MS: 1 PersAutoDict- DE: "\000\000\000\002"-
#433	REDUCE cov: 120 ft: 431 corp: 42/6742b lim: 333 exec/s: 0 rss: 29Mb L: 38/333 MS: 3 InsertByte-CrossOver-EraseBytes-
#441	REDUCE cov: 120 ft: 431 corp: 42/6728b lim: 333 exec/s: 0 rss: 29Mb L: 140/333 MS: 3 ChangeBinInt-EraseBytes-CopyPart-
#462	NEW    cov: 120 ft: 432 corp: 43/7061b lim: 333 exec/s: 0 rss: 29Mb L: 333/333 MS: 1 ChangeBit-
#474	NEW    cov: 120 ft: 440 corp: 44/7086b lim: 333 exec/s: 0 rss: 29Mb L: 25/333 MS: 2 ChangeBinInt-CrossOver-
#498	NEW    cov: 120 ft: 443 corp: 45/7411b lim: 333 exec/s: 0 rss: 29Mb L: 325/333 MS: 4 CMP-PersAutoDict-ShuffleBytes-InsertRepeatedBytes- DE: "\377\377\377\037"-"o\337$\3045_\000\000"-
#528	NEW    cov: 120 ft: 456 corp: 46/7423b lim: 333 exec/s: 0 rss: 29Mb L: 12/333 MS: 5 InsertRepeatedBytes-InsertRepeatedBytes-CopyPart-ShuffleBytes-CrossOver-
#544	NEW    cov: 121 ft: 457 corp: 47/7429b lim: 333 exec/s: 0 rss: 29Mb L: 6/333 MS: 1 EraseBytes-
#546	NEW    cov: 121 ft: 458 corp: 48/7477b lim: 333 exec/s: 0 rss: 29Mb L: 48/333 MS: 2 ChangeByte-CrossOver-
#644	NEW    cov: 121 ft: 466 corp: 49/7728b lim: 333 exec/s: 0 rss: 29Mb L: 251/333 MS: 3 ChangeByte-ChangeBit-EraseBytes-
#658	NEW    cov: 121 ft: 467 corp: 50/8022b lim: 333 exec/s: 0 rss: 29Mb L: 294/333 MS: 4 ChangeBit-ChangeByte-PersAutoDict-InsertRepeatedBytes- DE: "\000\000\000\002"-
#672	REDUCE cov: 121 ft: 467 corp: 50/8021b lim: 333 exec/s: 0 rss: 29Mb L: 47/333 MS: 4 ChangeBinInt-CMP-InsertByte-EraseBytes- DE: "\022\000\000\000\000\000\000\000"-
#685	NEW    cov: 121 ft: 468 corp: 51/8354b lim: 333 exec/s: 0 rss: 29Mb L: 333/333 MS: 3 ChangeASCIIInt-CMP-CopyPart- DE: "\000\000ri\210\000+\020"-
#730	REDUCE cov: 121 ft: 468 corp: 51/8341b lim: 333 exec/s: 0 rss: 29Mb L: 35/333 MS: 5 EraseBytes-EraseBytes-EraseBytes-CrossOver-CopyPart-
#781	NEW    cov: 121 ft: 470 corp: 52/8666b lim: 333 exec/s: 0 rss: 29Mb L: 325/333 MS: 1 CrossOver-
#792	REDUCE cov: 121 ft: 470 corp: 52/8627b lim: 333 exec/s: 0 rss: 29Mb L: 181/333 MS: 1 EraseBytes-
#841	REDUCE cov: 121 ft: 470 corp: 52/8556b lim: 333 exec/s: 0 rss: 29Mb L: 184/333 MS: 4 ChangeBinInt-ShuffleBytes-ChangeByte-EraseBytes-
#866	REDUCE cov: 121 ft: 470 corp: 52/8507b lim: 333 exec/s: 0 rss: 29Mb L: 59/333 MS: 5 ChangeBinInt-InsertByte-PersAutoDict-ChangeBinInt-CrossOver- DE: "\000\000ri\210\000+\020"-
#873	REDUCE cov: 121 ft: 470 corp: 52/8457b lim: 333 exec/s: 0 rss: 29Mb L: 275/333 MS: 2 InsertByte-EraseBytes-
#904	NEW    cov: 122 ft: 471 corp: 53/8732b lim: 333 exec/s: 0 rss: 29Mb L: 275/333 MS: 1 EraseBytes-
#905	REDUCE cov: 122 ft: 471 corp: 53/8726b lim: 333 exec/s: 0 rss: 29Mb L: 53/333 MS: 1 EraseBytes-
#1049	REDUCE cov: 122 ft: 471 corp: 53/8706b lim: 333 exec/s: 0 rss: 29Mb L: 28/333 MS: 4 ChangeByte-PersAutoDict-CMP-EraseBytes- DE: "\000\000ri\210\000+\020"-"\341\267%\3045_\000\000"-
#1099	NEW    cov: 122 ft: 475 corp: 54/9023b lim: 333 exec/s: 0 rss: 29Mb L: 317/333 MS: 5 InsertRepeatedBytes-ChangeASCIIInt-CMP-InsertByte-CopyPart- DE: "\377\377^5\304&\017\352"-
#1204	REDUCE cov: 122 ft: 475 corp: 54/9013b lim: 333 exec/s: 0 rss: 29Mb L: 24/333 MS: 5 ShuffleBytes-CopyPart-CopyPart-ChangeBit-EraseBytes-
#1251	REDUCE cov: 122 ft: 475 corp: 54/8988b lim: 333 exec/s: 0 rss: 29Mb L: 28/333 MS: 2 InsertByte-EraseBytes-
#1387	REDUCE cov: 122 ft: 475 corp: 54/8975b lim: 333 exec/s: 0 rss: 29Mb L: 213/333 MS: 1 EraseBytes-
#1392	REDUCE cov: 122 ft: 475 corp: 54/8915b lim: 333 exec/s: 0 rss: 29Mb L: 169/333 MS: 5 InsertRepeatedBytes-EraseBytes-CopyPart-ChangeBinInt-EraseBytes-
#1404	NEW    cov: 122 ft: 476 corp: 55/8923b lim: 333 exec/s: 0 rss: 29Mb L: 8/333 MS: 2 EraseBytes-InsertByte-
#1412	REDUCE cov: 122 ft: 477 corp: 56/9011b lim: 333 exec/s: 0 rss: 29Mb L: 88/333 MS: 3 EraseBytes-EraseBytes-EraseBytes-
#1465	REDUCE cov: 122 ft: 477 corp: 56/8953b lim: 333 exec/s: 0 rss: 29Mb L: 82/333 MS: 3 ShuffleBytes-CopyPart-EraseBytes-
#1521	REDUCE cov: 122 ft: 477 corp: 56/8951b lim: 333 exec/s: 0 rss: 29Mb L: 4/333 MS: 1 EraseBytes-
#1557	REDUCE cov: 122 ft: 477 corp: 56/8891b lim: 333 exec/s: 0 rss: 29Mb L: 191/333 MS: 1 EraseBytes-
#1735	NEW    cov: 122 ft: 483 corp: 57/9223b lim: 333 exec/s: 0 rss: 29Mb L: 332/333 MS: 3 PersAutoDict-CrossOver-ChangeByte- DE: "\000\000\000\002"-
#1767	REDUCE cov: 122 ft: 483 corp: 57/9222b lim: 333 exec/s: 0 rss: 29Mb L: 93/333 MS: 2 CrossOver-EraseBytes-
#1824	REDUCE cov: 122 ft: 483 corp: 57/9220b lim: 333 exec/s: 0 rss: 29Mb L: 37/333 MS: 2 ChangeBinInt-EraseBytes-
#1884	REDUCE cov: 122 ft: 483 corp: 57/9218b lim: 333 exec/s: 0 rss: 29Mb L: 35/333 MS: 5 InsertRepeatedBytes-CMP-InsertRepeatedBytes-CMP-CrossOver- DE: "\377\377\377\377\377\377\377\017"-"hvc1"-
#2017	REDUCE cov: 122 ft: 483 corp: 57/9192b lim: 333 exec/s: 0 rss: 29Mb L: 108/333 MS: 3 PersAutoDict-ChangeBit-EraseBytes- DE: "\377\377\377\377\377\377\377\017"-
#2030	REDUCE cov: 122 ft: 483 corp: 57/9173b lim: 333 exec/s: 0 rss: 29Mb L: 73/333 MS: 3 EraseBytes-ShuffleBytes-PersAutoDict- DE: "\377\377^5\304&\017\352"-
#2036	REDUCE cov: 122 ft: 490 corp: 58/9358b lim: 333 exec/s: 0 rss: 29Mb L: 185/333 MS: 1 CMP- DE: "stsd"-
#2059	REDUCE cov: 122 ft: 490 corp: 58/9355b lim: 333 exec/s: 0 rss: 29Mb L: 330/333 MS: 3 ShuffleBytes-ChangeBit-EraseBytes-
#2190	NEW    cov: 122 ft: 498 corp: 59/9662b lim: 333 exec/s: 0 rss: 29Mb L: 307/333 MS: 1 CrossOver-
#2247	REDUCE cov: 122 ft: 498 corp: 59/9652b lim: 333 exec/s: 0 rss: 29Mb L: 192/333 MS: 2 EraseBytes-InsertRepeatedBytes-
#2294	REDUCE cov: 122 ft: 498 corp: 59/9632b lim: 333 exec/s: 0 rss: 29Mb L: 28/333 MS: 2 ChangeByte-EraseBytes-
#2371	REDUCE cov: 122 ft: 498 corp: 59/9614b lim: 333 exec/s: 0 rss: 29Mb L: 276/333 MS: 2 ChangeBit-EraseBytes-
#2458	REDUCE cov: 122 ft: 498 corp: 59/9561b lim: 333 exec/s: 0 rss: 29Mb L: 254/333 MS: 2 ShuffleBytes-EraseBytes-
#2600	REDUCE cov: 122 ft: 498 corp: 59/9529b lim: 333 exec/s: 0 rss: 29Mb L: 300/333 MS: 2 EraseBytes-CMP- DE: "fst "-
#2631	REDUCE cov: 122 ft: 498 corp: 59/9515b lim: 333 exec/s: 0 rss: 29Mb L: 240/333 MS: 1 EraseBytes-
#2681	REDUCE cov: 122 ft: 498 corp: 59/9497b lim: 333 exec/s: 0 rss: 29Mb L: 174/333 MS: 5 InsertByte-ChangeBinInt-ChangeBinInt-CrossOver-EraseBytes-
#2788	REDUCE cov: 122 ft: 498 corp: 59/9496b lim: 333 exec/s: 0 rss: 29Mb L: 3/333 MS: 2 ChangeASCIIInt-EraseBytes-
#2916	REDUCE cov: 122 ft: 498 corp: 59/9491b lim: 333 exec/s: 0 rss: 29Mb L: 42/333 MS: 3 ChangeByte-EraseBytes-InsertByte-
#2950	REDUCE cov: 122 ft: 499 corp: 60/9824b lim: 333 exec/s: 0 rss: 29Mb L: 333/333 MS: 4 PersAutoDict-PersAutoDict-ChangeByte-InsertRepeatedBytes- DE: "stsd"-"\022\000\000\000\000\000\000\000"-
#3016	REDUCE cov: 122 ft: 499 corp: 60/9822b lim: 333 exec/s: 0 rss: 29Mb L: 86/333 MS: 1 EraseBytes-
#3374	REDUCE cov: 122 ft: 499 corp: 60/9815b lim: 333 exec/s: 0 rss: 29Mb L: 326/333 MS: 3 PersAutoDict-ChangeBinInt-CrossOver- DE: "\377\377\377\037"-
#3385	REDUCE cov: 122 ft: 499 corp: 60/9775b lim: 333 exec/s: 0 rss: 29Mb L: 293/333 MS: 1 CrossOver-
#3388	REDUCE cov: 122 ft: 499 corp: 60/9745b lim: 333 exec/s: 0 rss: 29Mb L: 287/333 MS: 3 CMP-ChangeASCIIInt-CrossOver- DE: "\000\000\000\001"-
#3391	REDUCE cov: 122 ft: 499 corp: 60/9744b lim: 333 exec/s: 0 rss: 29Mb L: 2/333 MS: 3 PersAutoDict-EraseBytes-EraseBytes- DE: "\000\000\000\002"-
#3395	REDUCE cov: 122 ft: 499 corp: 60/9741b lim: 333 exec/s: 0 rss: 29Mb L: 21/333 MS: 4 EraseBytes-ShuffleBytes-CopyPart-CrossOver-
#3536	REDUCE cov: 122 ft: 499 corp: 60/9734b lim: 333 exec/s: 0 rss: 29Mb L: 21/333 MS: 1 EraseBytes-
#3644	REDUCE cov: 122 ft: 499 corp: 60/9729b lim: 333 exec/s: 0 rss: 29Mb L: 134/333 MS: 3 ChangeByte-ChangeBit-EraseBytes-
#3686	REDUCE cov: 122 ft: 499 corp: 60/9724b lim: 333 exec/s: 0 rss: 29Mb L: 169/333 MS: 2 ChangeByte-EraseBytes-
#3773	REDUCE cov: 122 ft: 512 corp: 61/9991b lim: 333 exec/s: 0 rss: 29Mb L: 267/333 MS: 2 CMP-InsertByte- DE: "St13runtime_"-
#3791	REDUCE cov: 122 ft: 512 corp: 61/9980b lim: 333 exec/s: 0 rss: 29Mb L: 315/333 MS: 3 InsertRepeatedBytes-CMP-EraseBytes- DE: "\377\037"-
#4164	REDUCE cov: 122 ft: 512 corp: 61/9922b lim: 333 exec/s: 0 rss: 29Mb L: 127/333 MS: 3 InsertRepeatedBytes-ChangeByte-EraseBytes-
#4375	NEW    cov: 122 ft: 518 corp: 62/10189b lim: 333 exec/s: 0 rss: 29Mb L: 267/333 MS: 1 ChangeByte-
#4446	REDUCE cov: 122 ft: 518 corp: 62/10181b lim: 333 exec/s: 0 rss: 29Mb L: 13/333 MS: 1 EraseBytes-
#4565	REDUCE cov: 122 ft: 518 corp: 62/10179b lim: 333 exec/s: 0 rss: 29Mb L: 11/333 MS: 4 CMP-ChangeBit-ChangeByte-EraseBytes- DE: "\015\001\000\000\000\000\000\000"-
#4811	REDUCE cov: 122 ft: 518 corp: 62/10166b lim: 333 exec/s: 0 rss: 29Mb L: 25/333 MS: 1 EraseBytes-
#4842	REDUCE cov: 122 ft: 518 corp: 62/10153b lim: 333 exec/s: 0 rss: 29Mb L: 156/333 MS: 1 EraseBytes-
#4998	REDUCE cov: 122 ft: 518 corp: 62/10137b lim: 333 exec/s: 0 rss: 29Mb L: 9/333 MS: 1 CrossOver-
#5102	REDUCE cov: 122 ft: 518 corp: 62/10129b lim: 333 exec/s: 0 rss: 29Mb L: 322/333 MS: 4 ChangeBit-EraseBytes-CMP-PersAutoDict- DE: "cdsc"-"\015\001\000\000\000\000\000\000"-
#5138	NEW    cov: 122 ft: 519 corp: 63/10421b lim: 333 exec/s: 0 rss: 29Mb L: 292/333 MS: 1 CrossOver-
#5259	REDUCE cov: 122 ft: 519 corp: 63/10411b lim: 333 exec/s: 0 rss: 29Mb L: 171/333 MS: 1 EraseBytes-
#5481	NEW    cov: 122 ft: 523 corp: 64/10544b lim: 333 exec/s: 0 rss: 29Mb L: 133/333 MS: 2 ShuffleBytes-CrossOver-
#5599	REDUCE cov: 122 ft: 523 corp: 64/10543b lim: 333 exec/s: 0 rss: 29Mb L: 1/333 MS: 3 ChangeBit-ChangeBit-EraseBytes-
#5619	REDUCE cov: 122 ft: 523 corp: 64/10499b lim: 333 exec/s: 0 rss: 29Mb L: 147/333 MS: 5 InsertRepeatedBytes-ChangeByte-ChangeBit-ChangeBinInt-EraseBytes-
#5666	REDUCE cov: 122 ft: 523 corp: 64/10464b lim: 333 exec/s: 0 rss: 29Mb L: 98/333 MS: 2 ChangeBit-EraseBytes-
#5723	REDUCE cov: 122 ft: 523 corp: 64/10463b lim: 333 exec/s: 0 rss: 29Mb L: 58/333 MS: 2 ShuffleBytes-EraseBytes-
#5730	REDUCE cov: 122 ft: 523 corp: 64/10454b lim: 333 exec/s: 0 rss: 29Mb L: 89/333 MS: 2 ChangeASCIIInt-EraseBytes-
#5756	REDUCE cov: 122 ft: 523 corp: 64/10414b lim: 333 exec/s: 0 rss: 29Mb L: 94/333 MS: 1 EraseBytes-
#5859	REDUCE cov: 122 ft: 523 corp: 64/10398b lim: 333 exec/s: 0 rss: 29Mb L: 259/333 MS: 3 PersAutoDict-ChangeBit-EraseBytes- DE: "\377\377^5\304&\017\352"-
#5903	REDUCE cov: 122 ft: 523 corp: 64/10397b lim: 333 exec/s: 0 rss: 29Mb L: 168/333 MS: 4 ChangeBit-EraseBytes-ChangeByte-InsertRepeatedBytes-
#5920	REDUCE cov: 122 ft: 524 corp: 65/10657b lim: 333 exec/s: 0 rss: 29Mb L: 260/333 MS: 2 ChangeByte-EraseBytes-
#5987	REDUCE cov: 122 ft: 524 corp: 65/10651b lim: 333 exec/s: 0 rss: 29Mb L: 83/333 MS: 2 InsertByte-EraseBytes-
#6068	REDUCE cov: 122 ft: 524 corp: 65/10650b lim: 333 exec/s: 0 rss: 29Mb L: 20/333 MS: 1 EraseBytes-
#6237	REDUCE cov: 122 ft: 524 corp: 65/10610b lim: 333 exec/s: 0 rss: 29Mb L: 219/333 MS: 4 ChangeASCIIInt-ChangeBinInt-PersAutoDict-EraseBytes- DE: "hvc1"-
#6249	REDUCE cov: 122 ft: 524 corp: 65/10609b lim: 333 exec/s: 0 rss: 29Mb L: 48/333 MS: 2 ChangeBit-EraseBytes-
#6305	NEW    cov: 122 ft: 525 corp: 66/10876b lim: 333 exec/s: 6305 rss: 29Mb L: 267/333 MS: 1 CopyPart-
#6331	REDUCE cov: 122 ft: 525 corp: 66/10868b lim: 333 exec/s: 6331 rss: 29Mb L: 119/333 MS: 1 EraseBytes-
#6334	REDUCE cov: 122 ft: 525 corp: 66/10853b lim: 333 exec/s: 6334 rss: 29Mb L: 272/333 MS: 3 InsertRepeatedBytes-EraseBytes-InsertRepeatedBytes-
#6376	REDUCE cov: 122 ft: 525 corp: 66/10797b lim: 333 exec/s: 6376 rss: 29Mb L: 204/333 MS: 2 EraseBytes-InsertByte-
#6392	REDUCE cov: 122 ft: 525 corp: 66/10795b lim: 333 exec/s: 6392 rss: 29Mb L: 290/333 MS: 1 EraseBytes-
#6557	REDUCE cov: 122 ft: 525 corp: 66/10792b lim: 333 exec/s: 6557 rss: 29Mb L: 49/333 MS: 5 PersAutoDict-CopyPart-EraseBytes-CMP-PersAutoDict- DE: "\377\377^5\304&\017\352"-"5\000"-"\377\377^5\304&\017\352"-
#6572	REDUCE cov: 122 ft: 525 corp: 66/10763b lim: 333 exec/s: 6572 rss: 29Mb L: 190/333 MS: 5 ChangeByte-ShuffleBytes-ChangeASCIIInt-CopyPart-EraseBytes-
#6775	REDUCE cov: 122 ft: 525 corp: 66/10674b lim: 333 exec/s: 6775 rss: 29Mb L: 244/333 MS: 3 ShuffleBytes-ChangeByte-EraseBytes-
#6930	REDUCE cov: 122 ft: 525 corp: 66/10657b lim: 333 exec/s: 6930 rss: 29Mb L: 31/333 MS: 5 InsertByte-EraseBytes-EraseBytes-CMP-ChangeBit- DE: "\220.\006\210ir\000\000"-
#7067	REDUCE cov: 122 ft: 525 corp: 66/10636b lim: 333 exec/s: 7067 rss: 29Mb L: 28/333 MS: 2 ShuffleBytes-EraseBytes-
#7448	REDUCE cov: 123 ft: 526 corp: 67/10914b lim: 333 exec/s: 7448 rss: 29Mb L: 278/333 MS: 1 PersAutoDict- DE: "5\000"-
#7461	REDUCE cov: 123 ft: 526 corp: 67/10912b lim: 333 exec/s: 7461 rss: 29Mb L: 154/333 MS: 3 EraseBytes-CrossOver-CMP- DE: "\377\377qi\210\006\2220"-
#7589	REDUCE cov: 123 ft: 526 corp: 67/10911b lim: 333 exec/s: 7589 rss: 29Mb L: 10/333 MS: 3 ChangeBit-CMP-EraseBytes- DE: "\000\000\000 "-
#7592	REDUCE cov: 123 ft: 526 corp: 67/10852b lim: 333 exec/s: 7592 rss: 29Mb L: 88/333 MS: 3 CrossOver-PersAutoDict-EraseBytes- DE: "\377\377\377\037"-
#7643	REDUCE cov: 123 ft: 526 corp: 67/10845b lim: 333 exec/s: 7643 rss: 29Mb L: 24/333 MS: 1 EraseBytes-
#7696	REDUCE cov: 123 ft: 526 corp: 67/10820b lim: 333 exec/s: 7696 rss: 29Mb L: 58/333 MS: 3 ChangeByte-CMP-EraseBytes- DE: "moof"-
#7895	REDUCE cov: 123 ft: 527 corp: 68/11018b lim: 333 exec/s: 7895 rss: 29Mb L: 198/333 MS: 4 CMP-ChangeBit-ChangeBit-CopyPart- DE: "\225\240\003\210ir\000\000"-
#7922	REDUCE cov: 123 ft: 527 corp: 68/11009b lim: 333 exec/s: 7922 rss: 29Mb L: 19/333 MS: 2 InsertByte-EraseBytes-
#8014	REDUCE cov: 123 ft: 527 corp: 68/11008b lim: 333 exec/s: 8014 rss: 29Mb L: 8/333 MS: 2 ShuffleBytes-EraseBytes-
#8164	REDUCE cov: 123 ft: 527 corp: 68/11005b lim: 333 exec/s: 8164 rss: 29Mb L: 32/333 MS: 5 ChangeBinInt-InsertByte-ChangeBinInt-ChangeBit-EraseBytes-
#8345	REDUCE cov: 123 ft: 528 corp: 69/11269b lim: 333 exec/s: 8345 rss: 29Mb L: 264/333 MS: 1 EraseBytes-
#8381	REDUCE cov: 123 ft: 528 corp: 69/11254b lim: 333 exec/s: 8381 rss: 29Mb L: 71/333 MS: 1 EraseBytes-
#8558	REDUCE cov: 123 ft: 528 corp: 69/11246b lim: 333 exec/s: 8558 rss: 29Mb L: 11/333 MS: 2 ChangeByte-EraseBytes-
#8590	REDUCE cov: 123 ft: 528 corp: 69/11240b lim: 333 exec/s: 8590 rss: 29Mb L: 26/333 MS: 2 ChangeByte-EraseBytes-
#8706	REDUCE cov: 123 ft: 528 corp: 69/11238b lim: 333 exec/s: 8706 rss: 29Mb L: 18/333 MS: 1 EraseBytes-
#8707	REDUCE cov: 123 ft: 528 corp: 69/11206b lim: 333 exec/s: 8707 rss: 29Mb L: 246/333 MS: 1 CrossOver-
#8728	REDUCE cov: 123 ft: 528 corp: 69/11204b lim: 333 exec/s: 8728 rss: 29Mb L: 24/333 MS: 1 EraseBytes-
#8859	REDUCE cov: 123 ft: 528 corp: 69/11114b lim: 333 exec/s: 8859 rss: 29Mb L: 203/333 MS: 1 EraseBytes-
#8875	REDUCE cov: 123 ft: 528 corp: 69/11111b lim: 333 exec/s: 8875 rss: 29Mb L: 273/333 MS: 1 EraseBytes-
#8876	REDUCE cov: 123 ft: 528 corp: 69/11110b lim: 333 exec/s: 8876 rss: 29Mb L: 202/333 MS: 1 CrossOver-
==366385== ERROR: libFuzzer: out-of-memory (used: 2457Mb; limit: 1024Mb)
   To change the out-of-memory limit use -rss_limit_mb=<N>

MS: 1 CopyPart-; base unit: de63f10964a0b85894d5e717f2b55bb65f06ca22
0x0,0x0,0x0,0x18,0x66,0x74,0x79,0x70,0x2a,0x73,0x6f,0x6d,0x0,0x0,0x0,0x0,0x0,0x0,0x0,0x0,0xff,0xff,0xff,0x1f,0x0,0x0,0x0,0x1,0x0,0xff,0xff,0x1f,0x0,0x0,0x0,0x1,0x0,0x0,0x0,0x2,0x0,0x0,0x0,0x0,0x0,0x0,0x0,0x0,0x0,0x1,0x0,0x0,0x0,0x0,0x0,0x0,0xe,0x10,0x0,0x0,0x0,0x0,0x0,0x0,0x0,0x0,0x0,0x0,0x0,0x0,0x0,0x1,0x0,0x0,0x0,0x0,0x0,0x0,0x20,0x6d,0x64,0x68,0x64,0x0,0x0,0x0,0x0,0x0,0x0,0x0,0x6e,0x64,0xc0,0x65,0x0,0x0,0x2,0x0,0x0,0x0,0x0,0x0,0x0,0x0,0x0,0x0,0x1,0x0,0x0,0x0,0x0,0x0,0x0,0xe,0x10,0x0,0x0,0x0,0x0,0x0,0x0,0x0,0x0,0x0,0x0,0x0,0x0,0x0,0x1,0x0,0x0,0x0,0x0,0x0,0x0,0x20,0x6d,0x64,0x68,0x64,0x0,0x0,0x0,0x0,0x0,0x0,0x0,0x6e,0x64,0xc0,0x65,0x72,0x0,
\000\000\000\030ftyp*som\000\000\000\000\000\000\000\000\377\377\377\037\000\000\000\001\000\377\377\037\000\000\000\001\000\000\000\002\000\000\000\000\000\000\000\000\000\001\000\000\000\000\000\000\016\020\000\000\000\000\000\000\000\000\000\000\000\000\000\001\000\000\000\000\000\000 mdhd\000\000\000\000\000\000\000nd\300e\000\000\002\000\000\000\000\000\000\000\000\000\001\000\000\000\000\000\000\016\020\000\000\000\000\000\000\000\000\000\000\000\000\000\001\000\000\000\000\000\000 mdhd\000\000\000\000\000\000\000nd\300er\000
artifact_prefix='/results/crashes/20260313_161716_e0ff2485_'; Test unit written to /results/crashes/20260313_161716_e0ff2485_oom-9f2ea026e45d35d82db433f5a379b45ff40d909d
Base64: AAAAGGZ0eXAqc29tAAAAAAAAAAD///8fAAAAAQD//x8AAAABAAAAAgAAAAAAAAAAAAEAAAAAAAAOEAAAAAAAAAAAAAAAAAABAAAAAAAAIG1kaGQAAAAAAAAAbmTAZQAAAgAAAAAAAAAAAAEAAAAAAAAOEAAAAAAAAAAAAAAAAAABAAAAAAAAIG1kaGQAAAAAAAAAbmTAZXIA
SUMMARY: libFuzzer: out-of-memory
stat::number_of_executed_units: 8947
stat::average_exec_per_sec:     2982
stat::new_units_added:          158
stat::slowest_unit_time_sec:    0
stat::peak_rss_mb:              2461
