INFO: Running with entropic power schedule (0xFF, 100).
INFO: Seed: 3441201722
INFO: Loaded 1 modules   (252 inline 8-bit counters): 252 [0x5d2141f43678, 0x5d2141f43774), 
INFO: Loaded 1 PC tables (252 PCs): 252 [0x5d2141f43778,0x5d2141f44738), 
INFO:        4 files found in /tmp/corpus_20260313_180522_dc5d8e1a
INFO: seed corpus: files: 4 min: 48b max: 333b total: 853b rss: 28Mb
#5	INITED cov: 117 ft: 252 corp: 4/853b exec/s: 0 rss: 29Mb
#9	NEW    cov: 117 ft: 257 corp: 5/901b lim: 333 exec/s: 0 rss: 29Mb L: 48/333 MS: 4 ChangeASCIIInt-CrossOver-ChangeBit-ShuffleBytes-
#11	NEW    cov: 117 ft: 282 corp: 6/997b lim: 333 exec/s: 0 rss: 29Mb L: 96/333 MS: 2 ChangeByte-InsertRepeatedBytes-
#12	NEW    cov: 117 ft: 283 corp: 7/1330b lim: 333 exec/s: 0 rss: 29Mb L: 333/333 MS: 1 ChangeBit-
#13	NEW    cov: 117 ft: 301 corp: 8/1378b lim: 333 exec/s: 0 rss: 29Mb L: 48/333 MS: 1 CopyPart-
#16	NEW    cov: 117 ft: 307 corp: 9/1550b lim: 333 exec/s: 0 rss: 29Mb L: 172/333 MS: 3 CMP-ChangeByte-CopyPart- DE: "\377\377\377\007"-
#18	NEW    cov: 117 ft: 308 corp: 10/1772b lim: 333 exec/s: 0 rss: 29Mb L: 222/333 MS: 2 CopyPart-EraseBytes-
#21	NEW    cov: 117 ft: 310 corp: 11/1819b lim: 333 exec/s: 0 rss: 29Mb L: 47/333 MS: 3 ChangeBit-ChangeBit-EraseBytes-
#22	NEW    cov: 117 ft: 311 corp: 12/1928b lim: 333 exec/s: 0 rss: 29Mb L: 109/333 MS: 1 EraseBytes-
#24	NEW    cov: 117 ft: 316 corp: 13/2165b lim: 333 exec/s: 0 rss: 29Mb L: 237/333 MS: 2 ShuffleBytes-InsertRepeatedBytes-
#25	NEW    cov: 117 ft: 317 corp: 14/2487b lim: 333 exec/s: 0 rss: 29Mb L: 322/333 MS: 1 InsertRepeatedBytes-
#28	NEW    cov: 118 ft: 326 corp: 15/2820b lim: 333 exec/s: 0 rss: 29Mb L: 333/333 MS: 3 ShuffleBytes-ShuffleBytes-CMP- DE: "\377\377\377\377\377\377\377\017"-
#29	NEW    cov: 118 ft: 327 corp: 16/3119b lim: 333 exec/s: 0 rss: 29Mb L: 299/333 MS: 1 InsertRepeatedBytes-
#30	NEW    cov: 118 ft: 328 corp: 17/3253b lim: 333 exec/s: 0 rss: 29Mb L: 134/333 MS: 1 CrossOver-
#32	NEW    cov: 118 ft: 330 corp: 18/3304b lim: 333 exec/s: 0 rss: 29Mb L: 51/333 MS: 2 ChangeByte-PersAutoDict- DE: "\377\377\377\007"-
#39	NEW    cov: 118 ft: 331 corp: 19/3344b lim: 333 exec/s: 0 rss: 29Mb L: 40/333 MS: 2 PersAutoDict-EraseBytes- DE: "\377\377\377\377\377\377\377\017"-
#42	NEW    cov: 118 ft: 362 corp: 20/3453b lim: 333 exec/s: 0 rss: 29Mb L: 109/333 MS: 3 PersAutoDict-ChangeBit-ChangeBit- DE: "\377\377\377\377\377\377\377\017"-
#43	NEW    cov: 118 ft: 363 corp: 21/3705b lim: 333 exec/s: 0 rss: 29Mb L: 252/333 MS: 1 ChangeByte-
#54	NEW    cov: 118 ft: 364 corp: 22/3822b lim: 333 exec/s: 0 rss: 29Mb L: 117/333 MS: 1 PersAutoDict- DE: "\377\377\377\377\377\377\377\017"-
#61	NEW    cov: 118 ft: 366 corp: 23/3978b lim: 333 exec/s: 0 rss: 29Mb L: 156/333 MS: 2 ChangeBit-CrossOver-
#65	NEW    cov: 119 ft: 368 corp: 24/4307b lim: 333 exec/s: 0 rss: 29Mb L: 329/333 MS: 4 CMP-ChangeBinInt-InsertRepeatedBytes-CopyPart- DE: "\000\000]!u\234\206P"-
#79	NEW    cov: 119 ft: 369 corp: 25/4368b lim: 333 exec/s: 0 rss: 29Mb L: 61/333 MS: 4 ChangeASCIIInt-ChangeByte-ChangeBinInt-InsertRepeatedBytes-
#84	NEW    cov: 119 ft: 380 corp: 26/4391b lim: 333 exec/s: 0 rss: 29Mb L: 23/333 MS: 5 CrossOver-CrossOver-ChangeBinInt-InsertRepeatedBytes-EraseBytes-
#86	NEW    cov: 119 ft: 381 corp: 27/4724b lim: 333 exec/s: 0 rss: 29Mb L: 333/333 MS: 2 CopyPart-CopyPart-
#93	NEW    cov: 119 ft: 382 corp: 28/4870b lim: 333 exec/s: 0 rss: 29Mb L: 146/333 MS: 2 ChangeByte-InsertRepeatedBytes-
#96	NEW    cov: 119 ft: 388 corp: 29/5027b lim: 333 exec/s: 0 rss: 29Mb L: 157/333 MS: 3 ShuffleBytes-ShuffleBytes-InsertByte-
#103	NEW    cov: 120 ft: 390 corp: 30/5265b lim: 333 exec/s: 0 rss: 29Mb L: 238/333 MS: 2 InsertByte-CopyPart-
#108	NEW    cov: 120 ft: 391 corp: 31/5343b lim: 333 exec/s: 0 rss: 29Mb L: 78/333 MS: 5 ChangeBit-InsertRepeatedBytes-InsertRepeatedBytes-ShuffleBytes-EraseBytes-
#119	NEW    cov: 121 ft: 392 corp: 32/5636b lim: 333 exec/s: 0 rss: 29Mb L: 293/333 MS: 1 CrossOver-
#124	NEW    cov: 121 ft: 393 corp: 33/5726b lim: 333 exec/s: 0 rss: 29Mb L: 90/333 MS: 5 ChangeBit-ChangeByte-EraseBytes-CopyPart-EraseBytes-
#128	NEW    cov: 121 ft: 394 corp: 34/5998b lim: 333 exec/s: 0 rss: 29Mb L: 272/333 MS: 4 ChangeBinInt-ShuffleBytes-CopyPart-InsertRepeatedBytes-
#136	NEW    cov: 121 ft: 395 corp: 35/6060b lim: 333 exec/s: 0 rss: 29Mb L: 62/333 MS: 3 ChangeByte-InsertRepeatedBytes-EraseBytes-
#145	NEW    cov: 121 ft: 396 corp: 36/6279b lim: 333 exec/s: 0 rss: 29Mb L: 219/333 MS: 4 CMP-CrossOver-EraseBytes-InsertRepeatedBytes- DE: "hvcC"-
#154	NEW    cov: 121 ft: 397 corp: 37/6435b lim: 333 exec/s: 0 rss: 29Mb L: 156/333 MS: 4 CopyPart-ShuffleBytes-CrossOver-InsertByte-
#164	NEW    cov: 121 ft: 398 corp: 38/6649b lim: 333 exec/s: 0 rss: 29Mb L: 214/333 MS: 5 InsertRepeatedBytes-ChangeBit-ChangeByte-CrossOver-InsertByte-
#193	NEW    cov: 121 ft: 399 corp: 39/6803b lim: 333 exec/s: 0 rss: 29Mb L: 154/333 MS: 4 PersAutoDict-ChangeBit-ShuffleBytes-EraseBytes- DE: "hvcC"-
#198	NEW    cov: 121 ft: 420 corp: 40/6830b lim: 333 exec/s: 0 rss: 29Mb L: 27/333 MS: 5 CrossOver-PersAutoDict-InsertRepeatedBytes-CrossOver-EraseBytes- DE: "hvcC"-
#225	NEW    cov: 121 ft: 421 corp: 41/7047b lim: 333 exec/s: 0 rss: 29Mb L: 217/333 MS: 2 CopyPart-InsertRepeatedBytes-
#226	NEW    cov: 121 ft: 422 corp: 42/7121b lim: 333 exec/s: 0 rss: 29Mb L: 74/333 MS: 1 CrossOver-
#240	NEW    cov: 121 ft: 433 corp: 43/7333b lim: 333 exec/s: 0 rss: 29Mb L: 212/333 MS: 4 ChangeBinInt-InsertByte-InsertRepeatedBytes-EraseBytes-
#243	NEW    cov: 121 ft: 434 corp: 44/7407b lim: 333 exec/s: 0 rss: 29Mb L: 74/333 MS: 3 ShuffleBytes-ChangeASCIIInt-EraseBytes-
#279	NEW    cov: 122 ft: 435 corp: 45/7519b lim: 333 exec/s: 0 rss: 29Mb L: 112/333 MS: 1 CrossOver-
#282	NEW    cov: 122 ft: 436 corp: 46/7852b lim: 333 exec/s: 0 rss: 29Mb L: 333/333 MS: 3 PersAutoDict-ShuffleBytes-CopyPart- DE: "\000\000]!u\234\206P"-
#336	NEW    cov: 122 ft: 442 corp: 47/8179b lim: 333 exec/s: 0 rss: 29Mb L: 327/333 MS: 4 CopyPart-EraseBytes-InsertByte-CrossOver-
#360	REDUCE cov: 122 ft: 442 corp: 47/8123b lim: 333 exec/s: 0 rss: 29Mb L: 100/333 MS: 4 PersAutoDict-InsertByte-PersAutoDict-CrossOver- DE: "hvcC"-"\377\377\377\377\377\377\377\017"-
#397	NEW    cov: 122 ft: 451 corp: 48/8138b lim: 333 exec/s: 0 rss: 29Mb L: 15/333 MS: 2 CopyPart-CrossOver-
#399	REDUCE cov: 122 ft: 451 corp: 48/8134b lim: 333 exec/s: 0 rss: 29Mb L: 19/333 MS: 2 ChangeBit-EraseBytes-
#406	REDUCE cov: 122 ft: 451 corp: 48/8062b lim: 333 exec/s: 0 rss: 29Mb L: 165/333 MS: 2 ChangeByte-EraseBytes-
#408	NEW    cov: 122 ft: 455 corp: 49/8365b lim: 333 exec/s: 0 rss: 29Mb L: 303/333 MS: 2 EraseBytes-CrossOver-
#437	NEW    cov: 122 ft: 456 corp: 50/8693b lim: 333 exec/s: 0 rss: 29Mb L: 328/333 MS: 4 ChangeByte-CrossOver-CopyPart-CMP- DE: "urn "-
#443	NEW    cov: 122 ft: 457 corp: 51/9022b lim: 333 exec/s: 0 rss: 29Mb L: 329/333 MS: 1 CrossOver-
#449	NEW    cov: 122 ft: 465 corp: 52/9037b lim: 333 exec/s: 0 rss: 29Mb L: 15/333 MS: 1 ChangeByte-
#477	REDUCE cov: 122 ft: 465 corp: 52/9016b lim: 333 exec/s: 0 rss: 29Mb L: 308/333 MS: 3 EraseBytes-ShuffleBytes-CopyPart-
#478	REDUCE cov: 122 ft: 465 corp: 52/8994b lim: 333 exec/s: 0 rss: 29Mb L: 250/333 MS: 1 EraseBytes-
#484	REDUCE cov: 122 ft: 465 corp: 52/8898b lim: 333 exec/s: 0 rss: 29Mb L: 116/333 MS: 1 EraseBytes-
#526	NEW    cov: 122 ft: 466 corp: 53/9166b lim: 333 exec/s: 0 rss: 29Mb L: 268/333 MS: 2 CopyPart-CrossOver-
#596	NEW    cov: 122 ft: 470 corp: 54/9458b lim: 333 exec/s: 0 rss: 29Mb L: 292/333 MS: 5 InsertRepeatedBytes-InsertRepeatedBytes-CrossOver-CMP-InsertRepeatedBytes- DE: "hvc1"-
#608	REDUCE cov: 122 ft: 470 corp: 54/9454b lim: 333 exec/s: 0 rss: 29Mb L: 329/333 MS: 2 ChangeBit-EraseBytes-
#619	REDUCE cov: 122 ft: 470 corp: 54/9449b lim: 333 exec/s: 0 rss: 29Mb L: 73/333 MS: 1 EraseBytes-
#621	REDUCE cov: 122 ft: 470 corp: 54/9407b lim: 333 exec/s: 0 rss: 29Mb L: 172/333 MS: 2 CrossOver-EraseBytes-
#633	NEW    cov: 122 ft: 471 corp: 55/9594b lim: 333 exec/s: 0 rss: 29Mb L: 187/333 MS: 2 ChangeASCIIInt-CopyPart-
#634	NEW    cov: 122 ft: 472 corp: 56/9869b lim: 333 exec/s: 0 rss: 29Mb L: 275/333 MS: 1 InsertRepeatedBytes-
#686	NEW    cov: 122 ft: 474 corp: 57/10126b lim: 333 exec/s: 0 rss: 29Mb L: 257/333 MS: 2 ChangeBit-InsertRepeatedBytes-
#762	REDUCE cov: 122 ft: 474 corp: 57/10110b lim: 333 exec/s: 0 rss: 29Mb L: 206/333 MS: 1 EraseBytes-
#771	NEW    cov: 122 ft: 475 corp: 58/10126b lim: 333 exec/s: 0 rss: 29Mb L: 16/333 MS: 4 ShuffleBytes-InsertByte-CopyPart-ChangeBinInt-
#842	NEW    cov: 123 ft: 476 corp: 59/10128b lim: 333 exec/s: 0 rss: 29Mb L: 2/333 MS: 1 CrossOver-
#882	REDUCE cov: 123 ft: 476 corp: 59/10102b lim: 333 exec/s: 0 rss: 29Mb L: 83/333 MS: 5 EraseBytes-InsertByte-ChangeASCIIInt-ChangeByte-EraseBytes-
#894	NEW    cov: 123 ft: 477 corp: 60/10363b lim: 333 exec/s: 0 rss: 29Mb L: 261/333 MS: 2 ChangeBit-CMP- DE: "\007\000\000\000"-
#1024	REDUCE cov: 123 ft: 477 corp: 60/10291b lim: 333 exec/s: 0 rss: 29Mb L: 145/333 MS: 5 CopyPart-EraseBytes-PersAutoDict-InsertByte-CopyPart- DE: "hvcC"-
#1113	REDUCE cov: 123 ft: 477 corp: 60/10289b lim: 333 exec/s: 0 rss: 29Mb L: 49/333 MS: 4 ChangeASCIIInt-CMP-CopyPart-EraseBytes- DE: "ipro"-
#1139	REDUCE cov: 123 ft: 477 corp: 60/10285b lim: 333 exec/s: 0 rss: 29Mb L: 215/333 MS: 1 EraseBytes-
#1141	REDUCE cov: 123 ft: 477 corp: 60/10284b lim: 333 exec/s: 0 rss: 29Mb L: 18/333 MS: 2 ShuffleBytes-EraseBytes-
#1169	REDUCE cov: 123 ft: 477 corp: 60/10249b lim: 333 exec/s: 0 rss: 29Mb L: 258/333 MS: 3 EraseBytes-ChangeByte-CopyPart-
#1276	NEW    cov: 123 ft: 482 corp: 61/10582b lim: 333 exec/s: 0 rss: 29Mb L: 333/333 MS: 2 ShuffleBytes-PersAutoDict- DE: "urn "-
#1281	REDUCE cov: 123 ft: 482 corp: 61/10534b lim: 333 exec/s: 0 rss: 29Mb L: 109/333 MS: 5 CrossOver-ShuffleBytes-CrossOver-ShuffleBytes-InsertRepeatedBytes-
#1308	REDUCE cov: 123 ft: 482 corp: 61/10506b lim: 333 exec/s: 0 rss: 29Mb L: 178/333 MS: 2 ChangeBit-EraseBytes-
#1374	REDUCE cov: 123 ft: 482 corp: 61/10457b lim: 333 exec/s: 0 rss: 29Mb L: 209/333 MS: 1 CrossOver-
#1403	REDUCE cov: 123 ft: 482 corp: 61/10451b lim: 333 exec/s: 0 rss: 29Mb L: 297/333 MS: 4 ChangeByte-ShuffleBytes-EraseBytes-CopyPart-
#1426	REDUCE cov: 123 ft: 482 corp: 61/10381b lim: 333 exec/s: 0 rss: 29Mb L: 139/333 MS: 3 ChangeBit-CopyPart-CrossOver-
#1508	NEW    cov: 123 ft: 485 corp: 62/10637b lim: 333 exec/s: 0 rss: 29Mb L: 256/333 MS: 2 ChangeByte-CMP- DE: "moof"-
#1512	REDUCE cov: 123 ft: 485 corp: 62/10594b lim: 333 exec/s: 0 rss: 29Mb L: 286/333 MS: 4 InsertRepeatedBytes-ChangeBit-PersAutoDict-EraseBytes- DE: "moof"-
#1566	NEW    cov: 123 ft: 486 corp: 63/10861b lim: 333 exec/s: 0 rss: 29Mb L: 267/333 MS: 4 ChangeBit-CrossOver-EraseBytes-InsertRepeatedBytes-
#1592	REDUCE cov: 123 ft: 486 corp: 63/10856b lim: 333 exec/s: 0 rss: 29Mb L: 11/333 MS: 1 EraseBytes-
#1678	REDUCE cov: 123 ft: 486 corp: 63/10850b lim: 333 exec/s: 0 rss: 29Mb L: 9/333 MS: 1 EraseBytes-
#1770	REDUCE cov: 123 ft: 486 corp: 63/10830b lim: 333 exec/s: 0 rss: 29Mb L: 89/333 MS: 2 ChangeBinInt-EraseBytes-
#1812	REDUCE cov: 123 ft: 486 corp: 63/10828b lim: 333 exec/s: 0 rss: 29Mb L: 143/333 MS: 2 ChangeBit-EraseBytes-
#1833	REDUCE cov: 123 ft: 486 corp: 63/10821b lim: 333 exec/s: 0 rss: 29Mb L: 93/333 MS: 1 EraseBytes-
#1858	REDUCE cov: 123 ft: 486 corp: 63/10803b lim: 333 exec/s: 0 rss: 29Mb L: 147/333 MS: 5 CrossOver-CrossOver-ChangeBinInt-ChangeByte-EraseBytes-
#1882	NEW    cov: 123 ft: 499 corp: 64/11015b lim: 333 exec/s: 0 rss: 29Mb L: 212/333 MS: 4 InsertRepeatedBytes-CrossOver-ShuffleBytes-CMP- DE: "pixi"-
#1893	REDUCE cov: 123 ft: 499 corp: 64/11012b lim: 333 exec/s: 0 rss: 29Mb L: 37/333 MS: 1 EraseBytes-
#1919	REDUCE cov: 123 ft: 499 corp: 64/11001b lim: 333 exec/s: 0 rss: 29Mb L: 98/333 MS: 1 EraseBytes-
#1921	REDUCE cov: 123 ft: 499 corp: 64/10987b lim: 333 exec/s: 0 rss: 29Mb L: 75/333 MS: 2 EraseBytes-InsertByte-
#1948	REDUCE cov: 123 ft: 499 corp: 64/10954b lim: 333 exec/s: 0 rss: 29Mb L: 65/333 MS: 2 PersAutoDict-CrossOver- DE: "pixi"-
#2044	REDUCE cov: 123 ft: 499 corp: 64/10932b lim: 333 exec/s: 0 rss: 29Mb L: 305/333 MS: 1 EraseBytes-
#2103	REDUCE cov: 123 ft: 499 corp: 64/10923b lim: 333 exec/s: 0 rss: 29Mb L: 147/333 MS: 4 CopyPart-InsertByte-PersAutoDict-EraseBytes- DE: "\377\377\377\007"-
#2123	REDUCE cov: 123 ft: 499 corp: 64/10834b lim: 333 exec/s: 0 rss: 29Mb L: 244/333 MS: 5 CrossOver-ChangeBit-CrossOver-PersAutoDict-EraseBytes- DE: "hvcC"-
#2152	REDUCE cov: 123 ft: 499 corp: 64/10833b lim: 333 exec/s: 0 rss: 29Mb L: 291/333 MS: 4 ChangeByte-PersAutoDict-CMP-EraseBytes- DE: "ipro"-"ftyp"-
#2157	REDUCE cov: 123 ft: 499 corp: 64/10832b lim: 333 exec/s: 0 rss: 29Mb L: 1/333 MS: 5 InsertByte-ChangeByte-ShuffleBytes-EraseBytes-EraseBytes-
#2270	REDUCE cov: 123 ft: 499 corp: 64/10828b lim: 333 exec/s: 0 rss: 29Mb L: 57/333 MS: 3 CrossOver-CopyPart-EraseBytes-
#2331	REDUCE cov: 123 ft: 499 corp: 64/10824b lim: 333 exec/s: 0 rss: 29Mb L: 11/333 MS: 1 EraseBytes-
#2392	NEW    cov: 123 ft: 500 corp: 65/11123b lim: 333 exec/s: 0 rss: 29Mb L: 299/333 MS: 1 CopyPart-
#2471	REDUCE cov: 123 ft: 500 corp: 65/11031b lim: 333 exec/s: 0 rss: 29Mb L: 160/333 MS: 4 PersAutoDict-InsertByte-PersAutoDict-EraseBytes- DE: "ftyp"-"\377\377\377\377\377\377\377\017"-
#2606	NEW    cov: 123 ft: 505 corp: 66/11305b lim: 333 exec/s: 0 rss: 29Mb L: 274/333 MS: 5 ChangeBit-InsertByte-ChangeByte-InsertRepeatedBytes-PersAutoDict- DE: "pixi"-
#2607	REDUCE cov: 123 ft: 505 corp: 66/11282b lim: 333 exec/s: 0 rss: 29Mb L: 70/333 MS: 1 EraseBytes-
#2613	REDUCE cov: 123 ft: 505 corp: 66/11238b lim: 333 exec/s: 0 rss: 29Mb L: 103/333 MS: 1 EraseBytes-
#2629	REDUCE cov: 123 ft: 505 corp: 66/11179b lim: 333 exec/s: 0 rss: 29Mb L: 153/333 MS: 1 EraseBytes-
#2640	REDUCE cov: 123 ft: 505 corp: 66/11163b lim: 333 exec/s: 0 rss: 29Mb L: 87/333 MS: 1 EraseBytes-
#2735	REDUCE cov: 123 ft: 505 corp: 66/11044b lim: 333 exec/s: 0 rss: 29Mb L: 214/333 MS: 5 ChangeBinInt-ChangeBinInt-ChangeByte-CopyPart-CrossOver-
#2867	REDUCE cov: 123 ft: 505 corp: 66/11043b lim: 333 exec/s: 0 rss: 29Mb L: 10/333 MS: 2 PersAutoDict-EraseBytes- DE: "hvcC"-
#3013	REDUCE cov: 123 ft: 505 corp: 66/11008b lim: 333 exec/s: 0 rss: 29Mb L: 52/333 MS: 1 EraseBytes-
#3051	REDUCE cov: 123 ft: 505 corp: 66/10992b lim: 333 exec/s: 0 rss: 29Mb L: 54/333 MS: 3 ChangeBit-ChangeByte-EraseBytes-
#3160	NEW    cov: 123 ft: 508 corp: 67/11098b lim: 333 exec/s: 0 rss: 29Mb L: 106/333 MS: 4 ChangeASCIIInt-ChangeASCIIInt-ChangeASCIIInt-EraseBytes-
#3181	REDUCE cov: 123 ft: 508 corp: 67/11097b lim: 333 exec/s: 0 rss: 29Mb L: 304/333 MS: 1 EraseBytes-
#3242	NEW    cov: 123 ft: 509 corp: 68/11175b lim: 333 exec/s: 0 rss: 29Mb L: 78/333 MS: 1 CMP- DE: "stts"-
#3419	REDUCE cov: 123 ft: 509 corp: 68/11174b lim: 333 exec/s: 0 rss: 29Mb L: 9/333 MS: 2 EraseBytes-CMP- DE: "schm"-
#3436	REDUCE cov: 123 ft: 509 corp: 68/11134b lim: 333 exec/s: 0 rss: 29Mb L: 76/333 MS: 2 CMP-EraseBytes- DE: "stts"-
#3525	REDUCE cov: 123 ft: 509 corp: 68/11117b lim: 333 exec/s: 0 rss: 29Mb L: 280/333 MS: 4 InsertByte-ShuffleBytes-CopyPart-CrossOver-
#3561	REDUCE cov: 123 ft: 509 corp: 68/11113b lim: 333 exec/s: 0 rss: 29Mb L: 70/333 MS: 1 EraseBytes-
#3639	REDUCE cov: 123 ft: 509 corp: 68/11112b lim: 333 exec/s: 0 rss: 29Mb L: 249/333 MS: 3 PersAutoDict-InsertRepeatedBytes-EraseBytes- DE: "ftyp"-
#3640	REDUCE cov: 123 ft: 509 corp: 68/11101b lim: 333 exec/s: 0 rss: 29Mb L: 54/333 MS: 1 EraseBytes-
#3656	REDUCE cov: 123 ft: 509 corp: 68/10966b lim: 333 exec/s: 0 rss: 29Mb L: 198/333 MS: 1 EraseBytes-
#3668	REDUCE cov: 123 ft: 509 corp: 68/10963b lim: 333 exec/s: 0 rss: 29Mb L: 8/333 MS: 2 CMP-EraseBytes- DE: "ipma"-
#3729	REDUCE cov: 123 ft: 509 corp: 68/10919b lim: 333 exec/s: 0 rss: 29Mb L: 109/333 MS: 1 EraseBytes-
#3743	NEW    cov: 123 ft: 515 corp: 69/11244b lim: 333 exec/s: 0 rss: 29Mb L: 325/333 MS: 4 InsertRepeatedBytes-InsertRepeatedBytes-ShuffleBytes-PersAutoDict- DE: "moof"-
==708805== ERROR: libFuzzer: out-of-memory (used: 2084Mb; limit: 1024Mb)
   To change the out-of-memory limit use -rss_limit_mb=<N>

MS: 5 CopyPart-ChangeBit-ChangeByte-ChangeBinInt-PersAutoDict- DE: "hvc1"-; base unit: a3e827d3634f700d6e47b825c8406586bf4473a2
artifact_prefix='/results/crashes/20260313_180522_dc5d8e1a_'; Test unit written to /results/crashes/20260313_180522_dc5d8e1a_oom-f3ea369d7128b2abf3e0b3cbdef9f2a22e3668d3
SUMMARY: libFuzzer: out-of-memory
stat::number_of_executed_units: 3758
stat::average_exec_per_sec:     1879
stat::new_units_added:          123
stat::slowest_unit_time_sec:    0
stat::peak_rss_mb:              2085
