INFO: Running with entropic power schedule (0xFF, 100).
INFO: Seed: 2659107117
INFO: Loaded 1 modules   (252 inline 8-bit counters): 252 [0x591943168678, 0x591943168774), 
INFO: Loaded 1 PC tables (252 PCs): 252 [0x591943168778,0x591943169738), 
INFO:        4 files found in /tmp/corpus_20260313_175916_e443dcf9
INFO: seed corpus: files: 4 min: 48b max: 333b total: 853b rss: 28Mb
#5	INITED cov: 116 ft: 249 corp: 4/853b exec/s: 0 rss: 29Mb
#8	NEW    cov: 117 ft: 251 corp: 5/1094b lim: 333 exec/s: 0 rss: 29Mb L: 241/333 MS: 3 ShuffleBytes-ShuffleBytes-InsertRepeatedBytes-
#12	NEW    cov: 118 ft: 253 corp: 6/1302b lim: 333 exec/s: 0 rss: 29Mb L: 208/333 MS: 4 ChangeByte-ChangeBit-ChangeBinInt-EraseBytes-
#13	REDUCE cov: 118 ft: 253 corp: 6/1299b lim: 333 exec/s: 0 rss: 29Mb L: 205/333 MS: 1 EraseBytes-
#14	NEW    cov: 118 ft: 280 corp: 7/1348b lim: 333 exec/s: 0 rss: 29Mb L: 49/333 MS: 1 InsertByte-
#17	NEW    cov: 118 ft: 281 corp: 8/1561b lim: 333 exec/s: 0 rss: 29Mb L: 213/333 MS: 3 CopyPart-ChangeBinInt-EraseBytes-
#18	NEW    cov: 118 ft: 283 corp: 9/1894b lim: 333 exec/s: 0 rss: 29Mb L: 333/333 MS: 1 CopyPart-
#19	NEW    cov: 118 ft: 298 corp: 10/2115b lim: 333 exec/s: 0 rss: 29Mb L: 221/333 MS: 1 InsertByte-
#20	NEW    cov: 118 ft: 299 corp: 11/2163b lim: 333 exec/s: 0 rss: 29Mb L: 48/333 MS: 1 ShuffleBytes-
#25	NEW    cov: 118 ft: 300 corp: 12/2386b lim: 333 exec/s: 0 rss: 29Mb L: 223/333 MS: 5 InsertByte-CrossOver-ChangeBinInt-ShuffleBytes-EraseBytes-
#27	NEW    cov: 118 ft: 302 corp: 13/2599b lim: 333 exec/s: 0 rss: 29Mb L: 213/333 MS: 2 CopyPart-CopyPart-
#29	NEW    cov: 118 ft: 303 corp: 14/2841b lim: 333 exec/s: 0 rss: 29Mb L: 242/333 MS: 2 ChangeByte-InsertByte-
#31	NEW    cov: 118 ft: 307 corp: 15/3160b lim: 333 exec/s: 0 rss: 29Mb L: 319/333 MS: 2 EraseBytes-InsertRepeatedBytes-
#40	NEW    cov: 118 ft: 308 corp: 16/3333b lim: 333 exec/s: 0 rss: 29Mb L: 173/333 MS: 4 EraseBytes-EraseBytes-InsertByte-InsertByte-
#52	NEW    cov: 118 ft: 319 corp: 17/3396b lim: 333 exec/s: 0 rss: 29Mb L: 63/333 MS: 2 CrossOver-InsertByte-
#53	NEW    cov: 119 ft: 320 corp: 18/3729b lim: 333 exec/s: 0 rss: 29Mb L: 333/333 MS: 1 ChangeBinInt-
#56	NEW    cov: 119 ft: 321 corp: 19/4046b lim: 333 exec/s: 0 rss: 29Mb L: 317/333 MS: 3 CMP-CopyPart-CrossOver- DE: "St13runtime_"-
#58	NEW    cov: 119 ft: 322 corp: 20/4203b lim: 333 exec/s: 0 rss: 29Mb L: 157/333 MS: 2 ChangeBit-InsertRepeatedBytes-
#60	NEW    cov: 119 ft: 329 corp: 21/4448b lim: 333 exec/s: 0 rss: 29Mb L: 245/333 MS: 2 CrossOver-ChangeBinInt-
#61	NEW    cov: 120 ft: 331 corp: 22/4758b lim: 333 exec/s: 0 rss: 29Mb L: 310/333 MS: 1 CrossOver-
#67	NEW    cov: 120 ft: 375 corp: 23/4787b lim: 333 exec/s: 0 rss: 29Mb L: 29/333 MS: 1 EraseBytes-
#77	NEW    cov: 120 ft: 376 corp: 24/5043b lim: 333 exec/s: 0 rss: 29Mb L: 256/333 MS: 5 ChangeByte-InsertByte-ChangeASCIIInt-ChangeBinInt-InsertRepeatedBytes-
#80	NEW    cov: 120 ft: 377 corp: 25/5226b lim: 333 exec/s: 0 rss: 29Mb L: 183/333 MS: 3 EraseBytes-InsertRepeatedBytes-CrossOver-
#84	NEW    cov: 120 ft: 386 corp: 26/5336b lim: 333 exec/s: 0 rss: 29Mb L: 110/333 MS: 4 ChangeBinInt-CMP-InsertByte-CrossOver- DE: "_\231-r\031Y\000\000"-
#100	NEW    cov: 120 ft: 387 corp: 27/5384b lim: 333 exec/s: 0 rss: 29Mb L: 48/333 MS: 1 CopyPart-
#147	NEW    cov: 120 ft: 394 corp: 28/5475b lim: 333 exec/s: 0 rss: 29Mb L: 91/333 MS: 2 ChangeBinInt-CrossOver-
#149	REDUCE cov: 120 ft: 394 corp: 28/5473b lim: 333 exec/s: 0 rss: 29Mb L: 46/333 MS: 2 CMP-EraseBytes- DE: "\003\000\000\000\001\000\000\000"-
#170	NEW    cov: 120 ft: 395 corp: 29/5548b lim: 333 exec/s: 0 rss: 29Mb L: 75/333 MS: 1 PersAutoDict- DE: "St13runtime_"-
#171	NEW    cov: 120 ft: 397 corp: 30/5665b lim: 333 exec/s: 0 rss: 29Mb L: 117/333 MS: 1 EraseBytes-
#178	NEW    cov: 120 ft: 398 corp: 31/5998b lim: 333 exec/s: 0 rss: 29Mb L: 333/333 MS: 2 ChangeByte-CMP- DE: "\010\000"-
#202	NEW    cov: 120 ft: 400 corp: 32/6032b lim: 333 exec/s: 0 rss: 29Mb L: 34/333 MS: 4 ShuffleBytes-ChangeASCIIInt-InsertRepeatedBytes-EraseBytes-
#215	NEW    cov: 121 ft: 401 corp: 33/6289b lim: 333 exec/s: 0 rss: 29Mb L: 257/333 MS: 3 ChangeByte-ChangeBit-CrossOver-
#234	REDUCE cov: 121 ft: 401 corp: 33/6262b lim: 333 exec/s: 0 rss: 29Mb L: 292/333 MS: 4 ShuffleBytes-ShuffleBytes-EraseBytes-ChangeBit-
#242	NEW    cov: 121 ft: 417 corp: 34/6283b lim: 333 exec/s: 0 rss: 29Mb L: 21/333 MS: 3 InsertByte-ShuffleBytes-EraseBytes-
#265	REDUCE cov: 121 ft: 426 corp: 35/6575b lim: 333 exec/s: 0 rss: 29Mb L: 292/333 MS: 3 PersAutoDict-ChangeByte-ChangeBit- DE: "_\231-r\031Y\000\000"-
#266	NEW    cov: 121 ft: 427 corp: 36/6604b lim: 333 exec/s: 0 rss: 29Mb L: 29/333 MS: 1 ShuffleBytes-
#278	REDUCE cov: 121 ft: 427 corp: 36/6602b lim: 333 exec/s: 0 rss: 29Mb L: 27/333 MS: 2 InsertByte-EraseBytes-
#303	NEW    cov: 121 ft: 429 corp: 37/6918b lim: 333 exec/s: 0 rss: 29Mb L: 316/333 MS: 5 InsertRepeatedBytes-ShuffleBytes-CMP-CrossOver-CopyPart- DE: "\000\000Y\031r-\2206"-
#304	NEW    cov: 121 ft: 430 corp: 38/6979b lim: 333 exec/s: 0 rss: 29Mb L: 61/333 MS: 1 CopyPart-
#317	NEW    cov: 121 ft: 431 corp: 39/7128b lim: 333 exec/s: 0 rss: 29Mb L: 149/333 MS: 3 ChangeBit-EraseBytes-CopyPart-
#363	REDUCE cov: 121 ft: 431 corp: 39/7120b lim: 333 exec/s: 0 rss: 29Mb L: 215/333 MS: 1 EraseBytes-
#376	NEW    cov: 121 ft: 432 corp: 40/7388b lim: 333 exec/s: 0 rss: 29Mb L: 268/333 MS: 3 PersAutoDict-InsertRepeatedBytes-ChangeBit- DE: "\000\000Y\031r-\2206"-
#378	NEW    cov: 121 ft: 433 corp: 41/7459b lim: 333 exec/s: 0 rss: 29Mb L: 71/333 MS: 2 CrossOver-ChangeByte-
#384	NEW    cov: 121 ft: 440 corp: 42/7759b lim: 333 exec/s: 0 rss: 29Mb L: 300/333 MS: 1 PersAutoDict- DE: "\000\000Y\031r-\2206"-
#385	NEW    cov: 122 ft: 441 corp: 43/8092b lim: 333 exec/s: 0 rss: 29Mb L: 333/333 MS: 1 ChangeBit-
#437	REDUCE cov: 122 ft: 441 corp: 43/8091b lim: 333 exec/s: 0 rss: 29Mb L: 28/333 MS: 2 CopyPart-EraseBytes-
#489	NEW    cov: 122 ft: 443 corp: 44/8254b lim: 333 exec/s: 0 rss: 29Mb L: 163/333 MS: 2 CMP-CopyPart- DE: "1\000\000\000\000\000\000\000"-
#500	REDUCE cov: 122 ft: 443 corp: 44/8251b lim: 333 exec/s: 0 rss: 29Mb L: 18/333 MS: 1 EraseBytes-
#546	NEW    cov: 122 ft: 451 corp: 45/8584b lim: 333 exec/s: 0 rss: 29Mb L: 333/333 MS: 1 ChangeBinInt-
#579	NEW    cov: 122 ft: 452 corp: 46/8655b lim: 333 exec/s: 0 rss: 29Mb L: 71/333 MS: 3 EraseBytes-ChangeByte-CopyPart-
#622	NEW    cov: 122 ft: 453 corp: 47/8823b lim: 333 exec/s: 0 rss: 29Mb L: 168/333 MS: 3 InsertByte-EraseBytes-EraseBytes-
#630	NEW    cov: 122 ft: 454 corp: 48/9031b lim: 333 exec/s: 0 rss: 29Mb L: 208/333 MS: 3 ChangeByte-ChangeBit-EraseBytes-
#642	NEW    cov: 122 ft: 455 corp: 49/9364b lim: 333 exec/s: 0 rss: 29Mb L: 333/333 MS: 2 CrossOver-CopyPart-
#680	REDUCE cov: 122 ft: 455 corp: 49/9341b lim: 333 exec/s: 0 rss: 29Mb L: 229/333 MS: 3 InsertByte-EraseBytes-ChangeBinInt-
#773	REDUCE cov: 122 ft: 455 corp: 49/9328b lim: 333 exec/s: 0 rss: 29Mb L: 58/333 MS: 3 EraseBytes-CrossOver-EraseBytes-
#853	NEW    cov: 122 ft: 456 corp: 50/9592b lim: 333 exec/s: 0 rss: 29Mb L: 264/333 MS: 5 ChangeBinInt-CopyPart-CopyPart-ChangeBinInt-InsertByte-
#855	NEW    cov: 122 ft: 463 corp: 51/9710b lim: 333 exec/s: 0 rss: 29Mb L: 118/333 MS: 2 ChangeBinInt-EraseBytes-
#878	REDUCE cov: 122 ft: 463 corp: 51/9692b lim: 333 exec/s: 0 rss: 29Mb L: 274/333 MS: 3 ChangeBinInt-InsertByte-CrossOver-
#919	REDUCE cov: 122 ft: 463 corp: 51/9675b lim: 333 exec/s: 0 rss: 29Mb L: 316/333 MS: 1 EraseBytes-
#958	REDUCE cov: 122 ft: 463 corp: 51/9669b lim: 333 exec/s: 0 rss: 29Mb L: 40/333 MS: 4 CMP-InsertRepeatedBytes-EraseBytes-EraseBytes- DE: "avcC"-
#974	REDUCE cov: 122 ft: 463 corp: 51/9668b lim: 333 exec/s: 0 rss: 29Mb L: 26/333 MS: 1 EraseBytes-
#984	NEW    cov: 122 ft: 466 corp: 52/9786b lim: 333 exec/s: 0 rss: 29Mb L: 118/333 MS: 5 CopyPart-InsertByte-EraseBytes-CMP-InsertRepeatedBytes- DE: "\001 "-
#985	NEW    cov: 122 ft: 472 corp: 53/9880b lim: 333 exec/s: 0 rss: 29Mb L: 94/333 MS: 1 CopyPart-
#997	NEW    cov: 122 ft: 473 corp: 54/10145b lim: 333 exec/s: 0 rss: 29Mb L: 265/333 MS: 2 ChangeBit-InsertByte-
#1079	REDUCE cov: 122 ft: 473 corp: 54/10128b lim: 333 exec/s: 0 rss: 29Mb L: 93/333 MS: 2 EraseBytes-PersAutoDict- DE: "\000\000Y\031r-\2206"-
#1088	REDUCE cov: 122 ft: 474 corp: 55/10144b lim: 333 exec/s: 0 rss: 29Mb L: 16/333 MS: 4 PersAutoDict-ChangeBit-ChangeByte-EraseBytes- DE: "\003\000\000\000\001\000\000\000"-
#1124	NEW    cov: 122 ft: 482 corp: 56/10154b lim: 333 exec/s: 0 rss: 29Mb L: 10/333 MS: 1 CrossOver-
#1140	REDUCE cov: 122 ft: 482 corp: 56/10113b lim: 333 exec/s: 0 rss: 29Mb L: 53/333 MS: 1 EraseBytes-
#1142	REDUCE cov: 122 ft: 482 corp: 56/10082b lim: 333 exec/s: 0 rss: 29Mb L: 184/333 MS: 2 PersAutoDict-EraseBytes- DE: "\003\000\000\000\001\000\000\000"-
#1146	REDUCE cov: 122 ft: 482 corp: 56/10060b lim: 333 exec/s: 0 rss: 29Mb L: 39/333 MS: 4 ChangeByte-CMP-ShuffleBytes-EraseBytes- DE: "\377\377q\360x\000\233^"-
#1162	NEW    cov: 122 ft: 488 corp: 57/10393b lim: 333 exec/s: 0 rss: 29Mb L: 333/333 MS: 1 CopyPart-
#1187	REDUCE cov: 122 ft: 488 corp: 57/10363b lim: 333 exec/s: 0 rss: 29Mb L: 154/333 MS: 5 InsertByte-CopyPart-CopyPart-CMP-CrossOver- DE: "~\377\377\377\377\377\377\377"-
#1226	REDUCE cov: 122 ft: 488 corp: 57/10354b lim: 333 exec/s: 0 rss: 29Mb L: 49/333 MS: 4 CopyPart-EraseBytes-ChangeBinInt-CrossOver-
#1238	REDUCE cov: 122 ft: 488 corp: 57/10278b lim: 333 exec/s: 0 rss: 29Mb L: 198/333 MS: 2 InsertByte-EraseBytes-
#1280	REDUCE cov: 122 ft: 488 corp: 57/10275b lim: 333 exec/s: 0 rss: 29Mb L: 25/333 MS: 2 ChangeBit-EraseBytes-
#1296	NEW    cov: 122 ft: 494 corp: 58/10592b lim: 333 exec/s: 0 rss: 29Mb L: 317/333 MS: 1 InsertByte-
#1389	REDUCE cov: 122 ft: 494 corp: 58/10582b lim: 333 exec/s: 0 rss: 29Mb L: 30/333 MS: 3 ChangeASCIIInt-ChangeByte-EraseBytes-
#1452	REDUCE cov: 122 ft: 494 corp: 58/10573b lim: 333 exec/s: 0 rss: 29Mb L: 204/333 MS: 3 CopyPart-PersAutoDict-EraseBytes- DE: "\003\000\000\000\001\000\000\000"-
#1475	REDUCE cov: 122 ft: 494 corp: 58/10560b lim: 333 exec/s: 0 rss: 29Mb L: 35/333 MS: 3 PersAutoDict-CMP-EraseBytes- DE: "\003\000\000\000\001\000\000\000"-"\000 "-
#1511	REDUCE cov: 122 ft: 494 corp: 58/10558b lim: 333 exec/s: 0 rss: 29Mb L: 28/333 MS: 1 EraseBytes-
#1529	NEW    cov: 122 ft: 495 corp: 59/10571b lim: 333 exec/s: 0 rss: 29Mb L: 13/333 MS: 3 EraseBytes-ChangeBinInt-EraseBytes-
#1530	REDUCE cov: 122 ft: 495 corp: 59/10504b lim: 333 exec/s: 0 rss: 29Mb L: 266/333 MS: 1 EraseBytes-
#1544	NEW    cov: 122 ft: 496 corp: 60/10512b lim: 333 exec/s: 0 rss: 29Mb L: 8/333 MS: 4 InsertRepeatedBytes-CrossOver-InsertRepeatedBytes-CrossOver-
#1579	REDUCE cov: 122 ft: 497 corp: 61/10786b lim: 333 exec/s: 0 rss: 29Mb L: 274/333 MS: 5 ChangeByte-ChangeBit-InsertRepeatedBytes-ChangeBit-CrossOver-
#1632	REDUCE cov: 122 ft: 497 corp: 61/10780b lim: 333 exec/s: 0 rss: 29Mb L: 57/333 MS: 3 InsertByte-CMP-EraseBytes- DE: "stss"-
#1680	REDUCE cov: 122 ft: 497 corp: 61/10774b lim: 333 exec/s: 0 rss: 29Mb L: 33/333 MS: 3 ChangeByte-CMP-EraseBytes- DE: "!\000"-
#1796	NEW    cov: 122 ft: 499 corp: 62/11085b lim: 333 exec/s: 0 rss: 29Mb L: 311/333 MS: 1 InsertRepeatedBytes-
#1801	REDUCE cov: 122 ft: 499 corp: 62/11074b lim: 333 exec/s: 0 rss: 29Mb L: 305/333 MS: 5 CrossOver-ShuffleBytes-InsertByte-CopyPart-EraseBytes-
#1841	REDUCE cov: 122 ft: 499 corp: 62/10816b lim: 333 exec/s: 0 rss: 29Mb L: 8/333 MS: 5 CrossOver-ChangeByte-ShuffleBytes-CrossOver-ShuffleBytes-
#1849	REDUCE cov: 122 ft: 499 corp: 62/10736b lim: 333 exec/s: 0 rss: 29Mb L: 212/333 MS: 3 PersAutoDict-InsertByte-EraseBytes- DE: "!\000"-
#1884	REDUCE cov: 122 ft: 499 corp: 62/10734b lim: 333 exec/s: 0 rss: 29Mb L: 206/333 MS: 5 InsertRepeatedBytes-InsertRepeatedBytes-InsertByte-ChangeBit-EraseBytes-
#1921	REDUCE cov: 122 ft: 499 corp: 62/10730b lim: 333 exec/s: 0 rss: 29Mb L: 12/333 MS: 2 ChangeBinInt-EraseBytes-
#1947	REDUCE cov: 122 ft: 499 corp: 62/10711b lim: 333 exec/s: 0 rss: 29Mb L: 185/333 MS: 1 EraseBytes-
#1986	REDUCE cov: 123 ft: 500 corp: 63/10715b lim: 333 exec/s: 0 rss: 29Mb L: 4/333 MS: 4 InsertRepeatedBytes-InsertByte-CMP-CrossOver- DE: "\000\000\000\010"-
#2147	REDUCE cov: 123 ft: 500 corp: 63/10714b lim: 333 exec/s: 0 rss: 29Mb L: 9/333 MS: 1 EraseBytes-
#2336	REDUCE cov: 123 ft: 500 corp: 63/10701b lim: 333 exec/s: 0 rss: 29Mb L: 303/333 MS: 4 ChangeByte-ChangeBinInt-ChangeByte-EraseBytes-
#2337	REDUCE cov: 123 ft: 500 corp: 63/10700b lim: 333 exec/s: 0 rss: 29Mb L: 11/333 MS: 1 EraseBytes-
#2438	REDUCE cov: 123 ft: 500 corp: 63/10691b lim: 333 exec/s: 0 rss: 29Mb L: 26/333 MS: 1 EraseBytes-
#2649	REDUCE cov: 123 ft: 500 corp: 63/10677b lim: 333 exec/s: 0 rss: 29Mb L: 104/333 MS: 1 EraseBytes-
#2651	REDUCE cov: 123 ft: 500 corp: 63/10527b lim: 333 exec/s: 0 rss: 29Mb L: 167/333 MS: 2 InsertRepeatedBytes-EraseBytes-
#2709	REDUCE cov: 123 ft: 500 corp: 63/10520b lim: 333 exec/s: 0 rss: 29Mb L: 166/333 MS: 3 PersAutoDict-ChangeByte-EraseBytes- DE: "\001 "-
#2797	REDUCE cov: 123 ft: 500 corp: 63/10518b lim: 333 exec/s: 0 rss: 29Mb L: 51/333 MS: 3 CopyPart-ChangeByte-EraseBytes-
#2808	REDUCE cov: 123 ft: 500 corp: 63/10490b lim: 333 exec/s: 0 rss: 29Mb L: 283/333 MS: 1 EraseBytes-
#2829	REDUCE cov: 123 ft: 500 corp: 63/10480b lim: 333 exec/s: 0 rss: 29Mb L: 175/333 MS: 1 EraseBytes-
#2975	REDUCE cov: 123 ft: 500 corp: 63/10473b lim: 333 exec/s: 0 rss: 29Mb L: 21/333 MS: 1 EraseBytes-
#2986	REDUCE cov: 123 ft: 500 corp: 63/10463b lim: 333 exec/s: 0 rss: 29Mb L: 11/333 MS: 1 EraseBytes-
#3040	REDUCE cov: 123 ft: 500 corp: 63/10461b lim: 333 exec/s: 0 rss: 29Mb L: 9/333 MS: 4 ChangeBinInt-PersAutoDict-CrossOver-EraseBytes- DE: "~\377\377\377\377\377\377\377"-
#3101	REDUCE cov: 123 ft: 500 corp: 63/10396b lim: 333 exec/s: 0 rss: 29Mb L: 141/333 MS: 1 EraseBytes-
#3184	REDUCE cov: 123 ft: 500 corp: 63/10395b lim: 333 exec/s: 0 rss: 29Mb L: 228/333 MS: 3 InsertRepeatedBytes-ChangeByte-EraseBytes-
#3201	REDUCE cov: 123 ft: 500 corp: 63/10372b lim: 333 exec/s: 0 rss: 29Mb L: 198/333 MS: 2 ChangeByte-EraseBytes-
#3272	REDUCE cov: 123 ft: 500 corp: 63/10312b lim: 333 exec/s: 0 rss: 29Mb L: 153/333 MS: 1 EraseBytes-
#3373	REDUCE cov: 123 ft: 500 corp: 63/10277b lim: 333 exec/s: 0 rss: 29Mb L: 132/333 MS: 1 EraseBytes-
#3416	REDUCE cov: 123 ft: 500 corp: 63/10245b lim: 333 exec/s: 0 rss: 29Mb L: 125/333 MS: 3 CrossOver-InsertByte-EraseBytes-
#3514	REDUCE cov: 123 ft: 500 corp: 63/10240b lim: 333 exec/s: 0 rss: 29Mb L: 66/333 MS: 3 CopyPart-CrossOver-EraseBytes-
#3657	REDUCE cov: 123 ft: 500 corp: 63/10236b lim: 333 exec/s: 0 rss: 29Mb L: 208/333 MS: 3 PersAutoDict-ChangeBinInt-CrossOver- DE: "St13runtime_"-
#3700	REDUCE cov: 123 ft: 500 corp: 63/10210b lim: 333 exec/s: 0 rss: 29Mb L: 172/333 MS: 3 ShuffleBytes-EraseBytes-InsertRepeatedBytes-
#3796	REDUCE cov: 123 ft: 500 corp: 63/10173b lim: 333 exec/s: 0 rss: 29Mb L: 296/333 MS: 1 EraseBytes-
#3888	REDUCE cov: 123 ft: 500 corp: 63/10172b lim: 333 exec/s: 0 rss: 29Mb L: 3/333 MS: 2 ChangeByte-EraseBytes-
#3931	REDUCE cov: 123 ft: 500 corp: 63/10167b lim: 333 exec/s: 0 rss: 29Mb L: 8/333 MS: 3 EraseBytes-CopyPart-ChangeBinInt-
#4003	REDUCE cov: 123 ft: 500 corp: 63/10165b lim: 333 exec/s: 0 rss: 29Mb L: 9/333 MS: 2 ChangeByte-EraseBytes-
#4038	REDUCE cov: 123 ft: 500 corp: 63/10163b lim: 333 exec/s: 0 rss: 29Mb L: 170/333 MS: 5 InsertByte-EraseBytes-PersAutoDict-InsertRepeatedBytes-EraseBytes- DE: "stss"-
#4056	REDUCE cov: 123 ft: 500 corp: 63/10108b lim: 333 exec/s: 0 rss: 29Mb L: 63/333 MS: 3 CopyPart-EraseBytes-EraseBytes-
#4222	REDUCE cov: 123 ft: 500 corp: 63/10107b lim: 333 exec/s: 0 rss: 29Mb L: 2/333 MS: 1 EraseBytes-
#4374	REDUCE cov: 123 ft: 500 corp: 63/10093b lim: 333 exec/s: 0 rss: 29Mb L: 269/333 MS: 2 ChangeByte-EraseBytes-
#4397	REDUCE cov: 123 ft: 500 corp: 63/10083b lim: 333 exec/s: 0 rss: 29Mb L: 24/333 MS: 3 CMP-ShuffleBytes-EraseBytes- DE: "hdlr"-
#4687	REDUCE cov: 123 ft: 500 corp: 63/10054b lim: 333 exec/s: 0 rss: 29Mb L: 96/333 MS: 5 InsertByte-ChangeBit-ShuffleBytes-ChangeBinInt-EraseBytes-
#4883	REDUCE cov: 123 ft: 500 corp: 63/10053b lim: 333 exec/s: 0 rss: 29Mb L: 8/333 MS: 1 EraseBytes-
#4936	REDUCE cov: 123 ft: 500 corp: 63/10052b lim: 333 exec/s: 0 rss: 29Mb L: 65/333 MS: 3 ChangeASCIIInt-EraseBytes-PersAutoDict- DE: "\377\377q\360x\000\233^"-
#4942	REDUCE cov: 123 ft: 500 corp: 63/10024b lim: 333 exec/s: 0 rss: 29Mb L: 76/333 MS: 1 EraseBytes-
#5057	REDUCE cov: 123 ft: 500 corp: 63/10002b lim: 333 exec/s: 0 rss: 29Mb L: 144/333 MS: 5 InsertByte-CopyPart-CopyPart-CopyPart-EraseBytes-
#5448	REDUCE cov: 123 ft: 500 corp: 63/9970b lim: 333 exec/s: 0 rss: 29Mb L: 64/333 MS: 1 EraseBytes-
#5604	REDUCE cov: 123 ft: 500 corp: 63/9947b lim: 333 exec/s: 0 rss: 29Mb L: 175/333 MS: 1 EraseBytes-
#5650	REDUCE cov: 123 ft: 500 corp: 63/9925b lim: 333 exec/s: 0 rss: 29Mb L: 71/333 MS: 1 EraseBytes-
#5696	REDUCE cov: 123 ft: 500 corp: 63/9922b lim: 333 exec/s: 0 rss: 29Mb L: 48/333 MS: 1 EraseBytes-
#5729	NEW    cov: 123 ft: 504 corp: 64/10238b lim: 333 exec/s: 0 rss: 29Mb L: 316/333 MS: 3 ChangeBinInt-PersAutoDict-EraseBytes- DE: "\003\000\000\000\001\000\000\000"-
#5749	REDUCE cov: 123 ft: 504 corp: 64/10211b lim: 333 exec/s: 0 rss: 29Mb L: 215/333 MS: 5 InsertByte-ChangeBit-CopyPart-EraseBytes-InsertRepeatedBytes-
#5976	NEW    cov: 123 ft: 505 corp: 65/10348b lim: 333 exec/s: 0 rss: 29Mb L: 137/333 MS: 2 CopyPart-CopyPart-
#6047	REDUCE cov: 123 ft: 505 corp: 65/10319b lim: 333 exec/s: 0 rss: 29Mb L: 34/333 MS: 1 EraseBytes-
#6291	REDUCE cov: 123 ft: 505 corp: 65/10307b lim: 333 exec/s: 6291 rss: 29Mb L: 22/333 MS: 2 CopyPart-EraseBytes-
#6395	REDUCE cov: 123 ft: 505 corp: 65/10271b lim: 333 exec/s: 6395 rss: 29Mb L: 172/333 MS: 4 ShuffleBytes-ShuffleBytes-PersAutoDict-EraseBytes- DE: "\003\000\000\000\001\000\000\000"-
#6398	REDUCE cov: 123 ft: 505 corp: 65/10263b lim: 333 exec/s: 6398 rss: 29Mb L: 164/333 MS: 3 InsertRepeatedBytes-ChangeByte-EraseBytes-
#6407	REDUCE cov: 123 ft: 505 corp: 65/10226b lim: 333 exec/s: 6407 rss: 29Mb L: 296/333 MS: 4 ChangeBit-ChangeByte-PersAutoDict-EraseBytes- DE: "1\000\000\000\000\000\000\000"-
#6433	REDUCE cov: 123 ft: 505 corp: 65/10203b lim: 333 exec/s: 6433 rss: 29Mb L: 25/333 MS: 1 EraseBytes-
#6509	REDUCE cov: 123 ft: 505 corp: 65/10169b lim: 333 exec/s: 6509 rss: 29Mb L: 103/333 MS: 1 EraseBytes-
#6525	REDUCE cov: 123 ft: 505 corp: 65/10163b lim: 333 exec/s: 6525 rss: 29Mb L: 19/333 MS: 1 EraseBytes-
#6537	REDUCE cov: 123 ft: 505 corp: 65/10125b lim: 333 exec/s: 6537 rss: 29Mb L: 219/333 MS: 2 EraseBytes-ChangeBit-
#6568	REDUCE cov: 123 ft: 505 corp: 65/10101b lim: 333 exec/s: 6568 rss: 29Mb L: 309/333 MS: 1 EraseBytes-
#6576	REDUCE cov: 123 ft: 505 corp: 65/10085b lim: 333 exec/s: 6576 rss: 29Mb L: 317/333 MS: 3 ChangeBit-CopyPart-EraseBytes-
#6602	REDUCE cov: 123 ft: 506 corp: 66/10416b lim: 333 exec/s: 6602 rss: 29Mb L: 331/333 MS: 1 CopyPart-
==689336== ERROR: libFuzzer: out-of-memory (used: 1472Mb; limit: 1024Mb)
   To change the out-of-memory limit use -rss_limit_mb=<N>

MS: 1 CMP- DE: "hvc1"-; base unit: 336a22952942f170271d75d74d22444c9750cee2
artifact_prefix='/results/crashes/20260313_175916_e443dcf9_'; Test unit written to /results/crashes/20260313_175916_e443dcf9_oom-7364c2cf4e6ae72a537a9d1e138fb15eb04ebcd7
SUMMARY: libFuzzer: out-of-memory
stat::number_of_executed_units: 6738
stat::average_exec_per_sec:     3369
stat::new_units_added:          148
stat::slowest_unit_time_sec:    0
stat::peak_rss_mb:              1472
