INFO: Running with entropic power schedule (0xFF, 100).
INFO: Seed: 1575286740
INFO: Loaded 1 modules   (252 inline 8-bit counters): 252 [0x6330577ab678, 0x6330577ab774), 
INFO: Loaded 1 PC tables (252 PCs): 252 [0x6330577ab778,0x6330577ac738), 
INFO:        4 files found in /tmp/corpus_20260313_174038_e4db1b09
INFO: seed corpus: files: 4 min: 48b max: 333b total: 853b rss: 28Mb
#5	INITED cov: 117 ft: 251 corp: 4/853b exec/s: 0 rss: 29Mb
#6	NEW    cov: 117 ft: 270 corp: 5/892b lim: 333 exec/s: 0 rss: 29Mb L: 39/333 MS: 1 EraseBytes-
#11	NEW    cov: 117 ft: 285 corp: 6/1130b lim: 333 exec/s: 0 rss: 29Mb L: 238/333 MS: 5 CopyPart-ChangeByte-ChangeByte-ChangeBit-InsertRepeatedBytes-
#13	NEW    cov: 117 ft: 291 corp: 7/1178b lim: 333 exec/s: 0 rss: 29Mb L: 48/333 MS: 2 ShuffleBytes-ChangeByte-
#15	NEW    cov: 117 ft: 292 corp: 8/1227b lim: 333 exec/s: 0 rss: 29Mb L: 49/333 MS: 2 CopyPart-InsertByte-
#17	NEW    cov: 117 ft: 308 corp: 9/1319b lim: 333 exec/s: 0 rss: 29Mb L: 92/333 MS: 2 ChangeByte-InsertRepeatedBytes-
#23	NEW    cov: 117 ft: 309 corp: 10/1358b lim: 333 exec/s: 0 rss: 29Mb L: 39/333 MS: 1 ChangeBit-
#26	NEW    cov: 117 ft: 314 corp: 11/1658b lim: 333 exec/s: 0 rss: 29Mb L: 300/333 MS: 3 CopyPart-ShuffleBytes-CrossOver-
#29	NEW    cov: 117 ft: 320 corp: 12/1720b lim: 333 exec/s: 0 rss: 29Mb L: 62/333 MS: 3 ChangeBinInt-ChangeByte-EraseBytes-
#32	NEW    cov: 118 ft: 321 corp: 13/1968b lim: 333 exec/s: 0 rss: 29Mb L: 248/333 MS: 3 InsertRepeatedBytes-ChangeBinInt-InsertByte-
#33	NEW    cov: 118 ft: 323 corp: 14/2125b lim: 333 exec/s: 0 rss: 29Mb L: 157/333 MS: 1 EraseBytes-
#37	NEW    cov: 118 ft: 324 corp: 15/2226b lim: 333 exec/s: 0 rss: 29Mb L: 101/333 MS: 4 ShuffleBytes-ChangeBinInt-CopyPart-CrossOver-
#39	NEW    cov: 118 ft: 325 corp: 16/2328b lim: 333 exec/s: 0 rss: 29Mb L: 102/333 MS: 2 InsertByte-CrossOver-
#49	NEW    cov: 118 ft: 326 corp: 17/2609b lim: 333 exec/s: 0 rss: 29Mb L: 281/333 MS: 5 CrossOver-ShuffleBytes-CopyPart-ChangeBinInt-CrossOver-
#50	NEW    cov: 118 ft: 327 corp: 18/2861b lim: 333 exec/s: 0 rss: 29Mb L: 252/333 MS: 1 CopyPart-
#55	NEW    cov: 118 ft: 330 corp: 19/3138b lim: 333 exec/s: 0 rss: 29Mb L: 277/333 MS: 5 CrossOver-ShuffleBytes-CMP-CrossOver-CrossOver- DE: "N7ISOBMFF12Con"-
#61	NEW    cov: 118 ft: 331 corp: 20/3224b lim: 333 exec/s: 0 rss: 29Mb L: 86/333 MS: 1 InsertRepeatedBytes-
#62	NEW    cov: 118 ft: 332 corp: 21/3365b lim: 333 exec/s: 0 rss: 29Mb L: 141/333 MS: 1 CrossOver-
#63	NEW    cov: 119 ft: 334 corp: 22/3659b lim: 333 exec/s: 0 rss: 29Mb L: 294/333 MS: 1 InsertRepeatedBytes-
#67	NEW    cov: 119 ft: 335 corp: 23/3961b lim: 333 exec/s: 0 rss: 29Mb L: 302/333 MS: 4 EraseBytes-ShuffleBytes-InsertRepeatedBytes-CopyPart-
#80	NEW    cov: 120 ft: 336 corp: 24/4225b lim: 333 exec/s: 0 rss: 29Mb L: 264/333 MS: 3 CMP-PersAutoDict-CopyPart- DE: "\274\373WW0c\000\000"-"N7ISOBMFF12Con"-
#88	NEW    cov: 120 ft: 345 corp: 25/4256b lim: 333 exec/s: 0 rss: 29Mb L: 31/333 MS: 3 ChangeBinInt-ChangeBinInt-EraseBytes-
#96	NEW    cov: 121 ft: 346 corp: 26/4345b lim: 333 exec/s: 0 rss: 29Mb L: 89/333 MS: 3 ShuffleBytes-ChangeBinInt-InsertRepeatedBytes-
#100	NEW    cov: 121 ft: 347 corp: 27/4521b lim: 333 exec/s: 0 rss: 29Mb L: 176/333 MS: 4 CopyPart-CrossOver-ChangeBit-CopyPart-
#102	NEW    cov: 121 ft: 348 corp: 28/4777b lim: 333 exec/s: 0 rss: 29Mb L: 256/333 MS: 2 ShuffleBytes-CMP- DE: "\013\000\000\000"-
#103	REDUCE cov: 121 ft: 348 corp: 28/4700b lim: 333 exec/s: 0 rss: 29Mb L: 171/333 MS: 1 EraseBytes-
#104	NEW    cov: 121 ft: 349 corp: 29/5013b lim: 333 exec/s: 0 rss: 29Mb L: 313/333 MS: 1 InsertRepeatedBytes-
#105	NEW    cov: 121 ft: 350 corp: 30/5277b lim: 333 exec/s: 0 rss: 29Mb L: 264/333 MS: 1 CrossOver-
#149	NEW    cov: 121 ft: 351 corp: 31/5555b lim: 333 exec/s: 0 rss: 29Mb L: 278/333 MS: 4 ChangeBinInt-ChangeByte-ShuffleBytes-PersAutoDict- DE: "N7ISOBMFF12Con"-
#161	NEW    cov: 121 ft: 352 corp: 32/5661b lim: 333 exec/s: 0 rss: 29Mb L: 106/333 MS: 2 ChangeBit-CrossOver-
#172	NEW    cov: 121 ft: 353 corp: 33/5704b lim: 333 exec/s: 0 rss: 29Mb L: 43/333 MS: 1 PersAutoDict- DE: "\013\000\000\000"-
#218	NEW    cov: 121 ft: 354 corp: 34/5777b lim: 333 exec/s: 0 rss: 29Mb L: 73/333 MS: 1 EraseBytes-
#238	REDUCE cov: 121 ft: 356 corp: 35/6108b lim: 333 exec/s: 0 rss: 29Mb L: 331/333 MS: 5 CrossOver-InsertByte-ChangeByte-ChangeByte-EraseBytes-
#244	NEW    cov: 121 ft: 357 corp: 36/6148b lim: 333 exec/s: 0 rss: 29Mb L: 40/333 MS: 1 InsertByte-
#254	REDUCE cov: 121 ft: 357 corp: 36/6142b lim: 333 exec/s: 0 rss: 29Mb L: 43/333 MS: 5 EraseBytes-CMP-CMP-CopyPart-CrossOver- DE: "mere"-"strk"-
#298	NEW    cov: 121 ft: 358 corp: 37/6475b lim: 333 exec/s: 0 rss: 29Mb L: 333/333 MS: 4 CMP-ChangeASCIIInt-CrossOver-CopyPart- DE: "\001\000\000\036"-
#310	NEW    cov: 121 ft: 360 corp: 38/6514b lim: 333 exec/s: 0 rss: 29Mb L: 39/333 MS: 2 ChangeBit-ChangeBinInt-
#352	NEW    cov: 121 ft: 361 corp: 39/6567b lim: 333 exec/s: 0 rss: 29Mb L: 53/333 MS: 2 InsertByte-InsertRepeatedBytes-
#363	NEW    cov: 121 ft: 369 corp: 40/6589b lim: 333 exec/s: 0 rss: 29Mb L: 22/333 MS: 1 EraseBytes-
#471	NEW    cov: 121 ft: 381 corp: 41/6670b lim: 333 exec/s: 0 rss: 29Mb L: 81/333 MS: 3 CMP-ChangeByte-CrossOver- DE: "cdsc"-
#513	NEW    cov: 121 ft: 382 corp: 42/6980b lim: 333 exec/s: 0 rss: 29Mb L: 310/333 MS: 2 ShuffleBytes-CrossOver-
#515	REDUCE cov: 121 ft: 382 corp: 42/6966b lim: 333 exec/s: 0 rss: 29Mb L: 25/333 MS: 2 InsertByte-EraseBytes-
#534	NEW    cov: 121 ft: 413 corp: 43/7143b lim: 333 exec/s: 0 rss: 29Mb L: 177/333 MS: 4 CrossOver-InsertRepeatedBytes-ChangeByte-ChangeBit-
#548	REDUCE cov: 121 ft: 413 corp: 43/7113b lim: 333 exec/s: 0 rss: 29Mb L: 208/333 MS: 4 ChangeByte-CrossOver-ChangeBit-CrossOver-
#573	NEW    cov: 121 ft: 414 corp: 44/7428b lim: 333 exec/s: 0 rss: 29Mb L: 315/333 MS: 5 ChangeBinInt-CopyPart-CopyPart-ChangeBinInt-CrossOver-
#623	NEW    cov: 121 ft: 430 corp: 45/7442b lim: 333 exec/s: 0 rss: 29Mb L: 14/333 MS: 5 ShuffleBytes-PersAutoDict-ChangeASCIIInt-ShuffleBytes-EraseBytes- DE: "mere"-
#631	REDUCE cov: 121 ft: 430 corp: 45/7439b lim: 333 exec/s: 0 rss: 29Mb L: 11/333 MS: 3 ChangeBit-ChangeBit-EraseBytes-
#692	NEW    cov: 121 ft: 434 corp: 46/7488b lim: 333 exec/s: 0 rss: 29Mb L: 49/333 MS: 1 InsertByte-
#738	REDUCE cov: 121 ft: 434 corp: 46/7484b lim: 333 exec/s: 0 rss: 29Mb L: 27/333 MS: 1 EraseBytes-
#743	REDUCE cov: 121 ft: 434 corp: 46/7461b lim: 333 exec/s: 0 rss: 29Mb L: 118/333 MS: 5 EraseBytes-CrossOver-PersAutoDict-ChangeByte-EraseBytes- DE: "cdsc"-
#777	REDUCE cov: 121 ft: 435 corp: 47/7473b lim: 333 exec/s: 0 rss: 29Mb L: 12/333 MS: 4 ShuffleBytes-InsertByte-ChangeBinInt-ShuffleBytes-
#783	REDUCE cov: 121 ft: 435 corp: 47/7471b lim: 333 exec/s: 0 rss: 29Mb L: 99/333 MS: 1 EraseBytes-
#930	NEW    cov: 121 ft: 442 corp: 48/7802b lim: 333 exec/s: 0 rss: 29Mb L: 331/333 MS: 2 InsertRepeatedBytes-CopyPart-
#933	NEW    cov: 121 ft: 443 corp: 49/8133b lim: 333 exec/s: 0 rss: 29Mb L: 331/333 MS: 3 ChangeByte-ChangeByte-ChangeByte-
#954	REDUCE cov: 121 ft: 443 corp: 49/8126b lim: 333 exec/s: 0 rss: 29Mb L: 324/333 MS: 1 EraseBytes-
#970	NEW    cov: 121 ft: 450 corp: 50/8459b lim: 333 exec/s: 0 rss: 29Mb L: 333/333 MS: 1 CopyPart-
#979	NEW    cov: 121 ft: 451 corp: 51/8783b lim: 333 exec/s: 0 rss: 29Mb L: 324/333 MS: 4 ChangeByte-ChangeByte-InsertByte-InsertRepeatedBytes-
#1042	REDUCE cov: 121 ft: 451 corp: 51/8714b lim: 333 exec/s: 0 rss: 29Mb L: 102/333 MS: 3 PersAutoDict-ChangeASCIIInt-EraseBytes- DE: "mere"-
#1100	NEW    cov: 122 ft: 453 corp: 52/8981b lim: 333 exec/s: 0 rss: 29Mb L: 267/333 MS: 3 ChangeBit-InsertRepeatedBytes-CopyPart-
#1112	REDUCE cov: 122 ft: 453 corp: 52/8978b lim: 333 exec/s: 0 rss: 29Mb L: 78/333 MS: 2 CopyPart-EraseBytes-
#1285	NEW    cov: 122 ft: 455 corp: 53/9257b lim: 333 exec/s: 0 rss: 29Mb L: 279/333 MS: 3 InsertByte-ChangeASCIIInt-CopyPart-
#1398	REDUCE cov: 122 ft: 455 corp: 53/9231b lim: 333 exec/s: 0 rss: 29Mb L: 151/333 MS: 3 EraseBytes-ChangeBinInt-InsertRepeatedBytes-
#1459	NEW    cov: 122 ft: 456 corp: 54/9243b lim: 333 exec/s: 0 rss: 29Mb L: 12/333 MS: 1 ChangeBit-
#1556	NEW    cov: 123 ft: 457 corp: 55/9249b lim: 333 exec/s: 0 rss: 29Mb L: 6/333 MS: 2 ChangeBit-EraseBytes-
#1571	REDUCE cov: 123 ft: 467 corp: 56/9445b lim: 333 exec/s: 0 rss: 29Mb L: 196/333 MS: 5 CrossOver-ChangeBit-CopyPart-InsertRepeatedBytes-InsertByte-
#1591	REDUCE cov: 123 ft: 467 corp: 56/9377b lim: 333 exec/s: 0 rss: 29Mb L: 89/333 MS: 5 InsertRepeatedBytes-ChangeBinInt-ChangeBit-ShuffleBytes-CrossOver-
#1727	REDUCE cov: 123 ft: 467 corp: 56/9357b lim: 333 exec/s: 0 rss: 29Mb L: 176/333 MS: 1 CrossOver-
#1742	REDUCE cov: 123 ft: 467 corp: 56/9322b lim: 333 exec/s: 0 rss: 29Mb L: 173/333 MS: 5 PersAutoDict-InsertRepeatedBytes-CrossOver-ChangeBit-EraseBytes- DE: "N7ISOBMFF12Con"-
#1754	REDUCE cov: 123 ft: 467 corp: 56/9251b lim: 333 exec/s: 0 rss: 29Mb L: 253/333 MS: 2 ChangeBinInt-EraseBytes-
==630641== ERROR: libFuzzer: out-of-memory (used: 1124Mb; limit: 1024Mb)
   To change the out-of-memory limit use -rss_limit_mb=<N>

MS: 1 CopyPart-; base unit: d6b62b6405ff96891c584b41324c2cab24daf585
artifact_prefix='/results/crashes/20260313_174038_e4db1b09_'; Test unit written to /results/crashes/20260313_174038_e4db1b09_oom-a71464b2dd44f98488344a56451593d6a944f8ed
SUMMARY: libFuzzer: out-of-memory
stat::number_of_executed_units: 1810
stat::average_exec_per_sec:     1810
stat::new_units_added:          68
stat::slowest_unit_time_sec:    0
stat::peak_rss_mb:              1125
