INFO: Running with entropic power schedule (0xFF, 100).
INFO: Seed: 308661507
INFO: Loaded 1 modules   (252 inline 8-bit counters): 252 [0x634bc95a8678, 0x634bc95a8774), 
INFO: Loaded 1 PC tables (252 PCs): 252 [0x634bc95a8778,0x634bc95a9738), 
INFO:        4 files found in /tmp/corpus_20260313_155306_67a1d308
INFO: seed corpus: files: 4 min: 48b max: 333b total: 853b rss: 28Mb
#5	INITED cov: 118 ft: 252 corp: 4/853b exec/s: 0 rss: 29Mb
#9	NEW    cov: 119 ft: 259 corp: 5/1184b lim: 333 exec/s: 0 rss: 29Mb L: 331/333 MS: 4 CopyPart-ChangeBit-ChangeBit-CopyPart-
#11	NEW    cov: 119 ft: 260 corp: 6/1437b lim: 333 exec/s: 0 rss: 29Mb L: 253/333 MS: 2 ChangeBit-InsertByte-
#12	NEW    cov: 119 ft: 269 corp: 7/1732b lim: 333 exec/s: 0 rss: 29Mb L: 295/333 MS: 1 InsertRepeatedBytes-
#13	NEW    cov: 119 ft: 272 corp: 8/2064b lim: 333 exec/s: 0 rss: 29Mb L: 332/333 MS: 1 InsertRepeatedBytes-
#14	NEW    cov: 119 ft: 273 corp: 9/2396b lim: 333 exec/s: 0 rss: 29Mb L: 332/333 MS: 1 CopyPart-
#16	NEW    cov: 119 ft: 288 corp: 10/2468b lim: 333 exec/s: 0 rss: 29Mb L: 72/333 MS: 2 ChangeByte-CrossOver-
#17	NEW    cov: 120 ft: 289 corp: 11/2722b lim: 333 exec/s: 0 rss: 29Mb L: 254/333 MS: 1 InsertByte-
#28	NEW    cov: 120 ft: 299 corp: 12/2977b lim: 333 exec/s: 0 rss: 29Mb L: 255/333 MS: 1 InsertByte-
#30	NEW    cov: 120 ft: 336 corp: 13/3049b lim: 333 exec/s: 0 rss: 29Mb L: 72/333 MS: 2 ShuffleBytes-ChangeBit-
#31	NEW    cov: 120 ft: 337 corp: 14/3382b lim: 333 exec/s: 0 rss: 29Mb L: 333/333 MS: 1 CopyPart-
#36	NEW    cov: 120 ft: 338 corp: 15/3625b lim: 333 exec/s: 0 rss: 29Mb L: 243/333 MS: 5 CMP-CMP-CMP-CrossOver-EraseBytes- DE: " hdl"-"\030\000"-"\000\000cK\321\260\327\376"-
#45	NEW    cov: 121 ft: 340 corp: 16/3917b lim: 333 exec/s: 0 rss: 29Mb L: 292/333 MS: 4 CrossOver-InsertRepeatedBytes-CopyPart-InsertRepeatedBytes-
#49	NEW    cov: 121 ft: 341 corp: 17/4161b lim: 333 exec/s: 0 rss: 29Mb L: 244/333 MS: 4 ShuffleBytes-ChangeByte-ChangeBit-InsertByte-
#55	NEW    cov: 121 ft: 342 corp: 18/4416b lim: 333 exec/s: 0 rss: 29Mb L: 255/333 MS: 1 ChangeBit-
#59	NEW    cov: 121 ft: 349 corp: 19/4586b lim: 333 exec/s: 0 rss: 29Mb L: 170/333 MS: 4 ChangeByte-PersAutoDict-InsertByte-EraseBytes- DE: " hdl"-
#76	NEW    cov: 121 ft: 350 corp: 20/4919b lim: 333 exec/s: 0 rss: 29Mb L: 333/333 MS: 2 CrossOver-PersAutoDict- DE: " hdl"-
#82	REDUCE cov: 121 ft: 350 corp: 20/4887b lim: 333 exec/s: 0 rss: 29Mb L: 222/333 MS: 1 EraseBytes-
#83	NEW    cov: 121 ft: 365 corp: 21/4950b lim: 333 exec/s: 0 rss: 29Mb L: 63/333 MS: 1 EraseBytes-
#84	NEW    cov: 121 ft: 369 corp: 22/5197b lim: 333 exec/s: 0 rss: 29Mb L: 247/333 MS: 1 InsertRepeatedBytes-
#87	REDUCE cov: 121 ft: 369 corp: 22/5193b lim: 333 exec/s: 0 rss: 29Mb L: 68/333 MS: 3 ChangeASCIIInt-EraseBytes-CMP- DE: "avcC"-
#89	REDUCE cov: 121 ft: 369 corp: 22/5143b lim: 333 exec/s: 0 rss: 29Mb L: 283/333 MS: 2 ChangeBinInt-EraseBytes-
#96	REDUCE cov: 121 ft: 380 corp: 23/5177b lim: 333 exec/s: 0 rss: 29Mb L: 34/333 MS: 2 CopyPart-EraseBytes-
#102	REDUCE cov: 121 ft: 382 corp: 24/5339b lim: 333 exec/s: 0 rss: 29Mb L: 162/333 MS: 1 EraseBytes-
#107	NEW    cov: 121 ft: 388 corp: 25/5428b lim: 333 exec/s: 0 rss: 29Mb L: 89/333 MS: 5 ChangeByte-ChangeByte-ShuffleBytes-InsertRepeatedBytes-CrossOver-
#124	NEW    cov: 121 ft: 390 corp: 26/5649b lim: 333 exec/s: 0 rss: 29Mb L: 221/333 MS: 2 ChangeByte-InsertByte-
#125	NEW    cov: 121 ft: 391 corp: 27/5842b lim: 333 exec/s: 0 rss: 29Mb L: 193/333 MS: 1 InsertRepeatedBytes-
#127	REDUCE cov: 121 ft: 391 corp: 27/5816b lim: 333 exec/s: 0 rss: 29Mb L: 221/333 MS: 2 EraseBytes-InsertByte-
#134	NEW    cov: 121 ft: 392 corp: 28/5995b lim: 333 exec/s: 0 rss: 29Mb L: 179/333 MS: 2 ChangeBinInt-InsertRepeatedBytes-
#154	NEW    cov: 121 ft: 393 corp: 29/6106b lim: 333 exec/s: 0 rss: 29Mb L: 111/333 MS: 5 InsertByte-InsertByte-ChangeByte-EraseBytes-EraseBytes-
#170	NEW    cov: 122 ft: 394 corp: 30/6439b lim: 333 exec/s: 0 rss: 29Mb L: 333/333 MS: 1 CrossOver-
#176	NEW    cov: 122 ft: 395 corp: 31/6771b lim: 333 exec/s: 0 rss: 29Mb L: 332/333 MS: 1 PersAutoDict- DE: " hdl"-
#186	NEW    cov: 122 ft: 396 corp: 32/7068b lim: 333 exec/s: 0 rss: 29Mb L: 297/333 MS: 5 ChangeASCIIInt-ChangeBinInt-InsertByte-EraseBytes-InsertRepeatedBytes-
#194	REDUCE cov: 122 ft: 404 corp: 33/7103b lim: 333 exec/s: 0 rss: 29Mb L: 35/333 MS: 3 ChangeBit-ChangeBinInt-EraseBytes-
#200	NEW    cov: 122 ft: 408 corp: 34/7436b lim: 333 exec/s: 0 rss: 29Mb L: 333/333 MS: 1 CopyPart-
#206	REDUCE cov: 122 ft: 408 corp: 34/7421b lim: 333 exec/s: 0 rss: 29Mb L: 277/333 MS: 1 CrossOver-
#215	NEW    cov: 122 ft: 409 corp: 35/7486b lim: 333 exec/s: 0 rss: 29Mb L: 65/333 MS: 4 CopyPart-ChangeBit-CrossOver-InsertByte-
#222	NEW    cov: 122 ft: 415 corp: 36/7793b lim: 333 exec/s: 0 rss: 29Mb L: 307/333 MS: 2 ChangeByte-CrossOver-
#230	REDUCE cov: 122 ft: 416 corp: 37/8008b lim: 333 exec/s: 0 rss: 29Mb L: 215/333 MS: 3 ChangeByte-EraseBytes-InsertByte-
#238	NEW    cov: 122 ft: 417 corp: 38/8144b lim: 333 exec/s: 0 rss: 29Mb L: 136/333 MS: 3 ChangeBit-ChangeByte-EraseBytes-
#239	NEW    cov: 122 ft: 424 corp: 39/8438b lim: 333 exec/s: 0 rss: 29Mb L: 294/333 MS: 1 CopyPart-
#241	NEW    cov: 122 ft: 425 corp: 40/8642b lim: 333 exec/s: 0 rss: 29Mb L: 204/333 MS: 2 CMP-EraseBytes- DE: "@p\000\310\264y\000\000"-
#249	NEW    cov: 122 ft: 426 corp: 41/8690b lim: 333 exec/s: 0 rss: 29Mb L: 48/333 MS: 3 CopyPart-ChangeASCIIInt-EraseBytes-
#270	NEW    cov: 122 ft: 431 corp: 42/8742b lim: 333 exec/s: 0 rss: 29Mb L: 52/333 MS: 1 PersAutoDict- DE: " hdl"-
#274	NEW    cov: 122 ft: 432 corp: 43/8818b lim: 333 exec/s: 0 rss: 29Mb L: 76/333 MS: 4 ChangeBinInt-ChangeByte-InsertByte-CopyPart-
#288	REDUCE cov: 122 ft: 432 corp: 43/8791b lim: 333 exec/s: 0 rss: 29Mb L: 228/333 MS: 4 ShuffleBytes-EraseBytes-PersAutoDict-CopyPart- DE: "@p\000\310\264y\000\000"-
#312	NEW    cov: 122 ft: 436 corp: 44/9119b lim: 333 exec/s: 0 rss: 29Mb L: 328/333 MS: 4 InsertByte-InsertRepeatedBytes-PersAutoDict-InsertRepeatedBytes- DE: "\030\000"-
#324	NEW    cov: 122 ft: 442 corp: 45/9451b lim: 333 exec/s: 0 rss: 29Mb L: 332/333 MS: 2 ChangeBit-PersAutoDict- DE: "@p\000\310\264y\000\000"-
#338	REDUCE cov: 122 ft: 442 corp: 45/9445b lim: 333 exec/s: 0 rss: 29Mb L: 215/333 MS: 4 InsertByte-CopyPart-ChangeBinInt-EraseBytes-
#431	REDUCE cov: 122 ft: 442 corp: 45/9418b lim: 333 exec/s: 0 rss: 29Mb L: 188/333 MS: 3 ChangeBinInt-InsertByte-EraseBytes-
#435	NEW    cov: 122 ft: 443 corp: 46/9751b lim: 333 exec/s: 0 rss: 29Mb L: 333/333 MS: 4 ChangeBit-ShuffleBytes-CMP-CrossOver- DE: "tapt"-
#455	NEW    cov: 122 ft: 444 corp: 47/10021b lim: 333 exec/s: 0 rss: 29Mb L: 270/333 MS: 5 ChangeByte-ShuffleBytes-InsertRepeatedBytes-InsertRepeatedBytes-CopyPart-
#481	NEW    cov: 122 ft: 446 corp: 48/10183b lim: 333 exec/s: 0 rss: 29Mb L: 162/333 MS: 1 EraseBytes-
#496	NEW    cov: 122 ft: 450 corp: 49/10215b lim: 333 exec/s: 0 rss: 29Mb L: 32/333 MS: 5 ChangeBit-ChangeBinInt-ChangeByte-ChangeBinInt-CrossOver-
#516	REDUCE cov: 122 ft: 460 corp: 50/10237b lim: 333 exec/s: 0 rss: 29Mb L: 22/333 MS: 5 CrossOver-ChangeBit-EraseBytes-PersAutoDict-CrossOver- DE: "\030\000"-
#519	REDUCE cov: 122 ft: 460 corp: 50/10148b lim: 333 exec/s: 0 rss: 29Mb L: 244/333 MS: 3 ChangeByte-PersAutoDict-EraseBytes- DE: "@p\000\310\264y\000\000"-
#521	NEW    cov: 122 ft: 476 corp: 51/10163b lim: 333 exec/s: 0 rss: 29Mb L: 15/333 MS: 2 PersAutoDict-EraseBytes- DE: "@p\000\310\264y\000\000"-
#533	REDUCE cov: 122 ft: 476 corp: 51/10161b lim: 333 exec/s: 0 rss: 29Mb L: 74/333 MS: 2 ChangeASCIIInt-EraseBytes-
#550	NEW    cov: 122 ft: 477 corp: 52/10427b lim: 333 exec/s: 0 rss: 29Mb L: 266/333 MS: 2 ShuffleBytes-InsertRepeatedBytes-
#593	NEW    cov: 123 ft: 478 corp: 53/10430b lim: 333 exec/s: 0 rss: 29Mb L: 3/333 MS: 3 InsertByte-ChangeBit-CrossOver-
#691	NEW    cov: 123 ft: 479 corp: 54/10454b lim: 333 exec/s: 0 rss: 29Mb L: 24/333 MS: 3 ShuffleBytes-ShuffleBytes-EraseBytes-
#743	REDUCE cov: 123 ft: 479 corp: 54/10370b lim: 333 exec/s: 0 rss: 29Mb L: 160/333 MS: 2 CopyPart-EraseBytes-
#747	REDUCE cov: 123 ft: 479 corp: 54/10328b lim: 333 exec/s: 0 rss: 29Mb L: 291/333 MS: 4 ShuffleBytes-ChangeByte-ShuffleBytes-EraseBytes-
#780	REDUCE cov: 123 ft: 479 corp: 54/10288b lim: 333 exec/s: 0 rss: 29Mb L: 120/333 MS: 3 ShuffleBytes-ShuffleBytes-EraseBytes-
#802	REDUCE cov: 123 ft: 479 corp: 54/10254b lim: 333 exec/s: 0 rss: 29Mb L: 261/333 MS: 2 ShuffleBytes-EraseBytes-
#880	NEW    cov: 123 ft: 490 corp: 55/10513b lim: 333 exec/s: 0 rss: 29Mb L: 259/333 MS: 3 InsertByte-CMP-CrossOver- DE: "\377\377\377\377\377\377\377\016"-
#932	REDUCE cov: 123 ft: 490 corp: 55/10512b lim: 333 exec/s: 0 rss: 29Mb L: 14/333 MS: 2 ChangeBinInt-EraseBytes-
#948	NEW    cov: 124 ft: 493 corp: 56/10840b lim: 333 exec/s: 0 rss: 29Mb L: 328/333 MS: 1 InsertRepeatedBytes-
#956	NEW    cov: 124 ft: 494 corp: 57/11173b lim: 333 exec/s: 0 rss: 29Mb L: 333/333 MS: 3 CrossOver-CopyPart-CopyPart-
==287761== ERROR: libFuzzer: out-of-memory (used: 1296Mb; limit: 1024Mb)
   To change the out-of-memory limit use -rss_limit_mb=<N>

MS: 2 CopyPart-InsertRepeatedBytes-; base unit: f1c9ffa3e567b8d9235dbdc97bab395718ae29ef
artifact_prefix='/results/crashes/20260313_155306_67a1d308_'; Test unit written to /results/crashes/20260313_155306_67a1d308_oom-19f603a22f9c0b480564673b1dec09d02681a85c
SUMMARY: libFuzzer: out-of-memory
stat::number_of_executed_units: 1043
stat::average_exec_per_sec:     1043
stat::new_units_added:          68
stat::slowest_unit_time_sec:    0
stat::peak_rss_mb:              1297
