INFO: Running with entropic power schedule (0xFF, 100).
INFO: Seed: 1717071937
INFO: Loaded 1 modules   (252 inline 8-bit counters): 252 [0x58216be03678, 0x58216be03774), 
INFO: Loaded 1 PC tables (252 PCs): 252 [0x58216be03778,0x58216be04738), 
INFO:        4 files found in /tmp/corpus_20260313_145200_85410dde
INFO: seed corpus: files: 4 min: 48b max: 333b total: 853b rss: 28Mb
#5	INITED cov: 117 ft: 251 corp: 4/853b exec/s: 0 rss: 29Mb
#6	NEW    cov: 118 ft: 261 corp: 5/1105b lim: 333 exec/s: 0 rss: 29Mb L: 252/333 MS: 1 ChangeByte-
#11	NEW    cov: 119 ft: 265 corp: 6/1305b lim: 333 exec/s: 0 rss: 29Mb L: 200/333 MS: 5 EraseBytes-ChangeBit-ChangeBit-CMP-EraseBytes- DE: "\320\213+|!X\000\000"-
#12	NEW    cov: 119 ft: 273 corp: 7/1616b lim: 333 exec/s: 0 rss: 29Mb L: 311/333 MS: 1 InsertRepeatedBytes-
#18	NEW    cov: 119 ft: 320 corp: 8/1632b lim: 333 exec/s: 0 rss: 29Mb L: 16/333 MS: 1 CrossOver-
#20	NEW    cov: 119 ft: 321 corp: 9/1873b lim: 333 exec/s: 0 rss: 29Mb L: 241/333 MS: 2 ChangeBinInt-InsertRepeatedBytes-
#21	NEW    cov: 119 ft: 327 corp: 10/2116b lim: 333 exec/s: 0 rss: 29Mb L: 243/333 MS: 1 CrossOver-
#22	NEW    cov: 119 ft: 332 corp: 11/2407b lim: 333 exec/s: 0 rss: 29Mb L: 291/333 MS: 1 InsertRepeatedBytes-
#24	REDUCE cov: 119 ft: 332 corp: 11/2380b lim: 333 exec/s: 0 rss: 29Mb L: 225/333 MS: 2 CopyPart-EraseBytes-
#27	NEW    cov: 119 ft: 333 corp: 12/2703b lim: 333 exec/s: 0 rss: 29Mb L: 323/333 MS: 3 ShuffleBytes-CopyPart-CrossOver-
#28	NEW    cov: 119 ft: 349 corp: 13/2720b lim: 333 exec/s: 0 rss: 29Mb L: 17/333 MS: 1 InsertByte-
#32	NEW    cov: 119 ft: 355 corp: 14/2920b lim: 333 exec/s: 0 rss: 29Mb L: 200/333 MS: 4 PersAutoDict-ChangeBinInt-ChangeBit-ChangeBit- DE: "\320\213+|!X\000\000"-
#34	NEW    cov: 120 ft: 356 corp: 15/3241b lim: 333 exec/s: 0 rss: 29Mb L: 321/333 MS: 2 ChangeByte-CopyPart-
#36	NEW    cov: 121 ft: 364 corp: 16/3556b lim: 333 exec/s: 0 rss: 29Mb L: 315/333 MS: 2 ChangeByte-CMP- DE: "\000\000\000\010"-
#37	NEW    cov: 121 ft: 365 corp: 17/3875b lim: 333 exec/s: 0 rss: 29Mb L: 319/333 MS: 1 CopyPart-
#40	NEW    cov: 121 ft: 378 corp: 18/3891b lim: 333 exec/s: 0 rss: 29Mb L: 16/333 MS: 3 ChangeBinInt-ChangeByte-CopyPart-
#47	NEW    cov: 121 ft: 379 corp: 19/4214b lim: 333 exec/s: 0 rss: 29Mb L: 323/333 MS: 2 PersAutoDict-ChangeBit- DE: "\320\213+|!X\000\000"-
#49	NEW    cov: 121 ft: 389 corp: 20/4314b lim: 333 exec/s: 0 rss: 29Mb L: 100/333 MS: 2 ShuffleBytes-InsertRepeatedBytes-
#51	NEW    cov: 122 ft: 391 corp: 21/4624b lim: 333 exec/s: 0 rss: 29Mb L: 310/333 MS: 2 CopyPart-CrossOver-
#77	NEW    cov: 122 ft: 396 corp: 22/4672b lim: 333 exec/s: 0 rss: 29Mb L: 48/333 MS: 1 CrossOver-
#85	NEW    cov: 122 ft: 397 corp: 23/5003b lim: 333 exec/s: 0 rss: 29Mb L: 331/333 MS: 3 InsertByte-ChangeBinInt-InsertRepeatedBytes-
#92	NEW    cov: 122 ft: 398 corp: 24/5059b lim: 333 exec/s: 0 rss: 29Mb L: 56/333 MS: 2 CopyPart-EraseBytes-
#98	NEW    cov: 122 ft: 399 corp: 25/5115b lim: 333 exec/s: 0 rss: 29Mb L: 56/333 MS: 1 PersAutoDict- DE: "\320\213+|!X\000\000"-
#104	NEW    cov: 122 ft: 400 corp: 26/5172b lim: 333 exec/s: 0 rss: 29Mb L: 57/333 MS: 1 InsertByte-
#107	REDUCE cov: 122 ft: 400 corp: 26/5094b lim: 333 exec/s: 0 rss: 29Mb L: 253/333 MS: 3 CopyPart-ShuffleBytes-EraseBytes-
#117	NEW    cov: 122 ft: 401 corp: 27/5312b lim: 333 exec/s: 0 rss: 29Mb L: 218/333 MS: 5 PersAutoDict-ChangeByte-CrossOver-InsertRepeatedBytes-InsertRepeatedBytes- DE: "\320\213+|!X\000\000"-
#128	NEW    cov: 122 ft: 402 corp: 28/5388b lim: 333 exec/s: 0 rss: 29Mb L: 76/333 MS: 1 InsertRepeatedBytes-
#134	NEW    cov: 122 ft: 404 corp: 29/5440b lim: 333 exec/s: 0 rss: 29Mb L: 52/333 MS: 1 PersAutoDict- DE: "\000\000\000\010"-
#144	NEW    cov: 122 ft: 405 corp: 30/5682b lim: 333 exec/s: 0 rss: 29Mb L: 242/333 MS: 5 CrossOver-ShuffleBytes-CMP-ShuffleBytes-EraseBytes- DE: "frma"-
#153	NEW    cov: 122 ft: 406 corp: 31/5994b lim: 333 exec/s: 0 rss: 29Mb L: 312/333 MS: 4 ChangeByte-PersAutoDict-EraseBytes-InsertRepeatedBytes- DE: "\000\000\000\010"-
#167	NEW    cov: 122 ft: 407 corp: 32/6082b lim: 333 exec/s: 0 rss: 29Mb L: 88/333 MS: 4 PersAutoDict-CrossOver-PersAutoDict-CrossOver- DE: "\320\213+|!X\000\000"-"\320\213+|!X\000\000"-
#194	NEW    cov: 122 ft: 413 corp: 33/6414b lim: 333 exec/s: 0 rss: 29Mb L: 332/333 MS: 2 CopyPart-CrossOver-
#198	NEW    cov: 122 ft: 415 corp: 34/6742b lim: 333 exec/s: 0 rss: 29Mb L: 328/333 MS: 4 CopyPart-ShuffleBytes-InsertRepeatedBytes-InsertByte-
#201	NEW    cov: 122 ft: 416 corp: 35/6842b lim: 333 exec/s: 0 rss: 29Mb L: 100/333 MS: 3 CMP-ChangeBinInt-CrossOver- DE: "\377\013"-
#208	REDUCE cov: 122 ft: 417 corp: 36/6974b lim: 333 exec/s: 0 rss: 29Mb L: 132/333 MS: 2 CrossOver-EraseBytes-
#213	REDUCE cov: 122 ft: 418 corp: 37/7020b lim: 333 exec/s: 0 rss: 29Mb L: 46/333 MS: 5 ChangeBinInt-InsertRepeatedBytes-ChangeBit-PersAutoDict-CrossOver- DE: "frma"-
#217	NEW    cov: 122 ft: 435 corp: 38/7050b lim: 333 exec/s: 0 rss: 29Mb L: 30/333 MS: 4 CMP-ChangeBit-EraseBytes-EraseBytes- DE: "irot"-
#231	NEW    cov: 122 ft: 441 corp: 39/7203b lim: 333 exec/s: 0 rss: 29Mb L: 153/333 MS: 4 ChangeBit-CrossOver-EraseBytes-InsertByte-
#233	REDUCE cov: 122 ft: 441 corp: 39/7200b lim: 333 exec/s: 0 rss: 29Mb L: 43/333 MS: 2 ChangeBinInt-EraseBytes-
#264	NEW    cov: 122 ft: 445 corp: 40/7510b lim: 333 exec/s: 0 rss: 29Mb L: 310/333 MS: 1 CrossOver-
#269	NEW    cov: 122 ft: 446 corp: 41/7571b lim: 333 exec/s: 0 rss: 29Mb L: 61/333 MS: 5 PersAutoDict-PersAutoDict-PersAutoDict-CrossOver-EraseBytes- DE: "\000\000\000\010"-"\000\000\000\010"-"frma"-
#337	NEW    cov: 122 ft: 450 corp: 42/7891b lim: 333 exec/s: 0 rss: 29Mb L: 320/333 MS: 3 ChangeByte-InsertRepeatedBytes-ChangeByte-
#342	NEW    cov: 122 ft: 451 corp: 43/7985b lim: 333 exec/s: 0 rss: 29Mb L: 94/333 MS: 5 ChangeASCIIInt-InsertByte-ShuffleBytes-InsertByte-CrossOver-
#344	NEW    cov: 122 ft: 453 corp: 44/8093b lim: 333 exec/s: 0 rss: 29Mb L: 108/333 MS: 2 ChangeByte-CrossOver-
#345	NEW    cov: 122 ft: 462 corp: 45/8102b lim: 333 exec/s: 0 rss: 29Mb L: 9/333 MS: 1 EraseBytes-
#392	NEW    cov: 122 ft: 463 corp: 46/8434b lim: 333 exec/s: 0 rss: 29Mb L: 332/333 MS: 2 CMP-CrossOver- DE: "\000\000v\223|\000\256M"-
#402	REDUCE cov: 122 ft: 463 corp: 46/8374b lim: 333 exec/s: 0 rss: 29Mb L: 140/333 MS: 5 ChangeByte-CMP-ChangeBit-CrossOver-EraseBytes- DE: "\001\010"-
#439	NEW    cov: 123 ft: 464 corp: 47/8381b lim: 333 exec/s: 0 rss: 29Mb L: 7/333 MS: 2 ChangeBit-EraseBytes-
#448	NEW    cov: 123 ft: 465 corp: 48/8699b lim: 333 exec/s: 0 rss: 29Mb L: 318/333 MS: 4 CMP-ChangeBinInt-InsertByte-CrossOver- DE: "\001\000v\223|\000\036\315"-
#462	REDUCE cov: 123 ft: 465 corp: 48/8660b lim: 333 exec/s: 0 rss: 29Mb L: 213/333 MS: 4 CopyPart-CopyPart-InsertRepeatedBytes-EraseBytes-
#469	REDUCE cov: 123 ft: 465 corp: 48/8625b lim: 333 exec/s: 0 rss: 29Mb L: 97/333 MS: 2 EraseBytes-ShuffleBytes-
#496	NEW    cov: 123 ft: 472 corp: 49/8905b lim: 333 exec/s: 0 rss: 29Mb L: 280/333 MS: 2 InsertRepeatedBytes-CrossOver-
#548	NEW    cov: 123 ft: 473 corp: 50/9125b lim: 333 exec/s: 0 rss: 29Mb L: 220/333 MS: 2 ShuffleBytes-PersAutoDict- DE: "\320\213+|!X\000\000"-
#609	NEW    cov: 123 ft: 474 corp: 51/9190b lim: 333 exec/s: 0 rss: 29Mb L: 65/333 MS: 1 PersAutoDict- DE: "frma"-
#657	REDUCE cov: 123 ft: 474 corp: 51/9036b lim: 333 exec/s: 0 rss: 29Mb L: 165/333 MS: 3 CMP-InsertRepeatedBytes-CrossOver- DE: "cdsc"-
#659	NEW    cov: 123 ft: 475 corp: 52/9044b lim: 333 exec/s: 0 rss: 29Mb L: 8/333 MS: 2 CrossOver-InsertByte-
#679	REDUCE cov: 123 ft: 475 corp: 52/9003b lim: 333 exec/s: 0 rss: 29Mb L: 99/333 MS: 5 ChangeByte-PersAutoDict-ChangeASCIIInt-CopyPart-EraseBytes- DE: "\001\010"-
#689	NEW    cov: 123 ft: 477 corp: 53/9332b lim: 333 exec/s: 0 rss: 29Mb L: 329/333 MS: 5 InsertRepeatedBytes-ChangeBinInt-CMP-ChangeByte-ChangeByte- DE: "\377\377\377\007"-
#712	NEW    cov: 123 ft: 478 corp: 54/9583b lim: 333 exec/s: 0 rss: 29Mb L: 251/333 MS: 3 ChangeBit-ShuffleBytes-CopyPart-
#713	REDUCE cov: 123 ft: 479 corp: 55/9870b lim: 333 exec/s: 0 rss: 29Mb L: 287/333 MS: 1 InsertRepeatedBytes-
#791	REDUCE cov: 123 ft: 479 corp: 55/9818b lim: 333 exec/s: 0 rss: 29Mb L: 263/333 MS: 3 InsertByte-CMP-EraseBytes- DE: "\011\000"-
#796	REDUCE cov: 123 ft: 479 corp: 55/9815b lim: 333 exec/s: 0 rss: 29Mb L: 97/333 MS: 5 ChangeBinInt-ShuffleBytes-ChangeBinInt-InsertByte-EraseBytes-
#873	NEW    cov: 123 ft: 480 corp: 56/9906b lim: 333 exec/s: 0 rss: 29Mb L: 91/333 MS: 2 InsertByte-CopyPart-
#879	NEW    cov: 123 ft: 481 corp: 57/10194b lim: 333 exec/s: 0 rss: 29Mb L: 288/333 MS: 1 CopyPart-
#1013	REDUCE cov: 123 ft: 481 corp: 57/10193b lim: 333 exec/s: 0 rss: 29Mb L: 75/333 MS: 4 EraseBytes-ChangeBinInt-CrossOver-CMP- DE: "0\000\000\000"-
#1017	REDUCE cov: 123 ft: 481 corp: 57/10162b lim: 333 exec/s: 0 rss: 29Mb L: 211/333 MS: 4 ChangeASCIIInt-ChangeBinInt-InsertByte-EraseBytes-
#1090	REDUCE cov: 123 ft: 481 corp: 57/10083b lim: 333 exec/s: 0 rss: 29Mb L: 134/333 MS: 3 ChangeBinInt-CMP-EraseBytes- DE: "\000\000v\223|\001{\236"-
#1100	REDUCE cov: 123 ft: 481 corp: 57/10063b lim: 333 exec/s: 0 rss: 29Mb L: 79/333 MS: 5 InsertByte-ChangeByte-CrossOver-ShuffleBytes-EraseBytes-
#1105	REDUCE cov: 123 ft: 481 corp: 57/10016b lim: 333 exec/s: 0 rss: 29Mb L: 264/333 MS: 5 EraseBytes-InsertByte-ChangeByte-ShuffleBytes-InsertRepeatedBytes-
#1204	NEW    cov: 123 ft: 482 corp: 58/10315b lim: 333 exec/s: 0 rss: 29Mb L: 299/333 MS: 4 ChangeByte-ChangeASCIIInt-CrossOver-CrossOver-
#1208	REDUCE cov: 123 ft: 482 corp: 58/10257b lim: 333 exec/s: 0 rss: 29Mb L: 222/333 MS: 4 ChangeBit-ChangeASCIIInt-ShuffleBytes-EraseBytes-
#1286	REDUCE cov: 123 ft: 482 corp: 58/10226b lim: 333 exec/s: 0 rss: 29Mb L: 301/333 MS: 3 CopyPart-ChangeASCIIInt-EraseBytes-
#1305	REDUCE cov: 123 ft: 482 corp: 58/10220b lim: 333 exec/s: 0 rss: 29Mb L: 50/333 MS: 4 InsertRepeatedBytes-CopyPart-EraseBytes-EraseBytes-
#1411	REDUCE cov: 123 ft: 482 corp: 58/10210b lim: 333 exec/s: 0 rss: 29Mb L: 40/333 MS: 1 EraseBytes-
#1417	REDUCE cov: 123 ft: 482 corp: 58/10207b lim: 333 exec/s: 0 rss: 29Mb L: 58/333 MS: 1 EraseBytes-
#1439	REDUCE cov: 123 ft: 482 corp: 58/10206b lim: 333 exec/s: 0 rss: 29Mb L: 96/333 MS: 2 InsertByte-EraseBytes-
#1549	REDUCE cov: 123 ft: 482 corp: 58/10134b lim: 333 exec/s: 0 rss: 29Mb L: 257/333 MS: 5 InsertRepeatedBytes-ChangeByte-ChangeBit-CrossOver-EraseBytes-
#1554	REDUCE cov: 123 ft: 482 corp: 58/10123b lim: 333 exec/s: 0 rss: 29Mb L: 230/333 MS: 5 PersAutoDict-CrossOver-CrossOver-CopyPart-EraseBytes- DE: "\001\010"-
#1606	NEW    cov: 123 ft: 484 corp: 59/10440b lim: 333 exec/s: 0 rss: 29Mb L: 317/333 MS: 2 InsertByte-CopyPart-
#1622	REDUCE cov: 123 ft: 484 corp: 59/10439b lim: 333 exec/s: 0 rss: 29Mb L: 8/333 MS: 1 EraseBytes-
#1838	REDUCE cov: 123 ft: 484 corp: 59/10438b lim: 333 exec/s: 0 rss: 29Mb L: 55/333 MS: 1 EraseBytes-
#2145	REDUCE cov: 123 ft: 484 corp: 59/10413b lim: 333 exec/s: 0 rss: 29Mb L: 193/333 MS: 2 ChangeBit-EraseBytes-
#2238	REDUCE cov: 123 ft: 484 corp: 59/10401b lim: 333 exec/s: 0 rss: 29Mb L: 31/333 MS: 3 PersAutoDict-ChangeBit-EraseBytes- DE: "\000\000\000\010"-
#2362	REDUCE cov: 123 ft: 484 corp: 59/10398b lim: 333 exec/s: 0 rss: 29Mb L: 27/333 MS: 4 ShuffleBytes-ChangeByte-ShuffleBytes-EraseBytes-
#2459	REDUCE cov: 123 ft: 484 corp: 59/10374b lim: 333 exec/s: 0 rss: 29Mb L: 41/333 MS: 2 EraseBytes-PersAutoDict- DE: "\001\010"-
#2486	REDUCE cov: 123 ft: 484 corp: 59/10309b lim: 333 exec/s: 0 rss: 29Mb L: 69/333 MS: 2 EraseBytes-ShuffleBytes-
#2526	REDUCE cov: 123 ft: 485 corp: 60/10531b lim: 333 exec/s: 0 rss: 29Mb L: 222/333 MS: 5 CMP-ShuffleBytes-CopyPart-ChangeASCIIInt-ChangeBit- DE: "\001\000v\223|\000\253\355"-
#2538	REDUCE cov: 123 ft: 485 corp: 60/10460b lim: 333 exec/s: 0 rss: 29Mb L: 252/333 MS: 2 ChangeBinInt-CrossOver-
#2565	REDUCE cov: 123 ft: 485 corp: 60/10439b lim: 333 exec/s: 0 rss: 29Mb L: 48/333 MS: 2 EraseBytes-ChangeASCIIInt-
#2692	REDUCE cov: 123 ft: 485 corp: 60/10436b lim: 333 exec/s: 0 rss: 29Mb L: 4/333 MS: 2 ChangeBinInt-EraseBytes-
#2940	REDUCE cov: 123 ft: 485 corp: 60/10424b lim: 333 exec/s: 0 rss: 29Mb L: 309/333 MS: 3 InsertByte-ChangeBinInt-EraseBytes-
#3081	NEW    cov: 123 ft: 491 corp: 61/10708b lim: 333 exec/s: 0 rss: 29Mb L: 284/333 MS: 1 CrossOver-
#3096	NEW    cov: 123 ft: 492 corp: 62/10973b lim: 333 exec/s: 0 rss: 29Mb L: 265/333 MS: 5 PersAutoDict-ChangeByte-CrossOver-InsertRepeatedBytes-PersAutoDict- DE: "\377\013"-"\377\377\377\007"-
#3298	REDUCE cov: 123 ft: 492 corp: 62/10959b lim: 333 exec/s: 0 rss: 29Mb L: 270/333 MS: 2 ShuffleBytes-EraseBytes-
#3367	NEW    cov: 123 ft: 493 corp: 63/11292b lim: 333 exec/s: 0 rss: 29Mb L: 333/333 MS: 4 PersAutoDict-ChangeBinInt-CMP-CMP- DE: "\001\010"-"\377\377\377\010"-"thmb"-
#3370	REDUCE cov: 123 ft: 494 corp: 64/11567b lim: 333 exec/s: 0 rss: 29Mb L: 275/333 MS: 3 CopyPart-ChangeASCIIInt-CopyPart-
#3526	REDUCE cov: 123 ft: 494 corp: 64/11565b lim: 333 exec/s: 0 rss: 29Mb L: 2/333 MS: 1 EraseBytes-
#3562	REDUCE cov: 123 ft: 494 corp: 64/11493b lim: 333 exec/s: 0 rss: 29Mb L: 150/333 MS: 1 EraseBytes-
#3634	REDUCE cov: 123 ft: 494 corp: 64/11492b lim: 333 exec/s: 0 rss: 29Mb L: 1/333 MS: 2 ChangeBit-EraseBytes-
#3727	REDUCE cov: 123 ft: 494 corp: 64/11455b lim: 333 exec/s: 0 rss: 29Mb L: 63/333 MS: 3 ChangeBinInt-EraseBytes-CopyPart-
#3906	REDUCE cov: 123 ft: 494 corp: 64/11400b lim: 333 exec/s: 0 rss: 29Mb L: 138/333 MS: 4 CrossOver-CrossOver-InsertByte-InsertRepeatedBytes-
#3942	REDUCE cov: 123 ft: 494 corp: 64/11398b lim: 333 exec/s: 0 rss: 29Mb L: 73/333 MS: 1 EraseBytes-
#4336	NEW    cov: 123 ft: 495 corp: 65/11648b lim: 333 exec/s: 0 rss: 29Mb L: 250/333 MS: 4 ChangeBit-ChangeByte-ChangeBit-EraseBytes-
#4337	REDUCE cov: 123 ft: 495 corp: 65/11642b lim: 333 exec/s: 0 rss: 29Mb L: 159/333 MS: 1 EraseBytes-
#4408	REDUCE cov: 123 ft: 495 corp: 65/11634b lim: 333 exec/s: 0 rss: 29Mb L: 40/333 MS: 1 EraseBytes-
#4564	REDUCE cov: 123 ft: 495 corp: 65/11630b lim: 333 exec/s: 0 rss: 29Mb L: 248/333 MS: 1 EraseBytes-
#4614	REDUCE cov: 123 ft: 495 corp: 65/11595b lim: 333 exec/s: 0 rss: 29Mb L: 208/333 MS: 5 InsertRepeatedBytes-ChangeByte-ChangeBit-CopyPart-EraseBytes-
#4885	REDUCE cov: 123 ft: 495 corp: 65/11576b lim: 333 exec/s: 0 rss: 29Mb L: 189/333 MS: 1 EraseBytes-
#5079	REDUCE cov: 123 ft: 495 corp: 65/11574b lim: 333 exec/s: 0 rss: 29Mb L: 29/333 MS: 4 ChangeBit-PersAutoDict-ShuffleBytes-EraseBytes- DE: "thmb"-
#5166	NEW    cov: 123 ft: 501 corp: 66/11899b lim: 333 exec/s: 0 rss: 29Mb L: 325/333 MS: 2 InsertRepeatedBytes-ShuffleBytes-
#5182	REDUCE cov: 123 ft: 501 corp: 66/11896b lim: 333 exec/s: 0 rss: 29Mb L: 26/333 MS: 1 EraseBytes-
#5443	REDUCE cov: 123 ft: 501 corp: 66/11876b lim: 333 exec/s: 0 rss: 29Mb L: 169/333 MS: 1 EraseBytes-
#5715	REDUCE cov: 123 ft: 501 corp: 66/11851b lim: 333 exec/s: 0 rss: 29Mb L: 83/333 MS: 2 ChangeByte-CrossOver-
#5743	REDUCE cov: 123 ft: 501 corp: 66/11825b lim: 333 exec/s: 0 rss: 29Mb L: 196/333 MS: 3 ChangeByte-ChangeBit-EraseBytes-
#5937	REDUCE cov: 123 ft: 501 corp: 66/11823b lim: 333 exec/s: 0 rss: 29Mb L: 228/333 MS: 4 ChangeByte-InsertRepeatedBytes-ChangeBinInt-EraseBytes-
#6026	REDUCE cov: 123 ft: 514 corp: 67/12097b lim: 333 exec/s: 0 rss: 29Mb L: 274/333 MS: 4 ChangeASCIIInt-CMP-ShuffleBytes-CopyPart- DE: "\001\000\000\010"-
#6132	REDUCE cov: 123 ft: 514 corp: 67/12056b lim: 333 exec/s: 0 rss: 29Mb L: 210/333 MS: 1 EraseBytes-
#6186	REDUCE cov: 123 ft: 514 corp: 67/12051b lim: 333 exec/s: 0 rss: 29Mb L: 50/333 MS: 4 InsertByte-ShuffleBytes-ShuffleBytes-EraseBytes-
#6264	NEW    cov: 123 ft: 515 corp: 68/12325b lim: 333 exec/s: 0 rss: 29Mb L: 274/333 MS: 3 ChangeByte-CopyPart-CopyPart-
#6841	REDUCE cov: 123 ft: 515 corp: 68/12319b lim: 333 exec/s: 6841 rss: 30Mb L: 190/333 MS: 1 EraseBytes-
#6928	REDUCE cov: 123 ft: 515 corp: 68/12287b lim: 333 exec/s: 6928 rss: 30Mb L: 178/333 MS: 2 InsertByte-EraseBytes-
#7070	REDUCE cov: 123 ft: 515 corp: 68/12273b lim: 333 exec/s: 7070 rss: 30Mb L: 139/333 MS: 2 ChangeBit-EraseBytes-
#7280	REDUCE cov: 123 ft: 515 corp: 68/12272b lim: 333 exec/s: 7280 rss: 30Mb L: 57/333 MS: 5 ChangeASCIIInt-EraseBytes-PersAutoDict-ChangeBit-CopyPart- DE: "\377\377\377\007"-
#7320	REDUCE cov: 123 ft: 515 corp: 68/12263b lim: 333 exec/s: 7320 rss: 30Mb L: 31/333 MS: 5 ShuffleBytes-ChangeByte-ChangeBinInt-PersAutoDict-EraseBytes- DE: "\001\000v\223|\000\036\315"-
#7447	REDUCE cov: 123 ft: 515 corp: 68/12215b lim: 333 exec/s: 7447 rss: 30Mb L: 226/333 MS: 2 ChangeBit-EraseBytes-
#7483	REDUCE cov: 123 ft: 515 corp: 68/12142b lim: 333 exec/s: 7483 rss: 30Mb L: 117/333 MS: 1 EraseBytes-
#7534	REDUCE cov: 123 ft: 515 corp: 68/12134b lim: 333 exec/s: 7534 rss: 30Mb L: 131/333 MS: 1 EraseBytes-
#7766	REDUCE cov: 123 ft: 515 corp: 68/12116b lim: 333 exec/s: 7766 rss: 30Mb L: 291/333 MS: 2 ShuffleBytes-EraseBytes-
#7893	REDUCE cov: 123 ft: 515 corp: 68/12112b lim: 333 exec/s: 7893 rss: 30Mb L: 44/333 MS: 2 InsertByte-EraseBytes-
#7963	REDUCE cov: 123 ft: 516 corp: 69/12386b lim: 333 exec/s: 7963 rss: 30Mb L: 274/333 MS: 5 PersAutoDict-ChangeBit-ChangeBinInt-CMP-ChangeByte- DE: "irot"-"hvc1"-
#8142	REDUCE cov: 123 ft: 516 corp: 69/12385b lim: 333 exec/s: 8142 rss: 30Mb L: 39/333 MS: 4 ChangeBinInt-InsertByte-ChangeBinInt-EraseBytes-
#8419	REDUCE cov: 123 ft: 516 corp: 69/12370b lim: 333 exec/s: 8419 rss: 30Mb L: 68/333 MS: 2 ChangeBit-EraseBytes-
#9004	REDUCE cov: 123 ft: 516 corp: 69/12334b lim: 333 exec/s: 9004 rss: 30Mb L: 255/333 MS: 5 ChangeByte-CrossOver-CrossOver-ChangeBit-EraseBytes-
#9219	REDUCE cov: 123 ft: 517 corp: 70/12599b lim: 333 exec/s: 9219 rss: 30Mb L: 265/333 MS: 5 CMP-InsertRepeatedBytes-EraseBytes-CopyPart-CrossOver- DE: "\000\000v\223|\006\354\320"-
==89647== ERROR: libFuzzer: out-of-memory (used: 2384Mb; limit: 1024Mb)
   To change the out-of-memory limit use -rss_limit_mb=<N>

MS: 4 ChangeBinInt-InsertByte-InsertRepeatedBytes-EraseBytes-; base unit: 7b749b22a09ed3927d1e767eedb8c86511a88266
0x0,0x0,0x0,0x1c,0x66,0x74,0x79,0x70,0x69,0x73,0x6f,0x35,0x0,0x0,0x0,0x0,0x69,0x73,0x6f,0x35,0x69,0x73,0x6f,0x36,0x6d,0x70,0x0,0x0,0x0,0x0,0x0,0x1,0x0,0x0,0x0,0x0,0x0,0x0,0x0,0x1,0x0,0x76,0x93,0x7c,0x0,0xab,0xed,0x0,0x91,0x91,0x91,0x91,0x91,0x91,0x91,0x91,0x91,0x91,0x91,0x91,0x91,0x91,0x91,0x91,0x91,0x91,0x91,0x91,0x91,0x91,0x91,0x91,0x91,0x91,0x91,0x91,0x91,0x91,0x91,0x91,0x91,0x91,0x91,0x91,0x91,0x91,0x91,0x91,0x91,0x91,0x91,0x91,0x91,0x91,0x91,0x91,0x91,0x91,0x91,0x91,0x91,0x91,0x91,0x91,0x91,0x91,0x91,0x91,0x91,0x91,0x91,0x91,0x91,0x91,0x91,0x91,0x91,0x91,0x91,0x91,0x91,0x91,0x91,0x91,0x91,0x91,0x91,0x91,0x91,0x91,0x91,0x91,0x91,0x91,0x91,0x91,0x91,0x91,0x91,0x91,0x91,0x91,0x91,0x0,0x0,0x0,0x0,0x0,0x0,0x0,0x0,0x0,0x0,0x0,0x0,0x0,0x0,0x0,0x0,0x0,0x0,0x0,0x0,0x0,0x0,0x0,0x0,0x0,0x0,0x3,0xe8,0x0,0x0,0xe,0x10,0x0,0x1,0x0,0x0,0x0,0x0,0x0,0x0,0x1,0x0,0x0,0x0,0x28,0x6d,0x64,0x61,0x0,0x0,0x0,0x0,0x0,0x0,0x0,0x0,0x0,0x0,0x3,0xe8,0x0,0x0,0xe,0x10,0x0,0x1,0x0,0x0,0xff,0x43,0xff,0xff,0xff,0xff,0xff,0xff,0xff,0x0,0x0,0x0,0x0,0x0,
\000\000\000\034ftypiso5\000\000\000\000iso5iso6mp\000\000\000\000\000\001\000\000\000\000\000\000\000\001\000v\223|\000\253\355\000\221\221\221\221\221\221\221\221\221\221\221\221\221\221\221\221\221\221\221\221\221\221\221\221\221\221\221\221\221\221\221\221\221\221\221\221\221\221\221\221\221\221\221\221\221\221\221\221\221\221\221\221\221\221\221\221\221\221\221\221\221\221\221\221\221\221\221\221\221\221\221\221\221\221\221\221\221\221\221\221\221\221\221\221\221\221\221\221\221\221\221\221\221\221\221\000\000\000\000\000\000\000\000\000\000\000\000\000\000\000\000\000\000\000\000\000\000\000\000\000\000\003\350\000\000\016\020\000\001\000\000\000\000\000\000\001\000\000\000(mda\000\000\000\000\000\000\000\000\000\000\003\350\000\000\016\020\000\001\000\000\377C\377\377\377\377\377\377\377\000\000\000\000\000
artifact_prefix='/results/crashes/20260313_145200_85410dde_'; Test unit written to /results/crashes/20260313_145200_85410dde_oom-a0231a3227964d250d3e4a2d08685b491c5a5dc4
Base64: AAAAHGZ0eXBpc281AAAAAGlzbzVpc282bXAAAAAAAAEAAAAAAAAAAQB2k3wAq+0AkZGRkZGRkZGRkZGRkZGRkZGRkZGRkZGRkZGRkZGRkZGRkZGRkZGRkZGRkZGRkZGRkZGRkZGRkZGRkZGRkZGRkZGRkZGRkZGRkZGRkZGRkZGRkZGRkZGRkZGRkZGRkZEAAAAAAAAAAAAAAAAAAAAAAAAAAAAAAAAAAAPoAAAOEAABAAAAAAAAAQAAAChtZGEAAAAAAAAAAAAAA+gAAA4QAAEAAP9D/////////wAAAAAA
SUMMARY: libFuzzer: out-of-memory
stat::number_of_executed_units: 9343
stat::average_exec_per_sec:     3114
stat::new_units_added:          133
stat::slowest_unit_time_sec:    0
stat::peak_rss_mb:              2385
