INFO: Running with entropic power schedule (0xFF, 100).
INFO: Seed: 2742126753
INFO: Loaded 1 modules   (252 inline 8-bit counters): 252 [0x633382480678, 0x633382480774), 
INFO: Loaded 1 PC tables (252 PCs): 252 [0x633382480778,0x633382481738), 
INFO:        4 files found in /tmp/corpus_20260313_163910_d3b416f9
INFO: seed corpus: files: 4 min: 48b max: 333b total: 853b rss: 28Mb
#5	INITED cov: 117 ft: 250 corp: 4/853b exec/s: 0 rss: 29Mb
#6	NEW    cov: 117 ft: 260 corp: 5/901b lim: 333 exec/s: 0 rss: 29Mb L: 48/333 MS: 1 ChangeBinInt-
#8	NEW    cov: 118 ft: 261 corp: 6/1234b lim: 333 exec/s: 0 rss: 29Mb L: 333/333 MS: 2 ChangeByte-CopyPart-
#12	NEW    cov: 118 ft: 266 corp: 7/1538b lim: 333 exec/s: 0 rss: 29Mb L: 304/333 MS: 4 ChangeBinInt-ChangeBit-CopyPart-EraseBytes-
#21	NEW    cov: 118 ft: 294 corp: 8/1613b lim: 333 exec/s: 0 rss: 29Mb L: 75/333 MS: 4 ChangeByte-CopyPart-CopyPart-CrossOver-
#22	NEW    cov: 118 ft: 295 corp: 9/1833b lim: 333 exec/s: 0 rss: 29Mb L: 220/333 MS: 1 ShuffleBytes-
#23	NEW    cov: 118 ft: 302 corp: 10/1960b lim: 333 exec/s: 0 rss: 29Mb L: 127/333 MS: 1 CopyPart-
#26	NEW    cov: 118 ft: 308 corp: 11/2212b lim: 333 exec/s: 0 rss: 29Mb L: 252/333 MS: 3 ChangeByte-ChangeByte-ChangeBit-
#28	NEW    cov: 118 ft: 309 corp: 12/2344b lim: 333 exec/s: 0 rss: 29Mb L: 132/333 MS: 2 ShuffleBytes-InsertRepeatedBytes-
#30	NEW    cov: 118 ft: 313 corp: 13/2392b lim: 333 exec/s: 0 rss: 29Mb L: 48/333 MS: 2 CrossOver-CopyPart-
#31	NEW    cov: 118 ft: 319 corp: 14/2444b lim: 333 exec/s: 0 rss: 29Mb L: 52/333 MS: 1 CMP- DE: "hvcC"-
#34	NEW    cov: 118 ft: 329 corp: 15/2700b lim: 333 exec/s: 0 rss: 29Mb L: 256/333 MS: 3 CrossOver-ChangeByte-PersAutoDict- DE: "hvcC"-
#35	NEW    cov: 118 ft: 331 corp: 16/3033b lim: 333 exec/s: 0 rss: 29Mb L: 333/333 MS: 1 CopyPart-
#38	NEW    cov: 119 ft: 341 corp: 17/3253b lim: 333 exec/s: 0 rss: 29Mb L: 220/333 MS: 3 ChangeByte-CopyPart-CopyPart-
#40	NEW    cov: 119 ft: 342 corp: 18/3441b lim: 333 exec/s: 0 rss: 29Mb L: 188/333 MS: 2 PersAutoDict-CrossOver- DE: "hvcC"-
#42	NEW    cov: 119 ft: 343 corp: 19/3498b lim: 333 exec/s: 0 rss: 29Mb L: 57/333 MS: 2 InsertByte-PersAutoDict- DE: "hvcC"-
#51	NEW    cov: 119 ft: 349 corp: 20/3662b lim: 333 exec/s: 0 rss: 29Mb L: 164/333 MS: 4 InsertRepeatedBytes-ChangeByte-PersAutoDict-EraseBytes- DE: "hvcC"-
#58	NEW    cov: 119 ft: 355 corp: 21/3882b lim: 333 exec/s: 0 rss: 29Mb L: 220/333 MS: 2 ChangeBit-ShuffleBytes-
#62	NEW    cov: 119 ft: 357 corp: 22/4206b lim: 333 exec/s: 0 rss: 29Mb L: 324/333 MS: 4 ShuffleBytes-ChangeBinInt-CopyPart-EraseBytes-
#64	NEW    cov: 119 ft: 358 corp: 23/4277b lim: 333 exec/s: 0 rss: 29Mb L: 71/333 MS: 2 EraseBytes-EraseBytes-
#73	NEW    cov: 119 ft: 359 corp: 24/4471b lim: 333 exec/s: 0 rss: 29Mb L: 194/333 MS: 4 CopyPart-InsertRepeatedBytes-ChangeBit-CopyPart-
#80	NEW    cov: 119 ft: 360 corp: 25/4583b lim: 333 exec/s: 0 rss: 29Mb L: 112/333 MS: 2 InsertByte-InsertRepeatedBytes-
#84	NEW    cov: 119 ft: 361 corp: 26/4802b lim: 333 exec/s: 0 rss: 29Mb L: 219/333 MS: 4 ChangeByte-InsertByte-CMP-InsertRepeatedBytes- DE: "strk"-
#85	NEW    cov: 119 ft: 362 corp: 27/5026b lim: 333 exec/s: 0 rss: 29Mb L: 224/333 MS: 1 PersAutoDict- DE: "strk"-
#87	REDUCE cov: 119 ft: 362 corp: 27/4989b lim: 333 exec/s: 0 rss: 29Mb L: 296/333 MS: 2 CopyPart-EraseBytes-
#90	NEW    cov: 119 ft: 388 corp: 28/5097b lim: 333 exec/s: 0 rss: 29Mb L: 108/333 MS: 3 CrossOver-InsertRepeatedBytes-ChangeBinInt-
#93	REDUCE cov: 120 ft: 389 corp: 29/5394b lim: 333 exec/s: 0 rss: 29Mb L: 297/333 MS: 3 InsertByte-ChangeBit-CMP- DE: "~\377\377\377\377\377\377\377"-
#97	NEW    cov: 120 ft: 390 corp: 30/5566b lim: 333 exec/s: 0 rss: 29Mb L: 172/333 MS: 4 EraseBytes-InsertByte-CrossOver-EraseBytes-
#118	NEW    cov: 120 ft: 391 corp: 31/5787b lim: 333 exec/s: 0 rss: 29Mb L: 221/333 MS: 1 InsertByte-
#135	NEW    cov: 121 ft: 393 corp: 32/6098b lim: 333 exec/s: 0 rss: 29Mb L: 311/333 MS: 2 EraseBytes-CopyPart-
#162	NEW    cov: 121 ft: 394 corp: 33/6226b lim: 333 exec/s: 0 rss: 29Mb L: 128/333 MS: 2 ChangeByte-InsertByte-
#165	NEW    cov: 121 ft: 395 corp: 34/6464b lim: 333 exec/s: 0 rss: 29Mb L: 238/333 MS: 3 ShuffleBytes-CrossOver-EraseBytes-
#175	NEW    cov: 121 ft: 403 corp: 35/6767b lim: 333 exec/s: 0 rss: 29Mb L: 303/333 MS: 5 ShuffleBytes-PersAutoDict-ChangeBit-CMP-InsertRepeatedBytes- DE: "hvcC"-"\004\000"-
#182	NEW    cov: 121 ft: 404 corp: 36/7061b lim: 333 exec/s: 0 rss: 29Mb L: 294/333 MS: 2 EraseBytes-CopyPart-
#184	NEW    cov: 121 ft: 405 corp: 37/7310b lim: 333 exec/s: 0 rss: 29Mb L: 249/333 MS: 2 CopyPart-CopyPart-
#191	NEW    cov: 121 ft: 417 corp: 38/7336b lim: 333 exec/s: 0 rss: 29Mb L: 26/333 MS: 2 ChangeBit-EraseBytes-
#192	NEW    cov: 121 ft: 418 corp: 39/7415b lim: 333 exec/s: 0 rss: 29Mb L: 79/333 MS: 1 CopyPart-
#210	NEW    cov: 121 ft: 419 corp: 40/7514b lim: 333 exec/s: 0 rss: 29Mb L: 99/333 MS: 3 ChangeBit-EraseBytes-EraseBytes-
#239	REDUCE cov: 121 ft: 419 corp: 40/7469b lim: 333 exec/s: 0 rss: 29Mb L: 266/333 MS: 4 CrossOver-PersAutoDict-ChangeASCIIInt-EraseBytes- DE: "hvcC"-
#287	NEW    cov: 121 ft: 420 corp: 41/7549b lim: 333 exec/s: 0 rss: 29Mb L: 80/333 MS: 3 ChangeByte-InsertByte-CMP- DE: "\201\331f\2263c\000\000"-
#303	NEW    cov: 121 ft: 421 corp: 42/7795b lim: 333 exec/s: 0 rss: 29Mb L: 246/333 MS: 1 CrossOver-
#320	REDUCE cov: 121 ft: 421 corp: 42/7761b lim: 333 exec/s: 0 rss: 29Mb L: 269/333 MS: 2 EraseBytes-InsertRepeatedBytes-
#361	NEW    cov: 121 ft: 423 corp: 43/8060b lim: 333 exec/s: 0 rss: 29Mb L: 299/333 MS: 1 CopyPart-
#374	NEW    cov: 121 ft: 424 corp: 44/8364b lim: 333 exec/s: 0 rss: 29Mb L: 304/333 MS: 3 EraseBytes-CrossOver-CopyPart-
#379	NEW    cov: 121 ft: 441 corp: 45/8378b lim: 333 exec/s: 0 rss: 29Mb L: 14/333 MS: 5 ShuffleBytes-PersAutoDict-ChangeASCIIInt-CMP-CrossOver- DE: "hvcC"-"\377\377\377\037"-
#405	NEW    cov: 121 ft: 451 corp: 46/8396b lim: 333 exec/s: 0 rss: 29Mb L: 18/333 MS: 1 CopyPart-
#411	REDUCE cov: 121 ft: 451 corp: 46/8378b lim: 333 exec/s: 0 rss: 29Mb L: 30/333 MS: 1 EraseBytes-
#495	NEW    cov: 121 ft: 452 corp: 47/8710b lim: 333 exec/s: 0 rss: 29Mb L: 332/333 MS: 4 ChangeBinInt-PersAutoDict-CopyPart-InsertRepeatedBytes- DE: "\201\331f\2263c\000\000"-
#523	REDUCE cov: 121 ft: 452 corp: 47/8709b lim: 333 exec/s: 0 rss: 29Mb L: 323/333 MS: 3 PersAutoDict-ChangeBit-EraseBytes- DE: "\201\331f\2263c\000\000"-
#528	REDUCE cov: 121 ft: 452 corp: 47/8644b lim: 333 exec/s: 0 rss: 29Mb L: 258/333 MS: 5 CopyPart-PersAutoDict-ChangeASCIIInt-CrossOver-CopyPart- DE: "strk"-
#569	REDUCE cov: 121 ft: 452 corp: 47/8560b lim: 333 exec/s: 0 rss: 29Mb L: 162/333 MS: 1 EraseBytes-
#705	NEW    cov: 121 ft: 461 corp: 48/8669b lim: 333 exec/s: 0 rss: 29Mb L: 109/333 MS: 1 InsertByte-
#710	REDUCE cov: 121 ft: 461 corp: 48/8665b lim: 333 exec/s: 0 rss: 29Mb L: 44/333 MS: 5 InsertByte-ChangeASCIIInt-ChangeByte-PersAutoDict-EraseBytes- DE: "strk"-
#772	REDUCE cov: 121 ft: 461 corp: 48/8616b lim: 333 exec/s: 0 rss: 29Mb L: 171/333 MS: 2 ChangeByte-EraseBytes-
#776	NEW    cov: 121 ft: 462 corp: 49/8757b lim: 333 exec/s: 0 rss: 29Mb L: 141/333 MS: 4 EraseBytes-InsertByte-InsertByte-ChangeByte-
#847	NEW    cov: 121 ft: 475 corp: 50/8996b lim: 333 exec/s: 0 rss: 29Mb L: 239/333 MS: 1 InsertRepeatedBytes-
#880	REDUCE cov: 121 ft: 475 corp: 50/8931b lim: 333 exec/s: 0 rss: 29Mb L: 99/333 MS: 3 CrossOver-CrossOver-EraseBytes-
#950	REDUCE cov: 121 ft: 475 corp: 50/8930b lim: 333 exec/s: 0 rss: 29Mb L: 43/333 MS: 5 CrossOver-ShuffleBytes-PersAutoDict-CopyPart-EraseBytes- DE: "\201\331f\2263c\000\000"-
#998	REDUCE cov: 121 ft: 475 corp: 50/8920b lim: 333 exec/s: 0 rss: 29Mb L: 20/333 MS: 3 CMP-ChangeBinInt-EraseBytes- DE: "\002\000\000\000"-
#1058	NEW    cov: 121 ft: 476 corp: 51/9198b lim: 333 exec/s: 0 rss: 29Mb L: 278/333 MS: 5 ChangeBinInt-InsertRepeatedBytes-ChangeBinInt-CMP-EraseBytes- DE: "0\000\000\000"-
#1067	REDUCE cov: 121 ft: 476 corp: 51/9195b lim: 333 exec/s: 0 rss: 29Mb L: 249/333 MS: 4 CMP-CopyPart-InsertByte-EraseBytes- DE: "\001\030"-
#1068	NEW    cov: 121 ft: 477 corp: 52/9494b lim: 333 exec/s: 0 rss: 29Mb L: 299/333 MS: 1 ChangeByte-
#1094	REDUCE cov: 121 ft: 477 corp: 52/9489b lim: 333 exec/s: 0 rss: 29Mb L: 289/333 MS: 1 EraseBytes-
#1195	REDUCE cov: 121 ft: 477 corp: 52/9441b lim: 333 exec/s: 0 rss: 29Mb L: 61/333 MS: 1 EraseBytes-
#1228	REDUCE cov: 121 ft: 477 corp: 52/9440b lim: 333 exec/s: 0 rss: 29Mb L: 78/333 MS: 3 ChangeASCIIInt-PersAutoDict-EraseBytes- DE: "\002\000\000\000"-
#1283	REDUCE cov: 121 ft: 477 corp: 52/9424b lim: 333 exec/s: 0 rss: 29Mb L: 45/333 MS: 5 CrossOver-ChangeByte-CopyPart-CMP-EraseBytes- DE: "\000\000\000\000\000\000\000Q"-
#1314	REDUCE cov: 121 ft: 479 corp: 53/9449b lim: 333 exec/s: 0 rss: 29Mb L: 25/333 MS: 1 CrossOver-
#1325	REDUCE cov: 122 ft: 480 corp: 54/9455b lim: 333 exec/s: 0 rss: 29Mb L: 6/333 MS: 1 CrossOver-
#1358	NEW    cov: 122 ft: 481 corp: 55/9469b lim: 333 exec/s: 0 rss: 29Mb L: 14/333 MS: 3 CrossOver-CrossOver-EraseBytes-
#1396	REDUCE cov: 122 ft: 481 corp: 55/9464b lim: 333 exec/s: 0 rss: 29Mb L: 107/333 MS: 3 EraseBytes-PersAutoDict-CMP- DE: "strk"-"\201\031\000\324lt\000\000"-
#1408	NEW    cov: 122 ft: 482 corp: 56/9796b lim: 333 exec/s: 0 rss: 29Mb L: 332/333 MS: 2 ShuffleBytes-CrossOver-
#1621	REDUCE cov: 122 ft: 482 corp: 56/9794b lim: 333 exec/s: 0 rss: 29Mb L: 12/333 MS: 3 CopyPart-ChangeBinInt-EraseBytes-
#1644	REDUCE cov: 122 ft: 482 corp: 56/9790b lim: 333 exec/s: 0 rss: 29Mb L: 300/333 MS: 3 ChangeBinInt-InsertRepeatedBytes-EraseBytes-
#1715	NEW    cov: 122 ft: 487 corp: 57/10089b lim: 333 exec/s: 0 rss: 29Mb L: 299/333 MS: 1 ChangeBinInt-
#1741	REDUCE cov: 122 ft: 487 corp: 57/10037b lim: 333 exec/s: 0 rss: 29Mb L: 237/333 MS: 1 EraseBytes-
#1813	REDUCE cov: 122 ft: 487 corp: 57/10031b lim: 333 exec/s: 0 rss: 29Mb L: 39/333 MS: 2 CMP-EraseBytes- DE: "\377\377sl\324\0008\247"-
#1842	NEW    cov: 122 ft: 488 corp: 58/10252b lim: 333 exec/s: 0 rss: 29Mb L: 221/333 MS: 4 ChangeByte-ChangeByte-CrossOver-InsertByte-
#1909	REDUCE cov: 122 ft: 488 corp: 58/10232b lim: 333 exec/s: 0 rss: 29Mb L: 88/333 MS: 2 CMP-EraseBytes- DE: "Y\345e\2263c\000\000"-
#2095	REDUCE cov: 122 ft: 488 corp: 58/10226b lim: 333 exec/s: 0 rss: 29Mb L: 65/333 MS: 1 EraseBytes-
#2103	REDUCE cov: 122 ft: 489 corp: 59/10541b lim: 333 exec/s: 0 rss: 29Mb L: 315/333 MS: 3 ChangeByte-ChangeByte-InsertRepeatedBytes-
#2127	REDUCE cov: 122 ft: 489 corp: 59/10499b lim: 333 exec/s: 0 rss: 29Mb L: 177/333 MS: 4 InsertRepeatedBytes-ChangeBinInt-CopyPart-EraseBytes-
#2208	REDUCE cov: 122 ft: 489 corp: 59/10498b lim: 333 exec/s: 0 rss: 29Mb L: 19/333 MS: 1 EraseBytes-
#2248	REDUCE cov: 122 ft: 489 corp: 59/10491b lim: 333 exec/s: 0 rss: 29Mb L: 92/333 MS: 5 InsertByte-ChangeByte-CrossOver-ChangeBit-EraseBytes-
#2299	REDUCE cov: 122 ft: 489 corp: 59/10490b lim: 333 exec/s: 0 rss: 29Mb L: 5/333 MS: 1 EraseBytes-
#2453	REDUCE cov: 122 ft: 489 corp: 59/10480b lim: 333 exec/s: 0 rss: 29Mb L: 33/333 MS: 4 EraseBytes-PersAutoDict-ShuffleBytes-CMP- DE: "hvcC"-"ipro"-
#2530	REDUCE cov: 122 ft: 489 corp: 59/10412b lim: 333 exec/s: 0 rss: 29Mb L: 181/333 MS: 2 ShuffleBytes-EraseBytes-
#2555	REDUCE cov: 122 ft: 489 corp: 59/10410b lim: 333 exec/s: 0 rss: 29Mb L: 24/333 MS: 5 InsertRepeatedBytes-EraseBytes-ChangeByte-ShuffleBytes-InsertByte-
#2779	REDUCE cov: 122 ft: 489 corp: 59/10408b lim: 333 exec/s: 0 rss: 29Mb L: 16/333 MS: 4 ChangeByte-ChangeBit-ChangeBinInt-EraseBytes-
#2782	NEW    cov: 122 ft: 496 corp: 60/10706b lim: 333 exec/s: 0 rss: 29Mb L: 298/333 MS: 3 ChangeByte-InsertByte-PersAutoDict- DE: "\002\000\000\000"-
#2789	REDUCE cov: 122 ft: 496 corp: 60/10578b lim: 333 exec/s: 0 rss: 29Mb L: 205/333 MS: 2 PersAutoDict-EraseBytes- DE: "~\377\377\377\377\377\377\377"-
#2970	REDUCE cov: 122 ft: 496 corp: 60/10500b lim: 333 exec/s: 0 rss: 29Mb L: 220/333 MS: 1 CrossOver-
#3090	NEW    cov: 123 ft: 497 corp: 61/10821b lim: 333 exec/s: 0 rss: 29Mb L: 321/333 MS: 5 CMP-ChangeBit-CMP-ShuffleBytes-CopyPart- DE: "\377\377sl\324\001\350m"-"avc1"-
#3150	REDUCE cov: 123 ft: 498 corp: 62/11147b lim: 333 exec/s: 0 rss: 29Mb L: 326/333 MS: 5 PersAutoDict-InsertByte-CrossOver-InsertRepeatedBytes-CopyPart- DE: "\002\000\000\000"-
#3152	REDUCE cov: 123 ft: 498 corp: 62/11062b lim: 333 exec/s: 0 rss: 29Mb L: 247/333 MS: 2 ChangeBit-CrossOver-
#3252	NEW    cov: 123 ft: 499 corp: 63/11378b lim: 333 exec/s: 0 rss: 29Mb L: 316/333 MS: 5 PersAutoDict-ChangeASCIIInt-ChangeByte-CrossOver-CMP- DE: "\201\031\000\324lt\000\000"-"ispe"-
#3259	NEW    cov: 124 ft: 500 corp: 64/11670b lim: 333 exec/s: 0 rss: 29Mb L: 292/333 MS: 2 InsertByte-EraseBytes-
#3280	REDUCE cov: 124 ft: 500 corp: 64/11655b lim: 333 exec/s: 0 rss: 29Mb L: 209/333 MS: 1 EraseBytes-
#3392	REDUCE cov: 124 ft: 500 corp: 64/11654b lim: 333 exec/s: 0 rss: 29Mb L: 219/333 MS: 2 ChangeByte-EraseBytes-
#3397	REDUCE cov: 124 ft: 500 corp: 64/11585b lim: 333 exec/s: 0 rss: 29Mb L: 151/333 MS: 5 CrossOver-InsertRepeatedBytes-ChangeBit-PersAutoDict-EraseBytes- DE: "\377\377sl\324\001\350m"-
#3527	NEW    cov: 124 ft: 501 corp: 65/11599b lim: 333 exec/s: 0 rss: 29Mb L: 14/333 MS: 5 PersAutoDict-ChangeByte-CopyPart-CrossOver-EraseBytes- DE: "\001\030"-
#3576	REDUCE cov: 124 ft: 501 corp: 65/11442b lim: 333 exec/s: 0 rss: 29Mb L: 159/333 MS: 4 ChangeASCIIInt-InsertByte-InsertByte-EraseBytes-
#3623	REDUCE cov: 124 ft: 501 corp: 65/11382b lim: 333 exec/s: 0 rss: 29Mb L: 91/333 MS: 2 InsertByte-EraseBytes-
#3646	REDUCE cov: 124 ft: 501 corp: 65/11378b lim: 333 exec/s: 0 rss: 29Mb L: 10/333 MS: 3 CMP-CopyPart-EraseBytes- DE: "schi"-
#3974	REDUCE cov: 124 ft: 501 corp: 65/11373b lim: 333 exec/s: 0 rss: 29Mb L: 273/333 MS: 3 CMP-EraseBytes-InsertRepeatedBytes- DE: "\001\007"-
#4075	REDUCE cov: 124 ft: 501 corp: 65/11372b lim: 333 exec/s: 0 rss: 29Mb L: 4/333 MS: 1 EraseBytes-
#4076	REDUCE cov: 124 ft: 501 corp: 65/11361b lim: 333 exec/s: 0 rss: 29Mb L: 198/333 MS: 1 EraseBytes-
#4078	REDUCE cov: 124 ft: 501 corp: 65/11313b lim: 333 exec/s: 0 rss: 29Mb L: 111/333 MS: 2 InsertRepeatedBytes-EraseBytes-
#4157	REDUCE cov: 124 ft: 501 corp: 65/11266b lim: 333 exec/s: 0 rss: 29Mb L: 158/333 MS: 4 ChangeByte-InsertRepeatedBytes-ShuffleBytes-EraseBytes-
#4189	REDUCE cov: 124 ft: 501 corp: 65/11264b lim: 333 exec/s: 0 rss: 29Mb L: 125/333 MS: 2 ShuffleBytes-EraseBytes-
#4190	REDUCE cov: 124 ft: 501 corp: 65/11258b lim: 333 exec/s: 0 rss: 29Mb L: 241/333 MS: 1 EraseBytes-
#4194	REDUCE cov: 124 ft: 501 corp: 65/11255b lim: 333 exec/s: 0 rss: 29Mb L: 16/333 MS: 4 PersAutoDict-CopyPart-EraseBytes-EraseBytes- DE: "\000\000\000\000\000\000\000Q"-
#4211	NEW    cov: 124 ft: 525 corp: 66/11493b lim: 333 exec/s: 0 rss: 29Mb L: 238/333 MS: 2 PersAutoDict-CopyPart- DE: "\004\000"-
#4214	REDUCE cov: 124 ft: 525 corp: 66/11460b lim: 333 exec/s: 0 rss: 29Mb L: 293/333 MS: 3 ChangeBit-ShuffleBytes-EraseBytes-
#4382	REDUCE cov: 124 ft: 526 corp: 67/11468b lim: 333 exec/s: 0 rss: 29Mb L: 8/333 MS: 3 ShuffleBytes-InsertRepeatedBytes-EraseBytes-
#4401	REDUCE cov: 124 ft: 526 corp: 67/11467b lim: 333 exec/s: 0 rss: 29Mb L: 91/333 MS: 4 ShuffleBytes-CrossOver-ChangeBit-EraseBytes-
#4467	REDUCE cov: 124 ft: 526 corp: 67/11463b lim: 333 exec/s: 0 rss: 29Mb L: 190/333 MS: 1 EraseBytes-
#4487	REDUCE cov: 124 ft: 526 corp: 67/11454b lim: 333 exec/s: 0 rss: 29Mb L: 283/333 MS: 5 ChangeBit-InsertRepeatedBytes-ChangeBinInt-CMP-EraseBytes- DE: "\001\000\000\000\000\000\000$"-
#4587	REDUCE cov: 124 ft: 526 corp: 67/11400b lim: 333 exec/s: 0 rss: 29Mb L: 243/333 MS: 5 ChangeBinInt-PersAutoDict-InsertByte-CMP-EraseBytes- DE: "\201\031\000\324lt\000\000"-"\000\000"-
#4747	REDUCE cov: 124 ft: 526 corp: 67/11371b lim: 333 exec/s: 0 rss: 29Mb L: 229/333 MS: 5 ChangeByte-CMP-ShuffleBytes-ChangeByte-EraseBytes- DE: "schm"-
#4962	NEW    cov: 125 ft: 527 corp: 68/11703b lim: 333 exec/s: 0 rss: 30Mb L: 332/333 MS: 5 CMP-ChangeBit-ShuffleBytes-ShuffleBytes-CopyPart- DE: "St13runtime_"-
#5000	REDUCE cov: 125 ft: 527 corp: 68/11696b lim: 333 exec/s: 0 rss: 30Mb L: 191/333 MS: 3 ShuffleBytes-PersAutoDict-EraseBytes- DE: "schi"-
#5021	REDUCE cov: 125 ft: 527 corp: 68/11695b lim: 333 exec/s: 0 rss: 30Mb L: 3/333 MS: 1 EraseBytes-
#5142	REDUCE cov: 125 ft: 527 corp: 68/11640b lim: 333 exec/s: 0 rss: 30Mb L: 228/333 MS: 1 EraseBytes-
#5161	REDUCE cov: 125 ft: 527 corp: 68/11638b lim: 333 exec/s: 0 rss: 30Mb L: 188/333 MS: 4 ChangeBinInt-CMP-EraseBytes-CopyPart- DE: "\001\000tl\324\002\364)"-
#5185	REDUCE cov: 125 ft: 527 corp: 68/11553b lim: 333 exec/s: 0 rss: 30Mb L: 143/333 MS: 4 ChangeBit-CMP-CrossOver-EraseBytes- DE: "stsd"-
#5399	REDUCE cov: 125 ft: 527 corp: 68/11550b lim: 333 exec/s: 0 rss: 30Mb L: 234/333 MS: 4 CrossOver-EraseBytes-CopyPart-CrossOver-
#5581	REDUCE cov: 125 ft: 527 corp: 68/11475b lim: 333 exec/s: 0 rss: 30Mb L: 225/333 MS: 2 InsertByte-CrossOver-
#5626	REDUCE cov: 125 ft: 528 corp: 69/11756b lim: 333 exec/s: 0 rss: 30Mb L: 281/333 MS: 5 CMP-CopyPart-PersAutoDict-ShuffleBytes-CopyPart- DE: "hvcC"-"\377\377sl\324\001\350m"-
#6143	REDUCE cov: 125 ft: 528 corp: 69/11741b lim: 333 exec/s: 6143 rss: 30Mb L: 84/333 MS: 1 EraseBytes-
#6570	REDUCE cov: 125 ft: 528 corp: 69/11740b lim: 333 exec/s: 6570 rss: 30Mb L: 2/333 MS: 2 InsertByte-EraseBytes-
#6574	NEW    cov: 125 ft: 533 corp: 70/12071b lim: 333 exec/s: 6574 rss: 30Mb L: 331/333 MS: 4 InsertRepeatedBytes-CopyPart-ChangeBinInt-InsertByte-
#6597	REDUCE cov: 125 ft: 533 corp: 70/12049b lim: 333 exec/s: 6597 rss: 30Mb L: 30/333 MS: 3 ChangeBinInt-CopyPart-EraseBytes-
#6795	REDUCE cov: 125 ft: 533 corp: 70/12028b lim: 333 exec/s: 6795 rss: 30Mb L: 275/333 MS: 3 InsertByte-InsertRepeatedBytes-EraseBytes-
#6859	REDUCE cov: 125 ft: 533 corp: 70/12009b lim: 333 exec/s: 6859 rss: 30Mb L: 46/333 MS: 4 ShuffleBytes-InsertByte-InsertByte-EraseBytes-
#6912	REDUCE cov: 125 ft: 533 corp: 70/11992b lim: 333 exec/s: 6912 rss: 30Mb L: 74/333 MS: 3 CopyPart-ChangeBinInt-EraseBytes-
#6942	REDUCE cov: 125 ft: 533 corp: 70/11989b lim: 333 exec/s: 6942 rss: 30Mb L: 231/333 MS: 5 ShuffleBytes-InsertRepeatedBytes-ChangeBit-EraseBytes-PersAutoDict- DE: "\001\000tl\324\002\364)"-
#7106	REDUCE cov: 125 ft: 533 corp: 70/11985b lim: 333 exec/s: 7106 rss: 30Mb L: 311/333 MS: 4 ChangeByte-CopyPart-EraseBytes-InsertRepeatedBytes-
#7153	REDUCE cov: 125 ft: 533 corp: 70/11970b lim: 333 exec/s: 7153 rss: 30Mb L: 173/333 MS: 2 EraseBytes-InsertRepeatedBytes-
#7173	REDUCE cov: 125 ft: 533 corp: 70/11968b lim: 333 exec/s: 7173 rss: 30Mb L: 8/333 MS: 5 ChangeBit-EraseBytes-CrossOver-ShuffleBytes-ChangeByte-
#7259	REDUCE cov: 125 ft: 533 corp: 70/11936b lim: 333 exec/s: 7259 rss: 30Mb L: 126/333 MS: 1 EraseBytes-
#8055	REDUCE cov: 125 ft: 533 corp: 70/11931b lim: 333 exec/s: 8055 rss: 30Mb L: 75/333 MS: 1 EraseBytes-
#8274	NEW    cov: 125 ft: 534 corp: 71/12190b lim: 333 exec/s: 8274 rss: 30Mb L: 259/333 MS: 4 ShuffleBytes-EraseBytes-CopyPart-CopyPart-
#8530	REDUCE cov: 125 ft: 534 corp: 71/12189b lim: 333 exec/s: 8530 rss: 30Mb L: 1/333 MS: 1 EraseBytes-
#8579	REDUCE cov: 125 ft: 534 corp: 71/12186b lim: 333 exec/s: 8579 rss: 30Mb L: 27/333 MS: 4 ChangeByte-ChangeBinInt-PersAutoDict-EraseBytes- DE: "\004\000"-
#8627	REDUCE cov: 125 ft: 534 corp: 71/12181b lim: 333 exec/s: 8627 rss: 30Mb L: 28/333 MS: 3 InsertRepeatedBytes-CrossOver-InsertRepeatedBytes-
#8631	REDUCE cov: 125 ft: 534 corp: 71/12167b lim: 333 exec/s: 8631 rss: 30Mb L: 114/333 MS: 4 ChangeBinInt-CMP-InsertRepeatedBytes-EraseBytes- DE: "\003\000"-
#8863	NEW    cov: 126 ft: 535 corp: 72/12488b lim: 333 exec/s: 8863 rss: 30Mb L: 321/333 MS: 2 ChangeBit-InsertRepeatedBytes-
#9201	REDUCE cov: 126 ft: 535 corp: 72/12471b lim: 333 exec/s: 9201 rss: 30Mb L: 40/333 MS: 3 ChangeBit-EraseBytes-PersAutoDict- DE: "\377\377sl\324\001\350m"-
#9250	REDUCE cov: 126 ft: 535 corp: 72/12463b lim: 333 exec/s: 9250 rss: 30Mb L: 261/333 MS: 4 PersAutoDict-EraseBytes-CrossOver-PersAutoDict- DE: "\377\377sl\324\001\350m"-"Y\345e\2263c\000\000"-
#9327	REDUCE cov: 126 ft: 535 corp: 72/12462b lim: 333 exec/s: 9327 rss: 30Mb L: 11/333 MS: 2 ChangeBinInt-EraseBytes-
#9526	REDUCE cov: 126 ft: 535 corp: 72/12455b lim: 333 exec/s: 9526 rss: 30Mb L: 166/333 MS: 4 PersAutoDict-EraseBytes-CMP-InsertRepeatedBytes- DE: "\001\000\000\000\000\000\000$"-"\001\000\0008"-
#9628	REDUCE cov: 126 ft: 535 corp: 72/12428b lim: 333 exec/s: 9628 rss: 30Mb L: 99/333 MS: 2 ChangeBit-EraseBytes-
#9659	REDUCE cov: 126 ft: 535 corp: 72/12425b lim: 333 exec/s: 9659 rss: 30Mb L: 11/333 MS: 1 EraseBytes-
#9917	REDUCE cov: 126 ft: 535 corp: 72/12421b lim: 333 exec/s: 9917 rss: 30Mb L: 215/333 MS: 3 ChangeBinInt-ChangeBit-EraseBytes-
#10058	REDUCE cov: 126 ft: 535 corp: 72/12402b lim: 333 exec/s: 10058 rss: 30Mb L: 92/333 MS: 1 EraseBytes-
#10079	REDUCE cov: 126 ft: 535 corp: 72/12362b lim: 333 exec/s: 10079 rss: 30Mb L: 59/333 MS: 1 EraseBytes-
#10237	REDUCE cov: 126 ft: 535 corp: 72/12347b lim: 333 exec/s: 10237 rss: 30Mb L: 44/333 MS: 3 ShuffleBytes-InsertByte-EraseBytes-
#10580	REDUCE cov: 126 ft: 535 corp: 72/12332b lim: 333 exec/s: 10580 rss: 30Mb L: 306/333 MS: 3 ChangeBinInt-CrossOver-CrossOver-
#10804	REDUCE cov: 126 ft: 535 corp: 72/12318b lim: 333 exec/s: 10804 rss: 30Mb L: 158/333 MS: 4 ShuffleBytes-EraseBytes-InsertByte-CMP- DE: "\370\000\251\302"-
#10890	REDUCE cov: 126 ft: 535 corp: 72/12300b lim: 333 exec/s: 10890 rss: 30Mb L: 74/333 MS: 1 EraseBytes-
#11046	REDUCE cov: 126 ft: 535 corp: 72/12296b lim: 333 exec/s: 11046 rss: 30Mb L: 12/333 MS: 1 EraseBytes-
#11220	REDUCE cov: 126 ft: 535 corp: 72/12293b lim: 333 exec/s: 11220 rss: 30Mb L: 9/333 MS: 4 InsertByte-CopyPart-ChangeByte-EraseBytes-
#11344	REDUCE cov: 126 ft: 535 corp: 72/12274b lim: 333 exec/s: 11344 rss: 30Mb L: 158/333 MS: 4 InsertByte-EraseBytes-CopyPart-CopyPart-
#11410	REDUCE cov: 126 ft: 535 corp: 72/12253b lim: 333 exec/s: 11410 rss: 30Mb L: 53/333 MS: 1 EraseBytes-
#11437	REDUCE cov: 126 ft: 535 corp: 72/12002b lim: 333 exec/s: 11437 rss: 30Mb L: 22/333 MS: 2 CMP-CrossOver- DE: "\000 "-
#11439	REDUCE cov: 126 ft: 535 corp: 72/11989b lim: 333 exec/s: 11439 rss: 30Mb L: 145/333 MS: 2 InsertByte-EraseBytes-
#11451	NEW    cov: 126 ft: 536 corp: 73/12227b lim: 333 exec/s: 11451 rss: 30Mb L: 238/333 MS: 2 CMP-PersAutoDict- DE: "mdat"-"stsd"-
#11777	REDUCE cov: 126 ft: 536 corp: 73/12209b lim: 333 exec/s: 11777 rss: 30Mb L: 220/333 MS: 1 EraseBytes-
#11848	REDUCE cov: 126 ft: 536 corp: 73/12206b lim: 333 exec/s: 11848 rss: 30Mb L: 19/333 MS: 1 EraseBytes-
#11984	REDUCE cov: 126 ft: 536 corp: 73/12198b lim: 333 exec/s: 11984 rss: 30Mb L: 298/333 MS: 1 EraseBytes-
#12000	REDUCE cov: 126 ft: 536 corp: 73/12104b lim: 333 exec/s: 12000 rss: 30Mb L: 126/333 MS: 1 EraseBytes-
#12106	REDUCE cov: 126 ft: 536 corp: 73/12098b lim: 333 exec/s: 12106 rss: 30Mb L: 47/333 MS: 1 EraseBytes-
#12109	REDUCE cov: 126 ft: 536 corp: 73/12097b lim: 333 exec/s: 12109 rss: 30Mb L: 27/333 MS: 3 ChangeByte-CopyPart-EraseBytes-
#12231	REDUCE cov: 126 ft: 536 corp: 73/12091b lim: 333 exec/s: 12231 rss: 30Mb L: 34/333 MS: 2 PersAutoDict-EraseBytes- DE: "~\377\377\377\377\377\377\377"-
#12243	REDUCE cov: 126 ft: 536 corp: 73/12088b lim: 333 exec/s: 12243 rss: 30Mb L: 43/333 MS: 2 CMP-EraseBytes- DE: "stts"-
#12323	REDUCE cov: 126 ft: 536 corp: 73/12064b lim: 333 exec/s: 12323 rss: 30Mb L: 15/333 MS: 5 ChangeByte-ShuffleBytes-EraseBytes-ChangeBit-EraseBytes-
#12610	REDUCE cov: 126 ft: 536 corp: 73/12056b lim: 333 exec/s: 6305 rss: 30Mb L: 118/333 MS: 2 ChangeBinInt-EraseBytes-
#12682	REDUCE cov: 126 ft: 536 corp: 73/12053b lim: 333 exec/s: 6341 rss: 30Mb L: 41/333 MS: 2 CMP-CrossOver- DE: "mdia"-
#13014	REDUCE cov: 126 ft: 536 corp: 73/12043b lim: 333 exec/s: 6507 rss: 30Mb L: 229/333 MS: 2 ChangeBinInt-EraseBytes-
#13195	REDUCE cov: 126 ft: 536 corp: 73/12019b lim: 333 exec/s: 6597 rss: 30Mb L: 157/333 MS: 1 EraseBytes-
#13423	REDUCE cov: 126 ft: 536 corp: 73/11997b lim: 333 exec/s: 6711 rss: 30Mb L: 96/333 MS: 3 InsertByte-InsertByte-EraseBytes-
#14493	REDUCE cov: 126 ft: 536 corp: 73/11989b lim: 341 exec/s: 7246 rss: 30Mb L: 217/333 MS: 5 ChangeBit-ChangeBit-CMP-EraseBytes-CopyPart- DE: "Uihv"-
#14562	REDUCE cov: 126 ft: 536 corp: 73/11987b lim: 341 exec/s: 7281 rss: 30Mb L: 76/333 MS: 4 InsertRepeatedBytes-ChangeBinInt-ShuffleBytes-EraseBytes-
#14693	REDUCE cov: 126 ft: 536 corp: 73/11986b lim: 341 exec/s: 7346 rss: 30Mb L: 8/333 MS: 1 EraseBytes-
#15120	REDUCE cov: 126 ft: 536 corp: 73/11968b lim: 341 exec/s: 7560 rss: 30Mb L: 56/333 MS: 2 ChangeBit-EraseBytes-
#15210	REDUCE cov: 126 ft: 536 corp: 73/11944b lim: 341 exec/s: 7605 rss: 30Mb L: 90/333 MS: 5 ShuffleBytes-CMP-ShuffleBytes-ChangeASCIIInt-EraseBytes- DE: "tapt"-
#15819	REDUCE cov: 126 ft: 536 corp: 73/11916b lim: 341 exec/s: 7909 rss: 30Mb L: 60/333 MS: 4 CrossOver-CMP-InsertByte-EraseBytes- DE: "G\000\000\000"-
#16384	pulse  cov: 126 ft: 536 corp: 73/11916b lim: 341 exec/s: 8192 rss: 30Mb
#16516	REDUCE cov: 126 ft: 536 corp: 73/11903b lim: 341 exec/s: 8258 rss: 30Mb L: 83/333 MS: 2 CrossOver-EraseBytes-
#16677	REDUCE cov: 126 ft: 536 corp: 73/11901b lim: 341 exec/s: 8338 rss: 30Mb L: 17/333 MS: 1 EraseBytes-
#16758	REDUCE cov: 126 ft: 536 corp: 73/11872b lim: 341 exec/s: 8379 rss: 30Mb L: 133/333 MS: 1 CrossOver-
#16904	REDUCE cov: 126 ft: 536 corp: 73/11800b lim: 341 exec/s: 8452 rss: 30Mb L: 166/333 MS: 1 EraseBytes-
#17017	REDUCE cov: 126 ft: 536 corp: 73/11785b lim: 341 exec/s: 8508 rss: 30Mb L: 202/333 MS: 3 ShuffleBytes-ChangeBit-EraseBytes-
#17268	REDUCE cov: 126 ft: 536 corp: 73/11765b lim: 341 exec/s: 8634 rss: 30Mb L: 195/333 MS: 1 EraseBytes-
#17312	REDUCE cov: 126 ft: 536 corp: 73/11759b lim: 341 exec/s: 8656 rss: 30Mb L: 305/333 MS: 4 CrossOver-InsertRepeatedBytes-EraseBytes-CrossOver-
#17629	REDUCE cov: 126 ft: 536 corp: 73/11744b lim: 341 exec/s: 8814 rss: 30Mb L: 234/333 MS: 2 EraseBytes-InsertByte-
#17682	REDUCE cov: 126 ft: 536 corp: 73/11743b lim: 341 exec/s: 8841 rss: 30Mb L: 75/333 MS: 3 ShuffleBytes-CopyPart-EraseBytes-
#18061	REDUCE cov: 126 ft: 536 corp: 73/11703b lim: 341 exec/s: 9030 rss: 30Mb L: 93/333 MS: 4 ShuffleBytes-EraseBytes-ChangeBit-CMP- DE: "ipma"-
#18256	REDUCE cov: 126 ft: 536 corp: 73/11702b lim: 341 exec/s: 9128 rss: 30Mb L: 165/333 MS: 5 InsertByte-ChangeBit-EraseBytes-ChangeBit-InsertRepeatedBytes-
#18278	REDUCE cov: 126 ft: 536 corp: 73/11670b lim: 341 exec/s: 9139 rss: 30Mb L: 272/333 MS: 2 InsertByte-EraseBytes-
#18975	REDUCE cov: 126 ft: 536 corp: 73/11654b lim: 341 exec/s: 9487 rss: 30Mb L: 227/333 MS: 2 InsertRepeatedBytes-EraseBytes-
#19099	NEW    cov: 126 ft: 537 corp: 74/11995b lim: 341 exec/s: 6366 rss: 30Mb L: 341/341 MS: 4 ChangeASCIIInt-ShuffleBytes-CopyPart-InsertRepeatedBytes-
#19167	REDUCE cov: 126 ft: 537 corp: 74/11993b lim: 341 exec/s: 6389 rss: 30Mb L: 13/341 MS: 3 CrossOver-ChangeBit-EraseBytes-
#19540	REDUCE cov: 126 ft: 537 corp: 74/11990b lim: 341 exec/s: 6513 rss: 30Mb L: 296/341 MS: 3 ChangeByte-PersAutoDict-EraseBytes- DE: "mdia"-
#19838	NEW    cov: 126 ft: 538 corp: 75/12279b lim: 341 exec/s: 6612 rss: 30Mb L: 289/341 MS: 3 CMP-CMP-CMP- DE: "stss"-"c\246$\2023c\000\000"-"ipma"-
#20086	REDUCE cov: 127 ft: 539 corp: 76/12590b lim: 341 exec/s: 6695 rss: 30Mb L: 311/341 MS: 3 ChangeByte-PersAutoDict-CopyPart- DE: "avc1"-
#20353	REDUCE cov: 127 ft: 539 corp: 76/12583b lim: 341 exec/s: 6784 rss: 30Mb L: 40/341 MS: 2 ChangeByte-EraseBytes-
==436747== ERROR: libFuzzer: out-of-memory (used: 1226Mb; limit: 1024Mb)
   To change the out-of-memory limit use -rss_limit_mb=<N>

MS: 5 EraseBytes-ChangeBit-EraseBytes-ChangeBinInt-PersAutoDict- DE: "avc1"-; base unit: 6212ef468b7a777b85aa8b02c9adaf8a394cd9f0
0x0,0x0,0x0,0x1c,0x66,0x74,0x79,0x70,0x4d,0x34,0x56,0x20,0x0,0x0,0x0,0x0,0x4d,0x34,0x56,0x20,0x6d,0x70,0x34,0x31,0x69,0x73,0x6f,0x6d,0x0,0x0,0x0,0xe0,0x61,0x76,0x63,0x31,0x6d,0x6f,0x6f,0x76,0x0,0x0,0x0,0x78,0x6d,0x76,0x68,0x64,0x0,0x0,0x0,0x0,0x0,0x0,0xff,0xff,0x73,0x6c,0x0,0xb9,0xe8,0x6d,0x0,0x0,0x0,0x0,0x0,0x0,0x0,0x0,0x3,0xe8,0x0,0x0,0xe,0x10,0x0,0x1,0x0,0x0,0x1,0x0,0x0,0x0,0x0,0x0,0x0,0x0,0x0,0x0,0x0,0x0,0x0,0x1,0x0,0x0,0x0,0x0,0x0,0x0,0x0,0x1,0x0,0x0,0x0,0x0,0x0,0x0,0x0,0x0,0x0,0x0,0x0,0x0,0x0,0x0,0x0,0x1,0x0,0x0,0x2,0x58,0x6f,0x65,0x74,0x61,0x0,0x0,0x0,0x21,0x68,0x64,0x6c,0x72,0x0,0x0,0x0,0x0,0x0,0x0,0x0,0x0,0x6d,0x64,0x69,0x72,0x61,0x70,0x70,0x6c,0x0,0x0,0x0,0x0,0x0,0x0,0x0,0x0,0x0,0x0,0x0,0x0,0x2b,0x69,0x6c,0x73,0x74,0x0,0x0,0x0,0x68,0x76,0x63,0x43,0x1,0x0,0x0,0x0,0x0,0x54,0x65,0x73,0x20,0x74,0x56,0x69,0x0,0x65,0x6f,
\000\000\000\034ftypM4V \000\000\000\000M4V mp41isom\000\000\000\340avc1moov\000\000\000xmvhd\000\000\000\000\000\000\377\377sl\000\271\350m\000\000\000\000\000\000\000\000\003\350\000\000\016\020\000\001\000\000\001\000\000\000\000\000\000\000\000\000\000\000\000\001\000\000\000\000\000\000\000\001\000\000\000\000\000\000\000\000\000\000\000\000\000\000\000\001\000\000\002Xoeta\000\000\000!hdlr\000\000\000\000\000\000\000\000mdirappl\000\000\000\000\000\000\000\000\000\000\000\000+ilst\000\000\000hvcC\001\000\000\000\000Tes tVi\000eo
artifact_prefix='/results/crashes/20260313_163910_d3b416f9_'; Test unit written to /results/crashes/20260313_163910_d3b416f9_oom-54f204629ca63b27723766580cfaed1f944975ec
Base64: AAAAHGZ0eXBNNFYgAAAAAE00ViBtcDQxaXNvbQAAAOBhdmMxbW9vdgAAAHhtdmhkAAAAAAAA//9zbAC56G0AAAAAAAAAAAPoAAAOEAABAAABAAAAAAAAAAAAAAAAAQAAAAAAAAABAAAAAAAAAAAAAAAAAAAAAQAAAlhvZXRhAAAAIWhkbHIAAAAAAAAAAG1kaXJhcHBsAAAAAAAAAAAAAAAAK2lsc3QAAABodmNDAQAAAABUZXMgdFZpAGVv
SUMMARY: libFuzzer: out-of-memory
stat::number_of_executed_units: 20503
stat::average_exec_per_sec:     5125
stat::new_units_added:          205
stat::slowest_unit_time_sec:    0
stat::peak_rss_mb:              1228
