INFO: Running with entropic power schedule (0xFF, 100).
INFO: Seed: 2068007202
INFO: Loaded 1 modules   (252 inline 8-bit counters): 252 [0x6039b7f25678, 0x6039b7f25774), 
INFO: Loaded 1 PC tables (252 PCs): 252 [0x6039b7f25778,0x6039b7f26738), 
INFO:        4 files found in /tmp/corpus_20260313_192611_be00bd43
INFO: seed corpus: files: 4 min: 48b max: 333b total: 853b rss: 28Mb
#5	INITED cov: 120 ft: 254 corp: 4/853b exec/s: 0 rss: 29Mb
#6	NEW    cov: 120 ft: 268 corp: 5/1087b lim: 333 exec/s: 0 rss: 29Mb L: 234/333 MS: 1 InsertRepeatedBytes-
#7	NEW    cov: 120 ft: 290 corp: 6/1222b lim: 333 exec/s: 0 rss: 29Mb L: 135/333 MS: 1 EraseBytes-
#12	NEW    cov: 120 ft: 294 corp: 7/1493b lim: 333 exec/s: 0 rss: 29Mb L: 271/333 MS: 5 ShuffleBytes-ChangeByte-CMP-ChangeBinInt-InsertRepeatedBytes- DE: "\000\000\000\000"-
#13	NEW    cov: 120 ft: 301 corp: 8/1541b lim: 333 exec/s: 0 rss: 29Mb L: 48/333 MS: 1 CrossOver-
#19	NEW    cov: 120 ft: 302 corp: 9/1724b lim: 333 exec/s: 0 rss: 29Mb L: 183/333 MS: 1 CrossOver-
#20	NEW    cov: 120 ft: 308 corp: 10/1784b lim: 333 exec/s: 0 rss: 29Mb L: 60/333 MS: 1 CopyPart-
#21	NEW    cov: 120 ft: 318 corp: 11/1919b lim: 333 exec/s: 0 rss: 29Mb L: 135/333 MS: 1 ChangeBinInt-
#23	NEW    cov: 120 ft: 327 corp: 12/2024b lim: 333 exec/s: 0 rss: 29Mb L: 105/333 MS: 2 ChangeBinInt-EraseBytes-
#24	NEW    cov: 121 ft: 328 corp: 13/2295b lim: 333 exec/s: 0 rss: 29Mb L: 271/333 MS: 1 ChangeBit-
#26	NEW    cov: 122 ft: 329 corp: 14/2567b lim: 333 exec/s: 0 rss: 29Mb L: 272/333 MS: 2 EraseBytes-InsertRepeatedBytes-
#28	NEW    cov: 122 ft: 331 corp: 15/2677b lim: 333 exec/s: 0 rss: 29Mb L: 110/333 MS: 2 ChangeBinInt-CrossOver-
#34	NEW    cov: 122 ft: 332 corp: 16/2872b lim: 333 exec/s: 0 rss: 29Mb L: 195/333 MS: 1 CopyPart-
#41	NEW    cov: 122 ft: 333 corp: 17/2995b lim: 333 exec/s: 0 rss: 29Mb L: 123/333 MS: 2 ChangeBinInt-EraseBytes-
#45	NEW    cov: 122 ft: 336 corp: 18/3028b lim: 333 exec/s: 0 rss: 29Mb L: 33/333 MS: 4 InsertRepeatedBytes-CopyPart-ShuffleBytes-EraseBytes-
#50	NEW    cov: 122 ft: 343 corp: 19/3115b lim: 333 exec/s: 0 rss: 29Mb L: 87/333 MS: 5 ChangeBinInt-EraseBytes-ChangeByte-CopyPart-EraseBytes-
#53	NEW    cov: 122 ft: 377 corp: 20/3147b lim: 333 exec/s: 0 rss: 29Mb L: 32/333 MS: 3 CrossOver-CopyPart-CrossOver-
#57	REDUCE cov: 122 ft: 377 corp: 20/3135b lim: 333 exec/s: 0 rss: 29Mb L: 240/333 MS: 4 ChangeByte-ChangeBinInt-ChangeBinInt-EraseBytes-
#60	REDUCE cov: 122 ft: 377 corp: 20/3111b lim: 333 exec/s: 0 rss: 29Mb L: 210/333 MS: 3 ChangeByte-InsertByte-EraseBytes-
#62	NEW    cov: 122 ft: 378 corp: 21/3177b lim: 333 exec/s: 0 rss: 29Mb L: 66/333 MS: 2 PersAutoDict-CMP- DE: "\000\000\000\000"-"N7ISOBMFF4FTYP"-
#63	NEW    cov: 122 ft: 379 corp: 22/3353b lim: 333 exec/s: 0 rss: 29Mb L: 176/333 MS: 1 EraseBytes-
#65	NEW    cov: 122 ft: 380 corp: 23/3675b lim: 333 exec/s: 0 rss: 29Mb L: 322/333 MS: 2 ChangeBit-CopyPart-
#69	NEW    cov: 122 ft: 381 corp: 24/3886b lim: 333 exec/s: 0 rss: 29Mb L: 211/333 MS: 4 ChangeByte-EraseBytes-CMP-CopyPart- DE: "\377\377ch"-
#71	NEW    cov: 122 ft: 382 corp: 25/3918b lim: 333 exec/s: 0 rss: 29Mb L: 32/333 MS: 2 CrossOver-ChangeByte-
#74	NEW    cov: 122 ft: 390 corp: 26/3987b lim: 333 exec/s: 0 rss: 29Mb L: 69/333 MS: 3 ChangeByte-CrossOver-ChangeByte-
#80	NEW    cov: 122 ft: 392 corp: 27/4320b lim: 333 exec/s: 0 rss: 29Mb L: 333/333 MS: 1 CopyPart-
#81	NEW    cov: 122 ft: 393 corp: 28/4368b lim: 333 exec/s: 0 rss: 29Mb L: 48/333 MS: 1 ChangeBinInt-
#83	NEW    cov: 122 ft: 404 corp: 29/4556b lim: 333 exec/s: 0 rss: 29Mb L: 188/333 MS: 2 EraseBytes-ChangeByte-
#91	REDUCE cov: 122 ft: 405 corp: 30/4770b lim: 333 exec/s: 0 rss: 29Mb L: 214/333 MS: 3 CMP-ChangeBit-ChangeBinInt- DE: "\037\000\000\000"-
#97	REDUCE cov: 122 ft: 405 corp: 30/4743b lim: 333 exec/s: 0 rss: 29Mb L: 83/333 MS: 1 EraseBytes-
#99	NEW    cov: 122 ft: 406 corp: 31/4795b lim: 333 exec/s: 0 rss: 29Mb L: 52/333 MS: 2 InsertRepeatedBytes-CopyPart-
#103	REDUCE cov: 122 ft: 406 corp: 31/4772b lim: 333 exec/s: 0 rss: 29Mb L: 82/333 MS: 4 ChangeBit-CMP-InsertByte-EraseBytes- DE: "St9exception"-
#121	NEW    cov: 122 ft: 407 corp: 32/4885b lim: 333 exec/s: 0 rss: 29Mb L: 113/333 MS: 3 ChangeBinInt-EraseBytes-InsertByte-
#137	NEW    cov: 123 ft: 408 corp: 33/5156b lim: 333 exec/s: 0 rss: 29Mb L: 271/333 MS: 1 ChangeBinInt-
#147	NEW    cov: 123 ft: 409 corp: 34/5230b lim: 333 exec/s: 0 rss: 29Mb L: 74/333 MS: 5 ChangeBinInt-ChangeBit-PersAutoDict-InsertByte-InsertRepeatedBytes- DE: "N7ISOBMFF4FTYP"-
#148	REDUCE cov: 123 ft: 416 corp: 35/5416b lim: 333 exec/s: 0 rss: 29Mb L: 186/333 MS: 1 EraseBytes-
#177	REDUCE cov: 123 ft: 416 corp: 35/5412b lim: 333 exec/s: 0 rss: 29Mb L: 44/333 MS: 4 PersAutoDict-ChangeByte-CrossOver-EraseBytes- DE: "N7ISOBMFF4FTYP"-
#192	NEW    cov: 124 ft: 418 corp: 36/5727b lim: 333 exec/s: 0 rss: 29Mb L: 315/333 MS: 5 InsertRepeatedBytes-ChangeBinInt-CopyPart-PersAutoDict-CrossOver- DE: "\037\000\000\000"-
#219	REDUCE cov: 124 ft: 418 corp: 36/5725b lim: 333 exec/s: 0 rss: 29Mb L: 50/333 MS: 2 CrossOver-EraseBytes-
#240	NEW    cov: 124 ft: 420 corp: 37/5946b lim: 333 exec/s: 0 rss: 29Mb L: 221/333 MS: 1 InsertByte-
#259	REDUCE cov: 124 ft: 420 corp: 37/5922b lim: 333 exec/s: 0 rss: 29Mb L: 216/333 MS: 4 CMP-PersAutoDict-ChangeBinInt-EraseBytes- DE: "stbl"-"\037\000\000\000"-
#271	REDUCE cov: 124 ft: 421 corp: 38/5966b lim: 333 exec/s: 0 rss: 29Mb L: 44/333 MS: 2 ChangeByte-CopyPart-
#317	REDUCE cov: 124 ft: 421 corp: 38/5954b lim: 333 exec/s: 0 rss: 29Mb L: 204/333 MS: 1 EraseBytes-
#354	REDUCE cov: 124 ft: 421 corp: 38/5952b lim: 333 exec/s: 0 rss: 29Mb L: 30/333 MS: 2 PersAutoDict-EraseBytes- DE: "\037\000\000\000"-
#391	NEW    cov: 124 ft: 424 corp: 39/6266b lim: 333 exec/s: 0 rss: 29Mb L: 314/333 MS: 2 CopyPart-CopyPart-
#480	NEW    cov: 124 ft: 425 corp: 40/6580b lim: 333 exec/s: 0 rss: 29Mb L: 314/333 MS: 4 CrossOver-ChangeBit-ShuffleBytes-CopyPart-
#492	NEW    cov: 124 ft: 431 corp: 41/6913b lim: 333 exec/s: 0 rss: 29Mb L: 333/333 MS: 2 CopyPart-CopyPart-
#518	REDUCE cov: 124 ft: 439 corp: 42/6938b lim: 333 exec/s: 0 rss: 29Mb L: 25/333 MS: 1 EraseBytes-
#565	REDUCE cov: 124 ft: 439 corp: 42/6902b lim: 333 exec/s: 0 rss: 29Mb L: 174/333 MS: 2 EraseBytes-InsertRepeatedBytes-
#577	REDUCE cov: 124 ft: 439 corp: 42/6873b lim: 333 exec/s: 0 rss: 29Mb L: 286/333 MS: 2 InsertRepeatedBytes-EraseBytes-
#625	REDUCE cov: 124 ft: 439 corp: 42/6864b lim: 333 exec/s: 0 rss: 29Mb L: 73/333 MS: 3 ChangeByte-ChangeBit-EraseBytes-
#632	NEW    cov: 124 ft: 440 corp: 43/6936b lim: 333 exec/s: 0 rss: 29Mb L: 72/333 MS: 2 CopyPart-PersAutoDict- DE: "St9exception"-
#694	NEW    cov: 124 ft: 446 corp: 44/7245b lim: 333 exec/s: 0 rss: 29Mb L: 309/333 MS: 2 CopyPart-InsertRepeatedBytes-
#815	REDUCE cov: 124 ft: 446 corp: 44/7226b lim: 333 exec/s: 0 rss: 29Mb L: 167/333 MS: 1 EraseBytes-
#826	NEW    cov: 124 ft: 457 corp: 45/7248b lim: 333 exec/s: 0 rss: 29Mb L: 22/333 MS: 1 EraseBytes-
#837	NEW    cov: 124 ft: 458 corp: 46/7581b lim: 333 exec/s: 0 rss: 29Mb L: 333/333 MS: 1 CrossOver-
#847	REDUCE cov: 124 ft: 458 corp: 46/7564b lim: 333 exec/s: 0 rss: 29Mb L: 27/333 MS: 5 CrossOver-PersAutoDict-ChangeBinInt-EraseBytes-EraseBytes- DE: "\037\000\000\000"-
#878	REDUCE cov: 124 ft: 458 corp: 46/7562b lim: 333 exec/s: 0 rss: 29Mb L: 25/333 MS: 1 EraseBytes-
#927	NEW    cov: 124 ft: 467 corp: 47/7571b lim: 333 exec/s: 0 rss: 29Mb L: 9/333 MS: 4 EraseBytes-PersAutoDict-ChangeBit-CrossOver- DE: "stbl"-
#985	REDUCE cov: 124 ft: 467 corp: 47/7492b lim: 333 exec/s: 0 rss: 29Mb L: 254/333 MS: 3 ChangeByte-ChangeByte-CrossOver-
#1066	NEW    cov: 125 ft: 468 corp: 48/7493b lim: 333 exec/s: 0 rss: 29Mb L: 1/333 MS: 1 CrossOver-
#1098	REDUCE cov: 125 ft: 469 corp: 49/7810b lim: 333 exec/s: 0 rss: 29Mb L: 317/333 MS: 2 PersAutoDict-CrossOver- DE: "\000\000\000\000"-
#1135	REDUCE cov: 125 ft: 469 corp: 49/7658b lim: 333 exec/s: 0 rss: 29Mb L: 162/333 MS: 2 ShuffleBytes-EraseBytes-
#1144	REDUCE cov: 125 ft: 469 corp: 49/7629b lim: 333 exec/s: 0 rss: 29Mb L: 166/333 MS: 4 InsertByte-ShuffleBytes-ChangeByte-EraseBytes-
#1242	NEW    cov: 125 ft: 470 corp: 50/7646b lim: 333 exec/s: 0 rss: 29Mb L: 17/333 MS: 3 EraseBytes-CrossOver-InsertByte-
#1290	NEW    cov: 125 ft: 480 corp: 51/7919b lim: 333 exec/s: 0 rss: 29Mb L: 273/333 MS: 3 ChangeByte-PersAutoDict-CrossOver- DE: "\377\377ch"-
#1386	REDUCE cov: 125 ft: 481 corp: 52/8185b lim: 333 exec/s: 0 rss: 29Mb L: 266/333 MS: 1 InsertRepeatedBytes-
#1412	NEW    cov: 125 ft: 484 corp: 53/8518b lim: 333 exec/s: 0 rss: 29Mb L: 333/333 MS: 1 CrossOver-
#1480	REDUCE cov: 125 ft: 484 corp: 53/8490b lim: 333 exec/s: 0 rss: 29Mb L: 160/333 MS: 3 PersAutoDict-CrossOver-EraseBytes- DE: "\037\000\000\000"-
#1535	REDUCE cov: 125 ft: 484 corp: 53/8485b lim: 333 exec/s: 0 rss: 29Mb L: 17/333 MS: 5 InsertByte-InsertByte-ChangeByte-ChangeBinInt-EraseBytes-
#1612	NEW    cov: 125 ft: 488 corp: 54/8818b lim: 333 exec/s: 0 rss: 29Mb L: 333/333 MS: 2 ChangeASCIIInt-CopyPart-
#1625	NEW    cov: 125 ft: 489 corp: 55/9099b lim: 333 exec/s: 0 rss: 29Mb L: 281/333 MS: 3 ChangeASCIIInt-CMP-ChangeBit- DE: "y\353p\3239`\000\000"-
#1657	REDUCE cov: 125 ft: 489 corp: 55/9063b lim: 333 exec/s: 0 rss: 29Mb L: 140/333 MS: 2 CMP-EraseBytes- DE: "~\377\377\377\377\377\377\377"-
#1701	REDUCE cov: 125 ft: 489 corp: 55/9036b lim: 333 exec/s: 0 rss: 29Mb L: 140/333 MS: 4 ChangeByte-CMP-ChangeByte-EraseBytes- DE: "stbl"-
#1756	REDUCE cov: 125 ft: 489 corp: 55/8972b lim: 333 exec/s: 0 rss: 29Mb L: 207/333 MS: 5 CrossOver-EraseBytes-CMP-InsertByte-ChangeByte- DE: "N7ISOBMFF3BoxE"-
#1851	REDUCE cov: 125 ft: 489 corp: 55/8850b lim: 333 exec/s: 0 rss: 29Mb L: 200/333 MS: 5 CopyPart-ChangeBit-CMP-EraseBytes-CMP- DE: "\000\000\000\010"-"\010\000\000\000"-
#1976	REDUCE cov: 125 ft: 489 corp: 55/8828b lim: 333 exec/s: 0 rss: 29Mb L: 22/333 MS: 5 ChangeByte-ChangeBinInt-ShuffleBytes-CopyPart-EraseBytes-
#2020	REDUCE cov: 125 ft: 489 corp: 55/8808b lim: 333 exec/s: 0 rss: 29Mb L: 93/333 MS: 4 ChangeBit-CrossOver-ChangeBinInt-InsertByte-
#2087	NEW    cov: 125 ft: 490 corp: 56/9008b lim: 333 exec/s: 0 rss: 29Mb L: 200/333 MS: 2 CrossOver-InsertByte-
#2123	REDUCE cov: 125 ft: 490 corp: 56/9006b lim: 333 exec/s: 0 rss: 29Mb L: 121/333 MS: 1 EraseBytes-
#2257	NEW    cov: 125 ft: 491 corp: 57/9116b lim: 333 exec/s: 0 rss: 29Mb L: 110/333 MS: 4 CrossOver-ChangeBit-ChangeBinInt-ChangeByte-
#2263	REDUCE cov: 125 ft: 491 corp: 57/9047b lim: 333 exec/s: 0 rss: 29Mb L: 202/333 MS: 1 EraseBytes-
#2276	REDUCE cov: 125 ft: 491 corp: 57/9045b lim: 333 exec/s: 0 rss: 29Mb L: 15/333 MS: 3 ChangeBit-CopyPart-EraseBytes-
#2414	REDUCE cov: 125 ft: 491 corp: 57/9005b lim: 333 exec/s: 0 rss: 29Mb L: 293/333 MS: 3 EraseBytes-PersAutoDict-InsertRepeatedBytes- DE: "\010\000\000\000"-
#2419	REDUCE cov: 125 ft: 491 corp: 57/8999b lim: 333 exec/s: 0 rss: 29Mb L: 129/333 MS: 5 ChangeASCIIInt-CopyPart-CrossOver-CrossOver-InsertByte-
#2433	REDUCE cov: 125 ft: 491 corp: 57/8989b lim: 333 exec/s: 0 rss: 29Mb L: 12/333 MS: 4 InsertByte-ShuffleBytes-CMP-EraseBytes- DE: "\377\002"-
#2435	NEW    cov: 125 ft: 492 corp: 58/9002b lim: 333 exec/s: 0 rss: 29Mb L: 13/333 MS: 2 ChangeBit-PersAutoDict- DE: "\000\000\000\010"-
#2482	NEW    cov: 125 ft: 493 corp: 59/9335b lim: 333 exec/s: 0 rss: 29Mb L: 333/333 MS: 2 PersAutoDict-ShuffleBytes- DE: "stbl"-
#2484	REDUCE cov: 125 ft: 493 corp: 59/9242b lim: 333 exec/s: 0 rss: 29Mb L: 17/333 MS: 2 ChangeBinInt-CrossOver-
#2528	REDUCE cov: 125 ft: 493 corp: 59/9236b lim: 333 exec/s: 0 rss: 29Mb L: 280/333 MS: 4 CMP-ShuffleBytes-PersAutoDict-EraseBytes- DE: "cdsc"-"\377\377ch"-
#2629	REDUCE cov: 125 ft: 493 corp: 59/9230b lim: 333 exec/s: 0 rss: 29Mb L: 19/333 MS: 1 EraseBytes-
#2772	REDUCE cov: 125 ft: 493 corp: 59/9226b lim: 333 exec/s: 0 rss: 29Mb L: 26/333 MS: 3 ChangeBit-ShuffleBytes-EraseBytes-
#2950	NEW    cov: 125 ft: 498 corp: 60/9545b lim: 333 exec/s: 0 rss: 29Mb L: 319/333 MS: 3 CrossOver-ChangeBit-InsertRepeatedBytes-
#2977	REDUCE cov: 125 ft: 498 corp: 60/9540b lim: 333 exec/s: 0 rss: 29Mb L: 68/333 MS: 2 EraseBytes-CMP- DE: "\373V\002\330\025u\000\000"-
#2983	REDUCE cov: 125 ft: 498 corp: 60/9536b lim: 333 exec/s: 0 rss: 29Mb L: 11/333 MS: 1 EraseBytes-
#3085	REDUCE cov: 125 ft: 498 corp: 60/9416b lim: 333 exec/s: 0 rss: 29Mb L: 152/333 MS: 2 EraseBytes-EraseBytes-
#3152	NEW    cov: 125 ft: 499 corp: 61/9688b lim: 333 exec/s: 0 rss: 29Mb L: 272/333 MS: 2 CrossOver-EraseBytes-
#3198	REDUCE cov: 125 ft: 499 corp: 61/9656b lim: 333 exec/s: 0 rss: 29Mb L: 108/333 MS: 1 EraseBytes-
#3207	REDUCE cov: 125 ft: 499 corp: 61/9613b lim: 333 exec/s: 0 rss: 29Mb L: 65/333 MS: 4 ShuffleBytes-ChangeBinInt-CrossOver-EraseBytes-
#3318	REDUCE cov: 125 ft: 499 corp: 61/9605b lim: 333 exec/s: 0 rss: 29Mb L: 206/333 MS: 1 EraseBytes-
#3334	REDUCE cov: 125 ft: 499 corp: 61/9549b lim: 333 exec/s: 0 rss: 29Mb L: 258/333 MS: 1 EraseBytes-
#3425	NEW    cov: 125 ft: 500 corp: 62/9882b lim: 333 exec/s: 0 rss: 29Mb L: 333/333 MS: 1 CrossOver-
#3603	REDUCE cov: 125 ft: 500 corp: 62/9881b lim: 333 exec/s: 0 rss: 29Mb L: 16/333 MS: 3 CopyPart-ShuffleBytes-EraseBytes-
#3732	REDUCE cov: 125 ft: 500 corp: 62/9873b lim: 333 exec/s: 0 rss: 29Mb L: 17/333 MS: 4 ChangeBit-ChangeByte-EraseBytes-ShuffleBytes-
#3796	REDUCE cov: 125 ft: 500 corp: 62/9758b lim: 333 exec/s: 0 rss: 29Mb L: 156/333 MS: 4 PersAutoDict-ChangeByte-EraseBytes-CMP- DE: "\373V\002\330\025u\000\000"-"\000\000u\025\330\002\320@"-
#3935	REDUCE cov: 125 ft: 500 corp: 62/9754b lim: 333 exec/s: 0 rss: 29Mb L: 65/333 MS: 4 EraseBytes-EraseBytes-ChangeASCIIInt-InsertRepeatedBytes-
#3947	REDUCE cov: 125 ft: 500 corp: 62/9748b lim: 333 exec/s: 0 rss: 29Mb L: 54/333 MS: 2 EraseBytes-ChangeBit-
#4071	REDUCE cov: 125 ft: 500 corp: 62/9737b lim: 333 exec/s: 0 rss: 29Mb L: 247/333 MS: 4 CMP-EraseBytes-EraseBytes-InsertRepeatedBytes- DE: "mdia"-
#4214	REDUCE cov: 125 ft: 500 corp: 62/9732b lim: 333 exec/s: 0 rss: 29Mb L: 157/333 MS: 3 ChangeByte-ChangeBit-EraseBytes-
#4312	REDUCE cov: 125 ft: 500 corp: 62/9730b lim: 333 exec/s: 0 rss: 29Mb L: 10/333 MS: 3 ChangeBinInt-ChangeBinInt-EraseBytes-
#4465	REDUCE cov: 125 ft: 500 corp: 62/9725b lim: 333 exec/s: 0 rss: 29Mb L: 202/333 MS: 3 InsertRepeatedBytes-CMP-EraseBytes- DE: "\377\377_9\267\317I\344"-
#4571	REDUCE cov: 125 ft: 500 corp: 62/9724b lim: 333 exec/s: 0 rss: 29Mb L: 9/333 MS: 1 EraseBytes-
#4649	REDUCE cov: 125 ft: 500 corp: 62/9718b lim: 333 exec/s: 0 rss: 29Mb L: 194/333 MS: 3 InsertByte-ChangeByte-EraseBytes-
#4767	NEW    cov: 125 ft: 501 corp: 63/9991b lim: 333 exec/s: 0 rss: 29Mb L: 273/333 MS: 3 ChangeBinInt-PersAutoDict-CMP- DE: "\000\000\000\010"-"\377\377\377\377\377\377\000\021"-
#4822	REDUCE cov: 125 ft: 501 corp: 63/9986b lim: 333 exec/s: 0 rss: 29Mb L: 8/333 MS: 5 CopyPart-CopyPart-ChangeBinInt-EraseBytes-InsertByte-
#4887	REDUCE cov: 125 ft: 501 corp: 63/9983b lim: 333 exec/s: 0 rss: 29Mb L: 8/333 MS: 5 ShuffleBytes-ChangeBit-ChangeBinInt-EraseBytes-InsertByte-
#4947	REDUCE cov: 125 ft: 501 corp: 63/9974b lim: 333 exec/s: 0 rss: 29Mb L: 10/333 MS: 5 InsertByte-CMP-ChangeBit-ChangeBit-EraseBytes- DE: "St13runtime_"-
#5029	REDUCE cov: 125 ft: 501 corp: 63/9973b lim: 333 exec/s: 0 rss: 29Mb L: 9/333 MS: 2 ShuffleBytes-EraseBytes-
#5090	REDUCE cov: 125 ft: 501 corp: 63/9943b lim: 333 exec/s: 5090 rss: 29Mb L: 164/333 MS: 3 CrossOver-PersAutoDict-EraseBytes- DE: "\377\377\377\377\377\377\000\021"-
#5101	REDUCE cov: 125 ft: 501 corp: 63/9942b lim: 333 exec/s: 5101 rss: 29Mb L: 8/333 MS: 1 EraseBytes-
#5112	REDUCE cov: 125 ft: 501 corp: 63/9941b lim: 333 exec/s: 5112 rss: 29Mb L: 25/333 MS: 1 EraseBytes-
#5209	REDUCE cov: 125 ft: 501 corp: 63/9893b lim: 333 exec/s: 5209 rss: 29Mb L: 154/333 MS: 2 CMP-CrossOver- DE: "M\001\000\000\000\000\000\000"-
#5352	NEW    cov: 125 ft: 514 corp: 64/10154b lim: 333 exec/s: 5352 rss: 29Mb L: 261/333 MS: 3 EraseBytes-InsertByte-InsertByte-
#5353	REDUCE cov: 125 ft: 514 corp: 64/10121b lim: 333 exec/s: 5353 rss: 29Mb L: 286/333 MS: 1 EraseBytes-
#5384	REDUCE cov: 125 ft: 514 corp: 64/10112b lim: 333 exec/s: 5384 rss: 29Mb L: 238/333 MS: 1 CrossOver-
#5653	REDUCE cov: 125 ft: 514 corp: 64/10100b lim: 333 exec/s: 5653 rss: 29Mb L: 321/333 MS: 4 CopyPart-ShuffleBytes-ChangeByte-EraseBytes-
#5789	REDUCE cov: 125 ft: 514 corp: 64/10090b lim: 333 exec/s: 5789 rss: 29Mb L: 270/333 MS: 1 EraseBytes-
#5897	REDUCE cov: 125 ft: 514 corp: 64/10088b lim: 333 exec/s: 5897 rss: 29Mb L: 268/333 MS: 3 ShuffleBytes-EraseBytes-CopyPart-
#6009	REDUCE cov: 125 ft: 514 corp: 64/10069b lim: 333 exec/s: 6009 rss: 29Mb L: 133/333 MS: 2 EraseBytes-CopyPart-
#6204	REDUCE cov: 125 ft: 514 corp: 64/10045b lim: 333 exec/s: 6204 rss: 29Mb L: 136/333 MS: 5 ChangeASCIIInt-ChangeBinInt-CrossOver-EraseBytes-EraseBytes-
#6346	REDUCE cov: 125 ft: 514 corp: 64/10030b lim: 333 exec/s: 6346 rss: 29Mb L: 187/333 MS: 2 ChangeBit-EraseBytes-
#7347	REDUCE cov: 125 ft: 514 corp: 64/9985b lim: 341 exec/s: 7347 rss: 29Mb L: 209/333 MS: 1 EraseBytes-
#7363	REDUCE cov: 125 ft: 514 corp: 64/9981b lim: 341 exec/s: 7363 rss: 29Mb L: 150/333 MS: 1 EraseBytes-
#7397	REDUCE cov: 125 ft: 514 corp: 64/9933b lim: 341 exec/s: 7397 rss: 29Mb L: 92/333 MS: 4 EraseBytes-ChangeBinInt-ChangeByte-InsertByte-
#7588	REDUCE cov: 125 ft: 514 corp: 64/9929b lim: 341 exec/s: 7588 rss: 29Mb L: 50/333 MS: 1 EraseBytes-
#7641	REDUCE cov: 125 ft: 514 corp: 64/9909b lim: 341 exec/s: 7641 rss: 29Mb L: 313/333 MS: 3 EraseBytes-InsertRepeatedBytes-PersAutoDict- DE: "\000\000\000\000"-
#7939	REDUCE cov: 125 ft: 514 corp: 64/9899b lim: 341 exec/s: 7939 rss: 29Mb L: 173/333 MS: 3 CMP-InsertRepeatedBytes-EraseBytes- DE: "\004\233\006<\034\033\301\311"-
#7964	REDUCE cov: 125 ft: 514 corp: 64/9896b lim: 341 exec/s: 7964 rss: 29Mb L: 197/333 MS: 5 EraseBytes-ChangeBinInt-ChangeByte-ChangeBit-InsertRepeatedBytes-
#8171	NEW    cov: 125 ft: 515 corp: 65/10030b lim: 341 exec/s: 8171 rss: 29Mb L: 134/333 MS: 2 EraseBytes-CopyPart-
#8302	REDUCE cov: 125 ft: 515 corp: 65/10022b lim: 341 exec/s: 8302 rss: 29Mb L: 8/333 MS: 1 EraseBytes-
#8518	NEW    cov: 125 ft: 520 corp: 66/10109b lim: 341 exec/s: 8518 rss: 29Mb L: 87/333 MS: 1 EraseBytes-
#8765	REDUCE cov: 125 ft: 520 corp: 66/10099b lim: 341 exec/s: 8765 rss: 29Mb L: 123/333 MS: 2 ShuffleBytes-EraseBytes-
#8833	REDUCE cov: 125 ft: 520 corp: 66/10072b lim: 341 exec/s: 8833 rss: 29Mb L: 60/333 MS: 3 ChangeBinInt-ChangeBinInt-EraseBytes-
#8922	REDUCE cov: 125 ft: 520 corp: 66/10048b lim: 341 exec/s: 8922 rss: 29Mb L: 36/333 MS: 4 ChangeBinInt-ShuffleBytes-CopyPart-EraseBytes-
#9054	REDUCE cov: 125 ft: 520 corp: 66/10040b lim: 341 exec/s: 9054 rss: 29Mb L: 325/333 MS: 2 CrossOver-EraseBytes-
#9278	REDUCE cov: 125 ft: 520 corp: 66/10021b lim: 341 exec/s: 9278 rss: 29Mb L: 219/333 MS: 4 CopyPart-CrossOver-ShuffleBytes-EraseBytes-
#10035	REDUCE cov: 125 ft: 520 corp: 66/10017b lim: 341 exec/s: 10035 rss: 29Mb L: 169/333 MS: 2 InsertByte-EraseBytes-
#10362	REDUCE cov: 125 ft: 520 corp: 66/10010b lim: 341 exec/s: 10362 rss: 29Mb L: 29/333 MS: 2 ChangeBit-EraseBytes-
#10438	REDUCE cov: 125 ft: 520 corp: 66/10005b lim: 341 exec/s: 10438 rss: 29Mb L: 201/333 MS: 1 EraseBytes-
#10539	REDUCE cov: 125 ft: 520 corp: 66/9980b lim: 341 exec/s: 10539 rss: 29Mb L: 98/333 MS: 1 EraseBytes-
#10815	REDUCE cov: 125 ft: 520 corp: 66/9975b lim: 341 exec/s: 5407 rss: 29Mb L: 24/333 MS: 1 EraseBytes-
#10872	NEW    cov: 125 ft: 521 corp: 67/10316b lim: 341 exec/s: 5436 rss: 29Mb L: 341/341 MS: 2 ShuffleBytes-InsertRepeatedBytes-
#11206	NEW    cov: 125 ft: 533 corp: 68/10545b lim: 341 exec/s: 5603 rss: 29Mb L: 229/341 MS: 4 PersAutoDict-ChangeASCIIInt-ChangeByte-CMP- DE: "mdia"-"pixi"-
#11352	REDUCE cov: 125 ft: 533 corp: 68/10511b lim: 341 exec/s: 5676 rss: 29Mb L: 247/341 MS: 1 EraseBytes-
#11533	REDUCE cov: 125 ft: 533 corp: 68/10499b lim: 341 exec/s: 5766 rss: 29Mb L: 122/341 MS: 1 EraseBytes-
#11694	REDUCE cov: 125 ft: 533 corp: 68/10498b lim: 341 exec/s: 5847 rss: 29Mb L: 67/341 MS: 1 EraseBytes-
#12258	REDUCE cov: 125 ft: 533 corp: 68/10474b lim: 341 exec/s: 6129 rss: 29Mb L: 42/341 MS: 4 InsertRepeatedBytes-EraseBytes-CopyPart-EraseBytes-
#12997	REDUCE cov: 126 ft: 534 corp: 69/10573b lim: 341 exec/s: 6498 rss: 30Mb L: 99/341 MS: 4 CopyPart-ChangeBit-ChangeBinInt-CMP- DE: "hvc1"-
#13345	REDUCE cov: 126 ft: 534 corp: 69/10491b lim: 341 exec/s: 6672 rss: 30Mb L: 147/341 MS: 3 CrossOver-ChangeBit-EraseBytes-
#13820	REDUCE cov: 126 ft: 535 corp: 70/10831b lim: 341 exec/s: 6910 rss: 30Mb L: 340/341 MS: 5 CopyPart-ChangeByte-EraseBytes-ChangeByte-InsertRepeatedBytes-
#14108	REDUCE cov: 126 ft: 535 corp: 70/10766b lim: 341 exec/s: 7054 rss: 30Mb L: 275/341 MS: 3 InsertByte-ChangeBit-EraseBytes-
#14539	REDUCE cov: 126 ft: 535 corp: 70/10752b lim: 341 exec/s: 7269 rss: 30Mb L: 51/341 MS: 1 EraseBytes-
#14572	REDUCE cov: 126 ft: 535 corp: 70/10748b lim: 341 exec/s: 7286 rss: 30Mb L: 152/341 MS: 3 ChangeBit-InsertRepeatedBytes-EraseBytes-
#14608	REDUCE cov: 126 ft: 539 corp: 71/11034b lim: 341 exec/s: 7304 rss: 30Mb L: 286/341 MS: 1 PersAutoDict- DE: "pixi"-
#14820	REDUCE cov: 126 ft: 539 corp: 71/11027b lim: 341 exec/s: 7410 rss: 30Mb L: 279/341 MS: 2 ChangeBit-EraseBytes-
#14919	REDUCE cov: 126 ft: 539 corp: 71/11004b lim: 341 exec/s: 7459 rss: 30Mb L: 124/341 MS: 4 CMP-CrossOver-PersAutoDict-EraseBytes- DE: "!\000"-"\000\000u\025\330\002\320@"-
#15004	REDUCE cov: 126 ft: 539 corp: 71/10991b lim: 341 exec/s: 7502 rss: 30Mb L: 86/341 MS: 5 InsertByte-CrossOver-InsertByte-CMP-EraseBytes- DE: "14pm"-
#15410	REDUCE cov: 126 ft: 540 corp: 72/11092b lim: 341 exec/s: 7705 rss: 30Mb L: 101/341 MS: 1 EraseBytes-
==941108== ERROR: libFuzzer: out-of-memory (used: 1378Mb; limit: 1024Mb)
   To change the out-of-memory limit use -rss_limit_mb=<N>

MS: 2 PersAutoDict-PersAutoDict- DE: "\373V\002\330\025u\000\000"-"!\000"-; base unit: 334c63fa6189b690d5d5385451922d7ded90cdc4
0x0,0x0,0x0,0x1c,0x66,0x74,0x79,0x70,0x4d,0x34,0x56,0x20,0x0,0x0,0x0,0x0,0x4d,0x34,0x0,0x0,0x0,0x0,0xfe,0xff,0x0,0x0,0x0,0x0,0x0,0x0,0x0,0x1,0x21,0x0,0x0,0x0,0x0,0x0,0x0,0x1,0x0,0x0,0x0,0x0,0x0,0x40,0x0,0x0,0x0,0x0,0x0,0x0,0x0,0xfb,0x56,0x2,0xd8,0x15,0x75,0x0,0x0,
\000\000\000\034ftypM4V \000\000\000\000M4\000\000\000\000\376\377\000\000\000\000\000\000\000\001!\000\000\000\000\000\000\001\000\000\000\000\000@\000\000\000\000\000\000\000\373V\002\330\025u\000\000
artifact_prefix='/results/crashes/20260313_192611_be00bd43_'; Test unit written to /results/crashes/20260313_192611_be00bd43_oom-e3165bf47a00dc2a5628e546cef5ff5d4b546bf7
Base64: AAAAHGZ0eXBNNFYgAAAAAE00AAAAAP7/AAAAAAAAAAEhAAAAAAAAAQAAAAAAQAAAAAAAAAD7VgLYFXUAAA==
SUMMARY: libFuzzer: out-of-memory
stat::number_of_executed_units: 16362
stat::average_exec_per_sec:     4090
stat::new_units_added:          167
stat::slowest_unit_time_sec:    0
stat::peak_rss_mb:              1379
