INFO: Running with entropic power schedule (0xFF, 100).
INFO: Seed: 3804785262
INFO: Loaded 1 modules   (252 inline 8-bit counters): 252 [0x589762617678, 0x589762617774), 
INFO: Loaded 1 PC tables (252 PCs): 252 [0x589762617778,0x589762618738), 
INFO:        4 files found in /tmp/corpus_20260313_180318_6a27dbee
INFO: seed corpus: files: 4 min: 48b max: 333b total: 853b rss: 28Mb
#5	INITED cov: 117 ft: 251 corp: 4/853b exec/s: 0 rss: 29Mb
#6	NEW    cov: 117 ft: 266 corp: 5/1118b lim: 333 exec/s: 0 rss: 29Mb L: 265/333 MS: 1 CrossOver-
#7	NEW    cov: 117 ft: 267 corp: 6/1451b lim: 333 exec/s: 0 rss: 29Mb L: 333/333 MS: 1 CrossOver-
#10	NEW    cov: 118 ft: 274 corp: 7/1778b lim: 333 exec/s: 0 rss: 29Mb L: 327/333 MS: 3 ChangeBinInt-ShuffleBytes-InsertRepeatedBytes-
#11	NEW    cov: 118 ft: 276 corp: 8/2073b lim: 333 exec/s: 0 rss: 29Mb L: 295/333 MS: 1 InsertRepeatedBytes-
#17	NEW    cov: 118 ft: 283 corp: 9/2214b lim: 333 exec/s: 0 rss: 29Mb L: 141/333 MS: 1 InsertRepeatedBytes-
#20	NEW    cov: 118 ft: 284 corp: 10/2435b lim: 333 exec/s: 0 rss: 29Mb L: 221/333 MS: 3 ChangeBinInt-ChangeASCIIInt-InsertByte-
#21	NEW    cov: 118 ft: 286 corp: 11/2676b lim: 333 exec/s: 0 rss: 29Mb L: 241/333 MS: 1 CopyPart-
#24	NEW    cov: 118 ft: 287 corp: 12/2936b lim: 333 exec/s: 0 rss: 29Mb L: 260/333 MS: 3 ChangeBit-ChangeBinInt-EraseBytes-
#29	NEW    cov: 119 ft: 289 corp: 13/3269b lim: 333 exec/s: 0 rss: 29Mb L: 333/333 MS: 5 ShuffleBytes-ChangeBinInt-CrossOver-CrossOver-CopyPart-
#30	NEW    cov: 119 ft: 296 corp: 14/3531b lim: 333 exec/s: 0 rss: 29Mb L: 262/333 MS: 1 InsertRepeatedBytes-
#35	NEW    cov: 120 ft: 297 corp: 15/3763b lim: 333 exec/s: 0 rss: 29Mb L: 232/333 MS: 5 ChangeASCIIInt-CMP-ShuffleBytes-ChangeBit-CopyPart- DE: "\011\000\000\000"-
#38	NEW    cov: 120 ft: 298 corp: 16/4059b lim: 333 exec/s: 0 rss: 29Mb L: 296/333 MS: 3 ShuffleBytes-InsertByte-ChangeBit-
#44	NEW    cov: 120 ft: 299 corp: 17/4280b lim: 333 exec/s: 0 rss: 29Mb L: 221/333 MS: 1 InsertByte-
#48	NEW    cov: 120 ft: 330 corp: 18/4526b lim: 333 exec/s: 0 rss: 29Mb L: 246/333 MS: 4 InsertByte-InsertRepeatedBytes-InsertByte-ChangeBinInt-
#66	NEW    cov: 120 ft: 346 corp: 19/4575b lim: 333 exec/s: 0 rss: 29Mb L: 49/333 MS: 3 ShuffleBytes-ChangeBinInt-InsertByte-
#76	NEW    cov: 120 ft: 352 corp: 20/4905b lim: 333 exec/s: 0 rss: 29Mb L: 330/333 MS: 5 ChangeASCIIInt-PersAutoDict-CopyPart-InsertByte-ChangeBit- DE: "\011\000\000\000"-
#88	NEW    cov: 120 ft: 366 corp: 21/5225b lim: 333 exec/s: 0 rss: 29Mb L: 320/333 MS: 2 ChangeByte-InsertRepeatedBytes-
#125	NEW    cov: 120 ft: 367 corp: 22/5412b lim: 333 exec/s: 0 rss: 29Mb L: 187/333 MS: 2 ChangeBit-EraseBytes-
#127	NEW    cov: 120 ft: 385 corp: 23/5422b lim: 333 exec/s: 0 rss: 29Mb L: 10/333 MS: 2 CopyPart-CrossOver-
#130	NEW    cov: 120 ft: 386 corp: 24/5688b lim: 333 exec/s: 0 rss: 29Mb L: 266/333 MS: 3 PersAutoDict-CMP-ChangeByte- DE: "\011\000\000\000"-"\365\365\365\365"-
#146	NEW    cov: 120 ft: 395 corp: 25/5920b lim: 333 exec/s: 0 rss: 29Mb L: 232/333 MS: 1 CMP- DE: "ipma"-
#175	NEW    cov: 120 ft: 405 corp: 26/5993b lim: 333 exec/s: 0 rss: 29Mb L: 73/333 MS: 4 ShuffleBytes-ChangeByte-CrossOver-CrossOver-
#180	REDUCE cov: 120 ft: 405 corp: 26/5914b lim: 333 exec/s: 0 rss: 29Mb L: 153/333 MS: 5 CrossOver-ChangeByte-ChangeASCIIInt-PersAutoDict-EraseBytes- DE: "\011\000\000\000"-
#194	NEW    cov: 120 ft: 406 corp: 27/6189b lim: 333 exec/s: 0 rss: 29Mb L: 275/333 MS: 4 CopyPart-ShuffleBytes-PersAutoDict-CMP- DE: "ipma"-"\001\000\000\000\000\000\000\000"-
#195	NEW    cov: 120 ft: 407 corp: 28/6245b lim: 333 exec/s: 0 rss: 29Mb L: 56/333 MS: 1 InsertRepeatedBytes-
#196	NEW    cov: 120 ft: 409 corp: 29/6465b lim: 333 exec/s: 0 rss: 29Mb L: 220/333 MS: 1 ChangeBinInt-
#230	NEW    cov: 120 ft: 410 corp: 30/6559b lim: 333 exec/s: 0 rss: 29Mb L: 94/333 MS: 4 ChangeByte-CMP-CrossOver-EraseBytes- DE: "\021\000\000\000\000\000\000\000"-
#244	NEW    cov: 120 ft: 420 corp: 31/6585b lim: 333 exec/s: 0 rss: 29Mb L: 26/333 MS: 4 CrossOver-CopyPart-EraseBytes-EraseBytes-
#246	NEW    cov: 120 ft: 421 corp: 32/6693b lim: 333 exec/s: 0 rss: 29Mb L: 108/333 MS: 2 ChangeBit-CopyPart-
#249	NEW    cov: 120 ft: 431 corp: 33/6973b lim: 333 exec/s: 0 rss: 29Mb L: 280/333 MS: 3 ShuffleBytes-EraseBytes-InsertByte-
#262	NEW    cov: 120 ft: 432 corp: 34/7054b lim: 333 exec/s: 0 rss: 29Mb L: 81/333 MS: 3 ChangeASCIIInt-ChangeByte-PersAutoDict- DE: "\001\000\000\000\000\000\000\000"-
#288	NEW    cov: 120 ft: 433 corp: 35/7068b lim: 333 exec/s: 0 rss: 29Mb L: 14/333 MS: 1 InsertRepeatedBytes-
#297	NEW    cov: 120 ft: 435 corp: 36/7101b lim: 333 exec/s: 0 rss: 29Mb L: 33/333 MS: 4 ChangeASCIIInt-EraseBytes-CMP-EraseBytes- DE: "m\000\000\000"-
#302	NEW    cov: 120 ft: 436 corp: 37/7291b lim: 333 exec/s: 0 rss: 29Mb L: 190/333 MS: 5 CopyPart-CopyPart-ChangeByte-InsertByte-EraseBytes-
#322	REDUCE cov: 120 ft: 436 corp: 37/7270b lim: 333 exec/s: 0 rss: 29Mb L: 306/333 MS: 5 ChangeByte-EraseBytes-ChangeBit-CopyPart-InsertRepeatedBytes-
#339	NEW    cov: 120 ft: 446 corp: 38/7291b lim: 333 exec/s: 0 rss: 29Mb L: 21/333 MS: 2 InsertByte-EraseBytes-
#343	REDUCE cov: 120 ft: 446 corp: 38/7225b lim: 333 exec/s: 0 rss: 29Mb L: 87/333 MS: 4 ShuffleBytes-InsertByte-PersAutoDict-EraseBytes- DE: "\001\000\000\000\000\000\000\000"-
#351	REDUCE cov: 120 ft: 446 corp: 38/7215b lim: 333 exec/s: 0 rss: 29Mb L: 320/333 MS: 3 ChangeBit-ChangeBinInt-CrossOver-
#368	NEW    cov: 120 ft: 447 corp: 39/7248b lim: 333 exec/s: 0 rss: 29Mb L: 33/333 MS: 2 ChangeByte-CMP- DE: "stss"-
#372	REDUCE cov: 120 ft: 447 corp: 39/7161b lim: 333 exec/s: 0 rss: 29Mb L: 159/333 MS: 4 InsertByte-CopyPart-CrossOver-CrossOver-
#413	NEW    cov: 120 ft: 449 corp: 40/7169b lim: 333 exec/s: 0 rss: 29Mb L: 8/333 MS: 1 EraseBytes-
#424	NEW    cov: 120 ft: 457 corp: 41/7287b lim: 333 exec/s: 0 rss: 29Mb L: 118/333 MS: 1 CrossOver-
#450	NEW    cov: 120 ft: 458 corp: 42/7535b lim: 333 exec/s: 0 rss: 29Mb L: 248/333 MS: 1 CopyPart-
#454	NEW    cov: 120 ft: 461 corp: 43/7865b lim: 333 exec/s: 0 rss: 29Mb L: 330/333 MS: 4 InsertRepeatedBytes-InsertByte-PersAutoDict-CopyPart- DE: "\011\000\000\000"-
#460	REDUCE cov: 120 ft: 461 corp: 43/7848b lim: 333 exec/s: 0 rss: 29Mb L: 70/333 MS: 1 EraseBytes-
#465	REDUCE cov: 120 ft: 461 corp: 43/7844b lim: 333 exec/s: 0 rss: 29Mb L: 90/333 MS: 5 CMP-CMP-InsertByte-InsertByte-EraseBytes- DE: "\000\000\000\000\000\000\000H"-"\000\000X\227b>\026g"-
#476	NEW    cov: 120 ft: 462 corp: 44/7931b lim: 333 exec/s: 0 rss: 29Mb L: 87/333 MS: 1 CopyPart-
#506	REDUCE cov: 120 ft: 462 corp: 44/7930b lim: 333 exec/s: 0 rss: 29Mb L: 274/333 MS: 5 EraseBytes-InsertByte-ChangeBinInt-CopyPart-CrossOver-
#510	REDUCE cov: 120 ft: 462 corp: 44/7908b lim: 333 exec/s: 0 rss: 29Mb L: 137/333 MS: 4 ChangeBinInt-EraseBytes-ShuffleBytes-CMP- DE: "avc1"-
#517	NEW    cov: 121 ft: 463 corp: 45/7914b lim: 333 exec/s: 0 rss: 29Mb L: 6/333 MS: 2 CopyPart-EraseBytes-
#528	NEW    cov: 122 ft: 471 corp: 46/8247b lim: 333 exec/s: 0 rss: 29Mb L: 333/333 MS: 1 ChangeBinInt-
#645	NEW    cov: 122 ft: 472 corp: 47/8281b lim: 333 exec/s: 0 rss: 29Mb L: 34/333 MS: 2 ChangeASCIIInt-PersAutoDict- DE: "\001\000\000\000\000\000\000\000"-
#681	NEW    cov: 122 ft: 474 corp: 48/8541b lim: 333 exec/s: 0 rss: 29Mb L: 260/333 MS: 1 InsertRepeatedBytes-
#719	REDUCE cov: 122 ft: 474 corp: 48/8538b lim: 333 exec/s: 0 rss: 29Mb L: 3/333 MS: 3 ChangeBinInt-PersAutoDict-EraseBytes- DE: "\365\365\365\365"-
#722	REDUCE cov: 122 ft: 474 corp: 48/8527b lim: 333 exec/s: 0 rss: 29Mb L: 295/333 MS: 3 InsertByte-EraseBytes-InsertRepeatedBytes-
#758	NEW    cov: 122 ft: 480 corp: 49/8787b lim: 333 exec/s: 0 rss: 29Mb L: 260/333 MS: 1 ShuffleBytes-
#789	NEW    cov: 122 ft: 482 corp: 50/9011b lim: 333 exec/s: 0 rss: 29Mb L: 224/333 MS: 1 CMP- DE: "iinf"-
#803	REDUCE cov: 122 ft: 482 corp: 50/9010b lim: 333 exec/s: 0 rss: 29Mb L: 33/333 MS: 4 CopyPart-ChangeBinInt-ShuffleBytes-EraseBytes-
#964	NEW    cov: 122 ft: 483 corp: 51/9343b lim: 333 exec/s: 0 rss: 29Mb L: 333/333 MS: 1 CopyPart-
#976	NEW    cov: 122 ft: 484 corp: 52/9603b lim: 333 exec/s: 0 rss: 29Mb L: 260/333 MS: 2 ChangeByte-ChangeBit-
#985	REDUCE cov: 122 ft: 484 corp: 52/9577b lim: 333 exec/s: 0 rss: 29Mb L: 30/333 MS: 4 CopyPart-ChangeBit-ChangeBinInt-EraseBytes-
#1061	REDUCE cov: 122 ft: 484 corp: 52/9548b lim: 333 exec/s: 0 rss: 29Mb L: 304/333 MS: 1 EraseBytes-
#1098	REDUCE cov: 122 ft: 484 corp: 52/9546b lim: 333 exec/s: 0 rss: 29Mb L: 106/333 MS: 2 ChangeBinInt-EraseBytes-
#1164	REDUCE cov: 122 ft: 484 corp: 52/9541b lim: 333 exec/s: 0 rss: 29Mb L: 25/333 MS: 1 EraseBytes-
#1245	REDUCE cov: 122 ft: 484 corp: 52/9540b lim: 333 exec/s: 0 rss: 29Mb L: 273/333 MS: 1 EraseBytes-
#1306	REDUCE cov: 122 ft: 484 corp: 52/9539b lim: 333 exec/s: 0 rss: 29Mb L: 2/333 MS: 1 EraseBytes-
#1446	REDUCE cov: 122 ft: 484 corp: 52/9510b lim: 333 exec/s: 0 rss: 29Mb L: 41/333 MS: 5 CMP-ChangeBit-ChangeBit-CrossOver-EraseBytes- DE: "\000\000\000\010"-
#1543	NEW    cov: 122 ft: 485 corp: 53/9830b lim: 333 exec/s: 0 rss: 29Mb L: 320/333 MS: 2 CMP-EraseBytes- DE: "\001\000\000\000\000\000\000\004"-
#1627	REDUCE cov: 122 ft: 485 corp: 53/9789b lim: 333 exec/s: 0 rss: 29Mb L: 180/333 MS: 4 PersAutoDict-PersAutoDict-EraseBytes-CMP- DE: "avc1"-"\000\000\000\010"-"N7ISOBMFF12Con"-
#1679	REDUCE cov: 122 ft: 485 corp: 53/9788b lim: 333 exec/s: 0 rss: 29Mb L: 25/333 MS: 2 ChangeASCIIInt-EraseBytes-
#1689	REDUCE cov: 122 ft: 485 corp: 53/9700b lim: 333 exec/s: 0 rss: 29Mb L: 192/333 MS: 5 CMP-ShuffleBytes-EraseBytes-ChangeBit-InsertByte- DE: "\377\377~+\020\001\010\216"-
#1739	REDUCE cov: 122 ft: 485 corp: 53/9671b lim: 333 exec/s: 0 rss: 29Mb L: 161/333 MS: 5 ShuffleBytes-ChangeBit-EraseBytes-InsertByte-CrossOver-
#1764	REDUCE cov: 122 ft: 485 corp: 53/9597b lim: 333 exec/s: 0 rss: 29Mb L: 191/333 MS: 5 ChangeBinInt-InsertByte-ChangeBit-CrossOver-EraseBytes-
#1781	REDUCE cov: 122 ft: 485 corp: 53/9584b lim: 333 exec/s: 0 rss: 29Mb L: 239/333 MS: 2 EraseBytes-ChangeBit-
#1793	NEW    cov: 122 ft: 490 corp: 54/9844b lim: 333 exec/s: 0 rss: 29Mb L: 260/333 MS: 2 ShuffleBytes-ChangeBinInt-
#1806	REDUCE cov: 122 ft: 490 corp: 54/9841b lim: 333 exec/s: 0 rss: 29Mb L: 18/333 MS: 3 CMP-ChangeASCIIInt-EraseBytes- DE: "stbl"-
#1839	REDUCE cov: 123 ft: 491 corp: 55/10033b lim: 333 exec/s: 0 rss: 29Mb L: 192/333 MS: 3 PersAutoDict-PersAutoDict-CMP- DE: "\000\000X\227b>\026g"-"stss"-"stsd"-
#1992	REDUCE cov: 123 ft: 491 corp: 55/10029b lim: 333 exec/s: 0 rss: 29Mb L: 237/333 MS: 3 EraseBytes-ChangeByte-InsertRepeatedBytes-
#2034	REDUCE cov: 123 ft: 491 corp: 55/10015b lim: 333 exec/s: 0 rss: 29Mb L: 27/333 MS: 2 CopyPart-EraseBytes-
#2224	REDUCE cov: 123 ft: 491 corp: 55/10014b lim: 333 exec/s: 0 rss: 29Mb L: 13/333 MS: 5 InsertByte-InsertByte-ShuffleBytes-CMP-EraseBytes- DE: "stsd"-
#2880	REDUCE cov: 123 ft: 491 corp: 55/10009b lim: 333 exec/s: 0 rss: 29Mb L: 8/333 MS: 1 EraseBytes-
#2920	REDUCE cov: 123 ft: 491 corp: 55/9967b lim: 333 exec/s: 0 rss: 29Mb L: 138/333 MS: 5 CrossOver-PersAutoDict-CopyPart-ChangeBinInt-EraseBytes- DE: "\000\000\000\010"-
#3023	REDUCE cov: 123 ft: 491 corp: 55/9939b lim: 333 exec/s: 0 rss: 29Mb L: 268/333 MS: 3 ChangeBit-InsertRepeatedBytes-CrossOver-
#3161	REDUCE cov: 123 ft: 491 corp: 55/9937b lim: 333 exec/s: 0 rss: 29Mb L: 71/333 MS: 3 EraseBytes-ChangeASCIIInt-CopyPart-
#3235	REDUCE cov: 123 ft: 491 corp: 55/9908b lim: 333 exec/s: 0 rss: 29Mb L: 192/333 MS: 4 ChangeBit-ChangeByte-ShuffleBytes-EraseBytes-
#3261	REDUCE cov: 123 ft: 491 corp: 55/9907b lim: 333 exec/s: 0 rss: 29Mb L: 1/333 MS: 1 EraseBytes-
#3309	REDUCE cov: 123 ft: 491 corp: 55/9896b lim: 333 exec/s: 0 rss: 29Mb L: 221/333 MS: 3 InsertRepeatedBytes-CMP-EraseBytes- DE: "\377\377\377\007"-
#3314	REDUCE cov: 123 ft: 492 corp: 56/10187b lim: 333 exec/s: 0 rss: 29Mb L: 291/333 MS: 5 PersAutoDict-ChangeByte-InsertRepeatedBytes-ShuffleBytes-InsertByte- DE: "\001\000\000\000\000\000\000\004"-
#3335	REDUCE cov: 123 ft: 492 corp: 56/10186b lim: 333 exec/s: 0 rss: 29Mb L: 32/333 MS: 1 EraseBytes-
#3441	REDUCE cov: 123 ft: 492 corp: 56/10162b lim: 333 exec/s: 0 rss: 29Mb L: 215/333 MS: 1 EraseBytes-
#3449	REDUCE cov: 123 ft: 492 corp: 56/10161b lim: 333 exec/s: 0 rss: 29Mb L: 24/333 MS: 3 ChangeBinInt-ChangeASCIIInt-EraseBytes-
#3736	REDUCE cov: 123 ft: 492 corp: 56/10043b lim: 333 exec/s: 0 rss: 29Mb L: 212/333 MS: 2 ChangeBinInt-EraseBytes-
#3888	REDUCE cov: 123 ft: 492 corp: 56/10022b lim: 333 exec/s: 0 rss: 29Mb L: 166/333 MS: 2 EraseBytes-CrossOver-
#3974	REDUCE cov: 123 ft: 492 corp: 56/10019b lim: 333 exec/s: 0 rss: 29Mb L: 24/333 MS: 1 EraseBytes-
#4093	NEW    cov: 123 ft: 497 corp: 57/10056b lim: 333 exec/s: 0 rss: 29Mb L: 37/333 MS: 4 ShuffleBytes-CrossOver-ChangeByte-EraseBytes-
#4169	NEW    cov: 123 ft: 500 corp: 58/10194b lim: 333 exec/s: 0 rss: 29Mb L: 138/333 MS: 1 EraseBytes-
#4204	REDUCE cov: 123 ft: 500 corp: 58/10193b lim: 333 exec/s: 0 rss: 29Mb L: 23/333 MS: 5 ChangeBinInt-CopyPart-EraseBytes-CrossOver-EraseBytes-
#4557	REDUCE cov: 123 ft: 500 corp: 58/10168b lim: 333 exec/s: 0 rss: 29Mb L: 166/333 MS: 3 CrossOver-ChangeBit-EraseBytes-
#4791	NEW    cov: 123 ft: 501 corp: 59/10483b lim: 333 exec/s: 0 rss: 29Mb L: 315/333 MS: 4 ChangeByte-CrossOver-ChangeBinInt-InsertRepeatedBytes-
#5204	REDUCE cov: 123 ft: 501 corp: 59/10477b lim: 333 exec/s: 0 rss: 29Mb L: 26/333 MS: 3 ChangeByte-ShuffleBytes-EraseBytes-
#5270	REDUCE cov: 123 ft: 501 corp: 59/10389b lim: 333 exec/s: 0 rss: 29Mb L: 104/333 MS: 1 EraseBytes-
#5450	REDUCE cov: 123 ft: 501 corp: 59/10387b lim: 333 exec/s: 0 rss: 29Mb L: 104/333 MS: 5 ChangeBinInt-ChangeBinInt-InsertRepeatedBytes-InsertByte-EraseBytes-
#5487	REDUCE cov: 123 ft: 501 corp: 59/10379b lim: 333 exec/s: 0 rss: 29Mb L: 15/333 MS: 2 InsertByte-EraseBytes-
#5551	REDUCE cov: 123 ft: 502 corp: 60/10695b lim: 333 exec/s: 0 rss: 29Mb L: 316/333 MS: 4 PersAutoDict-CMP-ShuffleBytes-InsertRepeatedBytes- DE: "stss"-"\000\000\000\000"-
#6162	REDUCE cov: 123 ft: 502 corp: 60/10691b lim: 333 exec/s: 0 rss: 29Mb L: 29/333 MS: 1 EraseBytes-
#6649	REDUCE cov: 123 ft: 502 corp: 60/10683b lim: 333 exec/s: 6649 rss: 29Mb L: 18/333 MS: 5 CrossOver-ChangeByte-EraseBytes-ShuffleBytes-CMP- DE: "\011\000\000\000"-
#6697	REDUCE cov: 123 ft: 502 corp: 60/10653b lim: 333 exec/s: 6697 rss: 29Mb L: 162/333 MS: 3 CrossOver-InsertByte-EraseBytes-
#6797	REDUCE cov: 123 ft: 502 corp: 60/10639b lim: 333 exec/s: 6797 rss: 29Mb L: 246/333 MS: 5 ChangeASCIIInt-ChangeBinInt-EraseBytes-ChangeByte-InsertRepeatedBytes-
#6824	REDUCE cov: 123 ft: 503 corp: 61/10672b lim: 333 exec/s: 6824 rss: 29Mb L: 33/333 MS: 2 ShuffleBytes-CMP- DE: "mdat"-
#6846	REDUCE cov: 123 ft: 503 corp: 61/10646b lim: 333 exec/s: 6846 rss: 29Mb L: 294/333 MS: 2 ChangeByte-EraseBytes-
#7027	REDUCE cov: 123 ft: 503 corp: 61/10543b lim: 333 exec/s: 7027 rss: 29Mb L: 191/333 MS: 1 EraseBytes-
#7349	REDUCE cov: 123 ft: 503 corp: 61/10467b lim: 333 exec/s: 7349 rss: 29Mb L: 28/333 MS: 2 PersAutoDict-CrossOver- DE: "\000\000\000\010"-
#7422	REDUCE cov: 123 ft: 503 corp: 61/10405b lim: 333 exec/s: 7422 rss: 29Mb L: 76/333 MS: 3 ChangeBinInt-ChangeByte-EraseBytes-
#7451	REDUCE cov: 123 ft: 503 corp: 61/10403b lim: 333 exec/s: 7451 rss: 29Mb L: 318/333 MS: 4 CrossOver-PersAutoDict-ChangeByte-InsertRepeatedBytes- DE: "ipma"-
#8232	REDUCE cov: 123 ft: 503 corp: 61/10402b lim: 333 exec/s: 8232 rss: 29Mb L: 17/333 MS: 1 EraseBytes-
#8345	REDUCE cov: 123 ft: 503 corp: 61/10395b lim: 333 exec/s: 8345 rss: 29Mb L: 208/333 MS: 3 EraseBytes-ShuffleBytes-ChangeBit-
#8598	NEW    cov: 123 ft: 525 corp: 62/10659b lim: 333 exec/s: 8598 rss: 29Mb L: 264/333 MS: 3 ChangeBit-PersAutoDict-CMP- DE: "\377\377\377\007"-"mfra"-
#8774	REDUCE cov: 123 ft: 525 corp: 62/10653b lim: 333 exec/s: 8774 rss: 29Mb L: 254/333 MS: 1 CrossOver-
#9107	REDUCE cov: 123 ft: 526 corp: 63/10917b lim: 333 exec/s: 9107 rss: 29Mb L: 264/333 MS: 3 ChangeASCIIInt-ChangeBit-CrossOver-
#9345	REDUCE cov: 123 ft: 526 corp: 63/10853b lim: 333 exec/s: 9345 rss: 29Mb L: 269/333 MS: 3 ShuffleBytes-PersAutoDict-EraseBytes- DE: "\377\377~+\020\001\010\216"-
#9359	REDUCE cov: 123 ft: 526 corp: 63/10851b lim: 333 exec/s: 9359 rss: 29Mb L: 13/333 MS: 4 CMP-CopyPart-PersAutoDict-EraseBytes- DE: "\001\001"-"iinf"-
#9406	REDUCE cov: 123 ft: 526 corp: 63/10847b lim: 333 exec/s: 9406 rss: 29Mb L: 72/333 MS: 2 ChangeBit-EraseBytes-
#9564	REDUCE cov: 123 ft: 526 corp: 63/10790b lim: 333 exec/s: 9564 rss: 29Mb L: 61/333 MS: 3 InsertByte-ChangeBit-EraseBytes-
#9773	REDUCE cov: 123 ft: 526 corp: 63/10779b lim: 333 exec/s: 9773 rss: 29Mb L: 150/333 MS: 4 PersAutoDict-ChangeByte-ChangeBit-EraseBytes- DE: "\001\000\000\000\000\000\000\000"-
#9819	REDUCE cov: 123 ft: 526 corp: 63/10769b lim: 333 exec/s: 9819 rss: 29Mb L: 250/333 MS: 1 EraseBytes-
#9852	REDUCE cov: 123 ft: 526 corp: 63/10764b lim: 333 exec/s: 9852 rss: 29Mb L: 145/333 MS: 3 ChangeByte-EraseBytes-PersAutoDict- DE: "ipma"-
#9915	REDUCE cov: 123 ft: 526 corp: 63/10759b lim: 333 exec/s: 9915 rss: 29Mb L: 8/333 MS: 3 PersAutoDict-ChangeBinInt-EraseBytes- DE: "m\000\000\000"-
#9963	REDUCE cov: 123 ft: 526 corp: 63/10758b lim: 333 exec/s: 9963 rss: 29Mb L: 60/333 MS: 3 CMP-ChangeASCIIInt-EraseBytes- DE: "\377\377~+\020\0008\021"-
#9967	REDUCE cov: 123 ft: 526 corp: 63/10686b lim: 333 exec/s: 9967 rss: 29Mb L: 243/333 MS: 4 ChangeByte-EraseBytes-CopyPart-InsertByte-
#9975	REDUCE cov: 123 ft: 526 corp: 63/10677b lim: 333 exec/s: 9975 rss: 29Mb L: 309/333 MS: 3 ChangeByte-ChangeBinInt-EraseBytes-
#10716	REDUCE cov: 123 ft: 532 corp: 64/10979b lim: 333 exec/s: 5358 rss: 452Mb L: 302/333 MS: 5 InsertByte-EraseBytes-CopyPart-InsertRepeatedBytes-CopyPart-
#10926	REDUCE cov: 123 ft: 532 corp: 64/10954b lim: 333 exec/s: 5463 rss: 452Mb L: 65/333 MS: 5 ChangeBit-InsertByte-PersAutoDict-CMP-EraseBytes- DE: "\021\000\000\000\000\000\000\000"-"\001\000\000\000"-
#11012	REDUCE cov: 123 ft: 532 corp: 64/10953b lim: 333 exec/s: 5506 rss: 452Mb L: 17/333 MS: 1 EraseBytes-
#11020	NEW    cov: 123 ft: 533 corp: 65/11255b lim: 333 exec/s: 5510 rss: 452Mb L: 302/333 MS: 3 ChangeByte-ChangeASCIIInt-InsertRepeatedBytes-
#11421	REDUCE cov: 123 ft: 533 corp: 65/11183b lim: 333 exec/s: 5710 rss: 452Mb L: 196/333 MS: 1 EraseBytes-
#11618	REDUCE cov: 123 ft: 533 corp: 65/11182b lim: 333 exec/s: 5809 rss: 452Mb L: 308/333 MS: 2 ChangeByte-EraseBytes-
#12077	REDUCE cov: 123 ft: 533 corp: 65/11177b lim: 333 exec/s: 6038 rss: 452Mb L: 67/333 MS: 4 ChangeASCIIInt-ChangeBinInt-ChangeBinInt-EraseBytes-
#12688	REDUCE cov: 123 ft: 533 corp: 65/11162b lim: 333 exec/s: 6344 rss: 452Mb L: 233/333 MS: 1 EraseBytes-
==702255== ERROR: libFuzzer: out-of-memory (used: 2216Mb; limit: 1024Mb)
   To change the out-of-memory limit use -rss_limit_mb=<N>

MS: 3 PersAutoDict-ShuffleBytes-CrossOver- DE: "iinf"-; base unit: e11f9e89867c2c6e358a7027792004414c1e5d42
artifact_prefix='/results/crashes/20260313_180318_6a27dbee_'; Test unit written to /results/crashes/20260313_180318_6a27dbee_oom-aca5e9b7346815de07c4ea3c2027b30da7d0c122
SUMMARY: libFuzzer: out-of-memory
stat::number_of_executed_units: 12721
stat::average_exec_per_sec:     3180
stat::new_units_added:          138
stat::slowest_unit_time_sec:    0
stat::peak_rss_mb:              2216
