INFO: Running with entropic power schedule (0xFF, 100).
INFO: Seed: 245381989
INFO: Loaded 1 modules   (252 inline 8-bit counters): 252 [0x601d68feb678, 0x601d68feb774), 
INFO: Loaded 1 PC tables (252 PCs): 252 [0x601d68feb778,0x601d68fec738), 
INFO:        4 files found in /tmp/corpus_20260313_142029_646c32f4
INFO: seed corpus: files: 4 min: 48b max: 333b total: 853b rss: 28Mb
#5	INITED cov: 118 ft: 252 corp: 4/853b exec/s: 0 rss: 29Mb
#7	NEW    cov: 119 ft: 292 corp: 5/1105b lim: 333 exec/s: 0 rss: 29Mb L: 252/333 MS: 2 ShuffleBytes-ChangeBinInt-
#10	NEW    cov: 120 ft: 296 corp: 6/1329b lim: 333 exec/s: 0 rss: 29Mb L: 224/333 MS: 3 ChangeBinInt-ChangeByte-CMP- DE: "mdat"-
#11	NEW    cov: 120 ft: 310 corp: 7/1582b lim: 333 exec/s: 0 rss: 29Mb L: 253/333 MS: 1 InsertByte-
#12	NEW    cov: 120 ft: 311 corp: 8/1915b lim: 333 exec/s: 0 rss: 29Mb L: 333/333 MS: 1 CopyPart-
#13	NEW    cov: 120 ft: 321 corp: 9/2160b lim: 333 exec/s: 0 rss: 29Mb L: 245/333 MS: 1 CopyPart-
#15	NEW    cov: 120 ft: 329 corp: 10/2385b lim: 333 exec/s: 0 rss: 29Mb L: 225/333 MS: 2 ChangeBit-InsertByte-
#16	NEW    cov: 120 ft: 331 corp: 11/2626b lim: 333 exec/s: 0 rss: 29Mb L: 241/333 MS: 1 CrossOver-
#17	NEW    cov: 120 ft: 336 corp: 12/2847b lim: 333 exec/s: 0 rss: 29Mb L: 221/333 MS: 1 InsertByte-
#25	NEW    cov: 121 ft: 337 corp: 13/3096b lim: 333 exec/s: 0 rss: 29Mb L: 249/333 MS: 3 ShuffleBytes-EraseBytes-EraseBytes-
#32	NEW    cov: 121 ft: 338 corp: 14/3272b lim: 333 exec/s: 0 rss: 29Mb L: 176/333 MS: 2 PersAutoDict-EraseBytes- DE: "mdat"-
#34	NEW    cov: 121 ft: 345 corp: 15/3467b lim: 333 exec/s: 0 rss: 29Mb L: 195/333 MS: 2 InsertByte-EraseBytes-
#36	NEW    cov: 121 ft: 346 corp: 16/3791b lim: 333 exec/s: 0 rss: 29Mb L: 324/333 MS: 2 ShuffleBytes-EraseBytes-
#38	NEW    cov: 121 ft: 348 corp: 17/3991b lim: 333 exec/s: 0 rss: 29Mb L: 200/333 MS: 2 PersAutoDict-InsertByte- DE: "mdat"-
#40	NEW    cov: 121 ft: 349 corp: 18/4237b lim: 333 exec/s: 0 rss: 29Mb L: 246/333 MS: 2 PersAutoDict-InsertByte- DE: "mdat"-
#41	NEW    cov: 121 ft: 350 corp: 19/4523b lim: 333 exec/s: 0 rss: 29Mb L: 286/333 MS: 1 CrossOver-
#51	NEW    cov: 121 ft: 358 corp: 20/4650b lim: 333 exec/s: 0 rss: 29Mb L: 127/333 MS: 5 PersAutoDict-CMP-ShuffleBytes-EraseBytes-EraseBytes- DE: "mdat"-"~\377\377\377\377\377\377\377"-
#53	NEW    cov: 121 ft: 367 corp: 21/4850b lim: 333 exec/s: 0 rss: 29Mb L: 200/333 MS: 2 CopyPart-ShuffleBytes-
#60	NEW    cov: 121 ft: 369 corp: 22/5107b lim: 333 exec/s: 0 rss: 29Mb L: 257/333 MS: 2 ChangeBit-CopyPart-
#80	NEW    cov: 122 ft: 371 corp: 23/5440b lim: 333 exec/s: 0 rss: 29Mb L: 333/333 MS: 5 ChangeBinInt-CrossOver-ChangeBit-ChangeBinInt-CopyPart-
#89	NEW    cov: 122 ft: 374 corp: 24/5526b lim: 333 exec/s: 0 rss: 29Mb L: 86/333 MS: 4 EraseBytes-CMP-ChangeASCIIInt-CrossOver- DE: "schi"-
#93	NEW    cov: 122 ft: 375 corp: 25/5732b lim: 333 exec/s: 0 rss: 29Mb L: 206/333 MS: 4 ChangeBinInt-CopyPart-ChangeByte-InsertByte-
#107	NEW    cov: 122 ft: 376 corp: 26/5946b lim: 333 exec/s: 0 rss: 29Mb L: 214/333 MS: 4 ShuffleBytes-ChangeByte-ChangeByte-EraseBytes-
#108	NEW    cov: 122 ft: 382 corp: 27/6254b lim: 333 exec/s: 0 rss: 29Mb L: 308/333 MS: 1 InsertRepeatedBytes-
#114	NEW    cov: 122 ft: 388 corp: 28/6302b lim: 333 exec/s: 0 rss: 29Mb L: 48/333 MS: 1 ChangeBit-
#120	NEW    cov: 122 ft: 406 corp: 29/6316b lim: 333 exec/s: 0 rss: 29Mb L: 14/333 MS: 1 CrossOver-
#127	NEW    cov: 122 ft: 411 corp: 30/6357b lim: 333 exec/s: 0 rss: 29Mb L: 41/333 MS: 2 ChangeByte-EraseBytes-
#130	NEW    cov: 122 ft: 412 corp: 31/6411b lim: 333 exec/s: 0 rss: 29Mb L: 54/333 MS: 3 ChangeByte-CrossOver-ChangeBinInt-
#141	NEW    cov: 122 ft: 414 corp: 32/6445b lim: 333 exec/s: 0 rss: 29Mb L: 34/333 MS: 1 EraseBytes-
#149	NEW    cov: 122 ft: 415 corp: 33/6596b lim: 333 exec/s: 0 rss: 29Mb L: 151/333 MS: 3 InsertByte-EraseBytes-PersAutoDict- DE: "mdat"-
#157	NEW    cov: 122 ft: 417 corp: 34/6802b lim: 333 exec/s: 0 rss: 29Mb L: 206/333 MS: 3 CMP-PersAutoDict-CrossOver- DE: "\020\000\000\000\000\000\000\000"-"mdat"-
#159	NEW    cov: 122 ft: 418 corp: 35/7089b lim: 333 exec/s: 0 rss: 29Mb L: 287/333 MS: 2 InsertRepeatedBytes-CopyPart-
#170	NEW    cov: 122 ft: 428 corp: 36/7113b lim: 333 exec/s: 0 rss: 29Mb L: 24/333 MS: 1 CrossOver-
#185	NEW    cov: 122 ft: 429 corp: 37/7156b lim: 333 exec/s: 0 rss: 29Mb L: 43/333 MS: 5 ChangeBinInt-PersAutoDict-ChangeBinInt-InsertByte-EraseBytes- DE: "\020\000\000\000\000\000\000\000"-
#193	NEW    cov: 122 ft: 434 corp: 38/7480b lim: 333 exec/s: 0 rss: 29Mb L: 324/333 MS: 3 InsertRepeatedBytes-ChangeBit-InsertRepeatedBytes-
#198	NEW    cov: 122 ft: 435 corp: 39/7529b lim: 333 exec/s: 0 rss: 29Mb L: 49/333 MS: 5 ChangeBit-ChangeBit-CopyPart-ChangeBinInt-InsertByte-
#207	NEW    cov: 122 ft: 444 corp: 40/7549b lim: 333 exec/s: 0 rss: 29Mb L: 20/333 MS: 4 ChangeBinInt-InsertByte-InsertRepeatedBytes-CrossOver-
#213	REDUCE cov: 122 ft: 444 corp: 40/7532b lim: 333 exec/s: 0 rss: 29Mb L: 183/333 MS: 1 EraseBytes-
#222	NEW    cov: 122 ft: 450 corp: 41/7581b lim: 333 exec/s: 0 rss: 29Mb L: 49/333 MS: 4 ChangeByte-EraseBytes-CMP-CrossOver- DE: "\377\377\377\037"-
#228	NEW    cov: 122 ft: 452 corp: 42/7602b lim: 333 exec/s: 0 rss: 29Mb L: 21/333 MS: 1 EraseBytes-
#230	NEW    cov: 122 ft: 453 corp: 43/7695b lim: 333 exec/s: 0 rss: 29Mb L: 93/333 MS: 2 InsertRepeatedBytes-CrossOver-
#233	REDUCE cov: 122 ft: 453 corp: 43/7687b lim: 333 exec/s: 0 rss: 29Mb L: 41/333 MS: 3 CMP-ChangeBinInt-EraseBytes- DE: "j\013\270\233\033S\316\266"-
#245	NEW    cov: 122 ft: 461 corp: 44/7815b lim: 333 exec/s: 0 rss: 29Mb L: 128/333 MS: 2 ChangeBit-EraseBytes-
#249	REDUCE cov: 122 ft: 461 corp: 44/7787b lim: 333 exec/s: 0 rss: 29Mb L: 305/333 MS: 4 CrossOver-InsertByte-ChangeBit-InsertRepeatedBytes-
#251	REDUCE cov: 122 ft: 461 corp: 44/7745b lim: 333 exec/s: 0 rss: 29Mb L: 211/333 MS: 2 PersAutoDict-EraseBytes- DE: "mdat"-
#259	NEW    cov: 122 ft: 462 corp: 45/7815b lim: 333 exec/s: 0 rss: 29Mb L: 70/333 MS: 3 ShuffleBytes-ShuffleBytes-CopyPart-
#265	REDUCE cov: 122 ft: 462 corp: 45/7761b lim: 333 exec/s: 0 rss: 29Mb L: 195/333 MS: 1 EraseBytes-
#266	NEW    cov: 122 ft: 463 corp: 46/7801b lim: 333 exec/s: 0 rss: 29Mb L: 40/333 MS: 1 EraseBytes-
#279	NEW    cov: 122 ft: 464 corp: 47/7912b lim: 333 exec/s: 0 rss: 29Mb L: 111/333 MS: 3 ChangeByte-ChangeBinInt-EraseBytes-
#283	NEW    cov: 122 ft: 465 corp: 48/8185b lim: 333 exec/s: 0 rss: 29Mb L: 273/333 MS: 4 CrossOver-InsertByte-ChangeByte-InsertRepeatedBytes-
#293	NEW    cov: 122 ft: 467 corp: 49/8406b lim: 333 exec/s: 0 rss: 29Mb L: 221/333 MS: 5 ChangeBinInt-ChangeByte-ChangeBinInt-ShuffleBytes-InsertByte-
#302	REDUCE cov: 122 ft: 467 corp: 49/8344b lim: 333 exec/s: 0 rss: 29Mb L: 121/333 MS: 4 ChangeBit-InsertByte-ShuffleBytes-EraseBytes-
#342	NEW    cov: 122 ft: 468 corp: 50/8424b lim: 333 exec/s: 0 rss: 29Mb L: 80/333 MS: 5 ChangeBinInt-ShuffleBytes-InsertByte-CopyPart-InsertRepeatedBytes-
#361	REDUCE cov: 122 ft: 468 corp: 50/8415b lim: 333 exec/s: 0 rss: 29Mb L: 202/333 MS: 4 PersAutoDict-PersAutoDict-InsertByte-EraseBytes- DE: "mdat"-"\020\000\000\000\000\000\000\000"-
#402	REDUCE cov: 122 ft: 468 corp: 50/8414b lim: 333 exec/s: 0 rss: 29Mb L: 19/333 MS: 1 EraseBytes-
#410	NEW    cov: 122 ft: 469 corp: 51/8736b lim: 333 exec/s: 0 rss: 29Mb L: 322/333 MS: 3 CMP-CrossOver-CopyPart- DE: "\377\377\377\377"-
#428	REDUCE cov: 122 ft: 469 corp: 51/8732b lim: 333 exec/s: 0 rss: 29Mb L: 124/333 MS: 3 ShuffleBytes-ChangeBinInt-EraseBytes-
#477	REDUCE cov: 122 ft: 469 corp: 51/8679b lim: 333 exec/s: 0 rss: 29Mb L: 280/333 MS: 4 CMP-ChangeBit-ChangeBinInt-EraseBytes- DE: "ytf\030"-
#512	REDUCE cov: 122 ft: 469 corp: 51/8611b lim: 333 exec/s: 0 rss: 29Mb L: 153/333 MS: 5 InsertByte-PersAutoDict-ChangeByte-ShuffleBytes-EraseBytes- DE: "~\377\377\377\377\377\377\377"-
#646	REDUCE cov: 122 ft: 469 corp: 51/8563b lim: 333 exec/s: 0 rss: 29Mb L: 76/333 MS: 4 CMP-CrossOver-CopyPart-EraseBytes- DE: "\024\000\000\000\000\000\000\000"-
#694	REDUCE cov: 122 ft: 473 corp: 52/8846b lim: 333 exec/s: 0 rss: 29Mb L: 283/333 MS: 3 InsertRepeatedBytes-PersAutoDict-InsertRepeatedBytes- DE: "~\377\377\377\377\377\377\377"-
#732	REDUCE cov: 122 ft: 473 corp: 52/8821b lim: 333 exec/s: 0 rss: 29Mb L: 102/333 MS: 3 ChangeBit-CopyPart-CrossOver-
#791	REDUCE cov: 122 ft: 473 corp: 52/8814b lim: 333 exec/s: 0 rss: 29Mb L: 195/333 MS: 4 InsertRepeatedBytes-ShuffleBytes-PersAutoDict-EraseBytes- DE: "schi"-
#842	REDUCE cov: 122 ft: 473 corp: 52/8806b lim: 333 exec/s: 0 rss: 29Mb L: 46/333 MS: 1 EraseBytes-
#914	REDUCE cov: 122 ft: 473 corp: 52/8803b lim: 333 exec/s: 0 rss: 29Mb L: 222/333 MS: 2 PersAutoDict-EraseBytes- DE: "\377\377\377\037"-
#920	NEW    cov: 122 ft: 474 corp: 53/8828b lim: 333 exec/s: 0 rss: 29Mb L: 25/333 MS: 1 EraseBytes-
#992	REDUCE cov: 122 ft: 474 corp: 53/8824b lim: 333 exec/s: 0 rss: 29Mb L: 37/333 MS: 2 CopyPart-EraseBytes-
#1088	REDUCE cov: 122 ft: 474 corp: 53/8765b lim: 333 exec/s: 0 rss: 29Mb L: 62/333 MS: 1 EraseBytes-
#1135	NEW    cov: 122 ft: 475 corp: 54/8885b lim: 333 exec/s: 0 rss: 29Mb L: 120/333 MS: 2 ChangeBinInt-InsertRepeatedBytes-
#1142	REDUCE cov: 122 ft: 475 corp: 54/8875b lim: 333 exec/s: 0 rss: 29Mb L: 212/333 MS: 2 ChangeASCIIInt-EraseBytes-
#1240	REDUCE cov: 122 ft: 475 corp: 54/8870b lim: 333 exec/s: 0 rss: 29Mb L: 35/333 MS: 3 ShuffleBytes-CMP-EraseBytes- DE: "hvc1"-
#1357	REDUCE cov: 122 ft: 475 corp: 54/8869b lim: 333 exec/s: 0 rss: 29Mb L: 13/333 MS: 2 CopyPart-EraseBytes-
#1364	REDUCE cov: 123 ft: 476 corp: 55/8876b lim: 333 exec/s: 0 rss: 29Mb L: 7/333 MS: 2 ShuffleBytes-EraseBytes-
#1418	REDUCE cov: 123 ft: 476 corp: 55/8857b lim: 333 exec/s: 0 rss: 29Mb L: 27/333 MS: 4 CMP-ChangeByte-PersAutoDict-EraseBytes- DE: "Y\022\003\374\212v\000\000"-"\024\000\000\000\000\000\000\000"-
#1457	REDUCE cov: 123 ft: 476 corp: 55/8855b lim: 333 exec/s: 0 rss: 29Mb L: 68/333 MS: 4 ChangeBit-EraseBytes-ChangeBinInt-CrossOver-
#1567	NEW    cov: 123 ft: 481 corp: 56/8904b lim: 333 exec/s: 0 rss: 29Mb L: 49/333 MS: 5 InsertByte-ChangeByte-ChangeBinInt-ChangeBinInt-CopyPart-
#1602	REDUCE cov: 123 ft: 481 corp: 56/8818b lim: 333 exec/s: 0 rss: 29Mb L: 109/333 MS: 5 PersAutoDict-EraseBytes-ShuffleBytes-ChangeBinInt-InsertByte- DE: "~\377\377\377\377\377\377\377"-
#1758	REDUCE cov: 123 ft: 481 corp: 56/8733b lim: 333 exec/s: 0 rss: 29Mb L: 195/333 MS: 1 CrossOver-
#1813	REDUCE cov: 123 ft: 481 corp: 56/8724b lim: 333 exec/s: 0 rss: 29Mb L: 53/333 MS: 5 PersAutoDict-CopyPart-ChangeByte-ChangeBit-EraseBytes- DE: "\024\000\000\000\000\000\000\000"-
#1904	NEW    cov: 123 ft: 482 corp: 57/8732b lim: 333 exec/s: 0 rss: 29Mb L: 8/333 MS: 1 InsertByte-
#1965	NEW    cov: 123 ft: 485 corp: 58/8858b lim: 333 exec/s: 0 rss: 29Mb L: 126/333 MS: 1 EraseBytes-
#2110	REDUCE cov: 123 ft: 485 corp: 58/8760b lim: 333 exec/s: 0 rss: 29Mb L: 188/333 MS: 5 PersAutoDict-ChangeBit-ShuffleBytes-PersAutoDict-EraseBytes- DE: "ytf\030"-"\377\377\377\037"-
#2118	REDUCE cov: 123 ft: 485 corp: 58/8758b lim: 333 exec/s: 0 rss: 29Mb L: 19/333 MS: 3 InsertByte-ChangeByte-EraseBytes-
#2139	NEW    cov: 123 ft: 486 corp: 59/9025b lim: 333 exec/s: 0 rss: 29Mb L: 267/333 MS: 1 CopyPart-
#2159	REDUCE cov: 123 ft: 486 corp: 59/9014b lim: 333 exec/s: 0 rss: 29Mb L: 241/333 MS: 5 ChangeByte-InsertRepeatedBytes-ChangeByte-InsertByte-EraseBytes-
#2231	REDUCE cov: 123 ft: 486 corp: 59/9011b lim: 333 exec/s: 0 rss: 29Mb L: 123/333 MS: 2 ChangeByte-EraseBytes-
#2412	REDUCE cov: 123 ft: 486 corp: 59/8999b lim: 333 exec/s: 0 rss: 29Mb L: 111/333 MS: 1 EraseBytes-
#2428	REDUCE cov: 123 ft: 486 corp: 59/8991b lim: 333 exec/s: 0 rss: 29Mb L: 29/333 MS: 1 EraseBytes-
#2432	REDUCE cov: 123 ft: 486 corp: 59/8986b lim: 333 exec/s: 0 rss: 29Mb L: 300/333 MS: 4 ChangeByte-ChangeByte-ChangeBit-EraseBytes-
#2635	REDUCE cov: 123 ft: 486 corp: 59/8977b lim: 333 exec/s: 0 rss: 29Mb L: 144/333 MS: 3 PersAutoDict-InsertByte-EraseBytes- DE: "\024\000\000\000\000\000\000\000"-
#3031	REDUCE cov: 123 ft: 486 corp: 59/8976b lim: 333 exec/s: 0 rss: 29Mb L: 34/333 MS: 1 EraseBytes-
#3051	REDUCE cov: 123 ft: 486 corp: 59/8945b lim: 333 exec/s: 0 rss: 29Mb L: 269/333 MS: 5 CrossOver-EraseBytes-ShuffleBytes-InsertRepeatedBytes-CopyPart-
#3102	NEW    cov: 123 ft: 488 corp: 60/9202b lim: 333 exec/s: 0 rss: 29Mb L: 257/333 MS: 1 CMP- DE: "\006\000"-
#3144	REDUCE cov: 123 ft: 488 corp: 60/9201b lim: 333 exec/s: 0 rss: 29Mb L: 33/333 MS: 2 EraseBytes-InsertByte-
#3256	REDUCE cov: 123 ft: 488 corp: 60/9197b lim: 333 exec/s: 0 rss: 29Mb L: 237/333 MS: 2 ChangeByte-EraseBytes-
#3268	REDUCE cov: 123 ft: 488 corp: 60/9165b lim: 333 exec/s: 0 rss: 29Mb L: 70/333 MS: 2 InsertByte-EraseBytes-
#3274	REDUCE cov: 123 ft: 488 corp: 60/9162b lim: 333 exec/s: 0 rss: 29Mb L: 173/333 MS: 1 CrossOver-
#3302	REDUCE cov: 123 ft: 488 corp: 60/9122b lim: 333 exec/s: 0 rss: 29Mb L: 172/333 MS: 3 ShuffleBytes-CopyPart-EraseBytes-
#3393	REDUCE cov: 123 ft: 488 corp: 60/9073b lim: 333 exec/s: 0 rss: 29Mb L: 62/333 MS: 1 EraseBytes-
#3497	REDUCE cov: 123 ft: 488 corp: 60/9067b lim: 333 exec/s: 0 rss: 29Mb L: 27/333 MS: 4 ShuffleBytes-ChangeByte-ChangeBinInt-EraseBytes-
#3557	REDUCE cov: 123 ft: 488 corp: 60/8816b lim: 333 exec/s: 0 rss: 29Mb L: 22/333 MS: 5 ChangeBinInt-CrossOver-ChangeByte-EraseBytes-CrossOver-
#3712	REDUCE cov: 123 ft: 488 corp: 60/8815b lim: 333 exec/s: 0 rss: 29Mb L: 26/333 MS: 5 ChangeBit-ChangeBinInt-ShuffleBytes-InsertByte-EraseBytes-
#3896	REDUCE cov: 123 ft: 488 corp: 60/8814b lim: 333 exec/s: 0 rss: 29Mb L: 61/333 MS: 4 InsertByte-InsertByte-CMP-EraseBytes- DE: "\001\005"-
#4019	REDUCE cov: 123 ft: 488 corp: 60/8807b lim: 333 exec/s: 0 rss: 29Mb L: 301/333 MS: 3 InsertByte-ShuffleBytes-EraseBytes-
#4175	REDUCE cov: 123 ft: 488 corp: 60/8805b lim: 333 exec/s: 0 rss: 29Mb L: 68/333 MS: 1 EraseBytes-
#4176	REDUCE cov: 123 ft: 488 corp: 60/8784b lim: 333 exec/s: 0 rss: 29Mb L: 185/333 MS: 1 CrossOver-
#4253	REDUCE cov: 123 ft: 488 corp: 60/8780b lim: 333 exec/s: 0 rss: 29Mb L: 196/333 MS: 2 CopyPart-EraseBytes-
#4391	REDUCE cov: 123 ft: 488 corp: 60/8742b lim: 333 exec/s: 0 rss: 29Mb L: 71/333 MS: 3 ShuffleBytes-InsertByte-EraseBytes-
#4495	NEW    cov: 123 ft: 489 corp: 61/8891b lim: 333 exec/s: 0 rss: 30Mb L: 149/333 MS: 4 CrossOver-CrossOver-CrossOver-CMP- DE: "pixi"-
#4790	REDUCE cov: 123 ft: 489 corp: 61/8889b lim: 333 exec/s: 0 rss: 30Mb L: 25/333 MS: 5 InsertByte-ChangeByte-ShuffleBytes-ChangeBit-EraseBytes-
#5176	REDUCE cov: 123 ft: 489 corp: 61/8878b lim: 333 exec/s: 0 rss: 30Mb L: 42/333 MS: 1 EraseBytes-
#5299	REDUCE cov: 123 ft: 489 corp: 61/8874b lim: 333 exec/s: 0 rss: 30Mb L: 57/333 MS: 3 CrossOver-PersAutoDict-EraseBytes- DE: "\377\377\377\377"-
#5308	REDUCE cov: 123 ft: 489 corp: 61/8872b lim: 333 exec/s: 0 rss: 30Mb L: 5/333 MS: 4 CMP-ChangeByte-ChangeByte-EraseBytes- DE: "hvcC"-
#5341	NEW    cov: 123 ft: 506 corp: 62/9023b lim: 333 exec/s: 0 rss: 30Mb L: 151/333 MS: 3 PersAutoDict-ChangeByte-CMP- DE: "\006\000"-"\000\000\000\001"-
#5594	REDUCE cov: 123 ft: 506 corp: 62/9013b lim: 333 exec/s: 5594 rss: 30Mb L: 19/333 MS: 2 ChangeBinInt-EraseBytes-
#5630	REDUCE cov: 123 ft: 506 corp: 62/9012b lim: 333 exec/s: 5630 rss: 30Mb L: 41/333 MS: 1 EraseBytes-
#5698	REDUCE cov: 123 ft: 506 corp: 62/9010b lim: 333 exec/s: 5698 rss: 30Mb L: 17/333 MS: 3 ShuffleBytes-PersAutoDict-EraseBytes- DE: "\377\377\377\037"-
#5807	REDUCE cov: 123 ft: 506 corp: 62/8994b lim: 333 exec/s: 5807 rss: 30Mb L: 229/333 MS: 4 PersAutoDict-ChangeByte-CMP-EraseBytes- DE: "schi"-"\037\000\000\000"-
#6005	NEW    cov: 123 ft: 511 corp: 63/9214b lim: 333 exec/s: 6005 rss: 30Mb L: 220/333 MS: 3 ShuffleBytes-CrossOver-CMP- DE: "\264\000"-
#6086	REDUCE cov: 125 ft: 514 corp: 64/9542b lim: 333 exec/s: 6086 rss: 30Mb L: 328/333 MS: 1 CrossOver-
#6223	REDUCE cov: 125 ft: 514 corp: 64/9480b lim: 333 exec/s: 6223 rss: 30Mb L: 133/333 MS: 2 InsertRepeatedBytes-EraseBytes-
#6239	REDUCE cov: 125 ft: 514 corp: 64/9446b lim: 333 exec/s: 6239 rss: 30Mb L: 207/333 MS: 1 EraseBytes-
#6355	REDUCE cov: 125 ft: 514 corp: 64/9445b lim: 333 exec/s: 6355 rss: 30Mb L: 16/333 MS: 1 EraseBytes-
#6369	NEW    cov: 125 ft: 515 corp: 65/9778b lim: 333 exec/s: 6369 rss: 30Mb L: 333/333 MS: 4 PersAutoDict-ShuffleBytes-CrossOver-ChangeBinInt- DE: "ytf\030"-
#6499	NEW    cov: 125 ft: 519 corp: 66/10111b lim: 333 exec/s: 6499 rss: 30Mb L: 333/333 MS: 5 ChangeBinInt-ChangeBinInt-ChangeBit-ChangeBit-ChangeBit-
#6710	REDUCE cov: 125 ft: 519 corp: 66/10081b lim: 333 exec/s: 6710 rss: 30Mb L: 46/333 MS: 1 EraseBytes-
#6874	REDUCE cov: 125 ft: 519 corp: 66/10076b lim: 333 exec/s: 6874 rss: 30Mb L: 66/333 MS: 4 ShuffleBytes-ChangeBit-ChangeBit-EraseBytes-
#6899	NEW    cov: 125 ft: 520 corp: 67/10112b lim: 333 exec/s: 6899 rss: 30Mb L: 36/333 MS: 5 ChangeBit-ShuffleBytes-InsertRepeatedBytes-ChangeBit-CrossOver-
#7134	REDUCE cov: 125 ft: 520 corp: 67/9990b lim: 333 exec/s: 7134 rss: 30Mb L: 202/333 MS: 5 CrossOver-CopyPart-EraseBytes-CrossOver-InsertByte-
#7256	REDUCE cov: 125 ft: 520 corp: 67/9978b lim: 333 exec/s: 7256 rss: 30Mb L: 24/333 MS: 2 ShuffleBytes-EraseBytes-
#7312	REDUCE cov: 125 ft: 520 corp: 67/9967b lim: 333 exec/s: 7312 rss: 30Mb L: 30/333 MS: 1 EraseBytes-
#7544	REDUCE cov: 125 ft: 520 corp: 67/9915b lim: 333 exec/s: 7544 rss: 30Mb L: 194/333 MS: 2 PersAutoDict-EraseBytes- DE: "\264\000"-
#7557	REDUCE cov: 125 ft: 520 corp: 67/9909b lim: 333 exec/s: 7557 rss: 30Mb L: 24/333 MS: 3 CrossOver-ShuffleBytes-EraseBytes-
#7743	REDUCE cov: 125 ft: 520 corp: 67/9908b lim: 333 exec/s: 7743 rss: 30Mb L: 25/333 MS: 1 EraseBytes-
#7759	REDUCE cov: 125 ft: 520 corp: 67/9886b lim: 333 exec/s: 7759 rss: 30Mb L: 184/333 MS: 1 EraseBytes-
#7762	REDUCE cov: 125 ft: 520 corp: 67/9883b lim: 333 exec/s: 7762 rss: 30Mb L: 16/333 MS: 3 InsertByte-PersAutoDict-EraseBytes- DE: "\020\000\000\000\000\000\000\000"-
#7892	REDUCE cov: 125 ft: 520 corp: 67/9864b lim: 333 exec/s: 7892 rss: 30Mb L: 132/333 MS: 5 CrossOver-InsertRepeatedBytes-CrossOver-ChangeBinInt-EraseBytes-
#7943	REDUCE cov: 125 ft: 520 corp: 67/9805b lim: 333 exec/s: 7943 rss: 30Mb L: 136/333 MS: 1 EraseBytes-
#8134	REDUCE cov: 125 ft: 520 corp: 67/9803b lim: 333 exec/s: 8134 rss: 30Mb L: 11/333 MS: 1 EraseBytes-
#8269	REDUCE cov: 125 ft: 520 corp: 67/9802b lim: 333 exec/s: 8269 rss: 30Mb L: 213/333 MS: 5 ChangeBit-EraseBytes-ChangeBit-ChangeBinInt-InsertRepeatedBytes-
#8395	REDUCE cov: 125 ft: 520 corp: 67/9794b lim: 333 exec/s: 8395 rss: 30Mb L: 16/333 MS: 1 EraseBytes-
#8623	REDUCE cov: 125 ft: 520 corp: 67/9792b lim: 333 exec/s: 8623 rss: 30Mb L: 14/333 MS: 3 ChangeBit-ChangeByte-EraseBytes-
#8739	REDUCE cov: 125 ft: 526 corp: 68/10021b lim: 333 exec/s: 8739 rss: 30Mb L: 229/333 MS: 1 PersAutoDict- DE: "pixi"-
#8776	REDUCE cov: 125 ft: 526 corp: 68/9957b lim: 333 exec/s: 8776 rss: 30Mb L: 72/333 MS: 2 ChangeBinInt-EraseBytes-
#8912	REDUCE cov: 125 ft: 526 corp: 68/9943b lim: 333 exec/s: 8912 rss: 30Mb L: 269/333 MS: 1 CrossOver-
#8965	REDUCE cov: 125 ft: 526 corp: 68/9942b lim: 333 exec/s: 8965 rss: 30Mb L: 13/333 MS: 3 ChangeByte-ChangeASCIIInt-EraseBytes-
#9092	REDUCE cov: 125 ft: 526 corp: 68/9915b lim: 333 exec/s: 9092 rss: 30Mb L: 167/333 MS: 2 ChangeByte-EraseBytes-
#9121	REDUCE cov: 125 ft: 526 corp: 68/9914b lim: 333 exec/s: 9121 rss: 30Mb L: 4/333 MS: 4 PersAutoDict-EraseBytes-CopyPart-EraseBytes- DE: "schi"-
#9160	REDUCE cov: 125 ft: 526 corp: 68/9891b lim: 333 exec/s: 9160 rss: 30Mb L: 150/333 MS: 4 ChangeASCIIInt-ShuffleBytes-ChangeBit-CrossOver-
==17== ERROR: libFuzzer: out-of-memory (used: 530Mb; limit: 512Mb)
   To change the out-of-memory limit use -rss_limit_mb=<N>

MS: 5 PersAutoDict-ShuffleBytes-InsertByte-ChangeBit-CMP- DE: "\020\000\000\000\000\000\000\000"-"hvc1"-; base unit: c032620c06caf71496166c1b748023556f44cec0
0x0,0x0,0x0,0x18,0x66,0x74,0x79,0x70,0x69,0x73,0x0,0x0,0x0,0x0,0x0,0x10,0x0,0x0,0x0,0x0,0x0,0x0,0x0,0x0,0x0,0x0,0x0,0x0,0x68,0x76,0x63,0x31,0x0,0x0,0x0,0x0,0x0,0x0,0x0,0x0,0x2,0x0,0x55,0x6d,0x64,0x69,0x61,0x0,0x0,0x0,0x20,0x6d,0x64,0x68,0x64,0x0,0x0,0x0,0x0,0x0,0x0,0x0,0x0,0x0,0x0,0x0,0x0,0x0,0x0,0xac,0x44,0x0,0x0,0x0,0x0,0x0,0x0,0x0,0x0,0x0,0x0,0x0,0x2d,0x68,0x64,0x6c,0x72,0x0,0x0,0x0,0x0,0x0,0x0,0x0,0x0,0x76,0x69,0x64,0x65,0x0,0x0,0x0,0x0,0x0,0x8,0x0,0xa,0x71,0x71,0x71,0x71,0x71,0x71,0x71,0x71,0x71,0x71,0x71,0x71,0x71,0x71,0x71,0x71,0x71,0x71,0x71,0x71,0x71,0x71,0x71,0x71,0x71,0x71,0x82,0x71,0x71,0x71,0x71,0x71,0x71,0x71,0x71,0x71,0x71,0x71,0x71,0x71,0x71,0x71,0x71,0x71,0x71,0x71,0x71,0x71,0x71,0x71,0x71,0x71,0x71,0x71,0x71,0x71,0x71,0x71,0x71,0x71,0x71,0x71,0x71,0x71,0x71,0x71,0x71,0x71,0x71,0x71,0x71,0x71,0x71,0x71,0x71,0x71,0x71,0x71,0x71,0x71,0x71,0x71,0x71,0x71,0x71,0x71,0x71,0x71,0x71,0x71,0x71,0x71,0x71,0x71,0x71,0x71,0x71,0x71,0x0,0x0,0x0,0x40,0x56,0x69,0x64,0x65,0x6f,0x48,0x61,0x6e,0x64,0xd,0x65,0x72,0x0,
\000\000\000\030ftypis\000\000\000\000\000\020\000\000\000\000\000\000\000\000\000\000\000\000hvc1\000\000\000\000\000\000\000\000\002\000Umdia\000\000\000 mdhd\000\000\000\000\000\000\000\000\000\000\000\000\000\000\254D\000\000\000\000\000\000\000\000\000\000\000-hdlr\000\000\000\000\000\000\000\000vide\000\000\000\000\000\010\000\012qqqqqqqqqqqqqqqqqqqqqqqqqq\202qqqqqqqqqqqqqqqqqqqqqqqqqqqqqqqqqqqqqqqqqqqqqqqqqqqqqqqqqqqqqqqqqqqqqqq\000\000\000@VideoHand\015er\000
artifact_prefix='/results/crashes/20260313_142029_646c32f4_'; Test unit written to /results/crashes/20260313_142029_646c32f4_oom-78583359ca6be58ae152e6ec0edce6b2d7701f45
Base64: AAAAGGZ0eXBpcwAAAAAAEAAAAAAAAAAAAAAAAGh2YzEAAAAAAAAAAAIAVW1kaWEAAAAgbWRoZAAAAAAAAAAAAAAAAAAArEQAAAAAAAAAAAAAAC1oZGxyAAAAAAAAAAB2aWRlAAAAAAAIAApxcXFxcXFxcXFxcXFxcXFxcXFxcXFxcXFxcYJxcXFxcXFxcXFxcXFxcXFxcXFxcXFxcXFxcXFxcXFxcXFxcXFxcXFxcXFxcXFxcXFxcXFxcXFxcXFxcXFxcXFxcXFxcXFxcQAAAEBWaWRlb0hhbmQNZXIA
SUMMARY: libFuzzer: out-of-memory
stat::number_of_executed_units: 9440
stat::average_exec_per_sec:     4720
stat::new_units_added:          148
stat::slowest_unit_time_sec:    0
stat::peak_rss_mb:              530
