INFO: Running with entropic power schedule (0xFF, 100).
INFO: Seed: 157551037
INFO: Loaded 1 modules   (252 inline 8-bit counters): 252 [0x576f0978b678, 0x576f0978b774), 
INFO: Loaded 1 PC tables (252 PCs): 252 [0x576f0978b778,0x576f0978c738), 
INFO:        4 files found in /tmp/corpus_20260313_184650_d685760b
INFO: seed corpus: files: 4 min: 48b max: 333b total: 853b rss: 28Mb
#5	INITED cov: 118 ft: 252 corp: 4/853b exec/s: 0 rss: 29Mb
#6	NEW    cov: 118 ft: 268 corp: 5/905b lim: 333 exec/s: 0 rss: 29Mb L: 52/333 MS: 1 CMP- DE: "moov"-
#8	NEW    cov: 118 ft: 274 corp: 6/1192b lim: 333 exec/s: 0 rss: 29Mb L: 287/333 MS: 2 ChangeByte-InsertRepeatedBytes-
#9	NEW    cov: 118 ft: 275 corp: 7/1464b lim: 333 exec/s: 0 rss: 29Mb L: 272/333 MS: 1 CrossOver-
#11	NEW    cov: 119 ft: 278 corp: 8/1797b lim: 333 exec/s: 0 rss: 29Mb L: 333/333 MS: 2 CopyPart-CopyPart-
#12	NEW    cov: 119 ft: 279 corp: 9/2113b lim: 333 exec/s: 0 rss: 29Mb L: 316/333 MS: 1 EraseBytes-
#16	NEW    cov: 119 ft: 280 corp: 10/2446b lim: 333 exec/s: 0 rss: 29Mb L: 333/333 MS: 4 ChangeByte-ChangeBit-CrossOver-ChangeBinInt-
#18	NEW    cov: 120 ft: 282 corp: 11/2655b lim: 333 exec/s: 0 rss: 29Mb L: 209/333 MS: 2 CrossOver-EraseBytes-
#19	NEW    cov: 121 ft: 283 corp: 12/2970b lim: 333 exec/s: 0 rss: 29Mb L: 315/333 MS: 1 EraseBytes-
#20	NEW    cov: 121 ft: 300 corp: 13/3018b lim: 333 exec/s: 0 rss: 29Mb L: 48/333 MS: 1 ShuffleBytes-
#26	NEW    cov: 121 ft: 313 corp: 14/3288b lim: 333 exec/s: 0 rss: 29Mb L: 270/333 MS: 1 InsertRepeatedBytes-
#31	NEW    cov: 121 ft: 328 corp: 15/3380b lim: 333 exec/s: 0 rss: 29Mb L: 92/333 MS: 5 ShuffleBytes-EraseBytes-ChangeBinInt-ChangeBinInt-CrossOver-
#35	NEW    cov: 121 ft: 335 corp: 16/3550b lim: 333 exec/s: 0 rss: 29Mb L: 170/333 MS: 4 ChangeBit-CrossOver-PersAutoDict-EraseBytes- DE: "moov"-
#37	NEW    cov: 122 ft: 361 corp: 17/3837b lim: 333 exec/s: 0 rss: 29Mb L: 287/333 MS: 2 ChangeBit-ChangeBit-
#38	NEW    cov: 122 ft: 372 corp: 18/4069b lim: 333 exec/s: 0 rss: 29Mb L: 232/333 MS: 1 EraseBytes-
#39	NEW    cov: 122 ft: 373 corp: 19/4402b lim: 333 exec/s: 0 rss: 29Mb L: 333/333 MS: 1 ShuffleBytes-
#41	NEW    cov: 122 ft: 374 corp: 20/4515b lim: 333 exec/s: 0 rss: 29Mb L: 113/333 MS: 2 EraseBytes-EraseBytes-
#45	NEW    cov: 122 ft: 388 corp: 21/4613b lim: 333 exec/s: 0 rss: 29Mb L: 98/333 MS: 4 CrossOver-CopyPart-ChangeBit-EraseBytes-
#51	NEW    cov: 122 ft: 399 corp: 22/4640b lim: 333 exec/s: 0 rss: 29Mb L: 27/333 MS: 1 EraseBytes-
#59	NEW    cov: 122 ft: 400 corp: 23/4686b lim: 333 exec/s: 0 rss: 29Mb L: 46/333 MS: 3 EraseBytes-EraseBytes-CMP- DE: "\001\000\000\004"-
#66	NEW    cov: 122 ft: 402 corp: 24/4767b lim: 333 exec/s: 0 rss: 29Mb L: 81/333 MS: 2 EraseBytes-CrossOver-
#69	REDUCE cov: 122 ft: 402 corp: 24/4650b lim: 333 exec/s: 0 rss: 29Mb L: 216/333 MS: 3 CrossOver-CopyPart-EraseBytes-
#91	NEW    cov: 122 ft: 403 corp: 25/4700b lim: 333 exec/s: 0 rss: 29Mb L: 50/333 MS: 2 PersAutoDict-CopyPart- DE: "\001\000\000\004"-
#101	REDUCE cov: 122 ft: 404 corp: 26/4798b lim: 333 exec/s: 0 rss: 29Mb L: 98/333 MS: 5 CMP-PersAutoDict-ChangeBit-CrossOver-InsertRepeatedBytes- DE: "i\000"-"\001\000\000\004"-
#106	NEW    cov: 122 ft: 405 corp: 27/5049b lim: 333 exec/s: 0 rss: 29Mb L: 251/333 MS: 5 CMP-InsertByte-ChangeBit-InsertByte-CrossOver- DE: "dinf"-
#118	NEW    cov: 122 ft: 407 corp: 28/5139b lim: 333 exec/s: 0 rss: 29Mb L: 90/333 MS: 2 ChangeByte-InsertRepeatedBytes-
#132	NEW    cov: 122 ft: 408 corp: 29/5249b lim: 333 exec/s: 0 rss: 29Mb L: 110/333 MS: 4 ChangeBit-InsertRepeatedBytes-InsertByte-EraseBytes-
#137	NEW    cov: 122 ft: 409 corp: 30/5582b lim: 333 exec/s: 0 rss: 29Mb L: 333/333 MS: 5 ChangeBit-CopyPart-ChangeByte-ChangeBit-ChangeByte-
#183	REDUCE cov: 122 ft: 409 corp: 30/5556b lim: 333 exec/s: 0 rss: 29Mb L: 64/333 MS: 1 EraseBytes-
#185	REDUCE cov: 122 ft: 409 corp: 30/5553b lim: 333 exec/s: 0 rss: 29Mb L: 107/333 MS: 2 EraseBytes-InsertRepeatedBytes-
#187	REDUCE cov: 122 ft: 409 corp: 30/5498b lim: 333 exec/s: 0 rss: 29Mb L: 217/333 MS: 2 CMP-EraseBytes- DE: "\377\377\377\377\377\377\377="-
#208	NEW    cov: 122 ft: 410 corp: 31/5815b lim: 333 exec/s: 0 rss: 29Mb L: 317/333 MS: 1 InsertByte-
#242	REDUCE cov: 122 ft: 410 corp: 31/5770b lim: 333 exec/s: 0 rss: 29Mb L: 272/333 MS: 4 ChangeBit-CopyPart-InsertRepeatedBytes-EraseBytes-
#263	NEW    cov: 122 ft: 418 corp: 32/6002b lim: 333 exec/s: 0 rss: 29Mb L: 232/333 MS: 1 CMP- DE: "mdat"-
#267	NEW    cov: 122 ft: 424 corp: 33/6320b lim: 333 exec/s: 0 rss: 29Mb L: 318/333 MS: 4 ChangeBit-InsertByte-CopyPart-CopyPart-
#272	REDUCE cov: 122 ft: 424 corp: 33/6310b lim: 333 exec/s: 0 rss: 29Mb L: 277/333 MS: 5 ChangeByte-CrossOver-ChangeBit-PersAutoDict-EraseBytes- DE: "\001\000\000\004"-
#277	REDUCE cov: 122 ft: 424 corp: 33/6281b lim: 333 exec/s: 0 rss: 29Mb L: 188/333 MS: 5 InsertRepeatedBytes-ChangeBit-CopyPart-EraseBytes-CrossOver-
#305	NEW    cov: 122 ft: 425 corp: 34/6524b lim: 333 exec/s: 0 rss: 29Mb L: 243/333 MS: 3 EraseBytes-CMP-ChangeBit- DE: "S\000\000\000\000\000\000\000"-
#322	NEW    cov: 122 ft: 426 corp: 35/6741b lim: 333 exec/s: 0 rss: 29Mb L: 217/333 MS: 2 PersAutoDict-PersAutoDict- DE: "\001\000\000\004"-"\001\000\000\004"-
#343	NEW    cov: 123 ft: 427 corp: 36/6742b lim: 333 exec/s: 0 rss: 29Mb L: 1/333 MS: 1 CrossOver-
#359	NEW    cov: 123 ft: 428 corp: 37/6790b lim: 333 exec/s: 0 rss: 29Mb L: 48/333 MS: 1 CopyPart-
#382	NEW    cov: 123 ft: 437 corp: 38/6819b lim: 333 exec/s: 0 rss: 29Mb L: 29/333 MS: 3 CMP-ChangeByte-EraseBytes- DE: "\377\377\377\000"-
#420	REDUCE cov: 123 ft: 437 corp: 38/6809b lim: 333 exec/s: 0 rss: 29Mb L: 36/333 MS: 3 ShuffleBytes-ChangeByte-EraseBytes-
#421	NEW    cov: 123 ft: 438 corp: 39/6915b lim: 333 exec/s: 0 rss: 29Mb L: 106/333 MS: 1 CMP- DE: "\000\000Wo2Z\177Z"-
#429	NEW    cov: 123 ft: 439 corp: 40/7248b lim: 333 exec/s: 0 rss: 29Mb L: 333/333 MS: 3 CrossOver-CopyPart-CrossOver-
#434	REDUCE cov: 123 ft: 440 corp: 41/7530b lim: 333 exec/s: 0 rss: 29Mb L: 282/333 MS: 5 PersAutoDict-ShuffleBytes-ChangeBit-PersAutoDict-PersAutoDict- DE: "\000\000Wo2Z\177Z"-"S\000\000\000\000\000\000\000"-"i\000"-
#441	REDUCE cov: 123 ft: 442 corp: 42/7826b lim: 333 exec/s: 0 rss: 29Mb L: 296/333 MS: 2 ChangeBit-InsertRepeatedBytes-
#530	REDUCE cov: 123 ft: 442 corp: 42/7743b lim: 333 exec/s: 0 rss: 29Mb L: 199/333 MS: 4 PersAutoDict-ChangeASCIIInt-ChangeBit-EraseBytes- DE: "i\000"-
#545	REDUCE cov: 123 ft: 442 corp: 42/7675b lim: 333 exec/s: 0 rss: 29Mb L: 204/333 MS: 5 CopyPart-EraseBytes-PersAutoDict-ShuffleBytes-EraseBytes- DE: "\377\377\377\000"-
#553	REDUCE cov: 123 ft: 442 corp: 42/7664b lim: 333 exec/s: 0 rss: 29Mb L: 307/333 MS: 3 PersAutoDict-CMP-EraseBytes- DE: "\377\377\377\000"-"\377\037"-
#594	REDUCE cov: 123 ft: 442 corp: 42/7579b lim: 333 exec/s: 0 rss: 29Mb L: 185/333 MS: 1 EraseBytes-
#617	NEW    cov: 123 ft: 445 corp: 43/7609b lim: 333 exec/s: 0 rss: 29Mb L: 30/333 MS: 3 ShuffleBytes-EraseBytes-ChangeBinInt-
#661	REDUCE cov: 123 ft: 446 corp: 44/7895b lim: 333 exec/s: 0 rss: 29Mb L: 286/333 MS: 4 ChangeBit-CrossOver-ChangeASCIIInt-InsertRepeatedBytes-
#668	REDUCE cov: 123 ft: 447 corp: 45/8216b lim: 333 exec/s: 0 rss: 29Mb L: 321/333 MS: 2 ChangeByte-CopyPart-
#748	REDUCE cov: 123 ft: 456 corp: 46/8232b lim: 333 exec/s: 0 rss: 29Mb L: 16/333 MS: 5 InsertRepeatedBytes-EraseBytes-ChangeASCIIInt-PersAutoDict-CrossOver- DE: "\377\037"-
#763	NEW    cov: 123 ft: 462 corp: 47/8549b lim: 333 exec/s: 0 rss: 29Mb L: 317/333 MS: 5 CrossOver-CopyPart-ChangeBit-EraseBytes-CrossOver-
#793	NEW    cov: 123 ft: 463 corp: 48/8861b lim: 333 exec/s: 0 rss: 29Mb L: 312/333 MS: 5 InsertRepeatedBytes-CrossOver-InsertByte-ShuffleBytes-CopyPart-
#835	NEW    cov: 123 ft: 467 corp: 49/9185b lim: 333 exec/s: 0 rss: 29Mb L: 324/333 MS: 2 ChangeByte-CopyPart-
#856	NEW    cov: 123 ft: 474 corp: 50/9413b lim: 333 exec/s: 0 rss: 29Mb L: 228/333 MS: 1 CMP- DE: "I\000\000\000\000\000\000\000"-
#918	REDUCE cov: 123 ft: 475 corp: 51/9679b lim: 333 exec/s: 0 rss: 29Mb L: 266/333 MS: 2 CrossOver-EraseBytes-
#1025	REDUCE cov: 123 ft: 475 corp: 51/9601b lim: 333 exec/s: 0 rss: 29Mb L: 154/333 MS: 2 ShuffleBytes-CrossOver-
#1041	NEW    cov: 123 ft: 478 corp: 52/9846b lim: 333 exec/s: 0 rss: 29Mb L: 245/333 MS: 1 InsertRepeatedBytes-
#1134	NEW    cov: 123 ft: 479 corp: 53/10117b lim: 333 exec/s: 0 rss: 29Mb L: 271/333 MS: 3 CopyPart-InsertByte-PersAutoDict- DE: "\001\000\000\004"-
#1172	NEW    cov: 123 ft: 487 corp: 54/10129b lim: 333 exec/s: 0 rss: 29Mb L: 12/333 MS: 3 ChangeBit-ChangeByte-InsertRepeatedBytes-
#1180	REDUCE cov: 123 ft: 487 corp: 54/10128b lim: 333 exec/s: 0 rss: 29Mb L: 11/333 MS: 3 CopyPart-ChangeByte-EraseBytes-
#1464	REDUCE cov: 123 ft: 487 corp: 54/10075b lim: 333 exec/s: 0 rss: 29Mb L: 101/333 MS: 4 CrossOver-CrossOver-ChangeByte-EraseBytes-
#1485	NEW    cov: 123 ft: 488 corp: 55/10163b lim: 333 exec/s: 0 rss: 29Mb L: 88/333 MS: 1 InsertRepeatedBytes-
#1553	REDUCE cov: 123 ft: 489 corp: 56/10442b lim: 333 exec/s: 0 rss: 29Mb L: 279/333 MS: 3 ChangeByte-CopyPart-CopyPart-
#1682	REDUCE cov: 123 ft: 489 corp: 56/10380b lim: 333 exec/s: 0 rss: 29Mb L: 271/333 MS: 4 ShuffleBytes-ChangeBit-ChangeByte-EraseBytes-
#1696	REDUCE cov: 123 ft: 489 corp: 56/10367b lim: 333 exec/s: 0 rss: 29Mb L: 17/333 MS: 4 ChangeBinInt-ChangeBit-ChangeByte-EraseBytes-
#1777	REDUCE cov: 123 ft: 489 corp: 56/10326b lim: 333 exec/s: 0 rss: 29Mb L: 60/333 MS: 1 EraseBytes-
#1790	NEW    cov: 124 ft: 490 corp: 57/10654b lim: 333 exec/s: 0 rss: 29Mb L: 328/333 MS: 3 InsertByte-ShuffleBytes-InsertRepeatedBytes-
#1813	REDUCE cov: 124 ft: 490 corp: 57/10633b lim: 333 exec/s: 0 rss: 29Mb L: 258/333 MS: 3 ShuffleBytes-CMP-EraseBytes- DE: "\001\000Wo2]`\232"-
#1939	REDUCE cov: 124 ft: 490 corp: 57/10619b lim: 333 exec/s: 0 rss: 29Mb L: 34/333 MS: 1 EraseBytes-
#2040	REDUCE cov: 124 ft: 490 corp: 57/10530b lim: 333 exec/s: 0 rss: 29Mb L: 244/333 MS: 1 EraseBytes-
#2539	REDUCE cov: 124 ft: 493 corp: 58/10812b lim: 333 exec/s: 0 rss: 29Mb L: 282/333 MS: 4 CrossOver-ShuffleBytes-CopyPart-CrossOver-
#2592	REDUCE cov: 124 ft: 493 corp: 58/10809b lim: 333 exec/s: 0 rss: 29Mb L: 14/333 MS: 3 ShuffleBytes-ShuffleBytes-EraseBytes-
#2608	REDUCE cov: 124 ft: 493 corp: 58/10808b lim: 333 exec/s: 0 rss: 29Mb L: 63/333 MS: 1 EraseBytes-
#2721	REDUCE cov: 124 ft: 493 corp: 58/10804b lim: 333 exec/s: 0 rss: 29Mb L: 10/333 MS: 3 ChangeBit-PersAutoDict-EraseBytes- DE: "dinf"-
#2752	REDUCE cov: 124 ft: 493 corp: 58/10802b lim: 333 exec/s: 0 rss: 29Mb L: 9/333 MS: 1 EraseBytes-
#3111	REDUCE cov: 124 ft: 493 corp: 58/10761b lim: 333 exec/s: 0 rss: 29Mb L: 276/333 MS: 4 ChangeByte-EraseBytes-ChangeBit-PersAutoDict- DE: "\377\377\377\000"-
#3223	REDUCE cov: 124 ft: 493 corp: 58/10741b lim: 333 exec/s: 0 rss: 29Mb L: 40/333 MS: 2 PersAutoDict-EraseBytes- DE: "mdat"-
#3237	NEW    cov: 124 ft: 494 corp: 59/11071b lim: 333 exec/s: 0 rss: 29Mb L: 330/333 MS: 4 CMP-PersAutoDict-ChangeByte-CopyPart- DE: "\031\000\000\000"-"\377\037"-
#3281	REDUCE cov: 124 ft: 494 corp: 59/11058b lim: 333 exec/s: 0 rss: 29Mb L: 21/333 MS: 4 CMP-PersAutoDict-EraseBytes-EraseBytes- DE: "ftyp"-"moov"-
#3344	REDUCE cov: 124 ft: 494 corp: 59/11046b lim: 333 exec/s: 0 rss: 29Mb L: 265/333 MS: 3 ChangeBinInt-InsertByte-CrossOver-
#3447	REDUCE cov: 124 ft: 494 corp: 59/11044b lim: 333 exec/s: 0 rss: 29Mb L: 19/333 MS: 3 PersAutoDict-CMP-EraseBytes- DE: "\377\377\377\377\377\377\377="-"\377\376"-
#3515	REDUCE cov: 124 ft: 494 corp: 59/11040b lim: 333 exec/s: 0 rss: 29Mb L: 15/333 MS: 3 ChangeByte-PersAutoDict-EraseBytes- DE: "S\000\000\000\000\000\000\000"-
#3532	NEW    cov: 124 ft: 499 corp: 60/11363b lim: 333 exec/s: 0 rss: 29Mb L: 323/333 MS: 2 InsertRepeatedBytes-CrossOver-
#3615	REDUCE cov: 124 ft: 500 corp: 61/11374b lim: 333 exec/s: 0 rss: 29Mb L: 11/333 MS: 3 ChangeBit-CopyPart-EraseBytes-
#3737	REDUCE cov: 124 ft: 500 corp: 61/11334b lim: 333 exec/s: 0 rss: 29Mb L: 203/333 MS: 2 PersAutoDict-EraseBytes- DE: "dinf"-
#3801	NEW    cov: 124 ft: 501 corp: 62/11667b lim: 333 exec/s: 0 rss: 29Mb L: 333/333 MS: 4 ChangeBinInt-ChangeBit-ShuffleBytes-ChangeBinInt-
#3859	REDUCE cov: 124 ft: 501 corp: 62/11440b lim: 333 exec/s: 0 rss: 29Mb L: 88/333 MS: 3 CrossOver-ChangeByte-EraseBytes-
#3905	REDUCE cov: 124 ft: 501 corp: 62/11437b lim: 333 exec/s: 0 rss: 29Mb L: 78/333 MS: 1 EraseBytes-
#3926	NEW    cov: 124 ft: 502 corp: 63/11760b lim: 333 exec/s: 0 rss: 29Mb L: 323/333 MS: 1 ChangeByte-
#3944	REDUCE cov: 124 ft: 502 corp: 63/11704b lim: 333 exec/s: 0 rss: 29Mb L: 153/333 MS: 3 ChangeBit-CopyPart-EraseBytes-
#3953	REDUCE cov: 124 ft: 502 corp: 63/11653b lim: 333 exec/s: 0 rss: 29Mb L: 207/333 MS: 4 InsertRepeatedBytes-ShuffleBytes-CopyPart-EraseBytes-
#3954	REDUCE cov: 124 ft: 502 corp: 63/11599b lim: 333 exec/s: 0 rss: 29Mb L: 149/333 MS: 1 EraseBytes-
#3983	REDUCE cov: 124 ft: 504 corp: 64/11627b lim: 333 exec/s: 0 rss: 29Mb L: 28/333 MS: 4 ChangeByte-InsertByte-EraseBytes-EraseBytes-
#4063	REDUCE cov: 124 ft: 520 corp: 65/11827b lim: 333 exec/s: 0 rss: 29Mb L: 200/333 MS: 5 ChangeBit-ChangeBinInt-InsertByte-CopyPart-PersAutoDict- DE: "mdat"-
#4257	REDUCE cov: 124 ft: 520 corp: 65/11809b lim: 333 exec/s: 0 rss: 29Mb L: 170/333 MS: 4 CopyPart-EraseBytes-ShuffleBytes-InsertRepeatedBytes-
#4329	NEW    cov: 125 ft: 522 corp: 66/11841b lim: 333 exec/s: 0 rss: 29Mb L: 32/333 MS: 2 ChangeASCIIInt-EraseBytes-
#4333	REDUCE cov: 125 ft: 522 corp: 66/11818b lim: 333 exec/s: 0 rss: 29Mb L: 75/333 MS: 4 CopyPart-ShuffleBytes-ShuffleBytes-CrossOver-
#4341	REDUCE cov: 125 ft: 522 corp: 66/11801b lim: 333 exec/s: 0 rss: 29Mb L: 71/333 MS: 3 EraseBytes-ShuffleBytes-InsertByte-
#5286	REDUCE cov: 125 ft: 522 corp: 66/11800b lim: 341 exec/s: 0 rss: 29Mb L: 295/333 MS: 5 ChangeASCIIInt-CMP-ShuffleBytes-EraseBytes-CopyPart- DE: "strk"-
#5471	REDUCE cov: 125 ft: 522 corp: 66/11797b lim: 341 exec/s: 0 rss: 29Mb L: 8/333 MS: 5 ChangeBit-ChangeByte-ChangeBit-ChangeBit-EraseBytes-
#5593	REDUCE cov: 125 ft: 522 corp: 66/11756b lim: 341 exec/s: 0 rss: 29Mb L: 47/333 MS: 2 ShuffleBytes-EraseBytes-
#5599	REDUCE cov: 125 ft: 522 corp: 66/11755b lim: 341 exec/s: 0 rss: 29Mb L: 169/333 MS: 1 EraseBytes-
#5611	REDUCE cov: 125 ft: 522 corp: 66/11748b lim: 341 exec/s: 0 rss: 29Mb L: 8/333 MS: 2 CMP-EraseBytes- DE: "tapt"-
#5687	REDUCE cov: 125 ft: 522 corp: 66/11720b lim: 341 exec/s: 0 rss: 29Mb L: 172/333 MS: 1 EraseBytes-
#5755	REDUCE cov: 125 ft: 522 corp: 66/11697b lim: 341 exec/s: 0 rss: 29Mb L: 48/333 MS: 3 ChangeBit-ChangeByte-EraseBytes-
#6378	REDUCE cov: 125 ft: 522 corp: 66/11695b lim: 341 exec/s: 6378 rss: 29Mb L: 26/333 MS: 3 ShuffleBytes-ChangeBit-EraseBytes-
#6502	REDUCE cov: 125 ft: 522 corp: 66/11691b lim: 341 exec/s: 6502 rss: 29Mb L: 25/333 MS: 4 ChangeBinInt-CrossOver-EraseBytes-EraseBytes-
==829168== ERROR: libFuzzer: out-of-memory (used: 1516Mb; limit: 1024Mb)
   To change the out-of-memory limit use -rss_limit_mb=<N>

MS: 3 CopyPart-InsertByte-CopyPart-; base unit: a93f85bcfca792ac0477a686897188592d021448
artifact_prefix='/results/crashes/20260313_184650_d685760b_'; Test unit written to /results/crashes/20260313_184650_d685760b_oom-2e5befab43850cda4a27870860c15be11f41951e
SUMMARY: libFuzzer: out-of-memory
stat::number_of_executed_units: 6650
stat::average_exec_per_sec:     3325
stat::new_units_added:          111
stat::slowest_unit_time_sec:    0
stat::peak_rss_mb:              1516
