INFO: Running with entropic power schedule (0xFF, 100).
INFO: Seed: 2337467475
INFO: Loaded 1 modules   (252 inline 8-bit counters): 252 [0x60939ce66678, 0x60939ce66774), 
INFO: Loaded 1 PC tables (252 PCs): 252 [0x60939ce66778,0x60939ce67738), 
INFO:        4 files found in /tmp/corpus_20260313_172454_7de14219
INFO: seed corpus: files: 4 min: 48b max: 333b total: 853b rss: 28Mb
#5	INITED cov: 117 ft: 250 corp: 4/853b exec/s: 0 rss: 29Mb
#6	NEW    cov: 118 ft: 251 corp: 5/1073b lim: 333 exec/s: 0 rss: 29Mb L: 220/333 MS: 1 ChangeBit-
#11	NEW    cov: 118 ft: 252 corp: 6/1337b lim: 333 exec/s: 0 rss: 29Mb L: 264/333 MS: 5 CopyPart-EraseBytes-CrossOver-CMP-InsertByte- DE: "\001\000\000\012"-
#14	NEW    cov: 119 ft: 254 corp: 7/1670b lim: 333 exec/s: 0 rss: 29Mb L: 333/333 MS: 3 ChangeASCIIInt-ShuffleBytes-PersAutoDict- DE: "\001\000\000\012"-
#16	NEW    cov: 119 ft: 255 corp: 8/1894b lim: 333 exec/s: 0 rss: 29Mb L: 224/333 MS: 2 ChangeByte-EraseBytes-
#17	NEW    cov: 119 ft: 270 corp: 9/2057b lim: 333 exec/s: 0 rss: 29Mb L: 163/333 MS: 1 EraseBytes-
#18	NEW    cov: 119 ft: 271 corp: 10/2310b lim: 333 exec/s: 0 rss: 29Mb L: 253/333 MS: 1 InsertByte-
#20	NEW    cov: 119 ft: 279 corp: 11/2362b lim: 333 exec/s: 0 rss: 29Mb L: 52/333 MS: 2 ShuffleBytes-CMP- DE: "8\000\000\000"-
#24	NEW    cov: 119 ft: 280 corp: 12/2523b lim: 333 exec/s: 0 rss: 29Mb L: 161/333 MS: 4 ShuffleBytes-ChangeByte-ShuffleBytes-EraseBytes-
#26	NEW    cov: 119 ft: 281 corp: 13/2748b lim: 333 exec/s: 0 rss: 29Mb L: 225/333 MS: 2 ChangeBit-InsertByte-
#28	NEW    cov: 119 ft: 308 corp: 14/3017b lim: 333 exec/s: 0 rss: 29Mb L: 269/333 MS: 2 ChangeByte-EraseBytes-
#29	NEW    cov: 119 ft: 309 corp: 15/3333b lim: 333 exec/s: 0 rss: 29Mb L: 316/333 MS: 1 InsertRepeatedBytes-
#30	NEW    cov: 119 ft: 314 corp: 16/3495b lim: 333 exec/s: 0 rss: 29Mb L: 162/333 MS: 1 InsertByte-
#34	NEW    cov: 119 ft: 330 corp: 17/3593b lim: 333 exec/s: 0 rss: 29Mb L: 98/333 MS: 4 PersAutoDict-EraseBytes-ChangeByte-CrossOver- DE: "8\000\000\000"-
#37	NEW    cov: 119 ft: 334 corp: 18/3698b lim: 333 exec/s: 0 rss: 29Mb L: 105/333 MS: 3 CMP-ShuffleBytes-EraseBytes- DE: "\000\010"-
#39	NEW    cov: 119 ft: 350 corp: 19/3923b lim: 333 exec/s: 0 rss: 29Mb L: 225/333 MS: 2 ShuffleBytes-CMP- DE: "C\254"-
#51	NEW    cov: 119 ft: 359 corp: 20/4021b lim: 333 exec/s: 0 rss: 29Mb L: 98/333 MS: 2 InsertByte-CopyPart-
#68	NEW    cov: 119 ft: 369 corp: 21/4277b lim: 333 exec/s: 0 rss: 29Mb L: 256/333 MS: 2 ChangeByte-CopyPart-
#69	NEW    cov: 119 ft: 373 corp: 22/4516b lim: 333 exec/s: 0 rss: 29Mb L: 239/333 MS: 1 InsertRepeatedBytes-
#72	NEW    cov: 119 ft: 374 corp: 23/4822b lim: 333 exec/s: 0 rss: 29Mb L: 306/333 MS: 3 CrossOver-ShuffleBytes-ChangeBit-
#75	REDUCE cov: 119 ft: 374 corp: 23/4777b lim: 333 exec/s: 0 rss: 29Mb L: 207/333 MS: 3 ChangeBit-ShuffleBytes-EraseBytes-
#87	NEW    cov: 119 ft: 379 corp: 24/5110b lim: 333 exec/s: 0 rss: 29Mb L: 333/333 MS: 2 PersAutoDict-ChangeBit- DE: "C\254"-
#96	NEW    cov: 120 ft: 381 corp: 25/5430b lim: 333 exec/s: 0 rss: 29Mb L: 320/333 MS: 4 EraseBytes-InsertRepeatedBytes-ChangeBit-InsertRepeatedBytes-
#107	NEW    cov: 120 ft: 383 corp: 26/5757b lim: 333 exec/s: 0 rss: 29Mb L: 327/333 MS: 1 CrossOver-
#112	REDUCE cov: 120 ft: 384 corp: 27/5869b lim: 333 exec/s: 0 rss: 29Mb L: 112/333 MS: 5 CrossOver-ChangeBit-ChangeASCIIInt-PersAutoDict-EraseBytes- DE: "\000\010"-
#113	NEW    cov: 120 ft: 394 corp: 28/5942b lim: 333 exec/s: 0 rss: 29Mb L: 73/333 MS: 1 CopyPart-
#142	NEW    cov: 120 ft: 395 corp: 29/6046b lim: 333 exec/s: 0 rss: 29Mb L: 104/333 MS: 4 ShuffleBytes-ChangeASCIIInt-EraseBytes-CopyPart-
#153	NEW    cov: 120 ft: 401 corp: 30/6294b lim: 333 exec/s: 0 rss: 29Mb L: 248/333 MS: 1 CrossOver-
#154	NEW    cov: 120 ft: 402 corp: 31/6458b lim: 333 exec/s: 0 rss: 29Mb L: 164/333 MS: 1 InsertByte-
#161	NEW    cov: 120 ft: 403 corp: 32/6730b lim: 333 exec/s: 0 rss: 29Mb L: 272/333 MS: 2 InsertByte-CopyPart-
#178	NEW    cov: 120 ft: 409 corp: 33/7037b lim: 333 exec/s: 0 rss: 29Mb L: 307/333 MS: 2 ShuffleBytes-InsertRepeatedBytes-
#180	NEW    cov: 120 ft: 410 corp: 34/7292b lim: 333 exec/s: 0 rss: 29Mb L: 255/333 MS: 2 ChangeBinInt-PersAutoDict- DE: "C\254"-
#218	NEW    cov: 121 ft: 411 corp: 35/7295b lim: 333 exec/s: 0 rss: 29Mb L: 3/333 MS: 3 ChangeASCIIInt-InsertByte-CrossOver-
#249	NEW    cov: 121 ft: 412 corp: 36/7609b lim: 333 exec/s: 0 rss: 29Mb L: 314/333 MS: 1 CrossOver-
#268	NEW    cov: 121 ft: 413 corp: 37/7727b lim: 333 exec/s: 0 rss: 29Mb L: 118/333 MS: 4 EraseBytes-ChangeByte-CrossOver-EraseBytes-
#284	NEW    cov: 121 ft: 422 corp: 38/8012b lim: 333 exec/s: 0 rss: 29Mb L: 285/333 MS: 1 InsertRepeatedBytes-
#327	NEW    cov: 121 ft: 423 corp: 39/8110b lim: 333 exec/s: 0 rss: 29Mb L: 98/333 MS: 3 ShuffleBytes-ChangeBit-ShuffleBytes-
#331	NEW    cov: 121 ft: 425 corp: 40/8414b lim: 333 exec/s: 0 rss: 29Mb L: 304/333 MS: 4 InsertByte-InsertByte-PersAutoDict-InsertRepeatedBytes- DE: "\000\010"-
#346	NEW    cov: 121 ft: 426 corp: 41/8665b lim: 333 exec/s: 0 rss: 29Mb L: 251/333 MS: 5 InsertRepeatedBytes-CopyPart-CrossOver-CrossOver-CopyPart-
#348	NEW    cov: 121 ft: 431 corp: 42/8738b lim: 333 exec/s: 0 rss: 29Mb L: 73/333 MS: 2 ChangeBinInt-CrossOver-
#385	NEW    cov: 121 ft: 443 corp: 43/8765b lim: 333 exec/s: 0 rss: 29Mb L: 27/333 MS: 2 InsertByte-EraseBytes-
#394	NEW    cov: 121 ft: 444 corp: 44/9096b lim: 333 exec/s: 0 rss: 29Mb L: 331/333 MS: 4 CrossOver-ShuffleBytes-ChangeBinInt-CopyPart-
#403	NEW    cov: 121 ft: 454 corp: 45/9115b lim: 333 exec/s: 0 rss: 29Mb L: 19/333 MS: 4 EraseBytes-ChangeByte-CrossOver-CrossOver-
#418	NEW    cov: 121 ft: 455 corp: 46/9167b lim: 333 exec/s: 0 rss: 29Mb L: 52/333 MS: 5 PersAutoDict-ChangeBinInt-InsertByte-ShuffleBytes-InsertByte- DE: "\000\010"-
#419	NEW    cov: 121 ft: 457 corp: 47/9493b lim: 333 exec/s: 0 rss: 29Mb L: 326/333 MS: 1 InsertRepeatedBytes-
#468	NEW    cov: 121 ft: 461 corp: 48/9810b lim: 333 exec/s: 0 rss: 29Mb L: 317/333 MS: 4 InsertByte-ChangeASCIIInt-InsertRepeatedBytes-CopyPart-
#507	REDUCE cov: 121 ft: 461 corp: 48/9769b lim: 333 exec/s: 0 rss: 29Mb L: 198/333 MS: 4 CrossOver-InsertByte-PersAutoDict-InsertByte- DE: "8\000\000\000"-
#509	NEW    cov: 122 ft: 462 corp: 49/10102b lim: 333 exec/s: 0 rss: 29Mb L: 333/333 MS: 2 ChangeBinInt-ShuffleBytes-
#517	REDUCE cov: 122 ft: 462 corp: 49/10070b lim: 333 exec/s: 0 rss: 29Mb L: 66/333 MS: 3 PersAutoDict-PersAutoDict-CrossOver- DE: "C\254"-"8\000\000\000"-
#581	REDUCE cov: 122 ft: 462 corp: 49/10067b lim: 333 exec/s: 0 rss: 29Mb L: 314/333 MS: 4 EraseBytes-ChangeByte-ChangeByte-InsertRepeatedBytes-
#607	NEW    cov: 122 ft: 463 corp: 50/10106b lim: 333 exec/s: 0 rss: 29Mb L: 39/333 MS: 1 EraseBytes-
#611	NEW    cov: 122 ft: 464 corp: 51/10375b lim: 333 exec/s: 0 rss: 29Mb L: 269/333 MS: 4 ChangeByte-ChangeByte-CopyPart-EraseBytes-
#633	REDUCE cov: 122 ft: 464 corp: 51/10287b lim: 333 exec/s: 0 rss: 29Mb L: 181/333 MS: 2 ChangeBit-CrossOver-
#640	REDUCE cov: 122 ft: 464 corp: 51/10180b lim: 333 exec/s: 0 rss: 29Mb L: 226/333 MS: 2 ChangeByte-EraseBytes-
#645	NEW    cov: 122 ft: 465 corp: 52/10229b lim: 333 exec/s: 0 rss: 29Mb L: 49/333 MS: 5 InsertRepeatedBytes-PersAutoDict-ChangeByte-EraseBytes-EraseBytes- DE: "\001\000\000\012"-
#656	NEW    cov: 122 ft: 466 corp: 53/10561b lim: 333 exec/s: 0 rss: 29Mb L: 332/333 MS: 1 InsertByte-
#663	NEW    cov: 122 ft: 467 corp: 54/10622b lim: 333 exec/s: 0 rss: 29Mb L: 61/333 MS: 2 CMP-EraseBytes- DE: "\250\251\251\251"-
#681	REDUCE cov: 122 ft: 467 corp: 54/10617b lim: 333 exec/s: 0 rss: 29Mb L: 309/333 MS: 3 InsertRepeatedBytes-ChangeByte-EraseBytes-
#694	REDUCE cov: 122 ft: 467 corp: 54/10613b lim: 333 exec/s: 0 rss: 29Mb L: 69/333 MS: 3 ChangeBinInt-ShuffleBytes-EraseBytes-
#707	NEW    cov: 122 ft: 474 corp: 55/10645b lim: 333 exec/s: 0 rss: 29Mb L: 32/333 MS: 3 CrossOver-PersAutoDict-EraseBytes- DE: "C\254"-
#721	REDUCE cov: 122 ft: 474 corp: 55/10634b lim: 333 exec/s: 0 rss: 29Mb L: 107/333 MS: 4 EraseBytes-ChangeBit-PersAutoDict-PersAutoDict- DE: "\250\251\251\251"-"C\254"-
#750	NEW    cov: 122 ft: 475 corp: 56/10954b lim: 333 exec/s: 0 rss: 29Mb L: 320/333 MS: 4 CrossOver-ChangeBit-CrossOver-PersAutoDict- DE: "\000\010"-
#782	REDUCE cov: 122 ft: 475 corp: 56/10914b lim: 333 exec/s: 0 rss: 29Mb L: 121/333 MS: 2 CopyPart-EraseBytes-
#787	REDUCE cov: 122 ft: 475 corp: 56/10834b lim: 333 exec/s: 0 rss: 29Mb L: 140/333 MS: 5 ShuffleBytes-EraseBytes-EraseBytes-CopyPart-PersAutoDict- DE: "C\254"-
#812	REDUCE cov: 122 ft: 475 corp: 56/10833b lim: 333 exec/s: 0 rss: 29Mb L: 103/333 MS: 5 ChangeByte-ChangeASCIIInt-InsertRepeatedBytes-ChangeBinInt-EraseBytes-
#857	REDUCE cov: 122 ft: 475 corp: 56/10798b lim: 333 exec/s: 0 rss: 29Mb L: 129/333 MS: 5 EraseBytes-ChangeByte-EraseBytes-ChangeBinInt-InsertByte-
#899	REDUCE cov: 122 ft: 475 corp: 56/10773b lim: 333 exec/s: 0 rss: 29Mb L: 295/333 MS: 2 ShuffleBytes-EraseBytes-
#900	REDUCE cov: 122 ft: 475 corp: 56/10730b lim: 333 exec/s: 0 rss: 29Mb L: 183/333 MS: 1 EraseBytes-
#966	NEW    cov: 122 ft: 476 corp: 57/10778b lim: 333 exec/s: 0 rss: 29Mb L: 48/333 MS: 1 CrossOver-
#1052	REDUCE cov: 122 ft: 476 corp: 57/10767b lim: 333 exec/s: 0 rss: 29Mb L: 55/333 MS: 1 EraseBytes-
#1128	REDUCE cov: 122 ft: 477 corp: 58/10794b lim: 333 exec/s: 0 rss: 29Mb L: 27/333 MS: 1 CrossOver-
#1147	NEW    cov: 122 ft: 486 corp: 59/10806b lim: 333 exec/s: 0 rss: 29Mb L: 12/333 MS: 4 CrossOver-InsertByte-ChangeByte-EraseBytes-
#1154	REDUCE cov: 122 ft: 486 corp: 59/10792b lim: 333 exec/s: 0 rss: 29Mb L: 281/333 MS: 2 InsertByte-EraseBytes-
#1191	REDUCE cov: 122 ft: 486 corp: 59/10771b lim: 333 exec/s: 0 rss: 29Mb L: 230/333 MS: 2 PersAutoDict-EraseBytes- DE: "\000\010"-
#1225	REDUCE cov: 122 ft: 486 corp: 59/10746b lim: 333 exec/s: 0 rss: 29Mb L: 173/333 MS: 4 ChangeBinInt-ChangeASCIIInt-InsertRepeatedBytes-EraseBytes-
#1274	REDUCE cov: 122 ft: 486 corp: 59/10745b lim: 333 exec/s: 0 rss: 29Mb L: 51/333 MS: 4 ChangeByte-PersAutoDict-EraseBytes-CopyPart- DE: "8\000\000\000"-
#1277	REDUCE cov: 122 ft: 486 corp: 59/10717b lim: 333 exec/s: 0 rss: 29Mb L: 228/333 MS: 3 ChangeByte-ShuffleBytes-EraseBytes-
#1296	REDUCE cov: 122 ft: 486 corp: 59/10712b lim: 333 exec/s: 0 rss: 29Mb L: 34/333 MS: 4 ChangeBit-ChangeASCIIInt-ChangeBinInt-EraseBytes-
#1312	REDUCE cov: 122 ft: 486 corp: 59/10711b lim: 333 exec/s: 0 rss: 29Mb L: 54/333 MS: 1 EraseBytes-
#1355	REDUCE cov: 122 ft: 486 corp: 59/10670b lim: 333 exec/s: 0 rss: 29Mb L: 214/333 MS: 3 ChangeBinInt-CrossOver-EraseBytes-
#1551	NEW    cov: 122 ft: 488 corp: 60/10892b lim: 333 exec/s: 0 rss: 29Mb L: 222/333 MS: 1 PersAutoDict- DE: "\000\010"-
#1569	NEW    cov: 122 ft: 489 corp: 61/11219b lim: 333 exec/s: 0 rss: 29Mb L: 327/333 MS: 3 ChangeBinInt-ChangeBinInt-ChangeBit-
#1656	NEW    cov: 124 ft: 491 corp: 62/11484b lim: 333 exec/s: 0 rss: 29Mb L: 265/333 MS: 2 ShuffleBytes-CrossOver-
#1662	REDUCE cov: 124 ft: 491 corp: 62/11467b lim: 333 exec/s: 0 rss: 29Mb L: 17/333 MS: 1 EraseBytes-
#1718	REDUCE cov: 124 ft: 491 corp: 62/11448b lim: 333 exec/s: 0 rss: 29Mb L: 245/333 MS: 1 EraseBytes-
#1730	REDUCE cov: 124 ft: 491 corp: 62/11447b lim: 333 exec/s: 0 rss: 29Mb L: 180/333 MS: 2 ChangeASCIIInt-EraseBytes-
#1769	REDUCE cov: 124 ft: 491 corp: 62/11406b lim: 333 exec/s: 0 rss: 29Mb L: 121/333 MS: 4 EraseBytes-ChangeBit-ChangeBit-PersAutoDict- DE: "C\254"-
#1778	REDUCE cov: 124 ft: 491 corp: 62/11405b lim: 333 exec/s: 0 rss: 29Mb L: 68/333 MS: 4 CrossOver-CopyPart-InsertByte-EraseBytes-
#1885	REDUCE cov: 124 ft: 491 corp: 62/11376b lim: 333 exec/s: 0 rss: 29Mb L: 74/333 MS: 2 InsertByte-EraseBytes-
#1906	REDUCE cov: 124 ft: 491 corp: 62/11344b lim: 333 exec/s: 0 rss: 29Mb L: 216/333 MS: 1 EraseBytes-
#1934	REDUCE cov: 124 ft: 491 corp: 62/11338b lim: 333 exec/s: 0 rss: 29Mb L: 48/333 MS: 3 ChangeByte-CMP-EraseBytes- DE: "ipma"-
#2059	REDUCE cov: 124 ft: 491 corp: 62/11325b lim: 333 exec/s: 0 rss: 29Mb L: 232/333 MS: 5 ChangeBit-ChangeByte-EraseBytes-PersAutoDict-CopyPart- DE: "ipma"-
#2064	REDUCE cov: 124 ft: 491 corp: 62/11324b lim: 333 exec/s: 0 rss: 29Mb L: 18/333 MS: 5 EraseBytes-CrossOver-ChangeBinInt-CMP-CMP- DE: "pitm"-"\021\000\000\000\000\000\000\000"-
#2111	REDUCE cov: 124 ft: 491 corp: 62/11215b lim: 333 exec/s: 0 rss: 29Mb L: 224/333 MS: 2 CopyPart-EraseBytes-
#2122	REDUCE cov: 124 ft: 491 corp: 62/11214b lim: 333 exec/s: 0 rss: 29Mb L: 2/333 MS: 1 EraseBytes-
#2180	REDUCE cov: 124 ft: 491 corp: 62/11157b lim: 333 exec/s: 0 rss: 29Mb L: 157/333 MS: 3 InsertByte-CopyPart-EraseBytes-
#2244	REDUCE cov: 124 ft: 491 corp: 62/11141b lim: 333 exec/s: 0 rss: 29Mb L: 105/333 MS: 4 ChangeBinInt-InsertByte-ChangeBinInt-EraseBytes-
#2315	REDUCE cov: 124 ft: 491 corp: 62/11078b lim: 333 exec/s: 0 rss: 29Mb L: 251/333 MS: 1 EraseBytes-
#2423	REDUCE cov: 124 ft: 491 corp: 62/11036b lim: 333 exec/s: 0 rss: 29Mb L: 98/333 MS: 3 CMP-CopyPart-EraseBytes- DE: "urn "-
#2494	REDUCE cov: 124 ft: 491 corp: 62/11035b lim: 333 exec/s: 0 rss: 29Mb L: 1/333 MS: 1 EraseBytes-
#2636	REDUCE cov: 124 ft: 491 corp: 62/11021b lim: 333 exec/s: 0 rss: 29Mb L: 60/333 MS: 2 ShuffleBytes-EraseBytes-
#2692	REDUCE cov: 124 ft: 491 corp: 62/11007b lim: 333 exec/s: 0 rss: 29Mb L: 93/333 MS: 1 EraseBytes-
#2759	REDUCE cov: 124 ft: 491 corp: 62/11001b lim: 333 exec/s: 0 rss: 29Mb L: 219/333 MS: 2 CrossOver-EraseBytes-
#2836	REDUCE cov: 124 ft: 491 corp: 62/10998b lim: 333 exec/s: 0 rss: 29Mb L: 9/333 MS: 2 InsertByte-EraseBytes-
#2882	REDUCE cov: 124 ft: 491 corp: 62/10988b lim: 333 exec/s: 0 rss: 29Mb L: 38/333 MS: 1 EraseBytes-
#3055	REDUCE cov: 124 ft: 491 corp: 62/10985b lim: 333 exec/s: 0 rss: 29Mb L: 24/333 MS: 3 ChangeBit-EraseBytes-ChangeBit-
#3107	REDUCE cov: 124 ft: 491 corp: 62/10984b lim: 333 exec/s: 0 rss: 29Mb L: 97/333 MS: 2 PersAutoDict-EraseBytes- DE: "\021\000\000\000\000\000\000\000"-
#3198	REDUCE cov: 124 ft: 491 corp: 62/10784b lim: 333 exec/s: 0 rss: 29Mb L: 32/333 MS: 1 CrossOver-
#3219	REDUCE cov: 124 ft: 492 corp: 63/11008b lim: 333 exec/s: 0 rss: 29Mb L: 224/333 MS: 1 ChangeBit-
#3245	REDUCE cov: 124 ft: 492 corp: 63/11003b lim: 333 exec/s: 0 rss: 29Mb L: 19/333 MS: 1 EraseBytes-
#3339	REDUCE cov: 124 ft: 492 corp: 63/10995b lim: 333 exec/s: 0 rss: 29Mb L: 24/333 MS: 4 EraseBytes-ChangeBinInt-PersAutoDict-CopyPart- DE: "pitm"-
#3396	REDUCE cov: 124 ft: 492 corp: 63/10992b lim: 333 exec/s: 0 rss: 29Mb L: 57/333 MS: 2 ChangeBit-EraseBytes-
#3400	REDUCE cov: 124 ft: 492 corp: 63/10987b lim: 333 exec/s: 0 rss: 29Mb L: 100/333 MS: 4 ShuffleBytes-PersAutoDict-EraseBytes-CopyPart- DE: "C\254"-
#3460	REDUCE cov: 124 ft: 493 corp: 64/10998b lim: 333 exec/s: 0 rss: 29Mb L: 11/333 MS: 5 CopyPart-EraseBytes-EraseBytes-EraseBytes-CMP- DE: "sinf"-
#3617	REDUCE cov: 124 ft: 493 corp: 64/10946b lim: 333 exec/s: 0 rss: 29Mb L: 199/333 MS: 2 ShuffleBytes-EraseBytes-
#3792	REDUCE cov: 124 ft: 493 corp: 64/10917b lim: 333 exec/s: 0 rss: 29Mb L: 68/333 MS: 5 ShuffleBytes-ChangeBinInt-EraseBytes-ChangeBinInt-PersAutoDict- DE: "C\254"-
#3891	REDUCE cov: 124 ft: 493 corp: 64/10908b lim: 333 exec/s: 0 rss: 29Mb L: 59/333 MS: 4 ChangeBit-ChangeBit-ChangeASCIIInt-EraseBytes-
#3927	REDUCE cov: 124 ft: 493 corp: 64/10895b lim: 333 exec/s: 0 rss: 29Mb L: 268/333 MS: 1 EraseBytes-
#3970	REDUCE cov: 124 ft: 493 corp: 64/10869b lim: 333 exec/s: 0 rss: 29Mb L: 290/333 MS: 3 EraseBytes-CMP-InsertRepeatedBytes- DE: "avcC"-
#4002	NEW    cov: 124 ft: 495 corp: 65/11026b lim: 333 exec/s: 0 rss: 29Mb L: 157/333 MS: 2 CMP-CrossOver- DE: "stts"-
#4045	REDUCE cov: 124 ft: 495 corp: 65/11024b lim: 333 exec/s: 0 rss: 29Mb L: 217/333 MS: 3 ChangeBit-ChangeASCIIInt-EraseBytes-
#4142	REDUCE cov: 124 ft: 495 corp: 65/11023b lim: 333 exec/s: 0 rss: 29Mb L: 51/333 MS: 2 EraseBytes-CopyPart-
#4228	REDUCE cov: 124 ft: 495 corp: 65/10992b lim: 333 exec/s: 0 rss: 29Mb L: 90/333 MS: 1 EraseBytes-
#4429	NEW    cov: 124 ft: 500 corp: 66/11257b lim: 333 exec/s: 0 rss: 29Mb L: 265/333 MS: 1 CopyPart-
#4481	REDUCE cov: 124 ft: 500 corp: 66/11241b lim: 333 exec/s: 0 rss: 29Mb L: 274/333 MS: 2 EraseBytes-CopyPart-
#4493	REDUCE cov: 124 ft: 500 corp: 66/11238b lim: 333 exec/s: 0 rss: 29Mb L: 48/333 MS: 2 ChangeBit-EraseBytes-
#4619	REDUCE cov: 124 ft: 500 corp: 66/11217b lim: 333 exec/s: 0 rss: 29Mb L: 203/333 MS: 1 EraseBytes-
#4681	REDUCE cov: 124 ft: 500 corp: 66/11208b lim: 333 exec/s: 0 rss: 29Mb L: 81/333 MS: 2 InsertRepeatedBytes-EraseBytes-
#4798	REDUCE cov: 124 ft: 500 corp: 66/11207b lim: 333 exec/s: 0 rss: 29Mb L: 16/333 MS: 2 ChangeBinInt-EraseBytes-
#4801	REDUCE cov: 124 ft: 500 corp: 66/11205b lim: 333 exec/s: 0 rss: 29Mb L: 46/333 MS: 3 ChangeASCIIInt-ChangeByte-EraseBytes-
#4895	REDUCE cov: 124 ft: 500 corp: 66/11182b lim: 333 exec/s: 0 rss: 29Mb L: 15/333 MS: 4 ChangeByte-ChangeByte-CrossOver-ChangeBit-
#4935	REDUCE cov: 124 ft: 500 corp: 66/11148b lim: 333 exec/s: 0 rss: 29Mb L: 149/333 MS: 5 CrossOver-PersAutoDict-CMP-InsertRepeatedBytes-EraseBytes- DE: "sinf"-"E\303\303\234\223`\000\000"-
#5022	REDUCE cov: 124 ft: 500 corp: 66/11136b lim: 333 exec/s: 0 rss: 29Mb L: 34/333 MS: 2 CMP-EraseBytes- DE: "stts"-
#5026	REDUCE cov: 124 ft: 500 corp: 66/11134b lim: 333 exec/s: 0 rss: 29Mb L: 14/333 MS: 4 InsertByte-PersAutoDict-InsertByte-EraseBytes- DE: "\000\010"-
#5039	REDUCE cov: 124 ft: 501 corp: 67/11142b lim: 333 exec/s: 0 rss: 29Mb L: 8/333 MS: 3 PersAutoDict-ShuffleBytes-CrossOver- DE: "\000\010"-
#5313	REDUCE cov: 124 ft: 501 corp: 67/11101b lim: 333 exec/s: 0 rss: 29Mb L: 162/333 MS: 4 ShuffleBytes-CopyPart-CopyPart-CrossOver-
#5324	REDUCE cov: 124 ft: 501 corp: 67/11083b lim: 333 exec/s: 0 rss: 29Mb L: 181/333 MS: 1 EraseBytes-
#5429	REDUCE cov: 124 ft: 501 corp: 67/11082b lim: 333 exec/s: 0 rss: 29Mb L: 13/333 MS: 5 ShuffleBytes-ChangeBit-InsertByte-ChangeBit-EraseBytes-
#5867	REDUCE cov: 124 ft: 501 corp: 67/11076b lim: 333 exec/s: 0 rss: 29Mb L: 247/333 MS: 3 PersAutoDict-ChangeBit-EraseBytes- DE: "sinf"-
#5959	REDUCE cov: 124 ft: 501 corp: 67/11075b lim: 333 exec/s: 0 rss: 29Mb L: 104/333 MS: 2 ChangeBit-EraseBytes-
#5971	REDUCE cov: 124 ft: 501 corp: 67/11069b lim: 333 exec/s: 0 rss: 29Mb L: 9/333 MS: 2 CopyPart-EraseBytes-
#5975	REDUCE cov: 124 ft: 501 corp: 67/11030b lim: 333 exec/s: 0 rss: 29Mb L: 235/333 MS: 4 CrossOver-CrossOver-CrossOver-InsertByte-
#6166	REDUCE cov: 124 ft: 501 corp: 67/11026b lim: 333 exec/s: 6166 rss: 29Mb L: 47/333 MS: 5 CMP-ChangeBit-ChangeASCIIInt-ChangeASCIIInt-EraseBytes- DE: "ampi"-
#6582	REDUCE cov: 124 ft: 501 corp: 67/11024b lim: 333 exec/s: 6582 rss: 29Mb L: 55/333 MS: 1 EraseBytes-
#6851	REDUCE cov: 124 ft: 501 corp: 67/11023b lim: 333 exec/s: 6851 rss: 29Mb L: 33/333 MS: 4 ChangeBit-ChangeBit-PersAutoDict-EraseBytes- DE: "ipma"-
#6871	REDUCE cov: 124 ft: 501 corp: 67/10999b lim: 333 exec/s: 6871 rss: 29Mb L: 37/333 MS: 5 CMP-CrossOver-ChangeByte-PersAutoDict-EraseBytes- DE: "\377\377\377\037"-"\021\000\000\000\000\000\000\000"-
#7142	REDUCE cov: 124 ft: 501 corp: 67/10997b lim: 333 exec/s: 7142 rss: 29Mb L: 31/333 MS: 1 EraseBytes-
#7310	REDUCE cov: 124 ft: 501 corp: 67/10932b lim: 333 exec/s: 7310 rss: 29Mb L: 200/333 MS: 3 ChangeByte-ChangeByte-EraseBytes-
#7387	REDUCE cov: 124 ft: 501 corp: 67/10930b lim: 333 exec/s: 7387 rss: 29Mb L: 66/333 MS: 2 ChangeBinInt-EraseBytes-
#7415	REDUCE cov: 124 ft: 501 corp: 67/10926b lim: 333 exec/s: 7415 rss: 29Mb L: 15/333 MS: 3 ChangeByte-CMP-EraseBytes- DE: "\377\377_\223\234\303\253\331"-
#7456	REDUCE cov: 124 ft: 501 corp: 67/10914b lim: 333 exec/s: 7456 rss: 29Mb L: 150/333 MS: 1 EraseBytes-
#7469	REDUCE cov: 124 ft: 501 corp: 67/10912b lim: 333 exec/s: 7469 rss: 29Mb L: 35/333 MS: 3 ChangeBinInt-CMP-EraseBytes- DE: "&\000\000\000\000\000\000\000"-
#7471	REDUCE cov: 124 ft: 501 corp: 67/10903b lim: 333 exec/s: 7471 rss: 29Mb L: 164/333 MS: 2 ChangeByte-EraseBytes-
#7647	REDUCE cov: 124 ft: 501 corp: 67/10900b lim: 333 exec/s: 7647 rss: 29Mb L: 10/333 MS: 1 EraseBytes-
#7751	REDUCE cov: 124 ft: 501 corp: 67/10893b lim: 333 exec/s: 7751 rss: 29Mb L: 157/333 MS: 4 ChangeBit-ChangeASCIIInt-ChangeBit-EraseBytes-
#7842	REDUCE cov: 124 ft: 501 corp: 67/10889b lim: 333 exec/s: 7842 rss: 29Mb L: 11/333 MS: 1 EraseBytes-
#7887	NEW    cov: 124 ft: 507 corp: 68/11209b lim: 333 exec/s: 7887 rss: 29Mb L: 320/333 MS: 5 InsertByte-InsertRepeatedBytes-InsertRepeatedBytes-CopyPart-CopyPart-
#8068	REDUCE cov: 124 ft: 507 corp: 68/11198b lim: 333 exec/s: 8068 rss: 29Mb L: 146/333 MS: 1 EraseBytes-
#8195	REDUCE cov: 124 ft: 507 corp: 68/11116b lim: 333 exec/s: 8195 rss: 29Mb L: 249/333 MS: 2 PersAutoDict-EraseBytes- DE: "avcC"-
#8559	REDUCE cov: 124 ft: 507 corp: 68/11089b lim: 333 exec/s: 8559 rss: 29Mb L: 306/333 MS: 4 PersAutoDict-ChangeBinInt-ChangeBit-EraseBytes- DE: "stts"-
#8601	REDUCE cov: 124 ft: 507 corp: 68/11083b lim: 333 exec/s: 8601 rss: 29Mb L: 157/333 MS: 2 CMP-EraseBytes- DE: "N7ISOBMFF4FTYPE"-
#8636	REDUCE cov: 124 ft: 507 corp: 68/11078b lim: 333 exec/s: 8636 rss: 29Mb L: 124/333 MS: 5 PersAutoDict-PersAutoDict-CrossOver-ChangeBit-EraseBytes- DE: "urn "-"ipma"-
#8646	REDUCE cov: 124 ft: 508 corp: 69/11342b lim: 333 exec/s: 8646 rss: 29Mb L: 264/333 MS: 5 ChangeBinInt-ChangeBinInt-ShuffleBytes-InsertRepeatedBytes-CopyPart-
#8671	REDUCE cov: 124 ft: 508 corp: 69/11302b lim: 333 exec/s: 8671 rss: 30Mb L: 141/333 MS: 5 ChangeBinInt-ChangeBinInt-InsertByte-ChangeByte-EraseBytes-
#8772	REDUCE cov: 124 ft: 508 corp: 69/11282b lim: 333 exec/s: 8772 rss: 30Mb L: 27/333 MS: 1 EraseBytes-
#8848	REDUCE cov: 124 ft: 508 corp: 69/11270b lim: 333 exec/s: 8848 rss: 30Mb L: 138/333 MS: 1 EraseBytes-
#8899	REDUCE cov: 124 ft: 509 corp: 70/11535b lim: 333 exec/s: 8899 rss: 30Mb L: 265/333 MS: 1 CrossOver-
#9084	REDUCE cov: 124 ft: 509 corp: 70/11514b lim: 333 exec/s: 9084 rss: 30Mb L: 79/333 MS: 5 InsertByte-ChangeByte-CrossOver-ChangeBinInt-EraseBytes-
#9178	REDUCE cov: 124 ft: 509 corp: 70/11512b lim: 333 exec/s: 9178 rss: 30Mb L: 8/333 MS: 4 EraseBytes-ChangeByte-InsertByte-PersAutoDict- DE: "\000\010"-
#9223	REDUCE cov: 124 ft: 509 corp: 70/11509b lim: 333 exec/s: 9223 rss: 30Mb L: 24/333 MS: 5 CrossOver-EraseBytes-PersAutoDict-ShuffleBytes-EraseBytes- DE: "\021\000\000\000\000\000\000\000"-
#9374	REDUCE cov: 124 ft: 509 corp: 70/11494b lim: 333 exec/s: 9374 rss: 30Mb L: 16/333 MS: 1 EraseBytes-
#9402	REDUCE cov: 124 ft: 509 corp: 70/11490b lim: 333 exec/s: 9402 rss: 30Mb L: 12/333 MS: 3 ShuffleBytes-CopyPart-EraseBytes-
#9636	NEW    cov: 124 ft: 510 corp: 71/11823b lim: 333 exec/s: 9636 rss: 30Mb L: 333/333 MS: 4 CrossOver-ChangeByte-ShuffleBytes-CrossOver-
#9684	REDUCE cov: 124 ft: 510 corp: 71/11776b lim: 333 exec/s: 9684 rss: 30Mb L: 188/333 MS: 3 CMP-ChangeASCIIInt-EraseBytes- DE: "N7ISOBMFF4FTYPE"-
#10017	REDUCE cov: 124 ft: 510 corp: 71/11773b lim: 333 exec/s: 10017 rss: 30Mb L: 90/333 MS: 3 InsertByte-ChangeBinInt-EraseBytes-
#10063	NEW    cov: 124 ft: 511 corp: 72/12058b lim: 333 exec/s: 10063 rss: 30Mb L: 285/333 MS: 1 ChangeByte-
#10084	REDUCE cov: 124 ft: 511 corp: 72/12024b lim: 333 exec/s: 10084 rss: 30Mb L: 107/333 MS: 1 EraseBytes-
#10278	REDUCE cov: 124 ft: 511 corp: 72/12023b lim: 333 exec/s: 10278 rss: 30Mb L: 11/333 MS: 4 InsertByte-ChangeBit-PersAutoDict-EraseBytes- DE: "\250\251\251\251"-
#10427	REDUCE cov: 124 ft: 511 corp: 72/12000b lim: 333 exec/s: 10427 rss: 30Mb L: 101/333 MS: 4 InsertRepeatedBytes-InsertByte-CrossOver-InsertRepeatedBytes-
#10453	REDUCE cov: 124 ft: 511 corp: 72/11998b lim: 333 exec/s: 10453 rss: 30Mb L: 77/333 MS: 1 EraseBytes-
#10924	REDUCE cov: 124 ft: 511 corp: 72/11996b lim: 333 exec/s: 10924 rss: 30Mb L: 9/333 MS: 1 EraseBytes-
#11091	REDUCE cov: 124 ft: 511 corp: 72/11983b lim: 333 exec/s: 11091 rss: 30Mb L: 175/333 MS: 2 CopyPart-EraseBytes-
#11116	REDUCE cov: 124 ft: 511 corp: 72/11974b lim: 333 exec/s: 11116 rss: 30Mb L: 140/333 MS: 5 InsertByte-InsertByte-ChangeBinInt-ChangeByte-EraseBytes-
#11212	REDUCE cov: 124 ft: 511 corp: 72/11973b lim: 333 exec/s: 11212 rss: 30Mb L: 303/333 MS: 1 CrossOver-
#11260	REDUCE cov: 124 ft: 511 corp: 72/11947b lim: 333 exec/s: 11260 rss: 30Mb L: 300/333 MS: 3 EraseBytes-CopyPart-EraseBytes-
#11382	REDUCE cov: 124 ft: 511 corp: 72/11859b lim: 333 exec/s: 11382 rss: 30Mb L: 232/333 MS: 2 InsertRepeatedBytes-EraseBytes-
#11397	REDUCE cov: 124 ft: 511 corp: 72/11855b lim: 333 exec/s: 11397 rss: 30Mb L: 299/333 MS: 5 ChangeByte-ChangeBit-ChangeBinInt-ChangeBit-EraseBytes-
#11700	REDUCE cov: 124 ft: 511 corp: 72/11847b lim: 333 exec/s: 11700 rss: 30Mb L: 16/333 MS: 3 CMP-CopyPart-EraseBytes- DE: "avc1"-
#11911	REDUCE cov: 124 ft: 511 corp: 72/11845b lim: 333 exec/s: 11911 rss: 30Mb L: 9/333 MS: 1 EraseBytes-
#12127	REDUCE cov: 124 ft: 511 corp: 72/11844b lim: 333 exec/s: 12127 rss: 30Mb L: 306/333 MS: 1 EraseBytes-
#12147	REDUCE cov: 124 ft: 511 corp: 72/11842b lim: 333 exec/s: 12147 rss: 30Mb L: 16/333 MS: 5 EraseBytes-ShuffleBytes-ChangeBinInt-ChangeBit-CMP- DE: "G\000\000\000\000\000\000\000"-
#12273	REDUCE cov: 124 ft: 511 corp: 72/11841b lim: 333 exec/s: 12273 rss: 30Mb L: 8/333 MS: 1 EraseBytes-
#12720	REDUCE cov: 124 ft: 511 corp: 72/11836b lim: 333 exec/s: 6360 rss: 30Mb L: 294/333 MS: 2 InsertByte-EraseBytes-
#13707	NEW    cov: 124 ft: 515 corp: 73/12170b lim: 341 exec/s: 6853 rss: 30Mb L: 334/334 MS: 2 ChangeByte-InsertByte-
#14335	REDUCE cov: 124 ft: 515 corp: 73/12106b lim: 341 exec/s: 7167 rss: 30Mb L: 201/334 MS: 3 CMP-InsertByte-EraseBytes- DE: "\000\000\000\001"-
#14342	REDUCE cov: 124 ft: 515 corp: 73/12102b lim: 341 exec/s: 7171 rss: 30Mb L: 302/334 MS: 2 CopyPart-EraseBytes-
#14355	REDUCE cov: 124 ft: 515 corp: 73/12101b lim: 341 exec/s: 7177 rss: 30Mb L: 229/334 MS: 3 ChangeByte-CopyPart-EraseBytes-
#14886	REDUCE cov: 124 ft: 515 corp: 73/12100b lim: 341 exec/s: 7443 rss: 30Mb L: 103/334 MS: 1 EraseBytes-
#14930	REDUCE cov: 124 ft: 515 corp: 73/12099b lim: 341 exec/s: 7465 rss: 30Mb L: 89/334 MS: 4 ChangeBinInt-EraseBytes-CrossOver-EraseBytes-
#15483	REDUCE cov: 124 ft: 515 corp: 73/12010b lim: 341 exec/s: 7741 rss: 30Mb L: 213/334 MS: 3 InsertByte-ChangeBit-EraseBytes-
#15494	REDUCE cov: 124 ft: 515 corp: 73/12007b lim: 341 exec/s: 7747 rss: 30Mb L: 52/334 MS: 1 EraseBytes-
#15818	REDUCE cov: 124 ft: 515 corp: 73/12005b lim: 341 exec/s: 7909 rss: 30Mb L: 110/334 MS: 4 ChangeBit-CopyPart-EraseBytes-CopyPart-
#15961	REDUCE cov: 124 ft: 515 corp: 73/12003b lim: 341 exec/s: 7980 rss: 30Mb L: 25/334 MS: 3 InsertRepeatedBytes-ChangeBit-EraseBytes-
#16009	REDUCE cov: 124 ft: 515 corp: 73/11973b lim: 341 exec/s: 8004 rss: 30Mb L: 276/334 MS: 3 CopyPart-CMP-EraseBytes- DE: "dinf"-
#16384	pulse  cov: 124 ft: 515 corp: 73/11973b lim: 341 exec/s: 8192 rss: 30Mb
#16419	REDUCE cov: 124 ft: 515 corp: 73/11971b lim: 341 exec/s: 8209 rss: 30Mb L: 99/334 MS: 5 ChangeBit-CopyPart-ChangeBit-PersAutoDict-EraseBytes- DE: "G\000\000\000\000\000\000\000"-
#16964	REDUCE cov: 124 ft: 515 corp: 73/11965b lim: 341 exec/s: 8482 rss: 30Mb L: 279/334 MS: 5 ChangeBinInt-ChangeASCIIInt-ShuffleBytes-InsertByte-EraseBytes-
#17332	REDUCE cov: 124 ft: 515 corp: 73/11911b lim: 341 exec/s: 8666 rss: 30Mb L: 86/334 MS: 3 CopyPart-EraseBytes-EraseBytes-
#17554	REDUCE cov: 124 ft: 515 corp: 73/11903b lim: 341 exec/s: 8777 rss: 30Mb L: 99/334 MS: 2 InsertRepeatedBytes-EraseBytes-
#17650	REDUCE cov: 124 ft: 515 corp: 73/11847b lim: 341 exec/s: 8825 rss: 30Mb L: 101/334 MS: 1 EraseBytes-
#17658	REDUCE cov: 124 ft: 515 corp: 73/11807b lim: 341 exec/s: 8829 rss: 30Mb L: 188/334 MS: 3 ChangeBinInt-ChangeBinInt-EraseBytes-
#18292	NEW    cov: 124 ft: 524 corp: 74/12001b lim: 341 exec/s: 9146 rss: 30Mb L: 194/334 MS: 4 InsertByte-CMP-CopyPart-CrossOver- DE: "pixi"-
#18349	REDUCE cov: 124 ft: 525 corp: 75/12322b lim: 341 exec/s: 9174 rss: 30Mb L: 321/334 MS: 2 CopyPart-CrossOver-
#18710	REDUCE cov: 124 ft: 525 corp: 75/12293b lim: 341 exec/s: 9355 rss: 30Mb L: 250/334 MS: 1 EraseBytes-
#18831	REDUCE cov: 124 ft: 525 corp: 75/12277b lim: 341 exec/s: 9415 rss: 30Mb L: 208/334 MS: 1 EraseBytes-
#18943	REDUCE cov: 124 ft: 525 corp: 75/12266b lim: 341 exec/s: 9471 rss: 30Mb L: 205/334 MS: 2 InsertByte-EraseBytes-
#19911	REDUCE cov: 124 ft: 525 corp: 75/12250b lim: 349 exec/s: 6637 rss: 30Mb L: 293/334 MS: 3 ChangeBinInt-ChangeByte-CrossOver-
#19950	REDUCE cov: 124 ft: 525 corp: 75/12248b lim: 349 exec/s: 6650 rss: 30Mb L: 266/334 MS: 4 CrossOver-InsertRepeatedBytes-CMP-InsertRepeatedBytes- DE: "\241,\015\200\337s\000\000"-
#20299	NEW    cov: 124 ft: 526 corp: 76/12583b lim: 349 exec/s: 6766 rss: 30Mb L: 335/335 MS: 4 ChangeByte-InsertByte-ChangeBit-InsertRepeatedBytes-
#20340	REDUCE cov: 124 ft: 526 corp: 76/12575b lim: 349 exec/s: 6780 rss: 30Mb L: 93/335 MS: 1 EraseBytes-
#20745	NEW    cov: 124 ft: 533 corp: 77/12780b lim: 349 exec/s: 6915 rss: 30Mb L: 205/335 MS: 5 ChangeBinInt-ShuffleBytes-CrossOver-CopyPart-InsertByte-
#20805	REDUCE cov: 124 ft: 533 corp: 77/12763b lim: 349 exec/s: 6935 rss: 30Mb L: 230/335 MS: 5 EraseBytes-ChangeByte-ChangeByte-ChangeByte-InsertByte-
#21023	REDUCE cov: 124 ft: 533 corp: 77/12755b lim: 349 exec/s: 7007 rss: 30Mb L: 41/335 MS: 3 ChangeByte-EraseBytes-CMP- DE: "mdia"-
#21280	REDUCE cov: 124 ft: 533 corp: 77/12741b lim: 349 exec/s: 7093 rss: 30Mb L: 191/335 MS: 2 CrossOver-EraseBytes-
#21686	REDUCE cov: 124 ft: 534 corp: 78/12949b lim: 349 exec/s: 7228 rss: 30Mb L: 208/335 MS: 1 CMP- DE: "\216\364\020\200\337s\000\000"-
#21838	REDUCE cov: 124 ft: 534 corp: 78/12941b lim: 349 exec/s: 7279 rss: 30Mb L: 216/335 MS: 2 ChangeBit-EraseBytes-
#21910	REDUCE cov: 124 ft: 534 corp: 78/12915b lim: 349 exec/s: 7303 rss: 30Mb L: 259/335 MS: 2 ShuffleBytes-CrossOver-
#22022	REDUCE cov: 124 ft: 534 corp: 78/12907b lim: 349 exec/s: 7340 rss: 30Mb L: 69/335 MS: 2 EraseBytes-CopyPart-
#22195	NEW    cov: 124 ft: 535 corp: 79/13113b lim: 349 exec/s: 7398 rss: 30Mb L: 206/335 MS: 3 ChangeBinInt-ShuffleBytes-InsertByte-
#22686	NEW    cov: 124 ft: 552 corp: 80/13321b lim: 349 exec/s: 7562 rss: 30Mb L: 208/335 MS: 1 CMP- DE: "\000\000\000\001"-
#22716	REDUCE cov: 124 ft: 552 corp: 80/13251b lim: 349 exec/s: 7572 rss: 30Mb L: 138/335 MS: 5 InsertByte-CopyPart-ChangeBinInt-InsertByte-EraseBytes-
#23197	REDUCE cov: 124 ft: 552 corp: 80/13243b lim: 349 exec/s: 7732 rss: 30Mb L: 138/335 MS: 1 EraseBytes-
#23437	REDUCE cov: 124 ft: 552 corp: 80/13109b lim: 349 exec/s: 7812 rss: 30Mb L: 96/335 MS: 5 EraseBytes-CrossOver-EraseBytes-ChangeByte-InsertByte-
#23526	REDUCE cov: 124 ft: 552 corp: 80/13103b lim: 349 exec/s: 7842 rss: 30Mb L: 80/335 MS: 4 ChangeASCIIInt-CMP-ChangeBit-EraseBytes- DE: "\345Y\303\234\223`\000\000"-
#23583	NEW    cov: 124 ft: 557 corp: 81/13382b lim: 349 exec/s: 7861 rss: 30Mb L: 279/335 MS: 2 ShuffleBytes-InsertRepeatedBytes-
#23648	REDUCE cov: 124 ft: 557 corp: 81/13358b lim: 349 exec/s: 7882 rss: 30Mb L: 49/335 MS: 5 ShuffleBytes-EraseBytes-CopyPart-EraseBytes-InsertByte-
#23794	REDUCE cov: 124 ft: 557 corp: 81/13357b lim: 349 exec/s: 7931 rss: 30Mb L: 228/335 MS: 1 EraseBytes-
#24130	REDUCE cov: 124 ft: 557 corp: 81/13341b lim: 349 exec/s: 8043 rss: 30Mb L: 234/335 MS: 1 EraseBytes-
#24224	REDUCE cov: 124 ft: 557 corp: 81/13274b lim: 349 exec/s: 8074 rss: 30Mb L: 71/335 MS: 4 ShuffleBytes-ChangeBit-ChangeByte-EraseBytes-
#24310	REDUCE cov: 124 ft: 557 corp: 81/13259b lim: 349 exec/s: 8103 rss: 30Mb L: 193/335 MS: 1 EraseBytes-
#24660	REDUCE cov: 124 ft: 557 corp: 81/13230b lim: 349 exec/s: 8220 rss: 30Mb L: 51/335 MS: 5 ChangeBit-PersAutoDict-ChangeByte-ChangeASCIIInt-CrossOver- DE: "\021\000\000\000\000\000\000\000"-
#25413	REDUCE cov: 124 ft: 557 corp: 81/13228b lim: 349 exec/s: 8471 rss: 30Mb L: 67/335 MS: 3 EraseBytes-CMP-PersAutoDict- DE: "@\000\000\000\000\000\000\000"-"\250\251\251\251"-
#25736	REDUCE cov: 124 ft: 557 corp: 81/13220b lim: 349 exec/s: 8578 rss: 30Mb L: 186/335 MS: 3 ChangeASCIIInt-EraseBytes-InsertByte-
#25764	REDUCE cov: 124 ft: 557 corp: 81/13189b lim: 349 exec/s: 6441 rss: 30Mb L: 248/335 MS: 3 InsertByte-ShuffleBytes-EraseBytes-
#25999	REDUCE cov: 124 ft: 557 corp: 81/13165b lim: 349 exec/s: 6499 rss: 30Mb L: 201/335 MS: 5 InsertRepeatedBytes-EraseBytes-ChangeByte-CopyPart-InsertByte-
#26146	NEW    cov: 124 ft: 558 corp: 82/13512b lim: 349 exec/s: 6536 rss: 30Mb L: 347/347 MS: 2 InsertRepeatedBytes-ChangeBit-
#26252	REDUCE cov: 125 ft: 559 corp: 83/13744b lim: 349 exec/s: 6563 rss: 30Mb L: 232/347 MS: 1 InsertRepeatedBytes-
#26855	REDUCE cov: 125 ft: 560 corp: 84/13945b lim: 349 exec/s: 6713 rss: 30Mb L: 201/347 MS: 3 ChangeByte-ChangeBit-CopyPart-
#27036	REDUCE cov: 125 ft: 561 corp: 85/13984b lim: 349 exec/s: 6759 rss: 30Mb L: 39/347 MS: 1 EraseBytes-
#27082	REDUCE cov: 125 ft: 561 corp: 85/13959b lim: 349 exec/s: 6770 rss: 30Mb L: 46/347 MS: 1 EraseBytes-
#27289	REDUCE cov: 125 ft: 561 corp: 85/13958b lim: 349 exec/s: 6822 rss: 30Mb L: 65/347 MS: 2 InsertByte-EraseBytes-
#27530	REDUCE cov: 125 ft: 561 corp: 85/13937b lim: 349 exec/s: 6882 rss: 30Mb L: 172/347 MS: 1 EraseBytes-
#27622	REDUCE cov: 125 ft: 561 corp: 85/13922b lim: 349 exec/s: 6905 rss: 30Mb L: 31/347 MS: 2 ChangeBinInt-EraseBytes-
#27636	NEW    cov: 126 ft: 562 corp: 86/14162b lim: 349 exec/s: 6909 rss: 30Mb L: 240/347 MS: 4 ChangeBinInt-PersAutoDict-ChangeByte-CMP- DE: "\250\251\251\251"-"\001\000\000 "-
#27772	REDUCE cov: 126 ft: 562 corp: 86/14159b lim: 349 exec/s: 6943 rss: 30Mb L: 28/347 MS: 1 EraseBytes-
#28748	REDUCE cov: 126 ft: 562 corp: 86/14149b lim: 357 exec/s: 7187 rss: 30Mb L: 29/347 MS: 1 EraseBytes-
#28794	REDUCE cov: 126 ft: 562 corp: 86/14117b lim: 357 exec/s: 7198 rss: 30Mb L: 208/347 MS: 1 EraseBytes-
#29311	REDUCE cov: 126 ft: 562 corp: 86/14101b lim: 357 exec/s: 7327 rss: 30Mb L: 304/347 MS: 2 CrossOver-EraseBytes-
#29482	REDUCE cov: 126 ft: 562 corp: 86/14099b lim: 357 exec/s: 7370 rss: 30Mb L: 291/347 MS: 1 EraseBytes-
#29786	REDUCE cov: 126 ft: 562 corp: 86/14092b lim: 357 exec/s: 7446 rss: 30Mb L: 173/347 MS: 4 CopyPart-ChangeByte-CrossOver-EraseBytes-
#30132	REDUCE cov: 126 ft: 562 corp: 86/14085b lim: 357 exec/s: 7533 rss: 30Mb L: 60/347 MS: 1 EraseBytes-
#30284	REDUCE cov: 126 ft: 562 corp: 86/14084b lim: 357 exec/s: 7571 rss: 30Mb L: 34/347 MS: 2 ShuffleBytes-EraseBytes-
#30385	REDUCE cov: 126 ft: 562 corp: 86/14083b lim: 357 exec/s: 7596 rss: 30Mb L: 174/347 MS: 1 EraseBytes-
#30419	REDUCE cov: 126 ft: 562 corp: 86/14077b lim: 357 exec/s: 7604 rss: 30Mb L: 288/347 MS: 4 CrossOver-ShuffleBytes-ShuffleBytes-EraseBytes-
#30580	REDUCE cov: 126 ft: 562 corp: 86/14062b lim: 357 exec/s: 7645 rss: 30Mb L: 213/347 MS: 1 EraseBytes-
#31283	REDUCE cov: 126 ft: 562 corp: 86/14008b lim: 357 exec/s: 7820 rss: 31Mb L: 154/347 MS: 3 ChangeBinInt-InsertByte-EraseBytes-
#31410	REDUCE cov: 126 ft: 562 corp: 86/13931b lim: 357 exec/s: 7852 rss: 31Mb L: 77/347 MS: 2 CrossOver-EraseBytes-
#31521	REDUCE cov: 126 ft: 562 corp: 86/13907b lim: 357 exec/s: 7880 rss: 31Mb L: 303/347 MS: 1 EraseBytes-
#31831	REDUCE cov: 126 ft: 562 corp: 86/13887b lim: 357 exec/s: 7957 rss: 31Mb L: 271/347 MS: 5 CrossOver-InsertRepeatedBytes-EraseBytes-CMP-InsertByte- DE: "\005\001\000\000\000\000\000\000"-
#31962	REDUCE cov: 126 ft: 562 corp: 86/13876b lim: 357 exec/s: 7990 rss: 31Mb L: 190/347 MS: 1 EraseBytes-
#32124	REDUCE cov: 126 ft: 562 corp: 86/13864b lim: 357 exec/s: 8031 rss: 31Mb L: 17/347 MS: 2 ChangeASCIIInt-EraseBytes-
#32148	REDUCE cov: 126 ft: 562 corp: 86/13860b lim: 357 exec/s: 8037 rss: 31Mb L: 184/347 MS: 4 ShuffleBytes-ChangeBit-ChangeByte-EraseBytes-
#32768	pulse  cov: 126 ft: 562 corp: 86/13860b lim: 357 exec/s: 6553 rss: 31Mb
#32972	REDUCE cov: 126 ft: 562 corp: 86/13853b lim: 365 exec/s: 6594 rss: 31Mb L: 21/347 MS: 4 ChangeASCIIInt-ChangeASCIIInt-PersAutoDict-EraseBytes- DE: "stts"-
#33014	REDUCE cov: 126 ft: 562 corp: 86/13837b lim: 365 exec/s: 6602 rss: 31Mb L: 83/347 MS: 2 InsertByte-EraseBytes-
#33177	REDUCE cov: 126 ft: 562 corp: 86/13827b lim: 365 exec/s: 6635 rss: 31Mb L: 93/347 MS: 3 InsertByte-ShuffleBytes-EraseBytes-
#33517	REDUCE cov: 126 ft: 566 corp: 87/13941b lim: 365 exec/s: 6703 rss: 31Mb L: 114/347 MS: 5 EraseBytes-CMP-CrossOver-InsertByte-EraseBytes- DE: "\010\000\000\000"-
#33616	REDUCE cov: 126 ft: 566 corp: 87/13940b lim: 365 exec/s: 6723 rss: 31Mb L: 265/347 MS: 4 EraseBytes-InsertByte-ChangeBit-InsertByte-
#34027	REDUCE cov: 126 ft: 566 corp: 87/13938b lim: 365 exec/s: 6805 rss: 31Mb L: 9/347 MS: 1 EraseBytes-
#34363	REDUCE cov: 126 ft: 566 corp: 87/13910b lim: 365 exec/s: 6872 rss: 31Mb L: 86/347 MS: 1 EraseBytes-
#34759	REDUCE cov: 126 ft: 566 corp: 87/13904b lim: 365 exec/s: 6951 rss: 31Mb L: 80/347 MS: 1 EraseBytes-
#34775	REDUCE cov: 126 ft: 566 corp: 87/13896b lim: 365 exec/s: 6955 rss: 31Mb L: 224/347 MS: 1 EraseBytes-
#35289	REDUCE cov: 126 ft: 566 corp: 87/13889b lim: 365 exec/s: 7057 rss: 31Mb L: 293/347 MS: 4 ChangeByte-PersAutoDict-PersAutoDict-EraseBytes- DE: "dinf"-"\241,\015\200\337s\000\000"-
#35795	REDUCE cov: 126 ft: 566 corp: 87/13885b lim: 365 exec/s: 7159 rss: 31Mb L: 255/347 MS: 1 EraseBytes-
#35881	REDUCE cov: 126 ft: 566 corp: 87/13883b lim: 365 exec/s: 7176 rss: 31Mb L: 172/347 MS: 1 EraseBytes-
#36189	REDUCE cov: 126 ft: 566 corp: 87/13875b lim: 365 exec/s: 7237 rss: 31Mb L: 8/347 MS: 3 ChangeBinInt-EraseBytes-EraseBytes-
#36274	REDUCE cov: 126 ft: 566 corp: 87/13819b lim: 365 exec/s: 7254 rss: 31Mb L: 160/347 MS: 5 InsertByte-EraseBytes-ChangeBit-InsertByte-CMP- DE: "6\001\000\000"-
#36451	REDUCE cov: 126 ft: 566 corp: 87/13795b lim: 365 exec/s: 7290 rss: 31Mb L: 74/347 MS: 2 PersAutoDict-EraseBytes- DE: "pitm"-
#36684	REDUCE cov: 126 ft: 566 corp: 87/13765b lim: 365 exec/s: 7336 rss: 31Mb L: 50/347 MS: 3 ShuffleBytes-CMP-EraseBytes- DE: "\000\000\000\020"-
#36811	REDUCE cov: 126 ft: 566 corp: 87/13762b lim: 365 exec/s: 7362 rss: 31Mb L: 78/347 MS: 2 ShuffleBytes-EraseBytes-
#37160	REDUCE cov: 126 ft: 566 corp: 87/13506b lim: 365 exec/s: 7432 rss: 31Mb L: 13/347 MS: 4 CrossOver-CrossOver-ChangeByte-CrossOver-
#37663	REDUCE cov: 126 ft: 566 corp: 87/13498b lim: 365 exec/s: 7532 rss: 31Mb L: 268/347 MS: 3 ChangeBit-CMP-EraseBytes- DE: "~\377\377\377\377\377\377\377"-
#37766	REDUCE cov: 126 ft: 566 corp: 87/13442b lim: 365 exec/s: 7553 rss: 31Mb L: 104/347 MS: 3 ChangeBit-CopyPart-EraseBytes-
#37994	REDUCE cov: 126 ft: 566 corp: 87/13438b lim: 365 exec/s: 7598 rss: 31Mb L: 329/347 MS: 3 CopyPart-ChangeBit-EraseBytes-
#38370	REDUCE cov: 126 ft: 566 corp: 87/13435b lim: 365 exec/s: 6395 rss: 31Mb L: 14/347 MS: 1 EraseBytes-
#38655	REDUCE cov: 126 ft: 566 corp: 87/13434b lim: 365 exec/s: 6442 rss: 31Mb L: 305/347 MS: 5 InsertByte-InsertByte-EraseBytes-ChangeBit-InsertRepeatedBytes-
#38682	REDUCE cov: 126 ft: 566 corp: 87/13428b lim: 365 exec/s: 6447 rss: 31Mb L: 44/347 MS: 2 CMP-EraseBytes- DE: "mdia"-
#39533	REDUCE cov: 126 ft: 566 corp: 87/13419b lim: 373 exec/s: 6588 rss: 31Mb L: 295/347 MS: 1 EraseBytes-
#39875	REDUCE cov: 126 ft: 566 corp: 87/13416b lim: 373 exec/s: 6645 rss: 31Mb L: 170/347 MS: 2 CMP-EraseBytes- DE: "\377\377\377("-
#40091	REDUCE cov: 126 ft: 566 corp: 87/13399b lim: 373 exec/s: 6681 rss: 31Mb L: 60/347 MS: 1 EraseBytes-
#40993	REDUCE cov: 126 ft: 566 corp: 87/13398b lim: 381 exec/s: 6832 rss: 31Mb L: 33/347 MS: 2 EraseBytes-CMP- DE: "\001\027"-
#41112	NEW    cov: 126 ft: 567 corp: 88/13762b lim: 381 exec/s: 6852 rss: 31Mb L: 364/364 MS: 4 InsertByte-ChangeByte-InsertByte-InsertRepeatedBytes-
#41609	REDUCE cov: 126 ft: 567 corp: 88/13755b lim: 381 exec/s: 6934 rss: 31Mb L: 163/364 MS: 2 ShuffleBytes-EraseBytes-
#41850	REDUCE cov: 126 ft: 567 corp: 88/13747b lim: 381 exec/s: 6975 rss: 31Mb L: 197/364 MS: 1 EraseBytes-
#41908	REDUCE cov: 126 ft: 567 corp: 88/13731b lim: 381 exec/s: 6984 rss: 31Mb L: 239/364 MS: 3 ChangeBit-ChangeBinInt-EraseBytes-
#42190	REDUCE cov: 126 ft: 567 corp: 88/13730b lim: 381 exec/s: 7031 rss: 31Mb L: 20/364 MS: 2 ChangeBinInt-EraseBytes-
#42626	REDUCE cov: 126 ft: 568 corp: 89/14014b lim: 381 exec/s: 7104 rss: 31Mb L: 284/364 MS: 1 CopyPart-
==581300== ERROR: libFuzzer: out-of-memory (used: 1911Mb; limit: 1024Mb)
   To change the out-of-memory limit use -rss_limit_mb=<N>

MS: 1 PersAutoDict- DE: "\000\000\000\001"-; base unit: 604087df128758099c888f5a158cc167ed7bc6fe
0x0,0x0,0x0,0x1,0x66,0x74,0x79,0x70,0x0,0x0,0x0,0x1,0x69,0x73,0x6f,0x0,0x0,0x69,
\000\000\000\001ftyp\000\000\000\001iso\000\000i
artifact_prefix='/results/crashes/20260313_172454_7de14219_'; Test unit written to /results/crashes/20260313_172454_7de14219_oom-4df3e2280d0a53fd2b20b0c19b928b9f4a0a9469
Base64: AAAAAWZ0eXAAAAABaXNvAABp
SUMMARY: libFuzzer: out-of-memory
stat::number_of_executed_units: 42727
stat::average_exec_per_sec:     5340
stat::new_units_added:          304
stat::slowest_unit_time_sec:    0
stat::peak_rss_mb:              1912
