INFO: Running with entropic power schedule (0xFF, 100).
INFO: Seed: 2899239617
INFO: Loaded 1 modules   (252 inline 8-bit counters): 252 [0x57f627f6a678, 0x57f627f6a774), 
INFO: Loaded 1 PC tables (252 PCs): 252 [0x57f627f6a778,0x57f627f6b738), 
INFO:        4 files found in /tmp/corpus_20260313_175859_580dab66
INFO: seed corpus: files: 4 min: 48b max: 333b total: 853b rss: 28Mb
#5	INITED cov: 118 ft: 253 corp: 4/853b exec/s: 0 rss: 29Mb
#8	NEW    cov: 118 ft: 264 corp: 5/1073b lim: 333 exec/s: 0 rss: 29Mb L: 220/333 MS: 3 ChangeBit-ChangeBinInt-ShuffleBytes-
#10	NEW    cov: 118 ft: 265 corp: 6/1386b lim: 333 exec/s: 0 rss: 29Mb L: 313/333 MS: 2 ChangeByte-InsertRepeatedBytes-
#11	NEW    cov: 118 ft: 266 corp: 7/1719b lim: 333 exec/s: 0 rss: 29Mb L: 333/333 MS: 1 ChangeBinInt-
#14	NEW    cov: 118 ft: 274 corp: 8/1939b lim: 333 exec/s: 0 rss: 29Mb L: 220/333 MS: 3 ChangeByte-ShuffleBytes-CopyPart-
#15	NEW    cov: 118 ft: 283 corp: 9/2272b lim: 333 exec/s: 0 rss: 29Mb L: 333/333 MS: 1 CopyPart-
#22	NEW    cov: 118 ft: 320 corp: 10/2605b lim: 333 exec/s: 0 rss: 29Mb L: 333/333 MS: 2 CopyPart-ChangeBit-
#24	NEW    cov: 118 ft: 322 corp: 11/2852b lim: 333 exec/s: 0 rss: 29Mb L: 247/333 MS: 2 InsertByte-CopyPart-
#30	NEW    cov: 118 ft: 323 corp: 12/3073b lim: 333 exec/s: 0 rss: 29Mb L: 221/333 MS: 1 InsertByte-
#32	NEW    cov: 118 ft: 324 corp: 13/3294b lim: 333 exec/s: 0 rss: 29Mb L: 221/333 MS: 2 CMP-InsertByte- DE: "\001\000\000\000\000\000\000\004"-
#34	NEW    cov: 119 ft: 330 corp: 14/3627b lim: 333 exec/s: 0 rss: 29Mb L: 333/333 MS: 2 CMP-CrossOver- DE: "!\000\000\000"-
#38	REDUCE cov: 119 ft: 330 corp: 14/3602b lim: 333 exec/s: 0 rss: 29Mb L: 308/333 MS: 4 PersAutoDict-ChangeBinInt-CMP-EraseBytes- DE: "\001\000\000\000\000\000\000\004"-"hvc1"-
#56	NEW    cov: 119 ft: 336 corp: 15/3801b lim: 333 exec/s: 0 rss: 29Mb L: 199/333 MS: 3 ShuffleBytes-EraseBytes-InsertRepeatedBytes-
#57	REDUCE cov: 119 ft: 336 corp: 15/3738b lim: 333 exec/s: 0 rss: 29Mb L: 158/333 MS: 1 EraseBytes-
#62	NEW    cov: 119 ft: 337 corp: 16/4071b lim: 333 exec/s: 0 rss: 29Mb L: 333/333 MS: 5 ChangeBit-ShuffleBytes-CMP-CopyPart-ShuffleBytes- DE: "\024as3\366W\000\000"-
#68	NEW    cov: 120 ft: 338 corp: 17/4341b lim: 333 exec/s: 0 rss: 29Mb L: 270/333 MS: 1 CopyPart-
#70	NEW    cov: 121 ft: 341 corp: 18/4609b lim: 333 exec/s: 0 rss: 29Mb L: 268/333 MS: 2 CrossOver-CrossOver-
#74	NEW    cov: 121 ft: 365 corp: 19/4689b lim: 333 exec/s: 0 rss: 29Mb L: 80/333 MS: 4 PersAutoDict-ChangeBinInt-ShuffleBytes-CrossOver- DE: "!\000\000\000"-
#75	NEW    cov: 121 ft: 366 corp: 20/4918b lim: 333 exec/s: 0 rss: 29Mb L: 229/333 MS: 1 EraseBytes-
#82	REDUCE cov: 122 ft: 368 corp: 21/5232b lim: 333 exec/s: 0 rss: 29Mb L: 314/333 MS: 2 CMP-CMP- DE: "\377\377"-"dinf"-
#96	NEW    cov: 122 ft: 381 corp: 22/5480b lim: 333 exec/s: 0 rss: 29Mb L: 248/333 MS: 4 CMP-CopyPart-ChangeByte-EraseBytes- DE: "ipma"-
#97	NEW    cov: 122 ft: 387 corp: 23/5655b lim: 333 exec/s: 0 rss: 29Mb L: 175/333 MS: 1 CrossOver-
#103	NEW    cov: 122 ft: 396 corp: 24/5909b lim: 333 exec/s: 0 rss: 29Mb L: 254/333 MS: 1 CrossOver-
#104	NEW    cov: 122 ft: 397 corp: 25/5958b lim: 333 exec/s: 0 rss: 29Mb L: 49/333 MS: 1 InsertByte-
#150	REDUCE cov: 122 ft: 398 corp: 26/6267b lim: 333 exec/s: 0 rss: 29Mb L: 309/333 MS: 1 InsertByte-
#169	NEW    cov: 122 ft: 403 corp: 27/6379b lim: 333 exec/s: 0 rss: 29Mb L: 112/333 MS: 4 InsertByte-InsertRepeatedBytes-ChangeBit-EraseBytes-
#170	REDUCE cov: 122 ft: 403 corp: 27/6376b lim: 333 exec/s: 0 rss: 29Mb L: 226/333 MS: 1 EraseBytes-
#174	REDUCE cov: 122 ft: 403 corp: 27/6249b lim: 333 exec/s: 0 rss: 29Mb L: 143/333 MS: 4 InsertByte-InsertRepeatedBytes-CopyPart-EraseBytes-
#181	NEW    cov: 122 ft: 407 corp: 28/6459b lim: 333 exec/s: 0 rss: 29Mb L: 210/333 MS: 2 ChangeBinInt-EraseBytes-
#186	REDUCE cov: 123 ft: 409 corp: 29/6681b lim: 333 exec/s: 0 rss: 29Mb L: 222/333 MS: 5 ShuffleBytes-PersAutoDict-InsertRepeatedBytes-PersAutoDict-PersAutoDict- DE: "ipma"-"dinf"-"hvc1"-
#221	NEW    cov: 123 ft: 410 corp: 30/7013b lim: 333 exec/s: 0 rss: 29Mb L: 332/333 MS: 5 InsertByte-CopyPart-CrossOver-CrossOver-PersAutoDict- DE: "hvc1"-
#232	REDUCE cov: 123 ft: 410 corp: 30/6982b lim: 333 exec/s: 0 rss: 29Mb L: 302/333 MS: 1 EraseBytes-
#240	NEW    cov: 123 ft: 411 corp: 31/7216b lim: 333 exec/s: 0 rss: 29Mb L: 234/333 MS: 3 PersAutoDict-PersAutoDict-PersAutoDict- DE: "\377\377"-"\024as3\366W\000\000"-"ipma"-
#272	NEW    cov: 123 ft: 412 corp: 32/7549b lim: 333 exec/s: 0 rss: 29Mb L: 333/333 MS: 2 ShuffleBytes-CopyPart-
#282	REDUCE cov: 123 ft: 420 corp: 33/7876b lim: 333 exec/s: 0 rss: 29Mb L: 327/333 MS: 5 PersAutoDict-EraseBytes-ChangeBit-InsertRepeatedBytes-InsertRepeatedBytes- DE: "!\000\000\000"-
#284	NEW    cov: 123 ft: 421 corp: 34/8090b lim: 333 exec/s: 0 rss: 29Mb L: 214/333 MS: 2 CopyPart-PersAutoDict- DE: "ipma"-
#334	NEW    cov: 123 ft: 422 corp: 35/8135b lim: 333 exec/s: 0 rss: 29Mb L: 45/333 MS: 5 PersAutoDict-CMP-ChangeByte-ChangeBit-EraseBytes- DE: "dinf"-"\031\000"-
#345	NEW    cov: 123 ft: 423 corp: 36/8435b lim: 333 exec/s: 0 rss: 1009Mb L: 300/333 MS: 1 CrossOver-
#364	NEW    cov: 123 ft: 436 corp: 37/8454b lim: 333 exec/s: 0 rss: 1009Mb L: 19/333 MS: 4 ChangeByte-CrossOver-EraseBytes-CrossOver-
#380	NEW    cov: 123 ft: 438 corp: 38/8491b lim: 333 exec/s: 126 rss: 1009Mb L: 37/333 MS: 1 EraseBytes-
#382	NEW    cov: 123 ft: 444 corp: 39/8723b lim: 333 exec/s: 127 rss: 1009Mb L: 232/333 MS: 2 ShuffleBytes-EraseBytes-
#388	NEW    cov: 123 ft: 445 corp: 40/8990b lim: 333 exec/s: 129 rss: 1009Mb L: 267/333 MS: 1 CrossOver-
#417	REDUCE cov: 123 ft: 453 corp: 41/9020b lim: 333 exec/s: 139 rss: 1009Mb L: 30/333 MS: 4 EraseBytes-CrossOver-PersAutoDict-CrossOver- DE: "hvc1"-
#425	NEW    cov: 123 ft: 471 corp: 42/9029b lim: 333 exec/s: 141 rss: 1009Mb L: 9/333 MS: 3 PersAutoDict-ChangeBinInt-CrossOver- DE: "\031\000"-
#427	REDUCE cov: 123 ft: 471 corp: 42/8946b lim: 333 exec/s: 142 rss: 1009Mb L: 116/333 MS: 2 InsertRepeatedBytes-EraseBytes-
#437	NEW    cov: 123 ft: 472 corp: 43/9043b lim: 333 exec/s: 145 rss: 1009Mb L: 97/333 MS: 5 ChangeBinInt-ChangeBit-InsertRepeatedBytes-InsertByte-CrossOver-
#443	NEW    cov: 123 ft: 473 corp: 44/9074b lim: 333 exec/s: 147 rss: 1009Mb L: 31/333 MS: 1 InsertByte-
#473	REDUCE cov: 123 ft: 474 corp: 45/9175b lim: 333 exec/s: 157 rss: 1009Mb L: 101/333 MS: 5 CMP-ChangeBit-InsertByte-ChangeByte-CrossOver- DE: "\000\000\000\010"-
==688703== ERROR: libFuzzer: out-of-memory (used: 1939Mb; limit: 1024Mb)
   To change the out-of-memory limit use -rss_limit_mb=<N>

MS: 4 PersAutoDict-InsertByte-ChangeBinInt-InsertRepeatedBytes- DE: "dinf"-; base unit: f285f35b1c301ae9e3a81912880a1a06d3aecde5
artifact_prefix='/results/crashes/20260313_175859_580dab66_'; Test unit written to /results/crashes/20260313_175859_580dab66_oom-b344f6bc3c63fd917ba024e1fc66449027c76834
SUMMARY: libFuzzer: out-of-memory
stat::number_of_executed_units: 477
stat::average_exec_per_sec:     95
stat::new_units_added:          47
stat::slowest_unit_time_sec:    0
stat::peak_rss_mb:              1940
