INFO: Running with entropic power schedule (0xFF, 100).
INFO: Seed: 3419141616
INFO: Loaded 1 modules   (252 inline 8-bit counters): 252 [0x5f3585d31678, 0x5f3585d31774), 
INFO: Loaded 1 PC tables (252 PCs): 252 [0x5f3585d31778,0x5f3585d32738), 
INFO:        4 files found in /tmp/corpus_20260313_184858_58e98ded
INFO: seed corpus: files: 4 min: 48b max: 333b total: 853b rss: 28Mb
#5	INITED cov: 119 ft: 254 corp: 4/853b exec/s: 0 rss: 29Mb
#7	NEW    cov: 120 ft: 263 corp: 5/1170b lim: 333 exec/s: 0 rss: 29Mb L: 317/333 MS: 2 ChangeBinInt-CopyPart-
#10	NEW    cov: 120 ft: 302 corp: 6/1343b lim: 333 exec/s: 0 rss: 29Mb L: 173/333 MS: 3 ChangeBinInt-ChangeBit-EraseBytes-
#13	NEW    cov: 120 ft: 305 corp: 7/1595b lim: 333 exec/s: 0 rss: 29Mb L: 252/333 MS: 3 ShuffleBytes-ChangeBit-CopyPart-
#17	NEW    cov: 120 ft: 315 corp: 8/1737b lim: 333 exec/s: 0 rss: 29Mb L: 142/333 MS: 4 ShuffleBytes-ChangeBinInt-ChangeBinInt-EraseBytes-
#19	NEW    cov: 120 ft: 325 corp: 9/1785b lim: 333 exec/s: 0 rss: 29Mb L: 48/333 MS: 2 ChangeBit-ChangeByte-
#25	NEW    cov: 120 ft: 341 corp: 10/1864b lim: 333 exec/s: 0 rss: 29Mb L: 79/333 MS: 1 InsertRepeatedBytes-
#34	NEW    cov: 120 ft: 346 corp: 11/2117b lim: 333 exec/s: 0 rss: 29Mb L: 253/333 MS: 4 ChangeByte-ChangeBit-InsertByte-CopyPart-
#37	NEW    cov: 120 ft: 347 corp: 12/2370b lim: 333 exec/s: 0 rss: 29Mb L: 253/333 MS: 3 ChangeByte-ChangeByte-InsertByte-
#48	NEW    cov: 120 ft: 349 corp: 13/2419b lim: 333 exec/s: 0 rss: 29Mb L: 49/333 MS: 1 InsertByte-
#54	NEW    cov: 120 ft: 370 corp: 14/2467b lim: 333 exec/s: 0 rss: 29Mb L: 48/333 MS: 1 ChangeByte-
#55	NEW    cov: 121 ft: 373 corp: 15/2620b lim: 333 exec/s: 0 rss: 29Mb L: 153/333 MS: 1 CrossOver-
==835935== ERROR: libFuzzer: out-of-memory (used: 1574Mb; limit: 1024Mb)
   To change the out-of-memory limit use -rss_limit_mb=<N>

MS: 1 EraseBytes-; base unit: 0746872f31eb762a0c6eb79a7bbf5414bf297a08
0x0,0x0,0x0,0x1c,0x66,0x74,0x79,0x70,0x4d,0x34,0x56,0x20,0x0,0x0,0x0,0x0,0x4d,0x0,0x0,0x0,0x0,0x0,0x0,0x0,0x3,0xe8,0x0,0x0,0xe,0x10,0x0,0x1,0x6d,0x65,0x74,0x61,0x0,0x0,0x0,0x0,0x0,0x0,0x0,0x21,0x68,0x64,0x6c,0x72,0x0,0x0,0x0,0x0,0x0,0x0,0x0,0x0,0x6d,0x64,0x69,0x72,0x61,0x70,0x70,0x6c,0x0,0x0,0x0,0x0,0x0,0x0,0x0,0x0,0x0,0x0,0x0,0x0,0x2b,0x69,0x6c,0x73,0x74,0x0,0x0,0x0,0x22,0x96,0xc2,0xa9,0x6e,0x61,0x6d,0x0,0x0,0x0,0x1a,0x64,0x61,0x74,0x61,0x0,0x0,0x0,0x1,0x0,0x0,0x0,0x0,0x54,0x65,0x73,0x0,0x0,0x0,0x0,0x2b,0x69,0x6c,0x73,0x74,0x0,0x0,0x0,0x22,0x96,0xc2,0xa9,0x6e,0x61,0x6d,0x0,0x0,0x0,0x1a,0x64,0x61,0x74,0x61,0x0,0x0,0x0,0x1,0x0,0x0,0x0,0x0,0x54,0x65,0x73,0x74,0x20,0x56,0x69,0x64,0x65,0xef,
\000\000\000\034ftypM4V \000\000\000\000M\000\000\000\000\000\000\000\003\350\000\000\016\020\000\001meta\000\000\000\000\000\000\000!hdlr\000\000\000\000\000\000\000\000mdirappl\000\000\000\000\000\000\000\000\000\000\000\000+ilst\000\000\000\"\226\302\251nam\000\000\000\032data\000\000\000\001\000\000\000\000Tes\000\000\000\000+ilst\000\000\000\"\226\302\251nam\000\000\000\032data\000\000\000\001\000\000\000\000Test Vide\357
artifact_prefix='/results/crashes/20260313_184858_58e98ded_'; Test unit written to /results/crashes/20260313_184858_58e98ded_oom-96a4afebbf6378ea0709eafb06b385cc55f0d83b
Base64: AAAAHGZ0eXBNNFYgAAAAAE0AAAAAAAAAA+gAAA4QAAFtZXRhAAAAAAAAACFoZGxyAAAAAAAAAABtZGlyYXBwbAAAAAAAAAAAAAAAACtpbHN0AAAAIpbCqW5hbQAAABpkYXRhAAAAAQAAAABUZXMAAAAAK2lsc3QAAAAilsKpbmFtAAAAGmRhdGEAAAABAAAAAFRlc3QgVmlkZe8=
SUMMARY: libFuzzer: out-of-memory
stat::number_of_executed_units: 56
stat::average_exec_per_sec:     56
stat::new_units_added:          11
stat::slowest_unit_time_sec:    0
stat::peak_rss_mb:              1575
