INFO: Running with entropic power schedule (0xFF, 100).
INFO: Seed: 2133933529
INFO: Loaded 1 modules   (252 inline 8-bit counters): 252 [0x63f3c5a6a678, 0x63f3c5a6a774), 
INFO: Loaded 1 PC tables (252 PCs): 252 [0x63f3c5a6a778,0x63f3c5a6b738), 
INFO:        4 files found in /tmp/corpus_20260313_162246_e804463c
INFO: seed corpus: files: 4 min: 48b max: 333b total: 853b rss: 28Mb
#5	INITED cov: 119 ft: 251 corp: 4/853b exec/s: 0 rss: 29Mb
#8	NEW    cov: 119 ft: 253 corp: 5/1143b lim: 333 exec/s: 0 rss: 29Mb L: 290/333 MS: 3 ChangeBinInt-EraseBytes-CopyPart-
#9	NEW    cov: 119 ft: 258 corp: 6/1363b lim: 333 exec/s: 0 rss: 29Mb L: 220/333 MS: 1 CrossOver-
#10	NEW    cov: 119 ft: 272 corp: 7/1676b lim: 333 exec/s: 0 rss: 29Mb L: 313/333 MS: 1 InsertRepeatedBytes-
#12	NEW    cov: 119 ft: 273 corp: 8/1881b lim: 333 exec/s: 0 rss: 29Mb L: 205/333 MS: 2 CrossOver-EraseBytes-
#14	NEW    cov: 119 ft: 274 corp: 9/2158b lim: 333 exec/s: 0 rss: 29Mb L: 277/333 MS: 2 ChangeBinInt-EraseBytes-
#17	NEW    cov: 120 ft: 277 corp: 10/2480b lim: 333 exec/s: 0 rss: 29Mb L: 322/333 MS: 3 CrossOver-ChangeBit-InsertByte-
#20	NEW    cov: 120 ft: 286 corp: 11/2785b lim: 333 exec/s: 0 rss: 29Mb L: 305/333 MS: 3 CMP-CopyPart-InsertRepeatedBytes- DE: "\000\003"-
#21	NEW    cov: 121 ft: 287 corp: 12/3076b lim: 333 exec/s: 0 rss: 29Mb L: 291/333 MS: 1 CrossOver-
#22	NEW    cov: 121 ft: 324 corp: 13/3409b lim: 333 exec/s: 0 rss: 29Mb L: 333/333 MS: 1 ChangeBit-
#30	NEW    cov: 121 ft: 348 corp: 14/3461b lim: 333 exec/s: 0 rss: 29Mb L: 52/333 MS: 3 ShuffleBytes-ShuffleBytes-CrossOver-
#31	NEW    cov: 121 ft: 357 corp: 15/3751b lim: 333 exec/s: 0 rss: 29Mb L: 290/333 MS: 1 ChangeBinInt-
#32	NEW    cov: 122 ft: 359 corp: 16/4005b lim: 333 exec/s: 0 rss: 29Mb L: 254/333 MS: 1 CrossOver-
#37	NEW    cov: 122 ft: 360 corp: 17/4326b lim: 333 exec/s: 0 rss: 29Mb L: 321/333 MS: 5 ShuffleBytes-InsertByte-CMP-ChangeBinInt-InsertRepeatedBytes- DE: "{\363\260\366\363c\000\000"-
#38	NEW    cov: 122 ft: 361 corp: 18/4378b lim: 333 exec/s: 0 rss: 29Mb L: 52/333 MS: 1 ChangeBit-
#44	NEW    cov: 122 ft: 386 corp: 19/4492b lim: 333 exec/s: 0 rss: 29Mb L: 114/333 MS: 1 EraseBytes-
#48	NEW    cov: 122 ft: 387 corp: 20/4817b lim: 333 exec/s: 0 rss: 29Mb L: 325/333 MS: 4 PersAutoDict-ChangeBit-CrossOver-CopyPart- DE: "\000\003"-
#50	NEW    cov: 123 ft: 389 corp: 21/5078b lim: 333 exec/s: 0 rss: 29Mb L: 261/333 MS: 2 CrossOver-InsertRepeatedBytes-
#51	NEW    cov: 123 ft: 393 corp: 22/5299b lim: 333 exec/s: 0 rss: 29Mb L: 221/333 MS: 1 InsertByte-
#54	NEW    cov: 123 ft: 394 corp: 23/5343b lim: 333 exec/s: 0 rss: 29Mb L: 44/333 MS: 3 InsertByte-CMP-EraseBytes- DE: "\021\000\000\000\000\000\000\000"-
#55	NEW    cov: 123 ft: 397 corp: 24/5376b lim: 333 exec/s: 0 rss: 29Mb L: 33/333 MS: 1 EraseBytes-
#63	NEW    cov: 123 ft: 398 corp: 25/5500b lim: 333 exec/s: 0 rss: 29Mb L: 124/333 MS: 3 PersAutoDict-CMP-PersAutoDict- DE: "\000\003"-"\024\000\000\000"-"{\363\260\366\363c\000\000"-
#68	NEW    cov: 123 ft: 399 corp: 26/5579b lim: 333 exec/s: 0 rss: 29Mb L: 79/333 MS: 5 ChangeBinInt-CMP-ChangeBinInt-ChangeBinInt-CopyPart- DE: "\000\000\000 "-
#74	NEW    cov: 123 ft: 400 corp: 27/5665b lim: 333 exec/s: 0 rss: 29Mb L: 86/333 MS: 1 CopyPart-
#76	NEW    cov: 123 ft: 401 corp: 28/5737b lim: 333 exec/s: 0 rss: 29Mb L: 72/333 MS: 2 ChangeBinInt-CrossOver-
#84	NEW    cov: 123 ft: 402 corp: 29/6070b lim: 333 exec/s: 0 rss: 29Mb L: 333/333 MS: 3 CopyPart-CopyPart-CrossOver-
#99	NEW    cov: 123 ft: 403 corp: 30/6240b lim: 333 exec/s: 0 rss: 29Mb L: 170/333 MS: 5 CrossOver-ChangeBinInt-PersAutoDict-EraseBytes-EraseBytes- DE: "{\363\260\366\363c\000\000"-
#102	NEW    cov: 123 ft: 409 corp: 31/6327b lim: 333 exec/s: 0 rss: 29Mb L: 87/333 MS: 3 CopyPart-CrossOver-EraseBytes-
#111	NEW    cov: 123 ft: 410 corp: 32/6376b lim: 333 exec/s: 0 rss: 29Mb L: 49/333 MS: 4 CopyPart-ChangeBinInt-PersAutoDict-InsertByte- DE: "\024\000\000\000"-
#119	NEW    cov: 123 ft: 411 corp: 33/6613b lim: 333 exec/s: 0 rss: 29Mb L: 237/333 MS: 3 ChangeByte-InsertRepeatedBytes-ChangeByte-
#126	REDUCE cov: 123 ft: 411 corp: 33/6612b lim: 333 exec/s: 0 rss: 29Mb L: 113/333 MS: 2 CrossOver-CrossOver-
#127	NEW    cov: 123 ft: 424 corp: 34/6635b lim: 333 exec/s: 0 rss: 29Mb L: 23/333 MS: 1 EraseBytes-
#136	NEW    cov: 123 ft: 433 corp: 35/6664b lim: 333 exec/s: 0 rss: 29Mb L: 29/333 MS: 4 CMP-EraseBytes-EraseBytes-EraseBytes- DE: "\001\000c\363\366\261z`"-
#162	NEW    cov: 123 ft: 439 corp: 36/6711b lim: 333 exec/s: 0 rss: 29Mb L: 47/333 MS: 1 CrossOver-
#185	NEW    cov: 123 ft: 440 corp: 37/6972b lim: 333 exec/s: 0 rss: 29Mb L: 261/333 MS: 3 CopyPart-CrossOver-ChangeBinInt-
#245	NEW    cov: 123 ft: 442 corp: 38/7203b lim: 333 exec/s: 0 rss: 29Mb L: 231/333 MS: 5 InsertRepeatedBytes-CopyPart-ShuffleBytes-CMP-CrossOver- DE: "\001\000\000\000\000\000\000\004"-
#249	NEW    cov: 123 ft: 443 corp: 39/7479b lim: 333 exec/s: 0 rss: 29Mb L: 276/333 MS: 4 PersAutoDict-EraseBytes-CopyPart-InsertRepeatedBytes- DE: "\000\003"-
#257	NEW    cov: 123 ft: 451 corp: 40/7767b lim: 333 exec/s: 0 rss: 29Mb L: 288/333 MS: 3 EraseBytes-ChangeBit-InsertRepeatedBytes-
#265	REDUCE cov: 123 ft: 451 corp: 40/7765b lim: 333 exec/s: 0 rss: 29Mb L: 288/333 MS: 3 CopyPart-ShuffleBytes-CrossOver-
#299	NEW    cov: 123 ft: 452 corp: 41/7989b lim: 333 exec/s: 0 rss: 29Mb L: 224/333 MS: 4 PersAutoDict-InsertByte-ShuffleBytes-PersAutoDict- DE: "{\363\260\366\363c\000\000"-"\000\003"-
#312	REDUCE cov: 123 ft: 452 corp: 41/7928b lim: 333 exec/s: 0 rss: 29Mb L: 227/333 MS: 3 CopyPart-ChangeBinInt-EraseBytes-
#366	NEW    cov: 123 ft: 453 corp: 42/8195b lim: 333 exec/s: 0 rss: 29Mb L: 267/333 MS: 4 InsertByte-ChangeBit-EraseBytes-CrossOver-
#403	NEW    cov: 123 ft: 454 corp: 43/8506b lim: 333 exec/s: 0 rss: 29Mb L: 311/333 MS: 2 CopyPart-InsertRepeatedBytes-
#440	NEW    cov: 123 ft: 455 corp: 44/8530b lim: 333 exec/s: 0 rss: 29Mb L: 24/333 MS: 2 ChangeBinInt-InsertByte-
#494	NEW    cov: 123 ft: 457 corp: 45/8714b lim: 333 exec/s: 0 rss: 29Mb L: 184/333 MS: 4 InsertByte-ChangeByte-ShuffleBytes-InsertRepeatedBytes-
#519	NEW    cov: 123 ft: 463 corp: 46/8920b lim: 333 exec/s: 0 rss: 29Mb L: 206/333 MS: 5 CopyPart-InsertByte-EraseBytes-ChangeBinInt-CrossOver-
#532	REDUCE cov: 123 ft: 463 corp: 46/8917b lim: 333 exec/s: 0 rss: 29Mb L: 83/333 MS: 3 ShuffleBytes-ChangeBinInt-EraseBytes-
#610	NEW    cov: 123 ft: 464 corp: 47/8976b lim: 333 exec/s: 0 rss: 29Mb L: 59/333 MS: 3 ChangeBinInt-CopyPart-CrossOver-
#612	NEW    cov: 123 ft: 465 corp: 48/9200b lim: 333 exec/s: 0 rss: 29Mb L: 224/333 MS: 2 ChangeBit-CopyPart-
#697	REDUCE cov: 123 ft: 465 corp: 48/9150b lim: 333 exec/s: 0 rss: 29Mb L: 177/333 MS: 5 InsertByte-CMP-ChangeByte-ChangeBinInt-EraseBytes- DE: "C\354\261\366\363c\000\000"-
#709	NEW    cov: 123 ft: 466 corp: 49/9483b lim: 333 exec/s: 0 rss: 29Mb L: 333/333 MS: 2 ChangeByte-InsertRepeatedBytes-
#712	REDUCE cov: 123 ft: 466 corp: 49/9460b lim: 333 exec/s: 0 rss: 29Mb L: 147/333 MS: 3 ChangeASCIIInt-ChangeASCIIInt-EraseBytes-
#897	NEW    cov: 123 ft: 467 corp: 50/9724b lim: 333 exec/s: 0 rss: 29Mb L: 264/333 MS: 5 PersAutoDict-ChangeBit-InsertByte-ChangeByte-InsertByte- DE: "\001\000c\363\366\261z`"-
#949	NEW    cov: 123 ft: 468 corp: 51/9989b lim: 333 exec/s: 0 rss: 29Mb L: 265/333 MS: 2 ChangeBit-InsertByte-
#1045	REDUCE cov: 123 ft: 468 corp: 51/9951b lim: 333 exec/s: 0 rss: 29Mb L: 223/333 MS: 1 EraseBytes-
#1076	REDUCE cov: 123 ft: 468 corp: 51/9946b lim: 333 exec/s: 0 rss: 29Mb L: 218/333 MS: 1 EraseBytes-
#1077	REDUCE cov: 123 ft: 468 corp: 51/9943b lim: 333 exec/s: 0 rss: 29Mb L: 26/333 MS: 1 EraseBytes-
#1098	NEW    cov: 123 ft: 470 corp: 52/10252b lim: 333 exec/s: 0 rss: 29Mb L: 309/333 MS: 1 CopyPart-
#1106	REDUCE cov: 123 ft: 470 corp: 52/10238b lim: 333 exec/s: 0 rss: 29Mb L: 133/333 MS: 3 ChangeByte-CMP-EraseBytes- DE: "tapt"-
#1239	REDUCE cov: 123 ft: 470 corp: 52/10217b lim: 333 exec/s: 0 rss: 29Mb L: 284/333 MS: 3 ChangeBit-CopyPart-EraseBytes-
#1330	REDUCE cov: 123 ft: 477 corp: 53/10243b lim: 333 exec/s: 0 rss: 29Mb L: 26/333 MS: 1 CrossOver-
#1381	NEW    cov: 123 ft: 478 corp: 54/10261b lim: 333 exec/s: 0 rss: 29Mb L: 18/333 MS: 1 EraseBytes-
#1462	REDUCE cov: 123 ft: 478 corp: 54/10235b lim: 333 exec/s: 0 rss: 29Mb L: 192/333 MS: 1 EraseBytes-
#1527	REDUCE cov: 123 ft: 478 corp: 54/10231b lim: 333 exec/s: 0 rss: 29Mb L: 173/333 MS: 5 ChangeBinInt-ChangeASCIIInt-CopyPart-ChangeBinInt-EraseBytes-
#1544	REDUCE cov: 123 ft: 478 corp: 54/10198b lim: 333 exec/s: 0 rss: 29Mb L: 188/333 MS: 2 ChangeBit-EraseBytes-
#1567	NEW    cov: 123 ft: 483 corp: 55/10511b lim: 333 exec/s: 0 rss: 29Mb L: 313/333 MS: 3 CrossOver-ChangeBit-CrossOver-
#1568	REDUCE cov: 123 ft: 483 corp: 55/10504b lim: 333 exec/s: 0 rss: 29Mb L: 306/333 MS: 1 EraseBytes-
#1584	NEW    cov: 124 ft: 484 corp: 56/10511b lim: 333 exec/s: 0 rss: 29Mb L: 7/333 MS: 1 CrossOver-
#1585	NEW    cov: 124 ft: 493 corp: 57/10526b lim: 333 exec/s: 0 rss: 29Mb L: 15/333 MS: 1 EraseBytes-
#1637	REDUCE cov: 124 ft: 493 corp: 57/10525b lim: 333 exec/s: 0 rss: 29Mb L: 251/333 MS: 2 EraseBytes-InsertByte-
#1723	REDUCE cov: 124 ft: 493 corp: 57/10513b lim: 333 exec/s: 0 rss: 29Mb L: 14/333 MS: 1 EraseBytes-
#1766	REDUCE cov: 124 ft: 493 corp: 57/10506b lim: 333 exec/s: 0 rss: 29Mb L: 198/333 MS: 3 CrossOver-InsertByte-EraseBytes-
#1778	REDUCE cov: 124 ft: 493 corp: 57/10504b lim: 333 exec/s: 0 rss: 29Mb L: 42/333 MS: 2 CMP-EraseBytes- DE: "E\003\204\305\363c\000\000"-
#1884	REDUCE cov: 124 ft: 493 corp: 57/10451b lim: 333 exec/s: 0 rss: 29Mb L: 184/333 MS: 1 EraseBytes-
#1886	NEW    cov: 124 ft: 494 corp: 58/10459b lim: 333 exec/s: 0 rss: 29Mb L: 8/333 MS: 2 CrossOver-InsertByte-
#1998	REDUCE cov: 124 ft: 494 corp: 58/10404b lim: 333 exec/s: 0 rss: 29Mb L: 137/333 MS: 2 InsertByte-EraseBytes-
#2017	REDUCE cov: 124 ft: 494 corp: 58/10403b lim: 333 exec/s: 0 rss: 29Mb L: 320/333 MS: 4 CMP-CrossOver-EraseBytes-InsertRepeatedBytes- DE: "\274\206\240\246\307w\311\375"-
#2050	REDUCE cov: 124 ft: 494 corp: 58/10382b lim: 333 exec/s: 0 rss: 29Mb L: 263/333 MS: 3 ChangeBit-ChangeByte-EraseBytes-
#2104	REDUCE cov: 124 ft: 494 corp: 58/10355b lim: 333 exec/s: 0 rss: 29Mb L: 110/333 MS: 4 CopyPart-PersAutoDict-PersAutoDict-EraseBytes- DE: "E\003\204\305\363c\000\000"-"\000\000\000 "-
#2106	REDUCE cov: 124 ft: 494 corp: 58/10354b lim: 333 exec/s: 0 rss: 29Mb L: 187/333 MS: 2 ChangeByte-EraseBytes-
#2132	REDUCE cov: 124 ft: 494 corp: 58/10352b lim: 333 exec/s: 0 rss: 29Mb L: 5/333 MS: 1 EraseBytes-
#2199	REDUCE cov: 124 ft: 494 corp: 58/10318b lim: 333 exec/s: 0 rss: 29Mb L: 243/333 MS: 2 CMP-EraseBytes- DE: "\377\377\377\022"-
#2436	REDUCE cov: 124 ft: 494 corp: 58/10232b lim: 333 exec/s: 0 rss: 29Mb L: 112/333 MS: 2 ChangeBit-EraseBytes-
#2466	REDUCE cov: 124 ft: 494 corp: 58/10184b lim: 333 exec/s: 0 rss: 29Mb L: 64/333 MS: 5 PersAutoDict-ChangeBit-ChangeASCIIInt-EraseBytes-EraseBytes- DE: "\000\000\000 "-
#2533	NEW    cov: 124 ft: 495 corp: 59/10413b lim: 333 exec/s: 0 rss: 29Mb L: 229/333 MS: 2 ShuffleBytes-EraseBytes-
#2681	REDUCE cov: 124 ft: 495 corp: 59/10412b lim: 333 exec/s: 0 rss: 29Mb L: 22/333 MS: 3 ChangeBit-CopyPart-EraseBytes-
#2770	REDUCE cov: 124 ft: 495 corp: 59/10385b lim: 333 exec/s: 0 rss: 29Mb L: 157/333 MS: 4 ShuffleBytes-PersAutoDict-EraseBytes-InsertByte- DE: "\377\377\377\022"-
#2818	REDUCE cov: 124 ft: 495 corp: 59/10351b lim: 333 exec/s: 0 rss: 29Mb L: 49/333 MS: 3 ChangeASCIIInt-CMP-EraseBytes- DE: "\021\000\000\000\000\000\000\000"-
#2970	REDUCE cov: 124 ft: 495 corp: 59/10349b lim: 333 exec/s: 0 rss: 29Mb L: 3/333 MS: 2 ChangeByte-EraseBytes-
#2998	REDUCE cov: 124 ft: 495 corp: 59/10348b lim: 333 exec/s: 0 rss: 29Mb L: 17/333 MS: 3 ShuffleBytes-ChangeBinInt-EraseBytes-
#3042	REDUCE cov: 124 ft: 495 corp: 59/10341b lim: 333 exec/s: 0 rss: 29Mb L: 10/333 MS: 4 InsertByte-ChangeBinInt-InsertByte-EraseBytes-
#3244	REDUCE cov: 124 ft: 495 corp: 59/10330b lim: 333 exec/s: 0 rss: 29Mb L: 99/333 MS: 2 InsertByte-EraseBytes-
#3277	REDUCE cov: 124 ft: 495 corp: 59/10303b lim: 333 exec/s: 0 rss: 29Mb L: 295/333 MS: 3 PersAutoDict-ShuffleBytes-CrossOver- DE: "\001\000c\363\366\261z`"-
#3311	REDUCE cov: 124 ft: 495 corp: 59/10271b lim: 333 exec/s: 0 rss: 29Mb L: 67/333 MS: 4 ChangeBit-ChangeBinInt-ShuffleBytes-EraseBytes-
#3519	REDUCE cov: 124 ft: 495 corp: 59/10191b lim: 333 exec/s: 0 rss: 29Mb L: 93/333 MS: 3 CrossOver-ShuffleBytes-EraseBytes-
#3608	REDUCE cov: 124 ft: 495 corp: 59/10183b lim: 333 exec/s: 0 rss: 29Mb L: 16/333 MS: 4 ChangeBinInt-ShuffleBytes-ChangeBinInt-EraseBytes-
#3615	REDUCE cov: 124 ft: 495 corp: 59/10108b lim: 333 exec/s: 0 rss: 29Mb L: 216/333 MS: 2 ChangeByte-CrossOver-
#3630	REDUCE cov: 124 ft: 495 corp: 59/10103b lim: 333 exec/s: 0 rss: 29Mb L: 11/333 MS: 5 CrossOver-PersAutoDict-ChangeByte-CMP-EraseBytes- DE: "\001\000c\363\366\261z`"-"mdia"-
#3640	REDUCE cov: 124 ft: 495 corp: 59/10078b lim: 333 exec/s: 0 rss: 29Mb L: 159/333 MS: 5 ShuffleBytes-ChangeByte-InsertRepeatedBytes-ChangeByte-CrossOver-
#3684	REDUCE cov: 124 ft: 496 corp: 60/10385b lim: 333 exec/s: 0 rss: 29Mb L: 307/333 MS: 4 ChangeBit-InsertByte-ChangeBit-ChangeBit-
#3873	REDUCE cov: 124 ft: 496 corp: 60/10375b lim: 333 exec/s: 0 rss: 29Mb L: 57/333 MS: 4 ShuffleBytes-PersAutoDict-PersAutoDict-EraseBytes- DE: "\001\000\000\000\000\000\000\004"-"\274\206\240\246\307w\311\375"-
#3894	REDUCE cov: 124 ft: 496 corp: 60/10368b lim: 333 exec/s: 0 rss: 29Mb L: 117/333 MS: 1 EraseBytes-
#3971	REDUCE cov: 124 ft: 496 corp: 60/10309b lim: 333 exec/s: 0 rss: 29Mb L: 274/333 MS: 2 CopyPart-EraseBytes-
#3984	REDUCE cov: 124 ft: 496 corp: 60/10305b lim: 333 exec/s: 0 rss: 29Mb L: 18/333 MS: 3 ChangeByte-ChangeByte-EraseBytes-
#4050	REDUCE cov: 124 ft: 496 corp: 60/10285b lim: 333 exec/s: 0 rss: 29Mb L: 73/333 MS: 1 EraseBytes-
#4062	REDUCE cov: 124 ft: 496 corp: 60/10284b lim: 333 exec/s: 0 rss: 29Mb L: 228/333 MS: 2 ShuffleBytes-EraseBytes-
#4087	REDUCE cov: 124 ft: 496 corp: 60/10282b lim: 333 exec/s: 0 rss: 29Mb L: 185/333 MS: 5 ChangeBit-ShuffleBytes-InsertRepeatedBytes-EraseBytes-InsertRepeatedBytes-
#4165	REDUCE cov: 124 ft: 496 corp: 60/10247b lim: 333 exec/s: 0 rss: 29Mb L: 38/333 MS: 3 CMP-PersAutoDict-EraseBytes- DE: "\374\311w\307\246\240\206\275"-"\024\000\000\000"-
#4223	REDUCE cov: 124 ft: 496 corp: 60/10243b lim: 333 exec/s: 0 rss: 29Mb L: 316/333 MS: 3 ShuffleBytes-EraseBytes-PersAutoDict- DE: "E\003\204\305\363c\000\000"-
#4291	NEW    cov: 124 ft: 497 corp: 61/10475b lim: 333 exec/s: 0 rss: 29Mb L: 232/333 MS: 3 ChangeBit-ChangeBit-PersAutoDict- DE: "E\003\204\305\363c\000\000"-
#4354	REDUCE cov: 124 ft: 497 corp: 61/10474b lim: 333 exec/s: 0 rss: 29Mb L: 2/333 MS: 3 InsertByte-ChangeByte-EraseBytes-
#4435	REDUCE cov: 124 ft: 497 corp: 61/10453b lim: 333 exec/s: 0 rss: 29Mb L: 164/333 MS: 1 EraseBytes-
#4473	REDUCE cov: 124 ft: 497 corp: 61/10452b lim: 333 exec/s: 0 rss: 29Mb L: 13/333 MS: 3 ChangeByte-ChangeASCIIInt-EraseBytes-
#4536	REDUCE cov: 124 ft: 497 corp: 61/10450b lim: 333 exec/s: 0 rss: 29Mb L: 9/333 MS: 3 PersAutoDict-EraseBytes-InsertByte- DE: "\000\003"-
#4653	REDUCE cov: 124 ft: 497 corp: 61/10429b lim: 333 exec/s: 0 rss: 29Mb L: 36/333 MS: 2 ChangeByte-EraseBytes-
#4734	REDUCE cov: 124 ft: 497 corp: 61/10325b lim: 333 exec/s: 0 rss: 29Mb L: 120/333 MS: 1 EraseBytes-
#4754	REDUCE cov: 124 ft: 497 corp: 61/10322b lim: 333 exec/s: 0 rss: 29Mb L: 260/333 MS: 5 ChangeByte-InsertRepeatedBytes-PersAutoDict-InsertByte-EraseBytes- DE: "tapt"-
#4938	REDUCE cov: 124 ft: 497 corp: 61/10282b lim: 333 exec/s: 0 rss: 29Mb L: 192/333 MS: 4 PersAutoDict-ChangeBit-ChangeBit-EraseBytes- DE: "tapt"-
#4950	REDUCE cov: 124 ft: 497 corp: 61/10269b lim: 333 exec/s: 0 rss: 29Mb L: 296/333 MS: 2 PersAutoDict-EraseBytes- DE: "{\363\260\366\363c\000\000"-
#4976	REDUCE cov: 124 ft: 497 corp: 61/10266b lim: 333 exec/s: 0 rss: 29Mb L: 10/333 MS: 1 EraseBytes-
#5043	REDUCE cov: 124 ft: 497 corp: 61/10258b lim: 333 exec/s: 0 rss: 29Mb L: 30/333 MS: 2 PersAutoDict-EraseBytes- DE: "\001\000c\363\366\261z`"-
#5452	REDUCE cov: 124 ft: 497 corp: 61/10255b lim: 333 exec/s: 0 rss: 29Mb L: 303/333 MS: 4 ChangeBit-ChangeBinInt-PersAutoDict-CrossOver- DE: "C\354\261\366\363c\000\000"-
#5460	REDUCE cov: 124 ft: 497 corp: 61/10249b lim: 333 exec/s: 0 rss: 29Mb L: 261/333 MS: 3 InsertRepeatedBytes-CrossOver-EraseBytes-
#5504	REDUCE cov: 124 ft: 497 corp: 61/10246b lim: 333 exec/s: 0 rss: 29Mb L: 330/333 MS: 4 ChangeBit-ChangeByte-EraseBytes-InsertRepeatedBytes-
#5925	REDUCE cov: 124 ft: 497 corp: 61/10215b lim: 333 exec/s: 0 rss: 29Mb L: 282/333 MS: 1 EraseBytes-
#6167	REDUCE cov: 124 ft: 497 corp: 61/10211b lim: 333 exec/s: 0 rss: 29Mb L: 75/333 MS: 2 InsertByte-EraseBytes-
#6281	REDUCE cov: 124 ft: 498 corp: 62/10466b lim: 333 exec/s: 6281 rss: 29Mb L: 255/333 MS: 4 InsertByte-InsertByte-InsertByte-InsertByte-
#6283	REDUCE cov: 124 ft: 498 corp: 62/10461b lim: 333 exec/s: 6283 rss: 29Mb L: 10/333 MS: 1 EraseBytes-
#6463	REDUCE cov: 124 ft: 498 corp: 62/10443b lim: 333 exec/s: 6463 rss: 29Mb L: 307/333 MS: 5 CopyPart-InsertByte-ChangeASCIIInt-EraseBytes-CopyPart-
#6474	REDUCE cov: 124 ft: 498 corp: 62/10442b lim: 333 exec/s: 6474 rss: 29Mb L: 1/333 MS: 1 EraseBytes-
#6531	REDUCE cov: 124 ft: 498 corp: 62/10434b lim: 333 exec/s: 6531 rss: 29Mb L: 39/333 MS: 2 ChangeASCIIInt-EraseBytes-
#7014	REDUCE cov: 124 ft: 498 corp: 62/10433b lim: 333 exec/s: 7014 rss: 29Mb L: 158/333 MS: 3 ChangeByte-ChangeBinInt-EraseBytes-
#7218	REDUCE cov: 124 ft: 498 corp: 62/10316b lim: 333 exec/s: 7218 rss: 29Mb L: 199/333 MS: 4 ChangeBinInt-EraseBytes-InsertRepeatedBytes-ShuffleBytes-
#7574	REDUCE cov: 124 ft: 498 corp: 62/10315b lim: 333 exec/s: 7574 rss: 29Mb L: 35/333 MS: 1 EraseBytes-
#7789	REDUCE cov: 124 ft: 498 corp: 62/10308b lim: 333 exec/s: 7789 rss: 29Mb L: 65/333 MS: 5 EraseBytes-CopyPart-CMP-ChangeASCIIInt-InsertByte- DE: "\000\000\000\030"-
#7865	REDUCE cov: 124 ft: 501 corp: 63/10611b lim: 333 exec/s: 7865 rss: 29Mb L: 303/333 MS: 1 ChangeBinInt-
#7896	REDUCE cov: 124 ft: 501 corp: 63/10608b lim: 333 exec/s: 7896 rss: 29Mb L: 130/333 MS: 1 EraseBytes-
#7948	REDUCE cov: 124 ft: 501 corp: 63/10606b lim: 333 exec/s: 7948 rss: 29Mb L: 8/333 MS: 2 ChangeByte-EraseBytes-
#8038	REDUCE cov: 124 ft: 501 corp: 63/10596b lim: 333 exec/s: 8038 rss: 29Mb L: 77/333 MS: 5 InsertByte-ChangeBit-InsertByte-ShuffleBytes-EraseBytes-
#8049	REDUCE cov: 124 ft: 501 corp: 63/10485b lim: 333 exec/s: 8049 rss: 29Mb L: 196/333 MS: 1 EraseBytes-
#8050	REDUCE cov: 124 ft: 501 corp: 63/10480b lim: 333 exec/s: 8050 rss: 29Mb L: 30/333 MS: 1 EraseBytes-
#8067	REDUCE cov: 124 ft: 501 corp: 63/10469b lim: 333 exec/s: 8067 rss: 29Mb L: 66/333 MS: 2 PersAutoDict-EraseBytes- DE: "\021\000\000\000\000\000\000\000"-
#8094	REDUCE cov: 124 ft: 501 corp: 63/10448b lim: 333 exec/s: 8094 rss: 29Mb L: 96/333 MS: 2 ChangeByte-EraseBytes-
#8203	NEW    cov: 124 ft: 502 corp: 64/10703b lim: 333 exec/s: 8203 rss: 29Mb L: 255/333 MS: 4 ChangeBit-CopyPart-ChangeASCIIInt-CMP- DE: "trak"-
#8249	REDUCE cov: 124 ft: 502 corp: 64/10702b lim: 333 exec/s: 8249 rss: 29Mb L: 17/333 MS: 1 EraseBytes-
#8616	REDUCE cov: 124 ft: 502 corp: 64/10632b lim: 333 exec/s: 8616 rss: 29Mb L: 233/333 MS: 2 ChangeBit-EraseBytes-
#8624	REDUCE cov: 124 ft: 502 corp: 64/10619b lim: 333 exec/s: 8624 rss: 29Mb L: 294/333 MS: 3 InsertByte-InsertRepeatedBytes-CrossOver-
#8729	REDUCE cov: 124 ft: 502 corp: 64/10542b lim: 333 exec/s: 8729 rss: 29Mb L: 156/333 MS: 5 CMP-ChangeByte-ChangeASCIIInt-PersAutoDict-EraseBytes- DE: "\002\000"-"C\354\261\366\363c\000\000"-
#8885	REDUCE cov: 124 ft: 502 corp: 64/10541b lim: 333 exec/s: 8885 rss: 29Mb L: 9/333 MS: 1 EraseBytes-
#8953	REDUCE cov: 124 ft: 502 corp: 64/10533b lim: 333 exec/s: 8953 rss: 29Mb L: 58/333 MS: 3 ChangeASCIIInt-InsertByte-EraseBytes-
#9072	REDUCE cov: 124 ft: 502 corp: 64/10465b lim: 333 exec/s: 9072 rss: 29Mb L: 156/333 MS: 4 ChangeByte-ChangeBinInt-ShuffleBytes-EraseBytes-
#9340	REDUCE cov: 124 ft: 502 corp: 64/10456b lim: 333 exec/s: 9340 rss: 29Mb L: 21/333 MS: 3 ChangeBit-CopyPart-EraseBytes-
#9528	REDUCE cov: 124 ft: 502 corp: 64/10449b lim: 333 exec/s: 9528 rss: 29Mb L: 14/333 MS: 3 ChangeBinInt-ChangeBinInt-EraseBytes-
#9632	REDUCE cov: 124 ft: 502 corp: 64/10443b lim: 333 exec/s: 9632 rss: 29Mb L: 255/333 MS: 4 CrossOver-EraseBytes-InsertRepeatedBytes-InsertRepeatedBytes-
#10013	NEW    cov: 124 ft: 503 corp: 65/10776b lim: 333 exec/s: 10013 rss: 29Mb L: 333/333 MS: 1 ChangeBinInt-
#10158	REDUCE cov: 124 ft: 503 corp: 65/10731b lim: 333 exec/s: 10158 rss: 30Mb L: 229/333 MS: 5 CopyPart-InsertRepeatedBytes-ChangeBinInt-InsertByte-EraseBytes-
#10247	REDUCE cov: 124 ft: 503 corp: 65/10730b lim: 333 exec/s: 10247 rss: 30Mb L: 294/333 MS: 4 CrossOver-PersAutoDict-EraseBytes-InsertRepeatedBytes- DE: "\377\377\377\022"-
#10306	REDUCE cov: 124 ft: 503 corp: 65/10727b lim: 333 exec/s: 10306 rss: 30Mb L: 49/333 MS: 4 CopyPart-PersAutoDict-CrossOver-EraseBytes- DE: "\002\000"-
#10381	REDUCE cov: 124 ft: 503 corp: 65/10699b lim: 333 exec/s: 10381 rss: 30Mb L: 130/333 MS: 5 ChangeBit-ChangeBinInt-EraseBytes-EraseBytes-InsertRepeatedBytes-
#10704	REDUCE cov: 124 ft: 503 corp: 65/10664b lim: 333 exec/s: 10704 rss: 30Mb L: 247/333 MS: 3 ChangeBinInt-CrossOver-EraseBytes-
#10913	REDUCE cov: 124 ft: 503 corp: 65/10634b lim: 333 exec/s: 10913 rss: 30Mb L: 303/333 MS: 4 ChangeBit-ShuffleBytes-ChangeBit-EraseBytes-
#10921	REDUCE cov: 124 ft: 503 corp: 65/10632b lim: 333 exec/s: 10921 rss: 30Mb L: 197/333 MS: 3 CMP-InsertByte-EraseBytes- DE: "moov"-
==384033== ERROR: libFuzzer: out-of-memory (used: 2033Mb; limit: 1024Mb)
   To change the out-of-memory limit use -rss_limit_mb=<N>

MS: 3 CrossOver-InsertRepeatedBytes-CMP- DE: "\257\032\010\364-s\000\000"-; base unit: 291a148024a673273663a090f73c9a3bc75d0876
artifact_prefix='/results/crashes/20260313_162246_e804463c_'; Test unit written to /results/crashes/20260313_162246_e804463c_oom-a49fd95d7da28c288050f08df67517e595cf9545
SUMMARY: libFuzzer: out-of-memory
stat::number_of_executed_units: 10989
stat::average_exec_per_sec:     3663
stat::new_units_added:          161
stat::slowest_unit_time_sec:    0
stat::peak_rss_mb:              2033
