INFO: Running with entropic power schedule (0xFF, 100).
INFO: Seed: 136240393
INFO: Loaded 1 modules   (252 inline 8-bit counters): 252 [0x5f17dfc0d678, 0x5f17dfc0d774), 
INFO: Loaded 1 PC tables (252 PCs): 252 [0x5f17dfc0d778,0x5f17dfc0e738), 
INFO:        4 files found in /tmp/corpus_20260313_140901_2f22ad0e
INFO: seed corpus: files: 4 min: 48b max: 333b total: 853b rss: 28Mb
#5	INITED cov: 118 ft: 252 corp: 4/853b exec/s: 0 rss: 29Mb
#6	NEW    cov: 119 ft: 256 corp: 5/1111b lim: 333 exec/s: 0 rss: 29Mb L: 258/333 MS: 1 InsertRepeatedBytes-
#7	REDUCE cov: 119 ft: 256 corp: 5/1108b lim: 333 exec/s: 0 rss: 29Mb L: 255/333 MS: 1 EraseBytes-
#8	NEW    cov: 119 ft: 261 corp: 6/1156b lim: 333 exec/s: 0 rss: 29Mb L: 48/333 MS: 1 ShuffleBytes-
#11	NEW    cov: 119 ft: 268 corp: 7/1204b lim: 333 exec/s: 0 rss: 29Mb L: 48/333 MS: 3 ChangeBit-ShuffleBytes-ChangeBinInt-
#15	NEW    cov: 119 ft: 269 corp: 8/1516b lim: 333 exec/s: 0 rss: 29Mb L: 312/333 MS: 4 ChangeBinInt-ChangeBinInt-ChangeBit-EraseBytes-
#16	NEW    cov: 119 ft: 273 corp: 9/1828b lim: 333 exec/s: 0 rss: 29Mb L: 312/333 MS: 1 ChangeByte-
#17	REDUCE cov: 119 ft: 274 corp: 10/2046b lim: 333 exec/s: 0 rss: 29Mb L: 218/333 MS: 1 EraseBytes-
#18	NEW    cov: 119 ft: 301 corp: 11/2076b lim: 333 exec/s: 0 rss: 29Mb L: 30/333 MS: 1 EraseBytes-
#20	NEW    cov: 119 ft: 303 corp: 12/2107b lim: 333 exec/s: 0 rss: 29Mb L: 31/333 MS: 2 ShuffleBytes-InsertByte-
#25	NEW    cov: 119 ft: 310 corp: 13/2157b lim: 333 exec/s: 0 rss: 29Mb L: 50/333 MS: 5 ChangeBit-CopyPart-ChangeBit-ShuffleBytes-InsertRepeatedBytes-
#27	NEW    cov: 119 ft: 311 corp: 14/2470b lim: 333 exec/s: 0 rss: 29Mb L: 313/333 MS: 2 ChangeASCIIInt-InsertByte-
#33	NEW    cov: 120 ft: 313 corp: 15/2751b lim: 333 exec/s: 0 rss: 29Mb L: 281/333 MS: 1 CopyPart-
#38	NEW    cov: 121 ft: 323 corp: 16/3044b lim: 333 exec/s: 0 rss: 29Mb L: 293/333 MS: 5 InsertRepeatedBytes-CopyPart-ShuffleBytes-InsertRepeatedBytes-CrossOver-
#39	NEW    cov: 121 ft: 333 corp: 17/3167b lim: 333 exec/s: 0 rss: 29Mb L: 123/333 MS: 1 InsertRepeatedBytes-
#40	NEW    cov: 121 ft: 334 corp: 18/3477b lim: 333 exec/s: 0 rss: 29Mb L: 310/333 MS: 1 InsertRepeatedBytes-
#41	NEW    cov: 121 ft: 335 corp: 19/3778b lim: 333 exec/s: 0 rss: 29Mb L: 301/333 MS: 1 CrossOver-
#50	NEW    cov: 121 ft: 342 corp: 20/3882b lim: 333 exec/s: 0 rss: 29Mb L: 104/333 MS: 4 ChangeByte-CMP-ShuffleBytes-CrossOver- DE: "iinf"-
#51	NEW    cov: 121 ft: 379 corp: 21/4183b lim: 333 exec/s: 0 rss: 29Mb L: 301/333 MS: 1 ChangeBit-
#53	NEW    cov: 121 ft: 380 corp: 22/4342b lim: 333 exec/s: 0 rss: 29Mb L: 159/333 MS: 2 InsertRepeatedBytes-CMP- DE: "\373\350\301\022\030_\000\000"-
#59	NEW    cov: 121 ft: 381 corp: 23/4394b lim: 333 exec/s: 0 rss: 29Mb L: 52/333 MS: 1 CMP- DE: "urn "-
#66	NEW    cov: 121 ft: 392 corp: 24/4567b lim: 333 exec/s: 0 rss: 29Mb L: 173/333 MS: 2 ChangeByte-InsertRepeatedBytes-
#79	NEW    cov: 121 ft: 393 corp: 25/4686b lim: 333 exec/s: 0 rss: 29Mb L: 119/333 MS: 3 ChangeBinInt-ChangeBit-CrossOver-
#85	REDUCE cov: 122 ft: 394 corp: 26/4945b lim: 333 exec/s: 0 rss: 29Mb L: 259/333 MS: 1 CMP- DE: "\376\377\377\377"-
#89	NEW    cov: 122 ft: 399 corp: 27/5258b lim: 333 exec/s: 0 rss: 29Mb L: 313/333 MS: 4 ChangeByte-CrossOver-CrossOver-ChangeByte-
#100	NEW    cov: 122 ft: 400 corp: 28/5340b lim: 333 exec/s: 0 rss: 29Mb L: 82/333 MS: 1 CopyPart-
#108	NEW    cov: 122 ft: 401 corp: 29/5661b lim: 333 exec/s: 0 rss: 29Mb L: 321/333 MS: 3 InsertRepeatedBytes-ChangeBit-InsertByte-
#109	NEW    cov: 122 ft: 402 corp: 30/5970b lim: 333 exec/s: 0 rss: 29Mb L: 309/333 MS: 1 PersAutoDict- DE: "\373\350\301\022\030_\000\000"-
#113	NEW    cov: 122 ft: 403 corp: 31/6232b lim: 333 exec/s: 0 rss: 29Mb L: 262/333 MS: 4 ChangeBinInt-InsertByte-ShuffleBytes-CopyPart-
#116	REDUCE cov: 122 ft: 408 corp: 32/6487b lim: 333 exec/s: 0 rss: 29Mb L: 255/333 MS: 3 ChangeBit-ChangeBinInt-CopyPart-
#117	NEW    cov: 122 ft: 409 corp: 33/6743b lim: 333 exec/s: 0 rss: 29Mb L: 256/333 MS: 1 PersAutoDict- DE: "\376\377\377\377"-
#124	NEW    cov: 122 ft: 410 corp: 34/6834b lim: 333 exec/s: 0 rss: 29Mb L: 91/333 MS: 2 PersAutoDict-EraseBytes- DE: "\373\350\301\022\030_\000\000"-
#136	NEW    cov: 122 ft: 427 corp: 35/6858b lim: 333 exec/s: 0 rss: 29Mb L: 24/333 MS: 2 CMP-EraseBytes- DE: "stsd"-
#148	NEW    cov: 122 ft: 428 corp: 36/7114b lim: 333 exec/s: 0 rss: 29Mb L: 256/333 MS: 2 ChangeBit-ChangeBit-
#169	NEW    cov: 122 ft: 429 corp: 37/7156b lim: 333 exec/s: 0 rss: 29Mb L: 42/333 MS: 1 CopyPart-
#180	NEW    cov: 122 ft: 431 corp: 38/7459b lim: 333 exec/s: 0 rss: 29Mb L: 303/333 MS: 1 CMP- DE: "\000\026"-
#199	NEW    cov: 122 ft: 439 corp: 39/7792b lim: 333 exec/s: 0 rss: 29Mb L: 333/333 MS: 4 ChangeBit-ChangeBinInt-CMP-ChangeByte- DE: "\000P"-
#218	REDUCE cov: 122 ft: 439 corp: 39/7702b lim: 333 exec/s: 0 rss: 29Mb L: 166/333 MS: 4 PersAutoDict-ChangeByte-CopyPart-EraseBytes- DE: "\376\377\377\377"-
#219	REDUCE cov: 122 ft: 439 corp: 39/7624b lim: 333 exec/s: 0 rss: 29Mb L: 95/333 MS: 1 CrossOver-
#224	NEW    cov: 122 ft: 440 corp: 40/7736b lim: 333 exec/s: 0 rss: 29Mb L: 112/333 MS: 5 PersAutoDict-CopyPart-EraseBytes-CopyPart-InsertByte- DE: "stsd"-
#250	NEW    cov: 122 ft: 446 corp: 41/8069b lim: 333 exec/s: 0 rss: 29Mb L: 333/333 MS: 1 ChangeByte-
#274	NEW    cov: 123 ft: 447 corp: 42/8071b lim: 333 exec/s: 0 rss: 29Mb L: 2/333 MS: 4 PersAutoDict-InsertRepeatedBytes-InsertRepeatedBytes-CrossOver- DE: "\376\377\377\377"-
#307	NEW    cov: 123 ft: 448 corp: 43/8381b lim: 333 exec/s: 0 rss: 29Mb L: 310/333 MS: 3 EraseBytes-ChangeByte-CrossOver-
#308	NEW    cov: 123 ft: 449 corp: 44/8434b lim: 333 exec/s: 0 rss: 29Mb L: 53/333 MS: 1 CopyPart-
#334	NEW    cov: 123 ft: 457 corp: 45/8456b lim: 333 exec/s: 0 rss: 29Mb L: 22/333 MS: 1 EraseBytes-
#349	REDUCE cov: 123 ft: 457 corp: 45/8400b lim: 333 exec/s: 0 rss: 29Mb L: 203/333 MS: 5 CMP-CMP-CrossOver-EraseBytes-InsertByte- DE: "\015\020\000\000"-"\001\000\000\020"-
#362	REDUCE cov: 123 ft: 457 corp: 45/8324b lim: 333 exec/s: 0 rss: 29Mb L: 234/333 MS: 3 ChangeByte-ChangeBinInt-CrossOver-
#396	NEW    cov: 123 ft: 458 corp: 46/8631b lim: 333 exec/s: 0 rss: 29Mb L: 307/333 MS: 4 PersAutoDict-ChangeBinInt-ChangeByte-CrossOver- DE: "\001\000\000\020"-
#405	NEW    cov: 123 ft: 459 corp: 47/8691b lim: 333 exec/s: 0 rss: 29Mb L: 60/333 MS: 4 CMP-CMP-CMP-CMP- DE: "\377\377^\030\022\302\206*"-"\000\000\000\000\000\000\000\000"-"\001\000\000\001"-"stss"-
#431	NEW    cov: 123 ft: 460 corp: 48/8964b lim: 333 exec/s: 0 rss: 29Mb L: 273/333 MS: 1 CrossOver-
#448	REDUCE cov: 123 ft: 460 corp: 48/8933b lim: 333 exec/s: 0 rss: 29Mb L: 282/333 MS: 2 EraseBytes-ShuffleBytes-
#513	NEW    cov: 123 ft: 461 corp: 49/9203b lim: 333 exec/s: 0 rss: 29Mb L: 270/333 MS: 5 CopyPart-EraseBytes-EraseBytes-ChangeASCIIInt-CrossOver-
#541	REDUCE cov: 123 ft: 461 corp: 49/9124b lim: 333 exec/s: 0 rss: 29Mb L: 155/333 MS: 3 CrossOver-InsertByte-EraseBytes-
#593	REDUCE cov: 123 ft: 461 corp: 49/9118b lim: 333 exec/s: 0 rss: 29Mb L: 25/333 MS: 2 CMP-CrossOver- DE: "frma"-
#730	REDUCE cov: 123 ft: 461 corp: 49/9079b lim: 333 exec/s: 0 rss: 29Mb L: 179/333 MS: 2 ChangeBinInt-EraseBytes-
#761	REDUCE cov: 123 ft: 461 corp: 49/9053b lim: 333 exec/s: 0 rss: 29Mb L: 69/333 MS: 1 EraseBytes-
#823	REDUCE cov: 123 ft: 461 corp: 49/9049b lim: 333 exec/s: 0 rss: 29Mb L: 289/333 MS: 2 ChangeByte-EraseBytes-
#854	NEW    cov: 123 ft: 462 corp: 50/9371b lim: 333 exec/s: 0 rss: 29Mb L: 322/333 MS: 1 InsertByte-
#920	NEW    cov: 123 ft: 465 corp: 51/9405b lim: 333 exec/s: 0 rss: 29Mb L: 34/333 MS: 1 EraseBytes-
#926	NEW    cov: 123 ft: 473 corp: 52/9433b lim: 333 exec/s: 0 rss: 29Mb L: 28/333 MS: 1 CMP- DE: "\001\000\000\022"-
#963	NEW    cov: 123 ft: 474 corp: 53/9760b lim: 333 exec/s: 0 rss: 29Mb L: 327/333 MS: 2 ChangeBinInt-CrossOver-
#1029	NEW    cov: 123 ft: 475 corp: 54/9784b lim: 333 exec/s: 0 rss: 29Mb L: 24/333 MS: 1 CopyPart-
#1096	REDUCE cov: 123 ft: 475 corp: 54/9770b lim: 333 exec/s: 0 rss: 29Mb L: 238/333 MS: 2 CopyPart-CrossOver-
#1113	NEW    cov: 123 ft: 476 corp: 55/10098b lim: 333 exec/s: 0 rss: 29Mb L: 328/333 MS: 2 PersAutoDict-CrossOver- DE: "\377\377^\030\022\302\206*"-
#1194	NEW    cov: 123 ft: 477 corp: 56/10319b lim: 333 exec/s: 0 rss: 29Mb L: 221/333 MS: 1 InsertByte-
#1196	REDUCE cov: 123 ft: 477 corp: 56/10310b lim: 333 exec/s: 0 rss: 29Mb L: 324/333 MS: 2 ChangeByte-EraseBytes-
#1200	REDUCE cov: 123 ft: 477 corp: 56/10278b lim: 333 exec/s: 0 rss: 29Mb L: 280/333 MS: 4 CopyPart-ChangeBit-ChangeByte-EraseBytes-
#1261	NEW    cov: 123 ft: 478 corp: 57/10585b lim: 333 exec/s: 0 rss: 29Mb L: 307/333 MS: 1 CopyPart-
#1290	NEW    cov: 123 ft: 479 corp: 58/10914b lim: 333 exec/s: 0 rss: 29Mb L: 329/333 MS: 4 InsertRepeatedBytes-ShuffleBytes-PersAutoDict-InsertByte- DE: "\001\000\000\001"-
#1428	REDUCE cov: 123 ft: 479 corp: 58/10840b lim: 333 exec/s: 0 rss: 29Mb L: 238/333 MS: 3 CrossOver-ChangeBinInt-EraseBytes-
#1439	REDUCE cov: 123 ft: 479 corp: 58/10837b lim: 333 exec/s: 0 rss: 29Mb L: 45/333 MS: 1 EraseBytes-
#1567	NEW    cov: 123 ft: 480 corp: 59/10853b lim: 333 exec/s: 0 rss: 29Mb L: 16/333 MS: 3 ChangeBit-ShuffleBytes-EraseBytes-
#1734	NEW    cov: 123 ft: 488 corp: 60/10864b lim: 333 exec/s: 0 rss: 29Mb L: 11/333 MS: 2 CrossOver-EraseBytes-
#1783	REDUCE cov: 123 ft: 489 corp: 61/10872b lim: 333 exec/s: 0 rss: 29Mb L: 8/333 MS: 4 ShuffleBytes-EraseBytes-EraseBytes-EraseBytes-
#1912	REDUCE cov: 123 ft: 489 corp: 61/10775b lim: 333 exec/s: 0 rss: 29Mb L: 227/333 MS: 4 CMP-ShuffleBytes-PersAutoDict-EraseBytes- DE: "\265\000\000\000\000\000\000\000"-"\376\377\377\377"-
#1923	REDUCE cov: 123 ft: 489 corp: 61/10774b lim: 333 exec/s: 0 rss: 29Mb L: 52/333 MS: 1 EraseBytes-
#1989	REDUCE cov: 123 ft: 489 corp: 61/10773b lim: 333 exec/s: 0 rss: 29Mb L: 1/333 MS: 1 EraseBytes-
#2045	REDUCE cov: 123 ft: 489 corp: 61/10770b lim: 333 exec/s: 0 rss: 29Mb L: 19/333 MS: 1 EraseBytes-
#2111	REDUCE cov: 123 ft: 489 corp: 61/10767b lim: 333 exec/s: 0 rss: 29Mb L: 156/333 MS: 1 EraseBytes-
#2175	REDUCE cov: 123 ft: 489 corp: 61/10757b lim: 333 exec/s: 0 rss: 29Mb L: 35/333 MS: 4 ShuffleBytes-InsertRepeatedBytes-ChangeBinInt-EraseBytes-
#2309	REDUCE cov: 123 ft: 489 corp: 61/10755b lim: 333 exec/s: 0 rss: 29Mb L: 17/333 MS: 4 InsertRepeatedBytes-EraseBytes-ChangeBit-EraseBytes-
#2450	REDUCE cov: 123 ft: 489 corp: 61/10750b lim: 333 exec/s: 0 rss: 29Mb L: 64/333 MS: 1 CrossOver-
#2608	REDUCE cov: 123 ft: 489 corp: 61/10686b lim: 333 exec/s: 0 rss: 29Mb L: 246/333 MS: 3 ChangeASCIIInt-PersAutoDict-EraseBytes- DE: "\000\026"-
#2609	REDUCE cov: 123 ft: 489 corp: 61/10632b lim: 333 exec/s: 0 rss: 29Mb L: 226/333 MS: 1 EraseBytes-
#2830	NEW    cov: 123 ft: 494 corp: 62/10668b lim: 333 exec/s: 0 rss: 29Mb L: 36/333 MS: 1 PersAutoDict- DE: "\377\377^\030\022\302\206*"-
#2841	REDUCE cov: 123 ft: 494 corp: 62/10641b lim: 333 exec/s: 0 rss: 29Mb L: 128/333 MS: 1 EraseBytes-
#2939	NEW    cov: 123 ft: 495 corp: 63/10875b lim: 333 exec/s: 0 rss: 29Mb L: 234/333 MS: 3 InsertByte-PersAutoDict-CMP- DE: "stsd"-"St9exception"-
#2942	REDUCE cov: 123 ft: 495 corp: 63/10835b lim: 333 exec/s: 0 rss: 29Mb L: 273/333 MS: 3 CopyPart-CopyPart-CrossOver-
#2977	REDUCE cov: 123 ft: 495 corp: 63/10762b lim: 333 exec/s: 0 rss: 29Mb L: 173/333 MS: 5 InsertRepeatedBytes-ChangeByte-ShuffleBytes-InsertRepeatedBytes-EraseBytes-
#3056	REDUCE cov: 123 ft: 495 corp: 63/10758b lim: 333 exec/s: 0 rss: 29Mb L: 12/333 MS: 4 ShuffleBytes-CrossOver-CopyPart-EraseBytes-
#3147	REDUCE cov: 123 ft: 495 corp: 63/10747b lim: 333 exec/s: 0 rss: 29Mb L: 13/333 MS: 1 EraseBytes-
#3594	NEW    cov: 123 ft: 501 corp: 64/11008b lim: 333 exec/s: 0 rss: 29Mb L: 261/333 MS: 2 PersAutoDict-InsertRepeatedBytes- DE: "stss"-
#3650	REDUCE cov: 123 ft: 501 corp: 64/11004b lim: 333 exec/s: 0 rss: 29Mb L: 317/333 MS: 1 EraseBytes-
#3755	REDUCE cov: 123 ft: 501 corp: 64/10995b lim: 333 exec/s: 0 rss: 29Mb L: 25/333 MS: 5 ChangeBinInt-CrossOver-CopyPart-EraseBytes-EraseBytes-
#3792	REDUCE cov: 123 ft: 501 corp: 64/10987b lim: 333 exec/s: 0 rss: 29Mb L: 16/333 MS: 2 ChangeByte-EraseBytes-
#3928	REDUCE cov: 123 ft: 501 corp: 64/10947b lim: 333 exec/s: 0 rss: 29Mb L: 88/333 MS: 1 EraseBytes-
#3986	REDUCE cov: 123 ft: 501 corp: 64/10893b lim: 333 exec/s: 0 rss: 29Mb L: 125/333 MS: 3 ChangeBinInt-ChangeBinInt-EraseBytes-
#4008	REDUCE cov: 123 ft: 501 corp: 64/10892b lim: 333 exec/s: 0 rss: 29Mb L: 12/333 MS: 2 ChangeASCIIInt-EraseBytes-
#4011	REDUCE cov: 123 ft: 501 corp: 64/10889b lim: 333 exec/s: 0 rss: 29Mb L: 57/333 MS: 3 ShuffleBytes-ChangeByte-EraseBytes-
#4118	REDUCE cov: 123 ft: 501 corp: 64/10866b lim: 333 exec/s: 0 rss: 29Mb L: 34/333 MS: 2 EraseBytes-ChangeByte-
#4125	REDUCE cov: 123 ft: 501 corp: 64/10865b lim: 333 exec/s: 0 rss: 29Mb L: 24/333 MS: 2 CrossOver-EraseBytes-
#4181	REDUCE cov: 123 ft: 501 corp: 64/10859b lim: 333 exec/s: 0 rss: 29Mb L: 275/333 MS: 1 EraseBytes-
#4268	REDUCE cov: 123 ft: 501 corp: 64/10858b lim: 333 exec/s: 0 rss: 29Mb L: 118/333 MS: 2 ChangeBinInt-EraseBytes-
#4280	REDUCE cov: 123 ft: 501 corp: 64/10855b lim: 333 exec/s: 0 rss: 29Mb L: 9/333 MS: 2 InsertByte-EraseBytes-
#4307	NEW    cov: 124 ft: 503 corp: 65/10941b lim: 333 exec/s: 0 rss: 29Mb L: 86/333 MS: 2 PersAutoDict-CMP- DE: "\000\000\000\000\000\000\000\000"-"urn "-
#4368	REDUCE cov: 124 ft: 503 corp: 65/10938b lim: 333 exec/s: 0 rss: 29Mb L: 272/333 MS: 1 EraseBytes-
#4639	REDUCE cov: 124 ft: 503 corp: 65/10914b lim: 333 exec/s: 0 rss: 29Mb L: 28/333 MS: 1 EraseBytes-
#4650	REDUCE cov: 124 ft: 503 corp: 65/10911b lim: 333 exec/s: 0 rss: 29Mb L: 258/333 MS: 1 EraseBytes-
#4705	REDUCE cov: 124 ft: 503 corp: 65/10866b lim: 333 exec/s: 0 rss: 29Mb L: 80/333 MS: 5 EraseBytes-ChangeByte-CopyPart-ChangeBit-ChangeByte-
#5240	REDUCE cov: 124 ft: 503 corp: 65/10864b lim: 333 exec/s: 0 rss: 37Mb L: 33/333 MS: 5 ChangeASCIIInt-ShuffleBytes-ChangeBit-EraseBytes-CMP- DE: "\377\377\377\377\377\377\377\003"-
#5302	REDUCE cov: 124 ft: 503 corp: 65/10863b lim: 333 exec/s: 0 rss: 37Mb L: 10/333 MS: 2 CrossOver-EraseBytes-
#5376	REDUCE cov: 124 ft: 503 corp: 65/10846b lim: 333 exec/s: 0 rss: 37Mb L: 221/333 MS: 4 ChangeBit-CopyPart-ChangeByte-EraseBytes-
#5589	REDUCE cov: 124 ft: 503 corp: 65/10841b lim: 333 exec/s: 0 rss: 37Mb L: 161/333 MS: 3 ShuffleBytes-ChangeBit-CrossOver-
#5642	REDUCE cov: 124 ft: 503 corp: 65/10753b lim: 333 exec/s: 0 rss: 37Mb L: 221/333 MS: 3 ChangeBit-CrossOver-ChangeBinInt-
#5766	REDUCE cov: 124 ft: 503 corp: 65/10726b lim: 333 exec/s: 0 rss: 37Mb L: 129/333 MS: 4 ChangeByte-EraseBytes-CopyPart-CMP- DE: "\010\000\000\000"-
#5977	REDUCE cov: 124 ft: 503 corp: 65/10672b lim: 333 exec/s: 0 rss: 37Mb L: 172/333 MS: 1 EraseBytes-
#6093	NEW    cov: 124 ft: 515 corp: 66/10906b lim: 333 exec/s: 6093 rss: 37Mb L: 234/333 MS: 1 ShuffleBytes-
#6191	REDUCE cov: 124 ft: 515 corp: 66/10881b lim: 333 exec/s: 6191 rss: 37Mb L: 57/333 MS: 2 PersAutoDict-EraseBytes- DE: "frma"-
#6225	REDUCE cov: 124 ft: 515 corp: 66/10855b lim: 333 exec/s: 6225 rss: 37Mb L: 291/333 MS: 4 CrossOver-ChangeBit-CopyPart-InsertRepeatedBytes-
#6494	NEW    cov: 124 ft: 516 corp: 67/11115b lim: 333 exec/s: 6494 rss: 37Mb L: 260/333 MS: 4 ChangeBit-ShuffleBytes-ChangeByte-PersAutoDict- DE: "\015\020\000\000"-
#6741	REDUCE cov: 124 ft: 516 corp: 67/11108b lim: 333 exec/s: 6741 rss: 37Mb L: 231/333 MS: 2 InsertByte-EraseBytes-
#6827	REDUCE cov: 124 ft: 516 corp: 67/11102b lim: 333 exec/s: 6827 rss: 37Mb L: 74/333 MS: 1 EraseBytes-
#6913	REDUCE cov: 124 ft: 516 corp: 67/11094b lim: 333 exec/s: 6913 rss: 37Mb L: 115/333 MS: 1 EraseBytes-
#6914	REDUCE cov: 124 ft: 516 corp: 67/11062b lim: 333 exec/s: 6914 rss: 37Mb L: 56/333 MS: 1 EraseBytes-
#6977	REDUCE cov: 124 ft: 516 corp: 67/10981b lim: 333 exec/s: 6977 rss: 37Mb L: 192/333 MS: 3 InsertByte-CrossOver-EraseBytes-
#7004	REDUCE cov: 124 ft: 516 corp: 67/10980b lim: 333 exec/s: 7004 rss: 37Mb L: 33/333 MS: 2 ChangeByte-EraseBytes-
#7270	REDUCE cov: 124 ft: 516 corp: 67/10936b lim: 333 exec/s: 7270 rss: 37Mb L: 128/333 MS: 1 EraseBytes-
#7327	REDUCE cov: 124 ft: 517 corp: 68/11201b lim: 333 exec/s: 7327 rss: 37Mb L: 265/333 MS: 2 ChangeBinInt-CrossOver-
#7331	REDUCE cov: 124 ft: 517 corp: 68/11198b lim: 333 exec/s: 7331 rss: 37Mb L: 115/333 MS: 4 ChangeByte-ChangeByte-InsertRepeatedBytes-CrossOver-
#7392	REDUCE cov: 124 ft: 517 corp: 68/11197b lim: 333 exec/s: 7392 rss: 37Mb L: 27/333 MS: 1 EraseBytes-
#7469	REDUCE cov: 124 ft: 517 corp: 68/11193b lim: 333 exec/s: 7469 rss: 37Mb L: 108/333 MS: 2 InsertRepeatedBytes-EraseBytes-
#7496	REDUCE cov: 124 ft: 517 corp: 68/11191b lim: 333 exec/s: 7496 rss: 37Mb L: 50/333 MS: 2 CMP-EraseBytes- DE: "\000\000\000\010"-
#7542	REDUCE cov: 124 ft: 517 corp: 68/11146b lim: 333 exec/s: 7542 rss: 37Mb L: 262/333 MS: 1 EraseBytes-
#7665	REDUCE cov: 124 ft: 517 corp: 68/11122b lim: 333 exec/s: 7665 rss: 37Mb L: 207/333 MS: 3 ChangeBit-EraseBytes-CrossOver-
#7705	NEW    cov: 125 ft: 518 corp: 69/11450b lim: 333 exec/s: 7705 rss: 37Mb L: 328/333 MS: 5 ChangeByte-InsertRepeatedBytes-ChangeBit-PersAutoDict-InsertRepeatedBytes- DE: "\376\377\377\377"-
#7712	REDUCE cov: 125 ft: 518 corp: 69/11447b lim: 333 exec/s: 7712 rss: 37Mb L: 27/333 MS: 2 ChangeByte-EraseBytes-
#7741	REDUCE cov: 125 ft: 518 corp: 69/11346b lim: 333 exec/s: 7741 rss: 37Mb L: 190/333 MS: 4 InsertRepeatedBytes-ChangeBinInt-ShuffleBytes-EraseBytes-
#8168	REDUCE cov: 125 ft: 518 corp: 69/11344b lim: 333 exec/s: 8168 rss: 37Mb L: 270/333 MS: 2 CrossOver-CopyPart-
#8348	REDUCE cov: 125 ft: 518 corp: 69/11269b lim: 333 exec/s: 8348 rss: 37Mb L: 117/333 MS: 5 ChangeBinInt-ShuffleBytes-InsertByte-ChangeBit-EraseBytes-
#8355	REDUCE cov: 125 ft: 518 corp: 69/11267b lim: 333 exec/s: 8355 rss: 37Mb L: 25/333 MS: 2 ShuffleBytes-EraseBytes-
#8457	REDUCE cov: 125 ft: 518 corp: 69/11265b lim: 333 exec/s: 8457 rss: 37Mb L: 159/333 MS: 2 EraseBytes-InsertRepeatedBytes-
#8526	REDUCE cov: 125 ft: 518 corp: 69/11258b lim: 333 exec/s: 8526 rss: 37Mb L: 326/333 MS: 4 CrossOver-EraseBytes-PersAutoDict-InsertRepeatedBytes- DE: "\000\026"-
#8630	REDUCE cov: 125 ft: 518 corp: 69/11198b lim: 333 exec/s: 8630 rss: 37Mb L: 113/333 MS: 4 PersAutoDict-EraseBytes-InsertByte-EraseBytes- DE: "\000\000\000\010"-
#8711	REDUCE cov: 125 ft: 518 corp: 69/11170b lim: 333 exec/s: 8711 rss: 37Mb L: 89/333 MS: 1 EraseBytes-
#8824	NEW    cov: 125 ft: 519 corp: 70/11500b lim: 333 exec/s: 8824 rss: 37Mb L: 330/333 MS: 3 ChangeByte-CMP-InsertRepeatedBytes- DE: "avcC"-
#8879	REDUCE cov: 125 ft: 519 corp: 70/11486b lim: 333 exec/s: 8879 rss: 37Mb L: 101/333 MS: 5 EraseBytes-ChangeByte-PersAutoDict-ChangeBit-CopyPart- DE: "\000P"-
#8954	REDUCE cov: 125 ft: 519 corp: 70/11482b lim: 333 exec/s: 8954 rss: 37Mb L: 97/333 MS: 5 EraseBytes-ChangeBinInt-CrossOver-ShuffleBytes-InsertByte-
#9075	REDUCE cov: 125 ft: 519 corp: 70/11481b lim: 333 exec/s: 9075 rss: 37Mb L: 24/333 MS: 1 EraseBytes-
#9257	REDUCE cov: 125 ft: 519 corp: 70/11455b lim: 333 exec/s: 9257 rss: 37Mb L: 89/333 MS: 2 EraseBytes-ChangeByte-
#9428	REDUCE cov: 125 ft: 519 corp: 70/11454b lim: 333 exec/s: 9428 rss: 37Mb L: 103/333 MS: 1 CrossOver-
#9736	NEW    cov: 125 ft: 520 corp: 71/11738b lim: 333 exec/s: 9736 rss: 37Mb L: 284/333 MS: 3 ChangeBinInt-ChangeBit-InsertRepeatedBytes-
#9957	REDUCE cov: 125 ft: 521 corp: 72/12064b lim: 333 exec/s: 9957 rss: 37Mb L: 326/333 MS: 1 CopyPart-
#9973	REDUCE cov: 125 ft: 521 corp: 72/12039b lim: 333 exec/s: 9973 rss: 37Mb L: 61/333 MS: 1 EraseBytes-
#10029	REDUCE cov: 125 ft: 521 corp: 72/12038b lim: 333 exec/s: 10029 rss: 37Mb L: 9/333 MS: 1 EraseBytes-
#10036	NEW    cov: 126 ft: 522 corp: 73/12258b lim: 333 exec/s: 10036 rss: 37Mb L: 220/333 MS: 2 ChangeBinInt-CMP- DE: "urn "-
#10193	REDUCE cov: 126 ft: 522 corp: 73/12254b lim: 333 exec/s: 10193 rss: 37Mb L: 8/333 MS: 2 EraseBytes-PersAutoDict- DE: "\377\377^\030\022\302\206*"-
#10202	REDUCE cov: 126 ft: 522 corp: 73/12242b lim: 333 exec/s: 10202 rss: 37Mb L: 12/333 MS: 4 ShuffleBytes-EraseBytes-ChangeBinInt-ChangeBit-
#10326	REDUCE cov: 126 ft: 522 corp: 73/12217b lim: 333 exec/s: 10326 rss: 37Mb L: 196/333 MS: 4 ChangeByte-CopyPart-ChangeByte-EraseBytes-
#10587	NEW    cov: 126 ft: 523 corp: 74/12547b lim: 333 exec/s: 10587 rss: 37Mb L: 330/333 MS: 1 PersAutoDict- DE: "stsd"-
#11342	REDUCE cov: 126 ft: 523 corp: 74/12454b lim: 333 exec/s: 11342 rss: 37Mb L: 233/333 MS: 5 ShuffleBytes-CrossOver-ChangeBit-ChangeBinInt-CrossOver-
#11497	REDUCE cov: 126 ft: 523 corp: 74/12451b lim: 333 exec/s: 11497 rss: 37Mb L: 9/333 MS: 5 CrossOver-InsertByte-ShuffleBytes-EraseBytes-InsertByte-
#11682	NEW    cov: 126 ft: 524 corp: 75/12781b lim: 333 exec/s: 11682 rss: 37Mb L: 330/333 MS: 5 CopyPart-CopyPart-ShuffleBytes-ChangeBinInt-CopyPart-
#11754	REDUCE cov: 126 ft: 524 corp: 75/12734b lim: 333 exec/s: 11754 rss: 37Mb L: 66/333 MS: 2 ChangeBinInt-EraseBytes-
#11822	REDUCE cov: 126 ft: 524 corp: 75/12719b lim: 333 exec/s: 11822 rss: 37Mb L: 51/333 MS: 3 ChangeBit-CMP-EraseBytes- DE: "\035\000\000\000\000\000\000\000"-
#12359	REDUCE cov: 126 ft: 524 corp: 75/12691b lim: 333 exec/s: 12359 rss: 37Mb L: 299/333 MS: 2 ShuffleBytes-EraseBytes-
#12501	REDUCE cov: 126 ft: 524 corp: 75/12690b lim: 333 exec/s: 12501 rss: 37Mb L: 24/333 MS: 2 InsertByte-EraseBytes-
#12723	REDUCE cov: 126 ft: 524 corp: 75/12621b lim: 333 exec/s: 12723 rss: 37Mb L: 261/333 MS: 2 CrossOver-EraseBytes-
#12848	REDUCE cov: 126 ft: 524 corp: 75/12585b lim: 333 exec/s: 12848 rss: 37Mb L: 265/333 MS: 5 ShuffleBytes-ShuffleBytes-InsertRepeatedBytes-ShuffleBytes-EraseBytes-
#13009	REDUCE cov: 126 ft: 524 corp: 75/12577b lim: 333 exec/s: 6504 rss: 37Mb L: 295/333 MS: 5 ChangeBit-PersAutoDict-ShuffleBytes-ChangeBinInt-EraseBytes- DE: "\376\377\377\377"-
#13041	REDUCE cov: 126 ft: 524 corp: 75/12573b lim: 333 exec/s: 6520 rss: 37Mb L: 230/333 MS: 2 EraseBytes-CMP- DE: "iinf"-
#13043	REDUCE cov: 126 ft: 524 corp: 75/12549b lim: 333 exec/s: 6521 rss: 37Mb L: 271/333 MS: 2 ChangeBit-EraseBytes-
#13181	REDUCE cov: 126 ft: 524 corp: 75/12514b lim: 333 exec/s: 6590 rss: 37Mb L: 186/333 MS: 3 InsertRepeatedBytes-InsertRepeatedBytes-EraseBytes-
#13640	REDUCE cov: 126 ft: 524 corp: 75/12510b lim: 333 exec/s: 6820 rss: 37Mb L: 267/333 MS: 4 ChangeBinInt-ShuffleBytes-CMP-EraseBytes- DE: "\000\000|\036\370\010D\206"-
#13853	REDUCE cov: 126 ft: 524 corp: 75/12493b lim: 333 exec/s: 6926 rss: 37Mb L: 272/333 MS: 3 ChangeBit-CopyPart-EraseBytes-
#14347	REDUCE cov: 126 ft: 524 corp: 75/12491b lim: 333 exec/s: 7173 rss: 37Mb L: 49/333 MS: 4 ShuffleBytes-InsertByte-EraseBytes-InsertByte-
#14561	REDUCE cov: 126 ft: 524 corp: 75/12466b lim: 333 exec/s: 7280 rss: 37Mb L: 282/333 MS: 4 ChangeBit-PersAutoDict-ChangeBit-EraseBytes- DE: "\000P"-
#14589	REDUCE cov: 126 ft: 524 corp: 75/12454b lim: 333 exec/s: 7294 rss: 37Mb L: 178/333 MS: 3 ChangeBinInt-PersAutoDict-EraseBytes- DE: "\035\000\000\000\000\000\000\000"-
#14608	REDUCE cov: 126 ft: 524 corp: 75/12453b lim: 333 exec/s: 7304 rss: 37Mb L: 271/333 MS: 4 CopyPart-CrossOver-CMP-EraseBytes- DE: "tapt"-
#14681	REDUCE cov: 126 ft: 524 corp: 75/12405b lim: 333 exec/s: 7340 rss: 37Mb L: 130/333 MS: 3 ChangeBit-CopyPart-EraseBytes-
#14783	REDUCE cov: 126 ft: 524 corp: 75/12369b lim: 333 exec/s: 7391 rss: 37Mb L: 185/333 MS: 2 CrossOver-EraseBytes-
#14900	REDUCE cov: 126 ft: 524 corp: 75/12348b lim: 333 exec/s: 7450 rss: 37Mb L: 40/333 MS: 2 ChangeByte-EraseBytes-
#14991	REDUCE cov: 126 ft: 524 corp: 75/12345b lim: 333 exec/s: 7495 rss: 37Mb L: 53/333 MS: 1 EraseBytes-
#16037	REDUCE cov: 126 ft: 524 corp: 75/12344b lim: 341 exec/s: 8018 rss: 37Mb L: 158/333 MS: 1 EraseBytes-
#16204	REDUCE cov: 126 ft: 524 corp: 75/12343b lim: 341 exec/s: 8102 rss: 37Mb L: 16/333 MS: 2 InsertByte-EraseBytes-
#16258	NEW    cov: 126 ft: 536 corp: 76/12617b lim: 341 exec/s: 8129 rss: 37Mb L: 274/333 MS: 4 InsertByte-CMP-CopyPart-CMP- DE: " \000\000\000"-"pixi"-
#16327	REDUCE cov: 126 ft: 536 corp: 76/12593b lim: 341 exec/s: 8163 rss: 37Mb L: 162/333 MS: 4 EraseBytes-InsertByte-InsertRepeatedBytes-EraseBytes-
#16358	REDUCE cov: 126 ft: 536 corp: 76/12530b lim: 341 exec/s: 8179 rss: 37Mb L: 263/333 MS: 1 EraseBytes-
#16384	pulse  cov: 126 ft: 536 corp: 76/12530b lim: 341 exec/s: 8192 rss: 37Mb
#16520	NEW    cov: 126 ft: 537 corp: 77/12808b lim: 341 exec/s: 8260 rss: 37Mb L: 278/333 MS: 2 ChangeBit-CMP- DE: "\001\000\000\010"-
#16524	REDUCE cov: 126 ft: 537 corp: 77/12804b lim: 341 exec/s: 8262 rss: 37Mb L: 258/333 MS: 4 EraseBytes-ChangeBit-EraseBytes-InsertRepeatedBytes-
#16556	REDUCE cov: 126 ft: 537 corp: 77/12803b lim: 341 exec/s: 8278 rss: 37Mb L: 8/333 MS: 2 EraseBytes-CopyPart-
#16592	REDUCE cov: 126 ft: 537 corp: 77/12798b lim: 341 exec/s: 8296 rss: 37Mb L: 253/333 MS: 1 CrossOver-
#16961	REDUCE cov: 126 ft: 537 corp: 77/12794b lim: 341 exec/s: 8480 rss: 37Mb L: 45/333 MS: 4 EraseBytes-ShuffleBytes-ShuffleBytes-CopyPart-
#17042	REDUCE cov: 126 ft: 537 corp: 77/12781b lim: 341 exec/s: 8521 rss: 37Mb L: 315/333 MS: 1 EraseBytes-
#17453	REDUCE cov: 126 ft: 537 corp: 77/12780b lim: 341 exec/s: 8726 rss: 37Mb L: 157/333 MS: 1 EraseBytes-
#17711	REDUCE cov: 126 ft: 537 corp: 77/12761b lim: 341 exec/s: 8855 rss: 37Mb L: 234/333 MS: 3 ChangeASCIIInt-CopyPart-EraseBytes-
#18015	NEW    cov: 126 ft: 539 corp: 78/12989b lim: 341 exec/s: 9007 rss: 37Mb L: 228/333 MS: 4 PersAutoDict-CopyPart-ShuffleBytes-PersAutoDict- DE: "iinf"-"pixi"-
#18730	REDUCE cov: 126 ft: 539 corp: 78/12922b lim: 341 exec/s: 9365 rss: 37Mb L: 263/333 MS: 5 EraseBytes-ShuffleBytes-ShuffleBytes-ChangeBit-CopyPart-
#19051	REDUCE cov: 126 ft: 539 corp: 78/12914b lim: 341 exec/s: 9525 rss: 37Mb L: 66/333 MS: 1 EraseBytes-
#19210	REDUCE cov: 126 ft: 539 corp: 78/12913b lim: 341 exec/s: 9605 rss: 37Mb L: 41/333 MS: 4 ChangeBit-ChangeBinInt-ChangeBit-EraseBytes-
#19320	REDUCE cov: 126 ft: 539 corp: 78/12857b lim: 341 exec/s: 9660 rss: 37Mb L: 147/333 MS: 5 CMP-ShuffleBytes-EraseBytes-InsertRepeatedBytes-EraseBytes- DE: "mdat"-
#19384	NEW    cov: 126 ft: 542 corp: 79/13190b lim: 341 exec/s: 9692 rss: 37Mb L: 333/333 MS: 4 ChangeBit-CopyPart-CopyPart-CrossOver-
#19585	REDUCE cov: 126 ft: 542 corp: 79/13189b lim: 341 exec/s: 9792 rss: 37Mb L: 49/333 MS: 1 EraseBytes-
#19996	REDUCE cov: 126 ft: 542 corp: 79/13146b lim: 341 exec/s: 6665 rss: 37Mb L: 46/333 MS: 1 EraseBytes-
#20266	NEW    cov: 126 ft: 543 corp: 80/13410b lim: 341 exec/s: 6755 rss: 37Mb L: 264/333 MS: 5 ChangeByte-InsertRepeatedBytes-ChangeBinInt-EraseBytes-InsertRepeatedBytes-
#20418	REDUCE cov: 126 ft: 543 corp: 80/13404b lim: 341 exec/s: 6806 rss: 37Mb L: 60/333 MS: 2 PersAutoDict-EraseBytes- DE: "\000\000|\036\370\010D\206"-
#20448	REDUCE cov: 126 ft: 543 corp: 80/13153b lim: 341 exec/s: 6816 rss: 37Mb L: 22/333 MS: 5 PersAutoDict-PersAutoDict-InsertRepeatedBytes-ChangeBinInt-CrossOver- DE: "\001\000\000\010"-"frma"-
#21216	REDUCE cov: 126 ft: 543 corp: 80/13074b lim: 341 exec/s: 7072 rss: 37Mb L: 243/333 MS: 3 ShuffleBytes-CMP-EraseBytes- DE: "hvc1"-
#21287	REDUCE cov: 126 ft: 543 corp: 80/13066b lim: 341 exec/s: 7095 rss: 37Mb L: 52/333 MS: 1 EraseBytes-
#21434	REDUCE cov: 126 ft: 543 corp: 80/13058b lim: 341 exec/s: 7144 rss: 37Mb L: 255/333 MS: 2 CopyPart-CrossOver-
#21638	REDUCE cov: 126 ft: 548 corp: 81/13169b lim: 341 exec/s: 7212 rss: 37Mb L: 111/333 MS: 4 ChangeBinInt-CrossOver-ShuffleBytes-PersAutoDict- DE: "stsd"-
#22054	REDUCE cov: 126 ft: 548 corp: 81/13113b lim: 341 exec/s: 7351 rss: 37Mb L: 72/333 MS: 1 EraseBytes-
#22322	REDUCE cov: 126 ft: 548 corp: 81/13112b lim: 341 exec/s: 7440 rss: 37Mb L: 206/333 MS: 3 ChangeBinInt-EraseBytes-InsertByte-
#22619	REDUCE cov: 126 ft: 548 corp: 81/13107b lim: 341 exec/s: 7539 rss: 37Mb L: 215/333 MS: 2 ChangeBinInt-EraseBytes-
#22621	REDUCE cov: 126 ft: 548 corp: 81/13002b lim: 341 exec/s: 7540 rss: 37Mb L: 177/333 MS: 2 PersAutoDict-CrossOver- DE: "\373\350\301\022\030_\000\000"-
#22950	REDUCE cov: 126 ft: 548 corp: 81/13001b lim: 341 exec/s: 7650 rss: 37Mb L: 269/333 MS: 4 CopyPart-EraseBytes-ChangeASCIIInt-InsertRepeatedBytes-
#23210	REDUCE cov: 126 ft: 548 corp: 81/12917b lim: 341 exec/s: 7736 rss: 37Mb L: 181/333 MS: 5 CrossOver-CopyPart-InsertRepeatedBytes-PersAutoDict-EraseBytes- DE: "\010\000\000\000"-
#23232	REDUCE cov: 126 ft: 548 corp: 81/12904b lim: 341 exec/s: 7744 rss: 37Mb L: 32/333 MS: 2 EraseBytes-EraseBytes-
#23353	REDUCE cov: 126 ft: 548 corp: 81/12887b lim: 341 exec/s: 7784 rss: 37Mb L: 298/333 MS: 1 EraseBytes-
#23873	REDUCE cov: 126 ft: 548 corp: 81/12872b lim: 341 exec/s: 7957 rss: 37Mb L: 162/333 MS: 5 EraseBytes-ChangeBit-ChangeBit-ShuffleBytes-InsertByte-
#24456	NEW    cov: 126 ft: 549 corp: 82/13205b lim: 341 exec/s: 8152 rss: 37Mb L: 333/333 MS: 3 ChangeByte-ChangeBinInt-ShuffleBytes-
#24513	REDUCE cov: 126 ft: 549 corp: 82/13202b lim: 341 exec/s: 8171 rss: 37Mb L: 105/333 MS: 2 ChangeByte-EraseBytes-
#24549	REDUCE cov: 126 ft: 549 corp: 82/13196b lim: 341 exec/s: 8183 rss: 37Mb L: 175/333 MS: 1 EraseBytes-
#24670	REDUCE cov: 126 ft: 549 corp: 82/13188b lim: 341 exec/s: 8223 rss: 37Mb L: 225/333 MS: 1 EraseBytes-
#24937	REDUCE cov: 126 ft: 549 corp: 82/13185b lim: 341 exec/s: 8312 rss: 37Mb L: 108/333 MS: 2 CMP-EraseBytes- DE: "\007\000\000\000"-
#24968	REDUCE cov: 126 ft: 549 corp: 82/13172b lim: 341 exec/s: 8322 rss: 37Mb L: 95/333 MS: 1 EraseBytes-
#25177	REDUCE cov: 126 ft: 549 corp: 82/13171b lim: 341 exec/s: 8392 rss: 37Mb L: 49/333 MS: 4 ChangeByte-EraseBytes-PersAutoDict-InsertByte- DE: "tapt"-
#25227	NEW    cov: 126 ft: 552 corp: 83/13220b lim: 341 exec/s: 8409 rss: 37Mb L: 49/333 MS: 5 InsertByte-CrossOver-PersAutoDict-ChangeASCIIInt-CrossOver- DE: "\377\377^\030\022\302\206*"-
#26124	REDUCE cov: 126 ft: 552 corp: 83/13218b lim: 349 exec/s: 8708 rss: 37Mb L: 25/333 MS: 2 InsertByte-EraseBytes-
#26155	REDUCE cov: 126 ft: 552 corp: 83/13197b lim: 349 exec/s: 8718 rss: 37Mb L: 253/333 MS: 1 EraseBytes-
#26191	REDUCE cov: 126 ft: 552 corp: 83/13195b lim: 349 exec/s: 8730 rss: 37Mb L: 30/333 MS: 1 EraseBytes-
#26967	REDUCE cov: 126 ft: 552 corp: 83/13189b lim: 349 exec/s: 6741 rss: 37Mb L: 190/333 MS: 1 EraseBytes-
#26978	REDUCE cov: 126 ft: 552 corp: 83/13164b lim: 349 exec/s: 6744 rss: 37Mb L: 303/333 MS: 1 EraseBytes-
#27751	REDUCE cov: 126 ft: 552 corp: 83/13162b lim: 349 exec/s: 6937 rss: 37Mb L: 89/333 MS: 3 CrossOver-ChangeByte-InsertByte-
#28421	REDUCE cov: 126 ft: 552 corp: 83/13155b lim: 349 exec/s: 7105 rss: 37Mb L: 221/333 MS: 5 CrossOver-ChangeBinInt-ChangeBit-ShuffleBytes-EraseBytes-
#28482	REDUCE cov: 126 ft: 552 corp: 83/13150b lim: 349 exec/s: 7120 rss: 37Mb L: 266/333 MS: 1 EraseBytes-
#28529	REDUCE cov: 126 ft: 552 corp: 83/13147b lim: 349 exec/s: 7132 rss: 37Mb L: 19/333 MS: 2 ChangeByte-EraseBytes-
#29307	REDUCE cov: 126 ft: 552 corp: 83/13143b lim: 349 exec/s: 7326 rss: 37Mb L: 26/333 MS: 3 InsertByte-InsertByte-EraseBytes-
#29425	REDUCE cov: 126 ft: 552 corp: 83/13068b lim: 349 exec/s: 7356 rss: 37Mb L: 258/333 MS: 3 InsertRepeatedBytes-EraseBytes-CrossOver-
#29601	REDUCE cov: 126 ft: 553 corp: 84/13213b lim: 349 exec/s: 7400 rss: 37Mb L: 145/333 MS: 1 EraseBytes-
#29604	REDUCE cov: 126 ft: 553 corp: 84/13197b lim: 349 exec/s: 7401 rss: 37Mb L: 79/333 MS: 3 CrossOver-PersAutoDict-EraseBytes- DE: "\007\000\000\000"-
#29855	REDUCE cov: 126 ft: 553 corp: 84/13192b lim: 349 exec/s: 7463 rss: 37Mb L: 253/333 MS: 1 EraseBytes-
#29872	REDUCE cov: 126 ft: 553 corp: 84/13175b lim: 349 exec/s: 7468 rss: 37Mb L: 128/333 MS: 2 ShuffleBytes-EraseBytes-
#29915	REDUCE cov: 126 ft: 553 corp: 84/13161b lim: 349 exec/s: 7478 rss: 37Mb L: 213/333 MS: 3 CopyPart-EraseBytes-CMP- DE: "mdat"-
#30140	REDUCE cov: 126 ft: 554 corp: 85/13289b lim: 349 exec/s: 7535 rss: 37Mb L: 128/333 MS: 5 PersAutoDict-ShuffleBytes-ChangeByte-ShuffleBytes-ChangeBit- DE: "mdat"-
#30274	REDUCE cov: 126 ft: 554 corp: 85/13288b lim: 349 exec/s: 7568 rss: 37Mb L: 189/333 MS: 4 ChangeByte-ChangeByte-InsertRepeatedBytes-EraseBytes-
#31244	REDUCE cov: 126 ft: 554 corp: 85/13286b lim: 357 exec/s: 7811 rss: 37Mb L: 26/333 MS: 5 ChangeBit-CrossOver-CMP-ShuffleBytes-EraseBytes- DE: "St9exception"-
#31899	REDUCE cov: 126 ft: 554 corp: 85/13276b lim: 357 exec/s: 7974 rss: 37Mb L: 152/333 MS: 5 ChangeBit-CopyPart-ChangeBinInt-InsertRepeatedBytes-EraseBytes-
#31940	REDUCE cov: 126 ft: 554 corp: 85/13243b lim: 357 exec/s: 7985 rss: 37Mb L: 95/333 MS: 1 EraseBytes-
#32243	NEW    cov: 126 ft: 558 corp: 86/13432b lim: 357 exec/s: 8060 rss: 37Mb L: 189/333 MS: 3 InsertByte-InsertByte-EraseBytes-
#32573	REDUCE cov: 126 ft: 558 corp: 86/13431b lim: 357 exec/s: 8143 rss: 37Mb L: 94/333 MS: 5 ChangeByte-CrossOver-CMP-InsertByte-EraseBytes- DE: "\001\000\000\000\000\000\000\020"-
#32768	pulse  cov: 126 ft: 558 corp: 86/13431b lim: 357 exec/s: 8192 rss: 37Mb
#32924	REDUCE cov: 126 ft: 558 corp: 86/13415b lim: 357 exec/s: 8231 rss: 37Mb L: 131/333 MS: 1 EraseBytes-
#33207	REDUCE cov: 126 ft: 558 corp: 86/13397b lim: 357 exec/s: 8301 rss: 37Mb L: 240/333 MS: 3 EraseBytes-ChangeByte-PersAutoDict- DE: "avcC"-
#33548	NEW    cov: 126 ft: 563 corp: 87/13745b lim: 357 exec/s: 6709 rss: 37Mb L: 348/348 MS: 1 InsertRepeatedBytes-
#33729	NEW    cov: 126 ft: 567 corp: 88/14061b lim: 357 exec/s: 6745 rss: 37Mb L: 316/348 MS: 1 InsertRepeatedBytes-
#33760	NEW    cov: 126 ft: 568 corp: 89/14101b lim: 357 exec/s: 6752 rss: 37Mb L: 40/348 MS: 1 CMP- DE: "hvc1"-
#33973	REDUCE cov: 126 ft: 568 corp: 89/14090b lim: 357 exec/s: 6794 rss: 37Mb L: 337/337 MS: 3 CMP-InsertRepeatedBytes-EraseBytes- DE: "ftyp"-
#34231	REDUCE cov: 126 ft: 568 corp: 89/14089b lim: 357 exec/s: 6846 rss: 37Mb L: 188/337 MS: 3 ChangeBit-ChangeBit-EraseBytes-
#34297	REDUCE cov: 126 ft: 568 corp: 89/14085b lim: 357 exec/s: 6859 rss: 37Mb L: 148/337 MS: 1 CrossOver-
#34659	REDUCE cov: 126 ft: 568 corp: 89/14075b lim: 357 exec/s: 6931 rss: 37Mb L: 69/337 MS: 2 ChangeBit-EraseBytes-
#34751	REDUCE cov: 126 ft: 568 corp: 89/14074b lim: 357 exec/s: 6950 rss: 37Mb L: 268/337 MS: 2 CopyPart-EraseBytes-
#35243	REDUCE cov: 126 ft: 568 corp: 89/14050b lim: 357 exec/s: 7048 rss: 37Mb L: 48/337 MS: 2 EraseBytes-InsertRepeatedBytes-
#35731	REDUCE cov: 126 ft: 568 corp: 89/13978b lim: 357 exec/s: 7146 rss: 37Mb L: 210/337 MS: 3 ChangeByte-ChangeByte-EraseBytes-
#35832	REDUCE cov: 126 ft: 568 corp: 89/13941b lim: 357 exec/s: 7166 rss: 37Mb L: 57/337 MS: 1 EraseBytes-
==17== ERROR: libFuzzer: out-of-memory (used: 962Mb; limit: 512Mb)
   To change the out-of-memory limit use -rss_limit_mb=<N>

MS: 3 ChangeBinInt-ChangeByte-PersAutoDict- DE: "iinf"-; base unit: 1b63057dd0c8c7684d9575f4b0ac2c8478ce279c
0x0,0x0,0x0,0x18,0x66,0x74,0x79,0x70,0x2a,0x73,0x44,0x44,0x41,0x44,0x44,0x44,0x44,0x6f,0x0,0x0,0x0,0x0,0x0,0x0,0xe,0x10,0x0,0x0,0x69,0x69,0x6e,0x66,0x0,0x0,0x0,0x0,0x0,0x0,0x0,0x0,0x0,0x0,0x0,0x1,0x48,0x61,0x6e,0x64,0x6c,0x65,0x72,0x0,
\000\000\000\030ftyp*sDDADDDDo\000\000\000\000\000\000\016\020\000\000iinf\000\000\000\000\000\000\000\000\000\000\000\001Handler\000
artifact_prefix='/results/crashes/20260313_140901_2f22ad0e_'; Test unit written to /results/crashes/20260313_140901_2f22ad0e_oom-d2a20038bc3847b09521f7dcdfeacebb1e57c880
Base64: AAAAGGZ0eXAqc0REQURERERvAAAAAAAADhAAAGlpbmYAAAAAAAAAAAAAAAFIYW5kbGVyAA==
SUMMARY: libFuzzer: out-of-memory
stat::number_of_executed_units: 35970
stat::average_exec_per_sec:     5995
stat::new_units_added:          262
stat::slowest_unit_time_sec:    0
stat::peak_rss_mb:              963
