INFO: Running with entropic power schedule (0xFF, 100).
INFO: Seed: 1080021984
INFO: Loaded 1 modules   (252 inline 8-bit counters): 252 [0x643f16f9d678, 0x643f16f9d774), 
INFO: Loaded 1 PC tables (252 PCs): 252 [0x643f16f9d778,0x643f16f9e738), 
INFO:        4 files found in /tmp/corpus_20260313_183741_5e699d8f
INFO: seed corpus: files: 4 min: 48b max: 333b total: 853b rss: 28Mb
#5	INITED cov: 118 ft: 253 corp: 4/853b exec/s: 0 rss: 29Mb
#6	NEW    cov: 119 ft: 254 corp: 5/1073b lim: 333 exec/s: 0 rss: 29Mb L: 220/333 MS: 1 CMP- DE: "U ts"-
#7	NEW    cov: 119 ft: 262 corp: 6/1403b lim: 333 exec/s: 0 rss: 29Mb L: 330/333 MS: 1 CopyPart-
#8	NEW    cov: 119 ft: 267 corp: 7/1649b lim: 333 exec/s: 0 rss: 29Mb L: 246/333 MS: 1 InsertRepeatedBytes-
#9	NEW    cov: 119 ft: 307 corp: 8/1697b lim: 333 exec/s: 0 rss: 29Mb L: 48/333 MS: 1 PersAutoDict- DE: "U ts"-
#10	NEW    cov: 119 ft: 317 corp: 9/1869b lim: 333 exec/s: 0 rss: 29Mb L: 172/333 MS: 1 CrossOver-
#15	NEW    cov: 121 ft: 319 corp: 10/2117b lim: 333 exec/s: 0 rss: 29Mb L: 248/333 MS: 5 ShuffleBytes-InsertByte-ChangeBit-ShuffleBytes-InsertByte-
#17	NEW    cov: 121 ft: 320 corp: 11/2370b lim: 333 exec/s: 0 rss: 29Mb L: 253/333 MS: 2 InsertByte-ChangeByte-
#20	NEW    cov: 121 ft: 325 corp: 12/2623b lim: 333 exec/s: 0 rss: 29Mb L: 253/333 MS: 3 ShuffleBytes-ChangeByte-InsertByte-
#21	NEW    cov: 121 ft: 326 corp: 13/2803b lim: 333 exec/s: 0 rss: 29Mb L: 180/333 MS: 1 CMP- DE: "\000\000d?I\274\204\000"-
#31	NEW    cov: 121 ft: 327 corp: 14/3106b lim: 333 exec/s: 0 rss: 29Mb L: 303/333 MS: 5 CrossOver-ChangeByte-PersAutoDict-ShuffleBytes-CrossOver- DE: "\000\000d?I\274\204\000"-
#32	NEW    cov: 121 ft: 333 corp: 15/3262b lim: 333 exec/s: 0 rss: 29Mb L: 156/333 MS: 1 EraseBytes-
#38	NEW    cov: 121 ft: 343 corp: 16/3395b lim: 333 exec/s: 0 rss: 29Mb L: 133/333 MS: 1 EraseBytes-
#41	NEW    cov: 121 ft: 344 corp: 17/3682b lim: 333 exec/s: 0 rss: 29Mb L: 287/333 MS: 3 ChangeBinInt-ChangeByte-EraseBytes-
#43	NEW    cov: 121 ft: 345 corp: 18/3841b lim: 333 exec/s: 0 rss: 29Mb L: 159/333 MS: 2 CopyPart-InsertRepeatedBytes-
#45	NEW    cov: 121 ft: 346 corp: 19/4051b lim: 333 exec/s: 0 rss: 29Mb L: 210/333 MS: 2 InsertByte-EraseBytes-
#54	NEW    cov: 121 ft: 347 corp: 20/4305b lim: 333 exec/s: 0 rss: 29Mb L: 254/333 MS: 4 InsertByte-CopyPart-ShuffleBytes-InsertByte-
#66	NEW    cov: 122 ft: 348 corp: 21/4614b lim: 333 exec/s: 0 rss: 29Mb L: 309/333 MS: 2 CMP-InsertRepeatedBytes- DE: "mk\275I?d\000\000"-
#67	NEW    cov: 122 ft: 349 corp: 22/4947b lim: 333 exec/s: 0 rss: 29Mb L: 333/333 MS: 1 CopyPart-
#70	NEW    cov: 122 ft: 350 corp: 23/5161b lim: 333 exec/s: 0 rss: 29Mb L: 214/333 MS: 3 CrossOver-InsertRepeatedBytes-EraseBytes-
#73	NEW    cov: 122 ft: 360 corp: 24/5265b lim: 333 exec/s: 0 rss: 29Mb L: 104/333 MS: 3 PersAutoDict-EraseBytes-EraseBytes- DE: "mk\275I?d\000\000"-
#77	NEW    cov: 122 ft: 366 corp: 25/5499b lim: 333 exec/s: 0 rss: 29Mb L: 234/333 MS: 4 ChangeByte-InsertRepeatedBytes-CMP-CMP- DE: "ispe"-"Z\353\274I?d\000\000"-
#80	NEW    cov: 122 ft: 380 corp: 26/5548b lim: 333 exec/s: 0 rss: 29Mb L: 49/333 MS: 3 PersAutoDict-CrossOver-InsertByte- DE: "U ts"-
#94	NEW    cov: 122 ft: 381 corp: 27/5788b lim: 333 exec/s: 0 rss: 29Mb L: 240/333 MS: 4 CopyPart-InsertByte-PersAutoDict-InsertRepeatedBytes- DE: "Z\353\274I?d\000\000"-
#101	NEW    cov: 122 ft: 382 corp: 28/5876b lim: 333 exec/s: 0 rss: 29Mb L: 88/333 MS: 2 ShuffleBytes-EraseBytes-
#109	NEW    cov: 122 ft: 398 corp: 29/5906b lim: 333 exec/s: 0 rss: 29Mb L: 30/333 MS: 3 CMP-CopyPart-EraseBytes- DE: "mdia"-
#110	NEW    cov: 122 ft: 399 corp: 30/6014b lim: 333 exec/s: 0 rss: 29Mb L: 108/333 MS: 1 InsertRepeatedBytes-
#113	REDUCE cov: 122 ft: 399 corp: 30/5958b lim: 333 exec/s: 0 rss: 29Mb L: 274/333 MS: 3 InsertByte-CopyPart-EraseBytes-
#121	NEW    cov: 122 ft: 405 corp: 31/6291b lim: 333 exec/s: 0 rss: 29Mb L: 333/333 MS: 3 CopyPart-ChangeByte-ChangeBit-
#128	NEW    cov: 122 ft: 408 corp: 32/6324b lim: 333 exec/s: 0 rss: 29Mb L: 33/333 MS: 2 ShuffleBytes-CrossOver-
#139	NEW    cov: 122 ft: 409 corp: 33/6548b lim: 333 exec/s: 0 rss: 29Mb L: 224/333 MS: 1 PersAutoDict- DE: "U ts"-
#141	NEW    cov: 122 ft: 410 corp: 34/6591b lim: 333 exec/s: 0 rss: 29Mb L: 43/333 MS: 2 ChangeBinInt-CopyPart-
#163	NEW    cov: 122 ft: 411 corp: 35/6793b lim: 333 exec/s: 0 rss: 29Mb L: 202/333 MS: 2 ChangeBinInt-InsertRepeatedBytes-
#183	NEW    cov: 122 ft: 412 corp: 36/6957b lim: 333 exec/s: 0 rss: 29Mb L: 164/333 MS: 5 CMP-PersAutoDict-ChangeBit-PersAutoDict-ChangeBit- DE: "R\242\326\026?d\000\000"-"ispe"-"mdia"-
#193	NEW    cov: 122 ft: 413 corp: 37/7051b lim: 333 exec/s: 0 rss: 29Mb L: 94/333 MS: 5 ChangeASCIIInt-ShuffleBytes-ShuffleBytes-ChangeBinInt-EraseBytes-
#204	NEW    cov: 122 ft: 417 corp: 38/7368b lim: 333 exec/s: 0 rss: 29Mb L: 317/333 MS: 1 InsertRepeatedBytes-
#218	NEW    cov: 122 ft: 421 corp: 39/7685b lim: 333 exec/s: 0 rss: 29Mb L: 317/333 MS: 4 CMP-PersAutoDict-EraseBytes-CrossOver- DE: "avc1"-"mk\275I?d\000\000"-
#224	NEW    cov: 122 ft: 422 corp: 40/7734b lim: 333 exec/s: 0 rss: 29Mb L: 49/333 MS: 1 InsertByte-
#229	NEW    cov: 122 ft: 424 corp: 41/7955b lim: 333 exec/s: 0 rss: 29Mb L: 221/333 MS: 5 ChangeBinInt-ChangeBinInt-ChangeBit-ShuffleBytes-InsertByte-
#290	REDUCE cov: 122 ft: 424 corp: 41/7912b lim: 333 exec/s: 0 rss: 29Mb L: 211/333 MS: 1 EraseBytes-
#299	REDUCE cov: 122 ft: 424 corp: 41/7905b lim: 333 exec/s: 0 rss: 29Mb L: 296/333 MS: 4 CrossOver-PersAutoDict-ShuffleBytes-CopyPart- DE: "\000\000d?I\274\204\000"-
#304	NEW    cov: 122 ft: 427 corp: 42/8236b lim: 333 exec/s: 0 rss: 29Mb L: 331/333 MS: 5 ChangeBinInt-InsertByte-InsertRepeatedBytes-InsertRepeatedBytes-CopyPart-
#327	REDUCE cov: 122 ft: 427 corp: 42/8207b lim: 333 exec/s: 0 rss: 29Mb L: 304/333 MS: 3 PersAutoDict-CopyPart-EraseBytes- DE: "mdia"-
#348	REDUCE cov: 122 ft: 427 corp: 42/8195b lim: 333 exec/s: 0 rss: 29Mb L: 37/333 MS: 1 CrossOver-
#361	NEW    cov: 122 ft: 428 corp: 43/8350b lim: 333 exec/s: 0 rss: 29Mb L: 155/333 MS: 3 PersAutoDict-InsertRepeatedBytes-CopyPart- DE: "mk\275I?d\000\000"-
#376	NEW    cov: 122 ft: 434 corp: 44/8682b lim: 333 exec/s: 0 rss: 29Mb L: 332/333 MS: 5 InsertByte-InsertByte-CrossOver-ChangeBit-CrossOver-
#395	NEW    cov: 122 ft: 438 corp: 45/8802b lim: 333 exec/s: 0 rss: 29Mb L: 120/333 MS: 4 CrossOver-InsertByte-ShuffleBytes-EraseBytes-
#438	REDUCE cov: 122 ft: 439 corp: 46/8834b lim: 333 exec/s: 0 rss: 29Mb L: 32/333 MS: 3 ChangeBinInt-ChangeByte-EraseBytes-
#505	NEW    cov: 123 ft: 440 corp: 47/9026b lim: 333 exec/s: 0 rss: 29Mb L: 192/333 MS: 2 PersAutoDict-EraseBytes- DE: "\000\000d?I\274\204\000"-
#524	REDUCE cov: 123 ft: 440 corp: 47/9016b lim: 333 exec/s: 0 rss: 29Mb L: 162/333 MS: 4 ChangeBit-ChangeBinInt-CrossOver-EraseBytes-
#570	NEW    cov: 123 ft: 442 corp: 48/9043b lim: 333 exec/s: 0 rss: 29Mb L: 27/333 MS: 1 EraseBytes-
#607	NEW    cov: 123 ft: 451 corp: 49/9062b lim: 333 exec/s: 0 rss: 29Mb L: 19/333 MS: 2 CopyPart-EraseBytes-
#623	NEW    cov: 123 ft: 452 corp: 50/9182b lim: 333 exec/s: 0 rss: 29Mb L: 120/333 MS: 1 PersAutoDict- DE: "mdia"-
#666	NEW    cov: 123 ft: 455 corp: 51/9203b lim: 333 exec/s: 0 rss: 29Mb L: 21/333 MS: 3 CopyPart-CMP-EraseBytes- DE: "\000\000y\030\020\000\272\243"-
#682	NEW    cov: 123 ft: 456 corp: 52/9503b lim: 333 exec/s: 0 rss: 29Mb L: 300/333 MS: 1 CopyPart-
#718	NEW    cov: 123 ft: 465 corp: 53/9518b lim: 333 exec/s: 0 rss: 29Mb L: 15/333 MS: 1 EraseBytes-
#809	NEW    cov: 123 ft: 466 corp: 54/9541b lim: 333 exec/s: 0 rss: 29Mb L: 23/333 MS: 1 EraseBytes-
#815	REDUCE cov: 123 ft: 468 corp: 55/9853b lim: 333 exec/s: 0 rss: 29Mb L: 312/333 MS: 1 CrossOver-
#878	REDUCE cov: 123 ft: 468 corp: 55/9835b lim: 333 exec/s: 0 rss: 29Mb L: 19/333 MS: 3 ShuffleBytes-InsertByte-EraseBytes-
#956	REDUCE cov: 123 ft: 468 corp: 55/9833b lim: 333 exec/s: 0 rss: 29Mb L: 154/333 MS: 3 CrossOver-ChangeBit-CopyPart-
#983	REDUCE cov: 123 ft: 468 corp: 55/9804b lim: 333 exec/s: 0 rss: 29Mb L: 59/333 MS: 2 ChangeBinInt-EraseBytes-
#1020	REDUCE cov: 123 ft: 468 corp: 55/9791b lim: 333 exec/s: 0 rss: 29Mb L: 304/333 MS: 2 CrossOver-EraseBytes-
#1121	REDUCE cov: 123 ft: 468 corp: 55/9747b lim: 333 exec/s: 0 rss: 29Mb L: 289/333 MS: 1 EraseBytes-
#1210	REDUCE cov: 123 ft: 468 corp: 55/9734b lim: 333 exec/s: 0 rss: 29Mb L: 189/333 MS: 4 InsertByte-ChangeBit-PersAutoDict-CrossOver- DE: "R\242\326\026?d\000\000"-
#1214	NEW    cov: 124 ft: 469 corp: 56/9735b lim: 333 exec/s: 0 rss: 29Mb L: 1/333 MS: 4 CopyPart-EraseBytes-CMP-CrossOver- DE: "\314\000\000\000\000\000\000\000"-
#1235	NEW    cov: 124 ft: 470 corp: 57/10041b lim: 333 exec/s: 0 rss: 29Mb L: 306/333 MS: 1 InsertRepeatedBytes-
#1300	NEW    cov: 124 ft: 471 corp: 58/10055b lim: 333 exec/s: 0 rss: 29Mb L: 14/333 MS: 5 InsertRepeatedBytes-CrossOver-CopyPart-InsertByte-CrossOver-
#1351	REDUCE cov: 124 ft: 471 corp: 58/10037b lim: 333 exec/s: 0 rss: 29Mb L: 313/333 MS: 1 EraseBytes-
#1355	NEW    cov: 124 ft: 472 corp: 59/10294b lim: 333 exec/s: 0 rss: 29Mb L: 257/333 MS: 4 PersAutoDict-ChangeByte-ChangeBinInt-CopyPart- DE: "U ts"-
#1427	REDUCE cov: 124 ft: 472 corp: 59/10292b lim: 333 exec/s: 0 rss: 29Mb L: 41/333 MS: 2 PersAutoDict-EraseBytes- DE: "mk\275I?d\000\000"-
#1435	REDUCE cov: 124 ft: 472 corp: 59/10219b lim: 333 exec/s: 0 rss: 29Mb L: 137/333 MS: 3 ChangeBit-ChangeBit-CrossOver-
#1446	REDUCE cov: 124 ft: 472 corp: 59/10218b lim: 333 exec/s: 0 rss: 29Mb L: 26/333 MS: 1 EraseBytes-
#1569	REDUCE cov: 124 ft: 472 corp: 59/10215b lim: 333 exec/s: 0 rss: 29Mb L: 16/333 MS: 3 EraseBytes-ShuffleBytes-InsertByte-
#1604	REDUCE cov: 124 ft: 472 corp: 59/10175b lim: 333 exec/s: 0 rss: 29Mb L: 149/333 MS: 5 CrossOver-ShuffleBytes-EraseBytes-ChangeBinInt-CopyPart-
#1608	REDUCE cov: 124 ft: 472 corp: 59/10148b lim: 333 exec/s: 0 rss: 29Mb L: 213/333 MS: 4 InsertRepeatedBytes-CrossOver-ShuffleBytes-EraseBytes-
#1747	REDUCE cov: 124 ft: 474 corp: 60/10156b lim: 333 exec/s: 0 rss: 29Mb L: 8/333 MS: 4 ChangeByte-EraseBytes-ChangeBinInt-EraseBytes-
#1771	REDUCE cov: 124 ft: 474 corp: 60/10135b lim: 333 exec/s: 0 rss: 29Mb L: 190/333 MS: 4 InsertByte-CrossOver-ShuffleBytes-EraseBytes-
#1778	REDUCE cov: 124 ft: 474 corp: 60/10130b lim: 333 exec/s: 0 rss: 29Mb L: 10/333 MS: 2 CMP-EraseBytes- DE: "frma"-
#1788	REDUCE cov: 124 ft: 474 corp: 60/10106b lim: 333 exec/s: 0 rss: 29Mb L: 222/333 MS: 5 CopyPart-ChangeBit-ShuffleBytes-ChangeBinInt-EraseBytes-
#1794	REDUCE cov: 124 ft: 474 corp: 60/10068b lim: 333 exec/s: 0 rss: 29Mb L: 116/333 MS: 1 EraseBytes-
#1921	REDUCE cov: 124 ft: 474 corp: 60/10023b lim: 333 exec/s: 0 rss: 29Mb L: 177/333 MS: 2 ChangeBinInt-EraseBytes-
#1965	REDUCE cov: 124 ft: 474 corp: 60/9999b lim: 333 exec/s: 0 rss: 29Mb L: 280/333 MS: 4 CrossOver-InsertRepeatedBytes-EraseBytes-InsertByte-
#1997	REDUCE cov: 124 ft: 474 corp: 60/9997b lim: 333 exec/s: 0 rss: 29Mb L: 30/333 MS: 2 CMP-EraseBytes- DE: "stsd"-
#2058	REDUCE cov: 124 ft: 474 corp: 60/9960b lim: 333 exec/s: 0 rss: 29Mb L: 100/333 MS: 1 EraseBytes-
#2346	REDUCE cov: 124 ft: 474 corp: 60/9928b lim: 333 exec/s: 0 rss: 29Mb L: 88/333 MS: 3 CrossOver-EraseBytes-EraseBytes-
#2356	REDUCE cov: 124 ft: 474 corp: 60/9893b lim: 333 exec/s: 0 rss: 29Mb L: 245/333 MS: 5 InsertRepeatedBytes-PersAutoDict-EraseBytes-CopyPart-CopyPart- DE: "U ts"-
#2483	REDUCE cov: 124 ft: 474 corp: 60/9813b lim: 333 exec/s: 0 rss: 29Mb L: 165/333 MS: 2 PersAutoDict-EraseBytes- DE: "mdia"-
#2554	REDUCE cov: 124 ft: 474 corp: 60/9789b lim: 333 exec/s: 0 rss: 29Mb L: 276/333 MS: 1 EraseBytes-
#2590	NEW    cov: 124 ft: 475 corp: 61/10010b lim: 333 exec/s: 0 rss: 29Mb L: 221/333 MS: 1 PersAutoDict- DE: "ispe"-
#2687	REDUCE cov: 124 ft: 475 corp: 61/9986b lim: 333 exec/s: 0 rss: 29Mb L: 233/333 MS: 2 CMP-EraseBytes- DE: "avcC"-
#2849	REDUCE cov: 124 ft: 476 corp: 62/10174b lim: 333 exec/s: 0 rss: 29Mb L: 188/333 MS: 2 ChangeBit-EraseBytes-
#2890	NEW    cov: 124 ft: 485 corp: 63/10477b lim: 333 exec/s: 0 rss: 29Mb L: 303/333 MS: 1 CopyPart-
#2910	NEW    cov: 124 ft: 490 corp: 64/10810b lim: 333 exec/s: 0 rss: 29Mb L: 333/333 MS: 5 CopyPart-ChangeBinInt-InsertByte-ChangeBit-PersAutoDict- DE: "frma"-
#3098	REDUCE cov: 124 ft: 490 corp: 64/10793b lim: 333 exec/s: 0 rss: 29Mb L: 217/333 MS: 3 ChangeBit-InsertByte-EraseBytes-
#3129	NEW    cov: 124 ft: 491 corp: 65/11013b lim: 333 exec/s: 0 rss: 29Mb L: 220/333 MS: 1 ChangeBit-
#3165	REDUCE cov: 124 ft: 491 corp: 65/11009b lim: 333 exec/s: 0 rss: 29Mb L: 272/333 MS: 1 EraseBytes-
#3191	REDUCE cov: 124 ft: 491 corp: 65/10983b lim: 333 exec/s: 0 rss: 29Mb L: 306/333 MS: 1 EraseBytes-
#3228	REDUCE cov: 124 ft: 491 corp: 65/10973b lim: 333 exec/s: 0 rss: 29Mb L: 11/333 MS: 2 InsertByte-EraseBytes-
#3239	REDUCE cov: 124 ft: 491 corp: 65/10901b lim: 333 exec/s: 0 rss: 29Mb L: 261/333 MS: 1 EraseBytes-
#3252	REDUCE cov: 124 ft: 491 corp: 65/10895b lim: 333 exec/s: 0 rss: 29Mb L: 143/333 MS: 3 EraseBytes-InsertByte-ChangeBit-
#3337	REDUCE cov: 124 ft: 492 corp: 66/11160b lim: 333 exec/s: 0 rss: 29Mb L: 265/333 MS: 5 ShuffleBytes-CopyPart-EraseBytes-InsertByte-InsertByte-
#3339	REDUCE cov: 124 ft: 492 corp: 66/11131b lim: 333 exec/s: 0 rss: 29Mb L: 87/333 MS: 2 InsertRepeatedBytes-EraseBytes-
#3510	NEW    cov: 124 ft: 493 corp: 67/11396b lim: 333 exec/s: 0 rss: 29Mb L: 265/333 MS: 1 ChangeBit-
#3535	REDUCE cov: 124 ft: 493 corp: 67/11346b lim: 333 exec/s: 0 rss: 29Mb L: 183/333 MS: 5 InsertRepeatedBytes-ShuffleBytes-PersAutoDict-ChangeByte-EraseBytes- DE: "\000\000y\030\020\000\272\243"-
#3576	REDUCE cov: 124 ft: 493 corp: 67/11312b lim: 333 exec/s: 0 rss: 29Mb L: 238/333 MS: 1 EraseBytes-
#3613	REDUCE cov: 124 ft: 494 corp: 68/11322b lim: 333 exec/s: 0 rss: 29Mb L: 10/333 MS: 2 ShuffleBytes-CMP- DE: "moov"-
#3699	REDUCE cov: 124 ft: 494 corp: 68/11311b lim: 333 exec/s: 0 rss: 29Mb L: 278/333 MS: 1 EraseBytes-
#3703	REDUCE cov: 124 ft: 494 corp: 68/11303b lim: 333 exec/s: 0 rss: 29Mb L: 212/333 MS: 4 ShuffleBytes-CrossOver-CrossOver-EraseBytes-
#3751	REDUCE cov: 124 ft: 494 corp: 68/11238b lim: 333 exec/s: 0 rss: 29Mb L: 173/333 MS: 3 CMP-ShuffleBytes-EraseBytes- DE: "mdia"-
#3802	REDUCE cov: 124 ft: 494 corp: 68/11237b lim: 333 exec/s: 0 rss: 29Mb L: 13/333 MS: 1 EraseBytes-
#3843	REDUCE cov: 124 ft: 494 corp: 68/11234b lim: 333 exec/s: 0 rss: 29Mb L: 84/333 MS: 1 EraseBytes-
#3883	REDUCE cov: 124 ft: 494 corp: 68/11224b lim: 333 exec/s: 0 rss: 29Mb L: 173/333 MS: 5 ChangeBinInt-ShuffleBytes-CopyPart-ChangeByte-CrossOver-
#3946	REDUCE cov: 124 ft: 494 corp: 68/11220b lim: 333 exec/s: 0 rss: 29Mb L: 161/333 MS: 3 ChangeBinInt-ShuffleBytes-EraseBytes-
#3960	NEW    cov: 124 ft: 495 corp: 69/11527b lim: 333 exec/s: 0 rss: 29Mb L: 307/333 MS: 4 InsertByte-PersAutoDict-InsertByte-CMP- DE: "\000\000y\030\020\000\272\243"-"\000\012"-
#3969	REDUCE cov: 124 ft: 495 corp: 69/11483b lim: 333 exec/s: 0 rss: 29Mb L: 76/333 MS: 4 ChangeBit-ChangeByte-InsertByte-EraseBytes-
#3993	REDUCE cov: 124 ft: 495 corp: 69/11354b lim: 333 exec/s: 0 rss: 29Mb L: 132/333 MS: 4 CMP-ChangeBinInt-InsertByte-EraseBytes- DE: "wmx\000"-
#4103	REDUCE cov: 124 ft: 495 corp: 69/11328b lim: 333 exec/s: 0 rss: 29Mb L: 68/333 MS: 5 EraseBytes-PersAutoDict-CMP-ChangeByte-CopyPart- DE: "\000\000y\030\020\000\272\243"-"hvc1"-
#4166	REDUCE cov: 124 ft: 495 corp: 69/11325b lim: 333 exec/s: 0 rss: 29Mb L: 27/333 MS: 3 EraseBytes-ChangeBinInt-InsertRepeatedBytes-
#4212	REDUCE cov: 124 ft: 495 corp: 69/11323b lim: 333 exec/s: 0 rss: 29Mb L: 9/333 MS: 1 EraseBytes-
#4454	NEW    cov: 124 ft: 496 corp: 70/11631b lim: 333 exec/s: 0 rss: 29Mb L: 308/333 MS: 2 ShuffleBytes-InsertByte-
#4513	REDUCE cov: 124 ft: 496 corp: 70/11630b lim: 333 exec/s: 0 rss: 29Mb L: 305/333 MS: 4 EraseBytes-CopyPart-CrossOver-PersAutoDict- DE: "mk\275I?d\000\000"-
#4900	REDUCE cov: 124 ft: 496 corp: 70/11627b lim: 333 exec/s: 0 rss: 29Mb L: 301/333 MS: 2 PersAutoDict-EraseBytes- DE: "wmx\000"-
#5043	REDUCE cov: 124 ft: 496 corp: 70/11539b lim: 333 exec/s: 0 rss: 29Mb L: 55/333 MS: 3 EraseBytes-EraseBytes-InsertRepeatedBytes-
#5338	REDUCE cov: 124 ft: 496 corp: 70/11503b lim: 333 exec/s: 0 rss: 29Mb L: 125/333 MS: 5 ChangeBinInt-ChangeBit-CrossOver-InsertRepeatedBytes-CrossOver-
#5457	REDUCE cov: 124 ft: 496 corp: 70/11462b lim: 333 exec/s: 0 rss: 29Mb L: 171/333 MS: 4 PersAutoDict-ChangeByte-CopyPart-EraseBytes- DE: "frma"-
#5480	REDUCE cov: 124 ft: 496 corp: 70/11461b lim: 333 exec/s: 0 rss: 29Mb L: 9/333 MS: 3 EraseBytes-CrossOver-PersAutoDict- DE: "stsd"-
#5595	REDUCE cov: 124 ft: 496 corp: 70/11441b lim: 333 exec/s: 0 rss: 29Mb L: 197/333 MS: 5 ChangeBinInt-PersAutoDict-ChangeBit-ChangeBinInt-EraseBytes- DE: "\314\000\000\000\000\000\000\000"-
#5662	REDUCE cov: 124 ft: 496 corp: 70/11421b lim: 333 exec/s: 0 rss: 29Mb L: 204/333 MS: 2 InsertRepeatedBytes-EraseBytes-
#5923	REDUCE cov: 124 ft: 496 corp: 70/11405b lim: 333 exec/s: 5923 rss: 29Mb L: 72/333 MS: 1 EraseBytes-
#5968	REDUCE cov: 124 ft: 496 corp: 70/11378b lim: 333 exec/s: 5968 rss: 29Mb L: 274/333 MS: 5 CrossOver-ShuffleBytes-CrossOver-ShuffleBytes-CopyPart-
#6040	REDUCE cov: 124 ft: 496 corp: 70/11354b lim: 333 exec/s: 6040 rss: 29Mb L: 283/333 MS: 2 ChangeBit-EraseBytes-
#6316	REDUCE cov: 124 ft: 496 corp: 70/11320b lim: 333 exec/s: 6316 rss: 29Mb L: 50/333 MS: 1 EraseBytes-
#6457	REDUCE cov: 124 ft: 496 corp: 70/11317b lim: 333 exec/s: 6457 rss: 29Mb L: 73/333 MS: 1 EraseBytes-
#6616	REDUCE cov: 124 ft: 496 corp: 70/11236b lim: 333 exec/s: 6616 rss: 29Mb L: 116/333 MS: 4 ShuffleBytes-ChangeBinInt-EraseBytes-ChangeBinInt-
#6662	REDUCE cov: 124 ft: 496 corp: 70/11219b lim: 333 exec/s: 6662 rss: 29Mb L: 108/333 MS: 1 EraseBytes-
#6682	REDUCE cov: 124 ft: 496 corp: 70/11218b lim: 333 exec/s: 6682 rss: 29Mb L: 67/333 MS: 5 EraseBytes-ChangeByte-ShuffleBytes-ChangeByte-CrossOver-
#6874	REDUCE cov: 124 ft: 496 corp: 70/11213b lim: 333 exec/s: 6874 rss: 29Mb L: 45/333 MS: 2 ShuffleBytes-EraseBytes-
#7222	REDUCE cov: 124 ft: 496 corp: 70/11211b lim: 333 exec/s: 7222 rss: 29Mb L: 153/333 MS: 3 PersAutoDict-ChangeBinInt-EraseBytes- DE: "R\242\326\026?d\000\000"-
#7324	REDUCE cov: 124 ft: 496 corp: 70/11199b lim: 333 exec/s: 7324 rss: 29Mb L: 61/333 MS: 2 ChangeByte-EraseBytes-
#7382	REDUCE cov: 124 ft: 496 corp: 70/11191b lim: 333 exec/s: 7382 rss: 29Mb L: 180/333 MS: 3 ChangeByte-ChangeByte-EraseBytes-
#7500	NEW    cov: 124 ft: 507 corp: 71/11509b lim: 333 exec/s: 7500 rss: 29Mb L: 318/333 MS: 3 InsertByte-ShuffleBytes-CrossOver-
#7581	NEW    cov: 124 ft: 508 corp: 72/11827b lim: 333 exec/s: 7581 rss: 29Mb L: 318/333 MS: 1 ChangeBit-
#7672	REDUCE cov: 124 ft: 508 corp: 72/11825b lim: 333 exec/s: 7672 rss: 29Mb L: 25/333 MS: 1 EraseBytes-
#7848	REDUCE cov: 124 ft: 508 corp: 72/11806b lim: 333 exec/s: 7848 rss: 29Mb L: 171/333 MS: 1 EraseBytes-
#7934	REDUCE cov: 124 ft: 508 corp: 72/11765b lim: 333 exec/s: 7934 rss: 29Mb L: 224/333 MS: 1 EraseBytes-
#7976	REDUCE cov: 124 ft: 508 corp: 72/11733b lim: 333 exec/s: 7976 rss: 29Mb L: 40/333 MS: 2 PersAutoDict-EraseBytes- DE: "\000\000y\030\020\000\272\243"-
#7979	REDUCE cov: 124 ft: 508 corp: 72/11713b lim: 333 exec/s: 7979 rss: 29Mb L: 276/333 MS: 3 ChangeByte-EraseBytes-ShuffleBytes-
#8041	REDUCE cov: 124 ft: 508 corp: 72/11712b lim: 333 exec/s: 8041 rss: 29Mb L: 316/333 MS: 2 InsertByte-EraseBytes-
#8084	NEW    cov: 124 ft: 509 corp: 73/12028b lim: 333 exec/s: 8084 rss: 29Mb L: 316/333 MS: 3 ChangeByte-CrossOver-ChangeByte-
#8377	REDUCE cov: 124 ft: 509 corp: 73/12017b lim: 333 exec/s: 8377 rss: 29Mb L: 121/333 MS: 3 ChangeByte-CMP-EraseBytes- DE: "\377\377\377\377\377\377\377{"-
#8533	REDUCE cov: 124 ft: 510 corp: 74/12197b lim: 333 exec/s: 8533 rss: 29Mb L: 180/333 MS: 1 ChangeBinInt-
#8650	REDUCE cov: 124 ft: 510 corp: 74/12186b lim: 333 exec/s: 8650 rss: 29Mb L: 50/333 MS: 2 ShuffleBytes-EraseBytes-
#8706	REDUCE cov: 124 ft: 510 corp: 74/12182b lim: 333 exec/s: 8706 rss: 29Mb L: 15/333 MS: 1 EraseBytes-
#8783	REDUCE cov: 124 ft: 510 corp: 74/12133b lim: 333 exec/s: 8783 rss: 29Mb L: 67/333 MS: 2 ChangeBit-EraseBytes-
#8785	REDUCE cov: 124 ft: 510 corp: 74/12061b lim: 333 exec/s: 8785 rss: 29Mb L: 211/333 MS: 2 ShuffleBytes-EraseBytes-
#8798	REDUCE cov: 124 ft: 510 corp: 74/12060b lim: 333 exec/s: 8798 rss: 29Mb L: 24/333 MS: 3 EraseBytes-ShuffleBytes-PersAutoDict- DE: "\000\000d?I\274\204\000"-
#8864	REDUCE cov: 124 ft: 510 corp: 74/12056b lim: 333 exec/s: 8864 rss: 29Mb L: 26/333 MS: 1 EraseBytes-
#9336	REDUCE cov: 124 ft: 510 corp: 74/12053b lim: 333 exec/s: 9336 rss: 29Mb L: 313/333 MS: 2 ShuffleBytes-EraseBytes-
#9514	REDUCE cov: 124 ft: 511 corp: 75/12318b lim: 333 exec/s: 9514 rss: 29Mb L: 265/333 MS: 3 InsertRepeatedBytes-ChangeBinInt-InsertRepeatedBytes-
#9774	REDUCE cov: 124 ft: 511 corp: 75/12198b lim: 333 exec/s: 9774 rss: 29Mb L: 128/333 MS: 5 PersAutoDict-ChangeBinInt-CMP-ChangeBinInt-EraseBytes- DE: "moov"-"\007\000\000\000"-
#9840	REDUCE cov: 124 ft: 511 corp: 75/12193b lim: 333 exec/s: 9840 rss: 29Mb L: 269/333 MS: 1 CrossOver-
#9893	REDUCE cov: 124 ft: 511 corp: 75/12180b lim: 333 exec/s: 9893 rss: 29Mb L: 108/333 MS: 3 InsertByte-InsertByte-CrossOver-
#10004	REDUCE cov: 124 ft: 511 corp: 75/12178b lim: 333 exec/s: 10004 rss: 29Mb L: 11/333 MS: 1 EraseBytes-
#10086	REDUCE cov: 124 ft: 511 corp: 75/12158b lim: 333 exec/s: 10086 rss: 29Mb L: 88/333 MS: 2 ShuffleBytes-EraseBytes-
#10180	REDUCE cov: 124 ft: 511 corp: 75/12138b lim: 333 exec/s: 10180 rss: 29Mb L: 88/333 MS: 4 ChangeBit-ChangeBit-InsertRepeatedBytes-EraseBytes-
#10234	NEW    cov: 124 ft: 513 corp: 76/12430b lim: 333 exec/s: 10234 rss: 29Mb L: 292/333 MS: 4 CopyPart-ShuffleBytes-ChangeASCIIInt-EraseBytes-
#10360	REDUCE cov: 124 ft: 513 corp: 76/12408b lim: 333 exec/s: 10360 rss: 29Mb L: 28/333 MS: 1 EraseBytes-
#10371	REDUCE cov: 124 ft: 513 corp: 76/12392b lim: 333 exec/s: 10371 rss: 29Mb L: 155/333 MS: 1 EraseBytes-
#10446	REDUCE cov: 124 ft: 513 corp: 76/12383b lim: 333 exec/s: 10446 rss: 29Mb L: 19/333 MS: 5 InsertByte-ChangeBinInt-InsertByte-PersAutoDict-EraseBytes- DE: "\007\000\000\000"-
#10475	REDUCE cov: 124 ft: 513 corp: 76/12335b lim: 333 exec/s: 10475 rss: 29Mb L: 125/333 MS: 4 ChangeBit-ChangeByte-ChangeByte-EraseBytes-
#10484	REDUCE cov: 124 ft: 513 corp: 76/12333b lim: 333 exec/s: 10484 rss: 29Mb L: 202/333 MS: 4 ChangeByte-ChangeByte-ChangeByte-EraseBytes-
#10520	REDUCE cov: 124 ft: 513 corp: 76/12297b lim: 333 exec/s: 10520 rss: 29Mb L: 242/333 MS: 1 EraseBytes-
#10627	REDUCE cov: 124 ft: 513 corp: 76/12294b lim: 333 exec/s: 10627 rss: 29Mb L: 262/333 MS: 2 ShuffleBytes-EraseBytes-
#10641	REDUCE cov: 124 ft: 513 corp: 76/12293b lim: 333 exec/s: 10641 rss: 29Mb L: 10/333 MS: 4 ChangeBit-ChangeByte-InsertByte-EraseBytes-
#11002	REDUCE cov: 124 ft: 513 corp: 76/12287b lim: 333 exec/s: 11002 rss: 29Mb L: 13/333 MS: 1 EraseBytes-
#11344	REDUCE cov: 124 ft: 513 corp: 76/12187b lim: 333 exec/s: 11344 rss: 29Mb L: 55/333 MS: 2 PersAutoDict-CrossOver- DE: "\007\000\000\000"-
#11491	REDUCE cov: 124 ft: 513 corp: 76/12180b lim: 333 exec/s: 11491 rss: 29Mb L: 146/333 MS: 2 PersAutoDict-EraseBytes- DE: "moov"-
#11552	REDUCE cov: 124 ft: 513 corp: 76/12179b lim: 333 exec/s: 11552 rss: 29Mb L: 22/333 MS: 1 EraseBytes-
#11678	REDUCE cov: 124 ft: 513 corp: 76/12175b lim: 333 exec/s: 11678 rss: 29Mb L: 9/333 MS: 1 EraseBytes-
#11879	REDUCE cov: 124 ft: 513 corp: 76/12148b lim: 333 exec/s: 11879 rss: 29Mb L: 175/333 MS: 1 EraseBytes-
#11943	REDUCE cov: 124 ft: 513 corp: 76/12131b lim: 333 exec/s: 11943 rss: 29Mb L: 197/333 MS: 4 EraseBytes-ShuffleBytes-ChangeByte-CrossOver-
#11977	REDUCE cov: 124 ft: 513 corp: 76/12063b lim: 333 exec/s: 11977 rss: 29Mb L: 107/333 MS: 4 ShuffleBytes-PersAutoDict-CMP-EraseBytes- DE: "\007\000\000\000"-"\000\000\000\001"-
#11990	REDUCE cov: 124 ft: 513 corp: 76/12039b lim: 333 exec/s: 11990 rss: 29Mb L: 31/333 MS: 3 ChangeBinInt-ChangeByte-EraseBytes-
#12115	REDUCE cov: 124 ft: 513 corp: 76/12012b lim: 333 exec/s: 12115 rss: 29Mb L: 80/333 MS: 5 CopyPart-CopyPart-InsertByte-EraseBytes-EraseBytes-
#12151	REDUCE cov: 124 ft: 513 corp: 76/11983b lim: 333 exec/s: 12151 rss: 29Mb L: 233/333 MS: 1 EraseBytes-
#12399	REDUCE cov: 124 ft: 513 corp: 76/11939b lim: 333 exec/s: 6199 rss: 29Mb L: 44/333 MS: 3 ChangeBit-EraseBytes-EraseBytes-
#12485	REDUCE cov: 124 ft: 513 corp: 76/11926b lim: 333 exec/s: 6242 rss: 29Mb L: 290/333 MS: 1 EraseBytes-
#12541	REDUCE cov: 124 ft: 513 corp: 76/11837b lim: 333 exec/s: 6270 rss: 29Mb L: 187/333 MS: 1 CrossOver-
#12559	NEW    cov: 125 ft: 514 corp: 77/11890b lim: 333 exec/s: 6279 rss: 29Mb L: 53/333 MS: 3 CrossOver-ChangeBit-PersAutoDict- DE: "avc1"-
#12560	REDUCE cov: 125 ft: 514 corp: 77/11882b lim: 333 exec/s: 6280 rss: 29Mb L: 92/333 MS: 1 EraseBytes-
#12838	REDUCE cov: 125 ft: 514 corp: 77/11876b lim: 333 exec/s: 6419 rss: 29Mb L: 25/333 MS: 3 PersAutoDict-InsertByte-EraseBytes- DE: "moov"-
#13277	REDUCE cov: 125 ft: 516 corp: 78/11903b lim: 333 exec/s: 6638 rss: 29Mb L: 27/333 MS: 4 InsertByte-ShuffleBytes-ChangeBinInt-CMP- DE: "mdat"-
#13337	NEW    cov: 125 ft: 517 corp: 79/11959b lim: 333 exec/s: 6668 rss: 29Mb L: 56/333 MS: 5 ChangeBinInt-CMP-ShuffleBytes-ChangeASCIIInt-CMP- DE: "\332h\001\020\030y\000\000"-"\001\000"-
#13373	REDUCE cov: 125 ft: 517 corp: 79/11904b lim: 333 exec/s: 6686 rss: 29Mb L: 235/333 MS: 1 EraseBytes-
#13530	REDUCE cov: 125 ft: 517 corp: 79/11896b lim: 333 exec/s: 6765 rss: 29Mb L: 37/333 MS: 2 ChangeBit-EraseBytes-
#13596	REDUCE cov: 125 ft: 517 corp: 79/11887b lim: 333 exec/s: 6798 rss: 29Mb L: 18/333 MS: 1 EraseBytes-
#13612	REDUCE cov: 125 ft: 517 corp: 79/11875b lim: 333 exec/s: 6806 rss: 29Mb L: 13/333 MS: 1 EraseBytes-
#13883	REDUCE cov: 125 ft: 517 corp: 79/11869b lim: 333 exec/s: 6941 rss: 29Mb L: 140/333 MS: 1 EraseBytes-
#14171	REDUCE cov: 125 ft: 518 corp: 80/12097b lim: 333 exec/s: 7085 rss: 29Mb L: 228/333 MS: 3 PersAutoDict-ShuffleBytes-PersAutoDict- DE: "\332h\001\020\030y\000\000"-"\000\000\000\001"-
#14192	REDUCE cov: 125 ft: 518 corp: 80/12068b lim: 333 exec/s: 7096 rss: 29Mb L: 144/333 MS: 1 EraseBytes-
#14284	REDUCE cov: 125 ft: 518 corp: 80/12054b lim: 333 exec/s: 7142 rss: 29Mb L: 66/333 MS: 2 ChangeBinInt-EraseBytes-
#14320	REDUCE cov: 125 ft: 518 corp: 80/12007b lim: 333 exec/s: 7160 rss: 29Mb L: 181/333 MS: 1 EraseBytes-
#14382	NEW    cov: 125 ft: 529 corp: 81/12303b lim: 333 exec/s: 7191 rss: 29Mb L: 296/333 MS: 2 ChangeASCIIInt-CMP- DE: "mfra"-
#14473	REDUCE cov: 125 ft: 529 corp: 81/12292b lim: 333 exec/s: 7236 rss: 29Mb L: 114/333 MS: 1 EraseBytes-
#15109	REDUCE cov: 125 ft: 529 corp: 81/12284b lim: 333 exec/s: 7554 rss: 29Mb L: 310/333 MS: 1 EraseBytes-
#15264	REDUCE cov: 125 ft: 542 corp: 82/12583b lim: 333 exec/s: 7632 rss: 29Mb L: 299/333 MS: 5 InsertRepeatedBytes-InsertByte-CrossOver-PersAutoDict-CMP- DE: "\000\000y\030\020\000\272\243"-"pixi"-
#15443	NEW    cov: 125 ft: 543 corp: 83/12762b lim: 333 exec/s: 7721 rss: 254Mb L: 179/333 MS: 4 ChangeByte-CMP-ShuffleBytes-InsertRepeatedBytes- DE: "\374k\007\020\030y\000\000"-
#15501	REDUCE cov: 125 ft: 543 corp: 83/12761b lim: 333 exec/s: 7750 rss: 254Mb L: 36/333 MS: 3 InsertRepeatedBytes-EraseBytes-InsertByte-
#15568	REDUCE cov: 125 ft: 543 corp: 83/12756b lim: 333 exec/s: 7784 rss: 254Mb L: 8/333 MS: 2 PersAutoDict-EraseBytes- DE: "\007\000\000\000"-
#15819	REDUCE cov: 125 ft: 543 corp: 83/12732b lim: 333 exec/s: 7909 rss: 254Mb L: 156/333 MS: 1 EraseBytes-
#15882	REDUCE cov: 125 ft: 543 corp: 83/12730b lim: 333 exec/s: 7941 rss: 254Mb L: 65/333 MS: 3 ChangeBit-ChangeBinInt-EraseBytes-
#16111	REDUCE cov: 125 ft: 543 corp: 83/12607b lim: 333 exec/s: 8055 rss: 254Mb L: 130/333 MS: 4 ChangeByte-InsertByte-CMP-EraseBytes- DE: "avc1"-
#16133	REDUCE cov: 125 ft: 543 corp: 83/12605b lim: 333 exec/s: 8066 rss: 254Mb L: 57/333 MS: 2 CrossOver-EraseBytes-
#16280	REDUCE cov: 125 ft: 543 corp: 83/12604b lim: 333 exec/s: 5426 rss: 276Mb L: 8/333 MS: 2 EraseBytes-InsertByte-
#16384	pulse  cov: 125 ft: 543 corp: 83/12604b lim: 333 exec/s: 4096 rss: 276Mb
#16463	REDUCE cov: 125 ft: 543 corp: 83/12600b lim: 333 exec/s: 4115 rss: 276Mb L: 305/333 MS: 3 CMP-CrossOver-EraseBytes- DE: "\012\000\000\000"-
#16941	REDUCE cov: 125 ft: 543 corp: 83/12580b lim: 333 exec/s: 2823 rss: 1588Mb L: 20/333 MS: 3 EraseBytes-ShuffleBytes-EraseBytes-
#17008	REDUCE cov: 125 ft: 543 corp: 83/12568b lim: 333 exec/s: 2834 rss: 1588Mb L: 43/333 MS: 2 ChangeByte-EraseBytes-
#17155	REDUCE cov: 125 ft: 543 corp: 83/12562b lim: 333 exec/s: 2859 rss: 1588Mb L: 16/333 MS: 2 CopyPart-EraseBytes-
==801395== ERROR: libFuzzer: out-of-memory (used: 1588Mb; limit: 1024Mb)
   To change the out-of-memory limit use -rss_limit_mb=<N>

MS: 1 CMP- DE: "stsd"-; base unit: 84827a483290d59d6f4b8adc31749aec88e3c5f8
0x0,0x0,0x0,0x1c,0x66,0x74,0x79,0x70,0x69,0x73,0x6f,0x35,0x0,0x4,0x0,0x0,0x69,0x73,0x6f,0x35,0x69,0x73,0x6f,0x36,0x6d,0x70,0x34,0x31,0x0,0x0,0x0,0x80,0x61,0x76,0x63,0x31,0x0,0x0,0x69,0x73,0x70,0x65,0xf,0x64,0x0,0x0,0x0,0x0,0x0,0x0,0x0,0x0,0xe,0xe,0xe,0xe,0xe,0xe,0xe,0xe,0xe,0xe,0xe,0xe,0xe,0xe,0xe,0xe,0xe,0xe,0xe,0xe,0xe,0xe,0xe,0xe,0xe,0xe,0xe,0xe,0xe,0xe,0xe,0xe,0xe,0xe,0xe,0xe,0xe,0xe,0xe,0xe,0xe,0xe,0xe,0xe,0xe,0xe,0xe,0xe,0xe,0xe,0xe,0xe,0xe,0xe,0xe,0xe,0xe,0xe,0xe,0xe,0xe,0xe,0xe,0xe,0xe,0xe,0xe,0xe,0xe,0xe,0xe,0xe,0xe,0xe,0xe,0xe,0xe,0xe,0xe,0xe,0xe,0xe,0xe,0xe,0xe,0xe,0xe,0xe,0xe,0xe,0xe,0xe,0xe,0xe,0xe,0xe,0xe,0xe,0xe,0xe,0xe,0xe,0xe,0xe,0xe,0xe,0xe,0xe,0xe,0xe,0xe,0xe,0xe,0xe,0xe,0xe,0xe,0xe,0xfc,0x6b,0x7,0x73,0x74,0x73,0x64,0x10,0x18,0x79,0x0,0x0,0x0,
\000\000\000\034ftypiso5\000\004\000\000iso5iso6mp41\000\000\000\200avc1\000\000ispe\017d\000\000\000\000\000\000\000\000\016\016\016\016\016\016\016\016\016\016\016\016\016\016\016\016\016\016\016\016\016\016\016\016\016\016\016\016\016\016\016\016\016\016\016\016\016\016\016\016\016\016\016\016\016\016\016\016\016\016\016\016\016\016\016\016\016\016\016\016\016\016\016\016\016\016\016\016\016\016\016\016\016\016\016\016\016\016\016\016\016\016\016\016\016\016\016\016\016\016\016\016\016\016\016\016\016\016\016\016\016\016\016\016\016\016\016\016\016\016\016\016\016\016\016\016\016\016\374k\007stsd\020\030y\000\000\000
artifact_prefix='/results/crashes/20260313_183741_5e699d8f_'; Test unit written to /results/crashes/20260313_183741_5e699d8f_oom-f597af7338a263fe9f9cb24e35ea86ad700b3299
Base64: AAAAHGZ0eXBpc281AAQAAGlzbzVpc282bXA0MQAAAIBhdmMxAABpc3BlD2QAAAAAAAAAAA4ODg4ODg4ODg4ODg4ODg4ODg4ODg4ODg4ODg4ODg4ODg4ODg4ODg4ODg4ODg4ODg4ODg4ODg4ODg4ODg4ODg4ODg4ODg4ODg4ODg4ODg4ODg4ODg4ODg4ODg4ODg4ODg4ODg4ODg4ODg4ODg4ODg4ODg4ODg78awdzdHNkEBh5AAAA
SUMMARY: libFuzzer: out-of-memory
stat::number_of_executed_units: 17336
stat::average_exec_per_sec:     2476
stat::new_units_added:          217
stat::slowest_unit_time_sec:    0
stat::peak_rss_mb:              1588
