INFO: Running with entropic power schedule (0xFF, 100).
INFO: Seed: 401437528
INFO: Loaded 1 modules   (252 inline 8-bit counters): 252 [0x63bf0ba74678, 0x63bf0ba74774), 
INFO: Loaded 1 PC tables (252 PCs): 252 [0x63bf0ba74778,0x63bf0ba75738), 
INFO:        4 files found in /tmp/corpus_20260313_190844_40ce2e91
INFO: seed corpus: files: 4 min: 48b max: 333b total: 853b rss: 28Mb
#5	INITED cov: 118 ft: 252 corp: 4/853b exec/s: 0 rss: 29Mb
#6	NEW    cov: 118 ft: 271 corp: 5/891b lim: 333 exec/s: 0 rss: 29Mb L: 38/333 MS: 1 EraseBytes-
#8	NEW    cov: 118 ft: 280 corp: 6/1175b lim: 333 exec/s: 0 rss: 29Mb L: 284/333 MS: 2 ShuffleBytes-CrossOver-
#9	NEW    cov: 118 ft: 281 corp: 7/1443b lim: 333 exec/s: 0 rss: 29Mb L: 268/333 MS: 1 InsertRepeatedBytes-
#10	NEW    cov: 120 ft: 288 corp: 8/1675b lim: 333 exec/s: 0 rss: 29Mb L: 232/333 MS: 1 CopyPart-
#12	NEW    cov: 120 ft: 309 corp: 9/1724b lim: 333 exec/s: 0 rss: 29Mb L: 49/333 MS: 2 ChangeByte-InsertByte-
#13	NEW    cov: 120 ft: 310 corp: 10/1974b lim: 333 exec/s: 0 rss: 29Mb L: 250/333 MS: 1 CopyPart-
#14	NEW    cov: 120 ft: 311 corp: 11/2278b lim: 333 exec/s: 0 rss: 29Mb L: 304/333 MS: 1 CopyPart-
#15	NEW    cov: 120 ft: 322 corp: 12/2374b lim: 333 exec/s: 0 rss: 29Mb L: 96/333 MS: 1 InsertRepeatedBytes-
#17	NEW    cov: 120 ft: 327 corp: 13/2659b lim: 333 exec/s: 0 rss: 29Mb L: 285/333 MS: 2 ChangeByte-InsertByte-
#18	NEW    cov: 120 ft: 328 corp: 14/2992b lim: 333 exec/s: 0 rss: 29Mb L: 333/333 MS: 1 CopyPart-
#21	NEW    cov: 120 ft: 329 corp: 15/3035b lim: 333 exec/s: 0 rss: 29Mb L: 43/333 MS: 3 ChangeByte-ShuffleBytes-CrossOver-
#23	NEW    cov: 120 ft: 330 corp: 16/3285b lim: 333 exec/s: 0 rss: 29Mb L: 250/333 MS: 2 CopyPart-CrossOver-
#29	NEW    cov: 120 ft: 335 corp: 17/3349b lim: 333 exec/s: 0 rss: 29Mb L: 64/333 MS: 1 InsertRepeatedBytes-
#31	REDUCE cov: 120 ft: 335 corp: 17/3333b lim: 333 exec/s: 0 rss: 29Mb L: 236/333 MS: 2 EraseBytes-ChangeBinInt-
#35	NEW    cov: 120 ft: 336 corp: 18/3525b lim: 333 exec/s: 0 rss: 29Mb L: 192/333 MS: 4 ChangeBinInt-ChangeASCIIInt-InsertByte-EraseBytes-
#37	NEW    cov: 120 ft: 337 corp: 19/3590b lim: 333 exec/s: 0 rss: 29Mb L: 65/333 MS: 2 InsertByte-CMP- DE: "N7ISOBMFF4FTYPE"-
#39	NEW    cov: 120 ft: 338 corp: 20/3654b lim: 333 exec/s: 0 rss: 29Mb L: 64/333 MS: 2 ChangeBit-CMP- DE: "hvc1"-
#58	NEW    cov: 120 ft: 339 corp: 21/3718b lim: 333 exec/s: 0 rss: 29Mb L: 64/333 MS: 4 PersAutoDict-ChangeBit-ChangeBit-CrossOver- DE: "N7ISOBMFF4FTYPE"-
#61	NEW    cov: 121 ft: 341 corp: 22/4051b lim: 333 exec/s: 0 rss: 29Mb L: 333/333 MS: 3 ChangeBinInt-ChangeASCIIInt-ShuffleBytes-
#64	NEW    cov: 121 ft: 342 corp: 23/4148b lim: 333 exec/s: 0 rss: 29Mb L: 97/333 MS: 3 PersAutoDict-ChangeByte-InsertByte- DE: "N7ISOBMFF4FTYPE"-
#66	NEW    cov: 121 ft: 366 corp: 24/4196b lim: 333 exec/s: 0 rss: 29Mb L: 48/333 MS: 2 ChangeBinInt-ChangeBit-
#72	REDUCE cov: 121 ft: 366 corp: 24/4175b lim: 333 exec/s: 0 rss: 29Mb L: 44/333 MS: 1 EraseBytes-
#74	REDUCE cov: 121 ft: 367 corp: 25/4225b lim: 333 exec/s: 0 rss: 29Mb L: 50/333 MS: 2 CrossOver-EraseBytes-
#75	REDUCE cov: 121 ft: 367 corp: 25/4221b lim: 333 exec/s: 0 rss: 29Mb L: 246/333 MS: 1 EraseBytes-
#81	NEW    cov: 121 ft: 368 corp: 26/4355b lim: 333 exec/s: 0 rss: 29Mb L: 134/333 MS: 1 CrossOver-
#84	NEW    cov: 121 ft: 369 corp: 27/4404b lim: 333 exec/s: 0 rss: 29Mb L: 49/333 MS: 3 CrossOver-ChangeByte-InsertByte-
#86	NEW    cov: 121 ft: 370 corp: 28/4440b lim: 333 exec/s: 0 rss: 29Mb L: 36/333 MS: 2 InsertRepeatedBytes-CrossOver-
#93	NEW    cov: 121 ft: 372 corp: 29/4479b lim: 333 exec/s: 0 rss: 29Mb L: 39/333 MS: 2 PersAutoDict-EraseBytes- DE: "hvc1"-
#138	REDUCE cov: 121 ft: 374 corp: 30/4763b lim: 333 exec/s: 0 rss: 29Mb L: 284/333 MS: 5 InsertByte-CopyPart-InsertByte-InsertRepeatedBytes-InsertRepeatedBytes-
#158	NEW    cov: 121 ft: 380 corp: 31/4958b lim: 333 exec/s: 0 rss: 29Mb L: 195/333 MS: 5 InsertRepeatedBytes-EraseBytes-PersAutoDict-CrossOver-CopyPart- DE: "hvc1"-
#166	REDUCE cov: 121 ft: 390 corp: 32/5194b lim: 333 exec/s: 0 rss: 29Mb L: 236/333 MS: 3 PersAutoDict-CrossOver-ChangeBinInt- DE: "N7ISOBMFF4FTYPE"-
#174	NEW    cov: 121 ft: 391 corp: 33/5338b lim: 333 exec/s: 0 rss: 29Mb L: 144/333 MS: 3 ChangeByte-ChangeByte-CopyPart-
#177	NEW    cov: 121 ft: 392 corp: 34/5652b lim: 333 exec/s: 0 rss: 29Mb L: 314/333 MS: 3 ChangeByte-ChangeBit-InsertRepeatedBytes-
#185	NEW    cov: 121 ft: 407 corp: 35/5685b lim: 333 exec/s: 0 rss: 29Mb L: 33/333 MS: 3 CrossOver-InsertByte-EraseBytes-
#188	NEW    cov: 121 ft: 409 corp: 36/5905b lim: 333 exec/s: 0 rss: 29Mb L: 220/333 MS: 3 CopyPart-ChangeBit-ShuffleBytes-
#190	REDUCE cov: 121 ft: 415 corp: 37/6145b lim: 333 exec/s: 0 rss: 29Mb L: 240/333 MS: 2 ChangeBit-CMP- DE: "trak"-
#192	NEW    cov: 121 ft: 416 corp: 38/6196b lim: 333 exec/s: 0 rss: 29Mb L: 51/333 MS: 2 PersAutoDict-ShuffleBytes- DE: "N7ISOBMFF4FTYPE"-
#205	NEW    cov: 121 ft: 417 corp: 39/6492b lim: 333 exec/s: 0 rss: 29Mb L: 296/333 MS: 3 InsertRepeatedBytes-ChangeBinInt-CrossOver-
#207	NEW    cov: 122 ft: 418 corp: 40/6495b lim: 333 exec/s: 0 rss: 29Mb L: 3/333 MS: 2 ChangeBinInt-CrossOver-
#210	NEW    cov: 122 ft: 420 corp: 41/6827b lim: 333 exec/s: 0 rss: 29Mb L: 332/333 MS: 3 CrossOver-PersAutoDict-InsertByte- DE: "N7ISOBMFF4FTYPE"-
#224	NEW    cov: 122 ft: 422 corp: 42/6952b lim: 333 exec/s: 0 rss: 29Mb L: 125/333 MS: 4 ShuffleBytes-ChangeBinInt-CopyPart-EraseBytes-
#232	NEW    cov: 123 ft: 423 corp: 43/7285b lim: 333 exec/s: 0 rss: 29Mb L: 333/333 MS: 3 ShuffleBytes-ChangeByte-CrossOver-
#233	NEW    cov: 123 ft: 425 corp: 44/7413b lim: 333 exec/s: 0 rss: 29Mb L: 128/333 MS: 1 EraseBytes-
#244	NEW    cov: 123 ft: 427 corp: 45/7723b lim: 333 exec/s: 0 rss: 29Mb L: 310/333 MS: 1 InsertRepeatedBytes-
#290	NEW    cov: 123 ft: 428 corp: 46/7814b lim: 333 exec/s: 0 rss: 29Mb L: 91/333 MS: 1 EraseBytes-
#293	REDUCE cov: 123 ft: 428 corp: 46/7786b lim: 333 exec/s: 0 rss: 29Mb L: 116/333 MS: 3 ChangeByte-CMP-EraseBytes- DE: "\377\377\377\000"-
#314	NEW    cov: 123 ft: 429 corp: 47/8026b lim: 333 exec/s: 0 rss: 29Mb L: 240/333 MS: 1 ChangeByte-
#319	NEW    cov: 123 ft: 430 corp: 48/8154b lim: 333 exec/s: 0 rss: 29Mb L: 128/333 MS: 5 ChangeBit-ChangeByte-ChangeByte-PersAutoDict-CopyPart- DE: "\377\377\377\000"-
#330	NEW    cov: 123 ft: 431 corp: 49/8424b lim: 333 exec/s: 0 rss: 29Mb L: 270/333 MS: 1 InsertRepeatedBytes-
#339	NEW    cov: 123 ft: 432 corp: 50/8636b lim: 333 exec/s: 0 rss: 29Mb L: 212/333 MS: 4 ShuffleBytes-ChangeByte-ChangeBit-EraseBytes-
#341	NEW    cov: 123 ft: 433 corp: 51/8969b lim: 333 exec/s: 0 rss: 29Mb L: 333/333 MS: 2 ChangeByte-ChangeByte-
#346	NEW    cov: 123 ft: 439 corp: 52/9288b lim: 333 exec/s: 0 rss: 29Mb L: 319/333 MS: 5 PersAutoDict-ChangeByte-ChangeBinInt-ChangeByte-CopyPart- DE: "trak"-
#365	REDUCE cov: 123 ft: 439 corp: 52/9280b lim: 333 exec/s: 0 rss: 29Mb L: 31/333 MS: 4 ChangeASCIIInt-ShuffleBytes-PersAutoDict-EraseBytes- DE: "hvc1"-
#383	REDUCE cov: 123 ft: 439 corp: 52/9257b lim: 333 exec/s: 0 rss: 29Mb L: 310/333 MS: 3 ChangeASCIIInt-EraseBytes-InsertRepeatedBytes-
#388	REDUCE cov: 123 ft: 439 corp: 52/9234b lim: 333 exec/s: 0 rss: 29Mb L: 28/333 MS: 5 ChangeBinInt-ShuffleBytes-ShuffleBytes-InsertByte-EraseBytes-
#401	REDUCE cov: 123 ft: 448 corp: 53/9251b lim: 333 exec/s: 0 rss: 29Mb L: 17/333 MS: 3 EraseBytes-ChangeByte-EraseBytes-
#427	REDUCE cov: 123 ft: 448 corp: 53/9229b lim: 333 exec/s: 0 rss: 29Mb L: 198/333 MS: 1 EraseBytes-
#431	NEW    cov: 123 ft: 465 corp: 54/9240b lim: 333 exec/s: 0 rss: 29Mb L: 11/333 MS: 4 ShuffleBytes-PersAutoDict-ChangeByte-CMP- DE: "trak"-"mdat"-
#446	NEW    cov: 123 ft: 466 corp: 55/9447b lim: 333 exec/s: 0 rss: 29Mb L: 207/333 MS: 5 InsertByte-CopyPart-CrossOver-InsertRepeatedBytes-CrossOver-
#462	NEW    cov: 123 ft: 467 corp: 56/9464b lim: 333 exec/s: 0 rss: 29Mb L: 17/333 MS: 1 CrossOver-
#585	NEW    cov: 123 ft: 468 corp: 57/9738b lim: 333 exec/s: 0 rss: 29Mb L: 274/333 MS: 3 CrossOver-ChangeASCIIInt-PersAutoDict- DE: "mdat"-
#648	REDUCE cov: 123 ft: 468 corp: 57/9737b lim: 333 exec/s: 0 rss: 29Mb L: 10/333 MS: 3 CopyPart-ChangeByte-EraseBytes-
#663	NEW    cov: 123 ft: 474 corp: 58/10047b lim: 333 exec/s: 0 rss: 29Mb L: 310/333 MS: 5 PersAutoDict-CMP-ChangeASCIIInt-ChangeBit-InsertRepeatedBytes- DE: "mdat"-"dinf"-
#715	REDUCE cov: 123 ft: 474 corp: 58/10042b lim: 333 exec/s: 0 rss: 29Mb L: 12/333 MS: 2 ChangeBinInt-EraseBytes-
#731	NEW    cov: 123 ft: 475 corp: 59/10293b lim: 333 exec/s: 0 rss: 29Mb L: 251/333 MS: 1 CrossOver-
#734	REDUCE cov: 123 ft: 475 corp: 59/10288b lim: 333 exec/s: 0 rss: 29Mb L: 327/333 MS: 3 EraseBytes-ChangeByte-InsertRepeatedBytes-
#782	NEW    cov: 123 ft: 477 corp: 60/10447b lim: 333 exec/s: 0 rss: 29Mb L: 159/333 MS: 3 PersAutoDict-EraseBytes-CrossOver- DE: "\377\377\377\000"-
#918	REDUCE cov: 123 ft: 477 corp: 60/10331b lim: 333 exec/s: 0 rss: 29Mb L: 217/333 MS: 1 EraseBytes-
#920	REDUCE cov: 123 ft: 477 corp: 60/10325b lim: 333 exec/s: 0 rss: 29Mb L: 43/333 MS: 2 EraseBytes-PersAutoDict- DE: "\377\377\377\000"-
#996	REDUCE cov: 123 ft: 477 corp: 60/10229b lim: 333 exec/s: 0 rss: 29Mb L: 172/333 MS: 1 EraseBytes-
#1050	REDUCE cov: 123 ft: 477 corp: 60/10208b lim: 333 exec/s: 0 rss: 29Mb L: 107/333 MS: 4 InsertRepeatedBytes-ChangeBinInt-InsertByte-EraseBytes-
#1112	REDUCE cov: 123 ft: 477 corp: 60/10188b lim: 333 exec/s: 0 rss: 29Mb L: 175/333 MS: 2 ChangeByte-EraseBytes-
#1219	NEW    cov: 123 ft: 478 corp: 61/10481b lim: 333 exec/s: 0 rss: 29Mb L: 293/333 MS: 2 EraseBytes-CrossOver-
#1231	REDUCE cov: 123 ft: 478 corp: 61/10473b lim: 333 exec/s: 0 rss: 29Mb L: 23/333 MS: 2 CMP-EraseBytes- DE: "avc1"-
#1273	REDUCE cov: 123 ft: 478 corp: 61/10430b lim: 333 exec/s: 0 rss: 29Mb L: 85/333 MS: 2 ChangeByte-EraseBytes-
#1329	REDUCE cov: 123 ft: 478 corp: 61/10409b lim: 333 exec/s: 0 rss: 29Mb L: 27/333 MS: 1 EraseBytes-
#1333	REDUCE cov: 123 ft: 478 corp: 61/10408b lim: 333 exec/s: 0 rss: 29Mb L: 158/333 MS: 4 CopyPart-CrossOver-InsertByte-EraseBytes-
#1489	NEW    cov: 123 ft: 480 corp: 62/10630b lim: 333 exec/s: 0 rss: 29Mb L: 222/333 MS: 1 CMP- DE: "\031\000"-
#1554	REDUCE cov: 123 ft: 480 corp: 62/10605b lim: 333 exec/s: 0 rss: 29Mb L: 285/333 MS: 5 ChangeByte-CMP-ChangeByte-InsertRepeatedBytes-EraseBytes- DE: "\007\000\000\000"-
#1565	REDUCE cov: 123 ft: 480 corp: 62/10604b lim: 333 exec/s: 0 rss: 29Mb L: 2/333 MS: 1 EraseBytes-
#1586	REDUCE cov: 123 ft: 480 corp: 62/10600b lim: 333 exec/s: 0 rss: 29Mb L: 306/333 MS: 1 EraseBytes-
#1713	REDUCE cov: 123 ft: 480 corp: 62/10520b lim: 333 exec/s: 0 rss: 29Mb L: 156/333 MS: 2 CrossOver-EraseBytes-
#1769	REDUCE cov: 123 ft: 486 corp: 63/10718b lim: 333 exec/s: 0 rss: 29Mb L: 198/333 MS: 1 ShuffleBytes-
#1771	REDUCE cov: 123 ft: 486 corp: 63/10717b lim: 333 exec/s: 0 rss: 29Mb L: 106/333 MS: 2 ChangeBinInt-EraseBytes-
#1782	REDUCE cov: 123 ft: 486 corp: 63/10674b lim: 333 exec/s: 0 rss: 29Mb L: 63/333 MS: 1 EraseBytes-
#1875	REDUCE cov: 123 ft: 486 corp: 63/10606b lim: 333 exec/s: 0 rss: 29Mb L: 107/333 MS: 3 ChangeByte-ChangeByte-EraseBytes-
#2046	REDUCE cov: 123 ft: 486 corp: 63/10604b lim: 333 exec/s: 0 rss: 29Mb L: 94/333 MS: 1 EraseBytes-
#2117	REDUCE cov: 123 ft: 486 corp: 63/10561b lim: 333 exec/s: 0 rss: 29Mb L: 169/333 MS: 1 EraseBytes-
#2137	NEW    cov: 123 ft: 487 corp: 64/10894b lim: 333 exec/s: 0 rss: 29Mb L: 333/333 MS: 5 ChangeBinInt-ChangeBinInt-ChangeBit-ChangeBit-CMP- DE: "mfra"-
#2153	REDUCE cov: 123 ft: 487 corp: 64/10774b lim: 333 exec/s: 0 rss: 29Mb L: 194/333 MS: 1 EraseBytes-
#2161	REDUCE cov: 123 ft: 487 corp: 64/10773b lim: 333 exec/s: 0 rss: 29Mb L: 9/333 MS: 3 CopyPart-ChangeByte-EraseBytes-
#2261	REDUCE cov: 123 ft: 487 corp: 64/10753b lim: 333 exec/s: 0 rss: 29Mb L: 74/333 MS: 5 CMP-ChangeBinInt-ShuffleBytes-InsertRepeatedBytes-EraseBytes- DE: "\000\000z\024\354\001\367f"-
#2286	REDUCE cov: 123 ft: 487 corp: 64/10748b lim: 333 exec/s: 0 rss: 29Mb L: 328/333 MS: 5 CMP-ChangeBit-ChangeByte-EraseBytes-InsertRepeatedBytes- DE: "\001\000\000&"-
#2320	REDUCE cov: 123 ft: 487 corp: 64/10745b lim: 333 exec/s: 0 rss: 29Mb L: 9/333 MS: 4 CopyPart-CopyPart-CopyPart-EraseBytes-
#2453	REDUCE cov: 123 ft: 487 corp: 64/10703b lim: 333 exec/s: 0 rss: 29Mb L: 175/333 MS: 3 InsertByte-InsertByte-EraseBytes-
#2532	NEW    cov: 123 ft: 488 corp: 65/11036b lim: 333 exec/s: 0 rss: 29Mb L: 333/333 MS: 4 ChangeBit-ShuffleBytes-ChangeBit-CopyPart-
#2711	REDUCE cov: 123 ft: 488 corp: 65/11030b lim: 333 exec/s: 0 rss: 29Mb L: 17/333 MS: 4 EraseBytes-ShuffleBytes-InsertByte-PersAutoDict- DE: "avc1"-
#3051	REDUCE cov: 123 ft: 488 corp: 65/11023b lim: 333 exec/s: 0 rss: 29Mb L: 57/333 MS: 5 EraseBytes-CrossOver-EraseBytes-InsertByte-CrossOver-
#3119	REDUCE cov: 123 ft: 488 corp: 65/11015b lim: 333 exec/s: 0 rss: 29Mb L: 99/333 MS: 3 ChangeBit-ChangeBinInt-EraseBytes-
#3137	REDUCE cov: 123 ft: 489 corp: 66/11279b lim: 333 exec/s: 0 rss: 29Mb L: 264/333 MS: 3 EraseBytes-ShuffleBytes-InsertRepeatedBytes-
#3171	REDUCE cov: 123 ft: 489 corp: 66/11275b lim: 333 exec/s: 0 rss: 29Mb L: 60/333 MS: 4 PersAutoDict-CrossOver-CrossOver-EraseBytes- DE: "trak"-
#3203	REDUCE cov: 123 ft: 496 corp: 67/11332b lim: 333 exec/s: 0 rss: 29Mb L: 57/333 MS: 2 ChangeBit-CrossOver-
#3376	REDUCE cov: 123 ft: 497 corp: 68/11346b lim: 333 exec/s: 0 rss: 29Mb L: 14/333 MS: 3 InsertByte-ChangeBinInt-CMP- DE: "\000\000\000\005"-
#3474	REDUCE cov: 123 ft: 497 corp: 68/11333b lim: 333 exec/s: 0 rss: 29Mb L: 44/333 MS: 3 CMP-PersAutoDict-EraseBytes- DE: "\001\000c\277\013\203\346c"-"mfra"-
#3798	REDUCE cov: 123 ft: 498 corp: 69/11658b lim: 333 exec/s: 0 rss: 29Mb L: 325/333 MS: 4 InsertRepeatedBytes-ChangeBinInt-InsertRepeatedBytes-InsertByte-
#4083	NEW    cov: 123 ft: 507 corp: 70/11991b lim: 333 exec/s: 0 rss: 29Mb L: 333/333 MS: 5 CMP-ChangeBinInt-ShuffleBytes-PersAutoDict-ShuffleBytes- DE: "\000\000\000\000\000\000\000X"-"avc1"-
#4168	REDUCE cov: 123 ft: 507 corp: 70/11928b lim: 333 exec/s: 0 rss: 29Mb L: 106/333 MS: 5 ChangeByte-InsertByte-ChangeByte-ChangeBinInt-EraseBytes-
#4391	NEW    cov: 123 ft: 508 corp: 71/12193b lim: 333 exec/s: 0 rss: 29Mb L: 265/333 MS: 3 ChangeByte-ShuffleBytes-InsertByte-
#4616	NEW    cov: 123 ft: 509 corp: 72/12413b lim: 333 exec/s: 0 rss: 29Mb L: 220/333 MS: 5 ChangeBinInt-ChangeBinInt-ChangeBit-ChangeByte-CMP- DE: "ispe"-
#4701	REDUCE cov: 123 ft: 509 corp: 72/12412b lim: 333 exec/s: 0 rss: 29Mb L: 27/333 MS: 5 ChangeBinInt-CMP-PersAutoDict-EraseBytes-PersAutoDict- DE: "ispe"-"mfra"-"\007\000\000\000"-
#4768	REDUCE cov: 123 ft: 509 corp: 72/12411b lim: 333 exec/s: 0 rss: 29Mb L: 1/333 MS: 2 CrossOver-EraseBytes-
#4820	REDUCE cov: 123 ft: 509 corp: 72/12381b lim: 333 exec/s: 0 rss: 29Mb L: 298/333 MS: 2 InsertRepeatedBytes-CrossOver-
#5072	REDUCE cov: 123 ft: 509 corp: 72/12380b lim: 333 exec/s: 0 rss: 29Mb L: 63/333 MS: 2 ChangeASCIIInt-EraseBytes-
#5129	REDUCE cov: 123 ft: 509 corp: 72/12268b lim: 333 exec/s: 0 rss: 29Mb L: 221/333 MS: 2 ChangeByte-EraseBytes-
#5497	REDUCE cov: 123 ft: 509 corp: 72/12253b lim: 333 exec/s: 0 rss: 29Mb L: 221/333 MS: 3 ChangeBit-ChangeBinInt-EraseBytes-
#5684	NEW    cov: 123 ft: 510 corp: 73/12473b lim: 333 exec/s: 0 rss: 29Mb L: 220/333 MS: 2 ChangeByte-ChangeBit-
#6043	REDUCE cov: 123 ft: 510 corp: 73/12450b lim: 333 exec/s: 0 rss: 29Mb L: 40/333 MS: 4 PersAutoDict-ChangeByte-EraseBytes-PersAutoDict- DE: "\007\000\000\000"-"\377\377\377\000"-
#6150	REDUCE cov: 123 ft: 510 corp: 73/12445b lim: 333 exec/s: 0 rss: 29Mb L: 31/333 MS: 2 ChangeASCIIInt-EraseBytes-
#6257	REDUCE cov: 123 ft: 510 corp: 73/12438b lim: 333 exec/s: 0 rss: 29Mb L: 92/333 MS: 2 ShuffleBytes-EraseBytes-
#6306	REDUCE cov: 123 ft: 510 corp: 73/12436b lim: 333 exec/s: 6306 rss: 29Mb L: 38/333 MS: 2 ChangeByte-EraseBytes-
#6455	REDUCE cov: 123 ft: 510 corp: 73/12419b lim: 333 exec/s: 6455 rss: 29Mb L: 26/333 MS: 4 ChangeByte-ShuffleBytes-ShuffleBytes-EraseBytes-
#6732	REDUCE cov: 123 ft: 510 corp: 73/12418b lim: 333 exec/s: 6732 rss: 29Mb L: 37/333 MS: 2 InsertRepeatedBytes-EraseBytes-
#6927	NEW    cov: 123 ft: 515 corp: 74/12737b lim: 333 exec/s: 6927 rss: 29Mb L: 319/333 MS: 5 ChangeByte-InsertByte-PersAutoDict-CopyPart-InsertRepeatedBytes- DE: "\007\000\000\000"-
#7184	REDUCE cov: 123 ft: 515 corp: 74/12722b lim: 333 exec/s: 7184 rss: 29Mb L: 16/333 MS: 2 EraseBytes-EraseBytes-
#7586	NEW    cov: 123 ft: 516 corp: 75/12970b lim: 333 exec/s: 7586 rss: 29Mb L: 248/333 MS: 2 ChangeBit-InsertRepeatedBytes-
#7626	REDUCE cov: 123 ft: 516 corp: 75/12967b lim: 333 exec/s: 7626 rss: 29Mb L: 41/333 MS: 5 ShuffleBytes-InsertRepeatedBytes-EraseBytes-ChangeByte-PersAutoDict- DE: "mfra"-
#7706	REDUCE cov: 123 ft: 516 corp: 75/12945b lim: 333 exec/s: 7706 rss: 29Mb L: 262/333 MS: 5 ShuffleBytes-InsertRepeatedBytes-EraseBytes-PersAutoDict-CopyPart- DE: "dinf"-
#7727	REDUCE cov: 123 ft: 517 corp: 76/13065b lim: 333 exec/s: 7727 rss: 29Mb L: 120/333 MS: 1 CMP- DE: "mdat"-
#7793	REDUCE cov: 123 ft: 517 corp: 76/13063b lim: 333 exec/s: 7793 rss: 29Mb L: 12/333 MS: 1 EraseBytes-
#8054	REDUCE cov: 123 ft: 517 corp: 76/13058b lim: 333 exec/s: 8054 rss: 29Mb L: 280/333 MS: 1 EraseBytes-
#8120	REDUCE cov: 123 ft: 517 corp: 76/13018b lim: 333 exec/s: 8120 rss: 29Mb L: 211/333 MS: 1 EraseBytes-
#8294	NEW    cov: 123 ft: 518 corp: 77/13351b lim: 333 exec/s: 8294 rss: 29Mb L: 333/333 MS: 4 CrossOver-ChangeBinInt-ChangeBinInt-CopyPart-
#8361	REDUCE cov: 123 ft: 518 corp: 77/13304b lim: 333 exec/s: 8361 rss: 29Mb L: 272/333 MS: 2 InsertByte-CrossOver-
#8394	REDUCE cov: 123 ft: 518 corp: 77/13050b lim: 333 exec/s: 8394 rss: 29Mb L: 79/333 MS: 3 ChangeBinInt-ChangeBit-CrossOver-
#8462	REDUCE cov: 123 ft: 518 corp: 77/13015b lim: 333 exec/s: 8462 rss: 29Mb L: 85/333 MS: 3 ChangeBit-CMP-EraseBytes- DE: "pixi"-
#8613	REDUCE cov: 123 ft: 518 corp: 77/13007b lim: 333 exec/s: 8613 rss: 29Mb L: 19/333 MS: 1 EraseBytes-
#8724	REDUCE cov: 123 ft: 518 corp: 77/12987b lim: 333 exec/s: 8724 rss: 29Mb L: 220/333 MS: 1 EraseBytes-
#8812	REDUCE cov: 123 ft: 518 corp: 77/12984b lim: 333 exec/s: 8812 rss: 29Mb L: 30/333 MS: 3 CopyPart-CrossOver-EraseBytes-
#9049	REDUCE cov: 123 ft: 518 corp: 77/12972b lim: 333 exec/s: 9049 rss: 29Mb L: 45/333 MS: 2 ChangeBit-EraseBytes-
#9148	REDUCE cov: 123 ft: 518 corp: 77/12921b lim: 333 exec/s: 9148 rss: 29Mb L: 143/333 MS: 4 PersAutoDict-ChangeBinInt-PersAutoDict-EraseBytes- DE: "mdat"-"hvc1"-
#9160	REDUCE cov: 123 ft: 518 corp: 77/12917b lim: 333 exec/s: 9160 rss: 29Mb L: 8/333 MS: 2 EraseBytes-InsertByte-
#9463	REDUCE cov: 123 ft: 518 corp: 77/12916b lim: 333 exec/s: 9463 rss: 29Mb L: 44/333 MS: 3 InsertByte-InsertRepeatedBytes-EraseBytes-
#9465	REDUCE cov: 123 ft: 518 corp: 77/12914b lim: 333 exec/s: 9465 rss: 29Mb L: 132/333 MS: 2 EraseBytes-InsertRepeatedBytes-
#9492	REDUCE cov: 123 ft: 518 corp: 77/12890b lim: 333 exec/s: 9492 rss: 29Mb L: 197/333 MS: 2 ChangeASCIIInt-EraseBytes-
#9496	REDUCE cov: 123 ft: 518 corp: 77/12870b lim: 333 exec/s: 9496 rss: 29Mb L: 136/333 MS: 4 EraseBytes-ChangeASCIIInt-InsertByte-PersAutoDict- DE: "mdat"-
#9515	REDUCE cov: 123 ft: 518 corp: 77/12838b lim: 333 exec/s: 9515 rss: 29Mb L: 53/333 MS: 4 ChangeBinInt-ChangeASCIIInt-ShuffleBytes-EraseBytes-
#9590	REDUCE cov: 123 ft: 518 corp: 77/12580b lim: 333 exec/s: 9590 rss: 29Mb L: 16/333 MS: 5 EraseBytes-EraseBytes-CopyPart-CopyPart-CrossOver-
#9686	REDUCE cov: 123 ft: 518 corp: 77/12574b lim: 333 exec/s: 9686 rss: 29Mb L: 300/333 MS: 1 CrossOver-
#9787	REDUCE cov: 123 ft: 518 corp: 77/12573b lim: 333 exec/s: 9787 rss: 29Mb L: 25/333 MS: 1 EraseBytes-
#9908	NEW    cov: 123 ft: 523 corp: 78/12860b lim: 333 exec/s: 9908 rss: 29Mb L: 287/333 MS: 1 CrossOver-
#9945	REDUCE cov: 123 ft: 523 corp: 78/12858b lim: 333 exec/s: 9945 rss: 29Mb L: 25/333 MS: 2 ChangeByte-EraseBytes-
#9954	REDUCE cov: 123 ft: 523 corp: 78/12857b lim: 333 exec/s: 9954 rss: 29Mb L: 8/333 MS: 4 EraseBytes-ChangeBinInt-ShuffleBytes-CopyPart-
#10154	REDUCE cov: 123 ft: 523 corp: 78/12778b lim: 333 exec/s: 10154 rss: 29Mb L: 254/333 MS: 5 ChangeBit-CrossOver-ChangeBit-ChangeBit-EraseBytes-
#10276	NEW    cov: 123 ft: 524 corp: 79/13013b lim: 333 exec/s: 10276 rss: 29Mb L: 235/333 MS: 2 ChangeBit-PersAutoDict- DE: "N7ISOBMFF4FTYPE"-
#10367	REDUCE cov: 123 ft: 524 corp: 79/12994b lim: 333 exec/s: 10367 rss: 29Mb L: 60/333 MS: 1 EraseBytes-
#10425	REDUCE cov: 123 ft: 524 corp: 79/12993b lim: 333 exec/s: 10425 rss: 29Mb L: 16/333 MS: 3 CMP-EraseBytes-EraseBytes- DE: "stsd"-
#10794	REDUCE cov: 123 ft: 524 corp: 79/12976b lim: 333 exec/s: 10794 rss: 29Mb L: 293/333 MS: 4 ShuffleBytes-ChangeByte-EraseBytes-InsertRepeatedBytes-
#11075	REDUCE cov: 123 ft: 524 corp: 79/12958b lim: 333 exec/s: 11075 rss: 29Mb L: 42/333 MS: 1 EraseBytes-
#11212	REDUCE cov: 123 ft: 524 corp: 79/12947b lim: 333 exec/s: 11212 rss: 29Mb L: 42/333 MS: 2 CrossOver-EraseBytes-
#11773	REDUCE cov: 123 ft: 524 corp: 79/12939b lim: 333 exec/s: 11773 rss: 29Mb L: 242/333 MS: 1 EraseBytes-
#11950	REDUCE cov: 123 ft: 524 corp: 79/12901b lim: 333 exec/s: 11950 rss: 29Mb L: 247/333 MS: 2 InsertByte-EraseBytes-
#11979	REDUCE cov: 123 ft: 524 corp: 79/12897b lim: 333 exec/s: 11979 rss: 29Mb L: 33/333 MS: 4 ShuffleBytes-ChangeBinInt-ShuffleBytes-EraseBytes-
#12325	REDUCE cov: 123 ft: 524 corp: 79/12888b lim: 333 exec/s: 12325 rss: 30Mb L: 263/333 MS: 1 EraseBytes-
#12330	REDUCE cov: 123 ft: 524 corp: 79/12886b lim: 333 exec/s: 12330 rss: 30Mb L: 41/333 MS: 5 CMP-ShuffleBytes-InsertByte-CrossOver-EraseBytes- DE: "hvc1"-
#12662	REDUCE cov: 123 ft: 524 corp: 79/12876b lim: 333 exec/s: 12662 rss: 30Mb L: 32/333 MS: 2 PersAutoDict-EraseBytes- DE: "dinf"-
#13093	REDUCE cov: 123 ft: 524 corp: 79/12850b lim: 333 exec/s: 6546 rss: 30Mb L: 194/333 MS: 1 EraseBytes-
#13189	REDUCE cov: 123 ft: 524 corp: 79/12845b lim: 333 exec/s: 6594 rss: 30Mb L: 320/333 MS: 1 CrossOver-
#13679	REDUCE cov: 123 ft: 525 corp: 80/13020b lim: 333 exec/s: 6839 rss: 30Mb L: 175/333 MS: 5 ShuffleBytes-ShuffleBytes-EraseBytes-InsertByte-CopyPart-
#13825	REDUCE cov: 123 ft: 525 corp: 80/13019b lim: 333 exec/s: 6912 rss: 30Mb L: 29/333 MS: 1 EraseBytes-
#13830	REDUCE cov: 123 ft: 525 corp: 80/13016b lim: 333 exec/s: 6915 rss: 30Mb L: 57/333 MS: 5 CopyPart-PersAutoDict-ChangeBit-EraseBytes-CopyPart- DE: "hvc1"-
#14121	REDUCE cov: 123 ft: 525 corp: 80/12989b lim: 333 exec/s: 7060 rss: 30Mb L: 220/333 MS: 1 EraseBytes-
#14219	REDUCE cov: 123 ft: 525 corp: 80/12974b lim: 333 exec/s: 7109 rss: 30Mb L: 196/333 MS: 3 CrossOver-ShuffleBytes-EraseBytes-
==897695== ERROR: libFuzzer: out-of-memory (used: 1114Mb; limit: 1024Mb)
   To change the out-of-memory limit use -rss_limit_mb=<N>

MS: 2 ShuffleBytes-PersAutoDict- DE: "hvc1"-; base unit: b36c9d623cc093a445291eeb23c1d33a3c8d55e9
0x0,0x0,0x0,0x1c,0x66,0x74,0x79,0x70,0x69,0x73,0x6f,0x35,0x0,0x0,0x0,0x0,0x69,0x73,0x6f,0x35,0x69,0x73,0x6f,0x36,0x6d,0x70,0x34,0x31,0x0,0x0,0x0,0x80,0x6d,0x6f,0x6f,0x76,0x0,0x0,0x0,0x78,0x68,0x76,0x63,0x31,0x0,0x64,0x0,0x0,0x0,0x0,0x0,0x0,0x0,0x0,0x0,0x0,0x0,0x0,0x3,0xe8,0x0,0x0,0xe,0x10,0x0,0x1,0x0,0x0,0x1,0x0,0x0,0x0,0x0,0x0,0x0,0x0,0x0,0x0,0x0,0x0,0x0,0x1,0x0,0x0,0x0,0x0,0x0,0x0,0x0,0x68,0x64,0x0,0x0,0x0,0x0,0x0,0x0,0x0,0x0,0x0,0x0,0x0,0x0,0x0,0x0,0x3,0xe8,0x0,0x0,0xe,0x10,0x0,0x1,0x0,0x0,0x1,0x0,0x0,0x0,0x0,0x0,0x0,0x0,0x0,0x0,0x0,0x0,0x0,0x1,0x0,0x0,0x0,0x0,0x0,0x0,0x0,0x0,0x0,0x0,0x0,0x0,0x0,0x0,0x0,0x0,0x0,0x0,0x0,0x0,0x0,0x0,0x0,0x0,0x0,0x0,0x0,0x2,0x0,0x0,0x18,0x6d,0x6f,0x6f,0x66,0x0,0x0,0x0,0x10,0x6d,0x66,0x68,0x64,0x0,0x0,0x0,0x0,0x0,0x0,0x0,0x1,0x0,0x0,0x0,0x0,0x0,0x0,0x0,0x0,0x0,0x0,0x0,0x0,0x0,0x0,0x0,0x0,0x0,0x0,
\000\000\000\034ftypiso5\000\000\000\000iso5iso6mp41\000\000\000\200moov\000\000\000xhvc1\000d\000\000\000\000\000\000\000\000\000\000\000\000\003\350\000\000\016\020\000\001\000\000\001\000\000\000\000\000\000\000\000\000\000\000\000\001\000\000\000\000\000\000\000hd\000\000\000\000\000\000\000\000\000\000\000\000\000\000\003\350\000\000\016\020\000\001\000\000\001\000\000\000\000\000\000\000\000\000\000\000\000\001\000\000\000\000\000\000\000\000\000\000\000\000\000\000\000\000\000\000\000\000\000\000\000\000\000\000\000\002\000\000\030moof\000\000\000\020mfhd\000\000\000\000\000\000\000\001\000\000\000\000\000\000\000\000\000\000\000\000\000\000\000\000\000\000
artifact_prefix='/results/crashes/20260313_190844_40ce2e91_'; Test unit written to /results/crashes/20260313_190844_40ce2e91_oom-b9f7065fb33844b3f1577e69fb3461c5568dc9a0
Base64: AAAAHGZ0eXBpc281AAAAAGlzbzVpc282bXA0MQAAAIBtb292AAAAeGh2YzEAZAAAAAAAAAAAAAAAAAPoAAAOEAABAAABAAAAAAAAAAAAAAAAAQAAAAAAAABoZAAAAAAAAAAAAAAAAAAAA+gAAA4QAAEAAAEAAAAAAAAAAAAAAAABAAAAAAAAAAAAAAAAAAAAAAAAAAAAAAAAAAAAAgAAGG1vb2YAAAAQbWZoZAAAAAAAAAABAAAAAAAAAAAAAAAAAAAAAAAA
SUMMARY: libFuzzer: out-of-memory
stat::number_of_executed_units: 14656
stat::average_exec_per_sec:     4885
stat::new_units_added:          172
stat::slowest_unit_time_sec:    0
stat::peak_rss_mb:              1115
