INFO: Running with entropic power schedule (0xFF, 100).
INFO: Seed: 267709755
INFO: Loaded 1 modules   (252 inline 8-bit counters): 252 [0x6518e0404678, 0x6518e0404774), 
INFO: Loaded 1 PC tables (252 PCs): 252 [0x6518e0404778,0x6518e0405738), 
INFO:        4 files found in /tmp/corpus_20260313_150326_60f2cb03
INFO: seed corpus: files: 4 min: 48b max: 333b total: 853b rss: 28Mb
#5	INITED cov: 117 ft: 250 corp: 4/853b exec/s: 0 rss: 29Mb
#6	NEW    cov: 117 ft: 265 corp: 5/1062b lim: 333 exec/s: 0 rss: 29Mb L: 209/333 MS: 1 EraseBytes-
#7	NEW    cov: 117 ft: 275 corp: 6/1305b lim: 333 exec/s: 0 rss: 29Mb L: 243/333 MS: 1 CrossOver-
#13	NEW    cov: 117 ft: 301 corp: 7/1354b lim: 333 exec/s: 0 rss: 29Mb L: 49/333 MS: 1 InsertByte-
#14	NEW    cov: 117 ft: 303 corp: 8/1575b lim: 333 exec/s: 0 rss: 29Mb L: 221/333 MS: 1 InsertByte-
#17	NEW    cov: 117 ft: 304 corp: 9/1812b lim: 333 exec/s: 0 rss: 29Mb L: 237/333 MS: 3 ShuffleBytes-EraseBytes-InsertRepeatedBytes-
#19	NEW    cov: 118 ft: 305 corp: 10/2042b lim: 333 exec/s: 0 rss: 29Mb L: 230/333 MS: 2 ChangeBit-CopyPart-
#22	NEW    cov: 119 ft: 307 corp: 11/2252b lim: 333 exec/s: 0 rss: 29Mb L: 210/333 MS: 3 ShuffleBytes-CopyPart-InsertByte-
#27	NEW    cov: 120 ft: 309 corp: 12/2585b lim: 333 exec/s: 0 rss: 29Mb L: 333/333 MS: 5 ShuffleBytes-ChangeBinInt-ChangeBit-ChangeBinInt-CopyPart-
#30	NEW    cov: 120 ft: 316 corp: 13/2752b lim: 333 exec/s: 0 rss: 29Mb L: 167/333 MS: 3 ChangeBit-ShuffleBytes-EraseBytes-
#32	NEW    cov: 120 ft: 317 corp: 14/2942b lim: 333 exec/s: 0 rss: 29Mb L: 190/333 MS: 2 ChangeByte-EraseBytes-
#38	NEW    cov: 120 ft: 327 corp: 15/2990b lim: 333 exec/s: 0 rss: 29Mb L: 48/333 MS: 1 ChangeByte-
#39	NEW    cov: 120 ft: 328 corp: 16/3131b lim: 333 exec/s: 0 rss: 29Mb L: 141/333 MS: 1 EraseBytes-
#42	NEW    cov: 120 ft: 329 corp: 17/3369b lim: 333 exec/s: 0 rss: 29Mb L: 238/333 MS: 3 ShuffleBytes-ChangeASCIIInt-InsertByte-
#45	REDUCE cov: 120 ft: 329 corp: 17/3357b lim: 333 exec/s: 0 rss: 29Mb L: 198/333 MS: 3 ChangeBinInt-CrossOver-CopyPart-
#46	NEW    cov: 120 ft: 333 corp: 18/3397b lim: 333 exec/s: 0 rss: 29Mb L: 40/333 MS: 1 EraseBytes-
#51	NEW    cov: 120 ft: 338 corp: 19/3657b lim: 333 exec/s: 0 rss: 29Mb L: 260/333 MS: 5 InsertByte-ChangeBit-ChangeBit-InsertByte-InsertRepeatedBytes-
#53	NEW    cov: 120 ft: 347 corp: 20/3764b lim: 333 exec/s: 0 rss: 29Mb L: 107/333 MS: 2 CopyPart-EraseBytes-
#54	NEW    cov: 120 ft: 381 corp: 21/3794b lim: 333 exec/s: 0 rss: 29Mb L: 30/333 MS: 1 CrossOver-
#64	NEW    cov: 120 ft: 385 corp: 22/4122b lim: 333 exec/s: 0 rss: 29Mb L: 328/333 MS: 5 CMP-ChangeBit-CopyPart-ChangeByte-CopyPart- DE: "\377\377\3776"-
#85	NEW    cov: 120 ft: 395 corp: 23/4342b lim: 333 exec/s: 0 rss: 29Mb L: 220/333 MS: 1 ChangeByte-
#87	REDUCE cov: 120 ft: 395 corp: 23/4298b lim: 333 exec/s: 0 rss: 29Mb L: 176/333 MS: 2 ChangeByte-EraseBytes-
#93	NEW    cov: 120 ft: 402 corp: 24/4465b lim: 333 exec/s: 0 rss: 29Mb L: 167/333 MS: 1 CMP- DE: "\000\003"-
#95	NEW    cov: 120 ft: 403 corp: 25/4556b lim: 333 exec/s: 0 rss: 29Mb L: 91/333 MS: 2 ChangeBit-InsertRepeatedBytes-
#97	NEW    cov: 120 ft: 415 corp: 26/4577b lim: 333 exec/s: 0 rss: 29Mb L: 21/333 MS: 2 EraseBytes-CrossOver-
#100	NEW    cov: 120 ft: 416 corp: 27/4631b lim: 333 exec/s: 0 rss: 29Mb L: 54/333 MS: 3 PersAutoDict-ShuffleBytes-InsertByte- DE: "\377\377\3776"-
#108	NEW    cov: 120 ft: 417 corp: 28/4746b lim: 333 exec/s: 0 rss: 29Mb L: 115/333 MS: 3 InsertByte-ShuffleBytes-EraseBytes-
#111	NEW    cov: 120 ft: 423 corp: 29/4909b lim: 333 exec/s: 0 rss: 29Mb L: 163/333 MS: 3 EraseBytes-CrossOver-EraseBytes-
#113	NEW    cov: 120 ft: 424 corp: 30/4958b lim: 333 exec/s: 0 rss: 29Mb L: 49/333 MS: 2 ShuffleBytes-InsertByte-
#136	NEW    cov: 120 ft: 425 corp: 31/5262b lim: 333 exec/s: 0 rss: 29Mb L: 304/333 MS: 3 InsertByte-InsertRepeatedBytes-InsertRepeatedBytes-
#139	NEW    cov: 120 ft: 426 corp: 32/5390b lim: 333 exec/s: 0 rss: 29Mb L: 128/333 MS: 3 InsertByte-EraseBytes-PersAutoDict- DE: "\377\377\3776"-
#166	NEW    cov: 120 ft: 427 corp: 33/5488b lim: 333 exec/s: 0 rss: 29Mb L: 98/333 MS: 2 ChangeBit-EraseBytes-
#170	NEW    cov: 120 ft: 428 corp: 34/5657b lim: 333 exec/s: 0 rss: 29Mb L: 169/333 MS: 4 ShuffleBytes-InsertByte-InsertByte-CrossOver-
#179	NEW    cov: 120 ft: 429 corp: 35/5757b lim: 333 exec/s: 0 rss: 29Mb L: 100/333 MS: 4 ChangeByte-CMP-EraseBytes-CopyPart- DE: "trak"-
#205	NEW    cov: 120 ft: 430 corp: 36/6024b lim: 333 exec/s: 0 rss: 29Mb L: 267/333 MS: 1 InsertRepeatedBytes-
#207	NEW    cov: 120 ft: 431 corp: 37/6246b lim: 333 exec/s: 0 rss: 29Mb L: 222/333 MS: 2 CMP-PersAutoDict- DE: "q\001\017\010\031e\000\000"-"\000\003"-
#208	NEW    cov: 120 ft: 432 corp: 38/6316b lim: 333 exec/s: 0 rss: 29Mb L: 70/333 MS: 1 InsertRepeatedBytes-
#230	NEW    cov: 120 ft: 434 corp: 39/6538b lim: 333 exec/s: 0 rss: 29Mb L: 222/333 MS: 2 ChangeByte-PersAutoDict- DE: "\000\003"-
#231	NEW    cov: 120 ft: 438 corp: 40/6852b lim: 333 exec/s: 0 rss: 29Mb L: 314/333 MS: 1 CopyPart-
#240	NEW    cov: 120 ft: 439 corp: 41/6909b lim: 333 exec/s: 0 rss: 29Mb L: 57/333 MS: 4 CopyPart-CMP-CopyPart-InsertByte- DE: "colr"-
#253	NEW    cov: 120 ft: 440 corp: 42/6960b lim: 333 exec/s: 0 rss: 29Mb L: 51/333 MS: 3 ChangeByte-InsertByte-PersAutoDict- DE: "\000\003"-
#269	NEW    cov: 120 ft: 441 corp: 43/7018b lim: 333 exec/s: 0 rss: 29Mb L: 58/333 MS: 1 InsertByte-
#313	REDUCE cov: 120 ft: 441 corp: 43/6964b lim: 333 exec/s: 0 rss: 29Mb L: 250/333 MS: 4 ChangeByte-CrossOver-EraseBytes-PersAutoDict- DE: "trak"-
#318	NEW    cov: 121 ft: 442 corp: 44/6968b lim: 333 exec/s: 0 rss: 29Mb L: 4/333 MS: 5 ShuffleBytes-CMP-ChangeASCIIInt-CrossOver-CrossOver- DE: "\037\000\000\000"-
#400	NEW    cov: 121 ft: 443 corp: 45/7079b lim: 333 exec/s: 0 rss: 29Mb L: 111/333 MS: 2 ChangeByte-CopyPart-
#426	NEW    cov: 121 ft: 444 corp: 46/7323b lim: 333 exec/s: 0 rss: 29Mb L: 244/333 MS: 1 InsertByte-
#438	NEW    cov: 121 ft: 461 corp: 47/7338b lim: 333 exec/s: 0 rss: 29Mb L: 15/333 MS: 2 CopyPart-CrossOver-
#605	NEW    cov: 122 ft: 462 corp: 48/7652b lim: 333 exec/s: 0 rss: 29Mb L: 314/333 MS: 2 InsertRepeatedBytes-InsertRepeatedBytes-
#606	REDUCE cov: 122 ft: 462 corp: 48/7650b lim: 333 exec/s: 0 rss: 29Mb L: 2/333 MS: 1 EraseBytes-
#690	REDUCE cov: 122 ft: 462 corp: 48/7611b lim: 333 exec/s: 0 rss: 29Mb L: 68/333 MS: 4 CopyPart-CMP-ChangeBit-EraseBytes- DE: "stss"-
#732	REDUCE cov: 122 ft: 462 corp: 48/7605b lim: 333 exec/s: 0 rss: 29Mb L: 109/333 MS: 2 CopyPart-EraseBytes-
#756	NEW    cov: 122 ft: 463 corp: 49/7653b lim: 333 exec/s: 0 rss: 29Mb L: 48/333 MS: 4 ShuffleBytes-ChangeBinInt-ChangeBinInt-PersAutoDict- DE: "\037\000\000\000"-
#813	REDUCE cov: 122 ft: 464 corp: 50/7948b lim: 333 exec/s: 0 rss: 29Mb L: 295/333 MS: 2 CopyPart-CopyPart-
#849	REDUCE cov: 122 ft: 464 corp: 50/7855b lim: 333 exec/s: 0 rss: 29Mb L: 137/333 MS: 1 EraseBytes-
#876	REDUCE cov: 122 ft: 464 corp: 50/7805b lim: 333 exec/s: 0 rss: 29Mb L: 117/333 MS: 2 InsertRepeatedBytes-EraseBytes-
#1010	REDUCE cov: 122 ft: 464 corp: 50/7786b lim: 333 exec/s: 0 rss: 29Mb L: 38/333 MS: 4 ChangeBinInt-ChangeBit-ChangeByte-EraseBytes-
#1018	NEW    cov: 122 ft: 470 corp: 51/8107b lim: 333 exec/s: 0 rss: 29Mb L: 321/333 MS: 3 CrossOver-ChangeASCIIInt-CopyPart-
#1069	REDUCE cov: 122 ft: 470 corp: 51/8105b lim: 333 exec/s: 0 rss: 29Mb L: 115/333 MS: 1 EraseBytes-
#1100	REDUCE cov: 122 ft: 470 corp: 51/8102b lim: 333 exec/s: 0 rss: 29Mb L: 18/333 MS: 1 EraseBytes-
#1104	REDUCE cov: 122 ft: 470 corp: 51/8071b lim: 333 exec/s: 0 rss: 29Mb L: 297/333 MS: 4 CMP-ShuffleBytes-InsertByte-CrossOver- DE: "stss"-
#1142	REDUCE cov: 122 ft: 470 corp: 51/8065b lim: 333 exec/s: 0 rss: 29Mb L: 163/333 MS: 3 InsertByte-EraseBytes-InsertByte-
#1202	REDUCE cov: 122 ft: 470 corp: 51/8063b lim: 333 exec/s: 0 rss: 29Mb L: 89/333 MS: 5 CopyPart-ChangeBit-InsertByte-ChangeASCIIInt-EraseBytes-
#1375	NEW    cov: 122 ft: 472 corp: 52/8310b lim: 333 exec/s: 0 rss: 29Mb L: 247/333 MS: 3 ShuffleBytes-ChangeBit-CrossOver-
#1446	REDUCE cov: 122 ft: 472 corp: 52/8309b lim: 333 exec/s: 0 rss: 29Mb L: 1/333 MS: 1 EraseBytes-
#1477	REDUCE cov: 122 ft: 472 corp: 52/8305b lim: 333 exec/s: 0 rss: 29Mb L: 66/333 MS: 1 EraseBytes-
#1519	REDUCE cov: 122 ft: 472 corp: 52/8276b lim: 333 exec/s: 0 rss: 29Mb L: 134/333 MS: 2 EraseBytes-ChangeBinInt-
#1623	REDUCE cov: 122 ft: 472 corp: 52/8274b lim: 333 exec/s: 0 rss: 29Mb L: 258/333 MS: 4 EraseBytes-CopyPart-ChangeBinInt-InsertRepeatedBytes-
#1754	REDUCE cov: 122 ft: 473 corp: 53/8591b lim: 333 exec/s: 0 rss: 29Mb L: 317/333 MS: 1 CopyPart-
#1763	REDUCE cov: 122 ft: 473 corp: 53/8585b lim: 333 exec/s: 0 rss: 29Mb L: 48/333 MS: 4 CopyPart-PersAutoDict-PersAutoDict-EraseBytes- DE: "q\001\017\010\031e\000\000"-"\377\377\3776"-
#1771	REDUCE cov: 122 ft: 473 corp: 53/8584b lim: 333 exec/s: 0 rss: 29Mb L: 108/333 MS: 3 InsertRepeatedBytes-PersAutoDict-EraseBytes- DE: "\377\377\3776"-
#1780	REDUCE cov: 122 ft: 473 corp: 53/8583b lim: 333 exec/s: 0 rss: 29Mb L: 50/333 MS: 4 PersAutoDict-ShuffleBytes-ShuffleBytes-EraseBytes- DE: "\000\003"-
#1816	REDUCE cov: 122 ft: 473 corp: 53/8545b lim: 333 exec/s: 0 rss: 29Mb L: 77/333 MS: 1 EraseBytes-
#1817	NEW    cov: 122 ft: 479 corp: 54/8862b lim: 333 exec/s: 0 rss: 29Mb L: 317/333 MS: 1 EraseBytes-
#1867	REDUCE cov: 122 ft: 479 corp: 54/8857b lim: 333 exec/s: 0 rss: 29Mb L: 93/333 MS: 5 ShuffleBytes-EraseBytes-ShuffleBytes-ChangeASCIIInt-InsertByte-
#1897	REDUCE cov: 122 ft: 479 corp: 54/8854b lim: 333 exec/s: 0 rss: 29Mb L: 65/333 MS: 5 ChangeBinInt-ChangeBinInt-CMP-PersAutoDict-EraseBytes- DE: "\377\377\377\015"-"colr"-
#1953	REDUCE cov: 122 ft: 479 corp: 54/8852b lim: 333 exec/s: 0 rss: 29Mb L: 132/333 MS: 1 EraseBytes-
#2165	REDUCE cov: 122 ft: 479 corp: 54/8850b lim: 333 exec/s: 0 rss: 29Mb L: 75/333 MS: 2 ChangeBinInt-EraseBytes-
#2188	REDUCE cov: 122 ft: 479 corp: 54/8828b lim: 333 exec/s: 0 rss: 29Mb L: 311/333 MS: 3 CopyPart-ChangeByte-EraseBytes-
#2243	NEW    cov: 122 ft: 480 corp: 55/8859b lim: 333 exec/s: 0 rss: 29Mb L: 31/333 MS: 5 ChangeByte-ChangeASCIIInt-ChangeBinInt-EraseBytes-InsertRepeatedBytes-
#2244	REDUCE cov: 122 ft: 480 corp: 55/8841b lim: 333 exec/s: 0 rss: 29Mb L: 293/333 MS: 1 EraseBytes-
#2276	REDUCE cov: 122 ft: 480 corp: 55/8822b lim: 333 exec/s: 0 rss: 29Mb L: 190/333 MS: 2 CMP-EraseBytes- DE: "\037\000\000\000"-
#2303	REDUCE cov: 122 ft: 480 corp: 55/8818b lim: 333 exec/s: 0 rss: 29Mb L: 44/333 MS: 2 PersAutoDict-EraseBytes- DE: "colr"-
#2340	NEW    cov: 123 ft: 483 corp: 56/9151b lim: 333 exec/s: 0 rss: 29Mb L: 333/333 MS: 2 ChangeByte-ShuffleBytes-
#2452	REDUCE cov: 123 ft: 483 corp: 56/9132b lim: 333 exec/s: 0 rss: 29Mb L: 219/333 MS: 2 InsertByte-EraseBytes-
#2516	NEW    cov: 123 ft: 488 corp: 57/9275b lim: 333 exec/s: 0 rss: 29Mb L: 143/333 MS: 4 ChangeBinInt-CrossOver-InsertByte-CMP- DE: "urn "-
#2567	REDUCE cov: 123 ft: 488 corp: 57/9261b lim: 333 exec/s: 0 rss: 29Mb L: 30/333 MS: 1 EraseBytes-
#2659	NEW    cov: 123 ft: 490 corp: 58/9416b lim: 333 exec/s: 0 rss: 29Mb L: 155/333 MS: 2 ChangeByte-CrossOver-
#2810	REDUCE cov: 123 ft: 490 corp: 58/9415b lim: 333 exec/s: 0 rss: 29Mb L: 49/333 MS: 1 EraseBytes-
#2811	REDUCE cov: 123 ft: 490 corp: 58/9403b lim: 333 exec/s: 0 rss: 29Mb L: 18/333 MS: 1 EraseBytes-
#2886	REDUCE cov: 123 ft: 490 corp: 58/9398b lim: 333 exec/s: 0 rss: 29Mb L: 162/333 MS: 5 ChangeBinInt-ChangeByte-ChangeBit-ChangeByte-EraseBytes-
#2905	NEW    cov: 123 ft: 492 corp: 59/9654b lim: 333 exec/s: 0 rss: 29Mb L: 256/333 MS: 4 CMP-ChangeByte-ShuffleBytes-CMP- DE: "\001\013"-"W ts"-
#3022	REDUCE cov: 123 ft: 492 corp: 59/9639b lim: 333 exec/s: 0 rss: 29Mb L: 306/333 MS: 2 ChangeBinInt-EraseBytes-
#3028	REDUCE cov: 123 ft: 492 corp: 59/9635b lim: 333 exec/s: 0 rss: 29Mb L: 71/333 MS: 1 EraseBytes-
#3090	REDUCE cov: 123 ft: 492 corp: 59/9625b lim: 333 exec/s: 0 rss: 29Mb L: 122/333 MS: 2 EraseBytes-PersAutoDict- DE: "\000\003"-
#3326	REDUCE cov: 123 ft: 492 corp: 59/9623b lim: 333 exec/s: 0 rss: 29Mb L: 69/333 MS: 1 EraseBytes-
#3332	REDUCE cov: 123 ft: 492 corp: 59/9619b lim: 333 exec/s: 0 rss: 29Mb L: 14/333 MS: 1 EraseBytes-
#3367	REDUCE cov: 123 ft: 492 corp: 59/9606b lim: 333 exec/s: 0 rss: 29Mb L: 18/333 MS: 5 CMP-CopyPart-ChangeByte-InsertByte-EraseBytes- DE: "stss"-
#3503	NEW    cov: 123 ft: 493 corp: 60/9614b lim: 333 exec/s: 0 rss: 29Mb L: 8/333 MS: 1 EraseBytes-
#3538	NEW    cov: 123 ft: 494 corp: 61/9878b lim: 333 exec/s: 0 rss: 29Mb L: 264/333 MS: 5 EraseBytes-CMP-CrossOver-CrossOver-InsertByte- DE: "\014\000\000\000"-
#3600	REDUCE cov: 123 ft: 494 corp: 61/9851b lim: 333 exec/s: 0 rss: 29Mb L: 225/333 MS: 2 ChangeBinInt-EraseBytes-
#3657	REDUCE cov: 123 ft: 494 corp: 61/9816b lim: 333 exec/s: 0 rss: 29Mb L: 128/333 MS: 2 ChangeBit-EraseBytes-
#3678	REDUCE cov: 123 ft: 494 corp: 61/9802b lim: 333 exec/s: 0 rss: 29Mb L: 205/333 MS: 1 EraseBytes-
#3679	REDUCE cov: 123 ft: 494 corp: 61/9800b lim: 333 exec/s: 0 rss: 29Mb L: 13/333 MS: 1 EraseBytes-
#3716	REDUCE cov: 123 ft: 494 corp: 61/9799b lim: 333 exec/s: 0 rss: 29Mb L: 65/333 MS: 2 ChangeBit-EraseBytes-
#3722	NEW    cov: 123 ft: 499 corp: 62/10043b lim: 333 exec/s: 0 rss: 29Mb L: 244/333 MS: 1 ChangeBit-
#3798	REDUCE cov: 123 ft: 499 corp: 62/10041b lim: 333 exec/s: 0 rss: 29Mb L: 153/333 MS: 1 EraseBytes-
#3853	REDUCE cov: 123 ft: 499 corp: 62/10012b lim: 333 exec/s: 0 rss: 29Mb L: 99/333 MS: 5 InsertByte-InsertByte-InsertByte-CopyPart-EraseBytes-
#3857	REDUCE cov: 123 ft: 499 corp: 62/9988b lim: 333 exec/s: 0 rss: 29Mb L: 104/333 MS: 4 ShuffleBytes-EraseBytes-ChangeBinInt-CrossOver-
#4014	REDUCE cov: 123 ft: 499 corp: 62/9979b lim: 333 exec/s: 0 rss: 29Mb L: 9/333 MS: 2 ChangeBit-EraseBytes-
#4155	NEW    cov: 123 ft: 500 corp: 63/10222b lim: 333 exec/s: 0 rss: 29Mb L: 243/333 MS: 1 ShuffleBytes-
#4527	REDUCE cov: 123 ft: 500 corp: 63/10179b lim: 333 exec/s: 0 rss: 29Mb L: 252/333 MS: 2 ChangeBit-EraseBytes-
#4530	REDUCE cov: 123 ft: 500 corp: 63/10173b lim: 333 exec/s: 0 rss: 29Mb L: 8/333 MS: 3 InsertByte-ChangeByte-EraseBytes-
#4773	NEW    cov: 123 ft: 512 corp: 64/10501b lim: 333 exec/s: 0 rss: 29Mb L: 328/333 MS: 3 ShuffleBytes-ChangeBinInt-InsertRepeatedBytes-
#4794	REDUCE cov: 123 ft: 512 corp: 64/10499b lim: 333 exec/s: 0 rss: 29Mb L: 256/333 MS: 1 EraseBytes-
#4826	REDUCE cov: 123 ft: 512 corp: 64/10422b lim: 333 exec/s: 0 rss: 29Mb L: 173/333 MS: 2 ShuffleBytes-EraseBytes-
#5136	REDUCE cov: 123 ft: 512 corp: 64/10396b lim: 333 exec/s: 0 rss: 29Mb L: 85/333 MS: 5 ChangeBinInt-InsertByte-CMP-ShuffleBytes-EraseBytes- DE: "edts"-
#5447	REDUCE cov: 123 ft: 512 corp: 64/10395b lim: 333 exec/s: 0 rss: 30Mb L: 57/333 MS: 1 EraseBytes-
#5472	REDUCE cov: 123 ft: 512 corp: 64/10379b lim: 333 exec/s: 0 rss: 30Mb L: 32/333 MS: 5 ChangeBinInt-CrossOver-ChangeBinInt-CMP-EraseBytes- DE: "\001\000e\031\010\017\201\300"-
#5555	REDUCE cov: 123 ft: 512 corp: 64/10378b lim: 333 exec/s: 0 rss: 30Mb L: 103/333 MS: 3 ChangeASCIIInt-ChangeByte-EraseBytes-
#5667	REDUCE cov: 123 ft: 512 corp: 64/10313b lim: 333 exec/s: 0 rss: 30Mb L: 187/333 MS: 2 ChangeBit-EraseBytes-
#5701	REDUCE cov: 123 ft: 512 corp: 64/10213b lim: 333 exec/s: 5701 rss: 30Mb L: 214/333 MS: 3 ChangeBinInt-ChangeByte-EraseBytes-
#5769	REDUCE cov: 123 ft: 512 corp: 64/10211b lim: 333 exec/s: 5769 rss: 30Mb L: 101/333 MS: 3 ChangeByte-CrossOver-EraseBytes-
#5943	REDUCE cov: 123 ft: 512 corp: 64/10181b lim: 333 exec/s: 5943 rss: 30Mb L: 69/333 MS: 4 InsertByte-CMP-CrossOver-EraseBytes- DE: "strk"-
#6071	REDUCE cov: 123 ft: 512 corp: 64/10159b lim: 333 exec/s: 6071 rss: 30Mb L: 27/333 MS: 3 InsertByte-CMP-EraseBytes- DE: "\377\377}\370\314\003\270o"-
#6085	REDUCE cov: 123 ft: 512 corp: 64/10144b lim: 333 exec/s: 6085 rss: 30Mb L: 122/333 MS: 4 CopyPart-EraseBytes-ChangeBinInt-CopyPart-
#6188	REDUCE cov: 123 ft: 512 corp: 64/10141b lim: 333 exec/s: 6188 rss: 30Mb L: 325/333 MS: 3 EraseBytes-ShuffleBytes-InsertRepeatedBytes-
#6381	REDUCE cov: 123 ft: 512 corp: 64/10134b lim: 333 exec/s: 6381 rss: 30Mb L: 237/333 MS: 3 ChangeByte-ChangeByte-EraseBytes-
#6532	REDUCE cov: 123 ft: 512 corp: 64/10074b lim: 333 exec/s: 6532 rss: 30Mb L: 93/333 MS: 1 EraseBytes-
#6533	REDUCE cov: 123 ft: 512 corp: 64/10034b lim: 333 exec/s: 6533 rss: 30Mb L: 182/333 MS: 1 EraseBytes-
#6739	REDUCE cov: 123 ft: 512 corp: 64/10031b lim: 333 exec/s: 6739 rss: 30Mb L: 35/333 MS: 1 EraseBytes-
#6753	REDUCE cov: 123 ft: 512 corp: 64/9929b lim: 333 exec/s: 6753 rss: 30Mb L: 215/333 MS: 4 PersAutoDict-ShuffleBytes-ShuffleBytes-EraseBytes- DE: "\001\000e\031\010\017\201\300"-
#6824	REDUCE cov: 123 ft: 512 corp: 64/9905b lim: 333 exec/s: 6824 rss: 30Mb L: 45/333 MS: 1 EraseBytes-
#6861	REDUCE cov: 123 ft: 515 corp: 65/10054b lim: 333 exec/s: 6861 rss: 30Mb L: 149/333 MS: 2 CMP-CrossOver- DE: "\001\000"-
#6948	REDUCE cov: 123 ft: 515 corp: 65/10046b lim: 333 exec/s: 6948 rss: 30Mb L: 32/333 MS: 2 PersAutoDict-EraseBytes- DE: "strk"-
#6980	REDUCE cov: 123 ft: 515 corp: 65/10045b lim: 333 exec/s: 6980 rss: 30Mb L: 29/333 MS: 2 EraseBytes-InsertByte-
#7171	REDUCE cov: 123 ft: 515 corp: 65/9974b lim: 333 exec/s: 7171 rss: 30Mb L: 72/333 MS: 1 EraseBytes-
#7448	REDUCE cov: 123 ft: 515 corp: 65/9971b lim: 333 exec/s: 7448 rss: 30Mb L: 105/333 MS: 2 ChangeBinInt-EraseBytes-
#7524	REDUCE cov: 123 ft: 515 corp: 65/9966b lim: 333 exec/s: 7524 rss: 30Mb L: 220/333 MS: 1 EraseBytes-
#7616	REDUCE cov: 123 ft: 515 corp: 65/9965b lim: 333 exec/s: 7616 rss: 30Mb L: 71/333 MS: 2 ChangeASCIIInt-EraseBytes-
#7643	REDUCE cov: 123 ft: 515 corp: 65/9926b lim: 333 exec/s: 7643 rss: 30Mb L: 110/333 MS: 2 ChangeBinInt-CrossOver-
#8198	REDUCE cov: 123 ft: 515 corp: 65/9919b lim: 333 exec/s: 8198 rss: 30Mb L: 115/333 MS: 5 InsertByte-ChangeBinInt-ChangeByte-PersAutoDict-EraseBytes- DE: "colr"-
#8244	REDUCE cov: 123 ft: 515 corp: 65/9892b lim: 333 exec/s: 8244 rss: 30Mb L: 66/333 MS: 1 EraseBytes-
#8351	REDUCE cov: 123 ft: 515 corp: 65/9891b lim: 333 exec/s: 8351 rss: 30Mb L: 8/333 MS: 2 PersAutoDict-EraseBytes- DE: "trak"-
#8363	REDUCE cov: 123 ft: 515 corp: 65/9887b lim: 333 exec/s: 8363 rss: 30Mb L: 97/333 MS: 2 ChangeBit-EraseBytes-
#8474	REDUCE cov: 123 ft: 515 corp: 65/9867b lim: 333 exec/s: 8474 rss: 30Mb L: 25/333 MS: 1 EraseBytes-
#8521	REDUCE cov: 123 ft: 515 corp: 65/9864b lim: 333 exec/s: 8521 rss: 30Mb L: 82/333 MS: 2 ShuffleBytes-EraseBytes-
#8749	REDUCE cov: 123 ft: 515 corp: 65/9812b lim: 333 exec/s: 8749 rss: 30Mb L: 121/333 MS: 3 InsertRepeatedBytes-ChangeBit-EraseBytes-
#8887	REDUCE cov: 123 ft: 515 corp: 65/9789b lim: 333 exec/s: 8887 rss: 30Mb L: 92/333 MS: 3 ChangeASCIIInt-CopyPart-EraseBytes-
#9079	REDUCE cov: 123 ft: 515 corp: 65/9778b lim: 333 exec/s: 9079 rss: 30Mb L: 236/333 MS: 2 ChangeBit-EraseBytes-
#9158	REDUCE cov: 123 ft: 515 corp: 65/9767b lim: 333 exec/s: 9158 rss: 30Mb L: 179/333 MS: 4 ChangeByte-CrossOver-CMP-InsertRepeatedBytes- DE: "4osi"-
#9296	REDUCE cov: 123 ft: 515 corp: 65/9750b lim: 333 exec/s: 9296 rss: 30Mb L: 75/333 MS: 3 ChangeBit-EraseBytes-InsertRepeatedBytes-
#9506	REDUCE cov: 123 ft: 515 corp: 65/9722b lim: 333 exec/s: 9506 rss: 30Mb L: 265/333 MS: 5 CMP-ChangeBit-ChangeByte-CMP-EraseBytes- DE: "\377\377}\370\314\005\221\240"-" \000"-
#10232	REDUCE cov: 123 ft: 515 corp: 65/9721b lim: 333 exec/s: 10232 rss: 30Mb L: 235/333 MS: 1 EraseBytes-
#10589	REDUCE cov: 123 ft: 515 corp: 65/9694b lim: 333 exec/s: 10589 rss: 30Mb L: 48/333 MS: 2 CrossOver-CrossOver-
#11134	REDUCE cov: 123 ft: 515 corp: 65/9674b lim: 333 exec/s: 11134 rss: 30Mb L: 142/333 MS: 5 ShuffleBytes-EraseBytes-ShuffleBytes-InsertRepeatedBytes-ShuffleBytes-
#11221	REDUCE cov: 123 ft: 515 corp: 65/9648b lim: 333 exec/s: 11221 rss: 30Mb L: 188/333 MS: 2 CMP-EraseBytes- DE: "\000\000\000\010"-
#12029	NEW    cov: 123 ft: 516 corp: 66/9904b lim: 341 exec/s: 12029 rss: 30Mb L: 256/333 MS: 3 ChangeBit-ShuffleBytes-CopyPart-
#12063	REDUCE cov: 123 ft: 516 corp: 66/9886b lim: 341 exec/s: 12063 rss: 30Mb L: 279/333 MS: 4 PersAutoDict-ChangeBit-ChangeByte-EraseBytes- DE: "\000\000\000\010"-
#12195	REDUCE cov: 123 ft: 516 corp: 66/9876b lim: 341 exec/s: 6097 rss: 30Mb L: 246/333 MS: 2 InsertByte-EraseBytes-
#12711	REDUCE cov: 123 ft: 516 corp: 66/9873b lim: 341 exec/s: 6355 rss: 30Mb L: 10/333 MS: 1 EraseBytes-
#12977	REDUCE cov: 123 ft: 519 corp: 67/9982b lim: 341 exec/s: 6488 rss: 30Mb L: 109/333 MS: 1 CMP- DE: "hvcC"-
#13198	REDUCE cov: 123 ft: 519 corp: 67/9962b lim: 341 exec/s: 6599 rss: 30Mb L: 51/333 MS: 1 EraseBytes-
#13464	REDUCE cov: 123 ft: 519 corp: 67/9960b lim: 341 exec/s: 6732 rss: 30Mb L: 64/333 MS: 1 EraseBytes-
#13832	REDUCE cov: 123 ft: 519 corp: 67/9928b lim: 341 exec/s: 6916 rss: 30Mb L: 89/333 MS: 3 PersAutoDict-ChangeBinInt-EraseBytes- DE: "\000\003"-
#13926	REDUCE cov: 123 ft: 519 corp: 67/9912b lim: 341 exec/s: 6963 rss: 30Mb L: 160/333 MS: 4 CrossOver-CrossOver-CrossOver-InsertByte-
#14070	REDUCE cov: 123 ft: 519 corp: 67/9905b lim: 341 exec/s: 7035 rss: 30Mb L: 214/333 MS: 4 ChangeBit-CopyPart-ChangeBit-EraseBytes-
#14282	REDUCE cov: 123 ft: 519 corp: 67/9899b lim: 341 exec/s: 7141 rss: 30Mb L: 19/333 MS: 2 ChangeByte-EraseBytes-
#14438	REDUCE cov: 123 ft: 519 corp: 67/9893b lim: 341 exec/s: 7219 rss: 30Mb L: 103/333 MS: 1 EraseBytes-
#14683	REDUCE cov: 123 ft: 519 corp: 67/9888b lim: 341 exec/s: 7341 rss: 30Mb L: 301/333 MS: 5 EraseBytes-EraseBytes-ChangeByte-ChangeBinInt-InsertRepeatedBytes-
#14964	REDUCE cov: 123 ft: 519 corp: 67/9853b lim: 341 exec/s: 7482 rss: 30Mb L: 68/333 MS: 1 EraseBytes-
#15135	REDUCE cov: 123 ft: 519 corp: 67/9843b lim: 341 exec/s: 7567 rss: 30Mb L: 112/333 MS: 1 EraseBytes-
#15182	REDUCE cov: 123 ft: 519 corp: 67/9842b lim: 341 exec/s: 7591 rss: 30Mb L: 34/333 MS: 2 PersAutoDict-EraseBytes- DE: "\377\377}\370\314\005\221\240"-
#15183	REDUCE cov: 123 ft: 519 corp: 67/9835b lim: 341 exec/s: 7591 rss: 30Mb L: 105/333 MS: 1 EraseBytes-
#15269	REDUCE cov: 123 ft: 519 corp: 67/9811b lim: 341 exec/s: 7634 rss: 30Mb L: 166/333 MS: 1 EraseBytes-
#15330	REDUCE cov: 123 ft: 519 corp: 67/9800b lim: 341 exec/s: 7665 rss: 30Mb L: 37/333 MS: 1 EraseBytes-
#15465	REDUCE cov: 123 ft: 519 corp: 67/9766b lim: 341 exec/s: 7732 rss: 30Mb L: 71/333 MS: 5 InsertByte-InsertRepeatedBytes-InsertByte-EraseBytes-CMP- DE: "sinf"-
#15571	NEW    cov: 123 ft: 520 corp: 68/10091b lim: 341 exec/s: 7785 rss: 30Mb L: 325/333 MS: 1 CrossOver-
#15627	REDUCE cov: 123 ft: 520 corp: 68/10090b lim: 341 exec/s: 7813 rss: 30Mb L: 324/333 MS: 1 EraseBytes-
#15828	NEW    cov: 124 ft: 521 corp: 69/10418b lim: 341 exec/s: 7914 rss: 30Mb L: 328/333 MS: 1 CopyPart-
#15925	REDUCE cov: 124 ft: 521 corp: 69/10412b lim: 341 exec/s: 7962 rss: 30Mb L: 83/333 MS: 2 ChangeBinInt-EraseBytes-
#15928	REDUCE cov: 124 ft: 521 corp: 69/10404b lim: 341 exec/s: 7964 rss: 30Mb L: 174/333 MS: 3 CMP-ChangeByte-EraseBytes- DE: "\003\000\000\000\001\000\000\000"-
#16250	REDUCE cov: 124 ft: 521 corp: 69/10386b lim: 341 exec/s: 8125 rss: 30Mb L: 46/333 MS: 2 ChangeByte-EraseBytes-
#16376	REDUCE cov: 124 ft: 521 corp: 69/10384b lim: 341 exec/s: 8188 rss: 30Mb L: 35/333 MS: 1 EraseBytes-
#16384	pulse  cov: 124 ft: 521 corp: 69/10384b lim: 341 exec/s: 8192 rss: 30Mb
#16723	REDUCE cov: 124 ft: 521 corp: 69/10383b lim: 341 exec/s: 8361 rss: 30Mb L: 33/333 MS: 2 ChangeByte-EraseBytes-
#16838	REDUCE cov: 124 ft: 521 corp: 69/10374b lim: 341 exec/s: 8419 rss: 30Mb L: 62/333 MS: 5 InsertRepeatedBytes-CrossOver-ChangeASCIIInt-ChangeASCIIInt-EraseBytes-
#17334	REDUCE cov: 124 ft: 521 corp: 69/10369b lim: 341 exec/s: 8667 rss: 30Mb L: 320/333 MS: 1 EraseBytes-
#17536	REDUCE cov: 124 ft: 521 corp: 69/10363b lim: 341 exec/s: 8768 rss: 30Mb L: 273/333 MS: 2 InsertByte-EraseBytes-
==125699== ERROR: libFuzzer: out-of-memory (used: 1763Mb; limit: 1024Mb)
   To change the out-of-memory limit use -rss_limit_mb=<N>

MS: 3 InsertRepeatedBytes-InsertByte-InsertRepeatedBytes-; base unit: c38267d16a56dad60efda620bf044c8171daa91b
artifact_prefix='/results/crashes/20260313_150326_60f2cb03_'; Test unit written to /results/crashes/20260313_150326_60f2cb03_oom-c9c15c31ac0e9dcdfa1134ccc2d395ab13480c95
SUMMARY: libFuzzer: out-of-memory
stat::number_of_executed_units: 18049
stat::average_exec_per_sec:     4512
stat::new_units_added:          186
stat::slowest_unit_time_sec:    0
stat::peak_rss_mb:              1763
