INFO: Running with entropic power schedule (0xFF, 100).
INFO: Seed: 3333169547
INFO: Loaded 1 modules   (252 inline 8-bit counters): 252 [0x5e3cb4ab3678, 0x5e3cb4ab3774), 
INFO: Loaded 1 PC tables (252 PCs): 252 [0x5e3cb4ab3778,0x5e3cb4ab4738), 
INFO:        4 files found in /tmp/corpus_20260313_143116_fe4a21a8
INFO: seed corpus: files: 4 min: 48b max: 333b total: 853b rss: 28Mb
#5	INITED cov: 118 ft: 252 corp: 4/853b exec/s: 0 rss: 29Mb
#6	NEW    cov: 119 ft: 269 corp: 5/1151b lim: 333 exec/s: 0 rss: 29Mb L: 298/333 MS: 1 CrossOver-
#10	NEW    cov: 119 ft: 270 corp: 6/1371b lim: 333 exec/s: 0 rss: 29Mb L: 220/333 MS: 4 EraseBytes-InsertRepeatedBytes-EraseBytes-InsertByte-
#15	NEW    cov: 119 ft: 276 corp: 7/1546b lim: 333 exec/s: 0 rss: 29Mb L: 175/333 MS: 5 InsertRepeatedBytes-ChangeBinInt-ChangeByte-EraseBytes-EraseBytes-
#17	NEW    cov: 119 ft: 281 corp: 8/1865b lim: 333 exec/s: 0 rss: 29Mb L: 319/333 MS: 2 CopyPart-InsertRepeatedBytes-
#20	NEW    cov: 119 ft: 297 corp: 9/1974b lim: 333 exec/s: 0 rss: 29Mb L: 109/333 MS: 3 ShuffleBytes-ChangeBit-InsertRepeatedBytes-
#23	NEW    cov: 120 ft: 305 corp: 10/2267b lim: 333 exec/s: 0 rss: 29Mb L: 293/333 MS: 3 InsertRepeatedBytes-CopyPart-CMP- DE: "\001\000\000\011"-
#24	NEW    cov: 120 ft: 306 corp: 11/2450b lim: 333 exec/s: 0 rss: 29Mb L: 183/333 MS: 1 CMP- DE: "\343d*\325<^\000\000"-
#30	NEW    cov: 120 ft: 309 corp: 12/2542b lim: 333 exec/s: 0 rss: 29Mb L: 92/333 MS: 1 EraseBytes-
#36	NEW    cov: 121 ft: 311 corp: 13/2860b lim: 333 exec/s: 0 rss: 29Mb L: 318/333 MS: 1 InsertRepeatedBytes-
#38	NEW    cov: 121 ft: 312 corp: 14/2960b lim: 333 exec/s: 0 rss: 29Mb L: 100/333 MS: 2 ShuffleBytes-CMP- DE: "\377\377]<\264\207\326c"-
#45	NEW    cov: 121 ft: 313 corp: 15/3077b lim: 333 exec/s: 0 rss: 29Mb L: 117/333 MS: 2 CopyPart-PersAutoDict- DE: "\343d*\325<^\000\000"-
#46	NEW    cov: 121 ft: 362 corp: 16/3106b lim: 333 exec/s: 0 rss: 29Mb L: 29/333 MS: 1 EraseBytes-
#47	NEW    cov: 121 ft: 371 corp: 17/3401b lim: 333 exec/s: 0 rss: 29Mb L: 295/333 MS: 1 CrossOver-
#56	NEW    cov: 121 ft: 373 corp: 18/3721b lim: 333 exec/s: 0 rss: 29Mb L: 320/333 MS: 4 ShuffleBytes-ShuffleBytes-PersAutoDict-InsertRepeatedBytes- DE: "\001\000\000\011"-
#57	NEW    cov: 121 ft: 374 corp: 19/3829b lim: 333 exec/s: 0 rss: 29Mb L: 108/333 MS: 1 PersAutoDict- DE: "\343d*\325<^\000\000"-
#58	NEW    cov: 121 ft: 375 corp: 20/4081b lim: 333 exec/s: 0 rss: 29Mb L: 252/333 MS: 1 CopyPart-
#78	NEW    cov: 121 ft: 376 corp: 21/4211b lim: 333 exec/s: 0 rss: 29Mb L: 130/333 MS: 5 CopyPart-ChangeBinInt-ShuffleBytes-ChangeASCIIInt-InsertRepeatedBytes-
#79	NEW    cov: 121 ft: 380 corp: 22/4345b lim: 333 exec/s: 0 rss: 29Mb L: 134/333 MS: 1 EraseBytes-
#89	NEW    cov: 121 ft: 382 corp: 23/4601b lim: 333 exec/s: 0 rss: 29Mb L: 256/333 MS: 5 EraseBytes-CopyPart-InsertRepeatedBytes-CopyPart-InsertRepeatedBytes-
#96	NEW    cov: 122 ft: 384 corp: 24/4923b lim: 333 exec/s: 0 rss: 29Mb L: 322/333 MS: 2 CMP-PersAutoDict- DE: "dinf"-"\001\000\000\011"-
#99	NEW    cov: 122 ft: 388 corp: 25/5029b lim: 333 exec/s: 0 rss: 29Mb L: 106/333 MS: 3 ShuffleBytes-CMP-InsertRepeatedBytes- DE: " \000"-
#108	NEW    cov: 122 ft: 398 corp: 26/5060b lim: 333 exec/s: 0 rss: 29Mb L: 31/333 MS: 4 ShuffleBytes-PersAutoDict-PersAutoDict-ChangeByte- DE: "\001\000\000\011"-" \000"-
#109	NEW    cov: 123 ft: 409 corp: 27/5108b lim: 333 exec/s: 0 rss: 29Mb L: 48/333 MS: 1 ChangeByte-
#123	NEW    cov: 123 ft: 410 corp: 28/5164b lim: 333 exec/s: 0 rss: 29Mb L: 56/333 MS: 4 InsertByte-InsertRepeatedBytes-ShuffleBytes-CrossOver-
#132	NEW    cov: 123 ft: 411 corp: 29/5400b lim: 333 exec/s: 0 rss: 29Mb L: 236/333 MS: 4 InsertByte-CrossOver-ChangeByte-CMP- DE: "mere"-
#157	NEW    cov: 123 ft: 420 corp: 30/5627b lim: 333 exec/s: 0 rss: 29Mb L: 227/333 MS: 5 CMP-CopyPart-InsertByte-InsertByte-InsertByte- DE: "\031\000\000\000"-
#168	REDUCE cov: 123 ft: 420 corp: 30/5626b lim: 333 exec/s: 0 rss: 29Mb L: 30/333 MS: 1 EraseBytes-
#174	NEW    cov: 123 ft: 421 corp: 31/5950b lim: 333 exec/s: 0 rss: 29Mb L: 324/333 MS: 1 CMP- DE: "6osi"-
#212	NEW    cov: 123 ft: 427 corp: 32/6060b lim: 333 exec/s: 0 rss: 29Mb L: 110/333 MS: 3 ChangeBit-InsertByte-InsertByte-
#218	NEW    cov: 123 ft: 434 corp: 33/6127b lim: 333 exec/s: 0 rss: 29Mb L: 67/333 MS: 1 InsertRepeatedBytes-
#228	NEW    cov: 123 ft: 435 corp: 34/6192b lim: 333 exec/s: 0 rss: 29Mb L: 65/333 MS: 5 PersAutoDict-ChangeByte-ShuffleBytes-ChangeByte-EraseBytes- DE: "dinf"-
#231	NEW    cov: 123 ft: 436 corp: 35/6241b lim: 333 exec/s: 0 rss: 29Mb L: 49/333 MS: 3 ChangeBinInt-InsertByte-ChangeByte-
#232	NEW    cov: 123 ft: 437 corp: 36/6458b lim: 333 exec/s: 0 rss: 29Mb L: 217/333 MS: 1 CrossOver-
#240	NEW    cov: 123 ft: 438 corp: 37/6594b lim: 333 exec/s: 0 rss: 29Mb L: 136/333 MS: 3 ChangeBit-InsertRepeatedBytes-CopyPart-
#249	NEW    cov: 123 ft: 439 corp: 38/6919b lim: 333 exec/s: 0 rss: 29Mb L: 325/333 MS: 4 ChangeASCIIInt-ChangeBinInt-InsertByte-CopyPart-
#316	NEW    cov: 123 ft: 440 corp: 39/7252b lim: 333 exec/s: 0 rss: 29Mb L: 333/333 MS: 2 ChangeBinInt-ChangeBinInt-
#364	NEW    cov: 123 ft: 441 corp: 40/7312b lim: 333 exec/s: 0 rss: 29Mb L: 60/333 MS: 3 CMP-ShuffleBytes-CMP- DE: "\377\377\377\021"-"\015\000\000\000"-
#373	NEW    cov: 123 ft: 442 corp: 41/7634b lim: 333 exec/s: 0 rss: 29Mb L: 322/333 MS: 4 InsertByte-ChangeByte-InsertByte-ChangeBit-
#440	REDUCE cov: 123 ft: 442 corp: 41/7579b lim: 333 exec/s: 0 rss: 29Mb L: 278/333 MS: 2 ChangeBinInt-EraseBytes-
#446	NEW    cov: 123 ft: 443 corp: 42/7804b lim: 333 exec/s: 0 rss: 29Mb L: 225/333 MS: 1 CrossOver-
#455	NEW    cov: 123 ft: 444 corp: 43/8066b lim: 333 exec/s: 0 rss: 29Mb L: 262/333 MS: 4 ChangeByte-ChangeBit-ShuffleBytes-CopyPart-
#497	REDUCE cov: 123 ft: 444 corp: 43/8043b lim: 333 exec/s: 0 rss: 29Mb L: 37/333 MS: 2 PersAutoDict-EraseBytes- DE: "\377\377\377\021"-
#509	NEW    cov: 123 ft: 445 corp: 44/8303b lim: 333 exec/s: 0 rss: 29Mb L: 260/333 MS: 2 CopyPart-CrossOver-
#539	NEW    cov: 124 ft: 446 corp: 45/8309b lim: 333 exec/s: 0 rss: 29Mb L: 6/333 MS: 5 CopyPart-ChangeByte-ChangeBit-InsertByte-CrossOver-
#554	NEW    cov: 124 ft: 447 corp: 46/8637b lim: 333 exec/s: 0 rss: 29Mb L: 328/333 MS: 5 InsertRepeatedBytes-EraseBytes-EraseBytes-CrossOver-CopyPart-
#564	REDUCE cov: 124 ft: 447 corp: 46/8470b lim: 333 exec/s: 0 rss: 29Mb L: 152/333 MS: 5 CopyPart-CrossOver-ChangeASCIIInt-CrossOver-CopyPart-
#603	REDUCE cov: 124 ft: 447 corp: 46/8465b lim: 333 exec/s: 0 rss: 29Mb L: 25/333 MS: 4 PersAutoDict-ShuffleBytes-ChangeBit-EraseBytes- DE: "\015\000\000\000"-
#606	NEW    cov: 124 ft: 465 corp: 47/8477b lim: 333 exec/s: 0 rss: 29Mb L: 12/333 MS: 3 ChangeBinInt-CopyPart-CrossOver-
#607	REDUCE cov: 124 ft: 465 corp: 47/8472b lim: 333 exec/s: 0 rss: 29Mb L: 105/333 MS: 1 EraseBytes-
#619	REDUCE cov: 124 ft: 475 corp: 48/8495b lim: 333 exec/s: 0 rss: 29Mb L: 23/333 MS: 2 PersAutoDict-EraseBytes- DE: "6osi"-
#623	REDUCE cov: 124 ft: 479 corp: 49/8782b lim: 333 exec/s: 0 rss: 29Mb L: 287/333 MS: 4 CrossOver-InsertByte-ChangeByte-CopyPart-
#657	NEW    cov: 124 ft: 480 corp: 50/8797b lim: 333 exec/s: 0 rss: 29Mb L: 15/333 MS: 4 CMP-PersAutoDict-InsertByte-CrossOver- DE: "S\002\210\264<^\000\000"-"dinf"-
#694	REDUCE cov: 124 ft: 480 corp: 50/8537b lim: 333 exec/s: 0 rss: 29Mb L: 18/333 MS: 2 ChangeByte-CrossOver-
#826	REDUCE cov: 124 ft: 480 corp: 50/8507b lim: 333 exec/s: 0 rss: 29Mb L: 76/333 MS: 2 ChangeByte-EraseBytes-
#890	REDUCE cov: 124 ft: 480 corp: 50/8471b lim: 333 exec/s: 0 rss: 29Mb L: 288/333 MS: 4 ShuffleBytes-InsertRepeatedBytes-InsertByte-EraseBytes-
#950	REDUCE cov: 124 ft: 480 corp: 50/8425b lim: 333 exec/s: 0 rss: 29Mb L: 190/333 MS: 5 ChangeBinInt-ChangeBinInt-InsertRepeatedBytes-ChangeBit-EraseBytes-
#971	NEW    cov: 124 ft: 481 corp: 51/8720b lim: 333 exec/s: 0 rss: 29Mb L: 295/333 MS: 1 CrossOver-
#992	REDUCE cov: 124 ft: 481 corp: 51/8716b lim: 333 exec/s: 0 rss: 29Mb L: 11/333 MS: 1 EraseBytes-
#1037	REDUCE cov: 124 ft: 481 corp: 51/8710b lim: 333 exec/s: 0 rss: 29Mb L: 19/333 MS: 5 InsertByte-CrossOver-ChangeBit-InsertByte-EraseBytes-
#1068	REDUCE cov: 124 ft: 481 corp: 51/8652b lim: 333 exec/s: 0 rss: 29Mb L: 264/333 MS: 1 EraseBytes-
#1069	REDUCE cov: 124 ft: 481 corp: 51/8651b lim: 333 exec/s: 0 rss: 29Mb L: 10/333 MS: 1 EraseBytes-
#1088	NEW    cov: 124 ft: 486 corp: 52/8949b lim: 333 exec/s: 0 rss: 29Mb L: 298/333 MS: 4 ChangeASCIIInt-ChangeBit-CrossOver-CrossOver-
#1101	REDUCE cov: 124 ft: 486 corp: 52/8943b lim: 333 exec/s: 0 rss: 29Mb L: 130/333 MS: 3 EraseBytes-ShuffleBytes-ChangeByte-
#1163	NEW    cov: 124 ft: 487 corp: 53/8992b lim: 333 exec/s: 0 rss: 29Mb L: 49/333 MS: 2 PersAutoDict-InsertByte- DE: "\031\000\000\000"-
#1175	NEW    cov: 124 ft: 488 corp: 54/9304b lim: 333 exec/s: 0 rss: 29Mb L: 312/333 MS: 2 ChangeByte-CrossOver-
#1442	NEW    cov: 124 ft: 489 corp: 55/9352b lim: 333 exec/s: 0 rss: 29Mb L: 48/333 MS: 2 ShuffleBytes-CopyPart-
#1446	REDUCE cov: 124 ft: 489 corp: 55/9346b lim: 333 exec/s: 0 rss: 29Mb L: 316/333 MS: 4 PersAutoDict-EraseBytes-CrossOver-CrossOver- DE: "mere"-
#1457	REDUCE cov: 124 ft: 489 corp: 55/9320b lim: 333 exec/s: 0 rss: 29Mb L: 238/333 MS: 1 EraseBytes-
#1561	REDUCE cov: 124 ft: 489 corp: 55/9313b lim: 333 exec/s: 0 rss: 29Mb L: 49/333 MS: 4 ChangeBit-ChangeByte-EraseBytes-InsertByte-
#1647	REDUCE cov: 124 ft: 489 corp: 55/9310b lim: 333 exec/s: 0 rss: 29Mb L: 3/333 MS: 1 EraseBytes-
#1724	NEW    cov: 124 ft: 491 corp: 56/9472b lim: 333 exec/s: 0 rss: 29Mb L: 162/333 MS: 2 ChangeBit-EraseBytes-
#1862	REDUCE cov: 124 ft: 491 corp: 56/9468b lim: 333 exec/s: 0 rss: 29Mb L: 308/333 MS: 3 ChangeBit-CrossOver-EraseBytes-
#1888	REDUCE cov: 124 ft: 491 corp: 56/9460b lim: 333 exec/s: 0 rss: 29Mb L: 11/333 MS: 1 EraseBytes-
#2021	REDUCE cov: 124 ft: 491 corp: 56/9456b lim: 333 exec/s: 0 rss: 29Mb L: 19/333 MS: 3 PersAutoDict-ChangeBinInt-EraseBytes- DE: "\031\000\000\000"-
#2188	REDUCE cov: 124 ft: 491 corp: 56/9413b lim: 333 exec/s: 0 rss: 29Mb L: 209/333 MS: 2 ChangeBit-EraseBytes-
#2250	NEW    cov: 124 ft: 492 corp: 57/9634b lim: 333 exec/s: 0 rss: 29Mb L: 221/333 MS: 2 InsertByte-ChangeBinInt-
#2347	REDUCE cov: 124 ft: 492 corp: 57/9628b lim: 333 exec/s: 0 rss: 29Mb L: 289/333 MS: 2 ShuffleBytes-EraseBytes-
#2729	REDUCE cov: 124 ft: 492 corp: 57/9610b lim: 333 exec/s: 0 rss: 29Mb L: 172/333 MS: 2 CMP-EraseBytes- DE: "\000\000\000\010"-
#2789	REDUCE cov: 124 ft: 492 corp: 57/9578b lim: 333 exec/s: 0 rss: 29Mb L: 193/333 MS: 5 ChangeASCIIInt-ChangeBinInt-ChangeBit-ChangeBit-EraseBytes-
#2827	REDUCE cov: 124 ft: 492 corp: 57/9575b lim: 333 exec/s: 0 rss: 29Mb L: 127/333 MS: 3 EraseBytes-InsertByte-CopyPart-
#2883	REDUCE cov: 124 ft: 492 corp: 57/9554b lim: 333 exec/s: 0 rss: 29Mb L: 109/333 MS: 1 EraseBytes-
#2953	REDUCE cov: 124 ft: 492 corp: 57/9550b lim: 333 exec/s: 0 rss: 29Mb L: 324/333 MS: 5 InsertRepeatedBytes-CopyPart-ShuffleBytes-ChangeByte-EraseBytes-
#3080	REDUCE cov: 124 ft: 492 corp: 57/9544b lim: 333 exec/s: 0 rss: 29Mb L: 102/333 MS: 2 ChangeBinInt-EraseBytes-
#3116	REDUCE cov: 124 ft: 492 corp: 57/9541b lim: 333 exec/s: 0 rss: 29Mb L: 9/333 MS: 1 EraseBytes-
#3131	REDUCE cov: 124 ft: 492 corp: 57/9536b lim: 333 exec/s: 0 rss: 29Mb L: 62/333 MS: 5 ShuffleBytes-EraseBytes-ChangeBit-ChangeByte-CopyPart-
#3227	REDUCE cov: 124 ft: 492 corp: 57/9534b lim: 333 exec/s: 0 rss: 29Mb L: 160/333 MS: 1 EraseBytes-
#3253	REDUCE cov: 124 ft: 492 corp: 57/9533b lim: 333 exec/s: 0 rss: 29Mb L: 10/333 MS: 1 EraseBytes-
#3260	REDUCE cov: 124 ft: 492 corp: 57/9490b lim: 333 exec/s: 0 rss: 29Mb L: 195/333 MS: 2 CMP-EraseBytes- DE: "/\000\000\000"-
#3296	REDUCE cov: 124 ft: 493 corp: 58/9498b lim: 333 exec/s: 0 rss: 29Mb L: 8/333 MS: 1 CrossOver-
#3486	NEW    cov: 124 ft: 494 corp: 59/9753b lim: 333 exec/s: 0 rss: 29Mb L: 255/333 MS: 5 ChangeByte-PersAutoDict-CopyPart-CrossOver-EraseBytes- DE: "\377\377\377\021"-
#3488	REDUCE cov: 124 ft: 494 corp: 59/9751b lim: 333 exec/s: 0 rss: 29Mb L: 107/333 MS: 2 InsertByte-EraseBytes-
#3511	REDUCE cov: 124 ft: 494 corp: 59/9750b lim: 333 exec/s: 0 rss: 29Mb L: 307/333 MS: 3 InsertRepeatedBytes-CopyPart-EraseBytes-
#3665	REDUCE cov: 124 ft: 494 corp: 59/9749b lim: 333 exec/s: 0 rss: 29Mb L: 2/333 MS: 4 CopyPart-ChangeByte-ChangeASCIIInt-EraseBytes-
#3762	REDUCE cov: 124 ft: 494 corp: 59/9745b lim: 333 exec/s: 0 rss: 29Mb L: 320/333 MS: 2 InsertRepeatedBytes-EraseBytes-
#3823	NEW    cov: 124 ft: 496 corp: 60/10078b lim: 333 exec/s: 0 rss: 29Mb L: 333/333 MS: 1 CopyPart-
#3902	REDUCE cov: 124 ft: 496 corp: 60/10023b lim: 333 exec/s: 0 rss: 29Mb L: 120/333 MS: 4 PersAutoDict-ChangeBit-ShuffleBytes-EraseBytes- DE: "\015\000\000\000"-
#3967	REDUCE cov: 124 ft: 496 corp: 60/10022b lim: 333 exec/s: 0 rss: 29Mb L: 151/333 MS: 5 ChangeByte-PersAutoDict-ChangeASCIIInt-ChangeBit-EraseBytes- DE: "\015\000\000\000"-
#4008	REDUCE cov: 124 ft: 496 corp: 60/10021b lim: 333 exec/s: 0 rss: 29Mb L: 1/333 MS: 1 EraseBytes-
#4025	REDUCE cov: 124 ft: 496 corp: 60/10015b lim: 333 exec/s: 0 rss: 29Mb L: 94/333 MS: 2 ChangeBinInt-EraseBytes-
#5000	REDUCE cov: 124 ft: 496 corp: 60/10007b lim: 341 exec/s: 0 rss: 29Mb L: 68/333 MS: 5 CMP-ChangeBinInt-PersAutoDict-ShuffleBytes-EraseBytes- DE: "St13runtime_"-"dinf"-
#5219	REDUCE cov: 124 ft: 496 corp: 60/10005b lim: 341 exec/s: 0 rss: 29Mb L: 8/333 MS: 4 EraseBytes-ChangeByte-CrossOver-InsertByte-
#5277	REDUCE cov: 124 ft: 496 corp: 60/9980b lim: 341 exec/s: 0 rss: 29Mb L: 43/333 MS: 3 CrossOver-ChangeBinInt-EraseBytes-
#5380	REDUCE cov: 124 ft: 496 corp: 60/9979b lim: 341 exec/s: 0 rss: 29Mb L: 220/333 MS: 3 ChangeASCIIInt-ChangeByte-EraseBytes-
#5426	NEW    cov: 124 ft: 497 corp: 61/10233b lim: 341 exec/s: 0 rss: 29Mb L: 254/333 MS: 1 PersAutoDict- DE: " \000"-
#5738	REDUCE cov: 124 ft: 497 corp: 61/10198b lim: 341 exec/s: 0 rss: 29Mb L: 185/333 MS: 2 CrossOver-EraseBytes-
#5829	REDUCE cov: 124 ft: 497 corp: 61/10197b lim: 341 exec/s: 0 rss: 29Mb L: 133/333 MS: 1 EraseBytes-
#6167	REDUCE cov: 124 ft: 497 corp: 61/10195b lim: 341 exec/s: 0 rss: 29Mb L: 8/333 MS: 3 CopyPart-EraseBytes-CMP- DE: "\000\000^<\325*=@"-
#6172	REDUCE cov: 124 ft: 497 corp: 61/10181b lim: 341 exec/s: 0 rss: 29Mb L: 181/333 MS: 5 ShuffleBytes-InsertByte-ShuffleBytes-CrossOver-EraseBytes-
#6178	REDUCE cov: 124 ft: 497 corp: 61/10176b lim: 341 exec/s: 0 rss: 29Mb L: 302/333 MS: 1 EraseBytes-
#6251	REDUCE cov: 124 ft: 497 corp: 61/10173b lim: 341 exec/s: 0 rss: 29Mb L: 59/333 MS: 3 InsertRepeatedBytes-InsertByte-EraseBytes-
#6263	REDUCE cov: 124 ft: 497 corp: 61/10171b lim: 341 exec/s: 0 rss: 29Mb L: 35/333 MS: 2 ChangeBinInt-EraseBytes-
#6340	REDUCE cov: 124 ft: 497 corp: 61/10163b lim: 341 exec/s: 0 rss: 29Mb L: 317/333 MS: 2 CMP-EraseBytes- DE: "\377\002"-
#6407	REDUCE cov: 124 ft: 497 corp: 61/10134b lim: 341 exec/s: 0 rss: 29Mb L: 30/333 MS: 2 CMP-EraseBytes- DE: "\007\001\000\000\000\000\000\000"-
#6643	REDUCE cov: 124 ft: 497 corp: 61/10116b lim: 341 exec/s: 6643 rss: 29Mb L: 47/333 MS: 5 EraseBytes-ChangeByte-CrossOver-ChangeBit-PersAutoDict- DE: "\007\001\000\000\000\000\000\000"-
#7100	REDUCE cov: 124 ft: 497 corp: 61/10115b lim: 341 exec/s: 7100 rss: 29Mb L: 106/333 MS: 2 CopyPart-EraseBytes-
#7296	REDUCE cov: 125 ft: 499 corp: 62/10123b lim: 341 exec/s: 7296 rss: 29Mb L: 8/333 MS: 1 CMP- DE: "moov"-
#7349	REDUCE cov: 125 ft: 499 corp: 62/10081b lim: 341 exec/s: 7349 rss: 29Mb L: 78/333 MS: 3 CrossOver-ChangeBinInt-EraseBytes-
#7507	REDUCE cov: 125 ft: 499 corp: 62/10078b lim: 341 exec/s: 7507 rss: 29Mb L: 249/333 MS: 3 ChangeBinInt-ShuffleBytes-EraseBytes-
#8147	REDUCE cov: 125 ft: 499 corp: 62/10073b lim: 341 exec/s: 8147 rss: 29Mb L: 42/333 MS: 5 ChangeASCIIInt-EraseBytes-ShuffleBytes-InsertByte-CrossOver-
#8345	REDUCE cov: 125 ft: 499 corp: 62/10065b lim: 341 exec/s: 8345 rss: 29Mb L: 201/333 MS: 3 ShuffleBytes-EraseBytes-InsertByte-
#8583	REDUCE cov: 125 ft: 499 corp: 62/10033b lim: 341 exec/s: 8583 rss: 29Mb L: 149/333 MS: 3 ShuffleBytes-CopyPart-EraseBytes-
#8587	REDUCE cov: 125 ft: 500 corp: 63/10349b lim: 341 exec/s: 8587 rss: 29Mb L: 316/333 MS: 4 ChangeBit-ShuffleBytes-PersAutoDict-InsertRepeatedBytes- DE: "St13runtime_"-
#8590	REDUCE cov: 125 ft: 500 corp: 63/10344b lim: 341 exec/s: 8590 rss: 29Mb L: 293/333 MS: 3 EraseBytes-ChangeBinInt-CMP- DE: "\033\000\000\000"-
#8671	REDUCE cov: 125 ft: 500 corp: 63/10333b lim: 341 exec/s: 8671 rss: 29Mb L: 138/333 MS: 1 EraseBytes-
#8753	NEW    cov: 125 ft: 506 corp: 64/10626b lim: 341 exec/s: 8753 rss: 29Mb L: 293/333 MS: 2 ChangeASCIIInt-CrossOver-
#9310	REDUCE cov: 125 ft: 506 corp: 64/10612b lim: 341 exec/s: 9310 rss: 29Mb L: 179/333 MS: 2 ChangeBit-EraseBytes-
#9523	REDUCE cov: 125 ft: 506 corp: 64/10610b lim: 341 exec/s: 9523 rss: 29Mb L: 90/333 MS: 3 ChangeBinInt-CopyPart-EraseBytes-
#9532	REDUCE cov: 125 ft: 506 corp: 64/10609b lim: 341 exec/s: 9532 rss: 29Mb L: 89/333 MS: 4 ChangeBit-ChangeByte-ShuffleBytes-EraseBytes-
==21532== ERROR: libFuzzer: out-of-memory (used: 2320Mb; limit: 1024Mb)
   To change the out-of-memory limit use -rss_limit_mb=<N>

MS: 1 CopyPart-; base unit: 81c3e7b4d48c45d4c61ca515502ae3c5971b16fd
artifact_prefix='/results/crashes/20260313_143116_fe4a21a8_'; Test unit written to /results/crashes/20260313_143116_fe4a21a8_oom-fb2cb215a463229fb2257aaef290d2c713a5724c
SUMMARY: libFuzzer: out-of-memory
stat::number_of_executed_units: 9848
stat::average_exec_per_sec:     3282
stat::new_units_added:          128
stat::slowest_unit_time_sec:    0
stat::peak_rss_mb:              2320
