INFO: Running with entropic power schedule (0xFF, 100).
INFO: Seed: 3625319496
INFO: Loaded 1 modules   (252 inline 8-bit counters): 252 [0x633453f15678, 0x633453f15774), 
INFO: Loaded 1 PC tables (252 PCs): 252 [0x633453f15778,0x633453f16738), 
INFO:        4 files found in /tmp/corpus_20260313_181349_4c953e9a
INFO: seed corpus: files: 4 min: 48b max: 333b total: 853b rss: 28Mb
#5	INITED cov: 118 ft: 251 corp: 4/853b exec/s: 0 rss: 29Mb
#7	NEW    cov: 118 ft: 264 corp: 5/1148b lim: 333 exec/s: 0 rss: 29Mb L: 295/333 MS: 2 ChangeBinInt-CopyPart-
#10	NEW    cov: 118 ft: 291 corp: 6/1200b lim: 333 exec/s: 0 rss: 29Mb L: 52/333 MS: 3 ChangeASCIIInt-CopyPart-CMP- DE: "\377\377\377\005"-
#17	NEW    cov: 118 ft: 301 corp: 7/1252b lim: 333 exec/s: 0 rss: 29Mb L: 52/333 MS: 2 PersAutoDict-ChangeByte- DE: "\377\377\377\005"-
#18	NEW    cov: 118 ft: 302 corp: 8/1311b lim: 333 exec/s: 0 rss: 29Mb L: 59/333 MS: 1 CrossOver-
#20	NEW    cov: 118 ft: 311 corp: 9/1375b lim: 333 exec/s: 0 rss: 29Mb L: 64/333 MS: 2 CMP-InsertByte- DE: "schm"-
#21	NEW    cov: 118 ft: 313 corp: 10/1438b lim: 333 exec/s: 0 rss: 29Mb L: 63/333 MS: 1 PersAutoDict- DE: "schm"-
#23	NEW    cov: 119 ft: 315 corp: 11/1737b lim: 333 exec/s: 0 rss: 29Mb L: 299/333 MS: 2 ChangeBit-CMP- DE: "trak"-
#25	NEW    cov: 119 ft: 316 corp: 12/2046b lim: 333 exec/s: 0 rss: 29Mb L: 309/333 MS: 2 InsertRepeatedBytes-CrossOver-
#26	NEW    cov: 119 ft: 317 corp: 13/2098b lim: 333 exec/s: 0 rss: 29Mb L: 52/333 MS: 1 PersAutoDict- DE: "\377\377\377\005"-
#29	REDUCE cov: 119 ft: 317 corp: 13/2095b lim: 333 exec/s: 0 rss: 29Mb L: 49/333 MS: 3 PersAutoDict-ChangeBit-EraseBytes- DE: "schm"-
#38	REDUCE cov: 119 ft: 318 corp: 14/2144b lim: 333 exec/s: 0 rss: 29Mb L: 49/333 MS: 4 CopyPart-ChangeBit-ChangeBinInt-PersAutoDict- DE: "trak"-
#40	NEW    cov: 119 ft: 319 corp: 15/2400b lim: 333 exec/s: 0 rss: 29Mb L: 256/333 MS: 2 ChangeBit-CMP- DE: "ndat"-
#41	NEW    cov: 119 ft: 325 corp: 16/2667b lim: 333 exec/s: 0 rss: 29Mb L: 267/333 MS: 1 InsertRepeatedBytes-
#45	NEW    cov: 119 ft: 327 corp: 17/2735b lim: 333 exec/s: 0 rss: 29Mb L: 68/333 MS: 4 CrossOver-ChangeByte-ChangeBinInt-PersAutoDict- DE: "\377\377\377\005"-
#51	REDUCE cov: 119 ft: 327 corp: 17/2716b lim: 333 exec/s: 0 rss: 29Mb L: 276/333 MS: 1 EraseBytes-
#52	NEW    cov: 119 ft: 328 corp: 18/2775b lim: 333 exec/s: 0 rss: 29Mb L: 59/333 MS: 1 PersAutoDict- DE: "schm"-
#53	NEW    cov: 119 ft: 329 corp: 19/2850b lim: 333 exec/s: 0 rss: 29Mb L: 75/333 MS: 1 CopyPart-
#58	NEW    cov: 120 ft: 330 corp: 20/3130b lim: 333 exec/s: 0 rss: 29Mb L: 280/333 MS: 5 PersAutoDict-PersAutoDict-PersAutoDict-InsertRepeatedBytes-CMP- DE: "ndat"-"trak"-"trak"-"\001\007"-
#59	NEW    cov: 120 ft: 331 corp: 21/3274b lim: 333 exec/s: 0 rss: 29Mb L: 144/333 MS: 1 InsertRepeatedBytes-
#60	NEW    cov: 120 ft: 333 corp: 22/3375b lim: 333 exec/s: 0 rss: 29Mb L: 101/333 MS: 1 InsertRepeatedBytes-
#71	NEW    cov: 121 ft: 334 corp: 23/3690b lim: 333 exec/s: 0 rss: 29Mb L: 315/333 MS: 1 CopyPart-
#84	NEW    cov: 121 ft: 335 corp: 24/4001b lim: 333 exec/s: 0 rss: 29Mb L: 311/333 MS: 3 ChangeByte-PersAutoDict-CrossOver- DE: "\001\007"-
#87	NEW    cov: 121 ft: 343 corp: 25/4164b lim: 333 exec/s: 0 rss: 29Mb L: 163/333 MS: 3 InsertByte-PersAutoDict-EraseBytes- DE: "\001\007"-
#98	NEW    cov: 121 ft: 344 corp: 26/4331b lim: 333 exec/s: 0 rss: 29Mb L: 167/333 MS: 1 InsertRepeatedBytes-
#105	NEW    cov: 121 ft: 345 corp: 27/4505b lim: 333 exec/s: 0 rss: 29Mb L: 174/333 MS: 2 CMP-InsertRepeatedBytes- DE: "\377\377\377\377\377\377\377\000"-
#121	NEW    cov: 121 ft: 346 corp: 28/4647b lim: 333 exec/s: 0 rss: 29Mb L: 142/333 MS: 1 CopyPart-
#124	NEW    cov: 121 ft: 347 corp: 29/4959b lim: 333 exec/s: 0 rss: 29Mb L: 312/333 MS: 3 ChangeByte-ChangeBit-InsertByte-
#127	NEW    cov: 122 ft: 349 corp: 30/5240b lim: 333 exec/s: 0 rss: 29Mb L: 281/333 MS: 3 ChangeBinInt-ChangeBinInt-InsertByte-
#146	NEW    cov: 122 ft: 350 corp: 31/5353b lim: 333 exec/s: 0 rss: 29Mb L: 113/333 MS: 4 ChangeByte-ChangeBinInt-InsertRepeatedBytes-EraseBytes-
#147	REDUCE cov: 122 ft: 351 corp: 32/5454b lim: 333 exec/s: 0 rss: 29Mb L: 101/333 MS: 1 InsertRepeatedBytes-
#154	REDUCE cov: 122 ft: 351 corp: 32/5452b lim: 333 exec/s: 0 rss: 29Mb L: 165/333 MS: 2 ChangeBinInt-EraseBytes-
#155	REDUCE cov: 122 ft: 376 corp: 33/5501b lim: 333 exec/s: 0 rss: 29Mb L: 49/333 MS: 1 ChangeByte-
#156	NEW    cov: 122 ft: 377 corp: 34/5825b lim: 333 exec/s: 0 rss: 29Mb L: 324/333 MS: 1 InsertRepeatedBytes-
#176	NEW    cov: 122 ft: 380 corp: 35/5862b lim: 333 exec/s: 0 rss: 29Mb L: 37/333 MS: 5 CrossOver-PersAutoDict-ChangeBit-InsertByte-EraseBytes- DE: "\377\377\377\005"-
#178	NEW    cov: 122 ft: 381 corp: 36/5949b lim: 333 exec/s: 0 rss: 29Mb L: 87/333 MS: 2 ChangeBit-CopyPart-
#182	NEW    cov: 122 ft: 387 corp: 37/6026b lim: 333 exec/s: 0 rss: 29Mb L: 77/333 MS: 4 EraseBytes-CMP-InsertByte-InsertRepeatedBytes- DE: "\377\004"-
#204	NEW    cov: 122 ft: 388 corp: 38/6198b lim: 333 exec/s: 0 rss: 29Mb L: 172/333 MS: 2 CopyPart-CrossOver-
#205	NEW    cov: 122 ft: 389 corp: 39/6348b lim: 333 exec/s: 0 rss: 29Mb L: 150/333 MS: 1 InsertRepeatedBytes-
#215	NEW    cov: 122 ft: 398 corp: 40/6678b lim: 333 exec/s: 0 rss: 29Mb L: 330/333 MS: 5 ChangeBit-InsertByte-ChangeBit-InsertRepeatedBytes-CopyPart-
#230	NEW    cov: 122 ft: 399 corp: 41/6937b lim: 333 exec/s: 0 rss: 29Mb L: 259/333 MS: 5 EraseBytes-ChangeByte-InsertRepeatedBytes-InsertRepeatedBytes-ChangeBit-
#232	REDUCE cov: 122 ft: 399 corp: 41/6922b lim: 333 exec/s: 0 rss: 29Mb L: 86/333 MS: 2 CrossOver-EraseBytes-
#262	NEW    cov: 122 ft: 400 corp: 42/7202b lim: 333 exec/s: 0 rss: 29Mb L: 280/333 MS: 5 ShuffleBytes-CopyPart-CMP-PersAutoDict-ChangeBinInt- DE: "P\013R{4c\000\000"-"\377\004"-
#268	NEW    cov: 122 ft: 410 corp: 43/7314b lim: 333 exec/s: 0 rss: 29Mb L: 112/333 MS: 1 CrossOver-
#304	NEW    cov: 122 ft: 412 corp: 44/7570b lim: 333 exec/s: 0 rss: 29Mb L: 256/333 MS: 1 ChangeBinInt-
#327	REDUCE cov: 122 ft: 420 corp: 45/7601b lim: 333 exec/s: 0 rss: 29Mb L: 31/333 MS: 3 ShuffleBytes-InsertByte-EraseBytes-
#341	REDUCE cov: 122 ft: 420 corp: 45/7595b lim: 333 exec/s: 0 rss: 29Mb L: 25/333 MS: 4 PersAutoDict-CMP-ShuffleBytes-EraseBytes- DE: "\377\377\377\005"-"ftyp"-
#362	REDUCE cov: 122 ft: 437 corp: 46/7608b lim: 333 exec/s: 0 rss: 29Mb L: 13/333 MS: 1 EraseBytes-
#396	REDUCE cov: 122 ft: 438 corp: 47/7908b lim: 333 exec/s: 0 rss: 29Mb L: 300/333 MS: 4 InsertByte-ShuffleBytes-CrossOver-InsertByte-
#397	REDUCE cov: 122 ft: 438 corp: 47/7905b lim: 333 exec/s: 0 rss: 29Mb L: 74/333 MS: 1 EraseBytes-
#401	REDUCE cov: 122 ft: 438 corp: 47/7887b lim: 333 exec/s: 0 rss: 29Mb L: 293/333 MS: 4 ChangeBinInt-ChangeBinInt-CMP-EraseBytes- DE: "\377\377b4{Q\340`"-
#502	NEW    cov: 122 ft: 445 corp: 48/8151b lim: 333 exec/s: 0 rss: 29Mb L: 264/333 MS: 1 CMP- DE: "\001\000c4{Q_\332"-
#515	NEW    cov: 122 ft: 446 corp: 49/8380b lim: 333 exec/s: 0 rss: 29Mb L: 229/333 MS: 3 ChangeByte-CopyPart-EraseBytes-
#529	NEW    cov: 122 ft: 452 corp: 50/8509b lim: 333 exec/s: 0 rss: 29Mb L: 129/333 MS: 4 ChangeBinInt-ChangeByte-ChangeByte-CrossOver-
#538	NEW    cov: 122 ft: 461 corp: 51/8687b lim: 333 exec/s: 0 rss: 29Mb L: 178/333 MS: 4 CMP-ShuffleBytes-PersAutoDict-EraseBytes- DE: "stts"-"trak"-
#583	REDUCE cov: 122 ft: 461 corp: 51/8681b lim: 333 exec/s: 0 rss: 29Mb L: 81/333 MS: 5 InsertByte-EraseBytes-PersAutoDict-ChangeBinInt-InsertRepeatedBytes- DE: "P\013R{4c\000\000"-
#593	NEW    cov: 122 ft: 462 corp: 52/8941b lim: 333 exec/s: 0 rss: 29Mb L: 260/333 MS: 5 ChangeBinInt-CopyPart-ChangeBit-ChangeBit-CMP- DE: "tapt"-
#600	NEW    cov: 122 ft: 465 corp: 53/8965b lim: 333 exec/s: 0 rss: 29Mb L: 24/333 MS: 2 CMP-EraseBytes- DE: "=\200mo"-
#613	REDUCE cov: 122 ft: 465 corp: 53/8948b lim: 333 exec/s: 0 rss: 29Mb L: 112/333 MS: 3 InsertByte-InsertByte-EraseBytes-
#641	REDUCE cov: 122 ft: 465 corp: 53/8933b lim: 333 exec/s: 0 rss: 29Mb L: 37/333 MS: 3 ChangeBinInt-InsertByte-CrossOver-
#694	NEW    cov: 122 ft: 466 corp: 54/8965b lim: 333 exec/s: 0 rss: 29Mb L: 32/333 MS: 3 ShuffleBytes-InsertRepeatedBytes-CopyPart-
#739	REDUCE cov: 122 ft: 466 corp: 54/8960b lim: 333 exec/s: 0 rss: 29Mb L: 262/333 MS: 5 PersAutoDict-ChangeBinInt-ChangeBinInt-ChangeByte-EraseBytes- DE: "ndat"-
#916	REDUCE cov: 122 ft: 474 corp: 55/8983b lim: 333 exec/s: 0 rss: 29Mb L: 23/333 MS: 2 CrossOver-EraseBytes-
#993	REDUCE cov: 122 ft: 474 corp: 55/8969b lim: 333 exec/s: 0 rss: 29Mb L: 45/333 MS: 2 ChangeByte-EraseBytes-
#996	REDUCE cov: 122 ft: 475 corp: 56/9292b lim: 333 exec/s: 0 rss: 29Mb L: 323/333 MS: 3 ChangeBinInt-CopyPart-PersAutoDict- DE: "ndat"-
#1053	REDUCE cov: 122 ft: 475 corp: 56/9259b lim: 333 exec/s: 0 rss: 29Mb L: 229/333 MS: 2 PersAutoDict-EraseBytes- DE: "ftyp"-
#1058	REDUCE cov: 122 ft: 475 corp: 56/9243b lim: 333 exec/s: 0 rss: 29Mb L: 16/333 MS: 5 PersAutoDict-ChangeByte-ChangeBit-EraseBytes-EraseBytes- DE: "ndat"-
#1093	REDUCE cov: 122 ft: 475 corp: 56/9239b lim: 333 exec/s: 0 rss: 29Mb L: 140/333 MS: 5 ChangeByte-ShuffleBytes-CMP-ChangeBinInt-EraseBytes- DE: "\343I\316S4c\000\000"-
#1111	REDUCE cov: 122 ft: 475 corp: 56/9233b lim: 333 exec/s: 0 rss: 29Mb L: 43/333 MS: 3 CopyPart-CrossOver-EraseBytes-
#1128	REDUCE cov: 122 ft: 475 corp: 56/9206b lim: 333 exec/s: 0 rss: 29Mb L: 10/333 MS: 2 InsertRepeatedBytes-CrossOver-
#1139	NEW    cov: 122 ft: 476 corp: 57/9229b lim: 333 exec/s: 0 rss: 29Mb L: 23/333 MS: 1 EraseBytes-
#1153	REDUCE cov: 122 ft: 476 corp: 57/9226b lim: 333 exec/s: 0 rss: 29Mb L: 10/333 MS: 4 ShuffleBytes-ChangeBit-ShuffleBytes-EraseBytes-
#1192	NEW    cov: 123 ft: 477 corp: 58/9232b lim: 333 exec/s: 0 rss: 29Mb L: 6/333 MS: 4 CrossOver-ChangeByte-CMP-CrossOver- DE: "\000\002"-
#1254	NEW    cov: 123 ft: 478 corp: 59/9555b lim: 333 exec/s: 0 rss: 29Mb L: 323/333 MS: 2 ChangeBit-CMP- DE: "mfra"-
#1272	REDUCE cov: 123 ft: 478 corp: 59/9550b lim: 333 exec/s: 0 rss: 29Mb L: 11/333 MS: 3 ShuffleBytes-CMP-EraseBytes- DE: "\001\017"-
#1413	REDUCE cov: 123 ft: 479 corp: 60/9558b lim: 333 exec/s: 0 rss: 29Mb L: 8/333 MS: 1 EraseBytes-
#1480	NEW    cov: 124 ft: 480 corp: 61/9886b lim: 333 exec/s: 0 rss: 29Mb L: 328/333 MS: 2 InsertRepeatedBytes-PersAutoDict- DE: "trak"-
#1484	REDUCE cov: 124 ft: 480 corp: 61/9885b lim: 333 exec/s: 0 rss: 29Mb L: 9/333 MS: 4 PersAutoDict-EraseBytes-ChangeASCIIInt-PersAutoDict- DE: "P\013R{4c\000\000"-"schm"-
#1514	REDUCE cov: 124 ft: 480 corp: 61/9879b lim: 333 exec/s: 0 rss: 29Mb L: 134/333 MS: 5 ChangeByte-CopyPart-CopyPart-ChangeASCIIInt-EraseBytes-
#1617	REDUCE cov: 124 ft: 480 corp: 61/9876b lim: 333 exec/s: 0 rss: 29Mb L: 20/333 MS: 3 CopyPart-ChangeBit-EraseBytes-
#1720	REDUCE cov: 124 ft: 480 corp: 61/9860b lim: 333 exec/s: 0 rss: 29Mb L: 264/333 MS: 3 EraseBytes-CMP-InsertRepeatedBytes- DE: "\377\037"-
#1858	REDUCE cov: 124 ft: 480 corp: 61/9859b lim: 333 exec/s: 0 rss: 29Mb L: 5/333 MS: 3 ShuffleBytes-ChangeBit-EraseBytes-
#1878	REDUCE cov: 124 ft: 480 corp: 61/9858b lim: 333 exec/s: 0 rss: 29Mb L: 19/333 MS: 5 ChangeBit-ChangeBit-CopyPart-CMP-EraseBytes- DE: "\242\302\001\024=|\000\000"-
#1880	REDUCE cov: 124 ft: 480 corp: 61/9837b lim: 333 exec/s: 0 rss: 29Mb L: 302/333 MS: 2 ChangeBit-EraseBytes-
#1917	REDUCE cov: 124 ft: 480 corp: 61/9813b lim: 333 exec/s: 0 rss: 29Mb L: 154/333 MS: 2 InsertRepeatedBytes-EraseBytes-
#2097	REDUCE cov: 124 ft: 480 corp: 61/9797b lim: 333 exec/s: 0 rss: 29Mb L: 58/333 MS: 5 InsertByte-CopyPart-CMP-InsertByte-EraseBytes- DE: "St13runtime_"-
#2153	REDUCE cov: 124 ft: 480 corp: 61/9790b lim: 333 exec/s: 0 rss: 29Mb L: 147/333 MS: 1 EraseBytes-
#2300	REDUCE cov: 124 ft: 480 corp: 61/9789b lim: 333 exec/s: 0 rss: 29Mb L: 9/333 MS: 2 ChangeBinInt-EraseBytes-
#2382	REDUCE cov: 124 ft: 480 corp: 61/9750b lim: 333 exec/s: 0 rss: 29Mb L: 108/333 MS: 2 ShuffleBytes-EraseBytes-
#2509	REDUCE cov: 124 ft: 480 corp: 61/9744b lim: 333 exec/s: 0 rss: 29Mb L: 157/333 MS: 2 CMP-EraseBytes- DE: "\001\000|=\024\001|{"-
#2580	REDUCE cov: 124 ft: 480 corp: 61/9738b lim: 333 exec/s: 0 rss: 29Mb L: 37/333 MS: 1 EraseBytes-
#2581	REDUCE cov: 124 ft: 480 corp: 61/9736b lim: 333 exec/s: 0 rss: 29Mb L: 17/333 MS: 1 EraseBytes-
#2635	REDUCE cov: 124 ft: 480 corp: 61/9722b lim: 333 exec/s: 0 rss: 29Mb L: 295/333 MS: 4 CrossOver-ChangeByte-EraseBytes-CMP- DE: "\377\377\377\037"-
#2744	REDUCE cov: 124 ft: 480 corp: 61/9689b lim: 333 exec/s: 0 rss: 29Mb L: 226/333 MS: 4 InsertByte-ChangeByte-ChangeBit-EraseBytes-
#2786	REDUCE cov: 124 ft: 480 corp: 61/9686b lim: 333 exec/s: 0 rss: 29Mb L: 8/333 MS: 2 EraseBytes-PersAutoDict- DE: "schm"-
#2822	REDUCE cov: 124 ft: 480 corp: 61/9662b lim: 333 exec/s: 0 rss: 29Mb L: 28/333 MS: 1 EraseBytes-
#2908	REDUCE cov: 124 ft: 480 corp: 61/9659b lim: 333 exec/s: 0 rss: 29Mb L: 21/333 MS: 1 EraseBytes-
#2916	REDUCE cov: 124 ft: 480 corp: 61/9608b lim: 333 exec/s: 0 rss: 29Mb L: 242/333 MS: 3 ChangeBinInt-EraseBytes-EraseBytes-
#2936	REDUCE cov: 124 ft: 481 corp: 62/9621b lim: 333 exec/s: 0 rss: 29Mb L: 13/333 MS: 5 CrossOver-ChangeBinInt-InsertByte-ShuffleBytes-CrossOver-
#2959	REDUCE cov: 124 ft: 481 corp: 62/9609b lim: 333 exec/s: 0 rss: 29Mb L: 130/333 MS: 3 CopyPart-CrossOver-EraseBytes-
#2970	REDUCE cov: 124 ft: 482 corp: 63/9838b lim: 333 exec/s: 0 rss: 29Mb L: 229/333 MS: 1 CopyPart-
#3127	REDUCE cov: 124 ft: 482 corp: 63/9834b lim: 333 exec/s: 0 rss: 29Mb L: 161/333 MS: 2 CrossOver-PersAutoDict- DE: "ndat"-
#3179	REDUCE cov: 124 ft: 482 corp: 63/9822b lim: 333 exec/s: 0 rss: 29Mb L: 100/333 MS: 2 ChangeBit-EraseBytes-
#3252	REDUCE cov: 124 ft: 482 corp: 63/9800b lim: 333 exec/s: 0 rss: 29Mb L: 36/333 MS: 3 ShuffleBytes-ChangeBit-EraseBytes-
#3804	REDUCE cov: 124 ft: 482 corp: 63/9799b lim: 333 exec/s: 0 rss: 29Mb L: 4/333 MS: 2 ChangeByte-EraseBytes-
#3895	NEW    cov: 124 ft: 483 corp: 64/10128b lim: 333 exec/s: 0 rss: 29Mb L: 329/333 MS: 1 InsertByte-
#4056	REDUCE cov: 124 ft: 483 corp: 64/10103b lim: 333 exec/s: 0 rss: 29Mb L: 274/333 MS: 1 EraseBytes-
#4065	REDUCE cov: 124 ft: 483 corp: 64/10102b lim: 333 exec/s: 0 rss: 29Mb L: 24/333 MS: 4 ShuffleBytes-PersAutoDict-EraseBytes-InsertByte- DE: "ndat"-
#4141	NEW    cov: 124 ft: 489 corp: 65/10435b lim: 333 exec/s: 0 rss: 29Mb L: 333/333 MS: 1 ChangeByte-
#4336	REDUCE cov: 124 ft: 490 corp: 66/10677b lim: 333 exec/s: 0 rss: 29Mb L: 242/333 MS: 5 EraseBytes-CopyPart-CMP-ChangeByte-PersAutoDict- DE: "mdia"-"\377\377\377\377\377\377\377\000"-
#4397	REDUCE cov: 124 ft: 490 corp: 66/10654b lim: 333 exec/s: 0 rss: 29Mb L: 203/333 MS: 1 EraseBytes-
#4498	REDUCE cov: 124 ft: 490 corp: 66/10653b lim: 333 exec/s: 0 rss: 29Mb L: 16/333 MS: 1 EraseBytes-
#4554	REDUCE cov: 124 ft: 490 corp: 66/10647b lim: 333 exec/s: 0 rss: 29Mb L: 57/333 MS: 1 EraseBytes-
#4593	NEW    cov: 124 ft: 496 corp: 67/10962b lim: 333 exec/s: 0 rss: 29Mb L: 315/333 MS: 4 PersAutoDict-InsertRepeatedBytes-ChangeByte-CrossOver- DE: "\377\037"-
#4656	NEW    cov: 124 ft: 497 corp: 68/11218b lim: 333 exec/s: 0 rss: 29Mb L: 256/333 MS: 3 PersAutoDict-ChangeBit-CMP- DE: "=\200mo"-"stts"-
#4762	REDUCE cov: 124 ft: 497 corp: 68/11210b lim: 333 exec/s: 0 rss: 29Mb L: 29/333 MS: 1 EraseBytes-
#4878	REDUCE cov: 124 ft: 497 corp: 68/11196b lim: 333 exec/s: 0 rss: 29Mb L: 15/333 MS: 1 EraseBytes-
#5004	REDUCE cov: 125 ft: 498 corp: 69/11472b lim: 333 exec/s: 0 rss: 29Mb L: 276/333 MS: 1 CrossOver-
#5105	REDUCE cov: 125 ft: 498 corp: 69/11466b lim: 333 exec/s: 0 rss: 29Mb L: 9/333 MS: 1 EraseBytes-
#5296	REDUCE cov: 125 ft: 498 corp: 69/11464b lim: 333 exec/s: 0 rss: 29Mb L: 26/333 MS: 1 EraseBytes-
#5310	REDUCE cov: 125 ft: 498 corp: 69/11463b lim: 333 exec/s: 0 rss: 29Mb L: 8/333 MS: 4 ChangeBinInt-ChangeBit-InsertByte-EraseBytes-
#5361	REDUCE cov: 125 ft: 498 corp: 69/11460b lim: 333 exec/s: 0 rss: 29Mb L: 20/333 MS: 1 CrossOver-
#5573	REDUCE cov: 125 ft: 498 corp: 69/11436b lim: 333 exec/s: 0 rss: 29Mb L: 228/333 MS: 2 EraseBytes-ChangeBinInt-
#5757	REDUCE cov: 125 ft: 498 corp: 69/11399b lim: 333 exec/s: 0 rss: 29Mb L: 192/333 MS: 4 InsertRepeatedBytes-ChangeByte-ChangeBit-EraseBytes-
#5789	REDUCE cov: 125 ft: 498 corp: 69/11373b lim: 333 exec/s: 0 rss: 29Mb L: 60/333 MS: 2 PersAutoDict-EraseBytes- DE: "\001\007"-
#5900	REDUCE cov: 125 ft: 498 corp: 69/11344b lim: 333 exec/s: 0 rss: 29Mb L: 79/333 MS: 1 EraseBytes-
#6046	REDUCE cov: 125 ft: 498 corp: 69/11217b lim: 333 exec/s: 0 rss: 29Mb L: 149/333 MS: 1 EraseBytes-
#6143	REDUCE cov: 125 ft: 498 corp: 69/11216b lim: 333 exec/s: 0 rss: 29Mb L: 3/333 MS: 2 ChangeBit-EraseBytes-
#6220	REDUCE cov: 125 ft: 498 corp: 69/11175b lim: 333 exec/s: 0 rss: 29Mb L: 215/333 MS: 2 ChangeBit-EraseBytes-
#6384	REDUCE cov: 125 ft: 498 corp: 69/11152b lim: 333 exec/s: 0 rss: 29Mb L: 307/333 MS: 4 ChangeBinInt-CopyPart-EraseBytes-CMP- DE: "T\000"-
#6445	NEW    cov: 125 ft: 499 corp: 70/11451b lim: 333 exec/s: 0 rss: 29Mb L: 299/333 MS: 1 InsertRepeatedBytes-
#6637	REDUCE cov: 125 ft: 499 corp: 70/11439b lim: 333 exec/s: 6637 rss: 29Mb L: 269/333 MS: 1 EraseBytes-
#6698	REDUCE cov: 125 ft: 499 corp: 70/11407b lim: 333 exec/s: 6698 rss: 29Mb L: 296/333 MS: 1 EraseBytes-
#6728	REDUCE cov: 125 ft: 499 corp: 70/11396b lim: 333 exec/s: 6728 rss: 29Mb L: 138/333 MS: 5 InsertRepeatedBytes-ChangeBinInt-InsertByte-ChangeBinInt-EraseBytes-
#6833	REDUCE cov: 125 ft: 499 corp: 70/11395b lim: 333 exec/s: 6833 rss: 29Mb L: 20/333 MS: 5 CMP-CopyPart-ShuffleBytes-CopyPart-EraseBytes- DE: "infe"-
#6854	REDUCE cov: 125 ft: 499 corp: 70/11387b lim: 333 exec/s: 6854 rss: 29Mb L: 28/333 MS: 1 EraseBytes-
#6908	REDUCE cov: 125 ft: 499 corp: 70/11317b lim: 333 exec/s: 6908 rss: 29Mb L: 145/333 MS: 4 ChangeByte-ChangeBit-ChangeBinInt-EraseBytes-
#6954	REDUCE cov: 125 ft: 499 corp: 70/11314b lim: 333 exec/s: 6954 rss: 29Mb L: 169/333 MS: 1 EraseBytes-
#7076	REDUCE cov: 125 ft: 499 corp: 70/11311b lim: 333 exec/s: 7076 rss: 29Mb L: 97/333 MS: 2 CopyPart-EraseBytes-
#7180	REDUCE cov: 125 ft: 499 corp: 70/11290b lim: 333 exec/s: 7180 rss: 29Mb L: 38/333 MS: 4 PersAutoDict-CrossOver-InsertByte-InsertByte- DE: "mfra"-
#7196	REDUCE cov: 125 ft: 499 corp: 70/11282b lim: 333 exec/s: 7196 rss: 29Mb L: 294/333 MS: 1 EraseBytes-
#7287	REDUCE cov: 125 ft: 499 corp: 70/11259b lim: 333 exec/s: 7287 rss: 29Mb L: 134/333 MS: 1 EraseBytes-
#7438	REDUCE cov: 125 ft: 499 corp: 70/11252b lim: 333 exec/s: 7438 rss: 29Mb L: 326/333 MS: 1 EraseBytes-
#7610	REDUCE cov: 125 ft: 499 corp: 70/11192b lim: 333 exec/s: 7610 rss: 29Mb L: 239/333 MS: 2 PersAutoDict-EraseBytes- DE: "\001\000|=\024\001|{"-
#7712	REDUCE cov: 125 ft: 499 corp: 70/11160b lim: 333 exec/s: 7712 rss: 29Mb L: 291/333 MS: 2 ChangeBinInt-EraseBytes-
#7778	REDUCE cov: 125 ft: 499 corp: 70/11159b lim: 333 exec/s: 7778 rss: 29Mb L: 19/333 MS: 1 EraseBytes-
#7820	REDUCE cov: 125 ft: 499 corp: 70/11158b lim: 333 exec/s: 7820 rss: 29Mb L: 2/333 MS: 2 CopyPart-EraseBytes-
#7897	REDUCE cov: 125 ft: 499 corp: 70/11151b lim: 333 exec/s: 7897 rss: 29Mb L: 269/333 MS: 2 PersAutoDict-EraseBytes- DE: "\000\002"-
#7991	REDUCE cov: 125 ft: 499 corp: 70/11140b lim: 333 exec/s: 7991 rss: 29Mb L: 26/333 MS: 4 CrossOver-CrossOver-InsertByte-EraseBytes-
#8013	REDUCE cov: 125 ft: 499 corp: 70/11139b lim: 333 exec/s: 8013 rss: 29Mb L: 27/333 MS: 2 PersAutoDict-EraseBytes- DE: "T\000"-
#8022	REDUCE cov: 125 ft: 499 corp: 70/11103b lim: 333 exec/s: 8022 rss: 29Mb L: 94/333 MS: 4 PersAutoDict-EraseBytes-ChangeByte-CopyPart- DE: "ndat"-
#8143	REDUCE cov: 125 ft: 499 corp: 70/11101b lim: 333 exec/s: 8143 rss: 29Mb L: 201/333 MS: 1 EraseBytes-
#8449	REDUCE cov: 125 ft: 500 corp: 71/11397b lim: 333 exec/s: 8449 rss: 29Mb L: 296/333 MS: 1 CopyPart-
#8515	REDUCE cov: 125 ft: 500 corp: 71/11392b lim: 333 exec/s: 8515 rss: 29Mb L: 290/333 MS: 1 EraseBytes-
#8534	REDUCE cov: 125 ft: 500 corp: 71/11359b lim: 333 exec/s: 8534 rss: 29Mb L: 247/333 MS: 4 ChangeBit-InsertByte-InsertRepeatedBytes-CrossOver-
#8858	REDUCE cov: 125 ft: 500 corp: 71/11356b lim: 333 exec/s: 8858 rss: 29Mb L: 35/333 MS: 4 ChangeByte-ChangeBit-EraseBytes-CMP- DE: "avcC"-
#9016	REDUCE cov: 125 ft: 505 corp: 72/11632b lim: 333 exec/s: 9016 rss: 29Mb L: 276/333 MS: 3 InsertRepeatedBytes-CrossOver-InsertRepeatedBytes-
#9041	REDUCE cov: 125 ft: 505 corp: 72/11618b lim: 333 exec/s: 9041 rss: 29Mb L: 120/333 MS: 5 ShuffleBytes-ChangeBit-ChangeBinInt-ChangeBit-EraseBytes-
#9124	REDUCE cov: 125 ft: 505 corp: 72/11616b lim: 333 exec/s: 9124 rss: 29Mb L: 24/333 MS: 3 PersAutoDict-InsertByte-EraseBytes- DE: "ftyp"-
#9189	REDUCE cov: 125 ft: 505 corp: 72/11594b lim: 333 exec/s: 9189 rss: 29Mb L: 304/333 MS: 5 CMP-CMP-InsertByte-CrossOver-InsertRepeatedBytes- DE: "\001\000|=\024\004\3330"-"\377\035"-
#9192	REDUCE cov: 125 ft: 505 corp: 72/11586b lim: 333 exec/s: 9192 rss: 29Mb L: 89/333 MS: 3 InsertByte-ChangeASCIIInt-EraseBytes-
#9304	REDUCE cov: 125 ft: 505 corp: 72/11580b lim: 333 exec/s: 9304 rss: 29Mb L: 39/333 MS: 2 ChangeBinInt-EraseBytes-
#9434	NEW    cov: 125 ft: 509 corp: 73/11913b lim: 333 exec/s: 9434 rss: 29Mb L: 333/333 MS: 5 ShuffleBytes-ChangeBinInt-ChangeByte-CrossOver-PersAutoDict- DE: "\377\377b4{Q\340`"-
#9706	REDUCE cov: 125 ft: 509 corp: 73/11887b lim: 333 exec/s: 9706 rss: 29Mb L: 63/333 MS: 2 ChangeBinInt-EraseBytes-
#9771	NEW    cov: 125 ft: 521 corp: 74/12140b lim: 333 exec/s: 9771 rss: 29Mb L: 253/333 MS: 5 ChangeBit-CrossOver-ChangeBit-ShuffleBytes-CMP- DE: "pixi"-
#9833	REDUCE cov: 125 ft: 521 corp: 74/12044b lim: 333 exec/s: 9833 rss: 29Mb L: 216/333 MS: 2 PersAutoDict-EraseBytes- DE: "\377\377\377\005"-
#9869	REDUCE cov: 125 ft: 521 corp: 74/11970b lim: 333 exec/s: 9869 rss: 29Mb L: 200/333 MS: 1 EraseBytes-
#9930	REDUCE cov: 125 ft: 521 corp: 74/11962b lim: 333 exec/s: 9930 rss: 29Mb L: 192/333 MS: 1 EraseBytes-
#10177	REDUCE cov: 125 ft: 521 corp: 74/11847b lim: 333 exec/s: 10177 rss: 29Mb L: 138/333 MS: 2 CMP-EraseBytes- DE: "\000\000\000\000"-
#10275	NEW    cov: 125 ft: 523 corp: 75/11953b lim: 333 exec/s: 10275 rss: 29Mb L: 106/333 MS: 3 CMP-InsertByte-CMP- DE: "\001\000|=\024\003>\320"-"stsd"-
#10415	REDUCE cov: 125 ft: 523 corp: 75/11951b lim: 333 exec/s: 10415 rss: 29Mb L: 92/333 MS: 5 ChangeBit-ChangeBit-CopyPart-InsertRepeatedBytes-EraseBytes-
#10606	REDUCE cov: 125 ft: 523 corp: 75/11930b lim: 333 exec/s: 10606 rss: 29Mb L: 117/333 MS: 1 EraseBytes-
#10627	REDUCE cov: 125 ft: 523 corp: 75/11886b lim: 333 exec/s: 10627 rss: 29Mb L: 68/333 MS: 1 EraseBytes-
#10658	REDUCE cov: 125 ft: 523 corp: 75/11864b lim: 333 exec/s: 10658 rss: 29Mb L: 95/333 MS: 1 EraseBytes-
#10815	REDUCE cov: 125 ft: 523 corp: 75/11861b lim: 333 exec/s: 10815 rss: 29Mb L: 17/333 MS: 2 ShuffleBytes-EraseBytes-
#10857	REDUCE cov: 125 ft: 523 corp: 75/11813b lim: 333 exec/s: 10857 rss: 29Mb L: 216/333 MS: 2 PersAutoDict-EraseBytes- DE: "T\000"-
#11019	REDUCE cov: 125 ft: 523 corp: 75/11809b lim: 333 exec/s: 11019 rss: 29Mb L: 9/333 MS: 2 ChangeBit-EraseBytes-
#11084	REDUCE cov: 125 ft: 523 corp: 75/11751b lim: 333 exec/s: 11084 rss: 29Mb L: 184/333 MS: 5 ShuffleBytes-PersAutoDict-CrossOver-ChangeBit-EraseBytes- DE: "pixi"-
#11115	REDUCE cov: 125 ft: 523 corp: 75/11739b lim: 333 exec/s: 11115 rss: 29Mb L: 133/333 MS: 1 EraseBytes-
#11138	REDUCE cov: 125 ft: 523 corp: 75/11711b lim: 333 exec/s: 11138 rss: 29Mb L: 156/333 MS: 3 InsertByte-CopyPart-CrossOver-
#11194	REDUCE cov: 125 ft: 523 corp: 75/11710b lim: 333 exec/s: 11194 rss: 29Mb L: 74/333 MS: 1 EraseBytes-
#11301	REDUCE cov: 125 ft: 523 corp: 75/11676b lim: 333 exec/s: 11301 rss: 29Mb L: 122/333 MS: 2 ShuffleBytes-EraseBytes-
#11303	NEW    cov: 125 ft: 524 corp: 76/11971b lim: 333 exec/s: 11303 rss: 29Mb L: 295/333 MS: 2 CopyPart-EraseBytes-
#11453	REDUCE cov: 125 ft: 524 corp: 76/11970b lim: 333 exec/s: 11453 rss: 29Mb L: 133/333 MS: 5 InsertByte-ChangeByte-InsertByte-ShuffleBytes-EraseBytes-
#11564	NEW    cov: 125 ft: 525 corp: 77/12298b lim: 333 exec/s: 11564 rss: 29Mb L: 328/333 MS: 1 InsertRepeatedBytes-
#11620	REDUCE cov: 125 ft: 525 corp: 77/12297b lim: 333 exec/s: 11620 rss: 29Mb L: 1/333 MS: 1 EraseBytes-
#11872	REDUCE cov: 125 ft: 525 corp: 77/12296b lim: 333 exec/s: 11872 rss: 29Mb L: 137/333 MS: 2 ChangeBinInt-EraseBytes-
#11909	REDUCE cov: 125 ft: 525 corp: 77/12295b lim: 333 exec/s: 11909 rss: 29Mb L: 132/333 MS: 2 ChangeBit-EraseBytes-
#12185	REDUCE cov: 125 ft: 525 corp: 77/12293b lim: 333 exec/s: 12185 rss: 29Mb L: 24/333 MS: 1 EraseBytes-
#12226	REDUCE cov: 125 ft: 529 corp: 78/12532b lim: 333 exec/s: 12226 rss: 29Mb L: 239/333 MS: 1 PersAutoDict- DE: "pixi"-
#12437	REDUCE cov: 125 ft: 529 corp: 78/12477b lim: 333 exec/s: 12437 rss: 29Mb L: 239/333 MS: 1 CrossOver-
#12536	REDUCE cov: 125 ft: 529 corp: 78/12445b lim: 333 exec/s: 12536 rss: 29Mb L: 263/333 MS: 4 ShuffleBytes-CMP-CrossOver-EraseBytes- DE: "\376\377\377\377"-
#12627	REDUCE cov: 125 ft: 529 corp: 78/12401b lim: 333 exec/s: 12627 rss: 29Mb L: 89/333 MS: 1 EraseBytes-
#12649	REDUCE cov: 125 ft: 529 corp: 78/12363b lim: 333 exec/s: 12649 rss: 29Mb L: 191/333 MS: 2 ChangeBinInt-EraseBytes-
#12685	REDUCE cov: 125 ft: 529 corp: 78/12362b lim: 333 exec/s: 12685 rss: 29Mb L: 255/333 MS: 1 EraseBytes-
#12687	REDUCE cov: 125 ft: 529 corp: 78/12315b lim: 333 exec/s: 12687 rss: 29Mb L: 244/333 MS: 2 ChangeBinInt-CrossOver-
#12717	NEW    cov: 126 ft: 535 corp: 79/12645b lim: 333 exec/s: 12717 rss: 29Mb L: 330/333 MS: 5 PersAutoDict-ChangeBit-ChangeByte-CopyPart-InsertByte- DE: "=\200mo"-
#12754	REDUCE cov: 126 ft: 535 corp: 79/12564b lim: 333 exec/s: 12754 rss: 29Mb L: 163/333 MS: 2 CrossOver-CrossOver-
#12916	REDUCE cov: 126 ft: 535 corp: 79/12536b lim: 333 exec/s: 12916 rss: 29Mb L: 35/333 MS: 2 CopyPart-EraseBytes-
#12994	REDUCE cov: 126 ft: 535 corp: 79/12441b lim: 333 exec/s: 12994 rss: 29Mb L: 152/333 MS: 3 ChangeByte-InsertByte-EraseBytes-
#13186	REDUCE cov: 126 ft: 535 corp: 79/12437b lim: 333 exec/s: 6593 rss: 558Mb L: 64/333 MS: 2 ShuffleBytes-EraseBytes-
#13343	NEW    cov: 126 ft: 540 corp: 80/12676b lim: 333 exec/s: 6671 rss: 558Mb L: 239/333 MS: 2 CopyPart-CrossOver-
#13544	REDUCE cov: 126 ft: 540 corp: 80/12669b lim: 333 exec/s: 6772 rss: 558Mb L: 130/333 MS: 1 EraseBytes-
#13578	REDUCE cov: 126 ft: 540 corp: 80/12667b lim: 333 exec/s: 6789 rss: 558Mb L: 17/333 MS: 4 ChangeBit-ChangeBinInt-CopyPart-EraseBytes-
#13630	REDUCE cov: 126 ft: 540 corp: 80/12666b lim: 333 exec/s: 6815 rss: 558Mb L: 255/333 MS: 2 CopyPart-EraseBytes-
#13669	NEW    cov: 126 ft: 545 corp: 81/12997b lim: 333 exec/s: 6834 rss: 558Mb L: 331/333 MS: 4 ChangeASCIIInt-ChangeByte-CopyPart-ChangeByte-
#13699	REDUCE cov: 126 ft: 545 corp: 81/12964b lim: 333 exec/s: 6849 rss: 558Mb L: 295/333 MS: 5 CrossOver-PersAutoDict-ChangeByte-ChangeBinInt-EraseBytes- DE: "\001\007"-
#13835	REDUCE cov: 126 ft: 545 corp: 81/12945b lim: 333 exec/s: 6917 rss: 558Mb L: 314/333 MS: 1 EraseBytes-
#14029	REDUCE cov: 126 ft: 545 corp: 81/12929b lim: 333 exec/s: 7014 rss: 558Mb L: 200/333 MS: 4 ChangeByte-ChangeASCIIInt-EraseBytes-CMP- DE: "34pm"-
#14083	REDUCE cov: 126 ft: 545 corp: 81/12919b lim: 333 exec/s: 7041 rss: 558Mb L: 69/333 MS: 4 ChangeByte-ShuffleBytes-InsertRepeatedBytes-EraseBytes-
#14429	REDUCE cov: 126 ft: 545 corp: 81/12906b lim: 333 exec/s: 7214 rss: 558Mb L: 82/333 MS: 1 CrossOver-
#14432	REDUCE cov: 126 ft: 545 corp: 81/12895b lim: 333 exec/s: 7216 rss: 558Mb L: 71/333 MS: 3 ChangeByte-CMP-EraseBytes- DE: "\377\377\377\377\377\377\377\177"-
#14464	NEW    cov: 126 ft: 549 corp: 82/12991b lim: 333 exec/s: 7232 rss: 558Mb L: 96/333 MS: 2 CrossOver-CrossOver-
#14599	REDUCE cov: 126 ft: 549 corp: 82/12954b lim: 333 exec/s: 7299 rss: 558Mb L: 59/333 MS: 5 ChangeBinInt-ShuffleBytes-ChangeASCIIInt-ChangeBit-EraseBytes-
#14710	REDUCE cov: 126 ft: 549 corp: 82/12882b lim: 333 exec/s: 7355 rss: 558Mb L: 167/333 MS: 1 EraseBytes-
#14972	REDUCE cov: 126 ft: 550 corp: 83/13137b lim: 333 exec/s: 4990 rss: 558Mb L: 255/333 MS: 2 ShuffleBytes-CopyPart-
#14979	REDUCE cov: 126 ft: 550 corp: 83/13131b lim: 333 exec/s: 4993 rss: 558Mb L: 29/333 MS: 2 ChangeByte-EraseBytes-
#14995	REDUCE cov: 126 ft: 550 corp: 83/13049b lim: 333 exec/s: 4998 rss: 558Mb L: 187/333 MS: 1 EraseBytes-
#15143	REDUCE cov: 126 ft: 550 corp: 83/13045b lim: 333 exec/s: 5047 rss: 558Mb L: 300/333 MS: 3 InsertRepeatedBytes-InsertRepeatedBytes-CrossOver-
#15162	REDUCE cov: 126 ft: 550 corp: 83/13043b lim: 333 exec/s: 5054 rss: 558Mb L: 37/333 MS: 4 ChangeBinInt-ShuffleBytes-CMP-EraseBytes- DE: "stbl"-
#15163	REDUCE cov: 126 ft: 550 corp: 83/13026b lim: 333 exec/s: 5054 rss: 558Mb L: 135/333 MS: 1 EraseBytes-
#15559	REDUCE cov: 126 ft: 550 corp: 83/13015b lim: 333 exec/s: 5186 rss: 558Mb L: 109/333 MS: 1 EraseBytes-
#15902	REDUCE cov: 126 ft: 550 corp: 83/13013b lim: 333 exec/s: 5300 rss: 558Mb L: 33/333 MS: 3 CMP-PersAutoDict-EraseBytes- DE: "N7ISOBMFF4FTYP"-"\001\000|=\024\004\3330"-
#15959	REDUCE cov: 126 ft: 550 corp: 83/12978b lim: 333 exec/s: 5319 rss: 558Mb L: 71/333 MS: 2 CMP-CrossOver- DE: "hvc1"-
#16233	REDUCE cov: 126 ft: 551 corp: 84/13048b lim: 333 exec/s: 5411 rss: 558Mb L: 70/333 MS: 4 ChangeByte-CrossOver-ChangeBinInt-EraseBytes-
#16352	REDUCE cov: 126 ft: 551 corp: 84/13032b lim: 333 exec/s: 5450 rss: 558Mb L: 212/333 MS: 4 ChangeByte-InsertByte-EraseBytes-CrossOver-
#16384	pulse  cov: 126 ft: 551 corp: 84/13032b lim: 333 exec/s: 5461 rss: 558Mb
#16547	REDUCE cov: 126 ft: 551 corp: 84/13027b lim: 333 exec/s: 5515 rss: 558Mb L: 264/333 MS: 5 InsertByte-InsertByte-ChangeBinInt-ChangeBinInt-EraseBytes-
#16753	REDUCE cov: 126 ft: 551 corp: 84/13013b lim: 333 exec/s: 5584 rss: 558Mb L: 45/333 MS: 1 EraseBytes-
#17014	REDUCE cov: 126 ft: 551 corp: 84/12990b lim: 333 exec/s: 5671 rss: 558Mb L: 112/333 MS: 1 EraseBytes-
#17095	REDUCE cov: 126 ft: 551 corp: 84/12980b lim: 333 exec/s: 5698 rss: 558Mb L: 61/333 MS: 1 EraseBytes-
#17237	REDUCE cov: 126 ft: 551 corp: 84/12979b lim: 333 exec/s: 5745 rss: 558Mb L: 131/333 MS: 2 EraseBytes-CopyPart-
#17432	REDUCE cov: 126 ft: 562 corp: 85/13218b lim: 333 exec/s: 5810 rss: 558Mb L: 239/333 MS: 5 ShuffleBytes-ShuffleBytes-ChangeBit-ChangeBit-CMP- DE: "mfra"-
#17484	REDUCE cov: 126 ft: 562 corp: 85/13215b lim: 333 exec/s: 5828 rss: 558Mb L: 287/333 MS: 2 CopyPart-EraseBytes-
#17725	REDUCE cov: 126 ft: 562 corp: 85/13199b lim: 333 exec/s: 5908 rss: 558Mb L: 96/333 MS: 1 EraseBytes-
#17801	REDUCE cov: 126 ft: 563 corp: 86/13438b lim: 333 exec/s: 5933 rss: 558Mb L: 239/333 MS: 1 ChangeBit-
#17853	REDUCE cov: 126 ft: 563 corp: 86/13420b lim: 333 exec/s: 5951 rss: 558Mb L: 211/333 MS: 2 InsertRepeatedBytes-EraseBytes-
#18290	REDUCE cov: 126 ft: 563 corp: 86/13418b lim: 333 exec/s: 6096 rss: 558Mb L: 99/333 MS: 2 ChangeBinInt-EraseBytes-
#18449	REDUCE cov: 126 ft: 567 corp: 87/13612b lim: 333 exec/s: 6149 rss: 558Mb L: 194/333 MS: 4 ChangeBit-CopyPart-ChangeByte-InsertRepeatedBytes-
#18561	REDUCE cov: 126 ft: 567 corp: 87/13608b lim: 333 exec/s: 6187 rss: 558Mb L: 41/333 MS: 2 ShuffleBytes-EraseBytes-
#18572	REDUCE cov: 126 ft: 567 corp: 87/13606b lim: 333 exec/s: 6190 rss: 558Mb L: 35/333 MS: 1 EraseBytes-
#18820	NEW    cov: 126 ft: 570 corp: 88/13666b lim: 333 exec/s: 6273 rss: 558Mb L: 60/333 MS: 3 InsertByte-ChangeByte-EraseBytes-
#18942	REDUCE cov: 126 ft: 570 corp: 88/13662b lim: 333 exec/s: 6314 rss: 558Mb L: 159/333 MS: 2 CrossOver-EraseBytes-
#19003	REDUCE cov: 126 ft: 571 corp: 89/13925b lim: 333 exec/s: 6334 rss: 558Mb L: 263/333 MS: 1 CrossOver-
#19174	REDUCE cov: 126 ft: 571 corp: 89/13907b lim: 333 exec/s: 6391 rss: 558Mb L: 174/333 MS: 1 EraseBytes-
#19335	REDUCE cov: 126 ft: 571 corp: 89/13894b lim: 333 exec/s: 6445 rss: 558Mb L: 109/333 MS: 1 EraseBytes-
#19446	REDUCE cov: 126 ft: 571 corp: 89/13893b lim: 333 exec/s: 6482 rss: 558Mb L: 190/333 MS: 1 EraseBytes-
#19746	REDUCE cov: 126 ft: 571 corp: 89/13825b lim: 333 exec/s: 6582 rss: 558Mb L: 99/333 MS: 5 ShuffleBytes-InsertByte-PersAutoDict-ChangeBinInt-EraseBytes- DE: "P\013R{4c\000\000"-
#20039	REDUCE cov: 126 ft: 571 corp: 89/13822b lim: 333 exec/s: 6679 rss: 558Mb L: 38/333 MS: 3 CMP-ChangeBinInt-EraseBytes- DE: "\377\377{=\024\010\344\325"-
#20079	REDUCE cov: 126 ft: 571 corp: 89/13766b lim: 333 exec/s: 6693 rss: 558Mb L: 268/333 MS: 5 ShuffleBytes-CMP-CrossOver-ShuffleBytes-EraseBytes- DE: "stts"-
#20122	REDUCE cov: 126 ft: 571 corp: 89/13751b lim: 333 exec/s: 6707 rss: 558Mb L: 74/333 MS: 3 CMP-ChangeByte-EraseBytes- DE: "_>\006\024=|\000\000"-
#20151	REDUCE cov: 126 ft: 571 corp: 89/13728b lim: 333 exec/s: 6717 rss: 558Mb L: 171/333 MS: 4 InsertRepeatedBytes-CrossOver-InsertByte-EraseBytes-
#20183	REDUCE cov: 126 ft: 571 corp: 89/13723b lim: 333 exec/s: 6727 rss: 558Mb L: 104/333 MS: 2 ChangeASCIIInt-EraseBytes-
#20187	REDUCE cov: 126 ft: 571 corp: 89/13702b lim: 333 exec/s: 6729 rss: 558Mb L: 171/333 MS: 4 ChangeByte-InsertByte-InsertRepeatedBytes-EraseBytes-
#20263	REDUCE cov: 126 ft: 571 corp: 89/13688b lim: 333 exec/s: 6754 rss: 558Mb L: 90/333 MS: 1 EraseBytes-
#20644	REDUCE cov: 126 ft: 571 corp: 89/13685b lim: 333 exec/s: 6881 rss: 558Mb L: 261/333 MS: 1 EraseBytes-
#21015	REDUCE cov: 126 ft: 571 corp: 89/13660b lim: 333 exec/s: 7005 rss: 558Mb L: 289/333 MS: 1 EraseBytes-
#21387	REDUCE cov: 126 ft: 571 corp: 89/13656b lim: 333 exec/s: 5346 rss: 558Mb L: 264/333 MS: 2 PersAutoDict-EraseBytes- DE: "\377\377\377\037"-
#21710	REDUCE cov: 126 ft: 571 corp: 89/13648b lim: 333 exec/s: 5427 rss: 558Mb L: 166/333 MS: 3 EraseBytes-ShuffleBytes-InsertByte-
#22522	REDUCE cov: 126 ft: 571 corp: 89/13624b lim: 341 exec/s: 5630 rss: 558Mb L: 89/333 MS: 2 CopyPart-EraseBytes-
#22638	REDUCE cov: 126 ft: 571 corp: 89/13618b lim: 341 exec/s: 5659 rss: 558Mb L: 325/333 MS: 1 EraseBytes-
#22644	REDUCE cov: 126 ft: 571 corp: 89/13611b lim: 341 exec/s: 5661 rss: 558Mb L: 31/333 MS: 1 EraseBytes-
#22661	REDUCE cov: 126 ft: 571 corp: 89/13565b lim: 341 exec/s: 5665 rss: 558Mb L: 218/333 MS: 2 EraseBytes-InsertRepeatedBytes-
#23087	REDUCE cov: 126 ft: 571 corp: 89/13555b lim: 341 exec/s: 5771 rss: 558Mb L: 51/333 MS: 1 EraseBytes-
==729493== ERROR: libFuzzer: out-of-memory (used: 1067Mb; limit: 1024Mb)
   To change the out-of-memory limit use -rss_limit_mb=<N>

MS: 1 InsertByte-; base unit: ce9040aa83a82ebe6aa71044e0c37f3460bb0b15
artifact_prefix='/results/crashes/20260313_181349_4c953e9a_'; Test unit written to /results/crashes/20260313_181349_4c953e9a_oom-892cf7e306a10ce00028d5b6fce6ec8282966611
SUMMARY: libFuzzer: out-of-memory
stat::number_of_executed_units: 23253
stat::average_exec_per_sec:     4650
stat::new_units_added:          262
stat::slowest_unit_time_sec:    0
stat::peak_rss_mb:              1068
