INFO: Running with entropic power schedule (0xFF, 100).
INFO: Seed: 3321293947
INFO: Loaded 1 modules   (252 inline 8-bit counters): 252 [0x5be67c381678, 0x5be67c381774), 
INFO: Loaded 1 PC tables (252 PCs): 252 [0x5be67c381778,0x5be67c382738), 
INFO:        4 files found in /tmp/corpus_20260313_152348_81ed0c5f
INFO: seed corpus: files: 4 min: 48b max: 333b total: 853b rss: 28Mb
#5	INITED cov: 120 ft: 254 corp: 4/853b exec/s: 0 rss: 29Mb
#7	NEW    cov: 120 ft: 255 corp: 5/1105b lim: 333 exec/s: 0 rss: 29Mb L: 252/333 MS: 2 ChangeByte-ChangeBit-
#8	NEW    cov: 120 ft: 256 corp: 6/1438b lim: 333 exec/s: 0 rss: 29Mb L: 333/333 MS: 1 ChangeBinInt-
#9	NEW    cov: 120 ft: 268 corp: 7/1658b lim: 333 exec/s: 0 rss: 29Mb L: 220/333 MS: 1 CopyPart-
#10	NEW    cov: 120 ft: 276 corp: 8/1707b lim: 333 exec/s: 0 rss: 29Mb L: 49/333 MS: 1 InsertByte-
#12	NEW    cov: 121 ft: 277 corp: 9/2040b lim: 333 exec/s: 0 rss: 29Mb L: 333/333 MS: 2 CMP-CopyPart- DE: "\006\000"-
#14	NEW    cov: 121 ft: 282 corp: 10/2315b lim: 333 exec/s: 0 rss: 29Mb L: 275/333 MS: 2 InsertRepeatedBytes-CMP- DE: "\001\017"-
#15	NEW    cov: 121 ft: 283 corp: 11/2568b lim: 333 exec/s: 0 rss: 29Mb L: 253/333 MS: 1 InsertByte-
#16	NEW    cov: 122 ft: 286 corp: 12/2901b lim: 333 exec/s: 0 rss: 29Mb L: 333/333 MS: 1 CopyPart-
#23	NEW    cov: 123 ft: 287 corp: 13/2907b lim: 333 exec/s: 0 rss: 29Mb L: 6/333 MS: 2 CopyPart-CrossOver-
#25	NEW    cov: 123 ft: 288 corp: 14/3240b lim: 333 exec/s: 0 rss: 29Mb L: 333/333 MS: 2 ShuffleBytes-CopyPart-
#27	NEW    cov: 123 ft: 304 corp: 15/3274b lim: 333 exec/s: 0 rss: 29Mb L: 34/333 MS: 2 ChangeByte-EraseBytes-
#30	NEW    cov: 123 ft: 305 corp: 16/3561b lim: 333 exec/s: 0 rss: 29Mb L: 287/333 MS: 3 InsertRepeatedBytes-InsertByte-CrossOver-
#31	NEW    cov: 123 ft: 306 corp: 17/3815b lim: 333 exec/s: 0 rss: 29Mb L: 254/333 MS: 1 PersAutoDict- DE: "\006\000"-
#36	NEW    cov: 123 ft: 344 corp: 18/4066b lim: 333 exec/s: 0 rss: 29Mb L: 251/333 MS: 5 ChangeByte-CMP-CopyPart-ChangeBinInt-EraseBytes- DE: "V\001\000\000\000\000\000\000"-
#42	NEW    cov: 123 ft: 345 corp: 19/4115b lim: 333 exec/s: 0 rss: 29Mb L: 49/333 MS: 1 CMP- DE: "\246\000\000\000\000\000\000\000"-
#46	NEW    cov: 123 ft: 348 corp: 20/4163b lim: 333 exec/s: 0 rss: 29Mb L: 48/333 MS: 4 ChangeByte-CMP-ChangeByte-PersAutoDict- DE: "stts"-"\006\000"-
#53	NEW    cov: 123 ft: 349 corp: 21/4418b lim: 333 exec/s: 0 rss: 29Mb L: 255/333 MS: 2 ChangeByte-CMP- DE: "dref"-
#61	NEW    cov: 123 ft: 353 corp: 22/4705b lim: 333 exec/s: 0 rss: 29Mb L: 287/333 MS: 3 PersAutoDict-CrossOver-InsertByte- DE: "\246\000\000\000\000\000\000\000"-
#64	NEW    cov: 123 ft: 360 corp: 23/4862b lim: 333 exec/s: 0 rss: 29Mb L: 157/333 MS: 3 ChangeBit-ChangeBinInt-CrossOver-
#67	NEW    cov: 123 ft: 362 corp: 24/5064b lim: 333 exec/s: 0 rss: 29Mb L: 202/333 MS: 3 ChangeBit-ChangeByte-CrossOver-
#71	NEW    cov: 123 ft: 363 corp: 25/5229b lim: 333 exec/s: 0 rss: 29Mb L: 165/333 MS: 4 CopyPart-CrossOver-ShuffleBytes-CopyPart-
#75	NEW    cov: 123 ft: 373 corp: 26/5330b lim: 333 exec/s: 0 rss: 29Mb L: 101/333 MS: 4 CMP-PersAutoDict-ChangeBinInt-InsertRepeatedBytes- DE: "\317\"\334\216\346[\000\000"-"dref"-
#78	NEW    cov: 123 ft: 374 corp: 27/5612b lim: 333 exec/s: 0 rss: 29Mb L: 282/333 MS: 3 ChangeBit-CrossOver-PersAutoDict- DE: "dref"-
#91	NEW    cov: 123 ft: 384 corp: 28/5637b lim: 333 exec/s: 0 rss: 29Mb L: 25/333 MS: 3 ChangeBit-ChangeBinInt-EraseBytes-
#94	NEW    cov: 123 ft: 385 corp: 29/5747b lim: 333 exec/s: 0 rss: 29Mb L: 110/333 MS: 3 ChangeByte-InsertRepeatedBytes-PersAutoDict- DE: "\246\000\000\000\000\000\000\000"-
#95	REDUCE cov: 123 ft: 385 corp: 29/5740b lim: 333 exec/s: 0 rss: 29Mb L: 244/333 MS: 1 EraseBytes-
#102	NEW    cov: 123 ft: 392 corp: 30/5832b lim: 333 exec/s: 0 rss: 29Mb L: 92/333 MS: 2 CopyPart-EraseBytes-
#103	NEW    cov: 123 ft: 399 corp: 31/5864b lim: 333 exec/s: 0 rss: 29Mb L: 32/333 MS: 1 EraseBytes-
#108	NEW    cov: 123 ft: 400 corp: 32/5955b lim: 333 exec/s: 0 rss: 29Mb L: 91/333 MS: 5 PersAutoDict-ChangeBit-ShuffleBytes-CopyPart-CrossOver- DE: "\006\000"-
#119	NEW    cov: 123 ft: 414 corp: 33/6065b lim: 333 exec/s: 0 rss: 29Mb L: 110/333 MS: 1 ChangeBinInt-
#120	NEW    cov: 123 ft: 415 corp: 34/6398b lim: 333 exec/s: 0 rss: 29Mb L: 333/333 MS: 1 ChangeByte-
#132	NEW    cov: 123 ft: 416 corp: 35/6490b lim: 333 exec/s: 0 rss: 29Mb L: 92/333 MS: 2 ChangeBinInt-ChangeByte-
#134	NEW    cov: 123 ft: 418 corp: 36/6619b lim: 333 exec/s: 0 rss: 29Mb L: 129/333 MS: 2 ChangeBinInt-EraseBytes-
#158	NEW    cov: 123 ft: 428 corp: 37/6667b lim: 333 exec/s: 0 rss: 29Mb L: 48/333 MS: 4 ChangeBit-CopyPart-ChangeByte-ChangeByte-
#159	NEW    cov: 123 ft: 433 corp: 38/6887b lim: 333 exec/s: 0 rss: 29Mb L: 220/333 MS: 1 ShuffleBytes-
#167	NEW    cov: 123 ft: 434 corp: 39/6939b lim: 333 exec/s: 0 rss: 29Mb L: 52/333 MS: 3 CMP-ChangeByte-ShuffleBytes- DE: "iinf"-
#174	NEW    cov: 124 ft: 435 corp: 40/7244b lim: 333 exec/s: 0 rss: 29Mb L: 305/333 MS: 2 EraseBytes-InsertRepeatedBytes-
#180	NEW    cov: 124 ft: 443 corp: 41/7267b lim: 333 exec/s: 0 rss: 29Mb L: 23/333 MS: 1 EraseBytes-
#203	REDUCE cov: 124 ft: 444 corp: 42/7547b lim: 333 exec/s: 0 rss: 29Mb L: 280/333 MS: 3 CMP-ShuffleBytes-InsertRepeatedBytes- DE: "\000\000u\222\350\000\250\001"-
#206	NEW    cov: 124 ft: 445 corp: 43/7618b lim: 333 exec/s: 0 rss: 29Mb L: 71/333 MS: 3 CMP-ChangeByte-InsertRepeatedBytes- DE: ")\273\000\350\222u\000\000"-
#216	NEW    cov: 124 ft: 446 corp: 44/7842b lim: 333 exec/s: 0 rss: 29Mb L: 224/333 MS: 5 CopyPart-PersAutoDict-PersAutoDict-ChangeBit-PersAutoDict- DE: "\001\017"-")\273\000\350\222u\000\000"-"dref"-
#263	NEW    cov: 124 ft: 449 corp: 45/7858b lim: 333 exec/s: 0 rss: 29Mb L: 16/333 MS: 2 CopyPart-CrossOver-
#272	REDUCE cov: 124 ft: 449 corp: 45/7838b lim: 333 exec/s: 0 rss: 29Mb L: 90/333 MS: 4 ChangeByte-ChangeByte-PersAutoDict-EraseBytes- DE: "\001\017"-
#309	NEW    cov: 124 ft: 459 corp: 46/7850b lim: 333 exec/s: 0 rss: 29Mb L: 12/333 MS: 2 ChangeBinInt-EraseBytes-
#312	NEW    cov: 125 ft: 460 corp: 47/8071b lim: 333 exec/s: 0 rss: 29Mb L: 221/333 MS: 3 PersAutoDict-CrossOver-CopyPart- DE: "iinf"-
#337	NEW    cov: 125 ft: 461 corp: 48/8293b lim: 333 exec/s: 0 rss: 29Mb L: 222/333 MS: 5 ChangeBinInt-PersAutoDict-EraseBytes-PersAutoDict-ChangeBinInt- DE: "\000\000u\222\350\000\250\001"-"V\001\000\000\000\000\000\000"-
#346	NEW    cov: 125 ft: 462 corp: 49/8306b lim: 333 exec/s: 0 rss: 29Mb L: 13/333 MS: 4 InsertByte-InsertByte-CrossOver-PersAutoDict- DE: ")\273\000\350\222u\000\000"-
#350	REDUCE cov: 125 ft: 462 corp: 49/8275b lim: 333 exec/s: 0 rss: 29Mb L: 189/333 MS: 4 CopyPart-InsertRepeatedBytes-InsertByte-EraseBytes-
#364	REDUCE cov: 125 ft: 462 corp: 49/8273b lim: 333 exec/s: 0 rss: 29Mb L: 50/333 MS: 4 ChangeASCIIInt-InsertRepeatedBytes-EraseBytes-EraseBytes-
#428	REDUCE cov: 125 ft: 462 corp: 49/8271b lim: 333 exec/s: 0 rss: 29Mb L: 4/333 MS: 4 ChangeByte-InsertByte-ShuffleBytes-EraseBytes-
#454	REDUCE cov: 125 ft: 462 corp: 49/8240b lim: 333 exec/s: 0 rss: 29Mb L: 189/333 MS: 1 EraseBytes-
#539	REDUCE cov: 125 ft: 462 corp: 49/8233b lim: 333 exec/s: 0 rss: 29Mb L: 85/333 MS: 5 ChangeByte-CrossOver-CrossOver-ChangeByte-EraseBytes-
#626	REDUCE cov: 125 ft: 463 corp: 50/8241b lim: 333 exec/s: 0 rss: 29Mb L: 8/333 MS: 2 ChangeByte-PersAutoDict- DE: "stts"-
#721	REDUCE cov: 125 ft: 463 corp: 50/8233b lim: 333 exec/s: 0 rss: 29Mb L: 325/333 MS: 5 EraseBytes-ChangeByte-ChangeByte-CMP-CrossOver- DE: "\020\000\000\000\000\000\000\000"-
#747	REDUCE cov: 125 ft: 463 corp: 50/8230b lim: 333 exec/s: 0 rss: 29Mb L: 10/333 MS: 1 EraseBytes-
#765	NEW    cov: 125 ft: 465 corp: 51/8546b lim: 333 exec/s: 0 rss: 29Mb L: 316/333 MS: 3 ChangeBit-ShuffleBytes-InsertRepeatedBytes-
#817	NEW    cov: 125 ft: 466 corp: 52/8836b lim: 333 exec/s: 0 rss: 29Mb L: 290/333 MS: 2 ChangeBit-CrossOver-
#855	REDUCE cov: 125 ft: 466 corp: 52/8796b lim: 333 exec/s: 0 rss: 29Mb L: 162/333 MS: 3 PersAutoDict-ChangeBit-EraseBytes- DE: "\006\000"-
#859	REDUCE cov: 125 ft: 466 corp: 52/8795b lim: 333 exec/s: 0 rss: 29Mb L: 49/333 MS: 4 EraseBytes-ChangeBit-ChangeBinInt-CrossOver-
#898	REDUCE cov: 125 ft: 466 corp: 52/8787b lim: 333 exec/s: 0 rss: 29Mb L: 40/333 MS: 4 ChangeByte-ChangeBinInt-CMP-EraseBytes- DE: "\001\000"-
#919	REDUCE cov: 125 ft: 466 corp: 52/8784b lim: 333 exec/s: 0 rss: 29Mb L: 98/333 MS: 1 EraseBytes-
#927	NEW    cov: 125 ft: 467 corp: 53/9116b lim: 333 exec/s: 0 rss: 29Mb L: 332/333 MS: 3 CrossOver-CopyPart-CrossOver-
#1000	REDUCE cov: 125 ft: 467 corp: 53/9053b lim: 333 exec/s: 0 rss: 29Mb L: 159/333 MS: 3 CrossOver-EraseBytes-EraseBytes-
#1048	REDUCE cov: 125 ft: 467 corp: 53/9009b lim: 333 exec/s: 0 rss: 29Mb L: 46/333 MS: 3 ShuffleBytes-InsertByte-EraseBytes-
#1161	NEW    cov: 125 ft: 468 corp: 54/9342b lim: 333 exec/s: 0 rss: 29Mb L: 333/333 MS: 3 CrossOver-ChangeBinInt-ChangeBinInt-
#1255	REDUCE cov: 125 ft: 468 corp: 54/9338b lim: 333 exec/s: 0 rss: 29Mb L: 161/333 MS: 4 CrossOver-EraseBytes-CMP-InsertByte- DE: "\004\000"-
#1288	REDUCE cov: 125 ft: 468 corp: 54/9321b lim: 333 exec/s: 0 rss: 29Mb L: 258/333 MS: 3 CMP-EraseBytes-InsertRepeatedBytes- DE: "\015\000\000\000\000\000\000\000"-
#1394	NEW    cov: 125 ft: 469 corp: 55/9654b lim: 333 exec/s: 0 rss: 29Mb L: 333/333 MS: 1 CopyPart-
#1480	REDUCE cov: 125 ft: 469 corp: 55/9651b lim: 333 exec/s: 0 rss: 29Mb L: 82/333 MS: 1 EraseBytes-
#1535	REDUCE cov: 125 ft: 469 corp: 55/9635b lim: 333 exec/s: 0 rss: 29Mb L: 317/333 MS: 5 PersAutoDict-ShuffleBytes-ChangeASCIIInt-CopyPart-EraseBytes- DE: "iinf"-
#1539	REDUCE cov: 125 ft: 469 corp: 55/9633b lim: 333 exec/s: 0 rss: 29Mb L: 69/333 MS: 4 ChangeBit-PersAutoDict-ChangeBit-EraseBytes- DE: "\000\000u\222\350\000\250\001"-
#1541	REDUCE cov: 125 ft: 469 corp: 55/9629b lim: 333 exec/s: 0 rss: 29Mb L: 254/333 MS: 2 InsertByte-EraseBytes-
#1587	NEW    cov: 125 ft: 470 corp: 56/9961b lim: 333 exec/s: 0 rss: 29Mb L: 332/333 MS: 1 CrossOver-
#1686	REDUCE cov: 125 ft: 470 corp: 56/9901b lim: 333 exec/s: 0 rss: 29Mb L: 164/333 MS: 4 ChangeByte-ChangeByte-CrossOver-CrossOver-
#1756	NEW    cov: 125 ft: 476 corp: 57/10208b lim: 333 exec/s: 0 rss: 29Mb L: 307/333 MS: 5 ChangeByte-PersAutoDict-CopyPart-ChangeBit-InsertRepeatedBytes- DE: "\317\"\334\216\346[\000\000"-
#1827	REDUCE cov: 125 ft: 476 corp: 57/10166b lim: 333 exec/s: 0 rss: 29Mb L: 291/333 MS: 1 EraseBytes-
#1913	NEW    cov: 125 ft: 478 corp: 58/10214b lim: 333 exec/s: 0 rss: 29Mb L: 48/333 MS: 1 ChangeBit-
#1986	REDUCE cov: 125 ft: 478 corp: 58/10213b lim: 333 exec/s: 0 rss: 29Mb L: 33/333 MS: 3 ChangeByte-ShuffleBytes-EraseBytes-
#2158	REDUCE cov: 125 ft: 478 corp: 58/10199b lim: 333 exec/s: 0 rss: 29Mb L: 35/333 MS: 2 InsertByte-EraseBytes-
#2214	NEW    cov: 125 ft: 486 corp: 59/10438b lim: 333 exec/s: 0 rss: 29Mb L: 239/333 MS: 1 InsertRepeatedBytes-
#2355	REDUCE cov: 125 ft: 486 corp: 59/10401b lim: 333 exec/s: 0 rss: 29Mb L: 296/333 MS: 1 EraseBytes-
#2408	NEW    cov: 125 ft: 488 corp: 60/10622b lim: 333 exec/s: 0 rss: 29Mb L: 221/333 MS: 3 ChangeBit-ChangeByte-InsertByte-
#2611	REDUCE cov: 125 ft: 490 corp: 61/10953b lim: 333 exec/s: 0 rss: 29Mb L: 331/333 MS: 3 InsertRepeatedBytes-ChangeBit-InsertRepeatedBytes-
#2637	REDUCE cov: 125 ft: 490 corp: 61/10949b lim: 333 exec/s: 0 rss: 29Mb L: 44/333 MS: 1 EraseBytes-
#2694	REDUCE cov: 125 ft: 490 corp: 61/10947b lim: 333 exec/s: 0 rss: 29Mb L: 242/333 MS: 2 PersAutoDict-EraseBytes- DE: "\000\000u\222\350\000\250\001"-
#2730	NEW    cov: 125 ft: 491 corp: 62/11279b lim: 333 exec/s: 0 rss: 29Mb L: 332/333 MS: 1 ChangeBit-
#2792	REDUCE cov: 125 ft: 491 corp: 62/11274b lim: 333 exec/s: 0 rss: 29Mb L: 184/333 MS: 2 PersAutoDict-EraseBytes- DE: "\001\000"-
#2919	NEW    cov: 125 ft: 493 corp: 63/11606b lim: 333 exec/s: 0 rss: 29Mb L: 332/333 MS: 2 ChangeBit-CopyPart-
#2987	REDUCE cov: 125 ft: 493 corp: 63/11600b lim: 333 exec/s: 0 rss: 29Mb L: 248/333 MS: 3 CopyPart-EraseBytes-CopyPart-
#3047	REDUCE cov: 125 ft: 493 corp: 63/11546b lim: 333 exec/s: 0 rss: 29Mb L: 236/333 MS: 5 ChangeBit-CMP-InsertByte-InsertByte-EraseBytes- DE: "\001\000\000\000"-
#3062	REDUCE cov: 125 ft: 493 corp: 63/11534b lim: 333 exec/s: 0 rss: 29Mb L: 319/333 MS: 5 ChangeBinInt-PersAutoDict-EraseBytes-InsertRepeatedBytes-InsertRepeatedBytes- DE: "\006\000"-
#3260	REDUCE cov: 125 ft: 493 corp: 63/11499b lim: 333 exec/s: 0 rss: 29Mb L: 129/333 MS: 3 ShuffleBytes-CMP-EraseBytes- DE: "\330l\003\350\222u\000\000"-
#3354	REDUCE cov: 125 ft: 493 corp: 63/11487b lim: 333 exec/s: 0 rss: 29Mb L: 293/333 MS: 4 EraseBytes-EraseBytes-ChangeBit-CrossOver-
#3440	REDUCE cov: 125 ft: 493 corp: 63/11463b lim: 333 exec/s: 0 rss: 29Mb L: 309/333 MS: 1 EraseBytes-
#3462	REDUCE cov: 125 ft: 493 corp: 63/11394b lim: 333 exec/s: 0 rss: 29Mb L: 227/333 MS: 2 PersAutoDict-EraseBytes- DE: "iinf"-
#3485	REDUCE cov: 125 ft: 493 corp: 63/11286b lim: 333 exec/s: 0 rss: 29Mb L: 147/333 MS: 3 ChangeBinInt-ChangeByte-EraseBytes-
#3528	REDUCE cov: 125 ft: 493 corp: 63/11236b lim: 333 exec/s: 0 rss: 29Mb L: 171/333 MS: 3 EraseBytes-EraseBytes-ShuffleBytes-
#3531	REDUCE cov: 125 ft: 493 corp: 63/11228b lim: 333 exec/s: 0 rss: 29Mb L: 244/333 MS: 3 ChangeBinInt-EraseBytes-CrossOver-
#3551	REDUCE cov: 125 ft: 493 corp: 63/11225b lim: 333 exec/s: 0 rss: 29Mb L: 89/333 MS: 5 CrossOver-ShuffleBytes-ChangeBit-EraseBytes-CopyPart-
#3594	REDUCE cov: 125 ft: 493 corp: 63/11202b lim: 333 exec/s: 0 rss: 29Mb L: 309/333 MS: 3 ShuffleBytes-ShuffleBytes-EraseBytes-
#3710	REDUCE cov: 125 ft: 493 corp: 63/11200b lim: 333 exec/s: 0 rss: 29Mb L: 21/333 MS: 1 EraseBytes-
#3832	NEW    cov: 125 ft: 494 corp: 64/11516b lim: 333 exec/s: 0 rss: 29Mb L: 316/333 MS: 2 ChangeBinInt-CMP- DE: "ispe"-
#4079	REDUCE cov: 125 ft: 494 corp: 64/11460b lim: 333 exec/s: 0 rss: 29Mb L: 198/333 MS: 2 ChangeBit-EraseBytes-
#4091	REDUCE cov: 125 ft: 494 corp: 64/11410b lim: 333 exec/s: 0 rss: 29Mb L: 186/333 MS: 2 InsertByte-EraseBytes-
#4102	NEW    cov: 125 ft: 498 corp: 65/11742b lim: 333 exec/s: 0 rss: 29Mb L: 332/333 MS: 1 CopyPart-
#4117	REDUCE cov: 125 ft: 498 corp: 65/11734b lim: 333 exec/s: 0 rss: 29Mb L: 324/333 MS: 5 ChangeBinInt-ShuffleBytes-ChangeBit-CopyPart-EraseBytes-
#4271	REDUCE cov: 125 ft: 498 corp: 65/11722b lim: 333 exec/s: 0 rss: 29Mb L: 70/333 MS: 4 ChangeBit-CopyPart-ChangeBit-EraseBytes-
#4294	REDUCE cov: 125 ft: 498 corp: 65/11712b lim: 333 exec/s: 0 rss: 29Mb L: 174/333 MS: 3 CopyPart-CrossOver-EraseBytes-
#4410	REDUCE cov: 125 ft: 498 corp: 65/11711b lim: 333 exec/s: 0 rss: 29Mb L: 3/333 MS: 1 EraseBytes-
#4424	REDUCE cov: 125 ft: 498 corp: 65/11641b lim: 333 exec/s: 0 rss: 29Mb L: 183/333 MS: 4 PersAutoDict-ChangeBinInt-ChangeBit-EraseBytes- DE: "\006\000"-
#4628	REDUCE cov: 125 ft: 505 corp: 66/11882b lim: 333 exec/s: 0 rss: 29Mb L: 241/333 MS: 4 CopyPart-PersAutoDict-CopyPart-EraseBytes- DE: "dref"-
#4659	REDUCE cov: 125 ft: 505 corp: 66/11878b lim: 333 exec/s: 0 rss: 29Mb L: 40/333 MS: 1 EraseBytes-
#4700	REDUCE cov: 125 ft: 505 corp: 66/11875b lim: 333 exec/s: 0 rss: 29Mb L: 329/333 MS: 1 EraseBytes-
#4703	REDUCE cov: 125 ft: 505 corp: 66/11871b lim: 333 exec/s: 0 rss: 29Mb L: 155/333 MS: 3 CMP-ShuffleBytes-EraseBytes- DE: "\377\377t\222\350\004\006h"-
#4717	REDUCE cov: 125 ft: 505 corp: 66/11847b lim: 333 exec/s: 0 rss: 29Mb L: 74/333 MS: 4 ChangeBit-InsertRepeatedBytes-ChangeByte-EraseBytes-
#4843	REDUCE cov: 125 ft: 505 corp: 66/11846b lim: 333 exec/s: 0 rss: 29Mb L: 9/333 MS: 1 EraseBytes-
#4844	REDUCE cov: 125 ft: 505 corp: 66/11842b lim: 333 exec/s: 0 rss: 29Mb L: 36/333 MS: 1 EraseBytes-
#4889	REDUCE cov: 125 ft: 505 corp: 66/11831b lim: 333 exec/s: 0 rss: 29Mb L: 308/333 MS: 5 CMP-EraseBytes-EraseBytes-CrossOver-InsertRepeatedBytes- DE: "\001\000\000t"-
#4944	REDUCE cov: 125 ft: 505 corp: 66/11827b lim: 333 exec/s: 0 rss: 29Mb L: 42/333 MS: 5 ChangeByte-CopyPart-PersAutoDict-InsertByte-EraseBytes- DE: "\246\000\000\000\000\000\000\000"-
#4958	REDUCE cov: 125 ft: 505 corp: 66/11794b lim: 333 exec/s: 0 rss: 29Mb L: 283/333 MS: 4 CrossOver-ChangeBit-ChangeBit-EraseBytes-
#5480	REDUCE cov: 125 ft: 505 corp: 66/11785b lim: 333 exec/s: 0 rss: 29Mb L: 148/333 MS: 2 ChangeByte-EraseBytes-
#5668	REDUCE cov: 125 ft: 505 corp: 66/11764b lim: 333 exec/s: 0 rss: 29Mb L: 227/333 MS: 3 CopyPart-ShuffleBytes-EraseBytes-
#5676	REDUCE cov: 125 ft: 505 corp: 66/11763b lim: 333 exec/s: 0 rss: 29Mb L: 41/333 MS: 3 CMP-ShuffleBytes-EraseBytes- DE: "\000\000u\222\350\004\271:"-
#5706	REDUCE cov: 125 ft: 506 corp: 67/11782b lim: 333 exec/s: 0 rss: 29Mb L: 19/333 MS: 5 CMP-PersAutoDict-InsertByte-ChangeByte-CrossOver- DE: "\377\377\377\377\377\377\377\023"-"\330l\003\350\222u\000\000"-
#5855	REDUCE cov: 125 ft: 506 corp: 67/11755b lim: 333 exec/s: 0 rss: 29Mb L: 297/333 MS: 4 ChangeBit-EraseBytes-ChangeByte-InsertRepeatedBytes-
#5976	REDUCE cov: 125 ft: 506 corp: 67/11754b lim: 333 exec/s: 0 rss: 29Mb L: 8/333 MS: 1 EraseBytes-
#5997	REDUCE cov: 125 ft: 506 corp: 67/11745b lim: 333 exec/s: 0 rss: 29Mb L: 146/333 MS: 1 EraseBytes-
#6038	REDUCE cov: 125 ft: 506 corp: 67/11742b lim: 333 exec/s: 0 rss: 29Mb L: 9/333 MS: 1 EraseBytes-
#6061	NEW    cov: 125 ft: 511 corp: 68/11981b lim: 333 exec/s: 0 rss: 29Mb L: 239/333 MS: 3 ChangeBinInt-ChangeBit-ShuffleBytes-
#6241	REDUCE cov: 125 ft: 511 corp: 68/11976b lim: 333 exec/s: 0 rss: 29Mb L: 16/333 MS: 5 InsertRepeatedBytes-EraseBytes-CopyPart-EraseBytes-EraseBytes-
#6247	REDUCE cov: 125 ft: 511 corp: 68/11905b lim: 333 exec/s: 0 rss: 29Mb L: 156/333 MS: 1 CrossOver-
#6299	REDUCE cov: 125 ft: 511 corp: 68/11902b lim: 333 exec/s: 0 rss: 29Mb L: 143/333 MS: 2 PersAutoDict-EraseBytes- DE: "\001\000"-
#6305	REDUCE cov: 125 ft: 511 corp: 68/11854b lim: 333 exec/s: 0 rss: 29Mb L: 196/333 MS: 1 EraseBytes-
#6346	REDUCE cov: 125 ft: 511 corp: 68/11841b lim: 333 exec/s: 0 rss: 29Mb L: 239/333 MS: 1 EraseBytes-
#6446	REDUCE cov: 125 ft: 511 corp: 68/11834b lim: 333 exec/s: 0 rss: 29Mb L: 290/333 MS: 5 InsertByte-CopyPart-ChangeBinInt-PersAutoDict-EraseBytes- DE: "\001\000\000t"-
#6494	REDUCE cov: 125 ft: 511 corp: 68/11800b lim: 333 exec/s: 0 rss: 29Mb L: 249/333 MS: 3 PersAutoDict-ChangeBinInt-EraseBytes- DE: "\006\000"-
#6495	REDUCE cov: 125 ft: 511 corp: 68/11738b lim: 333 exec/s: 0 rss: 29Mb L: 179/333 MS: 1 EraseBytes-
#6662	NEW    cov: 125 ft: 513 corp: 69/12071b lim: 333 exec/s: 6662 rss: 29Mb L: 333/333 MS: 1 ChangeBinInt-
#6836	REDUCE cov: 125 ft: 513 corp: 69/11983b lim: 333 exec/s: 6836 rss: 29Mb L: 110/333 MS: 4 PersAutoDict-ChangeBinInt-InsertByte-EraseBytes- DE: "\330l\003\350\222u\000\000"-
#7435	REDUCE cov: 125 ft: 513 corp: 69/11964b lim: 333 exec/s: 7435 rss: 29Mb L: 177/333 MS: 4 CopyPart-ChangeBinInt-EraseBytes-InsertByte-
#7562	REDUCE cov: 125 ft: 513 corp: 69/11933b lim: 333 exec/s: 7562 rss: 29Mb L: 278/333 MS: 2 ChangeBit-EraseBytes-
#7664	REDUCE cov: 125 ft: 513 corp: 69/11932b lim: 333 exec/s: 7664 rss: 29Mb L: 34/333 MS: 2 InsertByte-EraseBytes-
#8211	REDUCE cov: 125 ft: 513 corp: 69/11919b lim: 333 exec/s: 8211 rss: 29Mb L: 312/333 MS: 2 ShuffleBytes-EraseBytes-
#8380	REDUCE cov: 125 ft: 513 corp: 69/11770b lim: 333 exec/s: 8380 rss: 29Mb L: 168/333 MS: 4 InsertRepeatedBytes-CMP-EraseBytes-ChangeBit- DE: "\337\000\000\000\000\000\000\000"-
#8464	REDUCE cov: 125 ft: 513 corp: 69/11745b lim: 333 exec/s: 8464 rss: 29Mb L: 283/333 MS: 4 ChangeBit-InsertRepeatedBytes-PersAutoDict-EraseBytes- DE: "\004\000"-
#8684	REDUCE cov: 125 ft: 513 corp: 69/11676b lim: 333 exec/s: 8684 rss: 29Mb L: 218/333 MS: 5 ChangeBit-PersAutoDict-ChangeBinInt-CrossOver-CrossOver- DE: "\015\000\000\000\000\000\000\000"-
#8749	REDUCE cov: 125 ft: 513 corp: 69/11674b lim: 333 exec/s: 8749 rss: 29Mb L: 145/333 MS: 5 ShuffleBytes-PersAutoDict-CrossOver-ChangeBinInt-EraseBytes- DE: "V\001\000\000\000\000\000\000"-
#8810	REDUCE cov: 125 ft: 513 corp: 69/11673b lim: 333 exec/s: 8810 rss: 29Mb L: 2/333 MS: 1 EraseBytes-
#8855	REDUCE cov: 125 ft: 513 corp: 69/11563b lim: 333 exec/s: 8855 rss: 29Mb L: 202/333 MS: 5 ShuffleBytes-EraseBytes-CrossOver-CrossOver-EraseBytes-
#9051	NEW    cov: 125 ft: 514 corp: 70/11896b lim: 333 exec/s: 9051 rss: 29Mb L: 333/333 MS: 1 CopyPart-
#9140	REDUCE cov: 125 ft: 514 corp: 70/11841b lim: 333 exec/s: 9140 rss: 29Mb L: 163/333 MS: 4 ChangeByte-EraseBytes-InsertByte-InsertRepeatedBytes-
#9191	REDUCE cov: 125 ft: 514 corp: 70/11840b lim: 333 exec/s: 9191 rss: 29Mb L: 1/333 MS: 1 EraseBytes-
#9255	REDUCE cov: 125 ft: 514 corp: 70/11832b lim: 333 exec/s: 9255 rss: 29Mb L: 219/333 MS: 4 InsertByte-CopyPart-ChangeBinInt-EraseBytes-
#9581	REDUCE cov: 125 ft: 514 corp: 70/11810b lim: 333 exec/s: 9581 rss: 29Mb L: 311/333 MS: 1 EraseBytes-
#9660	REDUCE cov: 125 ft: 514 corp: 70/11789b lim: 333 exec/s: 9660 rss: 29Mb L: 262/333 MS: 4 ChangeBit-ChangeByte-ChangeBit-CrossOver-
#9667	REDUCE cov: 125 ft: 514 corp: 70/11751b lim: 333 exec/s: 9667 rss: 29Mb L: 253/333 MS: 2 ChangeByte-EraseBytes-
#10062	REDUCE cov: 125 ft: 514 corp: 70/11746b lim: 333 exec/s: 10062 rss: 29Mb L: 302/333 MS: 5 EraseBytes-InsertRepeatedBytes-PersAutoDict-CrossOver-CrossOver- DE: "\337\000\000\000\000\000\000\000"-
#10243	REDUCE cov: 125 ft: 514 corp: 70/11744b lim: 333 exec/s: 10243 rss: 29Mb L: 67/333 MS: 1 EraseBytes-
#10653	REDUCE cov: 125 ft: 514 corp: 70/11743b lim: 333 exec/s: 10653 rss: 29Mb L: 301/333 MS: 5 EraseBytes-InsertRepeatedBytes-ChangeByte-ShuffleBytes-CopyPart-
#10980	REDUCE cov: 125 ft: 514 corp: 70/11671b lim: 333 exec/s: 10980 rss: 29Mb L: 206/333 MS: 2 CMP-EraseBytes- DE: "ideo"-
#11353	REDUCE cov: 125 ft: 514 corp: 70/11666b lim: 333 exec/s: 11353 rss: 29Mb L: 65/333 MS: 3 ChangeBit-InsertRepeatedBytes-EraseBytes-
#11477	REDUCE cov: 125 ft: 514 corp: 70/11642b lim: 333 exec/s: 11477 rss: 29Mb L: 43/333 MS: 4 ChangeBit-InsertByte-CopyPart-EraseBytes-
#11618	REDUCE cov: 125 ft: 514 corp: 70/11641b lim: 333 exec/s: 11618 rss: 29Mb L: 218/333 MS: 1 CrossOver-
#11885	REDUCE cov: 125 ft: 514 corp: 70/11640b lim: 333 exec/s: 11885 rss: 29Mb L: 8/333 MS: 2 CrossOver-EraseBytes-
#12046	REDUCE cov: 125 ft: 514 corp: 70/11632b lim: 333 exec/s: 12046 rss: 29Mb L: 194/333 MS: 1 EraseBytes-
#12352	REDUCE cov: 125 ft: 514 corp: 70/11543b lim: 333 exec/s: 12352 rss: 29Mb L: 222/333 MS: 1 EraseBytes-
#13275	REDUCE cov: 125 ft: 514 corp: 70/11527b lim: 341 exec/s: 13275 rss: 29Mb L: 20/333 MS: 3 ChangeASCIIInt-ChangeASCIIInt-EraseBytes-
#14042	REDUCE cov: 125 ft: 514 corp: 70/11519b lim: 341 exec/s: 7021 rss: 29Mb L: 26/333 MS: 2 EraseBytes-CopyPart-
#14223	NEW    cov: 125 ft: 515 corp: 71/11740b lim: 341 exec/s: 7111 rss: 29Mb L: 221/333 MS: 1 CopyPart-
#14243	REDUCE cov: 125 ft: 515 corp: 71/11667b lim: 341 exec/s: 7121 rss: 29Mb L: 176/333 MS: 5 CopyPart-CMP-ChangeBinInt-ChangeASCIIInt-EraseBytes- DE: "mere"-
#14575	NEW    cov: 125 ft: 522 corp: 72/12008b lim: 341 exec/s: 7287 rss: 29Mb L: 341/341 MS: 2 ChangeBinInt-PersAutoDict- DE: "\246\000\000\000\000\000\000\000"-
#14945	REDUCE cov: 125 ft: 522 corp: 72/12004b lim: 341 exec/s: 7472 rss: 29Mb L: 106/341 MS: 5 ChangeByte-PersAutoDict-ChangeASCIIInt-EraseBytes-PersAutoDict- DE: "\330l\003\350\222u\000\000"-"\246\000\000\000\000\000\000\000"-
#15079	REDUCE cov: 125 ft: 522 corp: 72/11998b lim: 341 exec/s: 7539 rss: 29Mb L: 171/341 MS: 4 CMP-CopyPart-ChangeASCIIInt-EraseBytes- DE: "St13runtime_"-
#15326	REDUCE cov: 125 ft: 522 corp: 72/11933b lim: 341 exec/s: 7663 rss: 29Mb L: 111/341 MS: 2 ChangeASCIIInt-CrossOver-
#15517	NEW    cov: 125 ft: 523 corp: 73/12062b lim: 341 exec/s: 7758 rss: 29Mb L: 129/341 MS: 1 CopyPart-
#15548	REDUCE cov: 125 ft: 523 corp: 73/12059b lim: 341 exec/s: 7774 rss: 29Mb L: 108/341 MS: 1 EraseBytes-
#15623	REDUCE cov: 125 ft: 523 corp: 73/12050b lim: 341 exec/s: 7811 rss: 29Mb L: 99/341 MS: 5 ChangeBit-ChangeByte-PersAutoDict-InsertByte-EraseBytes- DE: "\330l\003\350\222u\000\000"-
#15853	REDUCE cov: 125 ft: 523 corp: 73/12026b lim: 341 exec/s: 7926 rss: 29Mb L: 159/341 MS: 5 ChangeByte-EraseBytes-PersAutoDict-ChangeBit-InsertByte- DE: "\001\000\000t"-
#15885	REDUCE cov: 125 ft: 523 corp: 73/11993b lim: 341 exec/s: 7942 rss: 29Mb L: 188/341 MS: 2 EraseBytes-InsertByte-
#16004	REDUCE cov: 125 ft: 523 corp: 73/11985b lim: 341 exec/s: 8002 rss: 29Mb L: 181/341 MS: 4 ChangeBinInt-ChangeByte-EraseBytes-InsertByte-
#16384	pulse  cov: 125 ft: 523 corp: 73/11985b lim: 341 exec/s: 8192 rss: 29Mb
#16494	NEW    cov: 125 ft: 524 corp: 74/12326b lim: 341 exec/s: 8247 rss: 29Mb L: 341/341 MS: 5 ChangeBinInt-ShuffleBytes-ChangeByte-ShuffleBytes-ChangeBit-
#16780	REDUCE cov: 125 ft: 524 corp: 74/12288b lim: 341 exec/s: 8390 rss: 29Mb L: 91/341 MS: 1 EraseBytes-
#16816	NEW    cov: 125 ft: 525 corp: 75/12527b lim: 341 exec/s: 8408 rss: 29Mb L: 239/341 MS: 1 ChangeBit-
#16922	REDUCE cov: 125 ft: 525 corp: 75/12517b lim: 341 exec/s: 8461 rss: 29Mb L: 10/341 MS: 1 EraseBytes-
#16949	REDUCE cov: 125 ft: 525 corp: 75/12501b lim: 341 exec/s: 8474 rss: 29Mb L: 25/341 MS: 2 ChangeBit-EraseBytes-
#17179	REDUCE cov: 125 ft: 525 corp: 75/12497b lim: 341 exec/s: 8589 rss: 29Mb L: 36/341 MS: 5 CMP-CopyPart-EraseBytes-ChangeASCIIInt-InsertByte- DE: "\000\000\000\000\000\000\000\017"-
#17668	REDUCE cov: 125 ft: 525 corp: 75/12488b lim: 341 exec/s: 8834 rss: 29Mb L: 230/341 MS: 4 CopyPart-CMP-CopyPart-CrossOver- DE: "reT\000"-
#17729	REDUCE cov: 125 ft: 525 corp: 75/12480b lim: 341 exec/s: 8864 rss: 30Mb L: 163/341 MS: 1 EraseBytes-
#17846	REDUCE cov: 125 ft: 525 corp: 75/12459b lim: 341 exec/s: 8923 rss: 30Mb L: 85/341 MS: 2 CopyPart-EraseBytes-
#17897	REDUCE cov: 125 ft: 525 corp: 75/12458b lim: 341 exec/s: 8948 rss: 30Mb L: 24/341 MS: 1 EraseBytes-
#19473	NEW    cov: 125 ft: 526 corp: 76/12806b lim: 349 exec/s: 9736 rss: 30Mb L: 348/348 MS: 1 CopyPart-
#19514	REDUCE cov: 125 ft: 526 corp: 76/12790b lim: 349 exec/s: 9757 rss: 30Mb L: 75/348 MS: 1 EraseBytes-
#19560	REDUCE cov: 125 ft: 526 corp: 76/12789b lim: 349 exec/s: 9780 rss: 30Mb L: 84/348 MS: 1 EraseBytes-
#20496	NEW    cov: 125 ft: 531 corp: 77/13131b lim: 357 exec/s: 6832 rss: 30Mb L: 342/348 MS: 1 InsertRepeatedBytes-
#20532	REDUCE cov: 125 ft: 531 corp: 77/13117b lim: 357 exec/s: 6844 rss: 30Mb L: 85/348 MS: 1 EraseBytes-
#21301	REDUCE cov: 125 ft: 531 corp: 77/13098b lim: 357 exec/s: 7100 rss: 30Mb L: 211/348 MS: 4 ChangeBinInt-ChangeBit-ChangeBit-EraseBytes-
#21689	REDUCE cov: 125 ft: 531 corp: 77/13089b lim: 357 exec/s: 7229 rss: 30Mb L: 230/348 MS: 3 ChangeBit-ShuffleBytes-EraseBytes-
#21720	REDUCE cov: 125 ft: 531 corp: 77/13077b lim: 357 exec/s: 7240 rss: 30Mb L: 24/348 MS: 1 EraseBytes-
#21726	NEW    cov: 125 ft: 535 corp: 78/13426b lim: 357 exec/s: 7242 rss: 30Mb L: 349/349 MS: 1 CrossOver-
#21779	REDUCE cov: 125 ft: 535 corp: 78/13420b lim: 357 exec/s: 7259 rss: 30Mb L: 69/349 MS: 3 PersAutoDict-ShuffleBytes-EraseBytes- DE: "\377\377\377\377\377\377\377\023"-
==191480== ERROR: libFuzzer: out-of-memory (used: 2529Mb; limit: 1024Mb)
   To change the out-of-memory limit use -rss_limit_mb=<N>

MS: 1 InsertRepeatedBytes-; base unit: cbab037df9c92904080c3138f05c6e0b2affcde5
artifact_prefix='/results/crashes/20260313_152348_81ed0c5f_'; Test unit written to /results/crashes/20260313_152348_81ed0c5f_oom-61471d8944326ef0b748479e77b9b2467f7331e1
SUMMARY: libFuzzer: out-of-memory
stat::number_of_executed_units: 22255
stat::average_exec_per_sec:     4451
stat::new_units_added:          200
stat::slowest_unit_time_sec:    0
stat::peak_rss_mb:              2529
