INFO: Running with entropic power schedule (0xFF, 100).
INFO: Seed: 3303343024
INFO: Loaded 1 modules   (252 inline 8-bit counters): 252 [0x598377ada678, 0x598377ada774), 
INFO: Loaded 1 PC tables (252 PCs): 252 [0x598377ada778,0x598377adb738), 
INFO:        4 files found in /tmp/corpus_20260313_174615_42746653
INFO: seed corpus: files: 4 min: 48b max: 333b total: 853b rss: 28Mb
#5	INITED cov: 120 ft: 254 corp: 4/853b exec/s: 0 rss: 29Mb
#6	NEW    cov: 120 ft: 280 corp: 5/902b lim: 333 exec/s: 0 rss: 29Mb L: 49/333 MS: 1 InsertByte-
#7	NEW    cov: 120 ft: 281 corp: 6/1155b lim: 333 exec/s: 0 rss: 29Mb L: 253/333 MS: 1 InsertByte-
#9	NEW    cov: 120 ft: 306 corp: 7/1204b lim: 333 exec/s: 0 rss: 29Mb L: 49/333 MS: 2 ChangeBit-ChangeByte-
#10	NEW    cov: 120 ft: 318 corp: 8/1424b lim: 333 exec/s: 0 rss: 29Mb L: 220/333 MS: 1 CopyPart-
#11	NEW    cov: 121 ft: 319 corp: 9/1715b lim: 333 exec/s: 0 rss: 29Mb L: 291/333 MS: 1 CopyPart-
#12	NEW    cov: 121 ft: 323 corp: 10/1993b lim: 333 exec/s: 0 rss: 29Mb L: 278/333 MS: 1 InsertRepeatedBytes-
#13	NEW    cov: 122 ft: 334 corp: 11/2245b lim: 333 exec/s: 0 rss: 29Mb L: 252/333 MS: 1 CMP- DE: "\000\000\000\001\000\000\000\003"-
#14	NEW    cov: 122 ft: 335 corp: 12/2563b lim: 333 exec/s: 0 rss: 29Mb L: 318/333 MS: 1 InsertRepeatedBytes-
#18	NEW    cov: 122 ft: 339 corp: 13/2827b lim: 333 exec/s: 0 rss: 29Mb L: 264/333 MS: 4 ChangeBit-CMP-ChangeBit-EraseBytes- DE: "?Q\247\244\203Y\000\000"-
#19	NEW    cov: 122 ft: 340 corp: 14/3160b lim: 333 exec/s: 0 rss: 29Mb L: 333/333 MS: 1 ChangeBinInt-
#24	NEW    cov: 122 ft: 346 corp: 15/3321b lim: 333 exec/s: 0 rss: 29Mb L: 161/333 MS: 5 ShuffleBytes-CopyPart-ChangeBit-InsertByte-EraseBytes-
#27	NEW    cov: 122 ft: 347 corp: 16/3490b lim: 333 exec/s: 0 rss: 29Mb L: 169/333 MS: 3 ChangeBit-ChangeByte-CMP- DE: "\337\177\247\244\203Y\000\000"-
#31	NEW    cov: 122 ft: 348 corp: 17/3800b lim: 333 exec/s: 0 rss: 29Mb L: 310/333 MS: 4 CrossOver-CMP-CMP-InsertRepeatedBytes- DE: "\017\000\000\000\000\000\000\000"-"\377\377\377\377\377\377\377\177"-
#38	NEW    cov: 123 ft: 350 corp: 18/4094b lim: 333 exec/s: 0 rss: 29Mb L: 294/333 MS: 2 CopyPart-CopyPart-
#39	NEW    cov: 123 ft: 351 corp: 19/4239b lim: 333 exec/s: 0 rss: 29Mb L: 145/333 MS: 1 EraseBytes-
#41	NEW    cov: 123 ft: 352 corp: 20/4503b lim: 333 exec/s: 0 rss: 29Mb L: 264/333 MS: 2 CMP-CopyPart- DE: "&\037\247\244\203Y\000\000"-
#54	NEW    cov: 123 ft: 364 corp: 21/4529b lim: 333 exec/s: 0 rss: 29Mb L: 26/333 MS: 3 ChangeBit-ChangeASCIIInt-EraseBytes-
#55	REDUCE cov: 123 ft: 364 corp: 21/4500b lim: 333 exec/s: 0 rss: 29Mb L: 191/333 MS: 1 EraseBytes-
#56	REDUCE cov: 123 ft: 365 corp: 22/4829b lim: 333 exec/s: 0 rss: 29Mb L: 329/333 MS: 1 CrossOver-
#59	NEW    cov: 123 ft: 366 corp: 23/5040b lim: 333 exec/s: 0 rss: 29Mb L: 211/333 MS: 3 CrossOver-CMP-CrossOver- DE: "\001\000Y\203\244\247!\200"-
#71	NEW    cov: 123 ft: 376 corp: 24/5166b lim: 333 exec/s: 0 rss: 29Mb L: 126/333 MS: 2 ChangeByte-InsertRepeatedBytes-
#77	NEW    cov: 124 ft: 377 corp: 25/5332b lim: 333 exec/s: 0 rss: 29Mb L: 166/333 MS: 1 EraseBytes-
#78	NEW    cov: 124 ft: 379 corp: 26/5544b lim: 333 exec/s: 0 rss: 29Mb L: 212/333 MS: 1 CrossOver-
#87	NEW    cov: 124 ft: 380 corp: 27/5733b lim: 333 exec/s: 0 rss: 29Mb L: 189/333 MS: 4 CopyPart-ShuffleBytes-PersAutoDict-CopyPart- DE: "\017\000\000\000\000\000\000\000"-
#97	NEW    cov: 124 ft: 381 corp: 28/5947b lim: 333 exec/s: 0 rss: 29Mb L: 214/333 MS: 5 InsertByte-InsertByte-ChangeBit-InsertRepeatedBytes-ChangeBit-
#100	NEW    cov: 124 ft: 392 corp: 29/5975b lim: 333 exec/s: 0 rss: 29Mb L: 28/333 MS: 3 InsertByte-InsertByte-CrossOver-
#116	NEW    cov: 124 ft: 393 corp: 30/6120b lim: 333 exec/s: 0 rss: 29Mb L: 145/333 MS: 1 CopyPart-
#119	NEW    cov: 124 ft: 394 corp: 31/6200b lim: 333 exec/s: 0 rss: 29Mb L: 80/333 MS: 3 ShuffleBytes-ChangeByte-InsertRepeatedBytes-
#130	NEW    cov: 124 ft: 400 corp: 32/6498b lim: 333 exec/s: 0 rss: 29Mb L: 298/333 MS: 1 CopyPart-
#136	NEW    cov: 124 ft: 401 corp: 33/6588b lim: 333 exec/s: 0 rss: 29Mb L: 90/333 MS: 1 CrossOver-
#155	NEW    cov: 124 ft: 404 corp: 34/6904b lim: 333 exec/s: 0 rss: 29Mb L: 316/333 MS: 4 InsertByte-InsertRepeatedBytes-ShuffleBytes-CrossOver-
#157	NEW    cov: 124 ft: 422 corp: 35/6919b lim: 333 exec/s: 0 rss: 29Mb L: 15/333 MS: 2 ChangeBit-CrossOver-
#158	NEW    cov: 124 ft: 429 corp: 36/6987b lim: 333 exec/s: 0 rss: 29Mb L: 68/333 MS: 1 CrossOver-
#178	NEW    cov: 124 ft: 430 corp: 37/7307b lim: 333 exec/s: 0 rss: 29Mb L: 320/333 MS: 5 CopyPart-CopyPart-ChangeBit-ChangeBinInt-InsertByte-
#195	NEW    cov: 124 ft: 431 corp: 38/7392b lim: 333 exec/s: 0 rss: 29Mb L: 85/333 MS: 2 ChangeBinInt-CopyPart-
#211	NEW    cov: 124 ft: 432 corp: 39/7690b lim: 333 exec/s: 0 rss: 29Mb L: 298/333 MS: 1 ChangeByte-
#213	NEW    cov: 124 ft: 433 corp: 40/7828b lim: 333 exec/s: 0 rss: 29Mb L: 138/333 MS: 2 ShuffleBytes-InsertRepeatedBytes-
#230	NEW    cov: 124 ft: 442 corp: 41/7851b lim: 333 exec/s: 0 rss: 29Mb L: 23/333 MS: 2 ShuffleBytes-PersAutoDict- DE: "\377\377\377\377\377\377\377\177"-
#235	NEW    cov: 124 ft: 443 corp: 42/7906b lim: 333 exec/s: 0 rss: 29Mb L: 55/333 MS: 5 PersAutoDict-ChangeByte-ChangeByte-EraseBytes-InsertRepeatedBytes- DE: "?Q\247\244\203Y\000\000"-
#252	NEW    cov: 124 ft: 449 corp: 43/8131b lim: 333 exec/s: 0 rss: 29Mb L: 225/333 MS: 2 EraseBytes-InsertRepeatedBytes-
#294	NEW    cov: 124 ft: 452 corp: 44/8463b lim: 333 exec/s: 0 rss: 29Mb L: 332/333 MS: 2 ShuffleBytes-InsertRepeatedBytes-
#316	NEW    cov: 124 ft: 453 corp: 45/8500b lim: 333 exec/s: 0 rss: 29Mb L: 37/333 MS: 2 ChangeBinInt-EraseBytes-
#329	NEW    cov: 124 ft: 454 corp: 46/8575b lim: 333 exec/s: 0 rss: 29Mb L: 75/333 MS: 3 PersAutoDict-CrossOver-CrossOver- DE: "&\037\247\244\203Y\000\000"-
#352	NEW    cov: 124 ft: 455 corp: 47/8864b lim: 333 exec/s: 0 rss: 29Mb L: 289/333 MS: 3 CopyPart-InsertByte-CMP- DE: "\027\000"-
#354	REDUCE cov: 124 ft: 455 corp: 47/8859b lim: 333 exec/s: 0 rss: 29Mb L: 85/333 MS: 2 PersAutoDict-EraseBytes- DE: "\017\000\000\000\000\000\000\000"-
#424	NEW    cov: 124 ft: 456 corp: 48/8955b lim: 333 exec/s: 0 rss: 29Mb L: 96/333 MS: 5 ChangeBinInt-InsertByte-CopyPart-ChangeBit-InsertRepeatedBytes-
#442	REDUCE cov: 124 ft: 456 corp: 48/8953b lim: 333 exec/s: 0 rss: 29Mb L: 13/333 MS: 3 ChangeBinInt-ChangeByte-EraseBytes-
#459	NEW    cov: 124 ft: 457 corp: 49/8982b lim: 333 exec/s: 0 rss: 29Mb L: 29/333 MS: 2 ChangeASCIIInt-InsertByte-
#480	REDUCE cov: 124 ft: 457 corp: 49/8977b lim: 333 exec/s: 0 rss: 29Mb L: 75/333 MS: 1 EraseBytes-
#511	REDUCE cov: 124 ft: 458 corp: 50/8989b lim: 333 exec/s: 0 rss: 29Mb L: 12/333 MS: 1 EraseBytes-
#563	REDUCE cov: 124 ft: 458 corp: 50/8965b lim: 333 exec/s: 0 rss: 29Mb L: 228/333 MS: 2 CopyPart-EraseBytes-
#581	NEW    cov: 124 ft: 459 corp: 51/9263b lim: 333 exec/s: 0 rss: 29Mb L: 298/333 MS: 3 CopyPart-ShuffleBytes-CMP- DE: "\000\000\000\010"-
#594	NEW    cov: 124 ft: 463 corp: 52/9556b lim: 333 exec/s: 0 rss: 29Mb L: 293/333 MS: 3 ChangeByte-CMP-CMP- DE: "S\000"-"\001\010"-
#601	NEW    cov: 124 ft: 464 corp: 53/9579b lim: 333 exec/s: 0 rss: 29Mb L: 23/333 MS: 2 ChangeASCIIInt-EraseBytes-
#746	REDUCE cov: 124 ft: 464 corp: 53/9577b lim: 333 exec/s: 0 rss: 29Mb L: 83/333 MS: 5 EraseBytes-ChangeBit-EraseBytes-ChangeBinInt-InsertRepeatedBytes-
#819	REDUCE cov: 125 ft: 465 corp: 54/9582b lim: 333 exec/s: 0 rss: 29Mb L: 5/333 MS: 3 ChangeByte-ChangeBinInt-CrossOver-
#938	REDUCE cov: 125 ft: 465 corp: 54/9571b lim: 333 exec/s: 0 rss: 29Mb L: 134/333 MS: 4 EraseBytes-PersAutoDict-EraseBytes-InsertRepeatedBytes- DE: "\027\000"-
#949	NEW    cov: 125 ft: 466 corp: 55/9825b lim: 333 exec/s: 0 rss: 29Mb L: 254/333 MS: 1 EraseBytes-
#1045	REDUCE cov: 125 ft: 466 corp: 55/9732b lim: 333 exec/s: 0 rss: 29Mb L: 198/333 MS: 1 EraseBytes-
#1064	REDUCE cov: 125 ft: 466 corp: 55/9729b lim: 333 exec/s: 0 rss: 29Mb L: 186/333 MS: 4 ChangeBit-ChangeByte-InsertByte-EraseBytes-
#1081	NEW    cov: 125 ft: 472 corp: 56/10041b lim: 333 exec/s: 0 rss: 29Mb L: 312/333 MS: 2 ChangeByte-CrossOver-
#1101	REDUCE cov: 125 ft: 472 corp: 56/10037b lim: 333 exec/s: 0 rss: 29Mb L: 290/333 MS: 5 ChangeByte-InsertRepeatedBytes-CopyPart-EraseBytes-CopyPart-
#1117	REDUCE cov: 125 ft: 472 corp: 56/10036b lim: 333 exec/s: 0 rss: 29Mb L: 4/333 MS: 1 EraseBytes-
#1174	REDUCE cov: 125 ft: 472 corp: 56/10018b lim: 333 exec/s: 0 rss: 29Mb L: 280/333 MS: 2 ChangeBinInt-EraseBytes-
#1237	REDUCE cov: 125 ft: 472 corp: 56/9926b lim: 333 exec/s: 0 rss: 29Mb L: 237/333 MS: 3 ChangeBinInt-CrossOver-CrossOver-
==647596== ERROR: libFuzzer: out-of-memory (used: 1259Mb; limit: 1024Mb)
   To change the out-of-memory limit use -rss_limit_mb=<N>

MS: 1 CrossOver-; base unit: 8d6e4126e8f004876947f1f7270dc8d5917f8cff
artifact_prefix='/results/crashes/20260313_174615_42746653_'; Test unit written to /results/crashes/20260313_174615_42746653_oom-2f81f921c85091c7b564f003a7700a2f9372aec7
SUMMARY: libFuzzer: out-of-memory
stat::number_of_executed_units: 1238
stat::average_exec_per_sec:     1238
stat::new_units_added:          65
stat::slowest_unit_time_sec:    0
stat::peak_rss_mb:              1259
