INFO: Running with entropic power schedule (0xFF, 100).
INFO: Seed: 3689305142
INFO: Loaded 1 modules   (252 inline 8-bit counters): 252 [0x5de878bf2678, 0x5de878bf2774), 
INFO: Loaded 1 PC tables (252 PCs): 252 [0x5de878bf2778,0x5de878bf3738), 
INFO:        4 files found in /tmp/corpus_20260313_153054_e682132e
INFO: seed corpus: files: 4 min: 48b max: 333b total: 853b rss: 28Mb
#5	INITED cov: 119 ft: 253 corp: 4/853b exec/s: 0 rss: 29Mb
#6	NEW    cov: 119 ft: 258 corp: 5/901b lim: 333 exec/s: 0 rss: 29Mb L: 48/333 MS: 1 ChangeBinInt-
#7	NEW    cov: 119 ft: 277 corp: 6/1067b lim: 333 exec/s: 0 rss: 29Mb L: 166/333 MS: 1 InsertRepeatedBytes-
#13	NEW    cov: 119 ft: 287 corp: 7/1173b lim: 333 exec/s: 0 rss: 29Mb L: 106/333 MS: 1 InsertRepeatedBytes-
#15	NEW    cov: 119 ft: 288 corp: 8/1343b lim: 333 exec/s: 0 rss: 29Mb L: 170/333 MS: 2 CopyPart-CopyPart-
#18	NEW    cov: 119 ft: 291 corp: 9/1399b lim: 333 exec/s: 0 rss: 29Mb L: 56/333 MS: 3 CopyPart-ChangeBinInt-EraseBytes-
#20	NEW    cov: 120 ft: 293 corp: 10/1701b lim: 333 exec/s: 0 rss: 29Mb L: 302/333 MS: 2 CMP-CrossOver- DE: "N7ISOBMFF4FTYPE"-
#24	NEW    cov: 120 ft: 294 corp: 11/1867b lim: 333 exec/s: 0 rss: 29Mb L: 166/333 MS: 4 ChangeBit-ShuffleBytes-ChangeBit-PersAutoDict- DE: "N7ISOBMFF4FTYPE"-
#25	NEW    cov: 120 ft: 301 corp: 12/2047b lim: 333 exec/s: 0 rss: 29Mb L: 180/333 MS: 1 EraseBytes-
#29	NEW    cov: 120 ft: 303 corp: 13/2120b lim: 333 exec/s: 0 rss: 29Mb L: 73/333 MS: 4 CopyPart-ChangeByte-ChangeASCIIInt-InsertByte-
#32	NEW    cov: 120 ft: 309 corp: 14/2373b lim: 333 exec/s: 0 rss: 29Mb L: 253/333 MS: 3 CrossOver-CrossOver-InsertRepeatedBytes-
#35	NEW    cov: 120 ft: 318 corp: 15/2664b lim: 333 exec/s: 0 rss: 29Mb L: 291/333 MS: 3 PersAutoDict-CMP-CrossOver- DE: "N7ISOBMFF4FTYPE"-"\002\000\000\000"-
#40	NEW    cov: 120 ft: 320 corp: 16/2902b lim: 333 exec/s: 0 rss: 29Mb L: 238/333 MS: 5 ChangeBit-ShuffleBytes-InsertRepeatedBytes-ChangeBinInt-EraseBytes-
#49	NEW    cov: 120 ft: 321 corp: 17/2972b lim: 333 exec/s: 0 rss: 29Mb L: 70/333 MS: 4 EraseBytes-EraseBytes-InsertByte-EraseBytes-
#75	NEW    cov: 120 ft: 322 corp: 18/3220b lim: 333 exec/s: 0 rss: 29Mb L: 248/333 MS: 1 CopyPart-
#78	NEW    cov: 121 ft: 323 corp: 19/3517b lim: 333 exec/s: 0 rss: 29Mb L: 297/333 MS: 3 ChangeByte-CopyPart-CrossOver-
#94	NEW    cov: 122 ft: 329 corp: 20/3741b lim: 333 exec/s: 0 rss: 29Mb L: 224/333 MS: 1 PersAutoDict- DE: "\002\000\000\000"-
#95	NEW    cov: 122 ft: 330 corp: 21/3965b lim: 333 exec/s: 0 rss: 29Mb L: 224/333 MS: 1 ChangeBinInt-
#101	NEW    cov: 122 ft: 331 corp: 22/4008b lim: 333 exec/s: 0 rss: 29Mb L: 43/333 MS: 1 EraseBytes-
#102	NEW    cov: 122 ft: 332 corp: 23/4320b lim: 333 exec/s: 0 rss: 29Mb L: 312/333 MS: 1 PersAutoDict- DE: "N7ISOBMFF4FTYPE"-
#105	NEW    cov: 122 ft: 342 corp: 24/4576b lim: 333 exec/s: 0 rss: 29Mb L: 256/333 MS: 3 ChangeBinInt-ChangeByte-InsertRepeatedBytes-
#106	NEW    cov: 122 ft: 343 corp: 25/4829b lim: 333 exec/s: 0 rss: 29Mb L: 253/333 MS: 1 InsertByte-
#112	NEW    cov: 122 ft: 345 corp: 26/5050b lim: 333 exec/s: 0 rss: 29Mb L: 221/333 MS: 1 InsertByte-
#116	NEW    cov: 122 ft: 346 corp: 27/5112b lim: 333 exec/s: 0 rss: 29Mb L: 62/333 MS: 4 InsertByte-ShuffleBytes-ChangeBit-EraseBytes-
#175	NEW    cov: 122 ft: 347 corp: 28/5226b lim: 333 exec/s: 0 rss: 29Mb L: 114/333 MS: 4 ChangeByte-ShuffleBytes-ChangeByte-CMP- DE: "I\000\000\000\000\000\000\000"-
#179	NEW    cov: 122 ft: 348 corp: 29/5436b lim: 333 exec/s: 0 rss: 29Mb L: 210/333 MS: 4 ShuffleBytes-ChangeBinInt-PersAutoDict-EraseBytes- DE: "\002\000\000\000"-
#190	NEW    cov: 122 ft: 352 corp: 30/5476b lim: 333 exec/s: 0 rss: 29Mb L: 40/333 MS: 1 EraseBytes-
#193	NEW    cov: 122 ft: 353 corp: 31/5799b lim: 333 exec/s: 0 rss: 29Mb L: 323/333 MS: 3 InsertRepeatedBytes-CopyPart-CMP- DE: "ispe"-
#200	NEW    cov: 122 ft: 405 corp: 32/5826b lim: 333 exec/s: 0 rss: 29Mb L: 27/333 MS: 2 InsertByte-EraseBytes-
#212	NEW    cov: 122 ft: 406 corp: 33/5876b lim: 333 exec/s: 0 rss: 29Mb L: 50/333 MS: 2 CMP-CMP- DE: "\011\000"-"\000\000\000\000\000\000\0000"-
#229	NEW    cov: 122 ft: 407 corp: 34/5910b lim: 333 exec/s: 0 rss: 29Mb L: 34/333 MS: 2 InsertByte-EraseBytes-
#248	NEW    cov: 122 ft: 408 corp: 35/5982b lim: 333 exec/s: 0 rss: 29Mb L: 72/333 MS: 4 CMP-ShuffleBytes-ShuffleBytes-CopyPart- DE: "hvcC"-
#263	NEW    cov: 122 ft: 409 corp: 36/6188b lim: 333 exec/s: 0 rss: 29Mb L: 206/333 MS: 5 ChangeByte-PersAutoDict-PersAutoDict-ShuffleBytes-EraseBytes- DE: "N7ISOBMFF4FTYPE"-"ispe"-
#327	NEW    cov: 122 ft: 410 corp: 37/6250b lim: 333 exec/s: 0 rss: 29Mb L: 62/333 MS: 4 ShuffleBytes-EraseBytes-ChangeBit-InsertRepeatedBytes-
#401	NEW    cov: 123 ft: 411 corp: 38/6512b lim: 333 exec/s: 0 rss: 29Mb L: 262/333 MS: 4 ShuffleBytes-InsertRepeatedBytes-ShuffleBytes-PersAutoDict- DE: "\011\000"-
#405	NEW    cov: 123 ft: 427 corp: 39/6529b lim: 333 exec/s: 0 rss: 29Mb L: 17/333 MS: 4 CrossOver-ChangeASCIIInt-EraseBytes-CrossOver-
#424	REDUCE cov: 123 ft: 427 corp: 39/6502b lim: 333 exec/s: 0 rss: 29Mb L: 270/333 MS: 4 ChangeByte-ChangeByte-ChangeByte-EraseBytes-
#460	NEW    cov: 123 ft: 430 corp: 40/6519b lim: 333 exec/s: 0 rss: 29Mb L: 17/333 MS: 1 PersAutoDict- DE: "\000\000\000\000\000\000\0000"-
#472	NEW    cov: 123 ft: 431 corp: 41/6825b lim: 333 exec/s: 0 rss: 29Mb L: 306/333 MS: 2 CMP-CMP- DE: "E4FT"-"hvc1"-
#533	REDUCE cov: 123 ft: 431 corp: 41/6802b lim: 333 exec/s: 0 rss: 29Mb L: 49/333 MS: 1 EraseBytes-
#558	NEW    cov: 123 ft: 445 corp: 42/6946b lim: 333 exec/s: 0 rss: 29Mb L: 144/333 MS: 5 ShuffleBytes-CrossOver-ChangeBit-PersAutoDict-InsertRepeatedBytes- DE: "E4FT"-
#565	NEW    cov: 123 ft: 454 corp: 43/6954b lim: 333 exec/s: 0 rss: 29Mb L: 8/333 MS: 2 InsertRepeatedBytes-CrossOver-
#583	NEW    cov: 123 ft: 455 corp: 44/6970b lim: 333 exec/s: 0 rss: 29Mb L: 16/333 MS: 3 ChangeASCIIInt-ChangeBit-CrossOver-
#598	REDUCE cov: 123 ft: 455 corp: 44/6966b lim: 333 exec/s: 0 rss: 29Mb L: 58/333 MS: 5 PersAutoDict-EraseBytes-CrossOver-InsertByte-CMP- DE: "hvc1"-"\013\000\000\000"-
#604	NEW    cov: 123 ft: 456 corp: 45/6982b lim: 333 exec/s: 0 rss: 29Mb L: 16/333 MS: 1 PersAutoDict- DE: "\000\000\000\000\000\000\0000"-
#687	REDUCE cov: 123 ft: 456 corp: 45/6978b lim: 333 exec/s: 0 rss: 29Mb L: 12/333 MS: 3 ChangeASCIIInt-ChangeByte-EraseBytes-
#691	NEW    cov: 123 ft: 461 corp: 46/7016b lim: 333 exec/s: 0 rss: 29Mb L: 38/333 MS: 4 ChangeByte-CopyPart-CrossOver-PersAutoDict- DE: "E4FT"-
#755	NEW    cov: 123 ft: 462 corp: 47/7241b lim: 333 exec/s: 0 rss: 29Mb L: 225/333 MS: 4 ChangeByte-ChangeBinInt-ChangeBit-InsertByte-
#777	NEW    cov: 123 ft: 468 corp: 48/7574b lim: 333 exec/s: 0 rss: 29Mb L: 333/333 MS: 2 CopyPart-CMP- DE: "\010\000\000\000"-
#866	REDUCE cov: 123 ft: 468 corp: 48/7543b lim: 333 exec/s: 0 rss: 29Mb L: 239/333 MS: 4 EraseBytes-ChangeBinInt-ShuffleBytes-PersAutoDict- DE: "E4FT"-
#872	REDUCE cov: 123 ft: 468 corp: 48/7539b lim: 333 exec/s: 0 rss: 29Mb L: 162/333 MS: 1 EraseBytes-
#899	NEW    cov: 123 ft: 469 corp: 49/7809b lim: 333 exec/s: 0 rss: 29Mb L: 270/333 MS: 2 CopyPart-InsertRepeatedBytes-
#1012	REDUCE cov: 123 ft: 469 corp: 49/7799b lim: 333 exec/s: 0 rss: 29Mb L: 24/333 MS: 3 ChangeASCIIInt-PersAutoDict-EraseBytes- DE: "I\000\000\000\000\000\000\000"-
==213839== ERROR: libFuzzer: out-of-memory (used: 1232Mb; limit: 1024Mb)
   To change the out-of-memory limit use -rss_limit_mb=<N>

MS: 4 PersAutoDict-CrossOver-ChangeByte-ShuffleBytes- DE: "hvc1"-; base unit: da5d778dc861aca5fb15229eff0962f254620c17
artifact_prefix='/results/crashes/20260313_153054_e682132e_'; Test unit written to /results/crashes/20260313_153054_e682132e_oom-70bd88ad485833c6da95e97245e39aca696d4540
SUMMARY: libFuzzer: out-of-memory
stat::number_of_executed_units: 1041
stat::average_exec_per_sec:     1041
stat::new_units_added:          52
stat::slowest_unit_time_sec:    0
stat::peak_rss_mb:              1233
