INFO: Running with entropic power schedule (0xFF, 100).
INFO: Seed: 605144667
INFO: Loaded 1 modules   (252 inline 8-bit counters): 252 [0x5a7c30e73678, 0x5a7c30e73774), 
INFO: Loaded 1 PC tables (252 PCs): 252 [0x5a7c30e73778,0x5a7c30e74738), 
INFO:        4 files found in /tmp/corpus_20260313_164909_dc294a0d
INFO: seed corpus: files: 4 min: 48b max: 333b total: 853b rss: 28Mb
#5	INITED cov: 117 ft: 252 corp: 4/853b exec/s: 0 rss: 29Mb
#6	NEW    cov: 117 ft: 267 corp: 5/1074b lim: 333 exec/s: 0 rss: 29Mb L: 221/333 MS: 1 InsertByte-
#7	NEW    cov: 117 ft: 277 corp: 6/1303b lim: 333 exec/s: 0 rss: 29Mb L: 229/333 MS: 1 InsertRepeatedBytes-
#8	NEW    cov: 119 ft: 279 corp: 7/1536b lim: 333 exec/s: 0 rss: 29Mb L: 233/333 MS: 1 InsertRepeatedBytes-
#10	NEW    cov: 119 ft: 284 corp: 8/1849b lim: 333 exec/s: 0 rss: 29Mb L: 313/333 MS: 2 ShuffleBytes-InsertRepeatedBytes-
#13	NEW    cov: 119 ft: 286 corp: 9/2070b lim: 333 exec/s: 0 rss: 29Mb L: 221/333 MS: 3 ChangeBit-ChangeBinInt-InsertByte-
#15	NEW    cov: 119 ft: 287 corp: 10/2402b lim: 333 exec/s: 0 rss: 29Mb L: 332/333 MS: 2 ChangeByte-InsertRepeatedBytes-
#18	NEW    cov: 119 ft: 296 corp: 11/2628b lim: 333 exec/s: 0 rss: 29Mb L: 226/333 MS: 3 ChangeBit-ChangeByte-EraseBytes-
#22	NEW    cov: 120 ft: 298 corp: 12/2934b lim: 333 exec/s: 0 rss: 29Mb L: 306/333 MS: 4 ChangeBit-InsertRepeatedBytes-InsertByte-EraseBytes-
#30	NEW    cov: 120 ft: 299 corp: 13/3267b lim: 333 exec/s: 0 rss: 29Mb L: 333/333 MS: 3 CMP-ShuffleBytes-ChangeBit- DE: "\000\000M4"-
#32	NEW    cov: 120 ft: 300 corp: 14/3411b lim: 333 exec/s: 0 rss: 29Mb L: 144/333 MS: 2 ChangeByte-EraseBytes-
#33	NEW    cov: 120 ft: 301 corp: 15/3744b lim: 333 exec/s: 0 rss: 29Mb L: 333/333 MS: 1 InsertByte-
#35	NEW    cov: 120 ft: 325 corp: 16/3793b lim: 333 exec/s: 0 rss: 29Mb L: 49/333 MS: 2 ChangeByte-InsertByte-
#45	NEW    cov: 120 ft: 331 corp: 17/3944b lim: 333 exec/s: 0 rss: 29Mb L: 151/333 MS: 5 CopyPart-ShuffleBytes-ChangeBit-ChangeByte-EraseBytes-
#53	NEW    cov: 120 ft: 339 corp: 18/4080b lim: 333 exec/s: 0 rss: 29Mb L: 136/333 MS: 3 ChangeBit-InsertByte-EraseBytes-
#64	REDUCE cov: 120 ft: 339 corp: 18/4062b lim: 333 exec/s: 0 rss: 29Mb L: 208/333 MS: 1 EraseBytes-
#65	NEW    cov: 120 ft: 349 corp: 19/4148b lim: 333 exec/s: 0 rss: 29Mb L: 86/333 MS: 1 InsertRepeatedBytes-
#69	NEW    cov: 120 ft: 350 corp: 20/4346b lim: 333 exec/s: 0 rss: 29Mb L: 198/333 MS: 4 InsertByte-PersAutoDict-ChangeBinInt-CrossOver- DE: "\000\000M4"-
#74	NEW    cov: 120 ft: 356 corp: 21/4667b lim: 333 exec/s: 0 rss: 29Mb L: 321/333 MS: 5 CMP-PersAutoDict-CrossOver-InsertRepeatedBytes-ChangeBit- DE: "\377\377Y|K\337\013A"-"\000\000M4"-
#98	NEW    cov: 120 ft: 357 corp: 22/4718b lim: 333 exec/s: 0 rss: 29Mb L: 51/333 MS: 4 ChangeASCIIInt-ChangeBinInt-PersAutoDict-CMP- DE: "\000\000M4"-"\024\000"-
#99	NEW    cov: 120 ft: 358 corp: 23/4850b lim: 333 exec/s: 0 rss: 29Mb L: 132/333 MS: 1 EraseBytes-
==470243== ERROR: libFuzzer: out-of-memory (used: 1483Mb; limit: 1024Mb)
   To change the out-of-memory limit use -rss_limit_mb=<N>

MS: 2 ChangeBit-CrossOver-; base unit: 9e5b1a68ef1a36b89a1eeeda64bb6c14f29285c2
artifact_prefix='/results/crashes/20260313_164909_dc294a0d_'; Test unit written to /results/crashes/20260313_164909_dc294a0d_oom-7a137ebfe28a65f93ac4be1cf8e59de308f464d7
SUMMARY: libFuzzer: out-of-memory
stat::number_of_executed_units: 101
stat::average_exec_per_sec:     101
stat::new_units_added:          20
stat::slowest_unit_time_sec:    0
stat::peak_rss_mb:              1483
