INFO: Running with entropic power schedule (0xFF, 100).
INFO: Seed: 3477242415
INFO: Loaded 1 modules   (252 inline 8-bit counters): 252 [0x5a1e5005f678, 0x5a1e5005f774), 
INFO: Loaded 1 PC tables (252 PCs): 252 [0x5a1e5005f778,0x5a1e50060738), 
INFO:        4 files found in /tmp/corpus_20260313_182442_91ec654f
INFO: seed corpus: files: 4 min: 48b max: 333b total: 853b rss: 28Mb
#5	INITED cov: 116 ft: 249 corp: 4/853b exec/s: 0 rss: 29Mb
#6	NEW    cov: 117 ft: 256 corp: 5/1073b lim: 333 exec/s: 0 rss: 29Mb L: 220/333 MS: 1 ChangeByte-
#9	NEW    cov: 118 ft: 259 corp: 6/1307b lim: 333 exec/s: 0 rss: 29Mb L: 234/333 MS: 3 ChangeBit-EraseBytes-CopyPart-
#14	NEW    cov: 118 ft: 268 corp: 7/1603b lim: 333 exec/s: 0 rss: 29Mb L: 296/333 MS: 5 ChangeBinInt-CrossOver-InsertByte-CMP-CopyPart- DE: "mfra"-
#16	NEW    cov: 118 ft: 269 corp: 8/1749b lim: 333 exec/s: 0 rss: 29Mb L: 146/333 MS: 2 EraseBytes-EraseBytes-
#21	NEW    cov: 118 ft: 300 corp: 9/1869b lim: 333 exec/s: 0 rss: 29Mb L: 120/333 MS: 5 ChangeBit-ChangeByte-ShuffleBytes-ChangeBinInt-CrossOver-
#22	NEW    cov: 118 ft: 345 corp: 10/1893b lim: 333 exec/s: 0 rss: 29Mb L: 24/333 MS: 1 CrossOver-
#23	NEW    cov: 118 ft: 346 corp: 11/2114b lim: 333 exec/s: 0 rss: 29Mb L: 221/333 MS: 1 InsertByte-
#28	NEW    cov: 118 ft: 351 corp: 12/2419b lim: 333 exec/s: 0 rss: 29Mb L: 305/333 MS: 5 InsertByte-CopyPart-ChangeBinInt-ChangeASCIIInt-InsertRepeatedBytes-
#29	NEW    cov: 119 ft: 352 corp: 13/2699b lim: 333 exec/s: 0 rss: 29Mb L: 280/333 MS: 1 InsertRepeatedBytes-
#33	NEW    cov: 119 ft: 360 corp: 14/2726b lim: 333 exec/s: 0 rss: 29Mb L: 27/333 MS: 4 ShuffleBytes-ChangeBinInt-ChangeByte-EraseBytes-
#34	NEW    cov: 119 ft: 363 corp: 15/2960b lim: 333 exec/s: 0 rss: 29Mb L: 234/333 MS: 1 ShuffleBytes-
#35	NEW    cov: 119 ft: 364 corp: 16/3233b lim: 333 exec/s: 0 rss: 29Mb L: 273/333 MS: 1 CrossOver-
#38	NEW    cov: 119 ft: 369 corp: 17/3275b lim: 333 exec/s: 0 rss: 29Mb L: 42/333 MS: 3 ChangeASCIIInt-ShuffleBytes-EraseBytes-
#42	NEW    cov: 119 ft: 370 corp: 18/3441b lim: 333 exec/s: 0 rss: 29Mb L: 166/333 MS: 4 EraseBytes-ChangeByte-ShuffleBytes-EraseBytes-
#43	NEW    cov: 119 ft: 371 corp: 19/3663b lim: 333 exec/s: 0 rss: 29Mb L: 222/333 MS: 1 CopyPart-
#54	NEW    cov: 119 ft: 380 corp: 20/3884b lim: 333 exec/s: 0 rss: 29Mb L: 221/333 MS: 1 ChangeBinInt-
#57	NEW    cov: 119 ft: 381 corp: 21/4217b lim: 333 exec/s: 0 rss: 29Mb L: 333/333 MS: 3 ChangeBit-ChangeBinInt-CopyPart-
#71	NEW    cov: 119 ft: 382 corp: 22/4468b lim: 333 exec/s: 0 rss: 29Mb L: 251/333 MS: 4 ShuffleBytes-InsertRepeatedBytes-InsertRepeatedBytes-InsertByte-
#72	NEW    cov: 120 ft: 383 corp: 23/4728b lim: 333 exec/s: 0 rss: 29Mb L: 260/333 MS: 1 CopyPart-
#74	NEW    cov: 121 ft: 385 corp: 24/5061b lim: 333 exec/s: 0 rss: 29Mb L: 333/333 MS: 2 ChangeBinInt-CopyPart-
#76	REDUCE cov: 121 ft: 385 corp: 24/5002b lim: 333 exec/s: 0 rss: 29Mb L: 162/333 MS: 2 CrossOver-EraseBytes-
#77	NEW    cov: 121 ft: 410 corp: 25/5014b lim: 333 exec/s: 0 rss: 29Mb L: 12/333 MS: 1 CrossOver-
#78	NEW    cov: 121 ft: 412 corp: 26/5077b lim: 333 exec/s: 0 rss: 29Mb L: 63/333 MS: 1 CrossOver-
#97	NEW    cov: 121 ft: 413 corp: 27/5389b lim: 333 exec/s: 0 rss: 29Mb L: 312/333 MS: 4 ChangeByte-ChangeByte-PersAutoDict-InsertRepeatedBytes- DE: "mfra"-
#103	NEW    cov: 121 ft: 419 corp: 28/5467b lim: 333 exec/s: 0 rss: 29Mb L: 78/333 MS: 1 EraseBytes-
#108	NEW    cov: 121 ft: 420 corp: 29/5476b lim: 333 exec/s: 0 rss: 29Mb L: 9/333 MS: 5 ChangeBinInt-ShuffleBytes-CrossOver-EraseBytes-ChangeBinInt-
#110	NEW    cov: 121 ft: 421 corp: 30/5734b lim: 333 exec/s: 0 rss: 29Mb L: 258/333 MS: 2 ChangeBit-InsertRepeatedBytes-
#115	NEW    cov: 121 ft: 422 corp: 31/5942b lim: 333 exec/s: 0 rss: 29Mb L: 208/333 MS: 5 InsertByte-CrossOver-CMP-InsertByte-EraseBytes- DE: "\033\000\000\000"-
#121	NEW    cov: 121 ft: 424 corp: 32/6020b lim: 333 exec/s: 0 rss: 29Mb L: 78/333 MS: 1 ShuffleBytes-
#124	NEW    cov: 121 ft: 425 corp: 33/6050b lim: 333 exec/s: 0 rss: 29Mb L: 30/333 MS: 3 CopyPart-EraseBytes-CMP- DE: "stts"-
#136	NEW    cov: 121 ft: 433 corp: 34/6068b lim: 333 exec/s: 0 rss: 29Mb L: 18/333 MS: 2 CopyPart-CopyPart-
#137	NEW    cov: 121 ft: 434 corp: 35/6150b lim: 333 exec/s: 0 rss: 29Mb L: 82/333 MS: 1 PersAutoDict- DE: "mfra"-
#139	NEW    cov: 121 ft: 435 corp: 36/6232b lim: 333 exec/s: 0 rss: 29Mb L: 82/333 MS: 2 EraseBytes-EraseBytes-
#147	NEW    cov: 121 ft: 441 corp: 37/6515b lim: 333 exec/s: 0 rss: 29Mb L: 283/333 MS: 3 CrossOver-ChangeByte-CMP- DE: "\000\000\000\000"-
#159	NEW    cov: 121 ft: 442 corp: 38/6624b lim: 333 exec/s: 0 rss: 29Mb L: 109/333 MS: 2 EraseBytes-InsertRepeatedBytes-
#166	NEW    cov: 121 ft: 443 corp: 39/6640b lim: 333 exec/s: 0 rss: 29Mb L: 16/333 MS: 2 CrossOver-EraseBytes-
#184	NEW    cov: 121 ft: 444 corp: 40/6814b lim: 333 exec/s: 0 rss: 29Mb L: 174/333 MS: 3 ChangeBit-CopyPart-InsertRepeatedBytes-
#190	NEW    cov: 121 ft: 445 corp: 41/6863b lim: 333 exec/s: 0 rss: 29Mb L: 49/333 MS: 1 InsertByte-
#197	NEW    cov: 121 ft: 449 corp: 42/7092b lim: 333 exec/s: 0 rss: 29Mb L: 229/333 MS: 2 PersAutoDict-CMP- DE: "\033\000\000\000"-"\377\377\377\377\377\377\377\177"-
#232	NEW    cov: 121 ft: 450 corp: 43/7376b lim: 333 exec/s: 0 rss: 29Mb L: 284/333 MS: 5 CMP-InsertByte-CopyPart-ChangeBinInt-CopyPart- DE: "avc1"-
#262	NEW    cov: 121 ft: 451 corp: 44/7497b lim: 333 exec/s: 0 rss: 29Mb L: 121/333 MS: 5 ChangeBit-InsertByte-ShuffleBytes-ChangeASCIIInt-CopyPart-
#272	NEW    cov: 121 ft: 457 corp: 45/7830b lim: 333 exec/s: 0 rss: 29Mb L: 333/333 MS: 5 ChangeBinInt-CrossOver-ChangeASCIIInt-ChangeBinInt-ChangeBit-
#294	REDUCE cov: 121 ft: 457 corp: 45/7798b lim: 333 exec/s: 0 rss: 29Mb L: 130/333 MS: 2 ChangeBinInt-EraseBytes-
#311	NEW    cov: 121 ft: 458 corp: 46/8019b lim: 333 exec/s: 0 rss: 29Mb L: 221/333 MS: 2 InsertRepeatedBytes-CrossOver-
#353	NEW    cov: 121 ft: 459 corp: 47/8054b lim: 333 exec/s: 0 rss: 29Mb L: 35/333 MS: 2 ShuffleBytes-CopyPart-
#381	NEW    cov: 121 ft: 460 corp: 48/8385b lim: 333 exec/s: 0 rss: 29Mb L: 331/333 MS: 3 InsertByte-InsertRepeatedBytes-CopyPart-
#400	NEW    cov: 121 ft: 462 corp: 49/8673b lim: 333 exec/s: 0 rss: 29Mb L: 288/333 MS: 4 CMP-ChangeBit-ChangeBinInt-CopyPart- DE: "\001\000\000\000\000\000\000\017"-
#428	NEW    cov: 122 ft: 463 corp: 50/8680b lim: 333 exec/s: 0 rss: 29Mb L: 7/333 MS: 3 ChangeBinInt-ShuffleBytes-EraseBytes-
#437	NEW    cov: 122 ft: 465 corp: 51/9012b lim: 333 exec/s: 0 rss: 29Mb L: 332/333 MS: 4 InsertByte-CrossOver-InsertByte-InsertRepeatedBytes-
#468	NEW    cov: 122 ft: 466 corp: 52/9036b lim: 333 exec/s: 0 rss: 29Mb L: 24/333 MS: 1 CopyPart-
#506	REDUCE cov: 122 ft: 466 corp: 52/9034b lim: 333 exec/s: 0 rss: 29Mb L: 80/333 MS: 3 ChangeBinInt-CopyPart-EraseBytes-
#544	NEW    cov: 122 ft: 467 corp: 53/9078b lim: 333 exec/s: 0 rss: 29Mb L: 44/333 MS: 3 ChangeBit-ChangeBit-CopyPart-
#588	REDUCE cov: 122 ft: 467 corp: 53/9075b lim: 333 exec/s: 0 rss: 29Mb L: 27/333 MS: 4 EraseBytes-ShuffleBytes-ShuffleBytes-CopyPart-
#643	REDUCE cov: 122 ft: 467 corp: 53/9053b lim: 333 exec/s: 0 rss: 29Mb L: 87/333 MS: 5 InsertByte-InsertByte-ShuffleBytes-ChangeBinInt-EraseBytes-
#654	REDUCE cov: 122 ft: 467 corp: 53/9030b lim: 333 exec/s: 0 rss: 29Mb L: 40/333 MS: 1 EraseBytes-
#767	REDUCE cov: 122 ft: 467 corp: 53/9009b lim: 333 exec/s: 0 rss: 29Mb L: 100/333 MS: 3 InsertRepeatedBytes-ChangeASCIIInt-EraseBytes-
#791	NEW    cov: 122 ft: 469 corp: 54/9342b lim: 333 exec/s: 0 rss: 29Mb L: 333/333 MS: 4 ChangeBinInt-InsertRepeatedBytes-CrossOver-InsertRepeatedBytes-
#858	REDUCE cov: 122 ft: 469 corp: 54/9223b lim: 333 exec/s: 0 rss: 29Mb L: 214/333 MS: 2 CopyPart-EraseBytes-
#891	NEW    cov: 122 ft: 474 corp: 55/9344b lim: 333 exec/s: 0 rss: 29Mb L: 121/333 MS: 3 CrossOver-ChangeBit-PersAutoDict- DE: "stts"-
#926	NEW    cov: 122 ft: 475 corp: 56/9666b lim: 333 exec/s: 0 rss: 29Mb L: 322/333 MS: 5 ChangeBit-EraseBytes-CopyPart-InsertRepeatedBytes-ChangeByte-
#957	REDUCE cov: 122 ft: 475 corp: 56/9665b lim: 333 exec/s: 0 rss: 29Mb L: 6/333 MS: 1 EraseBytes-
#1053	REDUCE cov: 122 ft: 475 corp: 56/9664b lim: 333 exec/s: 0 rss: 29Mb L: 5/333 MS: 1 EraseBytes-
#1099	REDUCE cov: 122 ft: 475 corp: 56/9632b lim: 333 exec/s: 0 rss: 29Mb L: 202/333 MS: 1 EraseBytes-
#1123	NEW    cov: 122 ft: 476 corp: 57/9898b lim: 333 exec/s: 0 rss: 29Mb L: 266/333 MS: 4 InsertByte-PersAutoDict-PersAutoDict-InsertRepeatedBytes- DE: "\377\377\377\377\377\377\377\177"-"mfra"-
#1140	NEW    cov: 122 ft: 479 corp: 58/10048b lim: 333 exec/s: 0 rss: 29Mb L: 150/333 MS: 2 ChangeBit-EraseBytes-
#1437	REDUCE cov: 122 ft: 479 corp: 58/10039b lim: 333 exec/s: 0 rss: 29Mb L: 242/333 MS: 2 ChangeByte-EraseBytes-
#1542	REDUCE cov: 122 ft: 491 corp: 59/10286b lim: 333 exec/s: 0 rss: 29Mb L: 247/333 MS: 5 ChangeBit-ChangeByte-CrossOver-InsertByte-CMP- DE: "pixi"-
#1553	REDUCE cov: 122 ft: 491 corp: 59/10233b lim: 333 exec/s: 0 rss: 29Mb L: 194/333 MS: 1 EraseBytes-
#1651	REDUCE cov: 122 ft: 491 corp: 59/10216b lim: 333 exec/s: 0 rss: 29Mb L: 243/333 MS: 3 PersAutoDict-ChangeBinInt-EraseBytes- DE: "\001\000\000\000\000\000\000\017"-
#1792	REDUCE cov: 122 ft: 491 corp: 59/10214b lim: 333 exec/s: 0 rss: 29Mb L: 128/333 MS: 1 EraseBytes-
#1808	NEW    cov: 122 ft: 492 corp: 60/10537b lim: 333 exec/s: 0 rss: 29Mb L: 323/333 MS: 1 InsertByte-
#1865	NEW    cov: 122 ft: 493 corp: 61/10550b lim: 333 exec/s: 0 rss: 29Mb L: 13/333 MS: 2 CrossOver-PersAutoDict- DE: "\001\000\000\000\000\000\000\017"-
#1905	NEW    cov: 122 ft: 494 corp: 62/10858b lim: 333 exec/s: 0 rss: 29Mb L: 308/333 MS: 5 InsertRepeatedBytes-InsertByte-CopyPart-InsertRepeatedBytes-CopyPart-
#1979	REDUCE cov: 122 ft: 501 corp: 63/11060b lim: 333 exec/s: 0 rss: 29Mb L: 202/333 MS: 4 ShuffleBytes-ChangeByte-CMP-ChangeBinInt- DE: "\303\000\000\000\000\000\000\000"-
#2049	REDUCE cov: 122 ft: 501 corp: 63/11039b lim: 333 exec/s: 0 rss: 29Mb L: 263/333 MS: 5 EraseBytes-ShuffleBytes-CrossOver-PersAutoDict-InsertByte- DE: "\001\000\000\000\000\000\000\017"-
#2056	REDUCE cov: 122 ft: 501 corp: 63/11031b lim: 333 exec/s: 0 rss: 29Mb L: 138/333 MS: 2 InsertByte-EraseBytes-
#2074	NEW    cov: 122 ft: 507 corp: 64/11260b lim: 333 exec/s: 0 rss: 29Mb L: 229/333 MS: 3 ChangeByte-CMP-ChangeBit- DE: "\021\000\000\000\000\000\000\000"-
#2095	REDUCE cov: 122 ft: 507 corp: 64/11227b lim: 333 exec/s: 0 rss: 29Mb L: 95/333 MS: 1 EraseBytes-
#2143	REDUCE cov: 122 ft: 507 corp: 64/11213b lim: 333 exec/s: 0 rss: 29Mb L: 274/333 MS: 3 ChangeASCIIInt-CMP-EraseBytes- DE: "\000\000zdl\000\266\306"-
#2273	REDUCE cov: 122 ft: 507 corp: 64/11178b lim: 333 exec/s: 0 rss: 29Mb L: 60/333 MS: 5 CopyPart-InsertByte-ChangeBit-ChangeBinInt-EraseBytes-
#2276	REDUCE cov: 122 ft: 507 corp: 64/11153b lim: 333 exec/s: 0 rss: 29Mb L: 308/333 MS: 3 EraseBytes-ChangeByte-CopyPart-
#2558	REDUCE cov: 122 ft: 507 corp: 64/11147b lim: 333 exec/s: 0 rss: 29Mb L: 36/333 MS: 2 ChangeBit-EraseBytes-
#2691	REDUCE cov: 122 ft: 507 corp: 64/11146b lim: 333 exec/s: 0 rss: 29Mb L: 26/333 MS: 3 InsertByte-ChangeBinInt-EraseBytes-
#2800	REDUCE cov: 122 ft: 507 corp: 64/11140b lim: 333 exec/s: 0 rss: 29Mb L: 94/333 MS: 4 InsertByte-ChangeBinInt-PersAutoDict-EraseBytes- DE: "mfra"-
#2844	REDUCE cov: 122 ft: 507 corp: 64/11028b lim: 333 exec/s: 0 rss: 29Mb L: 200/333 MS: 4 InsertByte-CMP-ChangeBinInt-EraseBytes- DE: "\017\000"-
#2972	REDUCE cov: 122 ft: 507 corp: 64/11011b lim: 333 exec/s: 0 rss: 29Mb L: 23/333 MS: 3 ShuffleBytes-CopyPart-EraseBytes-
#2979	NEW    cov: 122 ft: 508 corp: 65/11235b lim: 333 exec/s: 0 rss: 29Mb L: 224/333 MS: 2 ChangeBinInt-CMP- DE: "mere"-
#3233	REDUCE cov: 122 ft: 508 corp: 65/11230b lim: 333 exec/s: 0 rss: 29Mb L: 18/333 MS: 4 ChangeBinInt-PersAutoDict-ChangeBinInt-EraseBytes- DE: "stts"-
#3279	REDUCE cov: 122 ft: 508 corp: 65/11176b lim: 333 exec/s: 0 rss: 29Mb L: 204/333 MS: 1 EraseBytes-
#3326	NEW    cov: 122 ft: 512 corp: 66/11484b lim: 333 exec/s: 0 rss: 29Mb L: 308/333 MS: 2 PersAutoDict-CopyPart- DE: "\017\000"-
#3407	REDUCE cov: 122 ft: 512 corp: 66/11456b lim: 333 exec/s: 0 rss: 29Mb L: 32/333 MS: 1 EraseBytes-
#3420	REDUCE cov: 122 ft: 512 corp: 66/11455b lim: 333 exec/s: 0 rss: 29Mb L: 201/333 MS: 3 CMP-ChangeByte-EraseBytes- DE: "tapt"-
#3496	NEW    cov: 125 ft: 515 corp: 67/11783b lim: 333 exec/s: 0 rss: 29Mb L: 328/333 MS: 1 InsertRepeatedBytes-
#3630	REDUCE cov: 125 ft: 515 corp: 67/11757b lim: 333 exec/s: 0 rss: 29Mb L: 124/333 MS: 4 InsertByte-ShuffleBytes-ChangeBit-EraseBytes-
#3756	REDUCE cov: 125 ft: 515 corp: 67/11752b lim: 333 exec/s: 0 rss: 29Mb L: 247/333 MS: 1 EraseBytes-
#3911	REDUCE cov: 125 ft: 515 corp: 67/11751b lim: 333 exec/s: 0 rss: 29Mb L: 25/333 MS: 5 CrossOver-PersAutoDict-ChangeByte-ChangeByte-CrossOver- DE: "\303\000\000\000\000\000\000\000"-
#3992	REDUCE cov: 125 ft: 515 corp: 67/11737b lim: 333 exec/s: 0 rss: 29Mb L: 110/333 MS: 1 EraseBytes-
#4095	REDUCE cov: 125 ft: 515 corp: 67/11720b lim: 333 exec/s: 0 rss: 29Mb L: 121/333 MS: 3 ShuffleBytes-ChangeByte-EraseBytes-
#4136	REDUCE cov: 125 ft: 521 corp: 68/11822b lim: 333 exec/s: 0 rss: 29Mb L: 102/333 MS: 1 EraseBytes-
#4184	REDUCE cov: 125 ft: 521 corp: 68/11813b lim: 333 exec/s: 0 rss: 29Mb L: 23/333 MS: 3 CMP-CMP-EraseBytes- DE: "\003\000"-"stss"-
#4564	NEW    cov: 125 ft: 522 corp: 69/12056b lim: 333 exec/s: 0 rss: 29Mb L: 243/333 MS: 5 ChangeBit-CrossOver-ShuffleBytes-PersAutoDict-PersAutoDict- DE: "\001\000\000\000\000\000\000\017"-"mfra"-
#4574	NEW    cov: 125 ft: 523 corp: 70/12260b lim: 333 exec/s: 4574 rss: 608Mb L: 204/333 MS: 5 ShuffleBytes-PersAutoDict-ChangeByte-CMP-InsertRepeatedBytes- DE: "avc1"-"R\000\000\000\000\000\000\000"-
#4599	REDUCE cov: 125 ft: 523 corp: 70/12244b lim: 333 exec/s: 4599 rss: 608Mb L: 317/333 MS: 4 EraseBytes-CMP-CMP-InsertRepeatedBytes- DE: "\000\027"-"\226e\211\216\301+}\246"-
#4715	REDUCE cov: 125 ft: 523 corp: 70/12164b lim: 333 exec/s: 4715 rss: 608Mb L: 114/333 MS: 1 EraseBytes-
#4725	REDUCE cov: 125 ft: 528 corp: 71/12496b lim: 333 exec/s: 4725 rss: 608Mb L: 332/333 MS: 5 CMP-CMP-ShuffleBytes-ChangeBinInt-InsertRepeatedBytes- DE: "\001\000\000\003"-"tapt"-
#4737	NEW    cov: 125 ft: 529 corp: 72/12828b lim: 333 exec/s: 4737 rss: 608Mb L: 332/333 MS: 2 ShuffleBytes-CopyPart-
#4760	REDUCE cov: 125 ft: 529 corp: 72/12825b lim: 333 exec/s: 4760 rss: 608Mb L: 231/333 MS: 3 ChangeBit-CopyPart-EraseBytes-
#4893	REDUCE cov: 125 ft: 529 corp: 72/12823b lim: 333 exec/s: 4893 rss: 608Mb L: 3/333 MS: 3 ChangeByte-ChangeBit-EraseBytes-
#4959	REDUCE cov: 125 ft: 529 corp: 72/12782b lim: 333 exec/s: 4959 rss: 608Mb L: 80/333 MS: 1 EraseBytes-
#4980	REDUCE cov: 125 ft: 529 corp: 72/12770b lim: 333 exec/s: 4980 rss: 608Mb L: 154/333 MS: 1 EraseBytes-
#5019	REDUCE cov: 125 ft: 529 corp: 72/12768b lim: 333 exec/s: 5019 rss: 608Mb L: 16/333 MS: 4 PersAutoDict-ChangeByte-ShuffleBytes-EraseBytes- DE: "avc1"-
#5205	REDUCE cov: 125 ft: 529 corp: 72/12765b lim: 333 exec/s: 1735 rss: 608Mb L: 9/333 MS: 1 EraseBytes-
#5282	REDUCE cov: 125 ft: 529 corp: 72/12631b lim: 333 exec/s: 1760 rss: 608Mb L: 146/333 MS: 2 CopyPart-EraseBytes-
==761976== ERROR: libFuzzer: out-of-memory (used: 1315Mb; limit: 1024Mb)
   To change the out-of-memory limit use -rss_limit_mb=<N>

MS: 1 InsertRepeatedBytes-; base unit: ed7cabc29aef82967afc6792ecba3910661fe3a4
artifact_prefix='/results/crashes/20260313_182442_91ec654f_'; Test unit written to /results/crashes/20260313_182442_91ec654f_oom-1b28c0a93194411fc3b8636187b96a0591349ed2
SUMMARY: libFuzzer: out-of-memory
stat::number_of_executed_units: 5583
stat::average_exec_per_sec:     1116
stat::new_units_added:          113
stat::slowest_unit_time_sec:    0
stat::peak_rss_mb:              1316
