INFO: Running with entropic power schedule (0xFF, 100).
INFO: Seed: 3636493142
INFO: Loaded 1 modules   (252 inline 8-bit counters): 252 [0x60bbc7d2f678, 0x60bbc7d2f774), 
INFO: Loaded 1 PC tables (252 PCs): 252 [0x60bbc7d2f778,0x60bbc7d30738), 
INFO:        4 files found in /tmp/corpus_20260313_184310_cdc85455
INFO: seed corpus: files: 4 min: 48b max: 333b total: 853b rss: 28Mb
#5	INITED cov: 117 ft: 252 corp: 4/853b exec/s: 0 rss: 29Mb
#6	NEW    cov: 117 ft: 268 corp: 5/979b lim: 333 exec/s: 0 rss: 29Mb L: 126/333 MS: 1 EraseBytes-
#7	NEW    cov: 117 ft: 279 corp: 6/1027b lim: 333 exec/s: 0 rss: 29Mb L: 48/333 MS: 1 CMP- DE: "hvc1"-
#10	NEW    cov: 117 ft: 292 corp: 7/1306b lim: 333 exec/s: 0 rss: 29Mb L: 279/333 MS: 3 ShuffleBytes-ChangeByte-CrossOver-
#17	NEW    cov: 117 ft: 302 corp: 8/1448b lim: 333 exec/s: 0 rss: 29Mb L: 142/333 MS: 2 ChangeByte-InsertRepeatedBytes-
#18	NEW    cov: 118 ft: 303 corp: 9/1578b lim: 333 exec/s: 0 rss: 29Mb L: 130/333 MS: 1 PersAutoDict- DE: "hvc1"-
#22	NEW    cov: 119 ft: 305 corp: 10/1832b lim: 333 exec/s: 0 rss: 29Mb L: 254/333 MS: 4 InsertRepeatedBytes-ChangeBinInt-ChangeByte-CrossOver-
#23	NEW    cov: 119 ft: 306 corp: 11/2142b lim: 333 exec/s: 0 rss: 29Mb L: 310/333 MS: 1 InsertRepeatedBytes-
#26	NEW    cov: 119 ft: 307 corp: 12/2461b lim: 333 exec/s: 0 rss: 29Mb L: 319/333 MS: 3 ChangeByte-ChangeBinInt-InsertRepeatedBytes-
#28	NEW    cov: 120 ft: 309 corp: 13/2773b lim: 333 exec/s: 0 rss: 29Mb L: 312/333 MS: 2 InsertByte-InsertByte-
#29	NEW    cov: 120 ft: 310 corp: 14/2895b lim: 333 exec/s: 0 rss: 29Mb L: 122/333 MS: 1 InsertRepeatedBytes-
#30	NEW    cov: 120 ft: 312 corp: 15/2951b lim: 333 exec/s: 0 rss: 29Mb L: 56/333 MS: 1 CMP- DE: "\001\000`\273\320\355o\031"-
#35	NEW    cov: 121 ft: 314 corp: 16/3187b lim: 333 exec/s: 0 rss: 29Mb L: 236/333 MS: 5 ChangeBit-ChangeBinInt-CrossOver-ChangeBinInt-EraseBytes-
#38	NEW    cov: 121 ft: 329 corp: 17/3513b lim: 333 exec/s: 0 rss: 29Mb L: 326/333 MS: 3 PersAutoDict-EraseBytes-CopyPart- DE: "hvc1"-
#44	NEW    cov: 121 ft: 330 corp: 18/3639b lim: 333 exec/s: 0 rss: 29Mb L: 126/333 MS: 1 CopyPart-
#56	NEW    cov: 122 ft: 331 corp: 19/3823b lim: 333 exec/s: 0 rss: 29Mb L: 184/333 MS: 2 EraseBytes-CrossOver-
#74	NEW    cov: 122 ft: 354 corp: 20/3872b lim: 333 exec/s: 0 rss: 29Mb L: 49/333 MS: 3 InsertByte-ChangeBit-ChangeBit-
#75	REDUCE cov: 122 ft: 354 corp: 20/3860b lim: 333 exec/s: 0 rss: 29Mb L: 37/333 MS: 1 EraseBytes-
#79	NEW    cov: 122 ft: 356 corp: 21/4114b lim: 333 exec/s: 0 rss: 29Mb L: 254/333 MS: 4 ChangeBit-ChangeBit-ChangeBit-CrossOver-
#87	REDUCE cov: 122 ft: 356 corp: 21/4112b lim: 333 exec/s: 0 rss: 29Mb L: 35/333 MS: 3 ChangeBinInt-ChangeASCIIInt-EraseBytes-
#95	NEW    cov: 122 ft: 357 corp: 22/4244b lim: 333 exec/s: 0 rss: 29Mb L: 132/333 MS: 3 CMP-InsertByte-EraseBytes- DE: "\377\377\377\007"-
#101	NEW    cov: 122 ft: 358 corp: 23/4311b lim: 333 exec/s: 0 rss: 29Mb L: 67/333 MS: 1 InsertRepeatedBytes-
#103	NEW    cov: 122 ft: 359 corp: 24/4624b lim: 333 exec/s: 0 rss: 29Mb L: 313/333 MS: 2 ShuffleBytes-InsertByte-
#109	NEW    cov: 122 ft: 361 corp: 25/4933b lim: 333 exec/s: 0 rss: 29Mb L: 309/333 MS: 1 CopyPart-
#124	NEW    cov: 122 ft: 367 corp: 26/5237b lim: 333 exec/s: 0 rss: 29Mb L: 304/333 MS: 5 InsertRepeatedBytes-PersAutoDict-InsertRepeatedBytes-ChangeBinInt-CMP- DE: "\001\000`\273\320\355o\031"-"\010\000\000\000"-
#130	NEW    cov: 122 ft: 368 corp: 27/5324b lim: 333 exec/s: 0 rss: 29Mb L: 87/333 MS: 1 EraseBytes-
#133	NEW    cov: 122 ft: 370 corp: 28/5657b lim: 333 exec/s: 0 rss: 29Mb L: 333/333 MS: 3 CopyPart-ChangeBit-CrossOver-
#135	NEW    cov: 122 ft: 371 corp: 29/5760b lim: 333 exec/s: 0 rss: 29Mb L: 103/333 MS: 2 ShuffleBytes-EraseBytes-
#154	NEW    cov: 122 ft: 372 corp: 30/5801b lim: 333 exec/s: 0 rss: 29Mb L: 41/333 MS: 4 ShuffleBytes-CMP-PersAutoDict-EraseBytes- DE: "avc1"-"\001\000`\273\320\355o\031"-
#167	NEW    cov: 122 ft: 373 corp: 31/5905b lim: 333 exec/s: 0 rss: 29Mb L: 104/333 MS: 3 ChangeBinInt-InsertByte-ChangeBit-
#173	NEW    cov: 122 ft: 374 corp: 32/5953b lim: 333 exec/s: 0 rss: 29Mb L: 48/333 MS: 1 ChangeBinInt-
#194	NEW    cov: 122 ft: 375 corp: 33/6021b lim: 333 exec/s: 0 rss: 29Mb L: 68/333 MS: 1 EraseBytes-
#200	NEW    cov: 122 ft: 380 corp: 34/6165b lim: 333 exec/s: 0 rss: 29Mb L: 144/333 MS: 1 InsertRepeatedBytes-
#208	NEW    cov: 122 ft: 385 corp: 35/6312b lim: 333 exec/s: 0 rss: 29Mb L: 147/333 MS: 3 CMP-CopyPart-CrossOver- DE: "\377\377u\376\014\000\245\035"-
#216	NEW    cov: 122 ft: 386 corp: 36/6440b lim: 333 exec/s: 0 rss: 29Mb L: 128/333 MS: 3 CopyPart-ShuffleBytes-CopyPart-
#222	NEW    cov: 122 ft: 387 corp: 37/6477b lim: 333 exec/s: 0 rss: 29Mb L: 37/333 MS: 1 EraseBytes-
#231	NEW    cov: 122 ft: 389 corp: 38/6553b lim: 333 exec/s: 0 rss: 29Mb L: 76/333 MS: 4 ChangeByte-ChangeBinInt-EraseBytes-CopyPart-
#233	NEW    cov: 123 ft: 398 corp: 39/6886b lim: 333 exec/s: 0 rss: 29Mb L: 333/333 MS: 2 ChangeBit-CMP- DE: "mere"-
#248	REDUCE cov: 123 ft: 398 corp: 39/6832b lim: 333 exec/s: 0 rss: 29Mb L: 90/333 MS: 5 PersAutoDict-InsertByte-ChangeBinInt-EraseBytes-CrossOver- DE: "hvc1"-
#257	NEW    cov: 123 ft: 399 corp: 40/6882b lim: 333 exec/s: 0 rss: 29Mb L: 50/333 MS: 4 CopyPart-ChangeByte-ChangeASCIIInt-PersAutoDict- DE: "\377\377u\376\014\000\245\035"-
#318	REDUCE cov: 123 ft: 399 corp: 40/6853b lim: 333 exec/s: 0 rss: 29Mb L: 47/333 MS: 1 EraseBytes-
#390	NEW    cov: 123 ft: 418 corp: 41/6884b lim: 333 exec/s: 0 rss: 29Mb L: 31/333 MS: 2 CMP-CrossOver- DE: "edts"-
#409	REDUCE cov: 123 ft: 418 corp: 41/6827b lim: 333 exec/s: 0 rss: 29Mb L: 90/333 MS: 4 ChangeBinInt-CrossOver-CMP-EraseBytes- DE: "stts"-
#448	NEW    cov: 123 ft: 419 corp: 42/7158b lim: 333 exec/s: 0 rss: 29Mb L: 331/333 MS: 4 ChangeASCIIInt-ShuffleBytes-ChangeByte-InsertRepeatedBytes-
#512	NEW    cov: 123 ft: 426 corp: 43/7227b lim: 333 exec/s: 0 rss: 29Mb L: 69/333 MS: 4 ChangeByte-InsertByte-ShuffleBytes-CopyPart-
#531	NEW    cov: 123 ft: 427 corp: 44/7267b lim: 333 exec/s: 0 rss: 29Mb L: 40/333 MS: 4 EraseBytes-InsertByte-ChangeBit-EraseBytes-
#553	REDUCE cov: 123 ft: 427 corp: 44/7252b lim: 333 exec/s: 0 rss: 29Mb L: 107/333 MS: 2 ChangeByte-EraseBytes-
#565	REDUCE cov: 123 ft: 427 corp: 44/7235b lim: 333 exec/s: 0 rss: 29Mb L: 30/333 MS: 2 CopyPart-EraseBytes-
#582	NEW    cov: 123 ft: 430 corp: 45/7275b lim: 333 exec/s: 0 rss: 29Mb L: 40/333 MS: 2 ShuffleBytes-EraseBytes-
#608	REDUCE cov: 123 ft: 430 corp: 45/7260b lim: 333 exec/s: 0 rss: 29Mb L: 111/333 MS: 1 CrossOver-
#630	NEW    cov: 123 ft: 438 corp: 46/7392b lim: 333 exec/s: 0 rss: 29Mb L: 132/333 MS: 2 ChangeBit-ChangeBit-
#639	NEW    cov: 123 ft: 440 corp: 47/7531b lim: 333 exec/s: 0 rss: 29Mb L: 139/333 MS: 4 CrossOver-ShuffleBytes-InsertByte-EraseBytes-
#697	REDUCE cov: 123 ft: 440 corp: 47/7527b lim: 333 exec/s: 0 rss: 29Mb L: 44/333 MS: 3 ChangeByte-ShuffleBytes-EraseBytes-
#708	NEW    cov: 123 ft: 441 corp: 48/7554b lim: 333 exec/s: 0 rss: 29Mb L: 27/333 MS: 1 EraseBytes-
#744	NEW    cov: 123 ft: 442 corp: 49/7687b lim: 333 exec/s: 0 rss: 29Mb L: 133/333 MS: 1 InsertByte-
#747	NEW    cov: 123 ft: 443 corp: 50/7826b lim: 333 exec/s: 0 rss: 29Mb L: 139/333 MS: 3 InsertByte-ChangeByte-CopyPart-
#751	REDUCE cov: 123 ft: 443 corp: 50/7818b lim: 333 exec/s: 0 rss: 29Mb L: 124/333 MS: 4 InsertByte-ChangeByte-CrossOver-EraseBytes-
#776	REDUCE cov: 123 ft: 443 corp: 50/7817b lim: 333 exec/s: 0 rss: 29Mb L: 141/333 MS: 5 ChangeBit-PersAutoDict-ChangeASCIIInt-ChangeBinInt-EraseBytes- DE: "avc1"-
#806	REDUCE cov: 123 ft: 459 corp: 51/7828b lim: 333 exec/s: 0 rss: 29Mb L: 11/333 MS: 5 ShuffleBytes-ChangeBinInt-ChangeBit-CopyPart-CrossOver-
#809	NEW    cov: 123 ft: 467 corp: 52/7848b lim: 333 exec/s: 0 rss: 29Mb L: 20/333 MS: 3 ChangeByte-ChangeBit-EraseBytes-
#882	NEW    cov: 123 ft: 468 corp: 53/7908b lim: 333 exec/s: 0 rss: 29Mb L: 60/333 MS: 3 ChangeByte-PersAutoDict-CMP- DE: "\001\000`\273\320\355o\031"-"mdat"-
#946	REDUCE cov: 123 ft: 469 corp: 54/8173b lim: 333 exec/s: 0 rss: 29Mb L: 265/333 MS: 4 InsertByte-CrossOver-ShuffleBytes-CrossOver-
#948	REDUCE cov: 123 ft: 469 corp: 54/8145b lim: 333 exec/s: 0 rss: 29Mb L: 40/333 MS: 2 InsertByte-EraseBytes-
#1059	REDUCE cov: 123 ft: 469 corp: 54/8059b lim: 333 exec/s: 0 rss: 29Mb L: 227/333 MS: 1 EraseBytes-
#1062	REDUCE cov: 123 ft: 469 corp: 54/8010b lim: 333 exec/s: 0 rss: 29Mb L: 90/333 MS: 3 ChangeBit-ChangeByte-EraseBytes-
#1078	REDUCE cov: 123 ft: 469 corp: 54/7997b lim: 333 exec/s: 0 rss: 29Mb L: 214/333 MS: 1 EraseBytes-
==818312== ERROR: libFuzzer: out-of-memory (used: 1290Mb; limit: 1024Mb)
   To change the out-of-memory limit use -rss_limit_mb=<N>

MS: 2 CopyPart-CopyPart-; base unit: 47591b15a4cdf4b00ff99250c58ea20f9168312c
artifact_prefix='/results/crashes/20260313_184310_cdc85455_'; Test unit written to /results/crashes/20260313_184310_cdc85455_oom-734d006e985056f61fd5e7ce6352967d54f55eb1
SUMMARY: libFuzzer: out-of-memory
stat::number_of_executed_units: 1085
stat::average_exec_per_sec:     1085
stat::new_units_added:          65
stat::slowest_unit_time_sec:    0
stat::peak_rss_mb:              1291
