INFO: Running with entropic power schedule (0xFF, 100).
INFO: Seed: 3618799602
INFO: Loaded 1 modules   (252 inline 8-bit counters): 252 [0x64adcd929678, 0x64adcd929774), 
INFO: Loaded 1 PC tables (252 PCs): 252 [0x64adcd929778,0x64adcd92a738), 
INFO:        4 files found in /tmp/corpus_20260313_144418_f08c78ea
INFO: seed corpus: files: 4 min: 48b max: 333b total: 853b rss: 28Mb
#5	INITED cov: 118 ft: 253 corp: 4/853b exec/s: 0 rss: 29Mb
#6	NEW    cov: 118 ft: 254 corp: 5/1137b lim: 333 exec/s: 0 rss: 29Mb L: 284/333 MS: 1 CrossOver-
#8	NEW    cov: 119 ft: 260 corp: 6/1441b lim: 333 exec/s: 0 rss: 29Mb L: 304/333 MS: 2 ChangeBit-EraseBytes-
#10	NEW    cov: 119 ft: 282 corp: 7/1476b lim: 333 exec/s: 0 rss: 29Mb L: 35/333 MS: 2 ChangeBinInt-EraseBytes-
#11	NEW    cov: 119 ft: 292 corp: 8/1564b lim: 333 exec/s: 0 rss: 29Mb L: 88/333 MS: 1 CopyPart-
#12	NEW    cov: 119 ft: 302 corp: 9/1662b lim: 333 exec/s: 0 rss: 29Mb L: 98/333 MS: 1 InsertRepeatedBytes-
#13	NEW    cov: 119 ft: 304 corp: 10/1760b lim: 333 exec/s: 0 rss: 29Mb L: 98/333 MS: 1 CopyPart-
#14	NEW    cov: 119 ft: 305 corp: 11/2032b lim: 333 exec/s: 0 rss: 29Mb L: 272/333 MS: 1 CrossOver-
#17	NEW    cov: 119 ft: 306 corp: 12/2355b lim: 333 exec/s: 0 rss: 29Mb L: 323/333 MS: 3 InsertByte-ChangeBinInt-CrossOver-
#26	NEW    cov: 119 ft: 327 corp: 13/2481b lim: 333 exec/s: 0 rss: 29Mb L: 126/333 MS: 4 ShuffleBytes-ChangeBit-ChangeByte-EraseBytes-
#27	NEW    cov: 120 ft: 329 corp: 14/2805b lim: 333 exec/s: 0 rss: 29Mb L: 324/333 MS: 1 InsertByte-
#32	NEW    cov: 120 ft: 330 corp: 15/3018b lim: 333 exec/s: 0 rss: 29Mb L: 213/333 MS: 5 ChangeByte-ChangeBinInt-ChangeBit-CrossOver-EraseBytes-
#33	NEW    cov: 120 ft: 332 corp: 16/3177b lim: 333 exec/s: 0 rss: 29Mb L: 159/333 MS: 1 CrossOver-
#36	NEW    cov: 120 ft: 337 corp: 17/3377b lim: 333 exec/s: 0 rss: 29Mb L: 200/333 MS: 3 ChangeBinInt-EraseBytes-ChangeByte-
#41	NEW    cov: 120 ft: 338 corp: 18/3602b lim: 333 exec/s: 0 rss: 29Mb L: 225/333 MS: 5 InsertRepeatedBytes-CMP-ChangeBit-CopyPart-EraseBytes- DE: "\011\000\000\000"-
#45	NEW    cov: 120 ft: 386 corp: 19/3614b lim: 333 exec/s: 0 rss: 29Mb L: 12/333 MS: 4 PersAutoDict-ShuffleBytes-InsertByte-CrossOver- DE: "\011\000\000\000"-
#51	NEW    cov: 120 ft: 397 corp: 20/3630b lim: 333 exec/s: 0 rss: 29Mb L: 16/333 MS: 1 PersAutoDict- DE: "\011\000\000\000"-
#54	NEW    cov: 120 ft: 398 corp: 21/3957b lim: 333 exec/s: 0 rss: 29Mb L: 327/333 MS: 3 ChangeBit-ChangeASCIIInt-PersAutoDict- DE: "\011\000\000\000"-
#55	NEW    cov: 120 ft: 399 corp: 22/4235b lim: 333 exec/s: 0 rss: 29Mb L: 278/333 MS: 1 CrossOver-
#56	NEW    cov: 120 ft: 400 corp: 23/4563b lim: 333 exec/s: 0 rss: 29Mb L: 328/333 MS: 1 InsertByte-
#59	NEW    cov: 120 ft: 406 corp: 24/4790b lim: 333 exec/s: 0 rss: 29Mb L: 227/333 MS: 3 ChangeBinInt-ChangeByte-CMP- DE: "\037\000"-
#64	NEW    cov: 120 ft: 407 corp: 25/5114b lim: 333 exec/s: 0 rss: 29Mb L: 324/333 MS: 5 ChangeBit-ChangeByte-ChangeBinInt-ChangeBinInt-ChangeByte-
#68	REDUCE cov: 120 ft: 407 corp: 25/5108b lim: 333 exec/s: 0 rss: 29Mb L: 194/333 MS: 4 InsertRepeatedBytes-ChangeByte-InsertByte-CrossOver-
#75	NEW    cov: 120 ft: 408 corp: 26/5370b lim: 333 exec/s: 0 rss: 29Mb L: 262/333 MS: 2 PersAutoDict-InsertRepeatedBytes- DE: "\037\000"-
#85	NEW    cov: 120 ft: 411 corp: 27/5688b lim: 333 exec/s: 0 rss: 29Mb L: 318/333 MS: 5 CrossOver-CopyPart-ChangeBit-CMP-CopyPart- DE: "N7ISOBMFF12Con"-
#98	NEW    cov: 120 ft: 412 corp: 28/5766b lim: 333 exec/s: 0 rss: 29Mb L: 78/333 MS: 3 ChangeByte-ChangeByte-EraseBytes-
#103	NEW    cov: 120 ft: 413 corp: 29/6067b lim: 333 exec/s: 0 rss: 29Mb L: 301/333 MS: 5 PersAutoDict-CopyPart-ShuffleBytes-CopyPart-ChangeByte- DE: "N7ISOBMFF12Con"-
#109	REDUCE cov: 120 ft: 413 corp: 29/6055b lim: 333 exec/s: 0 rss: 29Mb L: 250/333 MS: 1 EraseBytes-
#114	REDUCE cov: 120 ft: 413 corp: 29/5986b lim: 333 exec/s: 0 rss: 29Mb L: 215/333 MS: 5 ShuffleBytes-ShuffleBytes-InsertRepeatedBytes-PersAutoDict-EraseBytes- DE: "\011\000\000\000"-
#127	NEW    cov: 120 ft: 414 corp: 30/6055b lim: 333 exec/s: 0 rss: 29Mb L: 69/333 MS: 3 InsertByte-ChangeBit-InsertRepeatedBytes-
#129	REDUCE cov: 120 ft: 414 corp: 30/6050b lim: 333 exec/s: 0 rss: 29Mb L: 296/333 MS: 2 EraseBytes-PersAutoDict- DE: "N7ISOBMFF12Con"-
#136	NEW    cov: 120 ft: 415 corp: 31/6358b lim: 333 exec/s: 0 rss: 29Mb L: 308/333 MS: 2 CMP-InsertRepeatedBytes- DE: "\010\000\000\000"-
#147	REDUCE cov: 121 ft: 433 corp: 32/6654b lim: 333 exec/s: 0 rss: 29Mb L: 296/333 MS: 1 ChangeByte-
#171	NEW    cov: 121 ft: 434 corp: 33/6744b lim: 333 exec/s: 0 rss: 29Mb L: 90/333 MS: 4 ChangeBit-ChangeByte-InsertByte-InsertByte-
#229	REDUCE cov: 121 ft: 435 corp: 34/6880b lim: 333 exec/s: 0 rss: 29Mb L: 136/333 MS: 3 ChangeByte-CopyPart-EraseBytes-
#259	REDUCE cov: 121 ft: 435 corp: 34/6713b lim: 333 exec/s: 0 rss: 29Mb L: 60/333 MS: 5 CrossOver-CMP-ChangeASCIIInt-CrossOver-EraseBytes- DE: "mere"-
#260	NEW    cov: 122 ft: 436 corp: 35/6988b lim: 333 exec/s: 0 rss: 29Mb L: 275/333 MS: 1 EraseBytes-
#287	NEW    cov: 122 ft: 437 corp: 36/7104b lim: 333 exec/s: 0 rss: 29Mb L: 116/333 MS: 2 ChangeByte-CrossOver-
#305	NEW    cov: 122 ft: 445 corp: 37/7437b lim: 333 exec/s: 0 rss: 29Mb L: 333/333 MS: 3 ChangeByte-ChangeBit-ChangeBit-
#387	NEW    cov: 122 ft: 448 corp: 38/7577b lim: 333 exec/s: 0 rss: 29Mb L: 140/333 MS: 2 ChangeBit-CMP- DE: "edts"-
#397	REDUCE cov: 122 ft: 448 corp: 38/7536b lim: 333 exec/s: 0 rss: 29Mb L: 172/333 MS: 5 InsertByte-ChangeBit-PersAutoDict-CMP-EraseBytes- DE: "N7ISOBMFF12Con"-"_\217\257\356\255d\000\000"-
#400	NEW    cov: 123 ft: 449 corp: 39/7542b lim: 333 exec/s: 0 rss: 29Mb L: 6/333 MS: 3 ChangeASCIIInt-ChangeASCIIInt-EraseBytes-
#422	NEW    cov: 123 ft: 450 corp: 40/7585b lim: 333 exec/s: 0 rss: 29Mb L: 43/333 MS: 2 CMP-CMP- DE: "\001 "-"\327x\257\356\255d\000\000"-
#425	REDUCE cov: 123 ft: 450 corp: 40/7562b lim: 333 exec/s: 0 rss: 29Mb L: 67/333 MS: 3 InsertByte-ChangeByte-EraseBytes-
#433	REDUCE cov: 123 ft: 450 corp: 40/7522b lim: 333 exec/s: 0 rss: 29Mb L: 175/333 MS: 3 InsertRepeatedBytes-ChangeBit-CrossOver-
#481	NEW    cov: 123 ft: 451 corp: 41/7695b lim: 333 exec/s: 0 rss: 29Mb L: 173/333 MS: 3 CrossOver-PersAutoDict-EraseBytes- DE: "_\217\257\356\255d\000\000"-
#516	NEW    cov: 123 ft: 458 corp: 42/7978b lim: 333 exec/s: 0 rss: 29Mb L: 283/333 MS: 5 InsertByte-ShuffleBytes-InsertRepeatedBytes-ChangeBinInt-CMP- DE: "schi"-
#520	REDUCE cov: 123 ft: 458 corp: 42/7952b lim: 333 exec/s: 0 rss: 29Mb L: 52/333 MS: 4 CrossOver-ChangeBinInt-CopyPart-EraseBytes-
#566	NEW    cov: 123 ft: 460 corp: 43/7974b lim: 333 exec/s: 0 rss: 29Mb L: 22/333 MS: 1 CrossOver-
#572	REDUCE cov: 123 ft: 460 corp: 43/7942b lim: 333 exec/s: 0 rss: 29Mb L: 108/333 MS: 1 EraseBytes-
#574	REDUCE cov: 123 ft: 460 corp: 43/7940b lim: 333 exec/s: 0 rss: 29Mb L: 33/333 MS: 2 ShuffleBytes-EraseBytes-
#623	NEW    cov: 123 ft: 461 corp: 44/7952b lim: 333 exec/s: 0 rss: 29Mb L: 12/333 MS: 4 ChangeBinInt-InsertRepeatedBytes-ChangeBinInt-CrossOver-
#663	NEW    cov: 123 ft: 462 corp: 45/8254b lim: 333 exec/s: 0 rss: 29Mb L: 302/333 MS: 5 CopyPart-ShuffleBytes-ChangeBinInt-InsertRepeatedBytes-InsertRepeatedBytes-
#703	NEW    cov: 123 ft: 463 corp: 46/8536b lim: 333 exec/s: 0 rss: 29Mb L: 282/333 MS: 5 PersAutoDict-ChangeBinInt-ChangeBinInt-ChangeByte-InsertRepeatedBytes- DE: "schi"-
#724	REDUCE cov: 123 ft: 463 corp: 46/8520b lim: 333 exec/s: 0 rss: 29Mb L: 236/333 MS: 1 EraseBytes-
#776	NEW    cov: 123 ft: 464 corp: 47/8841b lim: 333 exec/s: 0 rss: 29Mb L: 321/333 MS: 2 EraseBytes-CrossOver-
#783	NEW    cov: 123 ft: 465 corp: 48/9174b lim: 333 exec/s: 0 rss: 29Mb L: 333/333 MS: 2 ShuffleBytes-CrossOver-
#802	REDUCE cov: 123 ft: 465 corp: 48/9173b lim: 333 exec/s: 0 rss: 29Mb L: 51/333 MS: 4 InsertRepeatedBytes-ChangeBit-InsertByte-EraseBytes-
#806	REDUCE cov: 123 ft: 465 corp: 48/9152b lim: 333 exec/s: 0 rss: 29Mb L: 77/333 MS: 4 ChangeBit-ChangeASCIIInt-InsertRepeatedBytes-EraseBytes-
#987	REDUCE cov: 123 ft: 465 corp: 48/9151b lim: 333 exec/s: 0 rss: 29Mb L: 97/333 MS: 1 EraseBytes-
#1068	NEW    cov: 123 ft: 474 corp: 49/9180b lim: 333 exec/s: 0 rss: 29Mb L: 29/333 MS: 1 CrossOver-
#1076	REDUCE cov: 123 ft: 474 corp: 49/9179b lim: 333 exec/s: 0 rss: 29Mb L: 28/333 MS: 3 ChangeBit-PersAutoDict-EraseBytes- DE: "N7ISOBMFF12Con"-
#1146	REDUCE cov: 123 ft: 481 corp: 50/9471b lim: 333 exec/s: 0 rss: 29Mb L: 292/333 MS: 5 InsertRepeatedBytes-CopyPart-ChangeByte-CrossOver-InsertRepeatedBytes-
#1153	REDUCE cov: 123 ft: 481 corp: 50/9455b lim: 333 exec/s: 0 rss: 29Mb L: 44/333 MS: 2 ChangeBit-EraseBytes-
#1160	REDUCE cov: 123 ft: 481 corp: 50/9454b lim: 333 exec/s: 0 rss: 29Mb L: 42/333 MS: 2 ChangeBinInt-EraseBytes-
#1242	REDUCE cov: 123 ft: 481 corp: 50/9453b lim: 333 exec/s: 0 rss: 29Mb L: 5/333 MS: 2 ChangeBit-EraseBytes-
#1264	REDUCE cov: 123 ft: 481 corp: 50/9451b lim: 333 exec/s: 0 rss: 29Mb L: 192/333 MS: 2 CMP-CrossOver- DE: "tm\000p"-
#1322	REDUCE cov: 123 ft: 481 corp: 50/9420b lim: 333 exec/s: 0 rss: 29Mb L: 142/333 MS: 3 EraseBytes-ShuffleBytes-CrossOver-
#1398	REDUCE cov: 123 ft: 482 corp: 51/9676b lim: 333 exec/s: 0 rss: 29Mb L: 256/333 MS: 1 InsertRepeatedBytes-
#1539	REDUCE cov: 123 ft: 482 corp: 51/9675b lim: 333 exec/s: 0 rss: 29Mb L: 4/333 MS: 1 EraseBytes-
#1558	REDUCE cov: 123 ft: 482 corp: 51/9674b lim: 333 exec/s: 0 rss: 29Mb L: 27/333 MS: 4 PersAutoDict-InsertByte-ChangeBit-EraseBytes- DE: "edts"-
#1638	REDUCE cov: 123 ft: 482 corp: 51/9673b lim: 333 exec/s: 0 rss: 29Mb L: 50/333 MS: 5 ShuffleBytes-ChangeBinInt-InsertByte-ChangeBit-EraseBytes-
#1717	NEW    cov: 123 ft: 483 corp: 52/9681b lim: 333 exec/s: 0 rss: 29Mb L: 8/333 MS: 4 ShuffleBytes-PersAutoDict-EraseBytes-EraseBytes- DE: "\327x\257\356\255d\000\000"-
#1763	NEW    cov: 123 ft: 484 corp: 53/9689b lim: 333 exec/s: 0 rss: 29Mb L: 8/333 MS: 1 EraseBytes-
#1789	REDUCE cov: 123 ft: 484 corp: 53/9686b lim: 333 exec/s: 0 rss: 29Mb L: 74/333 MS: 1 EraseBytes-
#1793	NEW    cov: 123 ft: 490 corp: 54/9974b lim: 333 exec/s: 0 rss: 29Mb L: 288/333 MS: 4 InsertRepeatedBytes-EraseBytes-ChangeBit-CrossOver-
#1889	REDUCE cov: 123 ft: 490 corp: 54/9952b lim: 333 exec/s: 0 rss: 29Mb L: 170/333 MS: 1 EraseBytes-
#2035	REDUCE cov: 123 ft: 490 corp: 54/9927b lim: 333 exec/s: 0 rss: 29Mb L: 303/333 MS: 1 CrossOver-
#2038	REDUCE cov: 123 ft: 491 corp: 55/9947b lim: 333 exec/s: 0 rss: 29Mb L: 20/333 MS: 3 ChangeASCIIInt-CMP-CrossOver- DE: "\000\305 \\\374\177\000\000"-
#2118	REDUCE cov: 123 ft: 491 corp: 55/9897b lim: 333 exec/s: 0 rss: 29Mb L: 268/333 MS: 5 ChangeByte-ChangeByte-InsertByte-ChangeBit-EraseBytes-
#2275	REDUCE cov: 123 ft: 491 corp: 55/9813b lim: 333 exec/s: 0 rss: 29Mb L: 188/333 MS: 2 ChangeASCIIInt-EraseBytes-
#2319	REDUCE cov: 123 ft: 491 corp: 55/9811b lim: 333 exec/s: 0 rss: 29Mb L: 2/333 MS: 4 PersAutoDict-ChangeBit-ChangeByte-EraseBytes- DE: "\010\000\000\000"-
#2452	REDUCE cov: 123 ft: 491 corp: 55/9810b lim: 333 exec/s: 0 rss: 29Mb L: 49/333 MS: 3 ChangeBit-CopyPart-EraseBytes-
#2551	REDUCE cov: 123 ft: 491 corp: 55/9806b lim: 333 exec/s: 0 rss: 29Mb L: 16/333 MS: 4 EraseBytes-ChangeASCIIInt-ChangeByte-InsertByte-
#2558	NEW    cov: 123 ft: 498 corp: 56/10139b lim: 333 exec/s: 0 rss: 29Mb L: 333/333 MS: 2 ChangeBit-CrossOver-
#2620	REDUCE cov: 123 ft: 498 corp: 56/10138b lim: 333 exec/s: 0 rss: 29Mb L: 1/333 MS: 2 ChangeByte-EraseBytes-
#2680	REDUCE cov: 123 ft: 498 corp: 56/9968b lim: 333 exec/s: 0 rss: 29Mb L: 153/333 MS: 5 CopyPart-ChangeBit-CopyPart-EraseBytes-EraseBytes-
#2794	REDUCE cov: 123 ft: 498 corp: 56/9940b lim: 333 exec/s: 0 rss: 29Mb L: 197/333 MS: 4 EraseBytes-ChangeBit-ChangeBinInt-InsertRepeatedBytes-
#2837	REDUCE cov: 123 ft: 498 corp: 56/9935b lim: 333 exec/s: 0 rss: 29Mb L: 17/333 MS: 3 InsertByte-InsertByte-EraseBytes-
#2881	REDUCE cov: 123 ft: 498 corp: 56/9814b lim: 333 exec/s: 0 rss: 29Mb L: 203/333 MS: 4 ShuffleBytes-CrossOver-PersAutoDict-EraseBytes- DE: "\010\000\000\000"-
#3060	NEW    cov: 123 ft: 499 corp: 57/9842b lim: 333 exec/s: 0 rss: 29Mb L: 28/333 MS: 4 ChangeByte-ShuffleBytes-PersAutoDict-EraseBytes- DE: "\001 "-
#3106	NEW    cov: 123 ft: 500 corp: 58/10102b lim: 333 exec/s: 0 rss: 29Mb L: 260/333 MS: 1 PersAutoDict- DE: "\011\000\000\000"-
#3277	REDUCE cov: 123 ft: 500 corp: 58/10000b lim: 333 exec/s: 0 rss: 29Mb L: 173/333 MS: 1 EraseBytes-
#3299	REDUCE cov: 123 ft: 500 corp: 58/9989b lim: 333 exec/s: 0 rss: 29Mb L: 63/333 MS: 2 ChangeBinInt-EraseBytes-
#3390	REDUCE cov: 123 ft: 500 corp: 58/9985b lim: 333 exec/s: 0 rss: 29Mb L: 284/333 MS: 1 EraseBytes-
#3481	REDUCE cov: 123 ft: 500 corp: 58/9984b lim: 333 exec/s: 0 rss: 29Mb L: 135/333 MS: 1 EraseBytes-
#3489	REDUCE cov: 123 ft: 500 corp: 58/9967b lim: 333 exec/s: 0 rss: 29Mb L: 142/333 MS: 3 CrossOver-InsertByte-EraseBytes-
#3580	REDUCE cov: 123 ft: 500 corp: 58/9966b lim: 333 exec/s: 0 rss: 29Mb L: 11/333 MS: 1 EraseBytes-
#3611	REDUCE cov: 123 ft: 500 corp: 58/9900b lim: 333 exec/s: 0 rss: 29Mb L: 212/333 MS: 1 EraseBytes-
#3683	REDUCE cov: 123 ft: 500 corp: 58/9894b lim: 333 exec/s: 0 rss: 29Mb L: 129/333 MS: 2 ChangeBit-EraseBytes-
#3815	REDUCE cov: 123 ft: 500 corp: 58/9893b lim: 333 exec/s: 0 rss: 29Mb L: 41/333 MS: 2 ShuffleBytes-EraseBytes-
#3833	REDUCE cov: 123 ft: 500 corp: 58/9891b lim: 333 exec/s: 0 rss: 29Mb L: 290/333 MS: 3 ChangeByte-ChangeByte-EraseBytes-
#3840	REDUCE cov: 124 ft: 501 corp: 59/10219b lim: 333 exec/s: 0 rss: 29Mb L: 328/333 MS: 2 InsertByte-CopyPart-
#3971	REDUCE cov: 124 ft: 501 corp: 59/10215b lim: 333 exec/s: 0 rss: 29Mb L: 279/333 MS: 1 CrossOver-
#4007	REDUCE cov: 124 ft: 501 corp: 59/10213b lim: 333 exec/s: 0 rss: 29Mb L: 294/333 MS: 1 EraseBytes-
#4132	REDUCE cov: 124 ft: 501 corp: 59/10212b lim: 333 exec/s: 0 rss: 29Mb L: 196/333 MS: 5 InsertByte-EraseBytes-ChangeByte-ChangeBit-CopyPart-
#4143	NEW    cov: 124 ft: 502 corp: 60/10432b lim: 333 exec/s: 0 rss: 29Mb L: 220/333 MS: 1 ChangeByte-
#4181	REDUCE cov: 124 ft: 507 corp: 61/10532b lim: 333 exec/s: 0 rss: 29Mb L: 100/333 MS: 3 PersAutoDict-EraseBytes-CMP- DE: "N7ISOBMFF12Con"-"hvcC"-
#4406	REDUCE cov: 124 ft: 507 corp: 61/10484b lim: 333 exec/s: 0 rss: 29Mb L: 246/333 MS: 5 ChangeByte-CopyPart-PersAutoDict-ChangeBit-EraseBytes- DE: "edts"-
#4594	NEW    cov: 124 ft: 510 corp: 62/10673b lim: 333 exec/s: 0 rss: 29Mb L: 189/333 MS: 3 PersAutoDict-ChangeByte-EraseBytes- DE: "hvcC"-
#4723	REDUCE cov: 124 ft: 510 corp: 62/10644b lim: 333 exec/s: 0 rss: 29Mb L: 71/333 MS: 4 CrossOver-EraseBytes-PersAutoDict-EraseBytes- DE: "\000\305 \\\374\177\000\000"-
#4738	NEW    cov: 124 ft: 511 corp: 63/10897b lim: 333 exec/s: 0 rss: 29Mb L: 253/333 MS: 5 ShuffleBytes-PersAutoDict-CopyPart-ChangeASCIIInt-EraseBytes- DE: "_\217\257\356\255d\000\000"-
#4742	REDUCE cov: 124 ft: 512 corp: 64/11164b lim: 333 exec/s: 0 rss: 29Mb L: 267/333 MS: 4 CrossOver-ChangeByte-ShuffleBytes-ChangeBit-
#4836	REDUCE cov: 124 ft: 512 corp: 64/11083b lim: 333 exec/s: 0 rss: 29Mb L: 108/333 MS: 4 CMP-ShuffleBytes-ChangeBinInt-EraseBytes- DE: "irot"-
#4908	REDUCE cov: 124 ft: 512 corp: 64/11075b lim: 333 exec/s: 0 rss: 29Mb L: 100/333 MS: 2 ChangeBinInt-EraseBytes-
#5309	REDUCE cov: 124 ft: 514 corp: 65/11183b lim: 333 exec/s: 0 rss: 29Mb L: 108/333 MS: 1 CopyPart-
#5329	REDUCE cov: 124 ft: 514 corp: 65/11166b lim: 333 exec/s: 0 rss: 29Mb L: 229/333 MS: 5 PersAutoDict-ShuffleBytes-CopyPart-ChangeASCIIInt-EraseBytes- DE: "N7ISOBMFF12Con"-
#5345	REDUCE cov: 124 ft: 514 corp: 65/11165b lim: 333 exec/s: 0 rss: 29Mb L: 10/333 MS: 1 EraseBytes-
#5383	REDUCE cov: 124 ft: 514 corp: 65/11163b lim: 333 exec/s: 0 rss: 29Mb L: 10/333 MS: 3 ChangeASCIIInt-ChangeBinInt-EraseBytes-
#5685	REDUCE cov: 124 ft: 514 corp: 65/11147b lim: 333 exec/s: 0 rss: 29Mb L: 154/333 MS: 2 ChangeBinInt-EraseBytes-
#5723	REDUCE cov: 124 ft: 514 corp: 65/11146b lim: 333 exec/s: 0 rss: 29Mb L: 252/333 MS: 3 InsertRepeatedBytes-CrossOver-EraseBytes-
#5774	REDUCE cov: 124 ft: 514 corp: 65/11143b lim: 333 exec/s: 0 rss: 29Mb L: 66/333 MS: 1 EraseBytes-
#6228	REDUCE cov: 124 ft: 514 corp: 65/11140b lim: 333 exec/s: 0 rss: 29Mb L: 113/333 MS: 4 PersAutoDict-PersAutoDict-InsertRepeatedBytes-EraseBytes- DE: "edts"-"irot"-
#6381	NEW    cov: 124 ft: 517 corp: 66/11412b lim: 333 exec/s: 6381 rss: 29Mb L: 272/333 MS: 2 ChangeBinInt-CopyPart-
#6477	REDUCE cov: 124 ft: 517 corp: 66/11391b lim: 333 exec/s: 6477 rss: 29Mb L: 282/333 MS: 1 EraseBytes-
#7018	REDUCE cov: 124 ft: 518 corp: 67/11466b lim: 333 exec/s: 7018 rss: 29Mb L: 75/333 MS: 1 CMP- DE: "stsd"-
#7229	REDUCE cov: 124 ft: 518 corp: 67/11465b lim: 333 exec/s: 7229 rss: 29Mb L: 87/333 MS: 1 EraseBytes-
#7275	REDUCE cov: 124 ft: 518 corp: 67/11457b lim: 333 exec/s: 7275 rss: 29Mb L: 134/333 MS: 1 EraseBytes-
#7286	REDUCE cov: 124 ft: 518 corp: 67/11427b lim: 333 exec/s: 7286 rss: 29Mb L: 252/333 MS: 1 EraseBytes-
#7710	REDUCE cov: 124 ft: 518 corp: 67/11415b lim: 333 exec/s: 7710 rss: 29Mb L: 117/333 MS: 4 ChangeBit-ShuffleBytes-ChangeBinInt-EraseBytes-
#7875	REDUCE cov: 124 ft: 518 corp: 67/11392b lim: 333 exec/s: 7875 rss: 29Mb L: 111/333 MS: 5 EraseBytes-ChangeASCIIInt-ChangeASCIIInt-CopyPart-CopyPart-
#7996	REDUCE cov: 124 ft: 518 corp: 67/11390b lim: 333 exec/s: 7996 rss: 29Mb L: 140/333 MS: 1 EraseBytes-
#9478	REDUCE cov: 124 ft: 518 corp: 67/11387b lim: 341 exec/s: 9478 rss: 29Mb L: 25/333 MS: 2 CopyPart-EraseBytes-
#9625	NEW    cov: 124 ft: 519 corp: 68/11427b lim: 341 exec/s: 9625 rss: 29Mb L: 40/333 MS: 2 ChangeBit-EraseBytes-
#9636	REDUCE cov: 124 ft: 519 corp: 68/11374b lim: 341 exec/s: 9636 rss: 29Mb L: 215/333 MS: 1 CrossOver-
#9903	REDUCE cov: 124 ft: 519 corp: 68/11342b lim: 341 exec/s: 9903 rss: 29Mb L: 204/333 MS: 2 InsertByte-EraseBytes-
#10046	REDUCE cov: 124 ft: 519 corp: 68/11338b lim: 341 exec/s: 10046 rss: 29Mb L: 59/333 MS: 3 EraseBytes-CMP-CMP- DE: "\001\000\000\010"-"\000\000\000 "-
#10622	REDUCE cov: 124 ft: 519 corp: 68/11305b lim: 341 exec/s: 10622 rss: 30Mb L: 67/333 MS: 1 EraseBytes-
#10899	REDUCE cov: 124 ft: 519 corp: 68/11300b lim: 341 exec/s: 10899 rss: 30Mb L: 303/333 MS: 2 ShuffleBytes-EraseBytes-
#10906	REDUCE cov: 124 ft: 519 corp: 68/11221b lim: 341 exec/s: 10906 rss: 30Mb L: 150/333 MS: 2 ShuffleBytes-EraseBytes-
#11633	REDUCE cov: 124 ft: 519 corp: 68/11204b lim: 341 exec/s: 11633 rss: 30Mb L: 310/333 MS: 2 InsertRepeatedBytes-EraseBytes-
#12163	REDUCE cov: 124 ft: 519 corp: 68/11176b lim: 341 exec/s: 12163 rss: 30Mb L: 296/333 MS: 5 CopyPart-PersAutoDict-EraseBytes-CopyPart-InsertByte- DE: "\011\000\000\000"-
#12345	REDUCE cov: 124 ft: 519 corp: 68/11172b lim: 341 exec/s: 12345 rss: 30Mb L: 329/333 MS: 2 ShuffleBytes-CrossOver-
#12714	REDUCE cov: 124 ft: 519 corp: 68/11170b lim: 341 exec/s: 12714 rss: 30Mb L: 282/333 MS: 4 ChangeBinInt-CMP-ChangeByte-EraseBytes- DE: "urn "-
#12730	REDUCE cov: 124 ft: 519 corp: 68/11169b lim: 341 exec/s: 12730 rss: 30Mb L: 70/333 MS: 1 EraseBytes-
#12957	REDUCE cov: 124 ft: 519 corp: 68/11124b lim: 341 exec/s: 12957 rss: 30Mb L: 237/333 MS: 2 ChangeBinInt-EraseBytes-
#12999	REDUCE cov: 124 ft: 519 corp: 68/11120b lim: 341 exec/s: 12999 rss: 30Mb L: 66/333 MS: 2 CopyPart-EraseBytes-
#13055	REDUCE cov: 124 ft: 519 corp: 68/11118b lim: 341 exec/s: 13055 rss: 30Mb L: 8/333 MS: 1 EraseBytes-
==64352== ERROR: libFuzzer: out-of-memory (used: 1343Mb; limit: 1024Mb)
   To change the out-of-memory limit use -rss_limit_mb=<N>

MS: 2 CMP-CrossOver- DE: "trak"-; base unit: 850eacc7967137f11aaee5d70096a2f0b7950950
artifact_prefix='/results/crashes/20260313_144418_f08c78ea_'; Test unit written to /results/crashes/20260313_144418_f08c78ea_oom-c4b3033859c9cb86cf43e360196afdec194d6d54
SUMMARY: libFuzzer: out-of-memory
stat::number_of_executed_units: 13712
stat::average_exec_per_sec:     4570
stat::new_units_added:          147
stat::slowest_unit_time_sec:    0
stat::peak_rss_mb:              1344
