INFO: Running with entropic power schedule (0xFF, 100).
INFO: Seed: 2451315620
INFO: Loaded 1 modules   (252 inline 8-bit counters): 252 [0x632bad366678, 0x632bad366774), 
INFO: Loaded 1 PC tables (252 PCs): 252 [0x632bad366778,0x632bad367738), 
INFO:        4 files found in /tmp/corpus_20260313_165900_ccad2b3e
INFO: seed corpus: files: 4 min: 48b max: 333b total: 853b rss: 28Mb
#5	INITED cov: 117 ft: 250 corp: 4/853b exec/s: 0 rss: 29Mb
#8	NEW    cov: 118 ft: 266 corp: 5/1143b lim: 333 exec/s: 0 rss: 29Mb L: 290/333 MS: 3 ChangeByte-CMP-CopyPart- DE: "\030\000"-
#10	NEW    cov: 118 ft: 267 corp: 6/1365b lim: 333 exec/s: 0 rss: 29Mb L: 222/333 MS: 2 ChangeBit-CopyPart-
#12	NEW    cov: 118 ft: 269 corp: 7/1587b lim: 333 exec/s: 0 rss: 29Mb L: 222/333 MS: 2 ChangeBit-PersAutoDict- DE: "\030\000"-
#14	NEW    cov: 118 ft: 279 corp: 8/1786b lim: 333 exec/s: 0 rss: 29Mb L: 199/333 MS: 2 EraseBytes-EraseBytes-
#15	NEW    cov: 118 ft: 295 corp: 9/1868b lim: 333 exec/s: 0 rss: 29Mb L: 82/333 MS: 1 InsertRepeatedBytes-
#19	NEW    cov: 119 ft: 297 corp: 10/2054b lim: 333 exec/s: 0 rss: 29Mb L: 186/333 MS: 4 ShuffleBytes-PersAutoDict-ChangeBit-EraseBytes- DE: "\030\000"-
#21	NEW    cov: 119 ft: 302 corp: 11/2363b lim: 333 exec/s: 0 rss: 29Mb L: 309/333 MS: 2 PersAutoDict-CrossOver- DE: "\030\000"-
#24	NEW    cov: 119 ft: 303 corp: 12/2647b lim: 333 exec/s: 0 rss: 29Mb L: 284/333 MS: 3 ChangeASCIIInt-ChangeBinInt-EraseBytes-
#25	NEW    cov: 120 ft: 305 corp: 13/2973b lim: 333 exec/s: 0 rss: 29Mb L: 326/333 MS: 1 CopyPart-
#26	NEW    cov: 120 ft: 306 corp: 14/3226b lim: 333 exec/s: 0 rss: 29Mb L: 253/333 MS: 1 InsertByte-
#27	NEW    cov: 120 ft: 307 corp: 15/3559b lim: 333 exec/s: 0 rss: 29Mb L: 333/333 MS: 1 ShuffleBytes-
#41	NEW    cov: 120 ft: 308 corp: 16/3786b lim: 333 exec/s: 0 rss: 29Mb L: 227/333 MS: 4 CMP-ChangeBinInt-ChangeBit-InsertByte- DE: "\001\000\000_"-
#63	NEW    cov: 120 ft: 337 corp: 17/3872b lim: 333 exec/s: 0 rss: 29Mb L: 86/333 MS: 2 ChangeBit-CMP- DE: "stts"-
#69	NEW    cov: 120 ft: 338 corp: 18/3959b lim: 333 exec/s: 0 rss: 29Mb L: 87/333 MS: 1 InsertByte-
#71	NEW    cov: 120 ft: 348 corp: 19/4085b lim: 333 exec/s: 0 rss: 29Mb L: 126/333 MS: 2 InsertByte-CrossOver-
#75	NEW    cov: 120 ft: 349 corp: 20/4341b lim: 333 exec/s: 0 rss: 29Mb L: 256/333 MS: 4 ChangeByte-EraseBytes-CMP-CopyPart- DE: "ipma"-
#103	NEW    cov: 121 ft: 351 corp: 21/4659b lim: 333 exec/s: 0 rss: 29Mb L: 318/333 MS: 3 CopyPart-ChangeASCIIInt-CopyPart-
#112	NEW    cov: 121 ft: 352 corp: 22/4741b lim: 333 exec/s: 0 rss: 29Mb L: 82/333 MS: 4 ChangeByte-ChangeBit-ShuffleBytes-ChangeByte-
#116	NEW    cov: 121 ft: 353 corp: 23/5074b lim: 333 exec/s: 0 rss: 29Mb L: 333/333 MS: 4 CrossOver-InsertByte-CopyPart-CopyPart-
#118	NEW    cov: 121 ft: 354 corp: 24/5198b lim: 333 exec/s: 0 rss: 29Mb L: 124/333 MS: 2 ShuffleBytes-CrossOver-
#124	NEW    cov: 121 ft: 377 corp: 25/5418b lim: 333 exec/s: 0 rss: 29Mb L: 220/333 MS: 1 ChangeBinInt-
#129	NEW    cov: 121 ft: 379 corp: 26/5746b lim: 333 exec/s: 0 rss: 29Mb L: 328/333 MS: 5 ChangeBit-InsertRepeatedBytes-InsertRepeatedBytes-ChangeBinInt-CrossOver-
#137	NEW    cov: 121 ft: 385 corp: 27/5889b lim: 333 exec/s: 0 rss: 29Mb L: 143/333 MS: 3 InsertByte-CopyPart-CrossOver-
#143	NEW    cov: 121 ft: 394 corp: 28/6054b lim: 333 exec/s: 0 rss: 29Mb L: 165/333 MS: 1 EraseBytes-
#152	NEW    cov: 121 ft: 400 corp: 29/6382b lim: 333 exec/s: 0 rss: 29Mb L: 328/333 MS: 4 ChangeBinInt-ChangeBit-ChangeBinInt-CopyPart-
#175	NEW    cov: 121 ft: 401 corp: 30/6681b lim: 333 exec/s: 0 rss: 29Mb L: 299/333 MS: 3 ChangeByte-PersAutoDict-EraseBytes- DE: "\030\000"-
#178	NEW    cov: 121 ft: 407 corp: 31/6996b lim: 333 exec/s: 0 rss: 29Mb L: 315/333 MS: 3 ChangeByte-CopyPart-CopyPart-
#180	NEW    cov: 121 ft: 408 corp: 32/7139b lim: 333 exec/s: 0 rss: 29Mb L: 143/333 MS: 2 ShuffleBytes-CrossOver-
#186	NEW    cov: 121 ft: 417 corp: 33/7398b lim: 333 exec/s: 0 rss: 29Mb L: 259/333 MS: 1 CopyPart-
#213	NEW    cov: 121 ft: 418 corp: 34/7677b lim: 333 exec/s: 0 rss: 29Mb L: 279/333 MS: 2 EraseBytes-CrossOver-
#227	REDUCE cov: 121 ft: 418 corp: 34/7659b lim: 333 exec/s: 0 rss: 29Mb L: 147/333 MS: 4 ChangeBinInt-ChangeBit-CopyPart-EraseBytes-
#239	REDUCE cov: 121 ft: 418 corp: 34/7623b lim: 333 exec/s: 0 rss: 29Mb L: 186/333 MS: 2 CMP-EraseBytes- DE: "\001\200m\036"-
#243	REDUCE cov: 121 ft: 418 corp: 34/7613b lim: 333 exec/s: 0 rss: 29Mb L: 305/333 MS: 4 CopyPart-InsertRepeatedBytes-ChangeByte-EraseBytes-
#253	NEW    cov: 121 ft: 421 corp: 35/7829b lim: 333 exec/s: 0 rss: 29Mb L: 216/333 MS: 5 ShuffleBytes-EraseBytes-CopyPart-CMP-CrossOver- DE: "\236\360=\331+c\000\000"-
#269	NEW    cov: 121 ft: 422 corp: 36/7953b lim: 333 exec/s: 0 rss: 29Mb L: 124/333 MS: 1 EraseBytes-
#270	REDUCE cov: 121 ft: 422 corp: 36/7831b lim: 333 exec/s: 0 rss: 29Mb L: 196/333 MS: 1 EraseBytes-
#279	REDUCE cov: 121 ft: 422 corp: 36/7826b lim: 333 exec/s: 0 rss: 29Mb L: 82/333 MS: 4 PersAutoDict-PersAutoDict-ChangeByte-EraseBytes- DE: "\001\200m\036"-"ipma"-
#284	REDUCE cov: 121 ft: 422 corp: 36/7798b lim: 333 exec/s: 0 rss: 29Mb L: 119/333 MS: 5 ChangeBit-ChangeBit-CrossOver-ChangeByte-InsertRepeatedBytes-
#291	REDUCE cov: 121 ft: 422 corp: 36/7767b lim: 333 exec/s: 0 rss: 29Mb L: 302/333 MS: 2 CrossOver-EraseBytes-
#317	NEW    cov: 121 ft: 423 corp: 37/7876b lim: 333 exec/s: 0 rss: 29Mb L: 109/333 MS: 1 CopyPart-
#318	NEW    cov: 121 ft: 425 corp: 38/7917b lim: 333 exec/s: 0 rss: 29Mb L: 41/333 MS: 1 EraseBytes-
#323	REDUCE cov: 121 ft: 425 corp: 38/7901b lim: 333 exec/s: 0 rss: 29Mb L: 283/333 MS: 5 ShuffleBytes-ShuffleBytes-ChangeBinInt-PersAutoDict-EraseBytes- DE: "ipma"-
#326	REDUCE cov: 121 ft: 425 corp: 38/7859b lim: 333 exec/s: 0 rss: 29Mb L: 77/333 MS: 3 InsertByte-CMP-EraseBytes- DE: "\000\012"-
#376	REDUCE cov: 121 ft: 425 corp: 38/7724b lim: 333 exec/s: 0 rss: 29Mb L: 149/333 MS: 5 ChangeBinInt-CopyPart-ShuffleBytes-ShuffleBytes-EraseBytes-
#378	NEW    cov: 121 ft: 428 corp: 39/7772b lim: 333 exec/s: 0 rss: 29Mb L: 48/333 MS: 2 ChangeBinInt-CopyPart-
#381	NEW    cov: 121 ft: 429 corp: 40/7993b lim: 333 exec/s: 0 rss: 29Mb L: 221/333 MS: 3 ShuffleBytes-ChangeByte-InsertByte-
#383	NEW    cov: 121 ft: 430 corp: 41/8071b lim: 333 exec/s: 0 rss: 29Mb L: 78/333 MS: 2 EraseBytes-EraseBytes-
#395	NEW    cov: 121 ft: 434 corp: 42/8119b lim: 333 exec/s: 0 rss: 29Mb L: 48/333 MS: 2 ChangeBinInt-ShuffleBytes-
#412	NEW    cov: 121 ft: 446 corp: 43/8309b lim: 333 exec/s: 0 rss: 29Mb L: 190/333 MS: 2 ShuffleBytes-CMP- DE: "pixi"-
#443	REDUCE cov: 121 ft: 446 corp: 43/8199b lim: 333 exec/s: 0 rss: 29Mb L: 169/333 MS: 1 EraseBytes-
#458	REDUCE cov: 121 ft: 446 corp: 43/8196b lim: 333 exec/s: 0 rss: 29Mb L: 250/333 MS: 5 ChangeBinInt-ChangeByte-InsertRepeatedBytes-InsertByte-CrossOver-
#512	REDUCE cov: 121 ft: 446 corp: 43/8177b lim: 333 exec/s: 0 rss: 29Mb L: 124/333 MS: 4 CrossOver-CopyPart-InsertRepeatedBytes-EraseBytes-
#574	NEW    cov: 121 ft: 449 corp: 44/8234b lim: 333 exec/s: 0 rss: 29Mb L: 57/333 MS: 2 CrossOver-EraseBytes-
#604	NEW    cov: 121 ft: 450 corp: 45/8365b lim: 333 exec/s: 0 rss: 29Mb L: 131/333 MS: 5 ChangeASCIIInt-CMP-PersAutoDict-ChangeByte-InsertByte- DE: "umx\000"-"\030\000"-
#608	REDUCE cov: 121 ft: 450 corp: 45/8302b lim: 333 exec/s: 0 rss: 29Mb L: 127/333 MS: 4 ChangeBinInt-CrossOver-PersAutoDict-EraseBytes- DE: "\000\012"-
#657	NEW    cov: 121 ft: 451 corp: 46/8572b lim: 333 exec/s: 0 rss: 29Mb L: 270/333 MS: 4 InsertByte-ChangeByte-CMP-InsertRepeatedBytes- DE: "sinf"-
#683	REDUCE cov: 121 ft: 451 corp: 46/8532b lim: 333 exec/s: 0 rss: 29Mb L: 129/333 MS: 1 EraseBytes-
#701	REDUCE cov: 121 ft: 451 corp: 46/8362b lim: 333 exec/s: 0 rss: 29Mb L: 132/333 MS: 3 EraseBytes-CrossOver-CrossOver-
#725	REDUCE cov: 121 ft: 451 corp: 46/8353b lim: 333 exec/s: 0 rss: 29Mb L: 120/333 MS: 4 CrossOver-ShuffleBytes-InsertByte-EraseBytes-
#849	NEW    cov: 121 ft: 452 corp: 47/8682b lim: 333 exec/s: 0 rss: 29Mb L: 329/333 MS: 4 CopyPart-ShuffleBytes-CopyPart-CrossOver-
#915	NEW    cov: 121 ft: 460 corp: 48/8707b lim: 333 exec/s: 0 rss: 29Mb L: 25/333 MS: 1 CrossOver-
#933	REDUCE cov: 121 ft: 460 corp: 48/8622b lim: 333 exec/s: 0 rss: 29Mb L: 142/333 MS: 3 ChangeByte-InsertRepeatedBytes-CrossOver-
#948	REDUCE cov: 121 ft: 460 corp: 48/8604b lim: 333 exec/s: 0 rss: 29Mb L: 64/333 MS: 5 ShuffleBytes-ShuffleBytes-InsertByte-ChangeByte-EraseBytes-
#975	REDUCE cov: 121 ft: 466 corp: 49/8687b lim: 333 exec/s: 0 rss: 29Mb L: 83/333 MS: 2 ChangeBit-EraseBytes-
#981	REDUCE cov: 121 ft: 466 corp: 49/8678b lim: 333 exec/s: 0 rss: 29Mb L: 115/333 MS: 1 EraseBytes-
#1049	REDUCE cov: 121 ft: 466 corp: 49/8667b lim: 333 exec/s: 0 rss: 29Mb L: 46/333 MS: 3 CopyPart-ChangeByte-EraseBytes-
#1066	REDUCE cov: 121 ft: 466 corp: 49/8641b lim: 333 exec/s: 0 rss: 29Mb L: 233/333 MS: 2 CMP-EraseBytes- DE: "mA\000\214\323v\000\000"-
#1087	NEW    cov: 121 ft: 467 corp: 50/8964b lim: 333 exec/s: 0 rss: 29Mb L: 323/333 MS: 1 EraseBytes-
#1119	REDUCE cov: 121 ft: 467 corp: 50/8935b lim: 333 exec/s: 0 rss: 29Mb L: 49/333 MS: 2 InsertByte-EraseBytes-
#1155	REDUCE cov: 121 ft: 484 corp: 51/8955b lim: 333 exec/s: 0 rss: 29Mb L: 20/333 MS: 1 CrossOver-
#1200	REDUCE cov: 121 ft: 484 corp: 51/8952b lim: 333 exec/s: 0 rss: 29Mb L: 106/333 MS: 5 EraseBytes-ChangeBit-ChangeASCIIInt-ChangeBinInt-InsertRepeatedBytes-
#1281	NEW    cov: 121 ft: 485 corp: 52/8973b lim: 333 exec/s: 0 rss: 29Mb L: 21/333 MS: 1 CrossOver-
#1402	REDUCE cov: 121 ft: 485 corp: 52/8958b lim: 333 exec/s: 0 rss: 29Mb L: 268/333 MS: 1 EraseBytes-
#1416	NEW    cov: 122 ft: 486 corp: 53/8965b lim: 333 exec/s: 0 rss: 29Mb L: 7/333 MS: 4 ChangeASCIIInt-CopyPart-ShuffleBytes-CrossOver-
#1465	REDUCE cov: 122 ft: 487 corp: 54/9249b lim: 333 exec/s: 0 rss: 29Mb L: 284/333 MS: 4 ChangeBinInt-InsertRepeatedBytes-PersAutoDict-CopyPart- DE: "\030\000"-
#1485	REDUCE cov: 122 ft: 487 corp: 54/9223b lim: 333 exec/s: 0 rss: 29Mb L: 89/333 MS: 5 InsertByte-PersAutoDict-EraseBytes-PersAutoDict-InsertByte- DE: "stts"-"ipma"-
#1497	NEW    cov: 122 ft: 496 corp: 55/9232b lim: 333 exec/s: 0 rss: 29Mb L: 9/333 MS: 2 CopyPart-CrossOver-
#1657	REDUCE cov: 122 ft: 496 corp: 55/9226b lim: 333 exec/s: 0 rss: 29Mb L: 35/333 MS: 5 PersAutoDict-ChangeBinInt-EraseBytes-InsertByte-CopyPart- DE: "stts"-
#1688	REDUCE cov: 122 ft: 497 corp: 56/9459b lim: 333 exec/s: 0 rss: 29Mb L: 233/333 MS: 1 CopyPart-
#1704	REDUCE cov: 122 ft: 497 corp: 56/9453b lim: 333 exec/s: 0 rss: 29Mb L: 262/333 MS: 1 EraseBytes-
#1710	REDUCE cov: 122 ft: 497 corp: 56/9439b lim: 333 exec/s: 0 rss: 29Mb L: 202/333 MS: 1 EraseBytes-
#1765	REDUCE cov: 122 ft: 497 corp: 56/9425b lim: 333 exec/s: 0 rss: 29Mb L: 319/333 MS: 5 ChangeBit-ChangeASCIIInt-PersAutoDict-ChangeBinInt-EraseBytes- DE: "\001\000\000_"-
#1833	NEW    cov: 122 ft: 504 corp: 57/9609b lim: 333 exec/s: 0 rss: 29Mb L: 184/333 MS: 3 InsertRepeatedBytes-CMP-PersAutoDict- DE: "\007\000\000\000"-"pixi"-
#1908	REDUCE cov: 122 ft: 504 corp: 57/9603b lim: 333 exec/s: 0 rss: 29Mb L: 71/333 MS: 5 ChangeByte-ChangeBinInt-ChangeBit-PersAutoDict-CrossOver- DE: "stts"-
#1910	REDUCE cov: 122 ft: 504 corp: 57/9451b lim: 333 exec/s: 0 rss: 29Mb L: 167/333 MS: 2 ChangeByte-EraseBytes-
#1957	NEW    cov: 122 ft: 508 corp: 58/9516b lim: 333 exec/s: 0 rss: 29Mb L: 65/333 MS: 2 ChangeBit-EraseBytes-
#2072	REDUCE cov: 122 ft: 508 corp: 58/9511b lim: 333 exec/s: 0 rss: 29Mb L: 217/333 MS: 5 PersAutoDict-CrossOver-ShuffleBytes-ShuffleBytes-EraseBytes- DE: "sinf"-
#2117	NEW    cov: 122 ft: 509 corp: 59/9775b lim: 333 exec/s: 0 rss: 29Mb L: 264/333 MS: 5 CopyPart-ChangeByte-ChangeBinInt-CopyPart-InsertRepeatedBytes-
#2341	REDUCE cov: 122 ft: 509 corp: 59/9760b lim: 333 exec/s: 0 rss: 29Mb L: 313/333 MS: 4 ShuffleBytes-CMP-ChangeBinInt-EraseBytes- DE: "fiin"-
#2413	REDUCE cov: 122 ft: 509 corp: 59/9750b lim: 333 exec/s: 0 rss: 29Mb L: 79/333 MS: 2 CopyPart-EraseBytes-
#2458	REDUCE cov: 122 ft: 510 corp: 60/9761b lim: 333 exec/s: 0 rss: 29Mb L: 11/333 MS: 5 ChangeByte-ChangeBinInt-ChangeBinInt-ShuffleBytes-CrossOver-
#2498	REDUCE cov: 122 ft: 510 corp: 60/9739b lim: 333 exec/s: 0 rss: 29Mb L: 102/333 MS: 5 InsertByte-EraseBytes-ChangeByte-InsertRepeatedBytes-EraseBytes-
#2575	REDUCE cov: 122 ft: 510 corp: 60/9667b lim: 333 exec/s: 0 rss: 29Mb L: 148/333 MS: 2 InsertByte-EraseBytes-
#2631	REDUCE cov: 122 ft: 510 corp: 60/9658b lim: 333 exec/s: 0 rss: 29Mb L: 175/333 MS: 1 EraseBytes-
#2705	REDUCE cov: 122 ft: 510 corp: 60/9653b lim: 333 exec/s: 0 rss: 29Mb L: 81/333 MS: 4 InsertByte-ChangeBinInt-ShuffleBytes-EraseBytes-
#2735	NEW    cov: 122 ft: 511 corp: 61/9661b lim: 333 exec/s: 0 rss: 29Mb L: 8/333 MS: 5 CrossOver-CopyPart-CMP-EraseBytes-EraseBytes- DE: "hvcC"-
#2761	NEW    cov: 122 ft: 514 corp: 62/9990b lim: 333 exec/s: 0 rss: 29Mb L: 329/333 MS: 1 ChangeBinInt-
#3238	REDUCE cov: 122 ft: 515 corp: 63/10257b lim: 333 exec/s: 0 rss: 29Mb L: 267/333 MS: 2 CopyPart-InsertRepeatedBytes-
#3317	REDUCE cov: 122 ft: 515 corp: 63/10256b lim: 333 exec/s: 0 rss: 29Mb L: 47/333 MS: 4 CopyPart-PersAutoDict-ChangeBit-EraseBytes- DE: "stts"-
#3324	NEW    cov: 122 ft: 521 corp: 64/10489b lim: 333 exec/s: 0 rss: 29Mb L: 233/333 MS: 2 ChangeByte-ChangeBinInt-
#3335	REDUCE cov: 122 ft: 521 corp: 64/10486b lim: 333 exec/s: 0 rss: 29Mb L: 4/333 MS: 1 EraseBytes-
#3398	REDUCE cov: 122 ft: 521 corp: 64/10483b lim: 333 exec/s: 0 rss: 29Mb L: 17/333 MS: 3 InsertByte-EraseBytes-PersAutoDict- DE: "\000\012"-
#3403	REDUCE cov: 122 ft: 521 corp: 64/10472b lim: 333 exec/s: 0 rss: 29Mb L: 35/333 MS: 5 CMP-ChangeBinInt-PersAutoDict-PersAutoDict-EraseBytes- DE: "\000\000v\323\214\0032\346"-"pixi"-"\236\360=\331+c\000\000"-
#3430	REDUCE cov: 122 ft: 521 corp: 64/10464b lim: 333 exec/s: 0 rss: 29Mb L: 191/333 MS: 2 ChangeByte-EraseBytes-
#3477	REDUCE cov: 122 ft: 521 corp: 64/10415b lim: 333 exec/s: 0 rss: 29Mb L: 94/333 MS: 2 CopyPart-EraseBytes-
#3485	REDUCE cov: 122 ft: 521 corp: 64/10392b lim: 333 exec/s: 0 rss: 29Mb L: 144/333 MS: 3 InsertByte-InsertByte-EraseBytes-
#3523	REDUCE cov: 122 ft: 521 corp: 64/10380b lim: 333 exec/s: 0 rss: 29Mb L: 59/333 MS: 3 ChangeBit-ChangeByte-EraseBytes-
#3576	REDUCE cov: 122 ft: 521 corp: 64/10353b lim: 333 exec/s: 0 rss: 29Mb L: 302/333 MS: 3 CopyPart-ChangeBinInt-CrossOver-
#3642	NEW    cov: 122 ft: 522 corp: 65/10577b lim: 333 exec/s: 0 rss: 29Mb L: 224/333 MS: 1 PersAutoDict- DE: "umx\000"-
#3666	REDUCE cov: 122 ft: 522 corp: 65/10554b lim: 333 exec/s: 0 rss: 29Mb L: 303/333 MS: 4 EraseBytes-ShuffleBytes-InsertRepeatedBytes-CrossOver-
#3742	REDUCE cov: 122 ft: 522 corp: 65/10496b lim: 333 exec/s: 0 rss: 29Mb L: 74/333 MS: 1 EraseBytes-
#3782	REDUCE cov: 122 ft: 522 corp: 65/10457b lim: 333 exec/s: 0 rss: 29Mb L: 289/333 MS: 5 CrossOver-InsertRepeatedBytes-ChangeASCIIInt-InsertByte-InsertRepeatedBytes-
#3802	REDUCE cov: 122 ft: 522 corp: 65/10436b lim: 333 exec/s: 0 rss: 29Mb L: 27/333 MS: 5 InsertByte-ChangeASCIIInt-ShuffleBytes-PersAutoDict-EraseBytes- DE: "\007\000\000\000"-
#3814	REDUCE cov: 122 ft: 522 corp: 65/10435b lim: 333 exec/s: 0 rss: 29Mb L: 126/333 MS: 2 PersAutoDict-EraseBytes- DE: "mA\000\214\323v\000\000"-
#3868	NEW    cov: 122 ft: 528 corp: 66/10763b lim: 333 exec/s: 0 rss: 29Mb L: 328/333 MS: 4 ChangeByte-CrossOver-ChangeBit-PersAutoDict- DE: "stts"-
#3984	NEW    cov: 122 ft: 529 corp: 67/11043b lim: 333 exec/s: 0 rss: 29Mb L: 280/333 MS: 1 CopyPart-
#3992	REDUCE cov: 122 ft: 529 corp: 67/11000b lim: 333 exec/s: 0 rss: 29Mb L: 259/333 MS: 3 InsertRepeatedBytes-CrossOver-EraseBytes-
#4025	REDUCE cov: 122 ft: 529 corp: 67/10974b lim: 333 exec/s: 0 rss: 29Mb L: 118/333 MS: 3 PersAutoDict-PersAutoDict-EraseBytes- DE: "\000\012"-"\236\360=\331+c\000\000"-
#4142	REDUCE cov: 122 ft: 529 corp: 67/10927b lim: 333 exec/s: 0 rss: 29Mb L: 205/333 MS: 2 ChangeBinInt-EraseBytes-
#4178	REDUCE cov: 122 ft: 529 corp: 67/10926b lim: 333 exec/s: 0 rss: 29Mb L: 3/333 MS: 1 EraseBytes-
#4276	NEW    cov: 122 ft: 531 corp: 68/11210b lim: 333 exec/s: 0 rss: 29Mb L: 284/333 MS: 3 ShuffleBytes-CMP-ChangeBinInt- DE: "mdhd"-
#4282	REDUCE cov: 122 ft: 531 corp: 68/11205b lim: 333 exec/s: 0 rss: 29Mb L: 30/333 MS: 1 EraseBytes-
#4306	REDUCE cov: 122 ft: 531 corp: 68/11147b lim: 333 exec/s: 0 rss: 29Mb L: 73/333 MS: 4 CMP-EraseBytes-EraseBytes-PersAutoDict- DE: "\000\000\000\001\000\000\000\001"-"stts"-
#4445	REDUCE cov: 122 ft: 531 corp: 68/11145b lim: 333 exec/s: 0 rss: 29Mb L: 33/333 MS: 4 ChangeByte-ChangeBit-EraseBytes-PersAutoDict- DE: "\001\200m\036"-
#4567	REDUCE cov: 122 ft: 531 corp: 68/11137b lim: 333 exec/s: 0 rss: 29Mb L: 276/333 MS: 2 EraseBytes-CopyPart-
#4590	REDUCE cov: 122 ft: 531 corp: 68/11136b lim: 333 exec/s: 0 rss: 29Mb L: 2/333 MS: 3 ChangeBit-CrossOver-EraseBytes-
#4719	REDUCE cov: 122 ft: 531 corp: 68/11131b lim: 333 exec/s: 0 rss: 29Mb L: 42/333 MS: 4 EraseBytes-ChangeBit-PersAutoDict-CrossOver- DE: "\030\000"-
#4825	REDUCE cov: 122 ft: 531 corp: 68/11124b lim: 333 exec/s: 0 rss: 30Mb L: 23/333 MS: 1 EraseBytes-
#4941	REDUCE cov: 122 ft: 539 corp: 69/11419b lim: 333 exec/s: 0 rss: 30Mb L: 295/333 MS: 1 CopyPart-
#5118	REDUCE cov: 122 ft: 539 corp: 69/11398b lim: 333 exec/s: 0 rss: 30Mb L: 307/333 MS: 2 PersAutoDict-EraseBytes- DE: "\030\000"-
#5413	REDUCE cov: 122 ft: 539 corp: 69/11397b lim: 333 exec/s: 0 rss: 30Mb L: 101/333 MS: 5 ChangeASCIIInt-ChangeBinInt-ChangeBinInt-EraseBytes-CMP- DE: "\000\000c+\255\023Y\350"-
#5479	REDUCE cov: 122 ft: 539 corp: 69/11368b lim: 333 exec/s: 0 rss: 30Mb L: 52/333 MS: 1 EraseBytes-
#5749	REDUCE cov: 122 ft: 539 corp: 69/11367b lim: 333 exec/s: 0 rss: 30Mb L: 269/333 MS: 5 EraseBytes-CopyPart-InsertByte-PersAutoDict-PersAutoDict- DE: "\000\000\000\001\000\000\000\001"-"\000\000v\323\214\0032\346"-
#5930	REDUCE cov: 122 ft: 539 corp: 69/11358b lim: 333 exec/s: 0 rss: 30Mb L: 70/333 MS: 1 EraseBytes-
#6068	REDUCE cov: 122 ft: 539 corp: 69/11340b lim: 333 exec/s: 0 rss: 30Mb L: 56/333 MS: 3 ShuffleBytes-ChangeByte-EraseBytes-
#6149	REDUCE cov: 122 ft: 539 corp: 69/11318b lim: 333 exec/s: 6149 rss: 30Mb L: 37/333 MS: 5 CrossOver-ChangeByte-CopyPart-EraseBytes-EraseBytes-
#6212	REDUCE cov: 122 ft: 539 corp: 69/11312b lim: 333 exec/s: 6212 rss: 30Mb L: 58/333 MS: 3 ShuffleBytes-InsertRepeatedBytes-EraseBytes-
#6270	REDUCE cov: 122 ft: 539 corp: 69/11308b lim: 333 exec/s: 6270 rss: 30Mb L: 19/333 MS: 3 CopyPart-InsertByte-EraseBytes-
#6443	REDUCE cov: 122 ft: 539 corp: 69/11307b lim: 333 exec/s: 6443 rss: 30Mb L: 93/333 MS: 3 ChangeByte-ChangeBit-EraseBytes-
#6483	REDUCE cov: 122 ft: 539 corp: 69/11237b lim: 333 exec/s: 6483 rss: 30Mb L: 116/333 MS: 5 ChangeBinInt-CMP-ChangeBinInt-ChangeBit-EraseBytes- DE: "hvc1"-
#6584	REDUCE cov: 122 ft: 539 corp: 69/11226b lim: 333 exec/s: 6584 rss: 30Mb L: 26/333 MS: 1 EraseBytes-
#6683	REDUCE cov: 122 ft: 539 corp: 69/11134b lim: 333 exec/s: 6683 rss: 30Mb L: 231/333 MS: 4 CopyPart-ChangeBit-CopyPart-EraseBytes-
#6880	REDUCE cov: 122 ft: 539 corp: 69/11128b lim: 333 exec/s: 6880 rss: 30Mb L: 64/333 MS: 2 InsertByte-EraseBytes-
#7034	REDUCE cov: 122 ft: 539 corp: 69/11127b lim: 333 exec/s: 7034 rss: 30Mb L: 1/333 MS: 4 ShuffleBytes-ShuffleBytes-ChangeByte-EraseBytes-
#7343	NEW    cov: 122 ft: 540 corp: 70/11458b lim: 333 exec/s: 7343 rss: 30Mb L: 331/333 MS: 4 ChangeBinInt-CrossOver-ChangeByte-CopyPart-
#7534	REDUCE cov: 122 ft: 540 corp: 70/11439b lim: 333 exec/s: 7534 rss: 30Mb L: 107/333 MS: 1 EraseBytes-
==499595== ERROR: libFuzzer: out-of-memory (used: 1145Mb; limit: 1024Mb)
   To change the out-of-memory limit use -rss_limit_mb=<N>

MS: 3 ShuffleBytes-EraseBytes-PersAutoDict- DE: "hvc1"-; base unit: 2dff221a5973269df3dd533c952d007eaf9f7a93
0x0,0x0,0x0,0x1c,0x66,0x74,0x79,0x70,0x69,0x73,0x6f,0x35,0x0,0x0,0x0,0x0,0x69,0x73,0x6f,0x35,0x69,0x73,0x6f,0x36,0x6d,0x70,0x34,0x31,0x0,0x0,0x0,0x80,0x6d,0x6f,0x6f,0x76,0x0,0x0,0x0,0x78,0x68,0x76,0x63,0x31,0x6d,0x76,0x68,0x64,0x0,0x0,0x0,0x0,0x0,0x0,0x0,0x0,0x0,0x0,0x0,0x0,0x0,0x0,0x3,0xe8,0x0,0x0,0xe,0x10,0x0,0x1,0x0,0x0,0x1,0x0,0x0,0x0,0x0,0x0,0x0,0x0,0x0,0x0,0x0,0x0,0x0,0x0,0x0,0x0,0x0,0x0,0x0,0x0,0x0,0x0,0x0,0x0,0x2,0x0,0x0,0x0,0x18,0x6d,0x60,0x6f,0x66,0x0,0x0,0x10,0x0,0x6d,0x66,0x68,0x64,0x0,0x0,0x0,0x0,0x0,0x0,0x0,0x1,0x0,0x0,0x0,0x28,0x6d,0x64,0x61,0x74,0x0,0x0,0x0,0x0,0x0,0x0,0x0,0x0,0x0,0x0,0x0,0x0,0x0,0x0,0x0,0x0,0x0,0x0,0x0,0x0,0x0,0x5b,0x0,0x0,0x0,0x0,0x0,0x0,0x0,0x0,0x0,0x0,0x0,
\000\000\000\034ftypiso5\000\000\000\000iso5iso6mp41\000\000\000\200moov\000\000\000xhvc1mvhd\000\000\000\000\000\000\000\000\000\000\000\000\000\000\003\350\000\000\016\020\000\001\000\000\001\000\000\000\000\000\000\000\000\000\000\000\000\000\000\000\000\000\000\000\000\000\000\000\002\000\000\000\030m`of\000\000\020\000mfhd\000\000\000\000\000\000\000\001\000\000\000(mdat\000\000\000\000\000\000\000\000\000\000\000\000\000\000\000\000\000\000\000\000\000[\000\000\000\000\000\000\000\000\000\000\000
artifact_prefix='/results/crashes/20260313_165900_ccad2b3e_'; Test unit written to /results/crashes/20260313_165900_ccad2b3e_oom-81d0bd7c7ba49cdea316407a87ecbc8d4b3dbde7
Base64: AAAAHGZ0eXBpc281AAAAAGlzbzVpc282bXA0MQAAAIBtb292AAAAeGh2YzFtdmhkAAAAAAAAAAAAAAAAAAAD6AAADhAAAQAAAQAAAAAAAAAAAAAAAAAAAAAAAAAAAAAAAgAAABhtYG9mAAAQAG1maGQAAAAAAAAAAQAAAChtZGF0AAAAAAAAAAAAAAAAAAAAAAAAAAAAWwAAAAAAAAAAAAAA
SUMMARY: libFuzzer: out-of-memory
stat::number_of_executed_units: 7697
stat::average_exec_per_sec:     3848
stat::new_units_added:          146
stat::slowest_unit_time_sec:    0
stat::peak_rss_mb:              1146
