INFO: Running with entropic power schedule (0xFF, 100).
INFO: Seed: 3288139937
INFO: Loaded 1 modules   (252 inline 8-bit counters): 252 [0x62c9358e4678, 0x62c9358e4774), 
INFO: Loaded 1 PC tables (252 PCs): 252 [0x62c9358e4778,0x62c9358e5738), 
INFO:        4 files found in /tmp/corpus_20260313_184519_003ab821
INFO: seed corpus: files: 4 min: 48b max: 333b total: 853b rss: 28Mb
#5	INITED cov: 118 ft: 252 corp: 4/853b exec/s: 0 rss: 29Mb
#7	NEW    cov: 119 ft: 260 corp: 5/1135b lim: 333 exec/s: 0 rss: 29Mb L: 282/333 MS: 2 ChangeByte-CopyPart-
#8	NEW    cov: 119 ft: 267 corp: 6/1280b lim: 333 exec/s: 0 rss: 29Mb L: 145/333 MS: 1 EraseBytes-
#9	NEW    cov: 119 ft: 278 corp: 7/1328b lim: 333 exec/s: 0 rss: 29Mb L: 48/333 MS: 1 CMP- DE: "tli+"-
#10	NEW    cov: 119 ft: 279 corp: 8/1548b lim: 333 exec/s: 0 rss: 29Mb L: 220/333 MS: 1 PersAutoDict- DE: "tli+"-
#11	NEW    cov: 120 ft: 299 corp: 9/1876b lim: 333 exec/s: 0 rss: 29Mb L: 328/333 MS: 1 InsertRepeatedBytes-
#12	NEW    cov: 120 ft: 300 corp: 10/2097b lim: 333 exec/s: 0 rss: 29Mb L: 221/333 MS: 1 InsertByte-
#13	NEW    cov: 120 ft: 301 corp: 11/2321b lim: 333 exec/s: 0 rss: 29Mb L: 224/333 MS: 1 InsertRepeatedBytes-
#15	NEW    cov: 120 ft: 302 corp: 12/2370b lim: 333 exec/s: 0 rss: 29Mb L: 49/333 MS: 2 ChangeByte-InsertByte-
#20	NEW    cov: 120 ft: 304 corp: 13/2698b lim: 333 exec/s: 0 rss: 29Mb L: 328/333 MS: 5 CMP-ChangeBit-EraseBytes-CopyPart-CopyPart- DE: "\001\000\000 "-
#24	NEW    cov: 120 ft: 305 corp: 14/3017b lim: 333 exec/s: 0 rss: 29Mb L: 319/333 MS: 4 EraseBytes-InsertByte-ChangeBit-InsertRepeatedBytes-
#25	NEW    cov: 120 ft: 306 corp: 15/3227b lim: 333 exec/s: 0 rss: 29Mb L: 210/333 MS: 1 CrossOver-
#32	NEW    cov: 120 ft: 322 corp: 16/3315b lim: 333 exec/s: 0 rss: 29Mb L: 88/333 MS: 2 ChangeBinInt-CrossOver-
#46	NEW    cov: 120 ft: 323 corp: 17/3537b lim: 333 exec/s: 0 rss: 29Mb L: 222/333 MS: 4 CrossOver-InsertByte-ChangeByte-CopyPart-
#57	NEW    cov: 120 ft: 324 corp: 18/3625b lim: 333 exec/s: 0 rss: 29Mb L: 88/333 MS: 1 CrossOver-
#59	NEW    cov: 120 ft: 338 corp: 19/3674b lim: 333 exec/s: 0 rss: 29Mb L: 49/333 MS: 2 EraseBytes-InsertByte-
#66	NEW    cov: 120 ft: 339 corp: 20/3971b lim: 333 exec/s: 0 rss: 29Mb L: 297/333 MS: 2 CopyPart-CrossOver-
#69	NEW    cov: 121 ft: 341 corp: 21/4297b lim: 333 exec/s: 0 rss: 29Mb L: 326/333 MS: 3 ChangeBit-CrossOver-CopyPart-
#71	NEW    cov: 121 ft: 342 corp: 22/4626b lim: 333 exec/s: 0 rss: 29Mb L: 329/333 MS: 2 ChangeBit-CrossOver-
#73	NEW    cov: 121 ft: 343 corp: 23/4953b lim: 333 exec/s: 0 rss: 29Mb L: 327/333 MS: 2 CopyPart-PersAutoDict- DE: "tli+"-
#79	NEW    cov: 121 ft: 345 corp: 24/5174b lim: 333 exec/s: 0 rss: 29Mb L: 221/333 MS: 1 InsertByte-
#90	NEW    cov: 121 ft: 357 corp: 25/5212b lim: 333 exec/s: 0 rss: 29Mb L: 38/333 MS: 1 EraseBytes-
#94	NEW    cov: 121 ft: 358 corp: 26/5250b lim: 333 exec/s: 0 rss: 29Mb L: 38/333 MS: 4 ChangeASCIIInt-ShuffleBytes-ChangeBit-PersAutoDict- DE: "\001\000\000 "-
#107	NEW    cov: 121 ft: 359 corp: 27/5346b lim: 333 exec/s: 0 rss: 29Mb L: 96/333 MS: 3 ShuffleBytes-PersAutoDict-PersAutoDict- DE: "tli+"-"\001\000\000 "-
#120	NEW    cov: 121 ft: 360 corp: 28/5402b lim: 333 exec/s: 0 rss: 29Mb L: 56/333 MS: 3 PersAutoDict-EraseBytes-PersAutoDict- DE: "tli+"-"\001\000\000 "-
#121	REDUCE cov: 121 ft: 360 corp: 28/5397b lim: 333 exec/s: 0 rss: 29Mb L: 33/333 MS: 1 EraseBytes-
#137	NEW    cov: 121 ft: 371 corp: 29/5617b lim: 333 exec/s: 0 rss: 29Mb L: 220/333 MS: 1 ShuffleBytes-
#144	NEW    cov: 121 ft: 372 corp: 30/5740b lim: 333 exec/s: 0 rss: 29Mb L: 123/333 MS: 2 ChangeASCIIInt-EraseBytes-
#150	NEW    cov: 121 ft: 373 corp: 31/6068b lim: 333 exec/s: 0 rss: 29Mb L: 328/333 MS: 1 InsertByte-
#151	NEW    cov: 121 ft: 377 corp: 32/6248b lim: 333 exec/s: 0 rss: 29Mb L: 180/333 MS: 1 EraseBytes-
#159	NEW    cov: 121 ft: 378 corp: 33/6360b lim: 333 exec/s: 0 rss: 29Mb L: 112/333 MS: 3 InsertRepeatedBytes-CMP-EraseBytes- DE: "\377\377u\222\234\000%e"-
#162	NEW    cov: 122 ft: 379 corp: 34/6687b lim: 333 exec/s: 0 rss: 29Mb L: 327/333 MS: 3 ChangeBinInt-ChangeBinInt-InsertByte-
#168	NEW    cov: 122 ft: 380 corp: 35/6729b lim: 333 exec/s: 0 rss: 29Mb L: 42/333 MS: 1 CMP- DE: "strk"-
#198	NEW    cov: 122 ft: 381 corp: 36/6860b lim: 333 exec/s: 0 rss: 29Mb L: 131/333 MS: 5 ChangeByte-PersAutoDict-ChangeByte-ShuffleBytes-EraseBytes- DE: "tli+"-
#204	NEW    cov: 122 ft: 407 corp: 37/7014b lim: 333 exec/s: 0 rss: 29Mb L: 154/333 MS: 1 EraseBytes-
#215	NEW    cov: 122 ft: 408 corp: 38/7134b lim: 333 exec/s: 0 rss: 29Mb L: 120/333 MS: 1 CMP- DE: "\016\000\000\000\000\000\000\000"-
#219	NEW    cov: 122 ft: 409 corp: 39/7182b lim: 333 exec/s: 0 rss: 29Mb L: 48/333 MS: 4 ChangeBit-ChangeBinInt-ChangeBinInt-EraseBytes-
#230	NEW    cov: 123 ft: 410 corp: 40/7184b lim: 333 exec/s: 0 rss: 29Mb L: 2/333 MS: 1 CrossOver-
#256	NEW    cov: 123 ft: 420 corp: 41/7208b lim: 333 exec/s: 0 rss: 29Mb L: 24/333 MS: 1 InsertRepeatedBytes-
#267	NEW    cov: 123 ft: 422 corp: 42/7536b lim: 333 exec/s: 0 rss: 29Mb L: 328/333 MS: 1 ChangeBinInt-
#269	NEW    cov: 123 ft: 426 corp: 43/7567b lim: 333 exec/s: 0 rss: 29Mb L: 31/333 MS: 2 CrossOver-EraseBytes-
#276	NEW    cov: 123 ft: 427 corp: 44/7791b lim: 333 exec/s: 0 rss: 29Mb L: 224/333 MS: 2 PersAutoDict-ChangeByte- DE: "\001\000\000 "-
#393	NEW    cov: 123 ft: 428 corp: 45/8123b lim: 333 exec/s: 0 rss: 29Mb L: 332/333 MS: 2 CMP-InsertRepeatedBytes- DE: " \000\000\000"-
#454	REDUCE cov: 123 ft: 428 corp: 45/8043b lim: 333 exec/s: 0 rss: 29Mb L: 249/333 MS: 1 EraseBytes-
#524	NEW    cov: 123 ft: 436 corp: 46/8363b lim: 333 exec/s: 0 rss: 29Mb L: 320/333 MS: 5 CMP-InsertRepeatedBytes-ShuffleBytes-InsertRepeatedBytes-CrossOver- DE: "\200\377\377\377\377\377\377\377"-
#530	REDUCE cov: 123 ft: 436 corp: 46/8350b lim: 333 exec/s: 0 rss: 29Mb L: 269/333 MS: 1 EraseBytes-
#621	NEW    cov: 123 ft: 438 corp: 47/8382b lim: 333 exec/s: 0 rss: 29Mb L: 32/333 MS: 1 EraseBytes-
#658	NEW    cov: 123 ft: 440 corp: 48/8483b lim: 333 exec/s: 0 rss: 29Mb L: 101/333 MS: 2 InsertRepeatedBytes-ChangeByte-
#676	NEW    cov: 123 ft: 461 corp: 49/8504b lim: 333 exec/s: 0 rss: 29Mb L: 21/333 MS: 3 ChangeBinInt-EraseBytes-EraseBytes-
#713	REDUCE cov: 123 ft: 462 corp: 50/8774b lim: 333 exec/s: 0 rss: 29Mb L: 270/333 MS: 2 InsertByte-ChangeBinInt-
#777	REDUCE cov: 123 ft: 462 corp: 50/8768b lim: 333 exec/s: 0 rss: 29Mb L: 50/333 MS: 4 EraseBytes-CopyPart-ShuffleBytes-EraseBytes-
#820	NEW    cov: 123 ft: 472 corp: 51/8776b lim: 333 exec/s: 0 rss: 29Mb L: 8/333 MS: 3 InsertByte-CMP-InsertByte- DE: "cdsc"-
#989	REDUCE cov: 123 ft: 472 corp: 51/8743b lim: 333 exec/s: 0 rss: 29Mb L: 90/333 MS: 4 InsertRepeatedBytes-ChangeByte-EraseBytes-EraseBytes-
#990	NEW    cov: 123 ft: 473 corp: 52/8752b lim: 333 exec/s: 0 rss: 29Mb L: 9/333 MS: 1 InsertByte-
#994	REDUCE cov: 123 ft: 473 corp: 52/8750b lim: 333 exec/s: 0 rss: 29Mb L: 36/333 MS: 4 InsertByte-ShuffleBytes-EraseBytes-PersAutoDict- DE: "\016\000\000\000\000\000\000\000"-
#996	NEW    cov: 123 ft: 474 corp: 53/9078b lim: 333 exec/s: 0 rss: 29Mb L: 328/333 MS: 2 ChangeBit-ChangeBit-
#1090	REDUCE cov: 123 ft: 474 corp: 53/9077b lim: 333 exec/s: 0 rss: 29Mb L: 1/333 MS: 4 ChangeBit-ShuffleBytes-ShuffleBytes-EraseBytes-
#1091	REDUCE cov: 123 ft: 474 corp: 53/9075b lim: 333 exec/s: 0 rss: 29Mb L: 29/333 MS: 1 EraseBytes-
#1102	REDUCE cov: 123 ft: 474 corp: 53/9072b lim: 333 exec/s: 0 rss: 29Mb L: 93/333 MS: 1 CrossOver-
#1178	REDUCE cov: 123 ft: 474 corp: 53/9064b lim: 333 exec/s: 0 rss: 29Mb L: 262/333 MS: 1 EraseBytes-
#1250	REDUCE cov: 123 ft: 474 corp: 53/9048b lim: 333 exec/s: 0 rss: 29Mb L: 138/333 MS: 2 CMP-EraseBytes- DE: "\020\353\000\234\222v\000\000"-
#1427	REDUCE cov: 123 ft: 474 corp: 53/9009b lim: 333 exec/s: 0 rss: 29Mb L: 99/333 MS: 2 PersAutoDict-EraseBytes- DE: "\001\000\000 "-
#1553	REDUCE cov: 123 ft: 474 corp: 53/8995b lim: 333 exec/s: 0 rss: 29Mb L: 18/333 MS: 1 EraseBytes-
#1585	REDUCE cov: 123 ft: 474 corp: 53/8987b lim: 333 exec/s: 0 rss: 29Mb L: 80/333 MS: 2 CrossOver-CopyPart-
#1677	REDUCE cov: 123 ft: 474 corp: 53/8942b lim: 333 exec/s: 0 rss: 29Mb L: 179/333 MS: 2 ChangeBit-EraseBytes-
#1747	REDUCE cov: 123 ft: 474 corp: 53/8937b lim: 333 exec/s: 0 rss: 29Mb L: 115/333 MS: 5 CMP-EraseBytes-ChangeByte-InsertByte-ShuffleBytes- DE: "stbl"-
#1763	NEW    cov: 123 ft: 475 corp: 54/8949b lim: 333 exec/s: 0 rss: 29Mb L: 12/333 MS: 1 EraseBytes-
#1820	REDUCE cov: 123 ft: 475 corp: 54/8941b lim: 333 exec/s: 0 rss: 29Mb L: 93/333 MS: 2 ChangeBinInt-EraseBytes-
#1851	NEW    cov: 123 ft: 481 corp: 55/9161b lim: 333 exec/s: 0 rss: 29Mb L: 220/333 MS: 1 ChangeBinInt-
#1881	NEW    cov: 123 ft: 489 corp: 56/9185b lim: 333 exec/s: 0 rss: 29Mb L: 24/333 MS: 5 CMP-ShuffleBytes-CrossOver-InsertByte-EraseBytes- DE: "\001\000v\222\234\002#\000"-
#1908	NEW    cov: 123 ft: 490 corp: 57/9449b lim: 333 exec/s: 0 rss: 29Mb L: 264/333 MS: 2 CrossOver-EraseBytes-
#2189	NEW    cov: 123 ft: 491 corp: 58/9774b lim: 333 exec/s: 0 rss: 29Mb L: 325/333 MS: 1 InsertRepeatedBytes-
#2208	NEW    cov: 123 ft: 492 corp: 59/10105b lim: 333 exec/s: 0 rss: 29Mb L: 331/333 MS: 4 ChangeBinInt-PersAutoDict-ShuffleBytes-CopyPart- DE: "cdsc"-
#2374	REDUCE cov: 123 ft: 492 corp: 59/10097b lim: 333 exec/s: 0 rss: 29Mb L: 16/333 MS: 1 EraseBytes-
#2380	REDUCE cov: 123 ft: 492 corp: 59/10049b lim: 333 exec/s: 0 rss: 29Mb L: 277/333 MS: 1 EraseBytes-
#2384	REDUCE cov: 123 ft: 492 corp: 59/10045b lim: 333 exec/s: 0 rss: 29Mb L: 29/333 MS: 4 ChangeBit-PersAutoDict-EraseBytes-ShuffleBytes- DE: "\016\000\000\000\000\000\000\000"-
#2416	NEW    cov: 123 ft: 498 corp: 60/10377b lim: 333 exec/s: 0 rss: 29Mb L: 332/333 MS: 2 ChangeBit-ChangeBinInt-
#2464	REDUCE cov: 123 ft: 498 corp: 60/10309b lim: 333 exec/s: 0 rss: 29Mb L: 259/333 MS: 3 CrossOver-CrossOver-EraseBytes-
#2468	REDUCE cov: 123 ft: 498 corp: 60/10269b lim: 333 exec/s: 0 rss: 29Mb L: 139/333 MS: 4 ChangeByte-CrossOver-ChangeBinInt-EraseBytes-
#2717	REDUCE cov: 123 ft: 498 corp: 60/10225b lim: 333 exec/s: 0 rss: 29Mb L: 284/333 MS: 4 ChangeByte-ShuffleBytes-InsertByte-EraseBytes-
#2780	REDUCE cov: 123 ft: 498 corp: 60/10197b lim: 333 exec/s: 0 rss: 29Mb L: 20/333 MS: 3 ShuffleBytes-CMP-CrossOver- DE: "\016\000\000\000\000\000\000\000"-
#2877	NEW    cov: 123 ft: 510 corp: 61/10466b lim: 333 exec/s: 0 rss: 29Mb L: 269/333 MS: 2 CopyPart-CrossOver-
#2945	REDUCE cov: 123 ft: 510 corp: 61/10450b lim: 333 exec/s: 0 rss: 29Mb L: 310/333 MS: 3 PersAutoDict-ChangeBit-EraseBytes- DE: "tli+"-
#2957	REDUCE cov: 123 ft: 510 corp: 61/10437b lim: 333 exec/s: 0 rss: 29Mb L: 67/333 MS: 2 CopyPart-EraseBytes-
#3079	REDUCE cov: 123 ft: 510 corp: 61/10434b lim: 333 exec/s: 0 rss: 29Mb L: 329/333 MS: 2 EraseBytes-InsertRepeatedBytes-
#3366	REDUCE cov: 123 ft: 510 corp: 61/10412b lim: 333 exec/s: 0 rss: 29Mb L: 45/333 MS: 2 PersAutoDict-EraseBytes- DE: "strk"-
#3424	REDUCE cov: 123 ft: 510 corp: 61/10395b lim: 333 exec/s: 0 rss: 29Mb L: 311/333 MS: 3 CopyPart-ChangeByte-EraseBytes-
#3628	REDUCE cov: 123 ft: 510 corp: 61/10391b lim: 333 exec/s: 0 rss: 29Mb L: 16/333 MS: 4 ChangeBit-CrossOver-ChangeASCIIInt-EraseBytes-
#3640	NEW    cov: 123 ft: 511 corp: 62/10407b lim: 333 exec/s: 0 rss: 29Mb L: 16/333 MS: 2 ChangeByte-CMP- DE: "mdat"-
==824710== ERROR: libFuzzer: out-of-memory (used: 2147Mb; limit: 1024Mb)
   To change the out-of-memory limit use -rss_limit_mb=<N>

MS: 4 EraseBytes-PersAutoDict-ChangeBit-EraseBytes- DE: "\001\000v\222\234\002#\000"-; base unit: 896fc109a947a3a0b1f1eb9b520e1164045d6e70
0x0,0x0,0x0,0x1c,0x66,0x74,0x79,0x70,0x4d,0x76,0x92,0x9c,0x2,0x23,0x0,0x0,0xe0,0x6d,0x6f,0x6f,0x76,0x0,0x0,0x60,0x75,0x64,0x74,0x61,0x0,0x0,0x0,0x58,0x6d,0x65,0x74,0x61,0x0,0x0,0x0,0x0,0x0,0x0,0x0,0x21,0x68,0x64,0x6c,0x72,0x0,0x0,0x0,0x0,0x0,0x0,0x0,0x0,0x6d,0x64,0x69,0x72,0x61,0x70,0x70,0x6c,0x0,0x0,0x0,0x0,0x0,0x0,0x0,0x0,0x0,0x0,0x0,0x0,0x2b,0x69,0x6c,0x73,0x74,0x0,0x0,0x0,0x22,0xc2,0xa9,0x6e,0x61,0x6d,0x0,0x0,0x0,0x1a,0x64,0x61,0x74,0x61,0x0,0x0,0x0,0x1,0x0,0x0,0x0,0x0,0x54,0x65,0x73,0x75,0x20,0x56,0x69,0x64,0x65,0x6f,
\000\000\000\034ftypMv\222\234\002#\000\000\340moov\000\000`udta\000\000\000Xmeta\000\000\000\000\000\000\000!hdlr\000\000\000\000\000\000\000\000mdirappl\000\000\000\000\000\000\000\000\000\000\000\000+ilst\000\000\000\"\302\251nam\000\000\000\032data\000\000\000\001\000\000\000\000Tesu Video
artifact_prefix='/results/crashes/20260313_184519_003ab821_'; Test unit written to /results/crashes/20260313_184519_003ab821_oom-0168184b02c768d8de53d8b98099ea9a2e9fbca1
Base64: AAAAHGZ0eXBNdpKcAiMAAOBtb292AABgdWR0YQAAAFhtZXRhAAAAAAAAACFoZGxyAAAAAAAAAABtZGlyYXBwbAAAAAAAAAAAAAAAACtpbHN0AAAAIsKpbmFtAAAAGmRhdGEAAAABAAAAAFRlc3UgVmlkZW8=
SUMMARY: libFuzzer: out-of-memory
stat::number_of_executed_units: 3794
stat::average_exec_per_sec:     1897
stat::new_units_added:          88
stat::slowest_unit_time_sec:    0
stat::peak_rss_mb:              2148
