INFO: Running with entropic power schedule (0xFF, 100).
INFO: Seed: 2149633620
INFO: Loaded 1 modules   (252 inline 8-bit counters): 252 [0x63b1a5ef5678, 0x63b1a5ef5774), 
INFO: Loaded 1 PC tables (252 PCs): 252 [0x63b1a5ef5778,0x63b1a5ef6738), 
INFO:        4 files found in /tmp/corpus_20260313_175458_a9dd5b6f
INFO: seed corpus: files: 4 min: 48b max: 333b total: 853b rss: 28Mb
#5	INITED cov: 117 ft: 250 corp: 4/853b exec/s: 0 rss: 29Mb
#6	NEW    cov: 117 ft: 258 corp: 5/902b lim: 333 exec/s: 0 rss: 29Mb L: 49/333 MS: 1 InsertByte-
#8	NEW    cov: 117 ft: 268 corp: 6/950b lim: 333 exec/s: 0 rss: 29Mb L: 48/333 MS: 2 ChangeBinInt-CrossOver-
#9	NEW    cov: 118 ft: 279 corp: 7/1171b lim: 333 exec/s: 0 rss: 29Mb L: 221/333 MS: 1 InsertByte-
#10	NEW    cov: 119 ft: 281 corp: 8/1504b lim: 333 exec/s: 0 rss: 29Mb L: 333/333 MS: 1 ChangeBit-
#12	NEW    cov: 120 ft: 284 corp: 9/1739b lim: 333 exec/s: 0 rss: 29Mb L: 235/333 MS: 2 ShuffleBytes-EraseBytes-
#13	NEW    cov: 120 ft: 290 corp: 10/1959b lim: 333 exec/s: 0 rss: 29Mb L: 220/333 MS: 1 ChangeBinInt-
#14	NEW    cov: 120 ft: 300 corp: 11/2170b lim: 333 exec/s: 0 rss: 29Mb L: 211/333 MS: 1 EraseBytes-
#18	NEW    cov: 121 ft: 305 corp: 12/2437b lim: 333 exec/s: 0 rss: 29Mb L: 267/333 MS: 4 InsertByte-ChangeBinInt-CrossOver-InsertRepeatedBytes-
#21	NEW    cov: 121 ft: 309 corp: 13/2490b lim: 333 exec/s: 0 rss: 29Mb L: 53/333 MS: 3 InsertByte-EraseBytes-CMP- DE: "\237Jx\306\261c\000\000"-
#28	NEW    cov: 121 ft: 342 corp: 14/2546b lim: 333 exec/s: 0 rss: 29Mb L: 56/333 MS: 2 CMP-ChangeByte- DE: "\377\377\377\377\377\377\377\023"-
#29	NEW    cov: 121 ft: 343 corp: 15/2814b lim: 333 exec/s: 0 rss: 29Mb L: 268/333 MS: 1 InsertRepeatedBytes-
#33	NEW    cov: 121 ft: 352 corp: 16/2879b lim: 333 exec/s: 0 rss: 29Mb L: 65/333 MS: 4 PersAutoDict-PersAutoDict-CopyPart-PersAutoDict- DE: "\237Jx\306\261c\000\000"-"\237Jx\306\261c\000\000"-"\377\377\377\377\377\377\377\023"-
#34	NEW    cov: 121 ft: 353 corp: 17/2935b lim: 333 exec/s: 0 rss: 29Mb L: 56/333 MS: 1 ShuffleBytes-
#36	NEW    cov: 121 ft: 354 corp: 18/3203b lim: 333 exec/s: 0 rss: 29Mb L: 268/333 MS: 2 ChangeByte-CopyPart-
#39	NEW    cov: 121 ft: 370 corp: 19/3356b lim: 333 exec/s: 0 rss: 29Mb L: 153/333 MS: 3 ChangeBinInt-ChangeBinInt-InsertRepeatedBytes-
#41	NEW    cov: 121 ft: 371 corp: 20/3608b lim: 333 exec/s: 0 rss: 29Mb L: 252/333 MS: 2 ChangeByte-ChangeBinInt-
#46	NEW    cov: 121 ft: 372 corp: 21/3883b lim: 333 exec/s: 0 rss: 29Mb L: 275/333 MS: 5 InsertByte-CrossOver-PersAutoDict-PersAutoDict-EraseBytes- DE: "\377\377\377\377\377\377\377\023"-"\377\377\377\377\377\377\377\023"-
#52	NEW    cov: 121 ft: 377 corp: 22/4201b lim: 333 exec/s: 0 rss: 29Mb L: 318/333 MS: 1 InsertRepeatedBytes-
#53	REDUCE cov: 121 ft: 377 corp: 22/4198b lim: 333 exec/s: 0 rss: 29Mb L: 150/333 MS: 1 EraseBytes-
#55	REDUCE cov: 121 ft: 377 corp: 22/4179b lim: 333 exec/s: 0 rss: 29Mb L: 249/333 MS: 2 ShuffleBytes-EraseBytes-
#61	NEW    cov: 121 ft: 383 corp: 23/4413b lim: 333 exec/s: 0 rss: 29Mb L: 234/333 MS: 1 InsertRepeatedBytes-
#62	NEW    cov: 121 ft: 384 corp: 24/4635b lim: 333 exec/s: 0 rss: 29Mb L: 222/333 MS: 1 InsertByte-
#65	REDUCE cov: 121 ft: 391 corp: 25/4780b lim: 333 exec/s: 0 rss: 29Mb L: 145/333 MS: 3 EraseBytes-InsertByte-CrossOver-
#69	REDUCE cov: 122 ft: 392 corp: 26/5075b lim: 333 exec/s: 0 rss: 29Mb L: 295/333 MS: 4 ShuffleBytes-ChangeByte-CopyPart-InsertRepeatedBytes-
#75	NEW    cov: 122 ft: 393 corp: 27/5132b lim: 333 exec/s: 0 rss: 29Mb L: 57/333 MS: 1 InsertByte-
#87	NEW    cov: 122 ft: 395 corp: 28/5430b lim: 333 exec/s: 0 rss: 29Mb L: 298/333 MS: 2 ChangeBit-CrossOver-
#99	REDUCE cov: 122 ft: 395 corp: 28/5429b lim: 333 exec/s: 0 rss: 29Mb L: 234/333 MS: 2 InsertRepeatedBytes-CrossOver-
#114	NEW    cov: 122 ft: 397 corp: 29/5684b lim: 333 exec/s: 0 rss: 29Mb L: 255/333 MS: 5 ShuffleBytes-CrossOver-ChangeBinInt-InsertByte-CopyPart-
#117	NEW    cov: 122 ft: 399 corp: 30/5961b lim: 333 exec/s: 0 rss: 29Mb L: 277/333 MS: 3 EraseBytes-ChangeBit-CrossOver-
#122	NEW    cov: 122 ft: 400 corp: 31/6026b lim: 333 exec/s: 0 rss: 29Mb L: 65/333 MS: 5 ChangeByte-InsertByte-ChangeByte-ChangeByte-PersAutoDict- DE: "\377\377\377\377\377\377\377\023"-
#123	NEW    cov: 122 ft: 402 corp: 32/6075b lim: 333 exec/s: 0 rss: 29Mb L: 49/333 MS: 1 InsertByte-
#147	NEW    cov: 122 ft: 406 corp: 33/6395b lim: 333 exec/s: 0 rss: 29Mb L: 320/333 MS: 4 ChangeByte-CrossOver-CopyPart-ShuffleBytes-
#151	REDUCE cov: 122 ft: 406 corp: 33/6391b lim: 333 exec/s: 0 rss: 29Mb L: 52/333 MS: 4 ChangeByte-CrossOver-ChangeByte-EraseBytes-
#207	REDUCE cov: 122 ft: 408 corp: 34/6625b lim: 333 exec/s: 0 rss: 29Mb L: 234/333 MS: 1 CopyPart-
#212	NEW    cov: 122 ft: 420 corp: 35/6643b lim: 333 exec/s: 0 rss: 29Mb L: 18/333 MS: 5 ShuffleBytes-CopyPart-ChangeByte-InsertRepeatedBytes-CrossOver-
#292	REDUCE cov: 122 ft: 420 corp: 35/6636b lim: 333 exec/s: 0 rss: 29Mb L: 138/333 MS: 5 ChangeASCIIInt-CMP-ChangeBit-PersAutoDict-EraseBytes- DE: "\334\233\314\245\261c\000\000"-"\377\377\377\377\377\377\377\023"-
#295	NEW    cov: 122 ft: 436 corp: 36/6651b lim: 333 exec/s: 0 rss: 29Mb L: 15/333 MS: 3 CMP-ShuffleBytes-EraseBytes- DE: "St13runtime_"-
#297	NEW    cov: 122 ft: 442 corp: 37/6780b lim: 333 exec/s: 0 rss: 29Mb L: 129/333 MS: 2 CopyPart-CrossOver-
#312	NEW    cov: 122 ft: 443 corp: 38/6929b lim: 333 exec/s: 0 rss: 29Mb L: 149/333 MS: 5 ChangeBinInt-CMP-EraseBytes-InsertByte-CMP- DE: "\226\000\000\000"-"hvc1"-
#359	NEW    cov: 122 ft: 444 corp: 39/7003b lim: 333 exec/s: 0 rss: 29Mb L: 74/333 MS: 2 InsertByte-PersAutoDict- DE: "\377\377\377\377\377\377\377\023"-
#371	NEW    cov: 122 ft: 450 corp: 40/7321b lim: 333 exec/s: 0 rss: 29Mb L: 318/333 MS: 2 ChangeBit-ChangeByte-
#410	NEW    cov: 123 ft: 457 corp: 41/7649b lim: 333 exec/s: 0 rss: 29Mb L: 328/333 MS: 4 EraseBytes-InsertRepeatedBytes-CopyPart-InsertRepeatedBytes-
#431	REDUCE cov: 123 ft: 457 corp: 41/7641b lim: 333 exec/s: 0 rss: 29Mb L: 269/333 MS: 1 EraseBytes-
#437	NEW    cov: 123 ft: 466 corp: 42/7667b lim: 333 exec/s: 0 rss: 29Mb L: 26/333 MS: 1 CMP- DE: "\377\377\377\377\377\377\377e"-
#438	NEW    cov: 123 ft: 467 corp: 43/7963b lim: 333 exec/s: 0 rss: 29Mb L: 296/333 MS: 1 InsertByte-
#447	NEW    cov: 123 ft: 475 corp: 44/8296b lim: 333 exec/s: 0 rss: 29Mb L: 333/333 MS: 4 PersAutoDict-ChangeASCIIInt-InsertRepeatedBytes-InsertRepeatedBytes- DE: "\226\000\000\000"-
#470	NEW    cov: 123 ft: 477 corp: 45/8325b lim: 333 exec/s: 0 rss: 29Mb L: 29/333 MS: 3 ChangeBinInt-EraseBytes-EraseBytes-
#472	REDUCE cov: 123 ft: 477 corp: 45/8214b lim: 333 exec/s: 0 rss: 29Mb L: 123/333 MS: 2 CrossOver-EraseBytes-
#582	REDUCE cov: 123 ft: 478 corp: 46/8248b lim: 333 exec/s: 0 rss: 29Mb L: 34/333 MS: 5 ChangeBit-ChangeBinInt-CopyPart-EraseBytes-InsertByte-
#622	REDUCE cov: 123 ft: 480 corp: 47/8376b lim: 333 exec/s: 0 rss: 29Mb L: 128/333 MS: 5 ChangeByte-ChangeByte-ChangeBinInt-InsertByte-PersAutoDict- DE: "hvc1"-
#659	NEW    cov: 123 ft: 481 corp: 48/8429b lim: 333 exec/s: 0 rss: 29Mb L: 53/333 MS: 2 InsertRepeatedBytes-EraseBytes-
#672	REDUCE cov: 123 ft: 481 corp: 48/8395b lim: 333 exec/s: 0 rss: 29Mb L: 221/333 MS: 3 ChangeBinInt-ShuffleBytes-EraseBytes-
#683	NEW    cov: 123 ft: 482 corp: 49/8728b lim: 333 exec/s: 0 rss: 29Mb L: 333/333 MS: 1 ChangeBit-
#714	NEW    cov: 123 ft: 484 corp: 50/8885b lim: 333 exec/s: 0 rss: 29Mb L: 157/333 MS: 1 InsertRepeatedBytes-
#715	REDUCE cov: 123 ft: 484 corp: 50/8818b lim: 333 exec/s: 0 rss: 29Mb L: 251/333 MS: 1 EraseBytes-
#716	NEW    cov: 123 ft: 489 corp: 51/9038b lim: 333 exec/s: 0 rss: 29Mb L: 220/333 MS: 1 ChangeBit-
#968	REDUCE cov: 123 ft: 489 corp: 51/9037b lim: 333 exec/s: 0 rss: 29Mb L: 128/333 MS: 2 ChangeBit-EraseBytes-
#979	REDUCE cov: 123 ft: 489 corp: 51/9021b lim: 333 exec/s: 0 rss: 29Mb L: 205/333 MS: 1 EraseBytes-
#991	NEW    cov: 123 ft: 490 corp: 52/9243b lim: 333 exec/s: 0 rss: 29Mb L: 222/333 MS: 2 ChangeBinInt-CMP- DE: "\000 "-
#1000	NEW    cov: 123 ft: 491 corp: 53/9501b lim: 333 exec/s: 0 rss: 29Mb L: 258/333 MS: 4 CopyPart-ShuffleBytes-ShuffleBytes-CrossOver-
#1003	NEW    cov: 123 ft: 492 corp: 54/9541b lim: 333 exec/s: 0 rss: 29Mb L: 40/333 MS: 3 ShuffleBytes-EraseBytes-CopyPart-
#1024	REDUCE cov: 123 ft: 492 corp: 54/9537b lim: 333 exec/s: 0 rss: 29Mb L: 245/333 MS: 1 EraseBytes-
#1055	REDUCE cov: 123 ft: 492 corp: 54/9476b lim: 333 exec/s: 0 rss: 29Mb L: 272/333 MS: 1 EraseBytes-
#1096	NEW    cov: 123 ft: 493 corp: 55/9714b lim: 333 exec/s: 0 rss: 29Mb L: 238/333 MS: 1 CMP- DE: "\021\000\000\000"-
#1218	NEW    cov: 123 ft: 494 corp: 56/9978b lim: 333 exec/s: 0 rss: 29Mb L: 264/333 MS: 2 EraseBytes-ChangeBit-
#1320	NEW    cov: 123 ft: 495 corp: 57/10209b lim: 333 exec/s: 0 rss: 29Mb L: 231/333 MS: 2 CopyPart-EraseBytes-
#1371	REDUCE cov: 123 ft: 495 corp: 57/10193b lim: 333 exec/s: 0 rss: 29Mb L: 24/333 MS: 1 EraseBytes-
#1407	REDUCE cov: 123 ft: 495 corp: 57/10187b lim: 333 exec/s: 0 rss: 29Mb L: 9/333 MS: 1 EraseBytes-
#1555	REDUCE cov: 123 ft: 495 corp: 57/10176b lim: 333 exec/s: 0 rss: 29Mb L: 234/333 MS: 3 EraseBytes-ChangeByte-InsertRepeatedBytes-
#1568	NEW    cov: 123 ft: 500 corp: 58/10509b lim: 333 exec/s: 0 rss: 29Mb L: 333/333 MS: 3 CMP-ShuffleBytes-CopyPart- DE: "frma"-
#1586	REDUCE cov: 123 ft: 500 corp: 58/10483b lim: 333 exec/s: 0 rss: 29Mb L: 307/333 MS: 3 ShuffleBytes-CMP-EraseBytes- DE: "hdlr"-
#1755	REDUCE cov: 123 ft: 500 corp: 58/10470b lim: 333 exec/s: 0 rss: 29Mb L: 192/333 MS: 4 InsertRepeatedBytes-ChangeByte-ShuffleBytes-EraseBytes-
#1756	REDUCE cov: 123 ft: 500 corp: 58/10469b lim: 333 exec/s: 0 rss: 29Mb L: 17/333 MS: 1 EraseBytes-
#1847	REDUCE cov: 123 ft: 500 corp: 58/10379b lim: 333 exec/s: 0 rss: 29Mb L: 217/333 MS: 1 EraseBytes-
#1849	REDUCE cov: 123 ft: 500 corp: 58/10378b lim: 333 exec/s: 0 rss: 29Mb L: 25/333 MS: 2 CMP-EraseBytes- DE: "tapt"-
#1882	REDUCE cov: 124 ft: 501 corp: 59/10383b lim: 333 exec/s: 0 rss: 29Mb L: 5/333 MS: 3 ChangeByte-ChangeBinInt-EraseBytes-
#1896	REDUCE cov: 124 ft: 501 corp: 59/10318b lim: 333 exec/s: 0 rss: 29Mb L: 127/333 MS: 4 InsertByte-ShuffleBytes-ShuffleBytes-EraseBytes-
#2015	REDUCE cov: 124 ft: 501 corp: 59/10258b lim: 333 exec/s: 0 rss: 29Mb L: 67/333 MS: 4 ShuffleBytes-ChangeASCIIInt-ChangeBinInt-EraseBytes-
#2049	NEW    cov: 124 ft: 502 corp: 60/10586b lim: 333 exec/s: 0 rss: 29Mb L: 328/333 MS: 4 InsertRepeatedBytes-ShuffleBytes-InsertRepeatedBytes-CMP- DE: "N7ISOBMFF3BoxE"-
#2203	REDUCE cov: 124 ft: 502 corp: 60/10576b lim: 333 exec/s: 0 rss: 29Mb L: 323/333 MS: 4 CopyPart-ChangeByte-CopyPart-EraseBytes-
#2258	NEW    cov: 124 ft: 503 corp: 61/10594b lim: 333 exec/s: 0 rss: 29Mb L: 18/333 MS: 5 ShuffleBytes-EraseBytes-ChangeByte-ChangeBinInt-EraseBytes-
#2279	NEW    cov: 124 ft: 504 corp: 62/10859b lim: 333 exec/s: 0 rss: 29Mb L: 265/333 MS: 1 InsertByte-
#2310	REDUCE cov: 124 ft: 504 corp: 62/10806b lim: 333 exec/s: 0 rss: 29Mb L: 164/333 MS: 1 EraseBytes-
#2368	NEW    cov: 124 ft: 505 corp: 63/11122b lim: 333 exec/s: 0 rss: 29Mb L: 316/333 MS: 3 CopyPart-PersAutoDict-InsertRepeatedBytes- DE: "\334\233\314\245\261c\000\000"-
#2371	REDUCE cov: 124 ft: 505 corp: 63/11047b lim: 333 exec/s: 0 rss: 29Mb L: 89/333 MS: 3 InsertByte-CMP-EraseBytes- DE: "\001\000\000\025"-
#2398	REDUCE cov: 124 ft: 505 corp: 63/11025b lim: 333 exec/s: 0 rss: 29Mb L: 45/333 MS: 2 ShuffleBytes-EraseBytes-
#2433	NEW    cov: 124 ft: 506 corp: 64/11038b lim: 333 exec/s: 0 rss: 29Mb L: 13/333 MS: 5 EraseBytes-InsertRepeatedBytes-ChangeBit-CopyPart-CrossOver-
#2531	NEW    cov: 124 ft: 507 corp: 65/11370b lim: 333 exec/s: 0 rss: 29Mb L: 332/333 MS: 3 ShuffleBytes-CMP-PersAutoDict- DE: "urn "-"frma"-
#2583	REDUCE cov: 124 ft: 507 corp: 65/11369b lim: 333 exec/s: 0 rss: 29Mb L: 149/333 MS: 2 ChangeByte-EraseBytes-
#2595	REDUCE cov: 124 ft: 507 corp: 65/11362b lim: 333 exec/s: 0 rss: 29Mb L: 231/333 MS: 2 ChangeBinInt-EraseBytes-
#2722	REDUCE cov: 124 ft: 507 corp: 65/11359b lim: 333 exec/s: 0 rss: 29Mb L: 50/333 MS: 2 CMP-EraseBytes- DE: "stbl"-
#2929	REDUCE cov: 124 ft: 507 corp: 65/11357b lim: 333 exec/s: 0 rss: 29Mb L: 3/333 MS: 2 CrossOver-EraseBytes-
#2973	REDUCE cov: 124 ft: 507 corp: 65/11349b lim: 333 exec/s: 0 rss: 29Mb L: 308/333 MS: 4 InsertRepeatedBytes-EraseBytes-InsertByte-InsertRepeatedBytes-
#3044	NEW    cov: 124 ft: 508 corp: 66/11477b lim: 333 exec/s: 0 rss: 29Mb L: 128/333 MS: 1 CopyPart-
#3063	REDUCE cov: 124 ft: 508 corp: 66/11469b lim: 333 exec/s: 0 rss: 29Mb L: 259/333 MS: 4 CrossOver-ChangeBinInt-ShuffleBytes-EraseBytes-
#3084	NEW    cov: 124 ft: 518 corp: 67/11802b lim: 333 exec/s: 0 rss: 29Mb L: 333/333 MS: 1 InsertByte-
#3470	REDUCE cov: 124 ft: 519 corp: 68/11810b lim: 333 exec/s: 0 rss: 29Mb L: 8/333 MS: 1 EraseBytes-
#3486	REDUCE cov: 124 ft: 519 corp: 68/11785b lim: 333 exec/s: 0 rss: 29Mb L: 124/333 MS: 1 EraseBytes-
#3497	REDUCE cov: 124 ft: 519 corp: 68/11764b lim: 333 exec/s: 0 rss: 29Mb L: 68/333 MS: 1 EraseBytes-
#3629	REDUCE cov: 124 ft: 519 corp: 68/11731b lim: 333 exec/s: 0 rss: 29Mb L: 187/333 MS: 2 PersAutoDict-EraseBytes- DE: "\226\000\000\000"-
#3641	NEW    cov: 124 ft: 520 corp: 69/11886b lim: 333 exec/s: 0 rss: 29Mb L: 155/333 MS: 2 PersAutoDict-CrossOver- DE: "frma"-
#3767	REDUCE cov: 124 ft: 520 corp: 69/11855b lim: 333 exec/s: 0 rss: 29Mb L: 302/333 MS: 1 EraseBytes-
#3769	REDUCE cov: 124 ft: 520 corp: 69/11801b lim: 333 exec/s: 0 rss: 29Mb L: 74/333 MS: 2 ShuffleBytes-EraseBytes-
#3797	REDUCE cov: 124 ft: 520 corp: 69/11795b lim: 333 exec/s: 0 rss: 29Mb L: 216/333 MS: 3 ShuffleBytes-CMP-EraseBytes- DE: "\031\000"-
#4053	REDUCE cov: 124 ft: 520 corp: 69/11675b lim: 333 exec/s: 0 rss: 29Mb L: 178/333 MS: 1 EraseBytes-
#4316	REDUCE cov: 124 ft: 520 corp: 69/11614b lim: 333 exec/s: 0 rss: 29Mb L: 94/333 MS: 3 ChangeBinInt-ShuffleBytes-EraseBytes-
#4545	REDUCE cov: 124 ft: 520 corp: 69/11601b lim: 333 exec/s: 0 rss: 29Mb L: 61/333 MS: 4 EraseBytes-CrossOver-EraseBytes-EraseBytes-
#4765	REDUCE cov: 124 ft: 520 corp: 69/11600b lim: 333 exec/s: 0 rss: 29Mb L: 33/333 MS: 5 ShuffleBytes-ChangeByte-EraseBytes-PersAutoDict-CopyPart- DE: "N7ISOBMFF3BoxE"-
#4877	REDUCE cov: 124 ft: 520 corp: 69/11595b lim: 333 exec/s: 0 rss: 29Mb L: 290/333 MS: 2 CrossOver-EraseBytes-
#4911	REDUCE cov: 124 ft: 520 corp: 69/11581b lim: 333 exec/s: 0 rss: 29Mb L: 238/333 MS: 4 InsertRepeatedBytes-ChangeByte-ChangeBit-EraseBytes-
#5072	REDUCE cov: 124 ft: 523 corp: 70/11888b lim: 333 exec/s: 0 rss: 29Mb L: 307/333 MS: 1 CopyPart-
#5201	REDUCE cov: 124 ft: 523 corp: 70/11887b lim: 333 exec/s: 0 rss: 29Mb L: 2/333 MS: 4 ChangeByte-InsertByte-ChangeBit-EraseBytes-
#5287	REDUCE cov: 124 ft: 523 corp: 70/11867b lim: 333 exec/s: 0 rss: 29Mb L: 33/333 MS: 1 EraseBytes-
#5407	REDUCE cov: 124 ft: 523 corp: 70/11852b lim: 333 exec/s: 0 rss: 29Mb L: 303/333 MS: 5 CrossOver-ChangeBinInt-CopyPart-PersAutoDict-EraseBytes- DE: "hvc1"-
#5599	REDUCE cov: 124 ft: 523 corp: 70/11847b lim: 333 exec/s: 0 rss: 29Mb L: 44/333 MS: 2 ChangeBinInt-EraseBytes-
#6056	REDUCE cov: 124 ft: 523 corp: 70/11815b lim: 333 exec/s: 6056 rss: 29Mb L: 264/333 MS: 1 EraseBytes-
#6062	REDUCE cov: 124 ft: 523 corp: 70/11623b lim: 333 exec/s: 6062 rss: 29Mb L: 115/333 MS: 1 CrossOver-
#6398	REDUCE cov: 124 ft: 523 corp: 70/11614b lim: 333 exec/s: 6398 rss: 29Mb L: 15/333 MS: 1 EraseBytes-
#6651	REDUCE cov: 124 ft: 523 corp: 70/11611b lim: 333 exec/s: 6651 rss: 29Mb L: 112/333 MS: 3 ChangeBit-ChangeBit-EraseBytes-
#6989	REDUCE cov: 124 ft: 523 corp: 70/11608b lim: 333 exec/s: 6989 rss: 29Mb L: 12/333 MS: 3 ShuffleBytes-ShuffleBytes-EraseBytes-
#7172	REDUCE cov: 124 ft: 523 corp: 70/11605b lim: 333 exec/s: 7172 rss: 29Mb L: 9/333 MS: 3 EraseBytes-CopyPart-InsertByte-
#8000	REDUCE cov: 124 ft: 523 corp: 70/11597b lim: 341 exec/s: 8000 rss: 29Mb L: 25/333 MS: 3 ChangeASCIIInt-ChangeBinInt-EraseBytes-
#8910	REDUCE cov: 124 ft: 523 corp: 70/11541b lim: 349 exec/s: 8910 rss: 29Mb L: 213/333 MS: 5 ChangeBit-InsertRepeatedBytes-CrossOver-InsertByte-EraseBytes-
#9076	REDUCE cov: 124 ft: 523 corp: 70/11534b lim: 349 exec/s: 9076 rss: 29Mb L: 313/333 MS: 1 EraseBytes-
#9212	REDUCE cov: 124 ft: 523 corp: 70/11533b lim: 349 exec/s: 9212 rss: 29Mb L: 212/333 MS: 1 CrossOver-
#9218	REDUCE cov: 124 ft: 523 corp: 70/11501b lim: 349 exec/s: 9218 rss: 29Mb L: 62/333 MS: 1 EraseBytes-
#9236	REDUCE cov: 124 ft: 523 corp: 70/11484b lim: 349 exec/s: 9236 rss: 29Mb L: 273/333 MS: 3 EraseBytes-CMP-InsertRepeatedBytes- DE: "St13runtime_"-
#9335	REDUCE cov: 124 ft: 523 corp: 70/11470b lim: 349 exec/s: 9335 rss: 29Mb L: 309/333 MS: 4 EraseBytes-InsertRepeatedBytes-InsertByte-InsertRepeatedBytes-
#9392	REDUCE cov: 124 ft: 523 corp: 70/11441b lim: 349 exec/s: 9392 rss: 29Mb L: 39/333 MS: 2 ChangeBit-CrossOver-
#9400	REDUCE cov: 124 ft: 524 corp: 71/11711b lim: 349 exec/s: 4700 rss: 592Mb L: 270/333 MS: 3 PersAutoDict-InsertRepeatedBytes-CMP- DE: "\031\000"-"stsd"-
#9696	REDUCE cov: 124 ft: 524 corp: 71/11686b lim: 349 exec/s: 4848 rss: 592Mb L: 245/333 MS: 1 EraseBytes-
#9930	REDUCE cov: 124 ft: 524 corp: 71/11684b lim: 349 exec/s: 4965 rss: 592Mb L: 122/333 MS: 4 ChangeBit-EraseBytes-CopyPart-CrossOver-
#9981	REDUCE cov: 124 ft: 524 corp: 71/11679b lim: 349 exec/s: 4990 rss: 592Mb L: 117/333 MS: 1 EraseBytes-
#10319	REDUCE cov: 124 ft: 524 corp: 71/11678b lim: 349 exec/s: 5159 rss: 592Mb L: 61/333 MS: 3 ShuffleBytes-ChangeBinInt-EraseBytes-
#10440	REDUCE cov: 124 ft: 524 corp: 71/11677b lim: 349 exec/s: 5220 rss: 592Mb L: 1/333 MS: 1 EraseBytes-
#10694	REDUCE cov: 124 ft: 524 corp: 71/11676b lim: 349 exec/s: 2138 rss: 592Mb L: 267/333 MS: 4 InsertRepeatedBytes-ChangeBit-CrossOver-InsertRepeatedBytes-
#10932	REDUCE cov: 124 ft: 524 corp: 71/11665b lim: 349 exec/s: 2186 rss: 592Mb L: 45/333 MS: 3 InsertByte-ChangeBit-EraseBytes-
#10982	REDUCE cov: 124 ft: 524 corp: 71/11641b lim: 349 exec/s: 2196 rss: 592Mb L: 304/333 MS: 5 InsertRepeatedBytes-ChangeASCIIInt-InsertByte-ChangeBinInt-EraseBytes-
#11084	REDUCE cov: 124 ft: 524 corp: 71/11628b lim: 349 exec/s: 2216 rss: 592Mb L: 207/333 MS: 2 ShuffleBytes-EraseBytes-
#11107	REDUCE cov: 124 ft: 524 corp: 71/11576b lim: 349 exec/s: 2221 rss: 592Mb L: 182/333 MS: 3 ChangeBinInt-PersAutoDict-EraseBytes- DE: "tapt"-
#11172	REDUCE cov: 124 ft: 524 corp: 71/11545b lim: 349 exec/s: 2234 rss: 592Mb L: 244/333 MS: 5 CrossOver-CrossOver-InsertByte-PersAutoDict-CrossOver- DE: "\334\233\314\245\261c\000\000"-
#11183	REDUCE cov: 124 ft: 524 corp: 71/11516b lim: 349 exec/s: 2236 rss: 592Mb L: 280/333 MS: 1 EraseBytes-
#11367	REDUCE cov: 124 ft: 524 corp: 71/11515b lim: 349 exec/s: 2273 rss: 592Mb L: 24/333 MS: 4 PersAutoDict-EraseBytes-ChangeBinInt-InsertByte- DE: "\377\377\377\377\377\377\377\023"-
#11435	REDUCE cov: 124 ft: 524 corp: 71/11502b lim: 349 exec/s: 1633 rss: 592Mb L: 225/333 MS: 3 CopyPart-EraseBytes-InsertByte-
#11952	REDUCE cov: 124 ft: 524 corp: 71/11468b lim: 349 exec/s: 1707 rss: 592Mb L: 177/333 MS: 2 CopyPart-EraseBytes-
#12110	REDUCE cov: 124 ft: 524 corp: 71/11467b lim: 349 exec/s: 1730 rss: 592Mb L: 8/333 MS: 3 EraseBytes-ChangeBinInt-CopyPart-
#12234	REDUCE cov: 124 ft: 524 corp: 71/11466b lim: 349 exec/s: 1747 rss: 592Mb L: 177/333 MS: 4 CopyPart-InsertByte-ShuffleBytes-EraseBytes-
#12268	REDUCE cov: 124 ft: 524 corp: 71/11452b lim: 349 exec/s: 1752 rss: 592Mb L: 266/333 MS: 4 InsertByte-ChangeBit-ShuffleBytes-EraseBytes-
#12549	REDUCE cov: 124 ft: 524 corp: 71/11415b lim: 349 exec/s: 1792 rss: 592Mb L: 194/333 MS: 1 EraseBytes-
#12689	REDUCE cov: 124 ft: 524 corp: 71/11413b lim: 349 exec/s: 1812 rss: 592Mb L: 175/333 MS: 5 ChangeByte-CopyPart-CopyPart-CopyPart-CrossOver-
#12951	REDUCE cov: 124 ft: 524 corp: 71/11394b lim: 349 exec/s: 1850 rss: 592Mb L: 232/333 MS: 2 CopyPart-EraseBytes-
#13574	REDUCE cov: 124 ft: 524 corp: 71/11393b lim: 349 exec/s: 1939 rss: 592Mb L: 220/333 MS: 3 InsertByte-ChangeBit-EraseBytes-
==675976== ERROR: libFuzzer: out-of-memory (used: 1616Mb; limit: 1024Mb)
   To change the out-of-memory limit use -rss_limit_mb=<N>

MS: 4 CopyPart-CopyPart-ChangeBit-InsertByte-; base unit: 3e03cff11a713292b38a07fdcebf8cdd1a22c3e9
artifact_prefix='/results/crashes/20260313_175458_a9dd5b6f_'; Test unit written to /results/crashes/20260313_175458_a9dd5b6f_oom-71c3f2e787792584aea05462a9b72093df7d7c91
SUMMARY: libFuzzer: out-of-memory
stat::number_of_executed_units: 13843
stat::average_exec_per_sec:     1384
stat::new_units_added:          152
stat::slowest_unit_time_sec:    0
stat::peak_rss_mb:              1616
