INFO: Running with entropic power schedule (0xFF, 100).
INFO: Seed: 3322015716
INFO: Loaded 1 modules   (252 inline 8-bit counters): 252 [0x591db054d678, 0x591db054d774), 
INFO: Loaded 1 PC tables (252 PCs): 252 [0x591db054d778,0x591db054e738), 
INFO:        4 files found in /tmp/corpus_20260313_143255_52bf86bb
INFO: seed corpus: files: 4 min: 48b max: 333b total: 853b rss: 28Mb
#5	INITED cov: 118 ft: 252 corp: 4/853b exec/s: 0 rss: 29Mb
#6	NEW    cov: 118 ft: 278 corp: 5/931b lim: 333 exec/s: 0 rss: 29Mb L: 78/333 MS: 1 CrossOver-
#8	NEW    cov: 118 ft: 285 corp: 6/1152b lim: 333 exec/s: 0 rss: 29Mb L: 221/333 MS: 2 CopyPart-InsertByte-
#10	NEW    cov: 118 ft: 287 corp: 7/1235b lim: 333 exec/s: 0 rss: 29Mb L: 83/333 MS: 2 ChangeBinInt-CrossOver-
#11	NEW    cov: 118 ft: 296 corp: 8/1456b lim: 333 exec/s: 0 rss: 29Mb L: 221/333 MS: 1 ChangeBit-
#12	NEW    cov: 119 ft: 305 corp: 9/1770b lim: 333 exec/s: 0 rss: 29Mb L: 314/333 MS: 1 InsertRepeatedBytes-
#14	NEW    cov: 119 ft: 311 corp: 10/1868b lim: 333 exec/s: 0 rss: 29Mb L: 98/333 MS: 2 ShuffleBytes-InsertRepeatedBytes-
#19	NEW    cov: 119 ft: 312 corp: 11/2121b lim: 333 exec/s: 0 rss: 29Mb L: 253/333 MS: 5 ShuffleBytes-ChangeBit-ChangeByte-ChangeByte-CopyPart-
#20	NEW    cov: 120 ft: 314 corp: 12/2436b lim: 333 exec/s: 0 rss: 29Mb L: 315/333 MS: 1 InsertByte-
#24	NEW    cov: 120 ft: 315 corp: 13/2605b lim: 333 exec/s: 0 rss: 29Mb L: 169/333 MS: 4 ShuffleBytes-ChangeByte-ShuffleBytes-CrossOver-
#28	NEW    cov: 120 ft: 322 corp: 14/2649b lim: 333 exec/s: 0 rss: 29Mb L: 44/333 MS: 4 EraseBytes-CopyPart-CopyPart-EraseBytes-
#29	NEW    cov: 120 ft: 323 corp: 15/2732b lim: 333 exec/s: 0 rss: 29Mb L: 83/333 MS: 1 CopyPart-
#31	NEW    cov: 120 ft: 337 corp: 16/2783b lim: 333 exec/s: 0 rss: 29Mb L: 51/333 MS: 2 CMP-EraseBytes- DE: "g\001"-
#34	NEW    cov: 120 ft: 338 corp: 17/3003b lim: 333 exec/s: 0 rss: 29Mb L: 220/333 MS: 3 CMP-InsertByte-EraseBytes- DE: "hvc1"-
#41	NEW    cov: 120 ft: 339 corp: 18/3317b lim: 333 exec/s: 0 rss: 29Mb L: 314/333 MS: 2 ChangeBit-CopyPart-
#45	NEW    cov: 121 ft: 341 corp: 19/3633b lim: 333 exec/s: 0 rss: 29Mb L: 316/333 MS: 4 PersAutoDict-ShuffleBytes-ShuffleBytes-InsertByte- DE: "g\001"-
#48	REDUCE cov: 121 ft: 341 corp: 19/3631b lim: 333 exec/s: 0 rss: 29Mb L: 312/333 MS: 3 ChangeBit-InsertByte-CrossOver-
#53	NEW    cov: 121 ft: 376 corp: 20/3655b lim: 333 exec/s: 0 rss: 29Mb L: 24/333 MS: 5 ChangeASCIIInt-ChangeBit-ChangeByte-EraseBytes-EraseBytes-
#54	NEW    cov: 121 ft: 383 corp: 21/3797b lim: 333 exec/s: 0 rss: 29Mb L: 142/333 MS: 1 CrossOver-
#59	NEW    cov: 121 ft: 385 corp: 22/3876b lim: 333 exec/s: 0 rss: 29Mb L: 79/333 MS: 5 ChangeASCIIInt-ChangeBinInt-ShuffleBytes-ChangeBit-EraseBytes-
==26471== ERROR: libFuzzer: out-of-memory (used: 1563Mb; limit: 1024Mb)
   To change the out-of-memory limit use -rss_limit_mb=<N>

MS: 3 CMP-ChangeBinInt-CMP- DE: "32i2"-"\001\000t\235\304\000x\235"-; base unit: 7f64bb6a65a68510fcadd5c4b61e6dfe2e9902ea
artifact_prefix='/results/crashes/20260313_143255_52bf86bb_'; Test unit written to /results/crashes/20260313_143255_52bf86bb_oom-1e334b56abb333da1e81d679182eae35d0ef7e91
SUMMARY: libFuzzer: out-of-memory
stat::number_of_executed_units: 62
stat::average_exec_per_sec:     62
stat::new_units_added:          19
stat::slowest_unit_time_sec:    0
stat::peak_rss_mb:              1563
