INFO: Running with entropic power schedule (0xFF, 100).
INFO: Seed: 2995615967
INFO: Loaded 1 modules   (252 inline 8-bit counters): 252 [0x5756666e7678, 0x5756666e7774), 
INFO: Loaded 1 PC tables (252 PCs): 252 [0x5756666e7778,0x5756666e8738), 
INFO:        4 files found in /tmp/corpus_20260313_185002_8435ae9d
INFO: seed corpus: files: 4 min: 48b max: 333b total: 853b rss: 28Mb
#5	INITED cov: 118 ft: 252 corp: 4/853b exec/s: 0 rss: 29Mb
#7	NEW    cov: 120 ft: 265 corp: 5/1186b lim: 333 exec/s: 0 rss: 29Mb L: 333/333 MS: 2 ChangeBit-CopyPart-
#9	NEW    cov: 120 ft: 266 corp: 6/1442b lim: 333 exec/s: 0 rss: 29Mb L: 256/333 MS: 2 ChangeBinInt-CMP- DE: "\377\377\377\007"-
#10	NEW    cov: 120 ft: 276 corp: 7/1680b lim: 333 exec/s: 0 rss: 29Mb L: 238/333 MS: 1 EraseBytes-
#14	NEW    cov: 121 ft: 278 corp: 8/1936b lim: 333 exec/s: 0 rss: 29Mb L: 256/333 MS: 4 ChangeBit-ShuffleBytes-ChangeBit-InsertRepeatedBytes-
#20	NEW    cov: 121 ft: 303 corp: 9/1991b lim: 333 exec/s: 0 rss: 29Mb L: 55/333 MS: 1 CopyPart-
#22	NEW    cov: 121 ft: 304 corp: 10/2244b lim: 333 exec/s: 0 rss: 29Mb L: 253/333 MS: 2 CopyPart-InsertByte-
#25	NEW    cov: 121 ft: 320 corp: 11/2398b lim: 333 exec/s: 0 rss: 29Mb L: 154/333 MS: 3 CopyPart-ChangeByte-CrossOver-
#28	NEW    cov: 121 ft: 332 corp: 12/2520b lim: 333 exec/s: 0 rss: 29Mb L: 122/333 MS: 3 ShuffleBytes-ChangeBinInt-EraseBytes-
#33	NEW    cov: 122 ft: 334 corp: 13/2760b lim: 333 exec/s: 0 rss: 29Mb L: 240/333 MS: 5 ChangeBit-EraseBytes-InsertRepeatedBytes-ChangeByte-PersAutoDict- DE: "\377\377\377\007"-
#35	NEW    cov: 122 ft: 343 corp: 14/2869b lim: 333 exec/s: 0 rss: 29Mb L: 109/333 MS: 2 CrossOver-CrossOver-
#40	NEW    cov: 122 ft: 368 corp: 15/2919b lim: 333 exec/s: 0 rss: 29Mb L: 50/333 MS: 5 CrossOver-CrossOver-ChangeBinInt-InsertRepeatedBytes-CMP- DE: "\000\013"-
#59	NEW    cov: 122 ft: 369 corp: 16/3127b lim: 333 exec/s: 0 rss: 29Mb L: 208/333 MS: 4 PersAutoDict-ChangeBit-ChangeASCIIInt-InsertRepeatedBytes- DE: "\000\013"-
#67	NEW    cov: 122 ft: 370 corp: 17/3185b lim: 333 exec/s: 0 rss: 29Mb L: 58/333 MS: 3 InsertByte-CopyPart-CrossOver-
#70	NEW    cov: 122 ft: 371 corp: 18/3289b lim: 333 exec/s: 0 rss: 29Mb L: 104/333 MS: 3 PersAutoDict-ChangeBit-CopyPart- DE: "\377\377\377\007"-
#71	NEW    cov: 122 ft: 378 corp: 19/3373b lim: 333 exec/s: 0 rss: 29Mb L: 84/333 MS: 1 EraseBytes-
#74	NEW    cov: 122 ft: 379 corp: 20/3581b lim: 333 exec/s: 0 rss: 29Mb L: 208/333 MS: 3 ChangeBinInt-ChangeByte-CopyPart-
#77	NEW    cov: 122 ft: 380 corp: 21/3833b lim: 333 exec/s: 0 rss: 29Mb L: 252/333 MS: 3 ChangeByte-ShuffleBytes-CrossOver-
#82	NEW    cov: 122 ft: 381 corp: 22/4071b lim: 333 exec/s: 0 rss: 29Mb L: 238/333 MS: 5 EraseBytes-ChangeBinInt-ChangeBit-InsertByte-CopyPart-
#91	NEW    cov: 122 ft: 383 corp: 23/4395b lim: 333 exec/s: 0 rss: 29Mb L: 324/333 MS: 4 PersAutoDict-CopyPart-ChangeBit-InsertRepeatedBytes- DE: "\000\013"-
#93	NEW    cov: 122 ft: 384 corp: 24/4552b lim: 333 exec/s: 0 rss: 29Mb L: 157/333 MS: 2 InsertRepeatedBytes-EraseBytes-
#94	NEW    cov: 123 ft: 394 corp: 25/4592b lim: 333 exec/s: 0 rss: 29Mb L: 40/333 MS: 1 EraseBytes-
#100	NEW    cov: 123 ft: 395 corp: 26/4925b lim: 333 exec/s: 0 rss: 29Mb L: 333/333 MS: 1 CrossOver-
#110	NEW    cov: 123 ft: 396 corp: 27/5039b lim: 333 exec/s: 0 rss: 29Mb L: 114/333 MS: 5 ChangeBinInt-CopyPart-InsertByte-ChangeBinInt-EraseBytes-
#111	NEW    cov: 123 ft: 398 corp: 28/5372b lim: 333 exec/s: 0 rss: 29Mb L: 333/333 MS: 1 CrossOver-
#119	REDUCE cov: 123 ft: 398 corp: 28/5361b lim: 333 exec/s: 0 rss: 29Mb L: 227/333 MS: 3 CMP-InsertByte-EraseBytes- DE: "hvc1"-
#129	NEW    cov: 123 ft: 399 corp: 29/5452b lim: 333 exec/s: 0 rss: 29Mb L: 91/333 MS: 5 CopyPart-EraseBytes-ChangeBinInt-ChangeBit-CopyPart-
#136	NEW    cov: 123 ft: 400 corp: 30/5604b lim: 333 exec/s: 0 rss: 29Mb L: 152/333 MS: 2 CrossOver-InsertRepeatedBytes-
#145	NEW    cov: 123 ft: 406 corp: 31/5862b lim: 333 exec/s: 0 rss: 29Mb L: 258/333 MS: 4 ChangeBinInt-PersAutoDict-PersAutoDict-CopyPart- DE: "\000\013"-"\377\377\377\007"-
#150	NEW    cov: 123 ft: 407 corp: 32/6143b lim: 333 exec/s: 0 rss: 29Mb L: 281/333 MS: 5 EraseBytes-PersAutoDict-CopyPart-ChangeBit-InsertByte- DE: "\377\377\377\007"-
#156	NEW    cov: 123 ft: 408 corp: 33/6353b lim: 333 exec/s: 0 rss: 29Mb L: 210/333 MS: 1 PersAutoDict- DE: "\000\013"-
#160	REDUCE cov: 123 ft: 408 corp: 33/6326b lim: 333 exec/s: 0 rss: 29Mb L: 229/333 MS: 4 CrossOver-InsertRepeatedBytes-EraseBytes-ChangeBit-
#167	NEW    cov: 123 ft: 409 corp: 34/6367b lim: 333 exec/s: 0 rss: 29Mb L: 41/333 MS: 2 PersAutoDict-InsertByte- DE: "\000\013"-
#182	NEW    cov: 123 ft: 420 corp: 35/6393b lim: 333 exec/s: 0 rss: 29Mb L: 26/333 MS: 5 ChangeByte-EraseBytes-ShuffleBytes-CMP-EraseBytes- DE: "avcC"-
#188	NEW    cov: 123 ft: 421 corp: 36/6474b lim: 333 exec/s: 0 rss: 29Mb L: 81/333 MS: 1 CopyPart-
#200	NEW    cov: 123 ft: 423 corp: 37/6501b lim: 333 exec/s: 0 rss: 29Mb L: 27/333 MS: 2 InsertByte-ChangeBit-
#221	NEW    cov: 123 ft: 424 corp: 38/6541b lim: 333 exec/s: 0 rss: 29Mb L: 40/333 MS: 1 CMP- DE: "schm"-
#258	NEW    cov: 123 ft: 426 corp: 39/6797b lim: 333 exec/s: 0 rss: 29Mb L: 256/333 MS: 2 PersAutoDict-CMP- DE: "\000\013"-"\314\231\300\201e\237k\350"-
#324	REDUCE cov: 123 ft: 426 corp: 39/6776b lim: 333 exec/s: 0 rss: 29Mb L: 29/333 MS: 1 EraseBytes-
#342	NEW    cov: 123 ft: 431 corp: 40/7072b lim: 333 exec/s: 0 rss: 29Mb L: 296/333 MS: 3 CrossOver-CMP-CopyPart- DE: "schi"-
#380	REDUCE cov: 123 ft: 431 corp: 40/7070b lim: 333 exec/s: 0 rss: 29Mb L: 107/333 MS: 3 ShuffleBytes-CMP-EraseBytes- DE: "\000\000\000\010"-
#414	REDUCE cov: 123 ft: 439 corp: 41/7223b lim: 333 exec/s: 0 rss: 29Mb L: 153/333 MS: 4 PersAutoDict-InsertRepeatedBytes-CopyPart-EraseBytes- DE: "\377\377\377\007"-
#428	NEW    cov: 123 ft: 449 corp: 42/7242b lim: 333 exec/s: 0 rss: 29Mb L: 19/333 MS: 4 CrossOver-InsertByte-ChangeByte-EraseBytes-
#455	NEW    cov: 123 ft: 458 corp: 43/7575b lim: 333 exec/s: 0 rss: 29Mb L: 333/333 MS: 2 ChangeByte-ShuffleBytes-
#486	NEW    cov: 123 ft: 465 corp: 44/7889b lim: 333 exec/s: 0 rss: 29Mb L: 314/333 MS: 1 CrossOver-
#526	REDUCE cov: 123 ft: 465 corp: 44/7887b lim: 333 exec/s: 0 rss: 29Mb L: 25/333 MS: 5 ChangeBinInt-ShuffleBytes-ShuffleBytes-ChangeByte-EraseBytes-
#532	NEW    cov: 123 ft: 466 corp: 45/8205b lim: 333 exec/s: 0 rss: 29Mb L: 318/333 MS: 1 CopyPart-
#554	REDUCE cov: 123 ft: 466 corp: 45/8203b lim: 333 exec/s: 0 rss: 29Mb L: 236/333 MS: 2 ShuffleBytes-EraseBytes-
#573	NEW    cov: 123 ft: 468 corp: 46/8445b lim: 333 exec/s: 0 rss: 29Mb L: 242/333 MS: 4 InsertRepeatedBytes-PersAutoDict-ChangeBinInt-EraseBytes- DE: "\000\000\000\010"-
#584	NEW    cov: 123 ft: 469 corp: 47/8464b lim: 333 exec/s: 0 rss: 29Mb L: 19/333 MS: 1 ShuffleBytes-
#629	NEW    cov: 123 ft: 474 corp: 48/8493b lim: 333 exec/s: 0 rss: 29Mb L: 29/333 MS: 5 CopyPart-EraseBytes-CrossOver-EraseBytes-CMP- DE: "\000\000\000\000\000\000\000\000"-
#630	NEW    cov: 123 ft: 475 corp: 49/8771b lim: 333 exec/s: 0 rss: 29Mb L: 278/333 MS: 1 InsertRepeatedBytes-
#638	NEW    cov: 123 ft: 477 corp: 50/8787b lim: 333 exec/s: 0 rss: 29Mb L: 16/333 MS: 3 ChangeBinInt-PersAutoDict-CrossOver- DE: "avcC"-
#652	REDUCE cov: 123 ft: 477 corp: 50/8786b lim: 333 exec/s: 0 rss: 29Mb L: 255/333 MS: 4 ChangeBinInt-CopyPart-ShuffleBytes-EraseBytes-
#667	NEW    cov: 124 ft: 478 corp: 51/9119b lim: 333 exec/s: 0 rss: 29Mb L: 333/333 MS: 5 ChangeASCIIInt-CopyPart-ChangeByte-ShuffleBytes-CMP- DE: "urn "-
#696	REDUCE cov: 124 ft: 478 corp: 51/8985b lim: 333 exec/s: 0 rss: 29Mb L: 199/333 MS: 4 CrossOver-ChangeBinInt-PersAutoDict-ChangeByte- DE: "avcC"-
#836	NEW    cov: 124 ft: 481 corp: 52/9001b lim: 333 exec/s: 0 rss: 29Mb L: 16/333 MS: 5 CopyPart-CrossOver-EraseBytes-ChangeBinInt-CrossOver-
#943	NEW    cov: 124 ft: 490 corp: 53/9012b lim: 333 exec/s: 0 rss: 29Mb L: 11/333 MS: 2 ChangeByte-CrossOver-
#972	NEW    cov: 124 ft: 491 corp: 54/9277b lim: 333 exec/s: 0 rss: 29Mb L: 265/333 MS: 4 InsertRepeatedBytes-ChangeASCIIInt-EraseBytes-PersAutoDict- DE: "\377\377\377\007"-
#992	REDUCE cov: 124 ft: 491 corp: 54/9240b lim: 333 exec/s: 0 rss: 29Mb L: 116/333 MS: 5 ChangeBit-ChangeByte-ShuffleBytes-CopyPart-EraseBytes-
#993	REDUCE cov: 124 ft: 491 corp: 54/9224b lim: 333 exec/s: 0 rss: 29Mb L: 24/333 MS: 1 EraseBytes-
#1015	REDUCE cov: 124 ft: 491 corp: 54/9222b lim: 333 exec/s: 0 rss: 29Mb L: 197/333 MS: 2 ChangeByte-EraseBytes-
#1070	NEW    cov: 124 ft: 492 corp: 55/9478b lim: 333 exec/s: 0 rss: 29Mb L: 256/333 MS: 5 ChangeASCIIInt-PersAutoDict-CrossOver-CrossOver-CMP- DE: "schm"-"\001\000WVp\223|\340"-
#1114	REDUCE cov: 124 ft: 492 corp: 55/9475b lim: 333 exec/s: 0 rss: 29Mb L: 249/333 MS: 4 EraseBytes-ChangeBinInt-ChangeByte-ChangeByte-
#1146	REDUCE cov: 124 ft: 492 corp: 55/9474b lim: 333 exec/s: 0 rss: 29Mb L: 18/333 MS: 2 PersAutoDict-EraseBytes- DE: "schm"-
#1212	REDUCE cov: 124 ft: 492 corp: 55/9468b lim: 333 exec/s: 0 rss: 29Mb L: 12/333 MS: 1 EraseBytes-
#1313	REDUCE cov: 124 ft: 492 corp: 55/9467b lim: 333 exec/s: 0 rss: 29Mb L: 15/333 MS: 1 EraseBytes-
#1484	REDUCE cov: 124 ft: 492 corp: 55/9326b lim: 333 exec/s: 0 rss: 29Mb L: 192/333 MS: 1 EraseBytes-
#1488	REDUCE cov: 124 ft: 492 corp: 55/9316b lim: 333 exec/s: 0 rss: 29Mb L: 217/333 MS: 4 EraseBytes-CopyPart-EraseBytes-CrossOver-
#1559	REDUCE cov: 124 ft: 492 corp: 55/9313b lim: 333 exec/s: 0 rss: 29Mb L: 37/333 MS: 1 EraseBytes-
#1698	REDUCE cov: 124 ft: 492 corp: 55/9276b lim: 333 exec/s: 0 rss: 29Mb L: 203/333 MS: 4 ChangeBinInt-InsertRepeatedBytes-PersAutoDict-EraseBytes- DE: "avcC"-
#1732	REDUCE cov: 124 ft: 492 corp: 55/9259b lim: 333 exec/s: 0 rss: 29Mb L: 12/333 MS: 4 EraseBytes-ChangeBinInt-InsertByte-EraseBytes-
#1804	NEW    cov: 124 ft: 493 corp: 56/9569b lim: 333 exec/s: 0 rss: 29Mb L: 310/333 MS: 2 CMP-CopyPart- DE: "pixi"-
#1855	REDUCE cov: 124 ft: 493 corp: 56/9535b lim: 333 exec/s: 0 rss: 29Mb L: 169/333 MS: 1 CrossOver-
#1932	REDUCE cov: 124 ft: 493 corp: 56/9499b lim: 333 exec/s: 0 rss: 29Mb L: 80/333 MS: 2 ChangeBit-EraseBytes-
#1972	REDUCE cov: 124 ft: 493 corp: 56/9471b lim: 333 exec/s: 0 rss: 29Mb L: 30/333 MS: 5 ChangeBit-ChangeASCIIInt-CMP-ChangeBit-EraseBytes- DE: "\021\000\000\000\000\000\000\000"-
#2054	REDUCE cov: 124 ft: 493 corp: 56/9440b lim: 333 exec/s: 0 rss: 29Mb L: 225/333 MS: 2 ChangeByte-EraseBytes-
#2131	REDUCE cov: 124 ft: 493 corp: 56/9437b lim: 333 exec/s: 0 rss: 29Mb L: 9/333 MS: 2 ChangeByte-EraseBytes-
#2224	REDUCE cov: 124 ft: 493 corp: 56/9424b lim: 333 exec/s: 0 rss: 29Mb L: 141/333 MS: 3 ChangeBinInt-ChangeASCIIInt-EraseBytes-
#2319	REDUCE cov: 125 ft: 494 corp: 57/9431b lim: 333 exec/s: 0 rss: 29Mb L: 7/333 MS: 5 ShuffleBytes-PersAutoDict-ChangeBinInt-ShuffleBytes-EraseBytes- DE: "pixi"-
#2410	REDUCE cov: 125 ft: 494 corp: 57/9430b lim: 333 exec/s: 0 rss: 29Mb L: 14/333 MS: 1 EraseBytes-
#2462	REDUCE cov: 125 ft: 494 corp: 57/9371b lim: 333 exec/s: 0 rss: 29Mb L: 166/333 MS: 2 CopyPart-CrossOver-
#2465	REDUCE cov: 125 ft: 494 corp: 57/9354b lim: 333 exec/s: 0 rss: 29Mb L: 152/333 MS: 3 CopyPart-PersAutoDict-EraseBytes- DE: "avcC"-
#2542	REDUCE cov: 125 ft: 495 corp: 58/9362b lim: 333 exec/s: 0 rss: 29Mb L: 8/333 MS: 2 ShuffleBytes-EraseBytes-
#2623	REDUCE cov: 125 ft: 495 corp: 58/9344b lim: 333 exec/s: 0 rss: 29Mb L: 86/333 MS: 1 EraseBytes-
#2639	NEW    cov: 125 ft: 504 corp: 59/9677b lim: 333 exec/s: 0 rss: 29Mb L: 333/333 MS: 1 CopyPart-
#2695	REDUCE cov: 125 ft: 504 corp: 59/9675b lim: 333 exec/s: 0 rss: 29Mb L: 28/333 MS: 1 EraseBytes-
#2747	REDUCE cov: 125 ft: 504 corp: 59/9668b lim: 333 exec/s: 0 rss: 29Mb L: 190/333 MS: 2 CrossOver-EraseBytes-
#2758	REDUCE cov: 125 ft: 504 corp: 59/9664b lim: 333 exec/s: 0 rss: 29Mb L: 204/333 MS: 1 EraseBytes-
#2790	NEW    cov: 125 ft: 509 corp: 60/9978b lim: 333 exec/s: 0 rss: 29Mb L: 314/333 MS: 2 PersAutoDict-CMP- DE: "urn "-"mdia"-
#2982	REDUCE cov: 125 ft: 509 corp: 60/9974b lim: 333 exec/s: 0 rss: 29Mb L: 137/333 MS: 2 ChangeByte-EraseBytes-
#3047	REDUCE cov: 125 ft: 509 corp: 60/9925b lim: 333 exec/s: 0 rss: 29Mb L: 265/333 MS: 5 PersAutoDict-ShuffleBytes-ChangeBit-ShuffleBytes-CrossOver- DE: "\000\000\000\000\000\000\000\000"-
#3070	REDUCE cov: 125 ft: 509 corp: 60/9900b lim: 333 exec/s: 0 rss: 29Mb L: 141/333 MS: 3 InsertByte-InsertByte-CrossOver-
#3093	REDUCE cov: 125 ft: 510 corp: 61/10231b lim: 333 exec/s: 0 rss: 29Mb L: 331/333 MS: 3 CMP-InsertRepeatedBytes-InsertRepeatedBytes- DE: "\000\010"-
#3121	REDUCE cov: 125 ft: 510 corp: 61/10227b lim: 333 exec/s: 0 rss: 29Mb L: 10/333 MS: 3 CMP-ChangeBit-EraseBytes- DE: "\377*"-
#3151	REDUCE cov: 125 ft: 510 corp: 61/10226b lim: 333 exec/s: 0 rss: 29Mb L: 203/333 MS: 5 ChangeBinInt-ChangeByte-CopyPart-PersAutoDict-EraseBytes- DE: "\000\000\000\000\000\000\000\000"-
#3228	REDUCE cov: 125 ft: 510 corp: 61/10216b lim: 333 exec/s: 0 rss: 29Mb L: 142/333 MS: 2 ChangeASCIIInt-EraseBytes-
#3329	REDUCE cov: 125 ft: 510 corp: 61/10196b lim: 333 exec/s: 0 rss: 29Mb L: 183/333 MS: 1 EraseBytes-
#3410	NEW    cov: 125 ft: 511 corp: 62/10529b lim: 333 exec/s: 0 rss: 29Mb L: 333/333 MS: 1 PersAutoDict- DE: "urn "-
#3456	NEW    cov: 125 ft: 512 corp: 63/10862b lim: 333 exec/s: 0 rss: 29Mb L: 333/333 MS: 1 CMP- DE: "\000!"-
#3556	REDUCE cov: 125 ft: 512 corp: 63/10837b lim: 333 exec/s: 0 rss: 29Mb L: 224/333 MS: 5 ChangeBit-CrossOver-CMP-ChangeByte-EraseBytes- DE: "urn "-
#3785	REDUCE cov: 125 ft: 512 corp: 63/10813b lim: 333 exec/s: 0 rss: 29Mb L: 307/333 MS: 4 CopyPart-EraseBytes-PersAutoDict-InsertByte- DE: "\000!"-
#3812	REDUCE cov: 125 ft: 512 corp: 63/10810b lim: 333 exec/s: 0 rss: 29Mb L: 226/333 MS: 2 PersAutoDict-EraseBytes- DE: "pixi"-
#3951	REDUCE cov: 125 ft: 512 corp: 63/10802b lim: 333 exec/s: 0 rss: 29Mb L: 149/333 MS: 4 ChangeBit-EraseBytes-ChangeBit-ChangeBit-
#3997	REDUCE cov: 125 ft: 512 corp: 63/10800b lim: 333 exec/s: 0 rss: 29Mb L: 27/333 MS: 1 EraseBytes-
#4039	REDUCE cov: 125 ft: 512 corp: 63/10787b lim: 333 exec/s: 0 rss: 29Mb L: 179/333 MS: 2 CMP-CrossOver- DE: "\377\377v3P\0025\347"-
#4089	REDUCE cov: 125 ft: 518 corp: 64/11083b lim: 333 exec/s: 0 rss: 29Mb L: 296/333 MS: 5 InsertRepeatedBytes-CopyPart-ChangeByte-EraseBytes-CopyPart-
#4115	REDUCE cov: 125 ft: 518 corp: 64/11082b lim: 333 exec/s: 0 rss: 29Mb L: 6/333 MS: 1 EraseBytes-
#4183	REDUCE cov: 125 ft: 518 corp: 64/11067b lim: 333 exec/s: 0 rss: 29Mb L: 266/333 MS: 3 ChangeByte-InsertByte-EraseBytes-
#4189	REDUCE cov: 125 ft: 518 corp: 64/11066b lim: 333 exec/s: 0 rss: 29Mb L: 11/333 MS: 1 EraseBytes-
#4314	REDUCE cov: 125 ft: 518 corp: 64/10994b lim: 333 exec/s: 0 rss: 29Mb L: 180/333 MS: 5 CrossOver-InsertByte-EraseBytes-ChangeBit-InsertByte-
#4420	REDUCE cov: 125 ft: 518 corp: 64/10993b lim: 333 exec/s: 0 rss: 29Mb L: 54/333 MS: 1 EraseBytes-
#4483	REDUCE cov: 125 ft: 518 corp: 64/10992b lim: 333 exec/s: 0 rss: 29Mb L: 26/333 MS: 3 ShuffleBytes-ChangeByte-EraseBytes-
#4645	REDUCE cov: 125 ft: 518 corp: 64/10990b lim: 333 exec/s: 0 rss: 29Mb L: 177/333 MS: 2 CMP-EraseBytes- DE: "schi"-
#4775	REDUCE cov: 125 ft: 518 corp: 64/10984b lim: 333 exec/s: 0 rss: 29Mb L: 220/333 MS: 5 CopyPart-CopyPart-CopyPart-EraseBytes-InsertRepeatedBytes-
#4895	REDUCE cov: 125 ft: 519 corp: 65/11268b lim: 333 exec/s: 0 rss: 29Mb L: 284/333 MS: 5 InsertByte-InsertByte-ChangeBit-InsertRepeatedBytes-InsertByte-
#5085	REDUCE cov: 125 ft: 519 corp: 65/11253b lim: 333 exec/s: 0 rss: 29Mb L: 137/333 MS: 5 ShuffleBytes-CopyPart-InsertRepeatedBytes-CMP-EraseBytes- DE: "stts"-
#5110	REDUCE cov: 125 ft: 519 corp: 65/11244b lim: 333 exec/s: 0 rss: 29Mb L: 309/333 MS: 5 ChangeByte-ChangeASCIIInt-ShuffleBytes-ChangeBinInt-EraseBytes-
#5272	REDUCE cov: 125 ft: 519 corp: 65/11243b lim: 333 exec/s: 0 rss: 29Mb L: 182/333 MS: 2 InsertRepeatedBytes-EraseBytes-
#5305	REDUCE cov: 125 ft: 519 corp: 65/11237b lim: 333 exec/s: 0 rss: 29Mb L: 303/333 MS: 3 ChangeBit-ChangeBinInt-EraseBytes-
#5525	REDUCE cov: 125 ft: 519 corp: 65/11192b lim: 333 exec/s: 0 rss: 29Mb L: 269/333 MS: 5 ChangeByte-ChangeASCIIInt-CopyPart-ShuffleBytes-EraseBytes-
#5576	REDUCE cov: 125 ft: 519 corp: 65/11169b lim: 333 exec/s: 0 rss: 29Mb L: 219/333 MS: 1 CrossOver-
#5630	REDUCE cov: 125 ft: 519 corp: 65/11168b lim: 333 exec/s: 0 rss: 29Mb L: 10/333 MS: 4 PersAutoDict-PersAutoDict-ChangeBinInt-EraseBytes- DE: "hvc1"-"hvc1"-
#6223	REDUCE cov: 125 ft: 519 corp: 65/11107b lim: 333 exec/s: 6223 rss: 29Mb L: 80/333 MS: 1 EraseBytes-
#6302	REDUCE cov: 125 ft: 519 corp: 65/11091b lim: 333 exec/s: 6302 rss: 29Mb L: 268/333 MS: 4 InsertRepeatedBytes-InsertByte-ShuffleBytes-EraseBytes-
#6430	REDUCE cov: 125 ft: 519 corp: 65/11027b lim: 333 exec/s: 6430 rss: 29Mb L: 204/333 MS: 3 CrossOver-ChangeBinInt-EraseBytes-
#6448	REDUCE cov: 125 ft: 519 corp: 65/11024b lim: 333 exec/s: 6448 rss: 29Mb L: 217/333 MS: 3 ChangeBit-InsertByte-EraseBytes-
#6570	REDUCE cov: 125 ft: 519 corp: 65/10968b lim: 333 exec/s: 6570 rss: 29Mb L: 222/333 MS: 2 CopyPart-EraseBytes-
#6691	NEW    cov: 125 ft: 520 corp: 66/11189b lim: 333 exec/s: 6691 rss: 29Mb L: 221/333 MS: 1 InsertByte-
#6918	REDUCE cov: 125 ft: 520 corp: 66/11187b lim: 333 exec/s: 6918 rss: 29Mb L: 26/333 MS: 2 EraseBytes-PersAutoDict- DE: "\000\000\000\010"-
#7110	REDUCE cov: 125 ft: 520 corp: 66/11140b lim: 333 exec/s: 7110 rss: 29Mb L: 130/333 MS: 2 CopyPart-EraseBytes-
#7363	REDUCE cov: 125 ft: 520 corp: 66/11139b lim: 333 exec/s: 7363 rss: 29Mb L: 9/333 MS: 3 ChangeByte-CrossOver-EraseBytes-
#7494	REDUCE cov: 125 ft: 520 corp: 66/11126b lim: 333 exec/s: 7494 rss: 29Mb L: 124/333 MS: 1 EraseBytes-
#7540	REDUCE cov: 125 ft: 520 corp: 66/11122b lim: 333 exec/s: 7540 rss: 29Mb L: 178/333 MS: 1 EraseBytes-
#7595	REDUCE cov: 125 ft: 520 corp: 66/11101b lim: 333 exec/s: 7595 rss: 29Mb L: 70/333 MS: 5 EraseBytes-InsertRepeatedBytes-ShuffleBytes-ChangeBit-EraseBytes-
#7742	REDUCE cov: 125 ft: 520 corp: 66/11089b lim: 333 exec/s: 7742 rss: 29Mb L: 68/333 MS: 2 ChangeBinInt-EraseBytes-
#7995	REDUCE cov: 125 ft: 520 corp: 66/11087b lim: 333 exec/s: 7995 rss: 29Mb L: 79/333 MS: 3 ShuffleBytes-ChangeBinInt-EraseBytes-
#8022	REDUCE cov: 125 ft: 520 corp: 66/11077b lim: 333 exec/s: 8022 rss: 29Mb L: 114/333 MS: 2 ChangeByte-EraseBytes-
#8046	REDUCE cov: 125 ft: 520 corp: 66/11064b lim: 333 exec/s: 8046 rss: 29Mb L: 191/333 MS: 4 ChangeBinInt-ChangeByte-ChangeBit-EraseBytes-
#8101	NEW    cov: 125 ft: 530 corp: 67/11397b lim: 333 exec/s: 8101 rss: 30Mb L: 333/333 MS: 5 PersAutoDict-ChangeByte-CrossOver-CMP-CMP- DE: "\000\013"-"Y\000\000\000"-"dref"-
#8132	REDUCE cov: 125 ft: 530 corp: 67/11384b lim: 333 exec/s: 8132 rss: 30Mb L: 177/333 MS: 1 EraseBytes-
#8173	REDUCE cov: 125 ft: 530 corp: 67/11361b lim: 333 exec/s: 8173 rss: 30Mb L: 45/333 MS: 1 EraseBytes-
#8237	REDUCE cov: 125 ft: 530 corp: 67/11358b lim: 333 exec/s: 8237 rss: 30Mb L: 300/333 MS: 4 InsertByte-PersAutoDict-CopyPart-EraseBytes- DE: "\377\377v3P\0025\347"-
#8354	REDUCE cov: 125 ft: 530 corp: 67/11355b lim: 333 exec/s: 8354 rss: 30Mb L: 3/333 MS: 2 ChangeByte-EraseBytes-
#8415	REDUCE cov: 125 ft: 530 corp: 67/11291b lim: 333 exec/s: 8415 rss: 30Mb L: 146/333 MS: 1 EraseBytes-
#8511	REDUCE cov: 125 ft: 530 corp: 67/11290b lim: 333 exec/s: 8511 rss: 30Mb L: 24/333 MS: 1 EraseBytes-
#8775	REDUCE cov: 125 ft: 530 corp: 67/11289b lim: 333 exec/s: 8775 rss: 30Mb L: 36/333 MS: 4 ChangeByte-PersAutoDict-PersAutoDict-EraseBytes- DE: "\377\377\377\007"-"schi"-
#8854	REDUCE cov: 125 ft: 530 corp: 67/11219b lim: 333 exec/s: 8854 rss: 30Mb L: 183/333 MS: 4 CMP-InsertByte-InsertRepeatedBytes-EraseBytes- DE: "\000L"-
#8885	REDUCE cov: 125 ft: 530 corp: 67/11212b lim: 333 exec/s: 8885 rss: 30Mb L: 262/333 MS: 1 EraseBytes-
#9033	REDUCE cov: 125 ft: 530 corp: 67/11211b lim: 333 exec/s: 9033 rss: 30Mb L: 35/333 MS: 3 ChangeBit-InsertByte-EraseBytes-
#9053	REDUCE cov: 125 ft: 530 corp: 67/11197b lim: 333 exec/s: 9053 rss: 30Mb L: 319/333 MS: 5 ChangeBit-ChangeBit-CMP-PersAutoDict-EraseBytes- DE: "hvc1"-"\000\010"-
#9234	REDUCE cov: 125 ft: 530 corp: 67/11169b lim: 333 exec/s: 9234 rss: 30Mb L: 102/333 MS: 1 EraseBytes-
#9380	REDUCE cov: 125 ft: 530 corp: 67/11131b lim: 333 exec/s: 9380 rss: 30Mb L: 228/333 MS: 1 EraseBytes-
#9502	REDUCE cov: 125 ft: 530 corp: 67/11121b lim: 333 exec/s: 9502 rss: 30Mb L: 323/333 MS: 2 ChangeBit-EraseBytes-
#9778	REDUCE cov: 125 ft: 530 corp: 67/11109b lim: 333 exec/s: 9778 rss: 30Mb L: 14/333 MS: 1 EraseBytes-
#10168	REDUCE cov: 125 ft: 530 corp: 67/11087b lim: 333 exec/s: 10168 rss: 30Mb L: 302/333 MS: 5 InsertByte-CrossOver-CrossOver-ShuffleBytes-EraseBytes-
#10279	REDUCE cov: 125 ft: 530 corp: 67/11086b lim: 333 exec/s: 10279 rss: 30Mb L: 2/333 MS: 1 EraseBytes-
#10519	REDUCE cov: 125 ft: 530 corp: 67/11085b lim: 333 exec/s: 10519 rss: 30Mb L: 145/333 MS: 5 CMP-ChangeByte-CMP-ChangeByte-EraseBytes- DE: "\177\377\377\377\377\377\377\377"-"X\000\000\000\000\000\000\000"-
#10684	REDUCE cov: 125 ft: 530 corp: 67/11083b lim: 333 exec/s: 10684 rss: 30Mb L: 206/333 MS: 5 EraseBytes-ChangeByte-ChangeBinInt-ShuffleBytes-InsertRepeatedBytes-
#10986	REDUCE cov: 125 ft: 530 corp: 67/11056b lim: 333 exec/s: 10986 rss: 30Mb L: 52/333 MS: 2 EraseBytes-CrossOver-
#11054	REDUCE cov: 125 ft: 530 corp: 67/11047b lim: 333 exec/s: 11054 rss: 30Mb L: 140/333 MS: 3 EraseBytes-PersAutoDict-CMP- DE: "dref"-"dinf"-
#11058	REDUCE cov: 125 ft: 530 corp: 67/11046b lim: 333 exec/s: 11058 rss: 30Mb L: 51/333 MS: 4 ChangeASCIIInt-InsertByte-ChangeBinInt-EraseBytes-
#11271	REDUCE cov: 125 ft: 530 corp: 67/11045b lim: 333 exec/s: 11271 rss: 30Mb L: 136/333 MS: 3 PersAutoDict-EraseBytes-InsertByte- DE: "schm"-
#11533	REDUCE cov: 125 ft: 530 corp: 67/11044b lim: 333 exec/s: 11533 rss: 30Mb L: 13/333 MS: 2 ChangeByte-EraseBytes-
#11659	REDUCE cov: 125 ft: 530 corp: 67/11043b lim: 333 exec/s: 11659 rss: 30Mb L: 1/333 MS: 1 EraseBytes-
#11891	REDUCE cov: 125 ft: 530 corp: 67/11042b lim: 333 exec/s: 11891 rss: 30Mb L: 301/333 MS: 2 InsertByte-EraseBytes-
#12199	REDUCE cov: 125 ft: 530 corp: 67/11030b lim: 333 exec/s: 12199 rss: 30Mb L: 212/333 MS: 3 PersAutoDict-EraseBytes-CrossOver- DE: "\377\377v3P\0025\347"-
#12279	NEW    cov: 126 ft: 531 corp: 68/11350b lim: 333 exec/s: 12279 rss: 30Mb L: 320/333 MS: 5 ShuffleBytes-ShuffleBytes-ShuffleBytes-CMP-CrossOver- DE: "\377\377\377\377\377\377\377_"-
#12315	NEW    cov: 126 ft: 532 corp: 69/11642b lim: 333 exec/s: 12315 rss: 30Mb L: 292/333 MS: 1 EraseBytes-
#12349	REDUCE cov: 126 ft: 532 corp: 69/11638b lim: 333 exec/s: 12349 rss: 30Mb L: 179/333 MS: 4 ChangeASCIIInt-InsertRepeatedBytes-ChangeByte-EraseBytes-
#12779	REDUCE cov: 126 ft: 532 corp: 69/11590b lim: 333 exec/s: 6389 rss: 30Mb L: 180/333 MS: 5 CopyPart-InsertByte-EraseBytes-InsertByte-InsertRepeatedBytes-
#13052	NEW    cov: 126 ft: 533 corp: 70/11923b lim: 333 exec/s: 6526 rss: 30Mb L: 333/333 MS: 3 CopyPart-ChangeBinInt-CopyPart-
#13570	REDUCE cov: 126 ft: 533 corp: 70/11790b lim: 333 exec/s: 6785 rss: 30Mb L: 200/333 MS: 3 ChangeByte-PersAutoDict-EraseBytes- DE: "\000\010"-
#13654	REDUCE cov: 126 ft: 533 corp: 70/11773b lim: 333 exec/s: 6827 rss: 30Mb L: 183/333 MS: 4 ShuffleBytes-ChangeBit-ChangeBinInt-EraseBytes-
#13920	REDUCE cov: 126 ft: 533 corp: 70/11738b lim: 333 exec/s: 6960 rss: 30Mb L: 51/333 MS: 1 EraseBytes-
#14208	NEW    cov: 126 ft: 534 corp: 71/11954b lim: 333 exec/s: 7104 rss: 30Mb L: 216/333 MS: 3 InsertByte-ChangeBinInt-EraseBytes-
#14477	REDUCE cov: 126 ft: 534 corp: 71/11953b lim: 333 exec/s: 7238 rss: 30Mb L: 177/333 MS: 4 PersAutoDict-ChangeBit-ChangeByte-EraseBytes- DE: "\000\010"-
#14690	REDUCE cov: 126 ft: 534 corp: 71/11948b lim: 333 exec/s: 7345 rss: 30Mb L: 231/333 MS: 3 InsertByte-CopyPart-EraseBytes-
#15011	REDUCE cov: 126 ft: 534 corp: 71/11945b lim: 333 exec/s: 7505 rss: 30Mb L: 67/333 MS: 1 EraseBytes-
#15118	REDUCE cov: 126 ft: 534 corp: 71/11925b lim: 333 exec/s: 7559 rss: 30Mb L: 159/333 MS: 2 InsertByte-EraseBytes-
#15164	REDUCE cov: 126 ft: 534 corp: 71/11904b lim: 333 exec/s: 7582 rss: 30Mb L: 159/333 MS: 1 EraseBytes-
#15166	REDUCE cov: 126 ft: 534 corp: 71/11903b lim: 333 exec/s: 7583 rss: 30Mb L: 9/333 MS: 2 InsertByte-EraseBytes-
#15172	REDUCE cov: 126 ft: 534 corp: 71/11839b lim: 333 exec/s: 7586 rss: 30Mb L: 81/333 MS: 1 EraseBytes-
#15510	REDUCE cov: 126 ft: 534 corp: 71/11834b lim: 333 exec/s: 7755 rss: 30Mb L: 135/333 MS: 3 CMP-EraseBytes-ChangeBit- DE: "\017\000"-
#15688	REDUCE cov: 126 ft: 534 corp: 71/11783b lim: 333 exec/s: 7844 rss: 30Mb L: 51/333 MS: 3 ChangeByte-ChangeBit-EraseBytes-
#15779	REDUCE cov: 126 ft: 534 corp: 71/11767b lim: 333 exec/s: 7889 rss: 30Mb L: 175/333 MS: 1 EraseBytes-
#16349	REDUCE cov: 126 ft: 534 corp: 71/11749b lim: 333 exec/s: 8174 rss: 30Mb L: 165/333 MS: 5 InsertByte-ChangeBit-ShuffleBytes-PersAutoDict-EraseBytes- DE: "X\000\000\000\000\000\000\000"-
#16384	pulse  cov: 126 ft: 534 corp: 71/11749b lim: 333 exec/s: 8192 rss: 30Mb
#16493	REDUCE cov: 126 ft: 534 corp: 71/11743b lim: 333 exec/s: 8246 rss: 30Mb L: 45/333 MS: 4 InsertByte-EraseBytes-ChangeBinInt-CrossOver-
#16495	REDUCE cov: 126 ft: 534 corp: 71/11708b lim: 333 exec/s: 8247 rss: 30Mb L: 275/333 MS: 2 ShuffleBytes-EraseBytes-
#16778	REDUCE cov: 126 ft: 534 corp: 71/11706b lim: 333 exec/s: 8389 rss: 30Mb L: 215/333 MS: 3 EraseBytes-CrossOver-InsertRepeatedBytes-
#16964	REDUCE cov: 126 ft: 534 corp: 71/11697b lim: 333 exec/s: 8482 rss: 30Mb L: 36/333 MS: 1 EraseBytes-
#17065	REDUCE cov: 126 ft: 534 corp: 71/11693b lim: 333 exec/s: 8532 rss: 30Mb L: 20/333 MS: 1 EraseBytes-
#17106	REDUCE cov: 126 ft: 536 corp: 72/11962b lim: 333 exec/s: 8553 rss: 30Mb L: 269/333 MS: 1 PersAutoDict- DE: "dref"-
#17645	REDUCE cov: 126 ft: 536 corp: 72/11960b lim: 333 exec/s: 8822 rss: 30Mb L: 65/333 MS: 4 EraseBytes-PersAutoDict-ChangeBit-CMP- DE: "\000L"-"stsd"-
#17677	REDUCE cov: 126 ft: 536 corp: 72/11958b lim: 333 exec/s: 8838 rss: 30Mb L: 78/333 MS: 2 CrossOver-CrossOver-
#17849	REDUCE cov: 126 ft: 536 corp: 72/11954b lim: 333 exec/s: 8924 rss: 30Mb L: 77/333 MS: 2 ChangeBinInt-EraseBytes-
#19245	REDUCE cov: 126 ft: 536 corp: 72/11951b lim: 341 exec/s: 6415 rss: 30Mb L: 33/333 MS: 1 EraseBytes-
#19333	REDUCE cov: 126 ft: 536 corp: 72/11944b lim: 341 exec/s: 6444 rss: 30Mb L: 170/333 MS: 3 CMP-ShuffleBytes-EraseBytes- DE: "\000\000\177\374g\351a\340"-
#19773	REDUCE cov: 126 ft: 536 corp: 72/11896b lim: 341 exec/s: 6591 rss: 30Mb L: 117/333 MS: 5 ShuffleBytes-EraseBytes-ChangeBinInt-ChangeByte-CMP- DE: "\001\000"-
#20214	REDUCE cov: 126 ft: 536 corp: 72/11892b lim: 341 exec/s: 6738 rss: 30Mb L: 110/333 MS: 1 EraseBytes-
#20734	NEW    cov: 126 ft: 537 corp: 73/12156b lim: 341 exec/s: 6911 rss: 30Mb L: 264/333 MS: 5 ChangeBit-PersAutoDict-CrossOver-ChangeBit-EraseBytes- DE: "\000\013"-
#20868	REDUCE cov: 126 ft: 537 corp: 73/12127b lim: 341 exec/s: 6956 rss: 30Mb L: 130/333 MS: 4 CrossOver-PersAutoDict-ChangeByte-CrossOver- DE: "dinf"-
#21134	REDUCE cov: 126 ft: 537 corp: 73/12125b lim: 341 exec/s: 7044 rss: 30Mb L: 128/333 MS: 1 EraseBytes-
#21258	REDUCE cov: 126 ft: 537 corp: 73/12123b lim: 341 exec/s: 7086 rss: 30Mb L: 49/333 MS: 4 ChangeASCIIInt-CopyPart-InsertByte-CrossOver-
#21378	REDUCE cov: 126 ft: 537 corp: 73/12118b lim: 341 exec/s: 7126 rss: 30Mb L: 201/333 MS: 5 CrossOver-PersAutoDict-ChangeBinInt-ChangeASCIIInt-EraseBytes- DE: "hvc1"-
#21705	REDUCE cov: 126 ft: 537 corp: 73/12112b lim: 341 exec/s: 7235 rss: 30Mb L: 164/333 MS: 2 ChangeBinInt-EraseBytes-
#21898	REDUCE cov: 126 ft: 537 corp: 73/12089b lim: 341 exec/s: 7299 rss: 30Mb L: 55/333 MS: 3 InsertByte-ChangeBinInt-EraseBytes-
#22237	REDUCE cov: 126 ft: 537 corp: 73/12088b lim: 341 exec/s: 7412 rss: 30Mb L: 34/333 MS: 4 ShuffleBytes-PersAutoDict-ChangeBinInt-EraseBytes- DE: "\017\000"-
#22389	REDUCE cov: 126 ft: 537 corp: 73/12087b lim: 341 exec/s: 7463 rss: 30Mb L: 12/333 MS: 2 CrossOver-EraseBytes-
#22406	REDUCE cov: 126 ft: 537 corp: 73/12080b lim: 341 exec/s: 7468 rss: 30Mb L: 212/333 MS: 2 ChangeASCIIInt-CrossOver-
#23257	NEW    cov: 126 ft: 539 corp: 74/12422b lim: 349 exec/s: 7752 rss: 30Mb L: 342/342 MS: 1 CrossOver-
#23859	REDUCE cov: 126 ft: 539 corp: 74/12413b lim: 349 exec/s: 7953 rss: 30Mb L: 207/342 MS: 2 ChangeBinInt-EraseBytes-
#24170	REDUCE cov: 126 ft: 539 corp: 74/12412b lim: 349 exec/s: 8056 rss: 30Mb L: 8/342 MS: 1 EraseBytes-
#25043	REDUCE cov: 126 ft: 539 corp: 74/12411b lim: 357 exec/s: 8347 rss: 30Mb L: 134/342 MS: 3 InsertByte-ChangeBinInt-EraseBytes-
#26706	REDUCE cov: 126 ft: 539 corp: 74/12403b lim: 373 exec/s: 6676 rss: 30Mb L: 223/342 MS: 3 ShuffleBytes-ChangeBit-EraseBytes-
#27262	REDUCE cov: 126 ft: 539 corp: 74/12388b lim: 373 exec/s: 6815 rss: 30Mb L: 113/342 MS: 1 EraseBytes-
#27841	REDUCE cov: 126 ft: 539 corp: 74/12386b lim: 373 exec/s: 6960 rss: 41Mb L: 82/342 MS: 4 EraseBytes-ChangeBit-PersAutoDict-CrossOver- DE: "\377\377\377\007"-
#28072	REDUCE cov: 126 ft: 539 corp: 74/12381b lim: 373 exec/s: 7018 rss: 41Mb L: 172/342 MS: 1 EraseBytes-
#28326	REDUCE cov: 126 ft: 539 corp: 74/12380b lim: 373 exec/s: 7081 rss: 41Mb L: 33/342 MS: 4 EraseBytes-ChangeByte-InsertRepeatedBytes-EraseBytes-
#28624	REDUCE cov: 126 ft: 540 corp: 75/12730b lim: 373 exec/s: 7156 rss: 41Mb L: 350/350 MS: 3 InsertByte-ChangeBinInt-CopyPart-
#29665	REDUCE cov: 126 ft: 540 corp: 75/12729b lim: 381 exec/s: 7416 rss: 41Mb L: 81/350 MS: 1 EraseBytes-
#29756	REDUCE cov: 126 ft: 540 corp: 75/12727b lim: 381 exec/s: 7439 rss: 41Mb L: 17/350 MS: 1 EraseBytes-
#30145	REDUCE cov: 126 ft: 540 corp: 75/12714b lim: 381 exec/s: 7536 rss: 41Mb L: 162/350 MS: 4 ChangeBit-ChangeBit-ShuffleBytes-EraseBytes-
#30451	NEW    cov: 126 ft: 541 corp: 76/12893b lim: 381 exec/s: 7612 rss: 41Mb L: 179/350 MS: 1 CrossOver-
#31795	REDUCE cov: 126 ft: 541 corp: 76/12890b lim: 389 exec/s: 7948 rss: 41Mb L: 74/350 MS: 4 ChangeByte-ShuffleBytes-PersAutoDict-EraseBytes- DE: "\000!"-
#32623	REDUCE cov: 126 ft: 541 corp: 76/12889b lim: 397 exec/s: 6524 rss: 41Mb L: 121/350 MS: 3 ChangeByte-ChangeBit-EraseBytes-
#32768	pulse  cov: 126 ft: 541 corp: 76/12889b lim: 397 exec/s: 6553 rss: 41Mb
#35349	REDUCE cov: 126 ft: 541 corp: 76/12873b lim: 421 exec/s: 7069 rss: 41Mb L: 164/350 MS: 1 EraseBytes-
#35539	REDUCE cov: 126 ft: 541 corp: 76/12855b lim: 421 exec/s: 7107 rss: 41Mb L: 96/350 MS: 5 ShuffleBytes-ChangeBinInt-CrossOver-ShuffleBytes-InsertByte-
#36955	REDUCE cov: 126 ft: 541 corp: 76/12854b lim: 429 exec/s: 7391 rss: 41Mb L: 10/350 MS: 1 EraseBytes-
#37541	REDUCE cov: 126 ft: 541 corp: 76/12850b lim: 429 exec/s: 7508 rss: 41Mb L: 130/350 MS: 1 CrossOver-
#40707	NEW    cov: 126 ft: 542 corp: 77/13175b lim: 453 exec/s: 6784 rss: 41Mb L: 325/350 MS: 1 EraseBytes-
#40834	NEW    cov: 126 ft: 543 corp: 78/13548b lim: 453 exec/s: 6805 rss: 41Mb L: 373/373 MS: 2 EraseBytes-CrossOver-
#41008	NEW    cov: 126 ft: 544 corp: 79/13937b lim: 453 exec/s: 6834 rss: 41Mb L: 389/389 MS: 4 InsertRepeatedBytes-ChangeByte-PersAutoDict-CMP- DE: "avcC"-"\000\000"-
#41034	REDUCE cov: 126 ft: 544 corp: 79/13935b lim: 453 exec/s: 6839 rss: 41Mb L: 299/389 MS: 1 CrossOver-
#41095	REDUCE cov: 126 ft: 544 corp: 79/13933b lim: 453 exec/s: 6849 rss: 41Mb L: 10/389 MS: 1 EraseBytes-
#41138	REDUCE cov: 126 ft: 544 corp: 79/13886b lim: 453 exec/s: 6856 rss: 41Mb L: 222/389 MS: 3 InsertByte-ChangeByte-EraseBytes-
#42984	REDUCE cov: 126 ft: 544 corp: 79/13882b lim: 469 exec/s: 7164 rss: 41Mb L: 16/389 MS: 1 EraseBytes-
#43035	REDUCE cov: 126 ft: 544 corp: 79/13881b lim: 469 exec/s: 7172 rss: 41Mb L: 211/389 MS: 1 EraseBytes-
#43091	REDUCE cov: 126 ft: 544 corp: 79/13873b lim: 469 exec/s: 7181 rss: 41Mb L: 8/389 MS: 1 EraseBytes-
#43212	REDUCE cov: 126 ft: 544 corp: 79/13872b lim: 469 exec/s: 7202 rss: 41Mb L: 25/389 MS: 1 EraseBytes-
#43626	REDUCE cov: 126 ft: 544 corp: 79/13871b lim: 469 exec/s: 7271 rss: 41Mb L: 95/389 MS: 4 InsertRepeatedBytes-PersAutoDict-CrossOver-EraseBytes- DE: "\021\000\000\000\000\000\000\000"-
#44144	REDUCE cov: 126 ft: 550 corp: 80/14140b lim: 469 exec/s: 7357 rss: 41Mb L: 269/389 MS: 3 ShuffleBytes-ShuffleBytes-CMP- DE: "mfra"-
#45200	REDUCE cov: 126 ft: 550 corp: 80/14137b lim: 477 exec/s: 7533 rss: 41Mb L: 42/389 MS: 1 EraseBytes-
#45342	REDUCE cov: 126 ft: 559 corp: 81/14387b lim: 477 exec/s: 7557 rss: 41Mb L: 250/389 MS: 2 CMP-CrossOver- DE: "\351iKfVW\000\000"-
#46190	REDUCE cov: 126 ft: 559 corp: 81/14377b lim: 485 exec/s: 6598 rss: 41Mb L: 103/389 MS: 3 ChangeBit-ChangeBinInt-EraseBytes-
#47058	REDUCE cov: 126 ft: 559 corp: 81/14322b lim: 493 exec/s: 6722 rss: 41Mb L: 195/389 MS: 3 CrossOver-ChangeBinInt-EraseBytes-
#47089	REDUCE cov: 126 ft: 559 corp: 81/14301b lim: 493 exec/s: 6727 rss: 41Mb L: 174/389 MS: 1 EraseBytes-
#47826	REDUCE cov: 126 ft: 559 corp: 81/14263b lim: 493 exec/s: 6832 rss: 41Mb L: 136/389 MS: 2 ShuffleBytes-EraseBytes-
#47847	NEW    cov: 126 ft: 567 corp: 82/14596b lim: 493 exec/s: 6835 rss: 41Mb L: 333/389 MS: 1 CMP- DE: "pixi"-
#47848	REDUCE cov: 126 ft: 567 corp: 82/14592b lim: 493 exec/s: 6835 rss: 41Mb L: 91/389 MS: 1 EraseBytes-
#48339	REDUCE cov: 126 ft: 567 corp: 82/14456b lim: 493 exec/s: 6905 rss: 41Mb L: 184/389 MS: 1 EraseBytes-
#49304	REDUCE cov: 126 ft: 567 corp: 82/14406b lim: 501 exec/s: 7043 rss: 41Mb L: 300/389 MS: 5 InsertByte-ChangeASCIIInt-CrossOver-ChangeASCIIInt-EraseBytes-
#50137	REDUCE cov: 126 ft: 567 corp: 82/14369b lim: 509 exec/s: 7162 rss: 41Mb L: 99/389 MS: 3 ChangeByte-ChangeByte-EraseBytes-
#50878	REDUCE cov: 126 ft: 567 corp: 82/14368b lim: 509 exec/s: 7268 rss: 41Mb L: 50/389 MS: 1 EraseBytes-
#51911	REDUCE cov: 126 ft: 567 corp: 82/14367b lim: 517 exec/s: 6488 rss: 41Mb L: 9/389 MS: 3 CopyPart-ChangeBit-EraseBytes-
#52805	REDUCE cov: 126 ft: 567 corp: 82/14365b lim: 517 exec/s: 6600 rss: 41Mb L: 40/389 MS: 4 ShuffleBytes-ChangeASCIIInt-CrossOver-EraseBytes-
#53228	REDUCE cov: 126 ft: 567 corp: 82/14356b lim: 517 exec/s: 6653 rss: 41Mb L: 46/389 MS: 3 ChangeASCIIInt-ChangeBinInt-EraseBytes-
#54053	REDUCE cov: 126 ft: 567 corp: 82/14341b lim: 517 exec/s: 6756 rss: 41Mb L: 374/374 MS: 5 InsertRepeatedBytes-EraseBytes-CopyPart-ChangeBinInt-CrossOver-
#54196	REDUCE cov: 126 ft: 567 corp: 82/14340b lim: 517 exec/s: 6774 rss: 41Mb L: 109/374 MS: 3 ChangeBinInt-EraseBytes-PersAutoDict- DE: "X\000\000\000\000\000\000\000"-
#54501	REDUCE cov: 126 ft: 567 corp: 82/14322b lim: 517 exec/s: 6812 rss: 41Mb L: 315/374 MS: 5 ChangeBinInt-InsertByte-EraseBytes-PersAutoDict-InsertRepeatedBytes- DE: "\000\000"-
#55354	REDUCE cov: 126 ft: 568 corp: 83/14814b lim: 517 exec/s: 6919 rss: 41Mb L: 492/492 MS: 3 CrossOver-CopyPart-CrossOver-
#55640	REDUCE cov: 126 ft: 568 corp: 83/14779b lim: 517 exec/s: 6955 rss: 41Mb L: 187/492 MS: 1 CrossOver-
#56304	REDUCE cov: 126 ft: 572 corp: 84/14838b lim: 517 exec/s: 7038 rss: 41Mb L: 59/492 MS: 4 ShuffleBytes-CopyPart-ShuffleBytes-EraseBytes-
#57844	REDUCE cov: 126 ft: 572 corp: 84/14828b lim: 526 exec/s: 7230 rss: 41Mb L: 111/492 MS: 5 PersAutoDict-EraseBytes-ChangeByte-EraseBytes-InsertRepeatedBytes- DE: "hvc1"-
#58233	NEW    cov: 126 ft: 573 corp: 85/15336b lim: 526 exec/s: 6470 rss: 41Mb L: 508/508 MS: 4 CrossOver-ChangeByte-EraseBytes-CrossOver-
#58245	REDUCE cov: 126 ft: 573 corp: 85/15320b lim: 526 exec/s: 6471 rss: 41Mb L: 476/508 MS: 2 ChangeASCIIInt-EraseBytes-
#58276	REDUCE cov: 126 ft: 573 corp: 85/15317b lim: 526 exec/s: 6475 rss: 41Mb L: 47/508 MS: 1 EraseBytes-
#58900	REDUCE cov: 126 ft: 573 corp: 85/15305b lim: 526 exec/s: 6544 rss: 41Mb L: 147/508 MS: 4 EraseBytes-InsertByte-ChangeBinInt-CopyPart-
#59317	REDUCE cov: 126 ft: 573 corp: 85/15156b lim: 526 exec/s: 6590 rss: 41Mb L: 359/476 MS: 2 InsertByte-EraseBytes-
#60294	REDUCE cov: 126 ft: 573 corp: 85/15153b lim: 535 exec/s: 6699 rss: 41Mb L: 296/476 MS: 2 CMP-EraseBytes- DE: "mdat"-
#60520	REDUCE cov: 126 ft: 573 corp: 85/15130b lim: 535 exec/s: 6724 rss: 41Mb L: 76/476 MS: 1 EraseBytes-
#61393	REDUCE cov: 126 ft: 573 corp: 85/15123b lim: 535 exec/s: 6821 rss: 41Mb L: 194/476 MS: 3 ChangeBinInt-EraseBytes-PersAutoDict- DE: "\001\000WVp\223|\340"-
#62150	REDUCE cov: 126 ft: 573 corp: 85/15083b lim: 535 exec/s: 6905 rss: 41Mb L: 279/476 MS: 2 ShuffleBytes-EraseBytes-
#62412	REDUCE cov: 126 ft: 573 corp: 85/15075b lim: 535 exec/s: 6934 rss: 41Mb L: 154/476 MS: 2 ChangeBit-EraseBytes-
#65455	NEW    cov: 126 ft: 578 corp: 86/15430b lim: 562 exec/s: 6545 rss: 41Mb L: 355/476 MS: 3 InsertRepeatedBytes-ChangeByte-ChangeBinInt-
#65511	REDUCE cov: 126 ft: 578 corp: 86/15429b lim: 562 exec/s: 6551 rss: 41Mb L: 9/476 MS: 1 EraseBytes-
#65536	pulse  cov: 126 ft: 578 corp: 86/15429b lim: 562 exec/s: 6553 rss: 41Mb
#65622	REDUCE cov: 126 ft: 578 corp: 86/15425b lim: 562 exec/s: 6562 rss: 41Mb L: 143/476 MS: 1 EraseBytes-
#65673	REDUCE cov: 126 ft: 578 corp: 86/15417b lim: 562 exec/s: 6567 rss: 41Mb L: 25/476 MS: 1 EraseBytes-
#67857	REDUCE cov: 126 ft: 578 corp: 86/15398b lim: 580 exec/s: 6785 rss: 41Mb L: 260/476 MS: 4 CMP-ChangeASCIIInt-PersAutoDict-EraseBytes- DE: "\001\000\000 "-"\000\000\000\010"-
#68233	REDUCE cov: 126 ft: 578 corp: 86/15358b lim: 580 exec/s: 6823 rss: 41Mb L: 319/476 MS: 1 EraseBytes-
#68854	REDUCE cov: 126 ft: 578 corp: 86/15355b lim: 580 exec/s: 6885 rss: 41Mb L: 191/476 MS: 1 EraseBytes-
#70366	REDUCE cov: 126 ft: 578 corp: 86/15354b lim: 589 exec/s: 7036 rss: 41Mb L: 8/476 MS: 2 ChangeByte-EraseBytes-
#70932	REDUCE cov: 126 ft: 578 corp: 86/15322b lim: 589 exec/s: 6448 rss: 41Mb L: 190/476 MS: 1 EraseBytes-
#71213	REDUCE cov: 126 ft: 578 corp: 86/15321b lim: 589 exec/s: 6473 rss: 41Mb L: 163/476 MS: 1 EraseBytes-
#71245	REDUCE cov: 126 ft: 578 corp: 86/15319b lim: 589 exec/s: 6476 rss: 41Mb L: 260/476 MS: 2 EraseBytes-InsertRepeatedBytes-
#71285	REDUCE cov: 126 ft: 578 corp: 86/15318b lim: 589 exec/s: 6480 rss: 41Mb L: 373/476 MS: 5 ChangeASCIIInt-CopyPart-ShuffleBytes-ChangeBit-EraseBytes-
#71322	REDUCE cov: 126 ft: 578 corp: 86/15312b lim: 589 exec/s: 6483 rss: 41Mb L: 217/476 MS: 2 CrossOver-EraseBytes-
#71344	REDUCE cov: 126 ft: 578 corp: 86/15311b lim: 589 exec/s: 6485 rss: 41Mb L: 141/476 MS: 2 EraseBytes-InsertRepeatedBytes-
#72093	REDUCE cov: 126 ft: 578 corp: 86/15306b lim: 589 exec/s: 6553 rss: 41Mb L: 212/476 MS: 4 ChangeBit-ChangeBit-EraseBytes-InsertRepeatedBytes-
#72156	REDUCE cov: 126 ft: 578 corp: 86/15282b lim: 589 exec/s: 6559 rss: 41Mb L: 299/476 MS: 3 CrossOver-ChangeBit-EraseBytes-
#73594	REDUCE cov: 126 ft: 578 corp: 86/15266b lim: 598 exec/s: 6690 rss: 41Mb L: 259/476 MS: 3 PersAutoDict-ChangeBinInt-EraseBytes- DE: "\021\000\000\000\000\000\000\000"-
#75841	REDUCE cov: 126 ft: 578 corp: 86/15186b lim: 616 exec/s: 6894 rss: 41Mb L: 180/476 MS: 2 ChangeByte-EraseBytes-
#78312	REDUCE cov: 126 ft: 578 corp: 86/15185b lim: 634 exec/s: 6526 rss: 41Mb L: 75/476 MS: 1 EraseBytes-
#78689	REDUCE cov: 126 ft: 578 corp: 86/15166b lim: 634 exec/s: 6557 rss: 41Mb L: 296/476 MS: 2 ShuffleBytes-EraseBytes-
#80285	REDUCE cov: 126 ft: 578 corp: 86/15158b lim: 643 exec/s: 6690 rss: 41Mb L: 146/476 MS: 1 EraseBytes-
#81281	REDUCE cov: 126 ft: 578 corp: 86/15156b lim: 652 exec/s: 6773 rss: 41Mb L: 294/476 MS: 1 CrossOver-
==839237== ERROR: libFuzzer: out-of-memory (used: 1321Mb; limit: 1024Mb)
   To change the out-of-memory limit use -rss_limit_mb=<N>

MS: 1 PersAutoDict- DE: "hvc1"-; base unit: f07ba63f65a098498332ffbe490adff4e013156e
artifact_prefix='/results/crashes/20260313_185002_8435ae9d_'; Test unit written to /results/crashes/20260313_185002_8435ae9d_oom-5b5b5f04960d460fa3de32439c5bf2b648d5c412
SUMMARY: libFuzzer: out-of-memory
stat::number_of_executed_units: 84277
stat::average_exec_per_sec:     6019
stat::new_units_added:          295
stat::slowest_unit_time_sec:    0
stat::peak_rss_mb:              1322
