INFO: Running with entropic power schedule (0xFF, 100).
INFO: Seed: 723262104
INFO: Loaded 1 modules   (252 inline 8-bit counters): 252 [0x5fe1b303b678, 0x5fe1b303b774), 
INFO: Loaded 1 PC tables (252 PCs): 252 [0x5fe1b303b778,0x5fe1b303c738), 
INFO:        4 files found in /tmp/corpus_20260313_181438_f63ea920
INFO: seed corpus: files: 4 min: 48b max: 333b total: 853b rss: 28Mb
#5	INITED cov: 117 ft: 250 corp: 4/853b exec/s: 0 rss: 29Mb
#6	NEW    cov: 117 ft: 255 corp: 5/901b lim: 333 exec/s: 0 rss: 29Mb L: 48/333 MS: 1 ChangeByte-
#14	NEW    cov: 118 ft: 261 corp: 6/1210b lim: 333 exec/s: 0 rss: 29Mb L: 309/333 MS: 3 ChangeBinInt-CopyPart-CrossOver-
#15	NEW    cov: 120 ft: 278 corp: 7/1522b lim: 333 exec/s: 0 rss: 29Mb L: 312/333 MS: 1 CopyPart-
#17	NEW    cov: 120 ft: 288 corp: 8/1855b lim: 333 exec/s: 0 rss: 29Mb L: 333/333 MS: 2 CrossOver-CrossOver-
#18	NEW    cov: 120 ft: 289 corp: 9/2108b lim: 333 exec/s: 0 rss: 29Mb L: 253/333 MS: 1 InsertByte-
#19	NEW    cov: 120 ft: 311 corp: 10/2157b lim: 333 exec/s: 0 rss: 29Mb L: 49/333 MS: 1 InsertByte-
#21	NEW    cov: 120 ft: 318 corp: 11/2331b lim: 333 exec/s: 0 rss: 29Mb L: 174/333 MS: 2 CopyPart-CrossOver-
#31	NEW    cov: 120 ft: 319 corp: 12/2652b lim: 333 exec/s: 0 rss: 29Mb L: 321/333 MS: 5 CMP-ChangeByte-ShuffleBytes-ChangeBinInt-InsertRepeatedBytes- DE: "dinf"-
#36	NEW    cov: 120 ft: 321 corp: 13/2917b lim: 333 exec/s: 0 rss: 29Mb L: 265/333 MS: 5 CrossOver-CrossOver-CopyPart-CMP-InsertRepeatedBytes- DE: ",ils"-
#46	NEW    cov: 120 ft: 322 corp: 14/3136b lim: 333 exec/s: 0 rss: 29Mb L: 219/333 MS: 5 InsertRepeatedBytes-ChangeBinInt-CopyPart-PersAutoDict-EraseBytes- DE: "dinf"-
#48	NEW    cov: 120 ft: 323 corp: 15/3434b lim: 333 exec/s: 0 rss: 29Mb L: 298/333 MS: 2 ChangeBinInt-CrossOver-
#54	NEW    cov: 120 ft: 324 corp: 16/3734b lim: 333 exec/s: 0 rss: 29Mb L: 300/333 MS: 1 CMP- DE: "x\000"-
#56	NEW    cov: 120 ft: 327 corp: 17/3892b lim: 333 exec/s: 0 rss: 29Mb L: 158/333 MS: 2 ChangeBinInt-CrossOver-
#61	REDUCE cov: 120 ft: 327 corp: 17/3741b lim: 333 exec/s: 0 rss: 29Mb L: 170/333 MS: 5 ChangeByte-CopyPart-ChangeByte-EraseBytes-InsertRepeatedBytes-
#93	NEW    cov: 120 ft: 329 corp: 18/3901b lim: 333 exec/s: 0 rss: 29Mb L: 160/333 MS: 2 CopyPart-PersAutoDict- DE: "x\000"-
#94	NEW    cov: 120 ft: 331 corp: 19/4125b lim: 333 exec/s: 0 rss: 29Mb L: 224/333 MS: 1 PersAutoDict- DE: "dinf"-
#100	NEW    cov: 120 ft: 342 corp: 20/4223b lim: 333 exec/s: 0 rss: 29Mb L: 98/333 MS: 1 EraseBytes-
#111	NEW    cov: 120 ft: 343 corp: 21/4497b lim: 333 exec/s: 0 rss: 29Mb L: 274/333 MS: 1 CrossOver-
#112	NEW    cov: 120 ft: 345 corp: 22/4750b lim: 333 exec/s: 0 rss: 29Mb L: 253/333 MS: 1 ShuffleBytes-
#124	NEW    cov: 120 ft: 346 corp: 23/4831b lim: 333 exec/s: 0 rss: 29Mb L: 81/333 MS: 2 ChangeBinInt-CopyPart-
#127	NEW    cov: 120 ft: 347 corp: 24/5149b lim: 333 exec/s: 0 rss: 29Mb L: 318/333 MS: 3 ChangeByte-InsertRepeatedBytes-CMP- DE: "\013\000\000\000"-
#158	NEW    cov: 120 ft: 348 corp: 25/5369b lim: 333 exec/s: 0 rss: 29Mb L: 220/333 MS: 1 ChangeBinInt-
#163	NEW    cov: 120 ft: 375 corp: 26/5637b lim: 333 exec/s: 0 rss: 29Mb L: 268/333 MS: 5 ChangeBinInt-ShuffleBytes-InsertRepeatedBytes-EraseBytes-ChangeByte-
#164	NEW    cov: 120 ft: 376 corp: 27/5685b lim: 333 exec/s: 0 rss: 29Mb L: 48/333 MS: 1 CrossOver-
#169	NEW    cov: 120 ft: 380 corp: 28/5996b lim: 333 exec/s: 0 rss: 29Mb L: 311/333 MS: 5 ChangeBinInt-InsertRepeatedBytes-ShuffleBytes-ChangeByte-CopyPart-
#171	NEW    cov: 120 ft: 383 corp: 29/6031b lim: 333 exec/s: 0 rss: 29Mb L: 35/333 MS: 2 ChangeBit-EraseBytes-
#177	NEW    cov: 121 ft: 384 corp: 30/6197b lim: 333 exec/s: 0 rss: 29Mb L: 166/333 MS: 1 CMP- DE: "\001\000_\341\320(\267\240"-
#206	NEW    cov: 122 ft: 385 corp: 31/6199b lim: 333 exec/s: 0 rss: 29Mb L: 2/333 MS: 4 InsertByte-ChangeBinInt-ChangeBit-CrossOver-
#213	NEW    cov: 122 ft: 394 corp: 32/6404b lim: 333 exec/s: 0 rss: 29Mb L: 205/333 MS: 2 ShuffleBytes-EraseBytes-
#239	REDUCE cov: 122 ft: 394 corp: 32/6356b lim: 333 exec/s: 0 rss: 29Mb L: 226/333 MS: 1 EraseBytes-
#246	REDUCE cov: 122 ft: 394 corp: 32/6355b lim: 333 exec/s: 0 rss: 29Mb L: 1/333 MS: 2 ChangeByte-EraseBytes-
#288	NEW    cov: 122 ft: 395 corp: 33/6405b lim: 333 exec/s: 0 rss: 29Mb L: 50/333 MS: 2 ChangeBit-InsertByte-
#293	NEW    cov: 122 ft: 397 corp: 34/6443b lim: 333 exec/s: 0 rss: 29Mb L: 38/333 MS: 5 EraseBytes-CrossOver-PersAutoDict-ShuffleBytes-InsertRepeatedBytes- DE: "x\000"-
#311	NEW    cov: 122 ft: 410 corp: 35/6540b lim: 333 exec/s: 0 rss: 29Mb L: 97/333 MS: 3 ShuffleBytes-ChangeBit-EraseBytes-
#313	NEW    cov: 122 ft: 411 corp: 36/6806b lim: 333 exec/s: 0 rss: 29Mb L: 266/333 MS: 2 CopyPart-InsertByte-
#345	NEW    cov: 122 ft: 417 corp: 37/7136b lim: 333 exec/s: 0 rss: 29Mb L: 330/333 MS: 2 InsertRepeatedBytes-CopyPart-
#358	REDUCE cov: 122 ft: 417 corp: 37/7129b lim: 333 exec/s: 0 rss: 29Mb L: 198/333 MS: 3 InsertRepeatedBytes-EraseBytes-EraseBytes-
#370	NEW    cov: 122 ft: 425 corp: 38/7391b lim: 333 exec/s: 0 rss: 29Mb L: 262/333 MS: 2 PersAutoDict-InsertRepeatedBytes- DE: "dinf"-
#386	REDUCE cov: 122 ft: 442 corp: 39/7400b lim: 333 exec/s: 0 rss: 29Mb L: 9/333 MS: 1 CMP- DE: "\377\377^\341\320)X`"-
#394	NEW    cov: 122 ft: 443 corp: 40/7495b lim: 333 exec/s: 0 rss: 29Mb L: 95/333 MS: 3 CMP-ChangeBinInt-InsertRepeatedBytes- DE: "\377\377\377\000\000\000\000\002"-
#395	NEW    cov: 122 ft: 444 corp: 41/7539b lim: 333 exec/s: 0 rss: 29Mb L: 44/333 MS: 1 CrossOver-
#441	NEW    cov: 122 ft: 445 corp: 42/7588b lim: 333 exec/s: 0 rss: 29Mb L: 49/333 MS: 1 InsertByte-
#464	NEW    cov: 122 ft: 446 corp: 43/7693b lim: 333 exec/s: 0 rss: 29Mb L: 105/333 MS: 3 ShuffleBytes-ChangeByte-PersAutoDict- DE: "\377\377^\341\320)X`"-
#480	NEW    cov: 122 ft: 455 corp: 44/7716b lim: 333 exec/s: 0 rss: 29Mb L: 23/333 MS: 1 EraseBytes-
#534	NEW    cov: 122 ft: 456 corp: 45/8043b lim: 333 exec/s: 0 rss: 29Mb L: 327/333 MS: 4 ChangeASCIIInt-CMP-ChangeBinInt-CMP- DE: "St9exception"-"jso6"-
#554	NEW    cov: 122 ft: 466 corp: 46/8072b lim: 333 exec/s: 0 rss: 29Mb L: 29/333 MS: 5 CopyPart-ChangeBinInt-ChangeBit-ShuffleBytes-EraseBytes-
#557	REDUCE cov: 122 ft: 466 corp: 46/8015b lim: 333 exec/s: 0 rss: 29Mb L: 276/333 MS: 3 ChangeBit-ChangeASCIIInt-EraseBytes-
#579	REDUCE cov: 122 ft: 467 corp: 47/8282b lim: 333 exec/s: 0 rss: 29Mb L: 267/333 MS: 2 ChangeBit-CopyPart-
#582	REDUCE cov: 122 ft: 467 corp: 47/8274b lim: 333 exec/s: 0 rss: 29Mb L: 322/333 MS: 3 EraseBytes-ChangeBinInt-InsertRepeatedBytes-
#597	REDUCE cov: 122 ft: 467 corp: 47/8024b lim: 333 exec/s: 0 rss: 29Mb L: 48/333 MS: 5 ChangeBinInt-PersAutoDict-CopyPart-ChangeBit-CrossOver- DE: "x\000"-
#621	NEW    cov: 122 ft: 468 corp: 48/8297b lim: 333 exec/s: 0 rss: 29Mb L: 273/333 MS: 4 ChangeBit-EraseBytes-InsertRepeatedBytes-CrossOver-
#646	NEW    cov: 122 ft: 469 corp: 49/8324b lim: 333 exec/s: 0 rss: 29Mb L: 27/333 MS: 5 ChangeByte-ChangeBit-ChangeByte-CopyPart-CrossOver-
#668	NEW    cov: 122 ft: 470 corp: 50/8642b lim: 333 exec/s: 0 rss: 29Mb L: 318/333 MS: 2 ChangeBinInt-ShuffleBytes-
#730	NEW    cov: 122 ft: 475 corp: 51/8922b lim: 333 exec/s: 0 rss: 29Mb L: 280/333 MS: 2 InsertByte-CrossOver-
#801	REDUCE cov: 122 ft: 476 corp: 52/9253b lim: 333 exec/s: 0 rss: 29Mb L: 331/333 MS: 1 CrossOver-
#803	NEW    cov: 122 ft: 477 corp: 53/9580b lim: 333 exec/s: 0 rss: 29Mb L: 327/333 MS: 2 CopyPart-CopyPart-
#837	REDUCE cov: 122 ft: 477 corp: 53/9579b lim: 333 exec/s: 0 rss: 29Mb L: 169/333 MS: 4 PersAutoDict-ChangeBinInt-CrossOver-EraseBytes- DE: "\013\000\000\000"-
#919	REDUCE cov: 122 ft: 477 corp: 53/9570b lim: 333 exec/s: 0 rss: 29Mb L: 39/333 MS: 2 ChangeBinInt-EraseBytes-
#964	NEW    cov: 122 ft: 481 corp: 54/9881b lim: 333 exec/s: 0 rss: 29Mb L: 311/333 MS: 5 InsertRepeatedBytes-CrossOver-InsertByte-ChangeBinInt-PersAutoDict- DE: "jso6"-
#983	REDUCE cov: 122 ft: 481 corp: 54/9849b lim: 333 exec/s: 0 rss: 29Mb L: 166/333 MS: 4 CrossOver-ChangeByte-ChangeBit-EraseBytes-
#1279	NEW    cov: 122 ft: 487 corp: 55/10021b lim: 333 exec/s: 0 rss: 29Mb L: 172/333 MS: 1 EraseBytes-
#1365	REDUCE cov: 122 ft: 487 corp: 55/9940b lim: 333 exec/s: 0 rss: 29Mb L: 199/333 MS: 1 EraseBytes-
#1422	REDUCE cov: 122 ft: 487 corp: 55/9855b lim: 333 exec/s: 0 rss: 29Mb L: 81/333 MS: 2 EraseBytes-EraseBytes-
#1530	REDUCE cov: 122 ft: 487 corp: 55/9821b lim: 333 exec/s: 0 rss: 29Mb L: 47/333 MS: 3 ChangeBinInt-EraseBytes-EraseBytes-
#1574	REDUCE cov: 122 ft: 488 corp: 56/9831b lim: 333 exec/s: 0 rss: 29Mb L: 10/333 MS: 4 CopyPart-PersAutoDict-ChangeBinInt-PersAutoDict- DE: "dinf"-",ils"-
#1616	REDUCE cov: 122 ft: 488 corp: 56/9797b lim: 333 exec/s: 0 rss: 29Mb L: 293/333 MS: 2 ShuffleBytes-EraseBytes-
#1680	REDUCE cov: 122 ft: 488 corp: 56/9750b lim: 333 exec/s: 0 rss: 29Mb L: 219/333 MS: 4 EraseBytes-InsertRepeatedBytes-ChangeByte-EraseBytes-
#1683	REDUCE cov: 122 ft: 488 corp: 56/9749b lim: 333 exec/s: 0 rss: 29Mb L: 22/333 MS: 3 PersAutoDict-CMP-EraseBytes- DE: "\377\377^\341\320)X`"-"\002\000"-
#1687	REDUCE cov: 122 ft: 488 corp: 56/9746b lim: 333 exec/s: 0 rss: 29Mb L: 92/333 MS: 4 CMP-ShuffleBytes-ChangeByte-EraseBytes- DE: "stts"-
#1724	NEW    cov: 122 ft: 489 corp: 57/9754b lim: 333 exec/s: 0 rss: 29Mb L: 8/333 MS: 2 ShuffleBytes-EraseBytes-
#1767	REDUCE cov: 122 ft: 489 corp: 57/9751b lim: 333 exec/s: 0 rss: 29Mb L: 89/333 MS: 3 ChangeBit-ShuffleBytes-EraseBytes-
#2010	NEW    cov: 123 ft: 491 corp: 58/10084b lim: 333 exec/s: 0 rss: 29Mb L: 333/333 MS: 3 ShuffleBytes-ChangeByte-ShuffleBytes-
#2213	REDUCE cov: 123 ft: 491 corp: 58/10072b lim: 333 exec/s: 0 rss: 29Mb L: 36/333 MS: 3 ChangeByte-ChangeBinInt-EraseBytes-
#2244	REDUCE cov: 123 ft: 491 corp: 58/10070b lim: 333 exec/s: 0 rss: 29Mb L: 25/333 MS: 1 EraseBytes-
#2266	REDUCE cov: 123 ft: 491 corp: 58/10068b lim: 333 exec/s: 0 rss: 29Mb L: 20/333 MS: 2 ChangeBit-EraseBytes-
#2334	REDUCE cov: 123 ft: 491 corp: 58/10066b lim: 333 exec/s: 0 rss: 29Mb L: 34/333 MS: 3 ChangeBit-PersAutoDict-EraseBytes- DE: "\013\000\000\000"-
#2342	REDUCE cov: 123 ft: 491 corp: 58/10052b lim: 333 exec/s: 0 rss: 29Mb L: 20/333 MS: 3 CMP-ChangeBit-EraseBytes- DE: "mdia"-
#2586	REDUCE cov: 123 ft: 491 corp: 58/10049b lim: 333 exec/s: 0 rss: 29Mb L: 32/333 MS: 4 ChangeBinInt-InsertByte-EraseBytes-PersAutoDict- DE: "\001\000_\341\320(\267\240"-
#2608	REDUCE cov: 123 ft: 491 corp: 58/10018b lim: 333 exec/s: 0 rss: 29Mb L: 195/333 MS: 2 CopyPart-EraseBytes-
#2654	REDUCE cov: 123 ft: 491 corp: 58/9999b lim: 333 exec/s: 0 rss: 29Mb L: 139/333 MS: 1 EraseBytes-
#2886	REDUCE cov: 123 ft: 491 corp: 58/9993b lim: 333 exec/s: 0 rss: 29Mb L: 312/333 MS: 2 CrossOver-EraseBytes-
#2889	REDUCE cov: 123 ft: 491 corp: 58/9990b lim: 333 exec/s: 0 rss: 29Mb L: 216/333 MS: 3 ChangeBit-ChangeByte-CrossOver-
#3110	REDUCE cov: 123 ft: 491 corp: 58/9892b lim: 333 exec/s: 0 rss: 29Mb L: 101/333 MS: 1 EraseBytes-
#3217	NEW    cov: 123 ft: 492 corp: 59/10162b lim: 333 exec/s: 0 rss: 29Mb L: 270/333 MS: 2 PersAutoDict-CopyPart- DE: "\377\377^\341\320)X`"-
#3244	REDUCE cov: 123 ft: 492 corp: 59/10132b lim: 333 exec/s: 0 rss: 29Mb L: 190/333 MS: 2 ChangeByte-EraseBytes-
#3339	REDUCE cov: 123 ft: 492 corp: 59/10125b lim: 333 exec/s: 0 rss: 29Mb L: 320/333 MS: 5 PersAutoDict-CopyPart-InsertByte-ChangeByte-CrossOver- DE: "stts"-
#3395	REDUCE cov: 123 ft: 492 corp: 59/9977b lim: 333 exec/s: 0 rss: 29Mb L: 145/333 MS: 1 CrossOver-
#3410	REDUCE cov: 123 ft: 492 corp: 59/9968b lim: 333 exec/s: 0 rss: 29Mb L: 207/333 MS: 5 ChangeASCIIInt-ChangeASCIIInt-InsertRepeatedBytes-InsertByte-EraseBytes-
#3555	NEW    cov: 123 ft: 493 corp: 60/10300b lim: 333 exec/s: 0 rss: 29Mb L: 332/333 MS: 5 InsertByte-InsertByte-PersAutoDict-InsertRepeatedBytes-CopyPart- DE: "\377\377^\341\320)X`"-
#3657	REDUCE cov: 123 ft: 493 corp: 60/10299b lim: 333 exec/s: 0 rss: 29Mb L: 100/333 MS: 2 CrossOver-EraseBytes-
#3736	REDUCE cov: 123 ft: 493 corp: 60/10266b lim: 333 exec/s: 0 rss: 29Mb L: 287/333 MS: 4 ChangeByte-EraseBytes-PersAutoDict-CopyPart- DE: "stts"-
#4000	REDUCE cov: 123 ft: 493 corp: 60/10242b lim: 333 exec/s: 0 rss: 29Mb L: 228/333 MS: 4 ChangeBit-ShuffleBytes-PersAutoDict-EraseBytes- DE: ",ils"-
#4021	REDUCE cov: 123 ft: 493 corp: 60/10239b lim: 333 exec/s: 0 rss: 29Mb L: 17/333 MS: 1 EraseBytes-
#4192	REDUCE cov: 123 ft: 493 corp: 60/10175b lim: 333 exec/s: 0 rss: 29Mb L: 248/333 MS: 1 EraseBytes-
#4418	REDUCE cov: 123 ft: 493 corp: 60/10171b lim: 333 exec/s: 0 rss: 29Mb L: 13/333 MS: 1 EraseBytes-
#4553	REDUCE cov: 123 ft: 496 corp: 61/10379b lim: 333 exec/s: 0 rss: 29Mb L: 208/333 MS: 5 InsertByte-ChangeBit-ChangeByte-ChangeByte-CMP- DE: "hvcC"-
#4613	REDUCE cov: 123 ft: 496 corp: 61/10376b lim: 333 exec/s: 0 rss: 29Mb L: 17/333 MS: 5 ShuffleBytes-ChangeBit-PersAutoDict-ShuffleBytes-EraseBytes- DE: "hvcC"-
#4659	REDUCE cov: 124 ft: 497 corp: 62/10608b lim: 333 exec/s: 0 rss: 29Mb L: 232/333 MS: 1 PersAutoDict- DE: "stts"-
#4721	REDUCE cov: 124 ft: 497 corp: 62/10607b lim: 333 exec/s: 0 rss: 29Mb L: 48/333 MS: 2 ChangeBit-EraseBytes-
#4752	REDUCE cov: 124 ft: 497 corp: 62/10596b lim: 333 exec/s: 0 rss: 29Mb L: 37/333 MS: 1 EraseBytes-
#4773	REDUCE cov: 124 ft: 497 corp: 62/10574b lim: 333 exec/s: 0 rss: 29Mb L: 25/333 MS: 1 EraseBytes-
#4893	NEW    cov: 124 ft: 500 corp: 63/10857b lim: 333 exec/s: 0 rss: 29Mb L: 283/333 MS: 5 ChangeByte-CrossOver-CopyPart-ChangeBit-EraseBytes-
#5057	REDUCE cov: 124 ft: 500 corp: 63/10851b lim: 333 exec/s: 0 rss: 29Mb L: 26/333 MS: 4 ShuffleBytes-ChangeBit-ShuffleBytes-EraseBytes-
#5101	REDUCE cov: 124 ft: 500 corp: 63/10824b lim: 333 exec/s: 0 rss: 29Mb L: 201/333 MS: 4 EraseBytes-ChangeByte-CMP-CopyPart- DE: "\000\000\000\001\000\000\000\001"-
#5245	REDUCE cov: 124 ft: 500 corp: 63/10816b lim: 333 exec/s: 0 rss: 29Mb L: 161/333 MS: 4 InsertRepeatedBytes-ChangeBinInt-EraseBytes-CMP- DE: "stss"-
#5295	REDUCE cov: 124 ft: 500 corp: 63/10808b lim: 333 exec/s: 0 rss: 29Mb L: 29/333 MS: 5 PersAutoDict-InsertByte-ChangeBit-ShuffleBytes-EraseBytes- DE: "\000\000\000\001\000\000\000\001"-
#5346	REDUCE cov: 124 ft: 500 corp: 63/10806b lim: 333 exec/s: 0 rss: 29Mb L: 11/333 MS: 1 EraseBytes-
#5369	REDUCE cov: 124 ft: 500 corp: 63/10715b lim: 333 exec/s: 0 rss: 29Mb L: 117/333 MS: 3 PersAutoDict-CopyPart-EraseBytes- DE: "\000\000\000\001\000\000\000\001"-
#5396	REDUCE cov: 124 ft: 500 corp: 63/10667b lim: 333 exec/s: 0 rss: 29Mb L: 252/333 MS: 2 ChangeBit-EraseBytes-
#5454	REDUCE cov: 124 ft: 500 corp: 63/10655b lim: 333 exec/s: 0 rss: 29Mb L: 310/333 MS: 3 CrossOver-ChangeBit-EraseBytes-
#5524	REDUCE cov: 124 ft: 500 corp: 63/10651b lim: 333 exec/s: 0 rss: 29Mb L: 25/333 MS: 5 EraseBytes-CMP-InsertByte-ChangeBit-PersAutoDict- DE: "\011\000\000\000"-"mdia"-
#5567	NEW    cov: 124 ft: 505 corp: 64/10912b lim: 333 exec/s: 0 rss: 29Mb L: 261/333 MS: 3 PersAutoDict-ChangeBit-InsertRepeatedBytes- DE: "\000\000\000\001\000\000\000\001"-
#5799	NEW    cov: 125 ft: 506 corp: 65/11107b lim: 333 exec/s: 0 rss: 30Mb L: 195/333 MS: 2 InsertRepeatedBytes-CMP- DE: "pixi"-
#6124	REDUCE cov: 125 ft: 506 corp: 65/11106b lim: 333 exec/s: 6124 rss: 30Mb L: 173/333 MS: 5 ChangeBinInt-ChangeByte-CMP-ChangeASCIIInt-EraseBytes- DE: "strk"-
#6187	REDUCE cov: 125 ft: 506 corp: 65/11098b lim: 333 exec/s: 6187 rss: 30Mb L: 240/333 MS: 1 EraseBytes-
#6235	NEW    cov: 125 ft: 519 corp: 66/11394b lim: 333 exec/s: 6235 rss: 30Mb L: 296/333 MS: 3 EraseBytes-CopyPart-PersAutoDict- DE: "pixi"-
#6238	REDUCE cov: 125 ft: 519 corp: 66/11390b lim: 333 exec/s: 6238 rss: 30Mb L: 305/333 MS: 3 CrossOver-ShuffleBytes-InsertRepeatedBytes-
#6344	REDUCE cov: 125 ft: 519 corp: 66/11388b lim: 333 exec/s: 6344 rss: 30Mb L: 42/333 MS: 1 EraseBytes-
#6495	REDUCE cov: 125 ft: 519 corp: 66/11375b lim: 333 exec/s: 6495 rss: 30Mb L: 270/333 MS: 1 EraseBytes-
#6553	REDUCE cov: 125 ft: 519 corp: 66/11374b lim: 333 exec/s: 6553 rss: 30Mb L: 266/333 MS: 3 EraseBytes-CMP-CopyPart- DE: "\000\000\000T"-
#6632	NEW    cov: 125 ft: 520 corp: 67/11635b lim: 333 exec/s: 6632 rss: 30Mb L: 261/333 MS: 4 ChangeBinInt-ChangeBinInt-ShuffleBytes-ChangeBinInt-
#6876	REDUCE cov: 125 ft: 520 corp: 67/11485b lim: 333 exec/s: 6876 rss: 30Mb L: 120/333 MS: 4 CrossOver-InsertRepeatedBytes-ChangeBinInt-CrossOver-
#6922	REDUCE cov: 125 ft: 520 corp: 67/11471b lim: 333 exec/s: 6922 rss: 30Mb L: 256/333 MS: 1 EraseBytes-
==731983== ERROR: libFuzzer: out-of-memory (used: 1367Mb; limit: 1024Mb)
   To change the out-of-memory limit use -rss_limit_mb=<N>

MS: 4 InsertRepeatedBytes-ChangeBinInt-PersAutoDict-EraseBytes- DE: "strk"-; base unit: 11dd816eb35e45f03d29d075d299204632e2f2b7
0x0,0x0,0x0,0x1c,0x66,0x74,0x79,0x70,0x4d,0x34,0x56,0x20,0x0,0x0,0x0,0x0,0x4d,0x34,0x56,0x20,0x6d,0x70,0x34,0x31,0x69,0x73,0x6f,0x6d,0x0,0x0,0x0,0xe0,0x6d,0x6f,0x6f,0x76,0x0,0x0,0x0,0x58,0x6d,0x65,0x74,0x61,0x0,0x0,0x0,0x0,0x0,0x0,0x0,0x21,0x68,0x64,0x6c,0x72,0x0,0x0,0x0,0x0,0x0,0x0,0x0,0x0,0x6d,0x64,0x69,0x72,0x61,0x70,0x70,0x6c,0x0,0x0,0x0,0x0,0x0,0x0,0x0,0x0,0x0,0x0,0x0,0x0,0x2b,0x69,0x6c,0x73,0x75,0x57,0x57,0x57,0x57,0x57,0x57,0x57,0x57,0x57,0x57,0x57,0x57,0x57,0x57,0x57,0x57,0x57,0x57,0x57,0x57,0x57,0x57,0x57,0x57,0x57,0x57,0x57,0x57,0x57,0x0,0x0,0x0,0x22,0xc2,0xa9,0x6e,0x61,0x6d,0x0,0x0,0x0,0x1a,0x73,0x74,0x72,0x6b,0x0,0x0,0x0,0x1,0x0,0x0,0x0,0x0,0x54,0x6c,0x73,0x74,0x20,0xd6,0x69,0x64,0x65,0x6f,
\000\000\000\034ftypM4V \000\000\000\000M4V mp41isom\000\000\000\340moov\000\000\000Xmeta\000\000\000\000\000\000\000!hdlr\000\000\000\000\000\000\000\000mdirappl\000\000\000\000\000\000\000\000\000\000\000\000+ilsuWWWWWWWWWWWWWWWWWWWWWWWWWWWWW\000\000\000\"\302\251nam\000\000\000\032strk\000\000\000\001\000\000\000\000Tlst \326ideo
artifact_prefix='/results/crashes/20260313_181438_f63ea920_'; Test unit written to /results/crashes/20260313_181438_f63ea920_oom-3b82f0d3a9d69958cf8d7d8870697a03352dc86d
Base64: AAAAHGZ0eXBNNFYgAAAAAE00ViBtcDQxaXNvbQAAAOBtb292AAAAWG1ldGEAAAAAAAAAIWhkbHIAAAAAAAAAAG1kaXJhcHBsAAAAAAAAAAAAAAAAK2lsc3VXV1dXV1dXV1dXV1dXV1dXV1dXV1dXV1dXV1dXVwAAACLCqW5hbQAAABpzdHJrAAAAAQAAAABUbHN0INZpZGVv
SUMMARY: libFuzzer: out-of-memory
stat::number_of_executed_units: 7031
stat::average_exec_per_sec:     3515
stat::new_units_added:          123
stat::slowest_unit_time_sec:    0
stat::peak_rss_mb:              1368
