INFO: Running with entropic power schedule (0xFF, 100).
INFO: Seed: 2577933506
INFO: Loaded 1 modules   (252 inline 8-bit counters): 252 [0x5f3b44c9a678, 0x5f3b44c9a774), 
INFO: Loaded 1 PC tables (252 PCs): 252 [0x5f3b44c9a778,0x5f3b44c9b738), 
INFO:        4 files found in /tmp/corpus_20260313_173547_608d2a08
INFO: seed corpus: files: 4 min: 48b max: 333b total: 853b rss: 28Mb
#5	INITED cov: 117 ft: 251 corp: 4/853b exec/s: 0 rss: 29Mb
#8	NEW    cov: 118 ft: 260 corp: 5/1015b lim: 333 exec/s: 0 rss: 29Mb L: 162/333 MS: 3 InsertByte-InsertByte-EraseBytes-
#10	NEW    cov: 119 ft: 263 corp: 6/1218b lim: 333 exec/s: 0 rss: 29Mb L: 203/333 MS: 2 ChangeByte-EraseBytes-
#14	NEW    cov: 119 ft: 264 corp: 7/1470b lim: 333 exec/s: 0 rss: 29Mb L: 252/333 MS: 4 CMP-CMP-ChangeByte-CrossOver- DE: "\015\000"-"\376\377\377\377\377\377\377\177"-
#16	NEW    cov: 119 ft: 265 corp: 8/1729b lim: 333 exec/s: 0 rss: 29Mb L: 259/333 MS: 2 ChangeASCIIInt-InsertRepeatedBytes-
#17	NEW    cov: 119 ft: 289 corp: 9/1778b lim: 333 exec/s: 0 rss: 29Mb L: 49/333 MS: 1 InsertByte-
#25	NEW    cov: 119 ft: 290 corp: 10/2067b lim: 333 exec/s: 0 rss: 29Mb L: 289/333 MS: 3 CopyPart-ChangeByte-InsertRepeatedBytes-
#27	NEW    cov: 119 ft: 296 corp: 11/2214b lim: 333 exec/s: 0 rss: 29Mb L: 147/333 MS: 2 ChangeBit-EraseBytes-
#35	NEW    cov: 119 ft: 306 corp: 12/2272b lim: 333 exec/s: 0 rss: 29Mb L: 58/333 MS: 3 ChangeASCIIInt-ChangeByte-InsertRepeatedBytes-
#38	NEW    cov: 119 ft: 316 corp: 13/2339b lim: 333 exec/s: 0 rss: 29Mb L: 67/333 MS: 3 ChangeASCIIInt-InsertByte-PersAutoDict- DE: "\376\377\377\377\377\377\377\177"-
#39	NEW    cov: 119 ft: 317 corp: 14/2381b lim: 333 exec/s: 0 rss: 29Mb L: 42/333 MS: 1 EraseBytes-
#42	NEW    cov: 119 ft: 326 corp: 15/2676b lim: 333 exec/s: 0 rss: 29Mb L: 295/333 MS: 3 ShuffleBytes-ChangeByte-CopyPart-
#44	NEW    cov: 119 ft: 327 corp: 16/3009b lim: 333 exec/s: 0 rss: 29Mb L: 333/333 MS: 2 ChangeBit-PersAutoDict- DE: "\015\000"-
#50	NEW    cov: 119 ft: 339 corp: 17/3038b lim: 333 exec/s: 0 rss: 29Mb L: 29/333 MS: 1 EraseBytes-
#57	NEW    cov: 119 ft: 340 corp: 18/3371b lim: 333 exec/s: 0 rss: 29Mb L: 333/333 MS: 2 ChangeBinInt-CopyPart-
#67	REDUCE cov: 119 ft: 340 corp: 18/3366b lim: 333 exec/s: 0 rss: 29Mb L: 24/333 MS: 5 CopyPart-ChangeBit-ChangeBit-ChangeASCIIInt-EraseBytes-
#68	NEW    cov: 119 ft: 356 corp: 19/3382b lim: 333 exec/s: 0 rss: 29Mb L: 16/333 MS: 1 CrossOver-
#72	NEW    cov: 119 ft: 357 corp: 20/3715b lim: 333 exec/s: 0 rss: 29Mb L: 333/333 MS: 4 ChangeBinInt-ChangeBinInt-ShuffleBytes-ChangeBit-
#80	NEW    cov: 119 ft: 358 corp: 21/3779b lim: 333 exec/s: 0 rss: 29Mb L: 64/333 MS: 3 ChangeASCIIInt-ShuffleBytes-InsertRepeatedBytes-
#83	NEW    cov: 119 ft: 362 corp: 22/3951b lim: 333 exec/s: 0 rss: 29Mb L: 172/333 MS: 3 CMP-ChangeASCIIInt-InsertRepeatedBytes- DE: "\001 "-
#84	NEW    cov: 120 ft: 363 corp: 23/4269b lim: 333 exec/s: 0 rss: 29Mb L: 318/333 MS: 1 CrossOver-
#87	REDUCE cov: 120 ft: 364 corp: 24/4358b lim: 333 exec/s: 0 rss: 29Mb L: 89/333 MS: 3 ChangeBit-ShuffleBytes-InsertRepeatedBytes-
#93	REDUCE cov: 120 ft: 365 corp: 25/4419b lim: 333 exec/s: 0 rss: 29Mb L: 61/333 MS: 1 CrossOver-
#102	NEW    cov: 120 ft: 372 corp: 26/4487b lim: 333 exec/s: 0 rss: 29Mb L: 68/333 MS: 4 ShuffleBytes-ShuffleBytes-PersAutoDict-CrossOver- DE: "\001 "-
#103	NEW    cov: 120 ft: 375 corp: 27/4585b lim: 333 exec/s: 0 rss: 29Mb L: 98/333 MS: 1 InsertRepeatedBytes-
#105	NEW    cov: 120 ft: 376 corp: 28/4882b lim: 333 exec/s: 0 rss: 29Mb L: 297/333 MS: 2 ChangeByte-InsertRepeatedBytes-
#107	NEW    cov: 120 ft: 381 corp: 29/4973b lim: 333 exec/s: 0 rss: 29Mb L: 91/333 MS: 2 CopyPart-EraseBytes-
#113	NEW    cov: 120 ft: 382 corp: 30/5274b lim: 333 exec/s: 0 rss: 29Mb L: 301/333 MS: 1 CMP- DE: "\377\377\377\007"-
#117	NEW    cov: 120 ft: 383 corp: 31/5543b lim: 333 exec/s: 0 rss: 29Mb L: 269/333 MS: 4 ChangeByte-InsertRepeatedBytes-EraseBytes-EraseBytes-
#120	NEW    cov: 120 ft: 384 corp: 32/5593b lim: 333 exec/s: 0 rss: 29Mb L: 50/333 MS: 3 CMP-ShuffleBytes-EraseBytes- DE: "ispe"-
#128	NEW    cov: 120 ft: 385 corp: 33/5798b lim: 333 exec/s: 0 rss: 29Mb L: 205/333 MS: 3 CrossOver-ShuffleBytes-CrossOver-
#142	NEW    cov: 120 ft: 386 corp: 34/5863b lim: 333 exec/s: 0 rss: 29Mb L: 65/333 MS: 4 ChangeASCIIInt-ChangeASCIIInt-ChangeBinInt-CMP- DE: "$\000\000\000"-
#161	NEW    cov: 120 ft: 387 corp: 35/6163b lim: 333 exec/s: 0 rss: 29Mb L: 300/333 MS: 4 CMP-InsertByte-InsertRepeatedBytes-CopyPart- DE: "V\000\000\000"-
#167	NEW    cov: 120 ft: 389 corp: 36/6180b lim: 333 exec/s: 0 rss: 29Mb L: 17/333 MS: 1 InsertByte-
#169	NEW    cov: 120 ft: 394 corp: 37/6228b lim: 333 exec/s: 0 rss: 29Mb L: 48/333 MS: 2 ChangeBit-CrossOver-
#203	NEW    cov: 120 ft: 395 corp: 38/6490b lim: 333 exec/s: 0 rss: 29Mb L: 262/333 MS: 4 ShuffleBytes-CMP-InsertRepeatedBytes-CrossOver- DE: "\002\000\000\000\001\000\000\000"-
#208	NEW    cov: 120 ft: 396 corp: 39/6543b lim: 333 exec/s: 0 rss: 29Mb L: 53/333 MS: 5 ChangeBit-PersAutoDict-ChangeASCIIInt-ChangeBinInt-EraseBytes- DE: "\001 "-
#213	NEW    cov: 120 ft: 397 corp: 40/6833b lim: 333 exec/s: 0 rss: 29Mb L: 290/333 MS: 5 ChangeBit-ChangeBit-CopyPart-CrossOver-PersAutoDict- DE: "$\000\000\000"-
#216	REDUCE cov: 120 ft: 397 corp: 40/6762b lim: 333 exec/s: 0 rss: 29Mb L: 229/333 MS: 3 ChangeByte-ChangeBit-EraseBytes-
#269	NEW    cov: 120 ft: 400 corp: 41/7032b lim: 333 exec/s: 0 rss: 29Mb L: 270/333 MS: 3 InsertRepeatedBytes-ChangeBinInt-CopyPart-
#272	NEW    cov: 120 ft: 401 corp: 42/7113b lim: 333 exec/s: 0 rss: 29Mb L: 81/333 MS: 3 ChangeByte-PersAutoDict-CrossOver- DE: "\002\000\000\000\001\000\000\000"-
#306	NEW    cov: 120 ft: 402 corp: 43/7212b lim: 333 exec/s: 0 rss: 29Mb L: 99/333 MS: 4 ChangeASCIIInt-ChangeByte-InsertByte-InsertRepeatedBytes-
#356	NEW    cov: 120 ft: 403 corp: 44/7291b lim: 333 exec/s: 0 rss: 29Mb L: 79/333 MS: 5 ChangeASCIIInt-CMP-InsertByte-EraseBytes-CopyPart- DE: "\001\010"-
#365	REDUCE cov: 120 ft: 404 corp: 45/7602b lim: 333 exec/s: 0 rss: 29Mb L: 311/333 MS: 4 CopyPart-ChangeBit-ShuffleBytes-InsertByte-
#368	NEW    cov: 120 ft: 408 corp: 46/7883b lim: 333 exec/s: 0 rss: 29Mb L: 281/333 MS: 3 InsertRepeatedBytes-ChangeASCIIInt-InsertRepeatedBytes-
#430	NEW    cov: 121 ft: 409 corp: 47/8158b lim: 333 exec/s: 0 rss: 29Mb L: 275/333 MS: 2 ChangeBinInt-EraseBytes-
#433	REDUCE cov: 121 ft: 409 corp: 47/8130b lim: 333 exec/s: 0 rss: 29Mb L: 63/333 MS: 3 ChangeBit-InsertByte-EraseBytes-
#436	REDUCE cov: 121 ft: 409 corp: 47/8127b lim: 333 exec/s: 0 rss: 29Mb L: 50/333 MS: 3 InsertByte-InsertByte-EraseBytes-
#472	REDUCE cov: 121 ft: 409 corp: 47/8118b lim: 333 exec/s: 0 rss: 29Mb L: 309/333 MS: 1 EraseBytes-
#483	NEW    cov: 121 ft: 411 corp: 48/8339b lim: 333 exec/s: 0 rss: 29Mb L: 221/333 MS: 1 InsertByte-
#623	NEW    cov: 121 ft: 436 corp: 49/8634b lim: 333 exec/s: 0 rss: 29Mb L: 295/333 MS: 5 ChangeBinInt-ShuffleBytes-ChangeByte-ChangeByte-ChangeBinInt-
#707	REDUCE cov: 121 ft: 436 corp: 49/8633b lim: 333 exec/s: 0 rss: 29Mb L: 16/333 MS: 4 CMP-ChangeByte-CMP-EraseBytes- DE: "\237\015\217];_\000\000"-"\237\000\000\270"-
#708	NEW    cov: 121 ft: 446 corp: 50/8697b lim: 333 exec/s: 0 rss: 29Mb L: 64/333 MS: 1 ChangeBinInt-
#725	REDUCE cov: 121 ft: 446 corp: 50/8681b lim: 333 exec/s: 0 rss: 29Mb L: 63/333 MS: 2 CrossOver-EraseBytes-
#749	REDUCE cov: 121 ft: 446 corp: 50/8678b lim: 333 exec/s: 0 rss: 29Mb L: 259/333 MS: 4 PersAutoDict-InsertByte-CMP-EraseBytes- DE: "V\000\000\000"-"\000\027"-
#770	NEW    cov: 122 ft: 447 corp: 51/8679b lim: 333 exec/s: 0 rss: 29Mb L: 1/333 MS: 1 CrossOver-
#801	REDUCE cov: 122 ft: 448 corp: 52/8908b lim: 333 exec/s: 0 rss: 29Mb L: 229/333 MS: 1 ChangeByte-
#831	REDUCE cov: 122 ft: 448 corp: 52/8751b lim: 333 exec/s: 0 rss: 29Mb L: 138/333 MS: 5 PersAutoDict-CMP-CopyPart-ChangeByte-CrossOver- DE: "$\000\000\000"-"\377\377\377\377\377\377\377}"-
#872	REDUCE cov: 122 ft: 448 corp: 52/8724b lim: 333 exec/s: 0 rss: 29Mb L: 282/333 MS: 1 EraseBytes-
#888	NEW    cov: 122 ft: 456 corp: 53/8735b lim: 333 exec/s: 0 rss: 29Mb L: 11/333 MS: 1 EraseBytes-
#903	NEW    cov: 122 ft: 462 corp: 54/9054b lim: 333 exec/s: 0 rss: 29Mb L: 319/333 MS: 5 CopyPart-InsertByte-CrossOver-CopyPart-InsertRepeatedBytes-
#968	NEW    cov: 122 ft: 463 corp: 55/9379b lim: 333 exec/s: 0 rss: 29Mb L: 325/333 MS: 5 PersAutoDict-InsertByte-ChangeByte-CrossOver-InsertByte- DE: "\000\027"-
#1171	REDUCE cov: 122 ft: 463 corp: 55/9378b lim: 333 exec/s: 0 rss: 29Mb L: 98/333 MS: 3 ChangeBinInt-ShuffleBytes-EraseBytes-
#1278	REDUCE cov: 122 ft: 463 corp: 55/9372b lim: 333 exec/s: 0 rss: 29Mb L: 58/333 MS: 2 CMP-EraseBytes- DE: "\001\000_;]\217\266J"-
#1280	REDUCE cov: 122 ft: 464 corp: 56/9692b lim: 333 exec/s: 0 rss: 29Mb L: 320/333 MS: 2 ChangeBit-CopyPart-
#1292	NEW    cov: 122 ft: 470 corp: 57/9993b lim: 333 exec/s: 0 rss: 29Mb L: 301/333 MS: 2 CrossOver-CopyPart-
#1331	REDUCE cov: 122 ft: 470 corp: 57/9991b lim: 333 exec/s: 0 rss: 29Mb L: 9/333 MS: 4 CopyPart-PersAutoDict-EraseBytes-EraseBytes- DE: "\377\377\377\007"-
#1426	NEW    cov: 122 ft: 477 corp: 58/10324b lim: 333 exec/s: 0 rss: 29Mb L: 333/333 MS: 5 ChangeBit-CopyPart-ShuffleBytes-CopyPart-CrossOver-
#1434	REDUCE cov: 122 ft: 477 corp: 58/10239b lim: 333 exec/s: 0 rss: 29Mb L: 248/333 MS: 3 CrossOver-CMP-EraseBytes- DE: "Or\246D;_\000\000"-
#1791	REDUCE cov: 122 ft: 477 corp: 58/10234b lim: 333 exec/s: 0 rss: 29Mb L: 277/333 MS: 2 ChangeByte-CrossOver-
#1806	NEW    cov: 122 ft: 480 corp: 59/10565b lim: 333 exec/s: 0 rss: 29Mb L: 331/333 MS: 5 ChangeBinInt-ChangeBit-InsertRepeatedBytes-CopyPart-InsertByte-
#1818	REDUCE cov: 122 ft: 481 corp: 60/10843b lim: 333 exec/s: 0 rss: 29Mb L: 278/333 MS: 2 InsertRepeatedBytes-CopyPart-
#1830	REDUCE cov: 122 ft: 481 corp: 60/10839b lim: 333 exec/s: 0 rss: 29Mb L: 255/333 MS: 2 ChangeBit-CrossOver-
#1923	REDUCE cov: 122 ft: 481 corp: 60/10760b lim: 333 exec/s: 0 rss: 29Mb L: 150/333 MS: 3 ChangeASCIIInt-ChangeBit-EraseBytes-
#1971	REDUCE cov: 122 ft: 482 corp: 61/11028b lim: 333 exec/s: 0 rss: 29Mb L: 268/333 MS: 3 ChangeByte-CrossOver-CMP- DE: "avcC"-
#2022	REDUCE cov: 122 ft: 482 corp: 61/11005b lim: 333 exec/s: 0 rss: 29Mb L: 124/333 MS: 1 EraseBytes-
#2103	NEW    cov: 122 ft: 487 corp: 62/11238b lim: 333 exec/s: 0 rss: 29Mb L: 233/333 MS: 1 CrossOver-
#2157	REDUCE cov: 122 ft: 487 corp: 62/11198b lim: 333 exec/s: 0 rss: 29Mb L: 229/333 MS: 4 EraseBytes-ShuffleBytes-CopyPart-InsertByte-
#2202	NEW    cov: 122 ft: 488 corp: 63/11531b lim: 333 exec/s: 0 rss: 29Mb L: 333/333 MS: 5 CopyPart-CrossOver-ChangeASCIIInt-ChangeBinInt-PersAutoDict- DE: "avcC"-
#2213	NEW    cov: 122 ft: 489 corp: 64/11764b lim: 333 exec/s: 0 rss: 29Mb L: 233/333 MS: 1 ChangeBit-
#2244	REDUCE cov: 122 ft: 489 corp: 64/11760b lim: 333 exec/s: 0 rss: 29Mb L: 291/333 MS: 1 EraseBytes-
#2355	REDUCE cov: 122 ft: 489 corp: 64/11749b lim: 333 exec/s: 0 rss: 29Mb L: 52/333 MS: 1 EraseBytes-
#2434	REDUCE cov: 122 ft: 489 corp: 64/11747b lim: 333 exec/s: 0 rss: 29Mb L: 148/333 MS: 4 InsertByte-InsertRepeatedBytes-ChangeBit-EraseBytes-
#2452	REDUCE cov: 122 ft: 489 corp: 64/11746b lim: 333 exec/s: 0 rss: 29Mb L: 57/333 MS: 3 InsertByte-PersAutoDict-CrossOver- DE: "\001 "-
#2470	REDUCE cov: 122 ft: 489 corp: 64/11735b lim: 333 exec/s: 0 rss: 29Mb L: 127/333 MS: 3 ChangeBit-PersAutoDict-EraseBytes- DE: "\001\010"-
#2491	REDUCE cov: 122 ft: 489 corp: 64/11705b lim: 333 exec/s: 0 rss: 29Mb L: 94/333 MS: 1 EraseBytes-
#2554	REDUCE cov: 122 ft: 489 corp: 64/11702b lim: 333 exec/s: 0 rss: 29Mb L: 200/333 MS: 3 InsertByte-CMP-EraseBytes- DE: "\377\377\377\011"-
#2649	REDUCE cov: 122 ft: 489 corp: 64/11584b lim: 333 exec/s: 0 rss: 29Mb L: 150/333 MS: 5 ChangeASCIIInt-ChangeASCIIInt-ChangeBinInt-ShuffleBytes-CrossOver-
#2665	NEW    cov: 122 ft: 490 corp: 65/11812b lim: 333 exec/s: 0 rss: 29Mb L: 228/333 MS: 1 PersAutoDict- DE: "\237\015\217];_\000\000"-
#2671	NEW    cov: 122 ft: 496 corp: 66/12045b lim: 333 exec/s: 0 rss: 29Mb L: 233/333 MS: 1 ChangeByte-
#2831	REDUCE cov: 122 ft: 496 corp: 66/12031b lim: 333 exec/s: 0 rss: 29Mb L: 28/333 MS: 5 ChangeASCIIInt-ChangeASCIIInt-ChangeBinInt-ShuffleBytes-EraseBytes-
#2865	REDUCE cov: 122 ft: 496 corp: 66/12021b lim: 333 exec/s: 0 rss: 29Mb L: 117/333 MS: 4 CopyPart-InsertRepeatedBytes-ChangeBit-EraseBytes-
#2867	REDUCE cov: 122 ft: 496 corp: 66/12007b lim: 333 exec/s: 0 rss: 29Mb L: 14/333 MS: 2 ChangeBit-EraseBytes-
#2948	REDUCE cov: 122 ft: 496 corp: 66/11976b lim: 333 exec/s: 0 rss: 29Mb L: 244/333 MS: 1 EraseBytes-
#3061	REDUCE cov: 122 ft: 496 corp: 66/11881b lim: 333 exec/s: 0 rss: 29Mb L: 153/333 MS: 3 ChangeByte-ChangeBinInt-EraseBytes-
#3127	NEW    cov: 123 ft: 497 corp: 67/12078b lim: 333 exec/s: 0 rss: 29Mb L: 197/333 MS: 1 EraseBytes-
#3135	REDUCE cov: 123 ft: 497 corp: 67/12054b lim: 333 exec/s: 0 rss: 29Mb L: 26/333 MS: 3 ChangeByte-ChangeBit-EraseBytes-
#3139	REDUCE cov: 123 ft: 497 corp: 67/12031b lim: 333 exec/s: 0 rss: 29Mb L: 71/333 MS: 4 CMP-CopyPart-ChangeBit-EraseBytes- DE: "ipma"-
#3242	REDUCE cov: 123 ft: 497 corp: 67/11984b lim: 333 exec/s: 0 rss: 29Mb L: 205/333 MS: 3 ShuffleBytes-ChangeByte-EraseBytes-
#3327	NEW    cov: 123 ft: 498 corp: 68/12317b lim: 333 exec/s: 0 rss: 29Mb L: 333/333 MS: 5 CrossOver-CMP-CopyPart-ChangeBit-CopyPart- DE: "\037\000\000\000"-
#3567	NEW    cov: 123 ft: 499 corp: 69/12325b lim: 333 exec/s: 0 rss: 29Mb L: 8/333 MS: 5 CrossOver-InsertByte-PersAutoDict-ChangeBit-PersAutoDict- DE: "V\000\000\000"-"\001\010"-
#3738	REDUCE cov: 123 ft: 499 corp: 69/12324b lim: 333 exec/s: 0 rss: 29Mb L: 8/333 MS: 1 EraseBytes-
#3768	REDUCE cov: 123 ft: 499 corp: 69/12309b lim: 333 exec/s: 0 rss: 29Mb L: 266/333 MS: 5 ChangeBit-ChangeASCIIInt-EraseBytes-CrossOver-PersAutoDict- DE: "\377\377\377\377\377\377\377}"-
#3866	REDUCE cov: 123 ft: 499 corp: 69/12165b lim: 333 exec/s: 0 rss: 29Mb L: 189/333 MS: 3 ChangeByte-CMP-EraseBytes- DE: "\001\000|\021\304\001|\263"-
#3874	REDUCE cov: 123 ft: 499 corp: 69/12164b lim: 333 exec/s: 0 rss: 29Mb L: 228/333 MS: 3 ChangeBit-EraseBytes-CrossOver-
#4086	REDUCE cov: 123 ft: 499 corp: 69/12148b lim: 333 exec/s: 0 rss: 29Mb L: 243/333 MS: 2 ShuffleBytes-EraseBytes-
#4339	REDUCE cov: 123 ft: 511 corp: 70/12341b lim: 333 exec/s: 0 rss: 29Mb L: 193/333 MS: 3 InsertByte-CrossOver-CMP- DE: "pixi"-
#4376	REDUCE cov: 123 ft: 511 corp: 70/12320b lim: 333 exec/s: 0 rss: 29Mb L: 298/333 MS: 2 InsertByte-EraseBytes-
#4388	REDUCE cov: 123 ft: 511 corp: 70/12316b lim: 333 exec/s: 0 rss: 29Mb L: 144/333 MS: 2 ChangeBinInt-EraseBytes-
#4447	REDUCE cov: 123 ft: 511 corp: 70/12274b lim: 333 exec/s: 0 rss: 29Mb L: 75/333 MS: 4 CMP-CrossOver-EraseBytes-EraseBytes- DE: "mdia"-
#4485	REDUCE cov: 123 ft: 511 corp: 70/12269b lim: 333 exec/s: 0 rss: 29Mb L: 167/333 MS: 3 InsertByte-CrossOver-InsertRepeatedBytes-
#4486	REDUCE cov: 123 ft: 511 corp: 70/12264b lim: 333 exec/s: 0 rss: 29Mb L: 284/333 MS: 1 EraseBytes-
#4529	NEW    cov: 123 ft: 512 corp: 71/12534b lim: 333 exec/s: 0 rss: 29Mb L: 270/333 MS: 3 ChangeByte-ChangeASCIIInt-EraseBytes-
#4555	REDUCE cov: 123 ft: 512 corp: 71/12531b lim: 333 exec/s: 0 rss: 29Mb L: 330/333 MS: 1 EraseBytes-
#4624	REDUCE cov: 123 ft: 519 corp: 72/12736b lim: 333 exec/s: 0 rss: 29Mb L: 205/333 MS: 4 ChangeBinInt-ChangeBinInt-ChangeBit-CrossOver-
#4625	REDUCE cov: 123 ft: 519 corp: 72/12693b lim: 333 exec/s: 0 rss: 29Mb L: 290/333 MS: 1 EraseBytes-
#4702	REDUCE cov: 123 ft: 519 corp: 72/12692b lim: 333 exec/s: 0 rss: 29Mb L: 13/333 MS: 2 ShuffleBytes-EraseBytes-
#4848	REDUCE cov: 123 ft: 519 corp: 72/12628b lim: 333 exec/s: 0 rss: 29Mb L: 226/333 MS: 1 EraseBytes-
#5050	REDUCE cov: 123 ft: 519 corp: 72/12548b lim: 333 exec/s: 0 rss: 29Mb L: 253/333 MS: 2 PersAutoDict-EraseBytes- DE: "mdia"-
#5166	REDUCE cov: 124 ft: 520 corp: 73/12649b lim: 333 exec/s: 0 rss: 29Mb L: 101/333 MS: 1 EraseBytes-
#5168	REDUCE cov: 124 ft: 520 corp: 73/12648b lim: 333 exec/s: 0 rss: 29Mb L: 12/333 MS: 2 InsertByte-EraseBytes-
#5207	REDUCE cov: 124 ft: 520 corp: 73/12644b lim: 333 exec/s: 0 rss: 29Mb L: 326/333 MS: 4 ChangeBit-InsertByte-ChangeBit-EraseBytes-
#5228	REDUCE cov: 124 ft: 520 corp: 73/12548b lim: 333 exec/s: 0 rss: 29Mb L: 130/333 MS: 1 EraseBytes-
#5616	NEW    cov: 124 ft: 521 corp: 74/12812b lim: 333 exec/s: 0 rss: 29Mb L: 264/333 MS: 3 CopyPart-EraseBytes-CrossOver-
#5665	REDUCE cov: 124 ft: 521 corp: 74/12690b lim: 333 exec/s: 0 rss: 29Mb L: 179/333 MS: 4 EraseBytes-CrossOver-ChangeByte-PersAutoDict- DE: "\237\000\000\270"-
#5731	NEW    cov: 124 ft: 522 corp: 75/12955b lim: 333 exec/s: 0 rss: 29Mb L: 265/333 MS: 1 InsertByte-
#5792	REDUCE cov: 124 ft: 522 corp: 75/12949b lim: 333 exec/s: 0 rss: 29Mb L: 173/333 MS: 1 EraseBytes-
#6121	REDUCE cov: 124 ft: 522 corp: 75/12948b lim: 333 exec/s: 6121 rss: 29Mb L: 11/333 MS: 3 CopyPart-EraseBytes-EraseBytes-
#6157	REDUCE cov: 124 ft: 522 corp: 75/12947b lim: 333 exec/s: 6157 rss: 29Mb L: 74/333 MS: 1 EraseBytes-
#6169	REDUCE cov: 124 ft: 522 corp: 75/12944b lim: 333 exec/s: 6169 rss: 29Mb L: 8/333 MS: 2 ChangeBinInt-EraseBytes-
#6180	REDUCE cov: 124 ft: 522 corp: 75/12840b lim: 333 exec/s: 6180 rss: 29Mb L: 139/333 MS: 1 EraseBytes-
#6186	REDUCE cov: 124 ft: 522 corp: 75/12838b lim: 333 exec/s: 6186 rss: 29Mb L: 59/333 MS: 1 EraseBytes-
#6428	REDUCE cov: 124 ft: 522 corp: 75/12781b lim: 333 exec/s: 6428 rss: 29Mb L: 96/333 MS: 2 EraseBytes-PersAutoDict- DE: "\037\000\000\000"-
#6516	NEW    cov: 124 ft: 546 corp: 76/13018b lim: 333 exec/s: 6516 rss: 29Mb L: 237/333 MS: 3 ShuffleBytes-ChangeBinInt-CMP- DE: "mfra"-
#6548	REDUCE cov: 124 ft: 546 corp: 76/12965b lim: 333 exec/s: 6548 rss: 29Mb L: 97/333 MS: 2 ShuffleBytes-EraseBytes-
#6633	REDUCE cov: 124 ft: 546 corp: 76/12956b lim: 333 exec/s: 6633 rss: 29Mb L: 282/333 MS: 5 PersAutoDict-ChangeByte-EraseBytes-EraseBytes-CrossOver- DE: "\377\377\377\377\377\377\377}"-
#6901	REDUCE cov: 124 ft: 546 corp: 76/12952b lim: 333 exec/s: 6901 rss: 29Mb L: 60/333 MS: 3 ChangeBit-CopyPart-EraseBytes-
#7039	REDUCE cov: 124 ft: 547 corp: 77/13033b lim: 333 exec/s: 7039 rss: 29Mb L: 81/333 MS: 3 InsertByte-InsertByte-EraseBytes-
#7058	REDUCE cov: 124 ft: 547 corp: 77/13025b lim: 333 exec/s: 7058 rss: 29Mb L: 325/333 MS: 4 PersAutoDict-ChangeASCIIInt-ChangeBinInt-EraseBytes- DE: "avcC"-
#7181	REDUCE cov: 124 ft: 547 corp: 77/12986b lim: 333 exec/s: 7181 rss: 29Mb L: 58/333 MS: 3 ChangeBinInt-ShuffleBytes-EraseBytes-
#7228	REDUCE cov: 124 ft: 547 corp: 77/12897b lim: 333 exec/s: 7228 rss: 29Mb L: 236/333 MS: 2 ChangeBit-EraseBytes-
#7340	REDUCE cov: 124 ft: 547 corp: 77/12877b lim: 333 exec/s: 7340 rss: 29Mb L: 40/333 MS: 2 ChangeBit-EraseBytes-
#7395	REDUCE cov: 124 ft: 547 corp: 77/12866b lim: 333 exec/s: 7395 rss: 29Mb L: 182/333 MS: 5 ChangeByte-CopyPart-InsertByte-CrossOver-EraseBytes-
#7480	REDUCE cov: 124 ft: 547 corp: 77/12860b lim: 333 exec/s: 7480 rss: 29Mb L: 52/333 MS: 5 ChangeBit-ChangeByte-ChangeBit-EraseBytes-InsertByte-
#7505	REDUCE cov: 124 ft: 547 corp: 77/12802b lim: 333 exec/s: 7505 rss: 29Mb L: 178/333 MS: 5 PersAutoDict-CopyPart-CopyPart-ChangeByte-EraseBytes- DE: "\015\000"-
#7566	REDUCE cov: 124 ft: 547 corp: 77/12801b lim: 333 exec/s: 7566 rss: 29Mb L: 57/333 MS: 1 EraseBytes-
#7740	REDUCE cov: 124 ft: 548 corp: 78/13062b lim: 333 exec/s: 7740 rss: 29Mb L: 261/333 MS: 4 ChangeBinInt-ChangeBinInt-PersAutoDict-ShuffleBytes- DE: "\002\000\000\000\001\000\000\000"-
#7904	REDUCE cov: 124 ft: 548 corp: 78/13032b lim: 333 exec/s: 7904 rss: 29Mb L: 148/333 MS: 4 ChangeBinInt-ChangeBit-ShuffleBytes-CrossOver-
#8403	REDUCE cov: 124 ft: 548 corp: 78/12938b lim: 333 exec/s: 8403 rss: 29Mb L: 111/333 MS: 4 ShuffleBytes-ChangeByte-ChangeBinInt-EraseBytes-
#8510	NEW    cov: 124 ft: 553 corp: 79/13006b lim: 333 exec/s: 8510 rss: 29Mb L: 68/333 MS: 2 PersAutoDict-ChangeByte- DE: "pixi"-
#8576	REDUCE cov: 124 ft: 553 corp: 79/13005b lim: 333 exec/s: 8576 rss: 30Mb L: 58/333 MS: 1 EraseBytes-
#8730	REDUCE cov: 124 ft: 553 corp: 79/13002b lim: 333 exec/s: 8730 rss: 30Mb L: 145/333 MS: 4 ChangeBinInt-CrossOver-EraseBytes-CrossOver-
#8999	REDUCE cov: 124 ft: 553 corp: 79/12965b lim: 333 exec/s: 8999 rss: 30Mb L: 37/333 MS: 4 ChangeBinInt-ChangeBinInt-CMP-EraseBytes- DE: "\000\000\000\000\000\000\000\001"-
#9013	REDUCE cov: 124 ft: 553 corp: 79/12957b lim: 333 exec/s: 9013 rss: 30Mb L: 44/333 MS: 4 EraseBytes-PersAutoDict-ChangeByte-CopyPart- DE: "\237\015\217];_\000\000"-
#9040	REDUCE cov: 124 ft: 553 corp: 79/12865b lim: 333 exec/s: 9040 rss: 30Mb L: 234/333 MS: 2 ChangeByte-EraseBytes-
#9152	NEW    cov: 124 ft: 556 corp: 80/12906b lim: 333 exec/s: 9152 rss: 30Mb L: 41/333 MS: 2 PersAutoDict-EraseBytes- DE: "avcC"-
#9534	REDUCE cov: 124 ft: 556 corp: 80/12898b lim: 333 exec/s: 9534 rss: 30Mb L: 73/333 MS: 2 InsertRepeatedBytes-CrossOver-
#9554	REDUCE cov: 124 ft: 556 corp: 80/12891b lim: 333 exec/s: 9554 rss: 30Mb L: 175/333 MS: 5 CrossOver-ShuffleBytes-PersAutoDict-InsertByte-EraseBytes- DE: "\377\377\377\007"-
#9613	REDUCE cov: 124 ft: 556 corp: 80/12870b lim: 333 exec/s: 9613 rss: 30Mb L: 90/333 MS: 4 InsertRepeatedBytes-EraseBytes-ChangeByte-EraseBytes-
#9731	REDUCE cov: 124 ft: 556 corp: 80/12843b lim: 333 exec/s: 9731 rss: 30Mb L: 226/333 MS: 3 ChangeByte-CrossOver-ChangeByte-
#9819	REDUCE cov: 124 ft: 556 corp: 80/12789b lim: 333 exec/s: 9819 rss: 30Mb L: 91/333 MS: 3 InsertByte-PersAutoDict-EraseBytes- DE: "V\000\000\000"-
#10205	REDUCE cov: 124 ft: 556 corp: 80/12772b lim: 333 exec/s: 10205 rss: 30Mb L: 113/333 MS: 1 EraseBytes-
#10697	REDUCE cov: 124 ft: 556 corp: 80/12645b lim: 333 exec/s: 10697 rss: 30Mb L: 170/333 MS: 2 EraseBytes-EraseBytes-
#10911	REDUCE cov: 124 ft: 556 corp: 80/12639b lim: 333 exec/s: 10911 rss: 30Mb L: 305/333 MS: 4 ChangeBit-PersAutoDict-ShuffleBytes-EraseBytes- DE: "\000\027"-
#10981	REDUCE cov: 124 ft: 556 corp: 80/12623b lim: 333 exec/s: 10981 rss: 30Mb L: 266/333 MS: 5 EraseBytes-ChangeBinInt-ShuffleBytes-CrossOver-CopyPart-
#11022	REDUCE cov: 124 ft: 556 corp: 80/12580b lim: 333 exec/s: 11022 rss: 30Mb L: 47/333 MS: 1 EraseBytes-
#11444	REDUCE cov: 124 ft: 556 corp: 80/12524b lim: 333 exec/s: 11444 rss: 30Mb L: 234/333 MS: 2 ShuffleBytes-EraseBytes-
#11473	REDUCE cov: 124 ft: 556 corp: 80/12522b lim: 333 exec/s: 11473 rss: 30Mb L: 226/333 MS: 4 ChangeBit-ChangeByte-ShuffleBytes-EraseBytes-
#11535	REDUCE cov: 124 ft: 557 corp: 81/12620b lim: 333 exec/s: 11535 rss: 30Mb L: 98/333 MS: 2 ChangeBit-EraseBytes-
#11843	REDUCE cov: 124 ft: 557 corp: 81/12619b lim: 333 exec/s: 11843 rss: 30Mb L: 174/333 MS: 3 EraseBytes-ChangeASCIIInt-CopyPart-
#11855	REDUCE cov: 124 ft: 557 corp: 81/12616b lim: 333 exec/s: 11855 rss: 30Mb L: 88/333 MS: 2 ShuffleBytes-EraseBytes-
#12176	REDUCE cov: 124 ft: 557 corp: 81/12598b lim: 333 exec/s: 12176 rss: 30Mb L: 156/333 MS: 1 EraseBytes-
#12242	REDUCE cov: 124 ft: 557 corp: 81/12586b lim: 333 exec/s: 12242 rss: 30Mb L: 25/333 MS: 1 EraseBytes-
#13136	REDUCE cov: 124 ft: 557 corp: 81/12557b lim: 341 exec/s: 6568 rss: 30Mb L: 223/333 MS: 4 ChangeBit-EraseBytes-ChangeBit-InsertRepeatedBytes-
#13147	REDUCE cov: 124 ft: 557 corp: 81/12529b lim: 341 exec/s: 6573 rss: 30Mb L: 216/333 MS: 1 CrossOver-
#13274	REDUCE cov: 124 ft: 557 corp: 81/12517b lim: 341 exec/s: 6637 rss: 30Mb L: 28/333 MS: 2 ShuffleBytes-EraseBytes-
#13290	REDUCE cov: 124 ft: 557 corp: 81/12508b lim: 341 exec/s: 6645 rss: 30Mb L: 89/333 MS: 1 EraseBytes-
#13664	REDUCE cov: 124 ft: 557 corp: 81/12507b lim: 341 exec/s: 6832 rss: 30Mb L: 204/333 MS: 4 ShuffleBytes-InsertRepeatedBytes-CMP-EraseBytes- DE: "tapt"-
#13747	REDUCE cov: 124 ft: 557 corp: 81/12482b lim: 341 exec/s: 6873 rss: 30Mb L: 27/333 MS: 3 InsertByte-CopyPart-EraseBytes-
#13762	REDUCE cov: 124 ft: 557 corp: 81/12475b lim: 341 exec/s: 6881 rss: 30Mb L: 137/333 MS: 5 ShuffleBytes-InsertByte-EraseBytes-InsertRepeatedBytes-CopyPart-
#14030	REDUCE cov: 124 ft: 557 corp: 81/12452b lim: 341 exec/s: 7015 rss: 30Mb L: 133/333 MS: 3 ShuffleBytes-ChangeBit-EraseBytes-
#14034	REDUCE cov: 124 ft: 557 corp: 81/12427b lim: 341 exec/s: 7017 rss: 30Mb L: 48/333 MS: 4 ShuffleBytes-CMP-CopyPart-EraseBytes- DE: "\376\377\377\377"-
#14079	REDUCE cov: 124 ft: 557 corp: 81/12360b lim: 341 exec/s: 7039 rss: 30Mb L: 156/333 MS: 5 CMP-CopyPart-ChangeBit-ChangeBinInt-EraseBytes- DE: "\274\353\246D;_\000\000"-
#14674	REDUCE cov: 124 ft: 557 corp: 81/12349b lim: 341 exec/s: 7337 rss: 30Mb L: 294/333 MS: 5 ChangeASCIIInt-EraseBytes-ChangeBinInt-CopyPart-ChangeBinInt-
#14676	REDUCE cov: 124 ft: 557 corp: 81/12341b lim: 341 exec/s: 7338 rss: 30Mb L: 60/333 MS: 2 ShuffleBytes-EraseBytes-
#15281	REDUCE cov: 124 ft: 557 corp: 81/12336b lim: 341 exec/s: 7640 rss: 30Mb L: 250/333 MS: 5 ChangeASCIIInt-EraseBytes-CopyPart-CopyPart-EraseBytes-
#15432	REDUCE cov: 124 ft: 557 corp: 81/12330b lim: 341 exec/s: 7716 rss: 30Mb L: 133/333 MS: 1 EraseBytes-
#15444	REDUCE cov: 124 ft: 557 corp: 81/12291b lim: 341 exec/s: 7722 rss: 30Mb L: 94/333 MS: 2 CrossOver-EraseBytes-
#15490	REDUCE cov: 124 ft: 557 corp: 81/12287b lim: 341 exec/s: 7745 rss: 30Mb L: 24/333 MS: 1 EraseBytes-
==615285== ERROR: libFuzzer: out-of-memory (used: 2337Mb; limit: 1024Mb)
   To change the out-of-memory limit use -rss_limit_mb=<N>

MS: 2 InsertRepeatedBytes-CMP- DE: "avc1"-; base unit: 948f0db3d2d431b510f766346c8ccf0642bf1b5d
0x0,0x0,0x0,0x18,0x66,0x74,0x79,0x70,0x69,0x0,0x0,0x0,0x0,0x0,0x6d,0x70,0x34,0x32,0x69,0x73,0x6f,0x6d,0x0,0x0,0x0,0x18,0x6d,0xff,0x61,0x76,0x63,0x31,0xff,0xff,0xff,0xff,0xff,0xff,0xff,0xff,0xff,0xff,0xff,0x64,0x61,0x74,0x0,0x0,0x0,0x18,0x66,0x74,0x61,0x61,0x61,0x61,0x61,0x61,0x61,0x61,0x61,0x79,0x70,0xff,0xff,0xff,0xff,0xff,0xff,0xff,0xff,0xff,0xff,0xff,0xff,0xff,0xff,0xff,0xff,0xff,0xff,0xff,0xff,0xff,0xff,0xff,0xff,0xff,0xff,0xff,0xff,0xff,0xff,0xff,0xff,0xff,0xff,0xff,0xff,0xff,0xff,0xff,0xff,0xff,0xff,0xff,0xff,0xff,0xff,0xff,0xff,0xff,0xff,0xff,0xff,0xff,0xff,0xff,0xff,0xff,0xff,0xff,0xff,0xff,0xff,0xff,0xff,0xff,0xff,0xff,0xff,0xff,0xff,0xff,0xff,0xff,0xff,0xff,0xff,0xff,0xff,0xff,0x0,0x0,0x0,0x0,0x0,0x0,0x0,0x0,0x0,0x0,0x0,0x0,0x0,0x0,0x0,0x0,0x0,0x1c,0x66,0x74,0x0,0x0,0x55,0x6d,0x64,0x69,0x61,0x0,0x0,0x79,0x0,0x70,0x20,
\000\000\000\030ftypi\000\000\000\000\000mp42isom\000\000\000\030m\377avc1\377\377\377\377\377\377\377\377\377\377\377dat\000\000\000\030ftaaaaaaaaayp\377\377\377\377\377\377\377\377\377\377\377\377\377\377\377\377\377\377\377\377\377\377\377\377\377\377\377\377\377\377\377\377\377\377\377\377\377\377\377\377\377\377\377\377\377\377\377\377\377\377\377\377\377\377\377\377\377\377\377\377\377\377\377\377\377\377\377\377\377\377\377\377\377\377\377\377\377\377\377\000\000\000\000\000\000\000\000\000\000\000\000\000\000\000\000\000\034ft\000\000Umdia\000\000y\000p 
artifact_prefix='/results/crashes/20260313_173547_608d2a08_'; Test unit written to /results/crashes/20260313_173547_608d2a08_oom-f4d93cc35dafd154afc73b1ce61d8ee17e320b79
Base64: AAAAGGZ0eXBpAAAAAABtcDQyaXNvbQAAABht/2F2YzH//////////////2RhdAAAABhmdGFhYWFhYWFhYXlw/////////////////////////////////////////////////////////////////////////////////////////////////////////wAAAAAAAAAAAAAAAAAAAAAAHGZ0AABVbWRpYQAAeQBwIA==
SUMMARY: libFuzzer: out-of-memory
stat::number_of_executed_units: 15902
stat::average_exec_per_sec:     3975
stat::new_units_added:          188
stat::slowest_unit_time_sec:    0
stat::peak_rss_mb:              2338
