INFO: Running with entropic power schedule (0xFF, 100).
INFO: Seed: 1601387721
INFO: Loaded 1 modules   (252 inline 8-bit counters): 252 [0x63678750e678, 0x63678750e774), 
INFO: Loaded 1 PC tables (252 PCs): 252 [0x63678750e778,0x63678750f738), 
INFO:        4 files found in /tmp/corpus_20260313_162437_92ef4674
INFO: seed corpus: files: 4 min: 48b max: 333b total: 853b rss: 28Mb
#5	INITED cov: 118 ft: 253 corp: 4/853b exec/s: 0 rss: 29Mb
#7	NEW    cov: 118 ft: 268 corp: 5/935b lim: 333 exec/s: 0 rss: 29Mb L: 82/333 MS: 2 CrossOver-CopyPart-
#8	NEW    cov: 118 ft: 274 corp: 6/1221b lim: 333 exec/s: 0 rss: 29Mb L: 286/333 MS: 1 EraseBytes-
#10	NEW    cov: 119 ft: 277 corp: 7/1538b lim: 333 exec/s: 0 rss: 29Mb L: 317/333 MS: 2 ShuffleBytes-CopyPart-
#11	NEW    cov: 119 ft: 278 corp: 8/1832b lim: 333 exec/s: 0 rss: 29Mb L: 294/333 MS: 1 InsertRepeatedBytes-
#15	NEW    cov: 119 ft: 292 corp: 9/2015b lim: 333 exec/s: 0 rss: 29Mb L: 183/333 MS: 4 ShuffleBytes-ShuffleBytes-ChangeBit-EraseBytes-
#18	NEW    cov: 119 ft: 293 corp: 10/2313b lim: 333 exec/s: 0 rss: 29Mb L: 298/333 MS: 3 ChangeBinInt-CrossOver-InsertRepeatedBytes-
#20	NEW    cov: 119 ft: 302 corp: 11/2599b lim: 333 exec/s: 0 rss: 29Mb L: 286/333 MS: 2 ChangeBinInt-CopyPart-
#21	NEW    cov: 119 ft: 303 corp: 12/2689b lim: 333 exec/s: 0 rss: 29Mb L: 90/333 MS: 1 CMP- DE: "(\305\354\303gc\000\000"-
#26	NEW    cov: 119 ft: 317 corp: 13/2734b lim: 333 exec/s: 0 rss: 29Mb L: 45/333 MS: 5 EraseBytes-InsertByte-InsertRepeatedBytes-PersAutoDict-CrossOver- DE: "(\305\354\303gc\000\000"-
#27	NEW    cov: 121 ft: 319 corp: 14/3014b lim: 333 exec/s: 0 rss: 29Mb L: 280/333 MS: 1 InsertRepeatedBytes-
#36	NEW    cov: 121 ft: 320 corp: 15/3251b lim: 333 exec/s: 0 rss: 29Mb L: 237/333 MS: 4 ShuffleBytes-EraseBytes-ChangeByte-InsertRepeatedBytes-
#38	NEW    cov: 121 ft: 321 corp: 16/3584b lim: 333 exec/s: 0 rss: 29Mb L: 333/333 MS: 2 ShuffleBytes-ChangeBinInt-
#44	NEW    cov: 121 ft: 330 corp: 17/3917b lim: 333 exec/s: 0 rss: 29Mb L: 333/333 MS: 1 ChangeBinInt-
#47	NEW    cov: 121 ft: 337 corp: 18/4065b lim: 333 exec/s: 0 rss: 29Mb L: 148/333 MS: 3 InsertByte-CMP-EraseBytes- DE: "\003\000\000\000\001\000\000\000"-
#50	NEW    cov: 121 ft: 338 corp: 19/4277b lim: 333 exec/s: 0 rss: 29Mb L: 212/333 MS: 3 InsertRepeatedBytes-ChangeBinInt-InsertByte-
#52	NEW    cov: 121 ft: 339 corp: 20/4340b lim: 333 exec/s: 0 rss: 29Mb L: 63/333 MS: 2 ChangeBit-EraseBytes-
#54	REDUCE cov: 121 ft: 339 corp: 20/4337b lim: 333 exec/s: 0 rss: 29Mb L: 234/333 MS: 2 CopyPart-EraseBytes-
#66	NEW    cov: 121 ft: 340 corp: 21/4670b lim: 333 exec/s: 0 rss: 29Mb L: 333/333 MS: 2 ShuffleBytes-CopyPart-
#70	REDUCE cov: 121 ft: 340 corp: 21/4505b lim: 333 exec/s: 0 rss: 29Mb L: 168/333 MS: 4 CopyPart-ChangeByte-ChangeByte-CrossOver-
#76	NEW    cov: 121 ft: 345 corp: 22/4587b lim: 333 exec/s: 0 rss: 29Mb L: 82/333 MS: 1 CopyPart-
#80	NEW    cov: 121 ft: 346 corp: 23/4801b lim: 333 exec/s: 0 rss: 29Mb L: 214/333 MS: 4 PersAutoDict-ChangeBit-ChangeByte-CMP- DE: "(\305\354\303gc\000\000"-"\001 "-
#89	NEW    cov: 122 ft: 347 corp: 24/4960b lim: 333 exec/s: 0 rss: 29Mb L: 159/333 MS: 4 InsertRepeatedBytes-InsertByte-CMP-InsertRepeatedBytes- DE: "\001\000cg\303\354\224R"-
#91	NEW    cov: 122 ft: 351 corp: 25/5121b lim: 333 exec/s: 0 rss: 29Mb L: 161/333 MS: 2 CMP-EraseBytes- DE: "\000\000cg\303\355\005\""-
#101	NEW    cov: 122 ft: 357 corp: 26/5367b lim: 333 exec/s: 0 rss: 29Mb L: 246/333 MS: 5 CMP-PersAutoDict-InsertRepeatedBytes-ShuffleBytes-EraseBytes- DE: "\010\000"-"\001\000cg\303\354\224R"-
#115	NEW    cov: 122 ft: 358 corp: 27/5507b lim: 333 exec/s: 0 rss: 29Mb L: 140/333 MS: 4 ChangeByte-InsertRepeatedBytes-CrossOver-InsertByte-
#117	NEW    cov: 122 ft: 359 corp: 28/5758b lim: 333 exec/s: 0 rss: 29Mb L: 251/333 MS: 2 CMP-CopyPart- DE: "\377\007"-
#127	NEW    cov: 122 ft: 367 corp: 29/6034b lim: 333 exec/s: 0 rss: 29Mb L: 276/333 MS: 5 InsertByte-ChangeBinInt-ShuffleBytes-ChangeBit-InsertRepeatedBytes-
#131	NEW    cov: 123 ft: 375 corp: 30/6271b lim: 333 exec/s: 0 rss: 29Mb L: 237/333 MS: 4 ChangeBit-CrossOver-InsertRepeatedBytes-EraseBytes-
#142	REDUCE cov: 123 ft: 375 corp: 30/6239b lim: 333 exec/s: 0 rss: 29Mb L: 301/333 MS: 1 EraseBytes-
#148	REDUCE cov: 123 ft: 375 corp: 30/6235b lim: 333 exec/s: 0 rss: 29Mb L: 59/333 MS: 1 CrossOver-
#156	NEW    cov: 123 ft: 377 corp: 31/6379b lim: 333 exec/s: 0 rss: 29Mb L: 144/333 MS: 3 ChangeByte-ChangeBinInt-CrossOver-
#185	NEW    cov: 123 ft: 378 corp: 32/6604b lim: 333 exec/s: 0 rss: 29Mb L: 225/333 MS: 4 CopyPart-InsertRepeatedBytes-CrossOver-CrossOver-
#221	NEW    cov: 123 ft: 382 corp: 33/6652b lim: 333 exec/s: 0 rss: 29Mb L: 48/333 MS: 1 ShuffleBytes-
#232	NEW    cov: 123 ft: 383 corp: 34/6742b lim: 333 exec/s: 0 rss: 29Mb L: 90/333 MS: 1 CopyPart-
#278	NEW    cov: 123 ft: 384 corp: 35/6852b lim: 333 exec/s: 0 rss: 29Mb L: 110/333 MS: 1 EraseBytes-
#290	NEW    cov: 123 ft: 392 corp: 36/6938b lim: 333 exec/s: 0 rss: 29Mb L: 86/333 MS: 2 ChangeASCIIInt-EraseBytes-
#297	REDUCE cov: 123 ft: 392 corp: 36/6936b lim: 333 exec/s: 0 rss: 29Mb L: 57/333 MS: 2 ChangeASCIIInt-EraseBytes-
#300	REDUCE cov: 123 ft: 392 corp: 36/6923b lim: 333 exec/s: 0 rss: 29Mb L: 238/333 MS: 3 ChangeASCIIInt-ChangeByte-EraseBytes-
#340	REDUCE cov: 123 ft: 393 corp: 37/7016b lim: 333 exec/s: 0 rss: 29Mb L: 93/333 MS: 5 CrossOver-ChangeBinInt-ChangeASCIIInt-CrossOver-EraseBytes-
#343	NEW    cov: 123 ft: 395 corp: 38/7059b lim: 333 exec/s: 0 rss: 29Mb L: 43/333 MS: 3 InsertRepeatedBytes-EraseBytes-EraseBytes-
#351	NEW    cov: 123 ft: 396 corp: 39/7335b lim: 333 exec/s: 0 rss: 29Mb L: 276/333 MS: 3 ChangeByte-CopyPart-CrossOver-
#358	REDUCE cov: 123 ft: 399 corp: 40/7367b lim: 333 exec/s: 0 rss: 29Mb L: 32/333 MS: 2 PersAutoDict-EraseBytes- DE: "(\305\354\303gc\000\000"-
#366	REDUCE cov: 123 ft: 399 corp: 40/7339b lim: 333 exec/s: 0 rss: 29Mb L: 270/333 MS: 3 EraseBytes-ChangeByte-InsertRepeatedBytes-
#449	REDUCE cov: 123 ft: 399 corp: 40/7336b lim: 333 exec/s: 0 rss: 29Mb L: 158/333 MS: 3 ChangeByte-InsertByte-EraseBytes-
#450	NEW    cov: 123 ft: 400 corp: 41/7413b lim: 333 exec/s: 0 rss: 29Mb L: 77/333 MS: 1 EraseBytes-
#474	REDUCE cov: 123 ft: 400 corp: 41/7275b lim: 333 exec/s: 0 rss: 29Mb L: 148/333 MS: 4 ChangeBinInt-InsertByte-InsertByte-EraseBytes-
#478	REDUCE cov: 123 ft: 401 corp: 42/7584b lim: 333 exec/s: 0 rss: 29Mb L: 309/333 MS: 4 PersAutoDict-ChangeBinInt-ChangeBinInt-CrossOver- DE: "\001\000cg\303\354\224R"-
#538	NEW    cov: 123 ft: 409 corp: 43/7614b lim: 333 exec/s: 0 rss: 29Mb L: 30/333 MS: 5 CMP-CMP-ShuffleBytes-ChangeASCIIInt-CrossOver- DE: "\377\377~\2524\000N\220"-"6osi"-
#569	REDUCE cov: 123 ft: 409 corp: 43/7587b lim: 333 exec/s: 0 rss: 29Mb L: 249/333 MS: 1 EraseBytes-
#574	REDUCE cov: 123 ft: 409 corp: 43/7583b lim: 333 exec/s: 0 rss: 29Mb L: 89/333 MS: 5 ChangeByte-EraseBytes-ChangeBit-ChangeBit-CMP- DE: "Q\000\000\000\000\000\000\000"-
#590	NEW    cov: 123 ft: 414 corp: 44/7820b lim: 333 exec/s: 0 rss: 29Mb L: 237/333 MS: 1 CopyPart-
#620	REDUCE cov: 123 ft: 414 corp: 44/7806b lim: 333 exec/s: 0 rss: 29Mb L: 126/333 MS: 5 ChangeByte-ChangeASCIIInt-ShuffleBytes-ChangeBinInt-EraseBytes-
#685	REDUCE cov: 123 ft: 414 corp: 44/7801b lim: 333 exec/s: 0 rss: 29Mb L: 25/333 MS: 5 ChangeBinInt-ChangeBit-InsertByte-PersAutoDict-EraseBytes- DE: "\377\007"-
#693	NEW    cov: 123 ft: 445 corp: 45/8134b lim: 333 exec/s: 0 rss: 29Mb L: 333/333 MS: 3 ChangeBinInt-ChangeBit-ChangeBinInt-
#696	NEW    cov: 123 ft: 447 corp: 46/8161b lim: 333 exec/s: 0 rss: 29Mb L: 27/333 MS: 3 PersAutoDict-ChangeASCIIInt-EraseBytes- DE: "6osi"-
#703	NEW    cov: 123 ft: 448 corp: 47/8447b lim: 333 exec/s: 0 rss: 29Mb L: 286/333 MS: 2 ChangeBinInt-ChangeBinInt-
#743	REDUCE cov: 123 ft: 448 corp: 47/8445b lim: 333 exec/s: 0 rss: 29Mb L: 124/333 MS: 5 CrossOver-ChangeByte-ChangeASCIIInt-InsertRepeatedBytes-CrossOver-
#791	REDUCE cov: 123 ft: 448 corp: 47/8340b lim: 333 exec/s: 0 rss: 29Mb L: 141/333 MS: 3 InsertByte-ChangeBit-EraseBytes-
#807	NEW    cov: 123 ft: 457 corp: 48/8364b lim: 333 exec/s: 0 rss: 29Mb L: 24/333 MS: 1 CrossOver-
#814	NEW    cov: 124 ft: 458 corp: 49/8366b lim: 333 exec/s: 0 rss: 29Mb L: 2/333 MS: 2 InsertRepeatedBytes-CrossOver-
#904	REDUCE cov: 124 ft: 458 corp: 49/8333b lim: 333 exec/s: 0 rss: 29Mb L: 219/333 MS: 5 EraseBytes-CMP-CMP-InsertRepeatedBytes-EraseBytes- DE: "\004\000\000\000"-"\001\000\177\2524\000\270\240"-
#967	REDUCE cov: 124 ft: 458 corp: 49/8311b lim: 333 exec/s: 0 rss: 29Mb L: 55/333 MS: 3 EraseBytes-InsertByte-CMP- DE: "\001\000cg\303\354;!"-
#974	REDUCE cov: 124 ft: 468 corp: 50/8331b lim: 333 exec/s: 0 rss: 29Mb L: 20/333 MS: 2 ShuffleBytes-EraseBytes-
#1015	REDUCE cov: 124 ft: 468 corp: 50/8285b lim: 333 exec/s: 0 rss: 29Mb L: 102/333 MS: 1 EraseBytes-
#1071	NEW    cov: 124 ft: 469 corp: 51/8325b lim: 333 exec/s: 0 rss: 29Mb L: 40/333 MS: 1 EraseBytes-
#1082	REDUCE cov: 124 ft: 469 corp: 51/8263b lim: 333 exec/s: 0 rss: 29Mb L: 224/333 MS: 1 EraseBytes-
#1123	NEW    cov: 124 ft: 471 corp: 52/8484b lim: 333 exec/s: 0 rss: 29Mb L: 221/333 MS: 1 InsertByte-
#1144	NEW    cov: 124 ft: 472 corp: 53/8721b lim: 333 exec/s: 0 rss: 29Mb L: 237/333 MS: 1 ChangeByte-
#1157	REDUCE cov: 124 ft: 472 corp: 53/8719b lim: 333 exec/s: 0 rss: 29Mb L: 18/333 MS: 3 ChangeByte-ChangeByte-EraseBytes-
#1210	NEW    cov: 124 ft: 473 corp: 54/9040b lim: 333 exec/s: 0 rss: 29Mb L: 321/333 MS: 3 ChangeBinInt-ShuffleBytes-InsertRepeatedBytes-
#1212	REDUCE cov: 124 ft: 473 corp: 54/9037b lim: 333 exec/s: 0 rss: 29Mb L: 79/333 MS: 2 ChangeBit-EraseBytes-
#1220	NEW    cov: 124 ft: 477 corp: 55/9114b lim: 333 exec/s: 0 rss: 29Mb L: 77/333 MS: 3 PersAutoDict-InsertRepeatedBytes-EraseBytes- DE: "Q\000\000\000\000\000\000\000"-
#1224	NEW    cov: 124 ft: 490 corp: 56/9128b lim: 333 exec/s: 0 rss: 29Mb L: 14/333 MS: 4 PersAutoDict-CopyPart-InsertByte-EraseBytes- DE: "\001\000\177\2524\000\270\240"-
#1287	REDUCE cov: 124 ft: 490 corp: 56/9118b lim: 333 exec/s: 0 rss: 29Mb L: 92/333 MS: 3 ChangeBit-ChangeByte-EraseBytes-
#1319	REDUCE cov: 124 ft: 490 corp: 56/9113b lim: 333 exec/s: 0 rss: 29Mb L: 105/333 MS: 2 ChangeBit-EraseBytes-
#1392	REDUCE cov: 124 ft: 490 corp: 56/9072b lim: 333 exec/s: 0 rss: 29Mb L: 38/333 MS: 3 InsertByte-EraseBytes-EraseBytes-
#1399	NEW    cov: 124 ft: 491 corp: 57/9090b lim: 333 exec/s: 0 rss: 29Mb L: 18/333 MS: 2 ShuffleBytes-EraseBytes-
#1413	REDUCE cov: 124 ft: 491 corp: 57/9082b lim: 333 exec/s: 0 rss: 29Mb L: 84/333 MS: 4 InsertRepeatedBytes-ChangeBinInt-ChangeByte-EraseBytes-
#1430	REDUCE cov: 124 ft: 491 corp: 57/8986b lim: 333 exec/s: 0 rss: 29Mb L: 184/333 MS: 2 InsertByte-EraseBytes-
#1507	REDUCE cov: 124 ft: 491 corp: 57/8975b lim: 333 exec/s: 0 rss: 29Mb L: 172/333 MS: 2 ChangeBinInt-EraseBytes-
#1530	REDUCE cov: 124 ft: 491 corp: 57/8961b lim: 333 exec/s: 0 rss: 29Mb L: 18/333 MS: 3 ChangeByte-CrossOver-EraseBytes-
#1588	REDUCE cov: 124 ft: 491 corp: 57/8929b lim: 333 exec/s: 0 rss: 29Mb L: 301/333 MS: 3 ChangeByte-ShuffleBytes-EraseBytes-
#1660	NEW    cov: 124 ft: 492 corp: 58/8944b lim: 333 exec/s: 0 rss: 29Mb L: 15/333 MS: 2 CopyPart-CrossOver-
#1690	REDUCE cov: 124 ft: 492 corp: 58/8927b lim: 333 exec/s: 0 rss: 29Mb L: 67/333 MS: 5 InsertByte-ShuffleBytes-InsertByte-ChangeBit-EraseBytes-
#1696	REDUCE cov: 124 ft: 492 corp: 58/8921b lim: 333 exec/s: 0 rss: 29Mb L: 135/333 MS: 1 EraseBytes-
#1721	NEW    cov: 124 ft: 497 corp: 59/9074b lim: 333 exec/s: 0 rss: 29Mb L: 153/333 MS: 5 InsertByte-CrossOver-ChangeByte-ChangeByte-CMP- DE: "ispe"-
#1794	REDUCE cov: 124 ft: 497 corp: 59/9066b lim: 333 exec/s: 0 rss: 29Mb L: 16/333 MS: 3 InsertByte-ChangeByte-EraseBytes-
#2199	REDUCE cov: 124 ft: 497 corp: 59/9028b lim: 333 exec/s: 0 rss: 29Mb L: 115/333 MS: 5 PersAutoDict-ChangeBit-CrossOver-ChangeASCIIInt-EraseBytes- DE: "\001 "-
#2200	REDUCE cov: 124 ft: 497 corp: 59/9010b lim: 333 exec/s: 0 rss: 29Mb L: 20/333 MS: 1 EraseBytes-
#2212	REDUCE cov: 124 ft: 497 corp: 59/8930b lim: 333 exec/s: 0 rss: 29Mb L: 144/333 MS: 2 ChangeByte-CrossOver-
#2228	NEW    cov: 124 ft: 498 corp: 60/9247b lim: 333 exec/s: 0 rss: 29Mb L: 317/333 MS: 1 CopyPart-
#2282	NEW    cov: 124 ft: 499 corp: 61/9255b lim: 333 exec/s: 0 rss: 29Mb L: 8/333 MS: 4 ChangeBit-ShuffleBytes-ChangeASCIIInt-EraseBytes-
#2294	REDUCE cov: 124 ft: 499 corp: 61/9253b lim: 333 exec/s: 0 rss: 29Mb L: 41/333 MS: 2 ShuffleBytes-EraseBytes-
#2512	NEW    cov: 124 ft: 502 corp: 62/9560b lim: 333 exec/s: 0 rss: 29Mb L: 307/333 MS: 3 CrossOver-CopyPart-CrossOver-
#2518	REDUCE cov: 124 ft: 502 corp: 62/9557b lim: 333 exec/s: 0 rss: 29Mb L: 52/333 MS: 1 EraseBytes-
#2556	REDUCE cov: 124 ft: 502 corp: 62/9422b lim: 333 exec/s: 0 rss: 29Mb L: 159/333 MS: 3 CMP-EraseBytes-InsertByte- DE: "tapt"-
#2566	REDUCE cov: 124 ft: 502 corp: 62/9418b lim: 333 exec/s: 0 rss: 29Mb L: 140/333 MS: 5 ChangeBit-ChangeBinInt-InsertRepeatedBytes-ChangeASCIIInt-EraseBytes-
#2592	REDUCE cov: 124 ft: 502 corp: 62/9417b lim: 333 exec/s: 0 rss: 29Mb L: 76/333 MS: 1 EraseBytes-
#2707	REDUCE cov: 124 ft: 502 corp: 62/9415b lim: 333 exec/s: 0 rss: 29Mb L: 12/333 MS: 5 CopyPart-ChangeBinInt-InsertByte-InsertByte-EraseBytes-
#2714	REDUCE cov: 124 ft: 502 corp: 62/9413b lim: 333 exec/s: 0 rss: 29Mb L: 74/333 MS: 2 ChangeBinInt-EraseBytes-
#2719	NEW    cov: 124 ft: 503 corp: 63/9735b lim: 333 exec/s: 0 rss: 29Mb L: 322/333 MS: 5 InsertRepeatedBytes-EraseBytes-InsertByte-ShuffleBytes-CopyPart-
#2892	REDUCE cov: 124 ft: 503 corp: 63/9630b lim: 333 exec/s: 0 rss: 29Mb L: 202/333 MS: 3 CopyPart-CrossOver-EraseBytes-
#2911	REDUCE cov: 124 ft: 503 corp: 63/9611b lim: 333 exec/s: 0 rss: 29Mb L: 71/333 MS: 4 CrossOver-PersAutoDict-EraseBytes-CopyPart- DE: "\004\000\000\000"-
#3033	REDUCE cov: 124 ft: 503 corp: 63/9571b lim: 333 exec/s: 0 rss: 29Mb L: 119/333 MS: 2 ShuffleBytes-EraseBytes-
#3049	REDUCE cov: 124 ft: 503 corp: 63/9553b lim: 333 exec/s: 0 rss: 29Mb L: 117/333 MS: 1 EraseBytes-
#3117	REDUCE cov: 124 ft: 503 corp: 63/9536b lim: 333 exec/s: 0 rss: 29Mb L: 31/333 MS: 3 ChangeBinInt-EraseBytes-EraseBytes-
#3178	REDUCE cov: 124 ft: 503 corp: 63/9535b lim: 333 exec/s: 0 rss: 29Mb L: 1/333 MS: 1 EraseBytes-
#3180	REDUCE cov: 124 ft: 503 corp: 63/9497b lim: 333 exec/s: 0 rss: 29Mb L: 52/333 MS: 2 PersAutoDict-EraseBytes- DE: "\377\007"-
#3232	REDUCE cov: 124 ft: 503 corp: 63/9480b lim: 333 exec/s: 0 rss: 29Mb L: 40/333 MS: 2 EraseBytes-ChangeBit-
#3359	REDUCE cov: 124 ft: 503 corp: 63/9475b lim: 333 exec/s: 0 rss: 29Mb L: 35/333 MS: 2 EraseBytes-PersAutoDict- DE: "\000\000cg\303\355\005\""-
#3460	REDUCE cov: 124 ft: 503 corp: 63/9450b lim: 333 exec/s: 0 rss: 29Mb L: 49/333 MS: 1 EraseBytes-
#3716	REDUCE cov: 124 ft: 503 corp: 63/9420b lim: 333 exec/s: 0 rss: 29Mb L: 182/333 MS: 1 EraseBytes-
#3728	REDUCE cov: 124 ft: 503 corp: 63/9392b lim: 333 exec/s: 0 rss: 29Mb L: 39/333 MS: 2 ChangeBit-EraseBytes-
#3776	REDUCE cov: 124 ft: 503 corp: 63/9369b lim: 333 exec/s: 0 rss: 29Mb L: 94/333 MS: 3 ChangeBit-InsertByte-EraseBytes-
#3942	REDUCE cov: 124 ft: 503 corp: 63/9364b lim: 333 exec/s: 0 rss: 29Mb L: 36/333 MS: 1 EraseBytes-
#3943	REDUCE cov: 124 ft: 503 corp: 63/9345b lim: 333 exec/s: 0 rss: 29Mb L: 20/333 MS: 1 EraseBytes-
#3998	REDUCE cov: 124 ft: 503 corp: 63/9337b lim: 333 exec/s: 0 rss: 29Mb L: 151/333 MS: 5 EraseBytes-CrossOver-CMP-ChangeByte-CMP- DE: "\000\000\000\000\000\000\000\017"-"\377\377\377\000"-
#4124	REDUCE cov: 124 ft: 503 corp: 63/9333b lim: 333 exec/s: 0 rss: 29Mb L: 32/333 MS: 1 EraseBytes-
#4198	REDUCE cov: 124 ft: 503 corp: 63/9328b lim: 333 exec/s: 0 rss: 29Mb L: 44/333 MS: 4 ChangeBit-ChangeByte-ShuffleBytes-EraseBytes-
#4223	REDUCE cov: 124 ft: 503 corp: 63/9258b lim: 333 exec/s: 0 rss: 29Mb L: 132/333 MS: 5 ChangeBit-ChangeBinInt-ChangeBinInt-ChangeBinInt-EraseBytes-
#4243	REDUCE cov: 124 ft: 503 corp: 63/9208b lim: 333 exec/s: 0 rss: 29Mb L: 259/333 MS: 5 CrossOver-InsertRepeatedBytes-CMP-EraseBytes-CopyPart- DE: "\017\000\000\000\000\000\000\000"-
#4283	REDUCE cov: 124 ft: 503 corp: 63/9200b lim: 333 exec/s: 0 rss: 30Mb L: 24/333 MS: 5 EraseBytes-InsertByte-CopyPart-ChangeBit-CopyPart-
#4366	REDUCE cov: 124 ft: 508 corp: 64/9241b lim: 333 exec/s: 0 rss: 30Mb L: 41/333 MS: 3 ShuffleBytes-ChangeBinInt-CrossOver-
#4532	REDUCE cov: 124 ft: 508 corp: 64/9235b lim: 333 exec/s: 0 rss: 30Mb L: 138/333 MS: 1 EraseBytes-
#4538	REDUCE cov: 124 ft: 508 corp: 64/9230b lim: 333 exec/s: 0 rss: 30Mb L: 89/333 MS: 1 EraseBytes-
#4799	REDUCE cov: 124 ft: 508 corp: 64/9184b lim: 333 exec/s: 0 rss: 30Mb L: 276/333 MS: 1 EraseBytes-
#4870	REDUCE cov: 124 ft: 508 corp: 64/9171b lim: 333 exec/s: 0 rss: 30Mb L: 31/333 MS: 1 EraseBytes-
#4888	REDUCE cov: 124 ft: 508 corp: 64/9149b lim: 333 exec/s: 0 rss: 30Mb L: 30/333 MS: 3 EraseBytes-ShuffleBytes-ChangeBinInt-
#5004	REDUCE cov: 124 ft: 509 corp: 65/9399b lim: 333 exec/s: 0 rss: 30Mb L: 250/333 MS: 1 CrossOver-
#5027	REDUCE cov: 124 ft: 509 corp: 65/9394b lim: 333 exec/s: 0 rss: 30Mb L: 25/333 MS: 3 PersAutoDict-PersAutoDict-EraseBytes- DE: "\001\000cg\303\354\224R"-"\377\007"-
#5069	REDUCE cov: 124 ft: 509 corp: 65/9386b lim: 333 exec/s: 0 rss: 30Mb L: 164/333 MS: 2 EraseBytes-InsertRepeatedBytes-
#5150	REDUCE cov: 124 ft: 509 corp: 65/9383b lim: 333 exec/s: 0 rss: 30Mb L: 37/333 MS: 1 EraseBytes-
#5181	REDUCE cov: 124 ft: 509 corp: 65/9371b lim: 333 exec/s: 0 rss: 30Mb L: 258/333 MS: 1 EraseBytes-
#5470	REDUCE cov: 124 ft: 509 corp: 65/9364b lim: 333 exec/s: 0 rss: 30Mb L: 13/333 MS: 4 ChangeByte-ChangeByte-CopyPart-EraseBytes-
#5487	REDUCE cov: 124 ft: 509 corp: 65/9353b lim: 333 exec/s: 0 rss: 30Mb L: 26/333 MS: 2 ChangeASCIIInt-EraseBytes-
#5747	REDUCE cov: 124 ft: 509 corp: 65/9351b lim: 333 exec/s: 0 rss: 30Mb L: 29/333 MS: 5 ChangeBit-ChangeByte-ChangeBinInt-EraseBytes-PersAutoDict- DE: "\000\000cg\303\355\005\""-
#5855	REDUCE cov: 124 ft: 509 corp: 65/9350b lim: 333 exec/s: 0 rss: 30Mb L: 19/333 MS: 3 ShuffleBytes-ShuffleBytes-EraseBytes-
#5871	REDUCE cov: 124 ft: 509 corp: 65/9348b lim: 333 exec/s: 0 rss: 30Mb L: 17/333 MS: 1 EraseBytes-
#5958	REDUCE cov: 124 ft: 509 corp: 65/9322b lim: 333 exec/s: 0 rss: 30Mb L: 142/333 MS: 2 InsertByte-EraseBytes-
#6042	REDUCE cov: 124 ft: 509 corp: 65/9319b lim: 333 exec/s: 0 rss: 30Mb L: 23/333 MS: 4 ChangeBit-ShuffleBytes-ChangeByte-EraseBytes-
#6327	REDUCE cov: 124 ft: 509 corp: 65/9317b lim: 333 exec/s: 6327 rss: 30Mb L: 69/333 MS: 4 EraseBytes-InsertByte-InsertRepeatedBytes-EraseBytes-
#6406	REDUCE cov: 124 ft: 509 corp: 65/9316b lim: 333 exec/s: 6406 rss: 30Mb L: 11/333 MS: 4 ChangeByte-ChangeBit-InsertByte-EraseBytes-
#6450	REDUCE cov: 124 ft: 509 corp: 65/9311b lim: 333 exec/s: 6450 rss: 30Mb L: 18/333 MS: 4 PersAutoDict-EraseBytes-ChangeByte-PersAutoDict- DE: "\000\000\000\000\000\000\000\017"-"\377\007"-
#6531	REDUCE cov: 124 ft: 509 corp: 65/9303b lim: 333 exec/s: 6531 rss: 30Mb L: 124/333 MS: 1 EraseBytes-
#6537	REDUCE cov: 124 ft: 509 corp: 65/9296b lim: 333 exec/s: 6537 rss: 30Mb L: 24/333 MS: 1 EraseBytes-
#6554	REDUCE cov: 124 ft: 509 corp: 65/9234b lim: 333 exec/s: 6554 rss: 30Mb L: 53/333 MS: 2 ChangeBit-CrossOver-
#6712	REDUCE cov: 124 ft: 509 corp: 65/9230b lim: 333 exec/s: 6712 rss: 30Mb L: 49/333 MS: 3 ChangeASCIIInt-ChangeByte-EraseBytes-
#6808	REDUCE cov: 124 ft: 509 corp: 65/9228b lim: 333 exec/s: 6808 rss: 30Mb L: 9/333 MS: 1 EraseBytes-
#6843	REDUCE cov: 124 ft: 509 corp: 65/9227b lim: 333 exec/s: 6843 rss: 30Mb L: 17/333 MS: 5 ShuffleBytes-PersAutoDict-ChangeBinInt-PersAutoDict-EraseBytes- DE: "\001\000\177\2524\000\270\240"-"ispe"-
#6921	REDUCE cov: 124 ft: 509 corp: 65/9222b lim: 333 exec/s: 6921 rss: 30Mb L: 8/333 MS: 3 CMP-ChangeBit-EraseBytes- DE: "\000\00042"-
#7088	REDUCE cov: 124 ft: 509 corp: 65/9220b lim: 333 exec/s: 7088 rss: 30Mb L: 16/333 MS: 2 ChangeASCIIInt-EraseBytes-
#7120	REDUCE cov: 124 ft: 509 corp: 65/9214b lim: 333 exec/s: 7120 rss: 30Mb L: 11/333 MS: 2 ChangeBit-EraseBytes-
#7209	REDUCE cov: 124 ft: 509 corp: 65/9212b lim: 333 exec/s: 7209 rss: 30Mb L: 33/333 MS: 4 ChangeByte-InsertRepeatedBytes-InsertByte-EraseBytes-
#7215	REDUCE cov: 124 ft: 509 corp: 65/9192b lim: 333 exec/s: 7215 rss: 30Mb L: 297/333 MS: 1 EraseBytes-
#7247	REDUCE cov: 124 ft: 521 corp: 66/9356b lim: 333 exec/s: 7247 rss: 30Mb L: 164/333 MS: 2 CMP-CMP- DE: "\255D\000\000"-"pixi"-
#7260	REDUCE cov: 124 ft: 521 corp: 66/9303b lim: 333 exec/s: 7260 rss: 30Mb L: 172/333 MS: 3 ShuffleBytes-CMP-EraseBytes- DE: "\000\000\000\002"-
#7382	REDUCE cov: 124 ft: 521 corp: 66/9300b lim: 333 exec/s: 7382 rss: 30Mb L: 8/333 MS: 2 InsertByte-EraseBytes-
#7436	REDUCE cov: 124 ft: 521 corp: 66/9288b lim: 333 exec/s: 7436 rss: 30Mb L: 309/333 MS: 4 ChangeBinInt-ShuffleBytes-ShuffleBytes-EraseBytes-
#7594	REDUCE cov: 124 ft: 521 corp: 66/9266b lim: 333 exec/s: 7594 rss: 30Mb L: 215/333 MS: 3 ShuffleBytes-ChangeBit-EraseBytes-
#7655	REDUCE cov: 124 ft: 521 corp: 66/9243b lim: 333 exec/s: 7655 rss: 30Mb L: 161/333 MS: 1 EraseBytes-
#7683	REDUCE cov: 124 ft: 521 corp: 66/9242b lim: 333 exec/s: 7683 rss: 30Mb L: 24/333 MS: 3 CMP-ShuffleBytes-EraseBytes- DE: "\335\000\000\000\000\000\000\000"-
#7839	REDUCE cov: 124 ft: 521 corp: 66/9241b lim: 333 exec/s: 7839 rss: 30Mb L: 123/333 MS: 1 EraseBytes-
#7933	REDUCE cov: 124 ft: 521 corp: 66/9204b lim: 333 exec/s: 7933 rss: 30Mb L: 239/333 MS: 4 ChangeBinInt-ChangeByte-CMP-EraseBytes- DE: "\037\000\000\000"-
#8038	REDUCE cov: 124 ft: 521 corp: 66/9201b lim: 333 exec/s: 8038 rss: 30Mb L: 26/333 MS: 5 CopyPart-ChangeByte-PersAutoDict-ChangeASCIIInt-EraseBytes- DE: "pixi"-
#8096	REDUCE cov: 124 ft: 521 corp: 66/9200b lim: 333 exec/s: 8096 rss: 30Mb L: 51/333 MS: 3 ChangeByte-ChangeByte-EraseBytes-
#8125	REDUCE cov: 124 ft: 521 corp: 66/9174b lim: 333 exec/s: 8125 rss: 30Mb L: 97/333 MS: 4 CrossOver-PersAutoDict-PersAutoDict-EraseBytes- DE: "(\305\354\303gc\000\000"-"\017\000\000\000\000\000\000\000"-
#8222	REDUCE cov: 124 ft: 521 corp: 66/9165b lim: 333 exec/s: 8222 rss: 30Mb L: 9/333 MS: 2 ChangeBinInt-EraseBytes-
#9047	NEW    cov: 124 ft: 529 corp: 67/9506b lim: 341 exec/s: 9047 rss: 30Mb L: 341/341 MS: 5 CopyPart-ChangeBinInt-ChangeByte-PersAutoDict-PersAutoDict- DE: "(\305\354\303gc\000\000"-"\000\000cg\303\355\005\""-
#9238	REDUCE cov: 124 ft: 529 corp: 67/9488b lim: 341 exec/s: 9238 rss: 30Mb L: 221/341 MS: 1 CrossOver-
#9305	REDUCE cov: 124 ft: 529 corp: 67/9487b lim: 341 exec/s: 9305 rss: 30Mb L: 50/341 MS: 2 InsertByte-EraseBytes-
#9307	REDUCE cov: 124 ft: 529 corp: 67/9480b lim: 341 exec/s: 9307 rss: 30Mb L: 82/341 MS: 2 ChangeBit-EraseBytes-
#9595	REDUCE cov: 124 ft: 529 corp: 67/9437b lim: 341 exec/s: 9595 rss: 30Mb L: 121/341 MS: 3 InsertRepeatedBytes-EraseBytes-EraseBytes-
#10312	REDUCE cov: 124 ft: 529 corp: 67/9417b lim: 341 exec/s: 10312 rss: 30Mb L: 66/341 MS: 2 ShuffleBytes-EraseBytes-
#10528	REDUCE cov: 124 ft: 532 corp: 68/9493b lim: 341 exec/s: 10528 rss: 30Mb L: 76/341 MS: 1 EraseBytes-
#10693	REDUCE cov: 124 ft: 532 corp: 68/9466b lim: 341 exec/s: 10693 rss: 30Mb L: 97/341 MS: 5 PersAutoDict-EraseBytes-ChangeBit-CopyPart-ShuffleBytes- DE: "\001\000cg\303\354;!"-
#10776	REDUCE cov: 124 ft: 532 corp: 68/9465b lim: 341 exec/s: 10776 rss: 30Mb L: 49/341 MS: 3 EraseBytes-CopyPart-PersAutoDict- DE: "\000\000\000\002"-
#10781	REDUCE cov: 124 ft: 532 corp: 68/9455b lim: 341 exec/s: 10781 rss: 30Mb L: 59/341 MS: 5 ChangeByte-InsertByte-EraseBytes-CopyPart-CopyPart-
#10867	REDUCE cov: 124 ft: 532 corp: 68/9449b lim: 341 exec/s: 10867 rss: 30Mb L: 303/341 MS: 1 EraseBytes-
#10897	REDUCE cov: 124 ft: 532 corp: 68/9388b lim: 341 exec/s: 10897 rss: 30Mb L: 173/341 MS: 5 ShuffleBytes-InsertByte-InsertRepeatedBytes-ChangeBit-EraseBytes-
#10999	REDUCE cov: 124 ft: 532 corp: 68/9366b lim: 341 exec/s: 10999 rss: 30Mb L: 60/341 MS: 2 ShuffleBytes-EraseBytes-
#11406	REDUCE cov: 124 ft: 532 corp: 68/9288b lim: 341 exec/s: 11406 rss: 30Mb L: 181/341 MS: 2 PersAutoDict-CrossOver- DE: "\004\000\000\000"-
#11437	REDUCE cov: 124 ft: 532 corp: 68/9286b lim: 341 exec/s: 11437 rss: 30Mb L: 16/341 MS: 1 EraseBytes-
#11633	REDUCE cov: 124 ft: 532 corp: 68/9224b lim: 341 exec/s: 11633 rss: 30Mb L: 239/341 MS: 1 EraseBytes-
#11903	REDUCE cov: 124 ft: 532 corp: 68/9222b lim: 341 exec/s: 11903 rss: 30Mb L: 13/341 MS: 5 ChangeBinInt-ChangeByte-ChangeBinInt-CrossOver-EraseBytes-
#12110	REDUCE cov: 124 ft: 532 corp: 68/9211b lim: 341 exec/s: 12110 rss: 30Mb L: 48/341 MS: 2 ChangeBinInt-EraseBytes-
#12352	REDUCE cov: 124 ft: 532 corp: 68/9197b lim: 341 exec/s: 12352 rss: 30Mb L: 205/341 MS: 2 EraseBytes-InsertRepeatedBytes-
#12715	REDUCE cov: 124 ft: 532 corp: 68/9191b lim: 341 exec/s: 12715 rss: 30Mb L: 42/341 MS: 3 ChangeBit-CrossOver-EraseBytes-
#12816	REDUCE cov: 124 ft: 532 corp: 68/9183b lim: 341 exec/s: 6408 rss: 30Mb L: 111/341 MS: 1 EraseBytes-
#13423	REDUCE cov: 124 ft: 532 corp: 68/9180b lim: 341 exec/s: 6711 rss: 30Mb L: 118/341 MS: 1 EraseBytes-
#13965	REDUCE cov: 124 ft: 536 corp: 69/9243b lim: 341 exec/s: 6982 rss: 30Mb L: 63/341 MS: 2 ShuffleBytes-EraseBytes-
#14213	REDUCE cov: 124 ft: 536 corp: 69/9242b lim: 341 exec/s: 7106 rss: 30Mb L: 139/341 MS: 3 ChangeBinInt-EraseBytes-CrossOver-
#14345	REDUCE cov: 124 ft: 536 corp: 69/9232b lim: 341 exec/s: 7172 rss: 30Mb L: 31/341 MS: 2 ChangeBit-EraseBytes-
#14382	NEW    cov: 124 ft: 537 corp: 70/9540b lim: 341 exec/s: 7191 rss: 30Mb L: 308/341 MS: 2 InsertRepeatedBytes-CopyPart-
#15615	REDUCE cov: 124 ft: 537 corp: 70/9539b lim: 349 exec/s: 7807 rss: 30Mb L: 117/341 MS: 3 PersAutoDict-ChangeByte-EraseBytes- DE: "\000\000cg\303\355\005\""-
#15618	REDUCE cov: 124 ft: 537 corp: 70/9494b lim: 349 exec/s: 7809 rss: 30Mb L: 52/341 MS: 3 CMP-ChangeBit-EraseBytes- DE: "\000\000\000\011"-
#16384	pulse  cov: 124 ft: 537 corp: 70/9494b lim: 349 exec/s: 8192 rss: 30Mb
#16719	REDUCE cov: 124 ft: 542 corp: 71/9842b lim: 357 exec/s: 8359 rss: 30Mb L: 348/348 MS: 1 InsertRepeatedBytes-
#17597	REDUCE cov: 124 ft: 543 corp: 72/10203b lim: 365 exec/s: 8798 rss: 30Mb L: 361/361 MS: 3 CrossOver-PersAutoDict-PersAutoDict- DE: "tapt"-"\377\007"-
#17640	NEW    cov: 124 ft: 547 corp: 73/10568b lim: 365 exec/s: 8820 rss: 30Mb L: 365/365 MS: 3 ChangeBit-ChangeByte-InsertRepeatedBytes-
#17823	REDUCE cov: 124 ft: 547 corp: 73/10566b lim: 365 exec/s: 8911 rss: 30Mb L: 219/365 MS: 3 CopyPart-InsertRepeatedBytes-EraseBytes-
#18169	NEW    cov: 124 ft: 558 corp: 74/10929b lim: 365 exec/s: 9084 rss: 30Mb L: 363/365 MS: 1 CopyPart-
#18231	REDUCE cov: 124 ft: 558 corp: 74/10918b lim: 365 exec/s: 9115 rss: 30Mb L: 162/365 MS: 2 ChangeBit-EraseBytes-
#18377	NEW    cov: 124 ft: 559 corp: 75/11283b lim: 365 exec/s: 9188 rss: 30Mb L: 365/365 MS: 1 ChangeBinInt-
#18611	REDUCE cov: 124 ft: 560 corp: 76/11641b lim: 365 exec/s: 9305 rss: 30Mb L: 358/365 MS: 4 PersAutoDict-CrossOver-PersAutoDict-InsertRepeatedBytes- DE: "\377\377~\2524\000N\220"-"\000\000\000\011"-
#18612	REDUCE cov: 124 ft: 560 corp: 76/11635b lim: 365 exec/s: 9306 rss: 30Mb L: 46/365 MS: 1 EraseBytes-
#19311	REDUCE cov: 124 ft: 560 corp: 76/11602b lim: 365 exec/s: 9655 rss: 30Mb L: 225/365 MS: 4 CrossOver-CopyPart-InsertByte-EraseBytes-
#19512	REDUCE cov: 124 ft: 560 corp: 76/11570b lim: 365 exec/s: 6504 rss: 30Mb L: 140/365 MS: 1 EraseBytes-
#19836	REDUCE cov: 124 ft: 560 corp: 76/11500b lim: 365 exec/s: 6612 rss: 30Mb L: 169/365 MS: 4 ChangeBinInt-ChangeBinInt-InsertByte-EraseBytes-
#20022	REDUCE cov: 124 ft: 560 corp: 76/11466b lim: 365 exec/s: 6674 rss: 30Mb L: 327/365 MS: 1 EraseBytes-
#20576	REDUCE cov: 124 ft: 560 corp: 76/11463b lim: 365 exec/s: 6858 rss: 30Mb L: 222/365 MS: 4 InsertByte-ChangeASCIIInt-ChangeBinInt-EraseBytes-
#20773	REDUCE cov: 124 ft: 560 corp: 76/11459b lim: 365 exec/s: 6924 rss: 30Mb L: 45/365 MS: 2 ChangeASCIIInt-EraseBytes-
#20903	REDUCE cov: 124 ft: 560 corp: 76/11457b lim: 365 exec/s: 6967 rss: 30Mb L: 137/365 MS: 5 PersAutoDict-PersAutoDict-CopyPart-CopyPart-EraseBytes- DE: "6osi"-"(\305\354\303gc\000\000"-
#21271	REDUCE cov: 124 ft: 560 corp: 76/11449b lim: 365 exec/s: 7090 rss: 30Mb L: 16/365 MS: 3 ChangeBinInt-EraseBytes-InsertByte-
#21763	REDUCE cov: 124 ft: 560 corp: 76/11441b lim: 365 exec/s: 7254 rss: 30Mb L: 55/365 MS: 2 ChangeBinInt-EraseBytes-
#22201	REDUCE cov: 124 ft: 560 corp: 76/11440b lim: 365 exec/s: 7400 rss: 30Mb L: 26/365 MS: 3 EraseBytes-CopyPart-CopyPart-
#22302	REDUCE cov: 124 ft: 560 corp: 76/11376b lim: 365 exec/s: 7434 rss: 30Mb L: 105/365 MS: 1 EraseBytes-
#22516	REDUCE cov: 124 ft: 560 corp: 76/11374b lim: 365 exec/s: 7505 rss: 30Mb L: 140/365 MS: 4 ChangeByte-CrossOver-ShuffleBytes-PersAutoDict- DE: "\000\000\000\002"-
#22642	REDUCE cov: 124 ft: 560 corp: 76/11355b lim: 365 exec/s: 7547 rss: 30Mb L: 308/365 MS: 1 EraseBytes-
#23491	REDUCE cov: 124 ft: 560 corp: 76/11342b lim: 373 exec/s: 7830 rss: 30Mb L: 127/365 MS: 4 ChangeBinInt-CrossOver-ChangeBinInt-EraseBytes-
#24003	REDUCE cov: 124 ft: 560 corp: 76/11338b lim: 373 exec/s: 8001 rss: 30Mb L: 299/365 MS: 2 ChangeBinInt-CrossOver-
#24358	REDUCE cov: 124 ft: 560 corp: 76/11335b lim: 373 exec/s: 8119 rss: 30Mb L: 294/365 MS: 5 ChangeBit-InsertRepeatedBytes-ChangeBinInt-InsertByte-EraseBytes-
#24489	REDUCE cov: 124 ft: 560 corp: 76/11334b lim: 373 exec/s: 8163 rss: 30Mb L: 25/365 MS: 1 EraseBytes-
#25020	REDUCE cov: 124 ft: 560 corp: 76/11316b lim: 373 exec/s: 8340 rss: 30Mb L: 87/365 MS: 1 EraseBytes-
#25456	REDUCE cov: 124 ft: 560 corp: 76/11314b lim: 373 exec/s: 8485 rss: 30Mb L: 43/365 MS: 1 EraseBytes-
#25538	REDUCE cov: 124 ft: 560 corp: 76/11304b lim: 373 exec/s: 8512 rss: 30Mb L: 117/365 MS: 2 ShuffleBytes-EraseBytes-
#25759	REDUCE cov: 124 ft: 560 corp: 76/11259b lim: 373 exec/s: 6439 rss: 30Mb L: 254/365 MS: 1 CrossOver-
#26191	NEW    cov: 124 ft: 561 corp: 77/11632b lim: 373 exec/s: 6547 rss: 30Mb L: 373/373 MS: 2 EraseBytes-InsertRepeatedBytes-
#26207	NEW    cov: 124 ft: 562 corp: 78/11990b lim: 373 exec/s: 6551 rss: 30Mb L: 358/373 MS: 1 CMP- DE: "\001\000\000\000\000\000\000\004"-
#26419	REDUCE cov: 124 ft: 562 corp: 78/11969b lim: 373 exec/s: 6604 rss: 30Mb L: 352/365 MS: 2 ChangeBit-EraseBytes-
#26492	REDUCE cov: 124 ft: 562 corp: 78/11952b lim: 373 exec/s: 6623 rss: 30Mb L: 202/365 MS: 3 PersAutoDict-CrossOver-EraseBytes- DE: "\017\000\000\000\000\000\000\000"-
#26800	REDUCE cov: 124 ft: 562 corp: 78/11930b lim: 373 exec/s: 6700 rss: 30Mb L: 193/365 MS: 3 CMP-InsertByte-EraseBytes- DE: "strk"-
#27333	REDUCE cov: 124 ft: 562 corp: 78/11910b lim: 373 exec/s: 6833 rss: 30Mb L: 85/365 MS: 3 InsertRepeatedBytes-ChangeByte-EraseBytes-
#27415	REDUCE cov: 124 ft: 562 corp: 78/11895b lim: 373 exec/s: 6853 rss: 30Mb L: 234/365 MS: 2 ChangeASCIIInt-EraseBytes-
#27822	REDUCE cov: 124 ft: 562 corp: 78/11892b lim: 373 exec/s: 6955 rss: 30Mb L: 114/365 MS: 2 ChangeByte-EraseBytes-
#28089	REDUCE cov: 124 ft: 562 corp: 78/11882b lim: 373 exec/s: 7022 rss: 30Mb L: 342/365 MS: 2 ChangeByte-EraseBytes-
#28660	REDUCE cov: 124 ft: 562 corp: 78/11880b lim: 373 exec/s: 7165 rss: 30Mb L: 24/365 MS: 1 EraseBytes-
#28788	NEW    cov: 124 ft: 569 corp: 79/12053b lim: 373 exec/s: 7197 rss: 30Mb L: 173/365 MS: 3 ChangeBit-PersAutoDict-InsertRepeatedBytes- DE: "\001\000cg\303\354;!"-
#28799	REDUCE cov: 124 ft: 569 corp: 79/12021b lim: 373 exec/s: 7199 rss: 30Mb L: 149/365 MS: 1 EraseBytes-
#28965	REDUCE cov: 124 ft: 569 corp: 79/12005b lim: 373 exec/s: 7241 rss: 30Mb L: 133/365 MS: 1 EraseBytes-
#29089	REDUCE cov: 124 ft: 570 corp: 80/12136b lim: 373 exec/s: 7272 rss: 30Mb L: 131/365 MS: 4 InsertByte-ChangeBinInt-CrossOver-EraseBytes-
#29182	REDUCE cov: 124 ft: 570 corp: 80/12134b lim: 373 exec/s: 7295 rss: 30Mb L: 129/365 MS: 3 EraseBytes-PersAutoDict-InsertByte- DE: "(\305\354\303gc\000\000"-
#29525	REDUCE cov: 124 ft: 570 corp: 80/12098b lim: 373 exec/s: 7381 rss: 30Mb L: 202/365 MS: 3 InsertRepeatedBytes-CopyPart-EraseBytes-
#29871	REDUCE cov: 124 ft: 570 corp: 80/12074b lim: 373 exec/s: 7467 rss: 30Mb L: 230/365 MS: 1 EraseBytes-
#30053	REDUCE cov: 124 ft: 570 corp: 80/12069b lim: 373 exec/s: 7513 rss: 30Mb L: 82/365 MS: 2 ChangeBinInt-EraseBytes-
#31047	REDUCE cov: 124 ft: 570 corp: 80/12064b lim: 381 exec/s: 7761 rss: 30Mb L: 40/365 MS: 4 ChangeASCIIInt-ChangeBinInt-ChangeBit-EraseBytes-
#31272	NEW    cov: 124 ft: 571 corp: 81/12430b lim: 381 exec/s: 7818 rss: 30Mb L: 366/366 MS: 5 ChangeBit-ChangeByte-ChangeBinInt-PersAutoDict-CopyPart- DE: "\000\000\000\011"-
#31625	REDUCE cov: 124 ft: 571 corp: 81/12424b lim: 381 exec/s: 7906 rss: 30Mb L: 25/366 MS: 3 PersAutoDict-CopyPart-EraseBytes- DE: "6osi"-
#31964	REDUCE cov: 124 ft: 571 corp: 81/12384b lim: 381 exec/s: 7991 rss: 30Mb L: 162/366 MS: 4 CrossOver-InsertRepeatedBytes-ShuffleBytes-EraseBytes-
#32007	REDUCE cov: 124 ft: 571 corp: 81/12382b lim: 381 exec/s: 8001 rss: 30Mb L: 44/366 MS: 3 CMP-ShuffleBytes-EraseBytes- DE: "\001\000\000\011"-
#32768	pulse  cov: 124 ft: 571 corp: 81/12382b lim: 381 exec/s: 6553 rss: 30Mb
#33033	REDUCE cov: 124 ft: 571 corp: 81/12381b lim: 389 exec/s: 6606 rss: 30Mb L: 41/366 MS: 1 EraseBytes-
#33251	NEW    cov: 125 ft: 572 corp: 82/12759b lim: 389 exec/s: 6650 rss: 30Mb L: 378/378 MS: 3 InsertRepeatedBytes-CopyPart-PersAutoDict- DE: "ispe"-
#33678	REDUCE cov: 125 ft: 572 corp: 82/12758b lim: 389 exec/s: 6735 rss: 30Mb L: 54/378 MS: 2 ChangeByte-EraseBytes-
#34053	REDUCE cov: 125 ft: 572 corp: 82/12753b lim: 389 exec/s: 6810 rss: 30Mb L: 146/378 MS: 5 InsertByte-PersAutoDict-InsertByte-PersAutoDict-EraseBytes- DE: "\001\000\177\2524\000\270\240"-"6osi"-
#34860	REDUCE cov: 125 ft: 572 corp: 82/12705b lim: 397 exec/s: 6972 rss: 30Mb L: 85/378 MS: 2 InsertByte-EraseBytes-
#34927	NEW    cov: 126 ft: 573 corp: 83/13070b lim: 397 exec/s: 6985 rss: 30Mb L: 365/378 MS: 2 ChangeBinInt-CMP- DE: "avc1"-
#35095	REDUCE cov: 126 ft: 573 corp: 83/13066b lim: 397 exec/s: 7019 rss: 30Mb L: 169/378 MS: 3 InsertByte-CMP-EraseBytes- DE: "\377\377\377U"-
#35126	REDUCE cov: 126 ft: 573 corp: 83/13062b lim: 397 exec/s: 7025 rss: 30Mb L: 21/378 MS: 1 EraseBytes-
#35127	REDUCE cov: 126 ft: 573 corp: 83/13055b lim: 397 exec/s: 7025 rss: 30Mb L: 358/378 MS: 1 EraseBytes-
==390094== ERROR: libFuzzer: out-of-memory (used: 2357Mb; limit: 1024Mb)
   To change the out-of-memory limit use -rss_limit_mb=<N>

MS: 3 InsertByte-ChangeByte-ChangeBit-; base unit: ad98679527134dce0f75d69bee15286ba92032cb
artifact_prefix='/results/crashes/20260313_162437_92ef4674_'; Test unit written to /results/crashes/20260313_162437_92ef4674_oom-c11ec397e9efb409f0dbe56aad4ee2d5183afc26
SUMMARY: libFuzzer: out-of-memory
stat::number_of_executed_units: 35330
stat::average_exec_per_sec:     5047
stat::new_units_added:          257
stat::slowest_unit_time_sec:    0
stat::peak_rss_mb:              2357
