INFO: Running with entropic power schedule (0xFF, 100).
INFO: Seed: 2477863305
INFO: Loaded 1 modules   (252 inline 8-bit counters): 252 [0x580b4d778678, 0x580b4d778774), 
INFO: Loaded 1 PC tables (252 PCs): 252 [0x580b4d778778,0x580b4d779738), 
INFO:        4 files found in /tmp/corpus_20260313_144059_ee390f87
INFO: seed corpus: files: 4 min: 48b max: 333b total: 853b rss: 28Mb
#5	INITED cov: 120 ft: 256 corp: 4/853b exec/s: 0 rss: 29Mb
#6	NEW    cov: 121 ft: 258 corp: 5/1105b lim: 333 exec/s: 0 rss: 29Mb L: 252/333 MS: 1 CopyPart-
#8	NEW    cov: 121 ft: 266 corp: 6/1154b lim: 333 exec/s: 0 rss: 29Mb L: 49/333 MS: 2 ChangeBit-InsertByte-
#10	NEW    cov: 121 ft: 280 corp: 7/1392b lim: 333 exec/s: 0 rss: 29Mb L: 238/333 MS: 2 ShuffleBytes-CopyPart-
#11	NEW    cov: 122 ft: 282 corp: 8/1712b lim: 333 exec/s: 0 rss: 29Mb L: 320/333 MS: 1 CrossOver-
#12	NEW    cov: 122 ft: 287 corp: 9/2001b lim: 333 exec/s: 0 rss: 29Mb L: 289/333 MS: 1 InsertRepeatedBytes-
#14	NEW    cov: 122 ft: 288 corp: 10/2254b lim: 333 exec/s: 0 rss: 29Mb L: 253/333 MS: 2 InsertByte-ChangeBinInt-
#16	NEW    cov: 122 ft: 302 corp: 11/2397b lim: 333 exec/s: 0 rss: 29Mb L: 143/333 MS: 2 ChangeBinInt-InsertRepeatedBytes-
#17	NEW    cov: 122 ft: 303 corp: 12/2650b lim: 333 exec/s: 0 rss: 29Mb L: 253/333 MS: 1 InsertByte-
#20	NEW    cov: 122 ft: 309 corp: 13/2814b lim: 333 exec/s: 0 rss: 29Mb L: 164/333 MS: 3 ChangeByte-ChangeBit-EraseBytes-
#22	REDUCE cov: 122 ft: 309 corp: 13/2785b lim: 333 exec/s: 0 rss: 29Mb L: 224/333 MS: 2 ChangeBit-EraseBytes-
#27	NEW    cov: 122 ft: 310 corp: 14/3009b lim: 333 exec/s: 0 rss: 29Mb L: 224/333 MS: 5 CMP-ChangeASCIIInt-CopyPart-ChangeASCIIInt-CrossOver- DE: "hvc1"-
#35	NEW    cov: 122 ft: 311 corp: 15/3329b lim: 333 exec/s: 0 rss: 29Mb L: 320/333 MS: 3 ChangeBinInt-ChangeBit-ChangeBinInt-
#39	NEW    cov: 122 ft: 319 corp: 16/3662b lim: 333 exec/s: 0 rss: 29Mb L: 333/333 MS: 4 CopyPart-ChangeBit-ChangeBinInt-CopyPart-
#47	NEW    cov: 122 ft: 331 corp: 17/3694b lim: 333 exec/s: 0 rss: 29Mb L: 32/333 MS: 3 ChangeByte-InsertByte-EraseBytes-
#51	NEW    cov: 122 ft: 338 corp: 18/3922b lim: 333 exec/s: 0 rss: 29Mb L: 228/333 MS: 4 ChangeBit-ChangeBinInt-ChangeByte-CMP- DE: "\377\377W\013\215Zu`"-
#52	NEW    cov: 123 ft: 339 corp: 19/4166b lim: 333 exec/s: 0 rss: 29Mb L: 244/333 MS: 1 EraseBytes-
#57	NEW    cov: 124 ft: 341 corp: 20/4463b lim: 333 exec/s: 0 rss: 29Mb L: 297/333 MS: 5 ChangeBit-InsertRepeatedBytes-ChangeByte-CrossOver-InsertRepeatedBytes-
#60	NEW    cov: 124 ft: 383 corp: 21/4494b lim: 333 exec/s: 0 rss: 29Mb L: 31/333 MS: 3 ShuffleBytes-ChangeBinInt-EraseBytes-
#62	NEW    cov: 124 ft: 390 corp: 22/4525b lim: 333 exec/s: 0 rss: 29Mb L: 31/333 MS: 2 ChangeByte-ChangeBinInt-
#65	NEW    cov: 124 ft: 391 corp: 23/4760b lim: 333 exec/s: 0 rss: 29Mb L: 235/333 MS: 3 ChangeByte-ChangeASCIIInt-CopyPart-
#75	NEW    cov: 124 ft: 393 corp: 24/4787b lim: 333 exec/s: 0 rss: 29Mb L: 27/333 MS: 5 ShuffleBytes-ChangeByte-ChangeBit-ChangeByte-EraseBytes-
#79	NEW    cov: 124 ft: 398 corp: 25/4963b lim: 333 exec/s: 0 rss: 29Mb L: 176/333 MS: 4 PersAutoDict-ShuffleBytes-ChangeBinInt-CMP- DE: "\377\377W\013\215Zu`"-"urn "-
#82	NEW    cov: 124 ft: 414 corp: 26/5051b lim: 333 exec/s: 0 rss: 29Mb L: 88/333 MS: 3 CopyPart-PersAutoDict-EraseBytes- DE: "urn "-
#93	NEW    cov: 124 ft: 415 corp: 27/5083b lim: 333 exec/s: 0 rss: 29Mb L: 32/333 MS: 1 ChangeBit-
#110	NEW    cov: 124 ft: 416 corp: 28/5127b lim: 333 exec/s: 0 rss: 29Mb L: 44/333 MS: 2 EraseBytes-CMP- DE: "avc1"-
#113	NEW    cov: 124 ft: 417 corp: 29/5259b lim: 333 exec/s: 0 rss: 29Mb L: 132/333 MS: 3 InsertRepeatedBytes-CrossOver-CrossOver-
#119	NEW    cov: 124 ft: 418 corp: 30/5294b lim: 333 exec/s: 0 rss: 29Mb L: 35/333 MS: 1 PersAutoDict- DE: "avc1"-
#131	REDUCE cov: 124 ft: 418 corp: 30/5214b lim: 333 exec/s: 0 rss: 29Mb L: 164/333 MS: 2 ChangeByte-EraseBytes-
#160	NEW    cov: 124 ft: 419 corp: 31/5324b lim: 333 exec/s: 0 rss: 29Mb L: 110/333 MS: 4 PersAutoDict-CMP-CMP-CrossOver- DE: "avc1"-"\001 "-"schm"-
#162	NEW    cov: 124 ft: 431 corp: 32/5356b lim: 333 exec/s: 0 rss: 29Mb L: 32/333 MS: 2 CMP-InsertByte- DE: "\000\005"-
#178	NEW    cov: 124 ft: 432 corp: 33/5405b lim: 333 exec/s: 0 rss: 29Mb L: 49/333 MS: 1 ShuffleBytes-
#180	NEW    cov: 124 ft: 433 corp: 34/5633b lim: 333 exec/s: 0 rss: 29Mb L: 228/333 MS: 2 ChangeBinInt-CrossOver-
#201	NEW    cov: 124 ft: 436 corp: 35/5862b lim: 333 exec/s: 0 rss: 29Mb L: 229/333 MS: 1 InsertByte-
#210	NEW    cov: 124 ft: 437 corp: 36/6092b lim: 333 exec/s: 0 rss: 29Mb L: 230/333 MS: 4 InsertByte-ChangeASCIIInt-ChangeByte-CMP- DE: "\001\000X\013\215Zz\320"-
#212	REDUCE cov: 124 ft: 437 corp: 36/6086b lim: 333 exec/s: 0 rss: 29Mb L: 26/333 MS: 2 ChangeByte-EraseBytes-
#254	NEW    cov: 124 ft: 439 corp: 37/6221b lim: 333 exec/s: 0 rss: 29Mb L: 135/333 MS: 2 InsertByte-EraseBytes-
#255	NEW    cov: 124 ft: 440 corp: 38/6334b lim: 333 exec/s: 0 rss: 29Mb L: 113/333 MS: 1 EraseBytes-
#256	NEW    cov: 124 ft: 441 corp: 39/6383b lim: 333 exec/s: 0 rss: 29Mb L: 49/333 MS: 1 CopyPart-
#258	NEW    cov: 124 ft: 442 corp: 40/6489b lim: 333 exec/s: 0 rss: 29Mb L: 106/333 MS: 2 CrossOver-CrossOver-
#262	NEW    cov: 124 ft: 443 corp: 41/6722b lim: 333 exec/s: 0 rss: 29Mb L: 233/333 MS: 4 PersAutoDict-PersAutoDict-ChangeASCIIInt-ChangeBit- DE: "schm"-"\001 "-
#271	NEW    cov: 124 ft: 454 corp: 42/6742b lim: 333 exec/s: 0 rss: 29Mb L: 20/333 MS: 4 ChangeBit-EraseBytes-EraseBytes-EraseBytes-
#301	NEW    cov: 124 ft: 456 corp: 43/7062b lim: 333 exec/s: 0 rss: 29Mb L: 320/333 MS: 5 CopyPart-InsertRepeatedBytes-PersAutoDict-InsertByte-CrossOver- DE: "\377\377W\013\215Zu`"-
#314	NEW    cov: 124 ft: 457 corp: 44/7111b lim: 333 exec/s: 0 rss: 29Mb L: 49/333 MS: 3 CMP-ChangeByte-ShuffleBytes- DE: "\177\376Z\215\013X\000\000"-
#330	NEW    cov: 124 ft: 458 corp: 45/7355b lim: 333 exec/s: 0 rss: 29Mb L: 244/333 MS: 1 CrossOver-
#383	REDUCE cov: 124 ft: 458 corp: 45/7347b lim: 333 exec/s: 0 rss: 29Mb L: 244/333 MS: 3 ChangeBinInt-ShuffleBytes-EraseBytes-
#429	NEW    cov: 124 ft: 460 corp: 46/7568b lim: 333 exec/s: 0 rss: 29Mb L: 221/333 MS: 1 InsertByte-
#453	NEW    cov: 124 ft: 461 corp: 47/7875b lim: 333 exec/s: 0 rss: 29Mb L: 307/333 MS: 4 ShuffleBytes-CopyPart-CopyPart-EraseBytes-
#505	NEW    cov: 124 ft: 466 corp: 48/8206b lim: 333 exec/s: 0 rss: 29Mb L: 331/333 MS: 2 ShuffleBytes-InsertRepeatedBytes-
#506	NEW    cov: 125 ft: 467 corp: 49/8246b lim: 333 exec/s: 0 rss: 29Mb L: 40/333 MS: 1 PersAutoDict- DE: "\001\000X\013\215Zz\320"-
#518	REDUCE cov: 125 ft: 467 corp: 49/8166b lim: 333 exec/s: 0 rss: 29Mb L: 209/333 MS: 2 EraseBytes-CopyPart-
#535	NEW    cov: 125 ft: 468 corp: 50/8360b lim: 333 exec/s: 0 rss: 29Mb L: 194/333 MS: 2 EraseBytes-CMP- DE: "!\000\000\000"-
#657	REDUCE cov: 125 ft: 468 corp: 50/8248b lim: 333 exec/s: 0 rss: 29Mb L: 118/333 MS: 2 CopyPart-EraseBytes-
#683	REDUCE cov: 125 ft: 468 corp: 50/8246b lim: 333 exec/s: 0 rss: 29Mb L: 29/333 MS: 1 EraseBytes-
#750	NEW    cov: 125 ft: 469 corp: 51/8267b lim: 333 exec/s: 0 rss: 29Mb L: 21/333 MS: 2 ShuffleBytes-EraseBytes-
#772	REDUCE cov: 125 ft: 469 corp: 51/8257b lim: 333 exec/s: 0 rss: 29Mb L: 96/333 MS: 2 CrossOver-EraseBytes-
#798	REDUCE cov: 125 ft: 469 corp: 51/8241b lim: 333 exec/s: 0 rss: 29Mb L: 222/333 MS: 1 EraseBytes-
#806	NEW    cov: 125 ft: 470 corp: 52/8564b lim: 333 exec/s: 0 rss: 29Mb L: 323/333 MS: 3 InsertRepeatedBytes-ChangeBit-ChangeBinInt-
#827	REDUCE cov: 125 ft: 470 corp: 52/8556b lim: 333 exec/s: 0 rss: 29Mb L: 186/333 MS: 1 EraseBytes-
#839	NEW    cov: 125 ft: 476 corp: 53/8784b lim: 333 exec/s: 0 rss: 29Mb L: 228/333 MS: 2 ChangeASCIIInt-PersAutoDict- DE: "\000\005"-
#870	REDUCE cov: 125 ft: 476 corp: 53/8779b lim: 333 exec/s: 0 rss: 29Mb L: 16/333 MS: 1 EraseBytes-
#919	REDUCE cov: 125 ft: 477 corp: 54/9043b lim: 333 exec/s: 0 rss: 29Mb L: 264/333 MS: 4 PersAutoDict-ShuffleBytes-InsertRepeatedBytes-CopyPart- DE: "\177\376Z\215\013X\000\000"-
#935	NEW    cov: 125 ft: 478 corp: 55/9339b lim: 333 exec/s: 0 rss: 29Mb L: 296/333 MS: 1 InsertRepeatedBytes-
#945	REDUCE cov: 125 ft: 480 corp: 56/9642b lim: 333 exec/s: 0 rss: 29Mb L: 303/333 MS: 5 ShuffleBytes-EraseBytes-InsertRepeatedBytes-CMP-CopyPart- DE: "\001\000\000\010"-
#956	REDUCE cov: 126 ft: 481 corp: 57/9649b lim: 333 exec/s: 0 rss: 29Mb L: 7/333 MS: 1 CrossOver-
#962	REDUCE cov: 126 ft: 481 corp: 57/9632b lim: 333 exec/s: 0 rss: 29Mb L: 32/333 MS: 1 EraseBytes-
#1009	NEW    cov: 126 ft: 482 corp: 58/9936b lim: 333 exec/s: 0 rss: 29Mb L: 304/333 MS: 2 PersAutoDict-CMP- DE: "schm"-"\001\000\000\030"-
#1036	NEW    cov: 126 ft: 483 corp: 59/9959b lim: 333 exec/s: 0 rss: 29Mb L: 23/333 MS: 2 ChangeBit-EraseBytes-
#1039	NEW    cov: 126 ft: 486 corp: 60/10122b lim: 333 exec/s: 0 rss: 29Mb L: 163/333 MS: 3 InsertByte-ShuffleBytes-EraseBytes-
#1100	REDUCE cov: 126 ft: 486 corp: 60/10117b lim: 333 exec/s: 0 rss: 29Mb L: 26/333 MS: 1 EraseBytes-
#1113	REDUCE cov: 126 ft: 486 corp: 60/10111b lim: 333 exec/s: 0 rss: 29Mb L: 34/333 MS: 3 CMP-CMP-EraseBytes- DE: "\037\000\000\000"-"\000\000X\013\215Y\225`"-
#1135	REDUCE cov: 126 ft: 494 corp: 61/10125b lim: 333 exec/s: 0 rss: 29Mb L: 14/333 MS: 2 InsertByte-EraseBytes-
#1177	REDUCE cov: 127 ft: 495 corp: 62/10357b lim: 333 exec/s: 0 rss: 29Mb L: 232/333 MS: 2 ChangeByte-PersAutoDict- DE: "\001\000X\013\215Zz\320"-
#1178	NEW    cov: 127 ft: 496 corp: 63/10367b lim: 333 exec/s: 0 rss: 29Mb L: 10/333 MS: 1 CrossOver-
#1189	REDUCE cov: 127 ft: 496 corp: 63/10341b lim: 333 exec/s: 0 rss: 29Mb L: 160/333 MS: 1 EraseBytes-
#1193	NEW    cov: 127 ft: 497 corp: 64/10625b lim: 333 exec/s: 0 rss: 29Mb L: 284/333 MS: 4 CopyPart-ShuffleBytes-InsertRepeatedBytes-ChangeBinInt-
#1227	NEW    cov: 127 ft: 498 corp: 65/10890b lim: 333 exec/s: 0 rss: 29Mb L: 265/333 MS: 4 ChangeBit-ShuffleBytes-ChangeBit-InsertByte-
#1273	REDUCE cov: 127 ft: 498 corp: 65/10887b lim: 333 exec/s: 0 rss: 29Mb L: 4/333 MS: 1 EraseBytes-
#1326	REDUCE cov: 127 ft: 498 corp: 65/10835b lim: 333 exec/s: 0 rss: 29Mb L: 83/333 MS: 3 ChangeBinInt-CopyPart-CrossOver-
#1329	NEW    cov: 127 ft: 504 corp: 66/11150b lim: 333 exec/s: 0 rss: 29Mb L: 315/333 MS: 3 ChangeBit-InsertByte-CopyPart-
#1335	NEW    cov: 127 ft: 507 corp: 67/11174b lim: 333 exec/s: 0 rss: 29Mb L: 24/333 MS: 1 InsertByte-
#1367	REDUCE cov: 127 ft: 507 corp: 67/11172b lim: 333 exec/s: 0 rss: 29Mb L: 12/333 MS: 2 ChangeBinInt-EraseBytes-
#1399	REDUCE cov: 127 ft: 508 corp: 68/11180b lim: 333 exec/s: 0 rss: 29Mb L: 8/333 MS: 2 InsertByte-EraseBytes-
#1504	REDUCE cov: 127 ft: 508 corp: 68/11119b lim: 333 exec/s: 0 rss: 29Mb L: 259/333 MS: 5 ShuffleBytes-InsertRepeatedBytes-ChangeByte-ChangeBit-CrossOver-
#1517	REDUCE cov: 127 ft: 508 corp: 68/11117b lim: 333 exec/s: 0 rss: 29Mb L: 30/333 MS: 3 InsertByte-ShuffleBytes-EraseBytes-
#1598	REDUCE cov: 127 ft: 508 corp: 68/11113b lim: 333 exec/s: 0 rss: 29Mb L: 30/333 MS: 1 EraseBytes-
#1611	REDUCE cov: 127 ft: 508 corp: 68/11110b lim: 333 exec/s: 0 rss: 29Mb L: 17/333 MS: 3 ChangeBit-EraseBytes-PersAutoDict- DE: "\001\000\000\010"-
#1664	REDUCE cov: 127 ft: 508 corp: 68/11109b lim: 333 exec/s: 0 rss: 29Mb L: 3/333 MS: 3 InsertByte-ShuffleBytes-EraseBytes-
#1717	REDUCE cov: 127 ft: 508 corp: 68/11106b lim: 333 exec/s: 0 rss: 29Mb L: 27/333 MS: 3 ChangeByte-InsertByte-EraseBytes-
#1760	REDUCE cov: 127 ft: 508 corp: 68/11087b lim: 333 exec/s: 0 rss: 29Mb L: 145/333 MS: 3 ShuffleBytes-PersAutoDict-EraseBytes- DE: "!\000\000\000"-
#1808	REDUCE cov: 127 ft: 508 corp: 68/11057b lim: 333 exec/s: 0 rss: 29Mb L: 194/333 MS: 3 ChangeBinInt-ShuffleBytes-EraseBytes-
#1835	REDUCE cov: 127 ft: 508 corp: 68/11019b lim: 333 exec/s: 0 rss: 29Mb L: 107/333 MS: 2 ChangeBit-EraseBytes-
#2060	REDUCE cov: 127 ft: 508 corp: 68/11011b lim: 333 exec/s: 0 rss: 29Mb L: 244/333 MS: 5 ShuffleBytes-ChangeBinInt-InsertRepeatedBytes-ShuffleBytes-EraseBytes-
#2066	REDUCE cov: 127 ft: 508 corp: 68/10940b lim: 333 exec/s: 0 rss: 29Mb L: 105/333 MS: 1 EraseBytes-
#2072	REDUCE cov: 127 ft: 508 corp: 68/10910b lim: 333 exec/s: 0 rss: 29Mb L: 77/333 MS: 1 EraseBytes-
#2081	NEW    cov: 127 ft: 512 corp: 69/11219b lim: 333 exec/s: 0 rss: 29Mb L: 309/333 MS: 4 PersAutoDict-InsertByte-PersAutoDict-PersAutoDict- DE: "\000\000X\013\215Y\225`"-"\177\376Z\215\013X\000\000"-"\001\000\000\030"-
#2107	REDUCE cov: 127 ft: 512 corp: 69/11214b lim: 333 exec/s: 0 rss: 29Mb L: 315/333 MS: 1 EraseBytes-
#2144	REDUCE cov: 127 ft: 512 corp: 69/11211b lim: 333 exec/s: 0 rss: 29Mb L: 9/333 MS: 2 ChangeByte-EraseBytes-
#2172	REDUCE cov: 127 ft: 512 corp: 69/11209b lim: 333 exec/s: 0 rss: 29Mb L: 27/333 MS: 3 ChangeBinInt-CrossOver-EraseBytes-
#2339	REDUCE cov: 127 ft: 512 corp: 69/11208b lim: 333 exec/s: 0 rss: 29Mb L: 23/333 MS: 2 ChangeByte-EraseBytes-
#2346	REDUCE cov: 127 ft: 512 corp: 69/11189b lim: 333 exec/s: 0 rss: 29Mb L: 240/333 MS: 2 InsertByte-EraseBytes-
#2352	NEW    cov: 127 ft: 513 corp: 70/11498b lim: 333 exec/s: 0 rss: 29Mb L: 309/333 MS: 1 CMP- DE: "\000\000"-
#2485	REDUCE cov: 127 ft: 513 corp: 70/11492b lim: 333 exec/s: 0 rss: 29Mb L: 21/333 MS: 3 InsertByte-CMP-EraseBytes- DE: "\000\000{Bd\002\277\032"-
#2676	REDUCE cov: 127 ft: 513 corp: 70/11484b lim: 333 exec/s: 0 rss: 29Mb L: 97/333 MS: 1 EraseBytes-
#2758	REDUCE cov: 127 ft: 513 corp: 70/11463b lim: 333 exec/s: 0 rss: 29Mb L: 139/333 MS: 2 ShuffleBytes-EraseBytes-
#2865	REDUCE cov: 127 ft: 513 corp: 70/11458b lim: 333 exec/s: 0 rss: 29Mb L: 21/333 MS: 2 ChangeBinInt-EraseBytes-
#3105	REDUCE cov: 127 ft: 513 corp: 70/11339b lim: 333 exec/s: 0 rss: 29Mb L: 188/333 MS: 5 ShuffleBytes-ChangeBit-PersAutoDict-EraseBytes-EraseBytes- DE: "\001\000\000\010"-
#3418	REDUCE cov: 127 ft: 513 corp: 70/11338b lim: 333 exec/s: 0 rss: 29Mb L: 314/333 MS: 3 ChangeASCIIInt-CopyPart-EraseBytes-
#3545	REDUCE cov: 127 ft: 513 corp: 70/11336b lim: 333 exec/s: 0 rss: 29Mb L: 251/333 MS: 2 ShuffleBytes-CrossOver-
#3745	REDUCE cov: 127 ft: 513 corp: 70/11312b lim: 333 exec/s: 0 rss: 29Mb L: 59/333 MS: 5 ChangeBinInt-ChangeBit-ChangeBit-ShuffleBytes-EraseBytes-
#3953	NEW    cov: 127 ft: 524 corp: 71/11620b lim: 333 exec/s: 0 rss: 29Mb L: 308/333 MS: 3 ChangeBinInt-InsertRepeatedBytes-CMP- DE: "\007\000\000\000"-
#3974	REDUCE cov: 127 ft: 524 corp: 71/11619b lim: 333 exec/s: 0 rss: 29Mb L: 163/333 MS: 1 CrossOver-
#4031	REDUCE cov: 127 ft: 524 corp: 71/11616b lim: 333 exec/s: 0 rss: 29Mb L: 18/333 MS: 2 ShuffleBytes-EraseBytes-
#4063	REDUCE cov: 127 ft: 525 corp: 72/11776b lim: 333 exec/s: 0 rss: 29Mb L: 160/333 MS: 2 ChangeBit-EraseBytes-
#4131	REDUCE cov: 127 ft: 525 corp: 72/11773b lim: 333 exec/s: 0 rss: 29Mb L: 206/333 MS: 3 ChangeBit-EraseBytes-CrossOver-
#4248	REDUCE cov: 127 ft: 525 corp: 72/11724b lim: 333 exec/s: 0 rss: 29Mb L: 191/333 MS: 2 CrossOver-EraseBytes-
#4281	REDUCE cov: 127 ft: 525 corp: 72/11696b lim: 333 exec/s: 0 rss: 29Mb L: 69/333 MS: 3 CopyPart-ShuffleBytes-EraseBytes-
#4304	REDUCE cov: 127 ft: 525 corp: 72/11682b lim: 333 exec/s: 0 rss: 29Mb L: 300/333 MS: 3 ChangeByte-CMP-EraseBytes- DE: "\001\000\000\000"-
#4341	REDUCE cov: 127 ft: 525 corp: 72/11673b lim: 333 exec/s: 0 rss: 29Mb L: 9/333 MS: 2 ChangeBit-EraseBytes-
#4344	REDUCE cov: 127 ft: 525 corp: 72/11643b lim: 333 exec/s: 0 rss: 29Mb L: 192/333 MS: 3 EraseBytes-ChangeByte-CopyPart-
#4351	REDUCE cov: 127 ft: 525 corp: 72/11640b lim: 333 exec/s: 0 rss: 29Mb L: 24/333 MS: 2 ChangeByte-EraseBytes-
#4441	REDUCE cov: 127 ft: 525 corp: 72/11608b lim: 333 exec/s: 0 rss: 29Mb L: 78/333 MS: 5 ChangeBinInt-EraseBytes-ChangeBinInt-ChangeByte-ChangeByte-
#4633	REDUCE cov: 127 ft: 525 corp: 72/11596b lim: 333 exec/s: 0 rss: 29Mb L: 180/333 MS: 2 InsertByte-EraseBytes-
#4876	REDUCE cov: 127 ft: 525 corp: 72/11591b lim: 333 exec/s: 0 rss: 29Mb L: 73/333 MS: 3 ChangeBit-PersAutoDict-EraseBytes- DE: "\000\005"-
#5069	REDUCE cov: 127 ft: 525 corp: 72/11589b lim: 333 exec/s: 0 rss: 29Mb L: 21/333 MS: 3 CMP-ChangeBinInt-EraseBytes- DE: "_wZ\215\013X\000\000"-
#5286	REDUCE cov: 127 ft: 525 corp: 72/11588b lim: 333 exec/s: 5286 rss: 29Mb L: 34/333 MS: 1 EraseBytes-
#5347	REDUCE cov: 127 ft: 525 corp: 72/11585b lim: 333 exec/s: 5347 rss: 29Mb L: 18/333 MS: 1 EraseBytes-
#5600	REDUCE cov: 127 ft: 525 corp: 72/11577b lim: 333 exec/s: 5600 rss: 29Mb L: 243/333 MS: 3 InsertRepeatedBytes-ShuffleBytes-CrossOver-
#5649	REDUCE cov: 127 ft: 525 corp: 72/11574b lim: 333 exec/s: 5649 rss: 29Mb L: 18/333 MS: 4 ChangeBit-ChangeByte-ChangeBit-EraseBytes-
#5681	REDUCE cov: 127 ft: 525 corp: 72/11573b lim: 333 exec/s: 5681 rss: 29Mb L: 2/333 MS: 2 CopyPart-EraseBytes-
#5815	REDUCE cov: 127 ft: 525 corp: 72/11562b lim: 333 exec/s: 5815 rss: 29Mb L: 12/333 MS: 4 ChangeByte-InsertByte-ChangeBit-EraseBytes-
#6795	REDUCE cov: 127 ft: 525 corp: 72/11559b lim: 341 exec/s: 6795 rss: 29Mb L: 110/333 MS: 5 CrossOver-ShuffleBytes-ChangeBit-ChangeASCIIInt-PersAutoDict- DE: "\001\000\000\010"-
#6844	REDUCE cov: 127 ft: 525 corp: 72/11495b lim: 341 exec/s: 6844 rss: 29Mb L: 180/333 MS: 4 PersAutoDict-EraseBytes-ChangeASCIIInt-CopyPart- DE: "avc1"-
#6980	REDUCE cov: 127 ft: 525 corp: 72/11491b lim: 341 exec/s: 6980 rss: 29Mb L: 26/333 MS: 1 EraseBytes-
#7017	REDUCE cov: 127 ft: 525 corp: 72/11490b lim: 341 exec/s: 7017 rss: 29Mb L: 25/333 MS: 2 InsertByte-EraseBytes-
#7032	REDUCE cov: 127 ft: 525 corp: 72/11488b lim: 341 exec/s: 7032 rss: 29Mb L: 16/333 MS: 5 ChangeByte-ChangeByte-CMP-ChangeBit-EraseBytes- DE: "\000\000\000\000\000\000\000G"-
==53362== ERROR: libFuzzer: out-of-memory (used: 2427Mb; limit: 1024Mb)
   To change the out-of-memory limit use -rss_limit_mb=<N>

MS: 3 CrossOver-PersAutoDict-CopyPart- DE: "hvc1"-; base unit: 22b90c859fbd2d4168b9a8b03ec8150803547347
artifact_prefix='/results/crashes/20260313_144059_ee390f87_'; Test unit written to /results/crashes/20260313_144059_ee390f87_oom-d8999312e5b6cc9f7901b070e69a9457e2ba9a55
SUMMARY: libFuzzer: out-of-memory
stat::number_of_executed_units: 7550
stat::average_exec_per_sec:     2516
stat::new_units_added:          135
stat::slowest_unit_time_sec:    0
stat::peak_rss_mb:              2428
