INFO: Running with entropic power schedule (0xFF, 100).
INFO: Seed: 1669948359
INFO: Loaded 1 modules   (252 inline 8-bit counters): 252 [0x59beed7ab678, 0x59beed7ab774), 
INFO: Loaded 1 PC tables (252 PCs): 252 [0x59beed7ab778,0x59beed7ac738), 
INFO:        4 files found in /tmp/corpus_20260313_174026_66575eed
INFO: seed corpus: files: 4 min: 48b max: 333b total: 853b rss: 28Mb
#5	INITED cov: 119 ft: 253 corp: 4/853b exec/s: 0 rss: 29Mb
#6	NEW    cov: 119 ft: 268 corp: 5/901b lim: 333 exec/s: 0 rss: 29Mb L: 48/333 MS: 1 CrossOver-
#7	NEW    cov: 119 ft: 320 corp: 6/928b lim: 333 exec/s: 0 rss: 29Mb L: 27/333 MS: 1 EraseBytes-
#8	NEW    cov: 119 ft: 330 corp: 7/1228b lim: 333 exec/s: 0 rss: 29Mb L: 300/333 MS: 1 CrossOver-
#11	NEW    cov: 119 ft: 340 corp: 8/1259b lim: 333 exec/s: 0 rss: 29Mb L: 31/333 MS: 3 InsertRepeatedBytes-ShuffleBytes-InsertByte-
#12	NEW    cov: 119 ft: 347 corp: 9/1286b lim: 333 exec/s: 0 rss: 29Mb L: 27/333 MS: 1 ChangeBit-
#13	NEW    cov: 120 ft: 350 corp: 10/1503b lim: 333 exec/s: 0 rss: 29Mb L: 217/333 MS: 1 CrossOver-
#14	NEW    cov: 120 ft: 351 corp: 11/1756b lim: 333 exec/s: 0 rss: 29Mb L: 253/333 MS: 1 CrossOver-
#18	NEW    cov: 120 ft: 353 corp: 12/1783b lim: 333 exec/s: 0 rss: 29Mb L: 27/333 MS: 4 ShuffleBytes-ChangeBit-ShuffleBytes-ChangeByte-
#19	NEW    cov: 120 ft: 358 corp: 13/1820b lim: 333 exec/s: 0 rss: 29Mb L: 37/333 MS: 1 CrossOver-
#20	NEW    cov: 120 ft: 368 corp: 14/1873b lim: 333 exec/s: 0 rss: 29Mb L: 53/333 MS: 1 CopyPart-
#21	NEW    cov: 121 ft: 374 corp: 15/2138b lim: 333 exec/s: 0 rss: 29Mb L: 265/333 MS: 1 EraseBytes-
#24	NEW    cov: 121 ft: 375 corp: 16/2455b lim: 333 exec/s: 0 rss: 29Mb L: 317/333 MS: 3 ShuffleBytes-ChangeBinInt-InsertRepeatedBytes-
#26	NEW    cov: 121 ft: 380 corp: 17/2504b lim: 333 exec/s: 0 rss: 29Mb L: 49/333 MS: 2 ChangeByte-InsertByte-
#30	NEW    cov: 122 ft: 381 corp: 18/2807b lim: 333 exec/s: 0 rss: 29Mb L: 303/333 MS: 4 ChangeBinInt-InsertRepeatedBytes-CMP-InsertRepeatedBytes- DE: "\001\000\000\010"-
#50	NEW    cov: 122 ft: 383 corp: 19/2940b lim: 333 exec/s: 0 rss: 29Mb L: 133/333 MS: 5 CrossOver-InsertRepeatedBytes-InsertByte-CopyPart-EraseBytes-
#53	NEW    cov: 122 ft: 384 corp: 20/2989b lim: 333 exec/s: 0 rss: 29Mb L: 49/333 MS: 3 PersAutoDict-CopyPart-ChangeByte- DE: "\001\000\000\010"-
#71	NEW    cov: 122 ft: 385 corp: 21/3026b lim: 333 exec/s: 0 rss: 29Mb L: 37/333 MS: 3 ChangeBit-InsertByte-CrossOver-
#76	NEW    cov: 122 ft: 395 corp: 22/3118b lim: 333 exec/s: 0 rss: 29Mb L: 92/333 MS: 5 CopyPart-ChangeBinInt-ChangeBit-CrossOver-CopyPart-
#78	NEW    cov: 122 ft: 397 corp: 23/3442b lim: 333 exec/s: 0 rss: 29Mb L: 324/333 MS: 2 CopyPart-CopyPart-
#81	NEW    cov: 122 ft: 398 corp: 24/3736b lim: 333 exec/s: 0 rss: 29Mb L: 294/333 MS: 3 ChangeByte-CMP-CrossOver- DE: "\2000\316\375\276Y\000\000"-
#84	NEW    cov: 122 ft: 399 corp: 25/3807b lim: 333 exec/s: 0 rss: 29Mb L: 71/333 MS: 3 EraseBytes-ChangeByte-CopyPart-
#87	NEW    cov: 122 ft: 400 corp: 26/4132b lim: 333 exec/s: 0 rss: 29Mb L: 325/333 MS: 3 CopyPart-ChangeBinInt-InsertRepeatedBytes-
#93	NEW    cov: 122 ft: 401 corp: 27/4374b lim: 333 exec/s: 0 rss: 29Mb L: 242/333 MS: 1 CrossOver-
#94	NEW    cov: 122 ft: 402 corp: 28/4461b lim: 333 exec/s: 0 rss: 29Mb L: 87/333 MS: 1 EraseBytes-
#95	NEW    cov: 122 ft: 403 corp: 29/4680b lim: 333 exec/s: 0 rss: 29Mb L: 219/333 MS: 1 EraseBytes-
#106	NEW    cov: 122 ft: 407 corp: 30/4901b lim: 333 exec/s: 0 rss: 29Mb L: 221/333 MS: 1 InsertByte-
#125	NEW    cov: 122 ft: 408 corp: 31/5187b lim: 333 exec/s: 0 rss: 29Mb L: 286/333 MS: 4 CMP-ChangeASCIIInt-CopyPart-EraseBytes- DE: "hvc1"-
#157	NEW    cov: 122 ft: 409 corp: 32/5443b lim: 333 exec/s: 0 rss: 29Mb L: 256/333 MS: 2 CMP-PersAutoDict- DE: "8\000\000\000\000\000\000\000"-"hvc1"-
#165	NEW    cov: 122 ft: 410 corp: 33/5544b lim: 333 exec/s: 0 rss: 29Mb L: 101/333 MS: 3 CMP-InsertRepeatedBytes-EraseBytes- DE: "\377\001"-
#192	NEW    cov: 122 ft: 420 corp: 34/5558b lim: 333 exec/s: 0 rss: 29Mb L: 14/333 MS: 2 CrossOver-EraseBytes-
#196	NEW    cov: 122 ft: 431 corp: 35/5577b lim: 333 exec/s: 0 rss: 29Mb L: 19/333 MS: 4 ChangeBinInt-InsertRepeatedBytes-ShuffleBytes-EraseBytes-
#199	NEW    cov: 122 ft: 432 corp: 36/5666b lim: 333 exec/s: 0 rss: 29Mb L: 89/333 MS: 3 CMP-InsertByte-InsertRepeatedBytes- DE: "\001\000\000\001"-
#202	NEW    cov: 122 ft: 433 corp: 37/5936b lim: 333 exec/s: 0 rss: 29Mb L: 270/333 MS: 3 ChangeBit-ChangeBit-EraseBytes-
#213	REDUCE cov: 122 ft: 433 corp: 37/5933b lim: 333 exec/s: 0 rss: 29Mb L: 16/333 MS: 1 EraseBytes-
#214	NEW    cov: 122 ft: 434 corp: 38/5981b lim: 333 exec/s: 0 rss: 29Mb L: 48/333 MS: 1 CMP- DE: "pari"-
#235	NEW    cov: 122 ft: 435 corp: 39/6078b lim: 333 exec/s: 0 rss: 29Mb L: 97/333 MS: 1 CrossOver-
#236	NEW    cov: 123 ft: 436 corp: 40/6298b lim: 333 exec/s: 0 rss: 29Mb L: 220/333 MS: 1 CopyPart-
#239	REDUCE cov: 123 ft: 436 corp: 40/6292b lim: 333 exec/s: 0 rss: 29Mb L: 81/333 MS: 3 CrossOver-EraseBytes-PersAutoDict- DE: "\001\000\000\001"-
#309	NEW    cov: 123 ft: 437 corp: 41/6535b lim: 333 exec/s: 0 rss: 29Mb L: 243/333 MS: 5 ChangeBit-ChangeByte-ChangeBit-PersAutoDict-CrossOver- DE: "\001\000\000\001"-
#334	NEW    cov: 123 ft: 438 corp: 42/6758b lim: 333 exec/s: 0 rss: 29Mb L: 223/333 MS: 5 CMP-ShuffleBytes-ChangeBinInt-InsertByte-CrossOver- DE: "D\001\000\000\000\000\000\000"-
#349	NEW    cov: 123 ft: 442 corp: 43/7058b lim: 333 exec/s: 0 rss: 29Mb L: 300/333 MS: 5 ChangeBit-EraseBytes-PersAutoDict-InsertRepeatedBytes-CrossOver- DE: "\001\000\000\010"-
#355	NEW    cov: 123 ft: 443 corp: 44/7165b lim: 333 exec/s: 0 rss: 29Mb L: 107/333 MS: 1 InsertRepeatedBytes-
#374	NEW    cov: 123 ft: 449 corp: 45/7479b lim: 333 exec/s: 0 rss: 29Mb L: 314/333 MS: 4 ChangeByte-ChangeBinInt-InsertByte-InsertRepeatedBytes-
#414	REDUCE cov: 123 ft: 449 corp: 45/7393b lim: 333 exec/s: 0 rss: 29Mb L: 157/333 MS: 5 PersAutoDict-ChangeASCIIInt-ShuffleBytes-ShuffleBytes-EraseBytes- DE: "\001\000\000\001"-
#461	NEW    cov: 123 ft: 451 corp: 46/7531b lim: 333 exec/s: 0 rss: 29Mb L: 138/333 MS: 2 CrossOver-CrossOver-
#498	REDUCE cov: 123 ft: 451 corp: 46/7524b lim: 333 exec/s: 0 rss: 29Mb L: 41/333 MS: 2 ChangeBit-EraseBytes-
#517	NEW    cov: 123 ft: 455 corp: 47/7835b lim: 333 exec/s: 0 rss: 29Mb L: 311/333 MS: 4 InsertByte-InsertRepeatedBytes-InsertByte-CopyPart-
#556	REDUCE cov: 123 ft: 455 corp: 47/7809b lim: 333 exec/s: 0 rss: 29Mb L: 195/333 MS: 4 ChangeByte-CMP-PersAutoDict-EraseBytes- DE: "mdat"-"D\001\000\000\000\000\000\000"-
#645	NEW    cov: 123 ft: 463 corp: 48/7857b lim: 333 exec/s: 0 rss: 29Mb L: 48/333 MS: 4 CopyPart-ChangeByte-CopyPart-CopyPart-
#654	NEW    cov: 123 ft: 464 corp: 49/8156b lim: 333 exec/s: 0 rss: 29Mb L: 299/333 MS: 4 InsertRepeatedBytes-ShuffleBytes-PersAutoDict-CrossOver- DE: "\001\000\000\001"-
#832	REDUCE cov: 123 ft: 464 corp: 49/8154b lim: 333 exec/s: 0 rss: 29Mb L: 315/333 MS: 3 ChangeBinInt-ChangeBit-EraseBytes-
#847	NEW    cov: 123 ft: 467 corp: 50/8206b lim: 333 exec/s: 0 rss: 29Mb L: 52/333 MS: 5 ShuffleBytes-CMP-CopyPart-PersAutoDict-CMP- DE: "urn "-"D\001\000\000\000\000\000\000"-"\000\000\000\001"-
#902	NEW    cov: 123 ft: 468 corp: 51/8223b lim: 333 exec/s: 0 rss: 29Mb L: 17/333 MS: 5 ChangeBit-ChangeBinInt-ShuffleBytes-ChangeBit-EraseBytes-
#924	REDUCE cov: 123 ft: 468 corp: 51/8208b lim: 333 exec/s: 0 rss: 29Mb L: 56/333 MS: 2 ChangeBit-EraseBytes-
#953	REDUCE cov: 123 ft: 468 corp: 51/8200b lim: 333 exec/s: 0 rss: 29Mb L: 40/333 MS: 4 ChangeBinInt-ChangeBinInt-CMP-EraseBytes- DE: "~\377\377\377\377\377\377\377"-
#1045	REDUCE cov: 123 ft: 468 corp: 51/8193b lim: 333 exec/s: 0 rss: 29Mb L: 49/333 MS: 2 EraseBytes-ShuffleBytes-
#1101	NEW    cov: 123 ft: 469 corp: 52/8526b lim: 333 exec/s: 0 rss: 29Mb L: 333/333 MS: 1 ChangeByte-
#1140	REDUCE cov: 123 ft: 469 corp: 52/8497b lim: 333 exec/s: 0 rss: 29Mb L: 282/333 MS: 4 CopyPart-CrossOver-InsertByte-InsertRepeatedBytes-
#1304	REDUCE cov: 123 ft: 469 corp: 52/8349b lim: 333 exec/s: 0 rss: 29Mb L: 151/333 MS: 4 ChangeBinInt-ChangeBinInt-CrossOver-CrossOver-
#1315	REDUCE cov: 123 ft: 469 corp: 52/8324b lim: 333 exec/s: 0 rss: 29Mb L: 290/333 MS: 1 EraseBytes-
#1353	NEW    cov: 124 ft: 471 corp: 53/8652b lim: 333 exec/s: 0 rss: 29Mb L: 328/333 MS: 3 ShuffleBytes-PersAutoDict-CrossOver- DE: "D\001\000\000\000\000\000\000"-
#1442	NEW    cov: 124 ft: 488 corp: 54/8844b lim: 333 exec/s: 0 rss: 29Mb L: 192/333 MS: 4 EraseBytes-EraseBytes-ChangeByte-CMP- DE: "\000\000\000\001"-
#1468	NEW    cov: 124 ft: 489 corp: 55/8859b lim: 333 exec/s: 0 rss: 29Mb L: 15/333 MS: 1 EraseBytes-
#1547	REDUCE cov: 124 ft: 489 corp: 55/8847b lim: 333 exec/s: 0 rss: 29Mb L: 28/333 MS: 4 EraseBytes-InsertRepeatedBytes-EraseBytes-EraseBytes-
#1573	NEW    cov: 124 ft: 498 corp: 56/9081b lim: 333 exec/s: 0 rss: 29Mb L: 234/333 MS: 1 CopyPart-
#1577	NEW    cov: 124 ft: 499 corp: 57/9133b lim: 333 exec/s: 0 rss: 29Mb L: 52/333 MS: 4 ShuffleBytes-CMP-ChangeBit-PersAutoDict- DE: "hvc1"-"hvc1"-
#1583	REDUCE cov: 124 ft: 499 corp: 57/9091b lim: 333 exec/s: 0 rss: 29Mb L: 150/333 MS: 1 EraseBytes-
#1590	NEW    cov: 124 ft: 500 corp: 58/9331b lim: 333 exec/s: 0 rss: 29Mb L: 240/333 MS: 2 ShuffleBytes-EraseBytes-
#1702	REDUCE cov: 124 ft: 500 corp: 58/9319b lim: 333 exec/s: 0 rss: 29Mb L: 15/333 MS: 2 PersAutoDict-EraseBytes- DE: "hvc1"-
#1708	REDUCE cov: 124 ft: 500 corp: 58/9315b lim: 333 exec/s: 0 rss: 29Mb L: 10/333 MS: 1 EraseBytes-
==629942== ERROR: libFuzzer: out-of-memory (used: 2334Mb; limit: 1024Mb)
   To change the out-of-memory limit use -rss_limit_mb=<N>

MS: 2 ChangeBinInt-CrossOver-; base unit: dde09827e7a858ec8fa250df5664ff4449c585e0
0x0,0x0,0x0,0x18,0x66,0x74,0x79,0x70,0x6d,0x70,0x68,0x76,0x63,0x31,0x34,0x32,0x0,0x0,0x0,0x0,0x4d,0x70,0x34,0x32,0x69,0x73,0x6f,0x6d,0x68,0x76,0x63,0x31,0x0,0x34,0x0,0x74,0x0,0x0,0x0,0x0,0x0,0x0,0x79,0x70,0x6d,0x70,0x74,0x0,0x0,0x81,0x0,0x0,0x1,0x0,0x0,0x18,0x66,0x2b,0x79,0x70,0x6d,0x70,0x74,0x0,0x0,0x0,0x0,0x1,0x0,0x0,0x8,0x0,0x0,0x0,0xff,0xff,0xff,0xff,0xff,0xff,0xff,0xff,0xff,0xff,0xff,0xff,0xff,0xff,0xff,0xff,0xff,0xff,0xff,0xff,0xff,0xff,0xff,0xff,0xff,0xff,0xff,0xff,0xff,0xff,0xff,0xff,0xff,0xff,0xff,0xff,0xff,0xff,0xff,0xff,0xff,0xff,0xff,0x0,0xc,0x0,0x0,0x0,0x0,0x0,0x0,0x10,0x0,0x0,0x18,0x66,0x74,0x79,0x70,0x6d,0x70,0x74,0x0,0x8,0x0,0x0,0x0,0xff,0xff,0xff,0xff,0xff,0xff,0xff,0xff,0xff,0xff,0xff,0xff,0xff,0xff,0xff,0xff,0xff,0xff,0xff,0xff,0xff,0xff,0xff,0xff,0xff,0xff,0xff,0x0,0x0,0x0,0x1c,0x66,0x74,0x79,0x70,0xff,0xff,0xff,0xff,0xff,0xff,0xff,0xff,0xff,0xff,0xff,0xff,0xff,0xff,0xff,0xff,0xff,0xff,0xff,0xff,0xff,0xff,0xff,0xff,0xff,0xff,0xff,0xff,0xff,0xff,0xff,0xff,0xff,0xff,0xff,0xff,0xff,0xff,0xff,0xff,0xff,0xff,0xff,0xff,0xff,0xff,0x0,0x0,0x0,0x0,0x0,0x0,0x0,0x0,0x0,0x0,
\000\000\000\030ftypmphvc142\000\000\000\000Mp42isomhvc1\0004\000t\000\000\000\000\000\000ypmpt\000\000\201\000\000\001\000\000\030f+ypmpt\000\000\000\000\001\000\000\010\000\000\000\377\377\377\377\377\377\377\377\377\377\377\377\377\377\377\377\377\377\377\377\377\377\377\377\377\377\377\377\377\377\377\377\377\377\377\377\377\377\377\377\377\377\377\000\014\000\000\000\000\000\000\020\000\000\030ftypmpt\000\010\000\000\000\377\377\377\377\377\377\377\377\377\377\377\377\377\377\377\377\377\377\377\377\377\377\377\377\377\377\377\000\000\000\034ftyp\377\377\377\377\377\377\377\377\377\377\377\377\377\377\377\377\377\377\377\377\377\377\377\377\377\377\377\377\377\377\377\377\377\377\377\377\377\377\377\377\377\377\377\377\377\377\000\000\000\000\000\000\000\000\000\000
artifact_prefix='/results/crashes/20260313_174026_66575eed_'; Test unit written to /results/crashes/20260313_174026_66575eed_oom-88da0a8018b4221a7ba9ea3dc9f2f7dda3946868
Base64: AAAAGGZ0eXBtcGh2YzE0MgAAAABNcDQyaXNvbWh2YzEANAB0AAAAAAAAeXBtcHQAAIEAAAEAABhmK3lwbXB0AAAAAAEAAAgAAAD/////////////////////////////////////////////////////////AAwAAAAAAAAQAAAYZnR5cG1wdAAIAAAA////////////////////////////////////AAAAHGZ0eXD/////////////////////////////////////////////////////////////AAAAAAAAAAAAAA==
SUMMARY: libFuzzer: out-of-memory
stat::number_of_executed_units: 1720
stat::average_exec_per_sec:     860
stat::new_units_added:          70
stat::slowest_unit_time_sec:    0
stat::peak_rss_mb:              2339
