INFO: Running with entropic power schedule (0xFF, 100).
INFO: Seed: 1706220886
INFO: Loaded 1 modules   (252 inline 8-bit counters): 252 [0x610638344678, 0x610638344774), 
INFO: Loaded 1 PC tables (252 PCs): 252 [0x610638344778,0x610638345738), 
INFO:        4 files found in /tmp/corpus_20260313_143954_c3546745
INFO: seed corpus: files: 4 min: 48b max: 333b total: 853b rss: 28Mb
#5	INITED cov: 118 ft: 251 corp: 4/853b exec/s: 0 rss: 29Mb
#9	NEW    cov: 118 ft: 262 corp: 5/901b lim: 333 exec/s: 0 rss: 29Mb L: 48/333 MS: 4 ShuffleBytes-CMP-ChangeBinInt-ChangeBinInt- DE: "\000\000\000\003"-
#10	NEW    cov: 118 ft: 263 corp: 6/1234b lim: 333 exec/s: 0 rss: 29Mb L: 333/333 MS: 1 ChangeByte-
#12	NEW    cov: 118 ft: 264 corp: 7/1466b lim: 333 exec/s: 0 rss: 29Mb L: 232/333 MS: 2 ShuffleBytes-EraseBytes-
#13	NEW    cov: 118 ft: 276 corp: 8/1584b lim: 333 exec/s: 0 rss: 29Mb L: 118/333 MS: 1 CrossOver-
#15	NEW    cov: 118 ft: 277 corp: 9/1817b lim: 333 exec/s: 0 rss: 29Mb L: 233/333 MS: 2 ChangeASCIIInt-InsertByte-
#17	NEW    cov: 119 ft: 286 corp: 10/2054b lim: 333 exec/s: 0 rss: 29Mb L: 237/333 MS: 2 ChangeBit-PersAutoDict- DE: "\000\000\000\003"-
#19	NEW    cov: 120 ft: 297 corp: 11/2254b lim: 333 exec/s: 0 rss: 29Mb L: 200/333 MS: 2 CopyPart-EraseBytes-
#23	NEW    cov: 120 ft: 298 corp: 12/2587b lim: 333 exec/s: 0 rss: 29Mb L: 333/333 MS: 4 CrossOver-CrossOver-CrossOver-CrossOver-
#28	NEW    cov: 120 ft: 300 corp: 13/2772b lim: 333 exec/s: 0 rss: 29Mb L: 185/333 MS: 5 CopyPart-CrossOver-PersAutoDict-ShuffleBytes-ChangeByte- DE: "\000\000\000\003"-
#29	NEW    cov: 120 ft: 310 corp: 14/2935b lim: 333 exec/s: 0 rss: 29Mb L: 163/333 MS: 1 EraseBytes-
#31	NEW    cov: 120 ft: 314 corp: 15/3189b lim: 333 exec/s: 0 rss: 29Mb L: 254/333 MS: 2 ChangeBinInt-EraseBytes-
#35	NEW    cov: 120 ft: 320 corp: 16/3309b lim: 333 exec/s: 0 rss: 29Mb L: 120/333 MS: 4 ChangeBit-CMP-ShuffleBytes-CopyPart- DE: " \000"-
#53	NEW    cov: 120 ft: 321 corp: 17/3597b lim: 333 exec/s: 0 rss: 29Mb L: 288/333 MS: 3 ChangeBinInt-ShuffleBytes-CrossOver-
#55	NEW    cov: 120 ft: 370 corp: 18/3626b lim: 333 exec/s: 0 rss: 29Mb L: 29/333 MS: 2 InsertByte-CrossOver-
#59	NEW    cov: 120 ft: 371 corp: 19/3699b lim: 333 exec/s: 0 rss: 29Mb L: 73/333 MS: 4 InsertRepeatedBytes-ShuffleBytes-ChangeByte-CrossOver-
#60	NEW    cov: 120 ft: 372 corp: 20/3794b lim: 333 exec/s: 0 rss: 29Mb L: 95/333 MS: 1 InsertRepeatedBytes-
#68	NEW    cov: 120 ft: 373 corp: 21/4113b lim: 333 exec/s: 0 rss: 29Mb L: 319/333 MS: 3 InsertByte-CMP-CrossOver- DE: "\000\000\000\000"-
#69	NEW    cov: 120 ft: 374 corp: 22/4405b lim: 333 exec/s: 0 rss: 29Mb L: 292/333 MS: 1 PersAutoDict- DE: "\000\000\000\003"-
#70	NEW    cov: 120 ft: 376 corp: 23/4710b lim: 333 exec/s: 0 rss: 29Mb L: 305/333 MS: 1 EraseBytes-
#73	NEW    cov: 120 ft: 377 corp: 24/4948b lim: 333 exec/s: 0 rss: 29Mb L: 238/333 MS: 3 CrossOver-InsertByte-InsertRepeatedBytes-
#76	NEW    cov: 120 ft: 379 corp: 25/5169b lim: 333 exec/s: 0 rss: 29Mb L: 221/333 MS: 3 ShuffleBytes-ShuffleBytes-InsertByte-
#82	NEW    cov: 120 ft: 380 corp: 26/5457b lim: 333 exec/s: 0 rss: 29Mb L: 288/333 MS: 1 ShuffleBytes-
#93	REDUCE cov: 120 ft: 380 corp: 26/5405b lim: 333 exec/s: 0 rss: 29Mb L: 281/333 MS: 1 EraseBytes-
#94	NEW    cov: 120 ft: 381 corp: 27/5685b lim: 333 exec/s: 0 rss: 29Mb L: 280/333 MS: 1 InsertRepeatedBytes-
#114	NEW    cov: 120 ft: 382 corp: 28/5795b lim: 333 exec/s: 0 rss: 29Mb L: 110/333 MS: 5 EraseBytes-ChangeBinInt-InsertByte-EraseBytes-EraseBytes-
#117	NEW    cov: 120 ft: 383 corp: 29/5886b lim: 333 exec/s: 0 rss: 29Mb L: 91/333 MS: 3 ChangeByte-ChangeBit-EraseBytes-
#131	NEW    cov: 120 ft: 384 corp: 30/5963b lim: 333 exec/s: 0 rss: 29Mb L: 77/333 MS: 4 EraseBytes-ChangeByte-InsertByte-InsertByte-
#150	NEW    cov: 120 ft: 385 corp: 31/6034b lim: 333 exec/s: 0 rss: 29Mb L: 71/333 MS: 4 ChangeByte-ShuffleBytes-InsertByte-EraseBytes-
#158	NEW    cov: 120 ft: 386 corp: 32/6064b lim: 333 exec/s: 0 rss: 29Mb L: 30/333 MS: 3 ShuffleBytes-EraseBytes-ChangeBinInt-
#159	NEW    cov: 121 ft: 387 corp: 33/6376b lim: 333 exec/s: 0 rss: 29Mb L: 312/333 MS: 1 InsertRepeatedBytes-
#163	NEW    cov: 121 ft: 389 corp: 34/6407b lim: 333 exec/s: 0 rss: 29Mb L: 31/333 MS: 4 CrossOver-ChangeByte-EraseBytes-CMP- DE: "\000\000\000\000\000\000\000\020"-
#180	NEW    cov: 121 ft: 390 corp: 35/6455b lim: 333 exec/s: 0 rss: 29Mb L: 48/333 MS: 2 ChangeBinInt-ChangeByte-
#192	NEW    cov: 121 ft: 402 corp: 36/6479b lim: 333 exec/s: 0 rss: 29Mb L: 24/333 MS: 2 InsertRepeatedBytes-CrossOver-
#193	NEW    cov: 121 ft: 416 corp: 37/6744b lim: 333 exec/s: 0 rss: 29Mb L: 265/333 MS: 1 CopyPart-
#199	NEW    cov: 121 ft: 417 corp: 38/6867b lim: 333 exec/s: 0 rss: 29Mb L: 123/333 MS: 1 InsertRepeatedBytes-
#202	NEW    cov: 121 ft: 418 corp: 39/7094b lim: 333 exec/s: 0 rss: 29Mb L: 227/333 MS: 3 CopyPart-CrossOver-InsertByte-
#206	NEW    cov: 121 ft: 426 corp: 40/7413b lim: 333 exec/s: 0 rss: 29Mb L: 319/333 MS: 4 CrossOver-InsertRepeatedBytes-CrossOver-InsertRepeatedBytes-
#213	NEW    cov: 121 ft: 427 corp: 41/7615b lim: 333 exec/s: 0 rss: 29Mb L: 202/333 MS: 2 ChangeBinInt-CMP- DE: "\000V"-
#220	NEW    cov: 121 ft: 428 corp: 42/7846b lim: 333 exec/s: 0 rss: 29Mb L: 231/333 MS: 2 ChangeBinInt-PersAutoDict- DE: "\000\000\000\000"-
#295	NEW    cov: 122 ft: 429 corp: 43/8164b lim: 333 exec/s: 0 rss: 29Mb L: 318/333 MS: 5 PersAutoDict-CMP-CopyPart-PersAutoDict-InsertByte- DE: "\000\000\000\003"-" \000"-"\000\000\000\000\000\000\000\020"-
#325	REDUCE cov: 122 ft: 429 corp: 43/8161b lim: 333 exec/s: 0 rss: 29Mb L: 27/333 MS: 5 ShuffleBytes-CopyPart-ChangeBit-ShuffleBytes-EraseBytes-
#404	REDUCE cov: 122 ft: 429 corp: 43/8158b lim: 333 exec/s: 0 rss: 29Mb L: 302/333 MS: 4 InsertByte-CrossOver-InsertByte-EraseBytes-
#466	NEW    cov: 122 ft: 437 corp: 44/8179b lim: 333 exec/s: 0 rss: 29Mb L: 21/333 MS: 2 ChangeByte-EraseBytes-
#532	NEW    cov: 122 ft: 448 corp: 45/8492b lim: 333 exec/s: 0 rss: 29Mb L: 313/333 MS: 1 InsertRepeatedBytes-
#548	REDUCE cov: 122 ft: 448 corp: 45/8468b lim: 333 exec/s: 0 rss: 29Mb L: 309/333 MS: 1 EraseBytes-
#605	NEW    cov: 122 ft: 453 corp: 46/8493b lim: 333 exec/s: 0 rss: 29Mb L: 25/333 MS: 2 InsertByte-EraseBytes-
#615	REDUCE cov: 122 ft: 458 corp: 47/8612b lim: 333 exec/s: 0 rss: 29Mb L: 119/333 MS: 5 InsertByte-ChangeBit-CMP-ChangeBinInt-CrossOver- DE: "\037\000"-
#618	NEW    cov: 122 ft: 464 corp: 48/8930b lim: 333 exec/s: 0 rss: 29Mb L: 318/333 MS: 3 ChangeBit-ChangeByte-CopyPart-
#671	NEW    cov: 123 ft: 466 corp: 49/9103b lim: 333 exec/s: 0 rss: 29Mb L: 173/333 MS: 3 InsertRepeatedBytes-PersAutoDict-PersAutoDict- DE: "\000V"-"\000\000\000\003"-
#725	NEW    cov: 123 ft: 473 corp: 50/9141b lim: 333 exec/s: 0 rss: 29Mb L: 38/333 MS: 4 ChangeBinInt-ShuffleBytes-CrossOver-EraseBytes-
#766	NEW    cov: 123 ft: 477 corp: 51/9222b lim: 333 exec/s: 0 rss: 29Mb L: 81/333 MS: 1 EraseBytes-
#796	NEW    cov: 123 ft: 478 corp: 52/9490b lim: 333 exec/s: 0 rss: 29Mb L: 268/333 MS: 5 ChangeBinInt-CopyPart-ShuffleBytes-ShuffleBytes-InsertByte-
#801	NEW    cov: 123 ft: 479 corp: 53/9512b lim: 333 exec/s: 0 rss: 29Mb L: 22/333 MS: 5 CopyPart-EraseBytes-InsertByte-CrossOver-EraseBytes-
#806	REDUCE cov: 123 ft: 479 corp: 53/9503b lim: 333 exec/s: 0 rss: 29Mb L: 110/333 MS: 5 InsertRepeatedBytes-PersAutoDict-CMP-EraseBytes-EraseBytes- DE: "\000\000\000\000\000\000\000\020"-"avc1"-
#888	REDUCE cov: 123 ft: 479 corp: 53/9442b lim: 333 exec/s: 0 rss: 29Mb L: 258/333 MS: 2 InsertByte-EraseBytes-
#953	REDUCE cov: 123 ft: 479 corp: 53/9437b lim: 333 exec/s: 0 rss: 29Mb L: 276/333 MS: 5 ChangeBit-ShuffleBytes-PersAutoDict-InsertByte-EraseBytes- DE: "\037\000"-
==49482== ERROR: libFuzzer: out-of-memory (used: 1243Mb; limit: 1024Mb)
   To change the out-of-memory limit use -rss_limit_mb=<N>

MS: 5 CrossOver-ChangeBinInt-ChangeBinInt-InsertByte-PersAutoDict- DE: "avc1"-; base unit: 4500009097a44352db6f7f01379b0f516be170e7
artifact_prefix='/results/crashes/20260313_143954_c3546745_'; Test unit written to /results/crashes/20260313_143954_c3546745_oom-648c1f7521310f85567bcda9fccbd7dc9b65ca9f
SUMMARY: libFuzzer: out-of-memory
stat::number_of_executed_units: 973
stat::average_exec_per_sec:     973
stat::new_units_added:          56
stat::slowest_unit_time_sec:    0
stat::peak_rss_mb:              1243
