INFO: Running with entropic power schedule (0xFF, 100).
INFO: Seed: 3940840451
INFO: Loaded 1 modules   (252 inline 8-bit counters): 252 [0x599d74455678, 0x599d74455774), 
INFO: Loaded 1 PC tables (252 PCs): 252 [0x599d74455778,0x599d74456738), 
INFO:        4 files found in /tmp/corpus_20260313_190952_39da4889
INFO: seed corpus: files: 4 min: 48b max: 333b total: 853b rss: 28Mb
#5	INITED cov: 118 ft: 252 corp: 4/853b exec/s: 0 rss: 29Mb
#6	NEW    cov: 118 ft: 257 corp: 5/901b lim: 333 exec/s: 0 rss: 29Mb L: 48/333 MS: 1 CrossOver-
#7	NEW    cov: 118 ft: 316 corp: 6/931b lim: 333 exec/s: 0 rss: 29Mb L: 30/333 MS: 1 EraseBytes-
#9	NEW    cov: 118 ft: 322 corp: 7/1218b lim: 333 exec/s: 0 rss: 29Mb L: 287/333 MS: 2 ChangeBinInt-CopyPart-
#10	NEW    cov: 119 ft: 324 corp: 8/1474b lim: 333 exec/s: 0 rss: 29Mb L: 256/333 MS: 1 InsertRepeatedBytes-
#11	NEW    cov: 119 ft: 326 corp: 9/1714b lim: 333 exec/s: 0 rss: 29Mb L: 240/333 MS: 1 EraseBytes-
#15	NEW    cov: 120 ft: 327 corp: 10/2038b lim: 333 exec/s: 0 rss: 29Mb L: 324/333 MS: 4 ChangeBinInt-ShuffleBytes-CMP-InsertRepeatedBytes- DE: "\354\000\000\000\000\000\000\000"-
#16	NEW    cov: 120 ft: 337 corp: 11/2172b lim: 333 exec/s: 0 rss: 29Mb L: 134/333 MS: 1 InsertRepeatedBytes-
#20	NEW    cov: 120 ft: 338 corp: 12/2369b lim: 333 exec/s: 0 rss: 29Mb L: 197/333 MS: 4 EraseBytes-ChangeByte-ChangeByte-ChangeBit-
#21	NEW    cov: 120 ft: 343 corp: 13/2566b lim: 333 exec/s: 0 rss: 29Mb L: 197/333 MS: 1 ChangeByte-
#24	NEW    cov: 121 ft: 344 corp: 14/2818b lim: 333 exec/s: 0 rss: 29Mb L: 252/333 MS: 3 ChangeByte-ChangeASCIIInt-ShuffleBytes-
#26	NEW    cov: 121 ft: 349 corp: 15/2971b lim: 333 exec/s: 0 rss: 29Mb L: 153/333 MS: 2 CMP-EraseBytes- DE: "`d\032\000"-
#28	NEW    cov: 121 ft: 350 corp: 16/3105b lim: 333 exec/s: 0 rss: 29Mb L: 134/333 MS: 2 PersAutoDict-PersAutoDict- DE: "`d\032\000"-"\354\000\000\000\000\000\000\000"-
#29	NEW    cov: 121 ft: 358 corp: 17/3365b lim: 333 exec/s: 0 rss: 29Mb L: 260/333 MS: 1 CMP- DE: "u\000\000\000\000\000\000\000"-
#30	NEW    cov: 121 ft: 364 corp: 18/3421b lim: 333 exec/s: 0 rss: 29Mb L: 56/333 MS: 1 PersAutoDict- DE: "\354\000\000\000\000\000\000\000"-
#33	NEW    cov: 121 ft: 374 corp: 19/3501b lim: 333 exec/s: 0 rss: 29Mb L: 80/333 MS: 3 CMP-ChangeByte-CrossOver- DE: "\320\2046\221\235Y\000\000"-
#34	NEW    cov: 121 ft: 375 corp: 20/3699b lim: 333 exec/s: 0 rss: 29Mb L: 198/333 MS: 1 InsertRepeatedBytes-
#46	NEW    cov: 122 ft: 376 corp: 21/3706b lim: 333 exec/s: 0 rss: 29Mb L: 7/333 MS: 2 ShuffleBytes-CrossOver-
#53	NEW    cov: 122 ft: 377 corp: 22/3840b lim: 333 exec/s: 0 rss: 29Mb L: 134/333 MS: 2 ChangeBit-PersAutoDict- DE: "`d\032\000"-
#58	NEW    cov: 122 ft: 379 corp: 23/4172b lim: 333 exec/s: 0 rss: 29Mb L: 332/333 MS: 5 EraseBytes-CrossOver-CMP-CrossOver-InsertRepeatedBytes- DE: "S\"\"t\235Y\000\000"-
#59	NEW    cov: 122 ft: 381 corp: 24/4248b lim: 333 exec/s: 0 rss: 29Mb L: 76/333 MS: 1 CopyPart-
#61	NEW    cov: 122 ft: 394 corp: 25/4256b lim: 333 exec/s: 0 rss: 29Mb L: 8/333 MS: 2 ChangeBinInt-InsertByte-
#65	NEW    cov: 122 ft: 395 corp: 26/4589b lim: 333 exec/s: 0 rss: 29Mb L: 333/333 MS: 4 PersAutoDict-ChangeBinInt-ChangeBinInt-CMP- DE: "`d\032\000"-"\377\377\377\000\000\000\000\003"-
#73	NEW    cov: 122 ft: 396 corp: 27/4841b lim: 333 exec/s: 0 rss: 29Mb L: 252/333 MS: 3 ChangeASCIIInt-ChangeBit-ChangeByte-
#84	NEW    cov: 123 ft: 397 corp: 28/5157b lim: 333 exec/s: 0 rss: 29Mb L: 316/333 MS: 1 CopyPart-
#98	NEW    cov: 123 ft: 399 corp: 29/5171b lim: 333 exec/s: 0 rss: 29Mb L: 14/333 MS: 4 CrossOver-PersAutoDict-CrossOver-PersAutoDict- DE: "\354\000\000\000\000\000\000\000"-"\377\377\377\000\000\000\000\003"-
#101	NEW    cov: 123 ft: 400 corp: 30/5266b lim: 333 exec/s: 0 rss: 29Mb L: 95/333 MS: 3 CopyPart-CrossOver-CopyPart-
#102	NEW    cov: 123 ft: 406 corp: 31/5532b lim: 333 exec/s: 0 rss: 29Mb L: 266/333 MS: 1 CopyPart-
#112	NEW    cov: 123 ft: 407 corp: 32/5695b lim: 333 exec/s: 0 rss: 29Mb L: 163/333 MS: 5 ChangeBinInt-InsertRepeatedBytes-ChangeBit-ChangeBinInt-InsertRepeatedBytes-
#123	NEW    cov: 123 ft: 415 corp: 33/5711b lim: 333 exec/s: 0 rss: 29Mb L: 16/333 MS: 1 CopyPart-
#125	REDUCE cov: 123 ft: 415 corp: 33/5678b lim: 333 exec/s: 0 rss: 29Mb L: 207/333 MS: 2 PersAutoDict-EraseBytes- DE: "`d\032\000"-
#138	NEW    cov: 123 ft: 416 corp: 34/6011b lim: 333 exec/s: 0 rss: 29Mb L: 333/333 MS: 3 PersAutoDict-CrossOver-CMP- DE: "\320\2046\221\235Y\000\000"-"\377\377\377\377\377\377\377\003"-
#145	NEW    cov: 123 ft: 418 corp: 35/6049b lim: 333 exec/s: 0 rss: 29Mb L: 38/333 MS: 2 ShuffleBytes-PersAutoDict- DE: "\320\2046\221\235Y\000\000"-
#152	NEW    cov: 123 ft: 420 corp: 36/6158b lim: 333 exec/s: 0 rss: 29Mb L: 109/333 MS: 2 ShuffleBytes-EraseBytes-
#169	NEW    cov: 123 ft: 422 corp: 37/6491b lim: 333 exec/s: 0 rss: 29Mb L: 333/333 MS: 2 ChangeBinInt-InsertByte-
#181	NEW    cov: 123 ft: 423 corp: 38/6572b lim: 333 exec/s: 0 rss: 29Mb L: 81/333 MS: 2 ShuffleBytes-InsertByte-
#199	REDUCE cov: 123 ft: 431 corp: 39/6779b lim: 333 exec/s: 0 rss: 29Mb L: 207/333 MS: 3 PersAutoDict-ChangeByte-ChangeBinInt- DE: "\320\2046\221\235Y\000\000"-
#215	NEW    cov: 123 ft: 441 corp: 40/6895b lim: 333 exec/s: 0 rss: 29Mb L: 116/333 MS: 1 EraseBytes-
#259	NEW    cov: 123 ft: 442 corp: 41/7054b lim: 333 exec/s: 0 rss: 29Mb L: 159/333 MS: 4 EraseBytes-ShuffleBytes-PersAutoDict-ShuffleBytes- DE: "S\"\"t\235Y\000\000"-
#262	NEW    cov: 123 ft: 446 corp: 42/7370b lim: 333 exec/s: 0 rss: 29Mb L: 316/333 MS: 3 CopyPart-InsertRepeatedBytes-InsertRepeatedBytes-
#265	NEW    cov: 123 ft: 447 corp: 43/7409b lim: 333 exec/s: 0 rss: 29Mb L: 39/333 MS: 3 CrossOver-PersAutoDict-EraseBytes- DE: "\377\377\377\000\000\000\000\003"-
#266	NEW    cov: 123 ft: 448 corp: 44/7675b lim: 333 exec/s: 0 rss: 29Mb L: 266/333 MS: 1 ShuffleBytes-
#288	REDUCE cov: 123 ft: 448 corp: 44/7674b lim: 333 exec/s: 0 rss: 29Mb L: 29/333 MS: 2 InsertByte-EraseBytes-
#293	NEW    cov: 123 ft: 449 corp: 45/7767b lim: 333 exec/s: 0 rss: 29Mb L: 93/333 MS: 5 ChangeByte-EraseBytes-EraseBytes-CopyPart-CrossOver-
#340	NEW    cov: 123 ft: 450 corp: 46/7814b lim: 333 exec/s: 0 rss: 29Mb L: 47/333 MS: 2 CopyPart-PersAutoDict- DE: "S\"\"t\235Y\000\000"-
#347	NEW    cov: 123 ft: 451 corp: 47/7852b lim: 333 exec/s: 0 rss: 29Mb L: 38/333 MS: 2 CrossOver-CrossOver-
#349	NEW    cov: 123 ft: 452 corp: 48/7986b lim: 333 exec/s: 0 rss: 29Mb L: 134/333 MS: 2 CopyPart-CrossOver-
#412	NEW    cov: 123 ft: 458 corp: 49/8305b lim: 333 exec/s: 0 rss: 29Mb L: 319/333 MS: 3 ChangeBit-PersAutoDict-InsertRepeatedBytes- DE: "\377\377\377\377\377\377\377\003"-
#463	REDUCE cov: 123 ft: 458 corp: 49/8304b lim: 333 exec/s: 0 rss: 29Mb L: 6/333 MS: 1 EraseBytes-
#521	REDUCE cov: 123 ft: 458 corp: 49/8196b lim: 333 exec/s: 0 rss: 29Mb L: 225/333 MS: 3 CMP-ChangeBit-EraseBytes- DE: "!\000\000\000"-
#541	REDUCE cov: 123 ft: 458 corp: 49/8194b lim: 333 exec/s: 0 rss: 29Mb L: 205/333 MS: 5 CopyPart-PersAutoDict-ShuffleBytes-PersAutoDict-EraseBytes- DE: "`d\032\000"-"\320\2046\221\235Y\000\000"-
#578	REDUCE cov: 123 ft: 458 corp: 49/8155b lim: 333 exec/s: 0 rss: 29Mb L: 158/333 MS: 2 ChangeByte-EraseBytes-
#580	REDUCE cov: 123 ft: 458 corp: 49/8148b lim: 333 exec/s: 0 rss: 29Mb L: 31/333 MS: 2 ChangeBit-EraseBytes-
#598	REDUCE cov: 123 ft: 458 corp: 49/8116b lim: 333 exec/s: 0 rss: 29Mb L: 84/333 MS: 3 ChangeBit-EraseBytes-InsertByte-
#599	REDUCE cov: 123 ft: 458 corp: 49/8064b lim: 333 exec/s: 0 rss: 29Mb L: 106/333 MS: 1 EraseBytes-
#623	REDUCE cov: 123 ft: 459 corp: 50/8356b lim: 333 exec/s: 0 rss: 29Mb L: 292/333 MS: 4 CrossOver-ShuffleBytes-ChangeBinInt-CrossOver-
#642	REDUCE cov: 123 ft: 459 corp: 50/8263b lim: 333 exec/s: 0 rss: 29Mb L: 159/333 MS: 4 ChangeByte-ShuffleBytes-ChangeByte-EraseBytes-
#679	REDUCE cov: 123 ft: 459 corp: 50/8260b lim: 333 exec/s: 0 rss: 29Mb L: 3/333 MS: 2 ChangeByte-EraseBytes-
#696	REDUCE cov: 123 ft: 460 corp: 51/8309b lim: 333 exec/s: 0 rss: 29Mb L: 49/333 MS: 2 ChangeBit-CopyPart-
#708	REDUCE cov: 123 ft: 460 corp: 51/8246b lim: 333 exec/s: 0 rss: 29Mb L: 71/333 MS: 2 ChangeBit-EraseBytes-
#735	NEW    cov: 123 ft: 461 corp: 52/8538b lim: 333 exec/s: 0 rss: 29Mb L: 292/333 MS: 2 InsertRepeatedBytes-ChangeByte-
#768	REDUCE cov: 123 ft: 462 corp: 53/8824b lim: 333 exec/s: 0 rss: 29Mb L: 286/333 MS: 3 CopyPart-ShuffleBytes-CopyPart-
#809	NEW    cov: 123 ft: 463 corp: 54/8836b lim: 333 exec/s: 0 rss: 29Mb L: 12/333 MS: 1 CrossOver-
#811	REDUCE cov: 123 ft: 463 corp: 54/8812b lim: 333 exec/s: 0 rss: 29Mb L: 181/333 MS: 2 InsertByte-EraseBytes-
#836	REDUCE cov: 123 ft: 463 corp: 54/8796b lim: 333 exec/s: 0 rss: 29Mb L: 317/333 MS: 5 ChangeBinInt-CMP-ShuffleBytes-ChangeBinInt-EraseBytes- DE: "\377\014\0000\024u\000\000"-
#849	REDUCE cov: 123 ft: 463 corp: 54/8790b lim: 333 exec/s: 0 rss: 29Mb L: 25/333 MS: 3 InsertByte-EraseBytes-InsertByte-
#855	REDUCE cov: 123 ft: 463 corp: 54/8788b lim: 333 exec/s: 0 rss: 29Mb L: 27/333 MS: 1 EraseBytes-
#932	REDUCE cov: 123 ft: 463 corp: 54/8776b lim: 333 exec/s: 0 rss: 29Mb L: 122/333 MS: 2 ChangeBinInt-EraseBytes-
#1009	REDUCE cov: 123 ft: 463 corp: 54/8745b lim: 333 exec/s: 0 rss: 29Mb L: 255/333 MS: 2 EraseBytes-CrossOver-
#1013	REDUCE cov: 123 ft: 463 corp: 54/8728b lim: 333 exec/s: 0 rss: 29Mb L: 64/333 MS: 4 ChangeASCIIInt-ChangeBit-EraseBytes-PersAutoDict- DE: "\377\377\377\000\000\000\000\003"-
#1041	REDUCE cov: 123 ft: 463 corp: 54/8713b lim: 333 exec/s: 0 rss: 29Mb L: 182/333 MS: 3 ChangeByte-ChangeBinInt-EraseBytes-
#1102	REDUCE cov: 123 ft: 463 corp: 54/8680b lim: 333 exec/s: 0 rss: 29Mb L: 126/333 MS: 1 EraseBytes-
#1203	REDUCE cov: 123 ft: 463 corp: 54/8634b lim: 333 exec/s: 0 rss: 29Mb L: 161/333 MS: 1 EraseBytes-
#1216	REDUCE cov: 123 ft: 463 corp: 54/8629b lim: 333 exec/s: 0 rss: 29Mb L: 90/333 MS: 3 ChangeBinInt-InsertRepeatedBytes-EraseBytes-
#1226	REDUCE cov: 123 ft: 464 corp: 55/8902b lim: 333 exec/s: 0 rss: 29Mb L: 273/333 MS: 5 EraseBytes-InsertRepeatedBytes-ChangeBinInt-InsertRepeatedBytes-EraseBytes-
#1227	REDUCE cov: 123 ft: 470 corp: 56/9063b lim: 333 exec/s: 0 rss: 29Mb L: 161/333 MS: 1 ShuffleBytes-
#1231	REDUCE cov: 123 ft: 470 corp: 56/9029b lim: 333 exec/s: 0 rss: 29Mb L: 100/333 MS: 4 ShuffleBytes-CrossOver-ShuffleBytes-EraseBytes-
#1320	REDUCE cov: 123 ft: 470 corp: 56/9023b lim: 333 exec/s: 0 rss: 29Mb L: 65/333 MS: 4 ChangeByte-CopyPart-CrossOver-EraseBytes-
#1534	NEW    cov: 123 ft: 471 corp: 57/9349b lim: 333 exec/s: 0 rss: 29Mb L: 326/333 MS: 4 EraseBytes-CrossOver-ChangeBit-CopyPart-
#1542	REDUCE cov: 123 ft: 471 corp: 57/9241b lim: 333 exec/s: 0 rss: 29Mb L: 184/333 MS: 3 CrossOver-InsertRepeatedBytes-PersAutoDict- DE: "\377\014\0000\024u\000\000"-
#1598	REDUCE cov: 123 ft: 471 corp: 57/9203b lim: 333 exec/s: 0 rss: 29Mb L: 294/333 MS: 1 EraseBytes-
#1655	REDUCE cov: 123 ft: 471 corp: 57/9161b lim: 333 exec/s: 0 rss: 29Mb L: 58/333 MS: 2 ChangeByte-EraseBytes-
#1684	NEW    cov: 123 ft: 472 corp: 58/9439b lim: 333 exec/s: 0 rss: 29Mb L: 278/333 MS: 4 CopyPart-CopyPart-ShuffleBytes-EraseBytes-
#1691	NEW    cov: 123 ft: 473 corp: 59/9666b lim: 333 exec/s: 0 rss: 29Mb L: 227/333 MS: 2 ChangeBit-CrossOver-
#1839	REDUCE cov: 123 ft: 473 corp: 59/9652b lim: 333 exec/s: 0 rss: 29Mb L: 92/333 MS: 3 CopyPart-EraseBytes-CopyPart-
#1890	NEW    cov: 123 ft: 474 corp: 60/9944b lim: 333 exec/s: 0 rss: 29Mb L: 292/333 MS: 1 ChangeBit-
#1952	REDUCE cov: 123 ft: 474 corp: 60/9941b lim: 333 exec/s: 0 rss: 29Mb L: 11/333 MS: 2 ChangeBit-EraseBytes-
#2014	REDUCE cov: 123 ft: 474 corp: 60/9940b lim: 333 exec/s: 0 rss: 29Mb L: 2/333 MS: 2 ChangeByte-EraseBytes-
#2081	REDUCE cov: 123 ft: 474 corp: 60/9936b lim: 333 exec/s: 0 rss: 29Mb L: 34/333 MS: 2 ShuffleBytes-EraseBytes-
#2128	REDUCE cov: 123 ft: 474 corp: 60/9931b lim: 333 exec/s: 0 rss: 29Mb L: 328/333 MS: 2 EraseBytes-CMP- DE: "mdia"-
#2241	NEW    cov: 123 ft: 479 corp: 61/10198b lim: 333 exec/s: 0 rss: 29Mb L: 267/333 MS: 3 ShuffleBytes-InsertByte-CMP- DE: "stts"-
#2264	REDUCE cov: 123 ft: 479 corp: 61/10194b lim: 333 exec/s: 0 rss: 29Mb L: 43/333 MS: 3 InsertByte-InsertRepeatedBytes-CrossOver-
#2296	NEW    cov: 123 ft: 487 corp: 62/10483b lim: 333 exec/s: 0 rss: 29Mb L: 289/333 MS: 2 ChangeByte-CrossOver-
#2327	REDUCE cov: 123 ft: 487 corp: 62/10480b lim: 333 exec/s: 0 rss: 29Mb L: 61/333 MS: 1 EraseBytes-
#2422	REDUCE cov: 123 ft: 487 corp: 62/10469b lim: 333 exec/s: 0 rss: 29Mb L: 313/333 MS: 5 CopyPart-ChangeByte-CopyPart-CMP-EraseBytes- DE: "\000\036"-
#2528	REDUCE cov: 123 ft: 487 corp: 62/10434b lim: 333 exec/s: 0 rss: 29Mb L: 146/333 MS: 1 EraseBytes-
#2564	REDUCE cov: 123 ft: 487 corp: 62/10433b lim: 333 exec/s: 0 rss: 29Mb L: 1/333 MS: 1 EraseBytes-
#2580	REDUCE cov: 123 ft: 487 corp: 62/10351b lim: 333 exec/s: 0 rss: 29Mb L: 234/333 MS: 1 EraseBytes-
#2657	REDUCE cov: 123 ft: 487 corp: 62/10339b lim: 333 exec/s: 0 rss: 29Mb L: 307/333 MS: 2 ChangeBit-EraseBytes-
#2671	REDUCE cov: 123 ft: 487 corp: 62/10287b lim: 333 exec/s: 0 rss: 29Mb L: 265/333 MS: 4 ChangeASCIIInt-ChangeBinInt-EraseBytes-CrossOver-
#2677	REDUCE cov: 123 ft: 487 corp: 62/10246b lim: 333 exec/s: 0 rss: 29Mb L: 81/333 MS: 1 EraseBytes-
#2741	REDUCE cov: 123 ft: 487 corp: 62/10219b lim: 333 exec/s: 0 rss: 29Mb L: 240/333 MS: 4 CopyPart-CopyPart-InsertRepeatedBytes-EraseBytes-
#2777	REDUCE cov: 123 ft: 488 corp: 63/10474b lim: 333 exec/s: 0 rss: 29Mb L: 255/333 MS: 1 ChangeBinInt-
#2779	REDUCE cov: 123 ft: 488 corp: 63/10406b lim: 333 exec/s: 0 rss: 29Mb L: 85/333 MS: 2 EraseBytes-ShuffleBytes-
#2957	REDUCE cov: 123 ft: 488 corp: 63/10405b lim: 333 exec/s: 0 rss: 29Mb L: 57/333 MS: 3 InsertByte-ChangeBinInt-EraseBytes-
#2974	REDUCE cov: 123 ft: 488 corp: 63/10347b lim: 333 exec/s: 0 rss: 29Mb L: 182/333 MS: 2 CopyPart-EraseBytes-
#3060	REDUCE cov: 123 ft: 488 corp: 63/10339b lim: 333 exec/s: 0 rss: 29Mb L: 84/333 MS: 1 EraseBytes-
#3221	REDUCE cov: 123 ft: 488 corp: 63/10338b lim: 333 exec/s: 0 rss: 29Mb L: 26/333 MS: 1 EraseBytes-
#3302	REDUCE cov: 123 ft: 491 corp: 64/10593b lim: 333 exec/s: 0 rss: 29Mb L: 255/333 MS: 1 CopyPart-
#3372	REDUCE cov: 123 ft: 491 corp: 64/10560b lim: 333 exec/s: 0 rss: 29Mb L: 149/333 MS: 5 ChangeBinInt-InsertByte-CopyPart-CMP-EraseBytes- DE: "mdat"-
#3409	NEW    cov: 123 ft: 492 corp: 65/10815b lim: 333 exec/s: 0 rss: 29Mb L: 255/333 MS: 2 PersAutoDict-PersAutoDict- DE: "`d\032\000"-"\377\377\377\000\000\000\000\003"-
#3410	REDUCE cov: 123 ft: 492 corp: 65/10808b lim: 333 exec/s: 0 rss: 29Mb L: 119/333 MS: 1 EraseBytes-
#3421	REDUCE cov: 123 ft: 492 corp: 65/10806b lim: 333 exec/s: 0 rss: 29Mb L: 59/333 MS: 1 EraseBytes-
#3570	REDUCE cov: 123 ft: 492 corp: 65/10805b lim: 333 exec/s: 0 rss: 29Mb L: 145/333 MS: 4 PersAutoDict-CopyPart-InsertByte-CrossOver- DE: "\354\000\000\000\000\000\000\000"-
#3686	REDUCE cov: 123 ft: 492 corp: 65/10804b lim: 333 exec/s: 0 rss: 29Mb L: 33/333 MS: 1 EraseBytes-
#3689	REDUCE cov: 123 ft: 492 corp: 65/10783b lim: 333 exec/s: 0 rss: 29Mb L: 231/333 MS: 3 ChangeBinInt-InsertByte-EraseBytes-
#3757	REDUCE cov: 123 ft: 492 corp: 65/10781b lim: 333 exec/s: 0 rss: 29Mb L: 314/333 MS: 3 InsertByte-ChangeBinInt-EraseBytes-
#3789	REDUCE cov: 123 ft: 492 corp: 65/10761b lim: 333 exec/s: 0 rss: 29Mb L: 246/333 MS: 2 CopyPart-EraseBytes-
#3901	REDUCE cov: 123 ft: 492 corp: 65/10759b lim: 333 exec/s: 0 rss: 29Mb L: 264/333 MS: 2 PersAutoDict-EraseBytes- DE: "mdia"-
#4011	REDUCE cov: 123 ft: 492 corp: 65/10734b lim: 333 exec/s: 0 rss: 29Mb L: 51/333 MS: 5 EraseBytes-ChangeBit-CMP-CopyPart-ChangeBinInt- DE: "\037\000"-
#4162	REDUCE cov: 123 ft: 492 corp: 65/10722b lim: 333 exec/s: 0 rss: 29Mb L: 72/333 MS: 1 EraseBytes-
#4173	REDUCE cov: 123 ft: 492 corp: 65/10717b lim: 333 exec/s: 0 rss: 29Mb L: 75/333 MS: 1 EraseBytes-
#4434	REDUCE cov: 123 ft: 492 corp: 65/10711b lim: 333 exec/s: 0 rss: 29Mb L: 27/333 MS: 1 EraseBytes-
#4549	REDUCE cov: 123 ft: 493 corp: 66/11044b lim: 333 exec/s: 0 rss: 29Mb L: 333/333 MS: 5 PersAutoDict-PersAutoDict-InsertRepeatedBytes-ChangeByte-InsertRepeatedBytes- DE: "\037\000"-"S\"\"t\235Y\000\000"-
#4627	REDUCE cov: 123 ft: 493 corp: 66/11039b lim: 333 exec/s: 0 rss: 29Mb L: 129/333 MS: 3 CrossOver-CopyPart-InsertRepeatedBytes-
#4733	REDUCE cov: 123 ft: 493 corp: 66/11030b lim: 333 exec/s: 0 rss: 29Mb L: 42/333 MS: 1 EraseBytes-
#4735	REDUCE cov: 123 ft: 493 corp: 66/10928b lim: 333 exec/s: 0 rss: 29Mb L: 162/333 MS: 2 ChangeByte-CrossOver-
#4818	REDUCE cov: 123 ft: 493 corp: 66/10920b lim: 333 exec/s: 0 rss: 29Mb L: 34/333 MS: 3 EraseBytes-CrossOver-CopyPart-
#4844	REDUCE cov: 123 ft: 493 corp: 66/10907b lim: 333 exec/s: 0 rss: 29Mb L: 281/333 MS: 1 EraseBytes-
#4999	REDUCE cov: 123 ft: 493 corp: 66/10889b lim: 333 exec/s: 0 rss: 29Mb L: 213/333 MS: 5 PersAutoDict-CrossOver-ChangeByte-ChangeBit-EraseBytes- DE: "\000\036"-
#5148	REDUCE cov: 123 ft: 493 corp: 66/10837b lim: 333 exec/s: 0 rss: 29Mb L: 32/333 MS: 4 ChangeBit-ChangeBinInt-EraseBytes-EraseBytes-
#5209	REDUCE cov: 123 ft: 493 corp: 66/10704b lim: 333 exec/s: 0 rss: 29Mb L: 122/333 MS: 1 CrossOver-
#5226	REDUCE cov: 123 ft: 493 corp: 66/10658b lim: 333 exec/s: 0 rss: 29Mb L: 76/333 MS: 2 InsertByte-EraseBytes-
#5338	REDUCE cov: 123 ft: 493 corp: 66/10637b lim: 333 exec/s: 0 rss: 29Mb L: 161/333 MS: 2 ChangeBit-EraseBytes-
#5967	REDUCE cov: 123 ft: 494 corp: 67/10969b lim: 333 exec/s: 5967 rss: 29Mb L: 332/333 MS: 2 ChangeASCIIInt-PersAutoDict- DE: "!\000\000\000"-
#6108	NEW    cov: 123 ft: 495 corp: 68/11277b lim: 333 exec/s: 6108 rss: 29Mb L: 308/333 MS: 1 CopyPart-
#6184	REDUCE cov: 123 ft: 495 corp: 68/11267b lim: 333 exec/s: 6184 rss: 29Mb L: 323/333 MS: 1 EraseBytes-
#6299	REDUCE cov: 123 ft: 495 corp: 68/11261b lim: 333 exec/s: 6299 rss: 29Mb L: 59/333 MS: 5 EraseBytes-PersAutoDict-ChangeBit-PersAutoDict-CopyPart- DE: "\320\2046\221\235Y\000\000"-"u\000\000\000\000\000\000\000"-
#6502	REDUCE cov: 123 ft: 495 corp: 68/11251b lim: 333 exec/s: 6502 rss: 29Mb L: 255/333 MS: 3 ChangeByte-CMP-EraseBytes- DE: "\000\000u\0240\004Lr"-
#6566	REDUCE cov: 123 ft: 495 corp: 68/11245b lim: 333 exec/s: 6566 rss: 29Mb L: 70/333 MS: 4 InsertByte-CMP-InsertRepeatedBytes-EraseBytes- DE: "\377\377\377\377\377\377\377L"-
#6937	REDUCE cov: 123 ft: 495 corp: 68/11213b lim: 333 exec/s: 6937 rss: 29Mb L: 117/333 MS: 1 EraseBytes-
#6984	REDUCE cov: 123 ft: 495 corp: 68/11212b lim: 333 exec/s: 6984 rss: 29Mb L: 10/333 MS: 2 EraseBytes-CopyPart-
#7014	REDUCE cov: 123 ft: 495 corp: 68/11199b lim: 333 exec/s: 7014 rss: 29Mb L: 35/333 MS: 5 CopyPart-InsertByte-CrossOver-ShuffleBytes-EraseBytes-
#7020	REDUCE cov: 123 ft: 495 corp: 68/11178b lim: 333 exec/s: 7020 rss: 29Mb L: 98/333 MS: 1 EraseBytes-
#7051	REDUCE cov: 123 ft: 495 corp: 68/11176b lim: 333 exec/s: 7051 rss: 29Mb L: 68/333 MS: 1 EraseBytes-
#7403	REDUCE cov: 123 ft: 495 corp: 68/11055b lim: 333 exec/s: 7403 rss: 29Mb L: 134/333 MS: 2 ChangeBinInt-EraseBytes-
#7490	REDUCE cov: 123 ft: 495 corp: 68/11050b lim: 333 exec/s: 7490 rss: 29Mb L: 52/333 MS: 2 EraseBytes-CopyPart-
#7539	REDUCE cov: 123 ft: 495 corp: 68/11029b lim: 333 exec/s: 7539 rss: 29Mb L: 271/333 MS: 4 ChangeBinInt-CrossOver-PersAutoDict-EraseBytes- DE: "!\000\000\000"-
#7578	REDUCE cov: 123 ft: 495 corp: 68/10982b lim: 333 exec/s: 7578 rss: 29Mb L: 267/333 MS: 4 EraseBytes-InsertByte-PersAutoDict-PersAutoDict- DE: "stts"-"u\000\000\000\000\000\000\000"-
#7920	NEW    cov: 123 ft: 507 corp: 69/11307b lim: 333 exec/s: 7920 rss: 29Mb L: 325/333 MS: 2 InsertByte-CrossOver-
#8154	REDUCE cov: 123 ft: 507 corp: 69/11287b lim: 333 exec/s: 8154 rss: 29Mb L: 39/333 MS: 4 InsertByte-InsertByte-ChangeBit-EraseBytes-
#8370	REDUCE cov: 123 ft: 507 corp: 69/11286b lim: 333 exec/s: 8370 rss: 29Mb L: 42/333 MS: 1 EraseBytes-
#8414	REDUCE cov: 123 ft: 507 corp: 69/11276b lim: 333 exec/s: 8414 rss: 29Mb L: 107/333 MS: 4 ChangeBit-CopyPart-ShuffleBytes-EraseBytes-
#8670	REDUCE cov: 123 ft: 507 corp: 69/11263b lim: 333 exec/s: 8670 rss: 29Mb L: 146/333 MS: 1 EraseBytes-
#8742	REDUCE cov: 123 ft: 507 corp: 69/11260b lim: 333 exec/s: 8742 rss: 29Mb L: 36/333 MS: 2 CopyPart-EraseBytes-
#8843	REDUCE cov: 123 ft: 507 corp: 69/11227b lim: 333 exec/s: 8843 rss: 29Mb L: 52/333 MS: 1 EraseBytes-
#8885	NEW    cov: 123 ft: 508 corp: 70/11534b lim: 333 exec/s: 8885 rss: 29Mb L: 307/333 MS: 2 CMP-InsertRepeatedBytes- DE: "\000\000Y\235\2216EG"-
#9108	REDUCE cov: 123 ft: 508 corp: 70/11526b lim: 333 exec/s: 9108 rss: 29Mb L: 153/333 MS: 3 EraseBytes-ChangeBit-PersAutoDict- DE: "\037\000"-
==901366== ERROR: libFuzzer: out-of-memory (used: 2260Mb; limit: 1024Mb)
   To change the out-of-memory limit use -rss_limit_mb=<N>

MS: 1 CMP- DE: "\357\200\0050\024u\000\000"-; base unit: 19c8050c20ca7d73b48899506f9738d72de77588
artifact_prefix='/results/crashes/20260313_190952_39da4889_'; Test unit written to /results/crashes/20260313_190952_39da4889_oom-89941a11fdb8f634f427d041efeeb6dc844cca3f
SUMMARY: libFuzzer: out-of-memory
stat::number_of_executed_units: 9164
stat::average_exec_per_sec:     3054
stat::new_units_added:          157
stat::slowest_unit_time_sec:    0
stat::peak_rss_mb:              2260
