INFO: Running with entropic power schedule (0xFF, 100).
INFO: Seed: 4234925502
INFO: Loaded 1 modules   (252 inline 8-bit counters): 252 [0x5e442994c678, 0x5e442994c774), 
INFO: Loaded 1 PC tables (252 PCs): 252 [0x5e442994c778,0x5e442994d738), 
INFO:        4 files found in /tmp/corpus_20260313_164822_862b8219
INFO: seed corpus: files: 4 min: 48b max: 333b total: 853b rss: 28Mb
#5	INITED cov: 118 ft: 252 corp: 4/853b exec/s: 0 rss: 29Mb
#7	NEW    cov: 118 ft: 263 corp: 5/901b lim: 333 exec/s: 0 rss: 29Mb L: 48/333 MS: 2 CopyPart-CopyPart-
#11	NEW    cov: 118 ft: 283 corp: 6/1186b lim: 333 exec/s: 0 rss: 29Mb L: 285/333 MS: 4 CMP-ChangeByte-ChangeBit-CopyPart- DE: "Wide"-
#14	NEW    cov: 118 ft: 284 corp: 7/1499b lim: 333 exec/s: 0 rss: 29Mb L: 313/333 MS: 3 InsertByte-PersAutoDict-CopyPart- DE: "Wide"-
#15	NEW    cov: 119 ft: 285 corp: 8/1813b lim: 333 exec/s: 0 rss: 29Mb L: 314/333 MS: 1 InsertByte-
#18	NEW    cov: 119 ft: 286 corp: 9/2110b lim: 333 exec/s: 0 rss: 29Mb L: 297/333 MS: 3 ChangeBit-CrossOver-CrossOver-
#20	NEW    cov: 119 ft: 295 corp: 10/2395b lim: 333 exec/s: 0 rss: 29Mb L: 285/333 MS: 2 CopyPart-ShuffleBytes-
#21	NEW    cov: 119 ft: 350 corp: 11/2422b lim: 333 exec/s: 0 rss: 29Mb L: 27/333 MS: 1 EraseBytes-
#27	NEW    cov: 119 ft: 352 corp: 12/2462b lim: 333 exec/s: 0 rss: 29Mb L: 40/333 MS: 1 EraseBytes-
#31	NEW    cov: 120 ft: 354 corp: 13/2784b lim: 333 exec/s: 0 rss: 29Mb L: 322/333 MS: 4 ChangeBit-ChangeBit-CrossOver-InsertRepeatedBytes-
#35	NEW    cov: 121 ft: 356 corp: 14/3117b lim: 333 exec/s: 0 rss: 29Mb L: 333/333 MS: 4 ChangeBit-CopyPart-ChangeBinInt-InsertRepeatedBytes-
#38	REDUCE cov: 121 ft: 356 corp: 14/3115b lim: 333 exec/s: 0 rss: 29Mb L: 38/333 MS: 3 ChangeBinInt-ChangeByte-EraseBytes-
#41	NEW    cov: 121 ft: 357 corp: 15/3371b lim: 333 exec/s: 0 rss: 29Mb L: 256/333 MS: 3 ShuffleBytes-ChangeBit-PersAutoDict- DE: "Wide"-
#46	REDUCE cov: 121 ft: 359 corp: 16/3651b lim: 333 exec/s: 0 rss: 29Mb L: 280/333 MS: 5 ChangeByte-ChangeBit-ChangeASCIIInt-CopyPart-CrossOver-
#50	NEW    cov: 122 ft: 366 corp: 17/3984b lim: 333 exec/s: 0 rss: 29Mb L: 333/333 MS: 4 CMP-CrossOver-PersAutoDict-ChangeBit- DE: "!\000\000\000"-"Wide"-
#54	NEW    cov: 122 ft: 367 corp: 18/4164b lim: 333 exec/s: 0 rss: 29Mb L: 180/333 MS: 4 ChangeBinInt-ChangeByte-InsertByte-EraseBytes-
#59	NEW    cov: 122 ft: 368 corp: 19/4484b lim: 333 exec/s: 0 rss: 29Mb L: 320/333 MS: 5 PersAutoDict-ChangeBinInt-ChangeBinInt-PersAutoDict-InsertRepeatedBytes- DE: "!\000\000\000"-"Wide"-
#66	NEW    cov: 122 ft: 369 corp: 20/4765b lim: 333 exec/s: 0 rss: 29Mb L: 281/333 MS: 2 InsertByte-ChangeBit-
#73	NEW    cov: 122 ft: 370 corp: 21/5091b lim: 333 exec/s: 0 rss: 29Mb L: 326/333 MS: 2 ShuffleBytes-CopyPart-
#87	NEW    cov: 122 ft: 371 corp: 22/5421b lim: 333 exec/s: 0 rss: 29Mb L: 330/333 MS: 4 EraseBytes-InsertRepeatedBytes-CMP-InsertRepeatedBytes- DE: "moov"-
#94	NEW    cov: 122 ft: 378 corp: 23/5448b lim: 333 exec/s: 0 rss: 29Mb L: 27/333 MS: 2 ChangeASCIIInt-ChangeByte-
#96	NEW    cov: 122 ft: 381 corp: 24/5762b lim: 333 exec/s: 0 rss: 29Mb L: 314/333 MS: 2 ChangeBit-ChangeByte-
#102	NEW    cov: 122 ft: 382 corp: 25/6042b lim: 333 exec/s: 0 rss: 29Mb L: 280/333 MS: 1 CMP- DE: "\000\000^DZ\273\037@"-
#103	NEW    cov: 122 ft: 383 corp: 26/6069b lim: 333 exec/s: 0 rss: 29Mb L: 27/333 MS: 1 CMP- DE: "l \273ZD^\000\000"-
#111	NEW    cov: 122 ft: 384 corp: 27/6398b lim: 333 exec/s: 0 rss: 29Mb L: 329/333 MS: 3 ShuffleBytes-CrossOver-InsertRepeatedBytes-
#141	NEW    cov: 122 ft: 385 corp: 28/6656b lim: 333 exec/s: 0 rss: 29Mb L: 258/333 MS: 5 ChangeByte-InsertRepeatedBytes-ChangeByte-ShuffleBytes-CrossOver-
#142	REDUCE cov: 122 ft: 385 corp: 28/6568b lim: 333 exec/s: 0 rss: 29Mb L: 241/333 MS: 1 EraseBytes-
#154	REDUCE cov: 122 ft: 385 corp: 28/6513b lim: 333 exec/s: 0 rss: 29Mb L: 259/333 MS: 2 ShuffleBytes-EraseBytes-
#156	NEW    cov: 122 ft: 386 corp: 29/6549b lim: 333 exec/s: 0 rss: 29Mb L: 36/333 MS: 2 CMP-CopyPart- DE: "ffq)D^\000\000"-
#158	NEW    cov: 122 ft: 387 corp: 30/6576b lim: 333 exec/s: 0 rss: 29Mb L: 27/333 MS: 2 ChangeBinInt-ShuffleBytes-
#161	NEW    cov: 122 ft: 388 corp: 31/6832b lim: 333 exec/s: 0 rss: 29Mb L: 256/333 MS: 3 EraseBytes-ChangeBinInt-CopyPart-
#162	NEW    cov: 122 ft: 399 corp: 32/6852b lim: 333 exec/s: 0 rss: 29Mb L: 20/333 MS: 1 EraseBytes-
#164	NEW    cov: 122 ft: 400 corp: 33/6880b lim: 333 exec/s: 0 rss: 29Mb L: 28/333 MS: 2 InsertByte-CrossOver-
#175	NEW    cov: 122 ft: 415 corp: 34/6992b lim: 333 exec/s: 0 rss: 29Mb L: 112/333 MS: 1 CrossOver-
#184	REDUCE cov: 122 ft: 415 corp: 34/6840b lim: 333 exec/s: 0 rss: 29Mb L: 168/333 MS: 4 ChangeByte-InsertRepeatedBytes-ChangeBinInt-EraseBytes-
#187	REDUCE cov: 122 ft: 415 corp: 34/6733b lim: 333 exec/s: 0 rss: 29Mb L: 178/333 MS: 3 InsertByte-ChangeASCIIInt-EraseBytes-
#217	NEW    cov: 122 ft: 416 corp: 35/6850b lim: 333 exec/s: 0 rss: 29Mb L: 117/333 MS: 5 InsertRepeatedBytes-ShuffleBytes-EraseBytes-CrossOver-CrossOver-
#220	REDUCE cov: 122 ft: 423 corp: 36/6925b lim: 333 exec/s: 0 rss: 29Mb L: 75/333 MS: 3 CrossOver-ChangeBit-CopyPart-
#227	NEW    cov: 122 ft: 426 corp: 37/6974b lim: 333 exec/s: 0 rss: 29Mb L: 49/333 MS: 2 ShuffleBytes-InsertByte-
#234	REDUCE cov: 122 ft: 426 corp: 37/6972b lim: 333 exec/s: 0 rss: 29Mb L: 25/333 MS: 2 CopyPart-EraseBytes-
#248	NEW    cov: 123 ft: 427 corp: 38/7150b lim: 333 exec/s: 0 rss: 29Mb L: 178/333 MS: 4 PersAutoDict-CMP-ShuffleBytes-CrossOver- DE: "l \273ZD^\000\000"-"\001\001"-
#255	REDUCE cov: 123 ft: 428 corp: 39/7350b lim: 333 exec/s: 0 rss: 29Mb L: 200/333 MS: 2 PersAutoDict-EraseBytes- DE: "Wide"-
#277	NEW    cov: 123 ft: 429 corp: 40/7636b lim: 333 exec/s: 0 rss: 29Mb L: 286/333 MS: 2 InsertByte-CrossOver-
#304	NEW    cov: 123 ft: 439 corp: 41/7648b lim: 333 exec/s: 0 rss: 29Mb L: 12/333 MS: 2 CopyPart-CrossOver-
#324	NEW    cov: 123 ft: 440 corp: 42/7672b lim: 333 exec/s: 0 rss: 29Mb L: 24/333 MS: 5 ChangeBit-ChangeBit-ChangeBit-ChangeByte-EraseBytes-
#347	REDUCE cov: 123 ft: 440 corp: 42/7661b lim: 333 exec/s: 0 rss: 29Mb L: 16/333 MS: 3 CopyPart-ShuffleBytes-EraseBytes-
#355	NEW    cov: 123 ft: 441 corp: 43/7772b lim: 333 exec/s: 0 rss: 29Mb L: 111/333 MS: 3 PersAutoDict-ChangeASCIIInt-EraseBytes- DE: "l \273ZD^\000\000"-
#389	REDUCE cov: 123 ft: 441 corp: 43/7766b lim: 333 exec/s: 0 rss: 29Mb L: 235/333 MS: 4 CopyPart-InsertRepeatedBytes-CMP-CrossOver- DE: "\000\000\000\005"-
#394	NEW    cov: 123 ft: 442 corp: 44/7888b lim: 333 exec/s: 0 rss: 29Mb L: 122/333 MS: 5 CopyPart-ShuffleBytes-EraseBytes-EraseBytes-CrossOver-
#440	REDUCE cov: 123 ft: 442 corp: 44/7858b lim: 333 exec/s: 0 rss: 29Mb L: 82/333 MS: 1 EraseBytes-
#509	REDUCE cov: 123 ft: 442 corp: 44/7857b lim: 333 exec/s: 0 rss: 29Mb L: 35/333 MS: 4 ChangeBit-ChangeBinInt-InsertByte-EraseBytes-
#568	NEW    cov: 123 ft: 451 corp: 45/7877b lim: 333 exec/s: 0 rss: 29Mb L: 20/333 MS: 4 ChangeBit-CMP-PersAutoDict-EraseBytes- DE: "\014\007\274ZD^\000\000"-"l \273ZD^\000\000"-
#633	REDUCE cov: 123 ft: 451 corp: 45/7836b lim: 333 exec/s: 0 rss: 29Mb L: 139/333 MS: 5 CMP-ShuffleBytes-CMP-PersAutoDict-EraseBytes- DE: "\377\377\377\021"-"hvcC"-"\000\000\000\005"-
#642	REDUCE cov: 123 ft: 451 corp: 45/7831b lim: 333 exec/s: 0 rss: 29Mb L: 19/333 MS: 4 ChangeBit-InsertByte-CopyPart-EraseBytes-
#643	NEW    cov: 123 ft: 452 corp: 46/7890b lim: 333 exec/s: 0 rss: 29Mb L: 59/333 MS: 1 CopyPart-
#667	REDUCE cov: 123 ft: 460 corp: 47/8220b lim: 333 exec/s: 0 rss: 29Mb L: 330/333 MS: 4 InsertRepeatedBytes-ChangeBit-ChangeBit-InsertRepeatedBytes-
#680	NEW    cov: 123 ft: 461 corp: 48/8267b lim: 333 exec/s: 0 rss: 29Mb L: 47/333 MS: 3 CopyPart-EraseBytes-PersAutoDict- DE: "\014\007\274ZD^\000\000"-
#710	NEW    cov: 123 ft: 462 corp: 49/8600b lim: 333 exec/s: 0 rss: 29Mb L: 333/333 MS: 5 ShuffleBytes-CMP-CopyPart-ChangeByte-PersAutoDict- DE: "\001\000\000\010"-"\001\001"-
#751	REDUCE cov: 123 ft: 462 corp: 49/8583b lim: 333 exec/s: 0 rss: 29Mb L: 161/333 MS: 1 EraseBytes-
#767	NEW    cov: 123 ft: 470 corp: 50/8916b lim: 333 exec/s: 0 rss: 29Mb L: 333/333 MS: 1 ChangeBinInt-
#769	REDUCE cov: 123 ft: 470 corp: 50/8913b lim: 333 exec/s: 0 rss: 29Mb L: 13/333 MS: 2 InsertByte-EraseBytes-
#826	NEW    cov: 123 ft: 471 corp: 51/9246b lim: 333 exec/s: 0 rss: 29Mb L: 333/333 MS: 2 ChangeBit-ChangeBit-
#830	REDUCE cov: 123 ft: 471 corp: 51/9160b lim: 333 exec/s: 0 rss: 29Mb L: 75/333 MS: 4 InsertRepeatedBytes-PersAutoDict-ChangeByte-CrossOver- DE: "hvcC"-
#901	REDUCE cov: 123 ft: 471 corp: 51/9137b lim: 333 exec/s: 0 rss: 29Mb L: 177/333 MS: 1 EraseBytes-
#924	REDUCE cov: 123 ft: 471 corp: 51/9136b lim: 333 exec/s: 0 rss: 29Mb L: 34/333 MS: 3 CopyPart-ChangeBinInt-EraseBytes-
#977	REDUCE cov: 123 ft: 471 corp: 51/9125b lim: 333 exec/s: 0 rss: 29Mb L: 17/333 MS: 3 InsertByte-PersAutoDict-EraseBytes- DE: "hvcC"-
#981	REDUCE cov: 123 ft: 471 corp: 51/9116b lim: 333 exec/s: 0 rss: 29Mb L: 321/333 MS: 4 EraseBytes-EraseBytes-CMP-InsertRepeatedBytes- DE: "\001\000\000\000\000\000\000G"-
#997	NEW    cov: 124 ft: 472 corp: 52/9123b lim: 333 exec/s: 0 rss: 29Mb L: 7/333 MS: 1 EraseBytes-
#1009	REDUCE cov: 124 ft: 472 corp: 52/9043b lim: 333 exec/s: 0 rss: 29Mb L: 179/333 MS: 2 ChangeBinInt-EraseBytes-
#1030	REDUCE cov: 124 ft: 474 corp: 53/9282b lim: 333 exec/s: 0 rss: 29Mb L: 239/333 MS: 1 CMP- DE: "cdsc"-
#1057	REDUCE cov: 124 ft: 474 corp: 53/9181b lim: 333 exec/s: 0 rss: 29Mb L: 232/333 MS: 2 PersAutoDict-EraseBytes- DE: "\001\000\000\000\000\000\000G"-
#1076	NEW    cov: 125 ft: 477 corp: 54/9509b lim: 333 exec/s: 0 rss: 29Mb L: 328/333 MS: 4 ChangeBinInt-ChangeBit-ChangeBit-InsertRepeatedBytes-
#1151	REDUCE cov: 125 ft: 477 corp: 54/9505b lim: 333 exec/s: 0 rss: 29Mb L: 318/333 MS: 5 PersAutoDict-ChangeBit-ChangeBit-ChangeASCIIInt-EraseBytes- DE: "\014\007\274ZD^\000\000"-
#1160	REDUCE cov: 125 ft: 477 corp: 54/9476b lim: 333 exec/s: 0 rss: 29Mb L: 257/333 MS: 4 CMP-InsertByte-ChangeBinInt-EraseBytes- DE: "avc1"-
#1255	REDUCE cov: 125 ft: 477 corp: 54/9464b lim: 333 exec/s: 0 rss: 29Mb L: 309/333 MS: 5 ShuffleBytes-ChangeBinInt-InsertByte-InsertByte-EraseBytes-
#1290	REDUCE cov: 125 ft: 477 corp: 54/9401b lim: 333 exec/s: 0 rss: 29Mb L: 234/333 MS: 5 ShuffleBytes-ChangeBinInt-ChangeByte-EraseBytes-InsertRepeatedBytes-
#1296	REDUCE cov: 125 ft: 478 corp: 55/9416b lim: 333 exec/s: 0 rss: 29Mb L: 15/333 MS: 1 EraseBytes-
#1597	REDUCE cov: 125 ft: 478 corp: 55/9390b lim: 333 exec/s: 0 rss: 29Mb L: 49/333 MS: 1 EraseBytes-
#1663	REDUCE cov: 125 ft: 478 corp: 55/9383b lim: 333 exec/s: 0 rss: 29Mb L: 42/333 MS: 1 EraseBytes-
#1706	REDUCE cov: 125 ft: 478 corp: 55/9376b lim: 333 exec/s: 0 rss: 29Mb L: 227/333 MS: 3 EraseBytes-InsertRepeatedBytes-InsertRepeatedBytes-
#1729	REDUCE cov: 125 ft: 478 corp: 55/9315b lim: 333 exec/s: 0 rss: 29Mb L: 196/333 MS: 3 ChangeBinInt-CopyPart-EraseBytes-
#1761	NEW    cov: 125 ft: 479 corp: 56/9645b lim: 333 exec/s: 0 rss: 29Mb L: 330/333 MS: 2 ChangeBinInt-CopyPart-
#1846	REDUCE cov: 125 ft: 479 corp: 56/9600b lim: 333 exec/s: 0 rss: 29Mb L: 235/333 MS: 5 ChangeBinInt-InsertRepeatedBytes-InsertByte-InsertRepeatedBytes-EraseBytes-
#1873	NEW    cov: 125 ft: 480 corp: 57/9821b lim: 333 exec/s: 0 rss: 29Mb L: 221/333 MS: 2 PersAutoDict-InsertByte- DE: "\000\000^DZ\273\037@"-
#1875	REDUCE cov: 125 ft: 480 corp: 57/9814b lim: 333 exec/s: 0 rss: 29Mb L: 31/333 MS: 2 ChangeBinInt-EraseBytes-
#1896	REDUCE cov: 125 ft: 480 corp: 57/9808b lim: 333 exec/s: 0 rss: 29Mb L: 171/333 MS: 1 EraseBytes-
#1982	REDUCE cov: 125 ft: 480 corp: 57/9785b lim: 333 exec/s: 0 rss: 29Mb L: 212/333 MS: 1 CrossOver-
#1998	REDUCE cov: 125 ft: 480 corp: 57/9777b lim: 333 exec/s: 0 rss: 29Mb L: 114/333 MS: 1 EraseBytes-
#2053	REDUCE cov: 125 ft: 480 corp: 57/9719b lim: 333 exec/s: 0 rss: 29Mb L: 275/333 MS: 5 ChangeBinInt-CopyPart-ChangeBinInt-PersAutoDict-EraseBytes- DE: "avc1"-
#2074	REDUCE cov: 125 ft: 480 corp: 57/9711b lim: 333 exec/s: 0 rss: 29Mb L: 34/333 MS: 1 EraseBytes-
#2112	REDUCE cov: 125 ft: 480 corp: 57/9708b lim: 333 exec/s: 0 rss: 29Mb L: 4/333 MS: 3 CopyPart-PersAutoDict-EraseBytes- DE: "avc1"-
#2188	REDUCE cov: 125 ft: 480 corp: 57/9692b lim: 333 exec/s: 0 rss: 29Mb L: 317/333 MS: 1 EraseBytes-
#2209	REDUCE cov: 125 ft: 480 corp: 57/9684b lim: 333 exec/s: 0 rss: 29Mb L: 26/333 MS: 1 EraseBytes-
#2212	REDUCE cov: 125 ft: 480 corp: 57/9682b lim: 333 exec/s: 0 rss: 29Mb L: 2/333 MS: 3 CMP-ChangeByte-EraseBytes- DE: "tapt"-
#2224	NEW    cov: 125 ft: 482 corp: 58/9921b lim: 333 exec/s: 0 rss: 29Mb L: 239/333 MS: 2 InsertByte-InsertRepeatedBytes-
#2237	REDUCE cov: 125 ft: 482 corp: 58/9903b lim: 333 exec/s: 0 rss: 29Mb L: 257/333 MS: 3 InsertRepeatedBytes-ChangeByte-EraseBytes-
#2258	REDUCE cov: 125 ft: 482 corp: 58/9825b lim: 333 exec/s: 0 rss: 29Mb L: 161/333 MS: 1 EraseBytes-
#2268	REDUCE cov: 125 ft: 487 corp: 59/10111b lim: 333 exec/s: 0 rss: 29Mb L: 286/333 MS: 5 ChangeBinInt-ShuffleBytes-ChangeBinInt-CrossOver-CMP- DE: "stts"-
#2317	REDUCE cov: 125 ft: 487 corp: 59/10053b lim: 333 exec/s: 0 rss: 29Mb L: 228/333 MS: 4 ChangeBinInt-ChangeByte-ShuffleBytes-EraseBytes-
#2393	REDUCE cov: 125 ft: 487 corp: 59/10044b lim: 333 exec/s: 0 rss: 29Mb L: 10/333 MS: 1 EraseBytes-
#2435	REDUCE cov: 125 ft: 487 corp: 59/10038b lim: 333 exec/s: 0 rss: 29Mb L: 108/333 MS: 2 CrossOver-EraseBytes-
#2504	REDUCE cov: 125 ft: 487 corp: 59/9930b lim: 333 exec/s: 0 rss: 29Mb L: 60/333 MS: 4 ShuffleBytes-EraseBytes-CMP-EraseBytes- DE: "mdia"-
#2564	REDUCE cov: 125 ft: 487 corp: 59/9929b lim: 333 exec/s: 0 rss: 29Mb L: 81/333 MS: 5 CrossOver-ChangeBinInt-ShuffleBytes-ChangeByte-EraseBytes-
#2636	REDUCE cov: 125 ft: 487 corp: 59/9785b lim: 333 exec/s: 0 rss: 29Mb L: 170/333 MS: 2 ChangeByte-EraseBytes-
#2663	REDUCE cov: 125 ft: 487 corp: 59/9780b lim: 333 exec/s: 0 rss: 29Mb L: 8/333 MS: 2 ShuffleBytes-EraseBytes-
#2738	REDUCE cov: 125 ft: 487 corp: 59/9683b lim: 333 exec/s: 0 rss: 29Mb L: 160/333 MS: 5 ChangeASCIIInt-InsertByte-ChangeBinInt-ShuffleBytes-EraseBytes-
#2796	REDUCE cov: 125 ft: 487 corp: 59/9662b lim: 333 exec/s: 0 rss: 29Mb L: 139/333 MS: 3 ChangeByte-InsertRepeatedBytes-EraseBytes-
#2848	REDUCE cov: 125 ft: 487 corp: 59/9634b lim: 333 exec/s: 0 rss: 29Mb L: 200/333 MS: 2 InsertByte-EraseBytes-
#3044	REDUCE cov: 125 ft: 487 corp: 59/9616b lim: 333 exec/s: 0 rss: 29Mb L: 315/333 MS: 1 EraseBytes-
#3050	REDUCE cov: 125 ft: 487 corp: 59/9615b lim: 333 exec/s: 0 rss: 29Mb L: 1/333 MS: 1 EraseBytes-
#3143	REDUCE cov: 125 ft: 487 corp: 59/9609b lim: 333 exec/s: 0 rss: 29Mb L: 229/333 MS: 3 PersAutoDict-EraseBytes-InsertByte- DE: "\001\001"-
#3329	REDUCE cov: 125 ft: 487 corp: 59/9548b lim: 333 exec/s: 0 rss: 29Mb L: 118/333 MS: 1 EraseBytes-
#3332	NEW    cov: 125 ft: 488 corp: 60/9804b lim: 333 exec/s: 0 rss: 29Mb L: 256/333 MS: 3 ChangeByte-ShuffleBytes-ChangeBinInt-
#3339	NEW    cov: 125 ft: 489 corp: 61/10028b lim: 333 exec/s: 0 rss: 29Mb L: 224/333 MS: 2 CMP-CrossOver- DE: "moov"-
#3370	REDUCE cov: 125 ft: 489 corp: 61/9999b lim: 333 exec/s: 0 rss: 29Mb L: 89/333 MS: 1 EraseBytes-
#3396	REDUCE cov: 125 ft: 489 corp: 61/9990b lim: 333 exec/s: 0 rss: 29Mb L: 17/333 MS: 1 EraseBytes-
#3502	REDUCE cov: 125 ft: 489 corp: 61/9904b lim: 333 exec/s: 0 rss: 29Mb L: 114/333 MS: 1 EraseBytes-
#3511	REDUCE cov: 125 ft: 489 corp: 61/9903b lim: 333 exec/s: 0 rss: 29Mb L: 110/333 MS: 4 ShuffleBytes-ChangeBinInt-ChangeByte-EraseBytes-
#3618	REDUCE cov: 125 ft: 489 corp: 61/9901b lim: 333 exec/s: 0 rss: 29Mb L: 45/333 MS: 2 ChangeBinInt-EraseBytes-
#3689	REDUCE cov: 125 ft: 489 corp: 61/9898b lim: 333 exec/s: 0 rss: 29Mb L: 14/333 MS: 1 EraseBytes-
#3893	REDUCE cov: 125 ft: 489 corp: 61/9893b lim: 333 exec/s: 0 rss: 29Mb L: 9/333 MS: 4 PersAutoDict-ChangeBit-PersAutoDict-EraseBytes- DE: "hvcC"-"moov"-
#3979	REDUCE cov: 125 ft: 489 corp: 61/9862b lim: 333 exec/s: 0 rss: 29Mb L: 193/333 MS: 1 EraseBytes-
#4047	REDUCE cov: 125 ft: 489 corp: 61/9861b lim: 333 exec/s: 0 rss: 29Mb L: 8/333 MS: 3 CrossOver-ChangeBit-EraseBytes-
#4088	REDUCE cov: 125 ft: 489 corp: 61/9781b lim: 333 exec/s: 0 rss: 29Mb L: 98/333 MS: 1 EraseBytes-
#4195	REDUCE cov: 125 ft: 489 corp: 61/9779b lim: 333 exec/s: 0 rss: 29Mb L: 10/333 MS: 2 ChangeBinInt-EraseBytes-
#4196	REDUCE cov: 125 ft: 489 corp: 61/9754b lim: 333 exec/s: 0 rss: 29Mb L: 171/333 MS: 1 EraseBytes-
#4322	NEW    cov: 125 ft: 495 corp: 62/10084b lim: 333 exec/s: 0 rss: 29Mb L: 330/333 MS: 1 CMP- DE: "hvc1"-
#4442	REDUCE cov: 125 ft: 498 corp: 63/10161b lim: 333 exec/s: 0 rss: 29Mb L: 77/333 MS: 5 EraseBytes-ChangeByte-CopyPart-CrossOver-EraseBytes-
#4514	REDUCE cov: 125 ft: 498 corp: 63/10127b lim: 333 exec/s: 0 rss: 29Mb L: 178/333 MS: 2 ShuffleBytes-CrossOver-
#4645	REDUCE cov: 125 ft: 498 corp: 63/10115b lim: 333 exec/s: 0 rss: 29Mb L: 13/333 MS: 1 EraseBytes-
#4731	REDUCE cov: 125 ft: 498 corp: 63/10111b lim: 333 exec/s: 0 rss: 29Mb L: 41/333 MS: 1 EraseBytes-
#4967	NEW    cov: 125 ft: 499 corp: 64/10371b lim: 333 exec/s: 0 rss: 29Mb L: 260/333 MS: 1 PersAutoDict- DE: "!\000\000\000"-
#5018	REDUCE cov: 125 ft: 499 corp: 64/10360b lim: 333 exec/s: 0 rss: 29Mb L: 319/333 MS: 1 EraseBytes-
#5039	REDUCE cov: 125 ft: 499 corp: 64/10358b lim: 333 exec/s: 0 rss: 29Mb L: 115/333 MS: 1 EraseBytes-
#5200	REDUCE cov: 125 ft: 499 corp: 64/10323b lim: 333 exec/s: 0 rss: 29Mb L: 246/333 MS: 1 EraseBytes-
#5296	REDUCE cov: 125 ft: 499 corp: 64/10322b lim: 333 exec/s: 0 rss: 29Mb L: 26/333 MS: 1 EraseBytes-
#5328	REDUCE cov: 125 ft: 499 corp: 64/10239b lim: 333 exec/s: 0 rss: 29Mb L: 110/333 MS: 2 PersAutoDict-EraseBytes- DE: "hvcC"-
#5419	REDUCE cov: 125 ft: 499 corp: 64/10172b lim: 333 exec/s: 0 rss: 29Mb L: 103/333 MS: 1 EraseBytes-
#5598	REDUCE cov: 125 ft: 499 corp: 64/10039b lim: 333 exec/s: 0 rss: 29Mb L: 125/333 MS: 4 InsertByte-ChangeByte-CrossOver-PersAutoDict- DE: "hvc1"-
#5740	REDUCE cov: 125 ft: 499 corp: 64/9977b lim: 333 exec/s: 0 rss: 29Mb L: 109/333 MS: 2 ShuffleBytes-EraseBytes-
#5746	REDUCE cov: 125 ft: 499 corp: 64/9939b lim: 333 exec/s: 0 rss: 29Mb L: 76/333 MS: 1 EraseBytes-
#5747	NEW    cov: 125 ft: 507 corp: 65/10272b lim: 333 exec/s: 0 rss: 29Mb L: 333/333 MS: 1 CMP- DE: "stbl"-
#5772	REDUCE cov: 125 ft: 507 corp: 65/10271b lim: 333 exec/s: 0 rss: 29Mb L: 138/333 MS: 5 ChangeBinInt-CrossOver-CrossOver-EraseBytes-InsertRepeatedBytes-
#5798	REDUCE cov: 125 ft: 507 corp: 65/10267b lim: 333 exec/s: 0 rss: 29Mb L: 72/333 MS: 1 EraseBytes-
#5800	NEW    cov: 125 ft: 509 corp: 66/10495b lim: 333 exec/s: 0 rss: 29Mb L: 228/333 MS: 2 PersAutoDict-PersAutoDict- DE: "avc1"-"tapt"-
#5901	REDUCE cov: 125 ft: 509 corp: 66/10491b lim: 333 exec/s: 0 rss: 29Mb L: 16/333 MS: 1 EraseBytes-
#5977	NEW    cov: 125 ft: 510 corp: 67/10747b lim: 333 exec/s: 0 rss: 29Mb L: 256/333 MS: 1 ChangeBinInt-
#6320	NEW    cov: 125 ft: 511 corp: 68/11080b lim: 333 exec/s: 6320 rss: 29Mb L: 333/333 MS: 3 ChangeByte-ChangeByte-ChangeBinInt-
#6334	REDUCE cov: 125 ft: 511 corp: 68/11077b lim: 333 exec/s: 6334 rss: 29Mb L: 136/333 MS: 4 ChangeBit-CMP-ChangeBit-EraseBytes- DE: "\377\377]DZ\273\266\000"-
#6399	REDUCE cov: 125 ft: 511 corp: 68/11075b lim: 333 exec/s: 6399 rss: 29Mb L: 8/333 MS: 5 ChangeBit-ChangeBit-CrossOver-CopyPart-EraseBytes-
==467475== ERROR: libFuzzer: out-of-memory (used: 1365Mb; limit: 1024Mb)
   To change the out-of-memory limit use -rss_limit_mb=<N>

MS: 3 CMP-CopyPart-InsertByte- DE: "schm"-; base unit: 942603681920d8b6e9e7f0a30678add863a83d16
artifact_prefix='/results/crashes/20260313_164822_862b8219_'; Test unit written to /results/crashes/20260313_164822_862b8219_oom-477cc18aac206dabf38fd950549c62b5f9e8a192
SUMMARY: libFuzzer: out-of-memory
stat::number_of_executed_units: 6767
stat::average_exec_per_sec:     3383
stat::new_units_added:          149
stat::slowest_unit_time_sec:    0
stat::peak_rss_mb:              1365
