INFO: Running with entropic power schedule (0xFF, 100).
INFO: Seed: 4018397306
INFO: Loaded 1 modules   (252 inline 8-bit counters): 252 [0x5a92ab9eb678, 0x5a92ab9eb774), 
INFO: Loaded 1 PC tables (252 PCs): 252 [0x5a92ab9eb778,0x5a92ab9ec738), 
INFO:        4 files found in /tmp/corpus_20260313_143643_05b9b980
INFO: seed corpus: files: 4 min: 48b max: 333b total: 853b rss: 28Mb
#5	INITED cov: 120 ft: 255 corp: 4/853b exec/s: 0 rss: 29Mb
#6	NEW    cov: 120 ft: 257 corp: 5/1133b lim: 333 exec/s: 0 rss: 29Mb L: 280/333 MS: 1 EraseBytes-
#7	NEW    cov: 120 ft: 270 corp: 6/1182b lim: 333 exec/s: 0 rss: 29Mb L: 49/333 MS: 1 InsertByte-
#8	NEW    cov: 120 ft: 271 corp: 7/1515b lim: 333 exec/s: 0 rss: 29Mb L: 333/333 MS: 1 CrossOver-
#10	NEW    cov: 120 ft: 273 corp: 8/1768b lim: 333 exec/s: 0 rss: 29Mb L: 253/333 MS: 2 CopyPart-InsertByte-
#13	NEW    cov: 120 ft: 277 corp: 9/2096b lim: 333 exec/s: 0 rss: 29Mb L: 328/333 MS: 3 InsertByte-ChangeBit-InsertRepeatedBytes-
#14	REDUCE cov: 120 ft: 277 corp: 9/2072b lim: 333 exec/s: 0 rss: 29Mb L: 304/333 MS: 1 EraseBytes-
#16	REDUCE cov: 121 ft: 279 corp: 10/2384b lim: 333 exec/s: 0 rss: 29Mb L: 312/333 MS: 2 InsertRepeatedBytes-InsertByte-
#17	NEW    cov: 121 ft: 280 corp: 11/2636b lim: 333 exec/s: 0 rss: 29Mb L: 252/333 MS: 1 CopyPart-
#20	NEW    cov: 121 ft: 309 corp: 12/2762b lim: 333 exec/s: 0 rss: 29Mb L: 126/333 MS: 3 ChangeBinInt-ShuffleBytes-CrossOver-
#21	NEW    cov: 121 ft: 310 corp: 13/3095b lim: 333 exec/s: 0 rss: 29Mb L: 333/333 MS: 1 CrossOver-
#23	REDUCE cov: 122 ft: 317 corp: 14/3428b lim: 333 exec/s: 0 rss: 29Mb L: 333/333 MS: 2 CopyPart-CMP- DE: "mvex"-
#25	NEW    cov: 122 ft: 320 corp: 15/3590b lim: 333 exec/s: 0 rss: 29Mb L: 162/333 MS: 2 ChangeBinInt-CrossOver-
#27	NEW    cov: 122 ft: 321 corp: 16/3862b lim: 333 exec/s: 0 rss: 29Mb L: 272/333 MS: 2 PersAutoDict-EraseBytes- DE: "mvex"-
#38	REDUCE cov: 122 ft: 322 corp: 17/4166b lim: 333 exec/s: 0 rss: 29Mb L: 304/333 MS: 1 CMP- DE: "schi"-
#44	NEW    cov: 122 ft: 323 corp: 18/4454b lim: 333 exec/s: 0 rss: 29Mb L: 288/333 MS: 1 CMP- DE: "\200\251G\276\222Z\000\000"-
#46	REDUCE cov: 122 ft: 323 corp: 18/4430b lim: 333 exec/s: 0 rss: 29Mb L: 228/333 MS: 2 CrossOver-EraseBytes-
#50	REDUCE cov: 122 ft: 331 corp: 19/4715b lim: 333 exec/s: 0 rss: 29Mb L: 285/333 MS: 4 ChangeBit-ChangeBinInt-InsertByte-InsertRepeatedBytes-
#51	NEW    cov: 122 ft: 336 corp: 20/5024b lim: 333 exec/s: 0 rss: 29Mb L: 309/333 MS: 1 InsertRepeatedBytes-
#62	NEW    cov: 122 ft: 337 corp: 21/5321b lim: 333 exec/s: 0 rss: 29Mb L: 297/333 MS: 1 CrossOver-
#68	NEW    cov: 122 ft: 339 corp: 22/5415b lim: 333 exec/s: 0 rss: 29Mb L: 94/333 MS: 1 EraseBytes-
#70	NEW    cov: 122 ft: 340 corp: 23/5591b lim: 333 exec/s: 0 rss: 29Mb L: 176/333 MS: 2 ChangeBinInt-InsertRepeatedBytes-
#71	NEW    cov: 122 ft: 344 corp: 24/5629b lim: 333 exec/s: 0 rss: 29Mb L: 38/333 MS: 1 EraseBytes-
#74	NEW    cov: 122 ft: 345 corp: 25/5956b lim: 333 exec/s: 0 rss: 29Mb L: 327/333 MS: 3 InsertRepeatedBytes-ChangeBinInt-InsertRepeatedBytes-
#80	NEW    cov: 122 ft: 346 corp: 26/6004b lim: 333 exec/s: 0 rss: 29Mb L: 48/333 MS: 1 CrossOver-
#88	NEW    cov: 122 ft: 353 corp: 27/6313b lim: 333 exec/s: 0 rss: 29Mb L: 309/333 MS: 3 ChangeBinInt-ChangeBinInt-ChangeByte-
#89	NEW    cov: 122 ft: 361 corp: 28/6444b lim: 333 exec/s: 0 rss: 29Mb L: 131/333 MS: 1 InsertRepeatedBytes-
#96	NEW    cov: 122 ft: 362 corp: 29/6776b lim: 333 exec/s: 0 rss: 29Mb L: 332/333 MS: 2 CopyPart-EraseBytes-
#100	NEW    cov: 122 ft: 374 corp: 30/6797b lim: 333 exec/s: 0 rss: 29Mb L: 21/333 MS: 4 ChangeBit-EraseBytes-ChangeBinInt-EraseBytes-
#101	NEW    cov: 122 ft: 375 corp: 31/7053b lim: 333 exec/s: 0 rss: 29Mb L: 256/333 MS: 1 PersAutoDict- DE: "schi"-
#107	NEW    cov: 123 ft: 376 corp: 32/7382b lim: 333 exec/s: 0 rss: 29Mb L: 329/333 MS: 1 CopyPart-
#109	NEW    cov: 123 ft: 385 corp: 33/7434b lim: 333 exec/s: 0 rss: 29Mb L: 52/333 MS: 2 ChangeASCIIInt-PersAutoDict- DE: "schi"-
#114	NEW    cov: 123 ft: 386 corp: 34/7553b lim: 333 exec/s: 0 rss: 29Mb L: 119/333 MS: 5 InsertByte-InsertByte-EraseBytes-CMP-CopyPart- DE: "\011\000"-
#128	REDUCE cov: 123 ft: 386 corp: 34/7551b lim: 333 exec/s: 0 rss: 29Mb L: 302/333 MS: 4 ShuffleBytes-ChangeByte-InsertByte-EraseBytes-
#141	NEW    cov: 123 ft: 410 corp: 35/7760b lim: 333 exec/s: 0 rss: 29Mb L: 209/333 MS: 3 EraseBytes-PersAutoDict-ChangeBit- DE: "\200\251G\276\222Z\000\000"-
#147	NEW    cov: 123 ft: 420 corp: 36/7789b lim: 333 exec/s: 0 rss: 29Mb L: 29/333 MS: 1 CMP- DE: "\345\251{\253\222Z\000\000"-
#152	REDUCE cov: 123 ft: 420 corp: 36/7766b lim: 333 exec/s: 0 rss: 29Mb L: 279/333 MS: 5 ChangeBinInt-ChangeASCIIInt-ChangeByte-PersAutoDict-EraseBytes- DE: "\200\251G\276\222Z\000\000"-
#157	REDUCE cov: 123 ft: 420 corp: 36/7633b lim: 333 exec/s: 0 rss: 29Mb L: 194/333 MS: 5 CrossOver-PersAutoDict-ChangeBinInt-ChangeByte-EraseBytes- DE: "schi"-
#159	NEW    cov: 123 ft: 422 corp: 37/7915b lim: 333 exec/s: 0 rss: 29Mb L: 282/333 MS: 2 PersAutoDict-InsertRepeatedBytes- DE: "\200\251G\276\222Z\000\000"-
#160	NEW    cov: 123 ft: 423 corp: 38/8179b lim: 333 exec/s: 0 rss: 29Mb L: 264/333 MS: 1 PersAutoDict- DE: "\345\251{\253\222Z\000\000"-
#175	NEW    cov: 123 ft: 424 corp: 39/8225b lim: 333 exec/s: 0 rss: 29Mb L: 46/333 MS: 5 ChangeBinInt-CrossOver-ShuffleBytes-ChangeByte-CMP- DE: "~\377\377\377\377\377\377\377"-
#181	NEW    cov: 123 ft: 425 corp: 40/8281b lim: 333 exec/s: 0 rss: 29Mb L: 56/333 MS: 1 CMP- DE: "avcC"-
#186	REDUCE cov: 123 ft: 425 corp: 40/8260b lim: 333 exec/s: 0 rss: 29Mb L: 188/333 MS: 5 ChangeBit-CopyPart-ChangeByte-ChangeByte-EraseBytes-
#187	REDUCE cov: 123 ft: 425 corp: 40/8132b lim: 333 exec/s: 0 rss: 29Mb L: 144/333 MS: 1 EraseBytes-
#190	REDUCE cov: 123 ft: 425 corp: 40/8131b lim: 333 exec/s: 0 rss: 29Mb L: 37/333 MS: 3 CopyPart-EraseBytes-EraseBytes-
#232	REDUCE cov: 123 ft: 426 corp: 41/8235b lim: 333 exec/s: 0 rss: 29Mb L: 104/333 MS: 2 ShuffleBytes-EraseBytes-
#245	NEW    cov: 123 ft: 427 corp: 42/8297b lim: 333 exec/s: 0 rss: 29Mb L: 62/333 MS: 3 EraseBytes-InsertByte-EraseBytes-
#258	REDUCE cov: 123 ft: 427 corp: 42/8273b lim: 333 exec/s: 0 rss: 29Mb L: 285/333 MS: 3 ChangeBit-CopyPart-EraseBytes-
#262	REDUCE cov: 123 ft: 427 corp: 42/8205b lim: 333 exec/s: 0 rss: 29Mb L: 211/333 MS: 4 InsertByte-CrossOver-InsertByte-InsertRepeatedBytes-
#265	NEW    cov: 123 ft: 429 corp: 43/8509b lim: 333 exec/s: 0 rss: 29Mb L: 304/333 MS: 3 ChangeByte-InsertRepeatedBytes-InsertByte-
#299	REDUCE cov: 123 ft: 429 corp: 43/8411b lim: 333 exec/s: 0 rss: 29Mb L: 199/333 MS: 4 InsertRepeatedBytes-ShuffleBytes-ChangeBit-EraseBytes-
#304	NEW    cov: 123 ft: 432 corp: 44/8711b lim: 333 exec/s: 0 rss: 29Mb L: 300/333 MS: 5 InsertByte-EraseBytes-PersAutoDict-ChangeBinInt-InsertRepeatedBytes- DE: "\011\000"-
#308	NEW    cov: 123 ft: 434 corp: 45/8945b lim: 333 exec/s: 0 rss: 29Mb L: 234/333 MS: 4 CrossOver-CrossOver-ChangeBinInt-ChangeBinInt-
#316	NEW    cov: 123 ft: 435 corp: 46/9197b lim: 333 exec/s: 0 rss: 29Mb L: 252/333 MS: 3 PersAutoDict-CMP-PersAutoDict- DE: "~\377\377\377\377\377\377\377"-"N7ISOBMFF3BoxE"-"avcC"-
#342	NEW    cov: 123 ft: 440 corp: 47/9521b lim: 333 exec/s: 0 rss: 29Mb L: 324/333 MS: 1 CopyPart-
#368	REDUCE cov: 123 ft: 440 corp: 47/9508b lim: 333 exec/s: 0 rss: 29Mb L: 175/333 MS: 1 EraseBytes-
#369	NEW    cov: 123 ft: 441 corp: 48/9581b lim: 333 exec/s: 0 rss: 29Mb L: 73/333 MS: 1 CrossOver-
#406	REDUCE cov: 123 ft: 441 corp: 48/9569b lim: 333 exec/s: 0 rss: 29Mb L: 273/333 MS: 2 ChangeBinInt-EraseBytes-
#440	REDUCE cov: 123 ft: 441 corp: 48/9532b lim: 333 exec/s: 0 rss: 29Mb L: 248/333 MS: 4 ChangeBinInt-CopyPart-CrossOver-EraseBytes-
#479	REDUCE cov: 123 ft: 441 corp: 48/9476b lim: 333 exec/s: 0 rss: 29Mb L: 119/333 MS: 4 ChangeByte-ChangeBinInt-ChangeBit-EraseBytes-
#505	REDUCE cov: 124 ft: 442 corp: 49/9793b lim: 333 exec/s: 0 rss: 29Mb L: 317/333 MS: 1 InsertRepeatedBytes-
#517	REDUCE cov: 124 ft: 442 corp: 49/9771b lim: 333 exec/s: 0 rss: 29Mb L: 26/333 MS: 2 CMP-EraseBytes- DE: "\000\346\355G"-
#544	REDUCE cov: 124 ft: 442 corp: 49/9728b lim: 333 exec/s: 0 rss: 29Mb L: 101/333 MS: 2 InsertByte-EraseBytes-
#575	NEW    cov: 125 ft: 443 corp: 50/9730b lim: 333 exec/s: 0 rss: 29Mb L: 2/333 MS: 1 CrossOver-
#596	NEW    cov: 125 ft: 444 corp: 51/9954b lim: 333 exec/s: 0 rss: 29Mb L: 224/333 MS: 1 CMP- DE: "stsd"-
#628	REDUCE cov: 125 ft: 444 corp: 51/9926b lim: 333 exec/s: 0 rss: 29Mb L: 91/333 MS: 2 ChangeByte-EraseBytes-
#678	NEW    cov: 125 ft: 450 corp: 52/10192b lim: 333 exec/s: 0 rss: 29Mb L: 266/333 MS: 5 ChangeBinInt-ChangeByte-CMP-ChangeBit-CopyPart- DE: "usdt"-
#720	REDUCE cov: 125 ft: 450 corp: 52/10187b lim: 333 exec/s: 0 rss: 29Mb L: 51/333 MS: 2 PersAutoDict-EraseBytes- DE: "\000\346\355G"-
#734	REDUCE cov: 125 ft: 450 corp: 52/10185b lim: 333 exec/s: 0 rss: 29Mb L: 27/333 MS: 4 ShuffleBytes-ChangeBinInt-CMP-EraseBytes- DE: "\3519I\276\222Z\000\000"-
#743	REDUCE cov: 125 ft: 450 corp: 52/10163b lim: 333 exec/s: 0 rss: 29Mb L: 282/333 MS: 4 ChangeBit-CMP-ChangeByte-EraseBytes- DE: "\001\000\000\000\001\000\000\000"-
#790	NEW    cov: 126 ft: 451 corp: 53/10468b lim: 333 exec/s: 0 rss: 29Mb L: 305/333 MS: 2 ChangeByte-InsertByte-
#819	NEW    cov: 126 ft: 459 corp: 54/10487b lim: 333 exec/s: 0 rss: 29Mb L: 19/333 MS: 4 ChangeBinInt-EraseBytes-ChangeBit-EraseBytes-
#820	NEW    cov: 126 ft: 469 corp: 55/10711b lim: 333 exec/s: 0 rss: 29Mb L: 224/333 MS: 1 ChangeBinInt-
#821	REDUCE cov: 126 ft: 478 corp: 56/10726b lim: 333 exec/s: 0 rss: 29Mb L: 15/333 MS: 1 EraseBytes-
#930	NEW    cov: 126 ft: 479 corp: 57/10980b lim: 333 exec/s: 0 rss: 29Mb L: 254/333 MS: 4 ShuffleBytes-CrossOver-ChangeASCIIInt-EraseBytes-
==38740== ERROR: libFuzzer: out-of-memory (used: 1270Mb; limit: 1024Mb)
   To change the out-of-memory limit use -rss_limit_mb=<N>

MS: 5 ChangeByte-ShuffleBytes-CopyPart-CMP-InsertByte- DE: "mfra"-; base unit: b8588ed2bf2cd867e447ca35c56933eaf28ef0a3
artifact_prefix='/results/crashes/20260313_143643_05b9b980_'; Test unit written to /results/crashes/20260313_143643_05b9b980_oom-0075da32d950b4006718fe7d65606b8991d8e934
SUMMARY: libFuzzer: out-of-memory
stat::number_of_executed_units: 995
stat::average_exec_per_sec:     995
stat::new_units_added:          74
stat::slowest_unit_time_sec:    0
stat::peak_rss_mb:              1271
