INFO: Running with entropic power schedule (0xFF, 100).
INFO: Seed: 4288652588
INFO: Loaded 1 modules   (252 inline 8-bit counters): 252 [0x56e8d1d33678, 0x56e8d1d33774), 
INFO: Loaded 1 PC tables (252 PCs): 252 [0x56e8d1d33778,0x56e8d1d34738), 
INFO:        4 files found in /tmp/corpus_20260313_181245_1cf1a98f
INFO: seed corpus: files: 4 min: 48b max: 333b total: 853b rss: 28Mb
#5	INITED cov: 118 ft: 253 corp: 4/853b exec/s: 0 rss: 29Mb
#6	NEW    cov: 119 ft: 255 corp: 5/1186b lim: 333 exec/s: 0 rss: 29Mb L: 333/333 MS: 1 CopyPart-
#8	NEW    cov: 119 ft: 277 corp: 6/1327b lim: 333 exec/s: 0 rss: 29Mb L: 141/333 MS: 2 CrossOver-EraseBytes-
#10	NEW    cov: 119 ft: 327 corp: 7/1358b lim: 333 exec/s: 0 rss: 29Mb L: 31/333 MS: 2 ChangeASCIIInt-EraseBytes-
#12	NEW    cov: 119 ft: 339 corp: 8/1389b lim: 333 exec/s: 0 rss: 29Mb L: 31/333 MS: 2 ChangeByte-CopyPart-
#13	NEW    cov: 120 ft: 362 corp: 9/1507b lim: 333 exec/s: 0 rss: 29Mb L: 118/333 MS: 1 EraseBytes-
#15	NEW    cov: 120 ft: 369 corp: 10/1673b lim: 333 exec/s: 0 rss: 29Mb L: 166/333 MS: 2 ShuffleBytes-CrossOver-
#21	NEW    cov: 120 ft: 370 corp: 11/1795b lim: 333 exec/s: 0 rss: 29Mb L: 122/333 MS: 1 CMP- DE: "\001\000\000\010"-
#22	NEW    cov: 120 ft: 372 corp: 12/1865b lim: 333 exec/s: 0 rss: 29Mb L: 70/333 MS: 1 InsertRepeatedBytes-
#25	NEW    cov: 120 ft: 377 corp: 13/2062b lim: 333 exec/s: 0 rss: 29Mb L: 197/333 MS: 3 CMP-CrossOver-CopyPart- DE: "mdhd"-
#27	REDUCE cov: 120 ft: 377 corp: 13/2058b lim: 333 exec/s: 0 rss: 29Mb L: 329/333 MS: 2 CrossOver-EraseBytes-
#32	NEW    cov: 120 ft: 383 corp: 14/2151b lim: 333 exec/s: 0 rss: 29Mb L: 93/333 MS: 5 InsertRepeatedBytes-CopyPart-EraseBytes-ChangeByte-CrossOver-
#33	NEW    cov: 120 ft: 389 corp: 15/2337b lim: 333 exec/s: 0 rss: 29Mb L: 186/333 MS: 1 EraseBytes-
#38	NEW    cov: 120 ft: 390 corp: 16/2566b lim: 333 exec/s: 0 rss: 29Mb L: 229/333 MS: 5 CrossOver-CopyPart-ChangeBinInt-ChangeBinInt-InsertByte-
#40	NEW    cov: 120 ft: 391 corp: 17/2899b lim: 333 exec/s: 0 rss: 29Mb L: 333/333 MS: 2 ChangeByte-ChangeBit-
#42	NEW    cov: 120 ft: 392 corp: 18/3017b lim: 333 exec/s: 0 rss: 29Mb L: 118/333 MS: 2 ChangeBinInt-CrossOver-
#46	NEW    cov: 120 ft: 395 corp: 19/3287b lim: 333 exec/s: 0 rss: 29Mb L: 270/333 MS: 4 ChangeByte-InsertRepeatedBytes-ShuffleBytes-CopyPart-
#50	NEW    cov: 120 ft: 396 corp: 20/3416b lim: 333 exec/s: 0 rss: 29Mb L: 129/333 MS: 4 InsertRepeatedBytes-EraseBytes-CrossOver-InsertByte-
#51	NEW    cov: 120 ft: 416 corp: 21/3424b lim: 333 exec/s: 0 rss: 29Mb L: 8/333 MS: 1 CrossOver-
#54	NEW    cov: 120 ft: 417 corp: 22/3489b lim: 333 exec/s: 0 rss: 29Mb L: 65/333 MS: 3 InsertByte-InsertByte-CopyPart-
#59	NEW    cov: 121 ft: 419 corp: 23/3794b lim: 333 exec/s: 0 rss: 29Mb L: 305/333 MS: 5 CMP-InsertRepeatedBytes-ChangeBit-CrossOver-InsertRepeatedBytes- DE: "ftyp"-
#69	NEW    cov: 122 ft: 421 corp: 24/3905b lim: 333 exec/s: 0 rss: 29Mb L: 111/333 MS: 5 ChangeByte-ChangeBinInt-ChangeBinInt-ShuffleBytes-EraseBytes-
#77	NEW    cov: 122 ft: 422 corp: 25/4024b lim: 333 exec/s: 0 rss: 29Mb L: 119/333 MS: 3 CMP-ShuffleBytes-InsertByte- DE: "\000\000\000\000"-
#90	NEW    cov: 122 ft: 423 corp: 26/4079b lim: 333 exec/s: 0 rss: 29Mb L: 55/333 MS: 3 InsertByte-ShuffleBytes-EraseBytes-
#99	REDUCE cov: 122 ft: 429 corp: 27/4412b lim: 333 exec/s: 0 rss: 29Mb L: 333/333 MS: 4 ChangeBit-CrossOver-CMP-CopyPart- DE: "\000\000\000\002"-
#112	NEW    cov: 122 ft: 430 corp: 28/4443b lim: 333 exec/s: 0 rss: 29Mb L: 31/333 MS: 3 PersAutoDict-ChangeBit-EraseBytes- DE: "\000\000\000\002"-
#123	NEW    cov: 122 ft: 432 corp: 29/4703b lim: 333 exec/s: 0 rss: 29Mb L: 260/333 MS: 1 CrossOver-
#132	NEW    cov: 122 ft: 434 corp: 30/5000b lim: 333 exec/s: 0 rss: 29Mb L: 297/333 MS: 4 ChangeByte-ChangeBit-InsertRepeatedBytes-CrossOver-
#156	NEW    cov: 122 ft: 435 corp: 31/5197b lim: 333 exec/s: 0 rss: 29Mb L: 197/333 MS: 4 EraseBytes-ChangeByte-CMP-InsertRepeatedBytes- DE: "\347)\260\321\350V\000\000"-
#167	REDUCE cov: 122 ft: 435 corp: 31/5187b lim: 333 exec/s: 0 rss: 29Mb L: 250/333 MS: 1 EraseBytes-
#196	NEW    cov: 122 ft: 439 corp: 32/5508b lim: 333 exec/s: 0 rss: 29Mb L: 321/333 MS: 4 ChangeBit-ChangeBinInt-ShuffleBytes-InsertRepeatedBytes-
#203	NEW    cov: 122 ft: 440 corp: 33/5639b lim: 333 exec/s: 0 rss: 29Mb L: 131/333 MS: 2 CopyPart-InsertRepeatedBytes-
#208	NEW    cov: 122 ft: 441 corp: 34/5972b lim: 333 exec/s: 0 rss: 29Mb L: 333/333 MS: 5 PersAutoDict-PersAutoDict-ChangeByte-ShuffleBytes-ChangeByte- DE: "\001\000\000\010"-"mdhd"-
#209	REDUCE cov: 122 ft: 441 corp: 34/5951b lim: 333 exec/s: 0 rss: 29Mb L: 312/333 MS: 1 CrossOver-
#285	NEW    cov: 122 ft: 442 corp: 35/5962b lim: 333 exec/s: 0 rss: 29Mb L: 11/333 MS: 1 InsertRepeatedBytes-
#312	REDUCE cov: 122 ft: 442 corp: 35/5939b lim: 333 exec/s: 0 rss: 29Mb L: 310/333 MS: 2 ChangeByte-EraseBytes-
#380	NEW    cov: 122 ft: 449 corp: 36/6269b lim: 333 exec/s: 0 rss: 29Mb L: 330/333 MS: 3 CrossOver-CMP-ChangeBinInt- DE: "\377\377U\351\012Y\203\177"-
#382	REDUCE cov: 122 ft: 452 corp: 37/6489b lim: 333 exec/s: 0 rss: 29Mb L: 220/333 MS: 2 CopyPart-EraseBytes-
#403	NEW    cov: 122 ft: 453 corp: 38/6796b lim: 333 exec/s: 0 rss: 29Mb L: 307/333 MS: 1 CMP- DE: "\377\037"-
#407	NEW    cov: 122 ft: 454 corp: 39/7114b lim: 333 exec/s: 0 rss: 29Mb L: 318/333 MS: 4 ChangeBit-ShuffleBytes-CrossOver-CrossOver-
#408	REDUCE cov: 122 ft: 455 corp: 40/7365b lim: 333 exec/s: 0 rss: 29Mb L: 251/333 MS: 1 InsertByte-
#448	NEW    cov: 122 ft: 456 corp: 41/7404b lim: 333 exec/s: 0 rss: 29Mb L: 39/333 MS: 5 CrossOver-ChangeASCIIInt-ChangeBit-ChangeBinInt-PersAutoDict- DE: "\347)\260\321\350V\000\000"-
#494	NEW    cov: 122 ft: 457 corp: 42/7718b lim: 333 exec/s: 0 rss: 29Mb L: 314/333 MS: 1 InsertRepeatedBytes-
#531	REDUCE cov: 122 ft: 457 corp: 42/7716b lim: 333 exec/s: 0 rss: 29Mb L: 29/333 MS: 2 PersAutoDict-EraseBytes- DE: "\000\000\000\000"-
#534	NEW    cov: 122 ft: 468 corp: 43/8048b lim: 333 exec/s: 0 rss: 29Mb L: 332/333 MS: 3 ChangeBinInt-CMP-CrossOver- DE: "\001\000\000\000\000\000\0017"-
#538	NEW    cov: 122 ft: 469 corp: 44/8376b lim: 333 exec/s: 0 rss: 29Mb L: 328/333 MS: 4 InsertRepeatedBytes-ChangeBinInt-ChangeBit-CrossOver-
#577	REDUCE cov: 122 ft: 469 corp: 44/8375b lim: 333 exec/s: 0 rss: 29Mb L: 30/333 MS: 4 CopyPart-ChangeBinInt-ChangeByte-EraseBytes-
#578	NEW    cov: 122 ft: 473 corp: 45/8520b lim: 333 exec/s: 0 rss: 29Mb L: 145/333 MS: 1 CMP- DE: "stts"-
#612	REDUCE cov: 122 ft: 473 corp: 45/8362b lim: 333 exec/s: 0 rss: 29Mb L: 170/333 MS: 4 CMP-ChangeBinInt-ChangeByte-EraseBytes- DE: "\377\377U\351\012Z\200o"-
#644	NEW    cov: 122 ft: 474 corp: 46/8594b lim: 333 exec/s: 0 rss: 29Mb L: 232/333 MS: 2 ChangeBinInt-CopyPart-
#684	NEW    cov: 122 ft: 475 corp: 47/8845b lim: 333 exec/s: 0 rss: 29Mb L: 251/333 MS: 5 CrossOver-ChangeByte-CopyPart-ChangeBinInt-ChangeBinInt-
#694	NEW    cov: 123 ft: 476 corp: 48/8852b lim: 333 exec/s: 0 rss: 29Mb L: 7/333 MS: 5 InsertByte-ShuffleBytes-CMP-ChangeByte-EraseBytes- DE: "\023\000\000\000"-
#731	REDUCE cov: 123 ft: 476 corp: 48/8849b lim: 333 exec/s: 0 rss: 29Mb L: 4/333 MS: 2 ChangeByte-EraseBytes-
#864	NEW    cov: 123 ft: 484 corp: 49/8865b lim: 333 exec/s: 0 rss: 29Mb L: 16/333 MS: 3 CrossOver-ShuffleBytes-CMP- DE: "infe"-
#877	REDUCE cov: 123 ft: 484 corp: 49/8853b lim: 333 exec/s: 0 rss: 29Mb L: 240/333 MS: 3 CMP-ChangeBit-CrossOver- DE: "\000\000V\351\012Y\275\333"-
#896	REDUCE cov: 123 ft: 484 corp: 49/8847b lim: 333 exec/s: 0 rss: 29Mb L: 49/333 MS: 4 PersAutoDict-ChangeByte-ChangeBit-EraseBytes- DE: "\347)\260\321\350V\000\000"-
#898	REDUCE cov: 123 ft: 484 corp: 49/8798b lim: 333 exec/s: 0 rss: 29Mb L: 82/333 MS: 2 ShuffleBytes-EraseBytes-
#907	NEW    cov: 123 ft: 485 corp: 50/8968b lim: 333 exec/s: 0 rss: 29Mb L: 170/333 MS: 4 CopyPart-CopyPart-CopyPart-EraseBytes-
#929	REDUCE cov: 123 ft: 485 corp: 50/8965b lim: 333 exec/s: 0 rss: 29Mb L: 26/333 MS: 2 ChangeBit-EraseBytes-
#967	NEW    cov: 123 ft: 488 corp: 51/9085b lim: 333 exec/s: 0 rss: 29Mb L: 120/333 MS: 3 InsertByte-InsertByte-ChangeBit-
#1014	REDUCE cov: 123 ft: 488 corp: 51/9081b lim: 333 exec/s: 0 rss: 29Mb L: 293/333 MS: 2 CMP-EraseBytes- DE: "mdia"-
#1167	REDUCE cov: 123 ft: 488 corp: 51/9061b lim: 333 exec/s: 0 rss: 29Mb L: 166/333 MS: 3 CopyPart-PersAutoDict-EraseBytes- DE: "\000\000\000\002"-
#1182	REDUCE cov: 123 ft: 488 corp: 51/9057b lim: 333 exec/s: 0 rss: 29Mb L: 326/333 MS: 5 InsertByte-ChangeASCIIInt-CopyPart-CMP-EraseBytes- DE: "G\001\000\000\000\000\000\000"-
#1239	REDUCE cov: 123 ft: 488 corp: 51/9051b lim: 333 exec/s: 0 rss: 29Mb L: 116/333 MS: 2 ChangeBit-EraseBytes-
#1256	REDUCE cov: 123 ft: 492 corp: 52/9292b lim: 333 exec/s: 0 rss: 29Mb L: 241/333 MS: 2 ShuffleBytes-InsertByte-
#1311	REDUCE cov: 123 ft: 492 corp: 52/9287b lim: 333 exec/s: 0 rss: 29Mb L: 25/333 MS: 5 CMP-CMP-InsertByte-InsertByte-EraseBytes- DE: "@Q\000\010\254|\000\000"-"%\000\000\000\000\000\000\000"-
#1335	NEW    cov: 123 ft: 493 corp: 53/9339b lim: 333 exec/s: 0 rss: 29Mb L: 52/333 MS: 4 CrossOver-ChangeBinInt-PersAutoDict-CMP- DE: "\377\377U\351\012Z\200o"-"mdat"-
#1383	REDUCE cov: 123 ft: 494 corp: 54/9653b lim: 333 exec/s: 0 rss: 29Mb L: 314/333 MS: 3 ShuffleBytes-PersAutoDict-CMP- DE: "@Q\000\010\254|\000\000"-"trak"-
#1386	REDUCE cov: 123 ft: 494 corp: 54/9645b lim: 333 exec/s: 0 rss: 29Mb L: 189/333 MS: 3 CopyPart-InsertRepeatedBytes-EraseBytes-
#1477	REDUCE cov: 123 ft: 494 corp: 54/9608b lim: 333 exec/s: 0 rss: 29Mb L: 213/333 MS: 1 EraseBytes-
#1530	NEW    cov: 123 ft: 495 corp: 55/9920b lim: 333 exec/s: 0 rss: 29Mb L: 312/333 MS: 3 InsertRepeatedBytes-ChangeBit-InsertRepeatedBytes-
#1583	NEW    cov: 123 ft: 496 corp: 56/10194b lim: 333 exec/s: 0 rss: 29Mb L: 274/333 MS: 3 ShuffleBytes-CopyPart-InsertRepeatedBytes-
#1614	REDUCE cov: 123 ft: 496 corp: 56/10146b lim: 333 exec/s: 0 rss: 29Mb L: 122/333 MS: 1 EraseBytes-
#1698	REDUCE cov: 123 ft: 496 corp: 56/10107b lim: 333 exec/s: 0 rss: 29Mb L: 127/333 MS: 4 EraseBytes-InsertRepeatedBytes-EraseBytes-InsertByte-
#1732	REDUCE cov: 123 ft: 496 corp: 56/10103b lim: 333 exec/s: 0 rss: 29Mb L: 317/333 MS: 4 ChangeByte-ChangeBit-EraseBytes-CopyPart-
#1760	REDUCE cov: 123 ft: 496 corp: 56/10082b lim: 333 exec/s: 0 rss: 29Mb L: 296/333 MS: 3 InsertByte-EraseBytes-CopyPart-
#1828	REDUCE cov: 123 ft: 497 corp: 57/10347b lim: 333 exec/s: 0 rss: 29Mb L: 265/333 MS: 3 CMP-ChangeBit-CrossOver- DE: "dinf"-
#1835	REDUCE cov: 123 ft: 497 corp: 57/10276b lim: 333 exec/s: 0 rss: 29Mb L: 74/333 MS: 2 ChangeByte-CrossOver-
#1851	REDUCE cov: 123 ft: 497 corp: 57/10108b lim: 333 exec/s: 0 rss: 29Mb L: 164/333 MS: 1 CrossOver-
#1973	REDUCE cov: 123 ft: 497 corp: 57/10104b lim: 333 exec/s: 0 rss: 29Mb L: 27/333 MS: 2 ShuffleBytes-EraseBytes-
#2054	NEW    cov: 123 ft: 505 corp: 58/10432b lim: 333 exec/s: 0 rss: 29Mb L: 328/333 MS: 1 CopyPart-
#2136	NEW    cov: 123 ft: 511 corp: 59/10629b lim: 333 exec/s: 0 rss: 29Mb L: 197/333 MS: 2 ChangeASCIIInt-EraseBytes-
#2223	REDUCE cov: 123 ft: 511 corp: 59/10563b lim: 333 exec/s: 0 rss: 29Mb L: 185/333 MS: 2 ChangeByte-EraseBytes-
#2581	REDUCE cov: 123 ft: 511 corp: 59/10531b lim: 333 exec/s: 0 rss: 29Mb L: 280/333 MS: 3 ChangeASCIIInt-ChangeBinInt-EraseBytes-
#2666	REDUCE cov: 123 ft: 511 corp: 59/10517b lim: 333 exec/s: 2666 rss: 1907Mb L: 256/333 MS: 4 InsertRepeatedBytes-ChangeByte-InsertByte-EraseBytes-
#2678	REDUCE cov: 123 ft: 511 corp: 59/10494b lim: 333 exec/s: 2678 rss: 1907Mb L: 29/333 MS: 2 CopyPart-EraseBytes-
#2744	REDUCE cov: 123 ft: 511 corp: 59/10466b lim: 333 exec/s: 2744 rss: 1907Mb L: 92/333 MS: 1 EraseBytes-
#2869	REDUCE cov: 123 ft: 511 corp: 59/10430b lim: 333 exec/s: 2869 rss: 1907Mb L: 128/333 MS: 5 EraseBytes-PersAutoDict-ChangeByte-CMP-EraseBytes- DE: "\377\037"-"hvcC"-
#2959	REDUCE cov: 123 ft: 511 corp: 59/10402b lim: 333 exec/s: 2959 rss: 1907Mb L: 301/333 MS: 5 PersAutoDict-CopyPart-ShuffleBytes-PersAutoDict-EraseBytes- DE: "@Q\000\010\254|\000\000"-"trak"-
#3260	REDUCE cov: 123 ft: 511 corp: 59/10342b lim: 333 exec/s: 3260 rss: 1907Mb L: 250/333 MS: 1 EraseBytes-
==725908== ERROR: libFuzzer: out-of-memory (used: 1907Mb; limit: 1024Mb)
   To change the out-of-memory limit use -rss_limit_mb=<N>

MS: 2 ChangeByte-CopyPart-; base unit: fbd6c7c8b9afe088bd673f19d2073907137cd9e1
artifact_prefix='/results/crashes/20260313_181245_1cf1a98f_'; Test unit written to /results/crashes/20260313_181245_1cf1a98f_oom-6f45d4bd9b0b87bae6b1cc97e2df6bdfa45c40b5
SUMMARY: libFuzzer: out-of-memory
stat::number_of_executed_units: 3442
stat::average_exec_per_sec:     1721
stat::new_units_added:          89
stat::slowest_unit_time_sec:    0
stat::peak_rss_mb:              1907
