INFO: Running with entropic power schedule (0xFF, 100).
INFO: Seed: 1334227292
INFO: Loaded 1 modules   (252 inline 8-bit counters): 252 [0x63807745e678, 0x63807745e774), 
INFO: Loaded 1 PC tables (252 PCs): 252 [0x63807745e778,0x63807745f738), 
INFO:        4 files found in /tmp/corpus_20260313_164953_fea2a030
INFO: seed corpus: files: 4 min: 48b max: 333b total: 853b rss: 28Mb
#5	INITED cov: 117 ft: 250 corp: 4/853b exec/s: 0 rss: 29Mb
#7	NEW    cov: 117 ft: 258 corp: 5/988b lim: 333 exec/s: 0 rss: 29Mb L: 135/333 MS: 2 ChangeBit-EraseBytes-
#9	NEW    cov: 118 ft: 259 corp: 6/1321b lim: 333 exec/s: 0 rss: 29Mb L: 333/333 MS: 2 ChangeBit-CopyPart-
#10	NEW    cov: 118 ft: 262 corp: 7/1369b lim: 333 exec/s: 0 rss: 29Mb L: 48/333 MS: 1 CopyPart-
#11	NEW    cov: 118 ft: 279 corp: 8/1461b lim: 333 exec/s: 0 rss: 29Mb L: 92/333 MS: 1 EraseBytes-
#12	NEW    cov: 118 ft: 280 corp: 9/1794b lim: 333 exec/s: 0 rss: 29Mb L: 333/333 MS: 1 CrossOver-
#14	NEW    cov: 118 ft: 281 corp: 10/1978b lim: 333 exec/s: 0 rss: 29Mb L: 184/333 MS: 2 ChangeBit-CrossOver-
#16	NEW    cov: 118 ft: 282 corp: 11/2108b lim: 333 exec/s: 0 rss: 29Mb L: 130/333 MS: 2 CopyPart-InsertRepeatedBytes-
#19	NEW    cov: 118 ft: 297 corp: 12/2196b lim: 333 exec/s: 0 rss: 29Mb L: 88/333 MS: 3 CMP-CopyPart-CrossOver- DE: "\377\377b\200y(C@"-
#23	NEW    cov: 118 ft: 298 corp: 13/2529b lim: 333 exec/s: 0 rss: 29Mb L: 333/333 MS: 4 CopyPart-ChangeBinInt-ChangeByte-CrossOver-
#24	NEW    cov: 118 ft: 303 corp: 14/2782b lim: 333 exec/s: 0 rss: 29Mb L: 253/333 MS: 1 InsertByte-
#28	NEW    cov: 118 ft: 304 corp: 15/2917b lim: 333 exec/s: 0 rss: 29Mb L: 135/333 MS: 4 ShuffleBytes-ChangeByte-ChangeBit-ChangeBinInt-
#31	NEW    cov: 119 ft: 305 corp: 16/3041b lim: 333 exec/s: 0 rss: 29Mb L: 124/333 MS: 3 ChangeBinInt-ChangeBinInt-CrossOver-
#32	NEW    cov: 119 ft: 314 corp: 17/3201b lim: 333 exec/s: 0 rss: 29Mb L: 160/333 MS: 1 InsertRepeatedBytes-
#33	NEW    cov: 119 ft: 315 corp: 18/3529b lim: 333 exec/s: 0 rss: 29Mb L: 328/333 MS: 1 CopyPart-
#37	NEW    cov: 119 ft: 329 corp: 19/3757b lim: 333 exec/s: 0 rss: 29Mb L: 228/333 MS: 4 PersAutoDict-ChangeBinInt-ShuffleBytes-PersAutoDict- DE: "\377\377b\200y(C@"-"\377\377b\200y(C@"-
#42	NEW    cov: 119 ft: 330 corp: 20/3855b lim: 333 exec/s: 0 rss: 29Mb L: 98/333 MS: 5 ChangeByte-ShuffleBytes-ChangeBit-ChangeByte-EraseBytes-
#51	NEW    cov: 120 ft: 331 corp: 21/4071b lim: 333 exec/s: 0 rss: 29Mb L: 216/333 MS: 4 InsertRepeatedBytes-ChangeBinInt-ChangeBinInt-CopyPart-
#56	NEW    cov: 120 ft: 332 corp: 22/4185b lim: 333 exec/s: 0 rss: 29Mb L: 114/333 MS: 5 ShuffleBytes-ChangeByte-ChangeBit-ChangeByte-EraseBytes-
#57	NEW    cov: 120 ft: 333 corp: 23/4498b lim: 333 exec/s: 0 rss: 29Mb L: 313/333 MS: 1 CopyPart-
#58	NEW    cov: 120 ft: 334 corp: 24/4605b lim: 333 exec/s: 0 rss: 29Mb L: 107/333 MS: 1 EraseBytes-
#63	NEW    cov: 120 ft: 335 corp: 25/4818b lim: 333 exec/s: 0 rss: 29Mb L: 213/333 MS: 5 ChangeByte-CrossOver-PersAutoDict-ShuffleBytes-CrossOver- DE: "\377\377b\200y(C@"-
#64	NEW    cov: 121 ft: 336 corp: 26/5149b lim: 333 exec/s: 0 rss: 29Mb L: 331/333 MS: 1 CopyPart-
#78	NEW    cov: 121 ft: 337 corp: 27/5482b lim: 333 exec/s: 0 rss: 29Mb L: 333/333 MS: 4 CrossOver-CopyPart-CMP-CMP- DE: "mvex"-"\036\000\000\000"-
#84	NEW    cov: 121 ft: 338 corp: 28/5699b lim: 333 exec/s: 0 rss: 29Mb L: 217/333 MS: 1 InsertByte-
#100	NEW    cov: 121 ft: 343 corp: 29/5860b lim: 333 exec/s: 0 rss: 29Mb L: 161/333 MS: 1 InsertByte-
#111	NEW    cov: 121 ft: 344 corp: 30/6091b lim: 333 exec/s: 0 rss: 29Mb L: 231/333 MS: 1 InsertRepeatedBytes-
#152	NEW    cov: 121 ft: 345 corp: 31/6360b lim: 333 exec/s: 0 rss: 29Mb L: 269/333 MS: 1 CrossOver-
#154	NEW    cov: 121 ft: 350 corp: 32/6688b lim: 333 exec/s: 0 rss: 29Mb L: 328/333 MS: 2 ChangeASCIIInt-PersAutoDict- DE: "\377\377b\200y(C@"-
#161	NEW    cov: 121 ft: 351 corp: 33/6944b lim: 333 exec/s: 0 rss: 29Mb L: 256/333 MS: 2 ChangeByte-PersAutoDict- DE: "\036\000\000\000"-
#164	REDUCE cov: 121 ft: 351 corp: 33/6935b lim: 333 exec/s: 0 rss: 29Mb L: 175/333 MS: 3 InsertRepeatedBytes-ChangeByte-EraseBytes-
#190	NEW    cov: 121 ft: 360 corp: 34/6984b lim: 333 exec/s: 0 rss: 29Mb L: 49/333 MS: 1 InsertByte-
#192	NEW    cov: 121 ft: 395 corp: 35/7017b lim: 333 exec/s: 0 rss: 29Mb L: 33/333 MS: 2 CrossOver-CrossOver-
#203	NEW    cov: 121 ft: 399 corp: 36/7048b lim: 333 exec/s: 0 rss: 29Mb L: 31/333 MS: 1 EraseBytes-
#254	NEW    cov: 122 ft: 400 corp: 37/7049b lim: 333 exec/s: 0 rss: 29Mb L: 1/333 MS: 1 CrossOver-
#260	NEW    cov: 122 ft: 405 corp: 38/7075b lim: 333 exec/s: 0 rss: 29Mb L: 26/333 MS: 1 EraseBytes-
#261	NEW    cov: 122 ft: 406 corp: 39/7131b lim: 333 exec/s: 0 rss: 29Mb L: 56/333 MS: 1 PersAutoDict- DE: "\377\377b\200y(C@"-
#289	NEW    cov: 122 ft: 413 corp: 40/7458b lim: 333 exec/s: 0 rss: 29Mb L: 327/333 MS: 3 ChangeBit-ChangeBit-InsertRepeatedBytes-
#292	NEW    cov: 122 ft: 414 corp: 41/7544b lim: 333 exec/s: 0 rss: 29Mb L: 86/333 MS: 3 PersAutoDict-ChangeBinInt-EraseBytes- DE: "mvex"-
#318	REDUCE cov: 122 ft: 414 corp: 41/7490b lim: 333 exec/s: 0 rss: 29Mb L: 274/333 MS: 1 CrossOver-
#324	NEW    cov: 122 ft: 418 corp: 42/7522b lim: 333 exec/s: 0 rss: 29Mb L: 32/333 MS: 1 InsertByte-
#346	NEW    cov: 122 ft: 419 corp: 43/7855b lim: 333 exec/s: 0 rss: 29Mb L: 333/333 MS: 2 CopyPart-PersAutoDict- DE: "mvex"-
#355	REDUCE cov: 122 ft: 419 corp: 43/7850b lim: 333 exec/s: 0 rss: 29Mb L: 155/333 MS: 4 InsertByte-ChangeByte-ShuffleBytes-CrossOver-
#383	NEW    cov: 122 ft: 422 corp: 44/8064b lim: 333 exec/s: 0 rss: 29Mb L: 214/333 MS: 3 ChangeByte-CrossOver-CrossOver-
#423	REDUCE cov: 122 ft: 422 corp: 44/8030b lim: 333 exec/s: 0 rss: 29Mb L: 294/333 MS: 5 EraseBytes-ShuffleBytes-EraseBytes-ChangeBinInt-InsertRepeatedBytes-
#441	NEW    cov: 122 ft: 429 corp: 45/8308b lim: 333 exec/s: 0 rss: 29Mb L: 278/333 MS: 3 CrossOver-InsertRepeatedBytes-ChangeByte-
#446	NEW    cov: 122 ft: 430 corp: 46/8641b lim: 333 exec/s: 0 rss: 29Mb L: 333/333 MS: 5 InsertRepeatedBytes-ChangeBit-CopyPart-InsertByte-InsertByte-
#454	NEW    cov: 122 ft: 431 corp: 47/8676b lim: 333 exec/s: 0 rss: 29Mb L: 35/333 MS: 3 CrossOver-ChangeBinInt-PersAutoDict- DE: "\036\000\000\000"-
#455	NEW    cov: 122 ft: 439 corp: 48/8697b lim: 333 exec/s: 0 rss: 29Mb L: 21/333 MS: 1 EraseBytes-
#457	NEW    cov: 122 ft: 445 corp: 49/9030b lim: 333 exec/s: 0 rss: 29Mb L: 333/333 MS: 2 CrossOver-ChangeByte-
#466	REDUCE cov: 122 ft: 445 corp: 49/9002b lim: 333 exec/s: 0 rss: 29Mb L: 200/333 MS: 4 ChangeBinInt-CopyPart-InsertRepeatedBytes-CrossOver-
#474	NEW    cov: 122 ft: 446 corp: 50/9300b lim: 333 exec/s: 0 rss: 29Mb L: 298/333 MS: 3 ShuffleBytes-InsertByte-CopyPart-
#483	NEW    cov: 122 ft: 447 corp: 51/9350b lim: 333 exec/s: 0 rss: 29Mb L: 50/333 MS: 4 InsertByte-InsertByte-ChangeByte-ChangeBinInt-
#508	REDUCE cov: 122 ft: 447 corp: 51/9300b lim: 333 exec/s: 0 rss: 29Mb L: 219/333 MS: 5 PersAutoDict-CrossOver-ShuffleBytes-ShuffleBytes-EraseBytes- DE: "\377\377b\200y(C@"-
#576	NEW    cov: 122 ft: 450 corp: 52/9633b lim: 333 exec/s: 0 rss: 29Mb L: 333/333 MS: 3 CMP-CrossOver-CMP- DE: "O\226\314\254\374\177\000\000"-"\021\232)y\200c\000\000"-
#641	REDUCE cov: 122 ft: 450 corp: 52/9628b lim: 333 exec/s: 0 rss: 29Mb L: 102/333 MS: 5 ChangeByte-ChangeBit-InsertByte-EraseBytes-ChangeBit-
#672	REDUCE cov: 122 ft: 450 corp: 52/9547b lim: 333 exec/s: 0 rss: 29Mb L: 197/333 MS: 1 EraseBytes-
#724	NEW    cov: 122 ft: 459 corp: 53/9619b lim: 333 exec/s: 0 rss: 29Mb L: 72/333 MS: 2 CrossOver-ShuffleBytes-
#729	NEW    cov: 122 ft: 460 corp: 54/9781b lim: 333 exec/s: 0 rss: 29Mb L: 162/333 MS: 5 CrossOver-ChangeBinInt-CrossOver-ChangeASCIIInt-InsertRepeatedBytes-
#733	REDUCE cov: 122 ft: 460 corp: 54/9750b lim: 333 exec/s: 0 rss: 29Mb L: 302/333 MS: 4 ChangeByte-EraseBytes-CMP-InsertByte- DE: "\377\377\377\032"-
#740	NEW    cov: 124 ft: 468 corp: 55/10078b lim: 333 exec/s: 0 rss: 29Mb L: 328/333 MS: 2 ChangeBinInt-InsertRepeatedBytes-
#769	REDUCE cov: 124 ft: 468 corp: 55/9936b lim: 333 exec/s: 0 rss: 29Mb L: 156/333 MS: 4 PersAutoDict-ChangeByte-CMP-EraseBytes- DE: "O\226\314\254\374\177\000\000"-"\001\000\000\001"-
#840	REDUCE cov: 124 ft: 472 corp: 56/10238b lim: 333 exec/s: 0 rss: 29Mb L: 302/333 MS: 1 ChangeBinInt-
#878	REDUCE cov: 124 ft: 472 corp: 56/10236b lim: 333 exec/s: 0 rss: 29Mb L: 19/333 MS: 3 ChangeBit-CrossOver-EraseBytes-
#912	NEW    cov: 124 ft: 481 corp: 57/10247b lim: 333 exec/s: 0 rss: 29Mb L: 11/333 MS: 4 CMP-CrossOver-ChangeByte-PersAutoDict- DE: "\000\000{Q\250\000\214Y"-"\001\000\000\001"-
#970	NEW    cov: 124 ft: 482 corp: 58/10467b lim: 333 exec/s: 0 rss: 29Mb L: 220/333 MS: 3 ChangeBit-CopyPart-ChangeBinInt-
#998	REDUCE cov: 124 ft: 482 corp: 58/10466b lim: 333 exec/s: 0 rss: 29Mb L: 91/333 MS: 3 ShuffleBytes-ChangeBit-EraseBytes-
#1130	REDUCE cov: 124 ft: 482 corp: 58/10460b lim: 333 exec/s: 0 rss: 29Mb L: 26/333 MS: 2 EraseBytes-ChangeBit-
#1174	REDUCE cov: 124 ft: 482 corp: 58/10440b lim: 333 exec/s: 0 rss: 29Mb L: 180/333 MS: 4 CrossOver-ChangeByte-ChangeByte-EraseBytes-
#1333	REDUCE cov: 124 ft: 482 corp: 58/10420b lim: 333 exec/s: 0 rss: 29Mb L: 52/333 MS: 4 ChangeByte-ChangeBinInt-ChangeBinInt-EraseBytes-
#1335	REDUCE cov: 124 ft: 482 corp: 58/10358b lim: 333 exec/s: 0 rss: 29Mb L: 93/333 MS: 2 ChangeByte-EraseBytes-
#1490	REDUCE cov: 124 ft: 482 corp: 58/10342b lim: 333 exec/s: 0 rss: 29Mb L: 200/333 MS: 5 ChangeBinInt-EraseBytes-ChangeBit-CopyPart-CMP- DE: "\251\000"-
#1522	REDUCE cov: 124 ft: 482 corp: 58/10319b lim: 333 exec/s: 0 rss: 29Mb L: 290/333 MS: 2 EraseBytes-InsertRepeatedBytes-
#1721	REDUCE cov: 124 ft: 482 corp: 58/10301b lim: 333 exec/s: 0 rss: 29Mb L: 75/333 MS: 4 ChangeByte-ChangeBit-ShuffleBytes-EraseBytes-
#1742	REDUCE cov: 124 ft: 482 corp: 58/10287b lim: 333 exec/s: 0 rss: 29Mb L: 319/333 MS: 1 EraseBytes-
#1893	NEW    cov: 124 ft: 483 corp: 59/10335b lim: 333 exec/s: 0 rss: 29Mb L: 48/333 MS: 1 CopyPart-
#1902	NEW    cov: 124 ft: 488 corp: 60/10416b lim: 333 exec/s: 0 rss: 29Mb L: 81/333 MS: 4 ChangeBit-PersAutoDict-InsertByte-EraseBytes- DE: "\036\000\000\000"-
#1953	REDUCE cov: 124 ft: 488 corp: 60/10403b lim: 333 exec/s: 0 rss: 29Mb L: 289/333 MS: 1 EraseBytes-
#2045	NEW    cov: 124 ft: 489 corp: 61/10735b lim: 333 exec/s: 0 rss: 29Mb L: 332/333 MS: 2 ChangeBit-InsertRepeatedBytes-
#2159	NEW    cov: 124 ft: 490 corp: 62/11003b lim: 333 exec/s: 0 rss: 29Mb L: 268/333 MS: 4 InsertRepeatedBytes-ChangeBinInt-ChangeBit-EraseBytes-
#2286	REDUCE cov: 124 ft: 490 corp: 62/10939b lim: 333 exec/s: 0 rss: 29Mb L: 153/333 MS: 2 ChangeBinInt-EraseBytes-
#2292	NEW    cov: 124 ft: 491 corp: 63/11167b lim: 333 exec/s: 0 rss: 29Mb L: 228/333 MS: 1 PersAutoDict- DE: "\000\000{Q\250\000\214Y"-
#2330	REDUCE cov: 124 ft: 491 corp: 63/11115b lim: 333 exec/s: 0 rss: 29Mb L: 109/333 MS: 3 CrossOver-ShuffleBytes-EraseBytes-
#2339	REDUCE cov: 124 ft: 491 corp: 63/11111b lim: 333 exec/s: 0 rss: 29Mb L: 209/333 MS: 4 EraseBytes-EraseBytes-ChangeBinInt-CopyPart-
#2418	REDUCE cov: 124 ft: 491 corp: 63/11100b lim: 333 exec/s: 0 rss: 29Mb L: 124/333 MS: 4 ShuffleBytes-ShuffleBytes-EraseBytes-InsertRepeatedBytes-
#2430	REDUCE cov: 124 ft: 491 corp: 63/10952b lim: 333 exec/s: 0 rss: 29Mb L: 171/333 MS: 2 EraseBytes-InsertByte-
#2444	REDUCE cov: 124 ft: 491 corp: 63/10938b lim: 333 exec/s: 0 rss: 29Mb L: 95/333 MS: 4 PersAutoDict-ChangeBit-ChangeBit-EraseBytes- DE: "O\226\314\254\374\177\000\000"-
#2499	NEW    cov: 124 ft: 492 corp: 64/11206b lim: 333 exec/s: 0 rss: 29Mb L: 268/333 MS: 5 PersAutoDict-ChangeBit-CMP-CopyPart-EraseBytes- DE: "\001\000\000\001"-"\001\000\000\000\000\000\000\000"-
#2536	NEW    cov: 124 ft: 494 corp: 65/11232b lim: 333 exec/s: 0 rss: 29Mb L: 26/333 MS: 2 ShuffleBytes-EraseBytes-
#2559	REDUCE cov: 124 ft: 494 corp: 65/11229b lim: 333 exec/s: 0 rss: 29Mb L: 217/333 MS: 3 ChangeByte-CrossOver-EraseBytes-
#2623	REDUCE cov: 124 ft: 494 corp: 65/11206b lim: 333 exec/s: 0 rss: 29Mb L: 174/333 MS: 4 ChangeByte-CopyPart-ChangeByte-CrossOver-
#2631	REDUCE cov: 124 ft: 494 corp: 65/11133b lim: 333 exec/s: 0 rss: 29Mb L: 98/333 MS: 3 CMP-CrossOver-EraseBytes- DE: "dinf"-
#2698	REDUCE cov: 124 ft: 494 corp: 65/11132b lim: 333 exec/s: 0 rss: 29Mb L: 10/333 MS: 2 ChangeBit-EraseBytes-
#2741	REDUCE cov: 124 ft: 494 corp: 65/11131b lim: 333 exec/s: 0 rss: 29Mb L: 25/333 MS: 3 ShuffleBytes-ChangeBit-EraseBytes-
#3038	NEW    cov: 124 ft: 495 corp: 66/11464b lim: 333 exec/s: 0 rss: 29Mb L: 333/333 MS: 2 ChangeBinInt-CopyPart-
#3063	REDUCE cov: 124 ft: 495 corp: 66/11462b lim: 333 exec/s: 0 rss: 29Mb L: 128/333 MS: 5 PersAutoDict-ShuffleBytes-ChangeByte-CMP-EraseBytes- DE: "\021\232)y\200c\000\000"-"\377\377zQ\250\000\377\360"-
#3086	NEW    cov: 124 ft: 496 corp: 67/11470b lim: 333 exec/s: 0 rss: 29Mb L: 8/333 MS: 3 ShuffleBytes-CopyPart-CrossOver-
#3157	REDUCE cov: 124 ft: 496 corp: 67/11469b lim: 333 exec/s: 0 rss: 29Mb L: 113/333 MS: 1 EraseBytes-
#3168	REDUCE cov: 124 ft: 496 corp: 67/11429b lim: 333 exec/s: 0 rss: 29Mb L: 179/333 MS: 1 EraseBytes-
#3189	REDUCE cov: 124 ft: 496 corp: 67/11411b lim: 333 exec/s: 0 rss: 29Mb L: 315/333 MS: 1 EraseBytes-
#3258	REDUCE cov: 124 ft: 496 corp: 67/11352b lim: 333 exec/s: 0 rss: 29Mb L: 115/333 MS: 4 ChangeBinInt-ChangeBit-ChangeBinInt-EraseBytes-
#3400	REDUCE cov: 124 ft: 496 corp: 67/11350b lim: 333 exec/s: 0 rss: 29Mb L: 17/333 MS: 2 ChangeByte-EraseBytes-
#3464	REDUCE cov: 124 ft: 496 corp: 67/11334b lim: 333 exec/s: 0 rss: 29Mb L: 36/333 MS: 4 ChangeASCIIInt-ChangeByte-ChangeBinInt-EraseBytes-
#3547	REDUCE cov: 124 ft: 496 corp: 67/11303b lim: 333 exec/s: 0 rss: 29Mb L: 302/333 MS: 3 ChangeByte-EraseBytes-CopyPart-
#3595	REDUCE cov: 124 ft: 496 corp: 67/11295b lim: 333 exec/s: 0 rss: 29Mb L: 107/333 MS: 3 ChangeASCIIInt-PersAutoDict-EraseBytes- DE: "\000\000{Q\250\000\214Y"-
#3749	REDUCE cov: 124 ft: 496 corp: 67/11277b lim: 333 exec/s: 0 rss: 29Mb L: 30/333 MS: 4 CrossOver-CMP-ChangeByte-EraseBytes- DE: "\000;"-
#3801	REDUCE cov: 124 ft: 496 corp: 67/11267b lim: 333 exec/s: 0 rss: 29Mb L: 65/333 MS: 2 ShuffleBytes-EraseBytes-
#3859	REDUCE cov: 124 ft: 496 corp: 67/11232b lim: 333 exec/s: 0 rss: 29Mb L: 298/333 MS: 3 ChangeBinInt-CrossOver-CrossOver-
#3881	REDUCE cov: 124 ft: 496 corp: 67/11207b lim: 333 exec/s: 0 rss: 29Mb L: 73/333 MS: 2 ChangeBit-EraseBytes-
#3888	REDUCE cov: 124 ft: 496 corp: 67/11192b lim: 333 exec/s: 0 rss: 29Mb L: 73/333 MS: 2 CMP-EraseBytes- DE: "\003\000"-
#3936	REDUCE cov: 124 ft: 496 corp: 67/11085b lim: 333 exec/s: 0 rss: 29Mb L: 208/333 MS: 3 InsertByte-EraseBytes-CopyPart-
#3972	NEW    cov: 124 ft: 498 corp: 68/11414b lim: 333 exec/s: 0 rss: 29Mb L: 329/333 MS: 1 CopyPart-
#4083	REDUCE cov: 124 ft: 498 corp: 68/11397b lim: 333 exec/s: 0 rss: 29Mb L: 312/333 MS: 1 CrossOver-
#4124	NEW    cov: 124 ft: 499 corp: 69/11618b lim: 333 exec/s: 0 rss: 29Mb L: 221/333 MS: 1 CrossOver-
#4322	REDUCE cov: 124 ft: 499 corp: 69/11617b lim: 333 exec/s: 0 rss: 29Mb L: 9/333 MS: 3 ChangeBit-PersAutoDict-EraseBytes- DE: "\036\000\000\000"-
#4372	REDUCE cov: 124 ft: 499 corp: 69/11583b lim: 333 exec/s: 0 rss: 29Mb L: 166/333 MS: 5 ChangeBinInt-InsertRepeatedBytes-ChangeBinInt-EraseBytes-PersAutoDict- DE: "dinf"-
#4504	REDUCE cov: 124 ft: 499 corp: 69/11554b lim: 333 exec/s: 0 rss: 29Mb L: 73/333 MS: 2 EraseBytes-CopyPart-
#4507	REDUCE cov: 124 ft: 499 corp: 69/11545b lim: 333 exec/s: 0 rss: 29Mb L: 41/333 MS: 3 CrossOver-ShuffleBytes-EraseBytes-
#4589	REDUCE cov: 124 ft: 499 corp: 69/11515b lim: 333 exec/s: 0 rss: 29Mb L: 303/333 MS: 2 ChangeByte-EraseBytes-
#4618	NEW    cov: 125 ft: 500 corp: 70/11848b lim: 333 exec/s: 0 rss: 29Mb L: 333/333 MS: 4 CrossOver-ChangeBit-PersAutoDict-CopyPart- DE: "\036\000\000\000"-
#4731	REDUCE cov: 125 ft: 500 corp: 70/11802b lim: 333 exec/s: 0 rss: 29Mb L: 49/333 MS: 3 ChangeByte-InsertByte-EraseBytes-
#4965	REDUCE cov: 125 ft: 500 corp: 70/11795b lim: 333 exec/s: 0 rss: 29Mb L: 117/333 MS: 4 ChangeBit-CMP-PersAutoDict-EraseBytes- DE: "hvcC"-"\000;"-
#4981	REDUCE cov: 125 ft: 500 corp: 70/11782b lim: 333 exec/s: 0 rss: 29Mb L: 289/333 MS: 1 EraseBytes-
#5198	REDUCE cov: 125 ft: 500 corp: 70/11771b lim: 333 exec/s: 0 rss: 29Mb L: 197/333 MS: 2 InsertByte-EraseBytes-
#5213	NEW    cov: 125 ft: 501 corp: 71/12040b lim: 333 exec/s: 0 rss: 29Mb L: 269/333 MS: 5 EraseBytes-CMP-PersAutoDict-ChangeBit-PersAutoDict- DE: "trak"-"mvex"-"\001\000\000\000\000\000\000\000"-
#5244	REDUCE cov: 125 ft: 501 corp: 71/12028b lim: 333 exec/s: 0 rss: 29Mb L: 14/333 MS: 1 EraseBytes-
#5291	REDUCE cov: 125 ft: 501 corp: 71/11988b lim: 333 exec/s: 0 rss: 29Mb L: 272/333 MS: 2 ChangeBinInt-EraseBytes-
#5302	REDUCE cov: 125 ft: 501 corp: 71/11986b lim: 333 exec/s: 0 rss: 29Mb L: 63/333 MS: 1 EraseBytes-
#5331	REDUCE cov: 125 ft: 501 corp: 71/11984b lim: 333 exec/s: 0 rss: 29Mb L: 301/333 MS: 4 EraseBytes-ChangeBit-ChangeBinInt-CopyPart-
#5397	NEW    cov: 125 ft: 502 corp: 72/12250b lim: 333 exec/s: 0 rss: 29Mb L: 266/333 MS: 1 CopyPart-
#5516	REDUCE cov: 125 ft: 502 corp: 72/12246b lim: 333 exec/s: 0 rss: 29Mb L: 27/333 MS: 4 CopyPart-InsertByte-InsertByte-EraseBytes-
#5539	REDUCE cov: 125 ft: 502 corp: 72/12174b lim: 333 exec/s: 0 rss: 29Mb L: 226/333 MS: 3 ChangeBinInt-InsertRepeatedBytes-EraseBytes-
#5560	REDUCE cov: 125 ft: 502 corp: 72/12164b lim: 333 exec/s: 0 rss: 29Mb L: 323/333 MS: 1 CrossOver-
#5731	REDUCE cov: 125 ft: 502 corp: 72/12163b lim: 333 exec/s: 0 rss: 29Mb L: 32/333 MS: 1 EraseBytes-
#5777	REDUCE cov: 125 ft: 502 corp: 72/12161b lim: 333 exec/s: 0 rss: 29Mb L: 111/333 MS: 1 EraseBytes-
#5921	REDUCE cov: 125 ft: 502 corp: 72/12152b lim: 333 exec/s: 0 rss: 29Mb L: 322/333 MS: 4 EraseBytes-InsertByte-InsertRepeatedBytes-CopyPart-
#6098	REDUCE cov: 125 ft: 502 corp: 72/12148b lim: 333 exec/s: 0 rss: 29Mb L: 94/333 MS: 2 ChangeBit-EraseBytes-
#6144	NEW    cov: 125 ft: 503 corp: 73/12369b lim: 333 exec/s: 0 rss: 29Mb L: 221/333 MS: 1 CopyPart-
#6503	REDUCE cov: 125 ft: 503 corp: 73/12364b lim: 333 exec/s: 6503 rss: 29Mb L: 25/333 MS: 4 ChangeBinInt-ChangeBinInt-CMP-EraseBytes- DE: "\017\000"-
#6544	NEW    cov: 125 ft: 504 corp: 74/12696b lim: 333 exec/s: 6544 rss: 29Mb L: 332/333 MS: 1 CopyPart-
#7121	REDUCE cov: 125 ft: 504 corp: 74/12691b lim: 333 exec/s: 7121 rss: 29Mb L: 68/333 MS: 2 ShuffleBytes-EraseBytes-
#7334	REDUCE cov: 125 ft: 504 corp: 74/12659b lim: 333 exec/s: 7334 rss: 29Mb L: 92/333 MS: 3 CMP-EraseBytes-CrossOver- DE: "\377\377zQ\250\004\204\010"-
==472452== ERROR: libFuzzer: out-of-memory (used: 1293Mb; limit: 1024Mb)
   To change the out-of-memory limit use -rss_limit_mb=<N>

MS: 1 CopyPart-; base unit: 6142356d9be0b35eaa426842558b0a35cab04a5c
0x0,0x0,0x0,0x1c,0x66,0x74,0x79,0x70,0x0,0x0,0x0,0x0,0x0,0x0,0x0,0x0,0x0,0x0,0x0,0x0,0x0,0x0,0x0,0x60,0x61,0x74,0x64,0x0,0x0,0x0,0x75,0x58,0x6d,0x65,0x74,0x61,0x0,0xee,0xc2,0xa9,0x6e,0x61,0x6d,0x0,0x0,0x0,0x1a,0x64,0x61,0x74,0x61,0x6d,0x65,0x74,0x61,0x0,0xee,0xc2,0xa9,0x6e,0x61,0x6d,0x0,0x0,0x0,0x1a,0x64,0x61,0x74,0x61,0xe0,0xe0,0xe0,0xe0,0xe0,0xe0,0xe0,0xe0,0xe0,0xe0,0xe0,0xe0,0xe0,0xe0,0xe0,0xe0,0xe0,0xe0,0xe0,0xe0,0xe0,0xe0,0xe0,0xe0,0xe0,0x0,0x0,0x0,0x1,0x0,0x0,0x0,0x0,0x54,0x65,0x0,0x3b,0x20,0x56,0x68,0x76,0x63,0x43,0x68,0x64,0x65,0x6f,
\000\000\000\034ftyp\000\000\000\000\000\000\000\000\000\000\000\000\000\000\000`atd\000\000\000uXmeta\000\356\302\251nam\000\000\000\032datameta\000\356\302\251nam\000\000\000\032data\340\340\340\340\340\340\340\340\340\340\340\340\340\340\340\340\340\340\340\340\340\340\340\340\340\000\000\000\001\000\000\000\000Te\000; VhvcChdeo
artifact_prefix='/results/crashes/20260313_164953_fea2a030_'; Test unit written to /results/crashes/20260313_164953_fea2a030_oom-1ebc14d2115bbb9e05b04cf3ce7517f70fe47171
Base64: AAAAHGZ0eXAAAAAAAAAAAAAAAAAAAABgYXRkAAAAdVhtZXRhAO7CqW5hbQAAABpkYXRhbWV0YQDuwqluYW0AAAAaZGF0YeDg4ODg4ODg4ODg4ODg4ODg4ODg4ODg4OAAAAABAAAAAFRlADsgVmh2Y0NoZGVv
SUMMARY: libFuzzer: out-of-memory
stat::number_of_executed_units: 7465
stat::average_exec_per_sec:     3732
stat::new_units_added:          141
stat::slowest_unit_time_sec:    0
stat::peak_rss_mb:              1294
