INFO: Running with entropic power schedule (0xFF, 100).
INFO: Seed: 2493450016
INFO: Loaded 1 modules   (252 inline 8-bit counters): 252 [0x615d2ec86678, 0x615d2ec86774), 
INFO: Loaded 1 PC tables (252 PCs): 252 [0x615d2ec86778,0x615d2ec87738), 
INFO:        4 files found in /tmp/corpus_20260313_152104_69438ca9
INFO: seed corpus: files: 4 min: 48b max: 333b total: 853b rss: 28Mb
#5	INITED cov: 117 ft: 250 corp: 4/853b exec/s: 0 rss: 29Mb
#7	NEW    cov: 117 ft: 276 corp: 5/969b lim: 333 exec/s: 0 rss: 29Mb L: 116/333 MS: 2 ChangeBinInt-InsertRepeatedBytes-
#12	NEW    cov: 117 ft: 277 corp: 6/1245b lim: 333 exec/s: 0 rss: 29Mb L: 276/333 MS: 5 ChangeByte-ChangeByte-CMP-CrossOver-EraseBytes- DE: "thmb"-
#19	NEW    cov: 118 ft: 278 corp: 7/1547b lim: 333 exec/s: 0 rss: 29Mb L: 302/333 MS: 2 ShuffleBytes-InsertRepeatedBytes-
#21	NEW    cov: 118 ft: 280 corp: 8/1769b lim: 333 exec/s: 0 rss: 29Mb L: 222/333 MS: 2 EraseBytes-EraseBytes-
#22	NEW    cov: 118 ft: 289 corp: 9/2084b lim: 333 exec/s: 0 rss: 29Mb L: 315/333 MS: 1 CopyPart-
#23	NEW    cov: 119 ft: 301 corp: 10/2403b lim: 333 exec/s: 0 rss: 29Mb L: 319/333 MS: 1 CMP- DE: "mvhd"-
#28	NEW    cov: 119 ft: 302 corp: 11/2668b lim: 333 exec/s: 0 rss: 29Mb L: 265/333 MS: 5 ChangeBit-ShuffleBytes-InsertRepeatedBytes-CMP-CopyPart- DE: "\001\000\000M"-
#32	NEW    cov: 119 ft: 303 corp: 12/2984b lim: 333 exec/s: 0 rss: 29Mb L: 316/333 MS: 4 ShuffleBytes-CrossOver-CopyPart-EraseBytes-
#34	NEW    cov: 119 ft: 304 corp: 13/3306b lim: 333 exec/s: 0 rss: 29Mb L: 322/333 MS: 2 CopyPart-CMP- DE: "N7ISOBMFF4FTYP"-
#41	NEW    cov: 119 ft: 305 corp: 14/3567b lim: 333 exec/s: 0 rss: 29Mb L: 261/333 MS: 2 ChangeBinInt-InsertRepeatedBytes-
#43	NEW    cov: 120 ft: 316 corp: 15/3883b lim: 333 exec/s: 0 rss: 29Mb L: 316/333 MS: 2 ChangeASCIIInt-InsertByte-
#57	NEW    cov: 120 ft: 318 corp: 16/4169b lim: 333 exec/s: 0 rss: 29Mb L: 286/333 MS: 4 PersAutoDict-CrossOver-InsertByte-CrossOver- DE: "N7ISOBMFF4FTYP"-
#78	NEW    cov: 120 ft: 321 corp: 17/4206b lim: 333 exec/s: 0 rss: 29Mb L: 37/333 MS: 1 EraseBytes-
#89	NEW    cov: 120 ft: 323 corp: 18/4281b lim: 333 exec/s: 0 rss: 29Mb L: 75/333 MS: 1 EraseBytes-
#95	NEW    cov: 120 ft: 324 corp: 19/4614b lim: 333 exec/s: 0 rss: 29Mb L: 333/333 MS: 1 CrossOver-
#104	NEW    cov: 120 ft: 330 corp: 20/4789b lim: 333 exec/s: 0 rss: 29Mb L: 175/333 MS: 4 EraseBytes-InsertByte-ChangeBit-EraseBytes-
#106	NEW    cov: 120 ft: 331 corp: 21/5109b lim: 333 exec/s: 0 rss: 29Mb L: 320/333 MS: 2 ChangeByte-InsertByte-
#112	NEW    cov: 120 ft: 336 corp: 22/5334b lim: 333 exec/s: 0 rss: 29Mb L: 225/333 MS: 1 EraseBytes-
#119	NEW    cov: 120 ft: 337 corp: 23/5618b lim: 333 exec/s: 0 rss: 29Mb L: 284/333 MS: 2 ChangeBinInt-EraseBytes-
#175	NEW    cov: 120 ft: 338 corp: 24/5951b lim: 333 exec/s: 0 rss: 29Mb L: 333/333 MS: 1 ChangeASCIIInt-
#217	REDUCE cov: 120 ft: 338 corp: 24/5937b lim: 333 exec/s: 0 rss: 29Mb L: 61/333 MS: 2 PersAutoDict-EraseBytes- DE: "mvhd"-
#238	NEW    cov: 121 ft: 340 corp: 25/6264b lim: 333 exec/s: 0 rss: 29Mb L: 327/333 MS: 1 InsertRepeatedBytes-
#244	REDUCE cov: 121 ft: 340 corp: 25/6247b lim: 333 exec/s: 0 rss: 29Mb L: 158/333 MS: 1 EraseBytes-
#255	NEW    cov: 121 ft: 341 corp: 26/6580b lim: 333 exec/s: 0 rss: 29Mb L: 333/333 MS: 1 ChangeBit-
#256	NEW    cov: 121 ft: 358 corp: 27/6607b lim: 333 exec/s: 0 rss: 29Mb L: 27/333 MS: 1 EraseBytes-
#262	NEW    cov: 121 ft: 376 corp: 28/6659b lim: 333 exec/s: 0 rss: 29Mb L: 52/333 MS: 1 PersAutoDict- DE: "\001\000\000M"-
#268	NEW    cov: 121 ft: 382 corp: 29/6754b lim: 333 exec/s: 0 rss: 29Mb L: 95/333 MS: 1 CrossOver-
#330	NEW    cov: 121 ft: 383 corp: 30/7087b lim: 333 exec/s: 0 rss: 29Mb L: 333/333 MS: 2 CopyPart-ChangeByte-
#335	REDUCE cov: 121 ft: 383 corp: 30/7079b lim: 333 exec/s: 0 rss: 29Mb L: 294/333 MS: 5 ChangeBit-PersAutoDict-InsertRepeatedBytes-CMP-EraseBytes- DE: "mvhd"-"ipco"-
#338	NEW    cov: 121 ft: 384 corp: 31/7412b lim: 333 exec/s: 0 rss: 29Mb L: 333/333 MS: 3 CMP-InsertRepeatedBytes-CopyPart- DE: "\001\000a].\245\303F"-
#359	REDUCE cov: 121 ft: 384 corp: 31/7364b lim: 333 exec/s: 0 rss: 29Mb L: 217/333 MS: 1 EraseBytes-
#366	NEW    cov: 121 ft: 385 corp: 32/7586b lim: 333 exec/s: 0 rss: 29Mb L: 222/333 MS: 2 ChangeBinInt-EraseBytes-
#387	REDUCE cov: 121 ft: 385 corp: 32/7570b lim: 333 exec/s: 0 rss: 29Mb L: 45/333 MS: 1 EraseBytes-
#407	REDUCE cov: 121 ft: 385 corp: 32/7557b lim: 333 exec/s: 0 rss: 29Mb L: 320/333 MS: 5 ChangeASCIIInt-CrossOver-CMP-EraseBytes-InsertRepeatedBytes- DE: "\001\000\000\001"-
#452	NEW    cov: 121 ft: 386 corp: 33/7646b lim: 333 exec/s: 0 rss: 29Mb L: 89/333 MS: 5 CMP-ChangeByte-CMP-EraseBytes-CopyPart- DE: "\001\000\000 "-"mdhd"-
#473	NEW    cov: 121 ft: 392 corp: 34/7741b lim: 333 exec/s: 0 rss: 29Mb L: 95/333 MS: 1 CrossOver-
#479	NEW    cov: 121 ft: 393 corp: 35/7880b lim: 333 exec/s: 0 rss: 29Mb L: 139/333 MS: 1 CrossOver-
#500	REDUCE cov: 121 ft: 393 corp: 35/7835b lim: 333 exec/s: 0 rss: 29Mb L: 172/333 MS: 1 EraseBytes-
#516	REDUCE cov: 121 ft: 393 corp: 35/7802b lim: 333 exec/s: 0 rss: 29Mb L: 300/333 MS: 1 EraseBytes-
#525	REDUCE cov: 121 ft: 399 corp: 36/8133b lim: 333 exec/s: 0 rss: 29Mb L: 331/333 MS: 4 ChangeBinInt-InsertRepeatedBytes-CopyPart-CopyPart-
#531	REDUCE cov: 121 ft: 399 corp: 36/8096b lim: 333 exec/s: 0 rss: 29Mb L: 121/333 MS: 1 EraseBytes-
#545	NEW    cov: 122 ft: 400 corp: 37/8103b lim: 333 exec/s: 0 rss: 29Mb L: 7/333 MS: 4 EraseBytes-PersAutoDict-PersAutoDict-CrossOver- DE: "\001\000a].\245\303F"-"thmb"-
#546	REDUCE cov: 122 ft: 401 corp: 38/8188b lim: 333 exec/s: 0 rss: 29Mb L: 85/333 MS: 1 CrossOver-
#549	NEW    cov: 122 ft: 403 corp: 39/8456b lim: 333 exec/s: 0 rss: 29Mb L: 268/333 MS: 3 ChangeASCIIInt-CMP-InsertRepeatedBytes- DE: "\001\000\000\000"-
#584	NEW    cov: 122 ft: 415 corp: 40/8464b lim: 333 exec/s: 0 rss: 29Mb L: 8/333 MS: 5 ShuffleBytes-ChangeByte-ChangeByte-ShuffleBytes-InsertByte-
#605	REDUCE cov: 122 ft: 415 corp: 40/8460b lim: 333 exec/s: 0 rss: 29Mb L: 33/333 MS: 1 EraseBytes-
#631	NEW    cov: 122 ft: 417 corp: 41/8473b lim: 333 exec/s: 0 rss: 29Mb L: 13/333 MS: 1 CopyPart-
#674	REDUCE cov: 122 ft: 425 corp: 42/8495b lim: 333 exec/s: 0 rss: 29Mb L: 22/333 MS: 3 EraseBytes-ChangeBinInt-EraseBytes-
#722	NEW    cov: 122 ft: 426 corp: 43/8767b lim: 333 exec/s: 0 rss: 29Mb L: 272/333 MS: 3 ShuffleBytes-InsertRepeatedBytes-InsertRepeatedBytes-
#723	NEW    cov: 122 ft: 427 corp: 44/9043b lim: 333 exec/s: 0 rss: 29Mb L: 276/333 MS: 1 CMP- DE: "\000\000\000\016"-
#770	REDUCE cov: 122 ft: 447 corp: 45/9068b lim: 333 exec/s: 0 rss: 29Mb L: 25/333 MS: 2 CopyPart-EraseBytes-
#800	REDUCE cov: 122 ft: 447 corp: 45/9060b lim: 333 exec/s: 0 rss: 29Mb L: 308/333 MS: 5 InsertByte-CrossOver-EraseBytes-ShuffleBytes-InsertRepeatedBytes-
#812	NEW    cov: 122 ft: 448 corp: 46/9097b lim: 333 exec/s: 0 rss: 29Mb L: 37/333 MS: 2 InsertByte-InsertRepeatedBytes-
#814	NEW    cov: 122 ft: 449 corp: 47/9138b lim: 333 exec/s: 0 rss: 29Mb L: 41/333 MS: 2 ShuffleBytes-PersAutoDict- DE: "\000\000\000\016"-
#822	NEW    cov: 122 ft: 450 corp: 48/9168b lim: 333 exec/s: 0 rss: 29Mb L: 30/333 MS: 3 ShuffleBytes-ChangeBinInt-EraseBytes-
#918	NEW    cov: 122 ft: 451 corp: 49/9501b lim: 333 exec/s: 0 rss: 29Mb L: 333/333 MS: 1 ChangeBinInt-
#920	REDUCE cov: 122 ft: 451 corp: 49/9449b lim: 333 exec/s: 0 rss: 29Mb L: 200/333 MS: 2 EraseBytes-ChangeByte-
#936	REDUCE cov: 122 ft: 459 corp: 50/9494b lim: 333 exec/s: 0 rss: 29Mb L: 45/333 MS: 1 ChangeBinInt-
#947	NEW    cov: 122 ft: 463 corp: 51/9822b lim: 333 exec/s: 0 rss: 29Mb L: 328/333 MS: 1 InsertRepeatedBytes-
#960	REDUCE cov: 122 ft: 463 corp: 51/9819b lim: 333 exec/s: 0 rss: 29Mb L: 19/333 MS: 3 EraseBytes-EraseBytes-CopyPart-
#995	NEW    cov: 122 ft: 464 corp: 52/9874b lim: 333 exec/s: 0 rss: 29Mb L: 55/333 MS: 5 ChangeBit-InsertRepeatedBytes-ChangeBit-ShuffleBytes-CMP- DE: "St9exception"-
#1018	REDUCE cov: 122 ft: 466 corp: 53/10202b lim: 333 exec/s: 0 rss: 40Mb L: 328/333 MS: 3 CopyPart-CopyPart-CrossOver-
#1107	REDUCE cov: 122 ft: 466 corp: 53/10198b lim: 333 exec/s: 0 rss: 40Mb L: 9/333 MS: 4 InsertByte-CrossOver-ChangeBinInt-EraseBytes-
#1218	NEW    cov: 122 ft: 475 corp: 54/10222b lim: 333 exec/s: 0 rss: 40Mb L: 24/333 MS: 1 CrossOver-
#1222	NEW    cov: 122 ft: 481 corp: 55/10533b lim: 333 exec/s: 0 rss: 40Mb L: 311/333 MS: 4 ChangeByte-ChangeBinInt-ChangeBit-CopyPart-
#1315	REDUCE cov: 122 ft: 481 corp: 55/10532b lim: 333 exec/s: 0 rss: 40Mb L: 6/333 MS: 3 ChangeBit-ChangeBit-EraseBytes-
#1499	REDUCE cov: 122 ft: 481 corp: 55/10524b lim: 333 exec/s: 0 rss: 40Mb L: 37/333 MS: 4 CopyPart-PersAutoDict-InsertByte-EraseBytes- DE: "St9exception"-
#1515	REDUCE cov: 122 ft: 481 corp: 55/10519b lim: 333 exec/s: 0 rss: 40Mb L: 322/333 MS: 1 EraseBytes-
#1532	NEW    cov: 122 ft: 494 corp: 56/10803b lim: 333 exec/s: 0 rss: 40Mb L: 284/333 MS: 2 PersAutoDict-ChangeBinInt- DE: "mvhd"-
#1539	REDUCE cov: 122 ft: 494 corp: 56/10790b lim: 333 exec/s: 0 rss: 40Mb L: 318/333 MS: 2 CrossOver-CrossOver-
#1548	REDUCE cov: 122 ft: 494 corp: 56/10662b lim: 333 exec/s: 0 rss: 40Mb L: 205/333 MS: 4 ChangeASCIIInt-EraseBytes-CMP-ChangeBinInt- DE: "\267\000\000\000\000\000\000\000"-
#1576	REDUCE cov: 122 ft: 494 corp: 56/10640b lim: 333 exec/s: 0 rss: 40Mb L: 99/333 MS: 3 EraseBytes-CrossOver-EraseBytes-
#1607	NEW    cov: 122 ft: 495 corp: 57/10861b lim: 333 exec/s: 0 rss: 40Mb L: 221/333 MS: 1 InsertByte-
#1618	NEW    cov: 123 ft: 496 corp: 58/11180b lim: 333 exec/s: 0 rss: 40Mb L: 319/333 MS: 1 PersAutoDict- DE: "thmb"-
#1622	REDUCE cov: 123 ft: 496 corp: 58/11151b lim: 333 exec/s: 0 rss: 40Mb L: 70/333 MS: 4 EraseBytes-ShuffleBytes-EraseBytes-CMP- DE: "hvc1"-
#1635	REDUCE cov: 123 ft: 496 corp: 58/11107b lim: 333 exec/s: 0 rss: 40Mb L: 128/333 MS: 3 CopyPart-EraseBytes-ChangeByte-
#1685	REDUCE cov: 123 ft: 496 corp: 58/11074b lim: 333 exec/s: 0 rss: 40Mb L: 295/333 MS: 5 ChangeBit-CMP-CMP-ChangeByte-EraseBytes- DE: "stts"-"\377\377\377\377\377\377\377\016"-
#1746	REDUCE cov: 123 ft: 496 corp: 58/11066b lim: 333 exec/s: 0 rss: 40Mb L: 214/333 MS: 1 EraseBytes-
#1863	REDUCE cov: 123 ft: 496 corp: 58/11064b lim: 333 exec/s: 0 rss: 40Mb L: 4/333 MS: 2 ChangeBit-EraseBytes-
#1890	NEW    cov: 123 ft: 497 corp: 59/11305b lim: 333 exec/s: 0 rss: 40Mb L: 241/333 MS: 2 InsertByte-CrossOver-
#1909	NEW    cov: 123 ft: 504 corp: 60/11523b lim: 333 exec/s: 0 rss: 40Mb L: 218/333 MS: 4 ChangeBinInt-ShuffleBytes-EraseBytes-CopyPart-
#1912	REDUCE cov: 123 ft: 504 corp: 60/11507b lim: 333 exec/s: 0 rss: 40Mb L: 245/333 MS: 3 PersAutoDict-ShuffleBytes-CrossOver- DE: "mvhd"-
#1951	REDUCE cov: 123 ft: 504 corp: 60/11504b lim: 333 exec/s: 0 rss: 40Mb L: 305/333 MS: 4 ChangeByte-ChangeBit-InsertByte-EraseBytes-
#1974	REDUCE cov: 123 ft: 504 corp: 60/11435b lim: 333 exec/s: 0 rss: 40Mb L: 231/333 MS: 3 ChangeByte-InsertByte-EraseBytes-
#1982	REDUCE cov: 123 ft: 504 corp: 60/11368b lim: 333 exec/s: 0 rss: 40Mb L: 158/333 MS: 3 InsertByte-ChangeByte-EraseBytes-
#2048	REDUCE cov: 123 ft: 504 corp: 60/11366b lim: 333 exec/s: 0 rss: 40Mb L: 53/333 MS: 1 EraseBytes-
#2066	REDUCE cov: 123 ft: 504 corp: 60/11364b lim: 333 exec/s: 0 rss: 40Mb L: 35/333 MS: 3 InsertByte-InsertRepeatedBytes-EraseBytes-
#2077	NEW    cov: 123 ft: 505 corp: 61/11628b lim: 333 exec/s: 0 rss: 40Mb L: 264/333 MS: 1 EraseBytes-
#2085	REDUCE cov: 123 ft: 506 corp: 62/11638b lim: 333 exec/s: 0 rss: 40Mb L: 10/333 MS: 3 InsertByte-EraseBytes-EraseBytes-
#2136	REDUCE cov: 123 ft: 506 corp: 62/11632b lim: 333 exec/s: 0 rss: 40Mb L: 216/333 MS: 1 EraseBytes-
#2178	REDUCE cov: 123 ft: 506 corp: 62/11577b lim: 333 exec/s: 0 rss: 40Mb L: 231/333 MS: 2 ChangeBinInt-EraseBytes-
#2198	REDUCE cov: 123 ft: 506 corp: 62/11483b lim: 333 exec/s: 0 rss: 40Mb L: 239/333 MS: 5 ChangeBit-CopyPart-PersAutoDict-ChangeBinInt-EraseBytes- DE: "\001\000\000\000"-
#2269	NEW    cov: 123 ft: 507 corp: 63/11802b lim: 333 exec/s: 0 rss: 40Mb L: 319/333 MS: 1 PersAutoDict- DE: "N7ISOBMFF4FTYP"-
#2309	NEW    cov: 123 ft: 508 corp: 64/12067b lim: 333 exec/s: 0 rss: 40Mb L: 265/333 MS: 5 ShuffleBytes-ChangeBit-PersAutoDict-ChangeByte-InsertByte- DE: "\001\000\000M"-
#2400	REDUCE cov: 123 ft: 508 corp: 64/12031b lim: 333 exec/s: 0 rss: 40Mb L: 169/333 MS: 1 EraseBytes-
#2406	REDUCE cov: 123 ft: 509 corp: 65/12064b lim: 333 exec/s: 0 rss: 40Mb L: 33/333 MS: 1 CMP- DE: "mdia"-
#2557	REDUCE cov: 123 ft: 509 corp: 65/11998b lim: 333 exec/s: 0 rss: 40Mb L: 148/333 MS: 1 EraseBytes-
#2677	REDUCE cov: 123 ft: 509 corp: 65/11995b lim: 333 exec/s: 0 rss: 40Mb L: 34/333 MS: 5 ChangeByte-ChangeBit-ChangeBinInt-ChangeBit-EraseBytes-
#2699	REDUCE cov: 123 ft: 509 corp: 65/11991b lim: 333 exec/s: 0 rss: 40Mb L: 49/333 MS: 2 InsertRepeatedBytes-EraseBytes-
#2707	REDUCE cov: 123 ft: 509 corp: 65/11988b lim: 333 exec/s: 0 rss: 40Mb L: 30/333 MS: 3 InsertByte-ChangeBinInt-EraseBytes-
#2751	NEW    cov: 124 ft: 516 corp: 66/12312b lim: 333 exec/s: 0 rss: 40Mb L: 324/333 MS: 4 ChangeBit-InsertByte-PersAutoDict-ChangeByte- DE: "hvc1"-
#2807	REDUCE cov: 124 ft: 516 corp: 66/12293b lim: 333 exec/s: 0 rss: 40Mb L: 26/333 MS: 1 EraseBytes-
#2916	NEW    cov: 124 ft: 534 corp: 67/12337b lim: 333 exec/s: 0 rss: 40Mb L: 44/333 MS: 4 ShuffleBytes-EraseBytes-ChangeBit-ChangeByte-
#2949	REDUCE cov: 124 ft: 534 corp: 67/12335b lim: 333 exec/s: 0 rss: 40Mb L: 33/333 MS: 3 ShuffleBytes-ChangeByte-EraseBytes-
#3030	REDUCE cov: 124 ft: 534 corp: 67/12331b lim: 333 exec/s: 0 rss: 40Mb L: 40/333 MS: 1 CrossOver-
#3189	REDUCE cov: 124 ft: 534 corp: 67/12327b lim: 333 exec/s: 0 rss: 40Mb L: 91/333 MS: 4 EraseBytes-EraseBytes-CopyPart-InsertRepeatedBytes-
#3213	REDUCE cov: 124 ft: 534 corp: 67/12322b lim: 333 exec/s: 0 rss: 40Mb L: 25/333 MS: 4 ChangeBit-ChangeByte-CMP-EraseBytes- DE: "\000\000\000\000"-
#3483	REDUCE cov: 124 ft: 534 corp: 67/12306b lim: 333 exec/s: 0 rss: 40Mb L: 112/333 MS: 5 InsertRepeatedBytes-EraseBytes-ChangeBit-ShuffleBytes-CopyPart-
#3499	REDUCE cov: 124 ft: 534 corp: 67/12293b lim: 333 exec/s: 0 rss: 40Mb L: 57/333 MS: 1 EraseBytes-
#3541	REDUCE cov: 124 ft: 534 corp: 67/12278b lim: 333 exec/s: 0 rss: 40Mb L: 124/333 MS: 2 PersAutoDict-EraseBytes- DE: "St9exception"-
#3632	REDUCE cov: 124 ft: 534 corp: 67/12248b lim: 333 exec/s: 0 rss: 40Mb L: 201/333 MS: 1 EraseBytes-
#3765	REDUCE cov: 124 ft: 534 corp: 67/12199b lim: 333 exec/s: 0 rss: 40Mb L: 192/333 MS: 3 ShuffleBytes-InsertByte-EraseBytes-
#3777	REDUCE cov: 124 ft: 534 corp: 67/12198b lim: 333 exec/s: 0 rss: 40Mb L: 3/333 MS: 2 CopyPart-EraseBytes-
#3960	REDUCE cov: 124 ft: 534 corp: 67/12129b lim: 333 exec/s: 0 rss: 40Mb L: 149/333 MS: 3 ChangeByte-ShuffleBytes-EraseBytes-
==182361== ERROR: libFuzzer: out-of-memory (used: 1952Mb; limit: 1024Mb)
   To change the out-of-memory limit use -rss_limit_mb=<N>

MS: 1 EraseBytes-; base unit: cd7397fe1ab1095e0d8f0e6931c255201bf8f9b9
0x0,0x0,0x0,0x1,0x66,0x74,0x79,0x70,0x0,0x0,0x0,0x1,0x0,0x0,0x4d,0x0,0x0,0x0,0x0,0x1c,0x66,0x74,0x79,
\000\000\000\001ftyp\000\000\000\001\000\000M\000\000\000\000\034fty
artifact_prefix='/results/crashes/20260313_152104_69438ca9_'; Test unit written to /results/crashes/20260313_152104_69438ca9_oom-e7eff94898cd714183b9a9e9ee706bb642c25bdc
Base64: AAAAAWZ0eXAAAAABAABNAAAAABxmdHk=
SUMMARY: libFuzzer: out-of-memory
stat::number_of_executed_units: 4051
stat::average_exec_per_sec:     2025
stat::new_units_added:          114
stat::slowest_unit_time_sec:    0
stat::peak_rss_mb:              1953
