INFO: Running with entropic power schedule (0xFF, 100).
INFO: Seed: 562523463
INFO: Loaded 1 modules   (252 inline 8-bit counters): 252 [0x605be64f1678, 0x605be64f1774), 
INFO: Loaded 1 PC tables (252 PCs): 252 [0x605be64f1778,0x605be64f2738), 
INFO:        4 files found in /tmp/corpus_20260313_191328_d4ffee1a
INFO: seed corpus: files: 4 min: 48b max: 333b total: 853b rss: 28Mb
#5	INITED cov: 119 ft: 255 corp: 4/853b exec/s: 0 rss: 29Mb
#9	NEW    cov: 119 ft: 259 corp: 5/901b lim: 333 exec/s: 0 rss: 29Mb L: 48/333 MS: 4 CrossOver-ShuffleBytes-ChangeByte-CrossOver-
#10	NEW    cov: 119 ft: 265 corp: 6/1068b lim: 333 exec/s: 0 rss: 29Mb L: 167/333 MS: 1 EraseBytes-
#11	NEW    cov: 119 ft: 275 corp: 7/1289b lim: 333 exec/s: 0 rss: 29Mb L: 221/333 MS: 1 InsertByte-
#13	NEW    cov: 120 ft: 282 corp: 8/1609b lim: 333 exec/s: 0 rss: 29Mb L: 320/333 MS: 2 ChangeBit-EraseBytes-
#15	NEW    cov: 120 ft: 283 corp: 9/1933b lim: 333 exec/s: 0 rss: 29Mb L: 324/333 MS: 2 ChangeByte-CMP- DE: "\016\000\000\000"-
#16	NEW    cov: 120 ft: 284 corp: 10/2116b lim: 333 exec/s: 0 rss: 29Mb L: 183/333 MS: 1 CrossOver-
#17	NEW    cov: 121 ft: 285 corp: 11/2340b lim: 333 exec/s: 0 rss: 29Mb L: 224/333 MS: 1 CMP- DE: "hvcC"-
#18	NEW    cov: 121 ft: 286 corp: 12/2564b lim: 333 exec/s: 0 rss: 29Mb L: 224/333 MS: 1 CrossOver-
#20	NEW    cov: 121 ft: 299 corp: 13/2842b lim: 333 exec/s: 0 rss: 29Mb L: 278/333 MS: 2 ChangeBit-CopyPart-
#27	NEW    cov: 121 ft: 305 corp: 14/3012b lim: 333 exec/s: 0 rss: 29Mb L: 170/333 MS: 2 ChangeByte-EraseBytes-
#34	NEW    cov: 122 ft: 307 corp: 15/3333b lim: 333 exec/s: 0 rss: 29Mb L: 321/333 MS: 2 ChangeByte-InsertByte-
#41	NEW    cov: 122 ft: 308 corp: 16/3493b lim: 333 exec/s: 0 rss: 29Mb L: 160/333 MS: 2 CopyPart-EraseBytes-
#48	NEW    cov: 122 ft: 309 corp: 17/3738b lim: 333 exec/s: 0 rss: 29Mb L: 245/333 MS: 2 PersAutoDict-CopyPart- DE: "hvcC"-
#50	NEW    cov: 122 ft: 332 corp: 18/3865b lim: 333 exec/s: 0 rss: 29Mb L: 127/333 MS: 2 InsertRepeatedBytes-CrossOver-
#66	NEW    cov: 122 ft: 341 corp: 19/3913b lim: 333 exec/s: 0 rss: 29Mb L: 48/333 MS: 1 CMP- DE: "\350\347\347\347"-
#72	NEW    cov: 123 ft: 342 corp: 20/4137b lim: 333 exec/s: 0 rss: 29Mb L: 224/333 MS: 1 CopyPart-
#75	NEW    cov: 123 ft: 343 corp: 21/4401b lim: 333 exec/s: 0 rss: 29Mb L: 264/333 MS: 3 CMP-CrossOver-InsertRepeatedBytes- DE: "\020\000\000\000\000\000\000\000"-
#78	NEW    cov: 123 ft: 345 corp: 22/4519b lim: 333 exec/s: 0 rss: 29Mb L: 118/333 MS: 3 InsertByte-EraseBytes-EraseBytes-
#87	NEW    cov: 123 ft: 346 corp: 23/4597b lim: 333 exec/s: 0 rss: 29Mb L: 78/333 MS: 4 ChangeBinInt-EraseBytes-ChangeASCIIInt-CopyPart-
#101	NEW    cov: 123 ft: 347 corp: 24/4708b lim: 333 exec/s: 0 rss: 29Mb L: 111/333 MS: 4 PersAutoDict-ChangeBinInt-ChangeASCIIInt-CopyPart- DE: "\020\000\000\000\000\000\000\000"-
#107	NEW    cov: 123 ft: 373 corp: 25/4894b lim: 333 exec/s: 0 rss: 29Mb L: 186/333 MS: 1 EraseBytes-
#138	NEW    cov: 123 ft: 374 corp: 26/5056b lim: 333 exec/s: 0 rss: 29Mb L: 162/333 MS: 1 EraseBytes-
#141	NEW    cov: 123 ft: 375 corp: 27/5161b lim: 333 exec/s: 0 rss: 29Mb L: 105/333 MS: 3 CMP-ChangeBinInt-EraseBytes- DE: "\377\037"-
#163	NEW    cov: 123 ft: 376 corp: 28/5443b lim: 333 exec/s: 0 rss: 29Mb L: 282/333 MS: 2 ChangeBinInt-CrossOver-
#178	NEW    cov: 123 ft: 377 corp: 29/5521b lim: 333 exec/s: 0 rss: 29Mb L: 78/333 MS: 5 ChangeASCIIInt-ChangeBit-ChangeByte-ChangeByte-PersAutoDict- DE: "\016\000\000\000"-
#181	NEW    cov: 123 ft: 378 corp: 30/5604b lim: 333 exec/s: 0 rss: 29Mb L: 83/333 MS: 3 InsertByte-ChangeBinInt-CMP- DE: "stbl"-
#185	NEW    cov: 123 ft: 379 corp: 31/5932b lim: 333 exec/s: 0 rss: 29Mb L: 328/333 MS: 4 CrossOver-CMP-ShuffleBytes-PersAutoDict- DE: "\326\000\000\000\000\000\000\000"-"\350\347\347\347"-
#188	NEW    cov: 123 ft: 380 corp: 32/5975b lim: 333 exec/s: 0 rss: 29Mb L: 43/333 MS: 3 ShuffleBytes-ChangeASCIIInt-EraseBytes-
#189	NEW    cov: 123 ft: 384 corp: 33/6007b lim: 333 exec/s: 0 rss: 29Mb L: 32/333 MS: 1 EraseBytes-
#217	NEW    cov: 123 ft: 385 corp: 34/6085b lim: 333 exec/s: 0 rss: 29Mb L: 78/333 MS: 3 ShuffleBytes-ChangeASCIIInt-ChangeBinInt-
#218	REDUCE cov: 123 ft: 385 corp: 34/6055b lim: 333 exec/s: 0 rss: 29Mb L: 137/333 MS: 1 EraseBytes-
#225	NEW    cov: 123 ft: 388 corp: 35/6104b lim: 333 exec/s: 0 rss: 29Mb L: 49/333 MS: 2 ShuffleBytes-InsertByte-
#241	NEW    cov: 123 ft: 389 corp: 36/6263b lim: 333 exec/s: 0 rss: 29Mb L: 159/333 MS: 1 CrossOver-
#283	REDUCE cov: 123 ft: 389 corp: 36/6256b lim: 333 exec/s: 0 rss: 29Mb L: 130/333 MS: 2 CopyPart-EraseBytes-
#308	REDUCE cov: 123 ft: 389 corp: 36/6253b lim: 333 exec/s: 0 rss: 29Mb L: 159/333 MS: 5 ChangeBinInt-ChangeBinInt-InsertByte-ChangeBinInt-EraseBytes-
#328	NEW    cov: 123 ft: 399 corp: 37/6281b lim: 333 exec/s: 0 rss: 29Mb L: 28/333 MS: 5 CMP-PersAutoDict-CrossOver-CrossOver-EraseBytes- DE: "\377\377{\253\214\000\030W"-"hvcC"-
#342	NEW    cov: 123 ft: 410 corp: 38/6304b lim: 333 exec/s: 0 rss: 29Mb L: 23/333 MS: 4 ShuffleBytes-PersAutoDict-ChangeByte-EraseBytes- DE: "stbl"-
#372	NEW    cov: 123 ft: 411 corp: 39/6409b lim: 333 exec/s: 0 rss: 29Mb L: 105/333 MS: 5 InsertRepeatedBytes-PersAutoDict-ChangeBinInt-InsertByte-EraseBytes- DE: "\326\000\000\000\000\000\000\000"-
#378	REDUCE cov: 123 ft: 411 corp: 39/6405b lim: 333 exec/s: 0 rss: 29Mb L: 19/333 MS: 1 EraseBytes-
#379	REDUCE cov: 123 ft: 428 corp: 40/6419b lim: 333 exec/s: 0 rss: 29Mb L: 14/333 MS: 1 EraseBytes-
#427	REDUCE cov: 123 ft: 428 corp: 40/6376b lim: 333 exec/s: 0 rss: 29Mb L: 143/333 MS: 3 CMP-CrossOver-EraseBytes- DE: "\000\000\000\031"-
#441	REDUCE cov: 123 ft: 428 corp: 40/6335b lim: 333 exec/s: 0 rss: 29Mb L: 183/333 MS: 4 ChangeASCIIInt-EraseBytes-CMP-InsertByte- DE: "\000\000`[\353\376x["-
#572	REDUCE cov: 123 ft: 428 corp: 40/6309b lim: 333 exec/s: 0 rss: 29Mb L: 117/333 MS: 1 EraseBytes-
#613	NEW    cov: 123 ft: 433 corp: 41/6338b lim: 333 exec/s: 0 rss: 29Mb L: 29/333 MS: 1 EraseBytes-
#743	REDUCE cov: 123 ft: 433 corp: 41/6316b lim: 333 exec/s: 0 rss: 29Mb L: 61/333 MS: 5 EraseBytes-ChangeBinInt-CopyPart-ChangeBinInt-InsertRepeatedBytes-
#754	NEW    cov: 123 ft: 442 corp: 42/6332b lim: 333 exec/s: 0 rss: 29Mb L: 16/333 MS: 1 EraseBytes-
#761	REDUCE cov: 123 ft: 442 corp: 42/6294b lim: 333 exec/s: 0 rss: 29Mb L: 121/333 MS: 2 CrossOver-EraseBytes-
#783	REDUCE cov: 123 ft: 450 corp: 43/6416b lim: 333 exec/s: 0 rss: 29Mb L: 122/333 MS: 2 InsertByte-ChangeByte-
#793	NEW    cov: 123 ft: 451 corp: 44/6595b lim: 333 exec/s: 0 rss: 29Mb L: 179/333 MS: 5 ChangeBinInt-InsertByte-CopyPart-PersAutoDict-InsertRepeatedBytes- DE: "hvcC"-
#799	REDUCE cov: 123 ft: 451 corp: 44/6589b lim: 333 exec/s: 0 rss: 29Mb L: 26/333 MS: 1 EraseBytes-
#802	NEW    cov: 123 ft: 453 corp: 45/6915b lim: 333 exec/s: 0 rss: 29Mb L: 326/333 MS: 3 CopyPart-InsertRepeatedBytes-CrossOver-
#875	NEW    cov: 123 ft: 454 corp: 46/7239b lim: 333 exec/s: 0 rss: 29Mb L: 324/333 MS: 3 CopyPart-PersAutoDict-PersAutoDict- DE: "\016\000\000\000"-"\016\000\000\000"-
#885	NEW    cov: 123 ft: 460 corp: 47/7546b lim: 333 exec/s: 0 rss: 29Mb L: 307/333 MS: 5 ChangeBit-EraseBytes-CopyPart-ChangeASCIIInt-CrossOver-
#921	NEW    cov: 123 ft: 461 corp: 48/7879b lim: 333 exec/s: 0 rss: 29Mb L: 333/333 MS: 1 CopyPart-
#986	NEW    cov: 124 ft: 462 corp: 49/7886b lim: 333 exec/s: 0 rss: 29Mb L: 7/333 MS: 5 ChangeASCIIInt-PersAutoDict-ChangeBit-ShuffleBytes-EraseBytes- DE: "\020\000\000\000\000\000\000\000"-
#1002	NEW    cov: 124 ft: 463 corp: 50/7899b lim: 333 exec/s: 0 rss: 29Mb L: 13/333 MS: 1 CrossOver-
#1018	NEW    cov: 124 ft: 465 corp: 51/7972b lim: 333 exec/s: 0 rss: 29Mb L: 73/333 MS: 1 CopyPart-
#1025	REDUCE cov: 124 ft: 465 corp: 51/7958b lim: 333 exec/s: 0 rss: 29Mb L: 314/333 MS: 2 ShuffleBytes-EraseBytes-
#1107	REDUCE cov: 124 ft: 465 corp: 51/7955b lim: 333 exec/s: 0 rss: 29Mb L: 75/333 MS: 2 CrossOver-EraseBytes-
#1133	REDUCE cov: 124 ft: 465 corp: 51/7947b lim: 333 exec/s: 0 rss: 29Mb L: 213/333 MS: 1 EraseBytes-
#1154	NEW    cov: 124 ft: 466 corp: 52/8111b lim: 333 exec/s: 0 rss: 29Mb L: 164/333 MS: 1 CrossOver-
#1175	REDUCE cov: 124 ft: 466 corp: 52/8109b lim: 333 exec/s: 0 rss: 29Mb L: 24/333 MS: 1 EraseBytes-
#1198	REDUCE cov: 124 ft: 466 corp: 52/8091b lim: 333 exec/s: 0 rss: 29Mb L: 289/333 MS: 3 CopyPart-CMP-EraseBytes- DE: "\005\000\000\000\000\000\000\000"-
#1250	NEW    cov: 124 ft: 471 corp: 53/8364b lim: 333 exec/s: 0 rss: 29Mb L: 273/333 MS: 2 ChangeBit-EraseBytes-
#1296	REDUCE cov: 124 ft: 471 corp: 53/8362b lim: 333 exec/s: 0 rss: 29Mb L: 5/333 MS: 1 EraseBytes-
#1313	REDUCE cov: 124 ft: 471 corp: 53/8360b lim: 333 exec/s: 0 rss: 29Mb L: 22/333 MS: 2 ChangeBit-EraseBytes-
#1319	REDUCE cov: 124 ft: 471 corp: 53/8356b lim: 333 exec/s: 0 rss: 29Mb L: 155/333 MS: 1 EraseBytes-
#1338	NEW    cov: 124 ft: 477 corp: 54/8680b lim: 333 exec/s: 0 rss: 29Mb L: 324/333 MS: 4 InsertRepeatedBytes-CMP-CopyPart-InsertRepeatedBytes- DE: "stts"-
#1524	REDUCE cov: 124 ft: 477 corp: 54/8678b lim: 333 exec/s: 0 rss: 29Mb L: 17/333 MS: 1 EraseBytes-
#1552	NEW    cov: 124 ft: 479 corp: 55/8899b lim: 333 exec/s: 0 rss: 29Mb L: 221/333 MS: 3 ShuffleBytes-ChangeByte-InsertByte-
#1578	REDUCE cov: 124 ft: 479 corp: 55/8875b lim: 333 exec/s: 0 rss: 29Mb L: 54/333 MS: 1 CrossOver-
#1584	REDUCE cov: 124 ft: 479 corp: 55/8871b lim: 333 exec/s: 0 rss: 29Mb L: 10/333 MS: 1 EraseBytes-
#1654	REDUCE cov: 124 ft: 479 corp: 55/8814b lim: 333 exec/s: 0 rss: 29Mb L: 65/333 MS: 5 ShuffleBytes-CMP-CrossOver-ChangeASCIIInt-InsertByte- DE: "\000\000`[\353\376[c"-
#1780	REDUCE cov: 124 ft: 479 corp: 55/8809b lim: 333 exec/s: 0 rss: 29Mb L: 277/333 MS: 1 EraseBytes-
#1893	REDUCE cov: 124 ft: 479 corp: 55/8687b lim: 333 exec/s: 0 rss: 29Mb L: 202/333 MS: 3 ChangeByte-CrossOver-EraseBytes-
#1908	NEW    cov: 124 ft: 484 corp: 56/8861b lim: 333 exec/s: 0 rss: 29Mb L: 174/333 MS: 5 ChangeBit-ChangeBit-PersAutoDict-CMP-EraseBytes- DE: "\000\000`[\353\376[c"-"urn "-
#2122	NEW    cov: 124 ft: 485 corp: 57/9049b lim: 333 exec/s: 0 rss: 29Mb L: 188/333 MS: 4 ShuffleBytes-CopyPart-ChangeBit-CMP- DE: "mdia"-
#2127	REDUCE cov: 124 ft: 485 corp: 57/9047b lim: 333 exec/s: 0 rss: 29Mb L: 52/333 MS: 5 EraseBytes-ChangeBinInt-EraseBytes-PersAutoDict-InsertRepeatedBytes- DE: "\005\000\000\000\000\000\000\000"-
#2141	REDUCE cov: 124 ft: 485 corp: 57/9045b lim: 333 exec/s: 0 rss: 29Mb L: 63/333 MS: 4 ShuffleBytes-CopyPart-ChangeBinInt-EraseBytes-
#2227	REDUCE cov: 124 ft: 485 corp: 57/9037b lim: 333 exec/s: 0 rss: 29Mb L: 21/333 MS: 1 EraseBytes-
#2322	REDUCE cov: 124 ft: 485 corp: 57/8917b lim: 333 exec/s: 0 rss: 29Mb L: 194/333 MS: 5 CrossOver-CopyPart-InsertByte-ChangeBit-EraseBytes-
#2413	REDUCE cov: 124 ft: 485 corp: 57/8860b lim: 333 exec/s: 0 rss: 29Mb L: 60/333 MS: 1 EraseBytes-
#2499	REDUCE cov: 124 ft: 485 corp: 57/8852b lim: 333 exec/s: 0 rss: 29Mb L: 162/333 MS: 1 EraseBytes-
#2534	REDUCE cov: 124 ft: 485 corp: 57/8850b lim: 333 exec/s: 0 rss: 29Mb L: 26/333 MS: 5 CrossOver-EraseBytes-CMP-CMP-PersAutoDict- DE: "\377\001"-"hvcC"-"\000\000`[\353\376x["-
#2629	REDUCE cov: 124 ft: 485 corp: 57/8849b lim: 333 exec/s: 0 rss: 29Mb L: 193/333 MS: 5 CrossOver-CrossOver-ChangeByte-ChangeBinInt-InsertRepeatedBytes-
#2634	REDUCE cov: 124 ft: 485 corp: 57/8846b lim: 333 exec/s: 0 rss: 29Mb L: 161/333 MS: 5 ChangeBit-ChangeBinInt-EraseBytes-ShuffleBytes-CrossOver-
#2786	REDUCE cov: 124 ft: 485 corp: 57/8829b lim: 333 exec/s: 0 rss: 29Mb L: 104/333 MS: 2 ChangeASCIIInt-EraseBytes-
#2807	NEW    cov: 124 ft: 486 corp: 58/9093b lim: 333 exec/s: 0 rss: 29Mb L: 264/333 MS: 1 CrossOver-
#2953	REDUCE cov: 124 ft: 486 corp: 58/9092b lim: 333 exec/s: 0 rss: 29Mb L: 21/333 MS: 1 EraseBytes-
#3039	REDUCE cov: 124 ft: 486 corp: 58/9080b lim: 333 exec/s: 0 rss: 29Mb L: 240/333 MS: 1 EraseBytes-
#3080	REDUCE cov: 124 ft: 486 corp: 58/9078b lim: 333 exec/s: 0 rss: 29Mb L: 3/333 MS: 1 EraseBytes-
#3085	REDUCE cov: 124 ft: 486 corp: 58/9075b lim: 333 exec/s: 0 rss: 29Mb L: 45/333 MS: 5 PersAutoDict-EraseBytes-ChangeBit-ChangeBit-CopyPart- DE: "\000\000`[\353\376x["-
#3138	REDUCE cov: 124 ft: 486 corp: 58/9067b lim: 333 exec/s: 0 rss: 29Mb L: 237/333 MS: 3 PersAutoDict-ChangeByte-EraseBytes- DE: "\005\000\000\000\000\000\000\000"-
#3143	NEW    cov: 124 ft: 487 corp: 59/9394b lim: 333 exec/s: 0 rss: 29Mb L: 327/333 MS: 5 CrossOver-ChangeBit-CrossOver-CMP-InsertByte- DE: " \000\000\000"-
#3344	NEW    cov: 124 ft: 488 corp: 60/9659b lim: 333 exec/s: 0 rss: 29Mb L: 265/333 MS: 1 InsertByte-
#3455	REDUCE cov: 124 ft: 488 corp: 60/9649b lim: 333 exec/s: 0 rss: 29Mb L: 11/333 MS: 1 EraseBytes-
#3657	REDUCE cov: 124 ft: 488 corp: 60/9648b lim: 333 exec/s: 0 rss: 29Mb L: 2/333 MS: 2 ShuffleBytes-EraseBytes-
#3730	REDUCE cov: 124 ft: 488 corp: 60/9643b lim: 333 exec/s: 0 rss: 29Mb L: 58/333 MS: 3 ChangeByte-ChangeBinInt-EraseBytes-
#3774	REDUCE cov: 124 ft: 488 corp: 60/9520b lim: 333 exec/s: 0 rss: 29Mb L: 101/333 MS: 4 EraseBytes-EraseBytes-InsertByte-ShuffleBytes-
#3778	REDUCE cov: 124 ft: 488 corp: 60/9517b lim: 333 exec/s: 0 rss: 29Mb L: 321/333 MS: 4 InsertByte-ChangeBinInt-ShuffleBytes-EraseBytes-
#3970	REDUCE cov: 124 ft: 489 corp: 61/9528b lim: 333 exec/s: 0 rss: 29Mb L: 11/333 MS: 2 ChangeBinInt-EraseBytes-
#4036	REDUCE cov: 124 ft: 489 corp: 61/9516b lim: 333 exec/s: 0 rss: 29Mb L: 66/333 MS: 1 EraseBytes-
#4063	REDUCE cov: 124 ft: 489 corp: 61/9513b lim: 333 exec/s: 0 rss: 29Mb L: 190/333 MS: 2 ChangeBinInt-EraseBytes-
#4069	NEW    cov: 124 ft: 490 corp: 62/9797b lim: 333 exec/s: 0 rss: 29Mb L: 284/333 MS: 1 InsertRepeatedBytes-
#4178	NEW    cov: 124 ft: 491 corp: 63/10052b lim: 333 exec/s: 0 rss: 29Mb L: 255/333 MS: 4 CrossOver-PersAutoDict-ChangeBit-InsertByte- DE: "\020\000\000\000\000\000\000\000"-
#4264	REDUCE cov: 124 ft: 491 corp: 63/9980b lim: 333 exec/s: 0 rss: 29Mb L: 205/333 MS: 1 EraseBytes-
#4310	REDUCE cov: 124 ft: 491 corp: 63/9977b lim: 333 exec/s: 0 rss: 29Mb L: 55/333 MS: 1 EraseBytes-
#4340	REDUCE cov: 124 ft: 491 corp: 63/9945b lim: 333 exec/s: 0 rss: 29Mb L: 192/333 MS: 5 CMP-PersAutoDict-CopyPart-EraseBytes-CMP- DE: "&\000\000\000"-"\377\001"-"\037\000\000\000"-
#4361	REDUCE cov: 124 ft: 492 corp: 64/9953b lim: 333 exec/s: 0 rss: 29Mb L: 8/333 MS: 1 CrossOver-
#4397	NEW    cov: 124 ft: 498 corp: 65/10257b lim: 333 exec/s: 0 rss: 29Mb L: 304/333 MS: 1 InsertRepeatedBytes-
#4503	REDUCE cov: 124 ft: 498 corp: 65/10229b lim: 333 exec/s: 0 rss: 29Mb L: 155/333 MS: 1 EraseBytes-
#4510	REDUCE cov: 124 ft: 498 corp: 65/10228b lim: 333 exec/s: 0 rss: 29Mb L: 239/333 MS: 2 ChangeByte-EraseBytes-
#4536	REDUCE cov: 124 ft: 498 corp: 65/10144b lim: 333 exec/s: 0 rss: 29Mb L: 194/333 MS: 1 EraseBytes-
#4614	REDUCE cov: 124 ft: 498 corp: 65/10143b lim: 333 exec/s: 0 rss: 29Mb L: 51/333 MS: 3 CopyPart-CopyPart-EraseBytes-
#4655	NEW    cov: 124 ft: 503 corp: 66/10447b lim: 333 exec/s: 0 rss: 29Mb L: 304/333 MS: 1 ShuffleBytes-
#4818	REDUCE cov: 124 ft: 503 corp: 66/10444b lim: 333 exec/s: 0 rss: 29Mb L: 191/333 MS: 3 CMP-ChangeByte-EraseBytes- DE: "\377\377\377\001"-
#5098	REDUCE cov: 124 ft: 503 corp: 66/10443b lim: 333 exec/s: 0 rss: 29Mb L: 9/333 MS: 5 ChangeByte-EraseBytes-ChangeBinInt-ChangeBit-InsertByte-
#5155	REDUCE cov: 124 ft: 503 corp: 66/10429b lim: 333 exec/s: 0 rss: 29Mb L: 290/333 MS: 2 ChangeByte-EraseBytes-
#5410	REDUCE cov: 124 ft: 504 corp: 67/10739b lim: 333 exec/s: 0 rss: 29Mb L: 310/333 MS: 5 CMP-ChangeASCIIInt-InsertRepeatedBytes-ChangeBit-InsertRepeatedBytes- DE: "\377\377_[\346,\011\344"-
#5563	REDUCE cov: 124 ft: 504 corp: 67/10733b lim: 333 exec/s: 0 rss: 29Mb L: 231/333 MS: 3 ChangeASCIIInt-CrossOver-EraseBytes-
#5669	REDUCE cov: 124 ft: 504 corp: 67/10731b lim: 333 exec/s: 0 rss: 29Mb L: 9/333 MS: 1 EraseBytes-
#5671	REDUCE cov: 124 ft: 504 corp: 67/10720b lim: 333 exec/s: 0 rss: 29Mb L: 93/333 MS: 2 ShuffleBytes-EraseBytes-
#5742	REDUCE cov: 124 ft: 505 corp: 68/11010b lim: 333 exec/s: 0 rss: 29Mb L: 290/333 MS: 1 ChangeByte-
#5853	REDUCE cov: 124 ft: 505 corp: 68/10941b lim: 333 exec/s: 0 rss: 29Mb L: 241/333 MS: 1 EraseBytes-
#5930	REDUCE cov: 124 ft: 505 corp: 68/10920b lim: 333 exec/s: 0 rss: 29Mb L: 300/333 MS: 2 EraseBytes-InsertRepeatedBytes-
#5943	REDUCE cov: 124 ft: 505 corp: 68/10904b lim: 333 exec/s: 0 rss: 29Mb L: 172/333 MS: 3 CopyPart-ChangeBinInt-EraseBytes-
#6009	REDUCE cov: 124 ft: 506 corp: 69/11083b lim: 333 exec/s: 0 rss: 35Mb L: 179/333 MS: 1 CopyPart-
#6120	REDUCE cov: 124 ft: 506 corp: 69/11075b lim: 333 exec/s: 0 rss: 35Mb L: 319/333 MS: 1 EraseBytes-
#6322	REDUCE cov: 124 ft: 506 corp: 69/11000b lim: 333 exec/s: 6322 rss: 35Mb L: 258/333 MS: 5 ShuffleBytes-CopyPart-ShuffleBytes-ChangeBit-EraseBytes-
#6383	REDUCE cov: 124 ft: 506 corp: 69/10981b lim: 333 exec/s: 6383 rss: 35Mb L: 136/333 MS: 1 EraseBytes-
#6411	REDUCE cov: 124 ft: 506 corp: 69/10954b lim: 333 exec/s: 6411 rss: 35Mb L: 164/333 MS: 3 ChangeBinInt-ShuffleBytes-EraseBytes-
#6480	REDUCE cov: 124 ft: 506 corp: 69/10952b lim: 333 exec/s: 6480 rss: 35Mb L: 59/333 MS: 4 ChangeBinInt-InsertByte-PersAutoDict-EraseBytes- DE: "urn "-
#6730	REDUCE cov: 124 ft: 506 corp: 69/10913b lim: 333 exec/s: 6730 rss: 35Mb L: 62/333 MS: 5 CopyPart-CrossOver-ChangeByte-PersAutoDict-EraseBytes- DE: "\020\000\000\000\000\000\000\000"-
#6816	REDUCE cov: 125 ft: 507 corp: 70/11207b lim: 333 exec/s: 6816 rss: 35Mb L: 294/333 MS: 1 CMP- DE: "mdhd"-
#6863	REDUCE cov: 125 ft: 507 corp: 70/11205b lim: 333 exec/s: 6863 rss: 35Mb L: 24/333 MS: 2 ShuffleBytes-EraseBytes-
#6986	REDUCE cov: 125 ft: 507 corp: 70/11182b lim: 333 exec/s: 6986 rss: 35Mb L: 28/333 MS: 3 ChangeASCIIInt-InsertByte-EraseBytes-
#7329	REDUCE cov: 125 ft: 507 corp: 70/11177b lim: 333 exec/s: 7329 rss: 35Mb L: 259/333 MS: 3 ChangeByte-ChangeASCIIInt-EraseBytes-
#7344	REDUCE cov: 125 ft: 507 corp: 70/11169b lim: 333 exec/s: 7344 rss: 35Mb L: 164/333 MS: 5 ShuffleBytes-CMP-ChangeByte-ShuffleBytes-EraseBytes- DE: "tm\005\214\253|\000\000"-
#7369	REDUCE cov: 125 ft: 507 corp: 70/11112b lim: 333 exec/s: 7369 rss: 35Mb L: 104/333 MS: 5 InsertByte-ChangeByte-EraseBytes-ShuffleBytes-ShuffleBytes-
#7531	NEW    cov: 125 ft: 508 corp: 71/11291b lim: 333 exec/s: 7531 rss: 35Mb L: 179/333 MS: 2 ChangeASCIIInt-CMP- DE: "trak"-
#7560	REDUCE cov: 125 ft: 508 corp: 71/11267b lim: 333 exec/s: 7560 rss: 35Mb L: 207/333 MS: 4 ShuffleBytes-EraseBytes-CopyPart-PersAutoDict- DE: "\020\000\000\000\000\000\000\000"-
==912230== ERROR: libFuzzer: out-of-memory (used: 1223Mb; limit: 1024Mb)
   To change the out-of-memory limit use -rss_limit_mb=<N>

MS: 3 ChangeByte-CopyPart-ChangeBinInt-; base unit: 31ab251dd9f39ea5e68313c846cf98ca78a63102
0x0,0x0,0x0,0x18,0x66,0x74,0x79,0x70,0x28,0x70,0x32,0x31,0x0,0x0,0x0,0x0,0x6d,0x70,0x34,0x32,0x69,0x73,0x6f,0x6d,0x0,0x0,0x0,0x18,0x74,0x72,0x61,0x6b,0x0,0x0,0x0,0x2,0x0,0x0,0x0,0x60,0x75,0x64,0x74,0x60,0x75,0x64,0x74,0x61,0x0,0x0,0x0,0x58,0x6d,0x65,0x74,0x61,0x0,0x0,0x0,0x0,0xfc,0x60,0x0,0x0,0x0,0x58,0x6d,0x65,0x74,0x61,0x0,0x0,0x0,0x0,0x0,0x0,0x0,0x21,0x98,0xf1,0xff,0x6d,0x65,0x74,0x61,0x0,0x0,0x0,0x0,0x0,0x61,0x0,0x0,0x0,0x58,0x6d,0x65,0x74,0x61,0x0,0x0,0x0,0x0,0x0,0x0,0x0,0x21,0x98,0xf1,0xff,0xff,0xff,0xff,0xff,0xf9,0x0,0x0,0x0,0x0,0x6d,0x6c,0x69,0x72,0x61,0x70,0x70,0x6c,0x0,0x0,0x0,0x0,0x0,0x0,0x0,0x0,0x1,0x0,0x0,0x0,0x0,0x0,0x0,0xe,0x10,0xff,0xff,0xff,0xff,0xf9,0x0,0x0,0x0,0x0,0x6d,0x6c,0x69,0x72,0x61,0x70,0x70,0x6c,0x0,0x0,0x0,0x0,0x0,0x0,0x0,0x0,0x1,0x0,0x0,0x0,0x0,0x0,0x0,0xe,0x10,0x0,0x0,0x0,0x0,0x0,0x0,0x0,0x0,0x0,0x0,0x0,0x0,0x0,0x1,0x0,0x0,0x0,0x0,0x0,0x4,0x0,0x0,0x0,0x0,0x0,0x0,0x0,0x0,0x0,0x0,0x0,0x0,0x0,0x0,0x0,0x0,0xe,0x0,0x0,0x0,0x0,0x0,0x0,0x0,0x0,0x0,0x0,0x0,0x0,0x0,0x0,0x0,0x1,0x40,0x0,0x0,0x0,0xf0,0x0,0x0,0x0,0x0,0x0,0x0,
\000\000\000\030ftyp(p21\000\000\000\000mp42isom\000\000\000\030trak\000\000\000\002\000\000\000`udt`udta\000\000\000Xmeta\000\000\000\000\374`\000\000\000Xmeta\000\000\000\000\000\000\000!\230\361\377meta\000\000\000\000\000a\000\000\000Xmeta\000\000\000\000\000\000\000!\230\361\377\377\377\377\377\371\000\000\000\000mlirappl\000\000\000\000\000\000\000\000\001\000\000\000\000\000\000\016\020\377\377\377\377\371\000\000\000\000mlirappl\000\000\000\000\000\000\000\000\001\000\000\000\000\000\000\016\020\000\000\000\000\000\000\000\000\000\000\000\000\000\001\000\000\000\000\000\004\000\000\000\000\000\000\000\000\000\000\000\000\000\000\000\000\016\000\000\000\000\000\000\000\000\000\000\000\000\000\000\000\001@\000\000\000\360\000\000\000\000\000\000
artifact_prefix='/results/crashes/20260313_191328_d4ffee1a_'; Test unit written to /results/crashes/20260313_191328_d4ffee1a_oom-424697bb8b546a26822177bec48cab07123a1bbd
Base64: AAAAGGZ0eXAocDIxAAAAAG1wNDJpc29tAAAAGHRyYWsAAAACAAAAYHVkdGB1ZHRhAAAAWG1ldGEAAAAA/GAAAABYbWV0YQAAAAAAAAAhmPH/bWV0YQAAAAAAYQAAAFhtZXRhAAAAAAAAACGY8f//////+QAAAABtbGlyYXBwbAAAAAAAAAAAAQAAAAAAAA4Q//////kAAAAAbWxpcmFwcGwAAAAAAAAAAAEAAAAAAAAOEAAAAAAAAAAAAAAAAAABAAAAAAAEAAAAAAAAAAAAAAAAAAAAAA4AAAAAAAAAAAAAAAAAAAABQAAAAPAAAAAAAAA=
SUMMARY: libFuzzer: out-of-memory
stat::number_of_executed_units: 7583
stat::average_exec_per_sec:     3791
stat::new_units_added:          141
stat::slowest_unit_time_sec:    0
stat::peak_rss_mb:              1224
