INFO: Running with entropic power schedule (0xFF, 100).
INFO: Seed: 974695487
INFO: Loaded 1 modules   (252 inline 8-bit counters): 252 [0x55683dcf9678, 0x55683dcf9774), 
INFO: Loaded 1 PC tables (252 PCs): 252 [0x55683dcf9778,0x55683dcfa738), 
INFO:        4 files found in /tmp/corpus_20260313_154331_e253f309
INFO: seed corpus: files: 4 min: 48b max: 333b total: 853b rss: 28Mb
#5	INITED cov: 117 ft: 251 corp: 4/853b exec/s: 0 rss: 29Mb
#6	NEW    cov: 118 ft: 254 corp: 5/1186b lim: 333 exec/s: 0 rss: 29Mb L: 333/333 MS: 1 ChangeBinInt-
#9	NEW    cov: 118 ft: 255 corp: 6/1519b lim: 333 exec/s: 0 rss: 29Mb L: 333/333 MS: 3 CMP-CrossOver-CopyPart- DE: "\007\000"-
#12	NEW    cov: 118 ft: 259 corp: 7/1852b lim: 333 exec/s: 0 rss: 29Mb L: 333/333 MS: 3 ShuffleBytes-ChangeBinInt-ChangeBit-
#13	NEW    cov: 118 ft: 269 corp: 8/2113b lim: 333 exec/s: 0 rss: 29Mb L: 261/333 MS: 1 InsertRepeatedBytes-
#18	REDUCE cov: 118 ft: 269 corp: 8/2043b lim: 333 exec/s: 0 rss: 29Mb L: 263/333 MS: 5 ShuffleBytes-CopyPart-CopyPart-ChangeASCIIInt-CrossOver-
#19	NEW    cov: 118 ft: 274 corp: 9/2246b lim: 333 exec/s: 0 rss: 29Mb L: 203/333 MS: 1 EraseBytes-
#23	NEW    cov: 118 ft: 281 corp: 10/2393b lim: 333 exec/s: 0 rss: 29Mb L: 147/333 MS: 4 ShuffleBytes-ChangeBit-CMP-EraseBytes- DE: "W ts"-
#24	NEW    cov: 119 ft: 292 corp: 11/2669b lim: 333 exec/s: 0 rss: 29Mb L: 276/333 MS: 1 EraseBytes-
#30	NEW    cov: 119 ft: 293 corp: 12/3002b lim: 333 exec/s: 0 rss: 29Mb L: 333/333 MS: 1 PersAutoDict- DE: "\007\000"-
#35	NEW    cov: 120 ft: 295 corp: 13/3328b lim: 333 exec/s: 0 rss: 29Mb L: 326/333 MS: 5 ChangeBinInt-ChangeBit-ChangeByte-ChangeBit-CopyPart-
#37	NEW    cov: 120 ft: 311 corp: 14/3398b lim: 333 exec/s: 0 rss: 29Mb L: 70/333 MS: 2 ShuffleBytes-InsertRepeatedBytes-
#42	NEW    cov: 120 ft: 312 corp: 15/3717b lim: 333 exec/s: 0 rss: 29Mb L: 319/333 MS: 5 InsertRepeatedBytes-PersAutoDict-CrossOver-ChangeBit-CrossOver- DE: "\007\000"-
#45	NEW    cov: 120 ft: 313 corp: 16/3973b lim: 333 exec/s: 0 rss: 29Mb L: 256/333 MS: 3 ChangeByte-PersAutoDict-PersAutoDict- DE: "\007\000"-"W ts"-
#50	NEW    cov: 120 ft: 314 corp: 17/4199b lim: 333 exec/s: 0 rss: 29Mb L: 226/333 MS: 5 PersAutoDict-CrossOver-CopyPart-ChangeByte-InsertRepeatedBytes- DE: "W ts"-
#51	REDUCE cov: 120 ft: 314 corp: 17/4173b lim: 333 exec/s: 0 rss: 29Mb L: 307/333 MS: 1 EraseBytes-
#52	NEW    cov: 120 ft: 319 corp: 18/4393b lim: 333 exec/s: 0 rss: 29Mb L: 220/333 MS: 1 ShuffleBytes-
#53	NEW    cov: 120 ft: 331 corp: 19/4418b lim: 333 exec/s: 0 rss: 29Mb L: 25/333 MS: 1 CrossOver-
#54	NEW    cov: 121 ft: 333 corp: 20/4751b lim: 333 exec/s: 0 rss: 29Mb L: 333/333 MS: 1 ChangeByte-
#55	NEW    cov: 121 ft: 334 corp: 21/4859b lim: 333 exec/s: 0 rss: 29Mb L: 108/333 MS: 1 InsertRepeatedBytes-
#59	NEW    cov: 121 ft: 365 corp: 22/5056b lim: 333 exec/s: 0 rss: 29Mb L: 197/333 MS: 4 ShuffleBytes-InsertRepeatedBytes-ChangeByte-ChangeBinInt-
#64	NEW    cov: 121 ft: 382 corp: 23/5085b lim: 333 exec/s: 0 rss: 29Mb L: 29/333 MS: 5 PersAutoDict-EraseBytes-ChangeBinInt-ChangeByte-CrossOver- DE: "\007\000"-
#72	NEW    cov: 121 ft: 385 corp: 24/5241b lim: 333 exec/s: 0 rss: 29Mb L: 156/333 MS: 3 CopyPart-ChangeASCIIInt-CrossOver-
#89	NEW    cov: 121 ft: 392 corp: 25/5398b lim: 333 exec/s: 0 rss: 29Mb L: 157/333 MS: 2 PersAutoDict-InsertByte- DE: "\007\000"-
#90	NEW    cov: 122 ft: 393 corp: 26/5660b lim: 333 exec/s: 0 rss: 29Mb L: 262/333 MS: 1 InsertByte-
#91	NEW    cov: 122 ft: 394 corp: 27/5868b lim: 333 exec/s: 0 rss: 29Mb L: 208/333 MS: 1 CopyPart-
#102	REDUCE cov: 122 ft: 394 corp: 27/5852b lim: 333 exec/s: 0 rss: 29Mb L: 181/333 MS: 1 EraseBytes-
#107	NEW    cov: 122 ft: 395 corp: 28/6009b lim: 333 exec/s: 0 rss: 29Mb L: 157/333 MS: 5 InsertRepeatedBytes-CopyPart-InsertByte-PersAutoDict-EraseBytes- DE: "\007\000"-
#110	NEW    cov: 122 ft: 401 corp: 29/6170b lim: 333 exec/s: 0 rss: 29Mb L: 161/333 MS: 3 CMP-ChangeBit-EraseBytes- DE: "hvc1"-
#115	NEW    cov: 122 ft: 418 corp: 30/6190b lim: 333 exec/s: 0 rss: 29Mb L: 20/333 MS: 5 ShuffleBytes-InsertByte-ChangeBinInt-CrossOver-EraseBytes-
#120	NEW    cov: 122 ft: 429 corp: 31/6346b lim: 333 exec/s: 0 rss: 29Mb L: 156/333 MS: 5 ChangeByte-CMP-CMP-ShuffleBytes-InsertByte- DE: "infe"-"stsd"-
#130	NEW    cov: 122 ft: 430 corp: 32/6400b lim: 333 exec/s: 0 rss: 29Mb L: 54/333 MS: 5 PersAutoDict-EraseBytes-PersAutoDict-EraseBytes-EraseBytes- DE: "\007\000"-"W ts"-
#141	NEW    cov: 122 ft: 439 corp: 33/6414b lim: 333 exec/s: 0 rss: 29Mb L: 14/333 MS: 1 CrossOver-
#145	REDUCE cov: 122 ft: 439 corp: 33/6382b lim: 333 exec/s: 0 rss: 29Mb L: 171/333 MS: 4 InsertByte-PersAutoDict-InsertByte-EraseBytes- DE: "stsd"-
#194	NEW    cov: 122 ft: 440 corp: 34/6588b lim: 333 exec/s: 0 rss: 29Mb L: 206/333 MS: 4 ShuffleBytes-CrossOver-ShuffleBytes-CopyPart-
#203	NEW    cov: 122 ft: 441 corp: 35/6686b lim: 333 exec/s: 0 rss: 29Mb L: 98/333 MS: 4 CMP-CrossOver-InsertByte-EraseBytes- DE: "\000iso"-
#209	NEW    cov: 122 ft: 442 corp: 36/6910b lim: 333 exec/s: 0 rss: 29Mb L: 224/333 MS: 1 PersAutoDict- DE: "\000iso"-
#212	NEW    cov: 122 ft: 450 corp: 37/7242b lim: 333 exec/s: 0 rss: 29Mb L: 332/333 MS: 3 ChangeBinInt-InsertByte-InsertRepeatedBytes-
#216	REDUCE cov: 122 ft: 450 corp: 37/7240b lim: 333 exec/s: 0 rss: 29Mb L: 18/333 MS: 4 CrossOver-CrossOver-ChangeBinInt-EraseBytes-
#218	NEW    cov: 122 ft: 451 corp: 38/7573b lim: 333 exec/s: 0 rss: 29Mb L: 333/333 MS: 2 CMP-CopyPart- DE: "\023\000"-
#220	REDUCE cov: 122 ft: 451 corp: 38/7562b lim: 333 exec/s: 0 rss: 29Mb L: 146/333 MS: 2 InsertByte-EraseBytes-
#238	NEW    cov: 122 ft: 452 corp: 39/7610b lim: 333 exec/s: 0 rss: 29Mb L: 48/333 MS: 3 ShuffleBytes-ChangeBinInt-ChangeByte-
#239	REDUCE cov: 122 ft: 453 corp: 40/7781b lim: 333 exec/s: 0 rss: 29Mb L: 171/333 MS: 1 ShuffleBytes-
#248	REDUCE cov: 122 ft: 453 corp: 40/7780b lim: 333 exec/s: 0 rss: 29Mb L: 332/333 MS: 4 ChangeBit-EraseBytes-ShuffleBytes-InsertRepeatedBytes-
#265	REDUCE cov: 122 ft: 454 corp: 41/7815b lim: 333 exec/s: 0 rss: 29Mb L: 35/333 MS: 2 ChangeByte-CopyPart-
#274	REDUCE cov: 122 ft: 454 corp: 41/7751b lim: 333 exec/s: 0 rss: 29Mb L: 83/333 MS: 4 InsertByte-InsertByte-CMP-EraseBytes- DE: "\001\000Uh=\2546c"-
#276	REDUCE cov: 122 ft: 454 corp: 41/7747b lim: 333 exec/s: 0 rss: 29Mb L: 322/333 MS: 2 ChangeByte-EraseBytes-
#282	NEW    cov: 122 ft: 455 corp: 42/7853b lim: 333 exec/s: 0 rss: 29Mb L: 106/333 MS: 1 EraseBytes-
#292	NEW    cov: 122 ft: 456 corp: 43/8165b lim: 333 exec/s: 0 rss: 29Mb L: 312/333 MS: 5 CrossOver-ChangeBinInt-ChangeBit-InsertRepeatedBytes-InsertByte-
#312	REDUCE cov: 122 ft: 456 corp: 43/8148b lim: 333 exec/s: 0 rss: 29Mb L: 209/333 MS: 5 ChangeBinInt-ChangeByte-ChangeByte-ShuffleBytes-EraseBytes-
#315	REDUCE cov: 122 ft: 457 corp: 44/8412b lim: 333 exec/s: 0 rss: 29Mb L: 264/333 MS: 3 ChangeBinInt-ChangeBit-InsertByte-
#328	NEW    cov: 122 ft: 458 corp: 45/8466b lim: 333 exec/s: 0 rss: 29Mb L: 54/333 MS: 3 CopyPart-ShuffleBytes-ChangeBinInt-
#362	NEW    cov: 122 ft: 459 corp: 46/8799b lim: 333 exec/s: 0 rss: 29Mb L: 333/333 MS: 4 ChangeBinInt-ChangeBinInt-CopyPart-CrossOver-
#398	NEW    cov: 122 ft: 460 corp: 47/8916b lim: 333 exec/s: 0 rss: 29Mb L: 117/333 MS: 1 EraseBytes-
#444	REDUCE cov: 122 ft: 460 corp: 47/8912b lim: 333 exec/s: 0 rss: 29Mb L: 10/333 MS: 1 EraseBytes-
#522	NEW    cov: 122 ft: 461 corp: 48/9243b lim: 333 exec/s: 0 rss: 29Mb L: 331/333 MS: 3 ChangeBit-ShuffleBytes-EraseBytes-
#534	NEW    cov: 122 ft: 467 corp: 49/9463b lim: 333 exec/s: 0 rss: 29Mb L: 220/333 MS: 2 ChangeByte-ChangeByte-
#539	REDUCE cov: 122 ft: 467 corp: 49/9414b lim: 333 exec/s: 0 rss: 29Mb L: 227/333 MS: 5 ShuffleBytes-EraseBytes-ChangeBinInt-ChangeByte-InsertByte-
#581	NEW    cov: 123 ft: 468 corp: 50/9419b lim: 333 exec/s: 0 rss: 29Mb L: 5/333 MS: 2 InsertRepeatedBytes-CrossOver-
#651	NEW    cov: 123 ft: 469 corp: 51/9600b lim: 333 exec/s: 0 rss: 29Mb L: 181/333 MS: 5 CrossOver-ShuffleBytes-InsertByte-InsertByte-CrossOver-
#683	REDUCE cov: 123 ft: 469 corp: 51/9593b lim: 333 exec/s: 0 rss: 29Mb L: 174/333 MS: 2 ChangeByte-CrossOver-
#699	NEW    cov: 123 ft: 471 corp: 52/9601b lim: 333 exec/s: 0 rss: 29Mb L: 8/333 MS: 1 CopyPart-
#789	NEW    cov: 123 ft: 474 corp: 53/9763b lim: 333 exec/s: 0 rss: 29Mb L: 162/333 MS: 5 InsertByte-ShuffleBytes-PersAutoDict-InsertByte-EraseBytes- DE: "\000iso"-
#879	REDUCE cov: 123 ft: 474 corp: 53/9759b lim: 333 exec/s: 0 rss: 29Mb L: 50/333 MS: 5 ChangeByte-ChangeBinInt-InsertRepeatedBytes-EraseBytes-EraseBytes-
#959	REDUCE cov: 123 ft: 474 corp: 53/9628b lim: 333 exec/s: 0 rss: 29Mb L: 202/333 MS: 5 CopyPart-EraseBytes-ChangeBinInt-ChangeBinInt-EraseBytes-
#967	REDUCE cov: 123 ft: 474 corp: 53/9555b lim: 333 exec/s: 0 rss: 29Mb L: 234/333 MS: 3 CrossOver-ShuffleBytes-EraseBytes-
#993	REDUCE cov: 123 ft: 474 corp: 53/9553b lim: 333 exec/s: 0 rss: 29Mb L: 27/333 MS: 1 EraseBytes-
#1001	NEW    cov: 123 ft: 476 corp: 54/9561b lim: 333 exec/s: 0 rss: 29Mb L: 8/333 MS: 3 ChangeBit-InsertRepeatedBytes-CrossOver-
#1032	REDUCE cov: 123 ft: 476 corp: 54/9492b lim: 333 exec/s: 0 rss: 29Mb L: 263/333 MS: 1 EraseBytes-
#1043	REDUCE cov: 123 ft: 476 corp: 54/9486b lim: 333 exec/s: 0 rss: 29Mb L: 165/333 MS: 1 EraseBytes-
#1055	NEW    cov: 123 ft: 482 corp: 55/9808b lim: 333 exec/s: 0 rss: 29Mb L: 322/333 MS: 2 CrossOver-CopyPart-
#1056	REDUCE cov: 123 ft: 482 corp: 55/9807b lim: 333 exec/s: 0 rss: 29Mb L: 4/333 MS: 1 EraseBytes-
#1079	REDUCE cov: 123 ft: 482 corp: 55/9805b lim: 333 exec/s: 0 rss: 29Mb L: 2/333 MS: 3 ChangeBinInt-ChangeByte-EraseBytes-
#1094	REDUCE cov: 123 ft: 482 corp: 55/9797b lim: 333 exec/s: 0 rss: 29Mb L: 314/333 MS: 5 ShuffleBytes-ChangeBit-ShuffleBytes-InsertRepeatedBytes-EraseBytes-
#1175	NEW    cov: 123 ft: 483 corp: 56/9821b lim: 333 exec/s: 0 rss: 29Mb L: 24/333 MS: 1 EraseBytes-
#1469	REDUCE cov: 123 ft: 483 corp: 56/9733b lim: 333 exec/s: 0 rss: 29Mb L: 176/333 MS: 4 InsertRepeatedBytes-ChangeASCIIInt-CopyPart-EraseBytes-
#1496	REDUCE cov: 123 ft: 483 corp: 56/9677b lim: 333 exec/s: 0 rss: 29Mb L: 207/333 MS: 2 InsertByte-CrossOver-
#1498	REDUCE cov: 123 ft: 483 corp: 56/9649b lim: 333 exec/s: 0 rss: 29Mb L: 129/333 MS: 2 ChangeBit-EraseBytes-
#1524	REDUCE cov: 123 ft: 483 corp: 56/9607b lim: 333 exec/s: 0 rss: 29Mb L: 87/333 MS: 1 EraseBytes-
#1530	NEW    cov: 123 ft: 491 corp: 57/9940b lim: 333 exec/s: 0 rss: 29Mb L: 333/333 MS: 1 ShuffleBytes-
#1586	REDUCE cov: 123 ft: 491 corp: 57/9939b lim: 333 exec/s: 0 rss: 29Mb L: 1/333 MS: 1 EraseBytes-
#1620	REDUCE cov: 123 ft: 491 corp: 57/9930b lim: 333 exec/s: 0 rss: 29Mb L: 243/333 MS: 4 ChangeByte-InsertByte-PersAutoDict-CrossOver- DE: "\007\000"-
#1649	REDUCE cov: 123 ft: 491 corp: 57/9898b lim: 333 exec/s: 0 rss: 29Mb L: 290/333 MS: 4 CMP-InsertRepeatedBytes-ChangeBinInt-EraseBytes- DE: "\007\000\000\000"-
#1697	REDUCE cov: 123 ft: 491 corp: 57/9840b lim: 333 exec/s: 0 rss: 29Mb L: 205/333 MS: 3 ShuffleBytes-CMP-EraseBytes- DE: "\000\000\000\001"-
#1879	REDUCE cov: 123 ft: 491 corp: 57/9828b lim: 333 exec/s: 0 rss: 29Mb L: 42/333 MS: 2 ShuffleBytes-EraseBytes-
#2269	REDUCE cov: 123 ft: 491 corp: 57/9815b lim: 333 exec/s: 0 rss: 29Mb L: 192/333 MS: 5 ChangeByte-ChangeByte-ChangeBit-ChangeByte-CrossOver-
#2303	REDUCE cov: 123 ft: 491 corp: 57/9807b lim: 333 exec/s: 0 rss: 29Mb L: 16/333 MS: 4 PersAutoDict-CopyPart-InsertByte-EraseBytes- DE: "hvc1"-
#2316	REDUCE cov: 123 ft: 497 corp: 58/10024b lim: 333 exec/s: 0 rss: 29Mb L: 217/333 MS: 3 PersAutoDict-CMP-PersAutoDict- DE: "stsd"-"_K\204xhU\000\000"-"\007\000"-
#2338	NEW    cov: 123 ft: 499 corp: 59/10345b lim: 333 exec/s: 0 rss: 29Mb L: 321/333 MS: 2 ChangeBinInt-CrossOver-
#2389	NEW    cov: 124 ft: 500 corp: 60/10673b lim: 333 exec/s: 0 rss: 29Mb L: 328/333 MS: 1 CopyPart-
#2405	REDUCE cov: 124 ft: 500 corp: 60/10612b lim: 333 exec/s: 0 rss: 29Mb L: 95/333 MS: 1 EraseBytes-
#2421	REDUCE cov: 124 ft: 500 corp: 60/10567b lim: 333 exec/s: 0 rss: 29Mb L: 288/333 MS: 1 EraseBytes-
#2565	REDUCE cov: 124 ft: 500 corp: 60/10566b lim: 333 exec/s: 0 rss: 29Mb L: 9/333 MS: 4 CopyPart-ChangeBinInt-CopyPart-EraseBytes-
#2581	REDUCE cov: 124 ft: 500 corp: 60/10502b lim: 333 exec/s: 0 rss: 29Mb L: 224/333 MS: 1 EraseBytes-
#2662	REDUCE cov: 124 ft: 500 corp: 60/10465b lim: 333 exec/s: 0 rss: 29Mb L: 155/333 MS: 1 EraseBytes-
#2678	REDUCE cov: 124 ft: 500 corp: 60/10427b lim: 333 exec/s: 0 rss: 29Mb L: 143/333 MS: 1 EraseBytes-
#2704	REDUCE cov: 124 ft: 500 corp: 60/10328b lim: 333 exec/s: 0 rss: 29Mb L: 232/333 MS: 1 EraseBytes-
#2750	REDUCE cov: 124 ft: 500 corp: 60/10323b lim: 333 exec/s: 0 rss: 29Mb L: 202/333 MS: 1 EraseBytes-
#2775	REDUCE cov: 124 ft: 500 corp: 60/10319b lim: 333 exec/s: 0 rss: 29Mb L: 83/333 MS: 5 ChangeBinInt-ChangeByte-ChangeBit-InsertByte-EraseBytes-
#2866	REDUCE cov: 124 ft: 500 corp: 60/10296b lim: 333 exec/s: 0 rss: 29Mb L: 289/333 MS: 1 EraseBytes-
#2997	NEW    cov: 124 ft: 501 corp: 61/10482b lim: 333 exec/s: 0 rss: 29Mb L: 186/333 MS: 1 CopyPart-
#3215	REDUCE cov: 124 ft: 501 corp: 61/10456b lim: 333 exec/s: 0 rss: 29Mb L: 57/333 MS: 3 InsertRepeatedBytes-CopyPart-EraseBytes-
#3294	REDUCE cov: 124 ft: 501 corp: 61/10434b lim: 333 exec/s: 0 rss: 29Mb L: 297/333 MS: 4 CopyPart-ChangeBit-EraseBytes-CrossOver-
#3316	NEW    cov: 124 ft: 502 corp: 62/10662b lim: 333 exec/s: 0 rss: 29Mb L: 228/333 MS: 2 ChangeBinInt-CMP- DE: "\023\000\000\000\000\000\000\000"-
#3502	REDUCE cov: 124 ft: 503 corp: 63/10993b lim: 333 exec/s: 0 rss: 29Mb L: 331/333 MS: 1 CrossOver-
#3548	REDUCE cov: 124 ft: 503 corp: 63/10985b lim: 333 exec/s: 0 rss: 29Mb L: 166/333 MS: 1 EraseBytes-
#3549	REDUCE cov: 124 ft: 503 corp: 63/10984b lim: 333 exec/s: 0 rss: 29Mb L: 105/333 MS: 1 EraseBytes-
#3601	REDUCE cov: 124 ft: 503 corp: 63/10964b lim: 333 exec/s: 0 rss: 29Mb L: 313/333 MS: 2 ChangeBit-EraseBytes-
#3647	REDUCE cov: 124 ft: 503 corp: 63/10824b lim: 333 exec/s: 0 rss: 29Mb L: 16/333 MS: 1 CrossOver-
#3966	NEW    cov: 124 ft: 504 corp: 64/11048b lim: 333 exec/s: 0 rss: 29Mb L: 224/333 MS: 4 InsertByte-InsertByte-ShuffleBytes-PersAutoDict- DE: "\023\000"-
#4158	NEW    cov: 124 ft: 505 corp: 65/11313b lim: 333 exec/s: 0 rss: 29Mb L: 265/333 MS: 2 ChangeByte-PersAutoDict- DE: "infe"-
#4399	REDUCE cov: 124 ft: 505 corp: 65/11295b lim: 333 exec/s: 0 rss: 29Mb L: 168/333 MS: 1 EraseBytes-
#4721	REDUCE cov: 124 ft: 505 corp: 65/11253b lim: 333 exec/s: 0 rss: 29Mb L: 124/333 MS: 2 ChangeByte-EraseBytes-
#5014	REDUCE cov: 124 ft: 505 corp: 65/11251b lim: 333 exec/s: 0 rss: 29Mb L: 46/333 MS: 3 CopyPart-ChangeBit-EraseBytes-
#5149	REDUCE cov: 124 ft: 505 corp: 65/11238b lim: 333 exec/s: 0 rss: 29Mb L: 207/333 MS: 5 CopyPart-CMP-ChangeBinInt-ChangeBinInt-EraseBytes- DE: "\001\000\000\007"-
#5381	REDUCE cov: 124 ft: 505 corp: 65/11170b lim: 333 exec/s: 0 rss: 29Mb L: 156/333 MS: 2 ChangeBit-EraseBytes-
#5695	REDUCE cov: 124 ft: 505 corp: 65/11152b lim: 333 exec/s: 0 rss: 29Mb L: 188/333 MS: 4 ChangeBinInt-CMP-CrossOver-EraseBytes- DE: "\011\000\000\000"-
#5718	NEW    cov: 124 ft: 510 corp: 66/11383b lim: 333 exec/s: 0 rss: 29Mb L: 231/333 MS: 3 ChangeBit-ChangeBit-InsertRepeatedBytes-
#5873	REDUCE cov: 124 ft: 510 corp: 66/11382b lim: 333 exec/s: 0 rss: 29Mb L: 49/333 MS: 5 CopyPart-PersAutoDict-ChangeBit-InsertByte-EraseBytes- DE: "\000iso"-
#6147	REDUCE cov: 124 ft: 510 corp: 66/11380b lim: 333 exec/s: 0 rss: 29Mb L: 232/333 MS: 4 EraseBytes-ChangeByte-ChangeBinInt-CMP- DE: "!\000\000\000\000\000\000\000"-
#6315	REDUCE cov: 124 ft: 510 corp: 66/11356b lim: 333 exec/s: 6315 rss: 29Mb L: 152/333 MS: 2 PersAutoDict-EraseBytes- DE: "\007\000\000\000"-
#6422	REDUCE cov: 124 ft: 510 corp: 66/11287b lim: 333 exec/s: 6422 rss: 29Mb L: 92/333 MS: 2 EraseBytes-EraseBytes-
#6472	REDUCE cov: 124 ft: 510 corp: 66/11285b lim: 333 exec/s: 6472 rss: 29Mb L: 14/333 MS: 5 CopyPart-ChangeASCIIInt-ShuffleBytes-ChangeBit-EraseBytes-
#6622	REDUCE cov: 124 ft: 516 corp: 67/11605b lim: 333 exec/s: 6622 rss: 29Mb L: 320/333 MS: 5 InsertRepeatedBytes-ShuffleBytes-CopyPart-ChangeBinInt-CopyPart-
#7059	REDUCE cov: 124 ft: 516 corp: 67/11604b lim: 333 exec/s: 7059 rss: 29Mb L: 164/333 MS: 2 EraseBytes-PersAutoDict- DE: "stsd"-
#7167	REDUCE cov: 124 ft: 516 corp: 67/11536b lim: 333 exec/s: 7167 rss: 29Mb L: 253/333 MS: 3 ChangeBinInt-ChangeByte-EraseBytes-
#7347	REDUCE cov: 124 ft: 516 corp: 67/11524b lim: 333 exec/s: 7347 rss: 29Mb L: 112/333 MS: 5 ShuffleBytes-ChangeByte-ChangeByte-ChangeByte-EraseBytes-
#7443	REDUCE cov: 124 ft: 516 corp: 67/11523b lim: 333 exec/s: 7443 rss: 29Mb L: 94/333 MS: 1 EraseBytes-
#7503	REDUCE cov: 124 ft: 516 corp: 67/11513b lim: 333 exec/s: 7503 rss: 29Mb L: 102/333 MS: 5 CMP-EraseBytes-PersAutoDict-CrossOver-CMP- DE: "\377\377\377\012"-"stsd"-"\011\000\000\000"-
#7619	REDUCE cov: 124 ft: 516 corp: 67/11506b lim: 333 exec/s: 7619 rss: 29Mb L: 50/333 MS: 1 EraseBytes-
#7975	REDUCE cov: 124 ft: 516 corp: 67/11504b lim: 333 exec/s: 7975 rss: 29Mb L: 68/333 MS: 1 EraseBytes-
#8088	REDUCE cov: 124 ft: 516 corp: 67/11495b lim: 333 exec/s: 8088 rss: 29Mb L: 311/333 MS: 3 EraseBytes-ChangeBit-CopyPart-
#8224	NEW    cov: 124 ft: 517 corp: 68/11723b lim: 333 exec/s: 8224 rss: 29Mb L: 228/333 MS: 1 ChangeByte-
#8260	REDUCE cov: 124 ft: 517 corp: 68/11667b lim: 333 exec/s: 8260 rss: 29Mb L: 146/333 MS: 1 CrossOver-
#8364	REDUCE cov: 124 ft: 517 corp: 68/11664b lim: 333 exec/s: 8364 rss: 29Mb L: 102/333 MS: 4 ChangeBinInt-ShuffleBytes-EraseBytes-InsertRepeatedBytes-
==255985== ERROR: libFuzzer: out-of-memory (used: 1076Mb; limit: 1024Mb)
   To change the out-of-memory limit use -rss_limit_mb=<N>

MS: 5 CopyPart-CrossOver-EraseBytes-InsertByte-InsertRepeatedBytes-; base unit: 93f7e4f0d6615d422ba53c2fbca26e1c09193eb4
artifact_prefix='/results/crashes/20260313_154331_e253f309_'; Test unit written to /results/crashes/20260313_154331_e253f309_oom-2d00d630ae78c864e17e55f02fb2bb713dc2550b
SUMMARY: libFuzzer: out-of-memory
stat::number_of_executed_units: 8404
stat::average_exec_per_sec:     4202
stat::new_units_added:          134
stat::slowest_unit_time_sec:    0
stat::peak_rss_mb:              1076
