INFO: Running with entropic power schedule (0xFF, 100).
INFO: Seed: 1610454555
INFO: Loaded 1 modules   (252 inline 8-bit counters): 252 [0x5f84ead12678, 0x5f84ead12774), 
INFO: Loaded 1 PC tables (252 PCs): 252 [0x5f84ead12778,0x5f84ead13738), 
INFO:        4 files found in /tmp/corpus_20260313_150257_27735d25
INFO: seed corpus: files: 4 min: 48b max: 333b total: 853b rss: 28Mb
#5	INITED cov: 120 ft: 256 corp: 4/853b exec/s: 0 rss: 29Mb
#7	NEW    cov: 120 ft: 277 corp: 5/966b lim: 333 exec/s: 0 rss: 29Mb L: 113/333 MS: 2 ShuffleBytes-EraseBytes-
#10	NEW    cov: 120 ft: 283 corp: 6/1015b lim: 333 exec/s: 0 rss: 29Mb L: 49/333 MS: 3 ChangeBit-ChangeBit-InsertByte-
#11	NEW    cov: 120 ft: 284 corp: 7/1101b lim: 333 exec/s: 0 rss: 29Mb L: 86/333 MS: 1 CopyPart-
#14	NEW    cov: 122 ft: 297 corp: 8/1245b lim: 333 exec/s: 0 rss: 29Mb L: 144/333 MS: 3 ShuffleBytes-ChangeByte-EraseBytes-
#16	NEW    cov: 122 ft: 316 corp: 9/1294b lim: 333 exec/s: 0 rss: 29Mb L: 49/333 MS: 2 ChangeByte-InsertByte-
#17	NEW    cov: 122 ft: 318 corp: 10/1359b lim: 333 exec/s: 0 rss: 29Mb L: 65/333 MS: 1 CopyPart-
#23	NEW    cov: 122 ft: 324 corp: 11/1579b lim: 333 exec/s: 0 rss: 29Mb L: 220/333 MS: 1 CMP- DE: "mdhd"-
#24	NEW    cov: 122 ft: 328 corp: 12/1647b lim: 333 exec/s: 0 rss: 29Mb L: 68/333 MS: 1 EraseBytes-
#25	NEW    cov: 122 ft: 329 corp: 13/1881b lim: 333 exec/s: 0 rss: 29Mb L: 234/333 MS: 1 EraseBytes-
#29	NEW    cov: 122 ft: 330 corp: 14/1972b lim: 333 exec/s: 0 rss: 29Mb L: 91/333 MS: 4 InsertByte-ChangeBit-ShuffleBytes-PersAutoDict- DE: "mdhd"-
#39	NEW    cov: 122 ft: 335 corp: 15/2203b lim: 333 exec/s: 0 rss: 29Mb L: 231/333 MS: 5 CopyPart-InsertByte-ChangeBinInt-PersAutoDict-InsertRepeatedBytes- DE: "mdhd"-
#41	NEW    cov: 122 ft: 336 corp: 16/2357b lim: 333 exec/s: 0 rss: 29Mb L: 154/333 MS: 2 ShuffleBytes-InsertRepeatedBytes-
#44	NEW    cov: 122 ft: 337 corp: 17/2559b lim: 333 exec/s: 0 rss: 29Mb L: 202/333 MS: 3 PersAutoDict-ChangeBinInt-EraseBytes- DE: "mdhd"-
#50	NEW    cov: 122 ft: 352 corp: 18/2585b lim: 333 exec/s: 0 rss: 29Mb L: 26/333 MS: 1 EraseBytes-
#51	NEW    cov: 122 ft: 353 corp: 19/2611b lim: 333 exec/s: 0 rss: 29Mb L: 26/333 MS: 1 ChangeByte-
#55	NEW    cov: 122 ft: 354 corp: 20/2659b lim: 333 exec/s: 0 rss: 29Mb L: 48/333 MS: 4 ChangeByte-PersAutoDict-ChangeBinInt-CopyPart- DE: "mdhd"-
#67	NEW    cov: 122 ft: 355 corp: 21/2835b lim: 333 exec/s: 0 rss: 29Mb L: 176/333 MS: 2 InsertByte-CopyPart-
#73	NEW    cov: 122 ft: 356 corp: 22/2908b lim: 333 exec/s: 0 rss: 29Mb L: 73/333 MS: 1 CMP- DE: "\330k\256\352\204_\000\000"-
#77	NEW    cov: 122 ft: 364 corp: 23/3033b lim: 333 exec/s: 0 rss: 29Mb L: 125/333 MS: 4 CMP-ChangeBit-CrossOver-EraseBytes- DE: "\016\000\000\000\000\000\000\000"-
#79	NEW    cov: 123 ft: 366 corp: 24/3314b lim: 333 exec/s: 0 rss: 29Mb L: 281/333 MS: 2 CopyPart-InsertRepeatedBytes-
#91	NEW    cov: 123 ft: 367 corp: 25/3465b lim: 333 exec/s: 0 rss: 29Mb L: 151/333 MS: 2 CrossOver-EraseBytes-
#98	NEW    cov: 123 ft: 368 corp: 26/3609b lim: 333 exec/s: 0 rss: 29Mb L: 144/333 MS: 2 ChangeBinInt-ChangeByte-
#103	NEW    cov: 123 ft: 374 corp: 27/3769b lim: 333 exec/s: 0 rss: 29Mb L: 160/333 MS: 5 ChangeBit-CMP-CMP-ChangeByte-CrossOver- DE: "\015\000"-"\000\000_\205 \337\254\260"-
#105	NEW    cov: 123 ft: 375 corp: 28/4002b lim: 333 exec/s: 0 rss: 29Mb L: 233/333 MS: 2 ChangeBit-EraseBytes-
#107	NEW    cov: 123 ft: 383 corp: 29/4301b lim: 333 exec/s: 0 rss: 29Mb L: 299/333 MS: 2 ChangeByte-InsertRepeatedBytes-
#108	NEW    cov: 123 ft: 384 corp: 30/4404b lim: 333 exec/s: 0 rss: 29Mb L: 103/333 MS: 1 EraseBytes-
#113	REDUCE cov: 123 ft: 384 corp: 30/4382b lim: 333 exec/s: 0 rss: 29Mb L: 129/333 MS: 5 ShuffleBytes-CopyPart-ChangeBinInt-InsertByte-EraseBytes-
#114	NEW    cov: 123 ft: 385 corp: 31/4626b lim: 333 exec/s: 0 rss: 29Mb L: 244/333 MS: 1 CrossOver-
#119	NEW    cov: 123 ft: 386 corp: 32/4835b lim: 333 exec/s: 0 rss: 29Mb L: 209/333 MS: 5 ChangeBit-InsertByte-ChangeByte-ShuffleBytes-EraseBytes-
#124	NEW    cov: 123 ft: 394 corp: 33/4853b lim: 333 exec/s: 0 rss: 29Mb L: 18/333 MS: 5 ChangeByte-CrossOver-ShuffleBytes-ChangeByte-EraseBytes-
#126	NEW    cov: 123 ft: 395 corp: 34/4941b lim: 333 exec/s: 0 rss: 29Mb L: 88/333 MS: 2 ChangeBit-EraseBytes-
#141	NEW    cov: 123 ft: 420 corp: 35/4962b lim: 333 exec/s: 0 rss: 29Mb L: 21/333 MS: 5 ChangeByte-CopyPart-CMP-InsertRepeatedBytes-CrossOver- DE: "\317\000\000\000\000\000\000\000"-
#142	NEW    cov: 123 ft: 421 corp: 36/5250b lim: 333 exec/s: 0 rss: 29Mb L: 288/333 MS: 1 CopyPart-
#156	NEW    cov: 123 ft: 422 corp: 37/5458b lim: 333 exec/s: 0 rss: 29Mb L: 208/333 MS: 4 CrossOver-ChangeBinInt-PersAutoDict-CrossOver- DE: "mdhd"-
#171	REDUCE cov: 123 ft: 422 corp: 37/5451b lim: 333 exec/s: 0 rss: 29Mb L: 195/333 MS: 5 ShuffleBytes-InsertRepeatedBytes-InsertByte-CopyPart-EraseBytes-
#189	REDUCE cov: 123 ft: 422 corp: 37/5442b lim: 333 exec/s: 0 rss: 29Mb L: 222/333 MS: 3 CrossOver-PersAutoDict-EraseBytes- DE: "\330k\256\352\204_\000\000"-
#195	NEW    cov: 123 ft: 424 corp: 38/5599b lim: 333 exec/s: 0 rss: 29Mb L: 157/333 MS: 1 InsertRepeatedBytes-
#201	NEW    cov: 123 ft: 434 corp: 39/5830b lim: 333 exec/s: 0 rss: 29Mb L: 231/333 MS: 1 CopyPart-
#211	NEW    cov: 123 ft: 435 corp: 40/5994b lim: 333 exec/s: 0 rss: 29Mb L: 164/333 MS: 5 CrossOver-ShuffleBytes-PersAutoDict-CMP-CMP- DE: "\330k\256\352\204_\000\000"-"\241\000\000\000\000\000\000\000"-"tapt"-
#222	NEW    cov: 123 ft: 437 corp: 41/6024b lim: 333 exec/s: 0 rss: 29Mb L: 30/333 MS: 1 CMP- DE: "\001\000\016\020"-
#225	REDUCE cov: 123 ft: 445 corp: 42/6315b lim: 333 exec/s: 0 rss: 29Mb L: 291/333 MS: 3 ChangeBinInt-EraseBytes-InsertRepeatedBytes-
#230	REDUCE cov: 123 ft: 445 corp: 42/6227b lim: 333 exec/s: 0 rss: 29Mb L: 56/333 MS: 5 ChangeBit-ChangeBit-CrossOver-InsertByte-CrossOver-
#234	REDUCE cov: 123 ft: 445 corp: 42/6208b lim: 333 exec/s: 0 rss: 29Mb L: 215/333 MS: 4 CMP-CopyPart-PersAutoDict-CrossOver- DE: "N7ISOBMFF3BoxE"-"\015\000"-
#246	NEW    cov: 123 ft: 446 corp: 43/6245b lim: 333 exec/s: 0 rss: 29Mb L: 37/333 MS: 2 CMP-EraseBytes- DE: "irot"-
#255	NEW    cov: 123 ft: 451 corp: 44/6261b lim: 333 exec/s: 0 rss: 29Mb L: 16/333 MS: 4 InsertByte-ChangeBinInt-InsertByte-EraseBytes-
#256	NEW    cov: 123 ft: 453 corp: 45/6288b lim: 333 exec/s: 0 rss: 29Mb L: 27/333 MS: 1 EraseBytes-
#266	NEW    cov: 123 ft: 454 corp: 46/6375b lim: 333 exec/s: 0 rss: 29Mb L: 87/333 MS: 5 CrossOver-ChangeASCIIInt-ChangeByte-ChangeByte-CMP- DE: "\377wmv"-
#297	NEW    cov: 123 ft: 462 corp: 47/6463b lim: 333 exec/s: 0 rss: 29Mb L: 88/333 MS: 1 InsertByte-
#368	REDUCE cov: 123 ft: 462 corp: 47/6458b lim: 333 exec/s: 0 rss: 29Mb L: 44/333 MS: 1 EraseBytes-
#370	REDUCE cov: 123 ft: 462 corp: 47/6395b lim: 333 exec/s: 0 rss: 29Mb L: 94/333 MS: 2 CMP-EraseBytes- DE: "\030\000\000\000"-
#393	REDUCE cov: 123 ft: 462 corp: 47/6394b lim: 333 exec/s: 0 rss: 29Mb L: 25/333 MS: 3 ShuffleBytes-ChangeBinInt-EraseBytes-
#408	REDUCE cov: 123 ft: 462 corp: 47/6393b lim: 333 exec/s: 0 rss: 29Mb L: 90/333 MS: 5 EraseBytes-ChangeByte-ChangeBit-ShuffleBytes-CopyPart-
#417	NEW    cov: 124 ft: 463 corp: 48/6715b lim: 333 exec/s: 0 rss: 29Mb L: 322/333 MS: 4 PersAutoDict-CopyPart-ChangeBit-CrossOver- DE: "\241\000\000\000\000\000\000\000"-
#438	NEW    cov: 124 ft: 471 corp: 49/6729b lim: 333 exec/s: 0 rss: 29Mb L: 14/333 MS: 1 EraseBytes-
#587	NEW    cov: 124 ft: 472 corp: 50/6737b lim: 333 exec/s: 0 rss: 29Mb L: 8/333 MS: 4 ChangeByte-CrossOver-InsertByte-EraseBytes-
#640	REDUCE cov: 124 ft: 472 corp: 50/6721b lim: 333 exec/s: 0 rss: 29Mb L: 32/333 MS: 3 EraseBytes-PersAutoDict-InsertByte- DE: "\001\000\016\020"-
#667	REDUCE cov: 124 ft: 472 corp: 50/6720b lim: 333 exec/s: 0 rss: 29Mb L: 26/333 MS: 2 CopyPart-EraseBytes-
#673	REDUCE cov: 124 ft: 472 corp: 50/6669b lim: 333 exec/s: 0 rss: 29Mb L: 182/333 MS: 1 EraseBytes-
#675	REDUCE cov: 124 ft: 472 corp: 50/6668b lim: 333 exec/s: 0 rss: 29Mb L: 86/333 MS: 2 EraseBytes-ShuffleBytes-
#688	REDUCE cov: 124 ft: 472 corp: 50/6628b lim: 333 exec/s: 0 rss: 29Mb L: 48/333 MS: 3 ChangeBinInt-EraseBytes-EraseBytes-
#759	REDUCE cov: 124 ft: 473 corp: 51/6788b lim: 333 exec/s: 0 rss: 29Mb L: 160/333 MS: 1 CrossOver-
#865	REDUCE cov: 124 ft: 473 corp: 51/6781b lim: 333 exec/s: 0 rss: 29Mb L: 81/333 MS: 1 EraseBytes-
#976	REDUCE cov: 124 ft: 473 corp: 51/6756b lim: 333 exec/s: 0 rss: 29Mb L: 61/333 MS: 1 EraseBytes-
#983	REDUCE cov: 124 ft: 474 corp: 52/7089b lim: 333 exec/s: 0 rss: 29Mb L: 333/333 MS: 2 CopyPart-InsertRepeatedBytes-
#1000	REDUCE cov: 124 ft: 474 corp: 52/7081b lim: 333 exec/s: 0 rss: 29Mb L: 53/333 MS: 2 ChangeBinInt-EraseBytes-
#1055	REDUCE cov: 124 ft: 474 corp: 52/7077b lim: 333 exec/s: 0 rss: 29Mb L: 33/333 MS: 5 CopyPart-ChangeByte-CrossOver-ChangeBit-EraseBytes-
#1082	NEW    cov: 124 ft: 475 corp: 53/7370b lim: 333 exec/s: 0 rss: 29Mb L: 293/333 MS: 2 PersAutoDict-InsertByte- DE: "tapt"-
#1083	NEW    cov: 124 ft: 481 corp: 54/7703b lim: 333 exec/s: 0 rss: 29Mb L: 333/333 MS: 1 ChangeByte-
#1136	REDUCE cov: 124 ft: 481 corp: 54/7698b lim: 333 exec/s: 0 rss: 29Mb L: 177/333 MS: 3 PersAutoDict-ChangeByte-EraseBytes- DE: "\015\000"-
#1143	NEW    cov: 124 ft: 483 corp: 55/7881b lim: 333 exec/s: 0 rss: 29Mb L: 183/333 MS: 2 ShuffleBytes-EraseBytes-
#1159	NEW    cov: 124 ft: 484 corp: 56/8150b lim: 333 exec/s: 0 rss: 29Mb L: 269/333 MS: 1 CrossOver-
#1170	REDUCE cov: 124 ft: 484 corp: 56/8144b lim: 333 exec/s: 0 rss: 29Mb L: 154/333 MS: 1 EraseBytes-
#1223	REDUCE cov: 124 ft: 484 corp: 56/8132b lim: 333 exec/s: 0 rss: 29Mb L: 91/333 MS: 3 InsertByte-EraseBytes-CopyPart-
#1306	REDUCE cov: 124 ft: 484 corp: 56/8126b lim: 333 exec/s: 0 rss: 29Mb L: 8/333 MS: 3 ChangeBit-CrossOver-EraseBytes-
#1370	REDUCE cov: 124 ft: 484 corp: 56/8122b lim: 333 exec/s: 0 rss: 29Mb L: 156/333 MS: 4 InsertRepeatedBytes-ChangeByte-ShuffleBytes-EraseBytes-
#1377	NEW    cov: 124 ft: 485 corp: 57/8383b lim: 333 exec/s: 0 rss: 29Mb L: 261/333 MS: 2 InsertRepeatedBytes-InsertByte-
#1393	NEW    cov: 124 ft: 492 corp: 58/8585b lim: 333 exec/s: 0 rss: 29Mb L: 202/333 MS: 1 EraseBytes-
#1436	REDUCE cov: 124 ft: 492 corp: 58/8512b lim: 333 exec/s: 0 rss: 29Mb L: 129/333 MS: 3 ShuffleBytes-CMP-EraseBytes- DE: "\000\000\000\016"-
#1679	NEW    cov: 125 ft: 493 corp: 59/8518b lim: 333 exec/s: 0 rss: 29Mb L: 6/333 MS: 3 InsertByte-ShuffleBytes-EraseBytes-
#1725	REDUCE cov: 125 ft: 493 corp: 59/8501b lim: 333 exec/s: 0 rss: 29Mb L: 235/333 MS: 1 EraseBytes-
#1936	REDUCE cov: 125 ft: 494 corp: 60/8769b lim: 333 exec/s: 0 rss: 29Mb L: 268/333 MS: 1 CrossOver-
#2069	REDUCE cov: 125 ft: 494 corp: 60/8759b lim: 333 exec/s: 0 rss: 29Mb L: 323/333 MS: 3 EraseBytes-InsertRepeatedBytes-CopyPart-
#2137	REDUCE cov: 125 ft: 494 corp: 60/8752b lim: 333 exec/s: 0 rss: 29Mb L: 149/333 MS: 3 EraseBytes-ChangeASCIIInt-InsertRepeatedBytes-
#2186	REDUCE cov: 125 ft: 494 corp: 60/8730b lim: 333 exec/s: 0 rss: 29Mb L: 186/333 MS: 4 ChangeBinInt-ShuffleBytes-ChangeASCIIInt-EraseBytes-
#2282	REDUCE cov: 125 ft: 494 corp: 60/8721b lim: 333 exec/s: 0 rss: 29Mb L: 290/333 MS: 1 EraseBytes-
#2395	REDUCE cov: 125 ft: 494 corp: 60/8672b lim: 333 exec/s: 0 rss: 29Mb L: 80/333 MS: 3 ChangeBit-CMP-EraseBytes- DE: "\035\000\000\000\000\000\000\000"-
#2426	REDUCE cov: 125 ft: 494 corp: 60/8668b lim: 333 exec/s: 0 rss: 29Mb L: 173/333 MS: 1 EraseBytes-
#2503	REDUCE cov: 125 ft: 494 corp: 60/8600b lim: 333 exec/s: 0 rss: 29Mb L: 147/333 MS: 2 InsertByte-EraseBytes-
#2621	REDUCE cov: 125 ft: 494 corp: 60/8577b lim: 333 exec/s: 0 rss: 29Mb L: 50/333 MS: 3 EraseBytes-ChangeBit-PersAutoDict- DE: "\016\000\000\000\000\000\000\000"-
#2782	REDUCE cov: 125 ft: 494 corp: 60/8529b lim: 333 exec/s: 0 rss: 29Mb L: 213/333 MS: 1 EraseBytes-
#2828	NEW    cov: 125 ft: 495 corp: 61/8550b lim: 333 exec/s: 0 rss: 29Mb L: 21/333 MS: 1 ChangeBit-
#2905	REDUCE cov: 125 ft: 495 corp: 61/8523b lim: 333 exec/s: 0 rss: 29Mb L: 26/333 MS: 2 EraseBytes-EraseBytes-
#2939	REDUCE cov: 125 ft: 495 corp: 61/8522b lim: 333 exec/s: 0 rss: 29Mb L: 268/333 MS: 4 ShuffleBytes-CrossOver-EraseBytes-PersAutoDict- DE: "\241\000\000\000\000\000\000\000"-
#2968	REDUCE cov: 125 ft: 496 corp: 62/8788b lim: 333 exec/s: 0 rss: 29Mb L: 266/333 MS: 4 ChangeByte-ChangeBit-EraseBytes-CMP- DE: "\257\307\337 \205_\000\000"-
#3142	REDUCE cov: 125 ft: 496 corp: 62/8707b lim: 333 exec/s: 0 rss: 29Mb L: 209/333 MS: 4 ChangeByte-InsertByte-ChangeBit-CrossOver-
#3163	REDUCE cov: 125 ft: 496 corp: 62/8683b lim: 333 exec/s: 0 rss: 29Mb L: 244/333 MS: 1 EraseBytes-
#3179	REDUCE cov: 125 ft: 496 corp: 62/8563b lim: 333 exec/s: 0 rss: 29Mb L: 173/333 MS: 1 EraseBytes-
#3219	REDUCE cov: 125 ft: 496 corp: 62/8536b lim: 333 exec/s: 0 rss: 29Mb L: 306/333 MS: 5 CrossOver-CrossOver-ChangeByte-ChangeBit-EraseBytes-
#3298	REDUCE cov: 125 ft: 496 corp: 62/8535b lim: 333 exec/s: 0 rss: 29Mb L: 243/333 MS: 4 ChangeASCIIInt-CrossOver-ChangeBinInt-EraseBytes-
#3395	NEW    cov: 125 ft: 497 corp: 63/8766b lim: 333 exec/s: 0 rss: 29Mb L: 231/333 MS: 2 PersAutoDict-ChangeBinInt- DE: "\015\000"-
#3411	REDUCE cov: 125 ft: 497 corp: 63/8763b lim: 333 exec/s: 0 rss: 29Mb L: 3/333 MS: 1 EraseBytes-
#3841	REDUCE cov: 125 ft: 497 corp: 63/8701b lim: 333 exec/s: 0 rss: 29Mb L: 181/333 MS: 5 CopyPart-PersAutoDict-PersAutoDict-ChangeASCIIInt-EraseBytes- DE: "\015\000"-"\330k\256\352\204_\000\000"-
#3873	REDUCE cov: 125 ft: 497 corp: 63/8685b lim: 333 exec/s: 0 rss: 29Mb L: 75/333 MS: 2 EraseBytes-CrossOver-
#3916	REDUCE cov: 125 ft: 497 corp: 63/8664b lim: 333 exec/s: 0 rss: 29Mb L: 73/333 MS: 3 ChangeByte-PersAutoDict-EraseBytes- DE: "\000\000_\205 \337\254\260"-
#4097	REDUCE cov: 125 ft: 497 corp: 63/8663b lim: 333 exec/s: 0 rss: 29Mb L: 2/333 MS: 1 EraseBytes-
#4135	REDUCE cov: 125 ft: 497 corp: 63/8653b lim: 333 exec/s: 0 rss: 29Mb L: 139/333 MS: 3 InsertByte-InsertRepeatedBytes-EraseBytes-
#4181	REDUCE cov: 125 ft: 497 corp: 63/8648b lim: 333 exec/s: 0 rss: 29Mb L: 25/333 MS: 1 EraseBytes-
#4282	NEW    cov: 125 ft: 502 corp: 64/8879b lim: 333 exec/s: 0 rss: 29Mb L: 231/333 MS: 1 ChangeByte-
#4379	REDUCE cov: 125 ft: 502 corp: 64/8878b lim: 333 exec/s: 0 rss: 29Mb L: 49/333 MS: 2 CopyPart-EraseBytes-
#4681	REDUCE cov: 125 ft: 502 corp: 64/8875b lim: 333 exec/s: 0 rss: 29Mb L: 70/333 MS: 2 ShuffleBytes-EraseBytes-
#4687	REDUCE cov: 125 ft: 502 corp: 64/8874b lim: 333 exec/s: 0 rss: 29Mb L: 1/333 MS: 1 EraseBytes-
#4754	REDUCE cov: 125 ft: 502 corp: 64/8873b lim: 333 exec/s: 0 rss: 29Mb L: 25/333 MS: 2 EraseBytes-CopyPart-
#4809	REDUCE cov: 125 ft: 503 corp: 65/9137b lim: 333 exec/s: 0 rss: 29Mb L: 264/333 MS: 5 InsertByte-PersAutoDict-ChangeBit-ShuffleBytes-EraseBytes- DE: "\317\000\000\000\000\000\000\000"-
#4823	REDUCE cov: 125 ft: 503 corp: 65/9136b lim: 333 exec/s: 0 rss: 29Mb L: 17/333 MS: 4 ChangeBinInt-EraseBytes-ChangeBit-CMP- DE: "\243u\001`\232{\000\000"-
#4919	REDUCE cov: 125 ft: 503 corp: 65/9132b lim: 333 exec/s: 0 rss: 29Mb L: 76/333 MS: 1 CrossOver-
#4955	REDUCE cov: 125 ft: 503 corp: 65/9094b lim: 333 exec/s: 0 rss: 29Mb L: 116/333 MS: 1 EraseBytes-
#5240	REDUCE cov: 125 ft: 503 corp: 65/9073b lim: 333 exec/s: 0 rss: 29Mb L: 302/333 MS: 5 ShuffleBytes-ChangeBit-ChangeBit-EraseBytes-InsertRepeatedBytes-
#5272	REDUCE cov: 125 ft: 503 corp: 65/9047b lim: 333 exec/s: 0 rss: 29Mb L: 183/333 MS: 2 CopyPart-EraseBytes-
#5384	NEW    cov: 125 ft: 505 corp: 66/9380b lim: 333 exec/s: 0 rss: 29Mb L: 333/333 MS: 2 CopyPart-ShuffleBytes-
#5486	REDUCE cov: 125 ft: 505 corp: 66/9322b lim: 333 exec/s: 0 rss: 29Mb L: 67/333 MS: 2 PersAutoDict-EraseBytes- DE: "\330k\256\352\204_\000\000"-
#5602	REDUCE cov: 125 ft: 505 corp: 66/9307b lim: 333 exec/s: 0 rss: 29Mb L: 198/333 MS: 1 EraseBytes-
#5851	NEW    cov: 125 ft: 506 corp: 67/9542b lim: 333 exec/s: 0 rss: 29Mb L: 235/333 MS: 4 ChangeBit-CMP-ChangeByte-CrossOver- DE: "stss"-
#6274	NEW    cov: 125 ft: 508 corp: 68/9763b lim: 333 exec/s: 0 rss: 29Mb L: 221/333 MS: 3 ChangeBit-ChangeBit-InsertByte-
#6365	REDUCE cov: 125 ft: 508 corp: 68/9619b lim: 333 exec/s: 0 rss: 29Mb L: 178/333 MS: 1 EraseBytes-
#6472	REDUCE cov: 125 ft: 508 corp: 68/9615b lim: 333 exec/s: 0 rss: 29Mb L: 17/333 MS: 2 CopyPart-EraseBytes-
#6841	REDUCE cov: 125 ft: 508 corp: 68/9613b lim: 333 exec/s: 6841 rss: 29Mb L: 23/333 MS: 3 CopyPart-ChangeBinInt-EraseBytes-
#6902	REDUCE cov: 125 ft: 508 corp: 68/9611b lim: 333 exec/s: 6902 rss: 29Mb L: 84/333 MS: 1 EraseBytes-
#7301	REDUCE cov: 125 ft: 508 corp: 68/9609b lim: 333 exec/s: 7301 rss: 29Mb L: 137/333 MS: 4 InsertByte-ShuffleBytes-InsertRepeatedBytes-EraseBytes-
#7853	NEW    cov: 125 ft: 513 corp: 69/9893b lim: 333 exec/s: 7853 rss: 29Mb L: 284/333 MS: 2 ChangeBinInt-CrossOver-
#7857	REDUCE cov: 125 ft: 513 corp: 69/9868b lim: 333 exec/s: 7857 rss: 29Mb L: 266/333 MS: 4 InsertRepeatedBytes-EraseBytes-ChangeByte-InsertRepeatedBytes-
#7888	REDUCE cov: 125 ft: 514 corp: 70/10054b lim: 333 exec/s: 7888 rss: 29Mb L: 186/333 MS: 1 CopyPart-
#7909	REDUCE cov: 125 ft: 514 corp: 70/10049b lim: 333 exec/s: 7909 rss: 29Mb L: 62/333 MS: 1 EraseBytes-
#7930	REDUCE cov: 125 ft: 514 corp: 70/10048b lim: 333 exec/s: 7930 rss: 29Mb L: 25/333 MS: 1 EraseBytes-
#8114	REDUCE cov: 125 ft: 514 corp: 70/10039b lim: 333 exec/s: 8114 rss: 29Mb L: 226/333 MS: 4 ShuffleBytes-ChangeByte-CMP-CrossOver- DE: "\017\000\000\000"-
#8176	REDUCE cov: 125 ft: 514 corp: 70/10038b lim: 333 exec/s: 8176 rss: 29Mb L: 16/333 MS: 2 PersAutoDict-EraseBytes- DE: "\015\000"-
#8194	REDUCE cov: 125 ft: 514 corp: 70/9976b lim: 333 exec/s: 8194 rss: 29Mb L: 124/333 MS: 3 InsertByte-CopyPart-EraseBytes-
#8343	REDUCE cov: 125 ft: 514 corp: 70/9966b lim: 333 exec/s: 8343 rss: 29Mb L: 137/333 MS: 4 InsertByte-CMP-EraseBytes-InsertByte- DE: "\011\000\000\000"-
#8379	REDUCE cov: 125 ft: 514 corp: 70/9915b lim: 333 exec/s: 8379 rss: 29Mb L: 73/333 MS: 1 EraseBytes-
#8559	REDUCE cov: 125 ft: 514 corp: 70/9910b lim: 333 exec/s: 8559 rss: 29Mb L: 276/333 MS: 5 CrossOver-EraseBytes-CrossOver-CopyPart-InsertRepeatedBytes-
#8596	NEW    cov: 125 ft: 515 corp: 71/10141b lim: 333 exec/s: 8596 rss: 29Mb L: 231/333 MS: 2 ChangeASCIIInt-CrossOver-
#8861	REDUCE cov: 125 ft: 515 corp: 71/10119b lim: 333 exec/s: 8861 rss: 29Mb L: 43/333 MS: 5 EraseBytes-CrossOver-ShuffleBytes-InsertByte-CMP- DE: "\001\000\000\000\000\000\000\035"-
#9250	REDUCE cov: 125 ft: 515 corp: 71/10118b lim: 333 exec/s: 9250 rss: 29Mb L: 25/333 MS: 4 CMP-ChangeBit-InsertByte-EraseBytes- DE: ":5pm"-
#9485	REDUCE cov: 125 ft: 515 corp: 71/10117b lim: 333 exec/s: 9485 rss: 29Mb L: 72/333 MS: 5 ChangeByte-CrossOver-CrossOver-ShuffleBytes-EraseBytes-
#9942	REDUCE cov: 125 ft: 515 corp: 71/10112b lim: 333 exec/s: 9942 rss: 29Mb L: 204/333 MS: 2 ChangeBit-EraseBytes-
#10047	REDUCE cov: 125 ft: 515 corp: 71/10100b lim: 333 exec/s: 10047 rss: 29Mb L: 164/333 MS: 5 ShuffleBytes-CMP-ChangeByte-EraseBytes-InsertRepeatedBytes- DE: "\000\000{\232`\003\374\024"-
#10054	REDUCE cov: 125 ft: 516 corp: 72/10308b lim: 333 exec/s: 10054 rss: 29Mb L: 208/333 MS: 2 PersAutoDict-InsertRepeatedBytes- DE: "\257\307\337 \205_\000\000"-
#10170	REDUCE cov: 125 ft: 516 corp: 72/10273b lim: 333 exec/s: 10170 rss: 29Mb L: 81/333 MS: 1 EraseBytes-
#10247	REDUCE cov: 125 ft: 516 corp: 72/10268b lim: 333 exec/s: 10247 rss: 29Mb L: 181/333 MS: 2 CMP-CrossOver- DE: "\001\000\000\000\000\000\000\235"-
#10668	REDUCE cov: 125 ft: 516 corp: 72/10248b lim: 333 exec/s: 10668 rss: 29Mb L: 153/333 MS: 1 EraseBytes-
#11000	REDUCE cov: 125 ft: 516 corp: 72/10240b lim: 333 exec/s: 11000 rss: 29Mb L: 40/333 MS: 2 CMP-EraseBytes- DE: "\250\247\247\247"-
#11134	REDUCE cov: 125 ft: 516 corp: 72/10204b lim: 333 exec/s: 11134 rss: 29Mb L: 147/333 MS: 4 PersAutoDict-ChangeASCIIInt-ChangeBit-EraseBytes- DE: "\257\307\337 \205_\000\000"-
#11266	REDUCE cov: 125 ft: 516 corp: 72/10202b lim: 333 exec/s: 11266 rss: 29Mb L: 179/333 MS: 2 PersAutoDict-EraseBytes- DE: "\257\307\337 \205_\000\000"-
#11354	REDUCE cov: 125 ft: 516 corp: 72/10201b lim: 333 exec/s: 11354 rss: 29Mb L: 24/333 MS: 3 ChangeBit-EraseBytes-InsertByte-
#11630	REDUCE cov: 125 ft: 516 corp: 72/10200b lim: 333 exec/s: 11630 rss: 29Mb L: 83/333 MS: 1 EraseBytes-
#11706	NEW    cov: 125 ft: 517 corp: 73/10484b lim: 333 exec/s: 11706 rss: 29Mb L: 284/333 MS: 1 InsertRepeatedBytes-
#12522	REDUCE cov: 125 ft: 517 corp: 73/10421b lim: 341 exec/s: 12522 rss: 29Mb L: 84/333 MS: 1 EraseBytes-
#12689	REDUCE cov: 125 ft: 517 corp: 73/10410b lim: 341 exec/s: 12689 rss: 29Mb L: 12/333 MS: 2 ShuffleBytes-EraseBytes-
#12749	NEW    cov: 125 ft: 523 corp: 74/10751b lim: 341 exec/s: 12749 rss: 29Mb L: 341/341 MS: 5 CrossOver-CopyPart-CopyPart-ChangeBinInt-CopyPart-
#12841	REDUCE cov: 125 ft: 523 corp: 74/10717b lim: 341 exec/s: 12841 rss: 29Mb L: 174/341 MS: 2 ChangeBit-EraseBytes-
#13059	REDUCE cov: 125 ft: 523 corp: 74/10677b lim: 341 exec/s: 13059 rss: 29Mb L: 204/341 MS: 3 ChangeBit-ChangeBinInt-EraseBytes-
#13276	REDUCE cov: 125 ft: 523 corp: 74/10676b lim: 341 exec/s: 6638 rss: 29Mb L: 16/341 MS: 2 CrossOver-EraseBytes-
#13355	NEW    cov: 125 ft: 527 corp: 75/11017b lim: 341 exec/s: 6677 rss: 29Mb L: 341/341 MS: 4 InsertRepeatedBytes-ChangeBinInt-CrossOver-ChangeBinInt-
#13451	REDUCE cov: 126 ft: 529 corp: 76/11049b lim: 341 exec/s: 6725 rss: 29Mb L: 32/341 MS: 1 CMP- DE: "tapt"-
#13704	REDUCE cov: 126 ft: 529 corp: 76/11043b lim: 341 exec/s: 6852 rss: 29Mb L: 56/341 MS: 3 ShuffleBytes-PersAutoDict-EraseBytes- DE: "\001\000\000\000\000\000\000\235"-
#13942	REDUCE cov: 126 ft: 529 corp: 76/10979b lim: 341 exec/s: 6971 rss: 29Mb L: 224/341 MS: 3 ChangeBinInt-ChangeBinInt-EraseBytes-
#13999	REDUCE cov: 126 ft: 529 corp: 76/10958b lim: 341 exec/s: 6999 rss: 29Mb L: 51/341 MS: 2 ChangeByte-EraseBytes-
#14110	REDUCE cov: 126 ft: 529 corp: 76/10954b lim: 341 exec/s: 7055 rss: 29Mb L: 218/341 MS: 1 EraseBytes-
#14161	REDUCE cov: 126 ft: 529 corp: 76/10944b lim: 341 exec/s: 7080 rss: 29Mb L: 171/341 MS: 1 EraseBytes-
#14435	REDUCE cov: 126 ft: 529 corp: 76/10940b lim: 341 exec/s: 7217 rss: 29Mb L: 149/341 MS: 4 ChangeBit-CMP-PersAutoDict-EraseBytes- DE: "hvc1"-"\030\000\000\000"-
#14541	REDUCE cov: 126 ft: 529 corp: 76/10938b lim: 341 exec/s: 7270 rss: 29Mb L: 82/341 MS: 1 EraseBytes-
#14656	REDUCE cov: 126 ft: 529 corp: 76/10877b lim: 341 exec/s: 7328 rss: 29Mb L: 117/341 MS: 5 CMP-InsertRepeatedBytes-PersAutoDict-EraseBytes-EraseBytes- DE: "hvcC"-"\030\000\000\000"-
#14757	REDUCE cov: 126 ft: 529 corp: 76/10862b lim: 341 exec/s: 7378 rss: 29Mb L: 122/341 MS: 1 EraseBytes-
#14863	REDUCE cov: 126 ft: 529 corp: 76/10854b lim: 341 exec/s: 7431 rss: 29Mb L: 62/341 MS: 1 EraseBytes-
#15425	REDUCE cov: 126 ft: 529 corp: 76/10851b lim: 341 exec/s: 7712 rss: 29Mb L: 48/341 MS: 2 ShuffleBytes-EraseBytes-
#15644	REDUCE cov: 126 ft: 529 corp: 76/10828b lim: 341 exec/s: 7822 rss: 29Mb L: 53/341 MS: 4 ChangeBinInt-ChangeBit-PersAutoDict-EraseBytes- DE: "\001\000\000\000\000\000\000\235"-
#15885	REDUCE cov: 126 ft: 529 corp: 76/10827b lim: 341 exec/s: 7942 rss: 29Mb L: 217/341 MS: 1 EraseBytes-
#16384	pulse  cov: 126 ft: 529 corp: 76/10827b lim: 341 exec/s: 8192 rss: 29Mb
#16941	REDUCE cov: 126 ft: 529 corp: 76/10807b lim: 349 exec/s: 8470 rss: 29Mb L: 24/341 MS: 1 EraseBytes-
#17218	REDUCE cov: 126 ft: 529 corp: 76/10806b lim: 349 exec/s: 8609 rss: 29Mb L: 81/341 MS: 2 ChangeBit-EraseBytes-
#17259	REDUCE cov: 126 ft: 529 corp: 76/10795b lim: 349 exec/s: 8629 rss: 29Mb L: 37/341 MS: 1 EraseBytes-
#17485	REDUCE cov: 126 ft: 529 corp: 76/10787b lim: 349 exec/s: 8742 rss: 29Mb L: 29/341 MS: 1 EraseBytes-
#17557	REDUCE cov: 126 ft: 529 corp: 76/10779b lim: 349 exec/s: 8778 rss: 29Mb L: 73/341 MS: 2 ChangeBit-EraseBytes-
#17728	REDUCE cov: 126 ft: 529 corp: 76/10774b lim: 349 exec/s: 8864 rss: 29Mb L: 11/341 MS: 1 EraseBytes-
#17729	REDUCE cov: 126 ft: 529 corp: 76/10771b lim: 349 exec/s: 8864 rss: 29Mb L: 59/341 MS: 1 EraseBytes-
#17813	REDUCE cov: 126 ft: 529 corp: 76/10736b lim: 349 exec/s: 8906 rss: 29Mb L: 163/341 MS: 4 EraseBytes-EraseBytes-CrossOver-CrossOver-
#18715	REDUCE cov: 126 ft: 529 corp: 76/10717b lim: 357 exec/s: 9357 rss: 29Mb L: 54/341 MS: 2 ChangeByte-EraseBytes-
#18856	REDUCE cov: 126 ft: 529 corp: 76/10713b lim: 357 exec/s: 9428 rss: 29Mb L: 145/341 MS: 1 EraseBytes-
#18889	REDUCE cov: 126 ft: 529 corp: 76/10712b lim: 357 exec/s: 9444 rss: 29Mb L: 74/341 MS: 3 CopyPart-ChangeByte-EraseBytes-
#19009	REDUCE cov: 126 ft: 529 corp: 76/10711b lim: 357 exec/s: 9504 rss: 30Mb L: 265/341 MS: 5 ChangeByte-ChangeByte-CopyPart-CopyPart-EraseBytes-
#19012	REDUCE cov: 126 ft: 529 corp: 76/10707b lim: 357 exec/s: 9506 rss: 30Mb L: 36/341 MS: 3 PersAutoDict-ChangeBit-EraseBytes- DE: "stss"-
#19235	REDUCE cov: 126 ft: 529 corp: 76/10687b lim: 357 exec/s: 9617 rss: 30Mb L: 143/341 MS: 3 ChangeByte-InsertByte-EraseBytes-
#19895	REDUCE cov: 126 ft: 529 corp: 76/10649b lim: 357 exec/s: 6631 rss: 30Mb L: 43/341 MS: 5 ShuffleBytes-CrossOver-InsertByte-ShuffleBytes-EraseBytes-
#20426	REDUCE cov: 126 ft: 529 corp: 76/10648b lim: 357 exec/s: 6808 rss: 30Mb L: 10/341 MS: 1 EraseBytes-
#20618	REDUCE cov: 126 ft: 529 corp: 76/10624b lim: 357 exec/s: 6872 rss: 30Mb L: 200/341 MS: 2 ChangeBinInt-EraseBytes-
#20757	REDUCE cov: 126 ft: 529 corp: 76/10619b lim: 357 exec/s: 6919 rss: 30Mb L: 215/341 MS: 4 ChangeBinInt-PersAutoDict-CopyPart-EraseBytes- DE: "hvcC"-
#20921	REDUCE cov: 126 ft: 529 corp: 76/10612b lim: 357 exec/s: 6973 rss: 30Mb L: 36/341 MS: 4 InsertByte-ChangeBit-InsertRepeatedBytes-EraseBytes-
#21897	REDUCE cov: 126 ft: 529 corp: 76/10588b lim: 365 exec/s: 7299 rss: 30Mb L: 140/341 MS: 1 EraseBytes-
#22073	REDUCE cov: 126 ft: 529 corp: 76/10587b lim: 365 exec/s: 7357 rss: 30Mb L: 67/341 MS: 1 EraseBytes-
#22493	REDUCE cov: 126 ft: 529 corp: 76/10577b lim: 365 exec/s: 7497 rss: 30Mb L: 19/341 MS: 5 CopyPart-ShuffleBytes-ShuffleBytes-ChangeBit-EraseBytes-
#22640	REDUCE cov: 126 ft: 529 corp: 76/10572b lim: 365 exec/s: 7546 rss: 30Mb L: 49/341 MS: 2 ChangeBit-EraseBytes-
#23511	REDUCE cov: 126 ft: 529 corp: 76/10571b lim: 373 exec/s: 7837 rss: 30Mb L: 170/341 MS: 1 EraseBytes-
#23645	NEW    cov: 126 ft: 530 corp: 77/10902b lim: 373 exec/s: 7881 rss: 30Mb L: 331/341 MS: 4 InsertRepeatedBytes-ChangeASCIIInt-ChangeASCIIInt-EraseBytes-
#23876	REDUCE cov: 126 ft: 530 corp: 77/10874b lim: 373 exec/s: 7958 rss: 30Mb L: 198/341 MS: 1 EraseBytes-
==124662== ERROR: libFuzzer: out-of-memory (used: 2112Mb; limit: 1024Mb)
   To change the out-of-memory limit use -rss_limit_mb=<N>

MS: 5 ShuffleBytes-CopyPart-ChangeBit-ChangeBinInt-CopyPart-; base unit: 7c66a6f32fd19258b16589205682b8bbb060fb61
0x0,0x0,0x0,0x1c,0x66,0x74,0x79,0x70,0x4d,0x34,0x56,0x20,0x5,0x0,0x0,0x0,0xae,0xff,0x1,0x0,0x0,0x0,0x0,0x0,0x0,0x0,0x0,0x0,0x0,0x0,0x0,0x1,0x64,0x61,0x74,0x61,0x0,0x0,0x0,0x1,0x0,0x0,0x0,0x0,0x0,0x0,0x0,0x0,0x0,0x0,0x0,0x0,0x18,0x66,0x1d,
\000\000\000\034ftypM4V \005\000\000\000\256\377\001\000\000\000\000\000\000\000\000\000\000\000\000\001data\000\000\000\001\000\000\000\000\000\000\000\000\000\000\000\000\030f\035
artifact_prefix='/results/crashes/20260313_150257_27735d25_'; Test unit written to /results/crashes/20260313_150257_27735d25_oom-9ed5322c54991b7fe99ebbcb302cb5a7b8f0423c
Base64: AAAAHGZ0eXBNNFYgBQAAAK7/AQAAAAAAAAAAAAAAAAFkYXRhAAAAAQAAAAAAAAAAAAAAABhmHQ==
SUMMARY: libFuzzer: out-of-memory
stat::number_of_executed_units: 23906
stat::average_exec_per_sec:     4781
stat::new_units_added:          202
stat::slowest_unit_time_sec:    0
stat::peak_rss_mb:              2113
