INFO: Running with entropic power schedule (0xFF, 100).
INFO: Seed: 3593073509
INFO: Loaded 1 modules   (252 inline 8-bit counters): 252 [0x57b8a55d7678, 0x57b8a55d7774), 
INFO: Loaded 1 PC tables (252 PCs): 252 [0x57b8a55d7778,0x57b8a55d8738), 
INFO:        4 files found in /tmp/corpus_20260313_153341_60796ee9
INFO: seed corpus: files: 4 min: 48b max: 333b total: 853b rss: 28Mb
#5	INITED cov: 118 ft: 250 corp: 4/853b exec/s: 0 rss: 29Mb
#9	NEW    cov: 119 ft: 251 corp: 5/1186b lim: 333 exec/s: 0 rss: 29Mb L: 333/333 MS: 4 ChangeBinInt-ChangeByte-ChangeByte-CopyPart-
#10	NEW    cov: 119 ft: 262 corp: 6/1234b lim: 333 exec/s: 0 rss: 29Mb L: 48/333 MS: 1 ChangeBit-
#11	NEW    cov: 119 ft: 279 corp: 7/1345b lim: 333 exec/s: 0 rss: 29Mb L: 111/333 MS: 1 CrossOver-
#16	NEW    cov: 119 ft: 294 corp: 8/1545b lim: 333 exec/s: 0 rss: 29Mb L: 200/333 MS: 5 CMP-ChangeASCIIInt-EraseBytes-ChangeASCIIInt-CopyPart- DE: "N7ISOBMFF4FTYPE"-
#21	NEW    cov: 119 ft: 312 corp: 9/1579b lim: 333 exec/s: 0 rss: 29Mb L: 34/333 MS: 5 ChangeByte-EraseBytes-ChangeByte-ChangeBinInt-CrossOver-
#22	NEW    cov: 119 ft: 314 corp: 10/1779b lim: 333 exec/s: 0 rss: 29Mb L: 200/333 MS: 1 ShuffleBytes-
#24	NEW    cov: 119 ft: 315 corp: 11/1979b lim: 333 exec/s: 0 rss: 29Mb L: 200/333 MS: 2 ChangeBinInt-ShuffleBytes-
#29	NEW    cov: 119 ft: 316 corp: 12/2028b lim: 333 exec/s: 0 rss: 29Mb L: 49/333 MS: 5 ChangeBinInt-ChangeBinInt-CMP-ShuffleBytes-InsertByte- DE: "8\327\303\322\270W\000\000"-
#33	NEW    cov: 122 ft: 324 corp: 13/2361b lim: 333 exec/s: 0 rss: 29Mb L: 333/333 MS: 4 ChangeBinInt-ChangeBit-ChangeBit-CrossOver-
#38	NEW    cov: 122 ft: 325 corp: 14/2629b lim: 333 exec/s: 0 rss: 29Mb L: 268/333 MS: 5 InsertByte-CMP-CrossOver-CrossOver-InsertRepeatedBytes- DE: "\377\377\377\377\377\377\377o"-
#39	NEW    cov: 122 ft: 331 corp: 15/2693b lim: 333 exec/s: 0 rss: 29Mb L: 64/333 MS: 1 EraseBytes-
#43	NEW    cov: 122 ft: 332 corp: 16/2954b lim: 333 exec/s: 0 rss: 29Mb L: 261/333 MS: 4 InsertByte-CMP-CopyPart-ChangeBit- DE: "}B\303\322\270W\000\000"-
#44	NEW    cov: 122 ft: 333 corp: 17/3077b lim: 333 exec/s: 0 rss: 29Mb L: 123/333 MS: 1 CopyPart-
#59	NEW    cov: 122 ft: 335 corp: 18/3239b lim: 333 exec/s: 0 rss: 29Mb L: 162/333 MS: 5 ChangeByte-CrossOver-ChangeBit-ShuffleBytes-InsertRepeatedBytes-
#63	NEW    cov: 122 ft: 336 corp: 19/3567b lim: 333 exec/s: 0 rss: 29Mb L: 328/333 MS: 4 ChangeByte-CMP-CopyPart-CrossOver- DE: "mdat"-
#71	NEW    cov: 122 ft: 351 corp: 20/3616b lim: 333 exec/s: 0 rss: 29Mb L: 49/333 MS: 3 ChangeBit-ShuffleBytes-InsertByte-
#80	NEW    cov: 122 ft: 352 corp: 21/3685b lim: 333 exec/s: 0 rss: 29Mb L: 69/333 MS: 4 EraseBytes-ChangeByte-EraseBytes-EraseBytes-
#81	REDUCE cov: 122 ft: 352 corp: 21/3666b lim: 333 exec/s: 0 rss: 29Mb L: 181/333 MS: 1 EraseBytes-
#84	NEW    cov: 122 ft: 353 corp: 22/3912b lim: 333 exec/s: 0 rss: 29Mb L: 246/333 MS: 3 ChangeBit-CrossOver-InsertRepeatedBytes-
#94	NEW    cov: 122 ft: 380 corp: 23/4122b lim: 333 exec/s: 0 rss: 29Mb L: 210/333 MS: 5 ShuffleBytes-EraseBytes-ChangeBinInt-PersAutoDict-ChangeBit- DE: "\377\377\377\377\377\377\377o"-
#98	NEW    cov: 122 ft: 381 corp: 24/4401b lim: 333 exec/s: 0 rss: 29Mb L: 279/333 MS: 4 PersAutoDict-ChangeASCIIInt-CrossOver-CopyPart- DE: "8\327\303\322\270W\000\000"-
#99	NEW    cov: 122 ft: 383 corp: 25/4435b lim: 333 exec/s: 0 rss: 29Mb L: 34/333 MS: 1 ChangeBit-
#109	NEW    cov: 122 ft: 384 corp: 26/4668b lim: 333 exec/s: 0 rss: 29Mb L: 233/333 MS: 5 CrossOver-ChangeByte-ChangeBit-ShuffleBytes-EraseBytes-
#110	REDUCE cov: 122 ft: 385 corp: 27/4955b lim: 333 exec/s: 0 rss: 29Mb L: 287/333 MS: 1 CrossOver-
#115	REDUCE cov: 122 ft: 385 corp: 27/4835b lim: 333 exec/s: 0 rss: 29Mb L: 167/333 MS: 5 CopyPart-InsertRepeatedBytes-ChangeBinInt-CrossOver-InsertByte-
#122	NEW    cov: 122 ft: 386 corp: 28/4920b lim: 333 exec/s: 0 rss: 29Mb L: 85/333 MS: 2 ChangeByte-CrossOver-
#125	NEW    cov: 122 ft: 387 corp: 29/5047b lim: 333 exec/s: 0 rss: 29Mb L: 127/333 MS: 3 CopyPart-ChangeByte-InsertRepeatedBytes-
#126	REDUCE cov: 122 ft: 388 corp: 30/5324b lim: 333 exec/s: 0 rss: 29Mb L: 277/333 MS: 1 CopyPart-
#127	REDUCE cov: 122 ft: 388 corp: 30/5280b lim: 333 exec/s: 0 rss: 29Mb L: 289/333 MS: 1 CrossOver-
#128	NEW    cov: 122 ft: 389 corp: 31/5545b lim: 333 exec/s: 0 rss: 29Mb L: 265/333 MS: 1 InsertRepeatedBytes-
#131	REDUCE cov: 122 ft: 390 corp: 32/5730b lim: 333 exec/s: 0 rss: 29Mb L: 185/333 MS: 3 PersAutoDict-ShuffleBytes-ChangeByte- DE: "mdat"-
#175	NEW    cov: 122 ft: 392 corp: 33/5985b lim: 333 exec/s: 0 rss: 29Mb L: 255/333 MS: 4 InsertByte-ChangeByte-EraseBytes-PersAutoDict- DE: "\377\377\377\377\377\377\377o"-
#181	NEW    cov: 122 ft: 393 corp: 34/6103b lim: 333 exec/s: 0 rss: 29Mb L: 118/333 MS: 1 InsertRepeatedBytes-
#186	NEW    cov: 122 ft: 394 corp: 35/6169b lim: 333 exec/s: 0 rss: 29Mb L: 66/333 MS: 5 ShuffleBytes-EraseBytes-CrossOver-ChangeBit-CrossOver-
#207	REDUCE cov: 122 ft: 395 corp: 36/6277b lim: 333 exec/s: 0 rss: 29Mb L: 108/333 MS: 1 EraseBytes-
#256	REDUCE cov: 122 ft: 395 corp: 36/6269b lim: 333 exec/s: 0 rss: 29Mb L: 115/333 MS: 4 PersAutoDict-CopyPart-ChangeBit-CrossOver- DE: "mdat"-
#278	NEW    cov: 122 ft: 396 corp: 37/6311b lim: 333 exec/s: 0 rss: 29Mb L: 42/333 MS: 2 CrossOver-CMP- DE: "\274\273:\245\270W\000\000"-
#294	NEW    cov: 122 ft: 397 corp: 38/6361b lim: 333 exec/s: 0 rss: 29Mb L: 50/333 MS: 1 PersAutoDict- DE: "\274\273:\245\270W\000\000"-
#301	NEW    cov: 122 ft: 398 corp: 39/6631b lim: 333 exec/s: 0 rss: 29Mb L: 270/333 MS: 2 ChangeBinInt-InsertRepeatedBytes-
#317	REDUCE cov: 122 ft: 398 corp: 39/6589b lim: 333 exec/s: 0 rss: 29Mb L: 191/333 MS: 1 EraseBytes-
#380	NEW    cov: 122 ft: 403 corp: 40/6909b lim: 333 exec/s: 0 rss: 29Mb L: 320/333 MS: 3 ChangeASCIIInt-CMP-CopyPart- DE: "\377\377\377\000\000\000\000\002"-
#457	NEW    cov: 122 ft: 405 corp: 41/7056b lim: 333 exec/s: 0 rss: 29Mb L: 147/333 MS: 2 ShuffleBytes-EraseBytes-
#467	NEW    cov: 122 ft: 406 corp: 42/7098b lim: 333 exec/s: 0 rss: 29Mb L: 42/333 MS: 5 CrossOver-EraseBytes-EraseBytes-CopyPart-EraseBytes-
#494	NEW    cov: 122 ft: 415 corp: 43/7121b lim: 333 exec/s: 0 rss: 29Mb L: 23/333 MS: 2 CrossOver-EraseBytes-
#500	NEW    cov: 122 ft: 416 corp: 44/7192b lim: 333 exec/s: 0 rss: 29Mb L: 71/333 MS: 1 InsertRepeatedBytes-
#526	NEW    cov: 122 ft: 425 corp: 45/7300b lim: 333 exec/s: 0 rss: 29Mb L: 108/333 MS: 1 ChangeBinInt-
#600	NEW    cov: 122 ft: 426 corp: 46/7588b lim: 333 exec/s: 0 rss: 29Mb L: 288/333 MS: 4 PersAutoDict-ChangeASCIIInt-InsertRepeatedBytes-CrossOver- DE: "}B\303\322\270W\000\000"-
#617	REDUCE cov: 122 ft: 426 corp: 46/7571b lim: 333 exec/s: 0 rss: 29Mb L: 164/333 MS: 2 PersAutoDict-EraseBytes- DE: "8\327\303\322\270W\000\000"-
#653	NEW    cov: 122 ft: 427 corp: 47/7892b lim: 333 exec/s: 0 rss: 29Mb L: 321/333 MS: 1 CrossOver-
#657	NEW    cov: 122 ft: 428 corp: 48/8164b lim: 333 exec/s: 0 rss: 29Mb L: 272/333 MS: 4 InsertByte-ChangeByte-ChangeBit-InsertByte-
#658	NEW    cov: 122 ft: 436 corp: 49/8188b lim: 333 exec/s: 0 rss: 29Mb L: 24/333 MS: 1 InsertByte-
#796	NEW    cov: 122 ft: 437 corp: 50/8473b lim: 333 exec/s: 0 rss: 29Mb L: 285/333 MS: 3 ChangeBit-ChangeBit-CMP- DE: "Z\234\304\322\270W\000\000"-
#800	REDUCE cov: 122 ft: 437 corp: 50/8405b lim: 333 exec/s: 0 rss: 29Mb L: 220/333 MS: 4 CopyPart-PersAutoDict-ChangeByte-EraseBytes- DE: "mdat"-
#858	REDUCE cov: 122 ft: 437 corp: 50/8385b lim: 333 exec/s: 0 rss: 29Mb L: 88/333 MS: 3 EraseBytes-ChangeBit-InsertByte-
#874	REDUCE cov: 122 ft: 437 corp: 50/8258b lim: 333 exec/s: 0 rss: 29Mb L: 201/333 MS: 1 EraseBytes-
#916	NEW    cov: 123 ft: 438 corp: 51/8260b lim: 333 exec/s: 0 rss: 29Mb L: 2/333 MS: 2 ChangeBit-CrossOver-
#1091	NEW    cov: 123 ft: 439 corp: 52/8536b lim: 333 exec/s: 0 rss: 29Mb L: 276/333 MS: 5 PersAutoDict-ChangeBit-ChangeBinInt-ChangeASCIIInt-ChangeBit- DE: "Z\234\304\322\270W\000\000"-
#1115	REDUCE cov: 123 ft: 439 corp: 52/8527b lim: 333 exec/s: 0 rss: 29Mb L: 256/333 MS: 4 ShuffleBytes-CrossOver-InsertRepeatedBytes-EraseBytes-
#1294	NEW    cov: 123 ft: 448 corp: 53/8537b lim: 333 exec/s: 0 rss: 29Mb L: 10/333 MS: 4 CMP-ChangeByte-ChangeBinInt-CrossOver- DE: "\242j\000`\012\177\000\000"-
#1316	REDUCE cov: 123 ft: 448 corp: 53/8504b lim: 333 exec/s: 0 rss: 29Mb L: 38/333 MS: 2 EraseBytes-EraseBytes-
#1329	NEW    cov: 123 ft: 456 corp: 54/8796b lim: 333 exec/s: 0 rss: 29Mb L: 292/333 MS: 3 InsertRepeatedBytes-CopyPart-InsertRepeatedBytes-
#1440	REDUCE cov: 123 ft: 456 corp: 54/8795b lim: 333 exec/s: 0 rss: 29Mb L: 1/333 MS: 1 EraseBytes-
#1444	NEW    cov: 123 ft: 462 corp: 55/8874b lim: 333 exec/s: 0 rss: 29Mb L: 79/333 MS: 4 PersAutoDict-ChangeByte-CopyPart-CrossOver- DE: "\377\377\377\377\377\377\377o"-
#1445	NEW    cov: 123 ft: 468 corp: 56/9205b lim: 333 exec/s: 0 rss: 29Mb L: 331/333 MS: 1 CopyPart-
#1451	REDUCE cov: 123 ft: 468 corp: 56/9142b lim: 333 exec/s: 0 rss: 29Mb L: 137/333 MS: 1 EraseBytes-
#1517	REDUCE cov: 123 ft: 473 corp: 57/9309b lim: 333 exec/s: 0 rss: 29Mb L: 167/333 MS: 1 CopyPart-
#1834	NEW    cov: 123 ft: 474 corp: 58/9336b lim: 333 exec/s: 0 rss: 29Mb L: 27/333 MS: 2 CrossOver-EraseBytes-
#1856	REDUCE cov: 123 ft: 474 corp: 58/9256b lim: 333 exec/s: 0 rss: 29Mb L: 188/333 MS: 2 InsertByte-EraseBytes-
#1904	NEW    cov: 123 ft: 476 corp: 59/9477b lim: 333 exec/s: 0 rss: 29Mb L: 221/333 MS: 3 CopyPart-ShuffleBytes-InsertByte-
#1924	REDUCE cov: 123 ft: 476 corp: 59/9472b lim: 333 exec/s: 0 rss: 29Mb L: 18/333 MS: 5 ChangeBinInt-EraseBytes-CrossOver-EraseBytes-CMP- DE: "\2732\036\217\340_f\207"-
#1980	REDUCE cov: 123 ft: 476 corp: 59/9418b lim: 333 exec/s: 0 rss: 29Mb L: 93/333 MS: 1 EraseBytes-
#2088	REDUCE cov: 123 ft: 476 corp: 59/9394b lim: 333 exec/s: 0 rss: 29Mb L: 307/333 MS: 3 EraseBytes-CopyPart-CrossOver-
#2173	REDUCE cov: 123 ft: 476 corp: 59/9369b lim: 333 exec/s: 0 rss: 29Mb L: 221/333 MS: 5 ChangeBinInt-ChangeBinInt-EraseBytes-PersAutoDict-ChangeBit- DE: "N7ISOBMFF4FTYPE"-
#2186	REDUCE cov: 123 ft: 476 corp: 59/9346b lim: 333 exec/s: 0 rss: 29Mb L: 177/333 MS: 3 InsertRepeatedBytes-CopyPart-EraseBytes-
#2448	REDUCE cov: 123 ft: 476 corp: 59/9336b lim: 333 exec/s: 0 rss: 29Mb L: 167/333 MS: 2 ChangeByte-EraseBytes-
#2461	REDUCE cov: 123 ft: 476 corp: 59/9324b lim: 333 exec/s: 0 rss: 29Mb L: 173/333 MS: 3 CMP-CMP-CrossOver- DE: "\001\010"-"~\377\377\377\377\377\377\377"-
#2492	REDUCE cov: 123 ft: 476 corp: 59/9322b lim: 333 exec/s: 0 rss: 29Mb L: 77/333 MS: 1 EraseBytes-
#2542	REDUCE cov: 123 ft: 476 corp: 59/9283b lim: 333 exec/s: 0 rss: 29Mb L: 238/333 MS: 5 PersAutoDict-ChangeBit-ChangeByte-InsertByte-EraseBytes- DE: "\2732\036\217\340_f\207"-
#2733	NEW    cov: 123 ft: 477 corp: 60/9559b lim: 333 exec/s: 0 rss: 29Mb L: 276/333 MS: 1 ChangeBinInt-
#2770	REDUCE cov: 123 ft: 477 corp: 60/9551b lim: 333 exec/s: 0 rss: 29Mb L: 80/333 MS: 2 CrossOver-EraseBytes-
#2822	REDUCE cov: 123 ft: 478 corp: 61/9815b lim: 333 exec/s: 0 rss: 29Mb L: 264/333 MS: 2 ChangeBit-PersAutoDict- DE: "Z\234\304\322\270W\000\000"-
#2825	NEW    cov: 123 ft: 486 corp: 62/10036b lim: 333 exec/s: 0 rss: 29Mb L: 221/333 MS: 3 ChangeByte-ShuffleBytes-CMP- DE: "mfra"-
#2906	NEW    cov: 123 ft: 487 corp: 63/10256b lim: 333 exec/s: 0 rss: 29Mb L: 220/333 MS: 1 CopyPart-
#2952	NEW    cov: 123 ft: 488 corp: 64/10264b lim: 333 exec/s: 0 rss: 29Mb L: 8/333 MS: 1 EraseBytes-
#3124	REDUCE cov: 123 ft: 488 corp: 64/10216b lim: 333 exec/s: 0 rss: 29Mb L: 140/333 MS: 2 CrossOver-EraseBytes-
#3446	NEW    cov: 123 ft: 489 corp: 65/10482b lim: 333 exec/s: 0 rss: 29Mb L: 266/333 MS: 2 CMP-CMP- DE: "hvc1"-"\001 "-
#3529	REDUCE cov: 123 ft: 489 corp: 65/10479b lim: 333 exec/s: 0 rss: 29Mb L: 249/333 MS: 3 ChangeBinInt-CMP-EraseBytes- DE: "\000\010"-
#3751	NEW    cov: 123 ft: 519 corp: 66/10708b lim: 333 exec/s: 0 rss: 29Mb L: 229/333 MS: 2 ChangeByte-PersAutoDict- DE: "\274\273:\245\270W\000\000"-
#3792	REDUCE cov: 123 ft: 519 corp: 66/10706b lim: 333 exec/s: 0 rss: 29Mb L: 165/333 MS: 1 EraseBytes-
#3997	NEW    cov: 124 ft: 521 corp: 67/11035b lim: 333 exec/s: 0 rss: 29Mb L: 329/333 MS: 5 CrossOver-PersAutoDict-CMP-ChangeBinInt-PersAutoDict- DE: "hvc1"-"N7ISOBMFF12Con"-"\377\377\377\000\000\000\000\002"-
#4041	REDUCE cov: 124 ft: 522 corp: 68/11281b lim: 333 exec/s: 0 rss: 29Mb L: 246/333 MS: 4 ChangeBit-ChangeBit-CMP-ChangeBit- DE: "\377\377~\012`\002\227V"-
#4156	NEW    cov: 124 ft: 523 corp: 69/11595b lim: 333 exec/s: 0 rss: 29Mb L: 314/333 MS: 5 CrossOver-ChangeBinInt-CrossOver-PersAutoDict-InsertRepeatedBytes- DE: "\377\377\377\377\377\377\377o"-
#4172	REDUCE cov: 124 ft: 523 corp: 69/11551b lim: 333 exec/s: 0 rss: 29Mb L: 202/333 MS: 1 EraseBytes-
#4178	NEW    cov: 124 ft: 524 corp: 70/11779b lim: 333 exec/s: 0 rss: 29Mb L: 228/333 MS: 1 PersAutoDict- DE: "8\327\303\322\270W\000\000"-
#4181	REDUCE cov: 124 ft: 524 corp: 70/11745b lim: 333 exec/s: 0 rss: 29Mb L: 258/333 MS: 3 ShuffleBytes-PersAutoDict-EraseBytes- DE: "mdat"-
#4268	REDUCE cov: 124 ft: 524 corp: 70/11723b lim: 333 exec/s: 0 rss: 29Mb L: 307/333 MS: 2 ShuffleBytes-EraseBytes-
#4444	REDUCE cov: 124 ft: 524 corp: 70/11704b lim: 333 exec/s: 0 rss: 29Mb L: 23/333 MS: 1 EraseBytes-
#4525	REDUCE cov: 124 ft: 524 corp: 70/11687b lim: 333 exec/s: 0 rss: 29Mb L: 60/333 MS: 1 EraseBytes-
#4983	REDUCE cov: 124 ft: 524 corp: 70/11647b lim: 333 exec/s: 0 rss: 29Mb L: 188/333 MS: 3 ChangeBinInt-ChangeByte-EraseBytes-
#5105	NEW    cov: 124 ft: 525 corp: 71/11940b lim: 333 exec/s: 0 rss: 29Mb L: 293/333 MS: 2 CrossOver-CrossOver-
#5171	REDUCE cov: 124 ft: 525 corp: 71/11915b lim: 333 exec/s: 0 rss: 29Mb L: 260/333 MS: 1 EraseBytes-
#5249	REDUCE cov: 124 ft: 525 corp: 71/11894b lim: 333 exec/s: 0 rss: 29Mb L: 146/333 MS: 3 ChangeBinInt-ChangeBinInt-EraseBytes-
#5260	REDUCE cov: 124 ft: 525 corp: 71/11889b lim: 333 exec/s: 0 rss: 29Mb L: 157/333 MS: 1 CrossOver-
#5307	NEW    cov: 124 ft: 528 corp: 72/12066b lim: 333 exec/s: 0 rss: 29Mb L: 177/333 MS: 2 ChangeByte-EraseBytes-
#5431	REDUCE cov: 124 ft: 528 corp: 72/12051b lim: 333 exec/s: 0 rss: 29Mb L: 78/333 MS: 4 CrossOver-ChangeByte-CrossOver-EraseBytes-
#5548	REDUCE cov: 124 ft: 528 corp: 72/12043b lim: 333 exec/s: 0 rss: 29Mb L: 58/333 MS: 2 CrossOver-EraseBytes-
#5577	REDUCE cov: 124 ft: 528 corp: 72/12036b lim: 333 exec/s: 0 rss: 29Mb L: 62/333 MS: 4 PersAutoDict-CMP-CrossOver-EraseBytes- DE: "}B\303\322\270W\000\000"-"ipma"-
#5813	REDUCE cov: 124 ft: 528 corp: 72/11974b lim: 333 exec/s: 0 rss: 29Mb L: 245/333 MS: 1 EraseBytes-
#5891	REDUCE cov: 124 ft: 529 corp: 73/12283b lim: 333 exec/s: 0 rss: 29Mb L: 309/333 MS: 3 ChangeBinInt-CrossOver-CopyPart-
#5903	REDUCE cov: 124 ft: 529 corp: 73/12281b lim: 333 exec/s: 0 rss: 29Mb L: 277/333 MS: 2 CopyPart-EraseBytes-
#5930	REDUCE cov: 124 ft: 529 corp: 73/12256b lim: 333 exec/s: 0 rss: 29Mb L: 268/333 MS: 2 CopyPart-EraseBytes-
#6100	REDUCE cov: 124 ft: 529 corp: 73/12251b lim: 333 exec/s: 0 rss: 29Mb L: 29/333 MS: 5 ChangeBinInt-CMP-ChangeBinInt-ChangeBinInt-CrossOver- DE: "sinf"-
#6109	REDUCE cov: 124 ft: 529 corp: 73/12221b lim: 333 exec/s: 0 rss: 29Mb L: 247/333 MS: 4 CopyPart-CopyPart-EraseBytes-CMP- DE: "ipro"-
#6118	REDUCE cov: 124 ft: 530 corp: 74/12515b lim: 333 exec/s: 0 rss: 29Mb L: 294/333 MS: 4 ShuffleBytes-ChangeBit-ShuffleBytes-InsertRepeatedBytes-
#6299	REDUCE cov: 124 ft: 530 corp: 74/12469b lim: 333 exec/s: 0 rss: 29Mb L: 199/333 MS: 1 EraseBytes-
#6380	REDUCE cov: 124 ft: 531 corp: 75/12741b lim: 333 exec/s: 0 rss: 29Mb L: 272/333 MS: 1 CMP- DE: "mdat"-
#6560	REDUCE cov: 124 ft: 531 corp: 75/12725b lim: 333 exec/s: 6560 rss: 45Mb L: 42/333 MS: 4 ChangeBit-ChangeBit-EraseBytes-PersAutoDict- DE: "~\377\377\377\377\377\377\377"-
#6580	REDUCE cov: 124 ft: 531 corp: 75/12692b lim: 333 exec/s: 6580 rss: 45Mb L: 168/333 MS: 5 EraseBytes-CopyPart-ChangeBit-CopyPart-InsertRepeatedBytes-
#6604	NEW    cov: 124 ft: 538 corp: 76/12953b lim: 333 exec/s: 6604 rss: 45Mb L: 261/333 MS: 4 ChangeBit-ChangeBinInt-CrossOver-CMP- DE: "\000\010"-
#6684	REDUCE cov: 124 ft: 538 corp: 76/12950b lim: 333 exec/s: 6684 rss: 45Mb L: 253/333 MS: 5 ChangeBit-InsertByte-InsertRepeatedBytes-ChangeBinInt-EraseBytes-
#6799	REDUCE cov: 124 ft: 538 corp: 76/12948b lim: 333 exec/s: 6799 rss: 45Mb L: 253/333 MS: 5 InsertByte-ChangeBit-CMP-ShuffleBytes-EraseBytes- DE: "\001 "-
#6981	REDUCE cov: 124 ft: 538 corp: 76/12932b lim: 333 exec/s: 6981 rss: 45Mb L: 26/333 MS: 2 CMP-EraseBytes- DE: "!\000\000\000"-
#7055	REDUCE cov: 124 ft: 538 corp: 76/12920b lim: 333 exec/s: 7055 rss: 45Mb L: 187/333 MS: 4 InsertRepeatedBytes-ChangeByte-InsertRepeatedBytes-EraseBytes-
#7407	REDUCE cov: 124 ft: 538 corp: 76/12906b lim: 333 exec/s: 7407 rss: 45Mb L: 163/333 MS: 2 ChangeBinInt-EraseBytes-
#7457	REDUCE cov: 124 ft: 538 corp: 76/12902b lim: 333 exec/s: 7457 rss: 45Mb L: 303/333 MS: 5 ChangeBit-CopyPart-EraseBytes-PersAutoDict-InsertRepeatedBytes- DE: "\242j\000`\012\177\000\000"-
#7468	REDUCE cov: 124 ft: 538 corp: 76/12894b lim: 333 exec/s: 7468 rss: 45Mb L: 132/333 MS: 1 EraseBytes-
#7487	REDUCE cov: 124 ft: 538 corp: 76/12884b lim: 333 exec/s: 7487 rss: 45Mb L: 50/333 MS: 4 ChangeASCIIInt-ChangeASCIIInt-ChangeBinInt-EraseBytes-
#7550	REDUCE cov: 124 ft: 538 corp: 76/12841b lim: 333 exec/s: 7550 rss: 45Mb L: 195/333 MS: 3 InsertRepeatedBytes-InsertByte-EraseBytes-
#7625	REDUCE cov: 124 ft: 538 corp: 76/12793b lim: 333 exec/s: 7625 rss: 45Mb L: 98/333 MS: 5 CopyPart-ShuffleBytes-ChangeByte-InsertByte-CrossOver-
#7712	REDUCE cov: 124 ft: 538 corp: 76/12792b lim: 333 exec/s: 7712 rss: 45Mb L: 136/333 MS: 2 EraseBytes-InsertRepeatedBytes-
#7715	REDUCE cov: 124 ft: 538 corp: 76/12786b lim: 333 exec/s: 7715 rss: 45Mb L: 215/333 MS: 3 ShuffleBytes-ChangeBinInt-EraseBytes-
#7737	REDUCE cov: 124 ft: 538 corp: 76/12782b lim: 333 exec/s: 7737 rss: 45Mb L: 34/333 MS: 2 CopyPart-EraseBytes-
#7799	REDUCE cov: 124 ft: 538 corp: 76/12779b lim: 333 exec/s: 7799 rss: 45Mb L: 20/333 MS: 2 PersAutoDict-EraseBytes- DE: "\2732\036\217\340_f\207"-
#7886	REDUCE cov: 124 ft: 538 corp: 76/12777b lim: 333 exec/s: 7886 rss: 45Mb L: 301/333 MS: 2 CMP-EraseBytes- DE: "\002\000\000\000\001\000\000\000"-
#8058	NEW    cov: 124 ft: 539 corp: 77/13006b lim: 333 exec/s: 8058 rss: 45Mb L: 229/333 MS: 2 ChangeByte-ChangeBit-
#8062	REDUCE cov: 124 ft: 539 corp: 77/12957b lim: 333 exec/s: 8062 rss: 45Mb L: 114/333 MS: 4 CopyPart-InsertByte-CopyPart-EraseBytes-
#8173	REDUCE cov: 124 ft: 539 corp: 77/12935b lim: 333 exec/s: 8173 rss: 45Mb L: 92/333 MS: 1 EraseBytes-
#8588	REDUCE cov: 124 ft: 539 corp: 77/12909b lim: 333 exec/s: 8588 rss: 45Mb L: 223/333 MS: 5 InsertRepeatedBytes-InsertByte-ChangeByte-ShuffleBytes-EraseBytes-
#8596	REDUCE cov: 124 ft: 539 corp: 77/12868b lim: 333 exec/s: 8596 rss: 45Mb L: 146/333 MS: 3 CMP-InsertByte-CrossOver- DE: "gfm\020"-
#8907	REDUCE cov: 124 ft: 539 corp: 77/12845b lim: 333 exec/s: 8907 rss: 45Mb L: 27/333 MS: 1 EraseBytes-
#9039	REDUCE cov: 124 ft: 539 corp: 77/12788b lim: 333 exec/s: 9039 rss: 45Mb L: 89/333 MS: 2 PersAutoDict-EraseBytes- DE: "\2732\036\217\340_f\207"-
#9097	REDUCE cov: 124 ft: 539 corp: 77/12767b lim: 333 exec/s: 9097 rss: 45Mb L: 94/333 MS: 3 InsertRepeatedBytes-CMP-EraseBytes- DE: "\377\377\377\022"-
#9128	REDUCE cov: 124 ft: 539 corp: 77/12765b lim: 333 exec/s: 9128 rss: 45Mb L: 60/333 MS: 1 EraseBytes-
#9322	REDUCE cov: 124 ft: 539 corp: 77/12761b lim: 333 exec/s: 9322 rss: 45Mb L: 85/333 MS: 4 ChangeBit-InsertByte-InsertRepeatedBytes-EraseBytes-
#9449	REDUCE cov: 124 ft: 539 corp: 77/12755b lim: 333 exec/s: 9449 rss: 45Mb L: 262/333 MS: 2 ShuffleBytes-EraseBytes-
#9489	REDUCE cov: 124 ft: 539 corp: 77/12754b lim: 333 exec/s: 9489 rss: 45Mb L: 41/333 MS: 5 CopyPart-CMP-CopyPart-PersAutoDict-EraseBytes- DE: "cdsc"-"}B\303\322\270W\000\000"-
#9544	REDUCE cov: 124 ft: 539 corp: 77/12749b lim: 333 exec/s: 9544 rss: 45Mb L: 29/333 MS: 5 EraseBytes-ChangeBit-ChangeBit-ChangeByte-ChangeByte-
#9610	REDUCE cov: 124 ft: 539 corp: 77/12717b lim: 333 exec/s: 9610 rss: 45Mb L: 125/333 MS: 1 EraseBytes-
#9796	REDUCE cov: 124 ft: 539 corp: 77/12712b lim: 333 exec/s: 9796 rss: 45Mb L: 24/333 MS: 1 EraseBytes-
#9843	REDUCE cov: 124 ft: 539 corp: 77/12689b lim: 333 exec/s: 9843 rss: 45Mb L: 197/333 MS: 2 PersAutoDict-EraseBytes- DE: "mdat"-
#10039	REDUCE cov: 124 ft: 539 corp: 77/12665b lim: 333 exec/s: 10039 rss: 45Mb L: 101/333 MS: 1 EraseBytes-
#10090	REDUCE cov: 124 ft: 539 corp: 77/12616b lim: 333 exec/s: 10090 rss: 45Mb L: 49/333 MS: 1 EraseBytes-
#10498	REDUCE cov: 124 ft: 539 corp: 77/12612b lim: 333 exec/s: 10498 rss: 45Mb L: 114/333 MS: 3 ChangeBit-EraseBytes-CrossOver-
#10625	REDUCE cov: 124 ft: 539 corp: 77/12611b lim: 333 exec/s: 10625 rss: 45Mb L: 19/333 MS: 2 ChangeASCIIInt-EraseBytes-
#10701	REDUCE cov: 124 ft: 539 corp: 77/12588b lim: 333 exec/s: 10701 rss: 45Mb L: 297/333 MS: 1 EraseBytes-
#11046	REDUCE cov: 124 ft: 539 corp: 77/12587b lim: 333 exec/s: 11046 rss: 45Mb L: 9/333 MS: 5 CrossOver-InsertByte-CopyPart-EraseBytes-InsertByte-
#11199	REDUCE cov: 124 ft: 539 corp: 77/12585b lim: 333 exec/s: 11199 rss: 45Mb L: 25/333 MS: 3 InsertByte-ChangeBit-EraseBytes-
#11486	REDUCE cov: 124 ft: 539 corp: 77/12577b lim: 333 exec/s: 11486 rss: 45Mb L: 252/333 MS: 2 ChangeByte-EraseBytes-
#11597	REDUCE cov: 124 ft: 539 corp: 77/12572b lim: 333 exec/s: 11597 rss: 45Mb L: 29/333 MS: 1 EraseBytes-
#11786	REDUCE cov: 124 ft: 539 corp: 77/12514b lim: 333 exec/s: 11786 rss: 45Mb L: 275/333 MS: 4 ChangeBinInt-ChangeBit-ChangeBit-EraseBytes-
#12190	REDUCE cov: 124 ft: 539 corp: 77/12454b lim: 333 exec/s: 12190 rss: 45Mb L: 215/333 MS: 4 InsertByte-CopyPart-PersAutoDict-EraseBytes- DE: "cdsc"-
#12249	REDUCE cov: 124 ft: 539 corp: 77/12451b lim: 333 exec/s: 12249 rss: 45Mb L: 82/333 MS: 4 InsertByte-InsertRepeatedBytes-ShuffleBytes-EraseBytes-
#12276	REDUCE cov: 124 ft: 539 corp: 77/12450b lim: 333 exec/s: 12276 rss: 45Mb L: 100/333 MS: 2 ShuffleBytes-EraseBytes-
#12303	REDUCE cov: 124 ft: 539 corp: 77/12428b lim: 333 exec/s: 12303 rss: 45Mb L: 92/333 MS: 2 CrossOver-EraseBytes-
#12559	REDUCE cov: 124 ft: 539 corp: 77/12388b lim: 333 exec/s: 12559 rss: 45Mb L: 254/333 MS: 1 EraseBytes-
#12625	REDUCE cov: 124 ft: 539 corp: 77/12385b lim: 333 exec/s: 12625 rss: 45Mb L: 16/333 MS: 1 EraseBytes-
#12626	REDUCE cov: 124 ft: 539 corp: 77/12356b lim: 333 exec/s: 12626 rss: 45Mb L: 233/333 MS: 1 EraseBytes-
#12699	REDUCE cov: 124 ft: 539 corp: 77/12318b lim: 333 exec/s: 12699 rss: 45Mb L: 40/333 MS: 3 CopyPart-CopyPart-EraseBytes-
#12956	REDUCE cov: 124 ft: 539 corp: 77/12295b lim: 333 exec/s: 6478 rss: 45Mb L: 69/333 MS: 2 InsertByte-EraseBytes-
#13074	REDUCE cov: 124 ft: 539 corp: 77/12291b lim: 333 exec/s: 6537 rss: 45Mb L: 12/333 MS: 2 PersAutoDict-EraseBytes- DE: "N7ISOBMFF12Con"-
#13080	REDUCE cov: 124 ft: 539 corp: 77/12279b lim: 333 exec/s: 6540 rss: 45Mb L: 88/333 MS: 1 EraseBytes-
#13103	REDUCE cov: 124 ft: 539 corp: 77/12264b lim: 333 exec/s: 6551 rss: 45Mb L: 121/333 MS: 3 EraseBytes-ChangeBinInt-EraseBytes-
#13254	REDUCE cov: 124 ft: 539 corp: 77/12259b lim: 333 exec/s: 6627 rss: 45Mb L: 122/333 MS: 1 EraseBytes-
#13512	REDUCE cov: 124 ft: 539 corp: 77/12246b lim: 333 exec/s: 6756 rss: 45Mb L: 108/333 MS: 3 ChangeByte-InsertRepeatedBytes-EraseBytes-
#13723	REDUCE cov: 124 ft: 539 corp: 77/12243b lim: 333 exec/s: 6861 rss: 45Mb L: 9/333 MS: 1 EraseBytes-
#14249	REDUCE cov: 124 ft: 539 corp: 77/12241b lim: 333 exec/s: 7124 rss: 45Mb L: 27/333 MS: 1 EraseBytes-
#14520	REDUCE cov: 124 ft: 539 corp: 77/12233b lim: 333 exec/s: 7260 rss: 45Mb L: 80/333 MS: 1 EraseBytes-
#14721	REDUCE cov: 124 ft: 539 corp: 77/12232b lim: 333 exec/s: 7360 rss: 45Mb L: 17/333 MS: 1 EraseBytes-
#14746	REDUCE cov: 124 ft: 539 corp: 77/12228b lim: 333 exec/s: 7373 rss: 45Mb L: 36/333 MS: 5 ChangeBit-ChangeBit-ShuffleBytes-CrossOver-EraseBytes-
#14748	REDUCE cov: 124 ft: 539 corp: 77/12221b lim: 333 exec/s: 7374 rss: 45Mb L: 29/333 MS: 2 InsertByte-EraseBytes-
#14792	REDUCE cov: 124 ft: 539 corp: 77/12165b lim: 333 exec/s: 7396 rss: 45Mb L: 76/333 MS: 4 ChangeBinInt-CMP-ChangeBit-EraseBytes- DE: "hvc1"-
#15321	REDUCE cov: 124 ft: 539 corp: 77/12160b lim: 333 exec/s: 7660 rss: 45Mb L: 103/333 MS: 4 ChangeByte-ChangeBinInt-PersAutoDict-EraseBytes- DE: "\002\000\000\000\001\000\000\000"-
#15359	REDUCE cov: 124 ft: 539 corp: 77/12122b lim: 333 exec/s: 7679 rss: 45Mb L: 159/333 MS: 3 ChangeBinInt-CrossOver-EraseBytes-
#15470	REDUCE cov: 124 ft: 539 corp: 77/12110b lim: 333 exec/s: 7735 rss: 45Mb L: 17/333 MS: 1 EraseBytes-
#15638	REDUCE cov: 124 ft: 539 corp: 77/12024b lim: 333 exec/s: 7819 rss: 45Mb L: 175/333 MS: 3 CMP-EraseBytes-CrossOver- DE: "\377\273\273:"-
#16071	REDUCE cov: 124 ft: 539 corp: 77/12016b lim: 333 exec/s: 8035 rss: 45Mb L: 289/333 MS: 3 ChangeByte-EraseBytes-CMP- DE: "\001\000\000~"-
#16384	pulse  cov: 124 ft: 539 corp: 77/12016b lim: 333 exec/s: 8192 rss: 45Mb
#16507	REDUCE cov: 124 ft: 539 corp: 77/11981b lim: 333 exec/s: 8253 rss: 45Mb L: 153/333 MS: 1 EraseBytes-
#16729	REDUCE cov: 124 ft: 539 corp: 77/11979b lim: 333 exec/s: 8364 rss: 45Mb L: 27/333 MS: 2 PersAutoDict-EraseBytes- DE: "ipma"-
#16750	REDUCE cov: 124 ft: 539 corp: 77/11975b lim: 333 exec/s: 8375 rss: 45Mb L: 13/333 MS: 1 EraseBytes-
#16946	REDUCE cov: 124 ft: 539 corp: 77/11955b lim: 333 exec/s: 8473 rss: 45Mb L: 60/333 MS: 1 EraseBytes-
#17072	REDUCE cov: 124 ft: 539 corp: 77/11953b lim: 333 exec/s: 8536 rss: 45Mb L: 165/333 MS: 1 EraseBytes-
#17178	REDUCE cov: 124 ft: 539 corp: 77/11935b lim: 333 exec/s: 8589 rss: 45Mb L: 51/333 MS: 1 EraseBytes-
#17190	REDUCE cov: 124 ft: 539 corp: 77/11932b lim: 333 exec/s: 8595 rss: 45Mb L: 10/333 MS: 2 ShuffleBytes-EraseBytes-
#17253	REDUCE cov: 124 ft: 539 corp: 77/11908b lim: 333 exec/s: 8626 rss: 45Mb L: 25/333 MS: 3 ChangeBit-CopyPart-EraseBytes-
#17283	REDUCE cov: 124 ft: 539 corp: 77/11907b lim: 333 exec/s: 8641 rss: 45Mb L: 9/333 MS: 5 ChangeBit-PersAutoDict-EraseBytes-ChangeBinInt-InsertByte- DE: "\000\010"-
#17514	REDUCE cov: 124 ft: 539 corp: 77/11906b lim: 333 exec/s: 8757 rss: 45Mb L: 79/333 MS: 1 EraseBytes-
#18088	REDUCE cov: 124 ft: 539 corp: 77/11891b lim: 333 exec/s: 9044 rss: 45Mb L: 149/333 MS: 4 EraseBytes-CopyPart-ShuffleBytes-InsertRepeatedBytes-
#18164	REDUCE cov: 124 ft: 539 corp: 77/11859b lim: 333 exec/s: 9082 rss: 45Mb L: 170/333 MS: 1 EraseBytes-
#18425	REDUCE cov: 124 ft: 539 corp: 77/11858b lim: 333 exec/s: 9212 rss: 45Mb L: 8/333 MS: 1 EraseBytes-
#18521	NEW    cov: 124 ft: 540 corp: 78/12095b lim: 333 exec/s: 9260 rss: 45Mb L: 237/333 MS: 1 CMP- DE: "\020\010\012`\012\177\000\000"-
#18686	REDUCE cov: 124 ft: 540 corp: 78/12081b lim: 333 exec/s: 9343 rss: 45Mb L: 159/333 MS: 5 InsertByte-InsertByte-EraseBytes-CMP-ChangeBinInt- DE: "\002\000\000\000"-
#19442	REDUCE cov: 124 ft: 540 corp: 78/12077b lim: 333 exec/s: 9721 rss: 45Mb L: 56/333 MS: 1 EraseBytes-
#19937	REDUCE cov: 124 ft: 540 corp: 78/12070b lim: 333 exec/s: 6645 rss: 45Mb L: 161/333 MS: 5 ChangeBit-InsertRepeatedBytes-CMP-InsertRepeatedBytes-EraseBytes- DE: "\377\015"-
#20081	REDUCE cov: 124 ft: 540 corp: 78/12064b lim: 333 exec/s: 6693 rss: 45Mb L: 255/333 MS: 4 ChangeByte-ChangeBinInt-ShuffleBytes-EraseBytes-
#21202	REDUCE cov: 124 ft: 540 corp: 78/12027b lim: 341 exec/s: 7067 rss: 45Mb L: 235/333 MS: 1 EraseBytes-
#21380	REDUCE cov: 124 ft: 540 corp: 78/12012b lim: 341 exec/s: 7126 rss: 45Mb L: 12/333 MS: 3 EraseBytes-ChangeByte-EraseBytes-
#22044	REDUCE cov: 124 ft: 540 corp: 78/12011b lim: 341 exec/s: 7348 rss: 45Mb L: 49/333 MS: 4 ChangeBinInt-ChangeBinInt-ChangeBinInt-EraseBytes-
#22916	REDUCE cov: 124 ft: 540 corp: 78/11978b lim: 349 exec/s: 7638 rss: 45Mb L: 221/333 MS: 2 CopyPart-EraseBytes-
#22939	REDUCE cov: 124 ft: 540 corp: 78/11957b lim: 349 exec/s: 7646 rss: 45Mb L: 194/333 MS: 3 ShuffleBytes-PersAutoDict-EraseBytes- DE: "8\327\303\322\270W\000\000"-
#23261	REDUCE cov: 124 ft: 540 corp: 78/11953b lim: 349 exec/s: 7753 rss: 45Mb L: 8/333 MS: 2 CMP-EraseBytes- DE: "\377\377\377\377\377\377\377\247"-
#23642	REDUCE cov: 124 ft: 540 corp: 78/11951b lim: 349 exec/s: 7880 rss: 45Mb L: 151/333 MS: 1 EraseBytes-
#23794	REDUCE cov: 124 ft: 540 corp: 78/11946b lim: 349 exec/s: 7931 rss: 45Mb L: 154/333 MS: 2 EraseBytes-InsertRepeatedBytes-
#23892	REDUCE cov: 124 ft: 540 corp: 78/11930b lim: 349 exec/s: 7964 rss: 45Mb L: 159/333 MS: 3 ChangeASCIIInt-EraseBytes-InsertByte-
#24063	REDUCE cov: 125 ft: 541 corp: 79/12153b lim: 349 exec/s: 8021 rss: 45Mb L: 223/333 MS: 1 EraseBytes-
#25300	REDUCE cov: 125 ft: 541 corp: 79/12138b lim: 357 exec/s: 8433 rss: 45Mb L: 195/333 MS: 2 EraseBytes-CrossOver-
#25683	REDUCE cov: 125 ft: 541 corp: 79/12130b lim: 357 exec/s: 8561 rss: 45Mb L: 213/333 MS: 3 ChangeByte-InsertByte-EraseBytes-
#25743	REDUCE cov: 125 ft: 541 corp: 79/12129b lim: 357 exec/s: 8581 rss: 45Mb L: 26/333 MS: 5 ChangeBinInt-ChangeBit-ChangeByte-ChangeBit-EraseBytes-
#27985	REDUCE cov: 125 ft: 541 corp: 79/12121b lim: 373 exec/s: 6996 rss: 45Mb L: 48/333 MS: 2 PersAutoDict-EraseBytes- DE: "8\327\303\322\270W\000\000"-
#27986	REDUCE cov: 125 ft: 541 corp: 79/12114b lim: 373 exec/s: 6996 rss: 45Mb L: 72/333 MS: 1 EraseBytes-
#28109	REDUCE cov: 125 ft: 541 corp: 79/12108b lim: 373 exec/s: 7027 rss: 45Mb L: 66/333 MS: 3 ChangeBit-ChangeByte-EraseBytes-
#28345	REDUCE cov: 125 ft: 541 corp: 79/12101b lim: 373 exec/s: 7086 rss: 45Mb L: 158/333 MS: 1 EraseBytes-
#28931	REDUCE cov: 125 ft: 541 corp: 79/12098b lim: 373 exec/s: 7232 rss: 45Mb L: 63/333 MS: 1 EraseBytes-
#29150	REDUCE cov: 125 ft: 541 corp: 79/12076b lim: 373 exec/s: 7287 rss: 45Mb L: 38/333 MS: 4 CopyPart-CrossOver-CrossOver-EraseBytes-
#29176	REDUCE cov: 125 ft: 541 corp: 79/11820b lim: 373 exec/s: 7294 rss: 45Mb L: 14/333 MS: 1 CrossOver-
#29382	REDUCE cov: 125 ft: 541 corp: 79/11813b lim: 373 exec/s: 7345 rss: 45Mb L: 75/333 MS: 1 EraseBytes-
#30119	REDUCE cov: 125 ft: 541 corp: 79/11810b lim: 373 exec/s: 7529 rss: 45Mb L: 273/333 MS: 2 ChangeBinInt-EraseBytes-
==223190== ERROR: libFuzzer: out-of-memory (used: 2154Mb; limit: 1024Mb)
   To change the out-of-memory limit use -rss_limit_mb=<N>

MS: 3 ChangeBinInt-ShuffleBytes-CrossOver-; base unit: ab00f225bd40c419503ea4088a0614112609471d
artifact_prefix='/results/crashes/20260313_153341_60796ee9_'; Test unit written to /results/crashes/20260313_153341_60796ee9_oom-f56d07b7ebd9ea17fe1db2cf825c72e0f81f8414
SUMMARY: libFuzzer: out-of-memory
stat::number_of_executed_units: 30202
stat::average_exec_per_sec:     5033
stat::new_units_added:          226
stat::slowest_unit_time_sec:    0
stat::peak_rss_mb:              2155
