INFO: Running with entropic power schedule (0xFF, 100).
INFO: Seed: 1334952679
INFO: Loaded 1 modules   (252 inline 8-bit counters): 252 [0x636245289678, 0x636245289774), 
INFO: Loaded 1 PC tables (252 PCs): 252 [0x636245289778,0x63624528a738), 
INFO:        4 files found in /tmp/corpus_20260313_174417_63fc81a2
INFO: seed corpus: files: 4 min: 48b max: 333b total: 853b rss: 28Mb
#5	INITED cov: 116 ft: 250 corp: 4/853b exec/s: 0 rss: 29Mb
#6	NEW    cov: 117 ft: 279 corp: 5/920b lim: 333 exec/s: 0 rss: 29Mb L: 67/333 MS: 1 CrossOver-
#7	NEW    cov: 117 ft: 285 corp: 6/1141b lim: 333 exec/s: 0 rss: 29Mb L: 221/333 MS: 1 InsertByte-
#12	NEW    cov: 117 ft: 289 corp: 7/1415b lim: 333 exec/s: 0 rss: 29Mb L: 274/333 MS: 5 CMP-ChangeBit-ShuffleBytes-ChangeByte-InsertRepeatedBytes- DE: "ipco"-
#13	NEW    cov: 117 ft: 290 corp: 8/1748b lim: 333 exec/s: 0 rss: 29Mb L: 333/333 MS: 1 CopyPart-
#14	NEW    cov: 118 ft: 293 corp: 9/1985b lim: 333 exec/s: 0 rss: 29Mb L: 237/333 MS: 1 CrossOver-
#15	NEW    cov: 118 ft: 322 corp: 10/2052b lim: 333 exec/s: 0 rss: 29Mb L: 67/333 MS: 1 ChangeBit-
#17	NEW    cov: 118 ft: 331 corp: 11/2278b lim: 333 exec/s: 0 rss: 29Mb L: 226/333 MS: 2 PersAutoDict-InsertByte- DE: "ipco"-
#18	NEW    cov: 118 ft: 332 corp: 12/2611b lim: 333 exec/s: 0 rss: 29Mb L: 333/333 MS: 1 ShuffleBytes-
#20	NEW    cov: 119 ft: 334 corp: 13/2944b lim: 333 exec/s: 0 rss: 29Mb L: 333/333 MS: 2 CrossOver-CopyPart-
#30	NEW    cov: 119 ft: 339 corp: 14/3016b lim: 333 exec/s: 0 rss: 29Mb L: 72/333 MS: 5 ChangeBit-InsertByte-PersAutoDict-ChangeByte-PersAutoDict- DE: "ipco"-"ipco"-
#31	NEW    cov: 120 ft: 340 corp: 15/3275b lim: 333 exec/s: 0 rss: 29Mb L: 259/333 MS: 1 InsertRepeatedBytes-
#35	NEW    cov: 121 ft: 342 corp: 16/3570b lim: 333 exec/s: 0 rss: 29Mb L: 295/333 MS: 4 CMP-InsertRepeatedBytes-ShuffleBytes-CopyPart- DE: "p\000\000\000\000\000\000\000"-
#42	NEW    cov: 121 ft: 343 corp: 17/3903b lim: 333 exec/s: 0 rss: 29Mb L: 333/333 MS: 2 PersAutoDict-CrossOver- DE: "p\000\000\000\000\000\000\000"-
#46	NEW    cov: 121 ft: 344 corp: 18/4144b lim: 333 exec/s: 0 rss: 29Mb L: 241/333 MS: 4 PersAutoDict-ChangeBit-ShuffleBytes-InsertRepeatedBytes- DE: "p\000\000\000\000\000\000\000"-
#49	NEW    cov: 121 ft: 345 corp: 19/4220b lim: 333 exec/s: 0 rss: 29Mb L: 76/333 MS: 3 PersAutoDict-ChangeASCIIInt-PersAutoDict- DE: "p\000\000\000\000\000\000\000"-"ipco"-
#53	NEW    cov: 121 ft: 346 corp: 20/4499b lim: 333 exec/s: 0 rss: 29Mb L: 279/333 MS: 4 CrossOver-EraseBytes-ChangeBit-CopyPart-
#55	NEW    cov: 121 ft: 357 corp: 21/4538b lim: 333 exec/s: 0 rss: 29Mb L: 39/333 MS: 2 CrossOver-EraseBytes-
#56	NEW    cov: 121 ft: 365 corp: 22/4614b lim: 333 exec/s: 0 rss: 29Mb L: 76/333 MS: 1 ShuffleBytes-
#59	NEW    cov: 121 ft: 366 corp: 23/4714b lim: 333 exec/s: 0 rss: 29Mb L: 100/333 MS: 3 PersAutoDict-ChangeBit-InsertRepeatedBytes- DE: "ipco"-
#60	NEW    cov: 121 ft: 368 corp: 24/4980b lim: 333 exec/s: 0 rss: 29Mb L: 266/333 MS: 1 CopyPart-
#71	NEW    cov: 121 ft: 375 corp: 25/5109b lim: 333 exec/s: 0 rss: 29Mb L: 129/333 MS: 1 CrossOver-
#77	NEW    cov: 121 ft: 376 corp: 26/5442b lim: 333 exec/s: 0 rss: 29Mb L: 333/333 MS: 1 CopyPart-
#79	REDUCE cov: 121 ft: 376 corp: 26/5415b lim: 333 exec/s: 0 rss: 29Mb L: 199/333 MS: 2 ChangeBit-EraseBytes-
#96	NEW    cov: 121 ft: 377 corp: 27/5692b lim: 333 exec/s: 0 rss: 29Mb L: 277/333 MS: 2 EraseBytes-PersAutoDict- DE: "ipco"-
#101	NEW    cov: 121 ft: 383 corp: 28/5767b lim: 333 exec/s: 0 rss: 29Mb L: 75/333 MS: 5 ChangeByte-PersAutoDict-ShuffleBytes-ShuffleBytes-PersAutoDict- DE: "p\000\000\000\000\000\000\000"-"p\000\000\000\000\000\000\000"-
#109	NEW    cov: 121 ft: 384 corp: 29/6100b lim: 333 exec/s: 0 rss: 29Mb L: 333/333 MS: 3 ChangeByte-ChangeByte-CrossOver-
#122	NEW    cov: 121 ft: 392 corp: 30/6409b lim: 333 exec/s: 0 rss: 29Mb L: 309/333 MS: 3 InsertRepeatedBytes-CopyPart-ChangeBinInt-
#124	NEW    cov: 121 ft: 393 corp: 31/6742b lim: 333 exec/s: 0 rss: 29Mb L: 333/333 MS: 2 ChangeBit-CopyPart-
#130	NEW    cov: 121 ft: 396 corp: 32/7001b lim: 333 exec/s: 0 rss: 29Mb L: 259/333 MS: 1 CopyPart-
#172	NEW    cov: 121 ft: 399 corp: 33/7049b lim: 333 exec/s: 0 rss: 29Mb L: 48/333 MS: 2 ChangeBit-CopyPart-
#177	NEW    cov: 121 ft: 404 corp: 34/7242b lim: 333 exec/s: 0 rss: 29Mb L: 193/333 MS: 5 ChangeBit-CopyPart-EraseBytes-ChangeByte-ChangeByte-
#189	NEW    cov: 121 ft: 417 corp: 35/7263b lim: 333 exec/s: 0 rss: 29Mb L: 21/333 MS: 2 ChangeByte-EraseBytes-
#216	NEW    cov: 121 ft: 418 corp: 36/7374b lim: 333 exec/s: 0 rss: 29Mb L: 111/333 MS: 2 CrossOver-CrossOver-
#244	NEW    cov: 121 ft: 419 corp: 37/7431b lim: 333 exec/s: 0 rss: 29Mb L: 57/333 MS: 3 EraseBytes-ChangeByte-CrossOver-
#263	NEW    cov: 121 ft: 420 corp: 38/7492b lim: 333 exec/s: 0 rss: 29Mb L: 61/333 MS: 4 ChangeBinInt-InsertRepeatedBytes-CopyPart-EraseBytes-
#267	NEW    cov: 121 ft: 428 corp: 39/7789b lim: 333 exec/s: 0 rss: 29Mb L: 297/333 MS: 4 ChangeBinInt-ChangeBinInt-InsertRepeatedBytes-CopyPart-
#276	NEW    cov: 121 ft: 430 corp: 40/8069b lim: 333 exec/s: 0 rss: 29Mb L: 280/333 MS: 4 CMP-ChangeByte-ShuffleBytes-InsertByte- DE: "\000\000\000\000\000\000\000\034"-
#311	REDUCE cov: 121 ft: 430 corp: 40/8057b lim: 333 exec/s: 0 rss: 29Mb L: 64/333 MS: 5 InsertByte-PersAutoDict-ShuffleBytes-ChangeByte-EraseBytes- DE: "\000\000\000\000\000\000\000\034"-
#316	REDUCE cov: 121 ft: 430 corp: 40/8015b lim: 333 exec/s: 0 rss: 29Mb L: 291/333 MS: 5 ChangeByte-CrossOver-ShuffleBytes-EraseBytes-CMP- DE: "frma"-
#347	NEW    cov: 121 ft: 437 corp: 41/8244b lim: 333 exec/s: 0 rss: 29Mb L: 229/333 MS: 1 InsertRepeatedBytes-
#358	NEW    cov: 121 ft: 446 corp: 42/8274b lim: 333 exec/s: 0 rss: 29Mb L: 30/333 MS: 1 EraseBytes-
#365	NEW    cov: 121 ft: 447 corp: 43/8373b lim: 333 exec/s: 0 rss: 29Mb L: 99/333 MS: 2 ChangeByte-InsertRepeatedBytes-
#454	NEW    cov: 121 ft: 448 corp: 44/8392b lim: 333 exec/s: 0 rss: 29Mb L: 19/333 MS: 4 CMP-CopyPart-InsertByte-CrossOver- DE: "\377\377\377\377\377\377\377\017"-
#455	NEW    cov: 121 ft: 450 corp: 45/8416b lim: 333 exec/s: 0 rss: 29Mb L: 24/333 MS: 1 CrossOver-
#463	REDUCE cov: 121 ft: 450 corp: 45/8403b lim: 333 exec/s: 0 rss: 29Mb L: 59/333 MS: 3 ChangeBinInt-CopyPart-EraseBytes-
#515	REDUCE cov: 121 ft: 451 corp: 46/8591b lim: 333 exec/s: 0 rss: 29Mb L: 188/333 MS: 2 ShuffleBytes-EraseBytes-
#538	NEW    cov: 121 ft: 454 corp: 47/8625b lim: 333 exec/s: 0 rss: 29Mb L: 34/333 MS: 3 ChangeByte-CrossOver-CrossOver-
#559	REDUCE cov: 121 ft: 454 corp: 47/8609b lim: 333 exec/s: 0 rss: 29Mb L: 48/333 MS: 1 EraseBytes-
#591	REDUCE cov: 121 ft: 454 corp: 47/8508b lim: 333 exec/s: 0 rss: 29Mb L: 165/333 MS: 2 ShuffleBytes-EraseBytes-
#622	REDUCE cov: 121 ft: 454 corp: 47/8504b lim: 333 exec/s: 0 rss: 29Mb L: 17/333 MS: 1 EraseBytes-
#638	NEW    cov: 121 ft: 464 corp: 48/8520b lim: 333 exec/s: 0 rss: 29Mb L: 16/333 MS: 1 EraseBytes-
#653	REDUCE cov: 121 ft: 464 corp: 48/8519b lim: 333 exec/s: 0 rss: 29Mb L: 29/333 MS: 5 InsertByte-InsertByte-CMP-ChangeBit-EraseBytes- DE: "cdsc"-
#679	NEW    cov: 121 ft: 465 corp: 49/8684b lim: 333 exec/s: 0 rss: 29Mb L: 165/333 MS: 1 EraseBytes-
#791	NEW    cov: 121 ft: 479 corp: 50/8694b lim: 333 exec/s: 0 rss: 29Mb L: 10/333 MS: 2 ChangeBinInt-EraseBytes-
#793	NEW    cov: 121 ft: 480 corp: 51/8961b lim: 333 exec/s: 0 rss: 29Mb L: 267/333 MS: 2 CMP-CopyPart- DE: "\300\355\000\020_y\000\000"-
#808	NEW    cov: 121 ft: 481 corp: 52/8972b lim: 333 exec/s: 0 rss: 29Mb L: 11/333 MS: 5 InsertByte-CrossOver-ChangeByte-ChangeBit-CrossOver-
#919	REDUCE cov: 121 ft: 481 corp: 52/8967b lim: 333 exec/s: 0 rss: 29Mb L: 19/333 MS: 1 EraseBytes-
#938	REDUCE cov: 121 ft: 481 corp: 52/8965b lim: 333 exec/s: 0 rss: 29Mb L: 46/333 MS: 4 CopyPart-InsertByte-ChangeBinInt-CrossOver-
#987	REDUCE cov: 121 ft: 481 corp: 52/8949b lim: 333 exec/s: 0 rss: 29Mb L: 261/333 MS: 4 ShuffleBytes-CMP-CopyPart-EraseBytes- DE: "\001\000\0001"-
#1063	REDUCE cov: 121 ft: 481 corp: 52/8943b lim: 333 exec/s: 0 rss: 29Mb L: 187/333 MS: 1 EraseBytes-
#1069	REDUCE cov: 121 ft: 481 corp: 52/8942b lim: 333 exec/s: 0 rss: 29Mb L: 10/333 MS: 1 EraseBytes-
#1076	REDUCE cov: 121 ft: 482 corp: 53/9206b lim: 333 exec/s: 0 rss: 29Mb L: 264/333 MS: 2 ChangeBit-InsertRepeatedBytes-
#1202	REDUCE cov: 121 ft: 482 corp: 53/9144b lim: 333 exec/s: 0 rss: 29Mb L: 217/333 MS: 1 EraseBytes-
#1365	REDUCE cov: 121 ft: 482 corp: 53/9143b lim: 333 exec/s: 0 rss: 29Mb L: 99/333 MS: 3 ShuffleBytes-CrossOver-EraseBytes-
#1388	REDUCE cov: 121 ft: 482 corp: 53/9119b lim: 333 exec/s: 0 rss: 29Mb L: 175/333 MS: 3 InsertRepeatedBytes-EraseBytes-EraseBytes-
#1561	NEW    cov: 121 ft: 483 corp: 54/9127b lim: 333 exec/s: 0 rss: 29Mb L: 8/333 MS: 3 PersAutoDict-EraseBytes-EraseBytes- DE: "frma"-
#1565	REDUCE cov: 121 ft: 489 corp: 55/9437b lim: 333 exec/s: 0 rss: 29Mb L: 310/333 MS: 4 CrossOver-CopyPart-ShuffleBytes-CopyPart-
#1697	NEW    cov: 121 ft: 490 corp: 56/9730b lim: 333 exec/s: 0 rss: 29Mb L: 293/333 MS: 2 CrossOver-CopyPart-
#1779	NEW    cov: 121 ft: 507 corp: 57/9755b lim: 333 exec/s: 0 rss: 29Mb L: 25/333 MS: 2 EraseBytes-CMP- DE: "\000\001"-
#2010	REDUCE cov: 121 ft: 507 corp: 57/9752b lim: 333 exec/s: 0 rss: 29Mb L: 43/333 MS: 1 EraseBytes-
#2078	REDUCE cov: 121 ft: 507 corp: 57/9751b lim: 333 exec/s: 0 rss: 29Mb L: 9/333 MS: 3 ChangeBit-ChangeByte-EraseBytes-
#2089	REDUCE cov: 121 ft: 507 corp: 57/9733b lim: 333 exec/s: 0 rss: 29Mb L: 315/333 MS: 1 CrossOver-
#2099	NEW    cov: 121 ft: 508 corp: 58/9934b lim: 333 exec/s: 0 rss: 29Mb L: 201/333 MS: 5 CrossOver-EraseBytes-CopyPart-PersAutoDict-EraseBytes- DE: "p\000\000\000\000\000\000\000"-
#2109	REDUCE cov: 122 ft: 509 corp: 59/9939b lim: 333 exec/s: 0 rss: 29Mb L: 5/333 MS: 5 ChangeBit-ChangeBinInt-CopyPart-ChangeBit-EraseBytes-
#2119	REDUCE cov: 122 ft: 509 corp: 59/9927b lim: 333 exec/s: 0 rss: 29Mb L: 55/333 MS: 5 ChangeBinInt-InsertByte-CopyPart-ChangeBinInt-EraseBytes-
#2141	NEW    cov: 122 ft: 510 corp: 60/10104b lim: 333 exec/s: 0 rss: 29Mb L: 177/333 MS: 2 EraseBytes-EraseBytes-
#2209	REDUCE cov: 122 ft: 510 corp: 60/10043b lim: 333 exec/s: 0 rss: 29Mb L: 213/333 MS: 3 CopyPart-ChangeByte-EraseBytes-
#2220	REDUCE cov: 122 ft: 510 corp: 60/10042b lim: 333 exec/s: 0 rss: 29Mb L: 8/333 MS: 1 EraseBytes-
#2236	REDUCE cov: 122 ft: 510 corp: 60/10026b lim: 333 exec/s: 0 rss: 29Mb L: 27/333 MS: 1 EraseBytes-
#2268	REDUCE cov: 122 ft: 510 corp: 60/10019b lim: 333 exec/s: 0 rss: 29Mb L: 18/333 MS: 2 CMP-EraseBytes- DE: "edts"-
#2290	REDUCE cov: 122 ft: 510 corp: 60/10017b lim: 333 exec/s: 0 rss: 29Mb L: 25/333 MS: 2 CopyPart-EraseBytes-
#2302	REDUCE cov: 122 ft: 510 corp: 60/10012b lim: 333 exec/s: 0 rss: 29Mb L: 29/333 MS: 2 ChangeByte-EraseBytes-
#2367	REDUCE cov: 122 ft: 510 corp: 60/10006b lim: 333 exec/s: 0 rss: 29Mb L: 13/333 MS: 5 ChangeBit-EraseBytes-ShuffleBytes-PersAutoDict-ShuffleBytes- DE: "cdsc"-
#2470	REDUCE cov: 122 ft: 510 corp: 60/10004b lim: 333 exec/s: 0 rss: 29Mb L: 27/333 MS: 3 ChangeASCIIInt-ShuffleBytes-EraseBytes-
#2478	REDUCE cov: 122 ft: 510 corp: 60/9921b lim: 333 exec/s: 0 rss: 29Mb L: 250/333 MS: 3 CrossOver-EraseBytes-CopyPart-
#2648	REDUCE cov: 122 ft: 510 corp: 60/9920b lim: 333 exec/s: 0 rss: 29Mb L: 24/333 MS: 5 CMP-ChangeByte-ChangeBinInt-PersAutoDict-EraseBytes- DE: "mvhd"-"\300\355\000\020_y\000\000"-
#2890	REDUCE cov: 122 ft: 510 corp: 60/9918b lim: 333 exec/s: 0 rss: 29Mb L: 59/333 MS: 2 CrossOver-EraseBytes-
#2905	REDUCE cov: 122 ft: 510 corp: 60/9917b lim: 333 exec/s: 0 rss: 29Mb L: 4/333 MS: 5 ChangeBinInt-ShuffleBytes-ChangeByte-ShuffleBytes-EraseBytes-
#3055	REDUCE cov: 122 ft: 510 corp: 60/9916b lim: 333 exec/s: 0 rss: 29Mb L: 12/333 MS: 5 PersAutoDict-ShuffleBytes-ChangeByte-EraseBytes-PersAutoDict- DE: "edts"-"mvhd"-
#3126	REDUCE cov: 122 ft: 510 corp: 60/9801b lim: 333 exec/s: 0 rss: 29Mb L: 176/333 MS: 1 EraseBytes-
#3256	REDUCE cov: 122 ft: 510 corp: 60/9800b lim: 333 exec/s: 0 rss: 29Mb L: 11/333 MS: 5 ChangeBinInt-CopyPart-CrossOver-ChangeByte-EraseBytes-
#3417	REDUCE cov: 122 ft: 510 corp: 60/9749b lim: 333 exec/s: 0 rss: 29Mb L: 166/333 MS: 1 EraseBytes-
#3496	REDUCE cov: 122 ft: 510 corp: 60/9730b lim: 333 exec/s: 0 rss: 29Mb L: 242/333 MS: 4 InsertRepeatedBytes-InsertByte-ChangeBit-EraseBytes-
#3686	REDUCE cov: 122 ft: 510 corp: 60/9728b lim: 333 exec/s: 0 rss: 29Mb L: 109/333 MS: 5 PersAutoDict-InsertByte-ChangeByte-ChangeByte-EraseBytes- DE: "edts"-
#3841	REDUCE cov: 122 ft: 510 corp: 60/9664b lim: 333 exec/s: 0 rss: 29Mb L: 102/333 MS: 5 InsertRepeatedBytes-PersAutoDict-ChangeBinInt-CMP-EraseBytes- DE: "cdsc"-"fiin"-
#3842	REDUCE cov: 122 ft: 510 corp: 60/9662b lim: 333 exec/s: 0 rss: 29Mb L: 2/333 MS: 1 EraseBytes-
#4080	NEW    cov: 122 ft: 513 corp: 61/9781b lim: 333 exec/s: 0 rss: 29Mb L: 119/333 MS: 3 PersAutoDict-ChangeBinInt-EraseBytes- DE: "p\000\000\000\000\000\000\000"-
#4122	REDUCE cov: 122 ft: 513 corp: 61/9780b lim: 333 exec/s: 0 rss: 29Mb L: 54/333 MS: 2 ShuffleBytes-EraseBytes-
#4235	REDUCE cov: 122 ft: 513 corp: 61/9778b lim: 333 exec/s: 0 rss: 29Mb L: 57/333 MS: 3 ShuffleBytes-CopyPart-EraseBytes-
#4648	REDUCE cov: 122 ft: 513 corp: 61/9777b lim: 333 exec/s: 0 rss: 29Mb L: 23/333 MS: 3 ChangeBit-CMP-EraseBytes- DE: "sldh"-
#4684	REDUCE cov: 122 ft: 513 corp: 61/9776b lim: 333 exec/s: 0 rss: 29Mb L: 1/333 MS: 1 EraseBytes-
#4797	REDUCE cov: 122 ft: 513 corp: 61/9765b lim: 333 exec/s: 0 rss: 29Mb L: 202/333 MS: 3 ChangeASCIIInt-ChangeBit-EraseBytes-
#4849	REDUCE cov: 122 ft: 513 corp: 61/9748b lim: 333 exec/s: 0 rss: 29Mb L: 170/333 MS: 2 ChangeASCIIInt-EraseBytes-
#4886	REDUCE cov: 122 ft: 513 corp: 61/9747b lim: 333 exec/s: 0 rss: 29Mb L: 9/333 MS: 2 ShuffleBytes-EraseBytes-
#5147	REDUCE cov: 122 ft: 513 corp: 61/9735b lim: 333 exec/s: 0 rss: 29Mb L: 42/333 MS: 1 EraseBytes-
#5436	REDUCE cov: 122 ft: 513 corp: 61/9677b lim: 333 exec/s: 0 rss: 29Mb L: 201/333 MS: 4 ShuffleBytes-InsertRepeatedBytes-PersAutoDict-EraseBytes- DE: "\001\000\0001"-
#5702	REDUCE cov: 122 ft: 513 corp: 61/9673b lim: 333 exec/s: 0 rss: 29Mb L: 98/333 MS: 1 EraseBytes-
#5739	REDUCE cov: 122 ft: 513 corp: 61/9606b lim: 333 exec/s: 0 rss: 29Mb L: 248/333 MS: 2 ChangeBit-CrossOver-
#5856	REDUCE cov: 122 ft: 513 corp: 61/9600b lim: 333 exec/s: 0 rss: 29Mb L: 51/333 MS: 2 CopyPart-EraseBytes-
#5892	REDUCE cov: 122 ft: 513 corp: 61/9544b lim: 333 exec/s: 0 rss: 29Mb L: 224/333 MS: 1 EraseBytes-
#6292	REDUCE cov: 122 ft: 513 corp: 61/9529b lim: 333 exec/s: 0 rss: 29Mb L: 36/333 MS: 5 ChangeByte-CopyPart-EraseBytes-ChangeBinInt-CMP- DE: "\000\000\000\010"-
#6311	REDUCE cov: 122 ft: 514 corp: 62/9540b lim: 333 exec/s: 6311 rss: 29Mb L: 11/333 MS: 4 ShuffleBytes-PersAutoDict-ChangeBit-EraseBytes- DE: "fiin"-
#6418	REDUCE cov: 122 ft: 514 corp: 62/9533b lim: 333 exec/s: 6418 rss: 29Mb L: 235/333 MS: 1 CrossOver-
#6465	REDUCE cov: 122 ft: 514 corp: 62/9531b lim: 333 exec/s: 6465 rss: 29Mb L: 96/333 MS: 2 ShuffleBytes-EraseBytes-
#6506	REDUCE cov: 122 ft: 514 corp: 62/9518b lim: 333 exec/s: 6506 rss: 29Mb L: 29/333 MS: 1 EraseBytes-
#6628	REDUCE cov: 122 ft: 514 corp: 62/9517b lim: 333 exec/s: 6628 rss: 29Mb L: 75/333 MS: 2 ChangeByte-EraseBytes-
#6722	REDUCE cov: 122 ft: 514 corp: 62/9469b lim: 333 exec/s: 6722 rss: 29Mb L: 204/333 MS: 4 EraseBytes-CopyPart-ShuffleBytes-ChangeBinInt-
#6921	NEW    cov: 123 ft: 516 corp: 63/9802b lim: 333 exec/s: 6921 rss: 29Mb L: 333/333 MS: 4 CrossOver-ChangeBit-ChangeBit-CMP- DE: "thmb"-
#6993	REDUCE cov: 123 ft: 516 corp: 63/9777b lim: 333 exec/s: 6993 rss: 29Mb L: 94/333 MS: 2 PersAutoDict-EraseBytes- DE: "\000\000\000\000\000\000\000\034"-
#7077	REDUCE cov: 123 ft: 516 corp: 63/9776b lim: 333 exec/s: 7077 rss: 29Mb L: 8/333 MS: 4 ChangeByte-ShuffleBytes-ShuffleBytes-EraseBytes-
#7113	REDUCE cov: 123 ft: 516 corp: 63/9771b lim: 333 exec/s: 7113 rss: 29Mb L: 24/333 MS: 1 EraseBytes-
#7243	REDUCE cov: 123 ft: 516 corp: 63/9769b lim: 333 exec/s: 7243 rss: 29Mb L: 9/333 MS: 5 CMP-CopyPart-ShuffleBytes-PersAutoDict-EraseBytes- DE: "\021\000\000\000"-"\000\000\000\000\000\000\000\034"-
#7340	REDUCE cov: 123 ft: 516 corp: 63/9753b lim: 333 exec/s: 7340 rss: 29Mb L: 78/333 MS: 2 ChangeBit-EraseBytes-
#7383	REDUCE cov: 123 ft: 516 corp: 63/9634b lim: 333 exec/s: 7383 rss: 29Mb L: 129/333 MS: 3 PersAutoDict-ChangeByte-EraseBytes- DE: "\000\000\000\000\000\000\000\034"-
#7540	NEW    cov: 123 ft: 517 corp: 64/9835b lim: 333 exec/s: 7540 rss: 29Mb L: 201/333 MS: 2 ChangeBit-ChangeBit-
#7962	REDUCE cov: 123 ft: 517 corp: 64/9832b lim: 333 exec/s: 7962 rss: 29Mb L: 173/333 MS: 2 PersAutoDict-EraseBytes- DE: "cdsc"-
#8073	REDUCE cov: 123 ft: 517 corp: 64/9823b lim: 333 exec/s: 8073 rss: 29Mb L: 324/333 MS: 1 EraseBytes-
#8170	NEW    cov: 123 ft: 521 corp: 65/10156b lim: 333 exec/s: 8170 rss: 29Mb L: 333/333 MS: 2 ChangeBinInt-ChangeBinInt-
#8203	REDUCE cov: 123 ft: 521 corp: 65/10153b lim: 333 exec/s: 8203 rss: 29Mb L: 330/333 MS: 3 ShuffleBytes-CopyPart-CrossOver-
#8209	NEW    cov: 123 ft: 526 corp: 66/10175b lim: 333 exec/s: 8209 rss: 29Mb L: 22/333 MS: 1 CopyPart-
#8283	REDUCE cov: 123 ft: 526 corp: 66/10171b lim: 333 exec/s: 8283 rss: 29Mb L: 169/333 MS: 4 ChangeBinInt-ChangeByte-ChangeBinInt-EraseBytes-
#8619	REDUCE cov: 123 ft: 526 corp: 66/10169b lim: 333 exec/s: 8619 rss: 29Mb L: 322/333 MS: 1 EraseBytes-
#8833	REDUCE cov: 123 ft: 526 corp: 66/10121b lim: 333 exec/s: 8833 rss: 29Mb L: 189/333 MS: 4 ChangeASCIIInt-CrossOver-EraseBytes-InsertByte-
#8914	REDUCE cov: 123 ft: 526 corp: 66/10113b lim: 333 exec/s: 8914 rss: 29Mb L: 193/333 MS: 1 EraseBytes-
#9257	REDUCE cov: 123 ft: 526 corp: 66/10103b lim: 333 exec/s: 9257 rss: 29Mb L: 26/333 MS: 3 ChangeBinInt-PersAutoDict-EraseBytes- DE: "cdsc"-
#9283	REDUCE cov: 123 ft: 526 corp: 66/10093b lim: 333 exec/s: 9283 rss: 29Mb L: 13/333 MS: 1 EraseBytes-
#9467	REDUCE cov: 123 ft: 526 corp: 66/10091b lim: 333 exec/s: 9467 rss: 29Mb L: 25/333 MS: 4 PersAutoDict-ChangeASCIIInt-EraseBytes-CMP- DE: "\000\000\000\010"-"\003\000\000\000\000\000\000\000"-
#9476	NEW    cov: 123 ft: 531 corp: 67/10420b lim: 333 exec/s: 9476 rss: 29Mb L: 329/333 MS: 4 ChangeBinInt-EraseBytes-CopyPart-CopyPart-
#9508	REDUCE cov: 123 ft: 531 corp: 67/10306b lim: 333 exec/s: 9508 rss: 29Mb L: 208/333 MS: 2 PersAutoDict-EraseBytes- DE: "\001\000\0001"-
#9637	REDUCE cov: 123 ft: 531 corp: 67/10274b lim: 333 exec/s: 9637 rss: 29Mb L: 138/333 MS: 4 ShuffleBytes-PersAutoDict-EraseBytes-CMP- DE: "mvhd"-"\001\001"-
#10133	REDUCE cov: 123 ft: 531 corp: 67/10270b lim: 333 exec/s: 10133 rss: 29Mb L: 9/333 MS: 1 EraseBytes-
#10368	REDUCE cov: 123 ft: 531 corp: 67/10122b lim: 333 exec/s: 10368 rss: 29Mb L: 185/333 MS: 5 EraseBytes-ChangeByte-ChangeBit-PersAutoDict-CopyPart- DE: "\003\000\000\000\000\000\000\000"-
#10482	REDUCE cov: 123 ft: 531 corp: 67/10115b lim: 333 exec/s: 10482 rss: 29Mb L: 234/333 MS: 4 ChangeByte-EraseBytes-CMP-CMP- DE: "\377\007"-"\377\377\377\000\000\000\000\003"-
#10495	REDUCE cov: 123 ft: 531 corp: 67/10106b lim: 333 exec/s: 10495 rss: 29Mb L: 156/333 MS: 3 ChangeBit-ChangeBinInt-EraseBytes-
#10981	REDUCE cov: 123 ft: 531 corp: 67/10089b lim: 333 exec/s: 10981 rss: 29Mb L: 61/333 MS: 1 EraseBytes-
#11037	NEW    cov: 123 ft: 540 corp: 68/10326b lim: 333 exec/s: 11037 rss: 29Mb L: 237/333 MS: 1 PersAutoDict- DE: "\003\000\000\000\000\000\000\000"-
#11045	REDUCE cov: 123 ft: 540 corp: 68/10315b lim: 333 exec/s: 11045 rss: 29Mb L: 13/333 MS: 3 ChangeBinInt-ShuffleBytes-EraseBytes-
#11056	REDUCE cov: 123 ft: 540 corp: 68/10314b lim: 333 exec/s: 11056 rss: 29Mb L: 74/333 MS: 1 EraseBytes-
#11405	REDUCE cov: 123 ft: 540 corp: 68/10304b lim: 333 exec/s: 11405 rss: 29Mb L: 165/333 MS: 4 InsertRepeatedBytes-EraseBytes-ShuffleBytes-CrossOver-
#11543	REDUCE cov: 123 ft: 540 corp: 68/10290b lim: 333 exec/s: 11543 rss: 29Mb L: 221/333 MS: 3 ChangeBinInt-ChangeBinInt-EraseBytes-
#11677	NEW    cov: 123 ft: 541 corp: 69/10606b lim: 333 exec/s: 11677 rss: 29Mb L: 316/333 MS: 4 PersAutoDict-ShuffleBytes-CopyPart-PersAutoDict- DE: "sldh"-"\003\000\000\000\000\000\000\000"-
#11704	REDUCE cov: 123 ft: 541 corp: 69/10600b lim: 333 exec/s: 11704 rss: 29Mb L: 202/333 MS: 2 ShuffleBytes-EraseBytes-
#11998	REDUCE cov: 124 ft: 542 corp: 70/10701b lim: 333 exec/s: 11998 rss: 29Mb L: 101/333 MS: 4 ShuffleBytes-ChangeBit-CopyPart-ChangeBit-
#12148	REDUCE cov: 124 ft: 542 corp: 70/10687b lim: 333 exec/s: 12148 rss: 29Mb L: 82/333 MS: 5 InsertByte-ChangeByte-ChangeBit-ChangeBinInt-EraseBytes-
#12185	REDUCE cov: 124 ft: 542 corp: 70/10628b lim: 333 exec/s: 12185 rss: 29Mb L: 200/333 MS: 2 PersAutoDict-EraseBytes- DE: "thmb"-
#12621	REDUCE cov: 124 ft: 542 corp: 70/10625b lim: 333 exec/s: 12621 rss: 29Mb L: 218/333 MS: 1 CrossOver-
#13027	REDUCE cov: 124 ft: 542 corp: 70/10620b lim: 333 exec/s: 6513 rss: 29Mb L: 8/333 MS: 1 EraseBytes-
#13352	REDUCE cov: 124 ft: 542 corp: 70/10597b lim: 333 exec/s: 6676 rss: 29Mb L: 179/333 MS: 5 ChangeASCIIInt-CrossOver-PersAutoDict-InsertRepeatedBytes-EraseBytes- DE: "\021\000\000\000"-
#13378	REDUCE cov: 124 ft: 542 corp: 70/10591b lim: 333 exec/s: 6689 rss: 29Mb L: 123/333 MS: 1 EraseBytes-
#13418	REDUCE cov: 124 ft: 542 corp: 70/10579b lim: 333 exec/s: 6709 rss: 29Mb L: 285/333 MS: 5 InsertByte-ShuffleBytes-PersAutoDict-ChangeBit-EraseBytes- DE: "\003\000\000\000\000\000\000\000"-
#13495	REDUCE cov: 124 ft: 542 corp: 70/10572b lim: 333 exec/s: 6747 rss: 29Mb L: 94/333 MS: 2 PersAutoDict-EraseBytes- DE: "\377\377\377\377\377\377\377\017"-
#13743	REDUCE cov: 124 ft: 542 corp: 70/10549b lim: 333 exec/s: 6871 rss: 29Mb L: 34/333 MS: 3 ChangeByte-ChangeByte-EraseBytes-
#13999	REDUCE cov: 124 ft: 542 corp: 70/10543b lim: 333 exec/s: 6999 rss: 29Mb L: 55/333 MS: 1 EraseBytes-
#14106	REDUCE cov: 124 ft: 542 corp: 70/10542b lim: 333 exec/s: 7053 rss: 29Mb L: 18/333 MS: 2 CMP-EraseBytes- DE: "W`\011\020_y\000\000"-
#14118	REDUCE cov: 124 ft: 542 corp: 70/10526b lim: 333 exec/s: 7059 rss: 29Mb L: 177/333 MS: 2 ChangeBit-EraseBytes-
#14150	REDUCE cov: 124 ft: 542 corp: 70/10524b lim: 333 exec/s: 7075 rss: 29Mb L: 16/333 MS: 2 ChangeByte-EraseBytes-
#14201	REDUCE cov: 124 ft: 542 corp: 70/10496b lim: 333 exec/s: 7100 rss: 29Mb L: 301/333 MS: 1 EraseBytes-
#14265	REDUCE cov: 124 ft: 542 corp: 70/10489b lim: 333 exec/s: 7132 rss: 29Mb L: 193/333 MS: 4 CrossOver-PersAutoDict-ChangeBit-EraseBytes- DE: "\300\355\000\020_y\000\000"-
#14938	REDUCE cov: 124 ft: 542 corp: 70/10487b lim: 333 exec/s: 7469 rss: 29Mb L: 97/333 MS: 3 EraseBytes-ShuffleBytes-InsertByte-
#14989	NEW    cov: 124 ft: 551 corp: 71/10803b lim: 333 exec/s: 7494 rss: 29Mb L: 316/333 MS: 1 CrossOver-
#15383	REDUCE cov: 124 ft: 551 corp: 71/10776b lim: 333 exec/s: 7691 rss: 29Mb L: 55/333 MS: 4 ChangeByte-CopyPart-ChangeBit-EraseBytes-
#15515	REDUCE cov: 124 ft: 551 corp: 71/10775b lim: 333 exec/s: 7757 rss: 29Mb L: 332/333 MS: 2 CopyPart-EraseBytes-
#15532	REDUCE cov: 124 ft: 551 corp: 71/10754b lim: 333 exec/s: 7766 rss: 29Mb L: 34/333 MS: 2 ChangeBit-EraseBytes-
#15728	REDUCE cov: 124 ft: 551 corp: 71/10741b lim: 333 exec/s: 7864 rss: 29Mb L: 303/333 MS: 1 EraseBytes-
#15866	REDUCE cov: 124 ft: 552 corp: 72/11042b lim: 333 exec/s: 7933 rss: 29Mb L: 301/333 MS: 3 ChangeBit-ChangeByte-ChangeBinInt-
#16063	REDUCE cov: 124 ft: 552 corp: 72/11032b lim: 333 exec/s: 8031 rss: 29Mb L: 119/333 MS: 2 CopyPart-EraseBytes-
#16376	REDUCE cov: 124 ft: 552 corp: 72/11030b lim: 333 exec/s: 8188 rss: 29Mb L: 20/333 MS: 3 ChangeBit-ChangeASCIIInt-EraseBytes-
#16384	pulse  cov: 124 ft: 552 corp: 72/11030b lim: 333 exec/s: 8192 rss: 29Mb
#16636	REDUCE cov: 124 ft: 552 corp: 72/11024b lim: 333 exec/s: 8318 rss: 29Mb L: 173/333 MS: 5 ChangeBinInt-ChangeBit-ShuffleBytes-CMP-EraseBytes- DE: "Ob\005Ebc\000\000"-
#17372	REDUCE cov: 124 ft: 552 corp: 72/10902b lim: 333 exec/s: 8686 rss: 30Mb L: 79/333 MS: 1 CrossOver-
#17410	REDUCE cov: 124 ft: 552 corp: 72/10892b lim: 333 exec/s: 8705 rss: 30Mb L: 191/333 MS: 3 ShuffleBytes-PersAutoDict-EraseBytes- DE: "W`\011\020_y\000\000"-
#17482	REDUCE cov: 124 ft: 552 corp: 72/10891b lim: 333 exec/s: 8741 rss: 30Mb L: 58/333 MS: 2 InsertByte-EraseBytes-
#17689	REDUCE cov: 124 ft: 552 corp: 72/10890b lim: 333 exec/s: 8844 rss: 30Mb L: 8/333 MS: 2 CopyPart-EraseBytes-
#17787	REDUCE cov: 124 ft: 552 corp: 72/10889b lim: 333 exec/s: 8893 rss: 30Mb L: 172/333 MS: 3 ShuffleBytes-InsertByte-EraseBytes-
#17904	REDUCE cov: 124 ft: 552 corp: 72/10830b lim: 333 exec/s: 8952 rss: 30Mb L: 242/333 MS: 2 CrossOver-PersAutoDict- DE: "Ob\005Ebc\000\000"-
#18041	REDUCE cov: 124 ft: 552 corp: 72/10819b lim: 333 exec/s: 9020 rss: 30Mb L: 322/333 MS: 2 ChangeByte-EraseBytes-
#18110	REDUCE cov: 124 ft: 552 corp: 72/10798b lim: 333 exec/s: 9055 rss: 30Mb L: 88/333 MS: 4 ChangeByte-ChangeByte-EraseBytes-InsertRepeatedBytes-
#18154	REDUCE cov: 124 ft: 552 corp: 72/10790b lim: 333 exec/s: 9077 rss: 30Mb L: 71/333 MS: 4 ChangeBinInt-CopyPart-CMP-EraseBytes- DE: "stts"-
#18524	REDUCE cov: 124 ft: 552 corp: 72/10769b lim: 333 exec/s: 9262 rss: 30Mb L: 264/333 MS: 5 InsertByte-ShuffleBytes-EraseBytes-PersAutoDict-CopyPart- DE: "thmb"-
#18547	REDUCE cov: 124 ft: 552 corp: 72/10764b lim: 333 exec/s: 9273 rss: 30Mb L: 167/333 MS: 3 InsertRepeatedBytes-PersAutoDict-EraseBytes- DE: "\021\000\000\000"-
#18944	REDUCE cov: 124 ft: 552 corp: 72/10751b lim: 333 exec/s: 9472 rss: 30Mb L: 21/333 MS: 2 CrossOver-EraseBytes-
#19152	REDUCE cov: 124 ft: 552 corp: 72/10746b lim: 333 exec/s: 9576 rss: 30Mb L: 89/333 MS: 3 ChangeBit-ChangeBit-EraseBytes-
#19364	REDUCE cov: 124 ft: 552 corp: 72/10745b lim: 333 exec/s: 9682 rss: 30Mb L: 137/333 MS: 2 ChangeBinInt-EraseBytes-
#19597	REDUCE cov: 124 ft: 552 corp: 72/10737b lim: 333 exec/s: 6532 rss: 30Mb L: 66/333 MS: 3 PersAutoDict-ChangeBit-EraseBytes- DE: "\003\000\000\000\000\000\000\000"-
#19903	NEW    cov: 124 ft: 553 corp: 73/10974b lim: 333 exec/s: 6634 rss: 30Mb L: 237/333 MS: 1 ChangeBinInt-
#19949	REDUCE cov: 124 ft: 553 corp: 73/10971b lim: 333 exec/s: 6649 rss: 30Mb L: 18/333 MS: 1 EraseBytes-
#20055	REDUCE cov: 124 ft: 553 corp: 73/10941b lim: 333 exec/s: 6685 rss: 30Mb L: 188/333 MS: 1 EraseBytes-
#21199	REDUCE cov: 124 ft: 553 corp: 73/10937b lim: 341 exec/s: 7066 rss: 30Mb L: 84/333 MS: 4 PersAutoDict-InsertRepeatedBytes-CopyPart-EraseBytes- DE: "cdsc"-
#21644	REDUCE cov: 124 ft: 553 corp: 73/10912b lim: 341 exec/s: 7214 rss: 30Mb L: 225/333 MS: 5 CrossOver-CMP-CMP-CrossOver-EraseBytes- DE: "\213\310.\015\0021B\350"-"mdat"-
#22352	REDUCE cov: 124 ft: 553 corp: 73/10898b lim: 341 exec/s: 7450 rss: 30Mb L: 211/333 MS: 3 ShuffleBytes-EraseBytes-PersAutoDict- DE: "sldh"-
#22458	REDUCE cov: 124 ft: 553 corp: 73/10890b lim: 341 exec/s: 7486 rss: 30Mb L: 67/333 MS: 1 EraseBytes-
#23934	REDUCE cov: 124 ft: 553 corp: 73/10888b lim: 349 exec/s: 7978 rss: 30Mb L: 16/333 MS: 1 EraseBytes-
#24037	REDUCE cov: 124 ft: 553 corp: 73/10870b lim: 349 exec/s: 8012 rss: 30Mb L: 193/333 MS: 3 CrossOver-ChangeBit-InsertRepeatedBytes-
#24120	REDUCE cov: 124 ft: 553 corp: 73/10868b lim: 349 exec/s: 8040 rss: 30Mb L: 293/333 MS: 3 EraseBytes-ChangeByte-CopyPart-
#24181	REDUCE cov: 124 ft: 553 corp: 73/10837b lim: 349 exec/s: 8060 rss: 30Mb L: 58/333 MS: 1 EraseBytes-
#24208	REDUCE cov: 124 ft: 553 corp: 73/10836b lim: 349 exec/s: 8069 rss: 30Mb L: 33/333 MS: 2 PersAutoDict-EraseBytes- DE: "\377\377\377\377\377\377\377\017"-
#24536	REDUCE cov: 124 ft: 554 corp: 74/10852b lim: 349 exec/s: 8178 rss: 30Mb L: 16/333 MS: 3 PersAutoDict-ShuffleBytes-PersAutoDict- DE: "\003\000\000\000\000\000\000\000"-"mdat"-
#24869	NEW    cov: 125 ft: 555 corp: 75/11197b lim: 349 exec/s: 8289 rss: 30Mb L: 345/345 MS: 3 ShuffleBytes-CopyPart-ChangeBit-
#25180	REDUCE cov: 125 ft: 555 corp: 75/11191b lim: 349 exec/s: 8393 rss: 30Mb L: 52/345 MS: 1 EraseBytes-
#25821	REDUCE cov: 125 ft: 555 corp: 75/11190b lim: 349 exec/s: 8607 rss: 30Mb L: 15/345 MS: 1 EraseBytes-
#26112	REDUCE cov: 125 ft: 555 corp: 75/11182b lim: 349 exec/s: 8704 rss: 30Mb L: 196/345 MS: 1 EraseBytes-
#26212	REDUCE cov: 125 ft: 555 corp: 75/11180b lim: 349 exec/s: 8737 rss: 30Mb L: 165/345 MS: 5 ShuffleBytes-CrossOver-EraseBytes-CopyPart-CMP- DE: "\001\000y_\020\0168\007"-
#26338	REDUCE cov: 125 ft: 555 corp: 75/11167b lim: 349 exec/s: 6584 rss: 30Mb L: 332/333 MS: 1 EraseBytes-
#26870	REDUCE cov: 125 ft: 555 corp: 75/11150b lim: 349 exec/s: 6717 rss: 30Mb L: 160/333 MS: 2 ChangeByte-EraseBytes-
#27306	REDUCE cov: 125 ft: 556 corp: 76/11310b lim: 349 exec/s: 6826 rss: 30Mb L: 160/333 MS: 1 ChangeBit-
#27500	REDUCE cov: 125 ft: 556 corp: 76/11304b lim: 349 exec/s: 6875 rss: 30Mb L: 52/333 MS: 4 CrossOver-ChangeBit-InsertByte-InsertByte-
#27626	REDUCE cov: 125 ft: 556 corp: 76/11295b lim: 349 exec/s: 6906 rss: 30Mb L: 114/333 MS: 1 EraseBytes-
#27673	REDUCE cov: 125 ft: 556 corp: 76/11293b lim: 349 exec/s: 6918 rss: 30Mb L: 16/333 MS: 2 ShuffleBytes-EraseBytes-
#27776	REDUCE cov: 126 ft: 557 corp: 77/11381b lim: 349 exec/s: 6944 rss: 30Mb L: 88/333 MS: 3 ChangeBinInt-EraseBytes-EraseBytes-
#28443	REDUCE cov: 126 ft: 557 corp: 77/11380b lim: 349 exec/s: 7110 rss: 30Mb L: 241/333 MS: 2 ShuffleBytes-EraseBytes-
#28630	REDUCE cov: 126 ft: 557 corp: 77/11376b lim: 349 exec/s: 7157 rss: 30Mb L: 189/333 MS: 2 PersAutoDict-EraseBytes- DE: "sldh"-
#29070	REDUCE cov: 126 ft: 557 corp: 77/11360b lim: 349 exec/s: 7267 rss: 30Mb L: 314/333 MS: 5 ChangeByte-CopyPart-CMP-ChangeBinInt-EraseBytes- DE: "avc1"-
#29082	REDUCE cov: 126 ft: 557 corp: 77/11349b lim: 349 exec/s: 7270 rss: 30Mb L: 41/333 MS: 2 ChangeByte-EraseBytes-
#29333	REDUCE cov: 126 ft: 557 corp: 77/11345b lim: 349 exec/s: 7333 rss: 30Mb L: 11/333 MS: 1 EraseBytes-
#30934	REDUCE cov: 126 ft: 557 corp: 77/11311b lim: 357 exec/s: 7733 rss: 30Mb L: 275/333 MS: 1 EraseBytes-
#31086	REDUCE cov: 126 ft: 557 corp: 77/11272b lim: 357 exec/s: 7771 rss: 30Mb L: 293/333 MS: 2 CopyPart-EraseBytes-
#31159	REDUCE cov: 126 ft: 557 corp: 77/11271b lim: 357 exec/s: 7789 rss: 30Mb L: 98/333 MS: 3 PersAutoDict-CopyPart-EraseBytes- DE: "ipco"-
#32768	pulse  cov: 126 ft: 557 corp: 77/11271b lim: 365 exec/s: 8192 rss: 30Mb
#34007	REDUCE cov: 126 ft: 557 corp: 77/11264b lim: 381 exec/s: 6801 rss: 30Mb L: 90/333 MS: 3 CrossOver-ChangeBinInt-CrossOver-
#34234	REDUCE cov: 126 ft: 557 corp: 77/11263b lim: 381 exec/s: 6846 rss: 30Mb L: 70/333 MS: 2 ShuffleBytes-EraseBytes-
#34806	REDUCE cov: 126 ft: 557 corp: 77/11261b lim: 381 exec/s: 6961 rss: 30Mb L: 112/333 MS: 2 ChangeByte-EraseBytes-
#34809	NEW    cov: 126 ft: 558 corp: 78/11622b lim: 381 exec/s: 6961 rss: 30Mb L: 361/361 MS: 3 PersAutoDict-InsertRepeatedBytes-CopyPart- DE: "\021\000\000\000"-
#35360	REDUCE cov: 126 ft: 558 corp: 78/11606b lim: 381 exec/s: 7072 rss: 30Mb L: 300/361 MS: 1 EraseBytes-
#36711	REDUCE cov: 126 ft: 558 corp: 78/11590b lim: 389 exec/s: 7342 rss: 30Mb L: 277/361 MS: 1 EraseBytes-
#37008	REDUCE cov: 126 ft: 558 corp: 78/11588b lim: 389 exec/s: 7401 rss: 30Mb L: 299/361 MS: 2 CrossOver-EraseBytes-
#37784	NEW    cov: 126 ft: 563 corp: 79/11945b lim: 389 exec/s: 7556 rss: 30Mb L: 357/361 MS: 1 InsertRepeatedBytes-
#37800	NEW    cov: 126 ft: 564 corp: 80/12326b lim: 389 exec/s: 7560 rss: 30Mb L: 381/381 MS: 1 CopyPart-
#38240	NEW    cov: 126 ft: 576 corp: 81/12496b lim: 389 exec/s: 7648 rss: 30Mb L: 170/381 MS: 5 EraseBytes-InsertByte-CopyPart-ChangeBit-CMP- DE: "pixi"-
#38310	REDUCE cov: 126 ft: 576 corp: 81/12495b lim: 389 exec/s: 7662 rss: 30Mb L: 89/381 MS: 5 CopyPart-InsertByte-ChangeByte-CrossOver-EraseBytes-
#38424	REDUCE cov: 126 ft: 576 corp: 81/12489b lim: 389 exec/s: 7684 rss: 30Mb L: 297/381 MS: 4 ChangeBinInt-InsertByte-ChangeBit-EraseBytes-
#38895	REDUCE cov: 126 ft: 576 corp: 81/12487b lim: 389 exec/s: 7779 rss: 30Mb L: 65/381 MS: 1 EraseBytes-
#39041	REDUCE cov: 126 ft: 576 corp: 81/12427b lim: 389 exec/s: 7808 rss: 30Mb L: 110/381 MS: 1 EraseBytes-
#39448	REDUCE cov: 126 ft: 580 corp: 82/12628b lim: 389 exec/s: 6574 rss: 30Mb L: 201/381 MS: 2 InsertRepeatedBytes-PersAutoDict- DE: "\213\310.\015\0021B\350"-
#39561	REDUCE cov: 126 ft: 580 corp: 82/12627b lim: 389 exec/s: 6593 rss: 30Mb L: 109/381 MS: 3 ChangeBinInt-ChangeBinInt-EraseBytes-
#39702	REDUCE cov: 126 ft: 582 corp: 83/12716b lim: 389 exec/s: 6617 rss: 30Mb L: 89/381 MS: 1 EraseBytes-
#40005	REDUCE cov: 126 ft: 582 corp: 83/12707b lim: 389 exec/s: 6667 rss: 30Mb L: 372/372 MS: 3 EraseBytes-ShuffleBytes-InsertRepeatedBytes-
#40172	REDUCE cov: 126 ft: 582 corp: 83/12704b lim: 389 exec/s: 6695 rss: 30Mb L: 238/372 MS: 2 ShuffleBytes-EraseBytes-
#40267	REDUCE cov: 126 ft: 582 corp: 83/12700b lim: 389 exec/s: 6711 rss: 30Mb L: 368/368 MS: 5 ChangeByte-ChangeBit-ChangeBit-InsertRepeatedBytes-EraseBytes-
#40318	REDUCE cov: 126 ft: 582 corp: 83/12695b lim: 389 exec/s: 6719 rss: 30Mb L: 160/368 MS: 1 EraseBytes-
#40607	REDUCE cov: 126 ft: 585 corp: 84/12963b lim: 389 exec/s: 6767 rss: 30Mb L: 268/368 MS: 4 InsertRepeatedBytes-InsertByte-CMP-CMP- DE: "N7ISOBMFF4FTYP"-"hvcC"-
#40809	REDUCE cov: 126 ft: 585 corp: 84/12961b lim: 389 exec/s: 6801 rss: 30Mb L: 232/368 MS: 2 CrossOver-CopyPart-
#40851	REDUCE cov: 126 ft: 585 corp: 84/12960b lim: 389 exec/s: 6808 rss: 30Mb L: 25/368 MS: 2 EraseBytes-CMP- DE: "\001p"-
#41135	REDUCE cov: 126 ft: 585 corp: 84/12944b lim: 389 exec/s: 6855 rss: 30Mb L: 144/368 MS: 4 CrossOver-InsertByte-ChangeByte-EraseBytes-
#41261	REDUCE cov: 126 ft: 585 corp: 84/12940b lim: 389 exec/s: 6876 rss: 30Mb L: 364/364 MS: 1 EraseBytes-
#41407	REDUCE cov: 126 ft: 585 corp: 84/12938b lim: 389 exec/s: 6901 rss: 30Mb L: 82/364 MS: 1 EraseBytes-
#41885	REDUCE cov: 126 ft: 585 corp: 84/12890b lim: 389 exec/s: 6980 rss: 30Mb L: 176/364 MS: 3 ChangeBit-ChangeASCIIInt-EraseBytes-
#41891	REDUCE cov: 126 ft: 585 corp: 84/12885b lim: 389 exec/s: 6981 rss: 30Mb L: 34/364 MS: 1 EraseBytes-
#42234	REDUCE cov: 126 ft: 585 corp: 84/12870b lim: 389 exec/s: 7039 rss: 30Mb L: 74/364 MS: 3 ChangeASCIIInt-EraseBytes-CMP- DE: "\000\000\000\024"-
#42275	REDUCE cov: 126 ft: 585 corp: 84/12818b lim: 389 exec/s: 7045 rss: 30Mb L: 149/364 MS: 1 EraseBytes-
#42400	REDUCE cov: 126 ft: 585 corp: 84/12738b lim: 389 exec/s: 7066 rss: 30Mb L: 188/364 MS: 5 ChangeBit-CopyPart-PersAutoDict-CopyPart-EraseBytes- DE: "\001\001"-
#44115	REDUCE cov: 126 ft: 585 corp: 84/12676b lim: 405 exec/s: 7352 rss: 30Mb L: 87/364 MS: 5 PersAutoDict-ChangeByte-PersAutoDict-CMP-EraseBytes- DE: "\001\000y_\020\0168\007"-"W`\011\020_y\000\000"-"ftyp"-
#44616	REDUCE cov: 126 ft: 585 corp: 84/12664b lim: 405 exec/s: 7436 rss: 30Mb L: 287/364 MS: 1 EraseBytes-
#44859	REDUCE cov: 126 ft: 585 corp: 84/12660b lim: 405 exec/s: 7476 rss: 31Mb L: 83/364 MS: 3 ChangeBit-CrossOver-EraseBytes-
#45470	REDUCE cov: 126 ft: 585 corp: 84/12650b lim: 405 exec/s: 6495 rss: 31Mb L: 287/364 MS: 1 EraseBytes-
#45606	REDUCE cov: 126 ft: 585 corp: 84/12642b lim: 405 exec/s: 6515 rss: 31Mb L: 180/364 MS: 1 EraseBytes-
#45759	REDUCE cov: 126 ft: 585 corp: 84/12637b lim: 405 exec/s: 6537 rss: 31Mb L: 175/364 MS: 3 ChangeBinInt-ChangeByte-EraseBytes-
#46319	REDUCE cov: 126 ft: 585 corp: 84/12566b lim: 405 exec/s: 6617 rss: 31Mb L: 94/364 MS: 5 EraseBytes-ChangeByte-CMP-ChangeByte-ShuffleBytes- DE: "\001\000y_\020\024r\260"-
#46326	REDUCE cov: 126 ft: 585 corp: 84/12558b lim: 405 exec/s: 6618 rss: 31Mb L: 75/364 MS: 2 ChangeBit-EraseBytes-
#46369	REDUCE cov: 126 ft: 585 corp: 84/12507b lim: 405 exec/s: 6624 rss: 31Mb L: 124/364 MS: 3 ChangeBit-InsertByte-EraseBytes-
#46375	NEW    cov: 127 ft: 586 corp: 85/12595b lim: 405 exec/s: 6625 rss: 31Mb L: 88/364 MS: 1 CMP- DE: "schi"-
#46793	REDUCE cov: 127 ft: 586 corp: 85/12570b lim: 405 exec/s: 6684 rss: 31Mb L: 308/364 MS: 3 ChangeBinInt-ChangeBinInt-EraseBytes-
#46965	REDUCE cov: 127 ft: 588 corp: 86/12857b lim: 405 exec/s: 6709 rss: 31Mb L: 287/364 MS: 2 ShuffleBytes-ChangeBinInt-
#47101	REDUCE cov: 127 ft: 588 corp: 86/12856b lim: 405 exec/s: 6728 rss: 31Mb L: 81/364 MS: 1 EraseBytes-
#47345	REDUCE cov: 127 ft: 588 corp: 86/12826b lim: 405 exec/s: 6763 rss: 31Mb L: 257/364 MS: 4 ChangeBinInt-PersAutoDict-ShuffleBytes-EraseBytes- DE: "frma"-
#47613	REDUCE cov: 127 ft: 589 corp: 87/13230b lim: 405 exec/s: 6801 rss: 31Mb L: 404/404 MS: 3 ChangeBinInt-CrossOver-InsertRepeatedBytes-
#48364	REDUCE cov: 127 ft: 589 corp: 87/13175b lim: 405 exec/s: 6909 rss: 31Mb L: 69/404 MS: 1 EraseBytes-
#48850	NEW    cov: 127 ft: 592 corp: 88/13412b lim: 405 exec/s: 6978 rss: 31Mb L: 237/404 MS: 1 PersAutoDict- DE: "pixi"-
#49419	REDUCE cov: 127 ft: 592 corp: 88/13401b lim: 405 exec/s: 7059 rss: 31Mb L: 149/404 MS: 4 EraseBytes-ChangeASCIIInt-CrossOver-PersAutoDict- DE: "\001\000\0001"-
#51052	REDUCE cov: 127 ft: 592 corp: 88/13398b lim: 421 exec/s: 7293 rss: 31Mb L: 45/404 MS: 3 ChangeByte-ChangeByte-EraseBytes-
#52946	REDUCE cov: 127 ft: 592 corp: 88/13395b lim: 437 exec/s: 6618 rss: 31Mb L: 49/404 MS: 4 EraseBytes-PersAutoDict-ChangeBit-InsertByte- DE: "\001\000y_\020\0168\007"-
==641463== ERROR: libFuzzer: out-of-memory (used: 1887Mb; limit: 1024Mb)
   To change the out-of-memory limit use -rss_limit_mb=<N>

MS: 5 EraseBytes-ChangeBinInt-ChangeByte-EraseBytes-ChangeBinInt-; base unit: 70fd04b118a270d318bdb585f71fea65a5a19c8c
0x0,0x0,0x0,0x1c,0x66,0x74,0x79,0x70,0x0,0x0,0x0,0x0,0x0,0x0,0x5,0x0,0x0,0x0,0x0,0x2,0x0,0x0,0x0,0x60,0x75,0x64,0x74,0x61,0x0,0x0,0x0,0x58,0x6d,0x65,0x74,0x61,0x0,0x0,0x0,0x0,0x0,0x0,0x0,0x21,0x68,0x64,0x6c,0x72,0x0,0x0,0x0,0x0,0x0,0x0,0x0,0x0,0x0,0x0,0x2,0x0,0x0,0x0,0x60,0x75,0x64,0x74,0x61,0x0,0x0,0x0,0x58,0x6d,0x65,0x74,0x0,0x0,0x2b,0x69,0x6c,0x73,0x74,0x0,0x0,0x0,0x22,0xc2,0xa9,0x6e,0x61,0x6d,0x0,0x0,0x0,0x1a,0x64,0x61,0x74,0x61,0x2f,0x0,0x0,0x1,0x0,0x0,0x0,0x0,0x54,0x65,0x73,0x74,0x20,0x56,0x69,0x64,0x65,0x6f,
\000\000\000\034ftyp\000\000\000\000\000\000\005\000\000\000\000\002\000\000\000`udta\000\000\000Xmeta\000\000\000\000\000\000\000!hdlr\000\000\000\000\000\000\000\000\000\000\002\000\000\000`udta\000\000\000Xmet\000\000+ilst\000\000\000\"\302\251nam\000\000\000\032data/\000\000\001\000\000\000\000Test Video
artifact_prefix='/results/crashes/20260313_174417_63fc81a2_'; Test unit written to /results/crashes/20260313_174417_63fc81a2_oom-7945a0f528ad9b0d95007ef39ffb8a6d1d45b1bc
Base64: AAAAHGZ0eXAAAAAAAAAFAAAAAAIAAABgdWR0YQAAAFhtZXRhAAAAAAAAACFoZGxyAAAAAAAAAAAAAAIAAABgdWR0YQAAAFhtZXQAACtpbHN0AAAAIsKpbmFtAAAAGmRhdGEvAAABAAAAAFRlc3QgVmlkZW8=
SUMMARY: libFuzzer: out-of-memory
stat::number_of_executed_units: 54246
stat::average_exec_per_sec:     5424
stat::new_units_added:          278
stat::slowest_unit_time_sec:    0
stat::peak_rss_mb:              1887
