INFO: Running with entropic power schedule (0xFF, 100).
INFO: Seed: 4007425135
INFO: Loaded 1 modules   (252 inline 8-bit counters): 252 [0x5b5d0278d678, 0x5b5d0278d774), 
INFO: Loaded 1 PC tables (252 PCs): 252 [0x5b5d0278d778,0x5b5d0278e738), 
INFO:        4 files found in /tmp/corpus_20260313_185059_54029535
INFO: seed corpus: files: 4 min: 48b max: 333b total: 853b rss: 28Mb
#5	INITED cov: 118 ft: 251 corp: 4/853b exec/s: 0 rss: 29Mb
#6	NEW    cov: 120 ft: 268 corp: 5/1101b lim: 333 exec/s: 0 rss: 29Mb L: 248/333 MS: 1 InsertRepeatedBytes-
#7	NEW    cov: 120 ft: 269 corp: 6/1434b lim: 333 exec/s: 0 rss: 29Mb L: 333/333 MS: 1 ChangeBinInt-
#14	NEW    cov: 120 ft: 271 corp: 7/1688b lim: 333 exec/s: 0 rss: 29Mb L: 254/333 MS: 2 EraseBytes-CrossOver-
#15	NEW    cov: 120 ft: 279 corp: 8/1746b lim: 333 exec/s: 0 rss: 29Mb L: 58/333 MS: 1 CopyPart-
#20	NEW    cov: 120 ft: 288 corp: 9/2079b lim: 333 exec/s: 0 rss: 29Mb L: 333/333 MS: 5 ShuffleBytes-CrossOver-CrossOver-ChangeBit-ChangeBit-
#21	NEW    cov: 121 ft: 290 corp: 10/2411b lim: 333 exec/s: 0 rss: 29Mb L: 332/333 MS: 1 EraseBytes-
#23	NEW    cov: 121 ft: 291 corp: 11/2663b lim: 333 exec/s: 0 rss: 29Mb L: 252/333 MS: 2 ChangeBit-CopyPart-
#31	NEW    cov: 121 ft: 293 corp: 12/2715b lim: 333 exec/s: 0 rss: 29Mb L: 52/333 MS: 3 ShuffleBytes-ChangeBit-CMP- DE: "strk"-
#32	NEW    cov: 121 ft: 294 corp: 13/2767b lim: 333 exec/s: 0 rss: 29Mb L: 52/333 MS: 1 CMP- DE: "\001\000\000 "-
#34	NEW    cov: 121 ft: 296 corp: 14/3001b lim: 333 exec/s: 0 rss: 29Mb L: 234/333 MS: 2 ShuffleBytes-CMP- DE: "N7ISOBMFF12Con"-
#38	NEW    cov: 121 ft: 297 corp: 15/3236b lim: 333 exec/s: 0 rss: 29Mb L: 235/333 MS: 4 ChangeByte-ChangeASCIIInt-ChangeBit-InsertByte-
#42	NEW    cov: 121 ft: 307 corp: 16/3323b lim: 333 exec/s: 0 rss: 29Mb L: 87/333 MS: 4 InsertRepeatedBytes-CrossOver-ChangeBinInt-CopyPart-
#43	NEW    cov: 121 ft: 308 corp: 17/3656b lim: 333 exec/s: 0 rss: 29Mb L: 333/333 MS: 1 CopyPart-
#46	NEW    cov: 121 ft: 312 corp: 18/3925b lim: 333 exec/s: 0 rss: 29Mb L: 269/333 MS: 3 CMP-InsertByte-CMP- DE: "}QMA][\000\000"-"\000\000[]AM\302\355"-
#47	NEW    cov: 121 ft: 313 corp: 19/4180b lim: 333 exec/s: 0 rss: 29Mb L: 255/333 MS: 1 InsertByte-
#59	NEW    cov: 121 ft: 319 corp: 20/4307b lim: 333 exec/s: 0 rss: 29Mb L: 127/333 MS: 2 ChangeBinInt-CrossOver-
#70	NEW    cov: 121 ft: 321 corp: 21/4555b lim: 333 exec/s: 0 rss: 29Mb L: 248/333 MS: 1 ChangeBinInt-
#71	NEW    cov: 121 ft: 324 corp: 22/4594b lim: 333 exec/s: 0 rss: 29Mb L: 39/333 MS: 1 EraseBytes-
#78	NEW    cov: 121 ft: 341 corp: 23/4624b lim: 333 exec/s: 0 rss: 29Mb L: 30/333 MS: 2 ChangeBinInt-EraseBytes-
#89	NEW    cov: 121 ft: 347 corp: 24/4680b lim: 333 exec/s: 0 rss: 29Mb L: 56/333 MS: 1 PersAutoDict- DE: "\001\000\000 "-
#100	NEW    cov: 121 ft: 348 corp: 25/5013b lim: 333 exec/s: 0 rss: 29Mb L: 333/333 MS: 1 InsertByte-
#102	NEW    cov: 121 ft: 385 corp: 26/5046b lim: 333 exec/s: 0 rss: 29Mb L: 33/333 MS: 2 ChangeByte-CrossOver-
#118	REDUCE cov: 121 ft: 385 corp: 26/4912b lim: 333 exec/s: 0 rss: 29Mb L: 199/333 MS: 1 EraseBytes-
#123	NEW    cov: 121 ft: 386 corp: 27/5035b lim: 333 exec/s: 0 rss: 29Mb L: 123/333 MS: 5 CrossOver-ChangeBit-ShuffleBytes-EraseBytes-EraseBytes-
#130	NEW    cov: 121 ft: 387 corp: 28/5111b lim: 333 exec/s: 0 rss: 29Mb L: 76/333 MS: 2 EraseBytes-CopyPart-
#131	REDUCE cov: 121 ft: 387 corp: 28/5038b lim: 333 exec/s: 0 rss: 29Mb L: 162/333 MS: 1 EraseBytes-
#140	REDUCE cov: 121 ft: 387 corp: 28/5009b lim: 333 exec/s: 0 rss: 29Mb L: 304/333 MS: 4 ChangeBit-CrossOver-ChangeASCIIInt-EraseBytes-
#142	REDUCE cov: 121 ft: 387 corp: 28/4996b lim: 333 exec/s: 0 rss: 29Mb L: 242/333 MS: 2 EraseBytes-InsertRepeatedBytes-
#149	NEW    cov: 121 ft: 391 corp: 29/5041b lim: 333 exec/s: 0 rss: 29Mb L: 45/333 MS: 2 InsertByte-EraseBytes-
#151	NEW    cov: 121 ft: 392 corp: 30/5078b lim: 333 exec/s: 0 rss: 29Mb L: 37/333 MS: 2 ChangeByte-PersAutoDict- DE: "strk"-
#152	NEW    cov: 121 ft: 399 corp: 31/5130b lim: 333 exec/s: 0 rss: 29Mb L: 52/333 MS: 1 ChangeByte-
#160	NEW    cov: 122 ft: 400 corp: 32/5388b lim: 333 exec/s: 0 rss: 29Mb L: 258/333 MS: 3 CrossOver-CopyPart-CMP- DE: "\000\000\000\024"-
#174	REDUCE cov: 122 ft: 400 corp: 32/5347b lim: 333 exec/s: 0 rss: 29Mb L: 291/333 MS: 4 CMP-ChangeBinInt-ChangeBit-EraseBytes- DE: "\377\377\377\022"-
#181	NEW    cov: 122 ft: 412 corp: 33/5387b lim: 333 exec/s: 0 rss: 29Mb L: 40/333 MS: 2 InsertByte-ChangeBit-
#200	NEW    cov: 122 ft: 413 corp: 34/5717b lim: 333 exec/s: 0 rss: 29Mb L: 330/333 MS: 4 ChangeBit-ChangeBit-ShuffleBytes-CopyPart-
#220	REDUCE cov: 122 ft: 416 corp: 35/5819b lim: 333 exec/s: 0 rss: 29Mb L: 102/333 MS: 5 ChangeBinInt-PersAutoDict-CrossOver-CrossOver-EraseBytes- DE: "\000\000[]AM\302\355"-
#221	NEW    cov: 122 ft: 417 corp: 36/5864b lim: 333 exec/s: 0 rss: 29Mb L: 45/333 MS: 1 ChangeBinInt-
#267	NEW    cov: 122 ft: 418 corp: 37/6060b lim: 333 exec/s: 0 rss: 29Mb L: 196/333 MS: 1 EraseBytes-
#285	REDUCE cov: 122 ft: 418 corp: 37/6019b lim: 333 exec/s: 0 rss: 29Mb L: 193/333 MS: 3 InsertByte-CMP-EraseBytes- DE: "\000'"-
#304	REDUCE cov: 122 ft: 420 corp: 38/6323b lim: 333 exec/s: 0 rss: 29Mb L: 304/333 MS: 4 InsertByte-ChangeBit-PersAutoDict-InsertRepeatedBytes- DE: "\000\000[]AM\302\355"-
#319	REDUCE cov: 122 ft: 420 corp: 38/6282b lim: 333 exec/s: 0 rss: 29Mb L: 292/333 MS: 5 ShuffleBytes-CopyPart-CMP-ChangeByte-EraseBytes- DE: "trak"-
#322	NEW    cov: 122 ft: 421 corp: 39/6317b lim: 333 exec/s: 0 rss: 29Mb L: 35/333 MS: 3 InsertByte-EraseBytes-EraseBytes-
#335	NEW    cov: 122 ft: 422 corp: 40/6408b lim: 333 exec/s: 0 rss: 29Mb L: 91/333 MS: 3 ChangeByte-InsertRepeatedBytes-InsertByte-
#364	REDUCE cov: 122 ft: 422 corp: 40/6383b lim: 333 exec/s: 0 rss: 29Mb L: 217/333 MS: 4 CrossOver-ChangeBit-PersAutoDict-EraseBytes- DE: "\000'"-
#369	NEW    cov: 122 ft: 428 corp: 41/6709b lim: 333 exec/s: 0 rss: 29Mb L: 326/333 MS: 5 ChangeBinInt-ShuffleBytes-ChangeByte-ChangeBit-InsertRepeatedBytes-
#383	REDUCE cov: 122 ft: 428 corp: 41/6707b lim: 333 exec/s: 0 rss: 29Mb L: 302/333 MS: 4 ChangeBit-InsertByte-ChangeBinInt-EraseBytes-
#423	REDUCE cov: 122 ft: 428 corp: 41/6600b lim: 333 exec/s: 0 rss: 29Mb L: 197/333 MS: 5 PersAutoDict-ShuffleBytes-ShuffleBytes-ChangeByte-EraseBytes- DE: "trak"-
#432	NEW    cov: 122 ft: 429 corp: 42/6684b lim: 333 exec/s: 0 rss: 29Mb L: 84/333 MS: 4 CrossOver-CrossOver-CrossOver-CMP- DE: "U\000\000\000\000\000\000\000"-
#440	NEW    cov: 122 ft: 435 corp: 43/7017b lim: 333 exec/s: 0 rss: 29Mb L: 333/333 MS: 3 ChangeBinInt-ShuffleBytes-ChangeByte-
#475	REDUCE cov: 122 ft: 435 corp: 43/7011b lim: 333 exec/s: 0 rss: 29Mb L: 324/333 MS: 5 ChangeBinInt-ChangeBit-EraseBytes-ChangeBinInt-CopyPart-
#507	NEW    cov: 122 ft: 436 corp: 44/7280b lim: 333 exec/s: 0 rss: 29Mb L: 269/333 MS: 2 ChangeASCIIInt-ChangeByte-
#508	NEW    cov: 122 ft: 437 corp: 45/7557b lim: 333 exec/s: 0 rss: 29Mb L: 277/333 MS: 1 PersAutoDict- DE: "\000\000[]AM\302\355"-
#525	NEW    cov: 122 ft: 438 corp: 46/7788b lim: 333 exec/s: 0 rss: 29Mb L: 231/333 MS: 2 InsertByte-EraseBytes-
#606	REDUCE cov: 122 ft: 439 corp: 47/8114b lim: 333 exec/s: 0 rss: 29Mb L: 326/333 MS: 1 CopyPart-
#629	REDUCE cov: 122 ft: 439 corp: 47/8096b lim: 333 exec/s: 0 rss: 29Mb L: 315/333 MS: 3 EraseBytes-InsertByte-InsertRepeatedBytes-
#648	REDUCE cov: 122 ft: 440 corp: 48/8318b lim: 333 exec/s: 0 rss: 29Mb L: 222/333 MS: 4 CopyPart-ChangeASCIIInt-ChangeByte-CopyPart-
#661	NEW    cov: 122 ft: 441 corp: 49/8583b lim: 333 exec/s: 0 rss: 29Mb L: 265/333 MS: 3 ChangeBinInt-PersAutoDict-EraseBytes- DE: "strk"-
#681	REDUCE cov: 122 ft: 442 corp: 50/8868b lim: 333 exec/s: 0 rss: 29Mb L: 285/333 MS: 5 ChangeBit-ChangeBit-ChangeBinInt-EraseBytes-InsertRepeatedBytes-
#702	REDUCE cov: 122 ft: 442 corp: 50/8836b lim: 333 exec/s: 0 rss: 29Mb L: 199/333 MS: 1 EraseBytes-
#782	REDUCE cov: 122 ft: 442 corp: 50/8702b lim: 333 exec/s: 0 rss: 29Mb L: 158/333 MS: 5 InsertRepeatedBytes-CopyPart-CopyPart-CrossOver-EraseBytes-
#829	REDUCE cov: 122 ft: 442 corp: 50/8643b lim: 333 exec/s: 0 rss: 29Mb L: 140/333 MS: 2 EraseBytes-PersAutoDict- DE: "}QMA][\000\000"-
#855	REDUCE cov: 122 ft: 442 corp: 50/8639b lim: 333 exec/s: 0 rss: 29Mb L: 29/333 MS: 1 EraseBytes-
#870	NEW    cov: 122 ft: 443 corp: 51/8896b lim: 333 exec/s: 0 rss: 29Mb L: 257/333 MS: 5 InsertByte-ChangeASCIIInt-ChangeBinInt-ChangeBit-PersAutoDict- DE: "\001\000\000 "-
#924	REDUCE cov: 122 ft: 443 corp: 51/8870b lim: 333 exec/s: 0 rss: 29Mb L: 243/333 MS: 4 PersAutoDict-ShuffleBytes-CopyPart-EraseBytes- DE: "\001\000\000 "-
#996	REDUCE cov: 122 ft: 443 corp: 51/8851b lim: 333 exec/s: 0 rss: 29Mb L: 33/333 MS: 2 InsertByte-EraseBytes-
#1001	REDUCE cov: 122 ft: 443 corp: 51/8820b lim: 333 exec/s: 0 rss: 29Mb L: 221/333 MS: 5 PersAutoDict-CrossOver-ChangeByte-PersAutoDict-EraseBytes- DE: "\377\377\377\022"-"N7ISOBMFF12Con"-
#1022	NEW    cov: 122 ft: 444 corp: 52/9042b lim: 333 exec/s: 0 rss: 29Mb L: 222/333 MS: 1 ChangeBinInt-
#1033	NEW    cov: 122 ft: 454 corp: 53/9064b lim: 333 exec/s: 0 rss: 29Mb L: 22/333 MS: 1 EraseBytes-
#1085	REDUCE cov: 122 ft: 460 corp: 54/9289b lim: 333 exec/s: 0 rss: 29Mb L: 225/333 MS: 2 ChangeBinInt-PersAutoDict- DE: "strk"-
#1108	REDUCE cov: 122 ft: 460 corp: 54/9205b lim: 333 exec/s: 0 rss: 29Mb L: 113/333 MS: 3 ChangeByte-ChangeBit-EraseBytes-
#1151	REDUCE cov: 122 ft: 460 corp: 54/9203b lim: 333 exec/s: 0 rss: 29Mb L: 313/333 MS: 3 ChangeByte-PersAutoDict-EraseBytes- DE: "\000'"-
#1284	NEW    cov: 122 ft: 467 corp: 55/9515b lim: 333 exec/s: 0 rss: 29Mb L: 312/333 MS: 3 InsertByte-ShuffleBytes-CopyPart-
#1301	REDUCE cov: 122 ft: 467 corp: 55/9511b lim: 333 exec/s: 0 rss: 29Mb L: 273/333 MS: 2 EraseBytes-InsertRepeatedBytes-
#1322	REDUCE cov: 122 ft: 467 corp: 55/9506b lim: 333 exec/s: 0 rss: 29Mb L: 25/333 MS: 1 EraseBytes-
#1326	NEW    cov: 122 ft: 468 corp: 56/9533b lim: 333 exec/s: 0 rss: 29Mb L: 27/333 MS: 4 InsertRepeatedBytes-ShuffleBytes-CMP-EraseBytes- DE: "hvc1"-
#1415	REDUCE cov: 122 ft: 477 corp: 57/9543b lim: 333 exec/s: 0 rss: 29Mb L: 10/333 MS: 4 CMP-EraseBytes-ChangeBinInt-EraseBytes- DE: "hvc1"-
#1433	REDUCE cov: 122 ft: 477 corp: 57/9488b lim: 333 exec/s: 0 rss: 29Mb L: 188/333 MS: 3 CrossOver-ChangeByte-EraseBytes-
#1472	NEW    cov: 123 ft: 478 corp: 58/9493b lim: 333 exec/s: 0 rss: 29Mb L: 5/333 MS: 4 CrossOver-ShuffleBytes-ShuffleBytes-EraseBytes-
#1572	REDUCE cov: 123 ft: 479 corp: 59/9825b lim: 333 exec/s: 0 rss: 29Mb L: 332/333 MS: 5 InsertRepeatedBytes-InsertRepeatedBytes-InsertRepeatedBytes-InsertByte-InsertRepeatedBytes-
#1701	REDUCE cov: 123 ft: 479 corp: 59/9817b lim: 333 exec/s: 0 rss: 29Mb L: 25/333 MS: 4 CMP-ShuffleBytes-ShuffleBytes-EraseBytes- DE: " \000\000\000"-
#1924	REDUCE cov: 123 ft: 479 corp: 59/9811b lim: 333 exec/s: 0 rss: 29Mb L: 121/333 MS: 3 ChangeByte-ChangeByte-EraseBytes-
#1947	REDUCE cov: 123 ft: 481 corp: 60/10036b lim: 333 exec/s: 0 rss: 29Mb L: 225/333 MS: 3 InsertRepeatedBytes-EraseBytes-InsertByte-
#1948	REDUCE cov: 123 ft: 481 corp: 60/10035b lim: 333 exec/s: 0 rss: 29Mb L: 21/333 MS: 1 EraseBytes-
#1950	REDUCE cov: 123 ft: 481 corp: 60/9990b lim: 333 exec/s: 0 rss: 29Mb L: 267/333 MS: 2 ChangeByte-EraseBytes-
#2141	REDUCE cov: 123 ft: 481 corp: 60/9985b lim: 333 exec/s: 0 rss: 29Mb L: 30/333 MS: 1 EraseBytes-
#2220	REDUCE cov: 123 ft: 481 corp: 60/9982b lim: 333 exec/s: 0 rss: 29Mb L: 282/333 MS: 4 ChangeByte-CopyPart-EraseBytes-PersAutoDict- DE: "\000'"-
#2253	NEW    cov: 123 ft: 488 corp: 61/10016b lim: 333 exec/s: 0 rss: 29Mb L: 34/333 MS: 3 PersAutoDict-EraseBytes-ChangeByte- DE: "\000\000[]AM\302\355"-
#2331	REDUCE cov: 123 ft: 488 corp: 61/10007b lim: 333 exec/s: 0 rss: 29Mb L: 104/333 MS: 3 ShuffleBytes-ChangeByte-EraseBytes-
#2404	REDUCE cov: 123 ft: 488 corp: 61/10004b lim: 333 exec/s: 0 rss: 29Mb L: 42/333 MS: 3 CrossOver-CrossOver-InsertByte-
#2601	REDUCE cov: 123 ft: 488 corp: 61/9992b lim: 333 exec/s: 0 rss: 29Mb L: 40/333 MS: 2 CMP-EraseBytes- DE: "\003\000\000\000"-
#2635	REDUCE cov: 123 ft: 488 corp: 61/9979b lim: 333 exec/s: 0 rss: 29Mb L: 145/333 MS: 4 EraseBytes-InsertByte-PersAutoDict-CopyPart- DE: "}QMA][\000\000"-
#2637	REDUCE cov: 123 ft: 488 corp: 61/9965b lim: 333 exec/s: 0 rss: 29Mb L: 16/333 MS: 2 ChangeByte-EraseBytes-
#2643	REDUCE cov: 123 ft: 488 corp: 61/9960b lim: 333 exec/s: 0 rss: 29Mb L: 37/333 MS: 1 EraseBytes-
#2770	NEW    cov: 123 ft: 489 corp: 62/10181b lim: 333 exec/s: 0 rss: 29Mb L: 221/333 MS: 2 ChangeASCIIInt-InsertByte-
#2771	REDUCE cov: 123 ft: 489 corp: 62/10172b lim: 333 exec/s: 0 rss: 29Mb L: 179/333 MS: 1 EraseBytes-
#2888	REDUCE cov: 123 ft: 489 corp: 62/10165b lim: 333 exec/s: 0 rss: 29Mb L: 116/333 MS: 2 EraseBytes-InsertByte-
#2893	REDUCE cov: 123 ft: 489 corp: 62/10163b lim: 333 exec/s: 0 rss: 29Mb L: 43/333 MS: 5 CMP-EraseBytes-ChangeBit-ChangeBinInt-CMP- DE: "cdsc"-"avcC"-
#3006	REDUCE cov: 123 ft: 489 corp: 62/10137b lim: 333 exec/s: 0 rss: 29Mb L: 78/333 MS: 3 InsertByte-CopyPart-EraseBytes-
#3022	REDUCE cov: 123 ft: 489 corp: 62/10066b lim: 333 exec/s: 0 rss: 29Mb L: 128/333 MS: 1 EraseBytes-
#3044	REDUCE cov: 123 ft: 489 corp: 62/10065b lim: 333 exec/s: 0 rss: 29Mb L: 15/333 MS: 2 CopyPart-EraseBytes-
#3110	REDUCE cov: 123 ft: 489 corp: 62/10063b lim: 333 exec/s: 0 rss: 29Mb L: 3/333 MS: 1 EraseBytes-
#3112	REDUCE cov: 124 ft: 490 corp: 63/10264b lim: 333 exec/s: 0 rss: 29Mb L: 201/333 MS: 2 ChangeBit-EraseBytes-
#3240	REDUCE cov: 124 ft: 490 corp: 63/10261b lim: 333 exec/s: 0 rss: 29Mb L: 18/333 MS: 3 PersAutoDict-InsertByte-EraseBytes- DE: "}QMA][\000\000"-
#3282	REDUCE cov: 124 ft: 490 corp: 63/10153b lim: 333 exec/s: 0 rss: 29Mb L: 216/333 MS: 2 CrossOver-CopyPart-
#3360	REDUCE cov: 124 ft: 490 corp: 63/10152b lim: 333 exec/s: 0 rss: 29Mb L: 9/333 MS: 3 CopyPart-ChangeByte-EraseBytes-
#3675	REDUCE cov: 124 ft: 490 corp: 63/10151b lim: 333 exec/s: 0 rss: 29Mb L: 2/333 MS: 5 ChangeByte-ChangeBit-InsertByte-ChangeBit-EraseBytes-
#3686	REDUCE cov: 124 ft: 490 corp: 63/10149b lim: 333 exec/s: 0 rss: 29Mb L: 160/333 MS: 1 EraseBytes-
#3711	NEW    cov: 124 ft: 491 corp: 64/10480b lim: 333 exec/s: 0 rss: 29Mb L: 331/333 MS: 5 CrossOver-CopyPart-ChangeBit-PersAutoDict-InsertRepeatedBytes- DE: "}QMA][\000\000"-
#3772	REDUCE cov: 124 ft: 491 corp: 64/10478b lim: 333 exec/s: 0 rss: 29Mb L: 56/333 MS: 1 EraseBytes-
#3863	REDUCE cov: 124 ft: 491 corp: 64/10452b lim: 333 exec/s: 0 rss: 29Mb L: 52/333 MS: 1 CrossOver-
#3875	NEW    cov: 124 ft: 495 corp: 65/10732b lim: 333 exec/s: 0 rss: 29Mb L: 280/333 MS: 2 ChangeByte-CrossOver-
#3950	REDUCE cov: 124 ft: 495 corp: 65/10712b lim: 333 exec/s: 0 rss: 29Mb L: 306/333 MS: 5 ChangeByte-InsertRepeatedBytes-InsertByte-CMP-EraseBytes- DE: "stsd"-
#3971	REDUCE cov: 124 ft: 495 corp: 65/10694b lim: 333 exec/s: 0 rss: 29Mb L: 34/333 MS: 1 EraseBytes-
#4189	REDUCE cov: 124 ft: 495 corp: 65/10678b lim: 333 exec/s: 0 rss: 29Mb L: 60/333 MS: 3 EraseBytes-ChangeBinInt-CopyPart-
#4200	REDUCE cov: 124 ft: 495 corp: 65/10677b lim: 333 exec/s: 0 rss: 29Mb L: 1/333 MS: 1 EraseBytes-
#4399	REDUCE cov: 124 ft: 495 corp: 65/10657b lim: 333 exec/s: 0 rss: 29Mb L: 71/333 MS: 4 InsertByte-EraseBytes-EraseBytes-InsertByte-
#4476	REDUCE cov: 124 ft: 495 corp: 65/10648b lim: 333 exec/s: 0 rss: 29Mb L: 25/333 MS: 2 ChangeBinInt-EraseBytes-
#4497	NEW    cov: 124 ft: 496 corp: 66/10932b lim: 333 exec/s: 0 rss: 29Mb L: 284/333 MS: 1 PersAutoDict- DE: "hvc1"-
#4655	NEW    cov: 124 ft: 497 corp: 67/11241b lim: 333 exec/s: 0 rss: 29Mb L: 309/333 MS: 3 InsertRepeatedBytes-ChangeByte-InsertByte-
#4752	REDUCE cov: 124 ft: 497 corp: 67/11240b lim: 333 exec/s: 0 rss: 29Mb L: 24/333 MS: 2 ShuffleBytes-EraseBytes-
#4815	REDUCE cov: 124 ft: 497 corp: 67/11239b lim: 333 exec/s: 0 rss: 29Mb L: 290/333 MS: 3 PersAutoDict-InsertRepeatedBytes-EraseBytes- DE: "hvc1"-
#4949	REDUCE cov: 124 ft: 497 corp: 67/11238b lim: 333 exec/s: 0 rss: 29Mb L: 86/333 MS: 4 PersAutoDict-ChangeBit-ChangeASCIIInt-EraseBytes- DE: "stsd"-
#5090	REDUCE cov: 124 ft: 497 corp: 67/11237b lim: 333 exec/s: 0 rss: 29Mb L: 70/333 MS: 1 EraseBytes-
#5127	REDUCE cov: 124 ft: 497 corp: 67/11190b lim: 333 exec/s: 0 rss: 29Mb L: 74/333 MS: 2 EraseBytes-CMP- DE: "irot"-
#5345	REDUCE cov: 124 ft: 497 corp: 67/11174b lim: 333 exec/s: 0 rss: 29Mb L: 24/333 MS: 3 InsertByte-ShuffleBytes-EraseBytes-
#5370	REDUCE cov: 124 ft: 497 corp: 67/11169b lim: 333 exec/s: 0 rss: 29Mb L: 81/333 MS: 5 InsertByte-ChangeByte-CMP-InsertByte-EraseBytes- DE: "\001\000\000\000"-
#5378	NEW    cov: 124 ft: 503 corp: 68/11450b lim: 333 exec/s: 0 rss: 29Mb L: 281/333 MS: 3 PersAutoDict-InsertByte-ChangeBit- DE: "\001\000\000 "-
#5874	REDUCE cov: 124 ft: 503 corp: 68/11434b lim: 333 exec/s: 0 rss: 29Mb L: 206/333 MS: 1 EraseBytes-
#5875	REDUCE cov: 124 ft: 503 corp: 68/11388b lim: 333 exec/s: 0 rss: 29Mb L: 206/333 MS: 1 EraseBytes-
#5879	REDUCE cov: 124 ft: 508 corp: 69/11686b lim: 333 exec/s: 0 rss: 29Mb L: 298/333 MS: 4 ChangeByte-CMP-InsertRepeatedBytes-CopyPart- DE: "\017\000\000\000\000\000\000\000"-
#5933	REDUCE cov: 124 ft: 508 corp: 69/11597b lim: 333 exec/s: 0 rss: 29Mb L: 117/333 MS: 4 InsertByte-PersAutoDict-CrossOver-InsertRepeatedBytes- DE: "stsd"-
#6185	NEW    cov: 124 ft: 509 corp: 70/11903b lim: 333 exec/s: 6185 rss: 29Mb L: 306/333 MS: 1 CopyPart-
#6324	NEW    cov: 124 ft: 510 corp: 71/12142b lim: 333 exec/s: 6324 rss: 29Mb L: 239/333 MS: 4 EraseBytes-InsertByte-InsertRepeatedBytes-CopyPart-
#6334	REDUCE cov: 124 ft: 510 corp: 71/12139b lim: 333 exec/s: 6334 rss: 29Mb L: 34/333 MS: 5 ChangeASCIIInt-EraseBytes-ChangeBit-ChangeBinInt-PersAutoDict- DE: "\000'"-
#6377	REDUCE cov: 124 ft: 510 corp: 71/12138b lim: 333 exec/s: 6377 rss: 29Mb L: 59/333 MS: 3 ChangeBit-PersAutoDict-EraseBytes- DE: "cdsc"-
#6497	REDUCE cov: 124 ft: 510 corp: 71/12134b lim: 333 exec/s: 6497 rss: 29Mb L: 36/333 MS: 5 PersAutoDict-ChangeBit-ChangeBit-ChangeByte-EraseBytes- DE: "\000\000[]AM\302\355"-
#6576	REDUCE cov: 124 ft: 510 corp: 71/12132b lim: 333 exec/s: 6576 rss: 29Mb L: 138/333 MS: 4 CopyPart-ShuffleBytes-InsertByte-EraseBytes-
#6664	REDUCE cov: 124 ft: 510 corp: 71/12120b lim: 333 exec/s: 6664 rss: 29Mb L: 27/333 MS: 3 EraseBytes-PersAutoDict-PersAutoDict- DE: "\377\377\377\022"-"trak"-
#6665	REDUCE cov: 124 ft: 510 corp: 71/12103b lim: 333 exec/s: 6665 rss: 29Mb L: 273/333 MS: 1 EraseBytes-
#6761	REDUCE cov: 124 ft: 510 corp: 71/12085b lim: 333 exec/s: 6761 rss: 29Mb L: 18/333 MS: 1 EraseBytes-
#6797	REDUCE cov: 124 ft: 510 corp: 71/12042b lim: 333 exec/s: 6797 rss: 29Mb L: 85/333 MS: 1 EraseBytes-
#6815	REDUCE cov: 124 ft: 510 corp: 71/12030b lim: 333 exec/s: 6815 rss: 29Mb L: 25/333 MS: 3 EraseBytes-InsertByte-PersAutoDict- DE: "irot"-
#6896	REDUCE cov: 124 ft: 510 corp: 71/11989b lim: 333 exec/s: 6896 rss: 29Mb L: 184/333 MS: 1 EraseBytes-
#6993	REDUCE cov: 124 ft: 510 corp: 71/11977b lim: 333 exec/s: 6993 rss: 29Mb L: 13/333 MS: 2 InsertByte-EraseBytes-
#7025	REDUCE cov: 124 ft: 510 corp: 71/11971b lim: 333 exec/s: 7025 rss: 29Mb L: 68/333 MS: 2 EraseBytes-CMP- DE: "\003\000\000\000\000\000\000\000"-
#7304	REDUCE cov: 124 ft: 510 corp: 71/11962b lim: 333 exec/s: 7304 rss: 29Mb L: 212/333 MS: 4 InsertByte-EraseBytes-CopyPart-InsertByte-
#7457	REDUCE cov: 124 ft: 510 corp: 71/11956b lim: 333 exec/s: 7457 rss: 29Mb L: 12/333 MS: 3 CMP-ChangeBit-EraseBytes- DE: "\013\000\000\000"-
#7548	REDUCE cov: 124 ft: 510 corp: 71/11945b lim: 333 exec/s: 7548 rss: 29Mb L: 16/333 MS: 1 EraseBytes-
#7761	REDUCE cov: 124 ft: 510 corp: 71/11938b lim: 333 exec/s: 7761 rss: 29Mb L: 209/333 MS: 3 ChangeBit-CopyPart-EraseBytes-
#7791	REDUCE cov: 124 ft: 511 corp: 72/11946b lim: 333 exec/s: 7791 rss: 29Mb L: 8/333 MS: 5 ChangeByte-InsertByte-EraseBytes-EraseBytes-EraseBytes-
#8103	REDUCE cov: 124 ft: 511 corp: 72/11886b lim: 333 exec/s: 8103 rss: 29Mb L: 179/333 MS: 2 CMP-EraseBytes- DE: "\302\340\177=:\004\3512"-
#8239	REDUCE cov: 124 ft: 511 corp: 72/11864b lim: 333 exec/s: 8239 rss: 29Mb L: 203/333 MS: 1 EraseBytes-
#8393	REDUCE cov: 124 ft: 511 corp: 72/11859b lim: 333 exec/s: 8393 rss: 29Mb L: 10/333 MS: 4 ChangeBinInt-ChangeByte-InsertByte-EraseBytes-
#8740	REDUCE cov: 124 ft: 511 corp: 72/11853b lim: 333 exec/s: 8740 rss: 29Mb L: 173/333 MS: 2 PersAutoDict-EraseBytes- DE: "\017\000\000\000\000\000\000\000"-
#8902	REDUCE cov: 124 ft: 511 corp: 72/11844b lim: 333 exec/s: 8902 rss: 29Mb L: 108/333 MS: 2 CrossOver-EraseBytes-
#9079	REDUCE cov: 124 ft: 511 corp: 72/11835b lim: 333 exec/s: 9079 rss: 29Mb L: 289/333 MS: 2 ShuffleBytes-EraseBytes-
#9217	REDUCE cov: 124 ft: 511 corp: 72/11827b lim: 333 exec/s: 9217 rss: 29Mb L: 246/333 MS: 3 CopyPart-PersAutoDict-EraseBytes- DE: "irot"-
#9249	REDUCE cov: 124 ft: 515 corp: 73/12160b lim: 333 exec/s: 9249 rss: 29Mb L: 333/333 MS: 2 CopyPart-CrossOver-
#9930	REDUCE cov: 124 ft: 515 corp: 73/12159b lim: 333 exec/s: 9930 rss: 29Mb L: 83/333 MS: 1 EraseBytes-
#10036	REDUCE cov: 124 ft: 515 corp: 73/12154b lim: 333 exec/s: 10036 rss: 29Mb L: 65/333 MS: 1 EraseBytes-
#10096	REDUCE cov: 124 ft: 515 corp: 73/12118b lim: 333 exec/s: 10096 rss: 29Mb L: 137/333 MS: 5 ShuffleBytes-ChangeByte-ShuffleBytes-CrossOver-CrossOver-
#10133	REDUCE cov: 124 ft: 515 corp: 73/12115b lim: 333 exec/s: 10133 rss: 29Mb L: 10/333 MS: 2 CMP-EraseBytes- DE: "\000\000\000\026"-
#10304	REDUCE cov: 124 ft: 515 corp: 73/12110b lim: 333 exec/s: 10304 rss: 29Mb L: 29/333 MS: 1 EraseBytes-
#10365	REDUCE cov: 124 ft: 515 corp: 73/12101b lim: 333 exec/s: 10365 rss: 29Mb L: 187/333 MS: 1 EraseBytes-
#10454	REDUCE cov: 124 ft: 515 corp: 73/12100b lim: 333 exec/s: 10454 rss: 29Mb L: 9/333 MS: 4 ShuffleBytes-ChangeByte-PersAutoDict-EraseBytes- DE: "\000'"-
#10518	REDUCE cov: 124 ft: 515 corp: 73/12059b lim: 333 exec/s: 10518 rss: 29Mb L: 162/333 MS: 4 CopyPart-ChangeBinInt-PersAutoDict-EraseBytes- DE: "\000\000[]AM\302\355"-
#10584	NEW    cov: 124 ft: 516 corp: 74/12372b lim: 333 exec/s: 5292 rss: 1589Mb L: 313/333 MS: 1 CMP- DE: "avc1"-
#10601	REDUCE cov: 124 ft: 516 corp: 74/12358b lim: 333 exec/s: 5300 rss: 1589Mb L: 15/333 MS: 2 ChangeBit-EraseBytes-
#10818	REDUCE cov: 124 ft: 516 corp: 74/12354b lim: 333 exec/s: 5409 rss: 1589Mb L: 20/333 MS: 2 EraseBytes-CopyPart-
==841654== ERROR: libFuzzer: out-of-memory (used: 1589Mb; limit: 1024Mb)
   To change the out-of-memory limit use -rss_limit_mb=<N>

MS: 1 ChangeByte-; base unit: 2257c73ca3a8c932abd69ca593815a4e70dd05c0
artifact_prefix='/results/crashes/20260313_185059_54029535_'; Test unit written to /results/crashes/20260313_185059_54029535_oom-7bfff6a0d3523d633705686bc9ec4a9996facb92
SUMMARY: libFuzzer: out-of-memory
stat::number_of_executed_units: 10844
stat::average_exec_per_sec:     3614
stat::new_units_added:          169
stat::slowest_unit_time_sec:    0
stat::peak_rss_mb:              1589
