INFO: Running with entropic power schedule (0xFF, 100).
INFO: Seed: 3424458492
INFO: Loaded 1 modules   (252 inline 8-bit counters): 252 [0x6320a9bff678, 0x6320a9bff774), 
INFO: Loaded 1 PC tables (252 PCs): 252 [0x6320a9bff778,0x6320a9c00738), 
INFO:        4 files found in /tmp/corpus_20260313_152911_fa4fbea4
INFO: seed corpus: files: 4 min: 48b max: 333b total: 853b rss: 28Mb
#5	INITED cov: 118 ft: 254 corp: 4/853b exec/s: 0 rss: 29Mb
#6	NEW    cov: 118 ft: 269 corp: 5/1181b lim: 333 exec/s: 0 rss: 29Mb L: 328/333 MS: 1 InsertRepeatedBytes-
#9	NEW    cov: 118 ft: 270 corp: 6/1434b lim: 333 exec/s: 0 rss: 29Mb L: 253/333 MS: 3 ChangeByte-ChangeBit-InsertByte-
#12	NEW    cov: 118 ft: 271 corp: 7/1767b lim: 333 exec/s: 0 rss: 29Mb L: 333/333 MS: 3 ChangeBit-ChangeBinInt-CopyPart-
#13	NEW    cov: 118 ft: 272 corp: 8/2100b lim: 333 exec/s: 0 rss: 29Mb L: 333/333 MS: 1 CopyPart-
#14	NEW    cov: 118 ft: 280 corp: 9/2149b lim: 333 exec/s: 0 rss: 29Mb L: 49/333 MS: 1 InsertByte-
#15	NEW    cov: 118 ft: 293 corp: 10/2353b lim: 333 exec/s: 0 rss: 29Mb L: 204/333 MS: 1 EraseBytes-
#19	NEW    cov: 119 ft: 294 corp: 11/2671b lim: 333 exec/s: 0 rss: 29Mb L: 318/333 MS: 4 ChangeBinInt-EraseBytes-ChangeASCIIInt-InsertRepeatedBytes-
#23	NEW    cov: 119 ft: 295 corp: 12/2990b lim: 333 exec/s: 0 rss: 29Mb L: 319/333 MS: 4 ChangeBit-ChangeBinInt-ShuffleBytes-EraseBytes-
#28	NEW    cov: 120 ft: 297 corp: 13/3323b lim: 333 exec/s: 0 rss: 29Mb L: 333/333 MS: 5 ChangeByte-ChangeByte-ChangeBit-ShuffleBytes-CopyPart-
#32	NEW    cov: 120 ft: 298 corp: 14/3561b lim: 333 exec/s: 0 rss: 29Mb L: 238/333 MS: 4 ChangeBinInt-ChangeBinInt-CMP-EraseBytes- DE: "\001\000c \251\234\302S"-
#33	NEW    cov: 120 ft: 328 corp: 15/3610b lim: 333 exec/s: 0 rss: 29Mb L: 49/333 MS: 1 ChangeByte-
#34	NEW    cov: 120 ft: 329 corp: 16/3863b lim: 333 exec/s: 0 rss: 29Mb L: 253/333 MS: 1 ChangeByte-
#35	NEW    cov: 120 ft: 330 corp: 17/4117b lim: 333 exec/s: 0 rss: 29Mb L: 254/333 MS: 1 InsertByte-
#36	REDUCE cov: 120 ft: 330 corp: 17/4107b lim: 333 exec/s: 0 rss: 29Mb L: 39/333 MS: 1 EraseBytes-
#40	NEW    cov: 120 ft: 337 corp: 18/4260b lim: 333 exec/s: 0 rss: 29Mb L: 153/333 MS: 4 PersAutoDict-ShuffleBytes-PersAutoDict-EraseBytes- DE: "\001\000c \251\234\302S"-"\001\000c \251\234\302S"-
#41	NEW    cov: 121 ft: 338 corp: 19/4593b lim: 333 exec/s: 0 rss: 29Mb L: 333/333 MS: 1 PersAutoDict- DE: "\001\000c \251\234\302S"-
#42	NEW    cov: 122 ft: 340 corp: 20/4897b lim: 333 exec/s: 0 rss: 29Mb L: 304/333 MS: 1 InsertRepeatedBytes-
#43	NEW    cov: 122 ft: 341 corp: 21/5150b lim: 333 exec/s: 0 rss: 29Mb L: 253/333 MS: 1 InsertByte-
#55	NEW    cov: 122 ft: 352 corp: 22/5463b lim: 333 exec/s: 0 rss: 29Mb L: 313/333 MS: 2 InsertRepeatedBytes-InsertRepeatedBytes-
#61	NEW    cov: 122 ft: 353 corp: 23/5796b lim: 333 exec/s: 0 rss: 29Mb L: 333/333 MS: 1 InsertRepeatedBytes-
#72	NEW    cov: 122 ft: 358 corp: 24/5955b lim: 333 exec/s: 0 rss: 29Mb L: 159/333 MS: 1 CrossOver-
#76	NEW    cov: 122 ft: 369 corp: 25/6038b lim: 333 exec/s: 0 rss: 29Mb L: 83/333 MS: 4 CopyPart-CrossOver-ChangeBit-CrossOver-
#78	NEW    cov: 122 ft: 383 corp: 26/6087b lim: 333 exec/s: 0 rss: 29Mb L: 49/333 MS: 2 ChangeBinInt-CMP- DE: "\037\000\000\000"-
#79	NEW    cov: 122 ft: 384 corp: 27/6415b lim: 333 exec/s: 0 rss: 29Mb L: 328/333 MS: 1 CopyPart-
#85	NEW    cov: 122 ft: 390 corp: 28/6632b lim: 333 exec/s: 0 rss: 29Mb L: 217/333 MS: 1 EraseBytes-
#97	NEW    cov: 122 ft: 391 corp: 29/6734b lim: 333 exec/s: 0 rss: 29Mb L: 102/333 MS: 2 CMP-CopyPart- DE: "\264\000\000\000\000\000\000\000"-
#101	NEW    cov: 122 ft: 392 corp: 30/6835b lim: 333 exec/s: 0 rss: 29Mb L: 101/333 MS: 4 ChangeBinInt-ChangeBinInt-ShuffleBytes-CrossOver-
#108	NEW    cov: 122 ft: 393 corp: 31/6876b lim: 333 exec/s: 0 rss: 29Mb L: 41/333 MS: 2 InsertByte-EraseBytes-
#120	NEW    cov: 123 ft: 394 corp: 32/6883b lim: 333 exec/s: 0 rss: 29Mb L: 7/333 MS: 2 ChangeBit-CrossOver-
#143	NEW    cov: 123 ft: 400 corp: 33/6979b lim: 333 exec/s: 0 rss: 29Mb L: 96/333 MS: 3 InsertByte-ChangeBinInt-EraseBytes-
#186	NEW    cov: 123 ft: 401 corp: 34/7093b lim: 333 exec/s: 0 rss: 29Mb L: 114/333 MS: 3 InsertByte-PersAutoDict-InsertRepeatedBytes- DE: "\001\000c \251\234\302S"-
#192	REDUCE cov: 123 ft: 401 corp: 34/7084b lim: 333 exec/s: 0 rss: 29Mb L: 324/333 MS: 1 EraseBytes-
#208	NEW    cov: 123 ft: 411 corp: 35/7120b lim: 333 exec/s: 0 rss: 29Mb L: 36/333 MS: 1 EraseBytes-
#209	NEW    cov: 123 ft: 413 corp: 36/7144b lim: 333 exec/s: 0 rss: 29Mb L: 24/333 MS: 1 EraseBytes-
#231	NEW    cov: 123 ft: 422 corp: 37/7185b lim: 333 exec/s: 0 rss: 29Mb L: 41/333 MS: 2 InsertByte-CMP- DE: "\000\000\000\001"-
#235	NEW    cov: 123 ft: 437 corp: 38/7517b lim: 333 exec/s: 0 rss: 29Mb L: 332/333 MS: 4 PersAutoDict-CrossOver-CMP-ChangeByte- DE: "\001\000c \251\234\302S"-"stts"-
#256	REDUCE cov: 123 ft: 438 corp: 39/7656b lim: 333 exec/s: 0 rss: 29Mb L: 139/333 MS: 1 InsertRepeatedBytes-
#276	NEW    cov: 123 ft: 439 corp: 40/7920b lim: 333 exec/s: 0 rss: 29Mb L: 264/333 MS: 5 CopyPart-ChangeBinInt-PersAutoDict-EraseBytes-CopyPart- DE: "stts"-
#280	REDUCE cov: 123 ft: 440 corp: 41/7973b lim: 333 exec/s: 0 rss: 29Mb L: 53/333 MS: 4 ShuffleBytes-ChangeByte-InsertRepeatedBytes-ShuffleBytes-
#296	NEW    cov: 123 ft: 443 corp: 42/7998b lim: 333 exec/s: 0 rss: 29Mb L: 25/333 MS: 1 InsertByte-
#322	REDUCE cov: 123 ft: 443 corp: 42/7988b lim: 333 exec/s: 0 rss: 29Mb L: 194/333 MS: 1 EraseBytes-
#335	NEW    cov: 123 ft: 444 corp: 43/8012b lim: 333 exec/s: 0 rss: 29Mb L: 24/333 MS: 3 ChangeASCIIInt-EraseBytes-EraseBytes-
#387	NEW    cov: 123 ft: 453 corp: 44/8020b lim: 333 exec/s: 0 rss: 29Mb L: 8/333 MS: 2 ShuffleBytes-InsertByte-
#394	REDUCE cov: 123 ft: 453 corp: 44/8016b lim: 333 exec/s: 0 rss: 29Mb L: 97/333 MS: 2 EraseBytes-PersAutoDict- DE: "\001\000c \251\234\302S"-
#402	NEW    cov: 123 ft: 454 corp: 45/8248b lim: 333 exec/s: 0 rss: 29Mb L: 232/333 MS: 3 ChangeByte-CrossOver-EraseBytes-
#409	NEW    cov: 123 ft: 462 corp: 46/8267b lim: 333 exec/s: 0 rss: 29Mb L: 19/333 MS: 2 ChangeByte-EraseBytes-
#423	NEW    cov: 123 ft: 463 corp: 47/8283b lim: 333 exec/s: 0 rss: 29Mb L: 16/333 MS: 4 PersAutoDict-InsertByte-PersAutoDict-EraseBytes- DE: "\000\000\000\001"-"\264\000\000\000\000\000\000\000"-
#431	NEW    cov: 123 ft: 469 corp: 48/8613b lim: 333 exec/s: 0 rss: 29Mb L: 330/333 MS: 3 ShuffleBytes-InsertRepeatedBytes-PersAutoDict- DE: "\037\000\000\000"-
#445	NEW    cov: 123 ft: 470 corp: 49/8946b lim: 333 exec/s: 0 rss: 29Mb L: 333/333 MS: 4 ShuffleBytes-ChangeBinInt-CopyPart-ChangeBit-
#470	NEW    cov: 123 ft: 471 corp: 50/9278b lim: 333 exec/s: 0 rss: 29Mb L: 332/333 MS: 5 InsertByte-CopyPart-CopyPart-ShuffleBytes-CopyPart-
#511	REDUCE cov: 123 ft: 471 corp: 50/9181b lim: 333 exec/s: 0 rss: 29Mb L: 236/333 MS: 1 CrossOver-
#587	NEW    cov: 123 ft: 475 corp: 51/9474b lim: 333 exec/s: 0 rss: 29Mb L: 293/333 MS: 1 InsertRepeatedBytes-
#635	REDUCE cov: 123 ft: 475 corp: 51/9413b lim: 333 exec/s: 0 rss: 29Mb L: 193/333 MS: 3 InsertRepeatedBytes-PersAutoDict-EraseBytes- DE: "stts"-
#651	REDUCE cov: 123 ft: 475 corp: 51/9289b lim: 333 exec/s: 0 rss: 29Mb L: 129/333 MS: 1 EraseBytes-
#731	REDUCE cov: 123 ft: 475 corp: 51/9286b lim: 333 exec/s: 0 rss: 29Mb L: 16/333 MS: 5 ChangeBit-ChangeASCIIInt-CrossOver-ShuffleBytes-EraseBytes-
#824	NEW    cov: 123 ft: 479 corp: 52/9619b lim: 333 exec/s: 0 rss: 29Mb L: 333/333 MS: 3 ChangeBit-InsertRepeatedBytes-InsertRepeatedBytes-
#868	REDUCE cov: 123 ft: 479 corp: 52/9589b lim: 333 exec/s: 0 rss: 29Mb L: 72/333 MS: 4 ChangeBit-ChangeBinInt-ChangeBinInt-EraseBytes-
#922	REDUCE cov: 123 ft: 479 corp: 52/9527b lim: 333 exec/s: 0 rss: 29Mb L: 271/333 MS: 4 CopyPart-CopyPart-ChangeByte-CrossOver-
#923	REDUCE cov: 123 ft: 479 corp: 52/9512b lim: 333 exec/s: 0 rss: 29Mb L: 179/333 MS: 1 EraseBytes-
#941	REDUCE cov: 123 ft: 479 corp: 52/9479b lim: 333 exec/s: 0 rss: 29Mb L: 300/333 MS: 3 ChangeBinInt-CopyPart-EraseBytes-
#952	NEW    cov: 123 ft: 484 corp: 53/9807b lim: 333 exec/s: 0 rss: 29Mb L: 328/333 MS: 1 ChangeByte-
#959	REDUCE cov: 123 ft: 484 corp: 53/9693b lim: 333 exec/s: 0 rss: 29Mb L: 139/333 MS: 2 ChangeBinInt-CrossOver-
#974	REDUCE cov: 123 ft: 484 corp: 53/9683b lim: 333 exec/s: 0 rss: 29Mb L: 129/333 MS: 5 ChangeByte-InsertRepeatedBytes-InsertRepeatedBytes-InsertByte-CrossOver-
#1030	NEW    cov: 123 ft: 486 corp: 54/9904b lim: 333 exec/s: 0 rss: 29Mb L: 221/333 MS: 1 InsertByte-
#1114	REDUCE cov: 123 ft: 486 corp: 54/9785b lim: 333 exec/s: 0 rss: 29Mb L: 181/333 MS: 4 CrossOver-InsertRepeatedBytes-ShuffleBytes-CrossOver-
#1127	NEW    cov: 123 ft: 487 corp: 55/9808b lim: 333 exec/s: 0 rss: 29Mb L: 23/333 MS: 3 CrossOver-EraseBytes-EraseBytes-
#1163	NEW    cov: 123 ft: 494 corp: 56/10005b lim: 333 exec/s: 0 rss: 29Mb L: 197/333 MS: 1 EraseBytes-
#1204	REDUCE cov: 123 ft: 494 corp: 56/10004b lim: 333 exec/s: 0 rss: 29Mb L: 40/333 MS: 1 EraseBytes-
#1310	REDUCE cov: 123 ft: 494 corp: 56/9965b lim: 333 exec/s: 0 rss: 29Mb L: 232/333 MS: 1 EraseBytes-
#1423	REDUCE cov: 123 ft: 494 corp: 56/9961b lim: 333 exec/s: 0 rss: 29Mb L: 20/333 MS: 3 CrossOver-ChangeASCIIInt-EraseBytes-
#1449	REDUCE cov: 123 ft: 494 corp: 56/9841b lim: 333 exec/s: 0 rss: 29Mb L: 198/333 MS: 1 EraseBytes-
#1472	REDUCE cov: 123 ft: 494 corp: 56/9839b lim: 333 exec/s: 0 rss: 29Mb L: 23/333 MS: 3 CrossOver-EraseBytes-PersAutoDict- DE: "\001\000c \251\234\302S"-
#1482	REDUCE cov: 123 ft: 494 corp: 56/9815b lim: 333 exec/s: 0 rss: 29Mb L: 174/333 MS: 5 ChangeBit-ShuffleBytes-CopyPart-PersAutoDict-EraseBytes- DE: "\000\000\000\001"-
#1485	REDUCE cov: 123 ft: 494 corp: 56/9814b lim: 333 exec/s: 0 rss: 29Mb L: 19/333 MS: 3 PersAutoDict-ShuffleBytes-EraseBytes- DE: "\264\000\000\000\000\000\000\000"-
#1694	REDUCE cov: 123 ft: 494 corp: 56/9812b lim: 333 exec/s: 0 rss: 29Mb L: 21/333 MS: 4 CMP-CMP-ShuffleBytes-EraseBytes- DE: "\200\377\377\377\377\377\377\377"-"\001\000\000\000\000\000\000\037"-
#1763	NEW    cov: 123 ft: 497 corp: 57/9996b lim: 333 exec/s: 0 rss: 29Mb L: 184/333 MS: 4 CMP-InsertByte-EraseBytes-InsertByte- DE: "avcC"-
#1768	REDUCE cov: 123 ft: 497 corp: 57/9993b lim: 333 exec/s: 0 rss: 29Mb L: 126/333 MS: 5 InsertRepeatedBytes-ChangeBinInt-CrossOver-CopyPart-CMP- DE: "\000u\002d)s\000\000"-
#1815	REDUCE cov: 123 ft: 497 corp: 57/9992b lim: 333 exec/s: 0 rss: 29Mb L: 6/333 MS: 2 ShuffleBytes-EraseBytes-
#1830	NEW    cov: 123 ft: 498 corp: 58/10272b lim: 333 exec/s: 0 rss: 29Mb L: 280/333 MS: 5 ChangeBinInt-ChangeBit-CopyPart-InsertRepeatedBytes-CMP- DE: "#\000\000\000"-
#1861	REDUCE cov: 123 ft: 499 corp: 59/10521b lim: 333 exec/s: 0 rss: 29Mb L: 249/333 MS: 1 CrossOver-
#1910	NEW    cov: 123 ft: 500 corp: 60/10535b lim: 333 exec/s: 0 rss: 29Mb L: 14/333 MS: 4 ChangeBit-PersAutoDict-CopyPart-EraseBytes- DE: "#\000\000\000"-
#1912	REDUCE cov: 123 ft: 500 corp: 60/10533b lim: 333 exec/s: 0 rss: 29Mb L: 14/333 MS: 2 InsertByte-EraseBytes-
#1971	REDUCE cov: 123 ft: 500 corp: 60/10512b lim: 333 exec/s: 0 rss: 29Mb L: 28/333 MS: 4 ShuffleBytes-ShuffleBytes-EraseBytes-PersAutoDict- DE: "\264\000\000\000\000\000\000\000"-
#1983	REDUCE cov: 123 ft: 500 corp: 60/10466b lim: 333 exec/s: 0 rss: 29Mb L: 282/333 MS: 2 InsertRepeatedBytes-EraseBytes-
#2029	REDUCE cov: 123 ft: 500 corp: 60/10459b lim: 333 exec/s: 0 rss: 29Mb L: 190/333 MS: 1 EraseBytes-
#2083	REDUCE cov: 123 ft: 500 corp: 60/10451b lim: 333 exec/s: 0 rss: 29Mb L: 28/333 MS: 4 PersAutoDict-InsertByte-CopyPart-EraseBytes- DE: "\200\377\377\377\377\377\377\377"-
#2125	REDUCE cov: 123 ft: 500 corp: 60/10412b lim: 333 exec/s: 0 rss: 29Mb L: 178/333 MS: 2 ShuffleBytes-EraseBytes-
#2254	REDUCE cov: 123 ft: 500 corp: 60/10395b lim: 333 exec/s: 0 rss: 29Mb L: 307/333 MS: 4 PersAutoDict-ShuffleBytes-CrossOver-PersAutoDict- DE: "\001\000c \251\234\302S"-"\000u\002d)s\000\000"-
#2255	REDUCE cov: 123 ft: 500 corp: 60/10394b lim: 333 exec/s: 0 rss: 29Mb L: 20/333 MS: 1 EraseBytes-
#2437	REDUCE cov: 123 ft: 500 corp: 60/10324b lim: 333 exec/s: 0 rss: 29Mb L: 123/333 MS: 2 InsertRepeatedBytes-EraseBytes-
#2483	REDUCE cov: 123 ft: 500 corp: 60/10277b lim: 333 exec/s: 0 rss: 29Mb L: 137/333 MS: 1 EraseBytes-
#2507	REDUCE cov: 123 ft: 500 corp: 60/10233b lim: 333 exec/s: 0 rss: 29Mb L: 236/333 MS: 4 ShuffleBytes-ShuffleBytes-ChangeBinInt-EraseBytes-
#2528	REDUCE cov: 123 ft: 500 corp: 60/10230b lim: 333 exec/s: 0 rss: 29Mb L: 69/333 MS: 1 EraseBytes-
#2616	NEW    cov: 124 ft: 502 corp: 61/10270b lim: 333 exec/s: 0 rss: 29Mb L: 40/333 MS: 3 CrossOver-ChangeBinInt-ChangeBinInt-
#2719	REDUCE cov: 124 ft: 502 corp: 61/10237b lim: 333 exec/s: 0 rss: 29Mb L: 199/333 MS: 3 InsertByte-ChangeBit-EraseBytes-
#2737	NEW    cov: 125 ft: 503 corp: 62/10565b lim: 333 exec/s: 0 rss: 29Mb L: 328/333 MS: 3 CMP-PersAutoDict-InsertRepeatedBytes- DE: "\020\000"-"\000u\002d)s\000\000"-
#2759	REDUCE cov: 125 ft: 503 corp: 62/10543b lim: 333 exec/s: 0 rss: 29Mb L: 177/333 MS: 2 CMP-EraseBytes- DE: "\241\241\241\241"-
#2775	REDUCE cov: 125 ft: 503 corp: 62/10484b lim: 333 exec/s: 0 rss: 29Mb L: 271/333 MS: 1 EraseBytes-
#2809	REDUCE cov: 125 ft: 513 corp: 63/10544b lim: 333 exec/s: 0 rss: 29Mb L: 60/333 MS: 4 EraseBytes-CrossOver-ChangeByte-CMP- DE: "pixi"-
==208035== ERROR: libFuzzer: out-of-memory (used: 2331Mb; limit: 1024Mb)
   To change the out-of-memory limit use -rss_limit_mb=<N>

MS: 2 EraseBytes-InsertByte-; base unit: 267e1895ef2e0f489f80c68c238994ad691e8eee
0x0,0x0,0x0,0x1c,0x66,0x74,0x79,0x70,0x4d,0x34,0x56,0x20,0x0,0x0,0x0,0x0,0x4d,0x34,0x56,0x20,0x6d,0x70,0x34,0x31,0x69,0x73,0x6f,0x6d,0x0,0x0,0x0,0xe0,0x6d,0x6f,0x6f,0x76,0x0,0x0,0x0,0x78,0x6d,0x76,0x68,0x64,0x0,0x0,0x0,0x0,0x0,0x0,0x0,0x0,0x0,0x0,0x0,0x0,0x0,0x0,0x3,0xe0,0xe0,0xe0,0xe0,0xe0,0xe0,0xe0,0xe0,0xe0,0xe0,0xe0,0xe0,0xe0,0xe0,0xe0,0xe0,0xe0,0xe0,0xe0,0xe0,0xe0,0xe0,0xe0,0xe0,0xe0,0xe0,0xe0,0xe0,0xe0,0xe0,0xe0,0xe0,0xe0,0xe0,0xe0,0xe0,0xe0,0xe0,0xe0,0xe0,0xe0,0xe0,0xe0,0x0,0xe0,0xe0,0xe0,0xe0,0xe0,0xe0,0xe0,0xe0,0xe0,0xe0,0xe0,0xe0,0xe0,0xe0,0xe0,0x0,0x0,0x0,0x0,0x0,0x0,0x0,0x0,0x0,0x0,0x0,0x0,0x0,0x0,0x0,0x0,0x0,0x0,0x0,0x0,0x0,0x2,0x0,0x0,0x0,0x60,0x75,0x64,0x0,0x75,0x2,0x64,0x29,0x73,0x0,0x0,0x74,0x61,0x0,0x0,0x0,0x58,0x6d,0x65,0x74,0x61,0x0,0x0,0x0,0x0,0x0,0x0,0x0,0x21,0x68,0x64,0x6c,0x72,0x0,0x0,0x0,0x0,0x0,0x0,0x0,0x0,0x6d,0x64,0x69,0x72,0x61,0x70,0x70,0x6c,0x0,0x0,0x0,0x0,0x0,0x0,0x0,0x0,0x0,0x0,0x0,0x0,0x2b,0x69,0x6c,0x73,0x74,0x0,0x0,0x0,0x22,0xc2,0xa9,0x6e,0x61,0x6d,0x0,0x0,0x0,0x1a,0x64,0x61,0x74,0x61,0x0,0x0,0x0,0x1,0x0,0x0,0x0,0x0,0x54,0x65,0x73,0x74,0x20,0x56,0x69,0x64,0x65,0x6f,
\000\000\000\034ftypM4V \000\000\000\000M4V mp41isom\000\000\000\340moov\000\000\000xmvhd\000\000\000\000\000\000\000\000\000\000\000\000\000\000\003\340\340\340\340\340\340\340\340\340\340\340\340\340\340\340\340\340\340\340\340\340\340\340\340\340\340\340\340\340\340\340\340\340\340\340\340\340\340\340\340\340\340\340\000\340\340\340\340\340\340\340\340\340\340\340\340\340\340\340\000\000\000\000\000\000\000\000\000\000\000\000\000\000\000\000\000\000\000\000\000\002\000\000\000`ud\000u\002d)s\000\000ta\000\000\000Xmeta\000\000\000\000\000\000\000!hdlr\000\000\000\000\000\000\000\000mdirappl\000\000\000\000\000\000\000\000\000\000\000\000+ilst\000\000\000\"\302\251nam\000\000\000\032data\000\000\000\001\000\000\000\000Test Video
artifact_prefix='/results/crashes/20260313_152911_fa4fbea4_'; Test unit written to /results/crashes/20260313_152911_fa4fbea4_oom-2ca5993284862584aa7c428dda17b2906d3581c9
Base64: AAAAHGZ0eXBNNFYgAAAAAE00ViBtcDQxaXNvbQAAAOBtb292AAAAeG12aGQAAAAAAAAAAAAAAAAAAAPg4ODg4ODg4ODg4ODg4ODg4ODg4ODg4ODg4ODg4ODg4ODg4ODg4ODg4ODgAODg4ODg4ODg4ODg4ODg4AAAAAAAAAAAAAAAAAAAAAAAAAAAAAIAAABgdWQAdQJkKXMAAHRhAAAAWG1ldGEAAAAAAAAAIWhkbHIAAAAAAAAAAG1kaXJhcHBsAAAAAAAAAAAAAAAAK2lsc3QAAAAiwqluYW0AAAAaZGF0YQAAAAEAAAAAVGVzdCBWaWRlbw==
SUMMARY: libFuzzer: out-of-memory
stat::number_of_executed_units: 2891
stat::average_exec_per_sec:     1445
stat::new_units_added:          99
stat::slowest_unit_time_sec:    0
stat::peak_rss_mb:              2333
