INFO: Running with entropic power schedule (0xFF, 100).
INFO: Seed: 1697994746
INFO: Loaded 1 modules   (252 inline 8-bit counters): 252 [0x5ae31f5ff678, 0x5ae31f5ff774), 
INFO: Loaded 1 PC tables (252 PCs): 252 [0x5ae31f5ff778,0x5ae31f600738), 
INFO:        4 files found in /tmp/corpus_20260313_171505_96597bb1
INFO: seed corpus: files: 4 min: 48b max: 333b total: 853b rss: 28Mb
#5	INITED cov: 119 ft: 254 corp: 4/853b exec/s: 0 rss: 29Mb
#7	NEW    cov: 119 ft: 255 corp: 5/1071b lim: 333 exec/s: 0 rss: 29Mb L: 218/333 MS: 2 ChangeBit-EraseBytes-
#8	NEW    cov: 119 ft: 272 corp: 6/1119b lim: 333 exec/s: 0 rss: 29Mb L: 48/333 MS: 1 ShuffleBytes-
#9	NEW    cov: 119 ft: 273 corp: 7/1338b lim: 333 exec/s: 0 rss: 29Mb L: 219/333 MS: 1 InsertByte-
#10	NEW    cov: 119 ft: 274 corp: 8/1570b lim: 333 exec/s: 0 rss: 29Mb L: 232/333 MS: 1 CopyPart-
#11	NEW    cov: 120 ft: 280 corp: 9/1831b lim: 333 exec/s: 0 rss: 29Mb L: 261/333 MS: 1 InsertRepeatedBytes-
#18	NEW    cov: 120 ft: 292 corp: 10/2033b lim: 333 exec/s: 0 rss: 29Mb L: 202/333 MS: 2 ShuffleBytes-EraseBytes-
#24	NEW    cov: 120 ft: 307 corp: 11/2099b lim: 333 exec/s: 0 rss: 29Mb L: 66/333 MS: 1 InsertRepeatedBytes-
#30	NEW    cov: 121 ft: 308 corp: 12/2331b lim: 333 exec/s: 0 rss: 29Mb L: 232/333 MS: 1 ChangeBit-
#33	NEW    cov: 121 ft: 309 corp: 13/2540b lim: 333 exec/s: 0 rss: 29Mb L: 209/333 MS: 3 InsertRepeatedBytes-EraseBytes-EraseBytes-
#35	NEW    cov: 122 ft: 310 corp: 14/2861b lim: 333 exec/s: 0 rss: 29Mb L: 321/333 MS: 2 InsertByte-CrossOver-
#37	NEW    cov: 122 ft: 316 corp: 15/2928b lim: 333 exec/s: 0 rss: 29Mb L: 67/333 MS: 2 ChangeBit-InsertByte-
#38	NEW    cov: 122 ft: 318 corp: 16/3130b lim: 333 exec/s: 0 rss: 29Mb L: 202/333 MS: 1 ShuffleBytes-
#41	NEW    cov: 122 ft: 324 corp: 17/3402b lim: 333 exec/s: 0 rss: 29Mb L: 272/333 MS: 3 ChangeBinInt-CopyPart-InsertRepeatedBytes-
#42	NEW    cov: 122 ft: 325 corp: 18/3480b lim: 333 exec/s: 0 rss: 29Mb L: 78/333 MS: 1 CrossOver-
#51	NEW    cov: 122 ft: 326 corp: 19/3700b lim: 333 exec/s: 0 rss: 29Mb L: 220/333 MS: 4 ShuffleBytes-InsertByte-ChangeByte-InsertByte-
#52	NEW    cov: 122 ft: 342 corp: 20/3826b lim: 333 exec/s: 0 rss: 29Mb L: 126/333 MS: 1 EraseBytes-
#56	NEW    cov: 122 ft: 343 corp: 21/4021b lim: 333 exec/s: 0 rss: 29Mb L: 195/333 MS: 4 InsertByte-CMP-CopyPart-EraseBytes- DE: "\377\377\377\377\377\377\377\016"-
#72	NEW    cov: 122 ft: 344 corp: 22/4318b lim: 333 exec/s: 0 rss: 29Mb L: 297/333 MS: 1 InsertRepeatedBytes-
#76	NEW    cov: 122 ft: 345 corp: 23/4634b lim: 333 exec/s: 0 rss: 29Mb L: 316/333 MS: 4 CMP-InsertByte-ChangeByte-InsertRepeatedBytes- DE: "\001\000\000\010"-
#85	NEW    cov: 122 ft: 350 corp: 24/4674b lim: 333 exec/s: 0 rss: 29Mb L: 40/333 MS: 4 CopyPart-ChangeBit-ChangeByte-CrossOver-
#87	NEW    cov: 122 ft: 351 corp: 25/4741b lim: 333 exec/s: 0 rss: 29Mb L: 67/333 MS: 2 PersAutoDict-CopyPart- DE: "\377\377\377\377\377\377\377\016"-
#90	NEW    cov: 122 ft: 352 corp: 26/4821b lim: 333 exec/s: 0 rss: 29Mb L: 80/333 MS: 3 ChangeBit-CrossOver-ChangeByte-
#99	NEW    cov: 122 ft: 353 corp: 27/4990b lim: 333 exec/s: 0 rss: 29Mb L: 169/333 MS: 4 CrossOver-PersAutoDict-EraseBytes-CMP- DE: "\377\377\377\377\377\377\377\016"-"St9exception"-
#119	NEW    cov: 123 ft: 354 corp: 28/4991b lim: 333 exec/s: 0 rss: 29Mb L: 1/333 MS: 5 PersAutoDict-ChangeBit-CrossOver-InsertByte-CrossOver- DE: "\377\377\377\377\377\377\377\016"-
#121	NEW    cov: 123 ft: 355 corp: 29/5318b lim: 333 exec/s: 0 rss: 29Mb L: 327/333 MS: 2 ShuffleBytes-InsertRepeatedBytes-
#125	NEW    cov: 123 ft: 356 corp: 30/5407b lim: 333 exec/s: 0 rss: 29Mb L: 89/333 MS: 4 ChangeBinInt-ChangeBit-ShuffleBytes-CopyPart-
#154	NEW    cov: 123 ft: 360 corp: 31/5708b lim: 333 exec/s: 0 rss: 29Mb L: 301/333 MS: 4 ChangeByte-CopyPart-CMP-InsertRepeatedBytes- DE: "\377\377\377\000"-
#160	NEW    cov: 123 ft: 361 corp: 32/5831b lim: 333 exec/s: 0 rss: 29Mb L: 123/333 MS: 1 InsertRepeatedBytes-
#175	NEW    cov: 123 ft: 362 corp: 33/6049b lim: 333 exec/s: 0 rss: 29Mb L: 218/333 MS: 5 ChangeBit-CrossOver-ChangeBinInt-ChangeBinInt-EraseBytes-
#195	NEW    cov: 123 ft: 363 corp: 34/6164b lim: 333 exec/s: 0 rss: 29Mb L: 115/333 MS: 5 ShuffleBytes-CrossOver-EraseBytes-CrossOver-EraseBytes-
#305	NEW    cov: 123 ft: 364 corp: 35/6405b lim: 333 exec/s: 0 rss: 29Mb L: 241/333 MS: 5 ShuffleBytes-PersAutoDict-ChangeByte-PersAutoDict-InsertByte- DE: "\001\000\000\010"-"\001\000\000\010"-
#320	NEW    cov: 123 ft: 366 corp: 36/6528b lim: 333 exec/s: 0 rss: 29Mb L: 123/333 MS: 5 InsertRepeatedBytes-ChangeBit-CrossOver-ChangeBinInt-PersAutoDict- DE: "\377\377\377\000"-
#342	NEW    cov: 123 ft: 367 corp: 37/6568b lim: 333 exec/s: 0 rss: 29Mb L: 40/333 MS: 2 CrossOver-EraseBytes-
#352	NEW    cov: 123 ft: 385 corp: 38/6577b lim: 333 exec/s: 0 rss: 29Mb L: 9/333 MS: 5 ChangeByte-InsertByte-ChangeBit-EraseBytes-CMP- DE: "\223\000\000\000\000\000\000\000"-
#356	NEW    cov: 123 ft: 387 corp: 39/6610b lim: 333 exec/s: 0 rss: 29Mb L: 33/333 MS: 4 ChangeASCIIInt-CrossOver-CopyPart-CrossOver-
#378	REDUCE cov: 123 ft: 387 corp: 39/6594b lim: 333 exec/s: 0 rss: 29Mb L: 186/333 MS: 2 PersAutoDict-EraseBytes- DE: "\377\377\377\000"-
#400	REDUCE cov: 123 ft: 387 corp: 39/6557b lim: 333 exec/s: 0 rss: 29Mb L: 284/333 MS: 2 ChangeBit-EraseBytes-
#416	REDUCE cov: 123 ft: 387 corp: 39/6556b lim: 333 exec/s: 0 rss: 29Mb L: 65/333 MS: 1 EraseBytes-
#424	NEW    cov: 123 ft: 397 corp: 40/6787b lim: 333 exec/s: 0 rss: 29Mb L: 231/333 MS: 3 ChangeBit-ChangeBit-InsertRepeatedBytes-
#449	REDUCE cov: 123 ft: 397 corp: 40/6704b lim: 333 exec/s: 0 rss: 29Mb L: 214/333 MS: 5 ChangeBit-InsertRepeatedBytes-CopyPart-PersAutoDict-EraseBytes- DE: "\001\000\000\010"-
#455	REDUCE cov: 123 ft: 397 corp: 40/6642b lim: 333 exec/s: 0 rss: 29Mb L: 158/333 MS: 1 CrossOver-
#463	NEW    cov: 124 ft: 398 corp: 41/6894b lim: 333 exec/s: 0 rss: 29Mb L: 252/333 MS: 3 ChangeBinInt-ChangeByte-CopyPart-
#546	REDUCE cov: 124 ft: 398 corp: 41/6862b lim: 333 exec/s: 0 rss: 29Mb L: 284/333 MS: 3 CMP-ChangeASCIIInt-EraseBytes- DE: "\037\000"-
#612	NEW    cov: 124 ft: 433 corp: 42/6895b lim: 333 exec/s: 0 rss: 29Mb L: 33/333 MS: 1 CrossOver-
#618	REDUCE cov: 124 ft: 433 corp: 42/6864b lim: 333 exec/s: 0 rss: 29Mb L: 183/333 MS: 1 EraseBytes-
#639	NEW    cov: 124 ft: 434 corp: 43/6914b lim: 333 exec/s: 0 rss: 29Mb L: 50/333 MS: 1 EraseBytes-
#643	REDUCE cov: 124 ft: 434 corp: 43/6900b lim: 333 exec/s: 0 rss: 29Mb L: 169/333 MS: 4 ChangeBit-CMP-ChangeBit-EraseBytes- DE: "\000\000\000\000\000\000\000\024"-
#734	REDUCE cov: 124 ft: 434 corp: 43/6839b lim: 333 exec/s: 0 rss: 29Mb L: 266/333 MS: 1 EraseBytes-
#815	REDUCE cov: 124 ft: 434 corp: 43/6818b lim: 333 exec/s: 0 rss: 29Mb L: 29/333 MS: 1 EraseBytes-
#840	NEW    cov: 124 ft: 446 corp: 44/6840b lim: 333 exec/s: 0 rss: 29Mb L: 22/333 MS: 5 CMP-CrossOver-ChangeBit-CopyPart-CopyPart- DE: "hvcC"-
#871	NEW    cov: 124 ft: 447 corp: 45/7082b lim: 333 exec/s: 0 rss: 29Mb L: 242/333 MS: 1 InsertByte-
#884	REDUCE cov: 124 ft: 447 corp: 45/7081b lim: 333 exec/s: 0 rss: 29Mb L: 125/333 MS: 3 ShuffleBytes-CMP-EraseBytes- DE: "stts"-
#892	REDUCE cov: 124 ft: 447 corp: 45/7073b lim: 333 exec/s: 0 rss: 29Mb L: 32/333 MS: 3 ChangeByte-EraseBytes-CrossOver-
#895	REDUCE cov: 124 ft: 452 corp: 46/7180b lim: 333 exec/s: 0 rss: 29Mb L: 107/333 MS: 3 CrossOver-ChangeByte-PersAutoDict- DE: "hvcC"-
#916	NEW    cov: 124 ft: 460 corp: 47/7295b lim: 333 exec/s: 0 rss: 29Mb L: 115/333 MS: 1 ChangeBinInt-
#1050	REDUCE cov: 124 ft: 462 corp: 48/7473b lim: 333 exec/s: 0 rss: 29Mb L: 178/333 MS: 4 PersAutoDict-ChangeBit-ShuffleBytes-InsertByte- DE: "\377\377\377\377\377\377\377\016"-
#1092	REDUCE cov: 124 ft: 462 corp: 48/7463b lim: 333 exec/s: 0 rss: 29Mb L: 113/333 MS: 2 PersAutoDict-EraseBytes- DE: "\037\000"-
#1137	NEW    cov: 124 ft: 463 corp: 49/7521b lim: 333 exec/s: 0 rss: 29Mb L: 58/333 MS: 5 ChangeBinInt-EraseBytes-PersAutoDict-EraseBytes-CrossOver- DE: "\000\000\000\000\000\000\000\024"-
#1167	NEW    cov: 124 ft: 471 corp: 50/7597b lim: 333 exec/s: 0 rss: 29Mb L: 76/333 MS: 5 CopyPart-EraseBytes-ChangeByte-CrossOver-InsertByte-
#1193	REDUCE cov: 124 ft: 471 corp: 50/7595b lim: 333 exec/s: 0 rss: 29Mb L: 30/333 MS: 1 EraseBytes-
#1294	REDUCE cov: 124 ft: 471 corp: 50/7590b lim: 333 exec/s: 0 rss: 29Mb L: 25/333 MS: 1 EraseBytes-
#1318	REDUCE cov: 124 ft: 472 corp: 51/7598b lim: 333 exec/s: 0 rss: 29Mb L: 8/333 MS: 4 InsertByte-PersAutoDict-ShuffleBytes-CrossOver- DE: "\000\000\000\000\000\000\000\024"-
#1333	REDUCE cov: 124 ft: 472 corp: 51/7595b lim: 333 exec/s: 0 rss: 29Mb L: 104/333 MS: 5 ChangeBinInt-PersAutoDict-ChangeByte-CMP-EraseBytes- DE: "hvcC"-"(\000\000\000"-
#1389	REDUCE cov: 124 ft: 472 corp: 51/7592b lim: 333 exec/s: 0 rss: 29Mb L: 22/333 MS: 1 EraseBytes-
#1390	REDUCE cov: 124 ft: 472 corp: 51/7566b lim: 333 exec/s: 0 rss: 29Mb L: 206/333 MS: 1 EraseBytes-
#1407	NEW    cov: 124 ft: 476 corp: 52/7885b lim: 333 exec/s: 0 rss: 29Mb L: 319/333 MS: 2 ChangeBinInt-InsertRepeatedBytes-
#1426	NEW    cov: 124 ft: 477 corp: 53/8052b lim: 333 exec/s: 0 rss: 29Mb L: 167/333 MS: 4 ChangeByte-CrossOver-ChangeASCIIInt-ChangeBit-
#1515	REDUCE cov: 124 ft: 477 corp: 53/8051b lim: 333 exec/s: 0 rss: 29Mb L: 241/333 MS: 4 ChangeByte-ShuffleBytes-ChangeBit-EraseBytes-
#1550	NEW    cov: 124 ft: 478 corp: 54/8067b lim: 333 exec/s: 0 rss: 29Mb L: 16/333 MS: 5 ShuffleBytes-EraseBytes-ChangeByte-EraseBytes-ChangeBinInt-
#1572	REDUCE cov: 124 ft: 478 corp: 54/8029b lim: 333 exec/s: 0 rss: 29Mb L: 180/333 MS: 2 ShuffleBytes-EraseBytes-
#1654	NEW    cov: 124 ft: 479 corp: 55/8321b lim: 333 exec/s: 0 rss: 29Mb L: 292/333 MS: 2 PersAutoDict-CopyPart- DE: "\000\000\000\000\000\000\000\024"-
#1689	REDUCE cov: 124 ft: 479 corp: 55/8314b lim: 333 exec/s: 0 rss: 29Mb L: 211/333 MS: 5 ShuffleBytes-ChangeBinInt-InsertRepeatedBytes-EraseBytes-EraseBytes-
#1747	REDUCE cov: 124 ft: 479 corp: 55/8252b lim: 333 exec/s: 0 rss: 29Mb L: 230/333 MS: 3 PersAutoDict-CopyPart-EraseBytes- DE: "hvcC"-
#1779	REDUCE cov: 124 ft: 479 corp: 55/8242b lim: 333 exec/s: 0 rss: 29Mb L: 309/333 MS: 2 InsertByte-EraseBytes-
#1786	REDUCE cov: 124 ft: 484 corp: 56/8350b lim: 333 exec/s: 0 rss: 30Mb L: 108/333 MS: 2 ChangeASCIIInt-PersAutoDict- DE: "hvcC"-
#1807	REDUCE cov: 124 ft: 484 corp: 56/8348b lim: 333 exec/s: 0 rss: 30Mb L: 27/333 MS: 1 EraseBytes-
#1860	NEW    cov: 124 ft: 490 corp: 57/8662b lim: 333 exec/s: 0 rss: 30Mb L: 314/333 MS: 3 ChangeBit-InsertByte-CopyPart-
#1893	REDUCE cov: 124 ft: 490 corp: 57/8654b lim: 333 exec/s: 0 rss: 30Mb L: 203/333 MS: 3 ChangeByte-InsertByte-EraseBytes-
#1921	REDUCE cov: 124 ft: 490 corp: 57/8602b lim: 333 exec/s: 0 rss: 30Mb L: 167/333 MS: 3 InsertByte-PersAutoDict-EraseBytes- DE: "stts"-
#2019	NEW    cov: 124 ft: 491 corp: 58/8902b lim: 333 exec/s: 0 rss: 30Mb L: 300/333 MS: 3 ChangeByte-InsertRepeatedBytes-InsertByte-
#2315	REDUCE cov: 124 ft: 491 corp: 58/8887b lim: 333 exec/s: 0 rss: 30Mb L: 89/333 MS: 1 EraseBytes-
#2353	NEW    cov: 124 ft: 492 corp: 59/9128b lim: 333 exec/s: 0 rss: 30Mb L: 241/333 MS: 3 ChangeASCIIInt-CopyPart-ChangeBit-
#2422	REDUCE cov: 124 ft: 493 corp: 60/9394b lim: 333 exec/s: 0 rss: 30Mb L: 266/333 MS: 4 ChangeByte-CrossOver-CMP-InsertRepeatedBytes- DE: "\020\000\000\000"-
#2516	NEW    cov: 124 ft: 494 corp: 61/9694b lim: 333 exec/s: 0 rss: 30Mb L: 300/333 MS: 4 ChangeByte-CMP-ChangeByte-ChangeBit- DE: "\377\035"-
#2602	REDUCE cov: 124 ft: 494 corp: 61/9684b lim: 333 exec/s: 0 rss: 30Mb L: 105/333 MS: 1 EraseBytes-
#2643	REDUCE cov: 124 ft: 494 corp: 61/9681b lim: 333 exec/s: 0 rss: 30Mb L: 77/333 MS: 1 EraseBytes-
#2745	REDUCE cov: 124 ft: 494 corp: 61/9679b lim: 333 exec/s: 0 rss: 30Mb L: 20/333 MS: 2 ChangeBinInt-EraseBytes-
#2753	NEW    cov: 124 ft: 495 corp: 62/9979b lim: 333 exec/s: 0 rss: 30Mb L: 300/333 MS: 3 CMP-ChangeBinInt-CMP- DE: "tf\030\000"-"stts"-
#2846	REDUCE cov: 124 ft: 495 corp: 62/9883b lim: 333 exec/s: 0 rss: 30Mb L: 110/333 MS: 3 ChangeBinInt-ChangeBit-EraseBytes-
#2939	REDUCE cov: 124 ft: 495 corp: 62/9875b lim: 333 exec/s: 0 rss: 30Mb L: 224/333 MS: 3 CrossOver-ShuffleBytes-EraseBytes-
#3037	NEW    cov: 124 ft: 496 corp: 63/10114b lim: 333 exec/s: 0 rss: 30Mb L: 239/333 MS: 3 InsertRepeatedBytes-CMP-CMP- DE: "\001\000\000 "-"\001\000\000\000\000\000\000\004"-
#3049	REDUCE cov: 124 ft: 496 corp: 63/10077b lim: 333 exec/s: 0 rss: 30Mb L: 165/333 MS: 2 InsertByte-EraseBytes-
#3065	REDUCE cov: 124 ft: 496 corp: 63/9969b lim: 333 exec/s: 0 rss: 30Mb L: 131/333 MS: 1 EraseBytes-
#3072	REDUCE cov: 124 ft: 496 corp: 63/9940b lim: 333 exec/s: 0 rss: 30Mb L: 76/333 MS: 2 ChangeBit-EraseBytes-
#3258	REDUCE cov: 124 ft: 496 corp: 63/9922b lim: 333 exec/s: 0 rss: 30Mb L: 282/333 MS: 1 EraseBytes-
#3275	REDUCE cov: 124 ft: 496 corp: 63/9883b lim: 333 exec/s: 0 rss: 30Mb L: 74/333 MS: 2 ChangeBinInt-EraseBytes-
#3317	REDUCE cov: 124 ft: 496 corp: 63/9882b lim: 333 exec/s: 0 rss: 30Mb L: 230/333 MS: 2 ChangeByte-EraseBytes-
#3449	REDUCE cov: 124 ft: 496 corp: 63/9778b lim: 333 exec/s: 0 rss: 30Mb L: 180/333 MS: 2 ChangeByte-EraseBytes-
#3558	REDUCE cov: 124 ft: 496 corp: 63/9777b lim: 333 exec/s: 0 rss: 30Mb L: 32/333 MS: 4 ChangeByte-EraseBytes-ChangeBinInt-PersAutoDict- DE: "tf\030\000"-
#3617	REDUCE cov: 124 ft: 496 corp: 63/9696b lim: 333 exec/s: 0 rss: 30Mb L: 160/333 MS: 4 ShuffleBytes-ChangeBit-ChangeBinInt-EraseBytes-
#3765	REDUCE cov: 124 ft: 496 corp: 63/9693b lim: 333 exec/s: 0 rss: 30Mb L: 37/333 MS: 3 ChangeBit-InsertRepeatedBytes-CrossOver-
#4237	REDUCE cov: 124 ft: 496 corp: 63/9669b lim: 333 exec/s: 0 rss: 30Mb L: 136/333 MS: 2 ChangeByte-EraseBytes-
#4291	REDUCE cov: 124 ft: 496 corp: 63/9668b lim: 333 exec/s: 0 rss: 30Mb L: 168/333 MS: 4 InsertByte-ChangeBit-ChangeByte-EraseBytes-
#4440	REDUCE cov: 124 ft: 496 corp: 63/9667b lim: 333 exec/s: 0 rss: 30Mb L: 66/333 MS: 4 CopyPart-InsertByte-EraseBytes-EraseBytes-
#4471	REDUCE cov: 124 ft: 496 corp: 63/9630b lim: 333 exec/s: 0 rss: 30Mb L: 39/333 MS: 1 EraseBytes-
#4485	REDUCE cov: 124 ft: 499 corp: 64/9754b lim: 333 exec/s: 0 rss: 30Mb L: 124/333 MS: 4 CrossOver-CopyPart-CrossOver-ChangeBit-
#4652	REDUCE cov: 124 ft: 499 corp: 64/9751b lim: 333 exec/s: 0 rss: 30Mb L: 34/333 MS: 2 InsertByte-EraseBytes-
#4660	REDUCE cov: 124 ft: 499 corp: 64/9727b lim: 333 exec/s: 0 rss: 30Mb L: 53/333 MS: 3 EraseBytes-ChangeASCIIInt-ChangeBit-
#4751	REDUCE cov: 124 ft: 499 corp: 64/9689b lim: 333 exec/s: 0 rss: 30Mb L: 120/333 MS: 1 EraseBytes-
#4765	REDUCE cov: 124 ft: 499 corp: 64/9584b lim: 333 exec/s: 0 rss: 30Mb L: 136/333 MS: 4 CopyPart-CrossOver-InsertRepeatedBytes-InsertByte-
#4811	REDUCE cov: 124 ft: 499 corp: 64/9579b lim: 333 exec/s: 0 rss: 30Mb L: 17/333 MS: 1 EraseBytes-
#4874	REDUCE cov: 124 ft: 499 corp: 64/9543b lim: 333 exec/s: 0 rss: 30Mb L: 188/333 MS: 3 ChangeByte-PersAutoDict-EraseBytes- DE: "stts"-
#4980	REDUCE cov: 124 ft: 500 corp: 65/9813b lim: 333 exec/s: 0 rss: 30Mb L: 270/333 MS: 1 CopyPart-
#5022	REDUCE cov: 124 ft: 500 corp: 65/9741b lim: 333 exec/s: 0 rss: 30Mb L: 158/333 MS: 2 ChangeBinInt-EraseBytes-
#5063	REDUCE cov: 124 ft: 500 corp: 65/9694b lim: 333 exec/s: 0 rss: 30Mb L: 84/333 MS: 1 EraseBytes-
#5226	REDUCE cov: 124 ft: 500 corp: 65/9692b lim: 333 exec/s: 0 rss: 30Mb L: 76/333 MS: 3 ChangeBinInt-ShuffleBytes-CrossOver-
#5338	NEW    cov: 124 ft: 501 corp: 66/10001b lim: 333 exec/s: 0 rss: 30Mb L: 309/333 MS: 2 EraseBytes-CMP- DE: "ispe"-
#5389	REDUCE cov: 124 ft: 501 corp: 66/9973b lim: 333 exec/s: 0 rss: 30Mb L: 48/333 MS: 1 CrossOver-
#5409	REDUCE cov: 124 ft: 501 corp: 66/9968b lim: 333 exec/s: 0 rss: 30Mb L: 119/333 MS: 5 ShuffleBytes-ChangeBinInt-CopyPart-ChangeBinInt-CrossOver-
#5492	REDUCE cov: 124 ft: 501 corp: 66/9956b lim: 333 exec/s: 0 rss: 30Mb L: 155/333 MS: 3 CopyPart-ChangeBinInt-EraseBytes-
#5532	REDUCE cov: 124 ft: 501 corp: 66/9947b lim: 333 exec/s: 0 rss: 30Mb L: 243/333 MS: 5 InsertByte-ChangeByte-ChangeByte-ChangeBinInt-EraseBytes-
#5745	REDUCE cov: 124 ft: 501 corp: 66/9945b lim: 333 exec/s: 0 rss: 30Mb L: 37/333 MS: 3 InsertRepeatedBytes-CopyPart-CrossOver-
#5811	NEW    cov: 124 ft: 502 corp: 67/10165b lim: 333 exec/s: 0 rss: 30Mb L: 220/333 MS: 1 CMP- DE: "\000\010"-
#5814	NEW    cov: 124 ft: 503 corp: 68/10351b lim: 333 exec/s: 0 rss: 30Mb L: 186/333 MS: 3 CrossOver-ShuffleBytes-EraseBytes-
#5831	NEW    cov: 124 ft: 504 corp: 69/10667b lim: 333 exec/s: 0 rss: 30Mb L: 316/333 MS: 2 ChangeBinInt-CrossOver-
#6047	REDUCE cov: 124 ft: 504 corp: 69/10661b lim: 333 exec/s: 0 rss: 30Mb L: 180/333 MS: 1 EraseBytes-
#6296	REDUCE cov: 124 ft: 504 corp: 69/10658b lim: 333 exec/s: 6296 rss: 30Mb L: 17/333 MS: 4 EraseBytes-ChangeBinInt-ShuffleBytes-InsertRepeatedBytes-
#6299	REDUCE cov: 124 ft: 504 corp: 69/10657b lim: 333 exec/s: 6299 rss: 30Mb L: 31/333 MS: 3 ChangeByte-EraseBytes-ChangeBinInt-
#6395	REDUCE cov: 124 ft: 504 corp: 69/10641b lim: 333 exec/s: 6395 rss: 30Mb L: 164/333 MS: 1 EraseBytes-
#6532	NEW    cov: 124 ft: 509 corp: 70/10941b lim: 333 exec/s: 6532 rss: 30Mb L: 300/333 MS: 2 ChangeBinInt-ChangeByte-
#6728	REDUCE cov: 124 ft: 509 corp: 70/10909b lim: 333 exec/s: 6728 rss: 30Mb L: 42/333 MS: 1 EraseBytes-
#6761	REDUCE cov: 124 ft: 509 corp: 70/10906b lim: 333 exec/s: 6761 rss: 30Mb L: 28/333 MS: 3 ChangeByte-ChangeByte-EraseBytes-
#6907	REDUCE cov: 124 ft: 509 corp: 70/10902b lim: 333 exec/s: 6907 rss: 30Mb L: 54/333 MS: 1 EraseBytes-
#6933	REDUCE cov: 124 ft: 510 corp: 71/11070b lim: 333 exec/s: 6933 rss: 30Mb L: 168/333 MS: 1 CMP- DE: "stsd"-
#6934	REDUCE cov: 124 ft: 510 corp: 71/11069b lim: 333 exec/s: 6934 rss: 30Mb L: 16/333 MS: 1 EraseBytes-
#7081	REDUCE cov: 124 ft: 510 corp: 71/10981b lim: 333 exec/s: 7081 rss: 30Mb L: 221/333 MS: 2 ChangeByte-EraseBytes-
#7088	REDUCE cov: 124 ft: 510 corp: 71/10974b lim: 333 exec/s: 7088 rss: 30Mb L: 277/333 MS: 2 EraseBytes-InsertRepeatedBytes-
#7234	REDUCE cov: 124 ft: 510 corp: 71/10967b lim: 333 exec/s: 7234 rss: 30Mb L: 82/333 MS: 1 EraseBytes-
#7399	REDUCE cov: 124 ft: 510 corp: 71/10963b lim: 333 exec/s: 7399 rss: 30Mb L: 49/333 MS: 5 EraseBytes-ChangeByte-ChangeBit-InsertByte-InsertByte-
#7720	REDUCE cov: 124 ft: 510 corp: 71/10927b lim: 333 exec/s: 7720 rss: 30Mb L: 132/333 MS: 1 EraseBytes-
#7776	REDUCE cov: 124 ft: 510 corp: 71/10904b lim: 333 exec/s: 7776 rss: 30Mb L: 277/333 MS: 1 EraseBytes-
#7794	REDUCE cov: 124 ft: 510 corp: 71/10903b lim: 333 exec/s: 7794 rss: 30Mb L: 65/333 MS: 3 ShuffleBytes-CopyPart-EraseBytes-
#7948	REDUCE cov: 124 ft: 510 corp: 71/10882b lim: 333 exec/s: 7948 rss: 30Mb L: 245/333 MS: 4 ChangeBinInt-PersAutoDict-CrossOver-InsertByte- DE: "\377\377\377\000"-
#8050	REDUCE cov: 124 ft: 510 corp: 71/10792b lim: 333 exec/s: 8050 rss: 30Mb L: 192/333 MS: 2 CMP-EraseBytes- DE: "\0005os"-
#8088	REDUCE cov: 124 ft: 510 corp: 71/10790b lim: 333 exec/s: 8088 rss: 30Mb L: 25/333 MS: 3 EraseBytes-InsertByte-PersAutoDict- DE: "\0005os"-
#8288	REDUCE cov: 124 ft: 510 corp: 71/10783b lim: 333 exec/s: 8288 rss: 30Mb L: 30/333 MS: 5 CMP-ChangeBit-ChangeASCIIInt-ChangeASCIIInt-EraseBytes- DE: "dinf"-
#8314	REDUCE cov: 124 ft: 510 corp: 71/10779b lim: 333 exec/s: 8314 rss: 30Mb L: 257/333 MS: 1 EraseBytes-
#8485	REDUCE cov: 124 ft: 510 corp: 71/10774b lim: 333 exec/s: 8485 rss: 30Mb L: 11/333 MS: 1 EraseBytes-
#8570	REDUCE cov: 124 ft: 510 corp: 71/10764b lim: 333 exec/s: 8570 rss: 30Mb L: 242/333 MS: 5 EraseBytes-ShuffleBytes-ChangeByte-InsertByte-ShuffleBytes-
#8696	REDUCE cov: 124 ft: 510 corp: 71/10743b lim: 333 exec/s: 8696 rss: 30Mb L: 21/333 MS: 1 EraseBytes-
#8936	REDUCE cov: 124 ft: 510 corp: 71/10710b lim: 333 exec/s: 8936 rss: 30Mb L: 99/333 MS: 5 ChangeByte-ShuffleBytes-ChangeBit-ChangeASCIIInt-EraseBytes-
#9466	REDUCE cov: 124 ft: 510 corp: 71/10681b lim: 333 exec/s: 9466 rss: 30Mb L: 138/333 MS: 5 ChangeByte-CrossOver-ChangeASCIIInt-CrossOver-EraseBytes-
#9617	REDUCE cov: 124 ft: 510 corp: 71/10658b lim: 333 exec/s: 9617 rss: 30Mb L: 76/333 MS: 1 CrossOver-
#9645	REDUCE cov: 124 ft: 510 corp: 71/10651b lim: 333 exec/s: 9645 rss: 30Mb L: 9/333 MS: 3 InsertByte-CMP-EraseBytes- DE: "avcC"-
#9887	REDUCE cov: 124 ft: 510 corp: 71/10648b lim: 333 exec/s: 9887 rss: 30Mb L: 8/333 MS: 2 ChangeBit-EraseBytes-
#9976	REDUCE cov: 124 ft: 510 corp: 71/10637b lim: 333 exec/s: 9976 rss: 30Mb L: 144/333 MS: 4 ChangeASCIIInt-InsertRepeatedBytes-ShuffleBytes-EraseBytes-
#10077	REDUCE cov: 124 ft: 510 corp: 71/10629b lim: 333 exec/s: 10077 rss: 30Mb L: 292/333 MS: 1 EraseBytes-
#10124	REDUCE cov: 124 ft: 510 corp: 71/10615b lim: 333 exec/s: 10124 rss: 30Mb L: 300/333 MS: 2 InsertByte-CrossOver-
#10306	REDUCE cov: 124 ft: 510 corp: 71/10611b lim: 333 exec/s: 10306 rss: 30Mb L: 29/333 MS: 2 InsertByte-EraseBytes-
#10388	NEW    cov: 124 ft: 511 corp: 72/10836b lim: 333 exec/s: 10388 rss: 30Mb L: 225/333 MS: 2 ShuffleBytes-EraseBytes-
#10585	REDUCE cov: 124 ft: 511 corp: 72/10830b lim: 333 exec/s: 10585 rss: 30Mb L: 182/333 MS: 2 PersAutoDict-EraseBytes- DE: "\223\000\000\000\000\000\000\000"-
#10781	REDUCE cov: 124 ft: 511 corp: 72/10796b lim: 333 exec/s: 10781 rss: 30Mb L: 85/333 MS: 1 EraseBytes-
#11002	REDUCE cov: 124 ft: 511 corp: 72/10788b lim: 333 exec/s: 11002 rss: 30Mb L: 77/333 MS: 1 EraseBytes-
#11010	REDUCE cov: 124 ft: 511 corp: 72/10761b lim: 333 exec/s: 11010 rss: 30Mb L: 81/333 MS: 3 CrossOver-ChangeASCIIInt-EraseBytes-
#11044	NEW    cov: 124 ft: 523 corp: 73/11061b lim: 333 exec/s: 11044 rss: 30Mb L: 300/333 MS: 4 CrossOver-ShuffleBytes-ShuffleBytes-CopyPart-
#11157	NEW    cov: 124 ft: 524 corp: 74/11228b lim: 333 exec/s: 11157 rss: 30Mb L: 167/333 MS: 3 CopyPart-EraseBytes-CMP- DE: "stts"-
#11178	REDUCE cov: 124 ft: 525 corp: 75/11458b lim: 333 exec/s: 11178 rss: 30Mb L: 230/333 MS: 1 ChangeBit-
#11360	REDUCE cov: 124 ft: 525 corp: 75/11403b lim: 333 exec/s: 11360 rss: 30Mb L: 188/333 MS: 2 ShuffleBytes-EraseBytes-
#11407	REDUCE cov: 124 ft: 525 corp: 75/11395b lim: 333 exec/s: 11407 rss: 30Mb L: 172/333 MS: 2 PersAutoDict-EraseBytes- DE: "\0005os"-
#11805	REDUCE cov: 124 ft: 525 corp: 75/11394b lim: 333 exec/s: 11805 rss: 30Mb L: 20/333 MS: 3 ChangeBinInt-ShuffleBytes-EraseBytes-
#11956	REDUCE cov: 124 ft: 525 corp: 75/11368b lim: 333 exec/s: 11956 rss: 30Mb L: 50/333 MS: 1 EraseBytes-
#12133	REDUCE cov: 124 ft: 537 corp: 76/11511b lim: 333 exec/s: 12133 rss: 30Mb L: 143/333 MS: 2 CrossOver-CMP- DE: "pixi"-
#12164	REDUCE cov: 124 ft: 537 corp: 76/11495b lim: 333 exec/s: 12164 rss: 30Mb L: 156/333 MS: 1 EraseBytes-
#12271	REDUCE cov: 124 ft: 538 corp: 77/11759b lim: 333 exec/s: 12271 rss: 30Mb L: 264/333 MS: 2 CopyPart-ChangeBit-
#12507	REDUCE cov: 124 ft: 538 corp: 77/11744b lim: 333 exec/s: 12507 rss: 30Mb L: 129/333 MS: 1 CrossOver-
#12636	REDUCE cov: 124 ft: 538 corp: 77/11743b lim: 333 exec/s: 6318 rss: 30Mb L: 33/333 MS: 4 InsertByte-CopyPart-ShuffleBytes-EraseBytes-
#12772	REDUCE cov: 124 ft: 538 corp: 77/11720b lim: 333 exec/s: 6386 rss: 30Mb L: 120/333 MS: 1 EraseBytes-
#12923	REDUCE cov: 124 ft: 538 corp: 77/11715b lim: 333 exec/s: 6461 rss: 30Mb L: 190/333 MS: 1 EraseBytes-
#12945	REDUCE cov: 124 ft: 538 corp: 77/11698b lim: 333 exec/s: 6472 rss: 30Mb L: 283/333 MS: 2 CMP-EraseBytes- DE: "stts"-
#13173	REDUCE cov: 124 ft: 538 corp: 77/11687b lim: 333 exec/s: 6586 rss: 30Mb L: 56/333 MS: 3 ShuffleBytes-CopyPart-EraseBytes-
#13218	REDUCE cov: 124 ft: 538 corp: 77/11677b lim: 333 exec/s: 6609 rss: 30Mb L: 110/333 MS: 5 InsertByte-ChangeASCIIInt-ShuffleBytes-PersAutoDict-EraseBytes- DE: "\223\000\000\000\000\000\000\000"-
#13400	REDUCE cov: 124 ft: 538 corp: 77/11673b lim: 333 exec/s: 6700 rss: 30Mb L: 288/333 MS: 2 ShuffleBytes-CrossOver-
#13474	REDUCE cov: 124 ft: 538 corp: 77/11667b lim: 333 exec/s: 6737 rss: 30Mb L: 161/333 MS: 4 CrossOver-CopyPart-ShuffleBytes-EraseBytes-
#14330	REDUCE cov: 124 ft: 538 corp: 77/11652b lim: 341 exec/s: 7165 rss: 30Mb L: 173/333 MS: 1 EraseBytes-
#14434	REDUCE cov: 124 ft: 538 corp: 77/11651b lim: 341 exec/s: 7217 rss: 30Mb L: 167/333 MS: 4 ChangeBinInt-ChangeBit-ChangeByte-EraseBytes-
#14482	REDUCE cov: 124 ft: 538 corp: 77/11644b lim: 341 exec/s: 7241 rss: 30Mb L: 13/333 MS: 3 CopyPart-ChangeByte-EraseBytes-
#14877	REDUCE cov: 124 ft: 539 corp: 78/11804b lim: 341 exec/s: 7438 rss: 30Mb L: 160/333 MS: 5 ShuffleBytes-PersAutoDict-InsertRepeatedBytes-InsertByte-CMP- DE: "stts"-"G\000\000\000"-
#14893	REDUCE cov: 124 ft: 539 corp: 78/11791b lim: 341 exec/s: 7446 rss: 30Mb L: 97/333 MS: 1 EraseBytes-
#15025	REDUCE cov: 124 ft: 539 corp: 78/11789b lim: 341 exec/s: 7512 rss: 30Mb L: 188/333 MS: 2 CrossOver-EraseBytes-
#15128	REDUCE cov: 124 ft: 541 corp: 79/11874b lim: 341 exec/s: 7564 rss: 30Mb L: 85/333 MS: 3 ShuffleBytes-ChangeBit-PersAutoDict- DE: "pixi"-
#15438	REDUCE cov: 124 ft: 541 corp: 79/11867b lim: 341 exec/s: 7719 rss: 30Mb L: 162/333 MS: 5 ChangeByte-ChangeBinInt-CopyPart-InsertByte-EraseBytes-
#15638	NEW    cov: 124 ft: 545 corp: 80/12090b lim: 341 exec/s: 7819 rss: 30Mb L: 223/333 MS: 5 CopyPart-CMP-ChangeBinInt-InsertRepeatedBytes-PersAutoDict- DE: "\000\015\007L,w\000\000"-"pixi"-
#16349	REDUCE cov: 124 ft: 545 corp: 80/12028b lim: 341 exec/s: 8174 rss: 30Mb L: 161/333 MS: 1 EraseBytes-
#16384	pulse  cov: 124 ft: 545 corp: 80/12028b lim: 341 exec/s: 8192 rss: 30Mb
#16705	REDUCE cov: 124 ft: 545 corp: 80/12023b lim: 341 exec/s: 8352 rss: 30Mb L: 25/333 MS: 1 EraseBytes-
#16871	REDUCE cov: 124 ft: 545 corp: 80/12020b lim: 341 exec/s: 8435 rss: 30Mb L: 47/333 MS: 1 EraseBytes-
#16900	REDUCE cov: 124 ft: 545 corp: 80/12014b lim: 341 exec/s: 8450 rss: 30Mb L: 109/333 MS: 4 ChangeByte-ShuffleBytes-EraseBytes-InsertByte-
#17058	REDUCE cov: 124 ft: 545 corp: 80/11995b lim: 341 exec/s: 8529 rss: 30Mb L: 58/333 MS: 3 CMP-InsertByte-EraseBytes- DE: "\000\000\000\000\000\000\000\200"-
#17335	REDUCE cov: 124 ft: 545 corp: 80/11992b lim: 341 exec/s: 8667 rss: 30Mb L: 22/333 MS: 2 InsertByte-EraseBytes-
#17395	REDUCE cov: 124 ft: 545 corp: 80/11991b lim: 341 exec/s: 8697 rss: 30Mb L: 27/333 MS: 5 InsertByte-ChangeASCIIInt-CMP-ChangeBit-EraseBytes- DE: "moov"-
#17567	REDUCE cov: 124 ft: 545 corp: 80/11984b lim: 341 exec/s: 8783 rss: 30Mb L: 78/333 MS: 2 ChangeBinInt-EraseBytes-
#17601	REDUCE cov: 124 ft: 545 corp: 80/11968b lim: 341 exec/s: 8800 rss: 30Mb L: 68/333 MS: 4 ChangeBit-CrossOver-ShuffleBytes-EraseBytes-
#17700	REDUCE cov: 124 ft: 545 corp: 80/11966b lim: 341 exec/s: 8850 rss: 30Mb L: 180/333 MS: 4 ChangeBit-InsertByte-CMP-EraseBytes- DE: "hktX"-
#17815	REDUCE cov: 124 ft: 545 corp: 80/11937b lim: 341 exec/s: 8907 rss: 30Mb L: 272/333 MS: 5 PersAutoDict-CrossOver-ChangeByte-EraseBytes-CrossOver- DE: "\001\000\000\000\000\000\000\004"-
#17827	REDUCE cov: 124 ft: 545 corp: 80/11920b lim: 341 exec/s: 8913 rss: 30Mb L: 144/333 MS: 2 CMP-EraseBytes- DE: "\000\000w,L\003%\300"-
#17956	REDUCE cov: 124 ft: 552 corp: 81/12237b lim: 341 exec/s: 8978 rss: 30Mb L: 317/333 MS: 4 CopyPart-ShuffleBytes-ChangeBit-CrossOver-
#18048	REDUCE cov: 124 ft: 552 corp: 81/12225b lim: 341 exec/s: 9024 rss: 30Mb L: 230/333 MS: 2 InsertRepeatedBytes-EraseBytes-
#18506	REDUCE cov: 124 ft: 552 corp: 81/12209b lim: 341 exec/s: 9253 rss: 30Mb L: 301/333 MS: 3 InsertRepeatedBytes-ChangeBit-EraseBytes-
#18812	REDUCE cov: 124 ft: 552 corp: 81/12121b lim: 341 exec/s: 9406 rss: 30Mb L: 213/333 MS: 1 CrossOver-
#18877	REDUCE cov: 124 ft: 552 corp: 81/12120b lim: 341 exec/s: 9438 rss: 30Mb L: 159/333 MS: 5 ShuffleBytes-ChangeByte-PersAutoDict-PersAutoDict-EraseBytes- DE: "(\000\000\000"-"\377\035"-
#19084	REDUCE cov: 124 ft: 552 corp: 81/12106b lim: 341 exec/s: 9542 rss: 30Mb L: 130/333 MS: 2 ShuffleBytes-EraseBytes-
#19468	REDUCE cov: 124 ft: 552 corp: 81/12105b lim: 341 exec/s: 6489 rss: 30Mb L: 166/333 MS: 3 InsertRepeatedBytes-InsertByte-EraseBytes-
#19522	REDUCE cov: 124 ft: 552 corp: 81/12081b lim: 341 exec/s: 6507 rss: 30Mb L: 24/333 MS: 4 EraseBytes-ChangeBit-ChangeBit-EraseBytes-
#19714	REDUCE cov: 124 ft: 552 corp: 81/12011b lim: 341 exec/s: 6571 rss: 30Mb L: 171/333 MS: 2 CMP-EraseBytes- DE: "\001\020"-
#20568	REDUCE cov: 124 ft: 552 corp: 81/12005b lim: 349 exec/s: 6856 rss: 30Mb L: 266/333 MS: 4 ChangeByte-CMP-CMP-EraseBytes- DE: "St9exception"-"\177#\010L,w\000\000"-
#20774	REDUCE cov: 124 ft: 552 corp: 81/11969b lim: 349 exec/s: 6924 rss: 30Mb L: 61/333 MS: 1 EraseBytes-
#20800	REDUCE cov: 124 ft: 552 corp: 81/11966b lim: 349 exec/s: 6933 rss: 30Mb L: 306/333 MS: 1 EraseBytes-
#20801	REDUCE cov: 124 ft: 552 corp: 81/11955b lim: 349 exec/s: 6933 rss: 30Mb L: 71/333 MS: 1 EraseBytes-
#21008	REDUCE cov: 124 ft: 552 corp: 81/11938b lim: 349 exec/s: 7002 rss: 30Mb L: 64/333 MS: 2 ShuffleBytes-EraseBytes-
#21044	REDUCE cov: 124 ft: 552 corp: 81/11935b lim: 349 exec/s: 7014 rss: 30Mb L: 10/333 MS: 1 EraseBytes-
#21433	REDUCE cov: 124 ft: 552 corp: 81/11911b lim: 349 exec/s: 7144 rss: 30Mb L: 156/333 MS: 4 ChangeBit-ShuffleBytes-ChangeBit-EraseBytes-
#21492	REDUCE cov: 124 ft: 552 corp: 81/11867b lim: 349 exec/s: 7164 rss: 30Mb L: 86/333 MS: 4 CMP-InsertByte-ChangeBit-EraseBytes- DE: "\002\000\000\000"-
#21810	REDUCE cov: 124 ft: 552 corp: 81/11862b lim: 349 exec/s: 7270 rss: 30Mb L: 208/333 MS: 3 ChangeBinInt-CopyPart-EraseBytes-
#22082	REDUCE cov: 124 ft: 552 corp: 81/11860b lim: 349 exec/s: 7360 rss: 30Mb L: 156/333 MS: 2 ChangeBinInt-CrossOver-
#22264	REDUCE cov: 124 ft: 552 corp: 81/11847b lim: 349 exec/s: 7421 rss: 30Mb L: 48/333 MS: 2 CrossOver-EraseBytes-
#22333	REDUCE cov: 124 ft: 552 corp: 81/11809b lim: 349 exec/s: 7444 rss: 30Mb L: 72/333 MS: 4 InsertByte-CrossOver-InsertByte-EraseBytes-
#22508	REDUCE cov: 124 ft: 552 corp: 81/11807b lim: 349 exec/s: 7502 rss: 30Mb L: 74/333 MS: 5 InsertByte-ChangeBit-PersAutoDict-CMP-EraseBytes- DE: "\177#\010L,w\000\000"-"\356om\200"-
#22568	REDUCE cov: 124 ft: 552 corp: 81/11804b lim: 349 exec/s: 7522 rss: 30Mb L: 185/333 MS: 5 PersAutoDict-PersAutoDict-InsertByte-EraseBytes-CrossOver- DE: "\377\035"-"\377\035"-
#22634	REDUCE cov: 124 ft: 552 corp: 81/11798b lim: 349 exec/s: 7544 rss: 30Mb L: 224/333 MS: 1 EraseBytes-
#22644	REDUCE cov: 124 ft: 552 corp: 81/11790b lim: 349 exec/s: 7548 rss: 30Mb L: 128/333 MS: 5 ChangeASCIIInt-CMP-ChangeBit-ChangeBinInt-EraseBytes- DE: "omsi"-
#22691	REDUCE cov: 124 ft: 552 corp: 81/11763b lim: 349 exec/s: 7563 rss: 30Mb L: 45/333 MS: 2 CMP-EraseBytes- DE: "HG"-
#23108	REDUCE cov: 124 ft: 552 corp: 81/11762b lim: 349 exec/s: 7702 rss: 30Mb L: 265/333 MS: 2 InsertRepeatedBytes-EraseBytes-
#23741	REDUCE cov: 124 ft: 552 corp: 81/11743b lim: 349 exec/s: 7913 rss: 30Mb L: 189/333 MS: 3 CrossOver-PersAutoDict-EraseBytes- DE: "tf\030\000"-
#24072	REDUCE cov: 124 ft: 552 corp: 81/11741b lim: 349 exec/s: 8024 rss: 30Mb L: 164/333 MS: 1 EraseBytes-
#24849	REDUCE cov: 124 ft: 552 corp: 81/11693b lim: 349 exec/s: 8283 rss: 30Mb L: 88/333 MS: 2 ShuffleBytes-EraseBytes-
#24909	REDUCE cov: 124 ft: 552 corp: 81/11692b lim: 349 exec/s: 8303 rss: 30Mb L: 137/333 MS: 5 PersAutoDict-ChangeASCIIInt-ChangeASCIIInt-ChangeBit-EraseBytes- DE: "\001\000\000\000\000\000\000\004"-
#24917	REDUCE cov: 124 ft: 552 corp: 81/11687b lim: 349 exec/s: 8305 rss: 30Mb L: 59/333 MS: 3 ChangeByte-ChangeByte-EraseBytes-
#25029	REDUCE cov: 124 ft: 552 corp: 81/11670b lim: 349 exec/s: 8343 rss: 30Mb L: 172/333 MS: 2 InsertRepeatedBytes-EraseBytes-
#25648	REDUCE cov: 124 ft: 552 corp: 81/11669b lim: 349 exec/s: 8549 rss: 30Mb L: 9/333 MS: 4 ChangeBinInt-ChangeBit-CopyPart-EraseBytes-
#25947	REDUCE cov: 124 ft: 552 corp: 81/11661b lim: 349 exec/s: 6486 rss: 30Mb L: 16/333 MS: 3 EraseBytes-ChangeBit-InsertByte-
#25980	REDUCE cov: 124 ft: 552 corp: 81/11637b lim: 349 exec/s: 6495 rss: 30Mb L: 246/333 MS: 3 ChangeByte-ShuffleBytes-EraseBytes-
#27257	NEW    cov: 124 ft: 557 corp: 82/11978b lim: 357 exec/s: 6814 rss: 30Mb L: 341/341 MS: 2 PersAutoDict-InsertRepeatedBytes- DE: "\002\000\000\000"-
#27481	REDUCE cov: 124 ft: 557 corp: 82/11947b lim: 357 exec/s: 6870 rss: 30Mb L: 55/341 MS: 4 PersAutoDict-ChangeBinInt-ChangeASCIIInt-EraseBytes- DE: "\377\377\377\000"-
#28100	REDUCE cov: 124 ft: 557 corp: 82/11918b lim: 357 exec/s: 7025 rss: 30Mb L: 254/341 MS: 4 ChangeBit-ChangeByte-ChangeByte-EraseBytes-
#28711	REDUCE cov: 124 ft: 557 corp: 82/11909b lim: 357 exec/s: 7177 rss: 30Mb L: 49/341 MS: 1 EraseBytes-
#28858	REDUCE cov: 124 ft: 557 corp: 82/11899b lim: 357 exec/s: 7214 rss: 30Mb L: 267/341 MS: 2 CopyPart-EraseBytes-
#29642	REDUCE cov: 124 ft: 557 corp: 82/11880b lim: 357 exec/s: 7410 rss: 30Mb L: 258/341 MS: 4 CopyPart-ChangeBinInt-ChangeBit-EraseBytes-
#29863	REDUCE cov: 124 ft: 557 corp: 82/11877b lim: 357 exec/s: 7465 rss: 30Mb L: 46/341 MS: 1 EraseBytes-
==551167== ERROR: libFuzzer: out-of-memory (used: 1984Mb; limit: 1024Mb)
   To change the out-of-memory limit use -rss_limit_mb=<N>

MS: 2 ChangeBit-CMP- DE: "\000\000\000\000\000\000\000\024"-; base unit: 2ac25d721edaff38e249306cabf4a13b1cf5650d
0x0,0x0,0x0,0x1c,0x66,0x74,0x79,0x70,0x4d,0x34,0x56,0x20,0x0,0x0,0x0,0x0,0x4d,0x34,0x56,0x20,0x6d,0x70,0x34,0x31,0x69,0x73,0x6f,0x6d,0x0,0x0,0x0,0xe0,0x6d,0x6f,0x6f,0x76,0x0,0x0,0x0,0x78,0x6d,0x76,0x68,0x64,0x0,0x0,0x0,0x0,0x0,0x0,0x0,0x0,0x14,0x0,0x0,0x0,0x0,0x0,0x0,0x0,0x0,0x0,0x0,0x0,0x0,0x0,0x3,0xe8,0x0,0x0,0xe,0x10,0x0,0x1,0x0,0x0,0x0,0x0,0x0,0x1,0x0,0x0,0x0,0x0,0x0,0x0,0x0,0x0,0x0,0x1,0x0,0x0,0x0,0x0,0x1,0x0,0x0,0x0,0x0,0x0,0x0,0x0,0x0,0x0,0x0,0x0,0x0,0x0,0x0,0x0,0x0,0x0,0x0,0x0,0x0,0x0,0x0,0x0,0x0,0x4d,0x0,0x0,0x0,0x0,0x0,0x0,0x0,0x0,0x0,0x0,0x0,0x0,0x0,0x0,0x0,0x0,0x0,0x0,0x0,0x0,0x0,0xff,0x0,0x0,0x0,0x0,0x0,0x42,0x0,0x0,0x0,0x60,0x75,0x64,0x74,0x61,0x0,0x0,0x0,0x58,0x6d,0x65,0x74,0x61,0x0,0x0,0x0,0x0,0x0,0x0,0x0,0x21,0x68,0x64,0x6c,0x72,0x0,0x0,0x0,0x0,0x0,0x0,0x0,0x0,0x69,0x64,0x6d,0x88,0x88,0x88,0x88,0x88,0x88,0x88,0x88,0x88,0x88,0x0,0x0,0x0,0x22,0xc2,0xa9,0x6e,0x61,0x6d,0x0,0x0,0x0,0x1a,0x64,0x61,0x74,0x61,0x0,0x0,0x0,0x1,0x0,0x0,0x0,0x0,0x54,0x65,0x73,0x74,0x20,0x56,0x69,0x64,0x65,0x6f,
\000\000\000\034ftypM4V \000\000\000\000M4V mp41isom\000\000\000\340moov\000\000\000xmvhd\000\000\000\000\000\000\000\000\024\000\000\000\000\000\000\000\000\000\000\000\000\000\003\350\000\000\016\020\000\001\000\000\000\000\000\001\000\000\000\000\000\000\000\000\000\001\000\000\000\000\001\000\000\000\000\000\000\000\000\000\000\000\000\000\000\000\000\000\000\000\000\000\000\000\000M\000\000\000\000\000\000\000\000\000\000\000\000\000\000\000\000\000\000\000\000\000\377\000\000\000\000\000B\000\000\000`udta\000\000\000Xmeta\000\000\000\000\000\000\000!hdlr\000\000\000\000\000\000\000\000idm\210\210\210\210\210\210\210\210\210\210\000\000\000\"\302\251nam\000\000\000\032data\000\000\000\001\000\000\000\000Test Video
artifact_prefix='/results/crashes/20260313_171505_96597bb1_'; Test unit written to /results/crashes/20260313_171505_96597bb1_oom-5b391641400bb49b7a8ca6cf540da562cb046727
Base64: AAAAHGZ0eXBNNFYgAAAAAE00ViBtcDQxaXNvbQAAAOBtb292AAAAeG12aGQAAAAAAAAAABQAAAAAAAAAAAAAAAAAA+gAAA4QAAEAAAAAAAEAAAAAAAAAAAABAAAAAAEAAAAAAAAAAAAAAAAAAAAAAAAAAAAAAABNAAAAAAAAAAAAAAAAAAAAAAAAAAAA/wAAAAAAQgAAAGB1ZHRhAAAAWG1ldGEAAAAAAAAAIWhkbHIAAAAAAAAAAGlkbYiIiIiIiIiIiIgAAAAiwqluYW0AAAAaZGF0YQAAAAEAAAAAVGVzdCBWaWRlbw==
SUMMARY: libFuzzer: out-of-memory
stat::number_of_executed_units: 30580
stat::average_exec_per_sec:     5096
stat::new_units_added:          247
stat::slowest_unit_time_sec:    0
stat::peak_rss_mb:              1989
