INFO: Running with entropic power schedule (0xFF, 100).
INFO: Seed: 2163745473
INFO: Loaded 1 modules   (252 inline 8-bit counters): 252 [0x5b5b018c5678, 0x5b5b018c5774), 
INFO: Loaded 1 PC tables (252 PCs): 252 [0x5b5b018c5778,0x5b5b018c6738), 
INFO:        4 files found in /tmp/corpus_20260313_190825_0758e22b
INFO: seed corpus: files: 4 min: 48b max: 333b total: 853b rss: 28Mb
#5	INITED cov: 118 ft: 250 corp: 4/853b exec/s: 0 rss: 29Mb
#6	NEW    cov: 118 ft: 265 corp: 5/1114b lim: 333 exec/s: 0 rss: 29Mb L: 261/333 MS: 1 CrossOver-
#12	NEW    cov: 118 ft: 306 corp: 6/1162b lim: 333 exec/s: 0 rss: 29Mb L: 48/333 MS: 1 ChangeByte-
#13	NEW    cov: 118 ft: 325 corp: 7/1208b lim: 333 exec/s: 0 rss: 29Mb L: 46/333 MS: 1 EraseBytes-
#14	NEW    cov: 119 ft: 326 corp: 8/1398b lim: 333 exec/s: 0 rss: 29Mb L: 190/333 MS: 1 EraseBytes-
#16	NEW    cov: 119 ft: 327 corp: 9/1447b lim: 333 exec/s: 0 rss: 29Mb L: 49/333 MS: 2 InsertByte-CrossOver-
#24	NEW    cov: 119 ft: 339 corp: 10/1495b lim: 333 exec/s: 0 rss: 29Mb L: 48/333 MS: 3 CopyPart-ChangeBinInt-CopyPart-
#25	NEW    cov: 119 ft: 341 corp: 11/1715b lim: 333 exec/s: 0 rss: 29Mb L: 220/333 MS: 1 InsertRepeatedBytes-
#26	NEW    cov: 119 ft: 350 corp: 12/1851b lim: 333 exec/s: 0 rss: 29Mb L: 136/333 MS: 1 EraseBytes-
#33	NEW    cov: 119 ft: 359 corp: 13/1923b lim: 333 exec/s: 0 rss: 29Mb L: 72/333 MS: 2 ChangeASCIIInt-CopyPart-
#34	NEW    cov: 119 ft: 360 corp: 14/1980b lim: 333 exec/s: 0 rss: 29Mb L: 57/333 MS: 1 CMP- DE: "\366\026\216#[[\000\000"-
#40	NEW    cov: 119 ft: 364 corp: 15/2297b lim: 333 exec/s: 0 rss: 29Mb L: 317/333 MS: 1 InsertRepeatedBytes-
#41	NEW    cov: 119 ft: 366 corp: 16/2517b lim: 333 exec/s: 0 rss: 29Mb L: 220/333 MS: 1 ChangeBit-
#44	NEW    cov: 119 ft: 370 corp: 17/2850b lim: 333 exec/s: 0 rss: 29Mb L: 333/333 MS: 3 ChangeBinInt-CrossOver-CMP- DE: "mfra"-
#47	NEW    cov: 119 ft: 371 corp: 18/3015b lim: 333 exec/s: 0 rss: 29Mb L: 165/333 MS: 3 InsertByte-InsertByte-EraseBytes-
#48	NEW    cov: 119 ft: 372 corp: 19/3206b lim: 333 exec/s: 0 rss: 29Mb L: 191/333 MS: 1 InsertByte-
#49	NEW    cov: 119 ft: 382 corp: 20/3256b lim: 333 exec/s: 0 rss: 29Mb L: 50/333 MS: 1 InsertByte-
#50	NEW    cov: 119 ft: 383 corp: 21/3576b lim: 333 exec/s: 0 rss: 29Mb L: 320/333 MS: 1 EraseBytes-
#59	NEW    cov: 119 ft: 384 corp: 22/3688b lim: 333 exec/s: 0 rss: 29Mb L: 112/333 MS: 4 ChangeBit-CMP-InsertRepeatedBytes-CopyPart- DE: "mdia"-
#64	NEW    cov: 119 ft: 390 corp: 23/3857b lim: 333 exec/s: 0 rss: 29Mb L: 169/333 MS: 5 InsertRepeatedBytes-ShuffleBytes-CMP-CMP-CrossOver- DE: "n\177\216#[[\000\000"-"tapt"-
#69	NEW    cov: 120 ft: 392 corp: 24/4081b lim: 333 exec/s: 0 rss: 29Mb L: 224/333 MS: 5 ChangeByte-ChangeByte-ChangeByte-ChangeBinInt-PersAutoDict- DE: "mdia"-
#70	NEW    cov: 120 ft: 394 corp: 25/4146b lim: 333 exec/s: 0 rss: 29Mb L: 65/333 MS: 1 CMP- DE: "\001\000\000\000\000\000\000p"-
#74	REDUCE cov: 120 ft: 394 corp: 25/4097b lim: 333 exec/s: 0 rss: 29Mb L: 116/333 MS: 4 CrossOver-ChangeByte-CrossOver-EraseBytes-
#79	NEW    cov: 121 ft: 396 corp: 26/4418b lim: 333 exec/s: 0 rss: 29Mb L: 321/333 MS: 5 ChangeBit-ChangeBit-ShuffleBytes-ChangeBit-InsertByte-
#96	NEW    cov: 121 ft: 400 corp: 27/4466b lim: 333 exec/s: 0 rss: 29Mb L: 48/333 MS: 2 ChangeBit-CrossOver-
#99	NEW    cov: 121 ft: 401 corp: 28/4793b lim: 333 exec/s: 0 rss: 29Mb L: 327/333 MS: 3 PersAutoDict-ShuffleBytes-CopyPart- DE: "mdia"-
#101	REDUCE cov: 121 ft: 402 corp: 29/4917b lim: 333 exec/s: 0 rss: 29Mb L: 124/333 MS: 2 PersAutoDict-PersAutoDict- DE: "\001\000\000\000\000\000\000p"-"\001\000\000\000\000\000\000p"-
#103	NEW    cov: 121 ft: 403 corp: 30/5087b lim: 333 exec/s: 0 rss: 29Mb L: 170/333 MS: 2 ChangeBinInt-InsertRepeatedBytes-
#115	NEW    cov: 121 ft: 404 corp: 31/5344b lim: 333 exec/s: 0 rss: 29Mb L: 257/333 MS: 2 PersAutoDict-InsertRepeatedBytes- DE: "n\177\216#[[\000\000"-
#131	NEW    cov: 121 ft: 405 corp: 32/5392b lim: 333 exec/s: 0 rss: 29Mb L: 48/333 MS: 1 PersAutoDict- DE: "\001\000\000\000\000\000\000p"-
#132	NEW    cov: 121 ft: 406 corp: 33/5694b lim: 333 exec/s: 0 rss: 29Mb L: 302/333 MS: 1 InsertRepeatedBytes-
#133	NEW    cov: 121 ft: 407 corp: 34/5773b lim: 333 exec/s: 0 rss: 29Mb L: 79/333 MS: 1 EraseBytes-
#137	NEW    cov: 121 ft: 410 corp: 35/5821b lim: 333 exec/s: 0 rss: 29Mb L: 48/333 MS: 4 CopyPart-ChangeByte-ChangeByte-ChangeBinInt-
#147	REDUCE cov: 121 ft: 411 corp: 36/6020b lim: 333 exec/s: 0 rss: 29Mb L: 199/333 MS: 5 InsertRepeatedBytes-InsertByte-ShuffleBytes-ChangeBit-InsertByte-
#152	NEW    cov: 121 ft: 420 corp: 37/6029b lim: 333 exec/s: 0 rss: 29Mb L: 9/333 MS: 5 ShuffleBytes-EraseBytes-CopyPart-CrossOver-CrossOver-
#158	NEW    cov: 121 ft: 421 corp: 38/6077b lim: 333 exec/s: 0 rss: 29Mb L: 48/333 MS: 1 PersAutoDict- DE: "mfra"-
#176	REDUCE cov: 121 ft: 421 corp: 38/6034b lim: 333 exec/s: 0 rss: 29Mb L: 290/333 MS: 3 CrossOver-ShuffleBytes-EraseBytes-
#202	NEW    cov: 121 ft: 422 corp: 39/6082b lim: 333 exec/s: 0 rss: 29Mb L: 48/333 MS: 1 ShuffleBytes-
#232	REDUCE cov: 121 ft: 422 corp: 39/6062b lim: 333 exec/s: 0 rss: 29Mb L: 297/333 MS: 5 InsertRepeatedBytes-ChangeBit-CrossOver-PersAutoDict-EraseBytes- DE: "mdia"-
#258	NEW    cov: 121 ft: 431 corp: 40/6091b lim: 333 exec/s: 0 rss: 29Mb L: 29/333 MS: 1 EraseBytes-
#277	REDUCE cov: 121 ft: 431 corp: 40/6080b lim: 333 exec/s: 0 rss: 29Mb L: 37/333 MS: 4 CrossOver-EraseBytes-CopyPart-ChangeBinInt-
#282	NEW    cov: 122 ft: 432 corp: 41/6083b lim: 333 exec/s: 0 rss: 29Mb L: 3/333 MS: 5 ChangeBit-CopyPart-CrossOver-ChangeByte-CrossOver-
#306	REDUCE cov: 122 ft: 432 corp: 41/6065b lim: 333 exec/s: 0 rss: 29Mb L: 272/333 MS: 4 ChangeBinInt-PersAutoDict-ShuffleBytes-EraseBytes- DE: "mdia"-
#319	NEW    cov: 123 ft: 434 corp: 42/6093b lim: 333 exec/s: 0 rss: 29Mb L: 28/333 MS: 3 EraseBytes-ChangeBit-ChangeBit-
#338	NEW    cov: 123 ft: 437 corp: 43/6423b lim: 333 exec/s: 0 rss: 29Mb L: 330/333 MS: 4 InsertRepeatedBytes-CrossOver-CMP-InsertRepeatedBytes- DE: "\001\000\000\000"-
#350	REDUCE cov: 123 ft: 437 corp: 43/6413b lim: 333 exec/s: 0 rss: 29Mb L: 159/333 MS: 2 CopyPart-EraseBytes-
#373	NEW    cov: 123 ft: 438 corp: 44/6615b lim: 333 exec/s: 0 rss: 29Mb L: 202/333 MS: 3 CopyPart-CrossOver-EraseBytes-
#375	REDUCE cov: 123 ft: 438 corp: 44/6600b lim: 333 exec/s: 0 rss: 29Mb L: 257/333 MS: 2 ChangeByte-EraseBytes-
#456	REDUCE cov: 123 ft: 443 corp: 45/6744b lim: 333 exec/s: 0 rss: 29Mb L: 144/333 MS: 1 EraseBytes-
#498	REDUCE cov: 123 ft: 443 corp: 45/6740b lim: 333 exec/s: 0 rss: 29Mb L: 44/333 MS: 2 InsertByte-EraseBytes-
#561	NEW    cov: 123 ft: 444 corp: 46/7006b lim: 333 exec/s: 0 rss: 29Mb L: 266/333 MS: 3 PersAutoDict-CrossOver-CopyPart- DE: "mfra"-
#602	NEW    cov: 123 ft: 445 corp: 47/7331b lim: 333 exec/s: 0 rss: 29Mb L: 325/333 MS: 1 CrossOver-
#609	NEW    cov: 123 ft: 450 corp: 48/7551b lim: 333 exec/s: 0 rss: 29Mb L: 220/333 MS: 2 CMP-CMP- DE: "fiin"-"\377\377Z[#\215\357>"-
#610	NEW    cov: 123 ft: 451 corp: 49/7875b lim: 333 exec/s: 0 rss: 29Mb L: 324/333 MS: 1 CMP- DE: "\3761is"-
#612	REDUCE cov: 123 ft: 451 corp: 49/7854b lim: 333 exec/s: 0 rss: 29Mb L: 276/333 MS: 2 ShuffleBytes-CrossOver-
#619	NEW    cov: 123 ft: 452 corp: 50/8054b lim: 333 exec/s: 0 rss: 29Mb L: 200/333 MS: 2 CrossOver-CrossOver-
#642	REDUCE cov: 123 ft: 452 corp: 50/8047b lim: 333 exec/s: 0 rss: 29Mb L: 39/333 MS: 3 ChangeBinInt-ShuffleBytes-EraseBytes-
#660	NEW    cov: 123 ft: 460 corp: 51/8066b lim: 333 exec/s: 0 rss: 29Mb L: 19/333 MS: 3 ChangeBinInt-EraseBytes-EraseBytes-
#730	REDUCE cov: 123 ft: 466 corp: 52/8391b lim: 333 exec/s: 0 rss: 29Mb L: 325/333 MS: 5 ChangeBit-ShuffleBytes-ChangeASCIIInt-InsertRepeatedBytes-InsertRepeatedBytes-
#741	REDUCE cov: 123 ft: 466 corp: 52/8390b lim: 333 exec/s: 0 rss: 29Mb L: 47/333 MS: 1 EraseBytes-
#782	REDUCE cov: 123 ft: 466 corp: 52/8389b lim: 333 exec/s: 0 rss: 29Mb L: 324/333 MS: 1 CrossOver-
#875	REDUCE cov: 123 ft: 466 corp: 52/8373b lim: 333 exec/s: 0 rss: 29Mb L: 308/333 MS: 3 CMP-ChangeASCIIInt-EraseBytes- DE: "\022\000"-
#889	NEW    cov: 123 ft: 467 corp: 53/8381b lim: 333 exec/s: 0 rss: 29Mb L: 8/333 MS: 4 EraseBytes-ChangeBit-ChangeBinInt-CopyPart-
#895	REDUCE cov: 123 ft: 467 corp: 53/8334b lim: 333 exec/s: 0 rss: 29Mb L: 214/333 MS: 1 EraseBytes-
#990	REDUCE cov: 123 ft: 467 corp: 53/8304b lim: 333 exec/s: 0 rss: 29Mb L: 160/333 MS: 5 EraseBytes-ShuffleBytes-InsertRepeatedBytes-CrossOver-EraseBytes-
#1013	NEW    cov: 123 ft: 468 corp: 54/8353b lim: 333 exec/s: 0 rss: 29Mb L: 49/333 MS: 3 InsertByte-ChangeBinInt-ChangeBit-
#1104	NEW    cov: 123 ft: 478 corp: 55/8573b lim: 333 exec/s: 0 rss: 29Mb L: 220/333 MS: 1 ChangeBit-
#1114	REDUCE cov: 123 ft: 478 corp: 55/8554b lim: 333 exec/s: 0 rss: 29Mb L: 29/333 MS: 5 ShuffleBytes-CMP-ChangeASCIIInt-ChangeBit-EraseBytes- DE: "\000P"-
#1137	REDUCE cov: 123 ft: 478 corp: 55/8544b lim: 333 exec/s: 0 rss: 29Mb L: 29/333 MS: 3 ChangeBit-CrossOver-EraseBytes-
#1159	REDUCE cov: 123 ft: 481 corp: 56/8803b lim: 333 exec/s: 0 rss: 29Mb L: 259/333 MS: 2 ChangeByte-PersAutoDict- DE: "\022\000"-
#1196	NEW    cov: 123 ft: 482 corp: 57/9128b lim: 333 exec/s: 0 rss: 29Mb L: 325/333 MS: 2 ShuffleBytes-InsertRepeatedBytes-
#1230	NEW    cov: 123 ft: 483 corp: 58/9382b lim: 333 exec/s: 0 rss: 29Mb L: 254/333 MS: 4 PersAutoDict-EraseBytes-ChangeBinInt-InsertRepeatedBytes- DE: "\022\000"-
#1301	REDUCE cov: 123 ft: 483 corp: 58/9366b lim: 333 exec/s: 0 rss: 29Mb L: 144/333 MS: 1 EraseBytes-
#1340	REDUCE cov: 123 ft: 483 corp: 58/9345b lim: 333 exec/s: 0 rss: 29Mb L: 149/333 MS: 4 PersAutoDict-CrossOver-ChangeASCIIInt-EraseBytes- DE: "\000P"-
#1420	REDUCE cov: 123 ft: 483 corp: 58/9328b lim: 333 exec/s: 0 rss: 29Mb L: 119/333 MS: 5 PersAutoDict-ChangeBit-CMP-ChangeByte-EraseBytes- DE: "\3761is"-"\001\000\000\000\000\000\000\004"-
#1486	REDUCE cov: 123 ft: 483 corp: 58/9326b lim: 333 exec/s: 0 rss: 29Mb L: 122/333 MS: 1 EraseBytes-
#1634	REDUCE cov: 123 ft: 483 corp: 58/9296b lim: 333 exec/s: 0 rss: 29Mb L: 291/333 MS: 3 InsertByte-CopyPart-EraseBytes-
#1696	REDUCE cov: 123 ft: 483 corp: 58/9207b lim: 333 exec/s: 0 rss: 29Mb L: 231/333 MS: 2 CopyPart-EraseBytes-
#1732	REDUCE cov: 123 ft: 483 corp: 58/9196b lim: 333 exec/s: 0 rss: 29Mb L: 33/333 MS: 1 EraseBytes-
#1739	REDUCE cov: 123 ft: 483 corp: 58/9127b lim: 333 exec/s: 0 rss: 29Mb L: 197/333 MS: 2 CrossOver-EraseBytes-
#1791	REDUCE cov: 123 ft: 483 corp: 58/9123b lim: 333 exec/s: 0 rss: 29Mb L: 29/333 MS: 2 ChangeBinInt-EraseBytes-
#1835	REDUCE cov: 123 ft: 483 corp: 58/9109b lim: 333 exec/s: 0 rss: 29Mb L: 316/333 MS: 4 ChangeASCIIInt-PersAutoDict-ChangeBinInt-EraseBytes- DE: "\377\377Z[#\215\357>"-
#1859	REDUCE cov: 123 ft: 483 corp: 58/9107b lim: 333 exec/s: 0 rss: 29Mb L: 47/333 MS: 4 CrossOver-PersAutoDict-ShuffleBytes-EraseBytes- DE: "\001\000\000\000"-
#1865	REDUCE cov: 123 ft: 483 corp: 58/9101b lim: 333 exec/s: 0 rss: 29Mb L: 113/333 MS: 1 EraseBytes-
#1989	REDUCE cov: 123 ft: 484 corp: 59/9298b lim: 333 exec/s: 0 rss: 29Mb L: 197/333 MS: 4 ChangeBit-CopyPart-PersAutoDict-ChangeBit- DE: "\366\026\216#[[\000\000"-
#2073	REDUCE cov: 123 ft: 484 corp: 59/9293b lim: 333 exec/s: 0 rss: 29Mb L: 24/333 MS: 4 ShuffleBytes-PersAutoDict-EraseBytes-PersAutoDict- DE: "\022\000"-"\001\000\000\000\000\000\000p"-
#2186	REDUCE cov: 123 ft: 484 corp: 59/9268b lim: 333 exec/s: 0 rss: 29Mb L: 172/333 MS: 3 PersAutoDict-ChangeBinInt-CrossOver- DE: "\000P"-
#2204	NEW    cov: 123 ft: 485 corp: 60/9601b lim: 333 exec/s: 0 rss: 29Mb L: 333/333 MS: 3 CrossOver-CopyPart-PersAutoDict- DE: "\001\000\000\000\000\000\000\004"-
#2227	NEW    cov: 123 ft: 486 corp: 61/9934b lim: 333 exec/s: 0 rss: 29Mb L: 333/333 MS: 3 ChangeByte-ShuffleBytes-ChangeBinInt-
#2274	REDUCE cov: 123 ft: 492 corp: 62/10248b lim: 333 exec/s: 0 rss: 29Mb L: 314/333 MS: 2 ChangeBinInt-InsertRepeatedBytes-
#2433	NEW    cov: 123 ft: 495 corp: 63/10376b lim: 333 exec/s: 0 rss: 29Mb L: 128/333 MS: 4 ChangeBit-CMP-CrossOver-PersAutoDict- DE: "\001\000\000\000\000\000\000\004"-"mfra"-
#2494	REDUCE cov: 123 ft: 495 corp: 63/10340b lim: 333 exec/s: 0 rss: 29Mb L: 77/333 MS: 1 EraseBytes-
#2610	REDUCE cov: 123 ft: 495 corp: 63/10329b lim: 333 exec/s: 0 rss: 29Mb L: 36/333 MS: 1 EraseBytes-
#2690	REDUCE cov: 123 ft: 495 corp: 63/10314b lim: 333 exec/s: 0 rss: 29Mb L: 34/333 MS: 5 ChangeASCIIInt-ShuffleBytes-ChangeBinInt-CopyPart-CrossOver-
#2826	REDUCE cov: 123 ft: 495 corp: 63/10313b lim: 333 exec/s: 0 rss: 29Mb L: 2/333 MS: 1 EraseBytes-
#3088	REDUCE cov: 123 ft: 495 corp: 63/10276b lim: 333 exec/s: 0 rss: 29Mb L: 177/333 MS: 2 PersAutoDict-EraseBytes- DE: "\366\026\216#[[\000\000"-
#3159	REDUCE cov: 123 ft: 496 corp: 64/10290b lim: 333 exec/s: 0 rss: 29Mb L: 14/333 MS: 1 CrossOver-
#3190	REDUCE cov: 123 ft: 496 corp: 64/10289b lim: 333 exec/s: 0 rss: 29Mb L: 23/333 MS: 1 EraseBytes-
#3251	REDUCE cov: 123 ft: 496 corp: 64/10204b lim: 333 exec/s: 0 rss: 29Mb L: 239/333 MS: 1 EraseBytes-
#3293	REDUCE cov: 123 ft: 496 corp: 64/10202b lim: 333 exec/s: 0 rss: 29Mb L: 27/333 MS: 2 CopyPart-EraseBytes-
#3299	REDUCE cov: 123 ft: 496 corp: 64/10121b lim: 333 exec/s: 0 rss: 29Mb L: 244/333 MS: 1 EraseBytes-
#3542	REDUCE cov: 123 ft: 496 corp: 64/10119b lim: 333 exec/s: 0 rss: 29Mb L: 77/333 MS: 3 EraseBytes-ShuffleBytes-CrossOver-
#3618	REDUCE cov: 123 ft: 496 corp: 64/10062b lim: 333 exec/s: 0 rss: 29Mb L: 174/333 MS: 1 EraseBytes-
#3713	REDUCE cov: 123 ft: 496 corp: 64/10054b lim: 333 exec/s: 0 rss: 29Mb L: 249/333 MS: 5 ShuffleBytes-EraseBytes-ShuffleBytes-PersAutoDict-CopyPart- DE: "\001\000\000\000\000\000\000p"-
#3721	REDUCE cov: 123 ft: 496 corp: 64/9986b lim: 333 exec/s: 0 rss: 29Mb L: 131/333 MS: 3 InsertRepeatedBytes-PersAutoDict-EraseBytes- DE: "tapt"-
#3767	REDUCE cov: 123 ft: 496 corp: 64/9985b lim: 333 exec/s: 0 rss: 29Mb L: 1/333 MS: 1 EraseBytes-
#3903	REDUCE cov: 123 ft: 496 corp: 64/9983b lim: 333 exec/s: 0 rss: 29Mb L: 32/333 MS: 1 EraseBytes-
#4317	REDUCE cov: 123 ft: 496 corp: 64/9954b lim: 333 exec/s: 0 rss: 29Mb L: 191/333 MS: 4 ChangeBinInt-ChangeBinInt-ShuffleBytes-EraseBytes-
#4603	REDUCE cov: 123 ft: 496 corp: 64/9950b lim: 333 exec/s: 0 rss: 29Mb L: 168/333 MS: 1 EraseBytes-
#4705	REDUCE cov: 123 ft: 496 corp: 64/9947b lim: 333 exec/s: 0 rss: 29Mb L: 24/333 MS: 2 ChangeByte-EraseBytes-
#4846	REDUCE cov: 123 ft: 496 corp: 64/9897b lim: 333 exec/s: 0 rss: 29Mb L: 109/333 MS: 1 EraseBytes-
#5035	NEW    cov: 123 ft: 497 corp: 65/10125b lim: 333 exec/s: 0 rss: 29Mb L: 228/333 MS: 4 ChangeASCIIInt-ChangeByte-PersAutoDict-PersAutoDict- DE: "\001\000\000\000"-"\001\000\000\000\000\000\000\004"-
#5107	REDUCE cov: 123 ft: 497 corp: 65/10109b lim: 333 exec/s: 0 rss: 29Mb L: 152/333 MS: 2 CMP-CrossOver- DE: "ipro"-
#5487	REDUCE cov: 123 ft: 497 corp: 65/10107b lim: 333 exec/s: 0 rss: 29Mb L: 21/333 MS: 5 CopyPart-CrossOver-PersAutoDict-ChangeBinInt-EraseBytes- DE: "\366\026\216#[[\000\000"-
#5666	REDUCE cov: 123 ft: 497 corp: 65/10106b lim: 333 exec/s: 0 rss: 29Mb L: 20/333 MS: 4 ChangeByte-EraseBytes-CopyPart-PersAutoDict- DE: "\001\000\000\000"-
#5744	REDUCE cov: 123 ft: 497 corp: 65/10104b lim: 333 exec/s: 0 rss: 29Mb L: 222/333 MS: 3 ShuffleBytes-ShuffleBytes-EraseBytes-
#5760	REDUCE cov: 123 ft: 497 corp: 65/10079b lim: 333 exec/s: 0 rss: 29Mb L: 84/333 MS: 1 EraseBytes-
#5930	REDUCE cov: 123 ft: 497 corp: 65/10074b lim: 333 exec/s: 0 rss: 29Mb L: 67/333 MS: 5 CopyPart-ShuffleBytes-ChangeBinInt-ChangeBinInt-EraseBytes-
#6031	REDUCE cov: 123 ft: 497 corp: 65/10073b lim: 333 exec/s: 0 rss: 29Mb L: 324/333 MS: 1 EraseBytes-
#6118	REDUCE cov: 123 ft: 497 corp: 65/10069b lim: 333 exec/s: 0 rss: 29Mb L: 33/333 MS: 2 InsertByte-EraseBytes-
#6214	REDUCE cov: 123 ft: 497 corp: 65/10056b lim: 333 exec/s: 0 rss: 29Mb L: 131/333 MS: 1 EraseBytes-
#6217	REDUCE cov: 123 ft: 497 corp: 65/9950b lim: 333 exec/s: 0 rss: 29Mb L: 170/333 MS: 3 CrossOver-ChangeByte-EraseBytes-
#6342	REDUCE cov: 123 ft: 497 corp: 65/9946b lim: 333 exec/s: 6342 rss: 29Mb L: 112/333 MS: 5 ChangeBit-ChangeBinInt-ChangeBinInt-CopyPart-EraseBytes-
#6347	REDUCE cov: 123 ft: 497 corp: 65/9828b lim: 333 exec/s: 6347 rss: 29Mb L: 215/333 MS: 5 CMP-CrossOver-ShuffleBytes-ChangeByte-EraseBytes- DE: "\377\007"-
#6551	REDUCE cov: 123 ft: 497 corp: 65/9826b lim: 333 exec/s: 6551 rss: 29Mb L: 18/333 MS: 4 CrossOver-ChangeBinInt-ChangeBinInt-EraseBytes-
#6597	REDUCE cov: 123 ft: 497 corp: 65/9809b lim: 333 exec/s: 6597 rss: 29Mb L: 203/333 MS: 1 EraseBytes-
#6720	REDUCE cov: 123 ft: 497 corp: 65/9795b lim: 333 exec/s: 6720 rss: 29Mb L: 138/333 MS: 3 PersAutoDict-ChangeByte-EraseBytes- DE: "\000P"-
#7078	REDUCE cov: 123 ft: 497 corp: 65/9787b lim: 333 exec/s: 7078 rss: 29Mb L: 40/333 MS: 3 ShuffleBytes-ChangeByte-EraseBytes-
#7266	REDUCE cov: 123 ft: 497 corp: 65/9786b lim: 333 exec/s: 7266 rss: 29Mb L: 148/333 MS: 3 ShuffleBytes-EraseBytes-InsertRepeatedBytes-
#7302	REDUCE cov: 123 ft: 497 corp: 65/9780b lim: 333 exec/s: 7302 rss: 29Mb L: 41/333 MS: 1 EraseBytes-
#7304	REDUCE cov: 123 ft: 497 corp: 65/9779b lim: 333 exec/s: 7304 rss: 29Mb L: 17/333 MS: 2 EraseBytes-InsertByte-
#7505	REDUCE cov: 123 ft: 497 corp: 65/9771b lim: 333 exec/s: 7505 rss: 29Mb L: 69/333 MS: 1 EraseBytes-
#7551	REDUCE cov: 123 ft: 497 corp: 65/9768b lim: 333 exec/s: 7551 rss: 29Mb L: 21/333 MS: 1 EraseBytes-
#8092	REDUCE cov: 123 ft: 497 corp: 65/9766b lim: 333 exec/s: 8092 rss: 29Mb L: 146/333 MS: 1 EraseBytes-
#8283	NEW    cov: 124 ft: 498 corp: 66/9998b lim: 333 exec/s: 8283 rss: 29Mb L: 232/333 MS: 1 EraseBytes-
#8507	REDUCE cov: 124 ft: 498 corp: 66/9997b lim: 333 exec/s: 8507 rss: 29Mb L: 145/333 MS: 4 ChangeBinInt-CrossOver-EraseBytes-CMP- DE: "stts"-
#8550	REDUCE cov: 125 ft: 499 corp: 67/10131b lim: 333 exec/s: 8550 rss: 29Mb L: 134/333 MS: 3 InsertByte-ChangeASCIIInt-EraseBytes-
#8613	REDUCE cov: 125 ft: 499 corp: 67/10084b lim: 333 exec/s: 8613 rss: 29Mb L: 192/333 MS: 3 CopyPart-PersAutoDict-EraseBytes- DE: "\001\000\000\000"-
#8731	REDUCE cov: 125 ft: 499 corp: 67/10046b lim: 333 exec/s: 8731 rss: 29Mb L: 182/333 MS: 3 ChangeBit-ChangeByte-EraseBytes-
#8938	NEW    cov: 125 ft: 504 corp: 68/10305b lim: 333 exec/s: 8938 rss: 29Mb L: 259/333 MS: 2 ChangeBit-ChangeBit-
#9073	REDUCE cov: 125 ft: 504 corp: 68/10303b lim: 333 exec/s: 9073 rss: 29Mb L: 27/333 MS: 5 ShuffleBytes-CrossOver-CrossOver-CopyPart-EraseBytes-
#9144	REDUCE cov: 125 ft: 504 corp: 68/10295b lim: 333 exec/s: 9144 rss: 29Mb L: 189/333 MS: 1 EraseBytes-
#9230	REDUCE cov: 125 ft: 504 corp: 68/10293b lim: 333 exec/s: 9230 rss: 29Mb L: 19/333 MS: 1 EraseBytes-
#9315	REDUCE cov: 125 ft: 504 corp: 68/10290b lim: 333 exec/s: 9315 rss: 29Mb L: 64/333 MS: 5 ShuffleBytes-EraseBytes-PersAutoDict-ChangeBit-InsertByte- DE: "\001\000\000\000\000\000\000p"-
#9385	REDUCE cov: 125 ft: 504 corp: 68/10226b lim: 333 exec/s: 9385 rss: 29Mb L: 80/333 MS: 5 ShuffleBytes-ShuffleBytes-ShuffleBytes-ChangeBinInt-EraseBytes-
#9432	NEW    cov: 125 ft: 505 corp: 69/10360b lim: 333 exec/s: 9432 rss: 29Mb L: 134/333 MS: 2 CopyPart-CopyPart-
#9483	REDUCE cov: 125 ft: 505 corp: 69/10355b lim: 333 exec/s: 9483 rss: 29Mb L: 14/333 MS: 1 EraseBytes-
#9672	REDUCE cov: 125 ft: 505 corp: 69/10337b lim: 333 exec/s: 9672 rss: 29Mb L: 51/333 MS: 4 CMP-ChangeByte-ShuffleBytes-EraseBytes- DE: "N7ISOBMFF4FTYPE"-
#9834	REDUCE cov: 125 ft: 505 corp: 69/10334b lim: 333 exec/s: 9834 rss: 29Mb L: 11/333 MS: 2 CMP-EraseBytes- DE: "eT\000\000"-
#10084	REDUCE cov: 125 ft: 505 corp: 69/10325b lim: 333 exec/s: 10084 rss: 29Mb L: 193/333 MS: 5 InsertByte-ShuffleBytes-CopyPart-ChangeByte-EraseBytes-
#10182	REDUCE cov: 125 ft: 505 corp: 69/10323b lim: 333 exec/s: 10182 rss: 29Mb L: 12/333 MS: 3 ShuffleBytes-ChangeByte-EraseBytes-
#10295	REDUCE cov: 125 ft: 505 corp: 69/10245b lim: 333 exec/s: 10295 rss: 29Mb L: 96/333 MS: 3 PersAutoDict-EraseBytes-EraseBytes- DE: "\022\000"-
#10316	REDUCE cov: 125 ft: 505 corp: 69/10203b lim: 333 exec/s: 10316 rss: 29Mb L: 215/333 MS: 1 EraseBytes-
#10327	REDUCE cov: 125 ft: 505 corp: 69/10198b lim: 333 exec/s: 10327 rss: 29Mb L: 322/333 MS: 1 EraseBytes-
#11205	REDUCE cov: 126 ft: 507 corp: 70/10324b lim: 341 exec/s: 11205 rss: 29Mb L: 126/333 MS: 3 ChangeByte-ChangeBit-CMP- DE: "stts"-
#11216	REDUCE cov: 126 ft: 507 corp: 70/10304b lim: 341 exec/s: 11216 rss: 29Mb L: 106/333 MS: 1 EraseBytes-
#11412	REDUCE cov: 126 ft: 507 corp: 70/10292b lim: 341 exec/s: 11412 rss: 29Mb L: 20/333 MS: 1 EraseBytes-
#11449	REDUCE cov: 126 ft: 507 corp: 70/10291b lim: 341 exec/s: 11449 rss: 29Mb L: 26/333 MS: 2 ShuffleBytes-EraseBytes-
#11636	REDUCE cov: 126 ft: 507 corp: 70/10282b lim: 341 exec/s: 11636 rss: 29Mb L: 97/333 MS: 2 ChangeByte-EraseBytes-
#11652	REDUCE cov: 126 ft: 508 corp: 71/10323b lim: 341 exec/s: 11652 rss: 29Mb L: 41/333 MS: 1 CopyPart-
#11798	REDUCE cov: 126 ft: 510 corp: 72/10420b lim: 341 exec/s: 11798 rss: 29Mb L: 97/333 MS: 1 ChangeBinInt-
#11930	REDUCE cov: 126 ft: 510 corp: 72/10418b lim: 341 exec/s: 11930 rss: 29Mb L: 27/333 MS: 2 ChangeBit-EraseBytes-
#11954	REDUCE cov: 126 ft: 510 corp: 72/10415b lim: 341 exec/s: 11954 rss: 29Mb L: 190/333 MS: 4 InsertRepeatedBytes-EraseBytes-ChangeBit-PersAutoDict- DE: "N7ISOBMFF4FTYPE"-
#11971	REDUCE cov: 126 ft: 510 corp: 72/10399b lim: 341 exec/s: 11971 rss: 29Mb L: 81/333 MS: 2 CopyPart-EraseBytes-
#12147	NEW    cov: 126 ft: 511 corp: 73/10703b lim: 341 exec/s: 12147 rss: 29Mb L: 304/333 MS: 1 InsertRepeatedBytes-
#12203	REDUCE cov: 126 ft: 511 corp: 73/10701b lim: 341 exec/s: 12203 rss: 29Mb L: 9/333 MS: 1 EraseBytes-
#12204	REDUCE cov: 126 ft: 511 corp: 73/10683b lim: 341 exec/s: 12204 rss: 29Mb L: 23/333 MS: 1 EraseBytes-
#12480	REDUCE cov: 126 ft: 511 corp: 73/10675b lim: 341 exec/s: 12480 rss: 29Mb L: 174/333 MS: 1 EraseBytes-
#13011	REDUCE cov: 126 ft: 511 corp: 73/10672b lim: 341 exec/s: 6505 rss: 29Mb L: 17/333 MS: 1 EraseBytes-
#13147	REDUCE cov: 126 ft: 511 corp: 73/10663b lim: 341 exec/s: 6573 rss: 29Mb L: 125/333 MS: 1 EraseBytes-
#13612	REDUCE cov: 126 ft: 511 corp: 73/10657b lim: 341 exec/s: 6806 rss: 29Mb L: 78/333 MS: 5 ChangeBit-EraseBytes-ChangeASCIIInt-ChangeASCIIInt-PersAutoDict- DE: "\377\007"-
#13623	REDUCE cov: 126 ft: 511 corp: 73/10654b lim: 341 exec/s: 6811 rss: 29Mb L: 16/333 MS: 1 EraseBytes-
#13850	REDUCE cov: 126 ft: 511 corp: 73/10653b lim: 341 exec/s: 6925 rss: 29Mb L: 189/333 MS: 2 CrossOver-EraseBytes-
#14053	REDUCE cov: 126 ft: 511 corp: 73/10645b lim: 341 exec/s: 7026 rss: 29Mb L: 207/333 MS: 3 PersAutoDict-ChangeBit-EraseBytes- DE: "stts"-
#14096	REDUCE cov: 126 ft: 511 corp: 73/10637b lim: 341 exec/s: 7048 rss: 29Mb L: 15/333 MS: 3 ShuffleBytes-InsertByte-EraseBytes-
#14133	REDUCE cov: 126 ft: 517 corp: 74/10976b lim: 341 exec/s: 7066 rss: 29Mb L: 339/339 MS: 2 CopyPart-CopyPart-
#14250	REDUCE cov: 126 ft: 518 corp: 75/11240b lim: 341 exec/s: 7125 rss: 29Mb L: 264/339 MS: 2 ChangeByte-CopyPart-
#15011	REDUCE cov: 126 ft: 518 corp: 75/11236b lim: 341 exec/s: 7505 rss: 29Mb L: 130/339 MS: 1 EraseBytes-
#15158	REDUCE cov: 126 ft: 518 corp: 75/11228b lim: 341 exec/s: 7579 rss: 29Mb L: 294/339 MS: 2 InsertByte-EraseBytes-
#15354	REDUCE cov: 126 ft: 519 corp: 76/11495b lim: 341 exec/s: 7677 rss: 29Mb L: 267/339 MS: 1 InsertRepeatedBytes-
#15655	REDUCE cov: 126 ft: 519 corp: 76/11472b lim: 341 exec/s: 7827 rss: 29Mb L: 301/339 MS: 1 EraseBytes-
#15797	REDUCE cov: 126 ft: 519 corp: 76/11449b lim: 341 exec/s: 7898 rss: 29Mb L: 281/339 MS: 2 ChangeBit-EraseBytes-
#16085	REDUCE cov: 126 ft: 519 corp: 76/11444b lim: 341 exec/s: 8042 rss: 30Mb L: 76/339 MS: 3 ChangeByte-ChangeBit-EraseBytes-
#16384	pulse  cov: 126 ft: 519 corp: 76/11444b lim: 341 exec/s: 8192 rss: 30Mb
#16412	REDUCE cov: 126 ft: 519 corp: 76/11443b lim: 341 exec/s: 8206 rss: 30Mb L: 8/339 MS: 2 PersAutoDict-EraseBytes- DE: "ipro"-
#16419	REDUCE cov: 126 ft: 519 corp: 76/11401b lim: 341 exec/s: 8209 rss: 30Mb L: 83/339 MS: 2 ChangeBinInt-EraseBytes-
#16706	REDUCE cov: 126 ft: 519 corp: 76/11397b lim: 341 exec/s: 8353 rss: 30Mb L: 8/339 MS: 2 ChangeByte-EraseBytes-
#16725	REDUCE cov: 126 ft: 519 corp: 76/11337b lim: 341 exec/s: 8362 rss: 30Mb L: 241/339 MS: 4 ChangeBit-CrossOver-PersAutoDict-EraseBytes- DE: "\001\000\000\000\000\000\000\004"-
#16757	REDUCE cov: 126 ft: 527 corp: 77/11646b lim: 341 exec/s: 8378 rss: 30Mb L: 309/339 MS: 2 ChangeByte-InsertRepeatedBytes-
#16919	REDUCE cov: 126 ft: 527 corp: 77/11604b lim: 341 exec/s: 8459 rss: 30Mb L: 210/339 MS: 2 PersAutoDict-EraseBytes- DE: "\377\377Z[#\215\357>"-
#16969	REDUCE cov: 126 ft: 527 corp: 77/11573b lim: 341 exec/s: 8484 rss: 30Mb L: 81/339 MS: 5 CMP-EraseBytes-ChangeBinInt-PersAutoDict-ChangeBinInt- DE: "\001\013"-"stts"-
#17281	REDUCE cov: 126 ft: 527 corp: 77/11567b lim: 341 exec/s: 8640 rss: 30Mb L: 70/339 MS: 2 InsertByte-EraseBytes-
#17982	NEW    cov: 126 ft: 528 corp: 78/11891b lim: 341 exec/s: 8991 rss: 30Mb L: 324/339 MS: 1 InsertRepeatedBytes-
#18020	REDUCE cov: 126 ft: 528 corp: 78/11889b lim: 341 exec/s: 9010 rss: 30Mb L: 189/339 MS: 3 CopyPart-InsertRepeatedBytes-CrossOver-
#18761	REDUCE cov: 126 ft: 528 corp: 78/11873b lim: 341 exec/s: 9380 rss: 30Mb L: 62/339 MS: 1 EraseBytes-
#18942	REDUCE cov: 126 ft: 528 corp: 78/11860b lim: 341 exec/s: 9471 rss: 30Mb L: 49/339 MS: 1 EraseBytes-
#18987	NEW    cov: 126 ft: 529 corp: 79/12170b lim: 341 exec/s: 9493 rss: 30Mb L: 310/339 MS: 5 PersAutoDict-ChangeBit-ChangeASCIIInt-CMP-InsertRepeatedBytes- DE: "tapt"-"\177\022\010\250\222t\000\000"-
#19112	REDUCE cov: 126 ft: 529 corp: 79/12169b lim: 341 exec/s: 9556 rss: 30Mb L: 49/339 MS: 5 EraseBytes-ShuffleBytes-CMP-CrossOver-EraseBytes- DE: "\000\000\000\000\000\000\0004"-
#19159	REDUCE cov: 126 ft: 529 corp: 79/12145b lim: 341 exec/s: 9579 rss: 30Mb L: 56/339 MS: 2 CopyPart-EraseBytes-
==896660== ERROR: libFuzzer: out-of-memory (used: 1634Mb; limit: 1024Mb)
   To change the out-of-memory limit use -rss_limit_mb=<N>

MS: 3 CMP-ChangeByte-InsertRepeatedBytes- DE: "schm"-; base unit: 5ba7cf5fad55624b8d201d89b1813b3894d4e517
artifact_prefix='/results/crashes/20260313_190825_0758e22b_'; Test unit written to /results/crashes/20260313_190825_0758e22b_oom-58120f7194665f91365e3529d54accfe8d94c130
SUMMARY: libFuzzer: out-of-memory
stat::number_of_executed_units: 19367
stat::average_exec_per_sec:     4841
stat::new_units_added:          197
stat::slowest_unit_time_sec:    0
stat::peak_rss_mb:              1635
