INFO: Running with entropic power schedule (0xFF, 100).
INFO: Seed: 358267389
INFO: Loaded 1 modules   (252 inline 8-bit counters): 252 [0x59c4615a7678, 0x59c4615a7774), 
INFO: Loaded 1 PC tables (252 PCs): 252 [0x59c4615a7778,0x59c4615a8738), 
INFO:        4 files found in /tmp/corpus_20260313_174320_9a2e21ab
INFO: seed corpus: files: 4 min: 48b max: 333b total: 853b rss: 28Mb
#5	INITED cov: 119 ft: 254 corp: 4/853b exec/s: 0 rss: 29Mb
#6	NEW    cov: 119 ft: 262 corp: 5/902b lim: 333 exec/s: 0 rss: 29Mb L: 49/333 MS: 1 InsertByte-
#8	NEW    cov: 119 ft: 266 corp: 6/958b lim: 333 exec/s: 0 rss: 29Mb L: 56/333 MS: 2 ChangeByte-CMP- DE: "~\377\377\377\377\377\377\377"-
#10	NEW    cov: 119 ft: 275 corp: 7/1023b lim: 333 exec/s: 0 rss: 29Mb L: 65/333 MS: 2 InsertByte-PersAutoDict- DE: "~\377\377\377\377\377\377\377"-
#11	REDUCE cov: 119 ft: 275 corp: 7/1002b lim: 333 exec/s: 0 rss: 29Mb L: 35/333 MS: 1 EraseBytes-
#15	NEW    cov: 119 ft: 280 corp: 8/1319b lim: 333 exec/s: 0 rss: 29Mb L: 317/333 MS: 4 PersAutoDict-ShuffleBytes-CrossOver-EraseBytes- DE: "~\377\377\377\377\377\377\377"-
#17	NEW    cov: 119 ft: 281 corp: 9/1417b lim: 333 exec/s: 0 rss: 29Mb L: 98/333 MS: 2 ChangeBinInt-InsertRepeatedBytes-
#20	REDUCE cov: 119 ft: 291 corp: 10/1540b lim: 333 exec/s: 0 rss: 29Mb L: 123/333 MS: 3 CMP-CrossOver-InsertRepeatedBytes- DE: "\002\000\000\000"-
#24	REDUCE cov: 119 ft: 292 corp: 11/1655b lim: 333 exec/s: 0 rss: 29Mb L: 115/333 MS: 4 InsertRepeatedBytes-InsertByte-ChangeASCIIInt-EraseBytes-
#25	NEW    cov: 119 ft: 300 corp: 12/1988b lim: 333 exec/s: 0 rss: 29Mb L: 333/333 MS: 1 ChangeBinInt-
#38	NEW    cov: 119 ft: 306 corp: 13/2111b lim: 333 exec/s: 0 rss: 29Mb L: 123/333 MS: 3 ShuffleBytes-ChangeASCIIInt-CrossOver-
#39	NEW    cov: 119 ft: 307 corp: 14/2408b lim: 333 exec/s: 0 rss: 29Mb L: 297/333 MS: 1 EraseBytes-
#44	NEW    cov: 119 ft: 312 corp: 15/2741b lim: 333 exec/s: 0 rss: 29Mb L: 333/333 MS: 5 CMP-ChangeBit-ShuffleBytes-ChangeByte-CopyPart- DE: "\027\000\000\000\000\000\000\000"-
#47	NEW    cov: 119 ft: 314 corp: 16/3074b lim: 333 exec/s: 0 rss: 29Mb L: 333/333 MS: 3 ShuffleBytes-PersAutoDict-CopyPart- DE: "~\377\377\377\377\377\377\377"-
#50	NEW    cov: 119 ft: 315 corp: 17/3227b lim: 333 exec/s: 0 rss: 29Mb L: 153/333 MS: 3 ChangeBit-InsertByte-CrossOver-
#57	NEW    cov: 119 ft: 316 corp: 18/3452b lim: 333 exec/s: 0 rss: 29Mb L: 225/333 MS: 2 EraseBytes-InsertByte-
#64	NEW    cov: 120 ft: 325 corp: 19/3740b lim: 333 exec/s: 0 rss: 29Mb L: 288/333 MS: 2 ChangeBinInt-InsertRepeatedBytes-
#66	NEW    cov: 120 ft: 326 corp: 20/3887b lim: 333 exec/s: 0 rss: 29Mb L: 147/333 MS: 2 CrossOver-InsertByte-
#67	REDUCE cov: 120 ft: 327 corp: 21/3937b lim: 333 exec/s: 0 rss: 29Mb L: 50/333 MS: 1 CopyPart-
#69	NEW    cov: 120 ft: 328 corp: 22/3972b lim: 333 exec/s: 0 rss: 29Mb L: 35/333 MS: 2 CMP-EraseBytes- DE: "Z\301\353\237\304Y\000\000"-
#71	NEW    cov: 120 ft: 335 corp: 23/4064b lim: 333 exec/s: 0 rss: 29Mb L: 92/333 MS: 2 ChangeBinInt-CrossOver-
#78	NEW    cov: 120 ft: 352 corp: 24/4083b lim: 333 exec/s: 0 rss: 29Mb L: 19/333 MS: 2 InsertByte-EraseBytes-
#79	NEW    cov: 121 ft: 357 corp: 25/4413b lim: 333 exec/s: 0 rss: 29Mb L: 330/333 MS: 1 InsertRepeatedBytes-
#91	NEW    cov: 121 ft: 368 corp: 26/4543b lim: 333 exec/s: 0 rss: 29Mb L: 130/333 MS: 2 ChangeASCIIInt-CrossOver-
#97	REDUCE cov: 121 ft: 368 corp: 26/4542b lim: 333 exec/s: 0 rss: 29Mb L: 49/333 MS: 1 EraseBytes-
#102	NEW    cov: 121 ft: 370 corp: 27/4599b lim: 333 exec/s: 0 rss: 29Mb L: 57/333 MS: 5 ChangeBit-ChangeASCIIInt-PersAutoDict-CMP-EraseBytes- DE: "~\377\377\377\377\377\377\377"-"\000 "-
#109	NEW    cov: 121 ft: 371 corp: 28/4847b lim: 333 exec/s: 0 rss: 29Mb L: 248/333 MS: 2 CrossOver-InsertRepeatedBytes-
#115	NEW    cov: 121 ft: 373 corp: 29/5067b lim: 333 exec/s: 0 rss: 29Mb L: 220/333 MS: 1 CrossOver-
#126	NEW    cov: 121 ft: 374 corp: 30/5397b lim: 333 exec/s: 0 rss: 29Mb L: 330/333 MS: 1 ChangeByte-
#134	NEW    cov: 121 ft: 375 corp: 31/5446b lim: 333 exec/s: 0 rss: 29Mb L: 49/333 MS: 3 EraseBytes-ShuffleBytes-InsertByte-
#138	NEW    cov: 121 ft: 376 corp: 32/5670b lim: 333 exec/s: 0 rss: 29Mb L: 224/333 MS: 4 ChangeBit-ChangeBit-ChangeASCIIInt-EraseBytes-
#154	NEW    cov: 121 ft: 377 corp: 33/5726b lim: 333 exec/s: 0 rss: 29Mb L: 56/333 MS: 1 CMP- DE: "x1\000P1t\000\000"-
#170	NEW    cov: 121 ft: 378 corp: 34/5819b lim: 333 exec/s: 0 rss: 29Mb L: 93/333 MS: 1 InsertByte-
#176	NEW    cov: 122 ft: 379 corp: 35/6104b lim: 333 exec/s: 0 rss: 29Mb L: 285/333 MS: 1 CrossOver-
#178	NEW    cov: 122 ft: 390 corp: 36/6131b lim: 333 exec/s: 0 rss: 29Mb L: 27/333 MS: 2 CopyPart-PersAutoDict- DE: "\027\000\000\000\000\000\000\000"-
#187	NEW    cov: 122 ft: 391 corp: 37/6242b lim: 333 exec/s: 0 rss: 29Mb L: 111/333 MS: 4 EraseBytes-ChangeBinInt-InsertRepeatedBytes-EraseBytes-
#191	NEW    cov: 122 ft: 392 corp: 38/6308b lim: 333 exec/s: 0 rss: 29Mb L: 66/333 MS: 4 ChangeBit-EraseBytes-PersAutoDict-CrossOver- DE: "x1\000P1t\000\000"-
#203	NEW    cov: 122 ft: 400 corp: 39/6581b lim: 333 exec/s: 0 rss: 29Mb L: 273/333 MS: 2 ChangeASCIIInt-InsertRepeatedBytes-
#209	NEW    cov: 122 ft: 401 corp: 40/6872b lim: 333 exec/s: 0 rss: 29Mb L: 291/333 MS: 1 EraseBytes-
#239	NEW    cov: 122 ft: 431 corp: 41/6991b lim: 333 exec/s: 0 rss: 29Mb L: 119/333 MS: 5 InsertByte-ShuffleBytes-ChangeByte-EraseBytes-ChangeByte-
#240	NEW    cov: 122 ft: 433 corp: 42/7114b lim: 333 exec/s: 0 rss: 29Mb L: 123/333 MS: 1 CopyPart-
#242	NEW    cov: 122 ft: 434 corp: 43/7370b lim: 333 exec/s: 0 rss: 29Mb L: 256/333 MS: 2 CrossOver-PersAutoDict- DE: "\002\000\000\000"-
#248	REDUCE cov: 122 ft: 434 corp: 43/7363b lim: 333 exec/s: 0 rss: 29Mb L: 86/333 MS: 1 EraseBytes-
#265	REDUCE cov: 122 ft: 434 corp: 43/7361b lim: 333 exec/s: 0 rss: 29Mb L: 84/333 MS: 2 ChangeBinInt-EraseBytes-
#276	NEW    cov: 123 ft: 435 corp: 44/7663b lim: 333 exec/s: 0 rss: 29Mb L: 302/333 MS: 1 CopyPart-
#327	REDUCE cov: 123 ft: 435 corp: 44/7619b lim: 333 exec/s: 0 rss: 29Mb L: 79/333 MS: 1 EraseBytes-
#333	NEW    cov: 123 ft: 441 corp: 45/7929b lim: 333 exec/s: 0 rss: 29Mb L: 310/333 MS: 1 CrossOver-
#368	NEW    cov: 123 ft: 442 corp: 46/8251b lim: 333 exec/s: 0 rss: 29Mb L: 322/333 MS: 5 ChangeByte-ChangeBit-InsertRepeatedBytes-InsertRepeatedBytes-PersAutoDict- DE: "~\377\377\377\377\377\377\377"-
#415	NEW    cov: 123 ft: 445 corp: 47/8582b lim: 333 exec/s: 0 rss: 575Mb L: 331/333 MS: 2 InsertRepeatedBytes-PersAutoDict- DE: "\002\000\000\000"-
#452	NEW    cov: 123 ft: 446 corp: 48/8719b lim: 333 exec/s: 0 rss: 575Mb L: 137/333 MS: 2 ChangeByte-CrossOver-
#551	NEW    cov: 123 ft: 448 corp: 49/8881b lim: 333 exec/s: 0 rss: 575Mb L: 162/333 MS: 4 EraseBytes-ChangeBit-InsertRepeatedBytes-EraseBytes-
#561	NEW    cov: 123 ft: 449 corp: 50/9176b lim: 333 exec/s: 0 rss: 575Mb L: 295/333 MS: 5 CMP-ChangeBit-ShuffleBytes-CMP-CrossOver- DE: "\037\000\000\000"-"\377\377\377\377\377\377\377\003"-
#615	NEW    cov: 123 ft: 452 corp: 51/9337b lim: 333 exec/s: 0 rss: 575Mb L: 161/333 MS: 4 CrossOver-InsertByte-ChangeASCIIInt-InsertRepeatedBytes-
#622	REDUCE cov: 123 ft: 452 corp: 51/9327b lim: 333 exec/s: 0 rss: 575Mb L: 109/333 MS: 2 PersAutoDict-EraseBytes- DE: "\002\000\000\000"-
#766	REDUCE cov: 123 ft: 452 corp: 51/9302b lim: 333 exec/s: 0 rss: 575Mb L: 308/333 MS: 4 CrossOver-CopyPart-ChangeByte-EraseBytes-
#882	NEW    cov: 123 ft: 458 corp: 52/9591b lim: 333 exec/s: 0 rss: 575Mb L: 289/333 MS: 1 PersAutoDict- DE: "\002\000\000\000"-
#907	NEW    cov: 123 ft: 461 corp: 53/9620b lim: 333 exec/s: 453 rss: 575Mb L: 29/333 MS: 5 ChangeBinInt-ChangeBit-InsertByte-CrossOver-EraseBytes-
#1002	REDUCE cov: 123 ft: 461 corp: 53/9564b lim: 333 exec/s: 501 rss: 575Mb L: 229/333 MS: 5 EraseBytes-ChangeBinInt-ChangeByte-ChangeByte-PersAutoDict- DE: "\037\000\000\000"-
#1024	pulse  cov: 123 ft: 461 corp: 53/9564b lim: 333 exec/s: 512 rss: 575Mb
#1068	NEW    cov: 123 ft: 469 corp: 54/9620b lim: 333 exec/s: 534 rss: 575Mb L: 56/333 MS: 1 ChangeBit-
#1174	NEW    cov: 124 ft: 470 corp: 55/9625b lim: 333 exec/s: 391 rss: 575Mb L: 5/333 MS: 1 CrossOver-
#1180	NEW    cov: 124 ft: 479 corp: 56/9638b lim: 333 exec/s: 393 rss: 575Mb L: 13/333 MS: 1 PersAutoDict- DE: "x1\000P1t\000\000"-
#1581	REDUCE cov: 124 ft: 479 corp: 56/9636b lim: 333 exec/s: 527 rss: 575Mb L: 11/333 MS: 1 EraseBytes-
#1628	REDUCE cov: 124 ft: 497 corp: 57/9796b lim: 333 exec/s: 542 rss: 575Mb L: 160/333 MS: 2 InsertRepeatedBytes-CMP- DE: "pixi"-
#1681	REDUCE cov: 124 ft: 497 corp: 57/9792b lim: 333 exec/s: 560 rss: 575Mb L: 105/333 MS: 3 CrossOver-EraseBytes-InsertByte-
#1689	REDUCE cov: 124 ft: 497 corp: 57/9789b lim: 333 exec/s: 563 rss: 575Mb L: 32/333 MS: 3 InsertByte-CMP-EraseBytes- DE: "\000\006"-
#1701	REDUCE cov: 124 ft: 497 corp: 57/9767b lim: 333 exec/s: 567 rss: 575Mb L: 286/333 MS: 2 ChangeASCIIInt-EraseBytes-
#1808	REDUCE cov: 124 ft: 498 corp: 58/9778b lim: 333 exec/s: 602 rss: 575Mb L: 11/333 MS: 2 ChangeBinInt-ShuffleBytes-
#1925	REDUCE cov: 124 ft: 498 corp: 58/9777b lim: 333 exec/s: 385 rss: 575Mb L: 18/333 MS: 2 CopyPart-EraseBytes-
#1932	NEW    cov: 124 ft: 499 corp: 59/10108b lim: 333 exec/s: 322 rss: 575Mb L: 331/333 MS: 2 ShuffleBytes-ShuffleBytes-
#1974	NEW    cov: 124 ft: 502 corp: 60/10375b lim: 333 exec/s: 329 rss: 575Mb L: 267/333 MS: 2 ChangeBinInt-EraseBytes-
#1985	REDUCE cov: 124 ft: 502 corp: 60/10373b lim: 333 exec/s: 330 rss: 575Mb L: 9/333 MS: 1 EraseBytes-
#2000	REDUCE cov: 124 ft: 502 corp: 60/10366b lim: 333 exec/s: 333 rss: 575Mb L: 288/333 MS: 5 ChangeBinInt-InsertRepeatedBytes-ChangeBinInt-ChangeBinInt-EraseBytes-
#2048	pulse  cov: 124 ft: 502 corp: 60/10366b lim: 333 exec/s: 341 rss: 575Mb
#2078	NEW    cov: 124 ft: 503 corp: 61/10602b lim: 333 exec/s: 346 rss: 575Mb L: 236/333 MS: 3 ChangeBinInt-CopyPart-EraseBytes-
#2157	REDUCE cov: 124 ft: 503 corp: 61/10590b lim: 333 exec/s: 359 rss: 575Mb L: 255/333 MS: 4 ChangeByte-ChangeBit-ChangeByte-EraseBytes-
#2199	REDUCE cov: 124 ft: 503 corp: 61/10523b lim: 333 exec/s: 366 rss: 575Mb L: 188/333 MS: 2 CMP-EraseBytes- DE: "St13runtime_"-
#2299	NEW    cov: 124 ft: 504 corp: 62/10694b lim: 333 exec/s: 383 rss: 575Mb L: 171/333 MS: 5 CopyPart-ShuffleBytes-ChangeBit-ChangeByte-EraseBytes-
#2487	REDUCE cov: 124 ft: 504 corp: 62/10690b lim: 333 exec/s: 310 rss: 575Mb L: 52/333 MS: 3 EraseBytes-ChangeBit-InsertByte-
#2557	REDUCE cov: 124 ft: 504 corp: 62/10685b lim: 333 exec/s: 319 rss: 575Mb L: 106/333 MS: 5 ShuffleBytes-ChangeByte-EraseBytes-EraseBytes-InsertRepeatedBytes-
#2662	NEW    cov: 124 ft: 505 corp: 63/10965b lim: 333 exec/s: 332 rss: 575Mb L: 280/333 MS: 5 CopyPart-CopyPart-ChangeByte-CopyPart-PersAutoDict- DE: "\002\000\000\000"-
#2674	REDUCE cov: 124 ft: 505 corp: 63/10861b lim: 333 exec/s: 334 rss: 575Mb L: 176/333 MS: 2 ChangeBit-EraseBytes-
#2712	REDUCE cov: 124 ft: 505 corp: 63/10853b lim: 333 exec/s: 339 rss: 575Mb L: 27/333 MS: 3 CopyPart-ChangeBit-EraseBytes-
#2809	REDUCE cov: 124 ft: 505 corp: 63/10814b lim: 333 exec/s: 351 rss: 575Mb L: 66/333 MS: 2 CopyPart-EraseBytes-
#2844	NEW    cov: 124 ft: 506 corp: 64/11085b lim: 333 exec/s: 355 rss: 575Mb L: 271/333 MS: 5 CMP-CrossOver-ChangeBinInt-InsertRepeatedBytes-InsertRepeatedBytes- DE: "hvcC"-
#2921	REDUCE cov: 124 ft: 506 corp: 64/11081b lim: 333 exec/s: 365 rss: 575Mb L: 28/333 MS: 2 InsertByte-EraseBytes-
#2979	REDUCE cov: 124 ft: 506 corp: 64/11078b lim: 333 exec/s: 372 rss: 575Mb L: 24/333 MS: 3 ChangeBinInt-ChangeBit-EraseBytes-
#3000	REDUCE cov: 124 ft: 506 corp: 64/11018b lim: 333 exec/s: 375 rss: 575Mb L: 128/333 MS: 1 EraseBytes-
#3052	REDUCE cov: 124 ft: 506 corp: 64/11016b lim: 333 exec/s: 381 rss: 575Mb L: 3/333 MS: 2 ChangeByte-EraseBytes-
#3153	REDUCE cov: 124 ft: 506 corp: 64/10983b lim: 333 exec/s: 394 rss: 575Mb L: 95/333 MS: 1 EraseBytes-
#3174	REDUCE cov: 124 ft: 506 corp: 64/10963b lim: 333 exec/s: 396 rss: 575Mb L: 204/333 MS: 1 EraseBytes-
#3204	REDUCE cov: 124 ft: 506 corp: 64/10951b lim: 333 exec/s: 400 rss: 575Mb L: 135/333 MS: 5 PersAutoDict-ShuffleBytes-EraseBytes-InsertByte-InsertRepeatedBytes- DE: "hvcC"-
#3217	NEW    cov: 124 ft: 507 corp: 65/11052b lim: 333 exec/s: 402 rss: 575Mb L: 101/333 MS: 3 InsertRepeatedBytes-ChangeBit-EraseBytes-
#3222	NEW    cov: 124 ft: 513 corp: 66/11365b lim: 333 exec/s: 402 rss: 575Mb L: 313/333 MS: 5 InsertRepeatedBytes-EraseBytes-CMP-CopyPart-InsertRepeatedBytes- DE: "\357\275\002P1t\000\000"-
#3240	REDUCE cov: 124 ft: 513 corp: 66/11350b lim: 333 exec/s: 405 rss: 575Mb L: 51/333 MS: 3 ChangeByte-CrossOver-EraseBytes-
#3295	REDUCE cov: 124 ft: 513 corp: 66/11347b lim: 333 exec/s: 329 rss: 575Mb L: 21/333 MS: 5 CMP-CopyPart-PersAutoDict-InsertByte-EraseBytes- DE: "\036\000\000\000"-"\002\000\000\000"-
==638828== ERROR: libFuzzer: out-of-memory (used: 1036Mb; limit: 1024Mb)
   To change the out-of-memory limit use -rss_limit_mb=<N>

MS: 4 ChangeByte-ShuffleBytes-ChangeBit-CrossOver-; base unit: 350e3d04803c93b670eb87d2edd4207ed60a567b
artifact_prefix='/results/crashes/20260313_174320_9a2e21ab_'; Test unit written to /results/crashes/20260313_174320_9a2e21ab_oom-e10ec6b0cbfb09459b643ad2cbc8050f940764c0
SUMMARY: libFuzzer: out-of-memory
stat::number_of_executed_units: 3319
stat::average_exec_per_sec:     276
stat::new_units_added:          93
stat::slowest_unit_time_sec:    0
stat::peak_rss_mb:              1036
