INFO: Running with entropic power schedule (0xFF, 100).
INFO: Seed: 1227809694
INFO: Loaded 1 modules   (252 inline 8-bit counters): 252 [0x5fa3146fe678, 0x5fa3146fe774), 
INFO: Loaded 1 PC tables (252 PCs): 252 [0x5fa3146fe778,0x5fa3146ff738), 
INFO:        4 files found in /tmp/corpus_20260313_150836_604775ee
INFO: seed corpus: files: 4 min: 48b max: 333b total: 853b rss: 28Mb
#5	INITED cov: 117 ft: 250 corp: 4/853b exec/s: 0 rss: 29Mb
#6	NEW    cov: 118 ft: 256 corp: 5/901b lim: 333 exec/s: 0 rss: 29Mb L: 48/333 MS: 1 CMP- DE: "\001\000\000\000\000\000\0018"-
#7	NEW    cov: 118 ft: 277 corp: 6/988b lim: 333 exec/s: 0 rss: 29Mb L: 87/333 MS: 1 CopyPart-
#16	NEW    cov: 118 ft: 283 corp: 7/1302b lim: 333 exec/s: 0 rss: 29Mb L: 314/333 MS: 4 ChangeBinInt-ChangeBinInt-CMP-InsertRepeatedBytes- DE: "GCM\024\243_\000\000"-
#18	NEW    cov: 118 ft: 284 corp: 8/1389b lim: 333 exec/s: 0 rss: 29Mb L: 87/333 MS: 2 ChangeBinInt-PersAutoDict- DE: "\001\000\000\000\000\000\0018"-
#19	NEW    cov: 118 ft: 288 corp: 9/1437b lim: 333 exec/s: 0 rss: 29Mb L: 48/333 MS: 1 ChangeByte-
#24	NEW    cov: 118 ft: 298 corp: 10/1487b lim: 333 exec/s: 0 rss: 29Mb L: 50/333 MS: 5 ChangeByte-CrossOver-CopyPart-CrossOver-ChangeBit-
#25	NEW    cov: 118 ft: 299 corp: 11/1629b lim: 333 exec/s: 0 rss: 29Mb L: 142/333 MS: 1 InsertRepeatedBytes-
#27	NEW    cov: 118 ft: 336 corp: 12/1708b lim: 333 exec/s: 0 rss: 29Mb L: 79/333 MS: 2 ShuffleBytes-EraseBytes-
#28	NEW    cov: 118 ft: 337 corp: 13/1794b lim: 333 exec/s: 0 rss: 29Mb L: 86/333 MS: 1 EraseBytes-
#33	NEW    cov: 118 ft: 338 corp: 14/2043b lim: 333 exec/s: 0 rss: 29Mb L: 249/333 MS: 5 ChangeBit-ChangeByte-ShuffleBytes-CopyPart-EraseBytes-
#34	NEW    cov: 118 ft: 339 corp: 15/2233b lim: 333 exec/s: 0 rss: 29Mb L: 190/333 MS: 1 CrossOver-
#35	NEW    cov: 118 ft: 340 corp: 16/2281b lim: 333 exec/s: 0 rss: 29Mb L: 48/333 MS: 1 ChangeBinInt-
#36	NEW    cov: 118 ft: 341 corp: 17/2330b lim: 333 exec/s: 0 rss: 29Mb L: 49/333 MS: 1 InsertByte-
#47	NEW    cov: 118 ft: 346 corp: 18/2579b lim: 333 exec/s: 0 rss: 29Mb L: 249/333 MS: 1 ChangeByte-
#53	NEW    cov: 118 ft: 352 corp: 19/2659b lim: 333 exec/s: 0 rss: 29Mb L: 80/333 MS: 1 InsertByte-
#59	NEW    cov: 118 ft: 353 corp: 20/2707b lim: 333 exec/s: 0 rss: 29Mb L: 48/333 MS: 1 ShuffleBytes-
#64	NEW    cov: 118 ft: 354 corp: 21/2764b lim: 333 exec/s: 0 rss: 29Mb L: 57/333 MS: 5 ChangeBit-InsertByte-ChangeBit-CrossOver-PersAutoDict- DE: "\001\000\000\000\000\000\0018"-
#65	NEW    cov: 119 ft: 356 corp: 22/3078b lim: 333 exec/s: 0 rss: 29Mb L: 314/333 MS: 1 InsertRepeatedBytes-
#66	REDUCE cov: 119 ft: 356 corp: 22/3076b lim: 333 exec/s: 0 rss: 29Mb L: 46/333 MS: 1 EraseBytes-
#74	NEW    cov: 119 ft: 357 corp: 23/3367b lim: 333 exec/s: 0 rss: 29Mb L: 291/333 MS: 3 CopyPart-PersAutoDict-EraseBytes- DE: "\001\000\000\000\000\000\0018"-
#81	NEW    cov: 119 ft: 362 corp: 24/3620b lim: 333 exec/s: 0 rss: 29Mb L: 253/333 MS: 2 CMP-CMP- DE: "\377\377\377\036"-"\377\377{\355t\000X0"-
#94	NEW    cov: 119 ft: 363 corp: 25/3775b lim: 333 exec/s: 0 rss: 29Mb L: 155/333 MS: 3 CopyPart-ChangeByte-InsertRepeatedBytes-
#96	NEW    cov: 119 ft: 364 corp: 26/3886b lim: 333 exec/s: 0 rss: 29Mb L: 111/333 MS: 2 ChangeByte-CrossOver-
#97	NEW    cov: 119 ft: 381 corp: 27/3917b lim: 333 exec/s: 0 rss: 29Mb L: 31/333 MS: 1 EraseBytes-
#99	REDUCE cov: 119 ft: 381 corp: 27/3909b lim: 333 exec/s: 0 rss: 29Mb L: 42/333 MS: 2 InsertByte-EraseBytes-
#100	NEW    cov: 119 ft: 383 corp: 28/4068b lim: 333 exec/s: 0 rss: 29Mb L: 159/333 MS: 1 CopyPart-
#103	NEW    cov: 119 ft: 384 corp: 29/4281b lim: 333 exec/s: 0 rss: 29Mb L: 213/333 MS: 3 CopyPart-ChangeASCIIInt-EraseBytes-
#108	NEW    cov: 119 ft: 390 corp: 30/4594b lim: 333 exec/s: 0 rss: 29Mb L: 313/333 MS: 5 CMP-ShuffleBytes-CMP-PersAutoDict-CrossOver- DE: "dsit"-"moof"-"\377\377{\355t\000X0"-
#110	NEW    cov: 119 ft: 392 corp: 31/4625b lim: 333 exec/s: 0 rss: 29Mb L: 31/333 MS: 2 ChangeASCIIInt-PersAutoDict- DE: "moof"-
#112	NEW    cov: 120 ft: 393 corp: 32/4924b lim: 333 exec/s: 0 rss: 29Mb L: 299/333 MS: 2 ChangeBinInt-CrossOver-
#113	NEW    cov: 121 ft: 394 corp: 33/5121b lim: 333 exec/s: 0 rss: 29Mb L: 197/333 MS: 1 EraseBytes-
#122	NEW    cov: 121 ft: 395 corp: 34/5381b lim: 333 exec/s: 0 rss: 29Mb L: 260/333 MS: 4 ShuffleBytes-PersAutoDict-CMP-CopyPart- DE: "\377\377{\355t\000X0"-"\000\000_\243\024L\206c"-
#125	NEW    cov: 121 ft: 396 corp: 35/5658b lim: 333 exec/s: 0 rss: 29Mb L: 277/333 MS: 3 InsertByte-CopyPart-InsertRepeatedBytes-
#126	NEW    cov: 121 ft: 397 corp: 36/5777b lim: 333 exec/s: 0 rss: 29Mb L: 119/333 MS: 1 CMP- DE: "\377\377{\355t\000\343\372"-
#132	NEW    cov: 121 ft: 398 corp: 37/5974b lim: 333 exec/s: 0 rss: 29Mb L: 197/333 MS: 1 ChangeBinInt-
#138	REDUCE cov: 121 ft: 398 corp: 37/5966b lim: 333 exec/s: 0 rss: 29Mb L: 71/333 MS: 1 EraseBytes-
#140	NEW    cov: 121 ft: 399 corp: 38/6086b lim: 333 exec/s: 0 rss: 29Mb L: 120/333 MS: 2 EraseBytes-InsertRepeatedBytes-
#161	NEW    cov: 121 ft: 402 corp: 39/6411b lim: 333 exec/s: 0 rss: 29Mb L: 325/333 MS: 1 CrossOver-
#171	NEW    cov: 121 ft: 403 corp: 40/6650b lim: 333 exec/s: 0 rss: 29Mb L: 239/333 MS: 5 ChangeBit-InsertRepeatedBytes-PersAutoDict-ChangeBit-CopyPart- DE: "GCM\024\243_\000\000"-
#196	REDUCE cov: 121 ft: 404 corp: 41/6722b lim: 333 exec/s: 0 rss: 29Mb L: 72/333 MS: 5 EraseBytes-PersAutoDict-CopyPart-ShuffleBytes-CrossOver- DE: "\000\000_\243\024L\206c"-
#229	REDUCE cov: 121 ft: 404 corp: 41/6689b lim: 333 exec/s: 0 rss: 29Mb L: 54/333 MS: 3 CopyPart-ChangeASCIIInt-EraseBytes-
#245	NEW    cov: 121 ft: 427 corp: 42/6711b lim: 333 exec/s: 0 rss: 29Mb L: 22/333 MS: 1 CrossOver-
#258	REDUCE cov: 121 ft: 427 corp: 42/6695b lim: 333 exec/s: 0 rss: 29Mb L: 283/333 MS: 3 ChangeASCIIInt-EraseBytes-InsertRepeatedBytes-
#291	NEW    cov: 121 ft: 428 corp: 43/6902b lim: 333 exec/s: 0 rss: 29Mb L: 207/333 MS: 3 ChangeBit-ChangeBit-CrossOver-
#302	NEW    cov: 121 ft: 440 corp: 44/6913b lim: 333 exec/s: 0 rss: 29Mb L: 11/333 MS: 1 CrossOver-
#354	NEW    cov: 121 ft: 444 corp: 45/7238b lim: 333 exec/s: 0 rss: 29Mb L: 325/333 MS: 2 CMP-CrossOver- DE: "N7ISOBMFF3BoxE"-
#395	NEW    cov: 121 ft: 453 corp: 46/7262b lim: 333 exec/s: 0 rss: 29Mb L: 24/333 MS: 1 CopyPart-
#436	NEW    cov: 121 ft: 456 corp: 47/7592b lim: 333 exec/s: 0 rss: 29Mb L: 330/333 MS: 1 CopyPart-
#455	NEW    cov: 121 ft: 458 corp: 48/7836b lim: 333 exec/s: 0 rss: 141Mb L: 244/333 MS: 4 PersAutoDict-ChangeBinInt-CMP-EraseBytes- DE: "moof"-"\007\000\000\000"-
#484	REDUCE cov: 121 ft: 458 corp: 48/7816b lim: 333 exec/s: 0 rss: 141Mb L: 37/333 MS: 4 InsertRepeatedBytes-ShuffleBytes-ChangeByte-EraseBytes-
#606	REDUCE cov: 121 ft: 458 corp: 48/7811b lim: 333 exec/s: 0 rss: 141Mb L: 67/333 MS: 2 ChangeBinInt-EraseBytes-
#788	REDUCE cov: 121 ft: 458 corp: 48/7800b lim: 333 exec/s: 0 rss: 141Mb L: 314/333 MS: 2 ChangeByte-CrossOver-
#807	REDUCE cov: 121 ft: 458 corp: 48/7738b lim: 333 exec/s: 0 rss: 141Mb L: 135/333 MS: 4 PersAutoDict-ShuffleBytes-ShuffleBytes-EraseBytes- DE: "\000\000_\243\024L\206c"-
#831	REDUCE cov: 121 ft: 458 corp: 48/7730b lim: 333 exec/s: 0 rss: 141Mb L: 40/333 MS: 4 ChangeBinInt-ShuffleBytes-EraseBytes-PersAutoDict- DE: "GCM\024\243_\000\000"-
#897	REDUCE cov: 121 ft: 458 corp: 48/7720b lim: 333 exec/s: 0 rss: 141Mb L: 38/333 MS: 1 CrossOver-
#944	REDUCE cov: 122 ft: 459 corp: 49/7724b lim: 333 exec/s: 0 rss: 141Mb L: 4/333 MS: 2 PersAutoDict-CrossOver- DE: "N7ISOBMFF3BoxE"-
#999	REDUCE cov: 122 ft: 459 corp: 49/7709b lim: 333 exec/s: 0 rss: 141Mb L: 27/333 MS: 5 InsertByte-PersAutoDict-EraseBytes-ShuffleBytes-EraseBytes- DE: "GCM\024\243_\000\000"-
#1026	REDUCE cov: 122 ft: 459 corp: 49/7661b lim: 333 exec/s: 0 rss: 141Mb L: 266/333 MS: 2 ChangeBit-EraseBytes-
#1073	REDUCE cov: 122 ft: 459 corp: 49/7656b lim: 333 exec/s: 0 rss: 141Mb L: 82/333 MS: 2 EraseBytes-CopyPart-
#1076	REDUCE cov: 122 ft: 459 corp: 49/7589b lim: 333 exec/s: 0 rss: 141Mb L: 224/333 MS: 3 CrossOver-ShuffleBytes-EraseBytes-
#1117	REDUCE cov: 122 ft: 459 corp: 49/7582b lim: 333 exec/s: 0 rss: 141Mb L: 104/333 MS: 1 EraseBytes-
#1187	REDUCE cov: 122 ft: 459 corp: 49/7578b lim: 333 exec/s: 0 rss: 141Mb L: 67/333 MS: 5 ChangeBit-PersAutoDict-PersAutoDict-ChangeASCIIInt-CrossOver- DE: "\000\000_\243\024L\206c"-"\377\377{\355t\000\343\372"-
#1255	REDUCE cov: 122 ft: 459 corp: 49/7424b lim: 333 exec/s: 0 rss: 141Mb L: 95/333 MS: 3 ChangeBit-CrossOver-CrossOver-
#1326	REDUCE cov: 122 ft: 459 corp: 49/7409b lim: 333 exec/s: 0 rss: 141Mb L: 299/333 MS: 1 EraseBytes-
#1395	NEW    cov: 122 ft: 460 corp: 50/7616b lim: 333 exec/s: 0 rss: 141Mb L: 207/333 MS: 4 InsertByte-InsertByte-CMP-ChangeBinInt- DE: "\000\000\000\001\000\000\000\001"-
#1429	REDUCE cov: 122 ft: 460 corp: 50/7615b lim: 333 exec/s: 0 rss: 141Mb L: 3/333 MS: 4 ChangeBit-ChangeByte-CopyPart-EraseBytes-
#1486	REDUCE cov: 122 ft: 460 corp: 50/7595b lim: 333 exec/s: 0 rss: 141Mb L: 229/333 MS: 2 CopyPart-EraseBytes-
#1500	NEW    cov: 122 ft: 461 corp: 51/7842b lim: 333 exec/s: 0 rss: 141Mb L: 247/333 MS: 4 ChangeBinInt-ChangeBinInt-InsertRepeatedBytes-ChangeBit-
#1692	REDUCE cov: 122 ft: 461 corp: 51/7838b lim: 333 exec/s: 0 rss: 141Mb L: 321/333 MS: 2 InsertRepeatedBytes-EraseBytes-
#1761	REDUCE cov: 122 ft: 461 corp: 51/7830b lim: 333 exec/s: 0 rss: 141Mb L: 87/333 MS: 4 ChangeBit-EraseBytes-PersAutoDict-CopyPart- DE: "dsit"-
#1785	REDUCE cov: 122 ft: 461 corp: 51/7828b lim: 333 exec/s: 1785 rss: 141Mb L: 311/333 MS: 4 InsertByte-PersAutoDict-CMP-EraseBytes- DE: "\000\000\000\001\000\000\000\001"-"iinf"-
#1868	REDUCE cov: 122 ft: 461 corp: 51/7827b lim: 333 exec/s: 1868 rss: 141Mb L: 2/333 MS: 3 ShuffleBytes-ChangeBit-EraseBytes-
#1869	REDUCE cov: 122 ft: 461 corp: 51/7825b lim: 333 exec/s: 1869 rss: 141Mb L: 9/333 MS: 1 EraseBytes-
#1880	REDUCE cov: 122 ft: 462 corp: 52/8117b lim: 333 exec/s: 1880 rss: 141Mb L: 292/333 MS: 1 CopyPart-
#1983	REDUCE cov: 122 ft: 462 corp: 52/8113b lim: 333 exec/s: 1983 rss: 141Mb L: 34/333 MS: 3 PersAutoDict-ChangeBit-EraseBytes- DE: "\000\000\000\001\000\000\000\001"-
#2045	REDUCE cov: 122 ft: 462 corp: 52/8111b lim: 333 exec/s: 2045 rss: 141Mb L: 117/333 MS: 2 PersAutoDict-EraseBytes- DE: "iinf"-
#2101	REDUCE cov: 122 ft: 462 corp: 52/8066b lim: 333 exec/s: 2101 rss: 141Mb L: 162/333 MS: 1 EraseBytes-
#2210	NEW    cov: 122 ft: 463 corp: 53/8371b lim: 333 exec/s: 2210 rss: 141Mb L: 305/333 MS: 4 ChangeBinInt-ChangeByte-InsertRepeatedBytes-InsertRepeatedBytes-
#2356	NEW    cov: 122 ft: 464 corp: 54/8385b lim: 333 exec/s: 2356 rss: 141Mb L: 14/333 MS: 1 CrossOver-
#2366	NEW    cov: 122 ft: 465 corp: 55/8393b lim: 333 exec/s: 2366 rss: 141Mb L: 8/333 MS: 5 ChangeBit-EraseBytes-EraseBytes-EraseBytes-EraseBytes-
#2383	NEW    cov: 122 ft: 471 corp: 56/8716b lim: 333 exec/s: 2383 rss: 141Mb L: 323/333 MS: 2 ChangeBit-InsertRepeatedBytes-
#2420	REDUCE cov: 122 ft: 471 corp: 56/8715b lim: 333 exec/s: 2420 rss: 141Mb L: 21/333 MS: 2 ChangeByte-EraseBytes-
#2521	NEW    cov: 122 ft: 481 corp: 57/9039b lim: 333 exec/s: 2521 rss: 141Mb L: 324/333 MS: 1 CopyPart-
#2639	REDUCE cov: 122 ft: 481 corp: 57/9037b lim: 333 exec/s: 2639 rss: 141Mb L: 19/333 MS: 3 CMP-ChangeBit-EraseBytes- DE: "\001\000\000 "-
==142543== ERROR: libFuzzer: out-of-memory (used: 1245Mb; limit: 1024Mb)
   To change the out-of-memory limit use -rss_limit_mb=<N>

MS: 3 ChangeBit-ChangeBit-InsertRepeatedBytes-; base unit: 3f6dda473c0c47365aae8b8734c90827ef73be76
artifact_prefix='/results/crashes/20260313_150836_604775ee_'; Test unit written to /results/crashes/20260313_150836_604775ee_oom-6adbcc8b7bafc75ec1e8e6c2fc87d8246d27c0a9
SUMMARY: libFuzzer: out-of-memory
stat::number_of_executed_units: 2662
stat::average_exec_per_sec:     1331
stat::new_units_added:          84
stat::slowest_unit_time_sec:    0
stat::peak_rss_mb:              1246
