INFO: Running with entropic power schedule (0xFF, 100).
INFO: Seed: 2528155878
INFO: Loaded 1 modules   (197 inline 8-bit counters): 197 [0x5b8670ed6bb8, 0x5b8670ed6c7d), 
INFO: Loaded 1 PC tables (197 PCs): 197 [0x5b8670ed6c80,0x5b8670ed78d0), 
INFO:       13 files found in /fuzzer/corpus
INFO: seed corpus: files: 13 min: 2b max: 124b total: 701b rss: 33Mb
#14	INITED cov: 81 ft: 142 corp: 6/290b exec/s: 0 rss: 36Mb
#15	NEW    cov: 81 ft: 143 corp: 7/292b lim: 124 exec/s: 0 rss: 36Mb L: 2/124 MS: 1 ChangeBinInt-
==18== ERROR: libFuzzer: out-of-memory (used: 1130Mb; limit: 512Mb)
   To change the out-of-memory limit use -rss_limit_mb=<N>

Live Heap Allocations: 2061699264 bytes in 289 chunks; quarantined: 589060 bytes in 2404 chunks; 6811 other chunks; total chunks: 9504; showing top 95% (at most 8 unique contexts)
2037410155 byte(s) (98%) in 1 allocation(s)
    #0 0x5b8670d30cbd in operator new(unsigned long) (/fuzzer/fuzz_isobmff+0x28bcbd) (BuildId: fec8d58ecb896053)
    #1 0x5b8670d37f91 in std::_Vector_base<unsigned char, std::allocator<unsigned char>>::_M_allocate(unsigned long) /usr/bin/../lib/gcc/x86_64-linux-gnu/12/../../../../include/c++/12/bits/stl_vector.h:378:20
    #2 0x5b8670d37f91 in std::_Vector_base<unsigned char, std::allocator<unsigned char>>::_M_create_storage(unsigned long) /usr/bin/../lib/gcc/x86_64-linux-gnu/12/../../../../include/c++/12/bits/stl_vector.h:395:33
    #3 0x5b8670d3cc8b in std::_Vector_base<unsigned char, std::allocator<unsigned char>>::_Vector_base(unsigned long, std::allocator<unsigned char> const&) /usr/bin/../lib/gcc/x86_64-linux-gnu/12/../../../../include/c++/12/bits/stl_vector.h:332:9
    #4 0x5b8670d3cc8b in std::vector<unsigned char, std::allocator<unsigned char>>::vector(unsigned long, unsigned char const&, std::allocator<unsigned char> const&) /usr/bin/../lib/gcc/x86_64-linux-gnu/12/../../../../include/c++/12/bits/stl_vector.h:566:9
    #5 0x5b8670d38a32 in ISOBMFF::BinaryStream::Read(unsigned long) /opt/ISOBMFF/ISOBMFF/source/BinaryStream.cpp:73:32
    #6 0x5b8670d3e94f in ISOBMFF::ContainerBox::ReadData(ISOBMFF::Parser&, ISOBMFF::BinaryStream&) /opt/ISOBMFF/ISOBMFF/source/ContainerBox.cpp:126:60
    #7 0x5b8670d4c265 in ISOBMFF::Parser::Parse(ISOBMFF::BinaryStream&) /opt/ISOBMFF/ISOBMFF/source/Parser.cpp:217:32
    #8 0x5b8670d4b625 in ISOBMFF::Parser::Parse(std::__cxx11::basic_string<char, std::char_traits<char>, std::allocator<char>> const&) /opt/ISOBMFF/ISOBMFF/source/Parser.cpp:169:15
    #9 0x5b8670d33879 in parse_isobmff(unsigned char const*, unsigned long) /fuzzer/harness.cpp:41:16
    #10 0x5b8670d33879 in LLVMFuzzerTestOneInput /fuzzer/harness.cpp:83:5
    #11 0x5b8670c57f72 in fuzzer::Fuzzer::ExecuteCallback(unsigned char const*, unsigned long) crtstuff.c
    #12 0x5b8670c57685 in fuzzer::Fuzzer::RunOne(unsigned char const*, unsigned long, bool, fuzzer::InputInfo*, bool, bool*) crtstuff.c
    #13 0x5b8670c58f07 in fuzzer::Fuzzer::MutateAndTestOne() crtstuff.c
    #14 0x5b8670c59b05 in fuzzer::Fuzzer::Loop(std::vector<fuzzer::SizedFile, std::allocator<fuzzer::SizedFile>>&) crtstuff.c
    #15 0x5b8670c47bc2 in fuzzer::FuzzerDriver(int*, char***, int (*)(unsigned char const*, unsigned long)) crtstuff.c
    #16 0x5b8670c71112 in main (/fuzzer/fuzz_isobmff+0x1cc112) (BuildId: fec8d58ecb896053)
    #17 0x77dc6ab56d8f  (/lib/x86_64-linux-gnu/libc.so.6+0x29d8f) (BuildId: 095c7ba148aeca81668091f718047078d57efddb)

MS: 1 CrossOver-; base unit: 09c4d0b837b442fb510c46c84fc8bb88d14b9c7a
0x0,0x0,0x0,0x14,0x66,0x74,0x79,0x70,0x6d,0x70,0x34,0x31,0x0,0x0,0x0,0x0,0x7c,0x0,0x66,0x74,0x79,0x70,0x69,0x73,0x6f,0x6d,0x0,0x0,0x0,0x0,0x69,0x73,0x6f,0x6d,0x0,0x0,0x0,0x68,0x6d,0x6f,0x6f,0x76,0x0,0x0,0x0,0x0,0x60,0x6d,0x76,0x68,0x64,0x0,0x0,0x20,0x0,0x0,0x0,0x0,0x0,0x0,0x0,0x0,0x0,0x0,0x0,0x3,0xe8,0x0,0x6d,0x70,0x34,0x31,0x0,0x0,0x0,0x0,0x0,0x0,
\000\000\000\024ftypmp41\000\000\000\000|\000ftypisom\000\000\000\000isom\000\000\000hmoov\000\000\000\000`mvhd\000\000 \000\000\000\000\000\000\000\000\000\000\000\003\350\000mp41\000\000\000\000\000\000
artifact_prefix='/results/crashes/20260313_122050_f2c2b52b_'; Test unit written to /results/crashes/20260313_122050_f2c2b52b_oom-957723a155cb911a427874ff58d7412bbf459796
Base64: AAAAFGZ0eXBtcDQxAAAAAHwAZnR5cGlzb20AAAAAaXNvbQAAAGhtb292AAAAAGBtdmhkAAAgAAAAAAAAAAAAAAAD6ABtcDQxAAAAAAAA
SUMMARY: libFuzzer: out-of-memory
stat::number_of_executed_units: 21
stat::average_exec_per_sec:     21
stat::new_units_added:          1
stat::slowest_unit_time_sec:    0
stat::peak_rss_mb:              1132
