INFO: Running with entropic power schedule (0xFF, 100).
INFO: Seed: 2579946135
INFO: Loaded 1 modules   (252 inline 8-bit counters): 252 [0x5b2c5b580678, 0x5b2c5b580774), 
INFO: Loaded 1 PC tables (252 PCs): 252 [0x5b2c5b580778,0x5b2c5b581738), 
INFO:        4 files found in /tmp/corpus_20260313_152439_47dac405
INFO: seed corpus: files: 4 min: 48b max: 333b total: 853b rss: 28Mb
#5	INITED cov: 117 ft: 250 corp: 4/853b exec/s: 0 rss: 29Mb
#7	NEW    cov: 117 ft: 254 corp: 5/901b lim: 333 exec/s: 0 rss: 29Mb L: 48/333 MS: 2 ChangeBinInt-CrossOver-
#8	NEW    cov: 117 ft: 263 corp: 6/944b lim: 333 exec/s: 0 rss: 29Mb L: 43/333 MS: 1 EraseBytes-
#9	NEW    cov: 117 ft: 273 corp: 7/1033b lim: 333 exec/s: 0 rss: 29Mb L: 89/333 MS: 1 InsertRepeatedBytes-
#11	NEW    cov: 117 ft: 274 corp: 8/1227b lim: 333 exec/s: 0 rss: 29Mb L: 194/333 MS: 2 ShuffleBytes-CrossOver-
#12	NEW    cov: 117 ft: 275 corp: 9/1342b lim: 333 exec/s: 0 rss: 29Mb L: 115/333 MS: 1 CopyPart-
#13	NEW    cov: 117 ft: 280 corp: 10/1501b lim: 333 exec/s: 0 rss: 29Mb L: 159/333 MS: 1 InsertRepeatedBytes-
#14	NEW    cov: 117 ft: 295 corp: 11/1728b lim: 333 exec/s: 0 rss: 29Mb L: 227/333 MS: 1 CopyPart-
#18	NEW    cov: 117 ft: 296 corp: 12/1972b lim: 333 exec/s: 0 rss: 29Mb L: 244/333 MS: 4 CMP-ChangeByte-CopyPart-InsertRepeatedBytes- DE: " \000\000\000"-
#29	NEW    cov: 117 ft: 305 corp: 13/2131b lim: 333 exec/s: 0 rss: 29Mb L: 159/333 MS: 1 ChangeBit-
#31	NEW    cov: 118 ft: 307 corp: 14/2459b lim: 333 exec/s: 0 rss: 29Mb L: 328/333 MS: 2 ShuffleBytes-CrossOver-
#37	NEW    cov: 118 ft: 308 corp: 15/2686b lim: 333 exec/s: 0 rss: 29Mb L: 227/333 MS: 1 CrossOver-
#38	NEW    cov: 118 ft: 330 corp: 16/2800b lim: 333 exec/s: 0 rss: 29Mb L: 114/333 MS: 1 EraseBytes-
#39	NEW    cov: 118 ft: 331 corp: 17/2852b lim: 333 exec/s: 0 rss: 29Mb L: 52/333 MS: 1 PersAutoDict- DE: " \000\000\000"-
#41	NEW    cov: 118 ft: 332 corp: 18/2893b lim: 333 exec/s: 0 rss: 29Mb L: 41/333 MS: 2 InsertRepeatedBytes-EraseBytes-
#44	NEW    cov: 118 ft: 333 corp: 19/2972b lim: 333 exec/s: 0 rss: 29Mb L: 79/333 MS: 3 ChangeBit-InsertRepeatedBytes-EraseBytes-
#45	NEW    cov: 119 ft: 334 corp: 20/3242b lim: 333 exec/s: 0 rss: 29Mb L: 270/333 MS: 1 CopyPart-
#46	NEW    cov: 119 ft: 335 corp: 21/3575b lim: 333 exec/s: 0 rss: 29Mb L: 333/333 MS: 1 CopyPart-
#47	NEW    cov: 119 ft: 342 corp: 22/3754b lim: 333 exec/s: 0 rss: 29Mb L: 179/333 MS: 1 InsertRepeatedBytes-
#48	NEW    cov: 119 ft: 343 corp: 23/3839b lim: 333 exec/s: 0 rss: 29Mb L: 85/333 MS: 1 EraseBytes-
#52	NEW    cov: 119 ft: 344 corp: 24/3961b lim: 333 exec/s: 0 rss: 29Mb L: 122/333 MS: 4 ShuffleBytes-ShuffleBytes-ChangeByte-CopyPart-
#53	NEW    cov: 119 ft: 345 corp: 25/4181b lim: 333 exec/s: 0 rss: 29Mb L: 220/333 MS: 1 ShuffleBytes-
#54	NEW    cov: 119 ft: 357 corp: 26/4209b lim: 333 exec/s: 0 rss: 29Mb L: 28/333 MS: 1 EraseBytes-
#56	NEW    cov: 119 ft: 384 corp: 27/4234b lim: 333 exec/s: 0 rss: 29Mb L: 25/333 MS: 2 ChangeByte-EraseBytes-
#62	NEW    cov: 119 ft: 391 corp: 28/4263b lim: 333 exec/s: 0 rss: 29Mb L: 29/333 MS: 1 CMP- DE: "hvcC"-
#66	NEW    cov: 120 ft: 398 corp: 29/4458b lim: 333 exec/s: 0 rss: 29Mb L: 195/333 MS: 4 CopyPart-ChangeBit-EraseBytes-PersAutoDict- DE: " \000\000\000"-
#68	NEW    cov: 120 ft: 406 corp: 30/4479b lim: 333 exec/s: 0 rss: 29Mb L: 21/333 MS: 2 CopyPart-CrossOver-
#73	NEW    cov: 120 ft: 407 corp: 31/4513b lim: 333 exec/s: 0 rss: 29Mb L: 34/333 MS: 5 CMP-InsertByte-ChangeBit-ChangeASCIIInt-PersAutoDict- DE: "\016\000\000\000"-" \000\000\000"-
#78	NEW    cov: 120 ft: 408 corp: 32/4835b lim: 333 exec/s: 0 rss: 29Mb L: 322/333 MS: 5 ChangeByte-CMP-CMP-EraseBytes-CrossOver- DE: "mdia"-"o\000\000\000\000\000\000\000"-
#81	NEW    cov: 120 ft: 409 corp: 33/5080b lim: 333 exec/s: 0 rss: 29Mb L: 245/333 MS: 3 ChangeBit-ChangeBit-InsertByte-
#86	NEW    cov: 120 ft: 410 corp: 34/5265b lim: 333 exec/s: 0 rss: 29Mb L: 185/333 MS: 5 ChangeASCIIInt-CopyPart-CrossOver-EraseBytes-CopyPart-
#92	REDUCE cov: 120 ft: 410 corp: 34/5261b lim: 333 exec/s: 0 rss: 29Mb L: 329/333 MS: 1 EraseBytes-
#100	NEW    cov: 120 ft: 411 corp: 35/5487b lim: 333 exec/s: 0 rss: 29Mb L: 226/333 MS: 3 InsertByte-ChangeASCIIInt-EraseBytes-
#111	NEW    cov: 120 ft: 418 corp: 36/5512b lim: 333 exec/s: 0 rss: 29Mb L: 25/333 MS: 1 ChangeByte-
#147	NEW    cov: 120 ft: 426 corp: 37/5788b lim: 333 exec/s: 0 rss: 29Mb L: 276/333 MS: 1 CrossOver-
#154	NEW    cov: 120 ft: 427 corp: 38/6119b lim: 333 exec/s: 0 rss: 29Mb L: 331/333 MS: 2 InsertByte-CrossOver-
#163	NEW    cov: 120 ft: 439 corp: 39/6132b lim: 333 exec/s: 0 rss: 29Mb L: 13/333 MS: 4 EraseBytes-ChangeByte-ChangeByte-CrossOver-
#192	NEW    cov: 120 ft: 440 corp: 40/6205b lim: 333 exec/s: 0 rss: 29Mb L: 73/333 MS: 4 CopyPart-PersAutoDict-InsertRepeatedBytes-CopyPart- DE: "mdia"-
#213	NEW    cov: 120 ft: 451 corp: 41/6253b lim: 333 exec/s: 0 rss: 29Mb L: 48/333 MS: 1 ChangeBit-
#230	NEW    cov: 120 ft: 452 corp: 42/6276b lim: 333 exec/s: 0 rss: 29Mb L: 23/333 MS: 2 ChangeBit-EraseBytes-
#249	NEW    cov: 120 ft: 453 corp: 43/6606b lim: 333 exec/s: 0 rss: 29Mb L: 330/333 MS: 4 PersAutoDict-ShuffleBytes-InsertByte-InsertByte- DE: "hvcC"-
#273	REDUCE cov: 120 ft: 453 corp: 43/6537b lim: 333 exec/s: 0 rss: 29Mb L: 158/333 MS: 4 EraseBytes-CrossOver-ChangeBinInt-EraseBytes-
#288	NEW    cov: 120 ft: 454 corp: 44/6617b lim: 333 exec/s: 0 rss: 29Mb L: 80/333 MS: 5 InsertByte-CopyPart-ChangeBinInt-ChangeASCIIInt-ChangeByte-
#312	NEW    cov: 120 ft: 455 corp: 45/6820b lim: 333 exec/s: 0 rss: 29Mb L: 203/333 MS: 4 ChangeBit-ChangeBinInt-CMP-EraseBytes- DE: "mdat"-
#344	REDUCE cov: 120 ft: 455 corp: 45/6708b lim: 333 exec/s: 0 rss: 29Mb L: 217/333 MS: 2 ChangeBinInt-EraseBytes-
#356	REDUCE cov: 120 ft: 455 corp: 45/6702b lim: 333 exec/s: 0 rss: 29Mb L: 19/333 MS: 2 CrossOver-EraseBytes-
#375	REDUCE cov: 120 ft: 457 corp: 46/6710b lim: 333 exec/s: 0 rss: 29Mb L: 8/333 MS: 4 ShuffleBytes-ChangeBinInt-EraseBytes-EraseBytes-
#383	REDUCE cov: 120 ft: 457 corp: 46/6708b lim: 333 exec/s: 0 rss: 29Mb L: 11/333 MS: 3 InsertByte-CopyPart-EraseBytes-
#389	NEW    cov: 120 ft: 458 corp: 47/6722b lim: 333 exec/s: 0 rss: 29Mb L: 14/333 MS: 1 EraseBytes-
#406	NEW    cov: 120 ft: 463 corp: 48/6847b lim: 333 exec/s: 0 rss: 29Mb L: 125/333 MS: 2 CrossOver-EraseBytes-
#452	NEW    cov: 120 ft: 464 corp: 49/7103b lim: 333 exec/s: 0 rss: 29Mb L: 256/333 MS: 1 CMP- DE: "mdia"-
#468	REDUCE cov: 120 ft: 464 corp: 49/7084b lim: 333 exec/s: 0 rss: 29Mb L: 22/333 MS: 1 EraseBytes-
#486	REDUCE cov: 120 ft: 464 corp: 49/7082b lim: 333 exec/s: 0 rss: 29Mb L: 78/333 MS: 3 CrossOver-InsertRepeatedBytes-CrossOver-
#552	NEW    cov: 120 ft: 465 corp: 50/7401b lim: 333 exec/s: 0 rss: 29Mb L: 319/333 MS: 1 InsertRepeatedBytes-
#555	REDUCE cov: 120 ft: 465 corp: 50/7349b lim: 333 exec/s: 0 rss: 29Mb L: 107/333 MS: 3 CopyPart-CMP-EraseBytes- DE: "frma"-
#682	NEW    cov: 120 ft: 473 corp: 51/7667b lim: 333 exec/s: 0 rss: 29Mb L: 318/333 MS: 2 CopyPart-InsertRepeatedBytes-
#773	REDUCE cov: 120 ft: 474 corp: 52/7803b lim: 333 exec/s: 0 rss: 29Mb L: 136/333 MS: 1 InsertRepeatedBytes-
#806	NEW    cov: 121 ft: 475 corp: 53/8045b lim: 333 exec/s: 0 rss: 29Mb L: 242/333 MS: 3 ShuffleBytes-CMP-CrossOver- DE: "\377\377\377\015"-
#849	NEW    cov: 121 ft: 476 corp: 54/8267b lim: 333 exec/s: 0 rss: 29Mb L: 222/333 MS: 3 ShuffleBytes-CrossOver-CopyPart-
#885	REDUCE cov: 121 ft: 476 corp: 54/8264b lim: 333 exec/s: 0 rss: 29Mb L: 18/333 MS: 1 EraseBytes-
#1000	REDUCE cov: 121 ft: 476 corp: 54/8261b lim: 333 exec/s: 0 rss: 29Mb L: 104/333 MS: 5 ChangeBinInt-ChangeASCIIInt-ChangeBit-ChangeASCIIInt-EraseBytes-
#1061	REDUCE cov: 121 ft: 476 corp: 54/8250b lim: 333 exec/s: 0 rss: 29Mb L: 11/333 MS: 1 EraseBytes-
#1062	REDUCE cov: 121 ft: 476 corp: 54/8153b lim: 333 exec/s: 0 rss: 29Mb L: 225/333 MS: 1 EraseBytes-
#1118	NEW    cov: 121 ft: 477 corp: 55/8471b lim: 333 exec/s: 0 rss: 29Mb L: 318/333 MS: 1 CrossOver-
#1166	NEW    cov: 122 ft: 478 corp: 56/8478b lim: 333 exec/s: 0 rss: 29Mb L: 7/333 MS: 3 ChangeByte-PersAutoDict-EraseBytes- DE: "frma"-
#1167	NEW    cov: 122 ft: 479 corp: 57/8742b lim: 333 exec/s: 0 rss: 29Mb L: 264/333 MS: 1 CopyPart-
#1178	NEW    cov: 122 ft: 482 corp: 58/8905b lim: 333 exec/s: 0 rss: 29Mb L: 163/333 MS: 1 EraseBytes-
#1216	NEW    cov: 122 ft: 483 corp: 59/9235b lim: 333 exec/s: 0 rss: 29Mb L: 330/333 MS: 3 CrossOver-CopyPart-CopyPart-
#1236	REDUCE cov: 122 ft: 483 corp: 59/9180b lim: 333 exec/s: 0 rss: 29Mb L: 215/333 MS: 5 InsertRepeatedBytes-CopyPart-InsertRepeatedBytes-EraseBytes-CrossOver-
#1262	REDUCE cov: 122 ft: 483 corp: 59/9178b lim: 333 exec/s: 0 rss: 29Mb L: 41/333 MS: 1 EraseBytes-
#1279	REDUCE cov: 122 ft: 483 corp: 59/9121b lim: 333 exec/s: 0 rss: 29Mb L: 128/333 MS: 2 EraseBytes-EraseBytes-
#1296	NEW    cov: 122 ft: 484 corp: 60/9387b lim: 333 exec/s: 0 rss: 29Mb L: 266/333 MS: 2 ChangeByte-CMP- DE: "\001\010"-
#1359	REDUCE cov: 122 ft: 484 corp: 60/9384b lim: 333 exec/s: 0 rss: 29Mb L: 4/333 MS: 3 ChangeBinInt-CrossOver-EraseBytes-
#1480	REDUCE cov: 122 ft: 484 corp: 60/9366b lim: 333 exec/s: 0 rss: 29Mb L: 110/333 MS: 1 EraseBytes-
#1492	REDUCE cov: 122 ft: 484 corp: 60/9364b lim: 333 exec/s: 0 rss: 29Mb L: 17/333 MS: 2 ChangeASCIIInt-EraseBytes-
#1503	REDUCE cov: 122 ft: 484 corp: 60/9354b lim: 333 exec/s: 0 rss: 29Mb L: 205/333 MS: 1 EraseBytes-
#1553	NEW    cov: 122 ft: 490 corp: 61/9675b lim: 333 exec/s: 0 rss: 29Mb L: 321/333 MS: 5 ChangeByte-CrossOver-CrossOver-InsertByte-InsertRepeatedBytes-
#1624	REDUCE cov: 122 ft: 490 corp: 61/9672b lim: 333 exec/s: 0 rss: 29Mb L: 122/333 MS: 1 EraseBytes-
#1665	NEW    cov: 122 ft: 491 corp: 62/10003b lim: 333 exec/s: 0 rss: 29Mb L: 331/333 MS: 1 CopyPart-
#1758	REDUCE cov: 122 ft: 496 corp: 63/10088b lim: 333 exec/s: 0 rss: 29Mb L: 85/333 MS: 3 ChangeBit-ChangeBinInt-EraseBytes-
#1939	REDUCE cov: 122 ft: 496 corp: 63/10087b lim: 333 exec/s: 0 rss: 29Mb L: 10/333 MS: 1 EraseBytes-
#1955	REDUCE cov: 122 ft: 496 corp: 63/10043b lim: 333 exec/s: 0 rss: 29Mb L: 78/333 MS: 1 EraseBytes-
#1962	REDUCE cov: 122 ft: 496 corp: 63/10031b lim: 333 exec/s: 0 rss: 29Mb L: 98/333 MS: 2 ChangeBinInt-EraseBytes-
#1978	REDUCE cov: 122 ft: 496 corp: 63/10030b lim: 333 exec/s: 0 rss: 29Mb L: 22/333 MS: 1 EraseBytes-
#2009	REDUCE cov: 122 ft: 496 corp: 63/10026b lim: 333 exec/s: 0 rss: 29Mb L: 10/333 MS: 1 EraseBytes-
#2200	REDUCE cov: 122 ft: 496 corp: 63/10021b lim: 333 exec/s: 0 rss: 29Mb L: 99/333 MS: 1 EraseBytes-
#2390	REDUCE cov: 122 ft: 496 corp: 63/10019b lim: 333 exec/s: 0 rss: 29Mb L: 220/333 MS: 5 CrossOver-CopyPart-ChangeBit-InsertRepeatedBytes-CopyPart-
#2441	REDUCE cov: 122 ft: 496 corp: 63/10013b lim: 333 exec/s: 0 rss: 29Mb L: 312/333 MS: 1 EraseBytes-
#2507	REDUCE cov: 122 ft: 496 corp: 63/9972b lim: 333 exec/s: 0 rss: 29Mb L: 44/333 MS: 1 EraseBytes-
#2538	REDUCE cov: 122 ft: 496 corp: 63/9970b lim: 333 exec/s: 0 rss: 29Mb L: 8/333 MS: 1 EraseBytes-
#2601	REDUCE cov: 122 ft: 496 corp: 63/9949b lim: 333 exec/s: 0 rss: 29Mb L: 231/333 MS: 3 ChangeBit-EraseBytes-CrossOver-
#2755	REDUCE cov: 122 ft: 496 corp: 63/9917b lim: 333 exec/s: 0 rss: 29Mb L: 46/333 MS: 4 CopyPart-InsertByte-CMP-EraseBytes- DE: "\001\000\000\000\000\000\000\017"-
#2772	NEW    cov: 122 ft: 497 corp: 64/10145b lim: 333 exec/s: 0 rss: 29Mb L: 228/333 MS: 2 ChangeBit-PersAutoDict- DE: "\001\000\000\000\000\000\000\017"-
#2789	REDUCE cov: 122 ft: 497 corp: 64/10106b lim: 333 exec/s: 0 rss: 29Mb L: 280/333 MS: 2 ShuffleBytes-EraseBytes-
#2870	REDUCE cov: 122 ft: 497 corp: 64/10099b lim: 333 exec/s: 0 rss: 29Mb L: 10/333 MS: 1 EraseBytes-
#3018	REDUCE cov: 122 ft: 497 corp: 64/10046b lim: 333 exec/s: 0 rss: 29Mb L: 152/333 MS: 3 ShuffleBytes-ShuffleBytes-EraseBytes-
#3080	NEW    cov: 122 ft: 498 corp: 65/10306b lim: 333 exec/s: 0 rss: 29Mb L: 260/333 MS: 2 ChangeByte-CMP- DE: "\"\000\000\000"-
#3230	REDUCE cov: 122 ft: 498 corp: 65/10304b lim: 333 exec/s: 0 rss: 29Mb L: 161/333 MS: 5 CopyPart-ChangeBinInt-ChangeBinInt-CMP-EraseBytes- DE: "iinf"-
#3274	NEW    cov: 122 ft: 499 corp: 66/10637b lim: 333 exec/s: 0 rss: 29Mb L: 333/333 MS: 4 CMP-ChangeBit-ChangeBinInt-ChangeBit- DE: "hvcC"-
#3400	REDUCE cov: 122 ft: 499 corp: 66/10574b lim: 333 exec/s: 0 rss: 29Mb L: 164/333 MS: 1 EraseBytes-
#3521	REDUCE cov: 122 ft: 499 corp: 66/10572b lim: 333 exec/s: 0 rss: 29Mb L: 16/333 MS: 1 EraseBytes-
#3570	REDUCE cov: 122 ft: 499 corp: 66/10559b lim: 333 exec/s: 0 rss: 29Mb L: 139/333 MS: 4 CrossOver-ChangeASCIIInt-ShuffleBytes-EraseBytes-
#3601	REDUCE cov: 122 ft: 499 corp: 66/10558b lim: 333 exec/s: 0 rss: 29Mb L: 9/333 MS: 1 EraseBytes-
#3963	REDUCE cov: 122 ft: 499 corp: 66/10525b lim: 333 exec/s: 0 rss: 29Mb L: 66/333 MS: 2 InsertRepeatedBytes-CrossOver-
#4015	REDUCE cov: 122 ft: 499 corp: 66/10523b lim: 333 exec/s: 0 rss: 29Mb L: 44/333 MS: 2 PersAutoDict-EraseBytes- DE: "iinf"-
#4074	REDUCE cov: 122 ft: 499 corp: 66/10427b lim: 333 exec/s: 0 rss: 29Mb L: 129/333 MS: 4 ChangeBit-ShuffleBytes-EraseBytes-InsertByte-
#4170	REDUCE cov: 122 ft: 499 corp: 66/10423b lim: 333 exec/s: 0 rss: 29Mb L: 18/333 MS: 1 EraseBytes-
#4208	REDUCE cov: 122 ft: 499 corp: 66/10399b lim: 333 exec/s: 0 rss: 29Mb L: 218/333 MS: 3 ChangeBit-EraseBytes-CMP- DE: "\024\000"-
#4214	REDUCE cov: 122 ft: 499 corp: 66/10378b lim: 333 exec/s: 0 rss: 29Mb L: 312/333 MS: 1 EraseBytes-
#4475	REDUCE cov: 122 ft: 499 corp: 66/10376b lim: 333 exec/s: 0 rss: 29Mb L: 16/333 MS: 1 EraseBytes-
#4507	REDUCE cov: 122 ft: 499 corp: 66/10373b lim: 333 exec/s: 0 rss: 29Mb L: 63/333 MS: 2 InsertRepeatedBytes-CrossOver-
#4516	REDUCE cov: 122 ft: 499 corp: 66/10369b lim: 333 exec/s: 0 rss: 29Mb L: 74/333 MS: 4 InsertByte-PersAutoDict-ChangeASCIIInt-EraseBytes- DE: "\377\377\377\015"-
#4735	REDUCE cov: 122 ft: 499 corp: 66/10367b lim: 333 exec/s: 0 rss: 29Mb L: 2/333 MS: 4 ShuffleBytes-ShuffleBytes-ChangeBit-EraseBytes-
#4846	REDUCE cov: 122 ft: 499 corp: 66/10337b lim: 333 exec/s: 0 rss: 29Mb L: 33/333 MS: 1 EraseBytes-
#4879	REDUCE cov: 122 ft: 499 corp: 66/10303b lim: 333 exec/s: 0 rss: 29Mb L: 64/333 MS: 3 ChangeByte-EraseBytes-CopyPart-
#4900	REDUCE cov: 122 ft: 499 corp: 66/10293b lim: 333 exec/s: 0 rss: 29Mb L: 119/333 MS: 1 EraseBytes-
#5319	REDUCE cov: 122 ft: 499 corp: 66/10274b lim: 333 exec/s: 0 rss: 29Mb L: 261/333 MS: 4 ChangeBinInt-EraseBytes-ChangeBit-PersAutoDict- DE: "\377\377\377\015"-
#5435	REDUCE cov: 122 ft: 499 corp: 66/10273b lim: 333 exec/s: 0 rss: 29Mb L: 202/333 MS: 1 EraseBytes-
#5605	REDUCE cov: 122 ft: 499 corp: 66/10272b lim: 333 exec/s: 0 rss: 29Mb L: 121/333 MS: 5 PersAutoDict-InsertByte-ShuffleBytes-ShuffleBytes-EraseBytes- DE: "o\000\000\000\000\000\000\000"-
#5691	REDUCE cov: 122 ft: 499 corp: 66/10249b lim: 333 exec/s: 0 rss: 29Mb L: 51/333 MS: 1 EraseBytes-
#5692	REDUCE cov: 122 ft: 500 corp: 67/10500b lim: 333 exec/s: 0 rss: 29Mb L: 251/333 MS: 1 CrossOver-
#5736	REDUCE cov: 122 ft: 500 corp: 67/10497b lim: 333 exec/s: 0 rss: 29Mb L: 49/333 MS: 4 InsertByte-ShuffleBytes-PersAutoDict-EraseBytes- DE: "mdia"-
#5895	REDUCE cov: 122 ft: 500 corp: 67/10495b lim: 333 exec/s: 0 rss: 29Mb L: 26/333 MS: 4 CMP-CopyPart-ChangeBit-EraseBytes- DE: "\377\377t\315t\004\251\306"-
#6052	REDUCE cov: 122 ft: 500 corp: 67/10473b lim: 333 exec/s: 0 rss: 29Mb L: 223/333 MS: 2 ChangeByte-CrossOver-
#6067	REDUCE cov: 122 ft: 500 corp: 67/10438b lim: 333 exec/s: 0 rss: 29Mb L: 296/333 MS: 5 ChangeByte-ChangeBinInt-PersAutoDict-ChangeBinInt-EraseBytes- DE: " \000\000\000"-
#6203	REDUCE cov: 122 ft: 500 corp: 67/10437b lim: 333 exec/s: 0 rss: 29Mb L: 43/333 MS: 1 EraseBytes-
#6274	REDUCE cov: 122 ft: 500 corp: 67/10436b lim: 333 exec/s: 0 rss: 29Mb L: 1/333 MS: 1 EraseBytes-
#6395	REDUCE cov: 122 ft: 500 corp: 67/10382b lim: 333 exec/s: 0 rss: 29Mb L: 258/333 MS: 1 EraseBytes-
#6644	REDUCE cov: 122 ft: 500 corp: 67/10330b lim: 333 exec/s: 6644 rss: 29Mb L: 166/333 MS: 3 ShuffleBytes-EraseBytes-CrossOver-
#6967	REDUCE cov: 122 ft: 500 corp: 67/10311b lim: 333 exec/s: 6967 rss: 29Mb L: 309/333 MS: 3 CMP-CrossOver-EraseBytes- DE: "stsd"-
#7022	REDUCE cov: 122 ft: 500 corp: 67/10292b lim: 333 exec/s: 7022 rss: 30Mb L: 302/333 MS: 5 CopyPart-InsertRepeatedBytes-ChangeBinInt-InsertByte-EraseBytes-
#7156	REDUCE cov: 122 ft: 500 corp: 67/10288b lim: 333 exec/s: 7156 rss: 30Mb L: 75/333 MS: 4 InsertRepeatedBytes-ChangeASCIIInt-InsertByte-EraseBytes-
#7262	REDUCE cov: 122 ft: 500 corp: 67/10272b lim: 333 exec/s: 7262 rss: 30Mb L: 17/333 MS: 1 EraseBytes-
#7358	REDUCE cov: 122 ft: 500 corp: 67/10251b lim: 333 exec/s: 7358 rss: 30Mb L: 23/333 MS: 1 EraseBytes-
#7391	REDUCE cov: 122 ft: 500 corp: 67/10231b lim: 333 exec/s: 7391 rss: 30Mb L: 289/333 MS: 3 InsertRepeatedBytes-InsertRepeatedBytes-EraseBytes-
#7464	REDUCE cov: 122 ft: 500 corp: 67/10228b lim: 333 exec/s: 7464 rss: 30Mb L: 14/333 MS: 3 ChangeBit-ChangeByte-EraseBytes-
#7468	REDUCE cov: 122 ft: 500 corp: 67/10227b lim: 333 exec/s: 7468 rss: 30Mb L: 160/333 MS: 4 ChangeBit-InsertByte-CopyPart-EraseBytes-
#7619	REDUCE cov: 122 ft: 500 corp: 67/10226b lim: 333 exec/s: 7619 rss: 30Mb L: 10/333 MS: 1 EraseBytes-
#7729	REDUCE cov: 122 ft: 500 corp: 67/10203b lim: 333 exec/s: 7729 rss: 30Mb L: 200/333 MS: 5 CopyPart-ChangeBit-ShuffleBytes-EraseBytes-InsertRepeatedBytes-
#7892	REDUCE cov: 122 ft: 500 corp: 67/10185b lim: 333 exec/s: 7892 rss: 30Mb L: 31/333 MS: 3 ChangeBinInt-EraseBytes-ChangeByte-
#8097	REDUCE cov: 122 ft: 500 corp: 67/10161b lim: 333 exec/s: 8097 rss: 30Mb L: 196/333 MS: 5 InsertByte-ShuffleBytes-ChangeBit-ChangeBit-EraseBytes-
#8141	REDUCE cov: 122 ft: 500 corp: 67/10159b lim: 333 exec/s: 8141 rss: 30Mb L: 137/333 MS: 4 InsertByte-ChangeByte-PersAutoDict-CrossOver- DE: "\377\377t\315t\004\251\306"-
#8249	REDUCE cov: 122 ft: 502 corp: 68/10173b lim: 333 exec/s: 8249 rss: 30Mb L: 14/333 MS: 3 ChangeByte-ShuffleBytes-PersAutoDict- DE: "mdat"-
#8390	REDUCE cov: 122 ft: 502 corp: 68/10097b lim: 333 exec/s: 8390 rss: 30Mb L: 90/333 MS: 1 EraseBytes-
#8545	REDUCE cov: 122 ft: 502 corp: 68/10015b lim: 333 exec/s: 8545 rss: 30Mb L: 248/333 MS: 5 ChangeByte-ChangeByte-ChangeASCIIInt-ShuffleBytes-EraseBytes-
#8793	REDUCE cov: 122 ft: 502 corp: 68/9899b lim: 333 exec/s: 8793 rss: 30Mb L: 215/333 MS: 3 ChangeASCIIInt-InsertByte-EraseBytes-
#8833	REDUCE cov: 122 ft: 502 corp: 68/9878b lim: 333 exec/s: 8833 rss: 30Mb L: 137/333 MS: 5 InsertByte-CrossOver-CrossOver-InsertRepeatedBytes-InsertRepeatedBytes-
#9130	REDUCE cov: 122 ft: 502 corp: 68/9832b lim: 333 exec/s: 9130 rss: 30Mb L: 266/333 MS: 2 ChangeBinInt-EraseBytes-
#9222	REDUCE cov: 122 ft: 502 corp: 68/9760b lim: 333 exec/s: 9222 rss: 30Mb L: 224/333 MS: 2 ShuffleBytes-EraseBytes-
#9283	REDUCE cov: 122 ft: 502 corp: 68/9756b lim: 333 exec/s: 9283 rss: 30Mb L: 10/333 MS: 1 EraseBytes-
#9341	REDUCE cov: 122 ft: 502 corp: 68/9755b lim: 333 exec/s: 9341 rss: 30Mb L: 136/333 MS: 3 EraseBytes-ChangeBit-InsertByte-
#9443	REDUCE cov: 122 ft: 502 corp: 68/9717b lim: 333 exec/s: 9443 rss: 30Mb L: 98/333 MS: 2 CrossOver-EraseBytes-
#9540	REDUCE cov: 122 ft: 502 corp: 68/9713b lim: 333 exec/s: 9540 rss: 30Mb L: 25/333 MS: 2 ChangeBit-EraseBytes-
#9569	REDUCE cov: 122 ft: 502 corp: 68/9712b lim: 333 exec/s: 9569 rss: 30Mb L: 30/333 MS: 4 ShuffleBytes-CopyPart-EraseBytes-InsertRepeatedBytes-
#9732	REDUCE cov: 122 ft: 502 corp: 68/9711b lim: 333 exec/s: 9732 rss: 30Mb L: 9/333 MS: 3 ChangeBinInt-ChangeByte-EraseBytes-
#9794	REDUCE cov: 122 ft: 502 corp: 68/9702b lim: 333 exec/s: 9794 rss: 30Mb L: 185/333 MS: 2 InsertByte-EraseBytes-
#9909	REDUCE cov: 122 ft: 508 corp: 69/9969b lim: 333 exec/s: 9909 rss: 30Mb L: 267/333 MS: 5 ShuffleBytes-ChangeASCIIInt-InsertByte-ChangeBit-ChangeBinInt-
#10622	REDUCE cov: 122 ft: 508 corp: 69/9943b lim: 333 exec/s: 10622 rss: 30Mb L: 89/333 MS: 3 ChangeByte-ShuffleBytes-EraseBytes-
#10903	REDUCE cov: 122 ft: 509 corp: 70/9984b lim: 333 exec/s: 10903 rss: 30Mb L: 41/333 MS: 1 CMP- DE: "\001\000u\315t\006A\""-
#10920	REDUCE cov: 122 ft: 509 corp: 70/9969b lim: 333 exec/s: 10920 rss: 30Mb L: 83/333 MS: 2 InsertByte-EraseBytes-
#11692	REDUCE cov: 122 ft: 509 corp: 70/9966b lim: 333 exec/s: 11692 rss: 30Mb L: 197/333 MS: 2 ChangeByte-CrossOver-
#11928	REDUCE cov: 122 ft: 509 corp: 70/9959b lim: 333 exec/s: 11928 rss: 30Mb L: 76/333 MS: 1 EraseBytes-
#11961	NEW    cov: 123 ft: 510 corp: 71/10292b lim: 333 exec/s: 11961 rss: 30Mb L: 333/333 MS: 3 PersAutoDict-ShuffleBytes-PersAutoDict- DE: " \000\000\000"-"\001\010"-
#12005	REDUCE cov: 123 ft: 510 corp: 71/10287b lim: 333 exec/s: 12005 rss: 30Mb L: 261/333 MS: 4 ChangeBinInt-ChangeByte-ChangeBinInt-EraseBytes-
#12052	REDUCE cov: 123 ft: 510 corp: 71/10252b lim: 333 exec/s: 12052 rss: 30Mb L: 226/333 MS: 2 ChangeBit-EraseBytes-
#12067	REDUCE cov: 123 ft: 510 corp: 71/10250b lim: 333 exec/s: 12067 rss: 30Mb L: 62/333 MS: 5 CopyPart-InsertByte-ShuffleBytes-ChangeByte-EraseBytes-
#12199	REDUCE cov: 123 ft: 510 corp: 71/10247b lim: 333 exec/s: 12199 rss: 30Mb L: 273/333 MS: 2 CopyPart-EraseBytes-
#12278	REDUCE cov: 123 ft: 510 corp: 71/10170b lim: 333 exec/s: 12278 rss: 30Mb L: 241/333 MS: 4 InsertByte-ChangeBit-ChangeBinInt-EraseBytes-
#12309	REDUCE cov: 123 ft: 510 corp: 71/10154b lim: 333 exec/s: 12309 rss: 30Mb L: 35/333 MS: 1 EraseBytes-
#12323	REDUCE cov: 123 ft: 510 corp: 71/10151b lim: 333 exec/s: 12323 rss: 30Mb L: 192/333 MS: 4 PersAutoDict-ChangeBinInt-ChangeBinInt-EraseBytes- DE: "frma"-
#12424	REDUCE cov: 123 ft: 510 corp: 71/10150b lim: 333 exec/s: 12424 rss: 30Mb L: 178/333 MS: 1 EraseBytes-
#12532	REDUCE cov: 123 ft: 510 corp: 71/10148b lim: 333 exec/s: 12532 rss: 30Mb L: 300/333 MS: 3 InsertByte-EraseBytes-InsertRepeatedBytes-
#12595	REDUCE cov: 123 ft: 510 corp: 71/10113b lim: 333 exec/s: 12595 rss: 30Mb L: 196/333 MS: 3 ChangeByte-EraseBytes-CrossOver-
#12629	REDUCE cov: 123 ft: 510 corp: 71/10112b lim: 333 exec/s: 12629 rss: 30Mb L: 8/333 MS: 4 ChangeBinInt-ChangeByte-ChangeByte-EraseBytes-
#12745	REDUCE cov: 123 ft: 510 corp: 71/10111b lim: 333 exec/s: 12745 rss: 30Mb L: 158/333 MS: 1 EraseBytes-
#12958	REDUCE cov: 123 ft: 510 corp: 71/10108b lim: 333 exec/s: 12958 rss: 30Mb L: 241/333 MS: 3 ShuffleBytes-CMP-EraseBytes- DE: "\000\000\000\021"-
#13245	REDUCE cov: 123 ft: 510 corp: 71/10043b lim: 333 exec/s: 6622 rss: 30Mb L: 183/333 MS: 1 CrossOver-
#13254	REDUCE cov: 123 ft: 510 corp: 71/10040b lim: 333 exec/s: 6627 rss: 30Mb L: 27/333 MS: 4 PersAutoDict-ChangeByte-ChangeBinInt-EraseBytes- DE: "\"\000\000\000"-
#13700	REDUCE cov: 123 ft: 510 corp: 71/10027b lim: 333 exec/s: 6850 rss: 30Mb L: 63/333 MS: 1 EraseBytes-
#14167	REDUCE cov: 123 ft: 510 corp: 71/10021b lim: 333 exec/s: 7083 rss: 30Mb L: 177/333 MS: 2 ShuffleBytes-EraseBytes-
#14514	REDUCE cov: 123 ft: 510 corp: 71/9999b lim: 333 exec/s: 7257 rss: 30Mb L: 204/333 MS: 2 ChangeBit-EraseBytes-
#14800	REDUCE cov: 123 ft: 510 corp: 71/9971b lim: 333 exec/s: 7400 rss: 30Mb L: 35/333 MS: 1 EraseBytes-
#14922	REDUCE cov: 123 ft: 510 corp: 71/9935b lim: 333 exec/s: 7461 rss: 30Mb L: 231/333 MS: 2 CopyPart-EraseBytes-
#14923	REDUCE cov: 123 ft: 510 corp: 71/9912b lim: 333 exec/s: 7461 rss: 30Mb L: 169/333 MS: 1 EraseBytes-
#15144	REDUCE cov: 123 ft: 510 corp: 71/9909b lim: 333 exec/s: 7572 rss: 30Mb L: 32/333 MS: 1 EraseBytes-
#15249	REDUCE cov: 123 ft: 510 corp: 71/9908b lim: 333 exec/s: 7624 rss: 30Mb L: 159/333 MS: 5 ChangeBinInt-CopyPart-ChangeByte-CrossOver-EraseBytes-
#15670	REDUCE cov: 123 ft: 510 corp: 71/9892b lim: 333 exec/s: 7835 rss: 30Mb L: 32/333 MS: 1 EraseBytes-
#16242	REDUCE cov: 123 ft: 510 corp: 71/9888b lim: 333 exec/s: 8121 rss: 30Mb L: 81/333 MS: 2 EraseBytes-CrossOver-
#16384	pulse  cov: 123 ft: 510 corp: 71/9888b lim: 333 exec/s: 8192 rss: 30Mb
#16453	REDUCE cov: 123 ft: 510 corp: 71/9877b lim: 333 exec/s: 8226 rss: 30Mb L: 21/333 MS: 1 EraseBytes-
#16691	REDUCE cov: 123 ft: 510 corp: 71/9876b lim: 333 exec/s: 8345 rss: 30Mb L: 9/333 MS: 3 CopyPart-EraseBytes-CopyPart-
#17283	REDUCE cov: 123 ft: 510 corp: 71/9873b lim: 333 exec/s: 8641 rss: 30Mb L: 330/333 MS: 2 CopyPart-EraseBytes-
#17354	REDUCE cov: 123 ft: 510 corp: 71/9861b lim: 333 exec/s: 8677 rss: 30Mb L: 78/333 MS: 1 EraseBytes-
#17607	REDUCE cov: 123 ft: 510 corp: 71/9805b lim: 333 exec/s: 8803 rss: 30Mb L: 159/333 MS: 3 ChangeASCIIInt-CMP-EraseBytes- DE: "hvcC"-
#18365	REDUCE cov: 123 ft: 510 corp: 71/9797b lim: 333 exec/s: 9182 rss: 30Mb L: 170/333 MS: 3 InsertRepeatedBytes-ChangeBit-EraseBytes-
#18366	REDUCE cov: 123 ft: 510 corp: 71/9796b lim: 333 exec/s: 9183 rss: 30Mb L: 157/333 MS: 1 EraseBytes-
#18992	REDUCE cov: 123 ft: 510 corp: 71/9795b lim: 333 exec/s: 9496 rss: 30Mb L: 26/333 MS: 1 EraseBytes-
==194412== ERROR: libFuzzer: out-of-memory (used: 1756Mb; limit: 1024Mb)
   To change the out-of-memory limit use -rss_limit_mb=<N>

MS: 1 CMP- DE: "hvc1"-; base unit: e5b68930ab790febd6803dd884eb2e9354513b27
artifact_prefix='/results/crashes/20260313_152439_47dac405_'; Test unit written to /results/crashes/20260313_152439_47dac405_oom-1ba86ab6038715e5134567f003442ead752b0598
SUMMARY: libFuzzer: out-of-memory
stat::number_of_executed_units: 19253
stat::average_exec_per_sec:     4813
stat::new_units_added:          195
stat::slowest_unit_time_sec:    0
stat::peak_rss_mb:              1757
