INFO: Running with entropic power schedule (0xFF, 100).
INFO: Seed: 446682914
INFO: Loaded 1 modules   (252 inline 8-bit counters): 252 [0x557e194f0678, 0x557e194f0774), 
INFO: Loaded 1 PC tables (252 PCs): 252 [0x557e194f0778,0x557e194f1738), 
INFO:        4 files found in /tmp/corpus_20260313_144249_88ac81aa
INFO: seed corpus: files: 4 min: 48b max: 333b total: 853b rss: 28Mb
#5	INITED cov: 117 ft: 250 corp: 4/853b exec/s: 0 rss: 29Mb
#6	NEW    cov: 117 ft: 265 corp: 5/1074b lim: 333 exec/s: 0 rss: 29Mb L: 221/333 MS: 1 InsertByte-
#7	NEW    cov: 117 ft: 266 corp: 6/1222b lim: 333 exec/s: 0 rss: 29Mb L: 148/333 MS: 1 EraseBytes-
#8	NEW    cov: 117 ft: 267 corp: 7/1555b lim: 333 exec/s: 0 rss: 29Mb L: 333/333 MS: 1 ChangeBit-
#10	REDUCE cov: 117 ft: 267 corp: 7/1551b lim: 333 exec/s: 0 rss: 29Mb L: 329/333 MS: 2 ChangeByte-EraseBytes-
#15	NEW    cov: 117 ft: 272 corp: 8/1841b lim: 333 exec/s: 0 rss: 29Mb L: 290/333 MS: 5 ShuffleBytes-ChangeBinInt-InsertByte-ChangeByte-InsertRepeatedBytes-
#16	NEW    cov: 117 ft: 274 corp: 9/1989b lim: 333 exec/s: 0 rss: 29Mb L: 148/333 MS: 1 ShuffleBytes-
#17	NEW    cov: 117 ft: 290 corp: 10/2113b lim: 333 exec/s: 0 rss: 29Mb L: 124/333 MS: 1 InsertRepeatedBytes-
#21	NEW    cov: 117 ft: 296 corp: 11/2432b lim: 333 exec/s: 0 rss: 29Mb L: 319/333 MS: 4 ChangeASCIIInt-ShuffleBytes-ChangeBit-InsertRepeatedBytes-
#22	NEW    cov: 117 ft: 300 corp: 12/2480b lim: 333 exec/s: 0 rss: 29Mb L: 48/333 MS: 1 ShuffleBytes-
#30	NEW    cov: 118 ft: 302 corp: 13/2778b lim: 333 exec/s: 0 rss: 29Mb L: 298/333 MS: 3 ChangeByte-ChangeBit-InsertRepeatedBytes-
#31	REDUCE cov: 118 ft: 303 corp: 14/3107b lim: 333 exec/s: 0 rss: 29Mb L: 329/333 MS: 1 ShuffleBytes-
#34	NEW    cov: 118 ft: 309 corp: 15/3191b lim: 333 exec/s: 0 rss: 29Mb L: 84/333 MS: 3 ChangeBinInt-ChangeBit-EraseBytes-
#35	NEW    cov: 118 ft: 312 corp: 16/3323b lim: 333 exec/s: 0 rss: 29Mb L: 132/333 MS: 1 InsertRepeatedBytes-
#37	NEW    cov: 118 ft: 313 corp: 17/3631b lim: 333 exec/s: 0 rss: 29Mb L: 308/333 MS: 2 CopyPart-EraseBytes-
#41	NEW    cov: 118 ft: 314 corp: 18/3871b lim: 333 exec/s: 0 rss: 29Mb L: 240/333 MS: 4 ChangeBit-ShuffleBytes-ChangeByte-CrossOver-
#45	NEW    cov: 119 ft: 315 corp: 19/4166b lim: 333 exec/s: 0 rss: 29Mb L: 295/333 MS: 4 InsertByte-CopyPart-ChangeBit-EraseBytes-
#47	NEW    cov: 119 ft: 316 corp: 20/4428b lim: 333 exec/s: 0 rss: 29Mb L: 262/333 MS: 2 EraseBytes-InsertRepeatedBytes-
#52	NEW    cov: 119 ft: 317 corp: 21/4665b lim: 333 exec/s: 0 rss: 29Mb L: 237/333 MS: 5 ChangeBit-ShuffleBytes-CMP-ChangeByte-EraseBytes- DE: "mere"-
#53	NEW    cov: 119 ft: 339 corp: 22/4711b lim: 333 exec/s: 0 rss: 29Mb L: 46/333 MS: 1 EraseBytes-
#61	NEW    cov: 119 ft: 340 corp: 23/4791b lim: 333 exec/s: 0 rss: 29Mb L: 80/333 MS: 3 ChangeBinInt-PersAutoDict-EraseBytes- DE: "mere"-
#76	NEW    cov: 119 ft: 341 corp: 24/5116b lim: 333 exec/s: 0 rss: 29Mb L: 325/333 MS: 5 CMP-InsertRepeatedBytes-CrossOver-InsertByte-CopyPart- DE: "N7ISOBMFF3BoxE"-
#97	NEW    cov: 119 ft: 342 corp: 25/5239b lim: 333 exec/s: 0 rss: 29Mb L: 123/333 MS: 1 CrossOver-
#121	NEW    cov: 120 ft: 344 corp: 26/5428b lim: 333 exec/s: 0 rss: 29Mb L: 189/333 MS: 4 CopyPart-ShuffleBytes-CopyPart-CrossOver-
#139	NEW    cov: 121 ft: 345 corp: 27/5756b lim: 333 exec/s: 0 rss: 29Mb L: 328/333 MS: 3 InsertByte-ChangeByte-CrossOver-
#158	NEW    cov: 121 ft: 346 corp: 28/6085b lim: 333 exec/s: 0 rss: 29Mb L: 329/333 MS: 4 ChangeASCIIInt-ChangeBit-CopyPart-PersAutoDict- DE: "mere"-
#159	NEW    cov: 121 ft: 347 corp: 29/6230b lim: 333 exec/s: 0 rss: 29Mb L: 145/333 MS: 1 EraseBytes-
#181	NEW    cov: 121 ft: 350 corp: 30/6555b lim: 333 exec/s: 0 rss: 29Mb L: 325/333 MS: 2 CopyPart-CopyPart-
#216	NEW    cov: 121 ft: 351 corp: 31/6613b lim: 333 exec/s: 0 rss: 29Mb L: 58/333 MS: 5 PersAutoDict-InsertByte-CopyPart-InsertRepeatedBytes-EraseBytes- DE: "mere"-
#220	NEW    cov: 121 ft: 352 corp: 32/6942b lim: 333 exec/s: 0 rss: 29Mb L: 329/333 MS: 4 InsertByte-ChangeBinInt-CopyPart-CopyPart-
#234	NEW    cov: 121 ft: 383 corp: 33/7176b lim: 333 exec/s: 0 rss: 29Mb L: 234/333 MS: 4 ShuffleBytes-InsertRepeatedBytes-InsertByte-ChangeBit-
#245	NEW    cov: 121 ft: 401 corp: 34/7324b lim: 333 exec/s: 0 rss: 29Mb L: 148/333 MS: 1 ChangeBit-
#275	NEW    cov: 121 ft: 402 corp: 35/7360b lim: 333 exec/s: 0 rss: 29Mb L: 36/333 MS: 5 InsertByte-ChangeByte-CrossOver-ChangeASCIIInt-CMP- DE: "\377\377T~S1\001C"-
#278	REDUCE cov: 121 ft: 402 corp: 35/7356b lim: 333 exec/s: 0 rss: 29Mb L: 76/333 MS: 3 CopyPart-PersAutoDict-EraseBytes- DE: "N7ISOBMFF3BoxE"-
#279	NEW    cov: 121 ft: 403 corp: 36/7643b lim: 333 exec/s: 0 rss: 29Mb L: 287/333 MS: 1 CopyPart-
#290	REDUCE cov: 121 ft: 403 corp: 36/7628b lim: 333 exec/s: 0 rss: 29Mb L: 304/333 MS: 1 EraseBytes-
#291	REDUCE cov: 121 ft: 403 corp: 36/7621b lim: 333 exec/s: 0 rss: 29Mb L: 214/333 MS: 1 EraseBytes-
#311	NEW    cov: 121 ft: 404 corp: 37/7860b lim: 333 exec/s: 0 rss: 29Mb L: 239/333 MS: 5 PersAutoDict-EraseBytes-ChangeBit-ChangeBit-CrossOver- DE: "N7ISOBMFF3BoxE"-
#323	NEW    cov: 121 ft: 409 corp: 38/8022b lim: 333 exec/s: 0 rss: 29Mb L: 162/333 MS: 2 ShuffleBytes-PersAutoDict- DE: "N7ISOBMFF3BoxE"-
#327	NEW    cov: 121 ft: 416 corp: 39/8147b lim: 333 exec/s: 0 rss: 29Mb L: 125/333 MS: 4 ChangeByte-InsertRepeatedBytes-ChangeBinInt-CrossOver-
#344	REDUCE cov: 121 ft: 416 corp: 39/8145b lim: 333 exec/s: 0 rss: 29Mb L: 323/333 MS: 2 EraseBytes-InsertRepeatedBytes-
#430	REDUCE cov: 121 ft: 416 corp: 39/8109b lim: 333 exec/s: 0 rss: 29Mb L: 112/333 MS: 1 EraseBytes-
#454	REDUCE cov: 121 ft: 416 corp: 39/8086b lim: 333 exec/s: 0 rss: 29Mb L: 306/333 MS: 4 ChangeByte-ChangeBit-CrossOver-EraseBytes-
#460	NEW    cov: 121 ft: 418 corp: 40/8132b lim: 333 exec/s: 0 rss: 29Mb L: 46/333 MS: 1 ChangeBit-
#482	NEW    cov: 121 ft: 419 corp: 41/8316b lim: 333 exec/s: 0 rss: 29Mb L: 184/333 MS: 2 ChangeBinInt-EraseBytes-
#504	REDUCE cov: 121 ft: 420 corp: 42/8392b lim: 333 exec/s: 0 rss: 29Mb L: 76/333 MS: 2 PersAutoDict-PersAutoDict- DE: "\377\377T~S1\001C"-"mere"-
#505	NEW    cov: 121 ft: 421 corp: 43/8464b lim: 333 exec/s: 0 rss: 29Mb L: 72/333 MS: 1 EraseBytes-
#616	NEW    cov: 121 ft: 422 corp: 44/8514b lim: 333 exec/s: 0 rss: 29Mb L: 50/333 MS: 1 CrossOver-
#628	NEW    cov: 121 ft: 423 corp: 45/8608b lim: 333 exec/s: 0 rss: 29Mb L: 94/333 MS: 2 InsertByte-EraseBytes-
#654	NEW    cov: 121 ft: 424 corp: 46/8878b lim: 333 exec/s: 0 rss: 29Mb L: 270/333 MS: 1 InsertRepeatedBytes-
#668	REDUCE cov: 121 ft: 424 corp: 46/8853b lim: 333 exec/s: 0 rss: 29Mb L: 189/333 MS: 4 InsertRepeatedBytes-ShuffleBytes-CopyPart-EraseBytes-
#679	NEW    cov: 121 ft: 432 corp: 47/8882b lim: 333 exec/s: 0 rss: 29Mb L: 29/333 MS: 1 CrossOver-
#752	NEW    cov: 121 ft: 433 corp: 48/9146b lim: 333 exec/s: 0 rss: 29Mb L: 264/333 MS: 3 InsertByte-ChangeBinInt-EraseBytes-
#786	REDUCE cov: 121 ft: 433 corp: 48/8989b lim: 333 exec/s: 0 rss: 29Mb L: 172/333 MS: 4 PersAutoDict-PersAutoDict-ChangeByte-EraseBytes- DE: "\377\377T~S1\001C"-"\377\377T~S1\001C"-
#848	NEW    cov: 121 ft: 446 corp: 49/9004b lim: 333 exec/s: 0 rss: 29Mb L: 15/333 MS: 2 PersAutoDict-CrossOver- DE: "mere"-
#879	NEW    cov: 121 ft: 447 corp: 50/9018b lim: 333 exec/s: 0 rss: 29Mb L: 14/333 MS: 1 EraseBytes-
#898	NEW    cov: 121 ft: 451 corp: 51/9347b lim: 333 exec/s: 0 rss: 29Mb L: 329/333 MS: 4 ChangeASCIIInt-ChangeByte-CrossOver-CopyPart-
#903	NEW    cov: 122 ft: 452 corp: 52/9353b lim: 333 exec/s: 0 rss: 29Mb L: 6/333 MS: 5 ShuffleBytes-CMP-CMP-EraseBytes-CrossOver- DE: "hvcC"-"\001\000\000\000\000\000\000\000"-
#956	NEW    cov: 122 ft: 453 corp: 53/9385b lim: 333 exec/s: 0 rss: 29Mb L: 32/333 MS: 3 EraseBytes-ChangeBinInt-EraseBytes-
#967	NEW    cov: 122 ft: 458 corp: 54/9681b lim: 333 exec/s: 0 rss: 29Mb L: 296/333 MS: 1 InsertRepeatedBytes-
#975	REDUCE cov: 122 ft: 458 corp: 54/9680b lim: 333 exec/s: 0 rss: 29Mb L: 5/333 MS: 3 PersAutoDict-InsertByte-EraseBytes- DE: "mere"-
#1026	NEW    cov: 122 ft: 459 corp: 55/9980b lim: 333 exec/s: 0 rss: 29Mb L: 300/333 MS: 1 InsertRepeatedBytes-
#1042	NEW    cov: 122 ft: 468 corp: 56/9996b lim: 333 exec/s: 0 rss: 29Mb L: 16/333 MS: 1 InsertByte-
#1178	REDUCE cov: 122 ft: 468 corp: 56/9995b lim: 333 exec/s: 0 rss: 29Mb L: 35/333 MS: 1 CrossOver-
#1187	REDUCE cov: 122 ft: 468 corp: 56/9992b lim: 333 exec/s: 0 rss: 29Mb L: 11/333 MS: 4 ChangeASCIIInt-ChangeBinInt-CopyPart-EraseBytes-
#1315	REDUCE cov: 122 ft: 468 corp: 56/9990b lim: 333 exec/s: 0 rss: 29Mb L: 9/333 MS: 3 PersAutoDict-ChangeByte-EraseBytes- DE: "mere"-
#1323	NEW    cov: 122 ft: 469 corp: 57/10000b lim: 333 exec/s: 0 rss: 29Mb L: 10/333 MS: 3 EraseBytes-CMP-CopyPart- DE: "\007\000\000\000"-
#1339	REDUCE cov: 122 ft: 478 corp: 58/10189b lim: 333 exec/s: 0 rss: 29Mb L: 189/333 MS: 1 PersAutoDict- DE: "\001\000\000\000\000\000\000\000"-
#1351	REDUCE cov: 122 ft: 478 corp: 58/10163b lim: 333 exec/s: 0 rss: 29Mb L: 68/333 MS: 2 ShuffleBytes-EraseBytes-
#1364	REDUCE cov: 122 ft: 478 corp: 58/10155b lim: 333 exec/s: 0 rss: 29Mb L: 140/333 MS: 3 ShuffleBytes-ChangeBit-EraseBytes-
#1449	REDUCE cov: 122 ft: 478 corp: 58/10142b lim: 333 exec/s: 0 rss: 29Mb L: 310/333 MS: 5 ChangeBit-CMP-ChangeBit-CopyPart-EraseBytes- DE: "\230l/S~U\000\000"-
#1545	REDUCE cov: 122 ft: 478 corp: 58/10128b lim: 333 exec/s: 0 rss: 29Mb L: 34/333 MS: 1 EraseBytes-
#1858	REDUCE cov: 122 ft: 478 corp: 58/9981b lim: 333 exec/s: 0 rss: 29Mb L: 159/333 MS: 3 CrossOver-ChangeBinInt-CrossOver-
#1863	REDUCE cov: 122 ft: 478 corp: 58/9977b lim: 333 exec/s: 0 rss: 29Mb L: 30/333 MS: 5 ChangeByte-EraseBytes-InsertByte-CMP-ChangeByte- DE: "\011\000"-
#1926	REDUCE cov: 122 ft: 478 corp: 58/9923b lim: 333 exec/s: 0 rss: 29Mb L: 94/333 MS: 3 ChangeASCIIInt-CrossOver-EraseBytes-
#1939	REDUCE cov: 122 ft: 478 corp: 58/9919b lim: 333 exec/s: 0 rss: 29Mb L: 28/333 MS: 3 CopyPart-PersAutoDict-EraseBytes- DE: "hvcC"-
#1950	REDUCE cov: 122 ft: 478 corp: 58/9918b lim: 333 exec/s: 0 rss: 29Mb L: 4/333 MS: 1 EraseBytes-
#2029	NEW    cov: 122 ft: 479 corp: 59/10138b lim: 333 exec/s: 0 rss: 29Mb L: 220/333 MS: 4 ShuffleBytes-ChangeBit-ChangeBinInt-ShuffleBytes-
#2037	REDUCE cov: 122 ft: 479 corp: 59/10082b lim: 333 exec/s: 0 rss: 29Mb L: 56/333 MS: 3 ChangeBinInt-PersAutoDict-EraseBytes- DE: "\377\377T~S1\001C"-
#2105	REDUCE cov: 122 ft: 479 corp: 59/10077b lim: 333 exec/s: 0 rss: 29Mb L: 25/333 MS: 3 EraseBytes-PersAutoDict-InsertByte- DE: "\230l/S~U\000\000"-
#2276	REDUCE cov: 122 ft: 479 corp: 59/10058b lim: 333 exec/s: 0 rss: 29Mb L: 170/333 MS: 1 EraseBytes-
#2277	NEW    cov: 122 ft: 480 corp: 60/10323b lim: 333 exec/s: 0 rss: 29Mb L: 265/333 MS: 1 InsertByte-
#2462	REDUCE cov: 122 ft: 482 corp: 61/10556b lim: 333 exec/s: 0 rss: 29Mb L: 233/333 MS: 5 CMP-InsertByte-ChangeBinInt-CopyPart-CopyPart- DE: "hvcC"-
#2524	REDUCE cov: 122 ft: 482 corp: 61/10552b lim: 333 exec/s: 0 rss: 29Mb L: 166/333 MS: 2 CopyPart-EraseBytes-
#2546	REDUCE cov: 122 ft: 482 corp: 61/10550b lim: 333 exec/s: 0 rss: 29Mb L: 26/333 MS: 2 ChangeByte-EraseBytes-
#2606	NEW    cov: 122 ft: 483 corp: 62/10651b lim: 333 exec/s: 0 rss: 29Mb L: 101/333 MS: 5 ChangeASCIIInt-EraseBytes-ChangeByte-InsertByte-EraseBytes-
#2609	REDUCE cov: 122 ft: 483 corp: 62/10633b lim: 333 exec/s: 0 rss: 29Mb L: 244/333 MS: 3 InsertRepeatedBytes-CMP-EraseBytes- DE: "\377\377\377\000\000\000\000\003"-
#2661	REDUCE cov: 122 ft: 483 corp: 62/10632b lim: 333 exec/s: 0 rss: 29Mb L: 3/333 MS: 2 InsertByte-EraseBytes-
#2701	NEW    cov: 122 ft: 484 corp: 63/10640b lim: 333 exec/s: 0 rss: 29Mb L: 8/333 MS: 5 EraseBytes-ChangeBinInt-CopyPart-ShuffleBytes-CrossOver-
#2738	NEW    cov: 122 ft: 489 corp: 64/10921b lim: 333 exec/s: 0 rss: 29Mb L: 281/333 MS: 2 ShuffleBytes-CrossOver-
#2885	NEW    cov: 123 ft: 490 corp: 65/11254b lim: 333 exec/s: 0 rss: 29Mb L: 333/333 MS: 2 ChangeByte-ChangeByte-
#3087	REDUCE cov: 123 ft: 490 corp: 65/11175b lim: 333 exec/s: 0 rss: 29Mb L: 155/333 MS: 2 ChangeBit-EraseBytes-
#3118	REDUCE cov: 123 ft: 490 corp: 65/11151b lim: 333 exec/s: 0 rss: 29Mb L: 280/333 MS: 1 EraseBytes-
#3190	REDUCE cov: 123 ft: 490 corp: 65/11122b lim: 333 exec/s: 0 rss: 29Mb L: 160/333 MS: 2 ChangeBinInt-EraseBytes-
#3228	REDUCE cov: 123 ft: 490 corp: 65/11061b lim: 333 exec/s: 0 rss: 29Mb L: 99/333 MS: 3 ShuffleBytes-CrossOver-EraseBytes-
#3258	REDUCE cov: 123 ft: 490 corp: 65/11058b lim: 333 exec/s: 0 rss: 29Mb L: 326/333 MS: 5 EraseBytes-PersAutoDict-ChangeBinInt-InsertRepeatedBytes-CopyPart- DE: "hvcC"-
#3340	REDUCE cov: 123 ft: 490 corp: 65/11035b lim: 333 exec/s: 0 rss: 29Mb L: 102/333 MS: 2 ChangeASCIIInt-EraseBytes-
==59657== ERROR: libFuzzer: out-of-memory (used: 2331Mb; limit: 1024Mb)
   To change the out-of-memory limit use -rss_limit_mb=<N>

MS: 5 InsertByte-CrossOver-CopyPart-ShuffleBytes-CMP- DE: "hvc1"-; base unit: 9960eb5f2111ad66597134627de5f044cbf77427
artifact_prefix='/results/crashes/20260313_144249_88ac81aa_'; Test unit written to /results/crashes/20260313_144249_88ac81aa_oom-e455955ea1a3813e92f014fd7f195342320b7283
SUMMARY: libFuzzer: out-of-memory
stat::number_of_executed_units: 3350
stat::average_exec_per_sec:     1675
stat::new_units_added:          96
stat::slowest_unit_time_sec:    0
stat::peak_rss_mb:              2331
