INFO: Running with entropic power schedule (0xFF, 100).
INFO: Seed: 3515066050
INFO: Loaded 1 modules   (252 inline 8-bit counters): 252 [0x5bbe38d68678, 0x5bbe38d68774), 
INFO: Loaded 1 PC tables (252 PCs): 252 [0x5bbe38d68778,0x5bbe38d69738), 
INFO:        4 files found in /tmp/corpus_20260313_193155_88918b40
INFO: seed corpus: files: 4 min: 48b max: 333b total: 853b rss: 28Mb
#5	INITED cov: 117 ft: 250 corp: 4/853b exec/s: 0 rss: 29Mb
#9	NEW    cov: 117 ft: 251 corp: 5/1050b lim: 333 exec/s: 0 rss: 29Mb L: 197/333 MS: 4 ShuffleBytes-ShuffleBytes-ChangeByte-EraseBytes-
#10	NEW    cov: 117 ft: 265 corp: 6/1234b lim: 333 exec/s: 0 rss: 29Mb L: 184/333 MS: 1 CrossOver-
#17	NEW    cov: 119 ft: 268 corp: 7/1458b lim: 333 exec/s: 0 rss: 29Mb L: 224/333 MS: 2 ChangeByte-InsertRepeatedBytes-
#19	NEW    cov: 119 ft: 272 corp: 8/1786b lim: 333 exec/s: 0 rss: 29Mb L: 328/333 MS: 2 ChangeByte-CrossOver-
#20	NEW    cov: 119 ft: 274 corp: 9/1970b lim: 333 exec/s: 0 rss: 29Mb L: 184/333 MS: 1 CopyPart-
#22	NEW    cov: 119 ft: 292 corp: 10/2075b lim: 333 exec/s: 0 rss: 29Mb L: 105/333 MS: 2 ChangeByte-EraseBytes-
#28	NEW    cov: 119 ft: 294 corp: 11/2272b lim: 333 exec/s: 0 rss: 29Mb L: 197/333 MS: 1 CopyPart-
#34	NEW    cov: 119 ft: 295 corp: 12/2376b lim: 333 exec/s: 0 rss: 29Mb L: 104/333 MS: 1 EraseBytes-
#38	NEW    cov: 119 ft: 297 corp: 13/2663b lim: 333 exec/s: 0 rss: 29Mb L: 287/333 MS: 4 CMP-CrossOver-ChangeByte-EraseBytes- DE: "stbl"-
#50	NEW    cov: 119 ft: 298 corp: 14/2877b lim: 333 exec/s: 0 rss: 29Mb L: 214/333 MS: 2 EraseBytes-InsertRepeatedBytes-
#51	NEW    cov: 119 ft: 300 corp: 15/3101b lim: 333 exec/s: 0 rss: 29Mb L: 224/333 MS: 1 PersAutoDict- DE: "stbl"-
#62	NEW    cov: 119 ft: 306 corp: 16/3194b lim: 333 exec/s: 0 rss: 29Mb L: 93/333 MS: 1 EraseBytes-
#63	NEW    cov: 119 ft: 349 corp: 17/3217b lim: 333 exec/s: 0 rss: 29Mb L: 23/333 MS: 1 CrossOver-
#76	NEW    cov: 119 ft: 376 corp: 18/3243b lim: 333 exec/s: 0 rss: 29Mb L: 26/333 MS: 3 ChangeBit-ChangeByte-EraseBytes-
#81	NEW    cov: 119 ft: 385 corp: 19/3430b lim: 333 exec/s: 0 rss: 29Mb L: 187/333 MS: 5 CopyPart-ChangeASCIIInt-PersAutoDict-EraseBytes-PersAutoDict- DE: "stbl"-"stbl"-
#82	NEW    cov: 120 ft: 391 corp: 20/3732b lim: 333 exec/s: 0 rss: 29Mb L: 302/333 MS: 1 InsertRepeatedBytes-
#88	NEW    cov: 120 ft: 398 corp: 21/4064b lim: 333 exec/s: 0 rss: 29Mb L: 332/333 MS: 1 PersAutoDict- DE: "stbl"-
#95	NEW    cov: 120 ft: 399 corp: 22/4369b lim: 333 exec/s: 0 rss: 29Mb L: 305/333 MS: 2 CopyPart-PersAutoDict- DE: "stbl"-
#96	NEW    cov: 120 ft: 406 corp: 23/4393b lim: 333 exec/s: 0 rss: 29Mb L: 24/333 MS: 1 InsertByte-
#102	NEW    cov: 120 ft: 407 corp: 24/4680b lim: 333 exec/s: 0 rss: 29Mb L: 287/333 MS: 1 CopyPart-
#107	NEW    cov: 120 ft: 408 corp: 25/4817b lim: 333 exec/s: 0 rss: 29Mb L: 137/333 MS: 5 ShuffleBytes-ChangeASCIIInt-ChangeBit-ChangeBit-InsertRepeatedBytes-
#114	NEW    cov: 120 ft: 409 corp: 26/5015b lim: 333 exec/s: 0 rss: 29Mb L: 198/333 MS: 2 ChangeBinInt-InsertByte-
#118	NEW    cov: 121 ft: 410 corp: 27/5301b lim: 333 exec/s: 0 rss: 29Mb L: 286/333 MS: 4 CopyPart-CopyPart-InsertRepeatedBytes-InsertByte-
#124	NEW    cov: 121 ft: 411 corp: 28/5331b lim: 333 exec/s: 0 rss: 29Mb L: 30/333 MS: 1 InsertRepeatedBytes-
#128	NEW    cov: 121 ft: 415 corp: 29/5617b lim: 333 exec/s: 0 rss: 29Mb L: 286/333 MS: 4 ShuffleBytes-ChangeBit-CMP-InsertRepeatedBytes- DE: "\007\000\000\000"-
#152	NEW    cov: 121 ft: 421 corp: 30/5852b lim: 333 exec/s: 0 rss: 29Mb L: 235/333 MS: 4 InsertRepeatedBytes-ChangeByte-CrossOver-InsertRepeatedBytes-
#159	NEW    cov: 121 ft: 422 corp: 31/5960b lim: 333 exec/s: 0 rss: 29Mb L: 108/333 MS: 2 PersAutoDict-EraseBytes- DE: "\007\000\000\000"-
#197	NEW    cov: 121 ft: 423 corp: 32/6293b lim: 333 exec/s: 0 rss: 29Mb L: 333/333 MS: 3 CrossOver-InsertRepeatedBytes-CopyPart-
#218	NEW    cov: 121 ft: 424 corp: 33/6583b lim: 333 exec/s: 0 rss: 29Mb L: 290/333 MS: 1 InsertRepeatedBytes-
#221	NEW    cov: 121 ft: 425 corp: 34/6635b lim: 333 exec/s: 0 rss: 29Mb L: 52/333 MS: 3 PersAutoDict-ChangeBinInt-ShuffleBytes- DE: "stbl"-
#241	NEW    cov: 121 ft: 426 corp: 35/6914b lim: 333 exec/s: 0 rss: 29Mb L: 279/333 MS: 5 ShuffleBytes-InsertByte-CrossOver-CrossOver-CopyPart-
#277	REDUCE cov: 121 ft: 426 corp: 35/6861b lim: 333 exec/s: 0 rss: 29Mb L: 144/333 MS: 1 EraseBytes-
#312	NEW    cov: 121 ft: 427 corp: 36/6950b lim: 333 exec/s: 0 rss: 29Mb L: 89/333 MS: 5 PersAutoDict-InsertRepeatedBytes-CrossOver-ChangeBinInt-EraseBytes- DE: "stbl"-
#327	REDUCE cov: 121 ft: 427 corp: 36/6936b lim: 333 exec/s: 0 rss: 29Mb L: 273/333 MS: 5 CrossOver-CrossOver-ChangeBit-EraseBytes-InsertRepeatedBytes-
#328	NEW    cov: 121 ft: 428 corp: 37/7224b lim: 333 exec/s: 0 rss: 29Mb L: 288/333 MS: 1 InsertByte-
#352	REDUCE cov: 121 ft: 428 corp: 37/7201b lim: 333 exec/s: 0 rss: 29Mb L: 229/333 MS: 4 ChangeBinInt-EraseBytes-CrossOver-CrossOver-
#374	NEW    cov: 121 ft: 429 corp: 38/7249b lim: 333 exec/s: 0 rss: 29Mb L: 48/333 MS: 2 InsertByte-CopyPart-
#391	NEW    cov: 121 ft: 432 corp: 39/7272b lim: 333 exec/s: 0 rss: 29Mb L: 23/333 MS: 2 ChangeBinInt-ChangeByte-
#392	NEW    cov: 121 ft: 440 corp: 40/7549b lim: 333 exec/s: 0 rss: 29Mb L: 277/333 MS: 1 CrossOver-
#403	NEW    cov: 121 ft: 441 corp: 41/7696b lim: 333 exec/s: 0 rss: 29Mb L: 147/333 MS: 1 EraseBytes-
#417	NEW    cov: 121 ft: 442 corp: 42/7813b lim: 333 exec/s: 0 rss: 29Mb L: 117/333 MS: 4 PersAutoDict-CMP-PersAutoDict-PersAutoDict- DE: "\007\000\000\000"-"\377\377p\305\204\001\035\320"-"\007\000\000\000"-"\007\000\000\000"-
#447	REDUCE cov: 121 ft: 442 corp: 42/7668b lim: 333 exec/s: 0 rss: 29Mb L: 183/333 MS: 5 InsertRepeatedBytes-CopyPart-PersAutoDict-ChangeBinInt-CrossOver- DE: "\007\000\000\000"-
#450	NEW    cov: 121 ft: 447 corp: 43/7718b lim: 333 exec/s: 0 rss: 29Mb L: 50/333 MS: 3 PersAutoDict-PersAutoDict-CrossOver- DE: "\007\000\000\000"-"stbl"-
#470	NEW    cov: 121 ft: 456 corp: 44/7746b lim: 333 exec/s: 0 rss: 29Mb L: 28/333 MS: 5 CopyPart-CrossOver-InsertByte-ShuffleBytes-InsertByte-
#538	REDUCE cov: 121 ft: 456 corp: 44/7696b lim: 333 exec/s: 0 rss: 29Mb L: 137/333 MS: 3 ShuffleBytes-InsertByte-EraseBytes-
#579	REDUCE cov: 121 ft: 456 corp: 44/7688b lim: 333 exec/s: 0 rss: 29Mb L: 278/333 MS: 1 EraseBytes-
#595	REDUCE cov: 121 ft: 456 corp: 44/7682b lim: 333 exec/s: 0 rss: 29Mb L: 141/333 MS: 1 EraseBytes-
#597	NEW    cov: 121 ft: 464 corp: 45/7989b lim: 333 exec/s: 0 rss: 29Mb L: 307/333 MS: 2 PersAutoDict-InsertRepeatedBytes- DE: "stbl"-
#605	NEW    cov: 122 ft: 471 corp: 46/8232b lim: 333 exec/s: 0 rss: 29Mb L: 243/333 MS: 3 InsertRepeatedBytes-PersAutoDict-CrossOver- DE: "\377\377p\305\204\001\035\320"-
#652	NEW    cov: 122 ft: 472 corp: 47/8268b lim: 333 exec/s: 0 rss: 29Mb L: 36/333 MS: 2 ChangeBinInt-CMP- DE: "\020\000\000\000\000\000\000\000"-
#736	NEW    cov: 122 ft: 481 corp: 48/8279b lim: 333 exec/s: 0 rss: 29Mb L: 11/333 MS: 4 ShuffleBytes-EraseBytes-ChangeASCIIInt-CrossOver-
#812	NEW    cov: 122 ft: 482 corp: 49/8609b lim: 333 exec/s: 0 rss: 29Mb L: 330/333 MS: 1 InsertRepeatedBytes-
#896	REDUCE cov: 122 ft: 482 corp: 49/8608b lim: 333 exec/s: 0 rss: 29Mb L: 47/333 MS: 4 ChangeByte-ChangeASCIIInt-ShuffleBytes-EraseBytes-
#929	REDUCE cov: 122 ft: 482 corp: 49/8453b lim: 333 exec/s: 0 rss: 29Mb L: 150/333 MS: 3 CopyPart-ChangeBit-CrossOver-
#989	REDUCE cov: 122 ft: 483 corp: 50/8468b lim: 333 exec/s: 0 rss: 29Mb L: 15/333 MS: 5 CrossOver-InsertRepeatedBytes-CopyPart-CMP-CrossOver- DE: "ipma"-
#1048	REDUCE cov: 122 ft: 483 corp: 50/8439b lim: 333 exec/s: 0 rss: 29Mb L: 278/333 MS: 4 CMP-PersAutoDict-ChangeByte-EraseBytes- DE: "\001\000q\305\204\001\223 "-"ipma"-
#1074	REDUCE cov: 122 ft: 483 corp: 50/8438b lim: 333 exec/s: 0 rss: 29Mb L: 22/333 MS: 1 EraseBytes-
==954852== ERROR: libFuzzer: out-of-memory (used: 1286Mb; limit: 1024Mb)
   To change the out-of-memory limit use -rss_limit_mb=<N>

MS: 2 ShuffleBytes-CrossOver-; base unit: a05170a1d74a4056cdb985b2d18481da9892ec5d
artifact_prefix='/results/crashes/20260313_193155_88918b40_'; Test unit written to /results/crashes/20260313_193155_88918b40_oom-4b4b19a0a23c15333b75948061cd22e8898c782a
SUMMARY: libFuzzer: out-of-memory
stat::number_of_executed_units: 1166
stat::average_exec_per_sec:     1166
stat::new_units_added:          57
stat::slowest_unit_time_sec:    0
stat::peak_rss_mb:              1287
