INFO: Running with entropic power schedule (0xFF, 100).
INFO: Seed: 4013959193
INFO: Loaded 1 modules   (252 inline 8-bit counters): 252 [0x573efb8cf678, 0x573efb8cf774), 
INFO: Loaded 1 PC tables (252 PCs): 252 [0x573efb8cf778,0x573efb8d0738), 
INFO:        4 files found in /tmp/corpus_20260313_172426_a6ce2553
INFO: seed corpus: files: 4 min: 48b max: 333b total: 853b rss: 28Mb
#5	INITED cov: 117 ft: 250 corp: 4/853b exec/s: 0 rss: 29Mb
#6	NEW    cov: 117 ft: 277 corp: 5/878b lim: 333 exec/s: 0 rss: 29Mb L: 25/333 MS: 1 EraseBytes-
#7	NEW    cov: 117 ft: 303 corp: 6/960b lim: 333 exec/s: 0 rss: 29Mb L: 82/333 MS: 1 CrossOver-
#8	NEW    cov: 117 ft: 317 corp: 7/1185b lim: 333 exec/s: 0 rss: 29Mb L: 225/333 MS: 1 CrossOver-
#11	NEW    cov: 117 ft: 325 corp: 8/1210b lim: 333 exec/s: 0 rss: 29Mb L: 25/333 MS: 3 ShuffleBytes-ShuffleBytes-ChangeBit-
#12	NEW    cov: 117 ft: 326 corp: 9/1470b lim: 333 exec/s: 0 rss: 29Mb L: 260/333 MS: 1 CrossOver-
#15	NEW    cov: 117 ft: 364 corp: 10/1636b lim: 333 exec/s: 0 rss: 29Mb L: 166/333 MS: 3 CrossOver-EraseBytes-ChangeBinInt-
#18	NEW    cov: 117 ft: 365 corp: 11/1801b lim: 333 exec/s: 0 rss: 29Mb L: 165/333 MS: 3 ChangeBit-ChangeByte-EraseBytes-
#21	NEW    cov: 117 ft: 379 corp: 12/2123b lim: 333 exec/s: 0 rss: 29Mb L: 322/333 MS: 3 ChangeBit-ChangeBinInt-InsertRepeatedBytes-
#22	NEW    cov: 118 ft: 381 corp: 13/2259b lim: 333 exec/s: 0 rss: 29Mb L: 136/333 MS: 1 EraseBytes-
#23	NEW    cov: 118 ft: 382 corp: 14/2464b lim: 333 exec/s: 0 rss: 29Mb L: 205/333 MS: 1 EraseBytes-
#27	NEW    cov: 118 ft: 383 corp: 15/2637b lim: 333 exec/s: 0 rss: 29Mb L: 173/333 MS: 4 ChangeByte-ChangeByte-ChangeBinInt-CMP- DE: "\001\000\000\000\000\000\000\245"-
#32	NEW    cov: 119 ft: 385 corp: 16/2904b lim: 333 exec/s: 0 rss: 29Mb L: 267/333 MS: 5 ChangeByte-ShuffleBytes-CopyPart-PersAutoDict-PersAutoDict- DE: "\001\000\000\000\000\000\000\245"-"\001\000\000\000\000\000\000\245"-
#36	NEW    cov: 119 ft: 386 corp: 17/3129b lim: 333 exec/s: 0 rss: 29Mb L: 225/333 MS: 4 ChangeASCIIInt-PersAutoDict-PersAutoDict-CopyPart- DE: "\001\000\000\000\000\000\000\245"-"\001\000\000\000\000\000\000\245"-
#56	NEW    cov: 119 ft: 387 corp: 18/3351b lim: 333 exec/s: 0 rss: 29Mb L: 222/333 MS: 5 ChangeBinInt-ChangeByte-ChangeASCIIInt-CopyPart-EraseBytes-
#57	REDUCE cov: 119 ft: 387 corp: 18/3313b lim: 333 exec/s: 0 rss: 29Mb L: 187/333 MS: 1 EraseBytes-
#61	NEW    cov: 119 ft: 388 corp: 19/3590b lim: 333 exec/s: 0 rss: 29Mb L: 277/333 MS: 4 ChangeByte-ChangeBinInt-CMP-CrossOver- DE: "\377\377V?\020\344\217p"-
#62	NEW    cov: 119 ft: 389 corp: 20/3888b lim: 333 exec/s: 0 rss: 29Mb L: 298/333 MS: 1 InsertRepeatedBytes-
#68	REDUCE cov: 119 ft: 389 corp: 20/3876b lim: 333 exec/s: 0 rss: 29Mb L: 175/333 MS: 1 EraseBytes-
#70	REDUCE cov: 119 ft: 389 corp: 20/3863b lim: 333 exec/s: 0 rss: 29Mb L: 264/333 MS: 2 CMP-EraseBytes- DE: "\000\000"-
#79	NEW    cov: 120 ft: 390 corp: 21/4039b lim: 333 exec/s: 0 rss: 29Mb L: 176/333 MS: 4 CMP-InsertByte-CopyPart-EraseBytes- DE: "H\247\344\020?W\000\000"-
#80	NEW    cov: 120 ft: 399 corp: 22/4091b lim: 333 exec/s: 0 rss: 29Mb L: 52/333 MS: 1 CMP- DE: "\001\000\000 "-
#82	NEW    cov: 120 ft: 400 corp: 23/4182b lim: 333 exec/s: 0 rss: 29Mb L: 91/333 MS: 2 InsertByte-PersAutoDict- DE: "\377\377V?\020\344\217p"-
#96	NEW    cov: 120 ft: 401 corp: 24/4256b lim: 333 exec/s: 0 rss: 29Mb L: 74/333 MS: 4 ChangeASCIIInt-ShuffleBytes-ShuffleBytes-EraseBytes-
#107	NEW    cov: 121 ft: 403 corp: 25/4589b lim: 333 exec/s: 0 rss: 29Mb L: 333/333 MS: 1 CopyPart-
#111	NEW    cov: 121 ft: 404 corp: 26/4770b lim: 333 exec/s: 0 rss: 29Mb L: 181/333 MS: 4 CrossOver-CMP-CrossOver-ChangeBinInt- DE: "0=\344\020?W\000\000"-
#115	NEW    cov: 121 ft: 410 corp: 27/4906b lim: 333 exec/s: 0 rss: 29Mb L: 136/333 MS: 4 ShuffleBytes-ShuffleBytes-CopyPart-ShuffleBytes-
#128	REDUCE cov: 121 ft: 410 corp: 27/4847b lim: 333 exec/s: 0 rss: 29Mb L: 166/333 MS: 3 CrossOver-InsertByte-EraseBytes-
#138	NEW    cov: 121 ft: 411 corp: 28/4979b lim: 333 exec/s: 0 rss: 29Mb L: 132/333 MS: 5 EraseBytes-PersAutoDict-InsertByte-EraseBytes-EraseBytes- DE: "H\247\344\020?W\000\000"-
#148	NEW    cov: 121 ft: 412 corp: 29/5300b lim: 333 exec/s: 0 rss: 29Mb L: 321/333 MS: 5 CMP-CopyPart-CrossOver-ChangeByte-CopyPart- DE: "\030\000\000\000"-
#154	NEW    cov: 121 ft: 422 corp: 30/5552b lim: 333 exec/s: 0 rss: 29Mb L: 252/333 MS: 1 ChangeBit-
#158	REDUCE cov: 121 ft: 422 corp: 30/5540b lim: 333 exec/s: 0 rss: 29Mb L: 120/333 MS: 4 InsertByte-InsertByte-ChangeByte-EraseBytes-
#169	NEW    cov: 121 ft: 428 corp: 31/5764b lim: 333 exec/s: 0 rss: 29Mb L: 224/333 MS: 1 CMP- DE: "stts"-
#174	NEW    cov: 121 ft: 436 corp: 32/6092b lim: 333 exec/s: 0 rss: 29Mb L: 328/333 MS: 5 ShuffleBytes-CrossOver-InsertByte-ChangeBinInt-CopyPart-
#179	NEW    cov: 121 ft: 437 corp: 33/6146b lim: 333 exec/s: 0 rss: 29Mb L: 54/333 MS: 5 CopyPart-ChangeBit-ShuffleBytes-ChangeBit-CrossOver-
#211	NEW    cov: 121 ft: 438 corp: 34/6424b lim: 333 exec/s: 0 rss: 29Mb L: 278/333 MS: 2 CMP-CopyPart- DE: "iinf"-
#242	REDUCE cov: 121 ft: 438 corp: 34/6371b lim: 333 exec/s: 0 rss: 29Mb L: 171/333 MS: 1 EraseBytes-
#258	NEW    cov: 121 ft: 441 corp: 35/6414b lim: 333 exec/s: 0 rss: 29Mb L: 43/333 MS: 1 CopyPart-
#265	NEW    cov: 121 ft: 451 corp: 36/6437b lim: 333 exec/s: 0 rss: 29Mb L: 23/333 MS: 2 ShuffleBytes-EraseBytes-
#276	NEW    cov: 121 ft: 452 corp: 37/6693b lim: 333 exec/s: 0 rss: 29Mb L: 256/333 MS: 1 PersAutoDict- DE: "\001\000\000 "-
#291	REDUCE cov: 121 ft: 452 corp: 37/6691b lim: 333 exec/s: 0 rss: 29Mb L: 331/333 MS: 5 ChangeBit-ChangeBinInt-ChangeByte-ChangeBit-EraseBytes-
#330	REDUCE cov: 121 ft: 453 corp: 38/6999b lim: 333 exec/s: 0 rss: 29Mb L: 308/333 MS: 4 ChangeBit-InsertRepeatedBytes-ChangeBit-CrossOver-
#349	NEW    cov: 121 ft: 454 corp: 39/7301b lim: 333 exec/s: 0 rss: 29Mb L: 302/333 MS: 4 ShuffleBytes-ChangeASCIIInt-ChangeASCIIInt-PersAutoDict- DE: "\001\000\000 "-
#400	NEW    cov: 121 ft: 455 corp: 40/7340b lim: 333 exec/s: 0 rss: 29Mb L: 39/333 MS: 1 InsertRepeatedBytes-
#413	NEW    cov: 121 ft: 461 corp: 41/7644b lim: 333 exec/s: 0 rss: 29Mb L: 304/333 MS: 3 ChangeByte-CMP-CopyPart- DE: "\000\000\000\000\000\000\000\345"-
#438	NEW    cov: 121 ft: 471 corp: 42/7655b lim: 333 exec/s: 0 rss: 29Mb L: 11/333 MS: 5 InsertRepeatedBytes-ChangeBit-ChangeBinInt-EraseBytes-CrossOver-
#455	REDUCE cov: 121 ft: 471 corp: 42/7644b lim: 333 exec/s: 0 rss: 29Mb L: 253/333 MS: 2 CMP-EraseBytes- DE: "stsd"-
#499	NEW    cov: 121 ft: 477 corp: 43/7977b lim: 333 exec/s: 0 rss: 29Mb L: 333/333 MS: 4 EraseBytes-CrossOver-ShuffleBytes-InsertRepeatedBytes-
#604	REDUCE cov: 121 ft: 477 corp: 43/7975b lim: 333 exec/s: 0 rss: 29Mb L: 326/333 MS: 5 InsertByte-CrossOver-EraseBytes-ChangeBinInt-CopyPart-
#610	NEW    cov: 121 ft: 478 corp: 44/8257b lim: 333 exec/s: 0 rss: 29Mb L: 282/333 MS: 1 PersAutoDict- DE: "\030\000\000\000"-
#631	REDUCE cov: 121 ft: 478 corp: 44/8224b lim: 333 exec/s: 0 rss: 29Mb L: 103/333 MS: 1 EraseBytes-
#633	REDUCE cov: 121 ft: 478 corp: 44/8221b lim: 333 exec/s: 0 rss: 29Mb L: 20/333 MS: 2 ShuffleBytes-EraseBytes-
#877	REDUCE cov: 121 ft: 478 corp: 44/8186b lim: 333 exec/s: 0 rss: 29Mb L: 141/333 MS: 4 ChangeByte-InsertByte-PersAutoDict-EraseBytes- DE: "0=\344\020?W\000\000"-
#915	REDUCE cov: 121 ft: 478 corp: 44/8179b lim: 333 exec/s: 0 rss: 29Mb L: 84/333 MS: 3 EraseBytes-ChangeBinInt-InsertRepeatedBytes-
#949	REDUCE cov: 121 ft: 478 corp: 44/8099b lim: 333 exec/s: 0 rss: 29Mb L: 172/333 MS: 4 InsertRepeatedBytes-ChangeByte-InsertRepeatedBytes-EraseBytes-
#961	REDUCE cov: 121 ft: 478 corp: 44/8098b lim: 333 exec/s: 0 rss: 29Mb L: 330/333 MS: 2 ChangeBinInt-EraseBytes-
#994	NEW    cov: 121 ft: 479 corp: 45/8365b lim: 333 exec/s: 0 rss: 29Mb L: 267/333 MS: 3 PersAutoDict-ChangeByte-InsertRepeatedBytes- DE: "\030\000\000\000"-
#1022	REDUCE cov: 121 ft: 479 corp: 45/8362b lim: 333 exec/s: 0 rss: 29Mb L: 163/333 MS: 3 ChangeBinInt-ShuffleBytes-EraseBytes-
#1051	REDUCE cov: 121 ft: 479 corp: 45/8361b lim: 333 exec/s: 0 rss: 29Mb L: 19/333 MS: 4 InsertRepeatedBytes-ChangeBinInt-EraseBytes-EraseBytes-
#1105	REDUCE cov: 121 ft: 479 corp: 45/8269b lim: 333 exec/s: 0 rss: 29Mb L: 79/333 MS: 4 ChangeBit-PersAutoDict-InsertRepeatedBytes-CrossOver- DE: "\000\000"-
#1111	REDUCE cov: 121 ft: 479 corp: 45/8249b lim: 333 exec/s: 0 rss: 29Mb L: 278/333 MS: 1 EraseBytes-
#1122	REDUCE cov: 121 ft: 481 corp: 46/8432b lim: 333 exec/s: 0 rss: 29Mb L: 183/333 MS: 1 PersAutoDict- DE: "\000\000\000\000\000\000\000\345"-
#1150	REDUCE cov: 121 ft: 481 corp: 46/8384b lim: 333 exec/s: 0 rss: 29Mb L: 212/333 MS: 3 ChangeBinInt-ChangeBinInt-EraseBytes-
#1154	REDUCE cov: 121 ft: 482 corp: 47/8392b lim: 333 exec/s: 0 rss: 29Mb L: 8/333 MS: 4 EraseBytes-CrossOver-CopyPart-EraseBytes-
#1164	NEW    cov: 122 ft: 484 corp: 48/8720b lim: 333 exec/s: 0 rss: 29Mb L: 328/333 MS: 5 ChangeBit-CopyPart-ShuffleBytes-CMP-CrossOver- DE: "stts"-
#1350	REDUCE cov: 122 ft: 484 corp: 48/8679b lim: 333 exec/s: 0 rss: 29Mb L: 100/333 MS: 1 EraseBytes-
#1404	NEW    cov: 122 ft: 485 corp: 49/9009b lim: 333 exec/s: 0 rss: 29Mb L: 330/333 MS: 4 InsertRepeatedBytes-ChangeBinInt-PersAutoDict-CopyPart- DE: "\000\000\000\000\000\000\000\345"-
#1435	REDUCE cov: 122 ft: 485 corp: 49/8988b lim: 333 exec/s: 0 rss: 29Mb L: 261/333 MS: 1 EraseBytes-
#1442	REDUCE cov: 122 ft: 486 corp: 50/9002b lim: 333 exec/s: 0 rss: 29Mb L: 14/333 MS: 2 CrossOver-CrossOver-
#1475	REDUCE cov: 122 ft: 486 corp: 50/8982b lim: 333 exec/s: 0 rss: 29Mb L: 284/333 MS: 3 PersAutoDict-CopyPart-EraseBytes- DE: "iinf"-
#1478	REDUCE cov: 122 ft: 486 corp: 50/8933b lim: 333 exec/s: 0 rss: 29Mb L: 259/333 MS: 3 InsertRepeatedBytes-ChangeBinInt-EraseBytes-
#1555	NEW    cov: 123 ft: 487 corp: 51/8937b lim: 333 exec/s: 0 rss: 29Mb L: 4/333 MS: 2 EraseBytes-EraseBytes-
#1671	REDUCE cov: 123 ft: 487 corp: 51/8903b lim: 333 exec/s: 0 rss: 29Mb L: 233/333 MS: 1 EraseBytes-
#1742	REDUCE cov: 123 ft: 487 corp: 51/8871b lim: 333 exec/s: 0 rss: 29Mb L: 270/333 MS: 1 EraseBytes-
#1786	REDUCE cov: 123 ft: 487 corp: 51/8857b lim: 333 exec/s: 0 rss: 29Mb L: 238/333 MS: 4 ChangeByte-EraseBytes-CrossOver-CrossOver-
#1797	REDUCE cov: 123 ft: 487 corp: 51/8855b lim: 333 exec/s: 0 rss: 29Mb L: 101/333 MS: 1 EraseBytes-
#1869	REDUCE cov: 123 ft: 487 corp: 51/8822b lim: 333 exec/s: 0 rss: 29Mb L: 133/333 MS: 2 ChangeBit-EraseBytes-
#2090	REDUCE cov: 123 ft: 487 corp: 51/8805b lim: 333 exec/s: 0 rss: 29Mb L: 216/333 MS: 1 EraseBytes-
#2221	REDUCE cov: 123 ft: 488 corp: 52/9089b lim: 333 exec/s: 0 rss: 29Mb L: 284/333 MS: 1 ChangeBit-
#2231	REDUCE cov: 123 ft: 488 corp: 52/9059b lim: 333 exec/s: 0 rss: 29Mb L: 291/333 MS: 5 ChangeByte-EraseBytes-ChangeBit-InsertByte-CrossOver-
#2245	REDUCE cov: 123 ft: 488 corp: 52/9045b lim: 333 exec/s: 0 rss: 29Mb L: 312/333 MS: 4 PersAutoDict-CopyPart-EraseBytes-PersAutoDict- DE: "\030\000\000\000"-"\001\000\000\000\000\000\000\245"-
#2308	NEW    cov: 123 ft: 489 corp: 53/9378b lim: 333 exec/s: 0 rss: 29Mb L: 333/333 MS: 3 ChangeBit-ShuffleBytes-ChangeBit-
#2314	REDUCE cov: 123 ft: 489 corp: 53/9351b lim: 333 exec/s: 0 rss: 29Mb L: 306/333 MS: 1 EraseBytes-
#2355	NEW    cov: 123 ft: 490 corp: 54/9575b lim: 333 exec/s: 0 rss: 29Mb L: 224/333 MS: 1 CMP- DE: "ipma"-
#2366	REDUCE cov: 123 ft: 491 corp: 55/9833b lim: 333 exec/s: 0 rss: 29Mb L: 258/333 MS: 1 CrossOver-
#2370	REDUCE cov: 123 ft: 491 corp: 55/9809b lim: 333 exec/s: 0 rss: 29Mb L: 234/333 MS: 4 InsertByte-CopyPart-ShuffleBytes-EraseBytes-
#2384	REDUCE cov: 123 ft: 492 corp: 56/10026b lim: 333 exec/s: 0 rss: 29Mb L: 217/333 MS: 4 ShuffleBytes-ChangeBinInt-CrossOver-CopyPart-
#2394	REDUCE cov: 123 ft: 495 corp: 57/10231b lim: 333 exec/s: 0 rss: 29Mb L: 205/333 MS: 5 ChangeBit-ChangeByte-ChangeBinInt-CMP-EraseBytes- DE: "hdlr"-
#2459	REDUCE cov: 123 ft: 495 corp: 57/10153b lim: 333 exec/s: 0 rss: 29Mb L: 213/333 MS: 5 PersAutoDict-CrossOver-ChangeBinInt-ChangeBinInt-EraseBytes- DE: "\030\000\000\000"-
#2532	NEW    cov: 124 ft: 496 corp: 58/10373b lim: 333 exec/s: 0 rss: 29Mb L: 220/333 MS: 3 ChangeBinInt-CMP-CMP- DE: "\017\000"-"stts"-
#2813	REDUCE cov: 124 ft: 496 corp: 58/10349b lim: 333 exec/s: 0 rss: 29Mb L: 306/333 MS: 1 EraseBytes-
#2970	REDUCE cov: 124 ft: 496 corp: 58/10305b lim: 333 exec/s: 0 rss: 29Mb L: 161/333 MS: 2 ChangeByte-EraseBytes-
#3103	REDUCE cov: 124 ft: 496 corp: 58/10289b lim: 333 exec/s: 0 rss: 29Mb L: 290/333 MS: 3 InsertByte-InsertByte-CrossOver-
#3192	REDUCE cov: 124 ft: 496 corp: 58/10277b lim: 333 exec/s: 0 rss: 29Mb L: 321/333 MS: 4 CMP-PersAutoDict-ShuffleBytes-EraseBytes- DE: "avc1"-"\377\377V?\020\344\217p"-
#3252	REDUCE cov: 124 ft: 496 corp: 58/10223b lim: 333 exec/s: 0 rss: 29Mb L: 46/333 MS: 5 ChangeBit-ChangeBinInt-PersAutoDict-ChangeByte-CrossOver- DE: "hdlr"-
#3348	REDUCE cov: 124 ft: 496 corp: 58/10140b lim: 333 exec/s: 0 rss: 29Mb L: 176/333 MS: 1 EraseBytes-
#3819	REDUCE cov: 124 ft: 496 corp: 58/10133b lim: 333 exec/s: 0 rss: 29Mb L: 72/333 MS: 1 EraseBytes-
#3856	REDUCE cov: 124 ft: 496 corp: 58/10070b lim: 333 exec/s: 0 rss: 29Mb L: 142/333 MS: 2 InsertByte-EraseBytes-
#3899	REDUCE cov: 124 ft: 496 corp: 58/10069b lim: 333 exec/s: 0 rss: 29Mb L: 3/333 MS: 3 ChangeBit-InsertByte-EraseBytes-
#4059	REDUCE cov: 124 ft: 496 corp: 58/10068b lim: 333 exec/s: 0 rss: 29Mb L: 18/333 MS: 5 CMP-ChangeByte-EraseBytes-ChangeBinInt-CopyPart- DE: "dinf"-
#4080	REDUCE cov: 124 ft: 496 corp: 58/10067b lim: 333 exec/s: 0 rss: 29Mb L: 2/333 MS: 1 EraseBytes-
#4181	REDUCE cov: 124 ft: 496 corp: 58/10062b lim: 333 exec/s: 0 rss: 29Mb L: 49/333 MS: 1 EraseBytes-
#4256	REDUCE cov: 124 ft: 498 corp: 59/10355b lim: 333 exec/s: 0 rss: 37Mb L: 293/333 MS: 5 ShuffleBytes-CMP-ChangeBit-CopyPart-PersAutoDict- DE: "mdhd"-"iinf"-
#4300	REDUCE cov: 124 ft: 498 corp: 59/10348b lim: 333 exec/s: 0 rss: 37Mb L: 158/333 MS: 4 EraseBytes-PersAutoDict-InsertByte-CopyPart- DE: "mdhd"-
#4316	REDUCE cov: 124 ft: 498 corp: 59/10334b lim: 333 exec/s: 0 rss: 37Mb L: 308/333 MS: 1 EraseBytes-
#4361	REDUCE cov: 124 ft: 498 corp: 59/10308b lim: 333 exec/s: 0 rss: 37Mb L: 94/333 MS: 5 InsertRepeatedBytes-InsertRepeatedBytes-ChangeBit-CopyPart-CrossOver-
#4431	REDUCE cov: 124 ft: 498 corp: 59/10296b lim: 333 exec/s: 0 rss: 37Mb L: 201/333 MS: 5 CrossOver-InsertByte-InsertByte-CrossOver-InsertByte-
#4443	REDUCE cov: 124 ft: 498 corp: 59/10227b lim: 333 exec/s: 0 rss: 37Mb L: 147/333 MS: 2 ChangeASCIIInt-EraseBytes-
#4504	REDUCE cov: 124 ft: 498 corp: 59/10223b lim: 333 exec/s: 0 rss: 37Mb L: 90/333 MS: 1 EraseBytes-
#4655	REDUCE cov: 124 ft: 498 corp: 59/10183b lim: 333 exec/s: 0 rss: 37Mb L: 172/333 MS: 1 EraseBytes-
#4842	REDUCE cov: 124 ft: 498 corp: 59/10148b lim: 333 exec/s: 0 rss: 37Mb L: 101/333 MS: 2 EraseBytes-ShuffleBytes-
#4948	REDUCE cov: 124 ft: 498 corp: 59/10144b lim: 333 exec/s: 0 rss: 37Mb L: 274/333 MS: 1 EraseBytes-
#4999	REDUCE cov: 124 ft: 498 corp: 59/10140b lim: 333 exec/s: 0 rss: 37Mb L: 68/333 MS: 1 CrossOver-
#5002	REDUCE cov: 124 ft: 498 corp: 59/10137b lim: 333 exec/s: 0 rss: 37Mb L: 36/333 MS: 3 InsertByte-ChangeBinInt-EraseBytes-
#5023	REDUCE cov: 124 ft: 498 corp: 59/10127b lim: 333 exec/s: 0 rss: 37Mb L: 165/333 MS: 1 EraseBytes-
#5027	REDUCE cov: 124 ft: 498 corp: 59/10023b lim: 333 exec/s: 0 rss: 37Mb L: 180/333 MS: 4 ChangeBit-ChangeBinInt-ChangeBinInt-EraseBytes-
#5250	REDUCE cov: 124 ft: 499 corp: 60/10287b lim: 333 exec/s: 0 rss: 37Mb L: 264/333 MS: 3 CopyPart-PersAutoDict-InsertRepeatedBytes- DE: "iinf"-
#5262	REDUCE cov: 124 ft: 499 corp: 60/10232b lim: 333 exec/s: 0 rss: 37Mb L: 87/333 MS: 2 ChangeBit-EraseBytes-
#5384	REDUCE cov: 124 ft: 499 corp: 60/10225b lim: 333 exec/s: 0 rss: 37Mb L: 61/333 MS: 2 PersAutoDict-EraseBytes- DE: "hdlr"-
#5560	REDUCE cov: 124 ft: 499 corp: 60/10210b lim: 333 exec/s: 0 rss: 37Mb L: 72/333 MS: 1 EraseBytes-
#5604	REDUCE cov: 124 ft: 499 corp: 60/10179b lim: 333 exec/s: 0 rss: 37Mb L: 41/333 MS: 4 ChangeBinInt-CMP-PersAutoDict-EraseBytes- DE: "E[\003h\256{\000\000"-"\001\000\000\000\000\000\000\245"-
#5670	REDUCE cov: 124 ft: 499 corp: 60/10160b lim: 333 exec/s: 0 rss: 37Mb L: 27/333 MS: 1 EraseBytes-
#5856	REDUCE cov: 124 ft: 499 corp: 60/10159b lim: 333 exec/s: 0 rss: 37Mb L: 273/333 MS: 1 EraseBytes-
#5858	REDUCE cov: 124 ft: 499 corp: 60/10157b lim: 333 exec/s: 0 rss: 37Mb L: 59/333 MS: 2 CrossOver-EraseBytes-
#6677	REDUCE cov: 124 ft: 503 corp: 61/10478b lim: 341 exec/s: 6677 rss: 37Mb L: 321/333 MS: 3 CopyPart-CopyPart-ShuffleBytes-
#6692	REDUCE cov: 124 ft: 503 corp: 61/10472b lim: 341 exec/s: 6692 rss: 37Mb L: 300/333 MS: 5 InsertRepeatedBytes-InsertRepeatedBytes-PersAutoDict-EraseBytes-CrossOver- DE: "stts"-
#6827	REDUCE cov: 124 ft: 503 corp: 61/10452b lim: 341 exec/s: 6827 rss: 37Mb L: 152/333 MS: 5 InsertByte-InsertByte-EraseBytes-PersAutoDict-PersAutoDict- DE: "\000\000\000\000\000\000\000\345"-"stts"-
#7168	REDUCE cov: 124 ft: 503 corp: 61/10451b lim: 341 exec/s: 7168 rss: 37Mb L: 1/333 MS: 1 EraseBytes-
#7304	REDUCE cov: 124 ft: 503 corp: 61/10433b lim: 341 exec/s: 7304 rss: 37Mb L: 41/333 MS: 1 EraseBytes-
#7402	REDUCE cov: 124 ft: 503 corp: 61/10432b lim: 341 exec/s: 7402 rss: 37Mb L: 51/333 MS: 3 ShuffleBytes-EraseBytes-CMP- DE: "urn "-
#7961	REDUCE cov: 124 ft: 503 corp: 61/10419b lim: 341 exec/s: 7961 rss: 37Mb L: 69/333 MS: 4 InsertRepeatedBytes-ChangeByte-EraseBytes-EraseBytes-
==579725== ERROR: libFuzzer: out-of-memory (used: 1053Mb; limit: 1024Mb)
   To change the out-of-memory limit use -rss_limit_mb=<N>

MS: 2 ChangeBinInt-InsertRepeatedBytes-; base unit: 66bc1c6a50a46957e50ecf9366faf3622b314ae9
artifact_prefix='/results/crashes/20260313_172426_a6ce2553_'; Test unit written to /results/crashes/20260313_172426_a6ce2553_oom-d7441533cc76476ec5332e9d9809ea26d695bb00
SUMMARY: libFuzzer: out-of-memory
stat::number_of_executed_units: 8063
stat::average_exec_per_sec:     4031
stat::new_units_added:          130
stat::slowest_unit_time_sec:    0
stat::peak_rss_mb:              1054
