INFO: Running with entropic power schedule (0xFF, 100).
INFO: Seed: 1593799619
INFO: Loaded 1 modules   (252 inline 8-bit counters): 252 [0x6342f6ccb678, 0x6342f6ccb774), 
INFO: Loaded 1 PC tables (252 PCs): 252 [0x6342f6ccb778,0x6342f6ccc738), 
INFO:        4 files found in /tmp/corpus_20260313_191538_e4f0b689
INFO: seed corpus: files: 4 min: 48b max: 333b total: 853b rss: 28Mb
#5	INITED cov: 119 ft: 255 corp: 4/853b exec/s: 0 rss: 29Mb
#6	NEW    cov: 119 ft: 256 corp: 5/1105b lim: 333 exec/s: 0 rss: 29Mb L: 252/333 MS: 1 ChangeByte-
#11	NEW    cov: 119 ft: 257 corp: 6/1438b lim: 333 exec/s: 0 rss: 29Mb L: 333/333 MS: 5 ChangeByte-ChangeByte-ChangeByte-CrossOver-CrossOver-
#13	NEW    cov: 119 ft: 271 corp: 7/1658b lim: 333 exec/s: 0 rss: 29Mb L: 220/333 MS: 2 ChangeByte-CrossOver-
#14	NEW    cov: 119 ft: 272 corp: 8/1991b lim: 333 exec/s: 0 rss: 29Mb L: 333/333 MS: 1 ShuffleBytes-
#15	NEW    cov: 119 ft: 274 corp: 9/2324b lim: 333 exec/s: 0 rss: 29Mb L: 333/333 MS: 1 CrossOver-
#16	NEW    cov: 120 ft: 279 corp: 10/2618b lim: 333 exec/s: 0 rss: 29Mb L: 294/333 MS: 1 InsertRepeatedBytes-
#17	NEW    cov: 120 ft: 281 corp: 11/2871b lim: 333 exec/s: 0 rss: 29Mb L: 253/333 MS: 1 CrossOver-
#18	NEW    cov: 120 ft: 299 corp: 12/2934b lim: 333 exec/s: 0 rss: 29Mb L: 63/333 MS: 1 InsertRepeatedBytes-
#19	NEW    cov: 121 ft: 301 corp: 13/3266b lim: 333 exec/s: 0 rss: 29Mb L: 332/333 MS: 1 InsertRepeatedBytes-
#20	NEW    cov: 121 ft: 302 corp: 14/3314b lim: 333 exec/s: 0 rss: 29Mb L: 48/333 MS: 1 ChangeBinInt-
#22	NEW    cov: 121 ft: 329 corp: 15/3446b lim: 333 exec/s: 0 rss: 29Mb L: 132/333 MS: 2 InsertByte-EraseBytes-
#24	NEW    cov: 122 ft: 330 corp: 16/3703b lim: 333 exec/s: 0 rss: 29Mb L: 257/333 MS: 2 ChangeBit-CMP- DE: "avcC"-
#25	NEW    cov: 122 ft: 331 corp: 17/3770b lim: 333 exec/s: 0 rss: 29Mb L: 67/333 MS: 1 PersAutoDict- DE: "avcC"-
#36	NEW    cov: 122 ft: 337 corp: 18/3902b lim: 333 exec/s: 0 rss: 29Mb L: 132/333 MS: 1 CrossOver-
#37	NEW    cov: 122 ft: 338 corp: 19/4196b lim: 333 exec/s: 0 rss: 29Mb L: 294/333 MS: 1 ShuffleBytes-
#48	NEW    cov: 122 ft: 339 corp: 20/4379b lim: 333 exec/s: 0 rss: 29Mb L: 183/333 MS: 1 CrossOver-
#49	NEW    cov: 122 ft: 343 corp: 21/4711b lim: 333 exec/s: 0 rss: 29Mb L: 332/333 MS: 1 CopyPart-
#53	NEW    cov: 122 ft: 345 corp: 22/5044b lim: 333 exec/s: 0 rss: 29Mb L: 333/333 MS: 4 ShuffleBytes-InsertByte-ChangeByte-CrossOver-
#55	NEW    cov: 122 ft: 383 corp: 23/5069b lim: 333 exec/s: 0 rss: 29Mb L: 25/333 MS: 2 CMP-EraseBytes- DE: "frma"-
#57	NEW    cov: 122 ft: 385 corp: 24/5325b lim: 333 exec/s: 0 rss: 29Mb L: 256/333 MS: 2 ChangeByte-EraseBytes-
#58	NEW    cov: 122 ft: 389 corp: 25/5374b lim: 333 exec/s: 0 rss: 29Mb L: 49/333 MS: 1 InsertByte-
#59	NEW    cov: 122 ft: 390 corp: 26/5672b lim: 333 exec/s: 0 rss: 29Mb L: 298/333 MS: 1 PersAutoDict- DE: "frma"-
#68	NEW    cov: 122 ft: 391 corp: 27/5980b lim: 333 exec/s: 0 rss: 29Mb L: 308/333 MS: 4 ChangeByte-EraseBytes-ChangeBit-CrossOver-
#89	NEW    cov: 122 ft: 392 corp: 28/6139b lim: 333 exec/s: 0 rss: 29Mb L: 159/333 MS: 1 InsertRepeatedBytes-
#99	NEW    cov: 122 ft: 393 corp: 29/6194b lim: 333 exec/s: 0 rss: 29Mb L: 55/333 MS: 5 CopyPart-PersAutoDict-InsertByte-ShuffleBytes-EraseBytes- DE: "frma"-
#110	NEW    cov: 122 ft: 394 corp: 30/6268b lim: 333 exec/s: 0 rss: 29Mb L: 74/333 MS: 1 InsertRepeatedBytes-
#130	NEW    cov: 122 ft: 395 corp: 31/6497b lim: 333 exec/s: 0 rss: 29Mb L: 229/333 MS: 5 ShuffleBytes-ChangeBit-PersAutoDict-ChangeBinInt-CrossOver- DE: "frma"-
#149	NEW    cov: 122 ft: 399 corp: 32/6829b lim: 333 exec/s: 0 rss: 29Mb L: 332/333 MS: 4 ShuffleBytes-ChangeByte-CrossOver-CopyPart-
#150	REDUCE cov: 122 ft: 399 corp: 32/6773b lim: 333 exec/s: 0 rss: 29Mb L: 201/333 MS: 1 EraseBytes-
#156	NEW    cov: 122 ft: 401 corp: 33/7082b lim: 333 exec/s: 0 rss: 29Mb L: 309/333 MS: 1 InsertByte-
#162	NEW    cov: 122 ft: 412 corp: 34/7338b lim: 333 exec/s: 0 rss: 29Mb L: 256/333 MS: 1 ChangeByte-
#169	NEW    cov: 122 ft: 413 corp: 35/7671b lim: 333 exec/s: 0 rss: 29Mb L: 333/333 MS: 2 CopyPart-InsertByte-
#250	NEW    cov: 122 ft: 414 corp: 36/7895b lim: 333 exec/s: 0 rss: 29Mb L: 224/333 MS: 1 CMP- DE: "tkhd"-
#285	NEW    cov: 122 ft: 415 corp: 37/7984b lim: 333 exec/s: 0 rss: 29Mb L: 89/333 MS: 5 CopyPart-CopyPart-CMP-EraseBytes-InsertByte- DE: "avcC"-
#301	NEW    cov: 122 ft: 422 corp: 38/8012b lim: 333 exec/s: 0 rss: 29Mb L: 28/333 MS: 1 EraseBytes-
#308	NEW    cov: 122 ft: 429 corp: 39/8306b lim: 333 exec/s: 0 rss: 29Mb L: 294/333 MS: 2 ChangeBinInt-ChangeByte-
#333	NEW    cov: 122 ft: 430 corp: 40/8371b lim: 333 exec/s: 0 rss: 29Mb L: 65/333 MS: 5 ChangeByte-ChangeBit-ChangeBit-CMP-CopyPart- DE: "schm"-
#339	NEW    cov: 122 ft: 431 corp: 41/8396b lim: 333 exec/s: 0 rss: 29Mb L: 25/333 MS: 1 CMP- DE: "\375\000\000\000\000\000\000\000"-
#401	NEW    cov: 122 ft: 432 corp: 42/8459b lim: 333 exec/s: 0 rss: 29Mb L: 63/333 MS: 2 CMP-EraseBytes- DE: "\001\000\000\010"-
#402	REDUCE cov: 122 ft: 432 corp: 42/8222b lim: 333 exec/s: 0 rss: 29Mb L: 57/333 MS: 1 CrossOver-
#428	NEW    cov: 122 ft: 442 corp: 43/8238b lim: 333 exec/s: 0 rss: 29Mb L: 16/333 MS: 1 EraseBytes-
#455	NEW    cov: 122 ft: 444 corp: 44/8268b lim: 333 exec/s: 0 rss: 29Mb L: 30/333 MS: 2 CMP-ShuffleBytes- DE: "\004\000"-
#480	NEW    cov: 123 ft: 445 corp: 45/8549b lim: 333 exec/s: 0 rss: 29Mb L: 281/333 MS: 5 CMP-ChangeBit-CopyPart-ChangeByte-InsertRepeatedBytes- DE: "\017\000\000\000\000\000\000\000"-
#590	NEW    cov: 123 ft: 454 corp: 46/8560b lim: 333 exec/s: 0 rss: 29Mb L: 11/333 MS: 5 ShuffleBytes-ChangeByte-ChangeBit-ChangeBit-CrossOver-
#608	REDUCE cov: 123 ft: 454 corp: 46/8506b lim: 333 exec/s: 0 rss: 29Mb L: 147/333 MS: 3 ChangeBit-CopyPart-EraseBytes-
#635	REDUCE cov: 123 ft: 454 corp: 46/8395b lim: 333 exec/s: 0 rss: 29Mb L: 222/333 MS: 2 ChangeByte-EraseBytes-
#638	NEW    cov: 123 ft: 455 corp: 47/8648b lim: 333 exec/s: 0 rss: 29Mb L: 253/333 MS: 3 CrossOver-ChangeASCIIInt-InsertByte-
#757	REDUCE cov: 123 ft: 455 corp: 47/8528b lim: 333 exec/s: 0 rss: 29Mb L: 136/333 MS: 4 EraseBytes-ChangeByte-EraseBytes-InsertByte-
#872	NEW    cov: 123 ft: 464 corp: 48/8861b lim: 333 exec/s: 0 rss: 29Mb L: 333/333 MS: 5 ShuffleBytes-ChangeByte-ChangeBit-ChangeByte-ChangeByte-
#908	REDUCE cov: 123 ft: 464 corp: 48/8783b lim: 333 exec/s: 0 rss: 29Mb L: 220/333 MS: 1 EraseBytes-
#993	REDUCE cov: 123 ft: 464 corp: 48/8780b lim: 333 exec/s: 0 rss: 29Mb L: 25/333 MS: 5 ChangeBit-PersAutoDict-ChangeBit-EraseBytes-EraseBytes- DE: "\375\000\000\000\000\000\000\000"-
#994	REDUCE cov: 123 ft: 465 corp: 49/8806b lim: 333 exec/s: 0 rss: 29Mb L: 26/333 MS: 1 InsertByte-
#1201	NEW    cov: 123 ft: 466 corp: 50/9139b lim: 333 exec/s: 0 rss: 29Mb L: 333/333 MS: 2 CrossOver-InsertByte-
#1350	REDUCE cov: 123 ft: 466 corp: 50/8984b lim: 333 exec/s: 0 rss: 29Mb L: 178/333 MS: 4 EraseBytes-EraseBytes-ChangeBinInt-CrossOver-
#1434	NEW    cov: 123 ft: 471 corp: 51/9069b lim: 333 exec/s: 0 rss: 29Mb L: 85/333 MS: 4 CrossOver-CMP-PersAutoDict-EraseBytes- DE: "\003\000\000\000\000\000\000\000"-"\004\000"-
#1452	NEW    cov: 123 ft: 472 corp: 52/9077b lim: 333 exec/s: 0 rss: 29Mb L: 8/333 MS: 3 InsertByte-ChangeBinInt-EraseBytes-
#1488	NEW    cov: 123 ft: 473 corp: 53/9387b lim: 333 exec/s: 0 rss: 29Mb L: 310/333 MS: 1 CrossOver-
#1514	REDUCE cov: 123 ft: 473 corp: 53/9365b lim: 333 exec/s: 0 rss: 29Mb L: 198/333 MS: 1 EraseBytes-
#1558	NEW    cov: 123 ft: 480 corp: 54/9643b lim: 333 exec/s: 0 rss: 29Mb L: 278/333 MS: 4 ChangeByte-ChangeBinInt-CopyPart-InsertByte-
#1630	NEW    cov: 124 ft: 481 corp: 55/9649b lim: 333 exec/s: 0 rss: 29Mb L: 6/333 MS: 2 ChangeBit-EraseBytes-
#1686	NEW    cov: 124 ft: 482 corp: 56/9953b lim: 333 exec/s: 0 rss: 29Mb L: 304/333 MS: 1 EraseBytes-
#1693	REDUCE cov: 124 ft: 482 corp: 56/9924b lim: 333 exec/s: 0 rss: 29Mb L: 303/333 MS: 2 PersAutoDict-EraseBytes- DE: "tkhd"-
#1705	NEW    cov: 124 ft: 488 corp: 57/10257b lim: 333 exec/s: 0 rss: 29Mb L: 333/333 MS: 2 PersAutoDict-ChangeBit- DE: "\001\000\000\010"-
#1710	NEW    cov: 125 ft: 489 corp: 58/10585b lim: 333 exec/s: 0 rss: 29Mb L: 328/333 MS: 5 InsertByte-CMP-ChangeBinInt-InsertRepeatedBytes-InsertRepeatedBytes- DE: "trak"-
#1794	REDUCE cov: 125 ft: 489 corp: 58/10583b lim: 333 exec/s: 0 rss: 29Mb L: 46/333 MS: 4 ChangeBinInt-CrossOver-CrossOver-EraseBytes-
#1843	REDUCE cov: 125 ft: 489 corp: 58/10579b lim: 333 exec/s: 0 rss: 29Mb L: 225/333 MS: 4 ChangeBinInt-ChangeASCIIInt-PersAutoDict-EraseBytes- DE: "\017\000\000\000\000\000\000\000"-
#1848	REDUCE cov: 125 ft: 489 corp: 58/10565b lim: 333 exec/s: 0 rss: 29Mb L: 43/333 MS: 5 ChangeByte-ChangeBinInt-InsertRepeatedBytes-EraseBytes-EraseBytes-
#2124	REDUCE cov: 125 ft: 489 corp: 58/10533b lim: 333 exec/s: 0 rss: 29Mb L: 100/333 MS: 1 EraseBytes-
#2255	REDUCE cov: 125 ft: 489 corp: 58/10487b lim: 333 exec/s: 0 rss: 29Mb L: 152/333 MS: 1 EraseBytes-
#2489	NEW    cov: 125 ft: 490 corp: 59/10510b lim: 333 exec/s: 0 rss: 29Mb L: 23/333 MS: 4 ShuffleBytes-EraseBytes-ShuffleBytes-EraseBytes-
#2541	NEW    cov: 125 ft: 492 corp: 60/10734b lim: 333 exec/s: 0 rss: 29Mb L: 224/333 MS: 2 CrossOver-PersAutoDict- DE: "schm"-
#2557	REDUCE cov: 125 ft: 492 corp: 60/10732b lim: 333 exec/s: 0 rss: 29Mb L: 4/333 MS: 1 EraseBytes-
#2569	NEW    cov: 125 ft: 493 corp: 61/10952b lim: 333 exec/s: 0 rss: 29Mb L: 220/333 MS: 2 ShuffleBytes-ChangeBit-
#2822	REDUCE cov: 125 ft: 493 corp: 61/10944b lim: 333 exec/s: 0 rss: 29Mb L: 22/333 MS: 3 EraseBytes-InsertByte-ChangeBit-
#2847	REDUCE cov: 125 ft: 493 corp: 61/10898b lim: 333 exec/s: 0 rss: 29Mb L: 210/333 MS: 5 CrossOver-ChangeByte-CopyPart-CMP-EraseBytes- DE: "\377\377bB\366\251\202O"-
#2990	REDUCE cov: 125 ft: 493 corp: 61/10897b lim: 333 exec/s: 0 rss: 29Mb L: 302/333 MS: 3 EraseBytes-ChangeBit-CrossOver-
#3156	REDUCE cov: 125 ft: 493 corp: 61/10891b lim: 333 exec/s: 0 rss: 29Mb L: 146/333 MS: 1 EraseBytes-
#3290	NEW    cov: 125 ft: 495 corp: 62/11146b lim: 333 exec/s: 0 rss: 29Mb L: 255/333 MS: 4 CopyPart-CopyPart-ShuffleBytes-InsertRepeatedBytes-
#3374	NEW    cov: 125 ft: 496 corp: 63/11468b lim: 333 exec/s: 0 rss: 29Mb L: 322/333 MS: 4 ChangeBinInt-ChangeBit-ShuffleBytes-InsertRepeatedBytes-
#3482	REDUCE cov: 125 ft: 496 corp: 63/11451b lim: 333 exec/s: 0 rss: 29Mb L: 29/333 MS: 3 ChangeByte-ShuffleBytes-EraseBytes-
#3543	REDUCE cov: 125 ft: 496 corp: 63/11445b lim: 333 exec/s: 0 rss: 29Mb L: 37/333 MS: 1 EraseBytes-
#3581	NEW    cov: 125 ft: 499 corp: 64/11647b lim: 333 exec/s: 0 rss: 29Mb L: 202/333 MS: 3 InsertRepeatedBytes-InsertByte-EraseBytes-
#3608	REDUCE cov: 125 ft: 499 corp: 64/11606b lim: 333 exec/s: 0 rss: 29Mb L: 181/333 MS: 2 PersAutoDict-EraseBytes- DE: "\004\000"-
#3719	REDUCE cov: 125 ft: 499 corp: 64/11598b lim: 333 exec/s: 0 rss: 29Mb L: 324/333 MS: 1 EraseBytes-
#3800	REDUCE cov: 125 ft: 499 corp: 64/11596b lim: 333 exec/s: 0 rss: 29Mb L: 20/333 MS: 1 EraseBytes-
#3831	NEW    cov: 125 ft: 500 corp: 65/11817b lim: 333 exec/s: 0 rss: 29Mb L: 221/333 MS: 1 InsertByte-
#3973	REDUCE cov: 125 ft: 500 corp: 65/11812b lim: 333 exec/s: 0 rss: 29Mb L: 220/333 MS: 2 ChangeBit-EraseBytes-
#4129	NEW    cov: 125 ft: 501 corp: 66/12133b lim: 333 exec/s: 0 rss: 29Mb L: 321/333 MS: 1 InsertRepeatedBytes-
#4220	REDUCE cov: 125 ft: 501 corp: 66/12049b lim: 333 exec/s: 0 rss: 29Mb L: 118/333 MS: 1 EraseBytes-
#4236	REDUCE cov: 125 ft: 501 corp: 66/12034b lim: 333 exec/s: 0 rss: 29Mb L: 209/333 MS: 1 EraseBytes-
#4289	REDUCE cov: 125 ft: 501 corp: 66/12033b lim: 333 exec/s: 0 rss: 29Mb L: 62/333 MS: 3 CopyPart-ChangeBinInt-EraseBytes-
#4368	NEW    cov: 125 ft: 507 corp: 67/12366b lim: 333 exec/s: 0 rss: 29Mb L: 333/333 MS: 4 ChangeByte-ChangeBit-CopyPart-CopyPart-
#4436	REDUCE cov: 125 ft: 507 corp: 67/12354b lim: 333 exec/s: 0 rss: 29Mb L: 296/333 MS: 3 PersAutoDict-CrossOver-EraseBytes- DE: "\375\000\000\000\000\000\000\000"-
#4539	REDUCE cov: 125 ft: 507 corp: 67/12308b lim: 333 exec/s: 0 rss: 29Mb L: 72/333 MS: 3 PersAutoDict-ChangeBinInt-EraseBytes- DE: "frma"-
#4586	REDUCE cov: 125 ft: 507 corp: 67/12305b lim: 333 exec/s: 0 rss: 29Mb L: 20/333 MS: 2 InsertByte-EraseBytes-
#4687	REDUCE cov: 125 ft: 507 corp: 67/12278b lim: 333 exec/s: 0 rss: 29Mb L: 120/333 MS: 1 EraseBytes-
#4773	REDUCE cov: 125 ft: 507 corp: 67/12261b lim: 333 exec/s: 0 rss: 29Mb L: 55/333 MS: 1 EraseBytes-
#4787	REDUCE cov: 125 ft: 507 corp: 67/12259b lim: 333 exec/s: 0 rss: 29Mb L: 27/333 MS: 4 ChangeBinInt-CMP-ShuffleBytes-EraseBytes- DE: "\037\000"-
#4849	REDUCE cov: 125 ft: 507 corp: 67/12239b lim: 333 exec/s: 0 rss: 29Mb L: 100/333 MS: 2 ChangeBinInt-EraseBytes-
#4916	NEW    cov: 125 ft: 512 corp: 68/12563b lim: 333 exec/s: 0 rss: 29Mb L: 324/333 MS: 2 InsertRepeatedBytes-ChangeBinInt-
#5006	REDUCE cov: 125 ft: 512 corp: 68/12550b lim: 333 exec/s: 0 rss: 29Mb L: 320/333 MS: 5 CopyPart-EraseBytes-ShuffleBytes-InsertRepeatedBytes-CMP- DE: "avcC"-
#5178	REDUCE cov: 125 ft: 512 corp: 68/12462b lim: 333 exec/s: 0 rss: 29Mb L: 93/333 MS: 2 CrossOver-EraseBytes-
#5274	REDUCE cov: 125 ft: 512 corp: 68/12459b lim: 333 exec/s: 0 rss: 29Mb L: 17/333 MS: 1 EraseBytes-
#5277	REDUCE cov: 125 ft: 512 corp: 68/12454b lim: 333 exec/s: 0 rss: 29Mb L: 58/333 MS: 3 ChangeASCIIInt-ChangeBit-EraseBytes-
#5359	REDUCE cov: 125 ft: 512 corp: 68/12449b lim: 333 exec/s: 0 rss: 29Mb L: 50/333 MS: 2 PersAutoDict-EraseBytes- DE: "\037\000"-
#5427	REDUCE cov: 125 ft: 512 corp: 68/12404b lim: 333 exec/s: 0 rss: 29Mb L: 114/333 MS: 3 CopyPart-ChangeByte-EraseBytes-
#5548	REDUCE cov: 125 ft: 512 corp: 68/12369b lim: 333 exec/s: 0 rss: 29Mb L: 111/333 MS: 1 EraseBytes-
#5609	REDUCE cov: 125 ft: 512 corp: 68/12364b lim: 333 exec/s: 0 rss: 29Mb L: 12/333 MS: 1 EraseBytes-
#5720	REDUCE cov: 125 ft: 512 corp: 68/12362b lim: 333 exec/s: 0 rss: 29Mb L: 109/333 MS: 1 EraseBytes-
#5725	REDUCE cov: 125 ft: 512 corp: 68/12266b lim: 333 exec/s: 0 rss: 29Mb L: 232/333 MS: 5 CrossOver-CMP-EraseBytes-ChangeByte-PersAutoDict- DE: "\001\000\000<"-"tkhd"-
#5764	REDUCE cov: 125 ft: 512 corp: 68/12179b lim: 333 exec/s: 0 rss: 29Mb L: 123/333 MS: 4 ShuffleBytes-ChangeBit-InsertByte-EraseBytes-
#5844	REDUCE cov: 125 ft: 512 corp: 68/12072b lim: 333 exec/s: 5844 rss: 29Mb L: 226/333 MS: 5 EraseBytes-ShuffleBytes-ChangeBinInt-ChangeByte-EraseBytes-
#5892	REDUCE cov: 125 ft: 512 corp: 68/12070b lim: 333 exec/s: 5892 rss: 29Mb L: 98/333 MS: 3 ChangeByte-CopyPart-EraseBytes-
#6078	REDUCE cov: 125 ft: 512 corp: 68/12062b lim: 333 exec/s: 6078 rss: 29Mb L: 18/333 MS: 1 EraseBytes-
#6153	REDUCE cov: 125 ft: 512 corp: 68/12047b lim: 333 exec/s: 6153 rss: 29Mb L: 168/333 MS: 5 ChangeBit-EraseBytes-PersAutoDict-InsertRepeatedBytes-CopyPart- DE: "avcC"-
#6214	REDUCE cov: 125 ft: 512 corp: 68/11966b lim: 333 exec/s: 6214 rss: 29Mb L: 215/333 MS: 1 EraseBytes-
#6337	REDUCE cov: 125 ft: 512 corp: 68/11934b lim: 333 exec/s: 6337 rss: 29Mb L: 220/333 MS: 3 EraseBytes-InsertByte-ShuffleBytes-
#6544	NEW    cov: 125 ft: 513 corp: 69/12247b lim: 333 exec/s: 6544 rss: 1089Mb L: 313/333 MS: 2 ChangeByte-CMP- DE: "hvc1"-
#6815	REDUCE cov: 125 ft: 513 corp: 69/12239b lim: 333 exec/s: 6815 rss: 1089Mb L: 92/333 MS: 1 EraseBytes-
#6963	REDUCE cov: 125 ft: 513 corp: 69/12227b lim: 333 exec/s: 6963 rss: 1089Mb L: 156/333 MS: 3 ChangeBit-EraseBytes-PersAutoDict- DE: "\375\000\000\000\000\000\000\000"-
==919330== ERROR: libFuzzer: out-of-memory (used: 1089Mb; limit: 1024Mb)
   To change the out-of-memory limit use -rss_limit_mb=<N>

MS: 1 ChangeByte-; base unit: 3f6ff0a2dae9bd3d0be6bd671d3174fc5917030a
artifact_prefix='/results/crashes/20260313_191538_e4f0b689_'; Test unit written to /results/crashes/20260313_191538_e4f0b689_oom-93dd9fa987a87b33ff1b494f25c28fec420eb290
SUMMARY: libFuzzer: out-of-memory
stat::number_of_executed_units: 6989
stat::average_exec_per_sec:     3494
stat::new_units_added:          120
stat::slowest_unit_time_sec:    0
stat::peak_rss_mb:              1089
