INFO: Running with entropic power schedule (0xFF, 100).
INFO: Seed: 1331257036
INFO: Loaded 1 modules   (252 inline 8-bit counters): 252 [0x5ab06a210678, 0x5ab06a210774), 
INFO: Loaded 1 PC tables (252 PCs): 252 [0x5ab06a210778,0x5ab06a211738), 
INFO:        4 files found in /tmp/corpus_20260313_171243_d9602b0d
INFO: seed corpus: files: 4 min: 48b max: 333b total: 853b rss: 28Mb
#5	INITED cov: 117 ft: 250 corp: 4/853b exec/s: 0 rss: 29Mb
#6	NEW    cov: 117 ft: 256 corp: 5/1186b lim: 333 exec/s: 0 rss: 29Mb L: 333/333 MS: 1 CopyPart-
#8	NEW    cov: 117 ft: 267 corp: 6/1234b lim: 333 exec/s: 0 rss: 29Mb L: 48/333 MS: 2 ChangeBinInt-ChangeByte-
#9	NEW    cov: 117 ft: 281 corp: 7/1455b lim: 333 exec/s: 0 rss: 29Mb L: 221/333 MS: 1 InsertByte-
#12	NEW    cov: 118 ft: 283 corp: 8/1768b lim: 333 exec/s: 0 rss: 29Mb L: 313/333 MS: 3 ChangeBinInt-ChangeBinInt-InsertRepeatedBytes-
#19	NEW    cov: 118 ft: 285 corp: 9/1817b lim: 333 exec/s: 0 rss: 29Mb L: 49/333 MS: 2 ChangeASCIIInt-InsertByte-
#20	NEW    cov: 118 ft: 295 corp: 10/1865b lim: 333 exec/s: 0 rss: 29Mb L: 48/333 MS: 1 CopyPart-
#23	NEW    cov: 118 ft: 305 corp: 11/1915b lim: 333 exec/s: 0 rss: 29Mb L: 50/333 MS: 3 EraseBytes-ChangeBit-CMP- DE: "N7ISOBMFF12Cont"-
#24	NEW    cov: 118 ft: 317 corp: 12/1963b lim: 333 exec/s: 0 rss: 29Mb L: 48/333 MS: 1 CopyPart-
#27	NEW    cov: 118 ft: 321 corp: 13/2000b lim: 333 exec/s: 0 rss: 29Mb L: 37/333 MS: 3 ChangeASCIIInt-ChangeByte-EraseBytes-
#28	NEW    cov: 118 ft: 322 corp: 14/2049b lim: 333 exec/s: 0 rss: 29Mb L: 49/333 MS: 1 CrossOver-
#29	NEW    cov: 118 ft: 323 corp: 15/2081b lim: 333 exec/s: 0 rss: 29Mb L: 32/333 MS: 1 EraseBytes-
#32	NEW    cov: 119 ft: 324 corp: 16/2113b lim: 333 exec/s: 0 rss: 29Mb L: 32/333 MS: 3 ChangeBinInt-ChangeByte-ChangeBit-
#51	NEW    cov: 119 ft: 334 corp: 17/2196b lim: 333 exec/s: 0 rss: 29Mb L: 83/333 MS: 4 ShuffleBytes-ChangeByte-ChangeBinInt-CopyPart-
#57	NEW    cov: 119 ft: 335 corp: 18/2244b lim: 333 exec/s: 0 rss: 29Mb L: 48/333 MS: 1 CrossOver-
#72	NEW    cov: 119 ft: 365 corp: 19/2289b lim: 333 exec/s: 0 rss: 29Mb L: 45/333 MS: 5 EraseBytes-ChangeByte-InsertRepeatedBytes-CMP-ChangeBinInt- DE: "\377\377\377\377\377\377\377\016"-
#74	NEW    cov: 119 ft: 366 corp: 20/2455b lim: 333 exec/s: 0 rss: 29Mb L: 166/333 MS: 2 ChangeBinInt-InsertRepeatedBytes-
#78	NEW    cov: 119 ft: 374 corp: 21/2481b lim: 333 exec/s: 0 rss: 29Mb L: 26/333 MS: 4 ChangeByte-ChangeBit-ChangeByte-EraseBytes-
#79	NEW    cov: 119 ft: 375 corp: 22/2700b lim: 333 exec/s: 0 rss: 29Mb L: 219/333 MS: 1 EraseBytes-
#95	NEW    cov: 120 ft: 377 corp: 23/2920b lim: 333 exec/s: 0 rss: 29Mb L: 220/333 MS: 1 InsertByte-
#96	NEW    cov: 120 ft: 378 corp: 24/3065b lim: 333 exec/s: 0 rss: 29Mb L: 145/333 MS: 1 InsertRepeatedBytes-
#101	NEW    cov: 120 ft: 379 corp: 25/3192b lim: 333 exec/s: 0 rss: 29Mb L: 127/333 MS: 5 ChangeByte-ChangeBit-PersAutoDict-CopyPart-EraseBytes- DE: "\377\377\377\377\377\377\377\016"-
#109	NEW    cov: 120 ft: 380 corp: 26/3474b lim: 333 exec/s: 0 rss: 29Mb L: 282/333 MS: 3 CMP-EraseBytes-InsertRepeatedBytes- DE: "\001\000\000\000\000\000\000\204"-
#125	NEW    cov: 120 ft: 390 corp: 27/3526b lim: 333 exec/s: 0 rss: 29Mb L: 52/333 MS: 1 CMP- DE: "hvcC"-
#130	NEW    cov: 120 ft: 391 corp: 28/3626b lim: 333 exec/s: 0 rss: 29Mb L: 100/333 MS: 5 InsertRepeatedBytes-CopyPart-ChangeByte-ChangeBit-CopyPart-
#134	NEW    cov: 121 ft: 393 corp: 29/3939b lim: 333 exec/s: 0 rss: 29Mb L: 313/333 MS: 4 ChangeBit-InsertByte-CopyPart-CrossOver-
#152	NEW    cov: 121 ft: 401 corp: 30/4204b lim: 333 exec/s: 0 rss: 29Mb L: 265/333 MS: 3 CMP-CMP-InsertRepeatedBytes- DE: "\001\000\000\000\000\000\000\024"-"stts"-
#156	NEW    cov: 121 ft: 402 corp: 31/4351b lim: 333 exec/s: 0 rss: 29Mb L: 147/333 MS: 4 InsertRepeatedBytes-ChangeBinInt-InsertByte-CrossOver-
#160	NEW    cov: 121 ft: 411 corp: 32/4665b lim: 333 exec/s: 0 rss: 29Mb L: 314/333 MS: 4 CopyPart-CrossOver-ChangeByte-ChangeByte-
#163	NEW    cov: 121 ft: 421 corp: 33/4721b lim: 333 exec/s: 0 rss: 29Mb L: 56/333 MS: 3 InsertByte-CopyPart-ChangeBinInt-
#183	NEW    cov: 121 ft: 422 corp: 34/5007b lim: 333 exec/s: 0 rss: 29Mb L: 286/333 MS: 5 EraseBytes-InsertRepeatedBytes-CMP-ChangeByte-InsertByte- DE: "\007\334\346\245\260Z\000\000"-
#187	NEW    cov: 121 ft: 423 corp: 35/5094b lim: 333 exec/s: 0 rss: 29Mb L: 87/333 MS: 4 ChangeBinInt-CopyPart-InsertByte-CopyPart-
#189	NEW    cov: 121 ft: 424 corp: 36/5150b lim: 333 exec/s: 0 rss: 29Mb L: 56/333 MS: 2 CMP-ChangeByte- DE: "\036\001\000\000\000\000\000\000"-
#199	NEW    cov: 121 ft: 425 corp: 37/5225b lim: 333 exec/s: 0 rss: 29Mb L: 75/333 MS: 5 ChangeBit-ChangeByte-ChangeBinInt-ShuffleBytes-InsertRepeatedBytes-
#239	NEW    cov: 121 ft: 426 corp: 38/5481b lim: 333 exec/s: 0 rss: 29Mb L: 256/333 MS: 5 EraseBytes-ShuffleBytes-ChangeByte-ChangeBinInt-EraseBytes-
#258	NEW    cov: 121 ft: 427 corp: 39/5571b lim: 333 exec/s: 0 rss: 29Mb L: 90/333 MS: 4 ChangeBinInt-CopyPart-CMP-CopyPart- DE: "\377\377\377\377\377\377\377\335"-
#259	REDUCE cov: 121 ft: 427 corp: 39/5568b lim: 333 exec/s: 0 rss: 29Mb L: 53/333 MS: 1 EraseBytes-
#290	NEW    cov: 121 ft: 428 corp: 40/5606b lim: 333 exec/s: 0 rss: 29Mb L: 38/333 MS: 1 InsertByte-
#292	REDUCE cov: 121 ft: 428 corp: 40/5590b lim: 333 exec/s: 0 rss: 29Mb L: 29/333 MS: 2 ChangeByte-EraseBytes-
#306	NEW    cov: 121 ft: 429 corp: 41/5615b lim: 333 exec/s: 0 rss: 29Mb L: 25/333 MS: 4 ChangeBinInt-EraseBytes-ChangeASCIIInt-EraseBytes-
#329	NEW    cov: 121 ft: 430 corp: 42/5853b lim: 333 exec/s: 0 rss: 29Mb L: 238/333 MS: 3 PersAutoDict-CMP-EraseBytes- DE: "\036\001\000\000\000\000\000\000"-"stss"-
#332	REDUCE cov: 121 ft: 431 corp: 43/5930b lim: 333 exec/s: 0 rss: 29Mb L: 77/333 MS: 3 ChangeByte-ChangeByte-CrossOver-
#339	NEW    cov: 121 ft: 439 corp: 44/5948b lim: 333 exec/s: 0 rss: 29Mb L: 18/333 MS: 2 EraseBytes-EraseBytes-
#387	NEW    cov: 121 ft: 444 corp: 45/6065b lim: 333 exec/s: 0 rss: 29Mb L: 117/333 MS: 3 ChangeBinInt-PersAutoDict-CrossOver- DE: "\377\377\377\377\377\377\377\016"-
#398	NEW    cov: 121 ft: 445 corp: 46/6279b lim: 333 exec/s: 0 rss: 29Mb L: 214/333 MS: 1 CopyPart-
#479	REDUCE cov: 121 ft: 445 corp: 46/6274b lim: 333 exec/s: 0 rss: 29Mb L: 32/333 MS: 1 EraseBytes-
#515	REDUCE cov: 121 ft: 445 corp: 46/6255b lim: 333 exec/s: 0 rss: 29Mb L: 56/333 MS: 1 EraseBytes-
#522	NEW    cov: 121 ft: 446 corp: 47/6569b lim: 333 exec/s: 0 rss: 29Mb L: 314/333 MS: 2 ShuffleBytes-InsertByte-
#605	REDUCE cov: 121 ft: 446 corp: 47/6521b lim: 333 exec/s: 0 rss: 29Mb L: 265/333 MS: 3 ShuffleBytes-ChangeByte-EraseBytes-
#657	REDUCE cov: 121 ft: 446 corp: 47/6443b lim: 333 exec/s: 0 rss: 29Mb L: 187/333 MS: 2 CMP-EraseBytes- DE: "hvc1"-
#678	REDUCE cov: 121 ft: 446 corp: 47/6437b lim: 333 exec/s: 0 rss: 29Mb L: 208/333 MS: 1 EraseBytes-
#730	NEW    cov: 121 ft: 447 corp: 48/6455b lim: 333 exec/s: 0 rss: 29Mb L: 18/333 MS: 2 PersAutoDict-ChangeBit- DE: "hvcC"-
#743	NEW    cov: 121 ft: 453 corp: 49/6776b lim: 333 exec/s: 0 rss: 29Mb L: 321/333 MS: 3 ShuffleBytes-InsertRepeatedBytes-InsertRepeatedBytes-
#781	REDUCE cov: 121 ft: 453 corp: 49/6775b lim: 333 exec/s: 0 rss: 29Mb L: 165/333 MS: 3 ChangeBinInt-InsertByte-EraseBytes-
#819	NEW    cov: 121 ft: 457 corp: 50/7048b lim: 333 exec/s: 0 rss: 29Mb L: 273/333 MS: 3 ChangeBinInt-ShuffleBytes-InsertRepeatedBytes-
#843	NEW    cov: 121 ft: 465 corp: 51/7059b lim: 333 exec/s: 0 rss: 29Mb L: 11/333 MS: 4 ChangeBit-CrossOver-ChangeBinInt-EraseBytes-
#861	REDUCE cov: 121 ft: 465 corp: 51/6940b lim: 333 exec/s: 0 rss: 29Mb L: 163/333 MS: 3 CopyPart-ShuffleBytes-EraseBytes-
#864	REDUCE cov: 121 ft: 465 corp: 51/6939b lim: 333 exec/s: 0 rss: 29Mb L: 37/333 MS: 3 EraseBytes-CrossOver-CopyPart-
#920	NEW    cov: 122 ft: 466 corp: 52/7026b lim: 333 exec/s: 0 rss: 29Mb L: 87/333 MS: 1 CMP- DE: "ispe"-
#931	REDUCE cov: 122 ft: 466 corp: 52/7022b lim: 333 exec/s: 0 rss: 29Mb L: 25/333 MS: 1 EraseBytes-
#940	REDUCE cov: 122 ft: 466 corp: 52/6987b lim: 333 exec/s: 0 rss: 29Mb L: 82/333 MS: 4 CopyPart-ChangeByte-ChangeBit-EraseBytes-
#950	REDUCE cov: 122 ft: 466 corp: 52/6981b lim: 333 exec/s: 0 rss: 29Mb L: 43/333 MS: 5 ChangeBit-ShuffleBytes-InsertRepeatedBytes-PersAutoDict-EraseBytes- DE: "\001\000\000\000\000\000\000\204"-
#1105	REDUCE cov: 122 ft: 466 corp: 52/6980b lim: 333 exec/s: 0 rss: 29Mb L: 10/333 MS: 5 ShuffleBytes-ShuffleBytes-CMP-CopyPart-EraseBytes- DE: "\036\000\000\000\000\000\000\000"-
#1115	REDUCE cov: 122 ft: 466 corp: 52/6978b lim: 333 exec/s: 0 rss: 29Mb L: 16/333 MS: 5 ChangeBinInt-ShuffleBytes-EraseBytes-PersAutoDict-InsertByte- DE: "\377\377\377\377\377\377\377\016"-
#1122	REDUCE cov: 122 ft: 466 corp: 52/6965b lim: 333 exec/s: 0 rss: 29Mb L: 19/333 MS: 2 InsertByte-EraseBytes-
#1215	NEW    cov: 122 ft: 473 corp: 53/7298b lim: 333 exec/s: 0 rss: 29Mb L: 333/333 MS: 3 ChangeBinInt-ShuffleBytes-ShuffleBytes-
#1244	REDUCE cov: 122 ft: 473 corp: 53/7246b lim: 333 exec/s: 0 rss: 29Mb L: 169/333 MS: 4 ShuffleBytes-ShuffleBytes-InsertByte-EraseBytes-
#1319	REDUCE cov: 122 ft: 473 corp: 53/7244b lim: 333 exec/s: 0 rss: 29Mb L: 16/333 MS: 5 ChangeBit-ChangeByte-PersAutoDict-CrossOver-EraseBytes- DE: "hvc1"-
#1351	REDUCE cov: 122 ft: 473 corp: 53/7241b lim: 333 exec/s: 0 rss: 29Mb L: 205/333 MS: 2 CrossOver-EraseBytes-
#1357	REDUCE cov: 122 ft: 473 corp: 53/7108b lim: 333 exec/s: 0 rss: 29Mb L: 181/333 MS: 1 EraseBytes-
#1370	NEW    cov: 122 ft: 475 corp: 54/7183b lim: 333 exec/s: 0 rss: 29Mb L: 75/333 MS: 3 ShuffleBytes-ChangeBinInt-CopyPart-
#1397	NEW    cov: 122 ft: 479 corp: 55/7516b lim: 333 exec/s: 0 rss: 29Mb L: 333/333 MS: 2 ChangeByte-CMP- DE: "trak"-
#1419	REDUCE cov: 123 ft: 480 corp: 56/7523b lim: 333 exec/s: 0 rss: 29Mb L: 7/333 MS: 2 ChangeBit-EraseBytes-
#1531	REDUCE cov: 123 ft: 480 corp: 56/7473b lim: 333 exec/s: 0 rss: 29Mb L: 155/333 MS: 2 ChangeBinInt-EraseBytes-
#1572	REDUCE cov: 123 ft: 480 corp: 56/7424b lim: 333 exec/s: 0 rss: 29Mb L: 203/333 MS: 1 EraseBytes-
#1582	NEW    cov: 123 ft: 481 corp: 57/7757b lim: 333 exec/s: 0 rss: 29Mb L: 333/333 MS: 5 CopyPart-CMP-CrossOver-CopyPart-CrossOver- DE: "ispe"-
#1623	NEW    cov: 123 ft: 482 corp: 58/7772b lim: 333 exec/s: 0 rss: 29Mb L: 15/333 MS: 1 EraseBytes-
#1664	REDUCE cov: 123 ft: 482 corp: 58/7756b lim: 333 exec/s: 0 rss: 29Mb L: 222/333 MS: 1 CrossOver-
#1674	NEW    cov: 123 ft: 483 corp: 59/8048b lim: 333 exec/s: 0 rss: 29Mb L: 292/333 MS: 5 InsertRepeatedBytes-CrossOver-InsertByte-InsertByte-CopyPart-
#1722	REDUCE cov: 123 ft: 483 corp: 59/8040b lim: 333 exec/s: 0 rss: 29Mb L: 24/333 MS: 3 ShuffleBytes-CopyPart-EraseBytes-
#1833	REDUCE cov: 123 ft: 483 corp: 59/8026b lim: 333 exec/s: 0 rss: 29Mb L: 133/333 MS: 1 EraseBytes-
#1878	REDUCE cov: 123 ft: 483 corp: 59/8003b lim: 333 exec/s: 0 rss: 29Mb L: 263/333 MS: 5 CMP-InsertByte-InsertByte-ShuffleBytes-EraseBytes- DE: "\001\000Z\260\245\347\277\251"-
#2019	NEW    cov: 123 ft: 484 corp: 60/8023b lim: 333 exec/s: 0 rss: 29Mb L: 20/333 MS: 1 EraseBytes-
#2175	REDUCE cov: 123 ft: 484 corp: 60/8020b lim: 333 exec/s: 0 rss: 29Mb L: 13/333 MS: 1 EraseBytes-
#2179	REDUCE cov: 123 ft: 484 corp: 60/8006b lim: 333 exec/s: 0 rss: 29Mb L: 205/333 MS: 4 ChangeBinInt-InsertByte-EraseBytes-ShuffleBytes-
#2182	REDUCE cov: 123 ft: 484 corp: 60/8004b lim: 333 exec/s: 0 rss: 29Mb L: 24/333 MS: 3 PersAutoDict-ChangeByte-EraseBytes- DE: "\001\000\000\000\000\000\000\204"-
#2238	REDUCE cov: 123 ft: 484 corp: 60/8002b lim: 333 exec/s: 0 rss: 29Mb L: 73/333 MS: 1 EraseBytes-
#2279	REDUCE cov: 123 ft: 484 corp: 60/8000b lim: 333 exec/s: 0 rss: 29Mb L: 13/333 MS: 1 EraseBytes-
#2325	REDUCE cov: 123 ft: 484 corp: 60/7997b lim: 333 exec/s: 0 rss: 29Mb L: 21/333 MS: 1 EraseBytes-
#2346	REDUCE cov: 123 ft: 484 corp: 60/7957b lim: 333 exec/s: 0 rss: 29Mb L: 182/333 MS: 1 EraseBytes-
#2349	REDUCE cov: 123 ft: 484 corp: 60/7955b lim: 333 exec/s: 0 rss: 29Mb L: 261/333 MS: 3 CMP-PersAutoDict-CrossOver- DE: "\377\377\377\020"-"\377\377\377\377\377\377\377\335"-
#2350	REDUCE cov: 123 ft: 484 corp: 60/7946b lim: 333 exec/s: 0 rss: 29Mb L: 78/333 MS: 1 EraseBytes-
#2368	REDUCE cov: 123 ft: 484 corp: 60/7932b lim: 333 exec/s: 0 rss: 29Mb L: 307/333 MS: 3 InsertRepeatedBytes-InsertByte-EraseBytes-
#2447	REDUCE cov: 123 ft: 484 corp: 60/7909b lim: 333 exec/s: 0 rss: 29Mb L: 27/333 MS: 4 ChangeASCIIInt-EraseBytes-PersAutoDict-CMP- DE: "hvcC"-"ftyp"-
#2613	REDUCE cov: 123 ft: 484 corp: 60/7872b lim: 333 exec/s: 0 rss: 29Mb L: 168/333 MS: 1 EraseBytes-
#2710	NEW    cov: 123 ft: 485 corp: 61/7880b lim: 333 exec/s: 0 rss: 29Mb L: 8/333 MS: 2 CrossOver-CopyPart-
#2718	REDUCE cov: 123 ft: 491 corp: 62/8118b lim: 333 exec/s: 0 rss: 29Mb L: 238/333 MS: 3 CMP-CMP-InsertRepeatedBytes- DE: "\377\377\377\377\377\377\0004"-"\317\030\350\245\260Z\000\000"-
#2719	REDUCE cov: 123 ft: 491 corp: 62/8116b lim: 333 exec/s: 0 rss: 29Mb L: 5/333 MS: 1 EraseBytes-
#2762	REDUCE cov: 123 ft: 491 corp: 62/8115b lim: 333 exec/s: 0 rss: 29Mb L: 4/333 MS: 3 ShuffleBytes-CopyPart-EraseBytes-
#2828	REDUCE cov: 123 ft: 491 corp: 62/8112b lim: 333 exec/s: 0 rss: 29Mb L: 45/333 MS: 1 CrossOver-
#2837	REDUCE cov: 123 ft: 491 corp: 62/8111b lim: 333 exec/s: 0 rss: 29Mb L: 168/333 MS: 4 ChangeBit-ChangeBit-ChangeBinInt-EraseBytes-
#2932	REDUCE cov: 123 ft: 491 corp: 62/8108b lim: 333 exec/s: 0 rss: 29Mb L: 258/333 MS: 5 InsertRepeatedBytes-PersAutoDict-EraseBytes-CMP-CopyPart- DE: "stss"-"\000\000\000\001\000\000\000\003"-
#3033	REDUCE cov: 123 ft: 491 corp: 62/8079b lim: 333 exec/s: 0 rss: 29Mb L: 139/333 MS: 1 EraseBytes-
#3454	NEW    cov: 123 ft: 492 corp: 63/8372b lim: 333 exec/s: 0 rss: 29Mb L: 293/333 MS: 1 CopyPart-
#3507	REDUCE cov: 123 ft: 492 corp: 63/8322b lim: 333 exec/s: 0 rss: 29Mb L: 206/333 MS: 3 ShuffleBytes-CopyPart-EraseBytes-
#3658	REDUCE cov: 123 ft: 492 corp: 63/8316b lim: 333 exec/s: 0 rss: 29Mb L: 76/333 MS: 1 EraseBytes-
#3745	REDUCE cov: 124 ft: 493 corp: 64/8420b lim: 333 exec/s: 0 rss: 29Mb L: 104/333 MS: 2 PersAutoDict-EraseBytes- DE: "stts"-
#3812	REDUCE cov: 124 ft: 493 corp: 64/8403b lim: 333 exec/s: 0 rss: 29Mb L: 221/333 MS: 2 ChangeBit-EraseBytes-
#3841	REDUCE cov: 124 ft: 493 corp: 64/8402b lim: 333 exec/s: 0 rss: 29Mb L: 44/333 MS: 4 ShuffleBytes-ChangeBinInt-ChangeBinInt-EraseBytes-
#3863	REDUCE cov: 124 ft: 493 corp: 64/8384b lim: 333 exec/s: 0 rss: 29Mb L: 58/333 MS: 2 PersAutoDict-EraseBytes- DE: "ftyp"-
#3871	REDUCE cov: 124 ft: 493 corp: 64/8383b lim: 333 exec/s: 0 rss: 29Mb L: 52/333 MS: 3 CrossOver-ChangeBinInt-EraseBytes-
#4227	REDUCE cov: 124 ft: 493 corp: 64/8381b lim: 333 exec/s: 0 rss: 29Mb L: 18/333 MS: 1 EraseBytes-
#4350	NEW    cov: 124 ft: 494 corp: 65/8634b lim: 333 exec/s: 0 rss: 29Mb L: 253/333 MS: 3 ShuffleBytes-ShuffleBytes-EraseBytes-
#4356	REDUCE cov: 124 ft: 494 corp: 65/8628b lim: 333 exec/s: 0 rss: 29Mb L: 72/333 MS: 1 EraseBytes-
#4502	REDUCE cov: 124 ft: 496 corp: 66/8664b lim: 333 exec/s: 0 rss: 29Mb L: 36/333 MS: 1 EraseBytes-
#4589	REDUCE cov: 124 ft: 496 corp: 66/8663b lim: 333 exec/s: 0 rss: 29Mb L: 12/333 MS: 2 CopyPart-EraseBytes-
#4846	REDUCE cov: 124 ft: 496 corp: 66/8650b lim: 333 exec/s: 0 rss: 29Mb L: 301/333 MS: 2 InsertByte-EraseBytes-
#4958	REDUCE cov: 124 ft: 496 corp: 66/8649b lim: 333 exec/s: 0 rss: 29Mb L: 3/333 MS: 2 ChangeBinInt-EraseBytes-
#4995	REDUCE cov: 124 ft: 496 corp: 66/8640b lim: 333 exec/s: 0 rss: 29Mb L: 12/333 MS: 2 InsertByte-EraseBytes-
#4998	REDUCE cov: 124 ft: 496 corp: 66/8639b lim: 333 exec/s: 0 rss: 29Mb L: 2/333 MS: 3 CrossOver-InsertByte-EraseBytes-
#5156	REDUCE cov: 124 ft: 496 corp: 66/8636b lim: 333 exec/s: 0 rss: 29Mb L: 160/333 MS: 3 PersAutoDict-PersAutoDict-CrossOver- DE: "\036\001\000\000\000\000\000\000"-"trak"-
#5222	REDUCE cov: 124 ft: 496 corp: 66/8635b lim: 333 exec/s: 0 rss: 29Mb L: 1/333 MS: 1 EraseBytes-
#5493	REDUCE cov: 124 ft: 496 corp: 66/8629b lim: 333 exec/s: 0 rss: 29Mb L: 81/333 MS: 1 EraseBytes-
#5699	REDUCE cov: 124 ft: 496 corp: 66/8628b lim: 333 exec/s: 0 rss: 29Mb L: 43/333 MS: 1 EraseBytes-
#5715	REDUCE cov: 124 ft: 496 corp: 66/8626b lim: 333 exec/s: 0 rss: 29Mb L: 10/333 MS: 1 EraseBytes-
#5756	NEW    cov: 124 ft: 497 corp: 67/8847b lim: 333 exec/s: 0 rss: 29Mb L: 221/333 MS: 1 InsertByte-
#5787	REDUCE cov: 124 ft: 497 corp: 67/8843b lim: 333 exec/s: 0 rss: 29Mb L: 21/333 MS: 1 EraseBytes-
#6250	REDUCE cov: 124 ft: 497 corp: 67/8840b lim: 333 exec/s: 0 rss: 29Mb L: 9/333 MS: 3 ChangeByte-ChangeBinInt-EraseBytes-
#6435	REDUCE cov: 124 ft: 497 corp: 67/8839b lim: 333 exec/s: 6435 rss: 30Mb L: 42/333 MS: 4 ChangeByte-CMP-ChangeBit-EraseBytes- DE: "\020\000\000\000\000\000\000\000"-
#6447	REDUCE cov: 124 ft: 498 corp: 68/9106b lim: 333 exec/s: 6447 rss: 30Mb L: 267/333 MS: 2 EraseBytes-CopyPart-
#6667	REDUCE cov: 124 ft: 498 corp: 68/9095b lim: 333 exec/s: 6667 rss: 30Mb L: 171/333 MS: 5 CopyPart-ChangeByte-CrossOver-ChangeByte-EraseBytes-
#6687	REDUCE cov: 124 ft: 498 corp: 68/9087b lim: 333 exec/s: 6687 rss: 30Mb L: 48/333 MS: 5 CrossOver-ChangeByte-ChangeBinInt-ChangeBinInt-EraseBytes-
#6778	REDUCE cov: 124 ft: 498 corp: 68/9086b lim: 333 exec/s: 6778 rss: 30Mb L: 51/333 MS: 1 EraseBytes-
#6788	REDUCE cov: 124 ft: 498 corp: 68/9074b lim: 333 exec/s: 6788 rss: 30Mb L: 159/333 MS: 5 CrossOver-ChangeASCIIInt-ChangeBit-CopyPart-EraseBytes-
#6829	REDUCE cov: 124 ft: 498 corp: 68/9073b lim: 333 exec/s: 6829 rss: 30Mb L: 12/333 MS: 1 EraseBytes-
#6877	REDUCE cov: 124 ft: 498 corp: 68/9068b lim: 333 exec/s: 6877 rss: 30Mb L: 150/333 MS: 3 ChangeBinInt-ShuffleBytes-EraseBytes-
#7075	REDUCE cov: 124 ft: 498 corp: 68/9065b lim: 333 exec/s: 7075 rss: 30Mb L: 218/333 MS: 3 ChangeBinInt-ShuffleBytes-CrossOver-
==543552== ERROR: libFuzzer: out-of-memory (used: 1389Mb; limit: 1024Mb)
   To change the out-of-memory limit use -rss_limit_mb=<N>

MS: 3 InsertByte-ChangeByte-CrossOver-; base unit: 0dd2c96de54582445851104766bd990e36d59c87
artifact_prefix='/results/crashes/20260313_171243_d9602b0d_'; Test unit written to /results/crashes/20260313_171243_d9602b0d_oom-a866755ead168cd012dae6eec5e1a5c71ff6b7b1
SUMMARY: libFuzzer: out-of-memory
stat::number_of_executed_units: 7123
stat::average_exec_per_sec:     3561
stat::new_units_added:          136
stat::slowest_unit_time_sec:    0
stat::peak_rss_mb:              1390
