INFO: Running with entropic power schedule (0xFF, 100).
INFO: Seed: 2536445872
INFO: Loaded 1 modules   (252 inline 8-bit counters): 252 [0x5fe71264d678, 0x5fe71264d774), 
INFO: Loaded 1 PC tables (252 PCs): 252 [0x5fe71264d778,0x5fe71264e738), 
INFO:        4 files found in /tmp/corpus_20260313_184000_0f42a6d3
INFO: seed corpus: files: 4 min: 48b max: 333b total: 853b rss: 28Mb
#5	INITED cov: 117 ft: 250 corp: 4/853b exec/s: 0 rss: 29Mb
#6	NEW    cov: 117 ft: 271 corp: 5/1010b lim: 333 exec/s: 0 rss: 29Mb L: 157/333 MS: 1 InsertRepeatedBytes-
#7	NEW    cov: 118 ft: 278 corp: 6/1343b lim: 333 exec/s: 0 rss: 29Mb L: 333/333 MS: 1 CMP- DE: "frma"-
#12	NEW    cov: 119 ft: 281 corp: 7/1655b lim: 333 exec/s: 0 rss: 29Mb L: 312/333 MS: 5 CMP-ChangeBit-ChangeBit-CMP-EraseBytes- DE: "\001\000\000\013"-"\000\000_\347\030\253\025\300"-
#13	NEW    cov: 119 ft: 308 corp: 8/1667b lim: 333 exec/s: 0 rss: 29Mb L: 12/333 MS: 1 CrossOver-
#15	NEW    cov: 119 ft: 309 corp: 9/1898b lim: 333 exec/s: 0 rss: 29Mb L: 231/333 MS: 2 ChangeBit-InsertRepeatedBytes-
#16	NEW    cov: 119 ft: 319 corp: 10/2025b lim: 333 exec/s: 0 rss: 29Mb L: 127/333 MS: 1 EraseBytes-
#18	NEW    cov: 119 ft: 321 corp: 11/2073b lim: 333 exec/s: 0 rss: 29Mb L: 48/333 MS: 2 CrossOver-CopyPart-
#20	NEW    cov: 119 ft: 322 corp: 12/2139b lim: 333 exec/s: 0 rss: 29Mb L: 66/333 MS: 2 ChangeBinInt-CrossOver-
#21	NEW    cov: 120 ft: 323 corp: 13/2146b lim: 333 exec/s: 0 rss: 29Mb L: 7/333 MS: 1 EraseBytes-
#22	NEW    cov: 120 ft: 327 corp: 14/2202b lim: 333 exec/s: 0 rss: 29Mb L: 56/333 MS: 1 PersAutoDict- DE: "\000\000_\347\030\253\025\300"-
#37	NEW    cov: 120 ft: 328 corp: 15/2535b lim: 333 exec/s: 0 rss: 29Mb L: 333/333 MS: 5 ShuffleBytes-ChangeByte-CMP-ChangeByte-CrossOver- DE: "\021\000\000\000\000\000\000\000"-
#38	NEW    cov: 120 ft: 334 corp: 16/2697b lim: 333 exec/s: 0 rss: 29Mb L: 162/333 MS: 1 EraseBytes-
#43	NEW    cov: 120 ft: 335 corp: 17/2734b lim: 333 exec/s: 0 rss: 29Mb L: 37/333 MS: 5 CrossOver-CrossOver-EraseBytes-ChangeBinInt-CopyPart-
#45	NEW    cov: 121 ft: 337 corp: 18/3048b lim: 333 exec/s: 0 rss: 29Mb L: 314/333 MS: 2 ChangeBinInt-CMP- DE: "\037\000"-
#60	NEW    cov: 121 ft: 338 corp: 19/3375b lim: 333 exec/s: 0 rss: 29Mb L: 327/333 MS: 5 ChangeBinInt-ShuffleBytes-ChangeByte-CrossOver-ChangeBit-
#62	REDUCE cov: 121 ft: 338 corp: 19/3228b lim: 333 exec/s: 0 rss: 29Mb L: 186/333 MS: 2 ChangeByte-EraseBytes-
#64	REDUCE cov: 121 ft: 338 corp: 19/3199b lim: 333 exec/s: 0 rss: 29Mb L: 223/333 MS: 2 ChangeBinInt-EraseBytes-
#65	NEW    cov: 121 ft: 339 corp: 20/3395b lim: 333 exec/s: 0 rss: 29Mb L: 196/333 MS: 1 InsertRepeatedBytes-
#68	NEW    cov: 121 ft: 345 corp: 21/3539b lim: 333 exec/s: 0 rss: 29Mb L: 144/333 MS: 3 ShuffleBytes-EraseBytes-CrossOver-
#69	NEW    cov: 121 ft: 346 corp: 22/3731b lim: 333 exec/s: 0 rss: 29Mb L: 192/333 MS: 1 CopyPart-
#72	NEW    cov: 121 ft: 347 corp: 23/4048b lim: 333 exec/s: 0 rss: 29Mb L: 317/333 MS: 3 PersAutoDict-CopyPart-InsertRepeatedBytes- DE: "\021\000\000\000\000\000\000\000"-
#85	NEW    cov: 121 ft: 352 corp: 24/4199b lim: 333 exec/s: 0 rss: 29Mb L: 151/333 MS: 3 CopyPart-ChangeASCIIInt-EraseBytes-
#87	NEW    cov: 121 ft: 361 corp: 25/4222b lim: 333 exec/s: 0 rss: 29Mb L: 23/333 MS: 2 CrossOver-CrossOver-
#90	NEW    cov: 121 ft: 409 corp: 26/4252b lim: 333 exec/s: 0 rss: 29Mb L: 30/333 MS: 3 ShuffleBytes-CrossOver-CrossOver-
#104	REDUCE cov: 121 ft: 417 corp: 27/4483b lim: 333 exec/s: 0 rss: 29Mb L: 231/333 MS: 4 ChangeByte-ChangeByte-CrossOver-CMP- DE: "\024\000"-
#105	NEW    cov: 121 ft: 418 corp: 28/4498b lim: 333 exec/s: 0 rss: 29Mb L: 15/333 MS: 1 CrossOver-
#108	NEW    cov: 121 ft: 419 corp: 29/4540b lim: 333 exec/s: 0 rss: 29Mb L: 42/333 MS: 3 ChangeBinInt-InsertByte-CMP- DE: "ipro"-
#119	REDUCE cov: 121 ft: 419 corp: 29/4529b lim: 333 exec/s: 0 rss: 29Mb L: 55/333 MS: 1 EraseBytes-
#142	REDUCE cov: 121 ft: 419 corp: 29/4526b lim: 333 exec/s: 0 rss: 29Mb L: 228/333 MS: 3 PersAutoDict-CrossOver-PersAutoDict- DE: "frma"-"frma"-
#159	NEW    cov: 121 ft: 420 corp: 30/4616b lim: 333 exec/s: 0 rss: 29Mb L: 90/333 MS: 2 CrossOver-InsertRepeatedBytes-
#161	REDUCE cov: 121 ft: 420 corp: 30/4615b lim: 333 exec/s: 0 rss: 29Mb L: 55/333 MS: 2 CMP-EraseBytes- DE: "\000\001"-
#164	NEW    cov: 122 ft: 421 corp: 31/4869b lim: 333 exec/s: 0 rss: 29Mb L: 254/333 MS: 3 PersAutoDict-InsertRepeatedBytes-InsertByte- DE: "\000\000_\347\030\253\025\300"-
#187	NEW    cov: 122 ft: 422 corp: 32/4881b lim: 333 exec/s: 0 rss: 29Mb L: 12/333 MS: 3 ChangeByte-PersAutoDict-ShuffleBytes- DE: "\021\000\000\000\000\000\000\000"-
#189	NEW    cov: 122 ft: 423 corp: 33/5008b lim: 333 exec/s: 0 rss: 29Mb L: 127/333 MS: 2 InsertByte-EraseBytes-
#190	REDUCE cov: 122 ft: 423 corp: 33/4998b lim: 333 exec/s: 0 rss: 29Mb L: 244/333 MS: 1 EraseBytes-
#199	REDUCE cov: 122 ft: 423 corp: 33/4980b lim: 333 exec/s: 0 rss: 29Mb L: 37/333 MS: 4 InsertByte-ChangeBinInt-ChangeByte-EraseBytes-
#211	NEW    cov: 122 ft: 425 corp: 34/5003b lim: 333 exec/s: 0 rss: 29Mb L: 23/333 MS: 2 CopyPart-PersAutoDict- DE: "frma"-
#212	NEW    cov: 122 ft: 426 corp: 35/5030b lim: 333 exec/s: 0 rss: 29Mb L: 27/333 MS: 1 CopyPart-
#213	NEW    cov: 122 ft: 427 corp: 36/5142b lim: 333 exec/s: 0 rss: 29Mb L: 112/333 MS: 1 EraseBytes-
#225	NEW    cov: 122 ft: 428 corp: 37/5232b lim: 333 exec/s: 0 rss: 29Mb L: 90/333 MS: 2 ChangeASCIIInt-CrossOver-
#226	NEW    cov: 122 ft: 429 corp: 38/5321b lim: 333 exec/s: 0 rss: 29Mb L: 89/333 MS: 1 CrossOver-
#243	NEW    cov: 122 ft: 430 corp: 39/5633b lim: 333 exec/s: 0 rss: 29Mb L: 312/333 MS: 2 ChangeBit-ChangeBinInt-
#248	REDUCE cov: 122 ft: 430 corp: 39/5632b lim: 333 exec/s: 0 rss: 29Mb L: 36/333 MS: 5 ChangeBinInt-ChangeBinInt-EraseBytes-InsertByte-CMP- DE: "\001\000\000\000"-
#275	NEW    cov: 122 ft: 431 corp: 40/5897b lim: 333 exec/s: 0 rss: 29Mb L: 265/333 MS: 2 CopyPart-CopyPart-
#294	NEW    cov: 122 ft: 432 corp: 41/6123b lim: 333 exec/s: 0 rss: 29Mb L: 226/333 MS: 4 CMP-CopyPart-CMP-CrossOver- DE: "schm"-"edts"-
#309	REDUCE cov: 122 ft: 432 corp: 41/6026b lim: 333 exec/s: 0 rss: 29Mb L: 147/333 MS: 5 CopyPart-CMP-ChangeBinInt-ChangeByte-EraseBytes- DE: "pixi"-
#311	NEW    cov: 122 ft: 443 corp: 42/6270b lim: 333 exec/s: 0 rss: 29Mb L: 244/333 MS: 2 CopyPart-InsertByte-
#325	REDUCE cov: 122 ft: 443 corp: 42/6264b lim: 333 exec/s: 0 rss: 29Mb L: 31/333 MS: 4 ChangeByte-ChangeASCIIInt-ChangeBit-EraseBytes-
#330	NEW    cov: 122 ft: 444 corp: 43/6438b lim: 333 exec/s: 0 rss: 29Mb L: 174/333 MS: 5 ChangeByte-CopyPart-InsertByte-ChangeByte-EraseBytes-
#336	REDUCE cov: 122 ft: 444 corp: 43/6436b lim: 333 exec/s: 0 rss: 29Mb L: 10/333 MS: 1 EraseBytes-
#337	REDUCE cov: 122 ft: 451 corp: 44/6724b lim: 333 exec/s: 0 rss: 29Mb L: 288/333 MS: 1 CopyPart-
#352	REDUCE cov: 123 ft: 452 corp: 45/6960b lim: 333 exec/s: 0 rss: 29Mb L: 236/333 MS: 5 ChangeBinInt-ChangeBinInt-EraseBytes-CopyPart-CrossOver-
#378	NEW    cov: 123 ft: 453 corp: 46/7012b lim: 333 exec/s: 0 rss: 29Mb L: 52/333 MS: 1 CopyPart-
#415	NEW    cov: 123 ft: 454 corp: 47/7143b lim: 333 exec/s: 0 rss: 29Mb L: 131/333 MS: 2 CopyPart-CMP- DE: "mdat"-
#426	NEW    cov: 123 ft: 459 corp: 48/7439b lim: 333 exec/s: 0 rss: 29Mb L: 296/333 MS: 1 InsertRepeatedBytes-
#431	NEW    cov: 123 ft: 460 corp: 49/7524b lim: 333 exec/s: 0 rss: 29Mb L: 85/333 MS: 5 ChangeBinInt-InsertByte-CrossOver-ChangeByte-InsertRepeatedBytes-
#459	NEW    cov: 123 ft: 461 corp: 50/7532b lim: 333 exec/s: 0 rss: 29Mb L: 8/333 MS: 3 ChangeByte-ChangeByte-CopyPart-
#465	NEW    cov: 123 ft: 462 corp: 51/7841b lim: 333 exec/s: 0 rss: 29Mb L: 309/333 MS: 1 CrossOver-
#476	NEW    cov: 123 ft: 463 corp: 52/8174b lim: 333 exec/s: 0 rss: 29Mb L: 333/333 MS: 1 CMP- DE: "stsd"-
#486	NEW    cov: 123 ft: 464 corp: 53/8505b lim: 333 exec/s: 0 rss: 29Mb L: 331/333 MS: 5 CopyPart-ChangeByte-InsertRepeatedBytes-ChangeBinInt-InsertByte-
#529	REDUCE cov: 123 ft: 464 corp: 53/8441b lim: 333 exec/s: 0 rss: 29Mb L: 180/333 MS: 3 InsertRepeatedBytes-ChangeBit-EraseBytes-
#575	REDUCE cov: 123 ft: 464 corp: 53/8439b lim: 333 exec/s: 0 rss: 29Mb L: 13/333 MS: 1 EraseBytes-
#644	REDUCE cov: 123 ft: 464 corp: 53/8425b lim: 333 exec/s: 0 rss: 29Mb L: 130/333 MS: 4 ChangeBit-CopyPart-ChangeBit-EraseBytes-
#710	NEW    cov: 123 ft: 470 corp: 54/8523b lim: 333 exec/s: 0 rss: 29Mb L: 98/333 MS: 1 CrossOver-
#762	REDUCE cov: 123 ft: 470 corp: 54/8488b lim: 333 exec/s: 0 rss: 29Mb L: 96/333 MS: 2 CopyPart-EraseBytes-
#840	REDUCE cov: 123 ft: 470 corp: 54/8485b lim: 333 exec/s: 0 rss: 29Mb L: 87/333 MS: 3 InsertRepeatedBytes-CopyPart-EraseBytes-
#853	NEW    cov: 123 ft: 476 corp: 55/8818b lim: 333 exec/s: 0 rss: 29Mb L: 333/333 MS: 3 ChangeByte-ChangeBit-ChangeBinInt-
#933	REDUCE cov: 123 ft: 476 corp: 55/8769b lim: 333 exec/s: 0 rss: 29Mb L: 278/333 MS: 5 PersAutoDict-InsertRepeatedBytes-CrossOver-ShuffleBytes-EraseBytes- DE: "\021\000\000\000\000\000\000\000"-
#990	REDUCE cov: 123 ft: 476 corp: 55/8703b lim: 333 exec/s: 0 rss: 29Mb L: 120/333 MS: 2 CrossOver-EraseBytes-
#998	REDUCE cov: 123 ft: 476 corp: 55/8702b lim: 333 exec/s: 0 rss: 29Mb L: 9/333 MS: 3 ChangeByte-EraseBytes-ChangeByte-
#1169	NEW    cov: 123 ft: 478 corp: 56/8744b lim: 333 exec/s: 0 rss: 29Mb L: 42/333 MS: 1 PersAutoDict- DE: "mdat"-
#1173	REDUCE cov: 123 ft: 478 corp: 56/8714b lim: 333 exec/s: 0 rss: 29Mb L: 121/333 MS: 4 ShuffleBytes-ChangeByte-EraseBytes-CrossOver-
#1290	NEW    cov: 123 ft: 487 corp: 57/8966b lim: 333 exec/s: 0 rss: 29Mb L: 252/333 MS: 2 ChangeByte-InsertRepeatedBytes-
#1306	NEW    cov: 123 ft: 488 corp: 58/9265b lim: 333 exec/s: 0 rss: 29Mb L: 299/333 MS: 1 EraseBytes-
#1368	REDUCE cov: 123 ft: 488 corp: 58/9235b lim: 333 exec/s: 0 rss: 29Mb L: 269/333 MS: 2 ShuffleBytes-EraseBytes-
#1425	REDUCE cov: 123 ft: 488 corp: 58/9229b lim: 333 exec/s: 0 rss: 29Mb L: 25/333 MS: 2 CopyPart-EraseBytes-
#1428	REDUCE cov: 123 ft: 488 corp: 58/9224b lim: 333 exec/s: 0 rss: 29Mb L: 18/333 MS: 3 InsertByte-ShuffleBytes-EraseBytes-
#1479	REDUCE cov: 123 ft: 488 corp: 58/9202b lim: 333 exec/s: 0 rss: 29Mb L: 33/333 MS: 1 EraseBytes-
#1481	REDUCE cov: 123 ft: 488 corp: 58/9195b lim: 333 exec/s: 0 rss: 29Mb L: 41/333 MS: 2 ShuffleBytes-EraseBytes-
#1483	REDUCE cov: 123 ft: 488 corp: 58/9171b lim: 333 exec/s: 0 rss: 29Mb L: 72/333 MS: 2 CopyPart-EraseBytes-
#1525	REDUCE cov: 123 ft: 488 corp: 58/9157b lim: 333 exec/s: 0 rss: 29Mb L: 58/333 MS: 2 ChangeASCIIInt-EraseBytes-
#1622	REDUCE cov: 123 ft: 488 corp: 58/9135b lim: 333 exec/s: 0 rss: 29Mb L: 108/333 MS: 2 InsertByte-EraseBytes-
#1753	REDUCE cov: 123 ft: 488 corp: 58/9097b lim: 333 exec/s: 0 rss: 29Mb L: 83/333 MS: 1 EraseBytes-
#1901	REDUCE cov: 123 ft: 488 corp: 58/9041b lim: 333 exec/s: 0 rss: 29Mb L: 277/333 MS: 3 ChangeBit-CopyPart-EraseBytes-
#2231	REDUCE cov: 123 ft: 488 corp: 58/8977b lim: 333 exec/s: 0 rss: 29Mb L: 167/333 MS: 5 CMP-ChangeByte-ChangeBit-InsertRepeatedBytes-EraseBytes- DE: "avc1"-
#2493	REDUCE cov: 123 ft: 488 corp: 58/8961b lim: 333 exec/s: 0 rss: 29Mb L: 262/333 MS: 2 ChangeByte-EraseBytes-
#2500	REDUCE cov: 123 ft: 488 corp: 58/8955b lim: 333 exec/s: 0 rss: 29Mb L: 102/333 MS: 2 CMP-EraseBytes- DE: "cdsc"-
#2564	REDUCE cov: 123 ft: 488 corp: 58/8868b lim: 333 exec/s: 0 rss: 29Mb L: 246/333 MS: 4 CrossOver-EraseBytes-InsertByte-CMP- DE: "\015\000"-
#2680	REDUCE cov: 123 ft: 488 corp: 58/8865b lim: 333 exec/s: 0 rss: 29Mb L: 9/333 MS: 1 EraseBytes-
#2721	REDUCE cov: 123 ft: 488 corp: 58/8853b lim: 333 exec/s: 0 rss: 29Mb L: 234/333 MS: 1 EraseBytes-
#2752	REDUCE cov: 123 ft: 488 corp: 58/8852b lim: 333 exec/s: 0 rss: 29Mb L: 227/333 MS: 1 EraseBytes-
#2836	REDUCE cov: 123 ft: 488 corp: 58/8832b lim: 333 exec/s: 0 rss: 29Mb L: 63/333 MS: 4 PersAutoDict-CopyPart-CrossOver-EraseBytes- DE: "avc1"-
#2863	REDUCE cov: 123 ft: 488 corp: 58/8831b lim: 333 exec/s: 0 rss: 29Mb L: 126/333 MS: 2 ShuffleBytes-EraseBytes-
#2903	REDUCE cov: 123 ft: 488 corp: 58/8806b lim: 333 exec/s: 0 rss: 29Mb L: 33/333 MS: 5 ChangeByte-ChangeByte-CopyPart-CrossOver-EraseBytes-
#2953	REDUCE cov: 123 ft: 488 corp: 58/8784b lim: 333 exec/s: 0 rss: 29Mb L: 104/333 MS: 5 ChangeBinInt-EraseBytes-InsertByte-ChangeBinInt-InsertRepeatedBytes-
#3051	REDUCE cov: 123 ft: 488 corp: 58/8783b lim: 333 exec/s: 0 rss: 29Mb L: 6/333 MS: 3 ChangeByte-ShuffleBytes-EraseBytes-
#3356	REDUCE cov: 123 ft: 488 corp: 58/8735b lim: 333 exec/s: 0 rss: 29Mb L: 132/333 MS: 5 ChangeByte-PersAutoDict-ChangeByte-ChangeBinInt-EraseBytes- DE: "pixi"-
#3397	REDUCE cov: 123 ft: 488 corp: 58/8722b lim: 333 exec/s: 0 rss: 29Mb L: 29/333 MS: 1 EraseBytes-
#3492	REDUCE cov: 123 ft: 488 corp: 58/8702b lim: 333 exec/s: 0 rss: 29Mb L: 147/333 MS: 5 ChangeBit-ChangeByte-ShuffleBytes-EraseBytes-CrossOver-
#3565	REDUCE cov: 123 ft: 488 corp: 58/8661b lim: 333 exec/s: 0 rss: 29Mb L: 236/333 MS: 3 CopyPart-ChangeBit-EraseBytes-
#3632	REDUCE cov: 123 ft: 488 corp: 58/8656b lim: 333 exec/s: 0 rss: 29Mb L: 229/333 MS: 2 InsertByte-EraseBytes-
#3729	REDUCE cov: 123 ft: 488 corp: 58/8546b lim: 333 exec/s: 0 rss: 29Mb L: 207/333 MS: 2 CopyPart-EraseBytes-
#3741	REDUCE cov: 123 ft: 488 corp: 58/8512b lim: 333 exec/s: 0 rss: 29Mb L: 235/333 MS: 2 ChangeByte-EraseBytes-
#3786	NEW    cov: 123 ft: 489 corp: 59/8828b lim: 333 exec/s: 0 rss: 29Mb L: 316/333 MS: 5 CrossOver-ChangeByte-PersAutoDict-ChangeBinInt-EraseBytes- DE: "\015\000"-
#4109	REDUCE cov: 123 ft: 489 corp: 59/8825b lim: 333 exec/s: 0 rss: 29Mb L: 101/333 MS: 3 CopyPart-ChangeBit-EraseBytes-
#4113	REDUCE cov: 123 ft: 489 corp: 59/8803b lim: 333 exec/s: 0 rss: 29Mb L: 309/333 MS: 4 ShuffleBytes-ChangeBit-ChangeByte-EraseBytes-
#4161	REDUCE cov: 123 ft: 489 corp: 59/8798b lim: 333 exec/s: 0 rss: 29Mb L: 18/333 MS: 3 InsertByte-InsertByte-EraseBytes-
#4218	REDUCE cov: 123 ft: 489 corp: 59/8797b lim: 333 exec/s: 0 rss: 29Mb L: 17/333 MS: 2 EraseBytes-PersAutoDict- DE: "frma"-
#4264	REDUCE cov: 123 ft: 489 corp: 59/8795b lim: 333 exec/s: 0 rss: 29Mb L: 16/333 MS: 1 EraseBytes-
#4320	REDUCE cov: 123 ft: 489 corp: 59/8742b lim: 333 exec/s: 0 rss: 29Mb L: 183/333 MS: 1 EraseBytes-
#4454	REDUCE cov: 123 ft: 489 corp: 59/8719b lim: 333 exec/s: 0 rss: 29Mb L: 79/333 MS: 4 InsertByte-ShuffleBytes-InsertRepeatedBytes-EraseBytes-
#4675	REDUCE cov: 123 ft: 489 corp: 59/8695b lim: 333 exec/s: 0 rss: 29Mb L: 108/333 MS: 1 EraseBytes-
#4748	REDUCE cov: 123 ft: 489 corp: 59/8685b lim: 333 exec/s: 0 rss: 29Mb L: 255/333 MS: 3 InsertRepeatedBytes-ChangeBit-EraseBytes-
#4781	REDUCE cov: 123 ft: 489 corp: 59/8659b lim: 333 exec/s: 0 rss: 29Mb L: 210/333 MS: 3 InsertByte-ShuffleBytes-EraseBytes-
#4971	REDUCE cov: 123 ft: 489 corp: 59/8642b lim: 333 exec/s: 0 rss: 29Mb L: 70/333 MS: 5 CopyPart-CMP-ChangeBit-ChangeASCIIInt-EraseBytes- DE: "\207\377\377\226"-
#5018	NEW    cov: 123 ft: 490 corp: 60/8894b lim: 333 exec/s: 0 rss: 29Mb L: 252/333 MS: 2 CMP-CopyPart- DE: "\000\000\000\010"-
#5112	REDUCE cov: 123 ft: 490 corp: 60/8886b lim: 333 exec/s: 0 rss: 29Mb L: 188/333 MS: 4 CopyPart-CMP-CMP-EraseBytes- DE: "St9exception"-"\000\000\000\010"-
#5311	REDUCE cov: 123 ft: 491 corp: 61/9044b lim: 333 exec/s: 0 rss: 29Mb L: 158/333 MS: 4 PersAutoDict-CMP-CMP-EraseBytes- DE: "avc1"-"mdia"-"\001\000\000\000\000\000\000;"-
#5384	REDUCE cov: 123 ft: 491 corp: 61/9033b lim: 333 exec/s: 0 rss: 29Mb L: 303/333 MS: 3 PersAutoDict-CrossOver-InsertRepeatedBytes- DE: "\024\000"-
#5459	REDUCE cov: 123 ft: 491 corp: 61/9032b lim: 333 exec/s: 0 rss: 29Mb L: 5/333 MS: 5 ShuffleBytes-InsertByte-EraseBytes-CopyPart-EraseBytes-
#5528	REDUCE cov: 123 ft: 491 corp: 61/9031b lim: 333 exec/s: 5528 rss: 29Mb L: 100/333 MS: 3 CMP-ChangeBit-EraseBytes- DE: "\001\010"-
#5594	REDUCE cov: 123 ft: 491 corp: 61/8991b lim: 333 exec/s: 5594 rss: 29Mb L: 58/333 MS: 1 EraseBytes-
#5607	REDUCE cov: 123 ft: 491 corp: 61/8988b lim: 333 exec/s: 5607 rss: 29Mb L: 76/333 MS: 3 ChangeByte-ChangeBit-EraseBytes-
#5676	REDUCE cov: 123 ft: 491 corp: 61/8945b lim: 333 exec/s: 5676 rss: 29Mb L: 186/333 MS: 4 InsertByte-PersAutoDict-ChangeBit-EraseBytes- DE: "\015\000"-
#5764	REDUCE cov: 123 ft: 491 corp: 61/8924b lim: 333 exec/s: 5764 rss: 29Mb L: 69/333 MS: 3 ChangeBit-EraseBytes-CrossOver-
#5830	REDUCE cov: 123 ft: 491 corp: 61/8917b lim: 333 exec/s: 5830 rss: 29Mb L: 302/333 MS: 1 EraseBytes-
#5833	REDUCE cov: 123 ft: 491 corp: 61/8914b lim: 333 exec/s: 5833 rss: 29Mb L: 27/333 MS: 3 ShuffleBytes-PersAutoDict-EraseBytes- DE: "\000\000_\347\030\253\025\300"-
#6054	REDUCE cov: 123 ft: 492 corp: 62/8957b lim: 333 exec/s: 6054 rss: 29Mb L: 43/333 MS: 1 CMP- DE: "\001 "-
#6061	REDUCE cov: 123 ft: 492 corp: 62/8944b lim: 333 exec/s: 6061 rss: 29Mb L: 63/333 MS: 2 ChangeBinInt-EraseBytes-
#6214	REDUCE cov: 123 ft: 492 corp: 62/8943b lim: 333 exec/s: 6214 rss: 29Mb L: 4/333 MS: 3 PersAutoDict-ShuffleBytes-EraseBytes- DE: "\000\000\000\010"-
#6270	REDUCE cov: 123 ft: 492 corp: 62/8903b lim: 333 exec/s: 6270 rss: 29Mb L: 68/333 MS: 1 EraseBytes-
#6292	REDUCE cov: 123 ft: 492 corp: 62/8901b lim: 333 exec/s: 6292 rss: 29Mb L: 31/333 MS: 2 ChangeASCIIInt-EraseBytes-
#6304	REDUCE cov: 123 ft: 492 corp: 62/8882b lim: 333 exec/s: 6304 rss: 29Mb L: 39/333 MS: 2 ChangeByte-EraseBytes-
#6338	REDUCE cov: 123 ft: 492 corp: 62/8818b lim: 333 exec/s: 6338 rss: 29Mb L: 171/333 MS: 4 ChangeByte-InsertByte-EraseBytes-CrossOver-
#6634	REDUCE cov: 123 ft: 507 corp: 63/8831b lim: 333 exec/s: 6634 rss: 29Mb L: 13/333 MS: 1 PersAutoDict- DE: "\000\001"-
#6686	REDUCE cov: 124 ft: 508 corp: 64/9018b lim: 333 exec/s: 6686 rss: 29Mb L: 187/333 MS: 2 ChangeBinInt-PersAutoDict- DE: "schm"-
#6727	REDUCE cov: 124 ft: 508 corp: 64/9017b lim: 333 exec/s: 6727 rss: 29Mb L: 32/333 MS: 1 EraseBytes-
#6753	REDUCE cov: 124 ft: 508 corp: 64/9016b lim: 333 exec/s: 6753 rss: 29Mb L: 26/333 MS: 1 EraseBytes-
#6835	REDUCE cov: 124 ft: 508 corp: 64/9014b lim: 333 exec/s: 6835 rss: 29Mb L: 50/333 MS: 2 CMP-EraseBytes- DE: "iso5"-
#6861	REDUCE cov: 124 ft: 508 corp: 64/9006b lim: 333 exec/s: 6861 rss: 29Mb L: 33/333 MS: 1 EraseBytes-
#6898	REDUCE cov: 124 ft: 508 corp: 64/8980b lim: 333 exec/s: 6898 rss: 29Mb L: 160/333 MS: 2 ChangeBit-EraseBytes-
#7215	REDUCE cov: 124 ft: 508 corp: 64/8975b lim: 333 exec/s: 7215 rss: 29Mb L: 218/333 MS: 2 InsertRepeatedBytes-EraseBytes-
#7217	REDUCE cov: 124 ft: 508 corp: 64/8974b lim: 333 exec/s: 7217 rss: 29Mb L: 8/333 MS: 2 PersAutoDict-EraseBytes- DE: "\001\000\000\000"-
#7276	REDUCE cov: 124 ft: 508 corp: 64/8966b lim: 333 exec/s: 7276 rss: 29Mb L: 112/333 MS: 4 InsertRepeatedBytes-ChangeBit-CopyPart-CrossOver-
#7285	REDUCE cov: 124 ft: 508 corp: 64/8945b lim: 333 exec/s: 7285 rss: 29Mb L: 126/333 MS: 4 EraseBytes-EraseBytes-CopyPart-CrossOver-
#7358	REDUCE cov: 124 ft: 508 corp: 64/8943b lim: 333 exec/s: 7358 rss: 29Mb L: 145/333 MS: 3 ChangeASCIIInt-EraseBytes-CopyPart-
#7365	REDUCE cov: 124 ft: 508 corp: 64/8941b lim: 333 exec/s: 7365 rss: 29Mb L: 2/333 MS: 2 ChangeBinInt-EraseBytes-
#7402	REDUCE cov: 124 ft: 508 corp: 64/8899b lim: 333 exec/s: 7402 rss: 29Mb L: 260/333 MS: 2 ChangeBinInt-EraseBytes-
#7569	REDUCE cov: 124 ft: 508 corp: 64/8898b lim: 333 exec/s: 7569 rss: 29Mb L: 187/333 MS: 2 CMP-EraseBytes- DE: "\026\000"-
#7751	REDUCE cov: 124 ft: 508 corp: 64/8895b lim: 333 exec/s: 7751 rss: 29Mb L: 26/333 MS: 2 ChangeBinInt-EraseBytes-
#7943	REDUCE cov: 124 ft: 508 corp: 64/8882b lim: 333 exec/s: 7943 rss: 29Mb L: 50/333 MS: 2 ChangeByte-EraseBytes-
#7980	REDUCE cov: 124 ft: 508 corp: 64/8762b lim: 333 exec/s: 7980 rss: 29Mb L: 140/333 MS: 2 PersAutoDict-EraseBytes- DE: "edts"-
#8167	REDUCE cov: 124 ft: 508 corp: 64/8759b lim: 333 exec/s: 8167 rss: 29Mb L: 66/333 MS: 2 CrossOver-EraseBytes-
#8189	REDUCE cov: 124 ft: 508 corp: 64/8753b lim: 333 exec/s: 8189 rss: 29Mb L: 25/333 MS: 2 CMP-EraseBytes- DE: "\001\000\000\001"-
#8228	REDUCE cov: 124 ft: 508 corp: 64/8695b lim: 333 exec/s: 8228 rss: 29Mb L: 129/333 MS: 4 CrossOver-PersAutoDict-ChangeByte-EraseBytes- DE: "\015\000"-
#8494	REDUCE cov: 124 ft: 508 corp: 64/8692b lim: 333 exec/s: 8494 rss: 29Mb L: 10/333 MS: 1 EraseBytes-
#8550	REDUCE cov: 124 ft: 508 corp: 64/8672b lim: 333 exec/s: 8550 rss: 29Mb L: 313/333 MS: 1 EraseBytes-
#8922	REDUCE cov: 124 ft: 508 corp: 64/8671b lim: 333 exec/s: 8922 rss: 29Mb L: 1/333 MS: 2 CopyPart-EraseBytes-
#8932	REDUCE cov: 124 ft: 508 corp: 64/8670b lim: 333 exec/s: 8932 rss: 29Mb L: 254/333 MS: 5 InsertRepeatedBytes-ChangeByte-InsertByte-ChangeByte-EraseBytes-
#8950	REDUCE cov: 124 ft: 508 corp: 64/8600b lim: 333 exec/s: 8950 rss: 29Mb L: 243/333 MS: 3 PersAutoDict-ChangeBit-EraseBytes- DE: "cdsc"-
#9036	NEW    cov: 124 ft: 509 corp: 65/8916b lim: 333 exec/s: 9036 rss: 29Mb L: 316/333 MS: 1 CopyPart-
#9097	REDUCE cov: 124 ft: 509 corp: 65/8904b lim: 333 exec/s: 9097 rss: 29Mb L: 240/333 MS: 1 EraseBytes-
#9209	REDUCE cov: 124 ft: 509 corp: 65/8899b lim: 333 exec/s: 9209 rss: 29Mb L: 20/333 MS: 2 ChangeByte-EraseBytes-
#9233	REDUCE cov: 124 ft: 509 corp: 65/8898b lim: 333 exec/s: 9233 rss: 29Mb L: 25/333 MS: 4 ShuffleBytes-ChangeBit-InsertRepeatedBytes-EraseBytes-
#9447	REDUCE cov: 124 ft: 509 corp: 65/8891b lim: 333 exec/s: 9447 rss: 29Mb L: 185/333 MS: 4 ChangeBinInt-InsertByte-ChangeBinInt-EraseBytes-
#9565	REDUCE cov: 124 ft: 509 corp: 65/8878b lim: 333 exec/s: 9565 rss: 29Mb L: 13/333 MS: 3 ShuffleBytes-ChangeBit-EraseBytes-
#9579	REDUCE cov: 124 ft: 509 corp: 65/8868b lim: 333 exec/s: 9579 rss: 29Mb L: 161/333 MS: 4 ChangeByte-ChangeByte-EraseBytes-CopyPart-
#9595	REDUCE cov: 124 ft: 509 corp: 65/8866b lim: 333 exec/s: 9595 rss: 29Mb L: 37/333 MS: 1 EraseBytes-
#9631	REDUCE cov: 124 ft: 509 corp: 65/8842b lim: 333 exec/s: 9631 rss: 29Mb L: 88/333 MS: 1 EraseBytes-
#9632	REDUCE cov: 124 ft: 509 corp: 65/8834b lim: 333 exec/s: 9632 rss: 29Mb L: 175/333 MS: 1 EraseBytes-
#9742	REDUCE cov: 124 ft: 509 corp: 65/8786b lim: 333 exec/s: 9742 rss: 29Mb L: 78/333 MS: 5 ChangeASCIIInt-ShuffleBytes-ChangeBit-ChangeByte-EraseBytes-
#9759	REDUCE cov: 124 ft: 509 corp: 65/8781b lim: 333 exec/s: 9759 rss: 29Mb L: 257/333 MS: 2 ShuffleBytes-EraseBytes-
#9847	REDUCE cov: 124 ft: 509 corp: 65/8771b lim: 333 exec/s: 9847 rss: 29Mb L: 119/333 MS: 3 PersAutoDict-ChangeASCIIInt-EraseBytes- DE: "\001 "-
#9991	REDUCE cov: 124 ft: 509 corp: 65/8764b lim: 333 exec/s: 9991 rss: 29Mb L: 138/333 MS: 4 EraseBytes-InsertByte-CopyPart-CMP- DE: "\377\377^\347\022A\311\344"-
#10055	NEW    cov: 124 ft: 510 corp: 66/9029b lim: 333 exec/s: 10055 rss: 29Mb L: 265/333 MS: 4 CopyPart-CopyPart-CopyPart-EraseBytes-
#10066	REDUCE cov: 124 ft: 510 corp: 66/9021b lim: 333 exec/s: 10066 rss: 29Mb L: 111/333 MS: 1 EraseBytes-
#10179	REDUCE cov: 124 ft: 510 corp: 66/9017b lim: 333 exec/s: 10179 rss: 29Mb L: 33/333 MS: 3 CrossOver-ShuffleBytes-EraseBytes-
#10265	REDUCE cov: 124 ft: 510 corp: 66/9005b lim: 333 exec/s: 10265 rss: 29Mb L: 128/333 MS: 1 EraseBytes-
#10276	REDUCE cov: 124 ft: 510 corp: 66/9003b lim: 333 exec/s: 10276 rss: 29Mb L: 301/333 MS: 1 EraseBytes-
#11172	REDUCE cov: 124 ft: 511 corp: 67/9341b lim: 341 exec/s: 11172 rss: 29Mb L: 338/338 MS: 1 InsertRepeatedBytes-
#11278	REDUCE cov: 124 ft: 511 corp: 67/9309b lim: 341 exec/s: 11278 rss: 29Mb L: 38/338 MS: 1 EraseBytes-
==808779== ERROR: libFuzzer: out-of-memory (used: 1581Mb; limit: 1024Mb)
   To change the out-of-memory limit use -rss_limit_mb=<N>

MS: 1 CMP- DE: "\377\377\377\377\377\377\377\217"-; base unit: 6595aa11b8ec6123673f42cff6e2b8d25c6421c4
0x0,0x0,0x0,0x1c,0x66,0x74,0x79,0x70,0x4d,0x34,0x56,0x20,0x0,0x0,0x0,0x0,0x4d,0x34,0x56,0x20,0x6d,0x70,0x34,0x31,0x69,0x73,0x6f,0x6d,0x0,0x0,0x0,0xe0,0x6d,0x6f,0x6f,0x76,0x0,0x0,0x0,0x78,0x6d,0x76,0x68,0x64,0x0,0x0,0x0,0x0,0x0,0x61,0x0,0x0,0x0,0xff,0xff,0xff,0xff,0xff,0xff,0xff,0x8f,0x0,0x0,0x0,0x0,0x21,0x68,0x64,0x6c,0x72,0x0,0x0,0x0,0x0,0x0,0x0,0x0,0x0,0x6d,0x64,0x69,0x72,0x61,0x70,0x70,0x6c,0x0,0x0,0x0,0x0,0x0,0x0,0x0,0x0,0x0,0x0,0x0,0x0,0x2b,0x69,0x6c,0x73,0x74,0x0,0x0,0x0,0x22,0xc2,0xa9,0x6e,0x61,0x6d,0x0,0x0,0x0,0x0,0x0,0x0,0x0,0x69,0x73,0x6f,0x6d,0x6d,0x70,0x34,0x31,0x0,0x0,0x1,0x35,0x66,0x72,0x6d,0x61,0x0,0x0,0x0,0x78,0x6d,0x76,0x68,0x64,0x0,0x0,0x0,0x1,0x0,0x0,0x0,0x0,0x0,0x0,0x0,0x0,0x0,0x0,0x0,0x0,0x1,0x0,0x0,0x0,0x0,0x0,0x0,0x0,0x1,0x0,0x0,0x0,0x0,0x0,0x0,0x0,0x0,0x0,0x0,0x0,0x0,0x0,0x0,0x6f,
\000\000\000\034ftypM4V \000\000\000\000M4V mp41isom\000\000\000\340moov\000\000\000xmvhd\000\000\000\000\000a\000\000\000\377\377\377\377\377\377\377\217\000\000\000\000!hdlr\000\000\000\000\000\000\000\000mdirappl\000\000\000\000\000\000\000\000\000\000\000\000+ilst\000\000\000\"\302\251nam\000\000\000\000\000\000\000isommp41\000\000\0015frma\000\000\000xmvhd\000\000\000\001\000\000\000\000\000\000\000\000\000\000\000\000\001\000\000\000\000\000\000\000\001\000\000\000\000\000\000\000\000\000\000\000\000\000\000o
artifact_prefix='/results/crashes/20260313_184000_0f42a6d3_'; Test unit written to /results/crashes/20260313_184000_0f42a6d3_oom-a5eb12953443498532caf5e8f2d0f22362bd4c9a
Base64: AAAAHGZ0eXBNNFYgAAAAAE00ViBtcDQxaXNvbQAAAOBtb292AAAAeG12aGQAAAAAAGEAAAD/////////jwAAAAAhaGRscgAAAAAAAAAAbWRpcmFwcGwAAAAAAAAAAAAAAAAraWxzdAAAACLCqW5hbQAAAAAAAABpc29tbXA0MQAAATVmcm1hAAAAeG12aGQAAAABAAAAAAAAAAAAAAAAAQAAAAAAAAABAAAAAAAAAAAAAAAAAABv
SUMMARY: libFuzzer: out-of-memory
stat::number_of_executed_units: 11334
stat::average_exec_per_sec:     3778
stat::new_units_added:          181
stat::slowest_unit_time_sec:    0
stat::peak_rss_mb:              1581
