INFO: Running with entropic power schedule (0xFF, 100).
INFO: Seed: 2543636480
INFO: Loaded 1 modules   (252 inline 8-bit counters): 252 [0x62cf3fa4d678, 0x62cf3fa4d774), 
INFO: Loaded 1 PC tables (252 PCs): 252 [0x62cf3fa4d778,0x62cf3fa4e738), 
INFO:        4 files found in /tmp/corpus_20260313_191417_3da73fc7
INFO: seed corpus: files: 4 min: 48b max: 333b total: 853b rss: 28Mb
#5	INITED cov: 119 ft: 256 corp: 4/853b exec/s: 0 rss: 29Mb
#6	NEW    cov: 119 ft: 258 corp: 5/1073b lim: 333 exec/s: 0 rss: 29Mb L: 220/333 MS: 1 ChangeBit-
#9	NEW    cov: 120 ft: 262 corp: 6/1307b lim: 333 exec/s: 0 rss: 29Mb L: 234/333 MS: 3 ChangeBit-CMP-CrossOver- DE: "\001\000"-
#10	NEW    cov: 120 ft: 272 corp: 7/1355b lim: 333 exec/s: 0 rss: 29Mb L: 48/333 MS: 1 CMP- DE: "ipma"-
#11	NEW    cov: 120 ft: 273 corp: 8/1611b lim: 333 exec/s: 0 rss: 29Mb L: 256/333 MS: 1 PersAutoDict- DE: "ipma"-
#12	NEW    cov: 120 ft: 274 corp: 9/1904b lim: 333 exec/s: 0 rss: 29Mb L: 293/333 MS: 1 CrossOver-
#13	NEW    cov: 122 ft: 281 corp: 10/2209b lim: 333 exec/s: 0 rss: 29Mb L: 305/333 MS: 1 EraseBytes-
#15	NEW    cov: 122 ft: 291 corp: 11/2265b lim: 333 exec/s: 0 rss: 29Mb L: 56/333 MS: 2 ChangeBinInt-CMP- DE: "z\372\036g\317b\000\000"-
#16	NEW    cov: 122 ft: 297 corp: 12/2503b lim: 333 exec/s: 0 rss: 29Mb L: 238/333 MS: 1 PersAutoDict- DE: "ipma"-
#18	NEW    cov: 122 ft: 302 corp: 13/2731b lim: 333 exec/s: 0 rss: 29Mb L: 228/333 MS: 2 ChangeBit-PersAutoDict- DE: "z\372\036g\317b\000\000"-
#19	NEW    cov: 122 ft: 303 corp: 14/2883b lim: 333 exec/s: 0 rss: 29Mb L: 152/333 MS: 1 InsertRepeatedBytes-
#20	NEW    cov: 122 ft: 309 corp: 15/3044b lim: 333 exec/s: 0 rss: 29Mb L: 161/333 MS: 1 EraseBytes-
#23	NEW    cov: 122 ft: 318 corp: 16/3264b lim: 333 exec/s: 0 rss: 29Mb L: 220/333 MS: 3 CMP-ChangeASCIIInt-CMP- DE: "\377\377a\317g\037;@"-"ispe"-
#26	NEW    cov: 122 ft: 350 corp: 17/3484b lim: 333 exec/s: 0 rss: 29Mb L: 220/333 MS: 3 PersAutoDict-ChangeBit-ChangeByte- DE: "\377\377a\317g\037;@"-
#27	NEW    cov: 122 ft: 355 corp: 18/3638b lim: 333 exec/s: 0 rss: 29Mb L: 154/333 MS: 1 EraseBytes-
#31	NEW    cov: 122 ft: 356 corp: 19/3964b lim: 333 exec/s: 0 rss: 29Mb L: 326/333 MS: 4 ChangeASCIIInt-ChangeBit-ChangeBinInt-CopyPart-
#33	NEW    cov: 122 ft: 364 corp: 20/4013b lim: 333 exec/s: 0 rss: 29Mb L: 49/333 MS: 2 ChangeASCIIInt-InsertByte-
#34	NEW    cov: 122 ft: 366 corp: 21/4069b lim: 333 exec/s: 0 rss: 29Mb L: 56/333 MS: 1 CopyPart-
#35	NEW    cov: 122 ft: 376 corp: 22/4095b lim: 333 exec/s: 0 rss: 29Mb L: 26/333 MS: 1 CrossOver-
#36	NEW    cov: 122 ft: 383 corp: 23/4236b lim: 333 exec/s: 0 rss: 29Mb L: 141/333 MS: 1 EraseBytes-
#47	NEW    cov: 122 ft: 384 corp: 24/4288b lim: 333 exec/s: 0 rss: 29Mb L: 52/333 MS: 1 CMP- DE: "dinf"-
#54	NEW    cov: 122 ft: 385 corp: 25/4486b lim: 333 exec/s: 0 rss: 29Mb L: 198/333 MS: 2 InsertByte-CrossOver-
#63	NEW    cov: 122 ft: 395 corp: 26/4565b lim: 333 exec/s: 0 rss: 29Mb L: 79/333 MS: 4 InsertByte-PersAutoDict-ChangeBit-CopyPart- DE: "z\372\036g\317b\000\000"-
#71	NEW    cov: 122 ft: 396 corp: 27/4603b lim: 333 exec/s: 0 rss: 29Mb L: 38/333 MS: 3 ShuffleBytes-PersAutoDict-EraseBytes- DE: "\001\000"-
#80	NEW    cov: 122 ft: 397 corp: 28/4664b lim: 333 exec/s: 0 rss: 29Mb L: 61/333 MS: 4 CMP-CopyPart-InsertByte-CMP- DE: "strk"-"\000\000b\317g &\200"-
#90	NEW    cov: 122 ft: 398 corp: 29/4935b lim: 333 exec/s: 0 rss: 29Mb L: 271/333 MS: 5 ChangeByte-InsertRepeatedBytes-ChangeByte-PersAutoDict-EraseBytes- DE: "\000\000b\317g &\200"-
#94	NEW    cov: 122 ft: 399 corp: 30/5167b lim: 333 exec/s: 0 rss: 29Mb L: 232/333 MS: 4 ChangeByte-PersAutoDict-InsertRepeatedBytes-CopyPart- DE: "ispe"-
#111	NEW    cov: 122 ft: 400 corp: 31/5246b lim: 333 exec/s: 0 rss: 29Mb L: 79/333 MS: 2 EraseBytes-CrossOver-
#112	NEW    cov: 123 ft: 401 corp: 32/5466b lim: 333 exec/s: 0 rss: 29Mb L: 220/333 MS: 1 CopyPart-
#114	NEW    cov: 123 ft: 407 corp: 33/5496b lim: 333 exec/s: 0 rss: 29Mb L: 30/333 MS: 2 ChangeBit-CMP- DE: "\377\037\000\001"-
#121	NEW    cov: 123 ft: 413 corp: 34/5639b lim: 333 exec/s: 0 rss: 29Mb L: 143/333 MS: 2 CrossOver-CopyPart-
#137	NEW    cov: 123 ft: 414 corp: 35/5753b lim: 333 exec/s: 0 rss: 29Mb L: 114/333 MS: 1 CrossOver-
#139	NEW    cov: 123 ft: 415 corp: 36/6021b lim: 333 exec/s: 0 rss: 29Mb L: 268/333 MS: 2 InsertRepeatedBytes-EraseBytes-
#142	NEW    cov: 123 ft: 416 corp: 37/6285b lim: 333 exec/s: 0 rss: 29Mb L: 264/333 MS: 3 EraseBytes-InsertByte-InsertRepeatedBytes-
#169	NEW    cov: 123 ft: 417 corp: 38/6425b lim: 333 exec/s: 0 rss: 29Mb L: 140/333 MS: 2 ChangeByte-EraseBytes-
#172	REDUCE cov: 123 ft: 417 corp: 38/6424b lim: 333 exec/s: 0 rss: 29Mb L: 263/333 MS: 3 CrossOver-PersAutoDict-EraseBytes- DE: "\377\377a\317g\037;@"-
#173	NEW    cov: 123 ft: 418 corp: 39/6551b lim: 333 exec/s: 0 rss: 29Mb L: 127/333 MS: 1 EraseBytes-
#179	NEW    cov: 123 ft: 421 corp: 40/6810b lim: 333 exec/s: 0 rss: 29Mb L: 259/333 MS: 1 CopyPart-
#238	NEW    cov: 123 ft: 422 corp: 41/6958b lim: 333 exec/s: 0 rss: 29Mb L: 148/333 MS: 4 ShuffleBytes-ChangeBinInt-ChangeBit-CMP- DE: "+\273\037g\317b\000\000"-
#245	REDUCE cov: 123 ft: 422 corp: 41/6902b lim: 333 exec/s: 0 rss: 29Mb L: 164/333 MS: 2 ChangeByte-EraseBytes-
#281	NEW    cov: 124 ft: 423 corp: 42/7134b lim: 333 exec/s: 0 rss: 29Mb L: 232/333 MS: 1 PersAutoDict- DE: "ispe"-
#284	REDUCE cov: 124 ft: 423 corp: 42/7128b lim: 333 exec/s: 0 rss: 29Mb L: 73/333 MS: 3 ChangeBinInt-PersAutoDict-EraseBytes- DE: "+\273\037g\317b\000\000"-
#337	REDUCE cov: 124 ft: 423 corp: 42/7107b lim: 333 exec/s: 0 rss: 29Mb L: 242/333 MS: 3 CrossOver-ChangeBit-CrossOver-
#348	NEW    cov: 124 ft: 424 corp: 43/7156b lim: 333 exec/s: 0 rss: 29Mb L: 49/333 MS: 1 ChangeBit-
#423	NEW    cov: 124 ft: 425 corp: 44/7456b lim: 333 exec/s: 0 rss: 29Mb L: 300/333 MS: 5 ShuffleBytes-CMP-InsertRepeatedBytes-InsertByte-CrossOver- DE: "\000\000\000\010"-
#427	NEW    cov: 124 ft: 426 corp: 45/7510b lim: 333 exec/s: 0 rss: 29Mb L: 54/333 MS: 4 CMP-CopyPart-InsertByte-ChangeBinInt- DE: "avc1"-
#443	REDUCE cov: 124 ft: 426 corp: 45/7508b lim: 333 exec/s: 0 rss: 29Mb L: 50/333 MS: 1 EraseBytes-
#450	REDUCE cov: 124 ft: 426 corp: 45/7491b lim: 333 exec/s: 0 rss: 29Mb L: 203/333 MS: 2 ShuffleBytes-EraseBytes-
#482	REDUCE cov: 124 ft: 426 corp: 45/7485b lim: 333 exec/s: 0 rss: 29Mb L: 42/333 MS: 2 ChangeBinInt-EraseBytes-
#488	REDUCE cov: 124 ft: 426 corp: 45/7473b lim: 333 exec/s: 0 rss: 29Mb L: 37/333 MS: 1 EraseBytes-
#489	REDUCE cov: 124 ft: 427 corp: 46/7517b lim: 333 exec/s: 0 rss: 29Mb L: 44/333 MS: 1 EraseBytes-
#492	NEW    cov: 124 ft: 428 corp: 47/7823b lim: 333 exec/s: 0 rss: 29Mb L: 306/333 MS: 3 InsertByte-InsertRepeatedBytes-InsertByte-
#497	REDUCE cov: 124 ft: 428 corp: 47/7757b lim: 333 exec/s: 0 rss: 29Mb L: 98/333 MS: 5 ChangeBinInt-InsertByte-InsertByte-ChangeBinInt-EraseBytes-
#529	NEW    cov: 124 ft: 438 corp: 48/7909b lim: 333 exec/s: 0 rss: 29Mb L: 152/333 MS: 2 ShuffleBytes-ChangeBit-
#534	NEW    cov: 124 ft: 443 corp: 49/8207b lim: 333 exec/s: 0 rss: 29Mb L: 298/333 MS: 5 CopyPart-ShuffleBytes-CrossOver-ChangeASCIIInt-InsertRepeatedBytes-
#541	REDUCE cov: 124 ft: 443 corp: 49/8154b lim: 333 exec/s: 0 rss: 29Mb L: 150/333 MS: 2 PersAutoDict-CrossOver- DE: "ispe"-
#673	REDUCE cov: 124 ft: 443 corp: 49/8127b lim: 333 exec/s: 0 rss: 29Mb L: 201/333 MS: 2 ChangeBinInt-EraseBytes-
#679	NEW    cov: 124 ft: 444 corp: 50/8347b lim: 333 exec/s: 0 rss: 29Mb L: 220/333 MS: 1 ChangeBit-
#799	NEW    cov: 124 ft: 445 corp: 51/8378b lim: 333 exec/s: 0 rss: 29Mb L: 31/333 MS: 5 ShuffleBytes-ShuffleBytes-CopyPart-ChangeBit-EraseBytes-
#831	REDUCE cov: 124 ft: 445 corp: 51/8358b lim: 333 exec/s: 0 rss: 29Mb L: 134/333 MS: 2 CopyPart-EraseBytes-
#843	NEW    cov: 124 ft: 453 corp: 52/8376b lim: 333 exec/s: 0 rss: 29Mb L: 18/333 MS: 2 ChangeBinInt-CrossOver-
#907	NEW    cov: 124 ft: 454 corp: 53/8679b lim: 333 exec/s: 0 rss: 29Mb L: 303/333 MS: 4 InsertByte-CrossOver-ShuffleBytes-PersAutoDict- DE: "strk"-
#921	NEW    cov: 125 ft: 456 corp: 54/9007b lim: 333 exec/s: 0 rss: 29Mb L: 328/333 MS: 4 InsertByte-InsertByte-PersAutoDict-CopyPart- DE: "z\372\036g\317b\000\000"-
#1030	NEW    cov: 125 ft: 457 corp: 55/9269b lim: 333 exec/s: 0 rss: 29Mb L: 262/333 MS: 4 InsertByte-CopyPart-InsertByte-CMP- DE: "\002\000\000\000"-
#1072	REDUCE cov: 125 ft: 457 corp: 55/9264b lim: 333 exec/s: 0 rss: 29Mb L: 266/333 MS: 2 InsertRepeatedBytes-EraseBytes-
#1124	NEW    cov: 125 ft: 464 corp: 56/9590b lim: 333 exec/s: 0 rss: 29Mb L: 326/333 MS: 2 ChangeByte-InsertRepeatedBytes-
#1126	NEW    cov: 125 ft: 465 corp: 57/9619b lim: 333 exec/s: 0 rss: 29Mb L: 29/333 MS: 2 ChangeBinInt-EraseBytes-
#1132	NEW    cov: 125 ft: 466 corp: 58/9841b lim: 333 exec/s: 0 rss: 29Mb L: 222/333 MS: 1 CopyPart-
#1183	NEW    cov: 125 ft: 471 corp: 59/10148b lim: 333 exec/s: 0 rss: 29Mb L: 307/333 MS: 1 InsertRepeatedBytes-
#1227	REDUCE cov: 125 ft: 471 corp: 59/10132b lim: 333 exec/s: 0 rss: 29Mb L: 216/333 MS: 4 PersAutoDict-ChangeBinInt-CrossOver-EraseBytes- DE: "\000\000\000\010"-
#1244	NEW    cov: 125 ft: 474 corp: 60/10155b lim: 333 exec/s: 0 rss: 29Mb L: 23/333 MS: 2 CopyPart-EraseBytes-
#1248	REDUCE cov: 125 ft: 474 corp: 60/10131b lim: 333 exec/s: 0 rss: 29Mb L: 37/333 MS: 4 ChangeBit-PersAutoDict-ChangeBinInt-EraseBytes- DE: "\000\000\000\010"-
#1317	REDUCE cov: 125 ft: 474 corp: 60/10118b lim: 333 exec/s: 0 rss: 29Mb L: 249/333 MS: 4 EraseBytes-ChangeByte-ChangeASCIIInt-ChangeBinInt-
#1364	NEW    cov: 125 ft: 475 corp: 61/10134b lim: 333 exec/s: 0 rss: 29Mb L: 16/333 MS: 2 ChangeByte-EraseBytes-
#1376	REDUCE cov: 125 ft: 475 corp: 61/10124b lim: 333 exec/s: 0 rss: 29Mb L: 232/333 MS: 2 ChangeBinInt-EraseBytes-
#1381	REDUCE cov: 125 ft: 475 corp: 61/10105b lim: 333 exec/s: 0 rss: 29Mb L: 281/333 MS: 5 ChangeBinInt-InsertRepeatedBytes-InsertRepeatedBytes-ChangeBit-CrossOver-
#1501	REDUCE cov: 125 ft: 475 corp: 61/10104b lim: 333 exec/s: 0 rss: 29Mb L: 17/333 MS: 5 ShuffleBytes-ChangeByte-InsertByte-ChangeByte-EraseBytes-
#1572	REDUCE cov: 125 ft: 475 corp: 61/10087b lim: 333 exec/s: 0 rss: 29Mb L: 27/333 MS: 1 EraseBytes-
#1651	REDUCE cov: 125 ft: 475 corp: 61/10083b lim: 333 exec/s: 0 rss: 29Mb L: 27/333 MS: 4 PersAutoDict-CopyPart-CrossOver-EraseBytes- DE: "avc1"-
#1673	REDUCE cov: 125 ft: 483 corp: 62/10098b lim: 333 exec/s: 0 rss: 29Mb L: 15/333 MS: 2 CrossOver-EraseBytes-
#1733	NEW    cov: 125 ft: 484 corp: 63/10112b lim: 333 exec/s: 0 rss: 29Mb L: 14/333 MS: 5 CrossOver-InsertRepeatedBytes-ChangeBit-CopyPart-CrossOver-
#1736	NEW    cov: 125 ft: 486 corp: 64/10120b lim: 333 exec/s: 0 rss: 29Mb L: 8/333 MS: 3 ChangeBinInt-ChangeBinInt-EraseBytes-
#1858	NEW    cov: 126 ft: 487 corp: 65/10127b lim: 333 exec/s: 0 rss: 29Mb L: 7/333 MS: 2 ShuffleBytes-EraseBytes-
#1874	REDUCE cov: 126 ft: 487 corp: 65/10124b lim: 333 exec/s: 0 rss: 29Mb L: 13/333 MS: 1 EraseBytes-
#1924	NEW    cov: 126 ft: 488 corp: 66/10391b lim: 333 exec/s: 0 rss: 29Mb L: 267/333 MS: 5 CrossOver-InsertRepeatedBytes-InsertRepeatedBytes-CopyPart-EraseBytes-
#2065	NEW    cov: 126 ft: 489 corp: 67/10589b lim: 333 exec/s: 0 rss: 29Mb L: 198/333 MS: 1 EraseBytes-
#2126	REDUCE cov: 126 ft: 489 corp: 67/10576b lim: 333 exec/s: 0 rss: 29Mb L: 188/333 MS: 1 EraseBytes-
#2144	REDUCE cov: 126 ft: 489 corp: 67/10543b lim: 333 exec/s: 0 rss: 29Mb L: 155/333 MS: 3 ChangeByte-CrossOver-EraseBytes-
#2208	REDUCE cov: 126 ft: 489 corp: 67/10536b lim: 333 exec/s: 0 rss: 29Mb L: 8/333 MS: 4 InsertByte-ChangeBinInt-ChangeByte-EraseBytes-
#2240	REDUCE cov: 126 ft: 489 corp: 67/10493b lim: 333 exec/s: 0 rss: 29Mb L: 55/333 MS: 2 ChangeBinInt-EraseBytes-
#2271	REDUCE cov: 126 ft: 489 corp: 67/10490b lim: 333 exec/s: 0 rss: 29Mb L: 26/333 MS: 1 EraseBytes-
#2394	REDUCE cov: 126 ft: 489 corp: 67/10482b lim: 333 exec/s: 0 rss: 29Mb L: 71/333 MS: 3 ShuffleBytes-ChangeBinInt-EraseBytes-
#2438	NEW    cov: 126 ft: 490 corp: 68/10776b lim: 333 exec/s: 0 rss: 29Mb L: 294/333 MS: 4 CopyPart-ChangeASCIIInt-EraseBytes-CMP- DE: "hvcC"-
#2484	NEW    cov: 126 ft: 495 corp: 69/10856b lim: 333 exec/s: 0 rss: 29Mb L: 80/333 MS: 1 EraseBytes-
#2538	NEW    cov: 126 ft: 496 corp: 70/11176b lim: 333 exec/s: 0 rss: 29Mb L: 320/333 MS: 4 CopyPart-ChangeBinInt-CopyPart-ChangeBinInt-
#2599	REDUCE cov: 126 ft: 496 corp: 70/11097b lim: 333 exec/s: 0 rss: 29Mb L: 202/333 MS: 1 CrossOver-
#2790	REDUCE cov: 126 ft: 496 corp: 70/11094b lim: 333 exec/s: 0 rss: 29Mb L: 24/333 MS: 1 EraseBytes-
#2791	REDUCE cov: 126 ft: 496 corp: 70/11051b lim: 333 exec/s: 0 rss: 29Mb L: 189/333 MS: 1 EraseBytes-
#2807	REDUCE cov: 126 ft: 496 corp: 70/11048b lim: 333 exec/s: 0 rss: 29Mb L: 20/333 MS: 1 EraseBytes-
#2912	REDUCE cov: 126 ft: 496 corp: 70/11044b lim: 333 exec/s: 0 rss: 29Mb L: 289/333 MS: 5 ChangeASCIIInt-ChangeBinInt-ChangeBinInt-EraseBytes-ChangeByte-
#2915	REDUCE cov: 126 ft: 496 corp: 70/11034b lim: 333 exec/s: 0 rss: 29Mb L: 14/333 MS: 3 ChangeASCIIInt-InsertByte-EraseBytes-
#3341	REDUCE cov: 126 ft: 496 corp: 70/11028b lim: 333 exec/s: 0 rss: 29Mb L: 8/333 MS: 1 EraseBytes-
#3416	REDUCE cov: 126 ft: 496 corp: 70/11010b lim: 333 exec/s: 0 rss: 29Mb L: 36/333 MS: 5 CopyPart-ChangeASCIIInt-ChangeByte-CrossOver-CrossOver-
#3480	REDUCE cov: 126 ft: 496 corp: 70/10952b lim: 333 exec/s: 0 rss: 29Mb L: 76/333 MS: 4 InsertRepeatedBytes-CopyPart-CopyPart-CrossOver-
#3534	NEW    cov: 126 ft: 497 corp: 71/11282b lim: 333 exec/s: 0 rss: 29Mb L: 330/333 MS: 4 ChangeBit-CopyPart-ChangeBinInt-CMP- DE: "\002\000"-
#3582	REDUCE cov: 126 ft: 497 corp: 71/11270b lim: 333 exec/s: 0 rss: 29Mb L: 140/333 MS: 3 PersAutoDict-ChangeBinInt-EraseBytes- DE: "\002\000\000\000"-
#3589	REDUCE cov: 126 ft: 497 corp: 71/11266b lim: 333 exec/s: 0 rss: 29Mb L: 262/333 MS: 2 ChangeByte-CrossOver-
#3610	REDUCE cov: 126 ft: 497 corp: 71/11264b lim: 333 exec/s: 0 rss: 29Mb L: 35/333 MS: 1 EraseBytes-
#3642	REDUCE cov: 126 ft: 497 corp: 71/11250b lim: 333 exec/s: 0 rss: 29Mb L: 248/333 MS: 2 CopyPart-EraseBytes-
#3678	REDUCE cov: 126 ft: 497 corp: 71/11234b lim: 333 exec/s: 0 rss: 29Mb L: 127/333 MS: 1 EraseBytes-
#3705	REDUCE cov: 126 ft: 497 corp: 71/11191b lim: 333 exec/s: 0 rss: 29Mb L: 97/333 MS: 2 PersAutoDict-EraseBytes- DE: "+\273\037g\317b\000\000"-
#3722	REDUCE cov: 126 ft: 497 corp: 71/11190b lim: 333 exec/s: 0 rss: 29Mb L: 6/333 MS: 2 ChangeASCIIInt-EraseBytes-
#3914	REDUCE cov: 126 ft: 497 corp: 71/11183b lim: 333 exec/s: 0 rss: 29Mb L: 49/333 MS: 2 EraseBytes-CMP- DE: "\377\377\377\036"-
#3921	REDUCE cov: 126 ft: 497 corp: 71/11172b lim: 333 exec/s: 0 rss: 29Mb L: 25/333 MS: 2 ChangeASCIIInt-EraseBytes-
#3945	REDUCE cov: 126 ft: 497 corp: 71/11164b lim: 333 exec/s: 0 rss: 29Mb L: 19/333 MS: 4 InsertByte-ChangeByte-ChangeASCIIInt-EraseBytes-
#4151	REDUCE cov: 126 ft: 497 corp: 71/11156b lim: 333 exec/s: 0 rss: 29Mb L: 72/333 MS: 1 EraseBytes-
#4323	REDUCE cov: 126 ft: 497 corp: 71/11152b lim: 333 exec/s: 0 rss: 29Mb L: 2/333 MS: 2 ChangeASCIIInt-CrossOver-
#4337	REDUCE cov: 126 ft: 497 corp: 71/11149b lim: 333 exec/s: 0 rss: 29Mb L: 52/333 MS: 4 CrossOver-ShuffleBytes-ChangeByte-EraseBytes-
#4343	REDUCE cov: 126 ft: 497 corp: 71/11132b lim: 333 exec/s: 0 rss: 29Mb L: 20/333 MS: 1 EraseBytes-
#4358	REDUCE cov: 126 ft: 497 corp: 71/11127b lim: 333 exec/s: 0 rss: 29Mb L: 145/333 MS: 5 ChangeByte-CMP-CopyPart-InsertRepeatedBytes-EraseBytes- DE: "St9exception"-
#4457	REDUCE cov: 126 ft: 497 corp: 71/11125b lim: 333 exec/s: 0 rss: 29Mb L: 24/333 MS: 4 CopyPart-ChangeBinInt-EraseBytes-InsertByte-
#4531	REDUCE cov: 126 ft: 497 corp: 71/11117b lim: 333 exec/s: 0 rss: 29Mb L: 65/333 MS: 4 InsertByte-ChangeBit-InsertRepeatedBytes-EraseBytes-
#4628	REDUCE cov: 126 ft: 497 corp: 71/11098b lim: 333 exec/s: 0 rss: 29Mb L: 33/333 MS: 2 PersAutoDict-EraseBytes- DE: "\377\377a\317g\037;@"-
#4667	REDUCE cov: 126 ft: 497 corp: 71/11096b lim: 333 exec/s: 0 rss: 29Mb L: 230/333 MS: 4 ChangeASCIIInt-ChangeByte-EraseBytes-CopyPart-
#4941	REDUCE cov: 126 ft: 497 corp: 71/11087b lim: 333 exec/s: 0 rss: 29Mb L: 29/333 MS: 4 CMP-CopyPart-ChangeBinInt-EraseBytes- DE: "hvcC"-
#5012	REDUCE cov: 126 ft: 497 corp: 71/11079b lim: 333 exec/s: 0 rss: 29Mb L: 212/333 MS: 1 EraseBytes-
#5073	REDUCE cov: 126 ft: 497 corp: 71/11074b lim: 333 exec/s: 0 rss: 29Mb L: 28/333 MS: 1 EraseBytes-
#5167	NEW    cov: 126 ft: 503 corp: 72/11364b lim: 333 exec/s: 0 rss: 29Mb L: 290/333 MS: 4 ChangeBit-CopyPart-ChangeBit-CopyPart-
#5213	REDUCE cov: 126 ft: 503 corp: 72/11267b lim: 333 exec/s: 0 rss: 29Mb L: 229/333 MS: 1 EraseBytes-
#5278	NEW    cov: 126 ft: 506 corp: 73/11317b lim: 333 exec/s: 0 rss: 29Mb L: 50/333 MS: 5 ShuffleBytes-ChangeBit-EraseBytes-InsertByte-CMP- DE: "\001\000\000\000\001\000\000\000"-
#5379	REDUCE cov: 126 ft: 506 corp: 73/11296b lim: 333 exec/s: 0 rss: 29Mb L: 29/333 MS: 1 EraseBytes-
#5411	REDUCE cov: 126 ft: 506 corp: 73/11288b lim: 333 exec/s: 0 rss: 29Mb L: 17/333 MS: 2 EraseBytes-ChangeBinInt-
==914953== ERROR: libFuzzer: out-of-memory (used: 1656Mb; limit: 1024Mb)
   To change the out-of-memory limit use -rss_limit_mb=<N>

MS: 2 ChangeBinInt-CopyPart-; base unit: 29e829bbeb3dc2ea94683499879746a5f46fa45b
artifact_prefix='/results/crashes/20260313_191417_3da73fc7_'; Test unit written to /results/crashes/20260313_191417_3da73fc7_oom-2d49908e70413f98119d8118b7a47a8eeda9257e
SUMMARY: libFuzzer: out-of-memory
stat::number_of_executed_units: 5458
stat::average_exec_per_sec:     2729
stat::new_units_added:          131
stat::slowest_unit_time_sec:    0
stat::peak_rss_mb:              1656
