INFO: Running with entropic power schedule (0xFF, 100).
INFO: Seed: 4241335493
INFO: Loaded 1 modules   (252 inline 8-bit counters): 252 [0x60a1507c0678, 0x60a1507c0774), 
INFO: Loaded 1 PC tables (252 PCs): 252 [0x60a1507c0778,0x60a1507c1738), 
INFO:        4 files found in /tmp/corpus_20260313_162523_109365ac
INFO: seed corpus: files: 4 min: 48b max: 333b total: 853b rss: 28Mb
#5	INITED cov: 118 ft: 250 corp: 4/853b exec/s: 0 rss: 29Mb
#13	NEW    cov: 118 ft: 251 corp: 5/1074b lim: 333 exec/s: 0 rss: 29Mb L: 221/333 MS: 3 CopyPart-ChangeBit-EraseBytes-
#15	NEW    cov: 119 ft: 284 corp: 6/1407b lim: 333 exec/s: 0 rss: 29Mb L: 333/333 MS: 2 ShuffleBytes-ChangeBit-
#16	NEW    cov: 119 ft: 299 corp: 7/1628b lim: 333 exec/s: 0 rss: 29Mb L: 221/333 MS: 1 InsertByte-
#17	NEW    cov: 119 ft: 309 corp: 8/1676b lim: 333 exec/s: 0 rss: 29Mb L: 48/333 MS: 1 ChangeBinInt-
#24	NEW    cov: 119 ft: 314 corp: 9/2005b lim: 333 exec/s: 0 rss: 29Mb L: 329/333 MS: 2 CrossOver-InsertRepeatedBytes-
#25	NEW    cov: 119 ft: 315 corp: 10/2306b lim: 333 exec/s: 0 rss: 29Mb L: 301/333 MS: 1 InsertRepeatedBytes-
#33	NEW    cov: 121 ft: 318 corp: 11/2530b lim: 333 exec/s: 0 rss: 29Mb L: 224/333 MS: 3 ChangeBinInt-CopyPart-InsertByte-
#38	NEW    cov: 121 ft: 319 corp: 12/2813b lim: 333 exec/s: 0 rss: 29Mb L: 283/333 MS: 5 CopyPart-ChangeByte-CMP-ChangeBinInt-InsertRepeatedBytes- DE: "}\222\216c\241`\000\000"-
#40	NEW    cov: 121 ft: 329 corp: 13/3069b lim: 333 exec/s: 0 rss: 29Mb L: 256/333 MS: 2 EraseBytes-CopyPart-
#45	NEW    cov: 121 ft: 330 corp: 14/3380b lim: 333 exec/s: 0 rss: 29Mb L: 311/333 MS: 5 PersAutoDict-ShuffleBytes-ChangeBit-EraseBytes-CrossOver- DE: "}\222\216c\241`\000\000"-
#48	NEW    cov: 121 ft: 331 corp: 15/3653b lim: 333 exec/s: 0 rss: 29Mb L: 273/333 MS: 3 InsertRepeatedBytes-InsertByte-CMP- DE: "hvcC"-
#77	NEW    cov: 121 ft: 332 corp: 16/3926b lim: 333 exec/s: 0 rss: 29Mb L: 273/333 MS: 4 ChangeBit-ShuffleBytes-ChangeBit-CopyPart-
#80	NEW    cov: 121 ft: 342 corp: 17/4041b lim: 333 exec/s: 0 rss: 29Mb L: 115/333 MS: 3 ChangeBit-PersAutoDict-InsertRepeatedBytes- DE: "}\222\216c\241`\000\000"-
#81	NEW    cov: 121 ft: 343 corp: 18/4243b lim: 333 exec/s: 0 rss: 29Mb L: 202/333 MS: 1 EraseBytes-
#82	NEW    cov: 121 ft: 344 corp: 19/4292b lim: 333 exec/s: 0 rss: 29Mb L: 49/333 MS: 1 CrossOver-
#83	NEW    cov: 121 ft: 345 corp: 20/4387b lim: 333 exec/s: 0 rss: 29Mb L: 95/333 MS: 1 EraseBytes-
#84	NEW    cov: 121 ft: 346 corp: 21/4439b lim: 333 exec/s: 0 rss: 29Mb L: 52/333 MS: 1 PersAutoDict- DE: "hvcC"-
#92	NEW    cov: 121 ft: 347 corp: 22/4515b lim: 333 exec/s: 0 rss: 29Mb L: 76/333 MS: 3 EraseBytes-ShuffleBytes-PersAutoDict- DE: "hvcC"-
#100	NEW    cov: 121 ft: 348 corp: 23/4603b lim: 333 exec/s: 0 rss: 29Mb L: 88/333 MS: 3 CMP-ShuffleBytes-CrossOver- DE: "\377\377_\241PYK\273"-
#105	NEW    cov: 121 ft: 354 corp: 24/4698b lim: 333 exec/s: 0 rss: 29Mb L: 95/333 MS: 5 InsertRepeatedBytes-CMP-InsertByte-CrossOver-EraseBytes- DE: "ipma"-
#106	NEW    cov: 121 ft: 355 corp: 25/4786b lim: 333 exec/s: 0 rss: 29Mb L: 88/333 MS: 1 CrossOver-
#107	NEW    cov: 121 ft: 373 corp: 26/4817b lim: 333 exec/s: 0 rss: 29Mb L: 31/333 MS: 1 EraseBytes-
#110	NEW    cov: 121 ft: 374 corp: 27/5050b lim: 333 exec/s: 0 rss: 29Mb L: 233/333 MS: 3 InsertRepeatedBytes-PersAutoDict-CopyPart- DE: "\377\377_\241PYK\273"-
#112	NEW    cov: 121 ft: 381 corp: 28/5285b lim: 333 exec/s: 0 rss: 29Mb L: 235/333 MS: 2 InsertByte-EraseBytes-
#132	NEW    cov: 121 ft: 382 corp: 29/5618b lim: 333 exec/s: 0 rss: 29Mb L: 333/333 MS: 5 InsertRepeatedBytes-CrossOver-PersAutoDict-ChangeBinInt-InsertRepeatedBytes- DE: "\377\377_\241PYK\273"-
#151	NEW    cov: 121 ft: 383 corp: 30/5733b lim: 333 exec/s: 0 rss: 29Mb L: 115/333 MS: 4 CMP-InsertRepeatedBytes-PersAutoDict-CrossOver- DE: "\272\364\216c\241`\000\000"-"ipma"-
#161	NEW    cov: 122 ft: 384 corp: 31/5739b lim: 333 exec/s: 0 rss: 29Mb L: 6/333 MS: 5 InsertByte-ChangeByte-EraseBytes-PersAutoDict-CrossOver- DE: "\272\364\216c\241`\000\000"-
#172	NEW    cov: 122 ft: 394 corp: 32/5751b lim: 333 exec/s: 0 rss: 29Mb L: 12/333 MS: 1 CopyPart-
#173	REDUCE cov: 122 ft: 394 corp: 32/5662b lim: 333 exec/s: 0 rss: 29Mb L: 144/333 MS: 1 EraseBytes-
#174	NEW    cov: 122 ft: 395 corp: 33/5789b lim: 333 exec/s: 0 rss: 29Mb L: 127/333 MS: 1 CrossOver-
#185	NEW    cov: 122 ft: 398 corp: 34/6122b lim: 333 exec/s: 0 rss: 29Mb L: 333/333 MS: 1 CrossOver-
#198	NEW    cov: 122 ft: 400 corp: 35/6157b lim: 333 exec/s: 0 rss: 29Mb L: 35/333 MS: 3 EraseBytes-CopyPart-EraseBytes-
#208	NEW    cov: 122 ft: 401 corp: 36/6237b lim: 333 exec/s: 0 rss: 29Mb L: 80/333 MS: 5 CrossOver-ChangeBinInt-ChangeByte-InsertByte-InsertRepeatedBytes-
#222	NEW    cov: 122 ft: 405 corp: 37/6527b lim: 333 exec/s: 0 rss: 29Mb L: 290/333 MS: 4 ChangeByte-InsertRepeatedBytes-InsertRepeatedBytes-InsertRepeatedBytes-
#224	NEW    cov: 122 ft: 415 corp: 38/6576b lim: 333 exec/s: 0 rss: 29Mb L: 49/333 MS: 2 ChangeBit-InsertByte-
#233	NEW    cov: 123 ft: 416 corp: 39/6748b lim: 333 exec/s: 0 rss: 29Mb L: 172/333 MS: 4 EraseBytes-CMP-InsertRepeatedBytes-InsertByte- DE: "stsd"-
#274	NEW    cov: 123 ft: 419 corp: 40/6760b lim: 333 exec/s: 0 rss: 29Mb L: 12/333 MS: 1 CMP- DE: "\015\242\216c\241`\000\000"-
#296	NEW    cov: 123 ft: 428 corp: 41/6857b lim: 333 exec/s: 0 rss: 29Mb L: 97/333 MS: 2 EraseBytes-EraseBytes-
#298	NEW    cov: 123 ft: 429 corp: 42/6893b lim: 333 exec/s: 0 rss: 29Mb L: 36/333 MS: 2 InsertByte-CrossOver-
#315	NEW    cov: 123 ft: 430 corp: 43/7167b lim: 333 exec/s: 0 rss: 29Mb L: 274/333 MS: 2 ChangeBinInt-InsertByte-
#320	REDUCE cov: 123 ft: 430 corp: 43/7164b lim: 333 exec/s: 0 rss: 29Mb L: 326/333 MS: 5 CrossOver-ChangeBinInt-InsertByte-ChangeBit-EraseBytes-
#354	NEW    cov: 123 ft: 431 corp: 44/7206b lim: 333 exec/s: 0 rss: 29Mb L: 42/333 MS: 4 InsertByte-ChangeBinInt-CrossOver-ShuffleBytes-
#390	NEW    cov: 123 ft: 433 corp: 45/7237b lim: 333 exec/s: 0 rss: 29Mb L: 31/333 MS: 1 EraseBytes-
#400	REDUCE cov: 123 ft: 433 corp: 45/7205b lim: 333 exec/s: 0 rss: 29Mb L: 112/333 MS: 5 CopyPart-ChangeByte-EraseBytes-CMP-InsertByte- DE: "\376\377\377\377\377\377\377\177"-
#412	REDUCE cov: 123 ft: 433 corp: 45/7201b lim: 333 exec/s: 0 rss: 29Mb L: 91/333 MS: 2 PersAutoDict-EraseBytes- DE: "}\222\216c\241`\000\000"-
#418	REDUCE cov: 123 ft: 433 corp: 45/7197b lim: 333 exec/s: 0 rss: 29Mb L: 31/333 MS: 1 EraseBytes-
#425	NEW    cov: 123 ft: 434 corp: 46/7467b lim: 333 exec/s: 0 rss: 29Mb L: 270/333 MS: 2 PersAutoDict-CopyPart- DE: "ipma"-
#448	NEW    cov: 123 ft: 435 corp: 47/7748b lim: 333 exec/s: 0 rss: 29Mb L: 281/333 MS: 3 ShuffleBytes-ChangeBinInt-CrossOver-
#459	NEW    cov: 124 ft: 444 corp: 48/8081b lim: 333 exec/s: 0 rss: 29Mb L: 333/333 MS: 1 CrossOver-
#465	NEW    cov: 124 ft: 453 corp: 49/8129b lim: 333 exec/s: 0 rss: 29Mb L: 48/333 MS: 1 ChangeBit-
#483	REDUCE cov: 124 ft: 453 corp: 49/8126b lim: 333 exec/s: 0 rss: 29Mb L: 3/333 MS: 3 CopyPart-EraseBytes-EraseBytes-
#504	NEW    cov: 124 ft: 454 corp: 50/8396b lim: 333 exec/s: 0 rss: 29Mb L: 270/333 MS: 1 ChangeBit-
#584	REDUCE cov: 124 ft: 454 corp: 50/8373b lim: 333 exec/s: 0 rss: 29Mb L: 53/333 MS: 5 InsertByte-ChangeBit-CrossOver-EraseBytes-EraseBytes-
#649	REDUCE cov: 124 ft: 454 corp: 50/8361b lim: 333 exec/s: 0 rss: 29Mb L: 278/333 MS: 5 CrossOver-InsertByte-InsertByte-InsertByte-EraseBytes-
#685	NEW    cov: 124 ft: 455 corp: 51/8617b lim: 333 exec/s: 0 rss: 29Mb L: 256/333 MS: 1 CrossOver-
#686	REDUCE cov: 124 ft: 455 corp: 51/8509b lim: 333 exec/s: 0 rss: 29Mb L: 148/333 MS: 1 EraseBytes-
#717	NEW    cov: 124 ft: 456 corp: 52/8517b lim: 333 exec/s: 0 rss: 29Mb L: 8/333 MS: 1 EraseBytes-
#873	REDUCE cov: 124 ft: 456 corp: 52/8516b lim: 333 exec/s: 0 rss: 29Mb L: 2/333 MS: 1 EraseBytes-
#894	NEW    cov: 124 ft: 462 corp: 53/8849b lim: 333 exec/s: 0 rss: 29Mb L: 333/333 MS: 1 ShuffleBytes-
#1000	REDUCE cov: 124 ft: 462 corp: 53/8736b lim: 333 exec/s: 0 rss: 29Mb L: 220/333 MS: 1 CrossOver-
#1091	REDUCE cov: 124 ft: 462 corp: 53/8724b lim: 333 exec/s: 0 rss: 29Mb L: 258/333 MS: 1 EraseBytes-
#1114	NEW    cov: 124 ft: 470 corp: 54/8747b lim: 333 exec/s: 0 rss: 29Mb L: 23/333 MS: 3 ChangeByte-ChangeBit-EraseBytes-
#1221	NEW    cov: 124 ft: 471 corp: 55/9073b lim: 333 exec/s: 0 rss: 29Mb L: 326/333 MS: 2 InsertRepeatedBytes-PersAutoDict- DE: "ipma"-
#1227	NEW    cov: 124 ft: 472 corp: 56/9354b lim: 333 exec/s: 0 rss: 29Mb L: 281/333 MS: 1 ChangeBinInt-
#1503	REDUCE cov: 124 ft: 472 corp: 56/9353b lim: 333 exec/s: 0 rss: 29Mb L: 1/333 MS: 1 EraseBytes-
#1521	NEW    cov: 124 ft: 477 corp: 57/9652b lim: 333 exec/s: 0 rss: 29Mb L: 299/333 MS: 3 ChangeByte-ShuffleBytes-InsertRepeatedBytes-
#1646	REDUCE cov: 124 ft: 477 corp: 57/9648b lim: 333 exec/s: 0 rss: 29Mb L: 76/333 MS: 5 ChangeByte-ChangeBit-ShuffleBytes-ChangeBit-EraseBytes-
#1748	NEW    cov: 124 ft: 478 corp: 58/9967b lim: 333 exec/s: 0 rss: 29Mb L: 319/333 MS: 2 ShuffleBytes-InsertRepeatedBytes-
#1932	NEW    cov: 124 ft: 485 corp: 59/10072b lim: 333 exec/s: 0 rss: 29Mb L: 105/333 MS: 4 ShuffleBytes-ChangeBinInt-ChangeBit-CrossOver-
#1936	REDUCE cov: 124 ft: 485 corp: 59/10066b lim: 333 exec/s: 0 rss: 29Mb L: 106/333 MS: 4 CopyPart-InsertByte-CrossOver-EraseBytes-
#2046	REDUCE cov: 124 ft: 485 corp: 59/10064b lim: 333 exec/s: 0 rss: 29Mb L: 125/333 MS: 5 EraseBytes-ChangeASCIIInt-ChangeBit-ChangeBit-InsertByte-
#2102	REDUCE cov: 124 ft: 485 corp: 59/10051b lim: 333 exec/s: 0 rss: 29Mb L: 208/333 MS: 1 EraseBytes-
#2223	REDUCE cov: 124 ft: 485 corp: 59/9995b lim: 333 exec/s: 0 rss: 29Mb L: 196/333 MS: 1 EraseBytes-
#2246	REDUCE cov: 124 ft: 485 corp: 59/9979b lim: 333 exec/s: 0 rss: 29Mb L: 265/333 MS: 3 PersAutoDict-InsertByte-EraseBytes- DE: "\272\364\216c\241`\000\000"-
#2328	NEW    cov: 124 ft: 487 corp: 60/10213b lim: 333 exec/s: 0 rss: 29Mb L: 234/333 MS: 2 ShuffleBytes-CrossOver-
#2413	NEW    cov: 124 ft: 488 corp: 61/10486b lim: 333 exec/s: 0 rss: 29Mb L: 273/333 MS: 5 CMP-CopyPart-ChangeBinInt-ChangeBit-CrossOver- DE: "stss"-
#2424	REDUCE cov: 124 ft: 488 corp: 61/10450b lim: 333 exec/s: 0 rss: 29Mb L: 184/333 MS: 1 EraseBytes-
#2500	NEW    cov: 124 ft: 493 corp: 62/10595b lim: 333 exec/s: 0 rss: 29Mb L: 145/333 MS: 1 CrossOver-
#2586	REDUCE cov: 124 ft: 493 corp: 62/10594b lim: 333 exec/s: 0 rss: 29Mb L: 30/333 MS: 1 EraseBytes-
#2590	REDUCE cov: 124 ft: 493 corp: 62/10592b lim: 333 exec/s: 0 rss: 29Mb L: 51/333 MS: 4 ChangeByte-CopyPart-EraseBytes-InsertRepeatedBytes-
#2709	NEW    cov: 124 ft: 495 corp: 63/10756b lim: 333 exec/s: 0 rss: 29Mb L: 164/333 MS: 4 CopyPart-ChangeBit-InsertRepeatedBytes-EraseBytes-
#2833	REDUCE cov: 124 ft: 495 corp: 63/10676b lim: 333 exec/s: 0 rss: 29Mb L: 194/333 MS: 4 PersAutoDict-CopyPart-CMP-EraseBytes- DE: "}\222\216c\241`\000\000"-"stsd"-
#2850	NEW    cov: 124 ft: 496 corp: 64/10897b lim: 333 exec/s: 0 rss: 29Mb L: 221/333 MS: 2 CrossOver-InsertByte-
#2984	REDUCE cov: 124 ft: 496 corp: 64/10895b lim: 333 exec/s: 0 rss: 29Mb L: 74/333 MS: 4 EraseBytes-CopyPart-ChangeBinInt-PersAutoDict- DE: "\015\242\216c\241`\000\000"-
#3029	REDUCE cov: 124 ft: 496 corp: 64/10892b lim: 333 exec/s: 0 rss: 29Mb L: 9/333 MS: 5 ChangeByte-ChangeByte-PersAutoDict-CopyPart-EraseBytes- DE: "stss"-
#3138	REDUCE cov: 124 ft: 496 corp: 64/10887b lim: 333 exec/s: 0 rss: 29Mb L: 44/333 MS: 4 InsertByte-ChangeBit-ShuffleBytes-EraseBytes-
#3150	REDUCE cov: 124 ft: 496 corp: 64/10886b lim: 333 exec/s: 0 rss: 29Mb L: 35/333 MS: 2 ChangeByte-EraseBytes-
#3248	REDUCE cov: 124 ft: 496 corp: 64/10850b lim: 333 exec/s: 0 rss: 29Mb L: 222/333 MS: 3 PersAutoDict-PersAutoDict-EraseBytes- DE: "\376\377\377\377\377\377\377\177"-"\377\377_\241PYK\273"-
#3273	REDUCE cov: 124 ft: 496 corp: 64/10843b lim: 333 exec/s: 0 rss: 29Mb L: 141/333 MS: 5 InsertByte-ChangeBit-ChangeByte-ChangeBinInt-EraseBytes-
#3296	REDUCE cov: 124 ft: 496 corp: 64/10842b lim: 333 exec/s: 0 rss: 29Mb L: 47/333 MS: 3 ChangeBinInt-ChangeBit-EraseBytes-
#3336	REDUCE cov: 124 ft: 496 corp: 64/10841b lim: 333 exec/s: 0 rss: 29Mb L: 105/333 MS: 5 EraseBytes-ChangeBinInt-ChangeBinInt-ChangeByte-CMP- DE: "\037\000"-
#3384	REDUCE cov: 124 ft: 496 corp: 64/10835b lim: 333 exec/s: 0 rss: 29Mb L: 82/333 MS: 3 ShuffleBytes-InsertByte-CrossOver-
#3570	REDUCE cov: 124 ft: 496 corp: 64/10802b lim: 333 exec/s: 0 rss: 29Mb L: 268/333 MS: 1 EraseBytes-
#3587	REDUCE cov: 124 ft: 496 corp: 64/10801b lim: 333 exec/s: 0 rss: 29Mb L: 298/333 MS: 2 ChangeByte-EraseBytes-
#3698	REDUCE cov: 124 ft: 496 corp: 64/10721b lim: 333 exec/s: 0 rss: 29Mb L: 193/333 MS: 1 EraseBytes-
#3758	REDUCE cov: 124 ft: 496 corp: 64/10685b lim: 333 exec/s: 0 rss: 29Mb L: 297/333 MS: 5 ChangeBit-CopyPart-EraseBytes-ChangeByte-InsertRepeatedBytes-
#3802	REDUCE cov: 124 ft: 496 corp: 64/10547b lim: 333 exec/s: 0 rss: 29Mb L: 173/333 MS: 4 ShuffleBytes-InsertRepeatedBytes-ChangeASCIIInt-EraseBytes-
#3820	REDUCE cov: 124 ft: 496 corp: 64/10537b lim: 333 exec/s: 0 rss: 29Mb L: 246/333 MS: 3 InsertRepeatedBytes-EraseBytes-InsertRepeatedBytes-
#3838	REDUCE cov: 124 ft: 496 corp: 64/10493b lim: 333 exec/s: 0 rss: 29Mb L: 178/333 MS: 3 InsertRepeatedBytes-InsertByte-CrossOver-
#4009	REDUCE cov: 124 ft: 496 corp: 64/10466b lim: 333 exec/s: 0 rss: 29Mb L: 78/333 MS: 1 CrossOver-
#4093	REDUCE cov: 124 ft: 496 corp: 64/10450b lim: 333 exec/s: 0 rss: 29Mb L: 36/333 MS: 4 ChangeBit-EraseBytes-PersAutoDict-PersAutoDict- DE: "stss"-"\015\242\216c\241`\000\000"-
#4294	NEW    cov: 124 ft: 497 corp: 65/10716b lim: 333 exec/s: 0 rss: 29Mb L: 266/333 MS: 1 EraseBytes-
#4573	REDUCE cov: 124 ft: 497 corp: 65/10714b lim: 333 exec/s: 0 rss: 29Mb L: 10/333 MS: 4 CMP-InsertByte-ShuffleBytes-EraseBytes- DE: "\000\000\000\000\000\000\000\000"-
#4595	REDUCE cov: 124 ft: 497 corp: 65/10692b lim: 333 exec/s: 0 rss: 29Mb L: 73/333 MS: 2 EraseBytes-InsertByte-
#4649	REDUCE cov: 124 ft: 497 corp: 65/10676b lim: 333 exec/s: 0 rss: 29Mb L: 129/333 MS: 4 ChangeBit-ChangeBit-PersAutoDict-EraseBytes- DE: "\015\242\216c\241`\000\000"-
#4684	REDUCE cov: 124 ft: 497 corp: 65/10673b lim: 333 exec/s: 0 rss: 29Mb L: 41/333 MS: 5 CopyPart-ChangeASCIIInt-ChangeASCIIInt-EraseBytes-EraseBytes-
#4755	REDUCE cov: 124 ft: 497 corp: 65/10671b lim: 333 exec/s: 0 rss: 29Mb L: 89/333 MS: 1 EraseBytes-
#4783	REDUCE cov: 124 ft: 497 corp: 65/10663b lim: 333 exec/s: 0 rss: 29Mb L: 186/333 MS: 3 ShuffleBytes-ChangeBinInt-EraseBytes-
#4846	REDUCE cov: 124 ft: 497 corp: 65/10660b lim: 333 exec/s: 0 rss: 29Mb L: 20/333 MS: 3 CopyPart-ChangeBinInt-EraseBytes-
#5072	REDUCE cov: 124 ft: 497 corp: 65/10649b lim: 333 exec/s: 0 rss: 29Mb L: 25/333 MS: 1 EraseBytes-
#5076	REDUCE cov: 124 ft: 497 corp: 65/10625b lim: 333 exec/s: 0 rss: 29Mb L: 169/333 MS: 4 EraseBytes-CMP-PersAutoDict-PersAutoDict- DE: "\377\377\377\377\377\377\377\003"-"\377\377_\241PYK\273"-"ipma"-
#5218	REDUCE cov: 124 ft: 497 corp: 65/10605b lim: 333 exec/s: 0 rss: 29Mb L: 28/333 MS: 2 EraseBytes-InsertByte-
#5627	REDUCE cov: 124 ft: 497 corp: 65/10495b lim: 333 exec/s: 0 rss: 29Mb L: 171/333 MS: 4 InsertByte-CMP-PersAutoDict-EraseBytes- DE: "\001\021"-"\015\242\216c\241`\000\000"-
#5773	NEW    cov: 124 ft: 498 corp: 66/10787b lim: 333 exec/s: 0 rss: 29Mb L: 292/333 MS: 1 InsertRepeatedBytes-
#5831	REDUCE cov: 124 ft: 498 corp: 66/10784b lim: 333 exec/s: 0 rss: 29Mb L: 79/333 MS: 3 ShuffleBytes-EraseBytes-InsertByte-
#5833	REDUCE cov: 124 ft: 498 corp: 66/10774b lim: 333 exec/s: 0 rss: 29Mb L: 119/333 MS: 2 PersAutoDict-EraseBytes- DE: "\377\377_\241PYK\273"-
#5847	REDUCE cov: 124 ft: 498 corp: 66/10773b lim: 333 exec/s: 0 rss: 29Mb L: 265/333 MS: 4 ChangeByte-ChangeByte-ShuffleBytes-EraseBytes-
#5875	NEW    cov: 124 ft: 499 corp: 67/11105b lim: 333 exec/s: 0 rss: 29Mb L: 332/333 MS: 3 CMP-InsertRepeatedBytes-ChangeBit- DE: "\001\000{\001\224\001\340\340"-
#6008	REDUCE cov: 124 ft: 499 corp: 67/10972b lim: 333 exec/s: 0 rss: 29Mb L: 88/333 MS: 3 CopyPart-CrossOver-CrossOver-
#6340	REDUCE cov: 124 ft: 499 corp: 67/10934b lim: 333 exec/s: 6340 rss: 29Mb L: 230/333 MS: 1 CrossOver-
#6437	REDUCE cov: 124 ft: 499 corp: 67/10924b lim: 333 exec/s: 6437 rss: 29Mb L: 224/333 MS: 2 ChangeASCIIInt-EraseBytes-
#6469	REDUCE cov: 124 ft: 499 corp: 67/10668b lim: 333 exec/s: 6469 rss: 29Mb L: 17/333 MS: 2 CrossOver-EraseBytes-
#6506	NEW    cov: 124 ft: 500 corp: 68/10888b lim: 333 exec/s: 6506 rss: 29Mb L: 220/333 MS: 2 ChangeBinInt-ShuffleBytes-
#6620	REDUCE cov: 124 ft: 500 corp: 68/10886b lim: 333 exec/s: 6620 rss: 29Mb L: 49/333 MS: 4 InsertByte-ChangeASCIIInt-InsertByte-EraseBytes-
#6675	REDUCE cov: 124 ft: 500 corp: 68/10880b lim: 333 exec/s: 6675 rss: 29Mb L: 35/333 MS: 5 PersAutoDict-EraseBytes-PersAutoDict-InsertByte-InsertByte- DE: "\376\377\377\377\377\377\377\177"-"\376\377\377\377\377\377\377\177"-
#6701	NEW    cov: 124 ft: 506 corp: 69/11172b lim: 333 exec/s: 6701 rss: 29Mb L: 292/333 MS: 1 ChangeByte-
#6794	REDUCE cov: 124 ft: 506 corp: 69/11045b lim: 333 exec/s: 6794 rss: 29Mb L: 156/333 MS: 3 CrossOver-CopyPart-EraseBytes-
#6852	REDUCE cov: 124 ft: 506 corp: 69/11044b lim: 333 exec/s: 6852 rss: 29Mb L: 29/333 MS: 3 PersAutoDict-CMP-EraseBytes- DE: "ipma"-"\261\376\007\016\374\177\000\000"-
#7031	REDUCE cov: 124 ft: 506 corp: 69/11043b lim: 333 exec/s: 7031 rss: 29Mb L: 73/333 MS: 4 CrossOver-ChangeBit-EraseBytes-InsertByte-
#7617	REDUCE cov: 124 ft: 506 corp: 69/11020b lim: 333 exec/s: 7617 rss: 29Mb L: 303/333 MS: 1 EraseBytes-
#7623	REDUCE cov: 124 ft: 506 corp: 69/10990b lim: 333 exec/s: 7623 rss: 29Mb L: 139/333 MS: 1 EraseBytes-
#7659	REDUCE cov: 124 ft: 506 corp: 69/10987b lim: 333 exec/s: 7659 rss: 29Mb L: 17/333 MS: 1 EraseBytes-
#7742	REDUCE cov: 124 ft: 506 corp: 69/10986b lim: 333 exec/s: 7742 rss: 29Mb L: 41/333 MS: 3 PersAutoDict-ChangeByte-EraseBytes- DE: "\272\364\216c\241`\000\000"-
#8127	REDUCE cov: 124 ft: 506 corp: 69/10964b lim: 333 exec/s: 8127 rss: 29Mb L: 57/333 MS: 5 ChangeBinInt-ChangeByte-CMP-ChangeASCIIInt-EraseBytes- DE: "\377\010"-
#8158	REDUCE cov: 124 ft: 506 corp: 69/10962b lim: 333 exec/s: 8158 rss: 29Mb L: 27/333 MS: 1 EraseBytes-
#8230	REDUCE cov: 124 ft: 506 corp: 69/10943b lim: 333 exec/s: 8230 rss: 29Mb L: 59/333 MS: 2 CopyPart-EraseBytes-
#8289	REDUCE cov: 124 ft: 506 corp: 69/10926b lim: 333 exec/s: 8289 rss: 29Mb L: 72/333 MS: 4 EraseBytes-CMP-EraseBytes-ShuffleBytes- DE: "\000\000{\001\224\005pY"-
#8693	REDUCE cov: 124 ft: 506 corp: 69/10924b lim: 333 exec/s: 8693 rss: 29Mb L: 268/333 MS: 4 EraseBytes-ChangeBinInt-ShuffleBytes-InsertRepeatedBytes-
#8866	REDUCE cov: 124 ft: 506 corp: 69/10882b lim: 333 exec/s: 8866 rss: 29Mb L: 55/333 MS: 3 ShuffleBytes-ShuffleBytes-EraseBytes-
#9130	REDUCE cov: 124 ft: 506 corp: 69/10868b lim: 333 exec/s: 9130 rss: 29Mb L: 221/333 MS: 4 ChangeBinInt-CopyPart-CrossOver-InsertRepeatedBytes-
#9635	REDUCE cov: 124 ft: 506 corp: 69/10866b lim: 333 exec/s: 9635 rss: 29Mb L: 228/333 MS: 5 EraseBytes-InsertByte-InsertRepeatedBytes-ChangeASCIIInt-CrossOver-
#9752	REDUCE cov: 124 ft: 506 corp: 69/10812b lim: 333 exec/s: 9752 rss: 29Mb L: 65/333 MS: 2 PersAutoDict-EraseBytes- DE: "stss"-
#9764	REDUCE cov: 124 ft: 506 corp: 69/10804b lim: 333 exec/s: 9764 rss: 29Mb L: 20/333 MS: 2 CMP-EraseBytes- DE: "stsd"-
#9950	REDUCE cov: 124 ft: 506 corp: 69/10798b lim: 333 exec/s: 9950 rss: 29Mb L: 25/333 MS: 1 EraseBytes-
#10148	REDUCE cov: 124 ft: 506 corp: 69/10796b lim: 333 exec/s: 10148 rss: 29Mb L: 139/333 MS: 3 CopyPart-ShuffleBytes-EraseBytes-
#10157	REDUCE cov: 124 ft: 506 corp: 69/10789b lim: 333 exec/s: 10157 rss: 29Mb L: 326/333 MS: 4 ChangeBit-EraseBytes-InsertRepeatedBytes-InsertRepeatedBytes-
#10162	REDUCE cov: 124 ft: 511 corp: 70/11107b lim: 333 exec/s: 10162 rss: 29Mb L: 318/333 MS: 5 ShuffleBytes-InsertRepeatedBytes-EraseBytes-InsertRepeatedBytes-PersAutoDict- DE: "stsd"-
#10221	REDUCE cov: 124 ft: 511 corp: 70/11076b lim: 333 exec/s: 10221 rss: 29Mb L: 34/333 MS: 4 ChangeBinInt-ChangeBinInt-ShuffleBytes-EraseBytes-
#10232	REDUCE cov: 124 ft: 512 corp: 71/11360b lim: 333 exec/s: 10232 rss: 29Mb L: 284/333 MS: 1 CopyPart-
#10234	REDUCE cov: 124 ft: 512 corp: 71/11285b lim: 333 exec/s: 10234 rss: 29Mb L: 96/333 MS: 2 EraseBytes-CopyPart-
#10238	REDUCE cov: 124 ft: 512 corp: 71/11282b lim: 333 exec/s: 10238 rss: 29Mb L: 316/333 MS: 4 InsertRepeatedBytes-ChangeByte-CopyPart-EraseBytes-
#10535	REDUCE cov: 124 ft: 512 corp: 71/11185b lim: 333 exec/s: 10535 rss: 29Mb L: 168/333 MS: 2 EraseBytes-CMP- DE: "mdia"-
#10624	NEW    cov: 124 ft: 517 corp: 72/11502b lim: 333 exec/s: 10624 rss: 29Mb L: 317/333 MS: 4 ShuffleBytes-EraseBytes-InsertRepeatedBytes-CrossOver-
#11054	REDUCE cov: 124 ft: 519 corp: 73/11791b lim: 333 exec/s: 11054 rss: 29Mb L: 289/333 MS: 5 PersAutoDict-InsertRepeatedBytes-ChangeByte-ShuffleBytes-CopyPart- DE: "\377\377\377\377\377\377\377\003"-
#11209	REDUCE cov: 124 ft: 520 corp: 74/12055b lim: 333 exec/s: 11209 rss: 29Mb L: 264/333 MS: 5 CrossOver-CMP-CopyPart-PersAutoDict-InsertByte- DE: "R\000\000\000"-"\376\377\377\377\377\377\377\177"-
#11321	REDUCE cov: 124 ft: 520 corp: 74/12043b lim: 333 exec/s: 11321 rss: 29Mb L: 76/333 MS: 2 CrossOver-EraseBytes-
#11413	REDUCE cov: 124 ft: 520 corp: 74/12036b lim: 333 exec/s: 11413 rss: 29Mb L: 27/333 MS: 2 ChangeBinInt-EraseBytes-
#12127	REDUCE cov: 124 ft: 520 corp: 74/12013b lim: 333 exec/s: 12127 rss: 29Mb L: 310/333 MS: 4 ChangeByte-CrossOver-CopyPart-InsertRepeatedBytes-
#12296	REDUCE cov: 124 ft: 520 corp: 74/12000b lim: 333 exec/s: 12296 rss: 29Mb L: 63/333 MS: 4 PersAutoDict-CrossOver-ShuffleBytes-EraseBytes- DE: "R\000\000\000"-
#12706	REDUCE cov: 124 ft: 520 corp: 74/11972b lim: 333 exec/s: 6353 rss: 29Mb L: 180/333 MS: 5 CopyPart-ChangeBinInt-CrossOver-ChangeByte-EraseBytes-
#12885	REDUCE cov: 124 ft: 520 corp: 74/11971b lim: 333 exec/s: 6442 rss: 29Mb L: 16/333 MS: 4 ChangeASCIIInt-ChangeByte-ChangeASCIIInt-EraseBytes-
#13149	REDUCE cov: 124 ft: 520 corp: 74/11969b lim: 333 exec/s: 6574 rss: 29Mb L: 29/333 MS: 4 ChangeBit-CrossOver-ChangeBinInt-EraseBytes-
#14295	NEW    cov: 124 ft: 524 corp: 75/12305b lim: 341 exec/s: 7147 rss: 29Mb L: 336/336 MS: 1 InsertRepeatedBytes-
#14665	REDUCE cov: 124 ft: 524 corp: 75/12287b lim: 341 exec/s: 7332 rss: 29Mb L: 45/336 MS: 5 ShuffleBytes-ChangeBit-ChangeBit-PersAutoDict-EraseBytes- DE: "\377\377_\241PYK\273"-
#14936	REDUCE cov: 124 ft: 524 corp: 75/12284b lim: 341 exec/s: 7468 rss: 29Mb L: 56/336 MS: 1 EraseBytes-
#15265	REDUCE cov: 124 ft: 524 corp: 75/12283b lim: 341 exec/s: 7632 rss: 29Mb L: 227/336 MS: 4 EraseBytes-CopyPart-PersAutoDict-CopyPart- DE: "\377\377_\241PYK\273"-
#15500	REDUCE cov: 124 ft: 524 corp: 75/12249b lim: 341 exec/s: 7750 rss: 29Mb L: 239/336 MS: 5 ChangeASCIIInt-PersAutoDict-InsertByte-CrossOver-CopyPart- DE: "mdia"-
#15514	REDUCE cov: 124 ft: 524 corp: 75/12245b lim: 341 exec/s: 7757 rss: 29Mb L: 68/336 MS: 4 EraseBytes-ChangeByte-PersAutoDict-CMP- DE: "\261\376\007\016\374\177\000\000"-"\031\000\000\000"-
#15633	REDUCE cov: 124 ft: 524 corp: 75/12109b lim: 341 exec/s: 7816 rss: 29Mb L: 36/336 MS: 4 ChangeByte-CrossOver-ChangeBit-EraseBytes-
#15638	NEW    cov: 124 ft: 525 corp: 76/12450b lim: 341 exec/s: 7819 rss: 29Mb L: 341/341 MS: 5 ChangeBinInt-InsertByte-ChangeByte-ShuffleBytes-CMP- DE: "minf"-
#15865	REDUCE cov: 124 ft: 525 corp: 76/12443b lim: 341 exec/s: 7932 rss: 30Mb L: 309/341 MS: 2 CopyPart-EraseBytes-
#16118	REDUCE cov: 124 ft: 525 corp: 76/12440b lim: 341 exec/s: 8059 rss: 30Mb L: 323/341 MS: 3 ChangeByte-EraseBytes-InsertRepeatedBytes-
#16229	REDUCE cov: 124 ft: 525 corp: 76/12433b lim: 341 exec/s: 8114 rss: 30Mb L: 177/341 MS: 1 EraseBytes-
#16384	pulse  cov: 124 ft: 525 corp: 76/12433b lim: 341 exec/s: 8192 rss: 30Mb
#16460	REDUCE cov: 124 ft: 525 corp: 76/12432b lim: 341 exec/s: 8230 rss: 30Mb L: 9/341 MS: 1 EraseBytes-
#16727	NEW    cov: 124 ft: 529 corp: 77/12773b lim: 341 exec/s: 8363 rss: 30Mb L: 341/341 MS: 2 CMP-CrossOver- DE: "\016\000\000\000\000\000\000\000"-
#17714	REDUCE cov: 124 ft: 529 corp: 77/12772b lim: 349 exec/s: 8857 rss: 30Mb L: 172/341 MS: 2 PersAutoDict-CrossOver- DE: "\001\000{\001\224\001\340\340"-
#17787	REDUCE cov: 124 ft: 529 corp: 77/12771b lim: 349 exec/s: 8893 rss: 30Mb L: 220/341 MS: 3 InsertRepeatedBytes-CrossOver-EraseBytes-
#18082	REDUCE cov: 124 ft: 529 corp: 77/12747b lim: 349 exec/s: 9041 rss: 30Mb L: 260/341 MS: 5 ChangeBit-CMP-ChangeByte-ChangeByte-EraseBytes- DE: "moov"-
#18248	REDUCE cov: 124 ft: 529 corp: 77/12729b lim: 349 exec/s: 9124 rss: 30Mb L: 168/341 MS: 1 EraseBytes-
==392535== ERROR: libFuzzer: out-of-memory (used: 1491Mb; limit: 1024Mb)
   To change the out-of-memory limit use -rss_limit_mb=<N>

MS: 3 ShuffleBytes-ChangeByte-ChangeBit-; base unit: 59fc130c8f3d9e00278aa3097255f49b1a7047ed
artifact_prefix='/results/crashes/20260313_162523_109365ac_'; Test unit written to /results/crashes/20260313_162523_109365ac_oom-24e5e2d1a3f1906c520d4c3d5cf475044968792a
SUMMARY: libFuzzer: out-of-memory
stat::number_of_executed_units: 18442
stat::average_exec_per_sec:     4610
stat::new_units_added:          179
stat::slowest_unit_time_sec:    0
stat::peak_rss_mb:              1491
