INFO: Running with entropic power schedule (0xFF, 100).
INFO: Seed: 1535999098
INFO: Loaded 1 modules   (252 inline 8-bit counters): 252 [0x5912d3e97678, 0x5912d3e97774), 
INFO: Loaded 1 PC tables (252 PCs): 252 [0x5912d3e97778,0x5912d3e98738), 
INFO:        4 files found in /tmp/corpus_20260313_143545_62fcc208
INFO: seed corpus: files: 4 min: 48b max: 333b total: 853b rss: 28Mb
#5	INITED cov: 118 ft: 254 corp: 4/853b exec/s: 0 rss: 29Mb
#6	NEW    cov: 119 ft: 255 corp: 5/1073b lim: 333 exec/s: 0 rss: 29Mb L: 220/333 MS: 1 ChangeBit-
#8	NEW    cov: 120 ft: 258 corp: 6/1323b lim: 333 exec/s: 0 rss: 29Mb L: 250/333 MS: 2 ChangeBit-InsertRepeatedBytes-
#11	NEW    cov: 120 ft: 262 corp: 7/1544b lim: 333 exec/s: 0 rss: 29Mb L: 221/333 MS: 3 InsertByte-ChangeBinInt-CrossOver-
#12	NEW    cov: 120 ft: 264 corp: 8/1877b lim: 333 exec/s: 0 rss: 29Mb L: 333/333 MS: 1 CopyPart-
#16	NEW    cov: 120 ft: 265 corp: 9/2210b lim: 333 exec/s: 0 rss: 29Mb L: 333/333 MS: 4 ChangeBinInt-ShuffleBytes-ChangeBinInt-ShuffleBytes-
#17	NEW    cov: 120 ft: 267 corp: 10/2258b lim: 333 exec/s: 0 rss: 29Mb L: 48/333 MS: 1 ChangeBinInt-
#19	NEW    cov: 121 ft: 274 corp: 11/2591b lim: 333 exec/s: 0 rss: 29Mb L: 333/333 MS: 2 ChangeBit-ShuffleBytes-
#20	NEW    cov: 123 ft: 277 corp: 12/2879b lim: 333 exec/s: 0 rss: 29Mb L: 288/333 MS: 1 CrossOver-
#21	NEW    cov: 123 ft: 296 corp: 13/2944b lim: 333 exec/s: 0 rss: 29Mb L: 65/333 MS: 1 InsertRepeatedBytes-
#25	NEW    cov: 123 ft: 303 corp: 14/3064b lim: 333 exec/s: 0 rss: 29Mb L: 120/333 MS: 4 ChangeBit-ChangeBit-ChangeBit-CrossOver-
#32	NEW    cov: 123 ft: 317 corp: 15/3284b lim: 333 exec/s: 0 rss: 29Mb L: 220/333 MS: 2 ChangeBit-ChangeBinInt-
#35	NEW    cov: 123 ft: 318 corp: 16/3439b lim: 333 exec/s: 0 rss: 29Mb L: 155/333 MS: 3 ShuffleBytes-CrossOver-EraseBytes-
#36	NEW    cov: 123 ft: 319 corp: 17/3622b lim: 333 exec/s: 0 rss: 29Mb L: 183/333 MS: 1 EraseBytes-
#39	NEW    cov: 123 ft: 325 corp: 18/3804b lim: 333 exec/s: 0 rss: 29Mb L: 182/333 MS: 3 EraseBytes-ChangeByte-InsertByte-
#42	NEW    cov: 123 ft: 326 corp: 19/4092b lim: 333 exec/s: 0 rss: 29Mb L: 288/333 MS: 3 ChangeASCIIInt-ChangeBit-ShuffleBytes-
#50	NEW    cov: 123 ft: 327 corp: 20/4310b lim: 333 exec/s: 0 rss: 29Mb L: 218/333 MS: 3 ChangeBinInt-CrossOver-InsertRepeatedBytes-
#51	NEW    cov: 123 ft: 328 corp: 21/4492b lim: 333 exec/s: 0 rss: 29Mb L: 182/333 MS: 1 ChangeByte-
#59	NEW    cov: 123 ft: 329 corp: 22/4780b lim: 333 exec/s: 0 rss: 29Mb L: 288/333 MS: 3 ChangeBit-ChangeBinInt-CopyPart-
#63	NEW    cov: 123 ft: 334 corp: 23/4954b lim: 333 exec/s: 0 rss: 29Mb L: 174/333 MS: 4 InsertRepeatedBytes-ShuffleBytes-CopyPart-CMP- DE: "\001\000\000\000\000\000\000\216"-
#69	NEW    cov: 123 ft: 335 corp: 24/5110b lim: 333 exec/s: 0 rss: 29Mb L: 156/333 MS: 1 InsertByte-
#78	NEW    cov: 123 ft: 336 corp: 25/5198b lim: 333 exec/s: 0 rss: 29Mb L: 88/333 MS: 4 CrossOver-CMP-ChangeByte-EraseBytes- DE: "schi"-
#81	NEW    cov: 123 ft: 337 corp: 26/5505b lim: 333 exec/s: 0 rss: 29Mb L: 307/333 MS: 3 InsertRepeatedBytes-ChangeBinInt-CMP- DE: "stss"-
#89	NEW    cov: 123 ft: 338 corp: 27/5819b lim: 333 exec/s: 0 rss: 29Mb L: 314/333 MS: 3 CrossOver-ChangeByte-CopyPart-
#107	NEW    cov: 123 ft: 340 corp: 28/6130b lim: 333 exec/s: 0 rss: 29Mb L: 311/333 MS: 3 CopyPart-ShuffleBytes-CopyPart-
#109	NEW    cov: 123 ft: 341 corp: 29/6383b lim: 333 exec/s: 0 rss: 29Mb L: 253/333 MS: 2 ChangeBit-InsertByte-
#122	NEW    cov: 123 ft: 342 corp: 30/6429b lim: 333 exec/s: 0 rss: 29Mb L: 46/333 MS: 3 InsertRepeatedBytes-CrossOver-ChangeByte-
#136	NEW    cov: 123 ft: 343 corp: 31/6566b lim: 333 exec/s: 0 rss: 29Mb L: 137/333 MS: 4 ChangeBit-EraseBytes-ChangeASCIIInt-CopyPart-
#137	NEW    cov: 123 ft: 344 corp: 32/6786b lim: 333 exec/s: 0 rss: 29Mb L: 220/333 MS: 1 ShuffleBytes-
#154	NEW    cov: 123 ft: 358 corp: 33/7001b lim: 333 exec/s: 0 rss: 29Mb L: 215/333 MS: 2 PersAutoDict-CopyPart- DE: "schi"-
#160	NEW    cov: 123 ft: 369 corp: 34/7089b lim: 333 exec/s: 0 rss: 29Mb L: 88/333 MS: 1 ChangeBinInt-
#187	NEW    cov: 123 ft: 370 corp: 35/7141b lim: 333 exec/s: 0 rss: 29Mb L: 52/333 MS: 2 CMP-EraseBytes- DE: "$\000"-
#189	NEW    cov: 123 ft: 371 corp: 36/7189b lim: 333 exec/s: 0 rss: 29Mb L: 48/333 MS: 2 ChangeByte-CopyPart-
#193	NEW    cov: 123 ft: 372 corp: 37/7323b lim: 333 exec/s: 0 rss: 29Mb L: 134/333 MS: 4 ChangeBit-CrossOver-ChangeASCIIInt-CrossOver-
#196	NEW    cov: 123 ft: 373 corp: 38/7422b lim: 333 exec/s: 0 rss: 29Mb L: 99/333 MS: 3 ChangeByte-EraseBytes-EraseBytes-
#251	NEW    cov: 123 ft: 395 corp: 39/7680b lim: 333 exec/s: 0 rss: 29Mb L: 258/333 MS: 5 InsertRepeatedBytes-ChangeBinInt-ChangeBinInt-InsertRepeatedBytes-ShuffleBytes-
#263	REDUCE cov: 123 ft: 395 corp: 39/7674b lim: 333 exec/s: 0 rss: 29Mb L: 327/333 MS: 2 ChangeByte-EraseBytes-
#266	REDUCE cov: 123 ft: 395 corp: 39/7612b lim: 333 exec/s: 0 rss: 29Mb L: 191/333 MS: 3 ChangeBinInt-ChangeBit-EraseBytes-
#310	NEW    cov: 123 ft: 396 corp: 40/7780b lim: 333 exec/s: 0 rss: 29Mb L: 168/333 MS: 4 ChangeBit-CMP-CopyPart-EraseBytes- DE: "div\000"-
#322	NEW    cov: 123 ft: 399 corp: 41/7948b lim: 333 exec/s: 0 rss: 29Mb L: 168/333 MS: 2 ShuffleBytes-CrossOver-
#324	NEW    cov: 123 ft: 400 corp: 42/7996b lim: 333 exec/s: 0 rss: 29Mb L: 48/333 MS: 2 CopyPart-CopyPart-
#340	NEW    cov: 123 ft: 402 corp: 43/8156b lim: 333 exec/s: 0 rss: 29Mb L: 160/333 MS: 1 EraseBytes-
#393	NEW    cov: 123 ft: 403 corp: 44/8376b lim: 333 exec/s: 0 rss: 29Mb L: 220/333 MS: 3 ShuffleBytes-ChangeBinInt-CMP- DE: "iinf"-
#418	REDUCE cov: 123 ft: 403 corp: 44/8339b lim: 333 exec/s: 0 rss: 29Mb L: 137/333 MS: 5 ShuffleBytes-InsertByte-InsertByte-CopyPart-EraseBytes-
#425	REDUCE cov: 123 ft: 403 corp: 44/8335b lim: 333 exec/s: 0 rss: 29Mb L: 44/333 MS: 2 ChangeBinInt-EraseBytes-
#456	NEW    cov: 123 ft: 408 corp: 45/8455b lim: 333 exec/s: 0 rss: 29Mb L: 120/333 MS: 1 CopyPart-
#475	NEW    cov: 123 ft: 409 corp: 46/8721b lim: 333 exec/s: 0 rss: 29Mb L: 266/333 MS: 4 ChangeBit-ChangeBinInt-CopyPart-ChangeBit-
#482	REDUCE cov: 123 ft: 413 corp: 47/8769b lim: 333 exec/s: 0 rss: 29Mb L: 48/333 MS: 2 CrossOver-CMP- DE: "pytf"-
#483	REDUCE cov: 123 ft: 413 corp: 47/8738b lim: 333 exec/s: 0 rss: 29Mb L: 283/333 MS: 1 EraseBytes-
#509	NEW    cov: 123 ft: 421 corp: 48/8997b lim: 333 exec/s: 0 rss: 29Mb L: 259/333 MS: 1 CopyPart-
#533	NEW    cov: 123 ft: 422 corp: 49/9251b lim: 333 exec/s: 0 rss: 29Mb L: 254/333 MS: 4 ChangeByte-CopyPart-ChangeByte-EraseBytes-
#599	NEW    cov: 123 ft: 423 corp: 50/9286b lim: 333 exec/s: 0 rss: 29Mb L: 35/333 MS: 1 EraseBytes-
#665	NEW    cov: 123 ft: 428 corp: 51/9567b lim: 333 exec/s: 0 rss: 29Mb L: 281/333 MS: 1 CopyPart-
#680	NEW    cov: 123 ft: 436 corp: 52/9875b lim: 333 exec/s: 0 rss: 29Mb L: 308/333 MS: 5 ChangeBinInt-CopyPart-InsertRepeatedBytes-InsertRepeatedBytes-InsertRepeatedBytes-
#693	REDUCE cov: 123 ft: 436 corp: 52/9822b lim: 333 exec/s: 0 rss: 29Mb L: 103/333 MS: 3 EraseBytes-InsertByte-PersAutoDict- DE: "iinf"-
#709	NEW    cov: 123 ft: 446 corp: 53/9853b lim: 333 exec/s: 0 rss: 29Mb L: 31/333 MS: 1 EraseBytes-
#729	NEW    cov: 123 ft: 448 corp: 54/10074b lim: 333 exec/s: 0 rss: 29Mb L: 221/333 MS: 5 ChangeBinInt-CopyPart-CopyPart-CMP-InsertByte- DE: "a\373\\\011\023Y\000\000"-
#730	REDUCE cov: 123 ft: 448 corp: 54/10070b lim: 333 exec/s: 0 rss: 29Mb L: 27/333 MS: 1 EraseBytes-
#780	NEW    cov: 123 ft: 449 corp: 55/10300b lim: 333 exec/s: 0 rss: 29Mb L: 230/333 MS: 5 EraseBytes-CopyPart-ChangeByte-CrossOver-ChangeBit-
#782	NEW    cov: 123 ft: 458 corp: 56/10492b lim: 333 exec/s: 0 rss: 29Mb L: 192/333 MS: 2 ChangeByte-EraseBytes-
#791	REDUCE cov: 123 ft: 458 corp: 56/10488b lim: 333 exec/s: 0 rss: 29Mb L: 40/333 MS: 4 InsertByte-EraseBytes-ChangeBit-InsertRepeatedBytes-
#805	REDUCE cov: 123 ft: 458 corp: 56/10475b lim: 333 exec/s: 0 rss: 29Mb L: 124/333 MS: 4 ChangeByte-CMP-ChangeBinInt-EraseBytes- DE: "\000\000|\223\360\000\200\200"-
#863	REDUCE cov: 123 ft: 458 corp: 56/10349b lim: 333 exec/s: 0 rss: 29Mb L: 94/333 MS: 3 ShuffleBytes-EraseBytes-EraseBytes-
#914	REDUCE cov: 123 ft: 458 corp: 56/10340b lim: 333 exec/s: 0 rss: 29Mb L: 37/333 MS: 1 EraseBytes-
#930	REDUCE cov: 123 ft: 458 corp: 56/10297b lim: 333 exec/s: 0 rss: 29Mb L: 51/333 MS: 1 EraseBytes-
#952	REDUCE cov: 123 ft: 458 corp: 56/10256b lim: 333 exec/s: 0 rss: 29Mb L: 270/333 MS: 2 PersAutoDict-EraseBytes- DE: "a\373\\\011\023Y\000\000"-
#985	REDUCE cov: 123 ft: 461 corp: 57/10283b lim: 333 exec/s: 0 rss: 29Mb L: 27/333 MS: 3 ChangeBinInt-ChangeBinInt-PersAutoDict- DE: "\001\000\000\000\000\000\000\216"-
#1002	REDUCE cov: 123 ft: 461 corp: 57/10236b lim: 333 exec/s: 0 rss: 29Mb L: 241/333 MS: 2 ChangeBinInt-EraseBytes-
#1080	REDUCE cov: 123 ft: 461 corp: 57/10196b lim: 333 exec/s: 0 rss: 29Mb L: 218/333 MS: 3 ChangeBit-ShuffleBytes-CrossOver-
#1086	REDUCE cov: 123 ft: 461 corp: 57/10169b lim: 333 exec/s: 0 rss: 29Mb L: 110/333 MS: 1 CrossOver-
#1134	NEW    cov: 123 ft: 467 corp: 58/10470b lim: 333 exec/s: 0 rss: 29Mb L: 301/333 MS: 3 ChangeByte-ChangeBinInt-InsertRepeatedBytes-
#1158	NEW    cov: 123 ft: 468 corp: 59/10728b lim: 333 exec/s: 0 rss: 37Mb L: 258/333 MS: 4 ChangeByte-CrossOver-ChangeBinInt-CMP- DE: "ispe"-
#1172	REDUCE cov: 123 ft: 468 corp: 59/10720b lim: 333 exec/s: 0 rss: 37Mb L: 40/333 MS: 4 ChangeBinInt-ChangeBit-InsertRepeatedBytes-EraseBytes-
#1173	NEW    cov: 123 ft: 469 corp: 60/11053b lim: 333 exec/s: 0 rss: 37Mb L: 333/333 MS: 1 PersAutoDict- DE: "div\000"-
#1181	REDUCE cov: 123 ft: 478 corp: 61/11070b lim: 333 exec/s: 0 rss: 37Mb L: 17/333 MS: 3 CrossOver-InsertByte-EraseBytes-
#1202	NEW    cov: 123 ft: 479 corp: 62/11344b lim: 333 exec/s: 0 rss: 37Mb L: 274/333 MS: 1 PersAutoDict- DE: "\001\000\000\000\000\000\000\216"-
#1254	REDUCE cov: 123 ft: 479 corp: 62/11329b lim: 333 exec/s: 0 rss: 37Mb L: 25/333 MS: 2 ChangeBinInt-EraseBytes-
#1287	REDUCE cov: 123 ft: 481 corp: 63/11607b lim: 333 exec/s: 0 rss: 37Mb L: 278/333 MS: 3 CrossOver-CrossOver-PersAutoDict- DE: "\000\000|\223\360\000\200\200"-
#1380	REDUCE cov: 123 ft: 498 corp: 64/11621b lim: 333 exec/s: 0 rss: 37Mb L: 14/333 MS: 3 EraseBytes-CopyPart-EraseBytes-
#1467	NEW    cov: 123 ft: 499 corp: 65/11634b lim: 333 exec/s: 0 rss: 37Mb L: 13/333 MS: 2 ChangeBinInt-CrossOver-
#1469	REDUCE cov: 123 ft: 499 corp: 65/11632b lim: 333 exec/s: 0 rss: 37Mb L: 153/333 MS: 2 ChangeByte-EraseBytes-
#1484	REDUCE cov: 123 ft: 499 corp: 65/11622b lim: 333 exec/s: 0 rss: 37Mb L: 17/333 MS: 5 PersAutoDict-PersAutoDict-EraseBytes-ChangeBinInt-EraseBytes- DE: "$\000"-"pytf"-
#1518	REDUCE cov: 123 ft: 499 corp: 65/11621b lim: 333 exec/s: 0 rss: 37Mb L: 24/333 MS: 4 CMP-CopyPart-InsertRepeatedBytes-EraseBytes- DE: "\000\000\000\000"-
#1556	REDUCE cov: 123 ft: 499 corp: 65/11598b lim: 333 exec/s: 0 rss: 37Mb L: 65/333 MS: 3 PersAutoDict-ShuffleBytes-EraseBytes- DE: "$\000"-
#1567	REDUCE cov: 123 ft: 499 corp: 65/11592b lim: 333 exec/s: 0 rss: 37Mb L: 176/333 MS: 1 EraseBytes-
#1659	REDUCE cov: 123 ft: 499 corp: 65/11567b lim: 333 exec/s: 0 rss: 37Mb L: 193/333 MS: 2 CopyPart-EraseBytes-
#1671	NEW    cov: 123 ft: 500 corp: 66/11580b lim: 333 exec/s: 0 rss: 37Mb L: 13/333 MS: 2 ChangeByte-CrossOver-
#1711	REDUCE cov: 123 ft: 500 corp: 66/11570b lim: 333 exec/s: 0 rss: 37Mb L: 323/333 MS: 5 CMP-ChangeBinInt-ChangeByte-ChangeByte-EraseBytes- DE: "sinf"-
#1768	REDUCE cov: 123 ft: 500 corp: 66/11563b lim: 333 exec/s: 0 rss: 37Mb L: 41/333 MS: 2 ChangeByte-EraseBytes-
#1774	REDUCE cov: 123 ft: 500 corp: 66/11498b lim: 333 exec/s: 0 rss: 37Mb L: 111/333 MS: 1 EraseBytes-
#1790	REDUCE cov: 123 ft: 500 corp: 66/11485b lim: 333 exec/s: 0 rss: 37Mb L: 310/333 MS: 1 EraseBytes-
#1917	REDUCE cov: 123 ft: 500 corp: 66/11421b lim: 333 exec/s: 0 rss: 37Mb L: 224/333 MS: 2 ChangeASCIIInt-EraseBytes-
#1973	NEW    cov: 123 ft: 501 corp: 67/11645b lim: 333 exec/s: 0 rss: 37Mb L: 224/333 MS: 1 PersAutoDict- DE: "ispe"-
#1988	REDUCE cov: 123 ft: 501 corp: 67/11625b lim: 333 exec/s: 0 rss: 37Mb L: 28/333 MS: 5 ChangeBinInt-EraseBytes-ChangeByte-InsertByte-ChangeByte-
#2078	REDUCE cov: 123 ft: 501 corp: 67/11597b lim: 333 exec/s: 0 rss: 37Mb L: 60/333 MS: 5 ChangeBit-ChangeBit-ShuffleBytes-EraseBytes-EraseBytes-
==35607== ERROR: libFuzzer: out-of-memory (used: 2518Mb; limit: 1024Mb)
   To change the out-of-memory limit use -rss_limit_mb=<N>

MS: 5 CMP-ShuffleBytes-CrossOver-ShuffleBytes-PersAutoDict- DE: "\000 "-"iinf"-; base unit: 215db32aa4cd70d0d362a13ab68b96f0db5c862e
artifact_prefix='/results/crashes/20260313_143545_62fcc208_'; Test unit written to /results/crashes/20260313_143545_62fcc208_oom-eebdf20a55e6eed9d9c780e8e2c0a386febbe173
SUMMARY: libFuzzer: out-of-memory
stat::number_of_executed_units: 2093
stat::average_exec_per_sec:     1046
stat::new_units_added:          94
stat::slowest_unit_time_sec:    0
stat::peak_rss_mb:              2518
