INFO: Running with entropic power schedule (0xFF, 100).
INFO: Seed: 873921358
INFO: Loaded 1 modules   (252 inline 8-bit counters): 252 [0x5d810ae78678, 0x5d810ae78774), 
INFO: Loaded 1 PC tables (252 PCs): 252 [0x5d810ae78778,0x5d810ae79738), 
INFO:        4 files found in /tmp/corpus_20260313_162110_9387ed46
INFO: seed corpus: files: 4 min: 48b max: 333b total: 853b rss: 28Mb
#5	INITED cov: 117 ft: 251 corp: 4/853b exec/s: 0 rss: 29Mb
#6	NEW    cov: 117 ft: 256 corp: 5/901b lim: 333 exec/s: 0 rss: 29Mb L: 48/333 MS: 1 ChangeByte-
#7	NEW    cov: 118 ft: 263 corp: 6/949b lim: 333 exec/s: 0 rss: 29Mb L: 48/333 MS: 1 ChangeBit-
#8	NEW    cov: 118 ft: 270 corp: 7/1164b lim: 333 exec/s: 0 rss: 29Mb L: 215/333 MS: 1 EraseBytes-
#10	NEW    cov: 118 ft: 299 corp: 8/1295b lim: 333 exec/s: 0 rss: 29Mb L: 131/333 MS: 2 ChangeBit-CrossOver-
#11	NEW    cov: 118 ft: 310 corp: 9/1391b lim: 333 exec/s: 0 rss: 29Mb L: 96/333 MS: 1 CrossOver-
#13	NEW    cov: 119 ft: 312 corp: 10/1661b lim: 333 exec/s: 0 rss: 29Mb L: 270/333 MS: 2 CMP-CopyPart- DE: "sinf"-
#18	NEW    cov: 120 ft: 326 corp: 11/1968b lim: 333 exec/s: 0 rss: 29Mb L: 307/333 MS: 5 CrossOver-ChangeBinInt-InsertByte-ShuffleBytes-CopyPart-
#31	NEW    cov: 120 ft: 327 corp: 12/2244b lim: 333 exec/s: 0 rss: 29Mb L: 276/333 MS: 3 InsertByte-PersAutoDict-InsertByte- DE: "sinf"-
#32	NEW    cov: 120 ft: 328 corp: 13/2460b lim: 333 exec/s: 0 rss: 29Mb L: 216/333 MS: 1 InsertByte-
#35	NEW    cov: 120 ft: 329 corp: 14/2690b lim: 333 exec/s: 0 rss: 29Mb L: 230/333 MS: 3 PersAutoDict-InsertByte-InsertRepeatedBytes- DE: "sinf"-
#39	NEW    cov: 120 ft: 331 corp: 15/2997b lim: 333 exec/s: 0 rss: 29Mb L: 307/333 MS: 4 ChangeBit-CopyPart-ChangeByte-CrossOver-
#40	NEW    cov: 120 ft: 332 corp: 16/3290b lim: 333 exec/s: 0 rss: 29Mb L: 293/333 MS: 1 CopyPart-
#41	NEW    cov: 120 ft: 334 corp: 17/3342b lim: 333 exec/s: 0 rss: 29Mb L: 52/333 MS: 1 PersAutoDict- DE: "sinf"-
#47	NEW    cov: 120 ft: 347 corp: 18/3562b lim: 333 exec/s: 0 rss: 29Mb L: 220/333 MS: 1 ChangeByte-
#57	REDUCE cov: 120 ft: 347 corp: 18/3559b lim: 333 exec/s: 0 rss: 29Mb L: 227/333 MS: 5 ChangeBit-InsertRepeatedBytes-ShuffleBytes-PersAutoDict-EraseBytes- DE: "sinf"-
#62	NEW    cov: 120 ft: 348 corp: 19/3694b lim: 333 exec/s: 0 rss: 29Mb L: 135/333 MS: 5 ShuffleBytes-ShuffleBytes-InsertByte-ChangeBinInt-InsertRepeatedBytes-
#65	NEW    cov: 120 ft: 357 corp: 20/3964b lim: 333 exec/s: 0 rss: 29Mb L: 270/333 MS: 3 ChangeByte-ShuffleBytes-ChangeBit-
#74	NEW    cov: 120 ft: 358 corp: 21/4051b lim: 333 exec/s: 0 rss: 29Mb L: 87/333 MS: 4 ChangeASCIIInt-CMP-ChangeBinInt-InsertRepeatedBytes- DE: "\377\377r\305\350\000f\220"-
#75	REDUCE cov: 120 ft: 359 corp: 22/4272b lim: 333 exec/s: 0 rss: 29Mb L: 221/333 MS: 1 EraseBytes-
#76	NEW    cov: 120 ft: 360 corp: 23/4394b lim: 333 exec/s: 0 rss: 29Mb L: 122/333 MS: 1 EraseBytes-
#80	NEW    cov: 121 ft: 362 corp: 24/4671b lim: 333 exec/s: 0 rss: 29Mb L: 277/333 MS: 4 CMP-PersAutoDict-ChangeBinInt-CrossOver- DE: "moov"-"\377\377r\305\350\000f\220"-
#87	REDUCE cov: 121 ft: 362 corp: 24/4662b lim: 333 exec/s: 0 rss: 29Mb L: 212/333 MS: 2 InsertByte-CrossOver-
#99	NEW    cov: 121 ft: 388 corp: 25/4896b lim: 333 exec/s: 0 rss: 29Mb L: 234/333 MS: 2 InsertRepeatedBytes-ShuffleBytes-
#120	NEW    cov: 121 ft: 389 corp: 26/4944b lim: 333 exec/s: 0 rss: 29Mb L: 48/333 MS: 1 ChangeBit-
#126	NEW    cov: 121 ft: 390 corp: 27/5178b lim: 333 exec/s: 0 rss: 29Mb L: 234/333 MS: 1 CopyPart-
#142	NEW    cov: 121 ft: 397 corp: 28/5287b lim: 333 exec/s: 0 rss: 29Mb L: 109/333 MS: 1 EraseBytes-
#144	REDUCE cov: 121 ft: 397 corp: 28/5285b lim: 333 exec/s: 0 rss: 29Mb L: 50/333 MS: 2 InsertRepeatedBytes-EraseBytes-
#152	NEW    cov: 121 ft: 398 corp: 29/5369b lim: 333 exec/s: 0 rss: 29Mb L: 84/333 MS: 3 InsertByte-InsertByte-CrossOver-
#162	NEW    cov: 121 ft: 399 corp: 30/5469b lim: 333 exec/s: 0 rss: 29Mb L: 100/333 MS: 5 CrossOver-InsertByte-ChangeBit-ChangeBinInt-PersAutoDict- DE: "moov"-
#176	NEW    cov: 121 ft: 400 corp: 31/5514b lim: 333 exec/s: 0 rss: 29Mb L: 45/333 MS: 4 ShuffleBytes-ShuffleBytes-InsertRepeatedBytes-EraseBytes-
#180	NEW    cov: 121 ft: 410 corp: 32/5702b lim: 333 exec/s: 0 rss: 29Mb L: 188/333 MS: 4 PersAutoDict-InsertByte-ChangeBinInt-EraseBytes- DE: "sinf"-
#205	REDUCE cov: 121 ft: 411 corp: 33/5760b lim: 333 exec/s: 0 rss: 29Mb L: 58/333 MS: 5 ChangeASCIIInt-ShuffleBytes-ChangeASCIIInt-PersAutoDict-ChangeBinInt- DE: "\377\377r\305\350\000f\220"-
#214	NEW    cov: 121 ft: 412 corp: 34/5838b lim: 333 exec/s: 0 rss: 29Mb L: 78/333 MS: 4 InsertByte-InsertRepeatedBytes-CopyPart-CMP- DE: "\002\000\000\000"-
#220	NEW    cov: 121 ft: 419 corp: 35/6154b lim: 333 exec/s: 0 rss: 29Mb L: 316/333 MS: 1 CrossOver-
#248	REDUCE cov: 121 ft: 419 corp: 35/6146b lim: 333 exec/s: 0 rss: 29Mb L: 204/333 MS: 3 PersAutoDict-EraseBytes-CrossOver- DE: "sinf"-
#348	NEW    cov: 121 ft: 436 corp: 36/6170b lim: 333 exec/s: 0 rss: 29Mb L: 24/333 MS: 5 EraseBytes-CopyPart-ChangeByte-ChangeBinInt-EraseBytes-
#359	NEW    cov: 121 ft: 439 corp: 37/6195b lim: 333 exec/s: 0 rss: 29Mb L: 25/333 MS: 1 EraseBytes-
#404	REDUCE cov: 121 ft: 439 corp: 37/6131b lim: 333 exec/s: 0 rss: 29Mb L: 170/333 MS: 5 CopyPart-ShuffleBytes-CopyPart-ChangeASCIIInt-EraseBytes-
#427	NEW    cov: 121 ft: 443 corp: 38/6427b lim: 333 exec/s: 0 rss: 29Mb L: 296/333 MS: 3 ChangeASCIIInt-InsertRepeatedBytes-InsertRepeatedBytes-
#428	NEW    cov: 121 ft: 444 corp: 39/6483b lim: 333 exec/s: 0 rss: 29Mb L: 56/333 MS: 1 CopyPart-
#499	NEW    cov: 121 ft: 452 corp: 40/6500b lim: 333 exec/s: 0 rss: 29Mb L: 17/333 MS: 1 EraseBytes-
#507	REDUCE cov: 121 ft: 452 corp: 40/6498b lim: 333 exec/s: 0 rss: 29Mb L: 85/333 MS: 3 ChangeByte-ChangeBit-EraseBytes-
#559	REDUCE cov: 121 ft: 452 corp: 40/6496b lim: 333 exec/s: 0 rss: 29Mb L: 82/333 MS: 2 ChangeBinInt-EraseBytes-
#573	NEW    cov: 121 ft: 455 corp: 41/6517b lim: 333 exec/s: 0 rss: 29Mb L: 21/333 MS: 4 EraseBytes-CopyPart-CrossOver-EraseBytes-
#586	NEW    cov: 121 ft: 456 corp: 42/6844b lim: 333 exec/s: 0 rss: 29Mb L: 327/333 MS: 3 CopyPart-InsertByte-CrossOver-
#614	NEW    cov: 121 ft: 458 corp: 43/7110b lim: 333 exec/s: 0 rss: 29Mb L: 266/333 MS: 3 ChangeBinInt-ChangeBinInt-EraseBytes-
#628	NEW    cov: 121 ft: 459 corp: 44/7379b lim: 333 exec/s: 0 rss: 29Mb L: 269/333 MS: 4 ChangeBit-PersAutoDict-CrossOver-EraseBytes- DE: "\002\000\000\000"-
#671	NEW    cov: 121 ft: 461 corp: 45/7691b lim: 333 exec/s: 0 rss: 29Mb L: 312/333 MS: 3 CrossOver-ChangeBit-InsertRepeatedBytes-
#741	REDUCE cov: 121 ft: 461 corp: 45/7651b lim: 333 exec/s: 0 rss: 29Mb L: 194/333 MS: 5 PersAutoDict-PersAutoDict-PersAutoDict-InsertRepeatedBytes-EraseBytes- DE: "sinf"-"\377\377r\305\350\000f\220"-"\377\377r\305\350\000f\220"-
#822	REDUCE cov: 121 ft: 462 corp: 46/7733b lim: 333 exec/s: 0 rss: 29Mb L: 82/333 MS: 1 ChangeBit-
#831	REDUCE cov: 121 ft: 462 corp: 46/7677b lim: 333 exec/s: 0 rss: 29Mb L: 132/333 MS: 4 ShuffleBytes-CMP-CopyPart-EraseBytes- DE: "\000\000]\201\012\304RO"-
#873	REDUCE cov: 121 ft: 462 corp: 46/7573b lim: 333 exec/s: 0 rss: 29Mb L: 162/333 MS: 2 CMP-EraseBytes- DE: "\377\377\\\201\012\304RO"-
#889	NEW    cov: 121 ft: 471 corp: 47/7584b lim: 333 exec/s: 0 rss: 29Mb L: 11/333 MS: 1 EraseBytes-
#893	NEW    cov: 121 ft: 472 corp: 48/7599b lim: 333 exec/s: 0 rss: 29Mb L: 15/333 MS: 4 EraseBytes-EraseBytes-ChangeByte-EraseBytes-
#921	NEW    cov: 121 ft: 473 corp: 49/7614b lim: 333 exec/s: 0 rss: 29Mb L: 15/333 MS: 3 ChangeByte-ShuffleBytes-PersAutoDict- DE: "moov"-
#961	REDUCE cov: 121 ft: 473 corp: 49/7613b lim: 333 exec/s: 0 rss: 29Mb L: 20/333 MS: 5 ChangeBinInt-ShuffleBytes-CopyPart-ShuffleBytes-EraseBytes-
#978	REDUCE cov: 121 ft: 473 corp: 49/7602b lim: 333 exec/s: 0 rss: 29Mb L: 37/333 MS: 2 ChangeBit-CrossOver-
#1034	NEW    cov: 122 ft: 474 corp: 50/7609b lim: 333 exec/s: 0 rss: 29Mb L: 7/333 MS: 1 CrossOver-
#1035	NEW    cov: 122 ft: 478 corp: 51/7931b lim: 333 exec/s: 0 rss: 29Mb L: 322/333 MS: 1 CrossOver-
#1055	REDUCE cov: 122 ft: 479 corp: 52/7939b lim: 333 exec/s: 0 rss: 29Mb L: 8/333 MS: 5 EraseBytes-EraseBytes-InsertByte-EraseBytes-EraseBytes-
#1069	REDUCE cov: 122 ft: 479 corp: 52/7846b lim: 333 exec/s: 0 rss: 29Mb L: 234/333 MS: 4 ChangeBit-EraseBytes-PersAutoDict-InsertByte- DE: "moov"-
#1167	REDUCE cov: 122 ft: 479 corp: 52/7842b lim: 333 exec/s: 0 rss: 29Mb L: 44/333 MS: 3 ShuffleBytes-ChangeByte-EraseBytes-
#1176	NEW    cov: 122 ft: 480 corp: 53/8121b lim: 333 exec/s: 0 rss: 29Mb L: 279/333 MS: 4 CrossOver-InsertRepeatedBytes-ChangeASCIIInt-CopyPart-
#1200	REDUCE cov: 122 ft: 480 corp: 53/7995b lim: 333 exec/s: 0 rss: 29Mb L: 153/333 MS: 4 PersAutoDict-CMP-ChangeBit-EraseBytes- DE: "\002\000\000\000"-"\377\377r\305\350\001\341\273"-
#1224	REDUCE cov: 122 ft: 480 corp: 53/7990b lim: 333 exec/s: 0 rss: 29Mb L: 77/333 MS: 4 ChangeByte-ChangeBit-ChangeBit-EraseBytes-
#1266	REDUCE cov: 122 ft: 480 corp: 53/7908b lim: 333 exec/s: 0 rss: 29Mb L: 194/333 MS: 2 ChangeBit-EraseBytes-
#1274	NEW    cov: 122 ft: 481 corp: 54/8234b lim: 333 exec/s: 0 rss: 29Mb L: 326/333 MS: 3 ChangeASCIIInt-ShuffleBytes-InsertRepeatedBytes-
#1285	REDUCE cov: 122 ft: 481 corp: 54/8231b lim: 333 exec/s: 0 rss: 29Mb L: 132/333 MS: 1 EraseBytes-
#1376	REDUCE cov: 122 ft: 481 corp: 54/8229b lim: 333 exec/s: 0 rss: 29Mb L: 5/333 MS: 1 EraseBytes-
#1377	REDUCE cov: 122 ft: 481 corp: 54/8228b lim: 333 exec/s: 0 rss: 29Mb L: 10/333 MS: 1 EraseBytes-
#1391	NEW    cov: 122 ft: 486 corp: 55/8560b lim: 333 exec/s: 0 rss: 29Mb L: 332/333 MS: 4 ChangeByte-InsertRepeatedBytes-InsertByte-CrossOver-
#1536	NEW    cov: 122 ft: 487 corp: 56/8754b lim: 333 exec/s: 0 rss: 29Mb L: 194/333 MS: 5 ShuffleBytes-ChangeASCIIInt-PersAutoDict-EraseBytes-ChangeByte- DE: "\377\377r\305\350\000f\220"-
#1707	NEW    cov: 122 ft: 488 corp: 57/8969b lim: 333 exec/s: 0 rss: 29Mb L: 215/333 MS: 1 ChangeBit-
#1921	REDUCE cov: 122 ft: 488 corp: 57/8968b lim: 333 exec/s: 0 rss: 29Mb L: 84/333 MS: 4 EraseBytes-CopyPart-InsertByte-PersAutoDict- DE: "\377\377r\305\350\001\341\273"-
#1975	REDUCE cov: 122 ft: 488 corp: 57/8962b lim: 333 exec/s: 0 rss: 29Mb L: 9/333 MS: 4 ChangeByte-ChangeByte-InsertByte-EraseBytes-
#2105	REDUCE cov: 122 ft: 488 corp: 57/8946b lim: 333 exec/s: 0 rss: 29Mb L: 61/333 MS: 5 ShuffleBytes-CMP-InsertRepeatedBytes-ChangeByte-CrossOver- DE: "N7ISOBMFF3BoxE"-
#2130	REDUCE cov: 122 ft: 488 corp: 57/8941b lim: 333 exec/s: 0 rss: 29Mb L: 39/333 MS: 5 CrossOver-ChangeByte-PersAutoDict-PersAutoDict-EraseBytes- DE: "\377\377r\305\350\000f\220"-"N7ISOBMFF3BoxE"-
#2155	NEW    cov: 122 ft: 489 corp: 58/9205b lim: 333 exec/s: 0 rss: 29Mb L: 264/333 MS: 5 EraseBytes-ChangeByte-CMP-InsertRepeatedBytes-ChangeByte- DE: "\000\000\000\024"-
#2337	REDUCE cov: 122 ft: 489 corp: 58/9189b lim: 333 exec/s: 0 rss: 29Mb L: 45/333 MS: 2 CopyPart-EraseBytes-
#2409	REDUCE cov: 122 ft: 489 corp: 58/9186b lim: 333 exec/s: 0 rss: 29Mb L: 42/333 MS: 2 ChangeByte-EraseBytes-
#2427	NEW    cov: 122 ft: 490 corp: 59/9518b lim: 333 exec/s: 0 rss: 29Mb L: 332/333 MS: 3 InsertRepeatedBytes-ShuffleBytes-InsertByte-
#2478	REDUCE cov: 122 ft: 490 corp: 59/9516b lim: 333 exec/s: 0 rss: 29Mb L: 3/333 MS: 1 EraseBytes-
#2550	NEW    cov: 122 ft: 492 corp: 60/9737b lim: 333 exec/s: 0 rss: 29Mb L: 221/333 MS: 2 ShuffleBytes-InsertByte-
#2632	REDUCE cov: 122 ft: 492 corp: 60/9736b lim: 333 exec/s: 0 rss: 29Mb L: 2/333 MS: 2 CopyPart-EraseBytes-
#2710	NEW    cov: 123 ft: 498 corp: 61/10051b lim: 333 exec/s: 0 rss: 29Mb L: 315/333 MS: 3 CrossOver-PersAutoDict-CMP- DE: "\377\377r\305\350\001\341\273"-"urn "-
#2762	REDUCE cov: 123 ft: 498 corp: 61/10033b lim: 333 exec/s: 0 rss: 29Mb L: 21/333 MS: 2 CrossOver-CrossOver-
#2780	NEW    cov: 124 ft: 499 corp: 62/10361b lim: 333 exec/s: 0 rss: 29Mb L: 328/333 MS: 3 ChangeBinInt-CopyPart-CrossOver-
#2820	REDUCE cov: 124 ft: 499 corp: 62/10230b lim: 333 exec/s: 0 rss: 29Mb L: 184/333 MS: 5 CMP-InsertByte-InsertRepeatedBytes-CopyPart-EraseBytes- DE: "\000\000s\305\350\003\256;"-
#2890	REDUCE cov: 124 ft: 499 corp: 62/10198b lim: 333 exec/s: 0 rss: 29Mb L: 100/333 MS: 5 ChangeByte-ShuffleBytes-ChangeASCIIInt-CrossOver-EraseBytes-
#2972	REDUCE cov: 124 ft: 499 corp: 62/10189b lim: 333 exec/s: 0 rss: 29Mb L: 36/333 MS: 2 InsertRepeatedBytes-EraseBytes-
#3068	REDUCE cov: 124 ft: 499 corp: 62/10183b lim: 333 exec/s: 0 rss: 29Mb L: 15/333 MS: 1 EraseBytes-
#3131	REDUCE cov: 125 ft: 500 corp: 63/10387b lim: 333 exec/s: 0 rss: 29Mb L: 204/333 MS: 3 PersAutoDict-PersAutoDict-CMP- DE: "moov"-"\377\377\\\201\012\304RO"-"frma"-
#3157	REDUCE cov: 125 ft: 500 corp: 63/10383b lim: 333 exec/s: 0 rss: 29Mb L: 11/333 MS: 1 EraseBytes-
#3171	NEW    cov: 125 ft: 501 corp: 64/10648b lim: 333 exec/s: 0 rss: 29Mb L: 265/333 MS: 4 PersAutoDict-CrossOver-ChangeBit-InsertByte- DE: "\377\377r\305\350\001\341\273"-
#3176	REDUCE cov: 125 ft: 501 corp: 64/10636b lim: 333 exec/s: 0 rss: 29Mb L: 120/333 MS: 5 ChangeByte-ChangeByte-EraseBytes-ChangeByte-ChangeBit-
#3378	REDUCE cov: 125 ft: 501 corp: 64/10599b lim: 333 exec/s: 0 rss: 29Mb L: 147/333 MS: 2 ChangeBit-EraseBytes-
#3474	REDUCE cov: 125 ft: 501 corp: 64/10598b lim: 333 exec/s: 0 rss: 29Mb L: 36/333 MS: 1 EraseBytes-
#3486	REDUCE cov: 125 ft: 501 corp: 64/10597b lim: 333 exec/s: 0 rss: 29Mb L: 10/333 MS: 2 ChangeBit-EraseBytes-
#3518	REDUCE cov: 125 ft: 501 corp: 64/10593b lim: 333 exec/s: 0 rss: 29Mb L: 46/333 MS: 2 CMP-EraseBytes- DE: "\000\000\000P"-
#4004	REDUCE cov: 125 ft: 501 corp: 64/10592b lim: 333 exec/s: 0 rss: 29Mb L: 1/333 MS: 1 EraseBytes-
#4093	REDUCE cov: 125 ft: 501 corp: 64/10583b lim: 333 exec/s: 0 rss: 29Mb L: 27/333 MS: 4 ChangeBinInt-ChangeByte-ChangeByte-EraseBytes-
#4149	REDUCE cov: 125 ft: 501 corp: 64/10572b lim: 333 exec/s: 0 rss: 29Mb L: 16/333 MS: 1 EraseBytes-
#4189	REDUCE cov: 125 ft: 501 corp: 64/10497b lim: 333 exec/s: 0 rss: 29Mb L: 251/333 MS: 5 InsertByte-ChangeBinInt-ChangeBit-ChangeByte-EraseBytes-
#4288	REDUCE cov: 125 ft: 501 corp: 64/10463b lim: 333 exec/s: 0 rss: 29Mb L: 160/333 MS: 4 ChangeByte-ShuffleBytes-CrossOver-PersAutoDict- DE: "N7ISOBMFF3BoxE"-
#4402	NEW    cov: 125 ft: 502 corp: 65/10787b lim: 333 exec/s: 0 rss: 29Mb L: 324/333 MS: 4 PersAutoDict-PersAutoDict-InsertRepeatedBytes-InsertRepeatedBytes- DE: "\002\000\000\000"-"\377\377\\\201\012\304RO"-
#4556	REDUCE cov: 125 ft: 502 corp: 65/10786b lim: 333 exec/s: 0 rss: 29Mb L: 41/333 MS: 4 ChangeASCIIInt-EraseBytes-ChangeBinInt-PersAutoDict- DE: "\000\000]\201\012\304RO"-
#4705	REDUCE cov: 125 ft: 502 corp: 65/10785b lim: 333 exec/s: 0 rss: 29Mb L: 9/333 MS: 4 EraseBytes-ChangeBinInt-ChangeASCIIInt-InsertByte-
#4759	REDUCE cov: 125 ft: 502 corp: 65/10784b lim: 333 exec/s: 0 rss: 29Mb L: 55/333 MS: 4 ChangeByte-CopyPart-ChangeBit-EraseBytes-
#4809	REDUCE cov: 125 ft: 502 corp: 65/10772b lim: 333 exec/s: 0 rss: 29Mb L: 265/333 MS: 5 ChangeBinInt-EraseBytes-CMP-PersAutoDict-CopyPart- DE: "mdia"-"urn "-
#4838	REDUCE cov: 125 ft: 502 corp: 65/10771b lim: 333 exec/s: 0 rss: 29Mb L: 121/333 MS: 4 ChangeBinInt-ChangeByte-ChangeASCIIInt-EraseBytes-
==379121== ERROR: libFuzzer: out-of-memory (used: 1626Mb; limit: 1024Mb)
   To change the out-of-memory limit use -rss_limit_mb=<N>

MS: 1 EraseBytes-; base unit: 5cd49382fb68a5c40d1d2a1a2df7934fee8a435e
0x0,0x0,0x0,0x1c,0x66,0x74,0x79,0x70,0x4d,0x34,0x56,0x20,0x0,0x0,0x0,0x0,0x4d,0x34,0x56,0x20,0x6d,0x70,0x34,0x31,0x69,0x73,0x6f,0x6d,0x0,0x0,0x0,0xe0,0x6d,0x6f,0x6f,0x76,0x0,0x0,0x0,0x78,0x6d,0x76,0x68,0x64,0x0,0x0,0x0,0x0,0x0,0x0,0x1,0x0,0x0,0x0,0x0,0x0,0x0,0x1,0x3,0xe8,0x0,0x0,0xe,0x10,0x0,0x1,0x0,0x0,0x1,0x0,0x0,0x0,0x0,0x0,0x0,0x0,0x0,0x0,0x0,0x0,0x0,0x1,0x0,0x0,0x60,0x75,0x64,0x74,0x61,0x0,0x0,0x0,0x58,0x6d,0x65,0x74,0x61,0x0,0x0,0x0,0x0,0x0,0x0,0x0,0x21,0x68,0x64,0x6c,0x72,0x0,0x0,0x0,0x0,0x0,0x0,0x0,0x0,0x6d,0x64,0x69,0x72,0x61,0x70,0x70,0x6c,0x0,0x0,0x0,0x0,0x0,0x0,0x0,0x0,0x0,0x0,0x0,0x0,0x0,0x0,0x0,0x0,0x0,0x0,0x0,0x0,0x0,0x0,0x2,0x0,0x0,0x0,0x60,0x75,0x64,0x74,0x61,0x0,0x0,0x0,0x58,0x6d,0x65,0x74,0x61,0x0,0x0,0x0,0x0,0x0,0x0,0x0,0x21,0x68,0x64,0x6c,0x72,0x0,0x0,0x0,0x0,0x0,0x0,0x0,0x0,0x6d,0x64,0x69,0x72,0x61,0x70,0x70,0x6c,0x0,0x0,0x0,0x0,0x0,0x0,0x0,0x0,0x24,0x0,0x0,0x0,0x0,0x2b,0x69,0x6c,0x69,0x73,0x6f,0x6d,0x0,0x0,0x0,0x18,0x6d,0x64,0x61,0x74,0x0,0x0,0x0,0x0,0x0,0x0,0x0,0x0,0x0,0x0,0x0,0x0,0x0,0x0,0x0,0x54,0x65,0x73,0x74,0x20,0x56,0x69,0x64,0x65,0x6f,
\000\000\000\034ftypM4V \000\000\000\000M4V mp41isom\000\000\000\340moov\000\000\000xmvhd\000\000\000\000\000\000\001\000\000\000\000\000\000\001\003\350\000\000\016\020\000\001\000\000\001\000\000\000\000\000\000\000\000\000\000\000\000\001\000\000`udta\000\000\000Xmeta\000\000\000\000\000\000\000!hdlr\000\000\000\000\000\000\000\000mdirappl\000\000\000\000\000\000\000\000\000\000\000\000\000\000\000\000\000\000\000\000\000\000\002\000\000\000`udta\000\000\000Xmeta\000\000\000\000\000\000\000!hdlr\000\000\000\000\000\000\000\000mdirappl\000\000\000\000\000\000\000\000$\000\000\000\000+ilisom\000\000\000\030mdat\000\000\000\000\000\000\000\000\000\000\000\000\000\000\000Test Video
artifact_prefix='/results/crashes/20260313_162110_9387ed46_'; Test unit written to /results/crashes/20260313_162110_9387ed46_oom-15616f3724e26057886cfc24d458cec086b9d1fa
Base64: AAAAHGZ0eXBNNFYgAAAAAE00ViBtcDQxaXNvbQAAAOBtb292AAAAeG12aGQAAAAAAAABAAAAAAAAAQPoAAAOEAABAAABAAAAAAAAAAAAAAAAAQAAYHVkdGEAAABYbWV0YQAAAAAAAAAhaGRscgAAAAAAAAAAbWRpcmFwcGwAAAAAAAAAAAAAAAAAAAAAAAAAAAAAAgAAAGB1ZHRhAAAAWG1ldGEAAAAAAAAAIWhkbHIAAAAAAAAAAG1kaXJhcHBsAAAAAAAAAAAkAAAAACtpbGlzb20AAAAYbWRhdAAAAAAAAAAAAAAAAAAAAFRlc3QgVmlkZW8=
SUMMARY: libFuzzer: out-of-memory
stat::number_of_executed_units: 4899
stat::average_exec_per_sec:     2449
stat::new_units_added:          110
stat::slowest_unit_time_sec:    0
stat::peak_rss_mb:              1628
