INFO: Running with entropic power schedule (0xFF, 100).
INFO: Seed: 1472805420
INFO: Loaded 1 modules   (252 inline 8-bit counters): 252 [0x5cf3825cb678, 0x5cf3825cb774), 
INFO: Loaded 1 PC tables (252 PCs): 252 [0x5cf3825cb778,0x5cf3825cc738), 
INFO:        4 files found in /tmp/corpus_20260313_172911_a600f436
INFO: seed corpus: files: 4 min: 48b max: 333b total: 853b rss: 28Mb
#5	INITED cov: 119 ft: 253 corp: 4/853b exec/s: 0 rss: 29Mb
#6	NEW    cov: 119 ft: 269 corp: 5/1028b lim: 333 exec/s: 0 rss: 29Mb L: 175/333 MS: 1 EraseBytes-
#7	NEW    cov: 119 ft: 319 corp: 6/1056b lim: 333 exec/s: 0 rss: 29Mb L: 28/333 MS: 1 EraseBytes-
#8	NEW    cov: 119 ft: 324 corp: 7/1105b lim: 333 exec/s: 0 rss: 29Mb L: 49/333 MS: 1 InsertByte-
#10	NEW    cov: 119 ft: 334 corp: 8/1154b lim: 333 exec/s: 0 rss: 29Mb L: 49/333 MS: 2 ChangeBinInt-InsertByte-
#13	NEW    cov: 120 ft: 335 corp: 9/1487b lim: 333 exec/s: 0 rss: 29Mb L: 333/333 MS: 3 ChangeBinInt-ChangeBinInt-CopyPart-
#18	NEW    cov: 120 ft: 336 corp: 10/1536b lim: 333 exec/s: 0 rss: 29Mb L: 49/333 MS: 5 ShuffleBytes-ChangeASCIIInt-ChangeBinInt-ChangeBit-InsertByte-
#20	NEW    cov: 120 ft: 340 corp: 11/1832b lim: 333 exec/s: 0 rss: 29Mb L: 296/333 MS: 2 ChangeBit-InsertRepeatedBytes-
#21	NEW    cov: 120 ft: 344 corp: 12/1868b lim: 333 exec/s: 0 rss: 29Mb L: 36/333 MS: 1 EraseBytes-
#23	NEW    cov: 120 ft: 345 corp: 13/1892b lim: 333 exec/s: 0 rss: 29Mb L: 24/333 MS: 2 InsertByte-EraseBytes-
#29	NEW    cov: 120 ft: 358 corp: 14/1908b lim: 333 exec/s: 0 rss: 29Mb L: 16/333 MS: 1 EraseBytes-
#38	NEW    cov: 120 ft: 367 corp: 15/1986b lim: 333 exec/s: 0 rss: 29Mb L: 78/333 MS: 4 ChangeBinInt-ShuffleBytes-ChangeBit-InsertRepeatedBytes-
#39	NEW    cov: 120 ft: 368 corp: 16/2034b lim: 333 exec/s: 0 rss: 29Mb L: 48/333 MS: 1 ChangeBit-
#42	NEW    cov: 120 ft: 369 corp: 17/2095b lim: 333 exec/s: 0 rss: 29Mb L: 61/333 MS: 3 InsertByte-ChangeBinInt-CopyPart-
#45	NEW    cov: 120 ft: 370 corp: 18/2334b lim: 333 exec/s: 0 rss: 29Mb L: 239/333 MS: 3 InsertRepeatedBytes-ChangeBit-CopyPart-
#55	NEW    cov: 120 ft: 378 corp: 19/2618b lim: 333 exec/s: 0 rss: 29Mb L: 284/333 MS: 5 ShuffleBytes-InsertRepeatedBytes-ChangeByte-InsertRepeatedBytes-CrossOver-
#56	NEW    cov: 120 ft: 385 corp: 20/2913b lim: 333 exec/s: 0 rss: 29Mb L: 295/333 MS: 1 CrossOver-
#57	NEW    cov: 120 ft: 394 corp: 21/3222b lim: 333 exec/s: 0 rss: 29Mb L: 309/333 MS: 1 InsertRepeatedBytes-
#63	NEW    cov: 121 ft: 397 corp: 22/3334b lim: 333 exec/s: 0 rss: 29Mb L: 112/333 MS: 1 CrossOver-
#65	NEW    cov: 121 ft: 402 corp: 23/3447b lim: 333 exec/s: 0 rss: 29Mb L: 113/333 MS: 2 ShuffleBytes-EraseBytes-
#75	NEW    cov: 121 ft: 403 corp: 24/3685b lim: 333 exec/s: 0 rss: 29Mb L: 238/333 MS: 5 ChangeBinInt-ChangeByte-InsertByte-CopyPart-CopyPart-
#78	NEW    cov: 121 ft: 404 corp: 25/3730b lim: 333 exec/s: 0 rss: 29Mb L: 45/333 MS: 3 InsertByte-EraseBytes-CopyPart-
#82	REDUCE cov: 121 ft: 404 corp: 25/3672b lim: 333 exec/s: 0 rss: 29Mb L: 238/333 MS: 4 ChangeByte-ShuffleBytes-InsertByte-EraseBytes-
#95	REDUCE cov: 121 ft: 404 corp: 25/3666b lim: 333 exec/s: 0 rss: 29Mb L: 18/333 MS: 3 ChangeBit-ChangeBinInt-EraseBytes-
#98	NEW    cov: 121 ft: 412 corp: 26/3689b lim: 333 exec/s: 0 rss: 29Mb L: 23/333 MS: 3 ChangeBit-EraseBytes-EraseBytes-
#106	NEW    cov: 121 ft: 421 corp: 27/3704b lim: 333 exec/s: 0 rss: 29Mb L: 15/333 MS: 3 CopyPart-CrossOver-CrossOver-
#107	REDUCE cov: 121 ft: 422 corp: 28/3934b lim: 333 exec/s: 0 rss: 29Mb L: 230/333 MS: 1 EraseBytes-
#118	NEW    cov: 121 ft: 423 corp: 29/4058b lim: 333 exec/s: 0 rss: 29Mb L: 124/333 MS: 1 EraseBytes-
#122	REDUCE cov: 121 ft: 423 corp: 29/3922b lim: 333 exec/s: 0 rss: 29Mb L: 197/333 MS: 4 ChangeBinInt-ChangeASCIIInt-CrossOver-ShuffleBytes-
#143	NEW    cov: 121 ft: 424 corp: 30/4212b lim: 333 exec/s: 0 rss: 29Mb L: 290/333 MS: 1 CrossOver-
#145	REDUCE cov: 122 ft: 425 corp: 31/4518b lim: 333 exec/s: 0 rss: 29Mb L: 306/333 MS: 2 InsertRepeatedBytes-CopyPart-
#146	NEW    cov: 122 ft: 432 corp: 32/4532b lim: 333 exec/s: 0 rss: 29Mb L: 14/333 MS: 1 EraseBytes-
#152	REDUCE cov: 122 ft: 433 corp: 33/4784b lim: 333 exec/s: 0 rss: 29Mb L: 252/333 MS: 1 InsertRepeatedBytes-
#154	NEW    cov: 122 ft: 436 corp: 34/4833b lim: 333 exec/s: 0 rss: 29Mb L: 49/333 MS: 2 CMP-InsertByte- DE: "\001\000\001\000"-
#171	NEW    cov: 123 ft: 437 corp: 35/4850b lim: 333 exec/s: 0 rss: 29Mb L: 17/333 MS: 2 PersAutoDict-EraseBytes- DE: "\001\000\001\000"-
#179	REDUCE cov: 123 ft: 437 corp: 35/4839b lim: 333 exec/s: 0 rss: 29Mb L: 25/333 MS: 3 CrossOver-ChangeBit-EraseBytes-
#182	NEW    cov: 123 ft: 438 corp: 36/5145b lim: 333 exec/s: 0 rss: 29Mb L: 306/333 MS: 3 EraseBytes-ChangeByte-CMP- DE: "mvex"-
#190	NEW    cov: 123 ft: 439 corp: 37/5211b lim: 333 exec/s: 0 rss: 29Mb L: 66/333 MS: 3 PersAutoDict-CMP-InsertRepeatedBytes- DE: "mvex"-"\377\001"-
#191	NEW    cov: 123 ft: 440 corp: 38/5300b lim: 333 exec/s: 0 rss: 29Mb L: 89/333 MS: 1 EraseBytes-
#227	NEW    cov: 123 ft: 441 corp: 39/5424b lim: 333 exec/s: 0 rss: 29Mb L: 124/333 MS: 1 InsertRepeatedBytes-
#229	NEW    cov: 123 ft: 442 corp: 40/5706b lim: 333 exec/s: 0 rss: 29Mb L: 282/333 MS: 2 PersAutoDict-InsertRepeatedBytes- DE: "\377\001"-
#230	NEW    cov: 123 ft: 443 corp: 41/5714b lim: 333 exec/s: 0 rss: 29Mb L: 8/333 MS: 1 EraseBytes-
#239	NEW    cov: 123 ft: 444 corp: 42/5861b lim: 333 exec/s: 0 rss: 29Mb L: 147/333 MS: 4 ChangeByte-EraseBytes-ChangeBit-InsertByte-
#273	NEW    cov: 124 ft: 445 corp: 43/5862b lim: 333 exec/s: 0 rss: 29Mb L: 1/333 MS: 4 ShuffleBytes-ShuffleBytes-InsertRepeatedBytes-CrossOver-
#284	REDUCE cov: 124 ft: 445 corp: 43/5840b lim: 333 exec/s: 0 rss: 29Mb L: 27/333 MS: 1 EraseBytes-
#287	REDUCE cov: 124 ft: 445 corp: 43/5839b lim: 333 exec/s: 0 rss: 29Mb L: 65/333 MS: 3 ShuffleBytes-InsertByte-CrossOver-
#346	NEW    cov: 124 ft: 446 corp: 44/6167b lim: 333 exec/s: 0 rss: 29Mb L: 328/333 MS: 4 ChangeBit-ChangeByte-ShuffleBytes-InsertRepeatedBytes-
#419	NEW    cov: 124 ft: 447 corp: 45/6351b lim: 333 exec/s: 0 rss: 29Mb L: 184/333 MS: 3 ChangeByte-ChangeBinInt-CrossOver-
#470	NEW    cov: 124 ft: 456 corp: 46/6399b lim: 333 exec/s: 0 rss: 29Mb L: 48/333 MS: 1 ChangeBit-
#531	REDUCE cov: 124 ft: 456 corp: 46/6392b lim: 333 exec/s: 0 rss: 29Mb L: 8/333 MS: 1 EraseBytes-
#534	REDUCE cov: 124 ft: 456 corp: 46/6389b lim: 333 exec/s: 0 rss: 29Mb L: 24/333 MS: 3 CMP-ShuffleBytes-EraseBytes- DE: "tapt"-
#545	REDUCE cov: 124 ft: 456 corp: 46/6321b lim: 333 exec/s: 0 rss: 29Mb L: 260/333 MS: 1 EraseBytes-
#677	REDUCE cov: 124 ft: 456 corp: 46/6318b lim: 333 exec/s: 0 rss: 29Mb L: 181/333 MS: 2 ChangeBit-CrossOver-
#704	NEW    cov: 124 ft: 460 corp: 47/6651b lim: 333 exec/s: 0 rss: 29Mb L: 333/333 MS: 2 ChangeBit-CMP- DE: "mvex"-
#720	REDUCE cov: 124 ft: 460 corp: 47/6650b lim: 333 exec/s: 0 rss: 29Mb L: 174/333 MS: 1 EraseBytes-
#885	REDUCE cov: 124 ft: 460 corp: 47/6511b lim: 333 exec/s: 0 rss: 29Mb L: 167/333 MS: 5 ChangeBinInt-ChangeByte-CopyPart-ShuffleBytes-CrossOver-
#914	REDUCE cov: 124 ft: 460 corp: 47/6460b lim: 333 exec/s: 0 rss: 29Mb L: 130/333 MS: 4 PersAutoDict-InsertRepeatedBytes-ChangeBinInt-EraseBytes- DE: "mvex"-
#953	REDUCE cov: 124 ft: 460 corp: 47/6449b lim: 333 exec/s: 0 rss: 29Mb L: 219/333 MS: 4 CrossOver-InsertByte-InsertByte-EraseBytes-
#1069	NEW    cov: 124 ft: 465 corp: 48/6669b lim: 333 exec/s: 0 rss: 29Mb L: 220/333 MS: 1 CMP- DE: "stts"-
#1108	REDUCE cov: 124 ft: 465 corp: 48/6624b lim: 333 exec/s: 0 rss: 29Mb L: 102/333 MS: 4 CopyPart-CrossOver-ChangeBinInt-EraseBytes-
#1251	REDUCE cov: 124 ft: 471 corp: 49/6846b lim: 333 exec/s: 0 rss: 29Mb L: 222/333 MS: 3 CMP-InsertRepeatedBytes-InsertByte- DE: "\001 "-
#1261	NEW    cov: 124 ft: 472 corp: 50/6993b lim: 333 exec/s: 0 rss: 29Mb L: 147/333 MS: 5 ChangeBit-InsertRepeatedBytes-PersAutoDict-ChangeByte-InsertRepeatedBytes- DE: "\377\001"-
#1384	REDUCE cov: 124 ft: 472 corp: 50/6982b lim: 333 exec/s: 0 rss: 29Mb L: 279/333 MS: 3 EraseBytes-CMP-CopyPart- DE: "\024\000\000\000"-
#1497	NEW    cov: 124 ft: 473 corp: 51/7202b lim: 333 exec/s: 0 rss: 29Mb L: 220/333 MS: 3 ChangeASCIIInt-ChangeBit-ChangeByte-
#1660	REDUCE cov: 124 ft: 474 corp: 52/7464b lim: 333 exec/s: 0 rss: 29Mb L: 262/333 MS: 3 ChangeBinInt-ChangeBinInt-CMP- DE: "\026\000"-
#1723	REDUCE cov: 124 ft: 474 corp: 52/7455b lim: 333 exec/s: 0 rss: 29Mb L: 243/333 MS: 3 InsertByte-EraseBytes-InsertByte-
#1754	NEW    cov: 124 ft: 475 corp: 53/7676b lim: 333 exec/s: 0 rss: 29Mb L: 221/333 MS: 1 CrossOver-
#1798	REDUCE cov: 124 ft: 475 corp: 53/7675b lim: 333 exec/s: 0 rss: 29Mb L: 101/333 MS: 4 ShuffleBytes-ChangeBit-ChangeByte-EraseBytes-
#1843	NEW    cov: 125 ft: 476 corp: 54/7842b lim: 333 exec/s: 0 rss: 29Mb L: 167/333 MS: 5 CMP-ChangeBinInt-CrossOver-InsertByte-EraseBytes- DE: "\377\377\377\022"-
#1887	REDUCE cov: 125 ft: 476 corp: 54/7816b lim: 333 exec/s: 0 rss: 29Mb L: 35/333 MS: 4 PersAutoDict-EraseBytes-EraseBytes-CMP- DE: "\377\001"-"\005\001\000\000\000\000\000\000"-
#1911	REDUCE cov: 125 ft: 476 corp: 54/7813b lim: 333 exec/s: 0 rss: 29Mb L: 15/333 MS: 4 InsertByte-ChangeByte-ChangeByte-EraseBytes-
#2004	REDUCE cov: 125 ft: 476 corp: 54/7797b lim: 333 exec/s: 0 rss: 29Mb L: 32/333 MS: 3 CrossOver-EraseBytes-InsertByte-
#2037	REDUCE cov: 125 ft: 476 corp: 54/7770b lim: 333 exec/s: 0 rss: 29Mb L: 211/333 MS: 3 ChangeASCIIInt-InsertRepeatedBytes-EraseBytes-
#2164	REDUCE cov: 125 ft: 476 corp: 54/7728b lim: 333 exec/s: 0 rss: 29Mb L: 169/333 MS: 2 EraseBytes-CMP- DE: "\001\000\\\363\300\245\002\320"-
#2272	REDUCE cov: 125 ft: 476 corp: 54/7721b lim: 333 exec/s: 0 rss: 29Mb L: 123/333 MS: 3 CMP-ChangeByte-EraseBytes- DE: "\370k\000\244\237v\000\000"-
#2277	REDUCE cov: 125 ft: 476 corp: 54/7717b lim: 333 exec/s: 0 rss: 29Mb L: 215/333 MS: 5 CrossOver-ChangeByte-CMP-ChangeASCIIInt-EraseBytes- DE: "\230\224\227 ?5\257&"-
#2313	NEW    cov: 125 ft: 478 corp: 55/8003b lim: 333 exec/s: 0 rss: 29Mb L: 286/333 MS: 1 CrossOver-
#2579	REDUCE cov: 125 ft: 478 corp: 55/8002b lim: 333 exec/s: 0 rss: 29Mb L: 281/333 MS: 1 EraseBytes-
#2590	REDUCE cov: 125 ft: 478 corp: 55/7997b lim: 333 exec/s: 0 rss: 29Mb L: 10/333 MS: 1 EraseBytes-
#2652	NEW    cov: 125 ft: 484 corp: 56/8330b lim: 333 exec/s: 0 rss: 29Mb L: 333/333 MS: 2 CrossOver-ChangeBinInt-
#2882	REDUCE cov: 125 ft: 484 corp: 56/8306b lim: 333 exec/s: 0 rss: 29Mb L: 77/333 MS: 5 ShuffleBytes-ChangeBinInt-ShuffleBytes-PersAutoDict-EraseBytes- DE: "\001\000\001\000"-
#2907	NEW    cov: 125 ft: 485 corp: 57/8474b lim: 333 exec/s: 0 rss: 29Mb L: 168/333 MS: 5 ChangeByte-ChangeBit-ChangeASCIIInt-EraseBytes-ChangeBinInt-
#2963	NEW    cov: 125 ft: 491 corp: 58/8807b lim: 333 exec/s: 0 rss: 29Mb L: 333/333 MS: 1 ChangeBit-
#3039	REDUCE cov: 125 ft: 491 corp: 58/8804b lim: 333 exec/s: 0 rss: 29Mb L: 42/333 MS: 1 EraseBytes-
#3353	REDUCE cov: 125 ft: 491 corp: 58/8801b lim: 333 exec/s: 0 rss: 29Mb L: 278/333 MS: 4 CopyPart-PersAutoDict-ChangeBit-EraseBytes- DE: "stts"-
#3489	REDUCE cov: 125 ft: 491 corp: 58/8782b lim: 333 exec/s: 0 rss: 29Mb L: 104/333 MS: 1 EraseBytes-
#3533	REDUCE cov: 125 ft: 491 corp: 58/8741b lim: 333 exec/s: 0 rss: 29Mb L: 63/333 MS: 4 CMP-InsertByte-CMP-EraseBytes- DE: "\377\377[\363\300\246t\212"-"\213t\246\300"-
#3599	REDUCE cov: 125 ft: 491 corp: 58/8720b lim: 333 exec/s: 0 rss: 29Mb L: 28/333 MS: 1 EraseBytes-
#3622	REDUCE cov: 125 ft: 492 corp: 59/9011b lim: 333 exec/s: 0 rss: 29Mb L: 291/333 MS: 3 ChangeBit-CMP-PersAutoDict- DE: "\377\377\377\377\377\377\377\016"-"mvex"-
#3659	REDUCE cov: 125 ft: 492 corp: 59/8991b lim: 333 exec/s: 0 rss: 29Mb L: 271/333 MS: 2 CMP-CrossOver- DE: "\004\000\000\000\000\000\000\000"-
#3767	NEW    cov: 125 ft: 493 corp: 60/9298b lim: 333 exec/s: 0 rss: 29Mb L: 307/333 MS: 3 ChangeBit-ChangeASCIIInt-InsertByte-
#3808	NEW    cov: 125 ft: 499 corp: 61/9625b lim: 333 exec/s: 0 rss: 29Mb L: 327/333 MS: 1 CrossOver-
#4020	REDUCE cov: 125 ft: 499 corp: 61/9600b lim: 333 exec/s: 0 rss: 29Mb L: 195/333 MS: 2 EraseBytes-PersAutoDict- DE: "stts"-
#4231	NEW    cov: 125 ft: 500 corp: 62/9828b lim: 333 exec/s: 0 rss: 29Mb L: 228/333 MS: 1 PersAutoDict- DE: "\005\001\000\000\000\000\000\000"-
#4313	REDUCE cov: 125 ft: 500 corp: 62/9790b lim: 333 exec/s: 0 rss: 29Mb L: 295/333 MS: 2 ChangeBinInt-EraseBytes-
#4329	REDUCE cov: 125 ft: 500 corp: 62/9789b lim: 333 exec/s: 0 rss: 29Mb L: 27/333 MS: 1 EraseBytes-
#4437	REDUCE cov: 125 ft: 500 corp: 62/9787b lim: 333 exec/s: 0 rss: 29Mb L: 25/333 MS: 3 ChangeASCIIInt-EraseBytes-CopyPart-
#4559	REDUCE cov: 125 ft: 500 corp: 62/9738b lim: 333 exec/s: 0 rss: 29Mb L: 229/333 MS: 2 PersAutoDict-EraseBytes- DE: "\004\000\000\000\000\000\000\000"-
#4626	REDUCE cov: 125 ft: 500 corp: 62/9737b lim: 333 exec/s: 0 rss: 29Mb L: 9/333 MS: 2 ChangeByte-EraseBytes-
#4667	REDUCE cov: 125 ft: 503 corp: 63/9850b lim: 333 exec/s: 0 rss: 29Mb L: 113/333 MS: 1 EraseBytes-
#4719	REDUCE cov: 125 ft: 503 corp: 63/9846b lim: 333 exec/s: 0 rss: 29Mb L: 191/333 MS: 2 InsertRepeatedBytes-EraseBytes-
#4720	REDUCE cov: 125 ft: 503 corp: 63/9730b lim: 333 exec/s: 0 rss: 29Mb L: 75/333 MS: 1 CrossOver-
#4791	REDUCE cov: 125 ft: 503 corp: 63/9684b lim: 333 exec/s: 0 rss: 29Mb L: 67/333 MS: 1 EraseBytes-
#4808	REDUCE cov: 125 ft: 503 corp: 63/9675b lim: 333 exec/s: 0 rss: 29Mb L: 138/333 MS: 2 ChangeASCIIInt-EraseBytes-
#4831	REDUCE cov: 125 ft: 503 corp: 63/9674b lim: 333 exec/s: 0 rss: 29Mb L: 326/333 MS: 3 ChangeByte-ShuffleBytes-EraseBytes-
#5036	REDUCE cov: 125 ft: 503 corp: 63/9646b lim: 333 exec/s: 0 rss: 29Mb L: 20/333 MS: 5 CopyPart-CMP-CMP-EraseBytes-CrossOver- DE: "\377\377\0006"-"\010\000\000\000"-
#5157	REDUCE cov: 125 ft: 503 corp: 63/9597b lim: 333 exec/s: 0 rss: 29Mb L: 237/333 MS: 1 EraseBytes-
#5185	REDUCE cov: 125 ft: 503 corp: 63/9557b lim: 333 exec/s: 0 rss: 29Mb L: 199/333 MS: 3 PersAutoDict-ChangeASCIIInt-EraseBytes- DE: "mvex"-
#5216	REDUCE cov: 125 ft: 503 corp: 63/9540b lim: 333 exec/s: 0 rss: 29Mb L: 72/333 MS: 1 EraseBytes-
#5277	NEW    cov: 125 ft: 504 corp: 64/9708b lim: 333 exec/s: 0 rss: 29Mb L: 168/333 MS: 1 CopyPart-
#5297	REDUCE cov: 125 ft: 504 corp: 64/9697b lim: 333 exec/s: 0 rss: 29Mb L: 64/333 MS: 5 ChangeBit-ChangeByte-CrossOver-ChangeBit-EraseBytes-
#5542	REDUCE cov: 125 ft: 504 corp: 64/9645b lim: 333 exec/s: 0 rss: 29Mb L: 145/333 MS: 5 ChangeByte-ChangeBinInt-CopyPart-ChangeASCIIInt-EraseBytes-
#5564	REDUCE cov: 125 ft: 504 corp: 64/9644b lim: 333 exec/s: 0 rss: 29Mb L: 13/333 MS: 2 PersAutoDict-EraseBytes- DE: "\230\224\227 ?5\257&"-
#5571	REDUCE cov: 125 ft: 504 corp: 64/9626b lim: 333 exec/s: 0 rss: 29Mb L: 127/333 MS: 2 ChangeByte-EraseBytes-
#5572	REDUCE cov: 125 ft: 504 corp: 64/9625b lim: 333 exec/s: 0 rss: 29Mb L: 12/333 MS: 1 EraseBytes-
#5966	REDUCE cov: 125 ft: 505 corp: 65/9818b lim: 333 exec/s: 0 rss: 29Mb L: 193/333 MS: 4 InsertRepeatedBytes-InsertByte-InsertByte-CMP- DE: "urn "-
#6106	REDUCE cov: 125 ft: 505 corp: 65/9809b lim: 333 exec/s: 0 rss: 29Mb L: 317/333 MS: 5 CrossOver-EraseBytes-CopyPart-ShuffleBytes-CopyPart-
#6347	REDUCE cov: 125 ft: 505 corp: 65/9777b lim: 333 exec/s: 0 rss: 29Mb L: 161/333 MS: 1 EraseBytes-
#6441	REDUCE cov: 125 ft: 505 corp: 65/9767b lim: 333 exec/s: 0 rss: 29Mb L: 62/333 MS: 4 ChangeASCIIInt-ChangeByte-CopyPart-EraseBytes-
#6619	NEW    cov: 126 ft: 506 corp: 66/9987b lim: 333 exec/s: 6619 rss: 29Mb L: 220/333 MS: 2 PersAutoDict-CMP- DE: "urn "-"stts"-
#6836	REDUCE cov: 126 ft: 506 corp: 66/9981b lim: 333 exec/s: 6836 rss: 29Mb L: 17/333 MS: 2 CopyPart-EraseBytes-
#6857	REDUCE cov: 126 ft: 506 corp: 66/9978b lim: 333 exec/s: 6857 rss: 29Mb L: 121/333 MS: 1 EraseBytes-
#6978	REDUCE cov: 126 ft: 506 corp: 66/9965b lim: 333 exec/s: 6978 rss: 29Mb L: 216/333 MS: 1 EraseBytes-
#7261	REDUCE cov: 126 ft: 506 corp: 66/9957b lim: 333 exec/s: 7261 rss: 29Mb L: 9/333 MS: 3 ChangeBinInt-PersAutoDict-EraseBytes- DE: "\024\000\000\000"-
#7479	REDUCE cov: 126 ft: 506 corp: 66/9954b lim: 333 exec/s: 7479 rss: 29Mb L: 64/333 MS: 3 ChangeByte-CopyPart-EraseBytes-
#7632	REDUCE cov: 126 ft: 506 corp: 66/9952b lim: 333 exec/s: 7632 rss: 29Mb L: 331/333 MS: 3 ChangeBinInt-PersAutoDict-EraseBytes- DE: "\001 "-
#7755	NEW    cov: 126 ft: 507 corp: 67/10261b lim: 333 exec/s: 7755 rss: 29Mb L: 309/333 MS: 3 CopyPart-CopyPart-CrossOver-
#7761	REDUCE cov: 126 ft: 507 corp: 67/10252b lim: 333 exec/s: 7761 rss: 29Mb L: 165/333 MS: 1 EraseBytes-
#7844	REDUCE cov: 126 ft: 507 corp: 67/10222b lim: 333 exec/s: 7844 rss: 29Mb L: 131/333 MS: 3 InsertByte-CMP-EraseBytes- DE: "\001\000v\237\244\002\200\010"-
#8288	NEW    cov: 126 ft: 508 corp: 68/10469b lim: 333 exec/s: 8288 rss: 29Mb L: 247/333 MS: 4 ShuffleBytes-CopyPart-ShuffleBytes-ChangeBit-
#8325	REDUCE cov: 126 ft: 508 corp: 68/10439b lim: 333 exec/s: 8325 rss: 29Mb L: 277/333 MS: 2 EraseBytes-CrossOver-
#8583	REDUCE cov: 126 ft: 508 corp: 68/10434b lim: 333 exec/s: 8583 rss: 29Mb L: 73/333 MS: 3 PersAutoDict-ChangeByte-EraseBytes- DE: "\213t\246\300"-
#8921	REDUCE cov: 126 ft: 508 corp: 68/10422b lim: 333 exec/s: 8921 rss: 29Mb L: 119/333 MS: 3 ChangeBinInt-ChangeBinInt-EraseBytes-
#8934	NEW    cov: 127 ft: 510 corp: 69/10476b lim: 333 exec/s: 8934 rss: 29Mb L: 54/333 MS: 3 CMP-InsertByte-CopyPart- DE: "avc1"-
#9005	REDUCE cov: 127 ft: 510 corp: 69/10418b lim: 333 exec/s: 9005 rss: 29Mb L: 61/333 MS: 1 EraseBytes-
#9151	REDUCE cov: 127 ft: 510 corp: 69/10409b lim: 333 exec/s: 9151 rss: 29Mb L: 229/333 MS: 1 CrossOver-
#9283	REDUCE cov: 127 ft: 510 corp: 69/10407b lim: 333 exec/s: 9283 rss: 29Mb L: 62/333 MS: 2 ShuffleBytes-EraseBytes-
#9325	REDUCE cov: 127 ft: 510 corp: 69/10391b lim: 333 exec/s: 9325 rss: 29Mb L: 61/333 MS: 2 ChangeBit-EraseBytes-
#9336	REDUCE cov: 127 ft: 510 corp: 69/10377b lim: 333 exec/s: 9336 rss: 29Mb L: 50/333 MS: 1 EraseBytes-
#9497	REDUCE cov: 127 ft: 510 corp: 69/10367b lim: 333 exec/s: 9497 rss: 29Mb L: 210/333 MS: 1 EraseBytes-
#9520	REDUCE cov: 127 ft: 510 corp: 69/10362b lim: 333 exec/s: 9520 rss: 29Mb L: 326/333 MS: 3 InsertByte-ShuffleBytes-EraseBytes-
#9540	REDUCE cov: 127 ft: 511 corp: 70/10651b lim: 333 exec/s: 9540 rss: 29Mb L: 289/333 MS: 5 ChangeASCIIInt-InsertRepeatedBytes-ChangeBinInt-InsertRepeatedBytes-EraseBytes-
#9543	REDUCE cov: 127 ft: 511 corp: 70/10599b lim: 333 exec/s: 9543 rss: 29Mb L: 219/333 MS: 3 CopyPart-ShuffleBytes-EraseBytes-
#9654	REDUCE cov: 127 ft: 511 corp: 70/10595b lim: 333 exec/s: 9654 rss: 29Mb L: 69/333 MS: 1 EraseBytes-
#9928	REDUCE cov: 127 ft: 511 corp: 70/10594b lim: 333 exec/s: 9928 rss: 29Mb L: 61/333 MS: 4 InsertRepeatedBytes-CopyPart-EraseBytes-InsertByte-
#10347	REDUCE cov: 127 ft: 511 corp: 70/10587b lim: 333 exec/s: 10347 rss: 29Mb L: 288/333 MS: 4 EraseBytes-ChangeByte-ChangeByte-CopyPart-
#10429	REDUCE cov: 127 ft: 511 corp: 70/10576b lim: 333 exec/s: 10429 rss: 29Mb L: 51/333 MS: 2 CopyPart-EraseBytes-
#10561	REDUCE cov: 127 ft: 511 corp: 70/10562b lim: 333 exec/s: 10561 rss: 29Mb L: 40/333 MS: 2 CrossOver-CrossOver-
#10615	REDUCE cov: 127 ft: 511 corp: 70/10546b lim: 333 exec/s: 10615 rss: 29Mb L: 203/333 MS: 4 EraseBytes-ChangeBit-ChangeBit-InsertByte-
#10791	REDUCE cov: 127 ft: 511 corp: 70/10545b lim: 333 exec/s: 10791 rss: 29Mb L: 8/333 MS: 1 EraseBytes-
#10849	REDUCE cov: 127 ft: 511 corp: 70/10517b lim: 333 exec/s: 10849 rss: 29Mb L: 201/333 MS: 3 EraseBytes-EraseBytes-CopyPart-
#10904	REDUCE cov: 127 ft: 512 corp: 71/10844b lim: 333 exec/s: 10904 rss: 29Mb L: 327/333 MS: 5 ChangeBit-CopyPart-ChangeBit-ChangeASCIIInt-InsertByte-
#10921	REDUCE cov: 127 ft: 512 corp: 71/10817b lim: 333 exec/s: 10921 rss: 29Mb L: 176/333 MS: 2 ChangeByte-EraseBytes-
#11158	REDUCE cov: 127 ft: 512 corp: 71/10777b lim: 333 exec/s: 11158 rss: 29Mb L: 255/333 MS: 2 InsertRepeatedBytes-EraseBytes-
#11430	REDUCE cov: 127 ft: 512 corp: 71/10776b lim: 333 exec/s: 11430 rss: 29Mb L: 24/333 MS: 2 ChangeBinInt-EraseBytes-
#11536	REDUCE cov: 127 ft: 512 corp: 71/10760b lim: 333 exec/s: 11536 rss: 29Mb L: 246/333 MS: 1 EraseBytes-
#11729	REDUCE cov: 127 ft: 512 corp: 71/10697b lim: 333 exec/s: 11729 rss: 29Mb L: 192/333 MS: 3 InsertByte-InsertRepeatedBytes-EraseBytes-
#12060	REDUCE cov: 127 ft: 512 corp: 71/10692b lim: 333 exec/s: 12060 rss: 30Mb L: 19/333 MS: 1 EraseBytes-
#12354	REDUCE cov: 127 ft: 512 corp: 71/10689b lim: 333 exec/s: 12354 rss: 30Mb L: 212/333 MS: 4 ShuffleBytes-ShuffleBytes-ChangeBit-EraseBytes-
#13029	REDUCE cov: 127 ft: 512 corp: 71/10688b lim: 333 exec/s: 13029 rss: 30Mb L: 34/333 MS: 5 CMP-EraseBytes-InsertByte-ShuffleBytes-PersAutoDict- DE: "\000\000v\237\244\003\273\255"-"\005\001\000\000\000\000\000\000"-
#13472	NEW    cov: 127 ft: 521 corp: 72/11021b lim: 333 exec/s: 6736 rss: 30Mb L: 333/333 MS: 3 CopyPart-ChangeByte-CMP- DE: "minf"-
#13542	REDUCE cov: 127 ft: 521 corp: 72/11012b lim: 333 exec/s: 6771 rss: 30Mb L: 324/333 MS: 5 ChangeByte-ChangeBinInt-CrossOver-CopyPart-EraseBytes-
#13634	REDUCE cov: 127 ft: 521 corp: 72/11010b lim: 333 exec/s: 6817 rss: 30Mb L: 26/333 MS: 2 ShuffleBytes-EraseBytes-
#13810	REDUCE cov: 127 ft: 521 corp: 72/10983b lim: 333 exec/s: 6905 rss: 30Mb L: 297/333 MS: 1 EraseBytes-
#13858	REDUCE cov: 127 ft: 521 corp: 72/10982b lim: 333 exec/s: 6929 rss: 30Mb L: 168/333 MS: 3 ChangeBinInt-ChangeBit-EraseBytes-
#14058	REDUCE cov: 127 ft: 521 corp: 72/10981b lim: 333 exec/s: 7029 rss: 30Mb L: 41/333 MS: 5 CopyPart-ChangeBinInt-ChangeASCIIInt-InsertByte-EraseBytes-
#14071	REDUCE cov: 127 ft: 521 corp: 72/10978b lim: 333 exec/s: 7035 rss: 30Mb L: 16/333 MS: 3 EraseBytes-InsertByte-InsertByte-
#14129	REDUCE cov: 127 ft: 521 corp: 72/10975b lim: 333 exec/s: 7064 rss: 30Mb L: 110/333 MS: 3 InsertRepeatedBytes-ChangeByte-EraseBytes-
#14327	REDUCE cov: 127 ft: 521 corp: 72/10970b lim: 333 exec/s: 7163 rss: 30Mb L: 122/333 MS: 3 EraseBytes-ChangeASCIIInt-InsertByte-
#14329	REDUCE cov: 127 ft: 521 corp: 72/10958b lim: 333 exec/s: 7164 rss: 30Mb L: 231/333 MS: 2 ChangeBinInt-EraseBytes-
#14585	REDUCE cov: 127 ft: 522 corp: 73/11160b lim: 333 exec/s: 7292 rss: 30Mb L: 202/333 MS: 1 EraseBytes-
#14586	REDUCE cov: 127 ft: 522 corp: 73/11159b lim: 333 exec/s: 7293 rss: 30Mb L: 39/333 MS: 1 EraseBytes-
#14687	REDUCE cov: 127 ft: 522 corp: 73/11137b lim: 333 exec/s: 7343 rss: 30Mb L: 304/333 MS: 1 EraseBytes-
==594739== ERROR: libFuzzer: out-of-memory (used: 1045Mb; limit: 1024Mb)
   To change the out-of-memory limit use -rss_limit_mb=<N>

MS: 2 InsertRepeatedBytes-CrossOver-; base unit: 2a28c0842fed2e443cd87dbf442000f956b6c612
artifact_prefix='/results/crashes/20260313_172911_a600f436_'; Test unit written to /results/crashes/20260313_172911_a600f436_oom-addcf98111ba644a1e38172f7750ea8c950e4e34
SUMMARY: libFuzzer: out-of-memory
stat::number_of_executed_units: 15299
stat::average_exec_per_sec:     5099
stat::new_units_added:          172
stat::slowest_unit_time_sec:    0
stat::peak_rss_mb:              1046
