INFO: Running with entropic power schedule (0xFF, 100).
INFO: Seed: 2882789004
INFO: Loaded 1 modules   (252 inline 8-bit counters): 252 [0x57cb0ddf0678, 0x57cb0ddf0774), 
INFO: Loaded 1 PC tables (252 PCs): 252 [0x57cb0ddf0778,0x57cb0ddf1738), 
INFO:        4 files found in /tmp/corpus_20260313_175146_5543771a
INFO: seed corpus: files: 4 min: 48b max: 333b total: 853b rss: 28Mb
#5	INITED cov: 117 ft: 250 corp: 4/853b exec/s: 0 rss: 29Mb
#7	NEW    cov: 117 ft: 264 corp: 5/1081b lim: 333 exec/s: 0 rss: 29Mb L: 228/333 MS: 2 ChangeBit-CMP- DE: "p?pE\313W\000\000"-
#12	NEW    cov: 117 ft: 267 corp: 6/1251b lim: 333 exec/s: 0 rss: 29Mb L: 170/333 MS: 5 ChangeByte-EraseBytes-CMP-ShuffleBytes-EraseBytes- DE: "\264\000\000\000"-
#16	NEW    cov: 117 ft: 268 corp: 7/1549b lim: 333 exec/s: 0 rss: 29Mb L: 298/333 MS: 4 ChangeBinInt-CMP-CopyPart-ChangeBit- DE: "\377\377\377\037"-
#17	NEW    cov: 117 ft: 277 corp: 8/1719b lim: 333 exec/s: 0 rss: 29Mb L: 170/333 MS: 1 ChangeBit-
#18	NEW    cov: 118 ft: 278 corp: 9/2052b lim: 333 exec/s: 0 rss: 29Mb L: 333/333 MS: 1 CopyPart-
#19	NEW    cov: 118 ft: 279 corp: 10/2100b lim: 333 exec/s: 0 rss: 29Mb L: 48/333 MS: 1 CMP- DE: "mdia"-
#22	NEW    cov: 119 ft: 282 corp: 11/2324b lim: 333 exec/s: 0 rss: 29Mb L: 224/333 MS: 3 ChangeBinInt-ChangeBit-PersAutoDict- DE: "\377\377\377\037"-
#28	NEW    cov: 119 ft: 288 corp: 12/2376b lim: 333 exec/s: 0 rss: 29Mb L: 52/333 MS: 1 CMP- DE: "\377\377\377\031"-
#29	NEW    cov: 119 ft: 293 corp: 13/2612b lim: 333 exec/s: 0 rss: 29Mb L: 236/333 MS: 1 InsertRepeatedBytes-
#31	NEW    cov: 119 ft: 299 corp: 14/2836b lim: 333 exec/s: 0 rss: 29Mb L: 224/333 MS: 2 CopyPart-CopyPart-
#35	NEW    cov: 119 ft: 309 corp: 15/2847b lim: 333 exec/s: 0 rss: 29Mb L: 11/333 MS: 4 ChangeByte-ChangeByte-ChangeBinInt-CrossOver-
#36	NEW    cov: 119 ft: 310 corp: 16/3092b lim: 333 exec/s: 0 rss: 29Mb L: 245/333 MS: 1 InsertRepeatedBytes-
#37	NEW    cov: 119 ft: 311 corp: 17/3313b lim: 333 exec/s: 0 rss: 29Mb L: 221/333 MS: 1 InsertByte-
#40	NEW    cov: 119 ft: 321 corp: 18/3397b lim: 333 exec/s: 0 rss: 29Mb L: 84/333 MS: 3 InsertByte-ChangeByte-InsertRepeatedBytes-
#41	REDUCE cov: 119 ft: 321 corp: 18/3369b lim: 333 exec/s: 0 rss: 29Mb L: 270/333 MS: 1 EraseBytes-
#49	NEW    cov: 119 ft: 327 corp: 19/3508b lim: 333 exec/s: 0 rss: 29Mb L: 139/333 MS: 3 InsertByte-ChangeASCIIInt-EraseBytes-
#51	NEW    cov: 119 ft: 328 corp: 20/3682b lim: 333 exec/s: 0 rss: 29Mb L: 174/333 MS: 2 ShuffleBytes-PersAutoDict- DE: "\377\377\377\031"-
#52	NEW    cov: 119 ft: 346 corp: 21/3731b lim: 333 exec/s: 0 rss: 29Mb L: 49/333 MS: 1 InsertByte-
#64	NEW    cov: 119 ft: 347 corp: 22/3840b lim: 333 exec/s: 0 rss: 29Mb L: 109/333 MS: 2 CrossOver-InsertByte-
#71	NEW    cov: 119 ft: 353 corp: 23/3991b lim: 333 exec/s: 0 rss: 29Mb L: 151/333 MS: 2 ChangeBit-EraseBytes-
#79	NEW    cov: 119 ft: 354 corp: 24/4278b lim: 333 exec/s: 0 rss: 29Mb L: 287/333 MS: 3 InsertByte-PersAutoDict-InsertRepeatedBytes- DE: "mdia"-
#82	NEW    cov: 119 ft: 355 corp: 25/4580b lim: 333 exec/s: 0 rss: 29Mb L: 302/333 MS: 3 ShuffleBytes-CMP-CrossOver- DE: "\001\000\000 "-
#83	NEW    cov: 119 ft: 365 corp: 26/4599b lim: 333 exec/s: 0 rss: 29Mb L: 19/333 MS: 1 InsertRepeatedBytes-
#105	NEW    cov: 120 ft: 366 corp: 27/4931b lim: 333 exec/s: 0 rss: 29Mb L: 332/333 MS: 2 CopyPart-InsertRepeatedBytes-
#108	NEW    cov: 120 ft: 367 corp: 28/5155b lim: 333 exec/s: 0 rss: 29Mb L: 224/333 MS: 3 ChangeBinInt-ChangeBit-ChangeByte-
#109	REDUCE cov: 120 ft: 367 corp: 28/5100b lim: 333 exec/s: 0 rss: 29Mb L: 173/333 MS: 1 EraseBytes-
#118	NEW    cov: 121 ft: 368 corp: 29/5101b lim: 333 exec/s: 0 rss: 29Mb L: 1/333 MS: 4 PersAutoDict-ChangeBinInt-PersAutoDict-CrossOver- DE: "\377\377\377\031"-"p?pE\313W\000\000"-
#128	NEW    cov: 121 ft: 369 corp: 30/5279b lim: 333 exec/s: 0 rss: 29Mb L: 178/333 MS: 5 ChangeBit-InsertByte-InsertRepeatedBytes-EraseBytes-CrossOver-
#134	NEW    cov: 121 ft: 372 corp: 31/5320b lim: 333 exec/s: 0 rss: 29Mb L: 41/333 MS: 1 EraseBytes-
#136	NEW    cov: 121 ft: 373 corp: 32/5514b lim: 333 exec/s: 0 rss: 29Mb L: 194/333 MS: 2 ChangeByte-InsertRepeatedBytes-
#146	NEW    cov: 121 ft: 374 corp: 33/5613b lim: 333 exec/s: 0 rss: 29Mb L: 99/333 MS: 5 ChangeBinInt-InsertByte-ShuffleBytes-ChangeByte-EraseBytes-
#183	REDUCE cov: 121 ft: 374 corp: 33/5593b lim: 333 exec/s: 0 rss: 29Mb L: 313/333 MS: 2 CMP-EraseBytes- DE: "moof"-
#197	NEW    cov: 121 ft: 375 corp: 34/5708b lim: 333 exec/s: 0 rss: 29Mb L: 115/333 MS: 4 CopyPart-ChangeASCIIInt-CrossOver-EraseBytes-
#201	NEW    cov: 121 ft: 381 corp: 35/5842b lim: 333 exec/s: 0 rss: 29Mb L: 134/333 MS: 4 ShuffleBytes-ChangeBinInt-CopyPart-EraseBytes-
#207	NEW    cov: 121 ft: 389 corp: 36/5864b lim: 333 exec/s: 0 rss: 29Mb L: 22/333 MS: 1 CrossOver-
#210	NEW    cov: 121 ft: 392 corp: 37/5884b lim: 333 exec/s: 0 rss: 29Mb L: 20/333 MS: 3 CopyPart-ChangeByte-ChangeByte-
#213	REDUCE cov: 121 ft: 392 corp: 37/5810b lim: 333 exec/s: 0 rss: 29Mb L: 196/333 MS: 3 InsertByte-EraseBytes-CrossOver-
#216	NEW    cov: 121 ft: 393 corp: 38/5908b lim: 333 exec/s: 0 rss: 29Mb L: 98/333 MS: 3 EraseBytes-ChangeByte-EraseBytes-
#222	REDUCE cov: 121 ft: 393 corp: 38/5860b lim: 333 exec/s: 0 rss: 29Mb L: 265/333 MS: 1 EraseBytes-
#228	NEW    cov: 121 ft: 394 corp: 39/6156b lim: 333 exec/s: 0 rss: 29Mb L: 296/333 MS: 1 CopyPart-
#230	NEW    cov: 121 ft: 420 corp: 40/6294b lim: 333 exec/s: 0 rss: 29Mb L: 138/333 MS: 2 InsertRepeatedBytes-ChangeByte-
#251	NEW    cov: 121 ft: 421 corp: 41/6344b lim: 333 exec/s: 0 rss: 29Mb L: 50/333 MS: 1 CMP- DE: "\374\000"-
#256	NEW    cov: 121 ft: 422 corp: 42/6458b lim: 333 exec/s: 0 rss: 29Mb L: 114/333 MS: 5 PersAutoDict-PersAutoDict-PersAutoDict-InsertByte-ShuffleBytes- DE: "\377\377\377\037"-"mdia"-"\377\377\377\031"-
#269	NEW    cov: 121 ft: 423 corp: 43/6612b lim: 333 exec/s: 0 rss: 29Mb L: 154/333 MS: 3 EraseBytes-ChangeBinInt-CrossOver-
#310	NEW    cov: 121 ft: 433 corp: 44/6641b lim: 333 exec/s: 0 rss: 29Mb L: 29/333 MS: 1 EraseBytes-
#338	REDUCE cov: 121 ft: 433 corp: 44/6637b lim: 333 exec/s: 0 rss: 29Mb L: 232/333 MS: 3 ChangeBit-ChangeBit-EraseBytes-
#345	REDUCE cov: 121 ft: 433 corp: 44/6600b lim: 333 exec/s: 0 rss: 29Mb L: 159/333 MS: 2 ChangeBinInt-EraseBytes-
#357	REDUCE cov: 121 ft: 433 corp: 44/6591b lim: 333 exec/s: 0 rss: 29Mb L: 161/333 MS: 2 CrossOver-EraseBytes-
#434	REDUCE cov: 121 ft: 433 corp: 44/6574b lim: 333 exec/s: 0 rss: 29Mb L: 31/333 MS: 2 CrossOver-EraseBytes-
#471	NEW    cov: 121 ft: 442 corp: 45/6682b lim: 333 exec/s: 0 rss: 29Mb L: 108/333 MS: 2 CMP-EraseBytes- DE: "hdlr"-
#519	NEW    cov: 121 ft: 447 corp: 46/6983b lim: 333 exec/s: 0 rss: 29Mb L: 301/333 MS: 3 CopyPart-ChangeBit-CopyPart-
#521	REDUCE cov: 121 ft: 447 corp: 46/6798b lim: 333 exec/s: 0 rss: 29Mb L: 116/333 MS: 2 ChangeBinInt-CrossOver-
#637	REDUCE cov: 121 ft: 447 corp: 46/6796b lim: 333 exec/s: 0 rss: 29Mb L: 9/333 MS: 1 EraseBytes-
#640	NEW    cov: 121 ft: 448 corp: 47/6846b lim: 333 exec/s: 0 rss: 29Mb L: 50/333 MS: 3 ChangeBinInt-ChangeBit-InsertByte-
#646	NEW    cov: 121 ft: 449 corp: 48/7070b lim: 333 exec/s: 0 rss: 29Mb L: 224/333 MS: 1 CopyPart-
#648	REDUCE cov: 121 ft: 449 corp: 48/7025b lim: 333 exec/s: 0 rss: 29Mb L: 116/333 MS: 2 InsertRepeatedBytes-EraseBytes-
#656	NEW    cov: 121 ft: 457 corp: 49/7352b lim: 333 exec/s: 0 rss: 29Mb L: 327/333 MS: 3 InsertRepeatedBytes-EraseBytes-InsertRepeatedBytes-
#660	REDUCE cov: 121 ft: 457 corp: 49/7294b lim: 333 exec/s: 0 rss: 29Mb L: 93/333 MS: 4 ChangeBit-ChangeASCIIInt-ChangeBinInt-EraseBytes-
#678	NEW    cov: 122 ft: 458 corp: 50/7548b lim: 333 exec/s: 0 rss: 29Mb L: 254/333 MS: 3 ShuffleBytes-ShuffleBytes-CrossOver-
#744	REDUCE cov: 122 ft: 458 corp: 50/7546b lim: 333 exec/s: 0 rss: 29Mb L: 17/333 MS: 1 EraseBytes-
#805	REDUCE cov: 122 ft: 458 corp: 50/7543b lim: 333 exec/s: 0 rss: 29Mb L: 49/333 MS: 1 EraseBytes-
#820	REDUCE cov: 122 ft: 458 corp: 50/7529b lim: 333 exec/s: 0 rss: 29Mb L: 145/333 MS: 5 ChangeBinInt-ChangeBinInt-InsertRepeatedBytes-ShuffleBytes-EraseBytes-
#857	REDUCE cov: 122 ft: 464 corp: 51/7798b lim: 333 exec/s: 0 rss: 29Mb L: 269/333 MS: 2 CopyPart-CMP- DE: "\377\377\377\001"-
#875	REDUCE cov: 122 ft: 464 corp: 51/7787b lim: 333 exec/s: 0 rss: 29Mb L: 276/333 MS: 3 ShuffleBytes-InsertRepeatedBytes-EraseBytes-
#1017	REDUCE cov: 122 ft: 464 corp: 51/7735b lim: 333 exec/s: 0 rss: 29Mb L: 280/333 MS: 2 EraseBytes-CrossOver-
#1026	REDUCE cov: 122 ft: 465 corp: 52/7768b lim: 333 exec/s: 0 rss: 29Mb L: 33/333 MS: 4 InsertByte-PersAutoDict-ChangeByte-InsertByte- DE: "moof"-
#1050	REDUCE cov: 122 ft: 465 corp: 52/7730b lim: 333 exec/s: 0 rss: 29Mb L: 227/333 MS: 4 EraseBytes-ShuffleBytes-ChangeBit-PersAutoDict- DE: "\264\000\000\000"-
#1064	REDUCE cov: 122 ft: 465 corp: 52/7728b lim: 333 exec/s: 0 rss: 29Mb L: 143/333 MS: 4 ChangeBit-ChangeBinInt-EraseBytes-CrossOver-
#1072	NEW    cov: 122 ft: 466 corp: 53/7739b lim: 333 exec/s: 0 rss: 29Mb L: 11/333 MS: 3 EraseBytes-InsertByte-CrossOver-
#1089	REDUCE cov: 122 ft: 467 corp: 54/7912b lim: 333 exec/s: 0 rss: 29Mb L: 173/333 MS: 2 ChangeBit-ChangeBinInt-
#1134	REDUCE cov: 122 ft: 467 corp: 54/7908b lim: 333 exec/s: 0 rss: 29Mb L: 104/333 MS: 5 ShuffleBytes-ChangeBinInt-InsertRepeatedBytes-PersAutoDict-EraseBytes- DE: "\264\000\000\000"-
#1155	NEW    cov: 122 ft: 468 corp: 55/8164b lim: 333 exec/s: 0 rss: 29Mb L: 256/333 MS: 1 PersAutoDict- DE: "\001\000\000 "-
#1222	REDUCE cov: 122 ft: 468 corp: 55/8141b lim: 333 exec/s: 0 rss: 29Mb L: 116/333 MS: 2 CMP-EraseBytes- DE: "\001\000W\313\015\274cJ"-
#1236	REDUCE cov: 122 ft: 468 corp: 55/8139b lim: 333 exec/s: 0 rss: 29Mb L: 141/333 MS: 4 CMP-CMP-ChangeBit-EraseBytes- DE: "\323\367nE\313W\000\000"-"\001\000s@\264\0003\300"-
#1273	REDUCE cov: 122 ft: 468 corp: 55/8118b lim: 333 exec/s: 0 rss: 29Mb L: 203/333 MS: 2 CrossOver-EraseBytes-
#1353	REDUCE cov: 122 ft: 468 corp: 55/8116b lim: 333 exec/s: 0 rss: 29Mb L: 132/333 MS: 5 ChangeBinInt-CopyPart-PersAutoDict-CrossOver-EraseBytes- DE: "\374\000"-
#1363	REDUCE cov: 122 ft: 468 corp: 55/8115b lim: 333 exec/s: 0 rss: 29Mb L: 177/333 MS: 5 InsertRepeatedBytes-ShuffleBytes-ChangeBit-ChangeBit-EraseBytes-
#1487	REDUCE cov: 122 ft: 469 corp: 56/8442b lim: 333 exec/s: 0 rss: 29Mb L: 327/333 MS: 4 ChangeBinInt-ChangeByte-CopyPart-InsertRepeatedBytes-
#1601	NEW    cov: 122 ft: 475 corp: 57/8745b lim: 333 exec/s: 0 rss: 29Mb L: 303/333 MS: 4 ChangeByte-CopyPart-InsertRepeatedBytes-InsertRepeatedBytes-
#1904	REDUCE cov: 122 ft: 475 corp: 57/8737b lim: 333 exec/s: 0 rss: 29Mb L: 14/333 MS: 3 EraseBytes-EraseBytes-PersAutoDict- DE: "moof"-
#1960	REDUCE cov: 122 ft: 475 corp: 57/8733b lim: 333 exec/s: 0 rss: 29Mb L: 27/333 MS: 1 EraseBytes-
#2144	REDUCE cov: 122 ft: 475 corp: 57/8715b lim: 333 exec/s: 0 rss: 29Mb L: 309/333 MS: 4 ChangeBinInt-EraseBytes-CopyPart-CrossOver-
#2200	REDUCE cov: 122 ft: 475 corp: 57/8712b lim: 333 exec/s: 0 rss: 29Mb L: 95/333 MS: 1 EraseBytes-
#2220	REDUCE cov: 122 ft: 475 corp: 57/8705b lim: 333 exec/s: 0 rss: 29Mb L: 217/333 MS: 5 EraseBytes-PersAutoDict-CMP-PersAutoDict-InsertRepeatedBytes- DE: "mdia"-"\000\000\000\017"-"\377\377\377\037"-
#2234	REDUCE cov: 122 ft: 475 corp: 57/8702b lim: 333 exec/s: 0 rss: 29Mb L: 17/333 MS: 4 EraseBytes-PersAutoDict-ChangeByte-InsertByte- DE: "\323\367nE\313W\000\000"-
#2282	NEW    cov: 122 ft: 476 corp: 58/9022b lim: 333 exec/s: 0 rss: 29Mb L: 320/333 MS: 3 CopyPart-ChangeASCIIInt-ChangeBit-
#2349	REDUCE cov: 122 ft: 476 corp: 58/9014b lim: 333 exec/s: 0 rss: 29Mb L: 108/333 MS: 2 PersAutoDict-EraseBytes- DE: "p?pE\313W\000\000"-
#2441	NEW    cov: 122 ft: 485 corp: 59/9245b lim: 333 exec/s: 0 rss: 29Mb L: 231/333 MS: 2 ShuffleBytes-CrossOver-
#2613	NEW    cov: 122 ft: 486 corp: 60/9466b lim: 333 exec/s: 0 rss: 29Mb L: 221/333 MS: 2 ChangeBinInt-InsertByte-
#2629	REDUCE cov: 122 ft: 486 corp: 60/9442b lim: 333 exec/s: 0 rss: 29Mb L: 80/333 MS: 1 EraseBytes-
#2776	REDUCE cov: 122 ft: 487 corp: 61/9450b lim: 333 exec/s: 0 rss: 29Mb L: 8/333 MS: 2 InsertByte-EraseBytes-
#2822	REDUCE cov: 122 ft: 487 corp: 61/9424b lim: 333 exec/s: 0 rss: 29Mb L: 90/333 MS: 1 EraseBytes-
#2901	REDUCE cov: 122 ft: 487 corp: 61/9412b lim: 333 exec/s: 0 rss: 29Mb L: 15/333 MS: 4 ShuffleBytes-CrossOver-ChangeBinInt-EraseBytes-
#2962	REDUCE cov: 122 ft: 487 corp: 61/9410b lim: 333 exec/s: 0 rss: 29Mb L: 243/333 MS: 1 EraseBytes-
#3081	REDUCE cov: 122 ft: 487 corp: 61/9379b lim: 333 exec/s: 0 rss: 29Mb L: 196/333 MS: 4 ChangeByte-ChangeBinInt-InsertRepeatedBytes-CrossOver-
#3102	REDUCE cov: 122 ft: 487 corp: 61/9378b lim: 333 exec/s: 0 rss: 29Mb L: 14/333 MS: 1 EraseBytes-
#3132	REDUCE cov: 122 ft: 487 corp: 61/9348b lim: 333 exec/s: 0 rss: 29Mb L: 266/333 MS: 5 CrossOver-ChangeBinInt-CMP-ShuffleBytes-EraseBytes- DE: "\377\377\377\377\377\377\377\003"-
#3181	REDUCE cov: 122 ft: 487 corp: 61/9338b lim: 333 exec/s: 0 rss: 29Mb L: 99/333 MS: 4 CrossOver-InsertByte-CrossOver-EraseBytes-
#3257	REDUCE cov: 122 ft: 487 corp: 61/9329b lim: 333 exec/s: 0 rss: 29Mb L: 215/333 MS: 1 EraseBytes-
#3272	REDUCE cov: 122 ft: 487 corp: 61/9328b lim: 333 exec/s: 0 rss: 29Mb L: 113/333 MS: 5 CMP-CopyPart-InsertRepeatedBytes-InsertByte-EraseBytes- DE: "\000\000\000\000"-
#3479	REDUCE cov: 122 ft: 487 corp: 61/9326b lim: 333 exec/s: 0 rss: 29Mb L: 12/333 MS: 2 PersAutoDict-EraseBytes- DE: "\001\000s@\264\0003\300"-
#3645	REDUCE cov: 122 ft: 487 corp: 61/9322b lim: 333 exec/s: 0 rss: 29Mb L: 86/333 MS: 1 EraseBytes-
#3736	REDUCE cov: 122 ft: 487 corp: 61/9304b lim: 333 exec/s: 0 rss: 29Mb L: 248/333 MS: 1 CrossOver-
#3817	REDUCE cov: 122 ft: 487 corp: 61/9269b lim: 333 exec/s: 0 rss: 29Mb L: 186/333 MS: 1 EraseBytes-
#4118	REDUCE cov: 122 ft: 487 corp: 61/9265b lim: 333 exec/s: 0 rss: 29Mb L: 25/333 MS: 1 EraseBytes-
#4225	REDUCE cov: 122 ft: 487 corp: 61/9264b lim: 333 exec/s: 0 rss: 29Mb L: 13/333 MS: 2 InsertByte-EraseBytes-
#4800	REDUCE cov: 122 ft: 487 corp: 61/9247b lim: 333 exec/s: 0 rss: 29Mb L: 292/333 MS: 5 EraseBytes-ShuffleBytes-ChangeByte-ChangeBinInt-InsertRepeatedBytes-
#4908	NEW    cov: 122 ft: 496 corp: 62/9498b lim: 333 exec/s: 0 rss: 29Mb L: 251/333 MS: 3 InsertRepeatedBytes-InsertByte-CMP- DE: "sinf"-
#4957	REDUCE cov: 122 ft: 496 corp: 62/9468b lim: 333 exec/s: 0 rss: 29Mb L: 86/333 MS: 4 ChangeBinInt-CopyPart-ChangeByte-EraseBytes-
#4990	REDUCE cov: 122 ft: 496 corp: 62/9312b lim: 333 exec/s: 0 rss: 29Mb L: 17/333 MS: 3 PersAutoDict-ChangeBit-CrossOver- DE: "sinf"-
#5213	NEW    cov: 122 ft: 497 corp: 63/9564b lim: 333 exec/s: 0 rss: 29Mb L: 252/333 MS: 3 InsertByte-ShuffleBytes-PersAutoDict- DE: "hdlr"-
#5316	REDUCE cov: 122 ft: 497 corp: 63/9535b lim: 333 exec/s: 0 rss: 29Mb L: 79/333 MS: 3 ShuffleBytes-PersAutoDict-EraseBytes- DE: "\001\000W\313\015\274cJ"-
#5419	REDUCE cov: 122 ft: 497 corp: 63/9519b lim: 333 exec/s: 0 rss: 29Mb L: 64/333 MS: 3 EraseBytes-ShuffleBytes-EraseBytes-
#5432	REDUCE cov: 122 ft: 497 corp: 63/9501b lim: 333 exec/s: 0 rss: 29Mb L: 61/333 MS: 3 ChangeByte-InsertByte-EraseBytes-
#5518	REDUCE cov: 122 ft: 497 corp: 63/9499b lim: 333 exec/s: 0 rss: 29Mb L: 219/333 MS: 1 EraseBytes-
#5693	REDUCE cov: 122 ft: 500 corp: 64/9762b lim: 333 exec/s: 0 rss: 29Mb L: 263/333 MS: 5 CrossOver-CopyPart-InsertRepeatedBytes-ChangeBit-EraseBytes-
#5713	NEW    cov: 122 ft: 501 corp: 65/10026b lim: 333 exec/s: 0 rss: 29Mb L: 264/333 MS: 5 ChangeBinInt-CMP-CrossOver-CopyPart-EraseBytes- DE: "\001\000s@\264\004kR"-
#5779	REDUCE cov: 122 ft: 501 corp: 65/10014b lim: 333 exec/s: 0 rss: 29Mb L: 240/333 MS: 1 EraseBytes-
#5903	REDUCE cov: 122 ft: 502 corp: 66/10331b lim: 333 exec/s: 0 rss: 29Mb L: 317/333 MS: 4 CMP-CrossOver-CopyPart-CopyPart- DE: "oH\004\264@s\000\000"-
#6027	NEW    cov: 122 ft: 503 corp: 67/10646b lim: 333 exec/s: 0 rss: 29Mb L: 315/333 MS: 4 CrossOver-CMP-ChangeBit-PersAutoDict- DE: "\002\000\000\000\001\000\000\000"-"\000\000\000\017"-
#6424	REDUCE cov: 122 ft: 503 corp: 67/10635b lim: 333 exec/s: 6424 rss: 29Mb L: 206/333 MS: 2 ChangeByte-EraseBytes-
#6454	REDUCE cov: 122 ft: 503 corp: 67/10626b lim: 333 exec/s: 6454 rss: 29Mb L: 185/333 MS: 4 ChangeASCIIInt-EraseBytes-ShuffleBytes-InsertByte-
#6577	REDUCE cov: 122 ft: 503 corp: 67/10620b lim: 333 exec/s: 6577 rss: 29Mb L: 257/333 MS: 3 ShuffleBytes-ShuffleBytes-EraseBytes-
#6595	REDUCE cov: 122 ft: 503 corp: 67/10597b lim: 333 exec/s: 6595 rss: 29Mb L: 269/333 MS: 3 ChangeBit-EraseBytes-PersAutoDict- DE: "\323\367nE\313W\000\000"-
#6855	REDUCE cov: 122 ft: 503 corp: 67/10595b lim: 333 exec/s: 6855 rss: 29Mb L: 11/333 MS: 5 InsertByte-CMP-InsertByte-ChangeBinInt-EraseBytes- DE: "\377\377\377\000"-
#6936	NEW    cov: 122 ft: 504 corp: 68/10860b lim: 333 exec/s: 6936 rss: 29Mb L: 265/333 MS: 1 InsertByte-
#6942	REDUCE cov: 122 ft: 504 corp: 68/10804b lim: 333 exec/s: 6942 rss: 29Mb L: 76/333 MS: 1 EraseBytes-
#6963	REDUCE cov: 122 ft: 504 corp: 68/10782b lim: 333 exec/s: 6963 rss: 29Mb L: 229/333 MS: 1 CrossOver-
#7019	REDUCE cov: 122 ft: 504 corp: 68/10772b lim: 333 exec/s: 7019 rss: 29Mb L: 144/333 MS: 1 EraseBytes-
#7063	REDUCE cov: 122 ft: 504 corp: 68/10764b lim: 333 exec/s: 7063 rss: 29Mb L: 312/333 MS: 4 EraseBytes-ChangeBinInt-ChangeByte-CrossOver-
#7095	REDUCE cov: 122 ft: 504 corp: 68/10754b lim: 333 exec/s: 7095 rss: 29Mb L: 76/333 MS: 2 ChangeBinInt-EraseBytes-
#7391	REDUCE cov: 122 ft: 504 corp: 68/10740b lim: 333 exec/s: 7391 rss: 29Mb L: 62/333 MS: 1 EraseBytes-
#7623	REDUCE cov: 122 ft: 504 corp: 68/10722b lim: 333 exec/s: 7623 rss: 29Mb L: 251/333 MS: 2 InsertRepeatedBytes-EraseBytes-
#7627	REDUCE cov: 122 ft: 504 corp: 68/10720b lim: 333 exec/s: 7627 rss: 29Mb L: 10/333 MS: 4 EraseBytes-CopyPart-ChangeByte-CopyPart-
#7774	REDUCE cov: 122 ft: 504 corp: 68/10657b lim: 333 exec/s: 7774 rss: 29Mb L: 194/333 MS: 2 ChangeBinInt-EraseBytes-
#8030	REDUCE cov: 122 ft: 504 corp: 68/10621b lim: 333 exec/s: 8030 rss: 29Mb L: 158/333 MS: 1 EraseBytes-
#8302	REDUCE cov: 122 ft: 504 corp: 68/10598b lim: 333 exec/s: 8302 rss: 29Mb L: 26/333 MS: 2 InsertByte-EraseBytes-
#8363	REDUCE cov: 122 ft: 504 corp: 68/10582b lim: 333 exec/s: 8363 rss: 29Mb L: 45/333 MS: 1 EraseBytes-
#8460	REDUCE cov: 122 ft: 504 corp: 68/10525b lim: 333 exec/s: 8460 rss: 29Mb L: 139/333 MS: 2 PersAutoDict-EraseBytes- DE: "\001\000s@\264\004kR"-
==665340== ERROR: libFuzzer: out-of-memory (used: 1093Mb; limit: 1024Mb)
   To change the out-of-memory limit use -rss_limit_mb=<N>

MS: 5 CrossOver-ShuffleBytes-EraseBytes-ChangeBinInt-CMP- DE: "\001\000s@\264\006\025\306"-; base unit: 135e4e2c1f178733373668378728b6fb2c1086e8
0x0,0x0,0x0,0x18,0x66,0x74,0x79,0x70,0x0,0x0,0x0,0x0,0x3,0xe8,0x0,0x0,0xe,0xc,0x0,0x0,0x0,0x0,0x0,0x0,0x0,0x0,0x0,0x1,0x0,0x0,0x80,0x0,0x0,0x0,0x0,0x1,0x0,0x73,0x40,0xb4,0x6,0x15,0xc6,0x0,0x0,0x0,0x0,0x0,0x0,0x0,0xd5,0xd5,0xd5,0xd5,0xd5,0xd5,0xd5,0xd5,0xd5,0xd5,0xd5,0xd5,0xd5,0xd5,0xd5,0xd5,0xd5,0xd5,0xd5,0xd5,0xd5,0xd5,0xd5,0xd5,0xd5,0xd5,0xd5,0xd5,0xd5,0xd5,0xd5,0x0,0x0,0x0,0x1c,0x66,0x74,0x79,0x70,0x4d,0x34,0x56,0x20,0xf9,0x0,0x0,0x0,0x4d,0x34,0x70,0x34,0xcf,0xff,0xde,0x0,0x0,0x0,0x0,0x0,0x0,0x0,0x0,0x0,0x0,0x0,0x0,0x0,0x0,0x0,0x0,0x0,0x0,0x0,0x0,0x0,0x0,0xa9,0x6e,0x61,0x6d,0x0,0x0,0x0,0x1a,0x64,0x61,0x74,0x0,0x0,0xf,0x0,0x0,0x0,0x0,0x18,0x66,0x74,0x79,0x70,0x69,0x73,0x6f,0x6d,0x0,0x0,0x0,0x0,0x69,0x73,0x6f,0x6d,0x6d,0x70,0x34,0x31,0x0,0x0,0x1,0x35,0x6d,0x6f,0x6f,0x76,0x0,0x0,0x58,0x6b,0x0,0x0,0x0,0x61,0x0,0x0,0x0,0x0,0x0,0x0,0x0,0x0,0x0,0x56,0x69,0x64,0x65,0x6f,0x48,0x61,0x6e,0x0,0x0,0x0,0x64,0x6c,0x65,0x72,0x0,0x0,0x0,0x0,0x0,0x0,0x0,0x61,0x0,0x0,0x0,0x1,0x0,0x0,0x0,
\000\000\000\030ftyp\000\000\000\000\003\350\000\000\016\014\000\000\000\000\000\000\000\000\000\001\000\000\200\000\000\000\000\001\000s@\264\006\025\306\000\000\000\000\000\000\000\325\325\325\325\325\325\325\325\325\325\325\325\325\325\325\325\325\325\325\325\325\325\325\325\325\325\325\325\325\325\325\000\000\000\034ftypM4V \371\000\000\000M4p4\317\377\336\000\000\000\000\000\000\000\000\000\000\000\000\000\000\000\000\000\000\000\000\000\000\251nam\000\000\000\032dat\000\000\017\000\000\000\000\030ftypisom\000\000\000\000isommp41\000\000\0015moov\000\000Xk\000\000\000a\000\000\000\000\000\000\000\000\000VideoHan\000\000\000dler\000\000\000\000\000\000\000a\000\000\000\001\000\000\000
artifact_prefix='/results/crashes/20260313_175146_5543771a_'; Test unit written to /results/crashes/20260313_175146_5543771a_oom-362ff5451200cf56c94102a98ddd9c532e7b7585
Base64: AAAAGGZ0eXAAAAAAA+gAAA4MAAAAAAAAAAAAAQAAgAAAAAABAHNAtAYVxgAAAAAAAADV1dXV1dXV1dXV1dXV1dXV1dXV1dXV1dXV1dXV1dXVAAAAHGZ0eXBNNFYg+QAAAE00cDTP/94AAAAAAAAAAAAAAAAAAAAAAAAAAAAAqW5hbQAAABpkYXQAAA8AAAAAGGZ0eXBpc29tAAAAAGlzb21tcDQxAAABNW1vb3YAAFhrAAAAYQAAAAAAAAAAAFZpZGVvSGFuAAAAZGxlcgAAAAAAAABhAAAAAQAAAA==
SUMMARY: libFuzzer: out-of-memory
stat::number_of_executed_units: 8560
stat::average_exec_per_sec:     4280
stat::new_units_added:          139
stat::slowest_unit_time_sec:    0
stat::peak_rss_mb:              1095
