INFO: Running with entropic power schedule (0xFF, 100).
INFO: Seed: 2676811856
INFO: Loaded 1 modules   (252 inline 8-bit counters): 252 [0x55dbe422e678, 0x55dbe422e774), 
INFO: Loaded 1 PC tables (252 PCs): 252 [0x55dbe422e778,0x55dbe422f738), 
INFO:        4 files found in /tmp/corpus_20260313_153619_abf3b8e1
INFO: seed corpus: files: 4 min: 48b max: 333b total: 853b rss: 28Mb
#5	INITED cov: 118 ft: 251 corp: 4/853b exec/s: 0 rss: 29Mb
#6	NEW    cov: 118 ft: 265 corp: 5/1081b lim: 333 exec/s: 0 rss: 29Mb L: 228/333 MS: 1 CMP- DE: "\021\000\000\000\000\000\000\000"-
#8	NEW    cov: 118 ft: 268 corp: 6/1126b lim: 333 exec/s: 0 rss: 29Mb L: 45/333 MS: 2 ChangeASCIIInt-CrossOver-
#9	NEW    cov: 118 ft: 277 corp: 7/1371b lim: 333 exec/s: 0 rss: 29Mb L: 245/333 MS: 1 CrossOver-
#13	NEW    cov: 118 ft: 278 corp: 8/1610b lim: 333 exec/s: 0 rss: 29Mb L: 239/333 MS: 4 CopyPart-InsertByte-ShuffleBytes-CrossOver-
#14	NEW    cov: 120 ft: 282 corp: 9/1859b lim: 333 exec/s: 0 rss: 29Mb L: 249/333 MS: 1 EraseBytes-
#16	NEW    cov: 120 ft: 296 corp: 10/2114b lim: 333 exec/s: 0 rss: 29Mb L: 255/333 MS: 2 ChangeBit-CrossOver-
#17	REDUCE cov: 120 ft: 296 corp: 10/2075b lim: 333 exec/s: 0 rss: 29Mb L: 200/333 MS: 1 EraseBytes-
#19	NEW    cov: 121 ft: 298 corp: 11/2370b lim: 333 exec/s: 0 rss: 29Mb L: 295/333 MS: 2 ChangeByte-CopyPart-
#21	NEW    cov: 121 ft: 327 corp: 12/2415b lim: 333 exec/s: 0 rss: 29Mb L: 45/333 MS: 2 PersAutoDict-CopyPart- DE: "\021\000\000\000\000\000\000\000"-
#22	NEW    cov: 121 ft: 337 corp: 13/2503b lim: 333 exec/s: 0 rss: 29Mb L: 88/333 MS: 1 CopyPart-
#23	NEW    cov: 121 ft: 342 corp: 14/2553b lim: 333 exec/s: 0 rss: 29Mb L: 50/333 MS: 1 CopyPart-
#24	NEW    cov: 121 ft: 344 corp: 15/2802b lim: 333 exec/s: 0 rss: 29Mb L: 249/333 MS: 1 CMP- DE: "\001\000\000\022"-
#28	NEW    cov: 121 ft: 345 corp: 16/3117b lim: 333 exec/s: 0 rss: 29Mb L: 315/333 MS: 4 PersAutoDict-ChangeBinInt-CMP-CrossOver- DE: "\021\000\000\000\000\000\000\000"-"\000\000\000\022"-
#37	REDUCE cov: 121 ft: 355 corp: 17/3233b lim: 333 exec/s: 0 rss: 29Mb L: 116/333 MS: 4 CrossOver-CMP-ChangeByte-EraseBytes- DE: "\031\000"-
#42	NEW    cov: 121 ft: 356 corp: 18/3286b lim: 333 exec/s: 0 rss: 29Mb L: 53/333 MS: 5 InsertByte-ChangeByte-CMP-ShuffleBytes-EraseBytes- DE: "\037\272\020\375\333U\000\000"-
#48	NEW    cov: 121 ft: 358 corp: 19/3378b lim: 333 exec/s: 0 rss: 29Mb L: 92/333 MS: 1 CopyPart-
#62	NEW    cov: 121 ft: 359 corp: 20/3688b lim: 333 exec/s: 0 rss: 29Mb L: 310/333 MS: 4 ChangeBinInt-ChangeBit-PersAutoDict-InsertRepeatedBytes- DE: "\031\000"-
#65	NEW    cov: 121 ft: 361 corp: 21/3928b lim: 333 exec/s: 0 rss: 29Mb L: 240/333 MS: 3 CMP-CMP-CMP- DE: "\001\000\367\000"-"5osi"-"\004\000\000\000\001\000\000\000"-
#73	NEW    cov: 122 ft: 362 corp: 22/4261b lim: 333 exec/s: 0 rss: 29Mb L: 333/333 MS: 3 CopyPart-ShuffleBytes-CrossOver-
#75	NEW    cov: 122 ft: 363 corp: 23/4384b lim: 333 exec/s: 0 rss: 29Mb L: 123/333 MS: 2 ChangeByte-InsertRepeatedBytes-
#76	NEW    cov: 122 ft: 374 corp: 24/4437b lim: 333 exec/s: 0 rss: 29Mb L: 53/333 MS: 1 CrossOver-
#79	NEW    cov: 122 ft: 376 corp: 25/4636b lim: 333 exec/s: 0 rss: 29Mb L: 199/333 MS: 3 CrossOver-EraseBytes-CrossOver-
#89	NEW    cov: 122 ft: 377 corp: 26/4880b lim: 333 exec/s: 0 rss: 29Mb L: 244/333 MS: 5 ChangeByte-InsertRepeatedBytes-ChangeByte-ChangeASCIIInt-CrossOver-
#92	NEW    cov: 122 ft: 378 corp: 27/4934b lim: 333 exec/s: 0 rss: 29Mb L: 54/333 MS: 3 ShuffleBytes-InsertByte-ChangeByte-
#120	NEW    cov: 122 ft: 379 corp: 28/5214b lim: 333 exec/s: 0 rss: 29Mb L: 280/333 MS: 3 PersAutoDict-ShuffleBytes-InsertRepeatedBytes- DE: "\021\000\000\000\000\000\000\000"-
#121	REDUCE cov: 122 ft: 379 corp: 28/5173b lim: 333 exec/s: 0 rss: 29Mb L: 239/333 MS: 1 EraseBytes-
#126	REDUCE cov: 122 ft: 380 corp: 29/5384b lim: 333 exec/s: 0 rss: 29Mb L: 211/333 MS: 5 ChangeByte-InsertByte-InsertByte-ChangeBit-EraseBytes-
#134	NEW    cov: 122 ft: 381 corp: 30/5705b lim: 333 exec/s: 0 rss: 29Mb L: 321/333 MS: 3 ShuffleBytes-ChangeByte-InsertRepeatedBytes-
#142	NEW    cov: 122 ft: 382 corp: 31/5779b lim: 333 exec/s: 0 rss: 29Mb L: 74/333 MS: 3 ShuffleBytes-CopyPart-InsertByte-
#154	REDUCE cov: 122 ft: 382 corp: 31/5757b lim: 333 exec/s: 0 rss: 29Mb L: 227/333 MS: 2 PersAutoDict-EraseBytes- DE: "\031\000"-
#162	NEW    cov: 122 ft: 383 corp: 32/5802b lim: 333 exec/s: 0 rss: 29Mb L: 45/333 MS: 3 PersAutoDict-ShuffleBytes-ShuffleBytes- DE: "\001\000\367\000"-
#167	REDUCE cov: 122 ft: 383 corp: 32/5783b lim: 333 exec/s: 0 rss: 29Mb L: 181/333 MS: 5 ChangeByte-ChangeASCIIInt-ChangeByte-ChangeBinInt-EraseBytes-
#173	NEW    cov: 122 ft: 384 corp: 33/6002b lim: 333 exec/s: 0 rss: 29Mb L: 219/333 MS: 1 PersAutoDict- DE: "\004\000\000\000\001\000\000\000"-
#178	NEW    cov: 122 ft: 385 corp: 34/6052b lim: 333 exec/s: 0 rss: 29Mb L: 50/333 MS: 5 ShuffleBytes-ChangeByte-CrossOver-PersAutoDict-CrossOver- DE: "\001\000\367\000"-
#213	NEW    cov: 122 ft: 402 corp: 35/6062b lim: 333 exec/s: 0 rss: 29Mb L: 10/333 MS: 5 PersAutoDict-PersAutoDict-PersAutoDict-ShuffleBytes-CrossOver- DE: "5osi"-"\001\000\367\000"-"\000\000\000\022"-
#234	REDUCE cov: 122 ft: 402 corp: 35/6055b lim: 333 exec/s: 0 rss: 29Mb L: 232/333 MS: 1 EraseBytes-
#246	NEW    cov: 122 ft: 425 corp: 36/6087b lim: 333 exec/s: 0 rss: 29Mb L: 32/333 MS: 2 ChangeBit-EraseBytes-
#247	REDUCE cov: 122 ft: 425 corp: 36/6084b lim: 333 exec/s: 0 rss: 29Mb L: 47/333 MS: 1 EraseBytes-
#251	REDUCE cov: 122 ft: 425 corp: 36/6079b lim: 333 exec/s: 0 rss: 29Mb L: 40/333 MS: 4 ChangeBinInt-ShuffleBytes-ChangeBinInt-EraseBytes-
#267	NEW    cov: 122 ft: 428 corp: 37/6299b lim: 333 exec/s: 0 rss: 29Mb L: 220/333 MS: 1 PersAutoDict- DE: "\004\000\000\000\001\000\000\000"-
#292	NEW    cov: 122 ft: 429 corp: 38/6368b lim: 333 exec/s: 0 rss: 29Mb L: 69/333 MS: 5 PersAutoDict-ChangeBit-InsertByte-ChangeByte-EraseBytes- DE: "\001\000\000\022"-
#293	REDUCE cov: 122 ft: 429 corp: 38/6302b lim: 333 exec/s: 0 rss: 29Mb L: 154/333 MS: 1 EraseBytes-
#294	REDUCE cov: 122 ft: 430 corp: 39/6518b lim: 333 exec/s: 0 rss: 29Mb L: 216/333 MS: 1 CopyPart-
#327	NEW    cov: 122 ft: 431 corp: 40/6742b lim: 333 exec/s: 0 rss: 29Mb L: 224/333 MS: 3 CrossOver-CMP-PersAutoDict- DE: "\377\377\377\037"-"\000\000\000\022"-
#333	NEW    cov: 122 ft: 433 corp: 41/6768b lim: 333 exec/s: 0 rss: 29Mb L: 26/333 MS: 1 EraseBytes-
#377	NEW    cov: 122 ft: 434 corp: 42/6830b lim: 333 exec/s: 0 rss: 29Mb L: 62/333 MS: 4 ChangeByte-InsertRepeatedBytes-InsertByte-CrossOver-
#385	REDUCE cov: 122 ft: 434 corp: 42/6815b lim: 333 exec/s: 0 rss: 29Mb L: 35/333 MS: 3 InsertByte-ChangeASCIIInt-EraseBytes-
#391	NEW    cov: 122 ft: 436 corp: 43/6857b lim: 333 exec/s: 0 rss: 29Mb L: 42/333 MS: 1 EraseBytes-
#398	REDUCE cov: 122 ft: 436 corp: 43/6849b lim: 333 exec/s: 0 rss: 29Mb L: 325/333 MS: 2 ChangeBit-EraseBytes-
#423	REDUCE cov: 122 ft: 436 corp: 43/6846b lim: 333 exec/s: 0 rss: 29Mb L: 37/333 MS: 5 ChangeBit-InsertByte-ShuffleBytes-ChangeASCIIInt-EraseBytes-
#479	NEW    cov: 123 ft: 437 corp: 44/6852b lim: 333 exec/s: 0 rss: 29Mb L: 6/333 MS: 1 EraseBytes-
#495	REDUCE cov: 123 ft: 443 corp: 45/7036b lim: 333 exec/s: 0 rss: 29Mb L: 184/333 MS: 1 CrossOver-
#638	NEW    cov: 123 ft: 444 corp: 46/7260b lim: 333 exec/s: 0 rss: 29Mb L: 224/333 MS: 3 ChangeBit-ShuffleBytes-ChangeByte-
#682	REDUCE cov: 123 ft: 444 corp: 46/7200b lim: 333 exec/s: 0 rss: 29Mb L: 94/333 MS: 4 ChangeByte-ChangeBinInt-ChangeBit-EraseBytes-
#685	NEW    cov: 123 ft: 452 corp: 47/7222b lim: 333 exec/s: 0 rss: 29Mb L: 22/333 MS: 3 ChangeBit-CMP-PersAutoDict- DE: "\377\377\377\377\377\377\377\377"-"\021\000\000\000\000\000\000\000"-
#694	REDUCE cov: 123 ft: 452 corp: 47/7208b lim: 333 exec/s: 0 rss: 29Mb L: 214/333 MS: 4 ShuffleBytes-CopyPart-ChangeByte-EraseBytes-
#752	REDUCE cov: 123 ft: 452 corp: 47/7204b lim: 333 exec/s: 0 rss: 29Mb L: 31/333 MS: 3 ChangeBit-ShuffleBytes-EraseBytes-
#766	REDUCE cov: 123 ft: 452 corp: 47/7132b lim: 333 exec/s: 0 rss: 29Mb L: 249/333 MS: 4 ChangeByte-ChangeBinInt-ShuffleBytes-EraseBytes-
#772	REDUCE cov: 123 ft: 452 corp: 47/7131b lim: 333 exec/s: 0 rss: 29Mb L: 5/333 MS: 1 EraseBytes-
#850	NEW    cov: 123 ft: 460 corp: 48/7450b lim: 333 exec/s: 0 rss: 29Mb L: 319/333 MS: 3 InsertRepeatedBytes-CopyPart-CrossOver-
#888	REDUCE cov: 123 ft: 460 corp: 48/7426b lim: 333 exec/s: 0 rss: 29Mb L: 70/333 MS: 3 PersAutoDict-CrossOver-EraseBytes- DE: "\377\377\377\377\377\377\377\377"-
#959	NEW    cov: 123 ft: 467 corp: 49/7471b lim: 333 exec/s: 0 rss: 29Mb L: 45/333 MS: 1 ChangeBit-
#1012	REDUCE cov: 123 ft: 467 corp: 49/7460b lim: 333 exec/s: 0 rss: 29Mb L: 34/333 MS: 3 ShuffleBytes-ChangeASCIIInt-EraseBytes-
#1017	REDUCE cov: 123 ft: 467 corp: 49/7459b lim: 333 exec/s: 0 rss: 29Mb L: 30/333 MS: 5 InsertRepeatedBytes-CrossOver-ChangeBit-CMP-CrossOver- DE: " \000"-
#1034	REDUCE cov: 123 ft: 467 corp: 49/7458b lim: 333 exec/s: 0 rss: 29Mb L: 243/333 MS: 2 ChangeByte-EraseBytes-
#1141	NEW    cov: 123 ft: 468 corp: 50/7657b lim: 333 exec/s: 0 rss: 29Mb L: 199/333 MS: 2 ShuffleBytes-ChangeBinInt-
#1184	REDUCE cov: 123 ft: 468 corp: 50/7637b lim: 333 exec/s: 0 rss: 29Mb L: 299/333 MS: 3 CrossOver-ShuffleBytes-EraseBytes-
#1227	REDUCE cov: 123 ft: 468 corp: 50/7591b lim: 333 exec/s: 0 rss: 29Mb L: 269/333 MS: 3 CopyPart-ChangeBinInt-EraseBytes-
#1244	REDUCE cov: 123 ft: 468 corp: 50/7588b lim: 333 exec/s: 0 rss: 29Mb L: 51/333 MS: 2 CMP-EraseBytes- DE: "\002\000\000\000\000\000\000\000"-
#1262	REDUCE cov: 123 ft: 468 corp: 50/7581b lim: 333 exec/s: 0 rss: 29Mb L: 35/333 MS: 3 CMP-EraseBytes-ChangeBit- DE: "\007\000\000\000"-
#1292	REDUCE cov: 123 ft: 468 corp: 50/7563b lim: 333 exec/s: 0 rss: 29Mb L: 198/333 MS: 5 InsertRepeatedBytes-InsertByte-CMP-CrossOver-EraseBytes- DE: "\252\200R\200\311\224\255\324"-
#1293	NEW    cov: 123 ft: 470 corp: 51/7571b lim: 333 exec/s: 0 rss: 29Mb L: 8/333 MS: 1 EraseBytes-
#1305	REDUCE cov: 123 ft: 470 corp: 51/7570b lim: 333 exec/s: 0 rss: 29Mb L: 52/333 MS: 2 CopyPart-EraseBytes-
#1376	REDUCE cov: 123 ft: 470 corp: 51/7564b lim: 333 exec/s: 0 rss: 29Mb L: 31/333 MS: 1 EraseBytes-
#1405	REDUCE cov: 123 ft: 470 corp: 51/7486b lim: 333 exec/s: 0 rss: 29Mb L: 232/333 MS: 4 InsertByte-InsertRepeatedBytes-ShuffleBytes-EraseBytes-
#1494	REDUCE cov: 123 ft: 471 corp: 52/7639b lim: 333 exec/s: 0 rss: 29Mb L: 153/333 MS: 4 ShuffleBytes-PersAutoDict-ChangeBinInt-InsertRepeatedBytes- DE: "\377\377\377\377\377\377\377\377"-
#1510	NEW    cov: 123 ft: 472 corp: 53/7657b lim: 333 exec/s: 0 rss: 29Mb L: 18/333 MS: 1 EraseBytes-
#1526	REDUCE cov: 123 ft: 472 corp: 53/7629b lim: 333 exec/s: 0 rss: 29Mb L: 241/333 MS: 1 EraseBytes-
#1549	NEW    cov: 123 ft: 473 corp: 54/7745b lim: 333 exec/s: 0 rss: 29Mb L: 116/333 MS: 3 CMP-ChangeByte-ChangeBinInt- DE: "\025\000\000\000"-
#1554	REDUCE cov: 123 ft: 473 corp: 54/7740b lim: 333 exec/s: 0 rss: 29Mb L: 148/333 MS: 5 CopyPart-CMP-CrossOver-ShuffleBytes-EraseBytes- DE: "avcC"-
#1657	REDUCE cov: 123 ft: 473 corp: 54/7737b lim: 333 exec/s: 0 rss: 29Mb L: 229/333 MS: 3 EraseBytes-ChangeBinInt-CopyPart-
#1710	REDUCE cov: 123 ft: 473 corp: 54/7705b lim: 333 exec/s: 0 rss: 29Mb L: 84/333 MS: 3 ChangeASCIIInt-ChangeBinInt-EraseBytes-
#1855	REDUCE cov: 123 ft: 473 corp: 54/7696b lim: 333 exec/s: 0 rss: 29Mb L: 38/333 MS: 5 ChangeBinInt-ShuffleBytes-ChangeBit-PersAutoDict-EraseBytes- DE: "\001\000\000\022"-
#2001	NEW    cov: 123 ft: 474 corp: 55/8007b lim: 333 exec/s: 0 rss: 29Mb L: 311/333 MS: 1 InsertRepeatedBytes-
#2045	NEW    cov: 123 ft: 477 corp: 56/8339b lim: 333 exec/s: 0 rss: 29Mb L: 332/333 MS: 4 ShuffleBytes-CrossOver-InsertRepeatedBytes-InsertRepeatedBytes-
#2066	REDUCE cov: 123 ft: 477 corp: 56/8338b lim: 333 exec/s: 0 rss: 29Mb L: 4/333 MS: 1 EraseBytes-
#2092	REDUCE cov: 123 ft: 477 corp: 56/8326b lim: 333 exec/s: 0 rss: 29Mb L: 215/333 MS: 1 EraseBytes-
#2229	REDUCE cov: 123 ft: 478 corp: 57/8337b lim: 333 exec/s: 0 rss: 29Mb L: 11/333 MS: 2 EraseBytes-EraseBytes-
#2323	REDUCE cov: 123 ft: 484 corp: 58/8668b lim: 333 exec/s: 0 rss: 29Mb L: 331/333 MS: 4 CopyPart-InsertByte-ChangeByte-CrossOver-
#2334	REDUCE cov: 123 ft: 484 corp: 58/8652b lim: 333 exec/s: 0 rss: 29Mb L: 22/333 MS: 1 EraseBytes-
#2369	REDUCE cov: 123 ft: 484 corp: 58/8631b lim: 333 exec/s: 0 rss: 29Mb L: 310/333 MS: 5 ChangeBinInt-ChangeBit-ChangeByte-EraseBytes-CopyPart-
#2374	NEW    cov: 123 ft: 490 corp: 59/8855b lim: 333 exec/s: 0 rss: 29Mb L: 224/333 MS: 5 ShuffleBytes-ChangeBit-ChangeByte-ShuffleBytes-CopyPart-
#2526	REDUCE cov: 123 ft: 490 corp: 59/8839b lim: 333 exec/s: 0 rss: 29Mb L: 283/333 MS: 2 ChangeBit-EraseBytes-
#2592	REDUCE cov: 123 ft: 490 corp: 59/8835b lim: 333 exec/s: 0 rss: 29Mb L: 18/333 MS: 1 EraseBytes-
#2600	NEW    cov: 123 ft: 494 corp: 60/9133b lim: 333 exec/s: 0 rss: 29Mb L: 298/333 MS: 3 EraseBytes-InsertRepeatedBytes-InsertRepeatedBytes-
#2658	NEW    cov: 123 ft: 495 corp: 61/9369b lim: 333 exec/s: 0 rss: 29Mb L: 236/333 MS: 3 CMP-CMP-PersAutoDict- DE: "\2511\001\310/y\000\000"-"\377\001"-"\037\272\020\375\333U\000\000"-
#2749	REDUCE cov: 123 ft: 495 corp: 61/9337b lim: 333 exec/s: 0 rss: 29Mb L: 300/333 MS: 1 CrossOver-
#2889	REDUCE cov: 123 ft: 495 corp: 61/9325b lim: 333 exec/s: 0 rss: 29Mb L: 23/333 MS: 5 ChangeByte-ChangeBinInt-PersAutoDict-ChangeBinInt-EraseBytes- DE: "\252\200R\200\311\224\255\324"-
#3044	REDUCE cov: 123 ft: 495 corp: 61/9317b lim: 333 exec/s: 0 rss: 29Mb L: 10/333 MS: 5 ShuffleBytes-ChangeBit-ChangeBit-ChangeBit-EraseBytes-
#3105	REDUCE cov: 123 ft: 495 corp: 61/9315b lim: 333 exec/s: 0 rss: 29Mb L: 2/333 MS: 1 EraseBytes-
#3158	REDUCE cov: 123 ft: 495 corp: 61/9306b lim: 333 exec/s: 0 rss: 29Mb L: 36/333 MS: 3 EraseBytes-InsertByte-CMP- DE: "\013\000\000\000"-
#3342	REDUCE cov: 123 ft: 495 corp: 61/9282b lim: 333 exec/s: 0 rss: 29Mb L: 200/333 MS: 4 ChangeBit-InsertRepeatedBytes-PersAutoDict-EraseBytes- DE: "\025\000\000\000"-
#3346	REDUCE cov: 123 ft: 495 corp: 61/9262b lim: 333 exec/s: 0 rss: 29Mb L: 64/333 MS: 4 EraseBytes-ChangeByte-ChangeASCIIInt-EraseBytes-
#3535	REDUCE cov: 123 ft: 495 corp: 61/9261b lim: 333 exec/s: 0 rss: 29Mb L: 9/333 MS: 4 ChangeByte-ShuffleBytes-ChangeByte-EraseBytes-
#3591	REDUCE cov: 123 ft: 495 corp: 61/9257b lim: 333 exec/s: 0 rss: 29Mb L: 26/333 MS: 1 EraseBytes-
#3841	REDUCE cov: 123 ft: 495 corp: 61/9154b lim: 333 exec/s: 0 rss: 29Mb L: 180/333 MS: 5 PersAutoDict-InsertByte-ChangeByte-InsertByte-CrossOver- DE: "avcC"-
#4032	REDUCE cov: 123 ft: 495 corp: 61/9147b lim: 333 exec/s: 0 rss: 29Mb L: 174/333 MS: 1 EraseBytes-
#4213	REDUCE cov: 123 ft: 495 corp: 61/9143b lim: 333 exec/s: 0 rss: 29Mb L: 65/333 MS: 1 EraseBytes-
#4318	REDUCE cov: 123 ft: 495 corp: 61/9079b lim: 333 exec/s: 0 rss: 29Mb L: 176/333 MS: 5 ChangeBit-ChangeBit-PersAutoDict-CMP-EraseBytes- DE: "\031\000"-"ipma"-
#4504	NEW    cov: 124 ft: 498 corp: 62/9412b lim: 333 exec/s: 0 rss: 29Mb L: 333/333 MS: 1 ChangeByte-
#4542	REDUCE cov: 124 ft: 498 corp: 62/9411b lim: 333 exec/s: 0 rss: 29Mb L: 17/333 MS: 3 ChangeBit-ShuffleBytes-EraseBytes-
#4673	REDUCE cov: 124 ft: 498 corp: 62/9408b lim: 333 exec/s: 0 rss: 29Mb L: 42/333 MS: 1 EraseBytes-
#4756	REDUCE cov: 124 ft: 498 corp: 62/9404b lim: 333 exec/s: 0 rss: 29Mb L: 22/333 MS: 3 PersAutoDict-ChangeByte-EraseBytes- DE: "\377\001"-
#4838	REDUCE cov: 124 ft: 498 corp: 62/9403b lim: 333 exec/s: 0 rss: 29Mb L: 1/333 MS: 2 ChangeBinInt-EraseBytes-
#4852	REDUCE cov: 124 ft: 498 corp: 62/9392b lim: 333 exec/s: 0 rss: 29Mb L: 23/333 MS: 4 ChangeBinInt-ChangeBit-ChangeASCIIInt-EraseBytes-
#4941	REDUCE cov: 124 ft: 498 corp: 62/9385b lim: 333 exec/s: 0 rss: 29Mb L: 16/333 MS: 4 EraseBytes-ChangeBit-ShuffleBytes-CopyPart-
#4992	REDUCE cov: 124 ft: 498 corp: 62/9382b lim: 333 exec/s: 0 rss: 29Mb L: 50/333 MS: 1 EraseBytes-
#5006	REDUCE cov: 124 ft: 498 corp: 62/9378b lim: 333 exec/s: 0 rss: 29Mb L: 306/333 MS: 4 ShuffleBytes-EraseBytes-ChangeBit-InsertRepeatedBytes-
#5040	REDUCE cov: 124 ft: 498 corp: 62/9332b lim: 333 exec/s: 0 rss: 29Mb L: 206/333 MS: 4 ChangeBinInt-ChangeBinInt-InsertByte-EraseBytes-
#5188	REDUCE cov: 124 ft: 498 corp: 62/9316b lim: 333 exec/s: 0 rss: 29Mb L: 48/333 MS: 3 ChangeBinInt-CopyPart-EraseBytes-
#5329	REDUCE cov: 124 ft: 498 corp: 62/9314b lim: 333 exec/s: 0 rss: 29Mb L: 8/333 MS: 1 EraseBytes-
#5439	REDUCE cov: 124 ft: 498 corp: 62/9298b lim: 333 exec/s: 0 rss: 29Mb L: 199/333 MS: 5 InsertByte-ChangeBinInt-CopyPart-ChangeByte-EraseBytes-
#5476	REDUCE cov: 124 ft: 498 corp: 62/9276b lim: 333 exec/s: 0 rss: 29Mb L: 48/333 MS: 2 ShuffleBytes-EraseBytes-
#5623	REDUCE cov: 124 ft: 498 corp: 62/9274b lim: 333 exec/s: 0 rss: 29Mb L: 24/333 MS: 2 ChangeASCIIInt-EraseBytes-
#5763	REDUCE cov: 124 ft: 498 corp: 62/9268b lim: 333 exec/s: 0 rss: 29Mb L: 25/333 MS: 5 ShuffleBytes-ShuffleBytes-ChangeBit-EraseBytes-InsertByte-
#5824	REDUCE cov: 124 ft: 498 corp: 62/9264b lim: 333 exec/s: 0 rss: 29Mb L: 19/333 MS: 1 EraseBytes-
#5993	REDUCE cov: 124 ft: 498 corp: 62/9225b lim: 333 exec/s: 0 rss: 29Mb L: 185/333 MS: 4 PersAutoDict-ChangeBinInt-CopyPart-EraseBytes- DE: "\252\200R\200\311\224\255\324"-
#6071	REDUCE cov: 124 ft: 498 corp: 62/9202b lim: 333 exec/s: 0 rss: 29Mb L: 42/333 MS: 3 ChangeBinInt-EraseBytes-InsertByte-
#6576	NEW    cov: 124 ft: 500 corp: 63/9427b lim: 333 exec/s: 6576 rss: 30Mb L: 225/333 MS: 4 EraseBytes-ChangeByte-ChangeByte-PersAutoDict- DE: "ipma"-
#6587	REDUCE cov: 124 ft: 500 corp: 63/9366b lim: 333 exec/s: 6587 rss: 30Mb L: 119/333 MS: 1 EraseBytes-
#6611	REDUCE cov: 124 ft: 500 corp: 63/9318b lim: 333 exec/s: 6611 rss: 30Mb L: 71/333 MS: 4 CopyPart-ChangeBit-CopyPart-EraseBytes-
#6697	REDUCE cov: 124 ft: 500 corp: 63/9315b lim: 333 exec/s: 6697 rss: 30Mb L: 226/333 MS: 1 EraseBytes-
#6711	REDUCE cov: 124 ft: 500 corp: 63/9311b lim: 333 exec/s: 6711 rss: 30Mb L: 15/333 MS: 4 ChangeBit-InsertByte-ChangeBit-EraseBytes-
#6872	REDUCE cov: 124 ft: 500 corp: 63/9306b lim: 333 exec/s: 6872 rss: 30Mb L: 17/333 MS: 1 EraseBytes-
#6949	NEW    cov: 124 ft: 501 corp: 64/9528b lim: 333 exec/s: 6949 rss: 30Mb L: 222/333 MS: 2 ChangeBinInt-CMP- DE: "\000\001"-
#7081	REDUCE cov: 124 ft: 501 corp: 64/9499b lim: 333 exec/s: 7081 rss: 30Mb L: 197/333 MS: 2 EraseBytes-InsertRepeatedBytes-
#7152	REDUCE cov: 124 ft: 501 corp: 64/9492b lim: 333 exec/s: 7152 rss: 30Mb L: 318/333 MS: 1 EraseBytes-
#7170	REDUCE cov: 124 ft: 501 corp: 64/9466b lim: 333 exec/s: 7170 rss: 30Mb L: 45/333 MS: 3 ChangeByte-PersAutoDict-EraseBytes- DE: "ipma"-
#7589	REDUCE cov: 124 ft: 501 corp: 64/9462b lim: 333 exec/s: 7589 rss: 30Mb L: 44/333 MS: 4 EraseBytes-ChangeByte-PersAutoDict-InsertByte- DE: "\025\000\000\000"-
#7741	REDUCE cov: 124 ft: 502 corp: 65/9662b lim: 333 exec/s: 7741 rss: 30Mb L: 200/333 MS: 2 ChangeBit-CopyPart-
#7868	REDUCE cov: 124 ft: 502 corp: 65/9658b lim: 333 exec/s: 7868 rss: 30Mb L: 251/333 MS: 2 ChangeBinInt-EraseBytes-
#7903	REDUCE cov: 124 ft: 502 corp: 65/9654b lim: 333 exec/s: 7903 rss: 30Mb L: 239/333 MS: 5 InsertRepeatedBytes-CMP-CopyPart-EraseBytes-PersAutoDict- DE: "\001\000"-"\000\000\000\022"-
#8021	REDUCE cov: 124 ft: 502 corp: 65/9622b lim: 333 exec/s: 8021 rss: 30Mb L: 142/333 MS: 3 ChangeBinInt-ChangeByte-CrossOver-
#8216	REDUCE cov: 124 ft: 502 corp: 65/9617b lim: 333 exec/s: 8216 rss: 30Mb L: 46/333 MS: 5 ChangeByte-ChangeBit-ChangeBinInt-ShuffleBytes-EraseBytes-
#8341	REDUCE cov: 124 ft: 502 corp: 65/9613b lim: 333 exec/s: 8341 rss: 30Mb L: 112/333 MS: 5 ChangeBit-CopyPart-CopyPart-CopyPart-EraseBytes-
#8377	REDUCE cov: 124 ft: 502 corp: 65/9602b lim: 333 exec/s: 8377 rss: 30Mb L: 187/333 MS: 1 EraseBytes-
#8770	REDUCE cov: 124 ft: 502 corp: 65/9558b lim: 333 exec/s: 8770 rss: 30Mb L: 274/333 MS: 3 CMP-CopyPart-EraseBytes- DE: "hvc1"-
#8823	REDUCE cov: 124 ft: 502 corp: 65/9530b lim: 333 exec/s: 8823 rss: 30Mb L: 191/333 MS: 3 CopyPart-ChangeBinInt-EraseBytes-
#8962	REDUCE cov: 124 ft: 502 corp: 65/9514b lim: 333 exec/s: 8962 rss: 30Mb L: 223/333 MS: 4 ChangeByte-EraseBytes-PersAutoDict-InsertByte- DE: "\031\000"-
#8974	REDUCE cov: 125 ft: 503 corp: 66/9787b lim: 333 exec/s: 8974 rss: 30Mb L: 273/333 MS: 2 InsertRepeatedBytes-CrossOver-
#9003	REDUCE cov: 125 ft: 503 corp: 66/9767b lim: 333 exec/s: 9003 rss: 30Mb L: 25/333 MS: 4 ChangeBit-ChangeBinInt-ShuffleBytes-EraseBytes-
#9030	REDUCE cov: 125 ft: 503 corp: 66/9763b lim: 333 exec/s: 9030 rss: 30Mb L: 207/333 MS: 2 ChangeBit-CrossOver-
#9097	REDUCE cov: 125 ft: 503 corp: 66/9734b lim: 333 exec/s: 9097 rss: 30Mb L: 185/333 MS: 2 CMP-EraseBytes- DE: "\001\000y/\310\005D\352"-
#9176	REDUCE cov: 125 ft: 503 corp: 66/9733b lim: 333 exec/s: 9176 rss: 30Mb L: 51/333 MS: 4 InsertRepeatedBytes-CMP-InsertByte-EraseBytes- DE: " \000\000\000"-
#9294	REDUCE cov: 125 ft: 503 corp: 66/9724b lim: 333 exec/s: 9294 rss: 30Mb L: 232/333 MS: 3 InsertByte-ShuffleBytes-EraseBytes-
#9494	REDUCE cov: 125 ft: 503 corp: 66/9722b lim: 333 exec/s: 9494 rss: 30Mb L: 48/333 MS: 5 ChangeBinInt-CopyPart-PersAutoDict-ChangeBinInt-EraseBytes- DE: "avcC"-
#9508	REDUCE cov: 125 ft: 503 corp: 66/9720b lim: 333 exec/s: 9508 rss: 30Mb L: 20/333 MS: 4 ChangeASCIIInt-InsertByte-ShuffleBytes-EraseBytes-
#9580	REDUCE cov: 125 ft: 503 corp: 66/9708b lim: 333 exec/s: 9580 rss: 30Mb L: 32/333 MS: 2 ShuffleBytes-EraseBytes-
#9704	REDUCE cov: 125 ft: 503 corp: 66/9694b lim: 333 exec/s: 9704 rss: 30Mb L: 297/333 MS: 4 ChangeBit-ChangeByte-CMP-CrossOver- DE: "avcC"-
#9818	REDUCE cov: 125 ft: 503 corp: 66/9675b lim: 333 exec/s: 9818 rss: 30Mb L: 281/333 MS: 4 ShuffleBytes-InsertRepeatedBytes-CopyPart-EraseBytes-
#9961	REDUCE cov: 125 ft: 503 corp: 66/9671b lim: 333 exec/s: 9961 rss: 30Mb L: 20/333 MS: 3 PersAutoDict-ChangeBinInt-EraseBytes- DE: "\2511\001\310/y\000\000"-
#10149	REDUCE cov: 125 ft: 503 corp: 66/9669b lim: 333 exec/s: 10149 rss: 30Mb L: 30/333 MS: 3 CrossOver-ChangeByte-EraseBytes-
#10194	REDUCE cov: 125 ft: 504 corp: 67/9994b lim: 333 exec/s: 10194 rss: 30Mb L: 325/333 MS: 5 ChangeBinInt-ChangeBinInt-ShuffleBytes-CopyPart-CopyPart-
#10233	REDUCE cov: 125 ft: 504 corp: 67/9938b lim: 333 exec/s: 10233 rss: 30Mb L: 176/333 MS: 4 EraseBytes-ChangeASCIIInt-ChangeByte-CrossOver-
#10397	NEW    cov: 125 ft: 505 corp: 68/10269b lim: 333 exec/s: 10397 rss: 30Mb L: 331/333 MS: 4 CopyPart-CrossOver-ShuffleBytes-CrossOver-
#10660	REDUCE cov: 125 ft: 506 corp: 69/10545b lim: 333 exec/s: 10660 rss: 30Mb L: 276/333 MS: 3 ChangeBit-ShuffleBytes-PersAutoDict- DE: "\000\001"-
#10705	REDUCE cov: 125 ft: 506 corp: 69/10517b lim: 333 exec/s: 10705 rss: 30Mb L: 34/333 MS: 5 EraseBytes-InsertByte-ChangeASCIIInt-EraseBytes-CMP- DE: "\000\000\000\000"-
#10842	REDUCE cov: 125 ft: 506 corp: 69/10507b lim: 333 exec/s: 10842 rss: 30Mb L: 213/333 MS: 2 ChangeByte-EraseBytes-
#10899	REDUCE cov: 125 ft: 506 corp: 69/10476b lim: 333 exec/s: 10899 rss: 30Mb L: 182/333 MS: 2 ChangeASCIIInt-EraseBytes-
#10932	REDUCE cov: 125 ft: 506 corp: 69/10442b lim: 333 exec/s: 10932 rss: 30Mb L: 240/333 MS: 3 InsertByte-ShuffleBytes-EraseBytes-
#11053	REDUCE cov: 125 ft: 506 corp: 69/10440b lim: 333 exec/s: 11053 rss: 30Mb L: 18/333 MS: 1 EraseBytes-
#11080	REDUCE cov: 125 ft: 506 corp: 69/10433b lim: 333 exec/s: 11080 rss: 30Mb L: 39/333 MS: 2 ChangeBinInt-EraseBytes-
#11167	REDUCE cov: 125 ft: 506 corp: 69/10423b lim: 333 exec/s: 11167 rss: 30Mb L: 287/333 MS: 2 EraseBytes-InsertRepeatedBytes-
#11169	REDUCE cov: 125 ft: 506 corp: 69/10392b lim: 333 exec/s: 11169 rss: 30Mb L: 218/333 MS: 2 CMP-EraseBytes- DE: "\000\000\000\000\000\000\000\244"-
#11595	REDUCE cov: 125 ft: 506 corp: 69/10391b lim: 333 exec/s: 11595 rss: 30Mb L: 17/333 MS: 1 EraseBytes-
#11641	REDUCE cov: 125 ft: 506 corp: 69/10388b lim: 333 exec/s: 11641 rss: 30Mb L: 222/333 MS: 1 EraseBytes-
#11722	REDUCE cov: 125 ft: 506 corp: 69/10376b lim: 333 exec/s: 11722 rss: 30Mb L: 173/333 MS: 1 EraseBytes-
#11742	REDUCE cov: 125 ft: 506 corp: 69/10304b lim: 333 exec/s: 11742 rss: 30Mb L: 128/333 MS: 5 ChangeBit-ChangeByte-EraseBytes-ChangeByte-InsertByte-
#12466	REDUCE cov: 125 ft: 506 corp: 69/10200b lim: 333 exec/s: 12466 rss: 30Mb L: 118/333 MS: 4 EraseBytes-ShuffleBytes-ShuffleBytes-EraseBytes-
#12629	REDUCE cov: 125 ft: 506 corp: 69/10198b lim: 333 exec/s: 12629 rss: 30Mb L: 296/333 MS: 3 ChangeBinInt-ChangeBinInt-EraseBytes-
#12685	REDUCE cov: 125 ft: 506 corp: 69/10186b lim: 333 exec/s: 12685 rss: 30Mb L: 228/333 MS: 1 EraseBytes-
#12729	REDUCE cov: 125 ft: 506 corp: 69/10185b lim: 333 exec/s: 12729 rss: 30Mb L: 305/333 MS: 4 ChangeBit-CMP-CMP-CrossOver- DE: "ipro"-"\377\377\377e"-
==232058== ERROR: libFuzzer: out-of-memory (used: 1626Mb; limit: 1024Mb)
   To change the out-of-memory limit use -rss_limit_mb=<N>

MS: 1 PersAutoDict- DE: "\021\000\000\000\000\000\000\000"-; base unit: ca55c23a2be1518044cca20adb15b3f86e21ab61
artifact_prefix='/results/crashes/20260313_153619_abf3b8e1_'; Test unit written to /results/crashes/20260313_153619_abf3b8e1_oom-686bb3a7031c11e9079ed93c195f4c977187b9f6
SUMMARY: libFuzzer: out-of-memory
stat::number_of_executed_units: 12985
stat::average_exec_per_sec:     4328
stat::new_units_added:          182
stat::slowest_unit_time_sec:    0
stat::peak_rss_mb:              1626
