INFO: Running with entropic power schedule (0xFF, 100).
INFO: Seed: 3396223018
INFO: Loaded 1 modules   (252 inline 8-bit counters): 252 [0x612e213ed678, 0x612e213ed774), 
INFO: Loaded 1 PC tables (252 PCs): 252 [0x612e213ed778,0x612e213ee738), 
INFO:        4 files found in /tmp/corpus_20260313_183017_d529a6c7
INFO: seed corpus: files: 4 min: 48b max: 333b total: 853b rss: 28Mb
#5	INITED cov: 117 ft: 251 corp: 4/853b exec/s: 0 rss: 29Mb
#6	NEW    cov: 118 ft: 265 corp: 5/1086b lim: 333 exec/s: 0 rss: 29Mb L: 233/333 MS: 1 CrossOver-
#7	NEW    cov: 118 ft: 274 corp: 6/1376b lim: 333 exec/s: 0 rss: 29Mb L: 290/333 MS: 1 CopyPart-
#16	NEW    cov: 118 ft: 278 corp: 7/1701b lim: 333 exec/s: 0 rss: 29Mb L: 325/333 MS: 4 CopyPart-ChangeByte-ChangeASCIIInt-InsertRepeatedBytes-
#18	NEW    cov: 119 ft: 285 corp: 8/2033b lim: 333 exec/s: 0 rss: 29Mb L: 332/333 MS: 2 InsertRepeatedBytes-InsertRepeatedBytes-
#19	NEW    cov: 119 ft: 296 corp: 9/2161b lim: 333 exec/s: 0 rss: 29Mb L: 128/333 MS: 1 CrossOver-
#20	NEW    cov: 119 ft: 301 corp: 10/2389b lim: 333 exec/s: 0 rss: 29Mb L: 228/333 MS: 1 CMP- DE: "\023\000\000\000\000\000\000\000"-
#21	NEW    cov: 119 ft: 308 corp: 11/2494b lim: 333 exec/s: 0 rss: 29Mb L: 105/333 MS: 1 EraseBytes-
#26	NEW    cov: 120 ft: 310 corp: 12/2827b lim: 333 exec/s: 0 rss: 29Mb L: 333/333 MS: 5 ChangeASCIIInt-CrossOver-ChangeBit-CopyPart-CrossOver-
#28	NEW    cov: 120 ft: 311 corp: 13/3160b lim: 333 exec/s: 0 rss: 29Mb L: 333/333 MS: 2 ChangeBinInt-CrossOver-
#33	NEW    cov: 120 ft: 326 corp: 14/3256b lim: 333 exec/s: 0 rss: 29Mb L: 96/333 MS: 5 ShuffleBytes-ShuffleBytes-PersAutoDict-ShuffleBytes-CrossOver- DE: "\023\000\000\000\000\000\000\000"-
#37	NEW    cov: 120 ft: 327 corp: 15/3470b lim: 333 exec/s: 0 rss: 29Mb L: 214/333 MS: 4 InsertRepeatedBytes-ShuffleBytes-ChangeByte-InsertByte-
#44	NEW    cov: 120 ft: 328 corp: 16/3684b lim: 333 exec/s: 0 rss: 29Mb L: 214/333 MS: 2 ShuffleBytes-EraseBytes-
#45	NEW    cov: 120 ft: 329 corp: 17/3983b lim: 333 exec/s: 0 rss: 29Mb L: 299/333 MS: 1 InsertRepeatedBytes-
#47	NEW    cov: 120 ft: 332 corp: 18/4278b lim: 333 exec/s: 0 rss: 29Mb L: 295/333 MS: 2 CrossOver-PersAutoDict- DE: "\023\000\000\000\000\000\000\000"-
#51	NEW    cov: 120 ft: 333 corp: 19/4421b lim: 333 exec/s: 0 rss: 29Mb L: 143/333 MS: 4 ShuffleBytes-ChangeByte-CrossOver-EraseBytes-
#66	NEW    cov: 120 ft: 340 corp: 20/4534b lim: 333 exec/s: 0 rss: 29Mb L: 113/333 MS: 5 PersAutoDict-ChangeBit-PersAutoDict-ChangeBit-CrossOver- DE: "\023\000\000\000\000\000\000\000"-"\023\000\000\000\000\000\000\000"-
#72	REDUCE cov: 120 ft: 340 corp: 20/4494b lim: 333 exec/s: 0 rss: 29Mb L: 188/333 MS: 1 CrossOver-
#78	NEW    cov: 120 ft: 347 corp: 21/4632b lim: 333 exec/s: 0 rss: 29Mb L: 138/333 MS: 1 EraseBytes-
#84	NEW    cov: 120 ft: 356 corp: 22/4921b lim: 333 exec/s: 0 rss: 29Mb L: 289/333 MS: 1 InsertRepeatedBytes-
#94	NEW    cov: 121 ft: 357 corp: 23/5239b lim: 333 exec/s: 0 rss: 29Mb L: 318/333 MS: 5 ChangeByte-EraseBytes-ChangeBit-CrossOver-InsertRepeatedBytes-
#101	NEW    cov: 121 ft: 359 corp: 24/5572b lim: 333 exec/s: 0 rss: 29Mb L: 333/333 MS: 2 InsertByte-CopyPart-
#117	NEW    cov: 121 ft: 360 corp: 25/5686b lim: 333 exec/s: 0 rss: 29Mb L: 114/333 MS: 1 InsertByte-
#120	NEW    cov: 121 ft: 369 corp: 26/5854b lim: 333 exec/s: 0 rss: 29Mb L: 168/333 MS: 3 CrossOver-ShuffleBytes-InsertByte-
#173	NEW    cov: 121 ft: 374 corp: 27/5923b lim: 333 exec/s: 0 rss: 29Mb L: 69/333 MS: 3 InsertRepeatedBytes-ChangeByte-EraseBytes-
#180	NEW    cov: 121 ft: 375 corp: 28/6250b lim: 333 exec/s: 0 rss: 29Mb L: 327/333 MS: 2 CopyPart-ChangeBit-
#191	NEW    cov: 121 ft: 376 corp: 29/6343b lim: 333 exec/s: 0 rss: 29Mb L: 93/333 MS: 1 CrossOver-
#197	NEW    cov: 121 ft: 377 corp: 30/6566b lim: 333 exec/s: 0 rss: 29Mb L: 223/333 MS: 1 CrossOver-
#207	NEW    cov: 121 ft: 397 corp: 31/6742b lim: 333 exec/s: 0 rss: 29Mb L: 176/333 MS: 5 ChangeByte-ShuffleBytes-ChangeBit-InsertRepeatedBytes-EraseBytes-
#281	REDUCE cov: 121 ft: 397 corp: 31/6697b lim: 333 exec/s: 0 rss: 29Mb L: 48/333 MS: 4 ChangeBinInt-PersAutoDict-ChangeByte-EraseBytes- DE: "\023\000\000\000\000\000\000\000"-
#289	NEW    cov: 121 ft: 398 corp: 32/7001b lim: 333 exec/s: 0 rss: 29Mb L: 304/333 MS: 3 ShuffleBytes-PersAutoDict-InsertRepeatedBytes- DE: "\023\000\000\000\000\000\000\000"-
#357	REDUCE cov: 121 ft: 399 corp: 33/7049b lim: 333 exec/s: 0 rss: 29Mb L: 48/333 MS: 3 ChangeByte-ChangeBinInt-ChangeBinInt-
#362	NEW    cov: 121 ft: 400 corp: 34/7336b lim: 333 exec/s: 0 rss: 29Mb L: 287/333 MS: 5 InsertRepeatedBytes-CMP-ChangeBit-ChangeBinInt-InsertByte- DE: "schi"-
#373	NEW    cov: 121 ft: 401 corp: 35/7411b lim: 333 exec/s: 0 rss: 29Mb L: 75/333 MS: 1 EraseBytes-
#414	NEW    cov: 121 ft: 418 corp: 36/7442b lim: 333 exec/s: 0 rss: 29Mb L: 31/333 MS: 1 EraseBytes-
#451	NEW    cov: 121 ft: 420 corp: 37/7664b lim: 333 exec/s: 0 rss: 29Mb L: 222/333 MS: 2 ChangeBinInt-CMP- DE: "\021\000"-
#458	NEW    cov: 121 ft: 421 corp: 38/7731b lim: 333 exec/s: 0 rss: 29Mb L: 67/333 MS: 2 ChangeByte-InsertRepeatedBytes-
#476	REDUCE cov: 121 ft: 422 corp: 39/7780b lim: 333 exec/s: 0 rss: 29Mb L: 49/333 MS: 3 ChangeByte-ChangeByte-InsertByte-
#582	REDUCE cov: 121 ft: 422 corp: 39/7725b lim: 333 exec/s: 0 rss: 29Mb L: 278/333 MS: 1 EraseBytes-
#613	NEW    cov: 121 ft: 424 corp: 40/7756b lim: 333 exec/s: 0 rss: 29Mb L: 31/333 MS: 1 ChangeByte-
#626	REDUCE cov: 121 ft: 424 corp: 40/7750b lim: 333 exec/s: 0 rss: 29Mb L: 132/333 MS: 3 ChangeBinInt-ChangeBit-EraseBytes-
#633	REDUCE cov: 121 ft: 424 corp: 40/7746b lim: 333 exec/s: 0 rss: 29Mb L: 329/333 MS: 2 ChangeByte-CrossOver-
#672	REDUCE cov: 121 ft: 424 corp: 40/7740b lim: 333 exec/s: 0 rss: 29Mb L: 25/333 MS: 4 ChangeBinInt-ChangeBit-ChangeByte-EraseBytes-
#689	NEW    cov: 121 ft: 425 corp: 41/7775b lim: 333 exec/s: 0 rss: 29Mb L: 35/333 MS: 2 ChangeByte-CrossOver-
#770	REDUCE cov: 121 ft: 425 corp: 41/7735b lim: 333 exec/s: 0 rss: 29Mb L: 285/333 MS: 1 EraseBytes-
#777	NEW    cov: 121 ft: 437 corp: 42/7750b lim: 333 exec/s: 0 rss: 29Mb L: 15/333 MS: 2 EraseBytes-CrossOver-
#789	REDUCE cov: 121 ft: 437 corp: 42/7747b lim: 333 exec/s: 0 rss: 29Mb L: 296/333 MS: 2 ShuffleBytes-CrossOver-
#813	REDUCE cov: 121 ft: 452 corp: 43/8009b lim: 333 exec/s: 0 rss: 29Mb L: 262/333 MS: 4 PersAutoDict-ChangeASCIIInt-CMP-EraseBytes- DE: "\021\000"-"moov"-
#838	NEW    cov: 121 ft: 468 corp: 44/8133b lim: 333 exec/s: 0 rss: 29Mb L: 124/333 MS: 5 CrossOver-CMP-CMP-EraseBytes-ShuffleBytes- DE: "\001\000\000\000\001\000\000\000"-"\007\000"-
#843	NEW    cov: 121 ft: 475 corp: 45/8215b lim: 333 exec/s: 0 rss: 29Mb L: 82/333 MS: 5 CrossOver-InsertRepeatedBytes-CopyPart-CMP-ChangeBit- DE: "mdhd"-
#857	NEW    cov: 121 ft: 483 corp: 46/8234b lim: 333 exec/s: 0 rss: 29Mb L: 19/333 MS: 4 ChangeBit-CopyPart-ShuffleBytes-PersAutoDict- DE: "mdhd"-
#858	REDUCE cov: 121 ft: 483 corp: 46/8215b lim: 333 exec/s: 0 rss: 29Mb L: 50/333 MS: 1 EraseBytes-
#917	REDUCE cov: 121 ft: 483 corp: 46/8111b lim: 333 exec/s: 0 rss: 29Mb L: 158/333 MS: 4 CrossOver-InsertByte-ChangeByte-EraseBytes-
#925	NEW    cov: 121 ft: 484 corp: 47/8419b lim: 333 exec/s: 0 rss: 29Mb L: 308/333 MS: 3 InsertRepeatedBytes-CMP-PersAutoDict- DE: "\000\000\000\000\000\000\000\020"-"moov"-
#967	NEW    cov: 121 ft: 485 corp: 48/8502b lim: 333 exec/s: 0 rss: 29Mb L: 83/333 MS: 2 InsertByte-PersAutoDict- DE: "\001\000\000\000\001\000\000\000"-
#988	REDUCE cov: 121 ft: 485 corp: 48/8458b lim: 333 exec/s: 0 rss: 29Mb L: 144/333 MS: 1 EraseBytes-
#1030	REDUCE cov: 121 ft: 485 corp: 48/8457b lim: 333 exec/s: 0 rss: 29Mb L: 14/333 MS: 2 CrossOver-EraseBytes-
#1062	REDUCE cov: 121 ft: 485 corp: 48/8446b lim: 333 exec/s: 0 rss: 29Mb L: 157/333 MS: 2 ChangeASCIIInt-EraseBytes-
#1140	NEW    cov: 121 ft: 486 corp: 49/8582b lim: 333 exec/s: 0 rss: 29Mb L: 136/333 MS: 3 CMP-ShuffleBytes-PersAutoDict- DE: "iinf"-"\001\000\000\000\001\000\000\000"-
#1156	REDUCE cov: 121 ft: 486 corp: 49/8580b lim: 333 exec/s: 0 rss: 29Mb L: 17/333 MS: 1 EraseBytes-
#1164	NEW    cov: 121 ft: 498 corp: 50/8913b lim: 333 exec/s: 0 rss: 29Mb L: 333/333 MS: 3 InsertByte-InsertByte-InsertRepeatedBytes-
#1173	REDUCE cov: 121 ft: 498 corp: 50/8909b lim: 333 exec/s: 0 rss: 29Mb L: 285/333 MS: 4 ShuffleBytes-ChangeBinInt-InsertRepeatedBytes-EraseBytes-
#1273	REDUCE cov: 121 ft: 498 corp: 50/8854b lim: 333 exec/s: 0 rss: 29Mb L: 230/333 MS: 5 CrossOver-ChangeASCIIInt-CMP-ChangeByte-EraseBytes- DE: "stbl"-
#1283	NEW    cov: 121 ft: 499 corp: 51/9041b lim: 333 exec/s: 0 rss: 29Mb L: 187/333 MS: 5 EraseBytes-ChangeBinInt-CrossOver-InsertByte-CopyPart-
#1307	NEW    cov: 121 ft: 505 corp: 52/9344b lim: 333 exec/s: 0 rss: 29Mb L: 303/333 MS: 4 CopyPart-CrossOver-ChangeBit-InsertRepeatedBytes-
#1316	REDUCE cov: 121 ft: 505 corp: 52/9336b lim: 333 exec/s: 0 rss: 29Mb L: 116/333 MS: 4 CopyPart-InsertRepeatedBytes-ShuffleBytes-EraseBytes-
#1332	REDUCE cov: 121 ft: 505 corp: 52/9312b lim: 333 exec/s: 0 rss: 29Mb L: 24/333 MS: 1 EraseBytes-
#1645	REDUCE cov: 121 ft: 505 corp: 52/9310b lim: 333 exec/s: 0 rss: 29Mb L: 65/333 MS: 3 ShuffleBytes-CrossOver-EraseBytes-
#1649	REDUCE cov: 121 ft: 505 corp: 52/9290b lim: 333 exec/s: 0 rss: 29Mb L: 55/333 MS: 4 ShuffleBytes-InsertRepeatedBytes-EraseBytes-EraseBytes-
#1681	REDUCE cov: 121 ft: 505 corp: 52/9259b lim: 333 exec/s: 0 rss: 29Mb L: 302/333 MS: 2 EraseBytes-CrossOver-
#1802	NEW    cov: 121 ft: 511 corp: 53/9592b lim: 333 exec/s: 0 rss: 29Mb L: 333/333 MS: 1 CopyPart-
#1809	REDUCE cov: 121 ft: 511 corp: 53/9590b lim: 333 exec/s: 0 rss: 29Mb L: 22/333 MS: 2 ChangeByte-EraseBytes-
#1811	REDUCE cov: 122 ft: 512 corp: 54/9596b lim: 333 exec/s: 0 rss: 29Mb L: 6/333 MS: 2 CopyPart-CrossOver-
#1812	REDUCE cov: 122 ft: 512 corp: 54/9585b lim: 333 exec/s: 0 rss: 29Mb L: 212/333 MS: 1 EraseBytes-
#1842	REDUCE cov: 122 ft: 512 corp: 54/9580b lim: 333 exec/s: 0 rss: 29Mb L: 9/333 MS: 5 ShuffleBytes-InsertByte-ChangeByte-ShuffleBytes-EraseBytes-
#1849	NEW    cov: 122 ft: 524 corp: 55/9870b lim: 333 exec/s: 0 rss: 29Mb L: 290/333 MS: 2 CopyPart-CMP- DE: "mfra"-
#1985	NEW    cov: 122 ft: 525 corp: 56/9878b lim: 333 exec/s: 0 rss: 29Mb L: 8/333 MS: 1 CrossOver-
#2102	REDUCE cov: 122 ft: 526 corp: 57/10182b lim: 333 exec/s: 0 rss: 29Mb L: 304/333 MS: 2 ShuffleBytes-CMP- DE: "\001U"-
#2177	REDUCE cov: 122 ft: 526 corp: 57/10180b lim: 333 exec/s: 0 rss: 29Mb L: 141/333 MS: 5 ChangeBinInt-ChangeByte-ChangeBinInt-ChangeBit-EraseBytes-
#2219	NEW    cov: 122 ft: 527 corp: 58/10189b lim: 333 exec/s: 0 rss: 29Mb L: 9/333 MS: 2 EraseBytes-CMP- DE: "\000\000\000\001"-
#2248	NEW    cov: 123 ft: 528 corp: 59/10520b lim: 333 exec/s: 0 rss: 29Mb L: 331/333 MS: 4 ChangeByte-InsertRepeatedBytes-InsertRepeatedBytes-InsertByte-
#2249	REDUCE cov: 123 ft: 528 corp: 59/10488b lim: 333 exec/s: 0 rss: 29Mb L: 155/333 MS: 1 EraseBytes-
#2280	REDUCE cov: 123 ft: 528 corp: 59/10462b lim: 333 exec/s: 0 rss: 29Mb L: 88/333 MS: 1 EraseBytes-
#2284	REDUCE cov: 123 ft: 528 corp: 59/10357b lim: 333 exec/s: 0 rss: 29Mb L: 227/333 MS: 4 ChangeByte-ChangeBinInt-ChangeBit-EraseBytes-
#2287	NEW    cov: 123 ft: 529 corp: 60/10622b lim: 333 exec/s: 0 rss: 29Mb L: 265/333 MS: 3 CopyPart-CopyPart-CrossOver-
#2410	NEW    cov: 123 ft: 530 corp: 61/10891b lim: 333 exec/s: 0 rss: 29Mb L: 269/333 MS: 3 PersAutoDict-ChangeBinInt-PersAutoDict- DE: "\001\000\000\000\001\000\000\000"-"stbl"-
#2456	REDUCE cov: 123 ft: 530 corp: 61/10852b lim: 333 exec/s: 0 rss: 29Mb L: 43/333 MS: 1 EraseBytes-
#2519	REDUCE cov: 123 ft: 530 corp: 61/10841b lim: 333 exec/s: 0 rss: 29Mb L: 11/333 MS: 3 CMP-CopyPart-EraseBytes- DE: "\377\377r\020\350\003\016\266"-
#2581	REDUCE cov: 123 ft: 530 corp: 61/10838b lim: 333 exec/s: 0 rss: 29Mb L: 3/333 MS: 2 ChangeByte-EraseBytes-
#2640	REDUCE cov: 123 ft: 530 corp: 61/10835b lim: 333 exec/s: 0 rss: 29Mb L: 8/333 MS: 4 EraseBytes-ShuffleBytes-ChangeBit-CopyPart-
#2729	REDUCE cov: 123 ft: 530 corp: 61/10813b lim: 333 exec/s: 0 rss: 29Mb L: 208/333 MS: 4 PersAutoDict-ChangeASCIIInt-CopyPart-EraseBytes- DE: "\001\000\000\000\001\000\000\000"-
#2814	REDUCE cov: 123 ft: 531 corp: 62/11070b lim: 333 exec/s: 0 rss: 29Mb L: 257/333 MS: 5 EraseBytes-PersAutoDict-EraseBytes-CrossOver-CrossOver- DE: "\023\000\000\000\000\000\000\000"-
#2878	REDUCE cov: 123 ft: 531 corp: 62/11049b lim: 333 exec/s: 0 rss: 29Mb L: 136/333 MS: 4 ChangeASCIIInt-CMP-CopyPart-EraseBytes- DE: "St9exception"-
#2950	REDUCE cov: 123 ft: 531 corp: 62/11019b lim: 333 exec/s: 0 rss: 29Mb L: 53/333 MS: 2 EraseBytes-CrossOver-
#2952	REDUCE cov: 123 ft: 531 corp: 62/10986b lim: 333 exec/s: 0 rss: 29Mb L: 143/333 MS: 2 CrossOver-EraseBytes-
#3068	REDUCE cov: 123 ft: 531 corp: 62/10967b lim: 333 exec/s: 0 rss: 29Mb L: 259/333 MS: 1 EraseBytes-
#3087	NEW    cov: 123 ft: 532 corp: 63/11266b lim: 333 exec/s: 0 rss: 29Mb L: 299/333 MS: 4 ChangeASCIIInt-ChangeBit-PersAutoDict-CrossOver- DE: "\023\000\000\000\000\000\000\000"-
#3130	REDUCE cov: 123 ft: 532 corp: 63/11254b lim: 333 exec/s: 0 rss: 29Mb L: 38/333 MS: 3 ChangeBinInt-InsertByte-EraseBytes-
#3150	REDUCE cov: 123 ft: 532 corp: 63/11193b lim: 333 exec/s: 0 rss: 29Mb L: 153/333 MS: 5 InsertRepeatedBytes-CopyPart-CMP-CopyPart-CrossOver- DE: "\000\000s\020\350\001\263\216"-
#3183	REDUCE cov: 123 ft: 532 corp: 63/11182b lim: 333 exec/s: 0 rss: 29Mb L: 125/333 MS: 3 ShuffleBytes-ChangeASCIIInt-EraseBytes-
#3240	REDUCE cov: 123 ft: 532 corp: 63/11181b lim: 333 exec/s: 0 rss: 29Mb L: 2/333 MS: 2 CopyPart-EraseBytes-
#3386	REDUCE cov: 123 ft: 532 corp: 63/11168b lim: 333 exec/s: 0 rss: 29Mb L: 112/333 MS: 1 EraseBytes-
#3456	REDUCE cov: 123 ft: 532 corp: 63/11161b lim: 333 exec/s: 0 rss: 29Mb L: 24/333 MS: 5 PersAutoDict-CopyPart-ChangeByte-EraseBytes-InsertByte- DE: "\377\377r\020\350\003\016\266"-
#3507	NEW    cov: 123 ft: 533 corp: 64/11451b lim: 333 exec/s: 0 rss: 29Mb L: 290/333 MS: 1 ChangeBinInt-
#3603	REDUCE cov: 123 ft: 533 corp: 64/11445b lim: 333 exec/s: 0 rss: 29Mb L: 49/333 MS: 1 EraseBytes-
#3605	REDUCE cov: 123 ft: 533 corp: 64/11443b lim: 333 exec/s: 0 rss: 29Mb L: 46/333 MS: 2 ShuffleBytes-EraseBytes-
#3709	REDUCE cov: 123 ft: 533 corp: 64/11408b lim: 333 exec/s: 0 rss: 29Mb L: 264/333 MS: 4 CopyPart-InsertByte-ChangeByte-EraseBytes-
#3770	REDUCE cov: 123 ft: 533 corp: 64/11394b lim: 333 exec/s: 0 rss: 29Mb L: 194/333 MS: 1 EraseBytes-
#3947	REDUCE cov: 123 ft: 533 corp: 64/11393b lim: 333 exec/s: 0 rss: 29Mb L: 8/333 MS: 2 EraseBytes-ChangeBinInt-
#3998	REDUCE cov: 123 ft: 533 corp: 64/11374b lim: 333 exec/s: 0 rss: 29Mb L: 285/333 MS: 1 EraseBytes-
#4025	REDUCE cov: 123 ft: 533 corp: 64/11346b lim: 333 exec/s: 0 rss: 29Mb L: 262/333 MS: 2 ChangeBit-EraseBytes-
#4651	REDUCE cov: 123 ft: 533 corp: 64/11337b lim: 333 exec/s: 0 rss: 29Mb L: 293/333 MS: 1 CrossOver-
#4692	REDUCE cov: 123 ft: 533 corp: 64/11205b lim: 333 exec/s: 0 rss: 29Mb L: 164/333 MS: 1 EraseBytes-
#4760	REDUCE cov: 123 ft: 533 corp: 64/11088b lim: 333 exec/s: 0 rss: 29Mb L: 140/333 MS: 3 ShuffleBytes-ChangeByte-EraseBytes-
#4844	REDUCE cov: 123 ft: 533 corp: 64/11087b lim: 333 exec/s: 0 rss: 29Mb L: 1/333 MS: 4 CrossOver-CMP-EraseBytes-EraseBytes- DE: "\000\000"-
#4955	REDUCE cov: 123 ft: 533 corp: 64/11081b lim: 333 exec/s: 0 rss: 29Mb L: 152/333 MS: 1 EraseBytes-
#4986	NEW    cov: 123 ft: 534 corp: 65/11414b lim: 333 exec/s: 0 rss: 29Mb L: 333/333 MS: 1 ShuffleBytes-
#5049	REDUCE cov: 123 ft: 534 corp: 65/11361b lim: 333 exec/s: 0 rss: 29Mb L: 90/333 MS: 3 CrossOver-InsertRepeatedBytes-CrossOver-
#5060	REDUCE cov: 123 ft: 534 corp: 65/11350b lim: 333 exec/s: 0 rss: 29Mb L: 279/333 MS: 1 EraseBytes-
#5086	REDUCE cov: 123 ft: 534 corp: 65/11281b lim: 333 exec/s: 0 rss: 29Mb L: 43/333 MS: 1 CrossOver-
#5089	REDUCE cov: 123 ft: 534 corp: 65/11250b lim: 333 exec/s: 0 rss: 29Mb L: 121/333 MS: 3 ShuffleBytes-ChangeASCIIInt-EraseBytes-
#5090	REDUCE cov: 123 ft: 534 corp: 65/11212b lim: 333 exec/s: 0 rss: 29Mb L: 52/333 MS: 1 EraseBytes-
#5093	REDUCE cov: 123 ft: 534 corp: 65/11108b lim: 333 exec/s: 0 rss: 29Mb L: 223/333 MS: 3 ChangeBit-EraseBytes-InsertByte-
#5184	REDUCE cov: 123 ft: 534 corp: 65/11100b lim: 333 exec/s: 0 rss: 29Mb L: 44/333 MS: 1 EraseBytes-
#5212	REDUCE cov: 123 ft: 534 corp: 65/11097b lim: 333 exec/s: 0 rss: 29Mb L: 315/333 MS: 3 ChangeByte-EraseBytes-PersAutoDict- DE: "\377\377r\020\350\003\016\266"-
#5888	REDUCE cov: 123 ft: 534 corp: 65/11090b lim: 333 exec/s: 0 rss: 29Mb L: 36/333 MS: 1 EraseBytes-
#5971	REDUCE cov: 123 ft: 534 corp: 65/11081b lim: 333 exec/s: 0 rss: 29Mb L: 35/333 MS: 3 ShuffleBytes-InsertByte-EraseBytes-
#6084	REDUCE cov: 123 ft: 534 corp: 65/11071b lim: 333 exec/s: 6084 rss: 29Mb L: 202/333 MS: 3 ChangeASCIIInt-EraseBytes-CrossOver-
#6843	REDUCE cov: 123 ft: 534 corp: 65/11070b lim: 333 exec/s: 6843 rss: 29Mb L: 268/333 MS: 4 CopyPart-ChangeBit-ChangeBit-EraseBytes-
#6859	REDUCE cov: 123 ft: 534 corp: 65/11036b lim: 333 exec/s: 6859 rss: 29Mb L: 107/333 MS: 1 EraseBytes-
#6941	REDUCE cov: 123 ft: 534 corp: 65/11022b lim: 333 exec/s: 6941 rss: 29Mb L: 294/333 MS: 2 ChangeByte-CrossOver-
#7021	REDUCE cov: 123 ft: 534 corp: 65/11018b lim: 333 exec/s: 7021 rss: 29Mb L: 42/333 MS: 5 CopyPart-ChangeByte-ChangeBit-ChangeByte-EraseBytes-
#7184	REDUCE cov: 123 ft: 534 corp: 65/11009b lim: 333 exec/s: 7184 rss: 29Mb L: 29/333 MS: 3 ChangeByte-ChangeBinInt-EraseBytes-
#7323	REDUCE cov: 123 ft: 534 corp: 65/11007b lim: 333 exec/s: 7323 rss: 29Mb L: 27/333 MS: 4 ChangeBit-ChangeByte-InsertRepeatedBytes-EraseBytes-
#7530	REDUCE cov: 123 ft: 534 corp: 65/10984b lim: 333 exec/s: 7530 rss: 29Mb L: 30/333 MS: 2 EraseBytes-InsertByte-
#7549	REDUCE cov: 123 ft: 534 corp: 65/10962b lim: 333 exec/s: 7549 rss: 29Mb L: 27/333 MS: 4 EraseBytes-PersAutoDict-CMP-EraseBytes- DE: "\000\000"-"hvc1"-
#7741	REDUCE cov: 123 ft: 534 corp: 65/10961b lim: 333 exec/s: 7741 rss: 29Mb L: 26/333 MS: 2 CMP-EraseBytes- DE: "5\260\241X\004\011\342\233"-
#8155	REDUCE cov: 123 ft: 534 corp: 65/10888b lim: 333 exec/s: 8155 rss: 29Mb L: 80/333 MS: 4 PersAutoDict-CrossOver-ShuffleBytes-CrossOver- DE: "\000\000\000\001"-
#8187	NEW    cov: 124 ft: 535 corp: 66/11217b lim: 333 exec/s: 8187 rss: 29Mb L: 329/333 MS: 2 CrossOver-ChangeBit-
#8212	REDUCE cov: 124 ft: 535 corp: 66/11204b lim: 333 exec/s: 8212 rss: 29Mb L: 302/333 MS: 5 InsertByte-ChangeBit-EraseBytes-ShuffleBytes-InsertRepeatedBytes-
#8361	REDUCE cov: 124 ft: 535 corp: 66/11201b lim: 333 exec/s: 8361 rss: 29Mb L: 39/333 MS: 4 ChangeBinInt-CopyPart-EraseBytes-PersAutoDict- DE: "5\260\241X\004\011\342\233"-
#8473	REDUCE cov: 124 ft: 535 corp: 66/11180b lim: 333 exec/s: 8473 rss: 29Mb L: 312/333 MS: 2 ChangeByte-EraseBytes-
#8581	REDUCE cov: 124 ft: 535 corp: 66/11171b lim: 333 exec/s: 8581 rss: 29Mb L: 243/333 MS: 3 EraseBytes-ChangeBinInt-InsertByte-
#8582	REDUCE cov: 124 ft: 535 corp: 66/11170b lim: 333 exec/s: 8582 rss: 29Mb L: 34/333 MS: 1 EraseBytes-
#8722	REDUCE cov: 124 ft: 535 corp: 66/11158b lim: 333 exec/s: 8722 rss: 29Mb L: 24/333 MS: 5 CopyPart-ChangeBinInt-InsertByte-PersAutoDict-EraseBytes- DE: "hvc1"-
#8790	REDUCE cov: 124 ft: 535 corp: 66/11128b lim: 333 exec/s: 8790 rss: 29Mb L: 213/333 MS: 3 ShuffleBytes-ChangeBit-EraseBytes-
#8925	REDUCE cov: 124 ft: 535 corp: 66/11108b lim: 333 exec/s: 8925 rss: 29Mb L: 174/333 MS: 5 ChangeASCIIInt-PersAutoDict-CopyPart-CrossOver-EraseBytes- DE: "mdhd"-
#9099	REDUCE cov: 124 ft: 535 corp: 66/11103b lim: 333 exec/s: 9099 rss: 29Mb L: 159/333 MS: 4 InsertByte-CMP-InsertRepeatedBytes-EraseBytes- DE: "\377\377\377\022"-
#9176	REDUCE cov: 124 ft: 535 corp: 66/11097b lim: 333 exec/s: 9176 rss: 29Mb L: 18/333 MS: 2 CrossOver-EraseBytes-
#9440	REDUCE cov: 124 ft: 535 corp: 66/11076b lim: 333 exec/s: 9440 rss: 29Mb L: 138/333 MS: 4 CopyPart-ChangeBit-ChangeASCIIInt-EraseBytes-
#9481	REDUCE cov: 124 ft: 535 corp: 66/10936b lim: 333 exec/s: 9481 rss: 29Mb L: 147/333 MS: 1 EraseBytes-
#9615	REDUCE cov: 124 ft: 535 corp: 66/10929b lim: 333 exec/s: 9615 rss: 29Mb L: 23/333 MS: 4 ChangeByte-ShuffleBytes-ChangeByte-EraseBytes-
#9857	REDUCE cov: 124 ft: 535 corp: 66/10884b lim: 333 exec/s: 9857 rss: 29Mb L: 182/333 MS: 2 ChangeBinInt-EraseBytes-
#9858	REDUCE cov: 124 ft: 535 corp: 66/10868b lim: 333 exec/s: 9858 rss: 29Mb L: 317/333 MS: 1 EraseBytes-
#10289	REDUCE cov: 124 ft: 535 corp: 66/10850b lim: 333 exec/s: 10289 rss: 29Mb L: 25/333 MS: 1 EraseBytes-
#10347	REDUCE cov: 124 ft: 535 corp: 66/10848b lim: 333 exec/s: 10347 rss: 29Mb L: 16/333 MS: 3 ChangeByte-ChangeBit-EraseBytes-
#10565	REDUCE cov: 124 ft: 535 corp: 66/10846b lim: 333 exec/s: 10565 rss: 29Mb L: 138/333 MS: 3 CopyPart-ChangeBit-EraseBytes-
#10986	REDUCE cov: 124 ft: 535 corp: 66/10840b lim: 333 exec/s: 10986 rss: 29Mb L: 10/333 MS: 1 EraseBytes-
#11026	REDUCE cov: 124 ft: 535 corp: 66/10839b lim: 333 exec/s: 11026 rss: 29Mb L: 104/333 MS: 5 CrossOver-InsertRepeatedBytes-CrossOver-CMP-EraseBytes- DE: "\001\000\000\000\000\000\000\000"-
#11302	REDUCE cov: 124 ft: 536 corp: 67/11103b lim: 333 exec/s: 11302 rss: 29Mb L: 264/333 MS: 1 ChangeByte-
#11404	REDUCE cov: 124 ft: 536 corp: 67/11072b lim: 333 exec/s: 11404 rss: 29Mb L: 271/333 MS: 2 InsertByte-EraseBytes-
#11601	REDUCE cov: 124 ft: 536 corp: 67/11071b lim: 333 exec/s: 11601 rss: 29Mb L: 24/333 MS: 2 InsertByte-EraseBytes-
#11631	REDUCE cov: 124 ft: 536 corp: 67/11069b lim: 333 exec/s: 11631 rss: 29Mb L: 119/333 MS: 5 InsertByte-ChangeASCIIInt-ChangeBit-InsertRepeatedBytes-CrossOver-
#11824	REDUCE cov: 124 ft: 536 corp: 67/11060b lim: 333 exec/s: 11824 rss: 29Mb L: 253/333 MS: 3 InsertRepeatedBytes-CopyPart-EraseBytes-
#11828	REDUCE cov: 124 ft: 536 corp: 67/11058b lim: 333 exec/s: 11828 rss: 29Mb L: 8/333 MS: 4 InsertByte-PersAutoDict-ChangeByte-EraseBytes- DE: "\000\000\000\001"-
#12247	REDUCE cov: 124 ft: 536 corp: 67/10965b lim: 333 exec/s: 12247 rss: 29Mb L: 236/333 MS: 4 PersAutoDict-InsertByte-ShuffleBytes-EraseBytes- DE: "hvc1"-
#12550	REDUCE cov: 124 ft: 536 corp: 67/10960b lim: 333 exec/s: 6275 rss: 29Mb L: 34/333 MS: 2 ChangeBit-EraseBytes-
#12980	REDUCE cov: 124 ft: 537 corp: 68/11283b lim: 333 exec/s: 6490 rss: 29Mb L: 323/333 MS: 5 ChangeByte-ChangeBit-CopyPart-CopyPart-ChangeByte-
#13076	REDUCE cov: 124 ft: 537 corp: 68/11274b lim: 333 exec/s: 6538 rss: 29Mb L: 79/333 MS: 1 CrossOver-
#13607	REDUCE cov: 124 ft: 537 corp: 68/11269b lim: 333 exec/s: 6803 rss: 29Mb L: 18/333 MS: 1 EraseBytes-
#14306	REDUCE cov: 124 ft: 537 corp: 68/11255b lim: 333 exec/s: 7153 rss: 29Mb L: 66/333 MS: 4 EraseBytes-ChangeBit-CMP-CMP- DE: "\001\000s\020\350\011\032\017"-";\000\000\000\000\000\000\000"-
#14371	REDUCE cov: 124 ft: 537 corp: 68/11254b lim: 333 exec/s: 7185 rss: 29Mb L: 103/333 MS: 5 CrossOver-ChangeBit-CMP-EraseBytes-InsertByte- DE: "\300!\010\350\020s\000\000"-
#15217	REDUCE cov: 124 ft: 537 corp: 68/11251b lim: 341 exec/s: 7608 rss: 29Mb L: 116/333 MS: 1 EraseBytes-
#15688	REDUCE cov: 124 ft: 537 corp: 68/11235b lim: 341 exec/s: 7844 rss: 29Mb L: 278/333 MS: 1 EraseBytes-
#15699	REDUCE cov: 124 ft: 538 corp: 69/11547b lim: 341 exec/s: 7849 rss: 29Mb L: 312/333 MS: 1 CMP- DE: "edts"-
#15796	REDUCE cov: 124 ft: 538 corp: 69/11515b lim: 341 exec/s: 7898 rss: 29Mb L: 84/333 MS: 2 CopyPart-EraseBytes-
#15818	REDUCE cov: 124 ft: 538 corp: 69/11490b lim: 341 exec/s: 7909 rss: 29Mb L: 287/333 MS: 2 PersAutoDict-EraseBytes- DE: "mdhd"-
#15936	NEW    cov: 124 ft: 539 corp: 70/11830b lim: 341 exec/s: 7968 rss: 29Mb L: 340/340 MS: 3 ChangeBit-CopyPart-CrossOver-
#16384	pulse  cov: 124 ft: 539 corp: 70/11830b lim: 341 exec/s: 8192 rss: 29Mb
#16433	REDUCE cov: 124 ft: 539 corp: 70/11793b lim: 341 exec/s: 8216 rss: 29Mb L: 42/340 MS: 2 ChangeBit-EraseBytes-
#16522	REDUCE cov: 124 ft: 539 corp: 70/11791b lim: 341 exec/s: 8261 rss: 29Mb L: 257/340 MS: 4 ChangeBinInt-InsertRepeatedBytes-ChangeASCIIInt-EraseBytes-
#16827	REDUCE cov: 124 ft: 539 corp: 70/11769b lim: 341 exec/s: 8413 rss: 29Mb L: 44/340 MS: 5 CrossOver-ShuffleBytes-CrossOver-ChangeByte-EraseBytes-
#16944	NEW    cov: 124 ft: 540 corp: 71/12097b lim: 341 exec/s: 8472 rss: 29Mb L: 328/340 MS: 2 CopyPart-InsertByte-
#17192	REDUCE cov: 124 ft: 540 corp: 71/12073b lim: 341 exec/s: 8596 rss: 29Mb L: 92/340 MS: 3 InsertRepeatedBytes-CrossOver-EraseBytes-
#17278	REDUCE cov: 124 ft: 540 corp: 71/12041b lim: 341 exec/s: 8639 rss: 29Mb L: 60/340 MS: 1 EraseBytes-
#17279	REDUCE cov: 124 ft: 540 corp: 71/12033b lim: 341 exec/s: 8639 rss: 29Mb L: 130/340 MS: 1 EraseBytes-
#17281	REDUCE cov: 124 ft: 540 corp: 71/12011b lim: 341 exec/s: 8640 rss: 29Mb L: 257/340 MS: 2 ChangeByte-EraseBytes-
#17488	REDUCE cov: 124 ft: 540 corp: 71/11995b lim: 341 exec/s: 8744 rss: 29Mb L: 49/340 MS: 2 EraseBytes-CopyPart-
#17587	REDUCE cov: 124 ft: 540 corp: 71/11983b lim: 341 exec/s: 8793 rss: 29Mb L: 48/340 MS: 4 ChangeByte-CopyPart-EraseBytes-InsertByte-
#17617	REDUCE cov: 124 ft: 540 corp: 71/11982b lim: 341 exec/s: 8808 rss: 29Mb L: 322/340 MS: 5 CMP-ChangeByte-ShuffleBytes-ChangeByte-EraseBytes- DE: "0iso"-
#17621	REDUCE cov: 124 ft: 540 corp: 71/11968b lim: 341 exec/s: 8810 rss: 29Mb L: 130/340 MS: 4 InsertRepeatedBytes-InsertByte-EraseBytes-ShuffleBytes-
#17663	REDUCE cov: 124 ft: 540 corp: 71/11966b lim: 341 exec/s: 8831 rss: 29Mb L: 269/340 MS: 2 ShuffleBytes-EraseBytes-
#17816	REDUCE cov: 124 ft: 540 corp: 71/11965b lim: 341 exec/s: 8908 rss: 29Mb L: 292/340 MS: 3 ChangeASCIIInt-ChangeASCIIInt-EraseBytes-
#18037	REDUCE cov: 124 ft: 540 corp: 71/11905b lim: 341 exec/s: 9018 rss: 29Mb L: 230/340 MS: 1 EraseBytes-
#19018	REDUCE cov: 124 ft: 540 corp: 71/11900b lim: 349 exec/s: 6339 rss: 29Mb L: 30/340 MS: 1 EraseBytes-
#19077	REDUCE cov: 124 ft: 540 corp: 71/11899b lim: 349 exec/s: 6359 rss: 29Mb L: 33/340 MS: 4 PersAutoDict-InsertByte-ShuffleBytes-EraseBytes- DE: "\377\377r\020\350\003\016\266"-
#19097	REDUCE cov: 124 ft: 552 corp: 72/12232b lim: 349 exec/s: 6365 rss: 30Mb L: 333/340 MS: 5 ChangeBinInt-CMP-PersAutoDict-ChangeBit-CMP- DE: "mvex"-"mfra"-"pixi"-
#19114	REDUCE cov: 124 ft: 569 corp: 73/12258b lim: 349 exec/s: 6371 rss: 30Mb L: 26/340 MS: 2 InsertByte-CMP- DE: "\000\000\000\001"-
#19154	REDUCE cov: 124 ft: 569 corp: 73/12256b lim: 349 exec/s: 6384 rss: 30Mb L: 285/340 MS: 5 ChangeBit-CMP-InsertByte-ChangeASCIIInt-EraseBytes- DE: "\001\000\000t"-
#19490	REDUCE cov: 124 ft: 569 corp: 73/12255b lim: 349 exec/s: 6496 rss: 30Mb L: 29/340 MS: 1 EraseBytes-
#20522	NEW    cov: 124 ft: 570 corp: 74/12605b lim: 357 exec/s: 6840 rss: 30Mb L: 350/350 MS: 2 CrossOver-ChangeBit-
#20813	REDUCE cov: 124 ft: 570 corp: 74/12554b lim: 357 exec/s: 6937 rss: 30Mb L: 299/340 MS: 1 EraseBytes-
#20920	REDUCE cov: 124 ft: 570 corp: 74/12538b lim: 357 exec/s: 6973 rss: 30Mb L: 32/340 MS: 2 ChangeASCIIInt-EraseBytes-
#21007	REDUCE cov: 124 ft: 570 corp: 74/12526b lim: 357 exec/s: 7002 rss: 30Mb L: 72/340 MS: 2 ShuffleBytes-EraseBytes-
#21413	REDUCE cov: 124 ft: 570 corp: 74/12502b lim: 357 exec/s: 7137 rss: 30Mb L: 199/340 MS: 1 EraseBytes-
#21473	REDUCE cov: 124 ft: 574 corp: 75/12775b lim: 357 exec/s: 7157 rss: 30Mb L: 273/340 MS: 5 ChangeByte-InsertByte-PersAutoDict-CMP-CMP- DE: "\000\000\000\000\000\000\000\020"-"schm"-"pixi"-
#21514	REDUCE cov: 124 ft: 574 corp: 75/12736b lim: 357 exec/s: 7171 rss: 30Mb L: 256/340 MS: 1 EraseBytes-
#21686	REDUCE cov: 124 ft: 574 corp: 75/12698b lim: 357 exec/s: 7228 rss: 30Mb L: 235/340 MS: 2 ShuffleBytes-EraseBytes-
#22023	REDUCE cov: 124 ft: 574 corp: 75/12603b lim: 357 exec/s: 7341 rss: 30Mb L: 140/340 MS: 2 ChangeBinInt-EraseBytes-
#22126	REDUCE cov: 124 ft: 574 corp: 75/12597b lim: 357 exec/s: 7375 rss: 30Mb L: 12/340 MS: 3 ChangeBit-CrossOver-EraseBytes-
#22638	REDUCE cov: 124 ft: 575 corp: 76/12793b lim: 357 exec/s: 7546 rss: 30Mb L: 196/340 MS: 2 ChangeASCIIInt-EraseBytes-
#23051	REDUCE cov: 124 ft: 575 corp: 76/12776b lim: 357 exec/s: 7683 rss: 30Mb L: 219/340 MS: 3 InsertRepeatedBytes-ChangeByte-EraseBytes-
#23522	REDUCE cov: 124 ft: 575 corp: 76/12741b lim: 357 exec/s: 7840 rss: 30Mb L: 105/340 MS: 1 EraseBytes-
#24094	REDUCE cov: 124 ft: 575 corp: 76/12740b lim: 357 exec/s: 8031 rss: 30Mb L: 25/340 MS: 2 ChangeByte-EraseBytes-
#24541	NEW    cov: 124 ft: 580 corp: 77/13073b lim: 357 exec/s: 8180 rss: 30Mb L: 333/340 MS: 2 PersAutoDict-CMP- DE: "\377\377r\020\350\003\016\266"-"mfra"-
#24763	REDUCE cov: 124 ft: 580 corp: 77/13072b lim: 357 exec/s: 6190 rss: 30Mb L: 25/340 MS: 2 ChangeBit-EraseBytes-
#25173	REDUCE cov: 124 ft: 580 corp: 77/13062b lim: 357 exec/s: 6293 rss: 30Mb L: 164/340 MS: 5 EraseBytes-EraseBytes-InsertByte-ChangeASCIIInt-CopyPart-
#25259	REDUCE cov: 124 ft: 580 corp: 77/13057b lim: 357 exec/s: 6314 rss: 30Mb L: 20/340 MS: 1 EraseBytes-
#25369	REDUCE cov: 124 ft: 580 corp: 77/12986b lim: 357 exec/s: 6342 rss: 30Mb L: 228/340 MS: 5 ShuffleBytes-InsertByte-InsertRepeatedBytes-ChangeByte-EraseBytes-
#25490	REDUCE cov: 124 ft: 580 corp: 77/12968b lim: 357 exec/s: 6372 rss: 30Mb L: 87/340 MS: 1 EraseBytes-
#25517	REDUCE cov: 124 ft: 580 corp: 77/12964b lim: 357 exec/s: 6379 rss: 30Mb L: 209/340 MS: 2 CrossOver-EraseBytes-
#25530	REDUCE cov: 124 ft: 580 corp: 77/12961b lim: 357 exec/s: 6382 rss: 30Mb L: 135/340 MS: 3 EraseBytes-InsertByte-InsertRepeatedBytes-
#25918	REDUCE cov: 124 ft: 580 corp: 77/12960b lim: 357 exec/s: 6479 rss: 30Mb L: 221/340 MS: 3 ChangeByte-ChangeBit-EraseBytes-
#27434	REDUCE cov: 124 ft: 580 corp: 77/12950b lim: 365 exec/s: 6858 rss: 30Mb L: 307/340 MS: 1 EraseBytes-
#27446	REDUCE cov: 124 ft: 580 corp: 77/12946b lim: 365 exec/s: 6861 rss: 30Mb L: 16/340 MS: 2 PersAutoDict-EraseBytes- DE: "5\260\241X\004\011\342\233"-
#27654	REDUCE cov: 124 ft: 580 corp: 77/12944b lim: 365 exec/s: 6913 rss: 30Mb L: 25/340 MS: 3 ShuffleBytes-EraseBytes-InsertByte-
==778696== ERROR: libFuzzer: out-of-memory (used: 2161Mb; limit: 1024Mb)
   To change the out-of-memory limit use -rss_limit_mb=<N>

MS: 5 ChangeBit-ChangeBinInt-CMP-ShuffleBytes-CMP- DE: "\257\251\021\350\020s\000\000"-"\001\000\000\036"-; base unit: 594e223be572e732916b46910284dd2953638708
artifact_prefix='/results/crashes/20260313_183017_d529a6c7_'; Test unit written to /results/crashes/20260313_183017_d529a6c7_oom-43a0f6b4d3426980f6426d0af2d4f4efddb1106f
SUMMARY: libFuzzer: out-of-memory
stat::number_of_executed_units: 28294
stat::average_exec_per_sec:     4715
stat::new_units_added:          224
stat::slowest_unit_time_sec:    0
stat::peak_rss_mb:              2162
