INFO: Running with entropic power schedule (0xFF, 100).
INFO: Seed: 3016437264
INFO: Loaded 1 modules   (252 inline 8-bit counters): 252 [0x5addb968c678, 0x5addb968c774), 
INFO: Loaded 1 PC tables (252 PCs): 252 [0x5addb968c778,0x5addb968d738), 
INFO:        4 files found in /tmp/corpus_20260313_155413_dee4e505
INFO: seed corpus: files: 4 min: 48b max: 333b total: 853b rss: 28Mb
#5	INITED cov: 119 ft: 250 corp: 4/853b exec/s: 0 rss: 29Mb
#6	NEW    cov: 119 ft: 268 corp: 5/902b lim: 333 exec/s: 0 rss: 29Mb L: 49/333 MS: 1 InsertByte-
#11	NEW    cov: 119 ft: 270 corp: 6/1188b lim: 333 exec/s: 0 rss: 29Mb L: 286/333 MS: 5 EraseBytes-ChangeBinInt-CMP-CMP-CrossOver- DE: "\260\000\000\000\000\000\000\000"-"\000\000\000\000\001\000\000\000"-
#13	NEW    cov: 119 ft: 271 corp: 7/1521b lim: 333 exec/s: 0 rss: 29Mb L: 333/333 MS: 2 CrossOver-ChangeBit-
#14	NEW    cov: 119 ft: 279 corp: 8/1741b lim: 333 exec/s: 0 rss: 29Mb L: 220/333 MS: 1 CMP- DE: "mdia"-
#29	NEW    cov: 119 ft: 289 corp: 9/2001b lim: 333 exec/s: 0 rss: 29Mb L: 260/333 MS: 5 ChangeByte-ChangeBinInt-ShuffleBytes-ChangeBinInt-CMP- DE: "\000\000Z\335\306c\016\233"-
#31	NEW    cov: 121 ft: 302 corp: 10/2309b lim: 333 exec/s: 0 rss: 29Mb L: 308/333 MS: 2 ChangeBinInt-InsertRepeatedBytes-
#32	NEW    cov: 121 ft: 317 corp: 11/2358b lim: 333 exec/s: 0 rss: 29Mb L: 49/333 MS: 1 InsertByte-
#33	NEW    cov: 121 ft: 323 corp: 12/2415b lim: 333 exec/s: 0 rss: 29Mb L: 57/333 MS: 1 PersAutoDict- DE: "\260\000\000\000\000\000\000\000"-
#37	NEW    cov: 121 ft: 328 corp: 13/2668b lim: 333 exec/s: 0 rss: 29Mb L: 253/333 MS: 4 ChangeBinInt-ChangeBinInt-InsertByte-ChangeBit-
#38	NEW    cov: 122 ft: 329 corp: 14/2926b lim: 333 exec/s: 0 rss: 29Mb L: 258/333 MS: 1 InsertRepeatedBytes-
#39	NEW    cov: 122 ft: 331 corp: 15/3147b lim: 333 exec/s: 0 rss: 29Mb L: 221/333 MS: 1 InsertByte-
#40	NEW    cov: 122 ft: 361 corp: 16/3195b lim: 333 exec/s: 0 rss: 29Mb L: 48/333 MS: 1 PersAutoDict- DE: "\000\000\000\000\001\000\000\000"-
#41	NEW    cov: 122 ft: 365 corp: 17/3243b lim: 333 exec/s: 0 rss: 29Mb L: 48/333 MS: 1 ChangeBit-
#42	NEW    cov: 122 ft: 367 corp: 18/3517b lim: 333 exec/s: 0 rss: 29Mb L: 274/333 MS: 1 InsertRepeatedBytes-
#47	NEW    cov: 122 ft: 373 corp: 19/3667b lim: 333 exec/s: 0 rss: 29Mb L: 150/333 MS: 5 PersAutoDict-CrossOver-EraseBytes-CrossOver-EraseBytes- DE: "\000\000\000\000\001\000\000\000"-
#53	REDUCE cov: 122 ft: 373 corp: 19/3561b lim: 333 exec/s: 0 rss: 29Mb L: 168/333 MS: 1 EraseBytes-
#55	NEW    cov: 122 ft: 374 corp: 20/3894b lim: 333 exec/s: 0 rss: 29Mb L: 333/333 MS: 2 ChangeByte-CopyPart-
#56	NEW    cov: 122 ft: 376 corp: 21/3943b lim: 333 exec/s: 0 rss: 29Mb L: 49/333 MS: 1 PersAutoDict- DE: "\000\000\000\000\001\000\000\000"-
#59	NEW    cov: 122 ft: 385 corp: 22/4012b lim: 333 exec/s: 0 rss: 29Mb L: 69/333 MS: 3 CrossOver-ShuffleBytes-CopyPart-
#62	NEW    cov: 122 ft: 401 corp: 23/4041b lim: 333 exec/s: 0 rss: 29Mb L: 29/333 MS: 3 EraseBytes-ShuffleBytes-EraseBytes-
#64	NEW    cov: 122 ft: 409 corp: 24/4218b lim: 333 exec/s: 0 rss: 29Mb L: 177/333 MS: 2 EraseBytes-ChangeBit-
#66	NEW    cov: 122 ft: 410 corp: 25/4447b lim: 333 exec/s: 0 rss: 29Mb L: 229/333 MS: 2 ShuffleBytes-CrossOver-
#70	REDUCE cov: 122 ft: 410 corp: 25/4443b lim: 333 exec/s: 0 rss: 29Mb L: 329/333 MS: 4 PersAutoDict-ShuffleBytes-EraseBytes-InsertByte- DE: "\000\000Z\335\306c\016\233"-
#73	NEW    cov: 123 ft: 412 corp: 26/4720b lim: 333 exec/s: 0 rss: 29Mb L: 277/333 MS: 3 CrossOver-InsertByte-CopyPart-
#75	NEW    cov: 123 ft: 413 corp: 27/4949b lim: 333 exec/s: 0 rss: 29Mb L: 229/333 MS: 2 ChangeASCIIInt-ChangeBinInt-
#81	NEW    cov: 123 ft: 414 corp: 28/5235b lim: 333 exec/s: 0 rss: 29Mb L: 286/333 MS: 1 ChangeBinInt-
#94	NEW    cov: 123 ft: 416 corp: 29/5337b lim: 333 exec/s: 0 rss: 29Mb L: 102/333 MS: 3 PersAutoDict-CrossOver-InsertRepeatedBytes- DE: "\000\000\000\000\001\000\000\000"-
#104	NEW    cov: 123 ft: 417 corp: 30/5451b lim: 333 exec/s: 0 rss: 29Mb L: 114/333 MS: 5 ShuffleBytes-CrossOver-ChangeByte-EraseBytes-CrossOver-
#110	NEW    cov: 123 ft: 418 corp: 31/5738b lim: 333 exec/s: 0 rss: 29Mb L: 287/333 MS: 1 InsertByte-
#117	NEW    cov: 123 ft: 419 corp: 32/5914b lim: 333 exec/s: 0 rss: 29Mb L: 176/333 MS: 2 EraseBytes-InsertRepeatedBytes-
#118	REDUCE cov: 123 ft: 420 corp: 33/6243b lim: 333 exec/s: 0 rss: 29Mb L: 329/333 MS: 1 CopyPart-
#136	NEW    cov: 123 ft: 421 corp: 34/6292b lim: 333 exec/s: 0 rss: 29Mb L: 49/333 MS: 3 CMP-ChangeBit-ChangeByte- DE: "\001\000\000\000\000\000\000\000"-
#146	NEW    cov: 123 ft: 422 corp: 35/6563b lim: 333 exec/s: 0 rss: 29Mb L: 271/333 MS: 5 EraseBytes-CopyPart-CopyPart-CMP-CopyPart- DE: "mdia"-
#147	NEW    cov: 123 ft: 423 corp: 36/6656b lim: 333 exec/s: 0 rss: 29Mb L: 93/333 MS: 1 EraseBytes-
#150	NEW    cov: 123 ft: 424 corp: 37/6750b lim: 333 exec/s: 0 rss: 29Mb L: 94/333 MS: 3 CopyPart-PersAutoDict-InsertByte- DE: "\260\000\000\000\000\000\000\000"-
#168	NEW    cov: 123 ft: 429 corp: 38/7051b lim: 333 exec/s: 0 rss: 29Mb L: 301/333 MS: 3 ChangeASCIIInt-ChangeByte-InsertRepeatedBytes-
#172	NEW    cov: 123 ft: 430 corp: 39/7128b lim: 333 exec/s: 0 rss: 29Mb L: 77/333 MS: 4 CMP-ChangeBinInt-CopyPart-CMP- DE: "ffE\271\335Z\000\000"-"\377\377Y\335\271F\013\335"-
#179	NEW    cov: 123 ft: 434 corp: 40/7432b lim: 333 exec/s: 0 rss: 29Mb L: 304/333 MS: 2 CopyPart-CopyPart-
#253	NEW    cov: 123 ft: 444 corp: 41/7455b lim: 333 exec/s: 0 rss: 29Mb L: 23/333 MS: 4 ShuffleBytes-ChangeByte-EraseBytes-EraseBytes-
#261	NEW    cov: 123 ft: 453 corp: 42/7719b lim: 333 exec/s: 0 rss: 29Mb L: 264/333 MS: 3 CopyPart-CMP-CrossOver- DE: "\000\000\000\000\000\000\001\015"-
#281	NEW    cov: 123 ft: 454 corp: 43/7769b lim: 333 exec/s: 0 rss: 29Mb L: 50/333 MS: 5 ChangeBit-InsertByte-ChangeByte-InsertRepeatedBytes-EraseBytes-
#286	NEW    cov: 123 ft: 455 corp: 44/8102b lim: 333 exec/s: 0 rss: 29Mb L: 333/333 MS: 5 InsertByte-ChangeBinInt-InsertRepeatedBytes-ChangeASCIIInt-InsertByte-
#301	NEW    cov: 123 ft: 461 corp: 45/8427b lim: 333 exec/s: 0 rss: 29Mb L: 325/333 MS: 5 ShuffleBytes-EraseBytes-ChangeByte-ChangeASCIIInt-InsertRepeatedBytes-
#572	NEW    cov: 123 ft: 477 corp: 46/8436b lim: 333 exec/s: 0 rss: 29Mb L: 9/333 MS: 1 CrossOver-
#603	REDUCE cov: 123 ft: 477 corp: 46/8431b lim: 333 exec/s: 0 rss: 29Mb L: 18/333 MS: 1 EraseBytes-
#653	REDUCE cov: 123 ft: 477 corp: 46/8420b lim: 333 exec/s: 0 rss: 29Mb L: 318/333 MS: 5 CMP-ChangeASCIIInt-CopyPart-CopyPart-EraseBytes- DE: "hvcC"-
#683	NEW    cov: 123 ft: 478 corp: 47/8752b lim: 333 exec/s: 0 rss: 29Mb L: 332/333 MS: 5 CopyPart-CopyPart-CrossOver-InsertRepeatedBytes-CMP- DE: "urn "-
#724	NEW    cov: 123 ft: 479 corp: 48/9017b lim: 333 exec/s: 0 rss: 29Mb L: 265/333 MS: 1 InsertByte-
#730	REDUCE cov: 123 ft: 479 corp: 48/9005b lim: 333 exec/s: 0 rss: 29Mb L: 165/333 MS: 1 EraseBytes-
#731	REDUCE cov: 123 ft: 479 corp: 48/8939b lim: 333 exec/s: 0 rss: 29Mb L: 267/333 MS: 1 EraseBytes-
#752	REDUCE cov: 123 ft: 479 corp: 48/8937b lim: 333 exec/s: 0 rss: 29Mb L: 27/333 MS: 1 EraseBytes-
#868	NEW    cov: 123 ft: 480 corp: 49/9177b lim: 333 exec/s: 0 rss: 29Mb L: 240/333 MS: 1 EraseBytes-
#882	REDUCE cov: 123 ft: 480 corp: 49/9169b lim: 333 exec/s: 0 rss: 29Mb L: 321/333 MS: 4 CopyPart-EraseBytes-CMP-CrossOver- DE: "\001\000\000\001\000\000\000\001"-
#978	NEW    cov: 123 ft: 482 corp: 50/9177b lim: 333 exec/s: 0 rss: 29Mb L: 8/333 MS: 1 EraseBytes-
#1259	REDUCE cov: 123 ft: 482 corp: 50/9176b lim: 333 exec/s: 0 rss: 29Mb L: 49/333 MS: 1 EraseBytes-
#1276	REDUCE cov: 123 ft: 482 corp: 50/9174b lim: 333 exec/s: 0 rss: 29Mb L: 316/333 MS: 2 CMP-EraseBytes- DE: "stts"-
#1318	NEW    cov: 124 ft: 483 corp: 51/9180b lim: 333 exec/s: 0 rss: 29Mb L: 6/333 MS: 2 CopyPart-EraseBytes-
#1392	REDUCE cov: 124 ft: 483 corp: 51/9139b lim: 333 exec/s: 0 rss: 29Mb L: 211/333 MS: 4 CopyPart-EraseBytes-CopyPart-InsertRepeatedBytes-
#1434	REDUCE cov: 124 ft: 483 corp: 51/9135b lim: 333 exec/s: 0 rss: 29Mb L: 44/333 MS: 2 ChangeASCIIInt-EraseBytes-
#1455	NEW    cov: 124 ft: 492 corp: 52/9431b lim: 333 exec/s: 0 rss: 29Mb L: 296/333 MS: 1 InsertRepeatedBytes-
#1458	REDUCE cov: 124 ft: 492 corp: 52/9430b lim: 333 exec/s: 0 rss: 29Mb L: 303/333 MS: 3 CopyPart-ShuffleBytes-EraseBytes-
#1524	NEW    cov: 125 ft: 494 corp: 53/9619b lim: 333 exec/s: 0 rss: 29Mb L: 189/333 MS: 1 CrossOver-
#1616	REDUCE cov: 125 ft: 494 corp: 53/9616b lim: 333 exec/s: 0 rss: 29Mb L: 293/333 MS: 2 ChangeByte-EraseBytes-
#1636	REDUCE cov: 125 ft: 494 corp: 53/9578b lim: 333 exec/s: 0 rss: 29Mb L: 112/333 MS: 5 ChangeASCIIInt-CMP-ChangeBit-ShuffleBytes-EraseBytes- DE: "rJc\306\335Z\000\000"-
#1697	REDUCE cov: 125 ft: 494 corp: 53/9532b lim: 333 exec/s: 0 rss: 29Mb L: 212/333 MS: 1 EraseBytes-
#1841	REDUCE cov: 125 ft: 494 corp: 53/9520b lim: 333 exec/s: 0 rss: 29Mb L: 65/333 MS: 4 EraseBytes-ShuffleBytes-ChangeByte-CMP- DE: "\011\000\000\000"-
#1857	REDUCE cov: 125 ft: 494 corp: 53/9516b lim: 333 exec/s: 0 rss: 29Mb L: 40/333 MS: 1 EraseBytes-
#1868	REDUCE cov: 125 ft: 494 corp: 53/9418b lim: 333 exec/s: 0 rss: 29Mb L: 142/333 MS: 1 EraseBytes-
#1897	REDUCE cov: 125 ft: 494 corp: 53/9392b lim: 333 exec/s: 0 rss: 29Mb L: 23/333 MS: 4 ChangeBinInt-InsertByte-ChangeByte-CrossOver-
#2083	REDUCE cov: 125 ft: 494 corp: 53/9389b lim: 333 exec/s: 0 rss: 29Mb L: 3/333 MS: 1 EraseBytes-
#2086	REDUCE cov: 125 ft: 495 corp: 54/9719b lim: 333 exec/s: 0 rss: 29Mb L: 330/333 MS: 3 InsertByte-PersAutoDict-ShuffleBytes- DE: "rJc\306\335Z\000\000"-
#2133	NEW    cov: 125 ft: 496 corp: 55/10028b lim: 333 exec/s: 0 rss: 29Mb L: 309/333 MS: 2 ChangeByte-InsertByte-
#2479	REDUCE cov: 125 ft: 496 corp: 55/10027b lim: 333 exec/s: 0 rss: 29Mb L: 2/333 MS: 1 EraseBytes-
#2670	REDUCE cov: 125 ft: 496 corp: 55/10024b lim: 333 exec/s: 0 rss: 29Mb L: 173/333 MS: 1 EraseBytes-
#2885	REDUCE cov: 125 ft: 498 corp: 56/10255b lim: 333 exec/s: 0 rss: 29Mb L: 231/333 MS: 5 InsertRepeatedBytes-ChangeBit-InsertByte-ChangeBinInt-ChangeBinInt-
#2893	REDUCE cov: 125 ft: 498 corp: 56/10253b lim: 333 exec/s: 0 rss: 29Mb L: 284/333 MS: 3 PersAutoDict-ChangeBit-EraseBytes- DE: "\001\000\000\001\000\000\000\001"-
#2959	NEW    cov: 125 ft: 504 corp: 57/10513b lim: 333 exec/s: 0 rss: 29Mb L: 260/333 MS: 1 CopyPart-
#2990	REDUCE cov: 125 ft: 504 corp: 57/10494b lim: 333 exec/s: 0 rss: 29Mb L: 123/333 MS: 1 EraseBytes-
#3146	REDUCE cov: 125 ft: 504 corp: 57/10463b lim: 333 exec/s: 0 rss: 29Mb L: 92/333 MS: 1 EraseBytes-
#3194	REDUCE cov: 125 ft: 504 corp: 57/10461b lim: 333 exec/s: 0 rss: 29Mb L: 163/333 MS: 3 InsertRepeatedBytes-CopyPart-EraseBytes-
#3222	REDUCE cov: 125 ft: 504 corp: 57/10446b lim: 333 exec/s: 0 rss: 29Mb L: 310/333 MS: 3 CMP-ChangeBit-CrossOver- DE: "\001\000\000\010"-
#3377	REDUCE cov: 125 ft: 504 corp: 57/10445b lim: 333 exec/s: 0 rss: 29Mb L: 1/333 MS: 5 CrossOver-ChangeBit-ChangeBit-CrossOver-EraseBytes-
#3382	REDUCE cov: 125 ft: 504 corp: 57/10332b lim: 333 exec/s: 0 rss: 29Mb L: 220/333 MS: 5 PersAutoDict-EraseBytes-InsertRepeatedBytes-InsertByte-PersAutoDict- DE: "\000\000\000\000\000\000\001\015"-"\377\377Y\335\271F\013\335"-
#3383	REDUCE cov: 125 ft: 504 corp: 57/10291b lim: 333 exec/s: 0 rss: 29Mb L: 219/333 MS: 1 EraseBytes-
#3660	REDUCE cov: 125 ft: 504 corp: 57/10245b lim: 333 exec/s: 0 rss: 29Mb L: 143/333 MS: 2 ShuffleBytes-EraseBytes-
#3670	REDUCE cov: 125 ft: 504 corp: 57/10185b lim: 333 exec/s: 0 rss: 29Mb L: 226/333 MS: 5 CopyPart-InsertRepeatedBytes-ChangeBit-EraseBytes-EraseBytes-
#3873	REDUCE cov: 125 ft: 504 corp: 57/10178b lim: 333 exec/s: 0 rss: 29Mb L: 85/333 MS: 3 ChangeByte-InsertByte-EraseBytes-
#3893	REDUCE cov: 125 ft: 504 corp: 57/10107b lim: 333 exec/s: 0 rss: 29Mb L: 149/333 MS: 5 CrossOver-CopyPart-InsertRepeatedBytes-CMP-EraseBytes- DE: "stbl"-
#3987	REDUCE cov: 125 ft: 504 corp: 57/10106b lim: 333 exec/s: 0 rss: 29Mb L: 22/333 MS: 4 ChangeASCIIInt-ShuffleBytes-PersAutoDict-EraseBytes- DE: "ffE\271\335Z\000\000"-
#4082	REDUCE cov: 125 ft: 504 corp: 57/10100b lim: 333 exec/s: 0 rss: 29Mb L: 16/333 MS: 5 PersAutoDict-ShuffleBytes-ChangeByte-ShuffleBytes-EraseBytes- DE: "rJc\306\335Z\000\000"-
#4131	REDUCE cov: 125 ft: 504 corp: 57/10083b lim: 333 exec/s: 0 rss: 29Mb L: 126/333 MS: 4 InsertByte-CopyPart-ShuffleBytes-EraseBytes-
#4229	REDUCE cov: 125 ft: 504 corp: 57/10079b lim: 333 exec/s: 0 rss: 29Mb L: 12/333 MS: 3 ChangeBit-CMP-EraseBytes- DE: "\377>"-
#4480	REDUCE cov: 125 ft: 504 corp: 57/10072b lim: 333 exec/s: 0 rss: 29Mb L: 296/333 MS: 1 EraseBytes-
#4624	REDUCE cov: 125 ft: 504 corp: 57/10046b lim: 333 exec/s: 0 rss: 29Mb L: 304/333 MS: 4 ChangeBinInt-CopyPart-CopyPart-EraseBytes-
#4666	NEW    cov: 125 ft: 510 corp: 58/10295b lim: 333 exec/s: 0 rss: 29Mb L: 249/333 MS: 2 ChangeBit-InsertRepeatedBytes-
#4731	REDUCE cov: 125 ft: 510 corp: 58/10293b lim: 333 exec/s: 0 rss: 29Mb L: 38/333 MS: 5 CopyPart-ChangeBinInt-EraseBytes-ChangeBinInt-ChangeBinInt-
#4916	REDUCE cov: 125 ft: 510 corp: 58/10280b lim: 333 exec/s: 0 rss: 29Mb L: 280/333 MS: 5 InsertRepeatedBytes-ChangeBit-ChangeBit-ChangeBit-EraseBytes-
#5017	REDUCE cov: 125 ft: 510 corp: 58/10278b lim: 333 exec/s: 0 rss: 29Mb L: 16/333 MS: 1 EraseBytes-
#5206	REDUCE cov: 125 ft: 510 corp: 58/10271b lim: 333 exec/s: 0 rss: 29Mb L: 105/333 MS: 4 ChangeBinInt-InsertByte-CrossOver-EraseBytes-
#5443	REDUCE cov: 125 ft: 510 corp: 58/10253b lim: 333 exec/s: 0 rss: 29Mb L: 145/333 MS: 2 CrossOver-EraseBytes-
#5508	REDUCE cov: 125 ft: 510 corp: 58/10248b lim: 333 exec/s: 0 rss: 29Mb L: 97/333 MS: 5 InsertByte-ShuffleBytes-CrossOver-EraseBytes-CMP- DE: "avc1"-
#5564	REDUCE cov: 125 ft: 510 corp: 58/10228b lim: 333 exec/s: 0 rss: 29Mb L: 106/333 MS: 1 EraseBytes-
#5595	REDUCE cov: 125 ft: 510 corp: 58/10209b lim: 333 exec/s: 0 rss: 29Mb L: 87/333 MS: 1 EraseBytes-
#5732	REDUCE cov: 125 ft: 510 corp: 58/10208b lim: 333 exec/s: 0 rss: 29Mb L: 56/333 MS: 2 ChangeBinInt-EraseBytes-
#5918	REDUCE cov: 125 ft: 510 corp: 58/10205b lim: 333 exec/s: 0 rss: 29Mb L: 9/333 MS: 1 EraseBytes-
#5937	REDUCE cov: 125 ft: 510 corp: 58/10182b lim: 333 exec/s: 0 rss: 29Mb L: 82/333 MS: 4 ChangeASCIIInt-InsertByte-ShuffleBytes-EraseBytes-
#5970	NEW    cov: 125 ft: 511 corp: 59/10442b lim: 333 exec/s: 0 rss: 29Mb L: 260/333 MS: 3 ChangeBit-CrossOver-CrossOver-
#6028	REDUCE cov: 125 ft: 511 corp: 59/10408b lim: 333 exec/s: 0 rss: 29Mb L: 51/333 MS: 3 CopyPart-CopyPart-EraseBytes-
#6044	REDUCE cov: 125 ft: 511 corp: 59/10378b lim: 333 exec/s: 0 rss: 29Mb L: 52/333 MS: 1 EraseBytes-
#6066	REDUCE cov: 125 ft: 511 corp: 59/10314b lim: 333 exec/s: 0 rss: 29Mb L: 109/333 MS: 2 PersAutoDict-EraseBytes- DE: "stts"-
#6167	REDUCE cov: 125 ft: 511 corp: 59/10293b lim: 333 exec/s: 0 rss: 29Mb L: 30/333 MS: 1 EraseBytes-
#6305	REDUCE cov: 125 ft: 512 corp: 60/10623b lim: 333 exec/s: 0 rss: 29Mb L: 330/333 MS: 3 InsertByte-ChangeBit-InsertRepeatedBytes-
#6334	REDUCE cov: 125 ft: 512 corp: 60/10537b lim: 333 exec/s: 0 rss: 29Mb L: 230/333 MS: 4 ShuffleBytes-PersAutoDict-CrossOver-InsertRepeatedBytes- DE: "\001\000\000\000\000\000\000\000"-
#6514	REDUCE cov: 125 ft: 512 corp: 60/10535b lim: 333 exec/s: 6514 rss: 29Mb L: 50/333 MS: 4 ChangeBit-ShuffleBytes-ChangeBinInt-EraseBytes-
#6639	REDUCE cov: 125 ft: 512 corp: 60/10500b lim: 333 exec/s: 6639 rss: 29Mb L: 195/333 MS: 5 ChangeBit-ChangeBinInt-CopyPart-EraseBytes-CrossOver-
#6715	REDUCE cov: 125 ft: 512 corp: 60/10463b lim: 333 exec/s: 6715 rss: 29Mb L: 230/333 MS: 1 EraseBytes-
#6821	REDUCE cov: 125 ft: 512 corp: 60/10444b lim: 333 exec/s: 6821 rss: 29Mb L: 37/333 MS: 1 EraseBytes-
#6962	REDUCE cov: 125 ft: 512 corp: 60/10440b lim: 333 exec/s: 6962 rss: 29Mb L: 26/333 MS: 1 EraseBytes-
#7018	NEW    cov: 125 ft: 513 corp: 61/10449b lim: 333 exec/s: 7018 rss: 29Mb L: 9/333 MS: 1 CMP- DE: "moov"-
#7727	REDUCE cov: 125 ft: 513 corp: 61/10448b lim: 333 exec/s: 7727 rss: 29Mb L: 8/333 MS: 4 ChangeBinInt-EraseBytes-InsertByte-CMP- DE: "\000\010"-
#7802	REDUCE cov: 125 ft: 513 corp: 61/10440b lim: 333 exec/s: 7802 rss: 29Mb L: 241/333 MS: 5 CMP-CopyPart-ChangeBit-InsertRepeatedBytes-EraseBytes- DE: "\005\000\000\000"-
#7838	REDUCE cov: 125 ft: 513 corp: 61/10436b lim: 333 exec/s: 7838 rss: 29Mb L: 283/333 MS: 1 EraseBytes-
#8191	REDUCE cov: 125 ft: 514 corp: 62/10719b lim: 333 exec/s: 8191 rss: 29Mb L: 283/333 MS: 3 CMP-ChangeBinInt-CrossOver- DE: "stts"-
#8278	REDUCE cov: 125 ft: 514 corp: 62/10718b lim: 333 exec/s: 8278 rss: 29Mb L: 25/333 MS: 2 ShuffleBytes-EraseBytes-
#8400	REDUCE cov: 126 ft: 515 corp: 63/10998b lim: 333 exec/s: 8400 rss: 29Mb L: 280/333 MS: 2 ChangeBinInt-PersAutoDict- DE: "avc1"-
#8599	REDUCE cov: 126 ft: 515 corp: 63/10975b lim: 333 exec/s: 8599 rss: 29Mb L: 309/333 MS: 4 PersAutoDict-ChangeASCIIInt-EraseBytes-CopyPart- DE: "stbl"-
#8655	REDUCE cov: 126 ft: 515 corp: 63/10971b lim: 333 exec/s: 8655 rss: 29Mb L: 34/333 MS: 1 EraseBytes-
#8710	REDUCE cov: 126 ft: 515 corp: 63/10965b lim: 333 exec/s: 8710 rss: 29Mb L: 139/333 MS: 5 CrossOver-EraseBytes-ChangeBinInt-ShuffleBytes-CopyPart-
#8721	REDUCE cov: 126 ft: 515 corp: 63/10925b lim: 333 exec/s: 8721 rss: 29Mb L: 269/333 MS: 1 EraseBytes-
#8727	REDUCE cov: 126 ft: 516 corp: 64/11155b lim: 333 exec/s: 8727 rss: 29Mb L: 230/333 MS: 1 PersAutoDict- DE: "\005\000\000\000"-
#9072	REDUCE cov: 126 ft: 516 corp: 64/11139b lim: 333 exec/s: 9072 rss: 29Mb L: 253/333 MS: 5 PersAutoDict-ChangeByte-ChangeBinInt-CopyPart-EraseBytes- DE: "\001\000\000\010"-
#9089	REDUCE cov: 126 ft: 516 corp: 64/11096b lim: 333 exec/s: 9089 rss: 29Mb L: 237/333 MS: 2 ChangeByte-EraseBytes-
#9120	REDUCE cov: 126 ft: 516 corp: 64/11085b lim: 333 exec/s: 9120 rss: 29Mb L: 14/333 MS: 1 EraseBytes-
#9298	REDUCE cov: 126 ft: 516 corp: 64/11083b lim: 333 exec/s: 9298 rss: 29Mb L: 193/333 MS: 3 ChangeASCIIInt-ChangeBit-CrossOver-
#9563	REDUCE cov: 126 ft: 516 corp: 64/11079b lim: 333 exec/s: 9563 rss: 29Mb L: 30/333 MS: 5 ChangeByte-CrossOver-EraseBytes-ChangeBinInt-EraseBytes-
#9942	NEW    cov: 126 ft: 517 corp: 65/11333b lim: 333 exec/s: 9942 rss: 29Mb L: 254/333 MS: 4 ShuffleBytes-InsertByte-CopyPart-CopyPart-
#10232	REDUCE cov: 126 ft: 517 corp: 65/11309b lim: 333 exec/s: 10232 rss: 29Mb L: 205/333 MS: 5 PersAutoDict-ChangeBinInt-ChangeByte-CopyPart-EraseBytes- DE: "avc1"-
#10298	REDUCE cov: 126 ft: 517 corp: 65/11306b lim: 333 exec/s: 10298 rss: 29Mb L: 11/333 MS: 1 EraseBytes-
#10556	REDUCE cov: 126 ft: 517 corp: 65/11302b lim: 333 exec/s: 10556 rss: 29Mb L: 83/333 MS: 3 InsertByte-ChangeBinInt-EraseBytes-
#10893	REDUCE cov: 126 ft: 517 corp: 65/11292b lim: 333 exec/s: 10893 rss: 30Mb L: 270/333 MS: 2 ShuffleBytes-CrossOver-
#10987	REDUCE cov: 126 ft: 517 corp: 65/11281b lim: 333 exec/s: 10987 rss: 30Mb L: 218/333 MS: 4 ChangeBinInt-ChangeByte-EraseBytes-InsertRepeatedBytes-
#11233	REDUCE cov: 126 ft: 517 corp: 65/11261b lim: 333 exec/s: 11233 rss: 30Mb L: 233/333 MS: 1 EraseBytes-
#11425	REDUCE cov: 126 ft: 517 corp: 65/11179b lim: 333 exec/s: 11425 rss: 30Mb L: 130/333 MS: 2 ShuffleBytes-EraseBytes-
#11564	REDUCE cov: 126 ft: 517 corp: 65/11081b lim: 333 exec/s: 11564 rss: 30Mb L: 186/333 MS: 4 PersAutoDict-EraseBytes-ChangeByte-EraseBytes- DE: "\001\000\000\001\000\000\000\001"-
#11657	REDUCE cov: 126 ft: 517 corp: 65/11065b lim: 333 exec/s: 11657 rss: 30Mb L: 202/333 MS: 3 ChangeBinInt-CopyPart-EraseBytes-
#11703	NEW    cov: 126 ft: 518 corp: 66/11289b lim: 333 exec/s: 11703 rss: 30Mb L: 224/333 MS: 1 PersAutoDict- DE: "\005\000\000\000"-
#11834	REDUCE cov: 126 ft: 518 corp: 66/11287b lim: 333 exec/s: 11834 rss: 30Mb L: 269/333 MS: 1 EraseBytes-
#11909	REDUCE cov: 126 ft: 518 corp: 66/11284b lim: 333 exec/s: 11909 rss: 30Mb L: 34/333 MS: 5 ShuffleBytes-ShuffleBytes-ChangeByte-CrossOver-EraseBytes-
#12108	REDUCE cov: 126 ft: 518 corp: 66/11272b lim: 333 exec/s: 12108 rss: 30Mb L: 242/333 MS: 4 ChangeBinInt-ChangeBit-PersAutoDict-EraseBytes- DE: "avc1"-
#12440	REDUCE cov: 126 ft: 518 corp: 66/11264b lim: 333 exec/s: 12440 rss: 30Mb L: 42/333 MS: 2 InsertRepeatedBytes-EraseBytes-
#12461	REDUCE cov: 126 ft: 518 corp: 66/11260b lim: 333 exec/s: 12461 rss: 30Mb L: 292/333 MS: 1 EraseBytes-
#12484	REDUCE cov: 126 ft: 518 corp: 66/11258b lim: 333 exec/s: 12484 rss: 30Mb L: 308/333 MS: 3 InsertRepeatedBytes-InsertRepeatedBytes-CrossOver-
#12576	REDUCE cov: 126 ft: 518 corp: 66/11239b lim: 333 exec/s: 12576 rss: 30Mb L: 200/333 MS: 2 InsertRepeatedBytes-EraseBytes-
#12688	REDUCE cov: 126 ft: 518 corp: 66/11183b lim: 333 exec/s: 12688 rss: 30Mb L: 74/333 MS: 2 EraseBytes-InsertByte-
#12780	REDUCE cov: 126 ft: 518 corp: 66/11180b lim: 333 exec/s: 12780 rss: 30Mb L: 24/333 MS: 2 CMP-EraseBytes- DE: "urn "-
#13162	REDUCE cov: 126 ft: 518 corp: 66/11179b lim: 333 exec/s: 6581 rss: 30Mb L: 10/333 MS: 2 CMP-EraseBytes- DE: "stts"-
#13598	REDUCE cov: 126 ft: 518 corp: 66/11171b lim: 333 exec/s: 6799 rss: 30Mb L: 40/333 MS: 1 EraseBytes-
#13614	REDUCE cov: 126 ft: 518 corp: 66/11155b lim: 333 exec/s: 6807 rss: 30Mb L: 58/333 MS: 1 EraseBytes-
#13686	REDUCE cov: 126 ft: 518 corp: 66/11151b lim: 333 exec/s: 6843 rss: 30Mb L: 26/333 MS: 2 InsertByte-EraseBytes-
#13904	NEW    cov: 126 ft: 519 corp: 67/11482b lim: 333 exec/s: 6952 rss: 30Mb L: 331/333 MS: 3 ChangeByte-ChangeBinInt-InsertByte-
#14050	REDUCE cov: 126 ft: 519 corp: 67/11450b lim: 333 exec/s: 7025 rss: 30Mb L: 161/333 MS: 1 EraseBytes-
#14073	REDUCE cov: 126 ft: 519 corp: 67/11426b lim: 333 exec/s: 7036 rss: 30Mb L: 280/333 MS: 3 EraseBytes-ChangeBinInt-CMP- DE: "hvc1"-
#14254	REDUCE cov: 126 ft: 519 corp: 67/11390b lim: 333 exec/s: 7127 rss: 30Mb L: 188/333 MS: 1 EraseBytes-
#14367	REDUCE cov: 126 ft: 519 corp: 67/11386b lim: 333 exec/s: 7183 rss: 30Mb L: 89/333 MS: 3 PersAutoDict-PersAutoDict-EraseBytes- DE: "\001\000\000\001\000\000\000\001"-"\001\000\000\000\000\000\000\000"-
#14935	REDUCE cov: 126 ft: 519 corp: 67/11380b lim: 333 exec/s: 7467 rss: 30Mb L: 36/333 MS: 3 ChangeByte-ChangeByte-EraseBytes-
#15443	REDUCE cov: 126 ft: 519 corp: 67/11348b lim: 333 exec/s: 7721 rss: 30Mb L: 198/333 MS: 3 ChangeByte-ChangeBinInt-EraseBytes-
#15524	REDUCE cov: 126 ft: 519 corp: 67/11347b lim: 333 exec/s: 7762 rss: 30Mb L: 82/333 MS: 1 EraseBytes-
#15983	NEW    cov: 126 ft: 520 corp: 68/11588b lim: 333 exec/s: 7991 rss: 30Mb L: 241/333 MS: 4 InsertByte-ChangeByte-CMP-CrossOver- DE: "pixi"-
#16024	REDUCE cov: 126 ft: 520 corp: 68/11539b lim: 333 exec/s: 8012 rss: 30Mb L: 192/333 MS: 1 EraseBytes-
#16384	pulse  cov: 126 ft: 520 corp: 68/11539b lim: 333 exec/s: 8192 rss: 30Mb
#16637	REDUCE cov: 126 ft: 520 corp: 68/11535b lim: 333 exec/s: 8318 rss: 30Mb L: 304/333 MS: 3 EraseBytes-InsertRepeatedBytes-EraseBytes-
#17005	REDUCE cov: 126 ft: 520 corp: 68/11528b lim: 333 exec/s: 8502 rss: 30Mb L: 224/333 MS: 3 EraseBytes-InsertByte-InsertByte-
#17057	REDUCE cov: 126 ft: 520 corp: 68/11520b lim: 333 exec/s: 8528 rss: 30Mb L: 50/333 MS: 2 ChangeBit-EraseBytes-
#17137	REDUCE cov: 126 ft: 520 corp: 68/11516b lim: 333 exec/s: 8568 rss: 30Mb L: 300/333 MS: 5 ChangeASCIIInt-CrossOver-EraseBytes-ShuffleBytes-InsertRepeatedBytes-
#17288	REDUCE cov: 126 ft: 520 corp: 68/11515b lim: 333 exec/s: 8644 rss: 30Mb L: 81/333 MS: 1 EraseBytes-
#17503	REDUCE cov: 126 ft: 520 corp: 68/11512b lim: 333 exec/s: 8751 rss: 30Mb L: 289/333 MS: 5 ShuffleBytes-ChangeByte-EraseBytes-InsertByte-CopyPart-
#17703	REDUCE cov: 126 ft: 520 corp: 68/11510b lim: 333 exec/s: 8851 rss: 30Mb L: 92/333 MS: 5 ChangeBinInt-EraseBytes-InsertByte-ShuffleBytes-CopyPart-
#19221	REDUCE cov: 126 ft: 520 corp: 68/11505b lim: 341 exec/s: 9610 rss: 30Mb L: 64/333 MS: 3 CopyPart-EraseBytes-EraseBytes-
#20512	REDUCE cov: 126 ft: 520 corp: 68/11501b lim: 349 exec/s: 6837 rss: 30Mb L: 164/333 MS: 1 EraseBytes-
#20597	REDUCE cov: 126 ft: 520 corp: 68/11499b lim: 349 exec/s: 6865 rss: 30Mb L: 203/333 MS: 5 CMP-ChangeBit-EraseBytes-ChangeByte-CopyPart- DE: "hvc1"-
#20899	REDUCE cov: 126 ft: 520 corp: 68/11498b lim: 349 exec/s: 6966 rss: 30Mb L: 25/333 MS: 2 ChangeByte-EraseBytes-
==291673== ERROR: libFuzzer: out-of-memory (used: 1273Mb; limit: 1024Mb)
   To change the out-of-memory limit use -rss_limit_mb=<N>

MS: 2 ShuffleBytes-PersAutoDict- DE: "\001\000\000\001\000\000\000\001"-; base unit: 04f7e56f27d369aa3cb4bbe17a809d89c8804ce6
0x0,0x0,0x0,0x18,0x66,0x74,0x79,0x70,0x6d,0x70,0x34,0x0,0x32,0x6d,0x0,0x0,0x0,0x70,0x34,0x32,0x69,0x73,0x6f,0x0,0x0,0x0,0x0,0x1,0x1,0x0,0x0,0x1,0x0,0x0,0x0,0x1,0x0,0x0,0x0,0x74,0x0,0x0,0x0,0x0,0x0,0x0,0x0,0x0,
\000\000\000\030ftypmp4\0002m\000\000\000p42iso\000\000\000\000\001\001\000\000\001\000\000\000\001\000\000\000t\000\000\000\000\000\000\000\000
artifact_prefix='/results/crashes/20260313_155413_dee4e505_'; Test unit written to /results/crashes/20260313_155413_dee4e505_oom-05c0e2e52732f79d75389affbd370f411aa494d4
Base64: AAAAGGZ0eXBtcDQAMm0AAABwNDJpc28AAAAAAQEAAAEAAAABAAAAdAAAAAAAAAAA
SUMMARY: libFuzzer: out-of-memory
stat::number_of_executed_units: 21261
stat::average_exec_per_sec:     5315
stat::new_units_added:          180
stat::slowest_unit_time_sec:    0
stat::peak_rss_mb:              1274
