INFO: Running with entropic power schedule (0xFF, 100).
INFO: Seed: 2526715702
INFO: Loaded 1 modules   (252 inline 8-bit counters): 252 [0x56ab1bc97678, 0x56ab1bc97774), 
INFO: Loaded 1 PC tables (252 PCs): 252 [0x56ab1bc97778,0x56ab1bc98738), 
INFO:        4 files found in /tmp/corpus_20260313_162556_3b9b94df
INFO: seed corpus: files: 4 min: 48b max: 333b total: 853b rss: 28Mb
#5	INITED cov: 117 ft: 250 corp: 4/853b exec/s: 0 rss: 29Mb
#6	NEW    cov: 117 ft: 287 corp: 5/1186b lim: 333 exec/s: 0 rss: 29Mb L: 333/333 MS: 1 ChangeBit-
#7	NEW    cov: 117 ft: 297 corp: 6/1477b lim: 333 exec/s: 0 rss: 29Mb L: 291/333 MS: 1 CrossOver-
#9	NEW    cov: 117 ft: 309 corp: 7/1509b lim: 333 exec/s: 0 rss: 29Mb L: 32/333 MS: 2 ChangeBit-EraseBytes-
#13	NEW    cov: 117 ft: 315 corp: 8/1730b lim: 333 exec/s: 0 rss: 29Mb L: 221/333 MS: 4 ChangeByte-CopyPart-ChangeBinInt-InsertByte-
#15	NEW    cov: 118 ft: 320 corp: 9/2024b lim: 333 exec/s: 0 rss: 29Mb L: 294/333 MS: 2 ChangeBinInt-InsertRepeatedBytes-
#20	NEW    cov: 119 ft: 322 corp: 10/2357b lim: 333 exec/s: 0 rss: 29Mb L: 333/333 MS: 5 ChangeBit-ChangeBit-ChangeBinInt-ChangeBinInt-CrossOver-
#23	NEW    cov: 119 ft: 323 corp: 11/2690b lim: 333 exec/s: 0 rss: 29Mb L: 333/333 MS: 3 CopyPart-ChangeBinInt-ChangeBit-
#27	NEW    cov: 119 ft: 325 corp: 12/2848b lim: 333 exec/s: 0 rss: 29Mb L: 158/333 MS: 4 InsertByte-ChangeBit-ShuffleBytes-EraseBytes-
#29	NEW    cov: 119 ft: 326 corp: 13/3099b lim: 333 exec/s: 0 rss: 29Mb L: 251/333 MS: 2 ShuffleBytes-CrossOver-
#30	NEW    cov: 119 ft: 327 corp: 14/3320b lim: 333 exec/s: 0 rss: 29Mb L: 221/333 MS: 1 InsertByte-
#32	NEW    cov: 120 ft: 329 corp: 15/3629b lim: 333 exec/s: 0 rss: 29Mb L: 309/333 MS: 2 InsertRepeatedBytes-CopyPart-
#34	NEW    cov: 120 ft: 333 corp: 16/3788b lim: 333 exec/s: 0 rss: 29Mb L: 159/333 MS: 2 InsertByte-CrossOver-
#39	NEW    cov: 120 ft: 347 corp: 17/3847b lim: 333 exec/s: 0 rss: 29Mb L: 59/333 MS: 5 ChangeBit-InsertRepeatedBytes-ChangeBit-ChangeBinInt-CrossOver-
#43	NEW    cov: 120 ft: 353 corp: 18/3996b lim: 333 exec/s: 0 rss: 29Mb L: 149/333 MS: 4 CopyPart-ChangeByte-ChangeByte-EraseBytes-
#48	NEW    cov: 120 ft: 360 corp: 19/4183b lim: 333 exec/s: 0 rss: 29Mb L: 187/333 MS: 5 ChangeASCIIInt-ShuffleBytes-ChangeBinInt-ChangeBinInt-EraseBytes-
#61	NEW    cov: 120 ft: 361 corp: 20/4343b lim: 333 exec/s: 0 rss: 29Mb L: 160/333 MS: 3 ShuffleBytes-InsertByte-ChangeBit-
#68	NEW    cov: 120 ft: 374 corp: 21/4567b lim: 333 exec/s: 0 rss: 29Mb L: 224/333 MS: 2 CopyPart-InsertByte-
#74	NEW    cov: 120 ft: 388 corp: 22/4613b lim: 333 exec/s: 0 rss: 29Mb L: 46/333 MS: 1 CrossOver-
#76	NEW    cov: 120 ft: 389 corp: 23/4932b lim: 333 exec/s: 0 rss: 29Mb L: 319/333 MS: 2 InsertByte-CopyPart-
#80	NEW    cov: 120 ft: 398 corp: 24/5007b lim: 333 exec/s: 0 rss: 29Mb L: 75/333 MS: 4 ChangeBit-ChangeBit-ChangeBinInt-CrossOver-
#87	NEW    cov: 120 ft: 399 corp: 25/5069b lim: 333 exec/s: 0 rss: 29Mb L: 62/333 MS: 2 ChangeASCIIInt-CopyPart-
#111	NEW    cov: 120 ft: 400 corp: 26/5166b lim: 333 exec/s: 0 rss: 29Mb L: 97/333 MS: 4 InsertRepeatedBytes-ChangeASCIIInt-CopyPart-CrossOver-
#114	REDUCE cov: 120 ft: 400 corp: 26/5163b lim: 333 exec/s: 0 rss: 29Mb L: 59/333 MS: 3 ChangeBit-ChangeByte-EraseBytes-
#138	REDUCE cov: 120 ft: 400 corp: 26/5159b lim: 333 exec/s: 0 rss: 29Mb L: 217/333 MS: 4 ChangeBit-EraseBytes-InsertRepeatedBytes-CopyPart-
#148	NEW    cov: 120 ft: 401 corp: 27/5475b lim: 333 exec/s: 0 rss: 29Mb L: 316/333 MS: 5 CrossOver-ChangeASCIIInt-ChangeByte-ChangeBinInt-EraseBytes-
#153	NEW    cov: 120 ft: 402 corp: 28/5528b lim: 333 exec/s: 0 rss: 29Mb L: 53/333 MS: 5 EraseBytes-InsertByte-CMP-CrossOver-InsertByte- DE: "hvcC"-
#165	NEW    cov: 120 ft: 404 corp: 29/5749b lim: 333 exec/s: 0 rss: 29Mb L: 221/333 MS: 2 ChangeByte-InsertByte-
#174	REDUCE cov: 120 ft: 405 corp: 30/5852b lim: 333 exec/s: 0 rss: 29Mb L: 103/333 MS: 4 ShuffleBytes-CopyPart-ChangeByte-CrossOver-
#189	NEW    cov: 120 ft: 406 corp: 31/5934b lim: 333 exec/s: 0 rss: 29Mb L: 82/333 MS: 5 ChangeBinInt-ShuffleBytes-ShuffleBytes-ShuffleBytes-CrossOver-
#200	NEW    cov: 120 ft: 407 corp: 32/6250b lim: 333 exec/s: 0 rss: 29Mb L: 316/333 MS: 1 ChangeBinInt-
#206	NEW    cov: 120 ft: 408 corp: 33/6291b lim: 333 exec/s: 0 rss: 29Mb L: 41/333 MS: 1 EraseBytes-
#247	NEW    cov: 120 ft: 409 corp: 34/6350b lim: 333 exec/s: 0 rss: 29Mb L: 59/333 MS: 1 ChangeBit-
#258	NEW    cov: 120 ft: 410 corp: 35/6595b lim: 333 exec/s: 0 rss: 29Mb L: 245/333 MS: 1 InsertRepeatedBytes-
#270	NEW    cov: 120 ft: 420 corp: 36/6620b lim: 333 exec/s: 0 rss: 29Mb L: 25/333 MS: 2 ChangeASCIIInt-EraseBytes-
#271	NEW    cov: 120 ft: 421 corp: 37/6881b lim: 333 exec/s: 0 rss: 29Mb L: 261/333 MS: 1 InsertRepeatedBytes-
#278	NEW    cov: 120 ft: 422 corp: 38/7149b lim: 333 exec/s: 0 rss: 29Mb L: 268/333 MS: 2 EraseBytes-CopyPart-
#279	NEW    cov: 120 ft: 438 corp: 39/7164b lim: 333 exec/s: 0 rss: 29Mb L: 15/333 MS: 1 EraseBytes-
#283	NEW    cov: 121 ft: 439 corp: 40/7493b lim: 333 exec/s: 0 rss: 29Mb L: 329/333 MS: 4 CrossOver-ChangeBit-CopyPart-InsertByte-
#395	NEW    cov: 121 ft: 440 corp: 41/7693b lim: 333 exec/s: 0 rss: 29Mb L: 200/333 MS: 2 PersAutoDict-EraseBytes- DE: "hvcC"-
#441	NEW    cov: 121 ft: 441 corp: 42/7948b lim: 333 exec/s: 0 rss: 29Mb L: 255/333 MS: 1 EraseBytes-
#470	NEW    cov: 121 ft: 442 corp: 43/8055b lim: 333 exec/s: 0 rss: 29Mb L: 107/333 MS: 4 CrossOver-CMP-CrossOver-CopyPart- DE: "\001\000\000\000\000\000\000\004"-
#500	REDUCE cov: 121 ft: 442 corp: 43/7964b lim: 333 exec/s: 0 rss: 29Mb L: 242/333 MS: 5 ChangeByte-ChangeByte-CrossOver-ChangeBinInt-EraseBytes-
#535	NEW    cov: 122 ft: 449 corp: 44/8193b lim: 333 exec/s: 0 rss: 29Mb L: 229/333 MS: 5 ChangeBinInt-PersAutoDict-InsertByte-EraseBytes-InsertByte- DE: "\001\000\000\000\000\000\000\004"-
#546	NEW    cov: 122 ft: 450 corp: 45/8523b lim: 333 exec/s: 0 rss: 29Mb L: 330/333 MS: 1 InsertByte-
#550	REDUCE cov: 122 ft: 450 corp: 45/8435b lim: 333 exec/s: 0 rss: 29Mb L: 163/333 MS: 4 ChangeByte-ChangeBinInt-CMP-EraseBytes- DE: "\217\341;-\253V\000\000"-
#590	REDUCE cov: 122 ft: 450 corp: 45/8327b lim: 333 exec/s: 0 rss: 29Mb L: 208/333 MS: 5 InsertByte-InsertRepeatedBytes-EraseBytes-ShuffleBytes-ChangeBit-
#612	NEW    cov: 122 ft: 453 corp: 46/8484b lim: 333 exec/s: 0 rss: 29Mb L: 157/333 MS: 2 PersAutoDict-PersAutoDict- DE: "hvcC"-"\217\341;-\253V\000\000"-
#656	REDUCE cov: 122 ft: 453 corp: 46/8474b lim: 333 exec/s: 0 rss: 29Mb L: 65/333 MS: 4 ChangeBit-ShuffleBytes-CMP-EraseBytes- DE: "\001\000\000C"-
#664	NEW    cov: 122 ft: 454 corp: 47/8738b lim: 333 exec/s: 0 rss: 29Mb L: 264/333 MS: 3 InsertByte-ChangeASCIIInt-PersAutoDict- DE: "\001\000\000\000\000\000\000\004"-
#678	NEW    cov: 122 ft: 455 corp: 48/8878b lim: 333 exec/s: 0 rss: 29Mb L: 140/333 MS: 4 InsertRepeatedBytes-EraseBytes-PersAutoDict-CMP- DE: "\001\000\000\000\000\000\000\004"-"mdat"-
#766	NEW    cov: 122 ft: 462 corp: 49/9211b lim: 333 exec/s: 0 rss: 29Mb L: 333/333 MS: 3 CopyPart-ChangeByte-PersAutoDict- DE: "mdat"-
#808	NEW    cov: 122 ft: 471 corp: 50/9227b lim: 333 exec/s: 0 rss: 29Mb L: 16/333 MS: 2 ChangeASCIIInt-InsertByte-
#846	NEW    cov: 122 ft: 472 corp: 51/9480b lim: 333 exec/s: 0 rss: 29Mb L: 253/333 MS: 3 ShuffleBytes-ShuffleBytes-CopyPart-
#861	REDUCE cov: 122 ft: 472 corp: 51/9478b lim: 333 exec/s: 0 rss: 29Mb L: 161/333 MS: 5 CrossOver-CopyPart-InsertRepeatedBytes-CMP-EraseBytes- DE: "hvc1"-
#865	REDUCE cov: 122 ft: 472 corp: 51/9445b lim: 333 exec/s: 0 rss: 29Mb L: 107/333 MS: 4 CopyPart-EraseBytes-ChangeByte-EraseBytes-
#876	REDUCE cov: 122 ft: 472 corp: 51/9429b lim: 333 exec/s: 0 rss: 29Mb L: 184/333 MS: 1 EraseBytes-
#892	REDUCE cov: 122 ft: 472 corp: 51/9428b lim: 333 exec/s: 0 rss: 29Mb L: 24/333 MS: 1 EraseBytes-
#912	NEW    cov: 122 ft: 480 corp: 52/9761b lim: 333 exec/s: 0 rss: 29Mb L: 333/333 MS: 5 EraseBytes-CrossOver-ShuffleBytes-InsertByte-CrossOver-
#1119	NEW    cov: 122 ft: 481 corp: 53/10094b lim: 333 exec/s: 0 rss: 29Mb L: 333/333 MS: 2 CMP-CopyPart- DE: "avcC"-
#1158	NEW    cov: 122 ft: 482 corp: 54/10231b lim: 333 exec/s: 0 rss: 29Mb L: 137/333 MS: 4 CrossOver-CMP-ChangeByte-EraseBytes- DE: "mdia"-
#1180	REDUCE cov: 122 ft: 482 corp: 54/10229b lim: 333 exec/s: 0 rss: 29Mb L: 307/333 MS: 2 PersAutoDict-EraseBytes- DE: "mdia"-
#1206	NEW    cov: 122 ft: 484 corp: 55/10479b lim: 333 exec/s: 0 rss: 29Mb L: 250/333 MS: 1 CopyPart-
#1209	NEW    cov: 123 ft: 485 corp: 56/10483b lim: 333 exec/s: 0 rss: 29Mb L: 4/333 MS: 3 ShuffleBytes-CopyPart-CrossOver-
#1270	REDUCE cov: 123 ft: 485 corp: 56/10452b lim: 333 exec/s: 0 rss: 29Mb L: 66/333 MS: 1 EraseBytes-
#1332	REDUCE cov: 123 ft: 485 corp: 56/10448b lim: 333 exec/s: 0 rss: 29Mb L: 55/333 MS: 2 ShuffleBytes-EraseBytes-
#1403	REDUCE cov: 123 ft: 485 corp: 56/10447b lim: 333 exec/s: 0 rss: 29Mb L: 106/333 MS: 1 EraseBytes-
#1404	REDUCE cov: 123 ft: 485 corp: 56/10413b lim: 333 exec/s: 0 rss: 29Mb L: 124/333 MS: 1 EraseBytes-
#1478	REDUCE cov: 123 ft: 485 corp: 56/10394b lim: 333 exec/s: 0 rss: 29Mb L: 210/333 MS: 4 ChangeBit-ChangeByte-ChangeByte-EraseBytes-
#1499	NEW    cov: 123 ft: 486 corp: 57/10640b lim: 333 exec/s: 0 rss: 29Mb L: 246/333 MS: 1 EraseBytes-
#1609	REDUCE cov: 123 ft: 486 corp: 57/10508b lim: 333 exec/s: 0 rss: 29Mb L: 201/333 MS: 5 CopyPart-ShuffleBytes-ChangeByte-ChangeByte-EraseBytes-
#1626	REDUCE cov: 123 ft: 486 corp: 57/10474b lim: 333 exec/s: 0 rss: 29Mb L: 125/333 MS: 2 InsertByte-EraseBytes-
#1684	REDUCE cov: 123 ft: 486 corp: 57/10466b lim: 333 exec/s: 0 rss: 29Mb L: 47/333 MS: 3 PersAutoDict-ChangeByte-EraseBytes- DE: "mdat"-
#1749	REDUCE cov: 123 ft: 486 corp: 57/10463b lim: 333 exec/s: 0 rss: 29Mb L: 184/333 MS: 5 ShuffleBytes-ChangeByte-PersAutoDict-CMP-EraseBytes- DE: "hvcC"-"frma"-
#1755	REDUCE cov: 123 ft: 486 corp: 57/10434b lim: 333 exec/s: 0 rss: 29Mb L: 120/333 MS: 1 EraseBytes-
#1762	REDUCE cov: 123 ft: 486 corp: 57/10428b lim: 333 exec/s: 0 rss: 29Mb L: 215/333 MS: 2 PersAutoDict-EraseBytes- DE: "\217\341;-\253V\000\000"-
#1791	REDUCE cov: 123 ft: 486 corp: 57/10423b lim: 333 exec/s: 0 rss: 29Mb L: 98/333 MS: 4 EraseBytes-InsertByte-ChangeBit-PersAutoDict- DE: "\001\000\000\000\000\000\000\004"-
#1797	NEW    cov: 123 ft: 487 corp: 58/10688b lim: 333 exec/s: 0 rss: 29Mb L: 265/333 MS: 1 InsertRepeatedBytes-
#1899	REDUCE cov: 123 ft: 487 corp: 58/10673b lim: 333 exec/s: 0 rss: 29Mb L: 92/333 MS: 2 ChangeASCIIInt-EraseBytes-
#1915	REDUCE cov: 123 ft: 487 corp: 58/10666b lim: 333 exec/s: 0 rss: 29Mb L: 85/333 MS: 1 EraseBytes-
#1921	REDUCE cov: 123 ft: 487 corp: 58/10662b lim: 333 exec/s: 0 rss: 29Mb L: 325/333 MS: 1 EraseBytes-
#1974	REDUCE cov: 123 ft: 487 corp: 58/10534b lim: 333 exec/s: 0 rss: 29Mb L: 133/333 MS: 3 ChangeBinInt-ChangeBinInt-EraseBytes-
#1993	REDUCE cov: 123 ft: 487 corp: 58/10533b lim: 333 exec/s: 0 rss: 29Mb L: 3/333 MS: 4 ShuffleBytes-ChangeByte-CopyPart-EraseBytes-
#2089	REDUCE cov: 123 ft: 487 corp: 58/10497b lim: 333 exec/s: 0 rss: 29Mb L: 148/333 MS: 1 EraseBytes-
#2235	REDUCE cov: 123 ft: 487 corp: 58/10484b lim: 333 exec/s: 0 rss: 29Mb L: 34/333 MS: 1 EraseBytes-
#2306	REDUCE cov: 123 ft: 487 corp: 58/10479b lim: 333 exec/s: 0 rss: 29Mb L: 210/333 MS: 1 EraseBytes-
#2348	REDUCE cov: 123 ft: 487 corp: 58/10471b lim: 333 exec/s: 0 rss: 29Mb L: 325/333 MS: 2 EraseBytes-PersAutoDict- DE: "\001\000\000C"-
#2385	NEW    cov: 123 ft: 494 corp: 59/10699b lim: 333 exec/s: 0 rss: 29Mb L: 228/333 MS: 2 PersAutoDict-PersAutoDict- DE: "frma"-"\001\000\000\000\000\000\000\004"-
#2434	REDUCE cov: 123 ft: 494 corp: 59/10683b lim: 333 exec/s: 0 rss: 29Mb L: 201/333 MS: 4 EraseBytes-InsertByte-EraseBytes-InsertRepeatedBytes-
#2561	NEW    cov: 123 ft: 496 corp: 60/11014b lim: 333 exec/s: 0 rss: 29Mb L: 331/333 MS: 2 CopyPart-InsertRepeatedBytes-
#2692	REDUCE cov: 123 ft: 496 corp: 60/10987b lim: 333 exec/s: 0 rss: 29Mb L: 133/333 MS: 1 EraseBytes-
#2733	REDUCE cov: 123 ft: 496 corp: 60/10938b lim: 333 exec/s: 0 rss: 29Mb L: 88/333 MS: 1 EraseBytes-
#2736	REDUCE cov: 123 ft: 496 corp: 60/10898b lim: 333 exec/s: 0 rss: 29Mb L: 93/333 MS: 3 CrossOver-ChangeByte-EraseBytes-
#2743	REDUCE cov: 123 ft: 496 corp: 60/10821b lim: 333 exec/s: 0 rss: 29Mb L: 248/333 MS: 2 CopyPart-CrossOver-
#2755	REDUCE cov: 123 ft: 496 corp: 60/10777b lim: 333 exec/s: 0 rss: 29Mb L: 157/333 MS: 2 CMP-EraseBytes- DE: "\001\010"-
#2849	REDUCE cov: 123 ft: 496 corp: 60/10775b lim: 333 exec/s: 0 rss: 29Mb L: 146/333 MS: 4 CrossOver-CopyPart-EraseBytes-PersAutoDict- DE: "\001\010"-
#2856	REDUCE cov: 123 ft: 496 corp: 60/10772b lim: 333 exec/s: 0 rss: 29Mb L: 252/333 MS: 2 PersAutoDict-EraseBytes- DE: "mdia"-
#2902	REDUCE cov: 123 ft: 496 corp: 60/10771b lim: 333 exec/s: 0 rss: 29Mb L: 2/333 MS: 1 EraseBytes-
#2941	REDUCE cov: 123 ft: 497 corp: 61/10779b lim: 333 exec/s: 0 rss: 29Mb L: 8/333 MS: 4 InsertByte-CMP-CMP-CrossOver- DE: "tapt"-"T\000\000\000\000\000\000\000"-
#2979	REDUCE cov: 123 ft: 497 corp: 61/10756b lim: 333 exec/s: 0 rss: 29Mb L: 102/333 MS: 3 ChangeByte-ShuffleBytes-EraseBytes-
#3186	REDUCE cov: 123 ft: 497 corp: 61/10692b lim: 333 exec/s: 0 rss: 29Mb L: 69/333 MS: 2 ChangeBinInt-EraseBytes-
#3272	REDUCE cov: 123 ft: 497 corp: 61/10683b lim: 333 exec/s: 0 rss: 29Mb L: 25/333 MS: 1 EraseBytes-
#3503	REDUCE cov: 123 ft: 497 corp: 61/10642b lim: 333 exec/s: 0 rss: 29Mb L: 83/333 MS: 1 EraseBytes-
#3629	REDUCE cov: 123 ft: 497 corp: 61/10641b lim: 333 exec/s: 0 rss: 29Mb L: 65/333 MS: 1 EraseBytes-
#3847	REDUCE cov: 123 ft: 497 corp: 61/10614b lim: 333 exec/s: 0 rss: 29Mb L: 93/333 MS: 3 ChangeBinInt-EraseBytes-CopyPart-
#3927	NEW    cov: 124 ft: 498 corp: 62/10943b lim: 333 exec/s: 0 rss: 29Mb L: 329/333 MS: 5 ChangeBit-InsertByte-CrossOver-ChangeByte-CopyPart-
#3960	REDUCE cov: 124 ft: 498 corp: 62/10941b lim: 333 exec/s: 0 rss: 29Mb L: 13/333 MS: 3 ChangeByte-InsertByte-EraseBytes-
#4014	REDUCE cov: 124 ft: 498 corp: 62/10861b lim: 333 exec/s: 0 rss: 29Mb L: 250/333 MS: 4 CopyPart-EraseBytes-ShuffleBytes-InsertByte-
#4031	REDUCE cov: 124 ft: 498 corp: 62/10858b lim: 333 exec/s: 0 rss: 29Mb L: 10/333 MS: 2 ChangeBinInt-EraseBytes-
#4044	REDUCE cov: 124 ft: 498 corp: 62/10825b lim: 333 exec/s: 0 rss: 29Mb L: 283/333 MS: 3 ChangeByte-ChangeByte-EraseBytes-
#4097	NEW    cov: 124 ft: 503 corp: 63/11053b lim: 333 exec/s: 0 rss: 29Mb L: 228/333 MS: 3 ChangeByte-ChangeBit-ChangeBit-
#4255	REDUCE cov: 124 ft: 503 corp: 63/10971b lim: 333 exec/s: 0 rss: 29Mb L: 249/333 MS: 3 ChangeByte-ChangeBit-EraseBytes-
#4316	REDUCE cov: 124 ft: 506 corp: 64/11060b lim: 333 exec/s: 0 rss: 29Mb L: 89/333 MS: 1 InsertByte-
#4487	NEW    cov: 124 ft: 508 corp: 65/11288b lim: 333 exec/s: 0 rss: 29Mb L: 228/333 MS: 1 ChangeBit-
#4652	REDUCE cov: 124 ft: 508 corp: 65/11284b lim: 333 exec/s: 0 rss: 29Mb L: 290/333 MS: 5 CMP-EraseBytes-ChangeBinInt-CopyPart-CopyPart- DE: "\000\000z\2724\003z\367"-
#4764	REDUCE cov: 124 ft: 508 corp: 65/11266b lim: 333 exec/s: 0 rss: 29Mb L: 70/333 MS: 2 PersAutoDict-EraseBytes- DE: "frma"-
#4876	REDUCE cov: 125 ft: 509 corp: 66/11476b lim: 333 exec/s: 0 rss: 29Mb L: 210/333 MS: 2 ChangeByte-CMP- DE: "mdia"-
#4987	REDUCE cov: 125 ft: 509 corp: 66/11475b lim: 333 exec/s: 0 rss: 29Mb L: 1/333 MS: 1 EraseBytes-
#5094	NEW    cov: 125 ft: 511 corp: 67/11695b lim: 333 exec/s: 0 rss: 29Mb L: 220/333 MS: 2 ChangeBinInt-PersAutoDict- DE: "hvc1"-
#5328	REDUCE cov: 125 ft: 511 corp: 67/11623b lim: 333 exec/s: 0 rss: 29Mb L: 181/333 MS: 4 PersAutoDict-ChangeASCIIInt-ShuffleBytes-EraseBytes- DE: "hvc1"-
#5332	REDUCE cov: 125 ft: 511 corp: 67/11542b lim: 333 exec/s: 0 rss: 29Mb L: 209/333 MS: 4 CrossOver-InsertByte-ChangeByte-InsertByte-
#5695	REDUCE cov: 125 ft: 511 corp: 67/11517b lim: 333 exec/s: 0 rss: 30Mb L: 132/333 MS: 3 CopyPart-PersAutoDict-EraseBytes- DE: "tapt"-
#5711	REDUCE cov: 125 ft: 511 corp: 67/11510b lim: 333 exec/s: 0 rss: 30Mb L: 78/333 MS: 1 EraseBytes-
#5749	REDUCE cov: 125 ft: 511 corp: 67/11509b lim: 333 exec/s: 0 rss: 30Mb L: 145/333 MS: 3 ChangeBinInt-ChangeBit-EraseBytes-
#5766	REDUCE cov: 125 ft: 511 corp: 67/11475b lim: 333 exec/s: 0 rss: 30Mb L: 44/333 MS: 2 ChangeBit-EraseBytes-
#5854	REDUCE cov: 125 ft: 511 corp: 67/11433b lim: 333 exec/s: 0 rss: 30Mb L: 60/333 MS: 3 ChangeBit-ChangeBit-CrossOver-
#5860	REDUCE cov: 125 ft: 511 corp: 67/11430b lim: 333 exec/s: 0 rss: 30Mb L: 41/333 MS: 1 EraseBytes-
#5961	REDUCE cov: 125 ft: 512 corp: 68/11457b lim: 333 exec/s: 0 rss: 30Mb L: 27/333 MS: 1 CrossOver-
#6132	NEW    cov: 125 ft: 513 corp: 69/11767b lim: 333 exec/s: 6132 rss: 30Mb L: 310/333 MS: 1 CrossOver-
#6144	REDUCE cov: 125 ft: 513 corp: 69/11758b lim: 333 exec/s: 6144 rss: 30Mb L: 201/333 MS: 2 ChangeByte-EraseBytes-
#6197	REDUCE cov: 125 ft: 513 corp: 69/11757b lim: 333 exec/s: 6197 rss: 30Mb L: 52/333 MS: 3 PersAutoDict-ChangeASCIIInt-EraseBytes- DE: "tapt"-
#6348	REDUCE cov: 125 ft: 513 corp: 69/11723b lim: 333 exec/s: 6348 rss: 30Mb L: 216/333 MS: 1 EraseBytes-
#6500	NEW    cov: 125 ft: 514 corp: 70/11951b lim: 333 exec/s: 6500 rss: 30Mb L: 228/333 MS: 2 ChangeBit-PersAutoDict- DE: "\001\000\000C"-
#6636	REDUCE cov: 125 ft: 514 corp: 70/11889b lim: 333 exec/s: 6636 rss: 30Mb L: 70/333 MS: 1 EraseBytes-
#6689	REDUCE cov: 125 ft: 514 corp: 70/11859b lim: 333 exec/s: 6689 rss: 30Mb L: 303/333 MS: 3 CrossOver-ChangeBinInt-CrossOver-
#6983	REDUCE cov: 125 ft: 514 corp: 70/11856b lim: 333 exec/s: 6983 rss: 30Mb L: 181/333 MS: 4 CrossOver-ChangeBinInt-InsertByte-EraseBytes-
#7407	REDUCE cov: 125 ft: 514 corp: 70/11832b lim: 333 exec/s: 7407 rss: 30Mb L: 157/333 MS: 4 EraseBytes-ChangeASCIIInt-ChangeBinInt-EraseBytes-
#7747	REDUCE cov: 125 ft: 514 corp: 70/11830b lim: 333 exec/s: 7747 rss: 30Mb L: 91/333 MS: 5 ChangeBit-ChangeByte-CopyPart-ChangeBinInt-EraseBytes-
#7834	REDUCE cov: 125 ft: 514 corp: 70/11828b lim: 333 exec/s: 7834 rss: 30Mb L: 50/333 MS: 2 CopyPart-EraseBytes-
#7862	REDUCE cov: 125 ft: 514 corp: 70/11808b lim: 333 exec/s: 7862 rss: 30Mb L: 161/333 MS: 3 CMP-CopyPart-CrossOver- DE: "irot"-
#8052	REDUCE cov: 125 ft: 514 corp: 70/11789b lim: 333 exec/s: 8052 rss: 30Mb L: 50/333 MS: 5 CopyPart-ChangeBinInt-InsertByte-EraseBytes-EraseBytes-
#8158	REDUCE cov: 125 ft: 514 corp: 70/11782b lim: 333 exec/s: 8158 rss: 30Mb L: 138/333 MS: 1 EraseBytes-
#8160	NEW    cov: 125 ft: 519 corp: 71/12032b lim: 333 exec/s: 8160 rss: 30Mb L: 250/333 MS: 2 ChangeBinInt-CopyPart-
#8172	REDUCE cov: 125 ft: 519 corp: 71/12023b lim: 333 exec/s: 8172 rss: 30Mb L: 211/333 MS: 2 ChangeByte-EraseBytes-
#8285	REDUCE cov: 125 ft: 519 corp: 71/11998b lim: 333 exec/s: 8285 rss: 30Mb L: 45/333 MS: 3 ChangeBit-CopyPart-EraseBytes-
#8345	REDUCE cov: 125 ft: 519 corp: 71/11989b lim: 333 exec/s: 8345 rss: 30Mb L: 298/333 MS: 5 ChangeBinInt-InsertByte-ChangeBinInt-CopyPart-EraseBytes-
#8347	REDUCE cov: 125 ft: 519 corp: 71/11967b lim: 333 exec/s: 8347 rss: 30Mb L: 135/333 MS: 2 CMP-EraseBytes- DE: "N7ISOBMFF4FTYP"-
#8656	REDUCE cov: 125 ft: 519 corp: 71/11930b lim: 333 exec/s: 8656 rss: 30Mb L: 215/333 MS: 4 InsertByte-ShuffleBytes-EraseBytes-InsertRepeatedBytes-
#9203	REDUCE cov: 125 ft: 519 corp: 71/11913b lim: 333 exec/s: 9203 rss: 30Mb L: 24/333 MS: 2 ChangeBit-EraseBytes-
#9511	REDUCE cov: 125 ft: 519 corp: 71/11911b lim: 333 exec/s: 9511 rss: 30Mb L: 22/333 MS: 3 ChangeBit-InsertByte-EraseBytes-
#9918	REDUCE cov: 125 ft: 519 corp: 71/11899b lim: 333 exec/s: 9918 rss: 30Mb L: 321/333 MS: 2 ChangeByte-EraseBytes-
#9991	REDUCE cov: 125 ft: 519 corp: 71/11876b lim: 333 exec/s: 9991 rss: 30Mb L: 219/333 MS: 3 PersAutoDict-PersAutoDict-EraseBytes- DE: "\217\341;-\253V\000\000"-"T\000\000\000\000\000\000\000"-
#10143	REDUCE cov: 125 ft: 519 corp: 71/11845b lim: 333 exec/s: 10143 rss: 30Mb L: 260/333 MS: 2 EraseBytes-InsertRepeatedBytes-
#10159	REDUCE cov: 125 ft: 519 corp: 71/11827b lim: 333 exec/s: 10159 rss: 30Mb L: 52/333 MS: 1 EraseBytes-
#10175	REDUCE cov: 125 ft: 519 corp: 71/11814b lim: 333 exec/s: 10175 rss: 30Mb L: 37/333 MS: 1 EraseBytes-
#10452	REDUCE cov: 125 ft: 520 corp: 72/12123b lim: 333 exec/s: 10452 rss: 30Mb L: 309/333 MS: 2 ChangeByte-CrossOver-
#10881	REDUCE cov: 125 ft: 520 corp: 72/12105b lim: 333 exec/s: 10881 rss: 30Mb L: 117/333 MS: 4 CMP-CMP-ShuffleBytes-EraseBytes- DE: "\377\377y\2724\010\226a"-"avcC"-
#11039	REDUCE cov: 125 ft: 520 corp: 72/12100b lim: 333 exec/s: 11039 rss: 30Mb L: 196/333 MS: 3 CopyPart-InsertByte-EraseBytes-
#11383	REDUCE cov: 125 ft: 520 corp: 72/12068b lim: 333 exec/s: 11383 rss: 30Mb L: 164/333 MS: 4 ChangeASCIIInt-ChangeByte-ChangeBit-EraseBytes-
#11578	REDUCE cov: 125 ft: 520 corp: 72/12013b lim: 333 exec/s: 11578 rss: 30Mb L: 190/333 MS: 5 PersAutoDict-EraseBytes-ChangeBit-ShuffleBytes-PersAutoDict- DE: "mdat"-"\001\000\000C"-
#11609	REDUCE cov: 125 ft: 520 corp: 72/12012b lim: 333 exec/s: 11609 rss: 30Mb L: 49/333 MS: 1 EraseBytes-
#11730	REDUCE cov: 125 ft: 520 corp: 72/12009b lim: 333 exec/s: 11730 rss: 30Mb L: 243/333 MS: 1 EraseBytes-
#12246	REDUCE cov: 125 ft: 520 corp: 72/12004b lim: 333 exec/s: 12246 rss: 30Mb L: 47/333 MS: 1 EraseBytes-
#12386	REDUCE cov: 125 ft: 520 corp: 72/11999b lim: 333 exec/s: 12386 rss: 30Mb L: 204/333 MS: 5 ShuffleBytes-CMP-CopyPart-ChangeByte-EraseBytes- DE: "\000\000\000\001"-
#13051	REDUCE cov: 125 ft: 520 corp: 72/11924b lim: 333 exec/s: 6525 rss: 30Mb L: 208/333 MS: 5 CrossOver-ChangeASCIIInt-CMP-ChangeByte-EraseBytes- DE: "`dm\000"-
#13206	REDUCE cov: 125 ft: 520 corp: 72/11905b lim: 333 exec/s: 6603 rss: 30Mb L: 28/333 MS: 5 InsertByte-ShuffleBytes-CopyPart-ChangeByte-EraseBytes-
#13271	REDUCE cov: 125 ft: 520 corp: 72/11895b lim: 333 exec/s: 6635 rss: 30Mb L: 36/333 MS: 5 EraseBytes-ShuffleBytes-ChangeASCIIInt-CopyPart-ChangeBinInt-
#13498	REDUCE cov: 125 ft: 520 corp: 72/11883b lim: 333 exec/s: 6749 rss: 30Mb L: 298/333 MS: 2 ChangeASCIIInt-EraseBytes-
#13506	REDUCE cov: 125 ft: 520 corp: 72/11817b lim: 333 exec/s: 6753 rss: 30Mb L: 243/333 MS: 3 CrossOver-InsertByte-EraseBytes-
#13854	REDUCE cov: 125 ft: 520 corp: 72/11811b lim: 333 exec/s: 6927 rss: 30Mb L: 195/333 MS: 3 CMP-ChangeBit-EraseBytes- DE: "\377\377\377\026"-
#14459	REDUCE cov: 125 ft: 520 corp: 72/11810b lim: 333 exec/s: 7229 rss: 30Mb L: 194/333 MS: 5 ChangeBit-InsertByte-ShuffleBytes-ChangeByte-EraseBytes-
#14702	REDUCE cov: 125 ft: 520 corp: 72/11809b lim: 333 exec/s: 7351 rss: 30Mb L: 35/333 MS: 3 ChangeBit-CopyPart-EraseBytes-
#14751	REDUCE cov: 125 ft: 520 corp: 72/11793b lim: 333 exec/s: 7375 rss: 30Mb L: 29/333 MS: 4 EraseBytes-ChangeBit-ShuffleBytes-InsertByte-
#14901	REDUCE cov: 125 ft: 520 corp: 72/11792b lim: 333 exec/s: 7450 rss: 30Mb L: 27/333 MS: 5 PersAutoDict-CMP-ChangeByte-InsertByte-EraseBytes- DE: "mdia"-"\001\000\000\000\000\000\000\030"-
#14937	REDUCE cov: 125 ft: 520 corp: 72/11771b lim: 333 exec/s: 7468 rss: 30Mb L: 143/333 MS: 1 EraseBytes-
#15510	REDUCE cov: 125 ft: 520 corp: 72/11728b lim: 333 exec/s: 7755 rss: 30Mb L: 165/333 MS: 3 ChangeBinInt-PersAutoDict-EraseBytes- DE: "\001\000\000\000\000\000\000\004"-
#16036	REDUCE cov: 125 ft: 520 corp: 72/11726b lim: 333 exec/s: 8018 rss: 30Mb L: 20/333 MS: 1 EraseBytes-
#16323	REDUCE cov: 125 ft: 520 corp: 72/11718b lim: 333 exec/s: 8161 rss: 30Mb L: 182/333 MS: 2 PersAutoDict-EraseBytes- DE: "\377\377\377\026"-
#16351	REDUCE cov: 125 ft: 520 corp: 72/11711b lim: 333 exec/s: 8175 rss: 30Mb L: 158/333 MS: 3 ShuffleBytes-ChangeByte-EraseBytes-
#16384	pulse  cov: 125 ft: 520 corp: 72/11711b lim: 333 exec/s: 8192 rss: 30Mb
#16817	REDUCE cov: 125 ft: 520 corp: 72/11710b lim: 333 exec/s: 8408 rss: 30Mb L: 9/333 MS: 1 EraseBytes-
#16876	REDUCE cov: 125 ft: 520 corp: 72/11709b lim: 333 exec/s: 8438 rss: 30Mb L: 26/333 MS: 4 ChangeBinInt-PersAutoDict-ShuffleBytes-EraseBytes- DE: "\000\000z\2724\003z\367"-
#17112	REDUCE cov: 125 ft: 520 corp: 72/11706b lim: 333 exec/s: 8556 rss: 30Mb L: 32/333 MS: 1 EraseBytes-
#17138	REDUCE cov: 125 ft: 520 corp: 72/11694b lim: 333 exec/s: 8569 rss: 30Mb L: 14/333 MS: 1 EraseBytes-
#17162	REDUCE cov: 125 ft: 520 corp: 72/11692b lim: 333 exec/s: 8581 rss: 30Mb L: 217/333 MS: 4 InsertByte-ChangeBit-InsertRepeatedBytes-EraseBytes-
#17167	REDUCE cov: 125 ft: 520 corp: 72/11686b lim: 333 exec/s: 8583 rss: 30Mb L: 31/333 MS: 5 ChangeByte-ChangeByte-InsertRepeatedBytes-ChangeByte-EraseBytes-
#18019	REDUCE cov: 125 ft: 520 corp: 72/11667b lim: 341 exec/s: 9009 rss: 30Mb L: 142/333 MS: 2 PersAutoDict-EraseBytes- DE: "\217\341;-\253V\000\000"-
#18051	REDUCE cov: 125 ft: 520 corp: 72/11663b lim: 341 exec/s: 9025 rss: 30Mb L: 16/333 MS: 2 ChangeByte-EraseBytes-
#18263	REDUCE cov: 125 ft: 525 corp: 73/11986b lim: 341 exec/s: 9131 rss: 30Mb L: 323/333 MS: 2 ChangeBit-CrossOver-
==394433== ERROR: libFuzzer: out-of-memory (used: 1551Mb; limit: 1024Mb)
   To change the out-of-memory limit use -rss_limit_mb=<N>

MS: 4 ChangeBit-PersAutoDict-CMP-PersAutoDict- DE: "\001\000\000\000\000\000\000\030"-"avc1"-"irot"-; base unit: 9bf4cfce371e78396f56a930c5c482389b60f12c
artifact_prefix='/results/crashes/20260313_162556_3b9b94df_'; Test unit written to /results/crashes/20260313_162556_3b9b94df_oom-95814a5be35125dc0c0ecf44ef8e8eef63f942f6
SUMMARY: libFuzzer: out-of-memory
stat::number_of_executed_units: 18662
stat::average_exec_per_sec:     4665
stat::new_units_added:          187
stat::slowest_unit_time_sec:    0
stat::peak_rss_mb:              1551
