INFO: Running with entropic power schedule (0xFF, 100).
INFO: Seed: 653637366
INFO: Loaded 1 modules   (252 inline 8-bit counters): 252 [0x5c0326cc3678, 0x5c0326cc3774), 
INFO: Loaded 1 PC tables (252 PCs): 252 [0x5c0326cc3778,0x5c0326cc4738), 
INFO:        4 files found in /tmp/corpus_20260313_191424_4a09679a
INFO: seed corpus: files: 4 min: 48b max: 333b total: 853b rss: 28Mb
#5	INITED cov: 117 ft: 250 corp: 4/853b exec/s: 0 rss: 29Mb
#9	NEW    cov: 117 ft: 263 corp: 5/1185b lim: 333 exec/s: 0 rss: 29Mb L: 332/333 MS: 4 ChangeBinInt-ChangeBinInt-ChangeASCIIInt-CopyPart-
#11	NEW    cov: 117 ft: 273 corp: 6/1233b lim: 333 exec/s: 0 rss: 29Mb L: 48/333 MS: 2 ChangeBit-CrossOver-
#16	NEW    cov: 117 ft: 280 corp: 7/1381b lim: 333 exec/s: 0 rss: 29Mb L: 148/333 MS: 5 ShuffleBytes-ShuffleBytes-ChangeBinInt-ChangeBit-EraseBytes-
#17	NEW    cov: 117 ft: 282 corp: 8/1429b lim: 333 exec/s: 0 rss: 29Mb L: 48/333 MS: 1 CopyPart-
#20	NEW    cov: 117 ft: 288 corp: 9/1588b lim: 333 exec/s: 0 rss: 29Mb L: 159/333 MS: 3 ChangeBit-CrossOver-CrossOver-
#25	NEW    cov: 117 ft: 297 corp: 10/1751b lim: 333 exec/s: 0 rss: 29Mb L: 163/333 MS: 5 CMP-ChangeByte-CMP-ChangeByte-ChangeByte- DE: "\000\030ft"-"\001\000\000\013"-
#26	NEW    cov: 117 ft: 298 corp: 11/1937b lim: 333 exec/s: 0 rss: 29Mb L: 186/333 MS: 1 CrossOver-
#30	NEW    cov: 117 ft: 312 corp: 12/1953b lim: 333 exec/s: 0 rss: 29Mb L: 16/333 MS: 4 CopyPart-ChangeASCIIInt-CrossOver-CrossOver-
#33	NEW    cov: 117 ft: 313 corp: 13/2262b lim: 333 exec/s: 0 rss: 29Mb L: 309/333 MS: 3 ChangeBinInt-CrossOver-EraseBytes-
#35	NEW    cov: 117 ft: 327 corp: 14/2276b lim: 333 exec/s: 0 rss: 29Mb L: 14/333 MS: 2 ChangeBinInt-EraseBytes-
#36	NEW    cov: 117 ft: 329 corp: 15/2293b lim: 333 exec/s: 0 rss: 29Mb L: 17/333 MS: 1 InsertByte-
#42	NEW    cov: 117 ft: 330 corp: 16/2497b lim: 333 exec/s: 0 rss: 29Mb L: 204/333 MS: 1 InsertRepeatedBytes-
#46	NEW    cov: 117 ft: 331 corp: 17/2653b lim: 333 exec/s: 0 rss: 29Mb L: 156/333 MS: 4 ChangeByte-ChangeBinInt-ShuffleBytes-CMP- DE: "c\326\250&\003\\\000\000"-
#48	NEW    cov: 117 ft: 332 corp: 18/2699b lim: 333 exec/s: 0 rss: 29Mb L: 46/333 MS: 2 ShuffleBytes-CrossOver-
#53	NEW    cov: 118 ft: 333 corp: 19/2857b lim: 333 exec/s: 0 rss: 29Mb L: 158/333 MS: 5 ChangeBit-InsertByte-ChangeBinInt-ChangeBinInt-InsertByte-
#55	NEW    cov: 118 ft: 342 corp: 20/2978b lim: 333 exec/s: 0 rss: 29Mb L: 121/333 MS: 2 ChangeByte-InsertRepeatedBytes-
#57	NEW    cov: 119 ft: 343 corp: 21/3290b lim: 333 exec/s: 0 rss: 29Mb L: 312/333 MS: 2 InsertByte-CrossOver-
#61	NEW    cov: 119 ft: 347 corp: 22/3470b lim: 333 exec/s: 0 rss: 29Mb L: 180/333 MS: 4 PersAutoDict-CMP-InsertByte-InsertRepeatedBytes- DE: "\000\030ft"-"!\000\000\000"-
#66	NEW    cov: 119 ft: 348 corp: 23/3552b lim: 333 exec/s: 0 rss: 29Mb L: 82/333 MS: 5 ShuffleBytes-InsertByte-ShuffleBytes-InsertByte-InsertRepeatedBytes-
#69	REDUCE cov: 119 ft: 348 corp: 23/3545b lim: 333 exec/s: 0 rss: 29Mb L: 156/333 MS: 3 ChangeBit-InsertRepeatedBytes-EraseBytes-
#76	NEW    cov: 119 ft: 357 corp: 24/3793b lim: 333 exec/s: 0 rss: 29Mb L: 248/333 MS: 2 ChangeBinInt-InsertRepeatedBytes-
#79	REDUCE cov: 119 ft: 357 corp: 24/3790b lim: 333 exec/s: 0 rss: 29Mb L: 11/333 MS: 3 CMP-ChangeBit-EraseBytes- DE: "\007\000"-
#82	NEW    cov: 119 ft: 358 corp: 25/4097b lim: 333 exec/s: 0 rss: 29Mb L: 307/333 MS: 3 ShuffleBytes-CopyPart-CMP- DE: "\000\000\000\000\000\000\000\020"-
#83	NEW    cov: 119 ft: 359 corp: 26/4226b lim: 333 exec/s: 0 rss: 29Mb L: 129/333 MS: 1 PersAutoDict- DE: "\000\000\000\000\000\000\000\020"-
#85	NEW    cov: 119 ft: 406 corp: 27/4255b lim: 333 exec/s: 0 rss: 29Mb L: 29/333 MS: 2 ChangeBinInt-EraseBytes-
#87	NEW    cov: 119 ft: 407 corp: 28/4430b lim: 333 exec/s: 0 rss: 29Mb L: 175/333 MS: 2 InsertRepeatedBytes-ChangeByte-
#88	NEW    cov: 119 ft: 411 corp: 29/4479b lim: 333 exec/s: 0 rss: 29Mb L: 49/333 MS: 1 InsertByte-
#103	NEW    cov: 119 ft: 417 corp: 30/4629b lim: 333 exec/s: 0 rss: 29Mb L: 150/333 MS: 5 InsertRepeatedBytes-InsertByte-InsertRepeatedBytes-CopyPart-EraseBytes-
#113	NEW    cov: 119 ft: 418 corp: 31/4715b lim: 333 exec/s: 0 rss: 29Mb L: 86/333 MS: 5 ChangeBit-PersAutoDict-ChangeBit-ChangeBinInt-InsertRepeatedBytes- DE: "\001\000\000\013"-
#115	NEW    cov: 120 ft: 428 corp: 32/5024b lim: 333 exec/s: 0 rss: 29Mb L: 309/333 MS: 2 InsertRepeatedBytes-InsertRepeatedBytes-
#116	NEW    cov: 120 ft: 436 corp: 33/5183b lim: 333 exec/s: 0 rss: 29Mb L: 159/333 MS: 1 ChangeByte-
#117	NEW    cov: 121 ft: 438 corp: 34/5511b lim: 333 exec/s: 0 rss: 29Mb L: 328/333 MS: 1 CrossOver-
#130	REDUCE cov: 121 ft: 439 corp: 35/5611b lim: 333 exec/s: 0 rss: 29Mb L: 100/333 MS: 3 PersAutoDict-EraseBytes-CrossOver- DE: "\000\000\000\000\000\000\000\020"-
#140	NEW    cov: 121 ft: 441 corp: 36/5942b lim: 333 exec/s: 0 rss: 29Mb L: 331/333 MS: 5 CopyPart-ChangeASCIIInt-ChangeBinInt-EraseBytes-CopyPart-
#149	NEW    cov: 121 ft: 445 corp: 37/6208b lim: 333 exec/s: 0 rss: 29Mb L: 266/333 MS: 4 CopyPart-PersAutoDict-ChangeByte-InsertByte- DE: "!\000\000\000"-
#165	REDUCE cov: 121 ft: 445 corp: 37/6181b lim: 333 exec/s: 0 rss: 29Mb L: 55/333 MS: 1 EraseBytes-
#183	NEW    cov: 121 ft: 446 corp: 38/6294b lim: 333 exec/s: 0 rss: 29Mb L: 113/333 MS: 3 ShuffleBytes-ShuffleBytes-EraseBytes-
#207	NEW    cov: 121 ft: 447 corp: 39/6372b lim: 333 exec/s: 0 rss: 29Mb L: 78/333 MS: 4 InsertByte-InsertRepeatedBytes-ChangeBinInt-CrossOver-
#289	NEW    cov: 121 ft: 448 corp: 40/6696b lim: 333 exec/s: 0 rss: 29Mb L: 324/333 MS: 2 InsertRepeatedBytes-CopyPart-
#307	NEW    cov: 121 ft: 449 corp: 41/7029b lim: 333 exec/s: 0 rss: 29Mb L: 333/333 MS: 3 PersAutoDict-ChangeBit-CrossOver- DE: "c\326\250&\003\\\000\000"-
#326	NEW    cov: 121 ft: 450 corp: 42/7068b lim: 333 exec/s: 0 rss: 29Mb L: 39/333 MS: 4 CopyPart-CrossOver-ChangeBinInt-ShuffleBytes-
#387	REDUCE cov: 121 ft: 451 corp: 43/7104b lim: 333 exec/s: 0 rss: 29Mb L: 36/333 MS: 1 InsertRepeatedBytes-
#412	NEW    cov: 121 ft: 452 corp: 44/7180b lim: 333 exec/s: 0 rss: 29Mb L: 76/333 MS: 5 InsertByte-InsertByte-EraseBytes-EraseBytes-CopyPart-
#472	NEW    cov: 122 ft: 453 corp: 45/7185b lim: 333 exec/s: 0 rss: 29Mb L: 5/333 MS: 5 InsertRepeatedBytes-InsertByte-InsertRepeatedBytes-CrossOver-EraseBytes-
#560	NEW    cov: 122 ft: 454 corp: 46/7203b lim: 333 exec/s: 0 rss: 29Mb L: 18/333 MS: 3 ChangeBinInt-CMP-EraseBytes- DE: "ipro"-
#604	NEW    cov: 122 ft: 459 corp: 47/7386b lim: 333 exec/s: 0 rss: 29Mb L: 183/333 MS: 4 ChangeBinInt-PersAutoDict-ChangeASCIIInt-CMP- DE: "ipro"-"ispe"-
#647	REDUCE cov: 122 ft: 459 corp: 47/7380b lim: 333 exec/s: 0 rss: 29Mb L: 174/333 MS: 3 ChangeBinInt-InsertRepeatedBytes-EraseBytes-
#658	REDUCE cov: 122 ft: 459 corp: 47/7379b lim: 333 exec/s: 0 rss: 29Mb L: 47/333 MS: 1 EraseBytes-
#667	REDUCE cov: 122 ft: 459 corp: 47/7360b lim: 333 exec/s: 0 rss: 29Mb L: 27/333 MS: 4 PersAutoDict-ChangeByte-CMP-EraseBytes- DE: "ispe"-"\377\377\377\000"-
#733	REDUCE cov: 122 ft: 459 corp: 47/7359b lim: 333 exec/s: 0 rss: 29Mb L: 26/333 MS: 1 EraseBytes-
#785	REDUCE cov: 122 ft: 459 corp: 47/7322b lim: 333 exec/s: 0 rss: 29Mb L: 84/333 MS: 2 ChangeBinInt-EraseBytes-
#806	REDUCE cov: 122 ft: 459 corp: 47/7245b lim: 333 exec/s: 0 rss: 29Mb L: 79/333 MS: 1 EraseBytes-
#889	REDUCE cov: 122 ft: 459 corp: 47/7141b lim: 333 exec/s: 0 rss: 29Mb L: 162/333 MS: 3 ChangeBit-InsertRepeatedBytes-CrossOver-
#901	NEW    cov: 122 ft: 468 corp: 48/7365b lim: 333 exec/s: 0 rss: 29Mb L: 224/333 MS: 2 EraseBytes-ChangeBit-
#924	REDUCE cov: 122 ft: 468 corp: 48/7341b lim: 333 exec/s: 0 rss: 29Mb L: 200/333 MS: 3 CopyPart-ChangeByte-EraseBytes-
#936	REDUCE cov: 122 ft: 474 corp: 49/7673b lim: 333 exec/s: 0 rss: 29Mb L: 332/333 MS: 2 CopyPart-CopyPart-
#940	REDUCE cov: 122 ft: 474 corp: 49/7568b lim: 333 exec/s: 0 rss: 29Mb L: 219/333 MS: 4 ChangeBinInt-ChangeByte-InsertRepeatedBytes-EraseBytes-
#993	REDUCE cov: 122 ft: 474 corp: 49/7566b lim: 333 exec/s: 0 rss: 29Mb L: 74/333 MS: 3 ChangeBit-InsertByte-EraseBytes-
#994	REDUCE cov: 122 ft: 474 corp: 49/7565b lim: 333 exec/s: 0 rss: 29Mb L: 4/333 MS: 1 EraseBytes-
#1130	REDUCE cov: 122 ft: 474 corp: 49/7539b lim: 333 exec/s: 0 rss: 29Mb L: 53/333 MS: 1 CrossOver-
#1212	REDUCE cov: 122 ft: 474 corp: 49/7538b lim: 333 exec/s: 0 rss: 29Mb L: 3/333 MS: 2 CopyPart-EraseBytes-
#1218	NEW    cov: 122 ft: 475 corp: 50/7794b lim: 333 exec/s: 0 rss: 29Mb L: 256/333 MS: 1 PersAutoDict- DE: "!\000\000\000"-
#1234	REDUCE cov: 122 ft: 475 corp: 50/7622b lim: 333 exec/s: 0 rss: 29Mb L: 28/333 MS: 1 CrossOver-
#1237	REDUCE cov: 122 ft: 475 corp: 50/7615b lim: 333 exec/s: 0 rss: 29Mb L: 167/333 MS: 3 PersAutoDict-InsertByte-EraseBytes- DE: "\000\030ft"-
#1281	REDUCE cov: 122 ft: 475 corp: 50/7614b lim: 333 exec/s: 0 rss: 29Mb L: 2/333 MS: 4 CopyPart-ChangeBit-InsertByte-EraseBytes-
#1299	REDUCE cov: 122 ft: 475 corp: 50/7589b lim: 333 exec/s: 0 rss: 29Mb L: 142/333 MS: 3 EraseBytes-InsertByte-CopyPart-
#1365	REDUCE cov: 122 ft: 475 corp: 50/7556b lim: 333 exec/s: 0 rss: 29Mb L: 299/333 MS: 1 EraseBytes-
#1396	REDUCE cov: 122 ft: 475 corp: 50/7543b lim: 333 exec/s: 0 rss: 29Mb L: 146/333 MS: 1 EraseBytes-
#1702	REDUCE cov: 122 ft: 475 corp: 50/7496b lim: 333 exec/s: 0 rss: 29Mb L: 136/333 MS: 1 EraseBytes-
#1796	REDUCE cov: 122 ft: 475 corp: 50/7473b lim: 333 exec/s: 0 rss: 29Mb L: 30/333 MS: 4 InsertByte-ChangeBinInt-ChangeASCIIInt-EraseBytes-
#1838	REDUCE cov: 122 ft: 476 corp: 51/7744b lim: 333 exec/s: 0 rss: 29Mb L: 271/333 MS: 2 PersAutoDict-InsertRepeatedBytes- DE: "\377\377\377\000"-
#1858	REDUCE cov: 122 ft: 476 corp: 51/7741b lim: 333 exec/s: 0 rss: 29Mb L: 253/333 MS: 5 CopyPart-CrossOver-CrossOver-ChangeBit-EraseBytes-
#1865	REDUCE cov: 122 ft: 476 corp: 51/7735b lim: 333 exec/s: 0 rss: 29Mb L: 33/333 MS: 2 CopyPart-EraseBytes-
#1896	NEW    cov: 122 ft: 482 corp: 52/7955b lim: 333 exec/s: 0 rss: 29Mb L: 220/333 MS: 1 ChangeBinInt-
#1938	NEW    cov: 122 ft: 483 corp: 53/8243b lim: 333 exec/s: 0 rss: 29Mb L: 288/333 MS: 2 CrossOver-CrossOver-
#1966	REDUCE cov: 122 ft: 483 corp: 53/8239b lim: 333 exec/s: 0 rss: 29Mb L: 109/333 MS: 3 CMP-InsertByte-EraseBytes- DE: "ipro"-
#1971	REDUCE cov: 122 ft: 483 corp: 53/8233b lim: 333 exec/s: 0 rss: 29Mb L: 123/333 MS: 5 ChangeByte-PersAutoDict-InsertRepeatedBytes-CrossOver-CrossOver- DE: "ipro"-
#2005	REDUCE cov: 122 ft: 483 corp: 53/8209b lim: 333 exec/s: 0 rss: 29Mb L: 85/333 MS: 4 ChangeBinInt-ChangeBinInt-EraseBytes-ChangeBinInt-
#2060	REDUCE cov: 122 ft: 483 corp: 53/8208b lim: 333 exec/s: 0 rss: 29Mb L: 157/333 MS: 5 InsertByte-CopyPart-ChangeBit-EraseBytes-InsertByte-
#2127	NEW    cov: 122 ft: 484 corp: 54/8432b lim: 333 exec/s: 0 rss: 29Mb L: 224/333 MS: 2 ChangeBit-PersAutoDict- DE: "\001\000\000\013"-
#2300	REDUCE cov: 122 ft: 484 corp: 54/8431b lim: 333 exec/s: 0 rss: 29Mb L: 1/333 MS: 3 ChangeByte-ChangeByte-EraseBytes-
#2382	REDUCE cov: 122 ft: 484 corp: 54/8430b lim: 333 exec/s: 0 rss: 29Mb L: 149/333 MS: 2 ShuffleBytes-EraseBytes-
#2449	NEW    cov: 122 ft: 487 corp: 55/8652b lim: 333 exec/s: 0 rss: 29Mb L: 222/333 MS: 2 ChangeBinInt-CrossOver-
#2544	REDUCE cov: 122 ft: 488 corp: 56/8892b lim: 333 exec/s: 0 rss: 29Mb L: 240/333 MS: 5 ChangeBinInt-ChangeBinInt-ShuffleBytes-PersAutoDict-InsertRepeatedBytes- DE: "ispe"-
#2548	NEW    cov: 122 ft: 489 corp: 57/9220b lim: 333 exec/s: 0 rss: 29Mb L: 328/333 MS: 4 ShuffleBytes-InsertRepeatedBytes-CopyPart-InsertByte-
#2692	REDUCE cov: 122 ft: 489 corp: 57/9204b lim: 333 exec/s: 0 rss: 29Mb L: 293/333 MS: 4 CrossOver-ChangeASCIIInt-EraseBytes-CopyPart-
#2703	REDUCE cov: 122 ft: 489 corp: 57/9202b lim: 333 exec/s: 0 rss: 29Mb L: 83/333 MS: 1 EraseBytes-
#2786	REDUCE cov: 122 ft: 489 corp: 57/9132b lim: 333 exec/s: 0 rss: 29Mb L: 263/333 MS: 3 ChangeBinInt-CMP-EraseBytes- DE: "1\000\000\000"-
#2827	NEW    cov: 122 ft: 490 corp: 58/9140b lim: 333 exec/s: 0 rss: 29Mb L: 8/333 MS: 1 EraseBytes-
#2832	REDUCE cov: 122 ft: 490 corp: 58/9137b lim: 333 exec/s: 0 rss: 29Mb L: 52/333 MS: 5 PersAutoDict-ChangeBit-ChangeByte-ChangeBinInt-EraseBytes- DE: "\000\030ft"-
#2990	REDUCE cov: 122 ft: 491 corp: 59/9461b lim: 333 exec/s: 0 rss: 29Mb L: 324/333 MS: 3 CopyPart-InsertRepeatedBytes-PersAutoDict- DE: "\007\000"-
#3005	NEW    cov: 122 ft: 492 corp: 60/9754b lim: 333 exec/s: 0 rss: 29Mb L: 293/333 MS: 5 InsertByte-CopyPart-ChangeByte-ChangeBinInt-PersAutoDict- DE: "\001\000\000\013"-
#3028	REDUCE cov: 122 ft: 492 corp: 60/9751b lim: 333 exec/s: 0 rss: 29Mb L: 26/333 MS: 3 ShuffleBytes-PersAutoDict-EraseBytes- DE: "ispe"-
#3091	REDUCE cov: 122 ft: 492 corp: 60/9725b lim: 333 exec/s: 0 rss: 29Mb L: 306/333 MS: 3 ChangeBinInt-PersAutoDict-EraseBytes- DE: "c\326\250&\003\\\000\000"-
#3148	REDUCE cov: 122 ft: 492 corp: 60/9723b lim: 333 exec/s: 0 rss: 29Mb L: 45/333 MS: 2 ChangeASCIIInt-EraseBytes-
#3339	REDUCE cov: 122 ft: 492 corp: 60/9720b lim: 333 exec/s: 0 rss: 29Mb L: 27/333 MS: 1 EraseBytes-
#3365	NEW    cov: 122 ft: 493 corp: 61/10008b lim: 333 exec/s: 0 rss: 29Mb L: 288/333 MS: 1 InsertRepeatedBytes-
#3465	REDUCE cov: 122 ft: 493 corp: 61/9985b lim: 333 exec/s: 0 rss: 29Mb L: 125/333 MS: 5 ShuffleBytes-ChangeBit-InsertByte-CMP-EraseBytes- DE: "\037\000\000\000"-
#3526	REDUCE cov: 122 ft: 493 corp: 61/9969b lim: 333 exec/s: 0 rss: 29Mb L: 283/333 MS: 1 EraseBytes-
#3613	REDUCE cov: 122 ft: 493 corp: 61/9950b lim: 333 exec/s: 0 rss: 29Mb L: 104/333 MS: 2 ChangeBit-EraseBytes-
#3709	REDUCE cov: 122 ft: 493 corp: 61/9942b lim: 333 exec/s: 0 rss: 29Mb L: 40/333 MS: 1 EraseBytes-
#3719	REDUCE cov: 122 ft: 493 corp: 61/9929b lim: 333 exec/s: 0 rss: 29Mb L: 71/333 MS: 5 CMP-InsertByte-ChangeByte-ShuffleBytes-EraseBytes- DE: "\001\000\000\000"-
#3779	REDUCE cov: 122 ft: 493 corp: 61/9910b lim: 333 exec/s: 0 rss: 29Mb L: 156/333 MS: 5 EraseBytes-CopyPart-ChangeASCIIInt-PersAutoDict-CMP- DE: "\037\000\000\000"-"pixi"-
#3801	REDUCE cov: 122 ft: 493 corp: 61/9909b lim: 333 exec/s: 0 rss: 29Mb L: 292/333 MS: 2 CMP-EraseBytes- DE: "\275<\002\210Wz\000\000"-
#3882	REDUCE cov: 122 ft: 493 corp: 61/9887b lim: 333 exec/s: 0 rss: 29Mb L: 200/333 MS: 1 EraseBytes-
#3941	REDUCE cov: 122 ft: 493 corp: 61/9883b lim: 333 exec/s: 0 rss: 29Mb L: 259/333 MS: 4 CopyPart-ChangeASCIIInt-InsertByte-EraseBytes-
#3942	REDUCE cov: 122 ft: 493 corp: 61/9861b lim: 333 exec/s: 0 rss: 29Mb L: 178/333 MS: 1 EraseBytes-
#3999	REDUCE cov: 122 ft: 493 corp: 61/9839b lim: 333 exec/s: 0 rss: 29Mb L: 134/333 MS: 2 EraseBytes-InsertByte-
#4010	REDUCE cov: 122 ft: 493 corp: 61/9828b lim: 333 exec/s: 0 rss: 29Mb L: 146/333 MS: 1 EraseBytes-
#4054	REDUCE cov: 122 ft: 493 corp: 61/9782b lim: 333 exec/s: 0 rss: 29Mb L: 173/333 MS: 4 CopyPart-InsertRepeatedBytes-ShuffleBytes-EraseBytes-
#4266	REDUCE cov: 122 ft: 493 corp: 61/9779b lim: 333 exec/s: 0 rss: 29Mb L: 75/333 MS: 2 EraseBytes-CMP- DE: "\001\000\\\003HL\033\216"-
#4309	REDUCE cov: 122 ft: 493 corp: 61/9777b lim: 333 exec/s: 0 rss: 29Mb L: 69/333 MS: 3 ChangeByte-EraseBytes-PersAutoDict- DE: "\000\000\000\000\000\000\000\020"-
#4384	REDUCE cov: 122 ft: 493 corp: 61/9773b lim: 333 exec/s: 0 rss: 29Mb L: 41/333 MS: 5 CopyPart-CopyPart-PersAutoDict-CMP-EraseBytes- DE: "1\000\000\000"-"\001\000zW\210\002\201\200"-
#4538	REDUCE cov: 122 ft: 493 corp: 61/9761b lim: 333 exec/s: 0 rss: 29Mb L: 192/333 MS: 4 EraseBytes-ChangeBinInt-CopyPart-ShuffleBytes-
#4723	REDUCE cov: 122 ft: 493 corp: 61/9724b lim: 333 exec/s: 0 rss: 29Mb L: 119/333 MS: 5 PersAutoDict-InsertRepeatedBytes-ChangeBit-ChangeASCIIInt-EraseBytes- DE: "pixi"-
#4795	REDUCE cov: 122 ft: 493 corp: 61/9628b lim: 333 exec/s: 0 rss: 29Mb L: 196/333 MS: 2 ShuffleBytes-EraseBytes-
#4859	REDUCE cov: 122 ft: 493 corp: 61/9620b lim: 333 exec/s: 0 rss: 29Mb L: 20/333 MS: 4 ChangeBit-ChangeASCIIInt-InsertByte-EraseBytes-
#5058	REDUCE cov: 122 ft: 494 corp: 62/9884b lim: 333 exec/s: 0 rss: 29Mb L: 264/333 MS: 4 CrossOver-CopyPart-ChangeASCIIInt-InsertRepeatedBytes-
#5131	REDUCE cov: 122 ft: 494 corp: 62/9846b lim: 333 exec/s: 0 rss: 29Mb L: 221/333 MS: 3 EraseBytes-ChangeByte-InsertByte-
#5219	REDUCE cov: 122 ft: 494 corp: 62/9838b lim: 333 exec/s: 0 rss: 29Mb L: 138/333 MS: 3 PersAutoDict-CopyPart-EraseBytes- DE: "c\326\250&\003\\\000\000"-
#5497	REDUCE cov: 122 ft: 494 corp: 62/9825b lim: 333 exec/s: 0 rss: 29Mb L: 123/333 MS: 3 CopyPart-EraseBytes-CrossOver-
#5550	NEW    cov: 122 ft: 500 corp: 63/10100b lim: 333 exec/s: 0 rss: 29Mb L: 275/333 MS: 3 PersAutoDict-ShuffleBytes-CopyPart- DE: "\001\000zW\210\002\201\200"-
#5604	REDUCE cov: 122 ft: 500 corp: 63/10096b lim: 333 exec/s: 0 rss: 29Mb L: 115/333 MS: 4 EraseBytes-CMP-InsertByte-InsertRepeatedBytes- DE: "J\246\003\210Wz\000\000"-
#6029	REDUCE cov: 122 ft: 500 corp: 63/10092b lim: 333 exec/s: 0 rss: 29Mb L: 65/333 MS: 5 CrossOver-ShuffleBytes-InsertRepeatedBytes-EraseBytes-CrossOver-
#6060	REDUCE cov: 122 ft: 500 corp: 63/10058b lim: 333 exec/s: 0 rss: 29Mb L: 139/333 MS: 1 CrossOver-
#6119	REDUCE cov: 122 ft: 500 corp: 63/10057b lim: 333 exec/s: 0 rss: 29Mb L: 141/333 MS: 4 InsertByte-EraseBytes-PersAutoDict-CopyPart- DE: "c\326\250&\003\\\000\000"-
#6225	REDUCE cov: 122 ft: 500 corp: 63/10052b lim: 333 exec/s: 0 rss: 29Mb L: 22/333 MS: 1 EraseBytes-
#6253	REDUCE cov: 122 ft: 500 corp: 63/10030b lim: 333 exec/s: 0 rss: 29Mb L: 101/333 MS: 3 ChangeByte-InsertByte-EraseBytes-
#6302	REDUCE cov: 122 ft: 500 corp: 63/10020b lim: 333 exec/s: 0 rss: 29Mb L: 131/333 MS: 4 ChangeByte-EraseBytes-ShuffleBytes-CMP- DE: "\227_\001\210Wz\000\000"-
#6313	REDUCE cov: 122 ft: 500 corp: 63/9921b lim: 333 exec/s: 0 rss: 29Mb L: 210/333 MS: 1 EraseBytes-
#6404	REDUCE cov: 122 ft: 500 corp: 63/9917b lim: 333 exec/s: 6404 rss: 29Mb L: 18/333 MS: 1 EraseBytes-
#6480	REDUCE cov: 122 ft: 500 corp: 63/9914b lim: 333 exec/s: 6480 rss: 29Mb L: 193/333 MS: 1 EraseBytes-
#6501	NEW    cov: 122 ft: 501 corp: 64/10179b lim: 333 exec/s: 6501 rss: 29Mb L: 265/333 MS: 1 InsertByte-
#6557	REDUCE cov: 122 ft: 501 corp: 64/10155b lim: 333 exec/s: 6557 rss: 29Mb L: 154/333 MS: 1 EraseBytes-
#6649	REDUCE cov: 122 ft: 501 corp: 64/10154b lim: 333 exec/s: 6649 rss: 29Mb L: 17/333 MS: 2 ChangeBinInt-EraseBytes-
#6744	REDUCE cov: 122 ft: 501 corp: 64/10146b lim: 333 exec/s: 6744 rss: 29Mb L: 107/333 MS: 5 CopyPart-ChangeByte-InsertByte-ChangeBit-EraseBytes-
#6869	REDUCE cov: 122 ft: 501 corp: 64/10130b lim: 333 exec/s: 6869 rss: 29Mb L: 122/333 MS: 5 ShuffleBytes-ChangeBinInt-ShuffleBytes-PersAutoDict-EraseBytes- DE: "ispe"-
#6945	REDUCE cov: 122 ft: 501 corp: 64/10122b lim: 333 exec/s: 6945 rss: 29Mb L: 9/333 MS: 1 EraseBytes-
#7728	REDUCE cov: 122 ft: 501 corp: 64/10121b lim: 333 exec/s: 7728 rss: 29Mb L: 8/333 MS: 3 InsertByte-EraseBytes-EraseBytes-
#7756	REDUCE cov: 122 ft: 501 corp: 64/10118b lim: 333 exec/s: 7756 rss: 29Mb L: 8/333 MS: 3 EraseBytes-ChangeByte-InsertByte-
#8257	REDUCE cov: 122 ft: 501 corp: 64/10043b lim: 333 exec/s: 8257 rss: 29Mb L: 79/333 MS: 1 EraseBytes-
#8850	NEW    cov: 122 ft: 502 corp: 65/10263b lim: 333 exec/s: 8850 rss: 29Mb L: 220/333 MS: 3 CopyPart-ChangeBit-ChangeBit-
#8951	REDUCE cov: 122 ft: 502 corp: 65/10234b lim: 333 exec/s: 8951 rss: 29Mb L: 192/333 MS: 1 EraseBytes-
#8952	REDUCE cov: 122 ft: 502 corp: 65/10175b lim: 333 exec/s: 8952 rss: 29Mb L: 80/333 MS: 1 EraseBytes-
#8954	REDUCE cov: 122 ft: 502 corp: 65/10146b lim: 333 exec/s: 8954 rss: 29Mb L: 72/333 MS: 2 PersAutoDict-EraseBytes- DE: "\001\000\000\000"-
#9326	REDUCE cov: 122 ft: 502 corp: 65/10143b lim: 333 exec/s: 9326 rss: 29Mb L: 101/333 MS: 2 CrossOver-EraseBytes-
#9638	REDUCE cov: 122 ft: 502 corp: 65/10142b lim: 333 exec/s: 9638 rss: 29Mb L: 25/333 MS: 2 EraseBytes-InsertByte-
#9675	REDUCE cov: 122 ft: 502 corp: 65/10108b lim: 333 exec/s: 9675 rss: 29Mb L: 66/333 MS: 2 EraseBytes-CrossOver-
#9761	REDUCE cov: 122 ft: 502 corp: 65/10068b lim: 333 exec/s: 9761 rss: 29Mb L: 272/333 MS: 1 EraseBytes-
#9778	REDUCE cov: 122 ft: 502 corp: 65/10059b lim: 333 exec/s: 9778 rss: 29Mb L: 177/333 MS: 2 ChangeASCIIInt-EraseBytes-
#10185	REDUCE cov: 122 ft: 502 corp: 65/9996b lim: 333 exec/s: 10185 rss: 29Mb L: 209/333 MS: 2 InsertRepeatedBytes-EraseBytes-
#10501	REDUCE cov: 122 ft: 502 corp: 65/9994b lim: 333 exec/s: 10501 rss: 29Mb L: 84/333 MS: 1 EraseBytes-
#10668	REDUCE cov: 122 ft: 502 corp: 65/9959b lim: 333 exec/s: 10668 rss: 29Mb L: 99/333 MS: 2 ShuffleBytes-EraseBytes-
#10701	REDUCE cov: 122 ft: 502 corp: 65/9930b lim: 333 exec/s: 10701 rss: 29Mb L: 72/333 MS: 3 ChangeBit-ChangeASCIIInt-EraseBytes-
#10743	REDUCE cov: 122 ft: 502 corp: 65/9922b lim: 333 exec/s: 10743 rss: 29Mb L: 28/333 MS: 2 EraseBytes-EraseBytes-
#10829	NEW    cov: 122 ft: 511 corp: 66/10211b lim: 333 exec/s: 10829 rss: 29Mb L: 289/333 MS: 1 InsertRepeatedBytes-
#10890	REDUCE cov: 122 ft: 511 corp: 66/10210b lim: 333 exec/s: 10890 rss: 29Mb L: 25/333 MS: 1 EraseBytes-
#11036	REDUCE cov: 122 ft: 511 corp: 66/10165b lim: 333 exec/s: 11036 rss: 29Mb L: 147/333 MS: 1 EraseBytes-
#11337	REDUCE cov: 122 ft: 511 corp: 66/10132b lim: 333 exec/s: 11337 rss: 29Mb L: 242/333 MS: 1 EraseBytes-
#11513	REDUCE cov: 122 ft: 511 corp: 66/10096b lim: 333 exec/s: 11513 rss: 29Mb L: 44/333 MS: 1 EraseBytes-
#11542	REDUCE cov: 122 ft: 511 corp: 66/10069b lim: 333 exec/s: 11542 rss: 29Mb L: 47/333 MS: 4 CrossOver-ChangeASCIIInt-CMP-EraseBytes- DE: "hvc1"-
#11558	NEW    cov: 122 ft: 515 corp: 67/10317b lim: 333 exec/s: 11558 rss: 29Mb L: 248/333 MS: 1 ShuffleBytes-
#11655	REDUCE cov: 122 ft: 515 corp: 67/10303b lim: 333 exec/s: 11655 rss: 29Mb L: 65/333 MS: 2 ChangeBit-EraseBytes-
#12147	REDUCE cov: 122 ft: 515 corp: 67/10302b lim: 333 exec/s: 12147 rss: 29Mb L: 46/333 MS: 2 CMP-EraseBytes- DE: "stbl"-
#12317	REDUCE cov: 122 ft: 515 corp: 67/10298b lim: 333 exec/s: 12317 rss: 29Mb L: 68/333 MS: 5 InsertByte-ChangeByte-CopyPart-ShuffleBytes-EraseBytes-
#12323	NEW    cov: 123 ft: 516 corp: 68/10626b lim: 333 exec/s: 12323 rss: 29Mb L: 328/333 MS: 1 InsertRepeatedBytes-
#12329	REDUCE cov: 123 ft: 516 corp: 68/10622b lim: 333 exec/s: 12329 rss: 29Mb L: 42/333 MS: 1 EraseBytes-
#12414	REDUCE cov: 123 ft: 516 corp: 68/10604b lim: 333 exec/s: 12414 rss: 29Mb L: 175/333 MS: 5 ChangeBit-CMP-ChangeBit-ShuffleBytes-EraseBytes- DE: "\001\000\\\003&\251)\350"-
#12490	REDUCE cov: 123 ft: 516 corp: 68/10602b lim: 333 exec/s: 12490 rss: 29Mb L: 16/333 MS: 1 EraseBytes-
#12668	REDUCE cov: 123 ft: 516 corp: 68/10600b lim: 333 exec/s: 12668 rss: 29Mb L: 129/333 MS: 3 CMP-ShuffleBytes-EraseBytes- DE: "\377\377yW\210\006t\021"-
#13150	REDUCE cov: 123 ft: 516 corp: 68/10590b lim: 333 exec/s: 6575 rss: 29Mb L: 297/333 MS: 2 ChangeByte-EraseBytes-
#13280	REDUCE cov: 123 ft: 516 corp: 68/10588b lim: 333 exec/s: 6640 rss: 29Mb L: 82/333 MS: 5 InsertByte-ChangeBinInt-InsertRepeatedBytes-ChangeBit-EraseBytes-
#13637	REDUCE cov: 123 ft: 516 corp: 68/10549b lim: 333 exec/s: 6818 rss: 29Mb L: 110/333 MS: 2 ChangeBit-EraseBytes-
#13698	REDUCE cov: 123 ft: 516 corp: 68/10521b lim: 333 exec/s: 6849 rss: 29Mb L: 147/333 MS: 1 EraseBytes-
#13935	REDUCE cov: 123 ft: 516 corp: 68/10511b lim: 333 exec/s: 6967 rss: 29Mb L: 100/333 MS: 2 CopyPart-EraseBytes-
#14032	REDUCE cov: 123 ft: 516 corp: 68/10502b lim: 333 exec/s: 7016 rss: 29Mb L: 19/333 MS: 2 CrossOver-EraseBytes-
#14069	REDUCE cov: 123 ft: 516 corp: 68/10442b lim: 333 exec/s: 7034 rss: 29Mb L: 87/333 MS: 2 CopyPart-EraseBytes-
#14146	NEW    cov: 123 ft: 517 corp: 69/10611b lim: 333 exec/s: 7073 rss: 29Mb L: 169/333 MS: 2 EraseBytes-PersAutoDict- DE: "\001\000\\\003HL\033\216"-
#14155	REDUCE cov: 123 ft: 517 corp: 69/10566b lim: 333 exec/s: 7077 rss: 29Mb L: 207/333 MS: 4 ChangeBit-EraseBytes-EraseBytes-ChangeByte-
#14261	REDUCE cov: 123 ft: 517 corp: 69/10565b lim: 333 exec/s: 7130 rss: 29Mb L: 51/333 MS: 1 EraseBytes-
#14532	REDUCE cov: 123 ft: 517 corp: 69/10558b lim: 333 exec/s: 7266 rss: 29Mb L: 115/333 MS: 1 EraseBytes-
#14561	REDUCE cov: 123 ft: 517 corp: 69/10541b lim: 333 exec/s: 7280 rss: 29Mb L: 192/333 MS: 4 ChangeBit-ChangeBinInt-ChangeBinInt-CrossOver-
#14863	REDUCE cov: 123 ft: 517 corp: 69/10475b lim: 333 exec/s: 7431 rss: 29Mb L: 103/333 MS: 2 ChangeBit-EraseBytes-
#15137	REDUCE cov: 123 ft: 517 corp: 69/10443b lim: 333 exec/s: 7568 rss: 29Mb L: 83/333 MS: 4 ChangeByte-ShuffleBytes-ChangeByte-EraseBytes-
#15401	REDUCE cov: 123 ft: 517 corp: 69/10439b lim: 333 exec/s: 7700 rss: 29Mb L: 96/333 MS: 4 CMP-PersAutoDict-InsertByte-EraseBytes- DE: "\233\000\000\000\000\000\000\000"-"\000\030ft"-
#15583	REDUCE cov: 123 ft: 517 corp: 69/10431b lim: 333 exec/s: 7791 rss: 29Mb L: 11/333 MS: 2 ChangeBinInt-EraseBytes-
#15969	REDUCE cov: 123 ft: 517 corp: 69/10367b lim: 333 exec/s: 7984 rss: 29Mb L: 224/333 MS: 1 EraseBytes-
#16127	REDUCE cov: 123 ft: 517 corp: 69/10318b lim: 333 exec/s: 8063 rss: 29Mb L: 54/333 MS: 3 ChangeByte-ChangeByte-EraseBytes-
#16129	REDUCE cov: 123 ft: 517 corp: 69/10316b lim: 333 exec/s: 8064 rss: 29Mb L: 81/333 MS: 2 CMP-EraseBytes- DE: "schm"-
#16384	pulse  cov: 123 ft: 517 corp: 69/10316b lim: 333 exec/s: 8192 rss: 29Mb
#16507	REDUCE cov: 123 ft: 522 corp: 70/10407b lim: 333 exec/s: 8253 rss: 30Mb L: 91/333 MS: 3 CMP-CMP-CMP- DE: "avc1"-"\035\000"-"pixi"-
#16583	REDUCE cov: 123 ft: 523 corp: 71/10704b lim: 333 exec/s: 8291 rss: 30Mb L: 297/333 MS: 1 CopyPart-
#16871	REDUCE cov: 123 ft: 523 corp: 71/10643b lim: 333 exec/s: 5623 rss: 1877Mb L: 236/333 MS: 3 ChangeByte-CMP-EraseBytes- DE: "ftyp"-
#17218	REDUCE cov: 123 ft: 523 corp: 71/10629b lim: 333 exec/s: 5739 rss: 1877Mb L: 228/333 MS: 2 ChangeByte-EraseBytes-
==915364== ERROR: libFuzzer: out-of-memory (used: 1877Mb; limit: 1024Mb)
   To change the out-of-memory limit use -rss_limit_mb=<N>

MS: 1 CMP- DE: "\001\000\000\027"-; base unit: 0128c991be1fd213c8d00e7547ce6b08bbe81b61
0x0,0x0,0x0,0x1c,0x66,0x74,0x79,0x70,0x4d,0x34,0x56,0x20,0x0,0x0,0x0,0x0,0x4d,0x34,0x0,0x0,0x0,0x0,0x0,0x0,0x0,0x0,0x0,0x0,0x0,0x0,0x0,0x1,0x0,0x0,0x0,0x0,0x0,0x0,0x0,0x1,0x0,0x0,0x17,0x0,0x0,0x0,0x0,0x1,0x0,0x0,0x0,0x0,0x0,0x0,0x0,0x0,0x0,0x0,0x0,0x0,0x0,0x0,0x4,0x0,0x0,
\000\000\000\034ftypM4V \000\000\000\000M4\000\000\000\000\000\000\000\000\000\000\000\000\000\001\000\000\000\000\000\000\000\001\000\000\027\000\000\000\000\001\000\000\000\000\000\000\000\000\000\000\000\000\000\000\004\000\000
artifact_prefix='/results/crashes/20260313_191424_4a09679a_'; Test unit written to /results/crashes/20260313_191424_4a09679a_oom-2d80f20d32155818a3bd314aaef97b8cfb4b2965
Base64: AAAAHGZ0eXBNNFYgAAAAAE00AAAAAAAAAAAAAAAAAAEAAAAAAAAAAQAAFwAAAAABAAAAAAAAAAAAAAAAAAAEAAA=
SUMMARY: libFuzzer: out-of-memory
stat::number_of_executed_units: 17279
stat::average_exec_per_sec:     4319
stat::new_units_added:          193
stat::slowest_unit_time_sec:    0
stat::peak_rss_mb:              1877
