INFO: Running with entropic power schedule (0xFF, 100).
INFO: Seed: 1693765777
INFO: Loaded 1 modules   (252 inline 8-bit counters): 252 [0x5de5b36ee678, 0x5de5b36ee774), 
INFO: Loaded 1 PC tables (252 PCs): 252 [0x5de5b36ee778,0x5de5b36ef738), 
INFO:        4 files found in /tmp/corpus_20260313_164444_c03f106f
INFO: seed corpus: files: 4 min: 48b max: 333b total: 853b rss: 28Mb
#5	INITED cov: 118 ft: 252 corp: 4/853b exec/s: 0 rss: 29Mb
#8	NEW    cov: 118 ft: 265 corp: 5/1145b lim: 333 exec/s: 0 rss: 29Mb L: 292/333 MS: 3 ChangeBinInt-InsertRepeatedBytes-CMP- DE: "w\000\000\000\000\000\000\000"-
#11	NEW    cov: 118 ft: 266 corp: 6/1438b lim: 333 exec/s: 0 rss: 29Mb L: 293/333 MS: 3 InsertByte-ChangeByte-PersAutoDict- DE: "w\000\000\000\000\000\000\000"-
#12	NEW    cov: 118 ft: 267 corp: 7/1691b lim: 333 exec/s: 0 rss: 29Mb L: 253/333 MS: 1 InsertByte-
#13	NEW    cov: 118 ft: 272 corp: 8/2005b lim: 333 exec/s: 0 rss: 29Mb L: 314/333 MS: 1 InsertRepeatedBytes-
#22	NEW    cov: 118 ft: 288 corp: 9/2138b lim: 333 exec/s: 0 rss: 29Mb L: 133/333 MS: 4 InsertRepeatedBytes-ChangeByte-CMP-CrossOver- DE: "\001\000\000\020"-
#27	NEW    cov: 119 ft: 289 corp: 10/2397b lim: 333 exec/s: 0 rss: 29Mb L: 259/333 MS: 5 ChangeBinInt-ChangeBinInt-PersAutoDict-ChangeByte-EraseBytes- DE: "w\000\000\000\000\000\000\000"-
#32	NEW    cov: 120 ft: 299 corp: 11/2613b lim: 333 exec/s: 0 rss: 29Mb L: 216/333 MS: 5 ChangeByte-CopyPart-CopyPart-PersAutoDict-EraseBytes- DE: "\001\000\000\020"-
#33	NEW    cov: 120 ft: 300 corp: 12/2907b lim: 333 exec/s: 0 rss: 29Mb L: 294/333 MS: 1 InsertByte-
#34	NEW    cov: 120 ft: 320 corp: 13/2956b lim: 333 exec/s: 0 rss: 29Mb L: 49/333 MS: 1 InsertByte-
#38	NEW    cov: 120 ft: 321 corp: 14/3285b lim: 333 exec/s: 0 rss: 29Mb L: 329/333 MS: 4 ShuffleBytes-ChangeBinInt-InsertByte-InsertRepeatedBytes-
#39	NEW    cov: 120 ft: 322 corp: 15/3441b lim: 333 exec/s: 0 rss: 29Mb L: 156/333 MS: 1 EraseBytes-
#43	REDUCE cov: 120 ft: 322 corp: 15/3436b lim: 333 exec/s: 0 rss: 29Mb L: 287/333 MS: 4 PersAutoDict-InsertByte-ChangeBit-EraseBytes- DE: "\001\000\000\020"-
#49	NEW    cov: 120 ft: 337 corp: 16/3554b lim: 333 exec/s: 0 rss: 29Mb L: 118/333 MS: 1 CrossOver-
#53	NEW    cov: 120 ft: 338 corp: 17/3711b lim: 333 exec/s: 0 rss: 29Mb L: 157/333 MS: 4 InsertByte-ChangeBinInt-PersAutoDict-CopyPart- DE: "\001\000\000\020"-
#56	NEW    cov: 120 ft: 339 corp: 18/3989b lim: 333 exec/s: 0 rss: 29Mb L: 278/333 MS: 3 ChangeBit-EraseBytes-InsertRepeatedBytes-
#58	REDUCE cov: 120 ft: 339 corp: 18/3887b lim: 333 exec/s: 0 rss: 29Mb L: 185/333 MS: 2 ChangeByte-EraseBytes-
#67	NEW    cov: 120 ft: 340 corp: 19/4220b lim: 333 exec/s: 0 rss: 29Mb L: 333/333 MS: 4 ChangeBinInt-ShuffleBytes-CopyPart-CopyPart-
#87	NEW    cov: 120 ft: 342 corp: 20/4381b lim: 333 exec/s: 0 rss: 29Mb L: 161/333 MS: 5 ChangeASCIIInt-InsertRepeatedBytes-ChangeByte-ChangeBit-EraseBytes-
#89	NEW    cov: 120 ft: 348 corp: 21/4488b lim: 333 exec/s: 0 rss: 29Mb L: 107/333 MS: 2 CMP-CopyPart- DE: "g\327\242\322\345]\000\000"-
#97	NEW    cov: 121 ft: 349 corp: 22/4782b lim: 333 exec/s: 0 rss: 29Mb L: 294/333 MS: 3 ChangeBit-ShuffleBytes-InsertByte-
#102	NEW    cov: 121 ft: 350 corp: 23/4896b lim: 333 exec/s: 0 rss: 29Mb L: 114/333 MS: 5 PersAutoDict-ChangeByte-ShuffleBytes-PersAutoDict-EraseBytes- DE: "g\327\242\322\345]\000\000"-"g\327\242\322\345]\000\000"-
#104	NEW    cov: 121 ft: 351 corp: 24/4990b lim: 333 exec/s: 0 rss: 29Mb L: 94/333 MS: 2 ChangeBinInt-EraseBytes-
#110	NEW    cov: 122 ft: 352 corp: 25/5242b lim: 333 exec/s: 0 rss: 29Mb L: 252/333 MS: 1 CrossOver-
#121	NEW    cov: 122 ft: 353 corp: 26/5463b lim: 333 exec/s: 0 rss: 29Mb L: 221/333 MS: 1 InsertByte-
#130	NEW    cov: 122 ft: 355 corp: 27/5578b lim: 333 exec/s: 0 rss: 29Mb L: 115/333 MS: 4 ChangeBit-CMP-ChangeBinInt-InsertByte- DE: "\000vid"-
#131	NEW    cov: 122 ft: 382 corp: 28/5799b lim: 333 exec/s: 0 rss: 29Mb L: 221/333 MS: 1 ChangeBinInt-
#140	NEW    cov: 122 ft: 383 corp: 29/6044b lim: 333 exec/s: 0 rss: 29Mb L: 245/333 MS: 4 CMP-InsertRepeatedBytes-ChangeBit-EraseBytes- DE: "lppa"-
#143	NEW    cov: 122 ft: 384 corp: 30/6147b lim: 333 exec/s: 0 rss: 29Mb L: 103/333 MS: 3 CopyPart-InsertByte-CMP- DE: "\377\377\377\377\377\377\377\034"-
#148	NEW    cov: 122 ft: 385 corp: 31/6480b lim: 333 exec/s: 0 rss: 29Mb L: 333/333 MS: 5 ChangeASCIIInt-ChangeByte-ChangeByte-CopyPart-ChangeBit-
#158	NEW    cov: 122 ft: 389 corp: 32/6803b lim: 333 exec/s: 0 rss: 29Mb L: 323/333 MS: 5 ChangeBinInt-ChangeBit-InsertRepeatedBytes-ChangeBinInt-CrossOver-
#164	NEW    cov: 122 ft: 391 corp: 33/6868b lim: 333 exec/s: 0 rss: 29Mb L: 65/333 MS: 1 EraseBytes-
#166	NEW    cov: 122 ft: 392 corp: 34/7045b lim: 333 exec/s: 0 rss: 29Mb L: 177/333 MS: 2 ChangeBinInt-CrossOver-
#168	NEW    cov: 122 ft: 393 corp: 35/7196b lim: 333 exec/s: 0 rss: 29Mb L: 151/333 MS: 2 CopyPart-EraseBytes-
#193	NEW    cov: 122 ft: 394 corp: 36/7526b lim: 333 exec/s: 0 rss: 29Mb L: 330/333 MS: 5 ChangeASCIIInt-ChangeBit-CrossOver-CrossOver-CrossOver-
#216	REDUCE cov: 122 ft: 394 corp: 36/7425b lim: 333 exec/s: 0 rss: 29Mb L: 151/333 MS: 3 PersAutoDict-ChangeByte-EraseBytes- DE: "\001\000\000\020"-
#247	REDUCE cov: 122 ft: 394 corp: 36/7404b lim: 333 exec/s: 0 rss: 29Mb L: 195/333 MS: 1 EraseBytes-
#248	NEW    cov: 122 ft: 398 corp: 37/7717b lim: 333 exec/s: 0 rss: 29Mb L: 313/333 MS: 1 InsertRepeatedBytes-
#289	REDUCE cov: 122 ft: 398 corp: 37/7693b lim: 333 exec/s: 0 rss: 29Mb L: 127/333 MS: 1 EraseBytes-
#324	REDUCE cov: 122 ft: 398 corp: 37/7596b lim: 333 exec/s: 0 rss: 29Mb L: 156/333 MS: 5 ChangeByte-EraseBytes-CrossOver-ChangeBinInt-InsertByte-
#336	REDUCE cov: 122 ft: 398 corp: 37/7576b lim: 333 exec/s: 0 rss: 29Mb L: 165/333 MS: 2 PersAutoDict-EraseBytes- DE: "\001\000\000\020"-
#337	NEW    cov: 122 ft: 399 corp: 38/7633b lim: 333 exec/s: 0 rss: 29Mb L: 57/333 MS: 1 EraseBytes-
#343	NEW    cov: 122 ft: 405 corp: 39/7751b lim: 333 exec/s: 0 rss: 29Mb L: 118/333 MS: 1 CopyPart-
#357	REDUCE cov: 122 ft: 405 corp: 39/7723b lim: 333 exec/s: 0 rss: 29Mb L: 129/333 MS: 4 ShuffleBytes-ChangeBinInt-ChangeBit-EraseBytes-
#375	NEW    cov: 122 ft: 406 corp: 40/7777b lim: 333 exec/s: 0 rss: 29Mb L: 54/333 MS: 3 EraseBytes-CopyPart-EraseBytes-
#390	REDUCE cov: 122 ft: 406 corp: 40/7752b lim: 333 exec/s: 0 rss: 29Mb L: 220/333 MS: 5 InsertByte-ChangeBit-CrossOver-ChangeByte-ShuffleBytes-
#419	REDUCE cov: 122 ft: 406 corp: 40/7716b lim: 333 exec/s: 0 rss: 29Mb L: 115/333 MS: 4 ChangeBit-PersAutoDict-CrossOver-EraseBytes- DE: "\000vid"-
#421	REDUCE cov: 122 ft: 406 corp: 40/7693b lim: 333 exec/s: 0 rss: 29Mb L: 95/333 MS: 2 CrossOver-EraseBytes-
#430	REDUCE cov: 122 ft: 417 corp: 41/7726b lim: 333 exec/s: 0 rss: 29Mb L: 33/333 MS: 4 InsertByte-PersAutoDict-CrossOver-EraseBytes- DE: "lppa"-
#489	NEW    cov: 122 ft: 418 corp: 42/7801b lim: 333 exec/s: 0 rss: 29Mb L: 75/333 MS: 4 ChangeBit-ShuffleBytes-EraseBytes-EraseBytes-
#496	REDUCE cov: 122 ft: 418 corp: 42/7747b lim: 333 exec/s: 0 rss: 29Mb L: 123/333 MS: 2 ChangeBinInt-EraseBytes-
#531	NEW    cov: 122 ft: 427 corp: 43/7776b lim: 333 exec/s: 0 rss: 29Mb L: 29/333 MS: 5 PersAutoDict-InsertByte-InsertByte-ChangeByte-EraseBytes- DE: "\000vid"-
#533	REDUCE cov: 122 ft: 427 corp: 43/7678b lim: 333 exec/s: 0 rss: 29Mb L: 216/333 MS: 2 InsertByte-EraseBytes-
#543	NEW    cov: 122 ft: 428 corp: 44/7999b lim: 333 exec/s: 0 rss: 29Mb L: 321/333 MS: 5 CopyPart-ChangeBit-ChangeBinInt-ChangeBinInt-InsertRepeatedBytes-
#548	REDUCE cov: 122 ft: 428 corp: 44/7978b lim: 333 exec/s: 0 rss: 29Mb L: 108/333 MS: 5 PersAutoDict-PersAutoDict-ChangeBinInt-CopyPart-EraseBytes- DE: "g\327\242\322\345]\000\000"-"g\327\242\322\345]\000\000"-
#551	NEW    cov: 122 ft: 436 corp: 45/8000b lim: 333 exec/s: 0 rss: 29Mb L: 22/333 MS: 3 ChangeBinInt-CrossOver-EraseBytes-
#564	NEW    cov: 122 ft: 449 corp: 46/8008b lim: 333 exec/s: 0 rss: 29Mb L: 8/333 MS: 3 ChangeBinInt-PersAutoDict-CrossOver- DE: "g\327\242\322\345]\000\000"-
#630	REDUCE cov: 122 ft: 449 corp: 46/7987b lim: 333 exec/s: 0 rss: 29Mb L: 74/333 MS: 1 EraseBytes-
#631	REDUCE cov: 122 ft: 449 corp: 46/7965b lim: 333 exec/s: 0 rss: 29Mb L: 105/333 MS: 1 EraseBytes-
#654	NEW    cov: 122 ft: 450 corp: 47/7996b lim: 333 exec/s: 0 rss: 29Mb L: 31/333 MS: 3 EraseBytes-ChangeBinInt-ChangeByte-
#669	REDUCE cov: 122 ft: 450 corp: 47/7990b lim: 333 exec/s: 0 rss: 29Mb L: 68/333 MS: 5 ChangeByte-CopyPart-ChangeASCIIInt-EraseBytes-EraseBytes-
#671	REDUCE cov: 122 ft: 450 corp: 47/7988b lim: 333 exec/s: 0 rss: 29Mb L: 52/333 MS: 2 ChangeByte-EraseBytes-
#699	REDUCE cov: 122 ft: 450 corp: 47/7912b lim: 333 exec/s: 0 rss: 29Mb L: 183/333 MS: 3 PersAutoDict-CrossOver-CrossOver- DE: "lppa"-
#704	NEW    cov: 122 ft: 458 corp: 48/8068b lim: 333 exec/s: 0 rss: 29Mb L: 156/333 MS: 5 InsertByte-EraseBytes-ChangeBinInt-PersAutoDict-InsertByte- DE: "g\327\242\322\345]\000\000"-
#744	REDUCE cov: 122 ft: 458 corp: 48/8044b lim: 333 exec/s: 0 rss: 29Mb L: 83/333 MS: 5 ChangeByte-ChangeASCIIInt-ChangeASCIIInt-EraseBytes-InsertRepeatedBytes-
#903	NEW    cov: 122 ft: 459 corp: 49/8070b lim: 333 exec/s: 0 rss: 29Mb L: 26/333 MS: 4 ShuffleBytes-InsertRepeatedBytes-ShuffleBytes-CMP- DE: "\326g"-
#918	NEW    cov: 122 ft: 460 corp: 50/8079b lim: 333 exec/s: 0 rss: 29Mb L: 9/333 MS: 5 EraseBytes-ChangeBit-EraseBytes-ChangeByte-CrossOver-
#936	REDUCE cov: 122 ft: 460 corp: 50/8010b lim: 333 exec/s: 0 rss: 29Mb L: 264/333 MS: 3 ChangeByte-ChangeBinInt-EraseBytes-
#946	REDUCE cov: 122 ft: 460 corp: 50/7940b lim: 333 exec/s: 0 rss: 29Mb L: 194/333 MS: 5 InsertByte-EraseBytes-ChangeBit-CopyPart-InsertByte-
#961	REDUCE cov: 122 ft: 460 corp: 50/7931b lim: 333 exec/s: 0 rss: 29Mb L: 22/333 MS: 5 InsertByte-InsertByte-CMP-ShuffleBytes-EraseBytes- DE: "%\340\243\322\345]\000\000"-
#1019	REDUCE cov: 123 ft: 461 corp: 51/7932b lim: 333 exec/s: 0 rss: 29Mb L: 1/333 MS: 3 InsertRepeatedBytes-CrossOver-CrossOver-
#1036	REDUCE cov: 123 ft: 461 corp: 51/7924b lim: 333 exec/s: 0 rss: 29Mb L: 14/333 MS: 2 ChangeBit-EraseBytes-
#1131	REDUCE cov: 123 ft: 461 corp: 51/7921b lim: 333 exec/s: 0 rss: 29Mb L: 49/333 MS: 5 ChangeByte-ShuffleBytes-ShuffleBytes-CrossOver-EraseBytes-
#1155	REDUCE cov: 123 ft: 463 corp: 52/8029b lim: 333 exec/s: 0 rss: 29Mb L: 108/333 MS: 4 PersAutoDict-EraseBytes-ShuffleBytes-CopyPart- DE: "%\340\243\322\345]\000\000"-
#1193	REDUCE cov: 123 ft: 463 corp: 52/8022b lim: 333 exec/s: 0 rss: 29Mb L: 19/333 MS: 3 ChangeByte-ChangeByte-EraseBytes-
#1304	REDUCE cov: 123 ft: 463 corp: 52/8018b lim: 333 exec/s: 0 rss: 29Mb L: 45/333 MS: 1 EraseBytes-
#1402	REDUCE cov: 123 ft: 463 corp: 52/8016b lim: 333 exec/s: 0 rss: 29Mb L: 20/333 MS: 3 InsertByte-CMP-EraseBytes- DE: "hvc1"-
#1458	REDUCE cov: 123 ft: 463 corp: 52/8014b lim: 333 exec/s: 0 rss: 29Mb L: 112/333 MS: 1 EraseBytes-
#1513	REDUCE cov: 123 ft: 465 corp: 53/8200b lim: 333 exec/s: 0 rss: 29Mb L: 186/333 MS: 5 CrossOver-CMP-ShuffleBytes-EraseBytes-ShuffleBytes- DE: "\376\377\377\377\377\377\377\177"-
#1570	REDUCE cov: 123 ft: 465 corp: 53/8116b lim: 333 exec/s: 0 rss: 29Mb L: 210/333 MS: 2 EraseBytes-PersAutoDict- DE: "\377\377\377\377\377\377\377\034"-
#1614	NEW    cov: 123 ft: 466 corp: 54/8436b lim: 333 exec/s: 0 rss: 29Mb L: 320/333 MS: 4 InsertRepeatedBytes-ChangeBit-PersAutoDict-CrossOver- DE: "w\000\000\000\000\000\000\000"-
#1647	NEW    cov: 123 ft: 467 corp: 55/8692b lim: 333 exec/s: 0 rss: 29Mb L: 256/333 MS: 3 ShuffleBytes-ChangeBit-CMP- DE: "\001\000\000\013"-
#1658	REDUCE cov: 123 ft: 467 corp: 55/8674b lim: 333 exec/s: 0 rss: 29Mb L: 168/333 MS: 1 EraseBytes-
#1717	NEW    cov: 123 ft: 473 corp: 56/8991b lim: 333 exec/s: 0 rss: 29Mb L: 317/333 MS: 4 ChangeBinInt-ShuffleBytes-EraseBytes-InsertRepeatedBytes-
#1719	REDUCE cov: 123 ft: 473 corp: 56/8987b lim: 333 exec/s: 0 rss: 29Mb L: 10/333 MS: 2 ShuffleBytes-EraseBytes-
#1721	REDUCE cov: 123 ft: 473 corp: 56/8976b lim: 333 exec/s: 0 rss: 29Mb L: 107/333 MS: 2 CopyPart-EraseBytes-
#1760	NEW    cov: 123 ft: 479 corp: 57/9307b lim: 333 exec/s: 0 rss: 29Mb L: 331/333 MS: 4 InsertRepeatedBytes-ChangeBit-CrossOver-ChangeBinInt-
#1837	NEW    cov: 123 ft: 488 corp: 58/9576b lim: 333 exec/s: 0 rss: 29Mb L: 269/333 MS: 2 ChangeBit-CrossOver-
#1917	REDUCE cov: 123 ft: 488 corp: 58/9564b lim: 333 exec/s: 0 rss: 29Mb L: 103/333 MS: 5 ChangeBit-CopyPart-ChangeBinInt-ChangeBinInt-CrossOver-
#1940	REDUCE cov: 123 ft: 488 corp: 58/9531b lim: 333 exec/s: 0 rss: 29Mb L: 219/333 MS: 3 CMP-ShuffleBytes-EraseBytes- DE: "schi"-
#1944	REDUCE cov: 123 ft: 488 corp: 58/9411b lim: 333 exec/s: 0 rss: 29Mb L: 197/333 MS: 4 CopyPart-InsertByte-CMP-EraseBytes- DE: "\007\000\000\000"-
#1957	REDUCE cov: 123 ft: 488 corp: 58/9410b lim: 333 exec/s: 0 rss: 29Mb L: 102/333 MS: 3 InsertRepeatedBytes-EraseBytes-InsertRepeatedBytes-
#1958	REDUCE cov: 123 ft: 488 corp: 58/9403b lim: 333 exec/s: 0 rss: 29Mb L: 38/333 MS: 1 EraseBytes-
#1994	NEW    cov: 123 ft: 489 corp: 59/9624b lim: 333 exec/s: 0 rss: 29Mb L: 221/333 MS: 1 InsertByte-
#2013	REDUCE cov: 123 ft: 489 corp: 59/9582b lim: 333 exec/s: 0 rss: 29Mb L: 281/333 MS: 4 CrossOver-CopyPart-InsertRepeatedBytes-CopyPart-
#2035	NEW    cov: 123 ft: 490 corp: 60/9915b lim: 333 exec/s: 0 rss: 29Mb L: 333/333 MS: 2 CrossOver-CopyPart-
#2411	REDUCE cov: 123 ft: 490 corp: 60/9895b lim: 333 exec/s: 0 rss: 29Mb L: 87/333 MS: 1 EraseBytes-
#2470	REDUCE cov: 123 ft: 490 corp: 60/9867b lim: 333 exec/s: 0 rss: 29Mb L: 302/333 MS: 4 ShuffleBytes-CrossOver-CrossOver-CopyPart-
#2611	REDUCE cov: 123 ft: 490 corp: 60/9803b lim: 333 exec/s: 0 rss: 29Mb L: 269/333 MS: 1 EraseBytes-
#2677	REDUCE cov: 123 ft: 490 corp: 60/9792b lim: 333 exec/s: 0 rss: 29Mb L: 92/333 MS: 1 EraseBytes-
#2684	REDUCE cov: 123 ft: 490 corp: 60/9784b lim: 333 exec/s: 0 rss: 29Mb L: 60/333 MS: 2 ChangeASCIIInt-EraseBytes-
#2899	REDUCE cov: 123 ft: 490 corp: 60/9772b lim: 333 exec/s: 0 rss: 29Mb L: 26/333 MS: 5 CMP-CopyPart-InsertByte-ChangeBit-EraseBytes- DE: "\004\000"-
#2993	REDUCE cov: 123 ft: 490 corp: 60/9770b lim: 333 exec/s: 0 rss: 29Mb L: 8/333 MS: 4 CopyPart-ChangeBinInt-ChangeByte-EraseBytes-
#3071	REDUCE cov: 123 ft: 490 corp: 60/9745b lim: 333 exec/s: 0 rss: 29Mb L: 131/333 MS: 3 PersAutoDict-ChangeBit-EraseBytes- DE: "schi"-
#3268	NEW    cov: 123 ft: 491 corp: 61/9812b lim: 333 exec/s: 0 rss: 29Mb L: 67/333 MS: 2 CMP-EraseBytes- DE: "hvc1"-
#3341	REDUCE cov: 123 ft: 491 corp: 61/9801b lim: 333 exec/s: 0 rss: 29Mb L: 210/333 MS: 3 InsertByte-ChangeByte-CrossOver-
#3411	REDUCE cov: 123 ft: 492 corp: 62/10134b lim: 333 exec/s: 0 rss: 29Mb L: 333/333 MS: 5 ChangeByte-ChangeByte-CrossOver-InsertRepeatedBytes-CopyPart-
#3600	REDUCE cov: 123 ft: 492 corp: 62/10127b lim: 333 exec/s: 0 rss: 29Mb L: 124/333 MS: 4 CMP-EraseBytes-CrossOver-CrossOver- DE: "frma"-
#3744	REDUCE cov: 124 ft: 493 corp: 63/10176b lim: 333 exec/s: 0 rss: 29Mb L: 49/333 MS: 4 CMP-CrossOver-PersAutoDict-EraseBytes- DE: "frma"-"lppa"-
#3799	REDUCE cov: 124 ft: 493 corp: 63/10168b lim: 333 exec/s: 0 rss: 29Mb L: 323/333 MS: 5 ChangeASCIIInt-CrossOver-EraseBytes-ChangeByte-CopyPart-
#3806	REDUCE cov: 124 ft: 493 corp: 63/10113b lim: 333 exec/s: 0 rss: 29Mb L: 113/333 MS: 2 ChangeBinInt-EraseBytes-
#3869	REDUCE cov: 124 ft: 493 corp: 63/10102b lim: 333 exec/s: 0 rss: 29Mb L: 81/333 MS: 3 CopyPart-PersAutoDict-CrossOver- DE: "\376\377\377\377\377\377\377\177"-
#3947	REDUCE cov: 124 ft: 494 corp: 64/10428b lim: 333 exec/s: 0 rss: 29Mb L: 326/333 MS: 3 ChangeByte-InsertRepeatedBytes-PersAutoDict- DE: "hvc1"-
#4016	REDUCE cov: 125 ft: 496 corp: 65/10436b lim: 333 exec/s: 0 rss: 29Mb L: 8/333 MS: 4 ChangeBinInt-ChangeByte-CMP-CMP- DE: "ipma"-"moov"-
#4028	REDUCE cov: 125 ft: 496 corp: 65/10422b lim: 333 exec/s: 0 rss: 29Mb L: 142/333 MS: 2 CMP-EraseBytes- DE: "\377\377\377\377"-
#4049	REDUCE cov: 125 ft: 496 corp: 65/10350b lim: 333 exec/s: 0 rss: 29Mb L: 138/333 MS: 1 EraseBytes-
#4112	REDUCE cov: 125 ft: 496 corp: 65/10346b lim: 333 exec/s: 0 rss: 29Mb L: 109/333 MS: 3 ChangeBinInt-PersAutoDict-EraseBytes- DE: "\007\000\000\000"-
#4129	REDUCE cov: 125 ft: 496 corp: 65/10330b lim: 333 exec/s: 0 rss: 29Mb L: 89/333 MS: 2 ShuffleBytes-EraseBytes-
#4243	REDUCE cov: 125 ft: 496 corp: 65/10327b lim: 333 exec/s: 0 rss: 29Mb L: 72/333 MS: 4 ShuffleBytes-CrossOver-EraseBytes-CMP- DE: "\000\000\000\025"-
#4314	REDUCE cov: 125 ft: 496 corp: 65/10310b lim: 333 exec/s: 0 rss: 29Mb L: 66/333 MS: 1 EraseBytes-
#4467	REDUCE cov: 125 ft: 496 corp: 65/10294b lim: 333 exec/s: 0 rss: 29Mb L: 140/333 MS: 3 EraseBytes-ChangeBit-CopyPart-
#4618	REDUCE cov: 125 ft: 496 corp: 65/10282b lim: 333 exec/s: 0 rss: 29Mb L: 96/333 MS: 1 EraseBytes-
#4625	REDUCE cov: 125 ft: 496 corp: 65/10255b lim: 333 exec/s: 0 rss: 29Mb L: 294/333 MS: 2 ChangeASCIIInt-EraseBytes-
#4931	REDUCE cov: 125 ft: 496 corp: 65/10250b lim: 333 exec/s: 0 rss: 29Mb L: 119/333 MS: 1 EraseBytes-
#4938	REDUCE cov: 125 ft: 496 corp: 65/10239b lim: 333 exec/s: 0 rss: 29Mb L: 56/333 MS: 2 InsertByte-EraseBytes-
#4944	REDUCE cov: 125 ft: 496 corp: 65/10218b lim: 333 exec/s: 0 rss: 29Mb L: 302/333 MS: 1 CrossOver-
#4996	REDUCE cov: 125 ft: 496 corp: 65/10209b lim: 333 exec/s: 0 rss: 29Mb L: 188/333 MS: 2 ShuffleBytes-EraseBytes-
#5023	REDUCE cov: 125 ft: 496 corp: 65/10170b lim: 333 exec/s: 0 rss: 29Mb L: 70/333 MS: 2 CrossOver-EraseBytes-
#5039	REDUCE cov: 125 ft: 496 corp: 65/10132b lim: 333 exec/s: 0 rss: 29Mb L: 43/333 MS: 1 EraseBytes-
#5055	REDUCE cov: 125 ft: 496 corp: 65/10116b lim: 333 exec/s: 0 rss: 29Mb L: 54/333 MS: 1 EraseBytes-
#5083	REDUCE cov: 125 ft: 496 corp: 65/10111b lim: 333 exec/s: 0 rss: 29Mb L: 38/333 MS: 3 InsertRepeatedBytes-EraseBytes-EraseBytes-
#5099	NEW    cov: 125 ft: 497 corp: 66/10440b lim: 333 exec/s: 0 rss: 29Mb L: 329/333 MS: 1 InsertRepeatedBytes-
#5341	REDUCE cov: 125 ft: 497 corp: 66/10430b lim: 333 exec/s: 0 rss: 29Mb L: 44/333 MS: 2 ShuffleBytes-EraseBytes-
#5400	REDUCE cov: 125 ft: 497 corp: 66/10429b lim: 333 exec/s: 0 rss: 29Mb L: 19/333 MS: 4 ChangeBit-ShuffleBytes-CMP-EraseBytes- DE: "zpmp"-
#5553	REDUCE cov: 125 ft: 497 corp: 66/10415b lim: 333 exec/s: 0 rss: 29Mb L: 52/333 MS: 3 ChangeBit-InsertByte-EraseBytes-
#5859	REDUCE cov: 125 ft: 497 corp: 66/10406b lim: 333 exec/s: 0 rss: 29Mb L: 29/333 MS: 1 EraseBytes-
#5870	REDUCE cov: 125 ft: 497 corp: 66/10399b lim: 333 exec/s: 0 rss: 29Mb L: 80/333 MS: 1 EraseBytes-
#5917	REDUCE cov: 125 ft: 497 corp: 66/10392b lim: 333 exec/s: 0 rss: 29Mb L: 12/333 MS: 2 CopyPart-EraseBytes-
#5933	NEW    cov: 125 ft: 498 corp: 67/10725b lim: 333 exec/s: 0 rss: 29Mb L: 333/333 MS: 1 CrossOver-
#5950	REDUCE cov: 125 ft: 498 corp: 67/10708b lim: 333 exec/s: 0 rss: 29Mb L: 296/333 MS: 2 EraseBytes-ChangeBinInt-
#5960	REDUCE cov: 125 ft: 498 corp: 67/10693b lim: 333 exec/s: 0 rss: 29Mb L: 287/333 MS: 5 ChangeBit-CrossOver-ShuffleBytes-ShuffleBytes-EraseBytes-
#5985	REDUCE cov: 125 ft: 498 corp: 67/10692b lim: 333 exec/s: 0 rss: 29Mb L: 101/333 MS: 5 CrossOver-PersAutoDict-ShuffleBytes-InsertByte-EraseBytes- DE: "g\327\242\322\345]\000\000"-
#6066	REDUCE cov: 125 ft: 498 corp: 67/10690b lim: 333 exec/s: 0 rss: 29Mb L: 27/333 MS: 1 EraseBytes-
#6071	REDUCE cov: 125 ft: 498 corp: 67/10689b lim: 333 exec/s: 0 rss: 29Mb L: 332/333 MS: 5 EraseBytes-CrossOver-ChangeByte-ChangeBinInt-InsertByte-
#6076	REDUCE cov: 125 ft: 498 corp: 67/10576b lim: 333 exec/s: 0 rss: 29Mb L: 219/333 MS: 5 EraseBytes-ChangeBinInt-ShuffleBytes-ChangeBinInt-CopyPart-
#6192	REDUCE cov: 125 ft: 498 corp: 67/10573b lim: 333 exec/s: 0 rss: 29Mb L: 330/333 MS: 1 EraseBytes-
#6411	REDUCE cov: 125 ft: 498 corp: 67/10572b lim: 333 exec/s: 6411 rss: 29Mb L: 295/333 MS: 3 InsertRepeatedBytes-EraseBytes-InsertRepeatedBytes-
#6441	REDUCE cov: 125 ft: 504 corp: 68/10898b lim: 333 exec/s: 6441 rss: 29Mb L: 326/333 MS: 5 ChangeBit-EraseBytes-ChangeByte-InsertRepeatedBytes-CopyPart-
#6472	REDUCE cov: 125 ft: 504 corp: 68/10893b lim: 333 exec/s: 6472 rss: 29Mb L: 24/333 MS: 1 EraseBytes-
#6503	REDUCE cov: 125 ft: 504 corp: 68/10869b lim: 333 exec/s: 6503 rss: 29Mb L: 65/333 MS: 1 EraseBytes-
#6804	REDUCE cov: 125 ft: 504 corp: 68/10867b lim: 333 exec/s: 6804 rss: 29Mb L: 10/333 MS: 1 EraseBytes-
#7006	REDUCE cov: 125 ft: 504 corp: 68/10820b lim: 333 exec/s: 7006 rss: 29Mb L: 246/333 MS: 2 CrossOver-CMP- DE: "\001\000xt0\000|\331"-
#7184	REDUCE cov: 125 ft: 504 corp: 68/10799b lim: 333 exec/s: 7184 rss: 29Mb L: 305/333 MS: 3 InsertRepeatedBytes-CopyPart-EraseBytes-
#7220	REDUCE cov: 125 ft: 504 corp: 68/10791b lim: 333 exec/s: 7220 rss: 29Mb L: 16/333 MS: 1 EraseBytes-
#7241	REDUCE cov: 125 ft: 504 corp: 68/10790b lim: 333 exec/s: 7241 rss: 29Mb L: 26/333 MS: 1 EraseBytes-
#7372	REDUCE cov: 125 ft: 504 corp: 68/10789b lim: 333 exec/s: 7372 rss: 29Mb L: 9/333 MS: 1 EraseBytes-
#7387	REDUCE cov: 125 ft: 504 corp: 68/10677b lim: 333 exec/s: 7387 rss: 29Mb L: 134/333 MS: 5 CMP-PersAutoDict-ShuffleBytes-ChangeASCIIInt-EraseBytes- DE: "tipy"-"hvc1"-
#7610	REDUCE cov: 125 ft: 504 corp: 68/10657b lim: 333 exec/s: 7610 rss: 29Mb L: 201/333 MS: 3 EraseBytes-InsertByte-InsertByte-
#8311	REDUCE cov: 125 ft: 504 corp: 68/10655b lim: 333 exec/s: 8311 rss: 29Mb L: 303/333 MS: 1 EraseBytes-
==455630== ERROR: libFuzzer: out-of-memory (used: 1108Mb; limit: 1024Mb)
   To change the out-of-memory limit use -rss_limit_mb=<N>

MS: 1 CrossOver-; base unit: fb9f4aaf3c6613fb8833576ec754a6dac8fb91d8
0x0,0x0,0x0,0x1c,0x66,0x74,0x79,0x70,0x4d,0x34,0x56,0x20,0x0,0x0,0x0,0x0,0x4d,0x34,0x56,0x20,0x6d,0x70,0x34,0x31,0x69,0x73,0x6f,0x6d,0x0,0x0,0x0,0xe0,0x6d,0x6f,0x6f,0x76,0x0,0x0,0x0,0x78,0x6d,0x76,0x68,0x64,0x0,0x0,0x0,0x0,0x0,0x0,0x0,0x0,0x0,0x0,0x0,0x0,0x0,0x0,0x3,0xe8,0x0,0x0,0xe,0x10,0x0,0x1,0x0,0x0,0x1,0x0,0x0,0x1c,0x66,0x74,0x79,0x70,0xed,0x69,0x73,0x6f,0x35,0x69,0x73,0x6f,0x36,0x6d,0x70,0x34,0x31,0x0,0x0,0x0,0x80,0x6d,0x0,0x0,0x0,0x0,0x0,0x0,0x0,0x0,0x73,0x63,0x68,0x69,0x1,0x0,0x0,0x0,0x0,0x0,0x0,0x0,0x0,0x0,0x0,0x0,0x0,0x0,0x0,0x0,0x1,0x0,0x0,0x0,0x0,0x0,0x0,0x0,0x0,0x0,0x0,0x0,0x0,0x0,0x0,0x0,0x0,0x0,0x0,0x0,0x0,0x0,0x0,0x0,0x0,0x2,0x0,0x0,0x0,0x60,0x75,0x64,0x74,0x61,0x0,0x0,0x0,0x58,0x6d,0x65,0x74,0x61,0x0,0x0,0x0,0x0,0x0,0x0,0x0,0x21,0x68,0x64,0x6c,0x72,0x0,0x0,0x0,0x0,0x0,0x0,0x0,0x0,0x6d,0x64,0x69,0x72,0x61,0x70,0x70,0x6c,0x0,0x0,0x0,0x0,0x0,0x0,0x0,0x0,0x0,0x0,0x0,0x0,0x2b,0x69,0x6c,0x73,0x74,0x0,0x0,0x0,0x22,0xc2,0xa9,0x6e,0x61,0x6d,0x0,0x0,0x0,0x1a,0x64,0x61,0x74,0x61,0x0,0x0,0x0,0x1,0x0,0x0,0x0,0x0,0x54,0x65,0x73,0x74,0x20,0x56,0x69,0x64,0x65,0x6f,
\000\000\000\034ftypM4V \000\000\000\000M4V mp41isom\000\000\000\340moov\000\000\000xmvhd\000\000\000\000\000\000\000\000\000\000\000\000\000\000\003\350\000\000\016\020\000\001\000\000\001\000\000\034ftyp\355iso5iso6mp41\000\000\000\200m\000\000\000\000\000\000\000\000schi\001\000\000\000\000\000\000\000\000\000\000\000\000\000\000\000\001\000\000\000\000\000\000\000\000\000\000\000\000\000\000\000\000\000\000\000\000\000\000\000\000\002\000\000\000`udta\000\000\000Xmeta\000\000\000\000\000\000\000!hdlr\000\000\000\000\000\000\000\000mdirappl\000\000\000\000\000\000\000\000\000\000\000\000+ilst\000\000\000\"\302\251nam\000\000\000\032data\000\000\000\001\000\000\000\000Test Video
artifact_prefix='/results/crashes/20260313_164444_c03f106f_'; Test unit written to /results/crashes/20260313_164444_c03f106f_oom-3638bf613bd7c015bb8163b48ea31dd04fdb28ae
Base64: AAAAHGZ0eXBNNFYgAAAAAE00ViBtcDQxaXNvbQAAAOBtb292AAAAeG12aGQAAAAAAAAAAAAAAAAAAAPoAAAOEAABAAABAAAcZnR5cO1pc281aXNvNm1wNDEAAACAbQAAAAAAAAAAc2NoaQEAAAAAAAAAAAAAAAAAAAABAAAAAAAAAAAAAAAAAAAAAAAAAAAAAAAAAgAAAGB1ZHRhAAAAWG1ldGEAAAAAAAAAIWhkbHIAAAAAAAAAAG1kaXJhcHBsAAAAAAAAAAAAAAAAK2lsc3QAAAAiwqluYW0AAAAaZGF0YQAAAAEAAAAAVGVzdCBWaWRlbw==
SUMMARY: libFuzzer: out-of-memory
stat::number_of_executed_units: 8517
stat::average_exec_per_sec:     4258
stat::new_units_added:          158
stat::slowest_unit_time_sec:    0
stat::peak_rss_mb:              1110
