INFO: Running with entropic power schedule (0xFF, 100).
INFO: Seed: 496236383
INFO: Loaded 1 modules   (252 inline 8-bit counters): 252 [0x6127d3e0a678, 0x6127d3e0a774), 
INFO: Loaded 1 PC tables (252 PCs): 252 [0x6127d3e0a778,0x6127d3e0b738), 
INFO:        4 files found in /tmp/corpus_20260313_183544_0f4d09bf
INFO: seed corpus: files: 4 min: 48b max: 333b total: 853b rss: 28Mb
#5	INITED cov: 117 ft: 250 corp: 4/853b exec/s: 0 rss: 29Mb
#6	NEW    cov: 117 ft: 291 corp: 5/901b lim: 333 exec/s: 0 rss: 29Mb L: 48/333 MS: 1 ChangeBit-
#9	NEW    cov: 117 ft: 296 corp: 6/950b lim: 333 exec/s: 0 rss: 29Mb L: 49/333 MS: 3 ChangeASCIIInt-ChangeByte-InsertByte-
#11	NEW    cov: 117 ft: 320 corp: 7/1028b lim: 333 exec/s: 0 rss: 29Mb L: 78/333 MS: 2 ShuffleBytes-CrossOver-
#12	NEW    cov: 118 ft: 322 corp: 8/1284b lim: 333 exec/s: 0 rss: 29Mb L: 256/333 MS: 1 CMP- DE: "\000\000\000\021"-
#15	NEW    cov: 118 ft: 332 corp: 9/1549b lim: 333 exec/s: 0 rss: 29Mb L: 265/333 MS: 3 ChangeBinInt-ChangeByte-InsertRepeatedBytes-
#17	NEW    cov: 118 ft: 336 corp: 10/1822b lim: 333 exec/s: 0 rss: 29Mb L: 273/333 MS: 2 ChangeByte-CMP- DE: "Pr\275\323'a\000\000"-
#30	NEW    cov: 118 ft: 338 corp: 11/1996b lim: 333 exec/s: 0 rss: 29Mb L: 174/333 MS: 3 ShuffleBytes-ChangeBinInt-InsertRepeatedBytes-
#34	NEW    cov: 118 ft: 339 corp: 12/2129b lim: 333 exec/s: 0 rss: 29Mb L: 133/333 MS: 4 ChangeBit-ChangeASCIIInt-InsertByte-EraseBytes-
#36	NEW    cov: 118 ft: 349 corp: 13/2385b lim: 333 exec/s: 0 rss: 29Mb L: 256/333 MS: 2 ChangeBinInt-CrossOver-
#46	NEW    cov: 118 ft: 355 corp: 14/2463b lim: 333 exec/s: 0 rss: 29Mb L: 78/333 MS: 5 ChangeBinInt-CrossOver-ChangeBinInt-ChangeASCIIInt-CopyPart-
#52	NEW    cov: 119 ft: 357 corp: 15/2744b lim: 333 exec/s: 0 rss: 29Mb L: 281/333 MS: 1 EraseBytes-
#53	NEW    cov: 119 ft: 358 corp: 16/2793b lim: 333 exec/s: 0 rss: 29Mb L: 49/333 MS: 1 InsertByte-
#56	NEW    cov: 119 ft: 363 corp: 17/3014b lim: 333 exec/s: 0 rss: 29Mb L: 221/333 MS: 3 PersAutoDict-ChangeBit-InsertByte- DE: "Pr\275\323'a\000\000"-
#57	NEW    cov: 119 ft: 370 corp: 18/3096b lim: 333 exec/s: 0 rss: 29Mb L: 82/333 MS: 1 CMP- DE: "stts"-
#60	NEW    cov: 120 ft: 372 corp: 19/3419b lim: 333 exec/s: 0 rss: 29Mb L: 323/333 MS: 3 InsertByte-CMP-InsertRepeatedBytes- DE: "hvc1"-
#64	NEW    cov: 120 ft: 374 corp: 20/3672b lim: 333 exec/s: 0 rss: 29Mb L: 253/333 MS: 4 ChangeByte-ChangeByte-InsertByte-CrossOver-
#71	NEW    cov: 120 ft: 375 corp: 21/3838b lim: 333 exec/s: 0 rss: 29Mb L: 166/333 MS: 2 EraseBytes-ChangeByte-
#73	NEW    cov: 120 ft: 376 corp: 22/4057b lim: 333 exec/s: 0 rss: 29Mb L: 219/333 MS: 2 InsertRepeatedBytes-PersAutoDict- DE: "stts"-
#83	NEW    cov: 120 ft: 377 corp: 23/4111b lim: 333 exec/s: 0 rss: 29Mb L: 54/333 MS: 5 PersAutoDict-ShuffleBytes-ShuffleBytes-CMP-InsertByte- DE: "hvc1"-"\365m\263\352'a\000\000"-
#88	NEW    cov: 120 ft: 385 corp: 24/4415b lim: 333 exec/s: 0 rss: 29Mb L: 304/333 MS: 5 ChangeByte-ChangeByte-CopyPart-CopyPart-InsertRepeatedBytes-
#90	NEW    cov: 120 ft: 389 corp: 25/4447b lim: 333 exec/s: 0 rss: 29Mb L: 32/333 MS: 2 ChangeASCIIInt-EraseBytes-
#91	NEW    cov: 120 ft: 396 corp: 26/4705b lim: 333 exec/s: 0 rss: 29Mb L: 258/333 MS: 1 CrossOver-
#93	NEW    cov: 120 ft: 398 corp: 27/4822b lim: 333 exec/s: 0 rss: 29Mb L: 117/333 MS: 2 EraseBytes-CrossOver-
#99	NEW    cov: 120 ft: 399 corp: 28/4854b lim: 333 exec/s: 0 rss: 29Mb L: 32/333 MS: 1 ChangeBit-
#101	NEW    cov: 121 ft: 402 corp: 29/5182b lim: 333 exec/s: 0 rss: 29Mb L: 328/333 MS: 2 CopyPart-InsertByte-
#113	REDUCE cov: 121 ft: 402 corp: 29/5143b lim: 333 exec/s: 0 rss: 29Mb L: 217/333 MS: 2 InsertRepeatedBytes-EraseBytes-
#116	NEW    cov: 121 ft: 403 corp: 30/5216b lim: 333 exec/s: 0 rss: 29Mb L: 73/333 MS: 3 PersAutoDict-ChangeBinInt-CopyPart- DE: "hvc1"-
#133	NEW    cov: 121 ft: 404 corp: 31/5401b lim: 333 exec/s: 0 rss: 29Mb L: 185/333 MS: 2 PersAutoDict-EraseBytes- DE: "stts"-
#134	NEW    cov: 121 ft: 406 corp: 32/5433b lim: 333 exec/s: 0 rss: 29Mb L: 32/333 MS: 1 ChangeBinInt-
#141	NEW    cov: 121 ft: 407 corp: 33/5749b lim: 333 exec/s: 0 rss: 29Mb L: 316/333 MS: 2 ShuffleBytes-CopyPart-
#146	NEW    cov: 121 ft: 408 corp: 34/5979b lim: 333 exec/s: 0 rss: 29Mb L: 230/333 MS: 5 CrossOver-InsertRepeatedBytes-InsertByte-CopyPart-EraseBytes-
#162	REDUCE cov: 121 ft: 408 corp: 34/5970b lim: 333 exec/s: 0 rss: 29Mb L: 210/333 MS: 1 CrossOver-
#175	NEW    cov: 121 ft: 409 corp: 35/6002b lim: 333 exec/s: 0 rss: 29Mb L: 32/333 MS: 3 CopyPart-ShuffleBytes-ChangeByte-
#233	NEW    cov: 122 ft: 410 corp: 36/6321b lim: 333 exec/s: 0 rss: 29Mb L: 319/333 MS: 3 PersAutoDict-EraseBytes-CrossOver- DE: "hvc1"-
#266	NEW    cov: 122 ft: 419 corp: 37/6341b lim: 333 exec/s: 0 rss: 29Mb L: 20/333 MS: 3 ShuffleBytes-ShuffleBytes-EraseBytes-
#291	NEW    cov: 122 ft: 420 corp: 38/6524b lim: 333 exec/s: 0 rss: 29Mb L: 183/333 MS: 5 EraseBytes-ChangeBinInt-ShuffleBytes-InsertRepeatedBytes-CMP- DE: "\377\377\377\377\377\377\377\177"-
#325	REDUCE cov: 122 ft: 420 corp: 38/6478b lim: 333 exec/s: 0 rss: 29Mb L: 227/333 MS: 4 ShuffleBytes-EraseBytes-ChangeBinInt-InsertRepeatedBytes-
#351	NEW    cov: 122 ft: 421 corp: 39/6519b lim: 333 exec/s: 0 rss: 29Mb L: 41/333 MS: 1 InsertRepeatedBytes-
#354	NEW    cov: 122 ft: 422 corp: 40/6839b lim: 333 exec/s: 0 rss: 29Mb L: 320/333 MS: 3 ChangeASCIIInt-ChangeByte-InsertByte-
#373	NEW    cov: 122 ft: 423 corp: 41/7075b lim: 333 exec/s: 0 rss: 29Mb L: 236/333 MS: 4 CrossOver-ChangeBit-CMP-CMP- DE: "\201.\263\352'a\000\000"-"minf"-
#382	NEW    cov: 122 ft: 431 corp: 42/7101b lim: 333 exec/s: 0 rss: 29Mb L: 26/333 MS: 4 CrossOver-CMP-CrossOver-CrossOver- DE: "\304\000\000\000\000\000\000\000"-
#410	REDUCE cov: 122 ft: 431 corp: 42/7068b lim: 333 exec/s: 0 rss: 29Mb L: 100/333 MS: 3 ChangeByte-ChangeBinInt-EraseBytes-
#415	REDUCE cov: 122 ft: 431 corp: 42/6938b lim: 333 exec/s: 0 rss: 29Mb L: 189/333 MS: 5 ShuffleBytes-InsertByte-PersAutoDict-ChangeBit-EraseBytes- DE: "minf"-
#424	REDUCE cov: 122 ft: 431 corp: 42/6919b lim: 333 exec/s: 0 rss: 29Mb L: 233/333 MS: 4 ChangeBit-PersAutoDict-EraseBytes-CMP- DE: "\304\000\000\000\000\000\000\000"-"\000\007"-
#434	REDUCE cov: 122 ft: 431 corp: 42/6914b lim: 333 exec/s: 0 rss: 29Mb L: 73/333 MS: 5 ChangeBinInt-ChangeBit-ChangeASCIIInt-CMP-EraseBytes- DE: "V\000\000\000\000\000\000\000"-
#471	REDUCE cov: 122 ft: 431 corp: 42/6908b lim: 333 exec/s: 0 rss: 29Mb L: 43/333 MS: 2 ChangeBinInt-EraseBytes-
#508	NEW    cov: 122 ft: 438 corp: 43/7224b lim: 333 exec/s: 0 rss: 29Mb L: 316/333 MS: 2 ShuffleBytes-CrossOver-
#525	NEW    cov: 122 ft: 444 corp: 44/7544b lim: 333 exec/s: 0 rss: 29Mb L: 320/333 MS: 2 ShuffleBytes-ChangeBinInt-
#636	NEW    cov: 122 ft: 445 corp: 45/7616b lim: 333 exec/s: 0 rss: 29Mb L: 72/333 MS: 1 CopyPart-
#640	REDUCE cov: 122 ft: 445 corp: 45/7609b lim: 333 exec/s: 0 rss: 29Mb L: 93/333 MS: 4 PersAutoDict-ChangeASCIIInt-CopyPart-EraseBytes- DE: "minf"-
#663	REDUCE cov: 122 ft: 445 corp: 45/7555b lim: 333 exec/s: 0 rss: 29Mb L: 173/333 MS: 3 CopyPart-CopyPart-EraseBytes-
#753	REDUCE cov: 122 ft: 445 corp: 45/7506b lim: 333 exec/s: 0 rss: 29Mb L: 117/333 MS: 5 InsertRepeatedBytes-CrossOver-ChangeByte-InsertByte-InsertRepeatedBytes-
#801	REDUCE cov: 122 ft: 445 corp: 45/7489b lim: 333 exec/s: 0 rss: 29Mb L: 236/333 MS: 3 ShuffleBytes-InsertByte-EraseBytes-
#827	NEW    cov: 122 ft: 447 corp: 46/7541b lim: 333 exec/s: 0 rss: 29Mb L: 52/333 MS: 1 PersAutoDict- DE: "minf"-
#828	REDUCE cov: 122 ft: 447 corp: 46/7534b lim: 333 exec/s: 0 rss: 29Mb L: 71/333 MS: 1 EraseBytes-
#864	NEW    cov: 122 ft: 448 corp: 47/7842b lim: 333 exec/s: 0 rss: 29Mb L: 308/333 MS: 1 EraseBytes-
#875	NEW    cov: 122 ft: 464 corp: 48/7853b lim: 333 exec/s: 0 rss: 29Mb L: 11/333 MS: 1 EraseBytes-
#917	REDUCE cov: 122 ft: 464 corp: 48/7847b lim: 333 exec/s: 0 rss: 29Mb L: 43/333 MS: 2 ShuffleBytes-EraseBytes-
#1000	NEW    cov: 122 ft: 465 corp: 49/8163b lim: 333 exec/s: 0 rss: 29Mb L: 316/333 MS: 3 ShuffleBytes-ShuffleBytes-CopyPart-
#1044	NEW    cov: 122 ft: 473 corp: 50/8256b lim: 333 exec/s: 0 rss: 29Mb L: 93/333 MS: 4 ChangeByte-ChangeASCIIInt-InsertRepeatedBytes-CrossOver-
#1074	REDUCE cov: 122 ft: 474 corp: 51/8410b lim: 333 exec/s: 0 rss: 29Mb L: 154/333 MS: 5 EraseBytes-ChangeBit-ShuffleBytes-EraseBytes-EraseBytes-
#1187	NEW    cov: 122 ft: 476 corp: 52/8738b lim: 333 exec/s: 0 rss: 29Mb L: 328/333 MS: 3 ChangeASCIIInt-ChangeByte-InsertRepeatedBytes-
#1309	NEW    cov: 122 ft: 477 corp: 53/9067b lim: 333 exec/s: 0 rss: 29Mb L: 329/333 MS: 2 ShuffleBytes-CrossOver-
#1334	NEW    cov: 122 ft: 478 corp: 54/9336b lim: 333 exec/s: 0 rss: 29Mb L: 269/333 MS: 5 CopyPart-InsertRepeatedBytes-ShuffleBytes-PersAutoDict-CrossOver- DE: "V\000\000\000\000\000\000\000"-
#1345	NEW    cov: 122 ft: 479 corp: 55/9609b lim: 333 exec/s: 0 rss: 29Mb L: 273/333 MS: 1 CMP- DE: "\030\313\313\313"-
#1377	NEW    cov: 122 ft: 480 corp: 56/9942b lim: 333 exec/s: 0 rss: 29Mb L: 333/333 MS: 2 CopyPart-ChangeBit-
#1464	REDUCE cov: 122 ft: 480 corp: 56/9937b lim: 333 exec/s: 0 rss: 29Mb L: 112/333 MS: 2 InsertRepeatedBytes-EraseBytes-
#1465	NEW    cov: 123 ft: 481 corp: 57/9944b lim: 333 exec/s: 0 rss: 29Mb L: 7/333 MS: 1 EraseBytes-
#1466	NEW    cov: 123 ft: 482 corp: 58/9957b lim: 333 exec/s: 0 rss: 29Mb L: 13/333 MS: 1 InsertRepeatedBytes-
#1562	REDUCE cov: 123 ft: 482 corp: 58/9955b lim: 333 exec/s: 0 rss: 29Mb L: 5/333 MS: 1 EraseBytes-
#1638	REDUCE cov: 123 ft: 482 corp: 58/9947b lim: 333 exec/s: 0 rss: 29Mb L: 24/333 MS: 1 EraseBytes-
#1754	REDUCE cov: 123 ft: 482 corp: 58/9937b lim: 333 exec/s: 0 rss: 29Mb L: 33/333 MS: 1 EraseBytes-
#1786	REDUCE cov: 123 ft: 482 corp: 58/9928b lim: 333 exec/s: 0 rss: 29Mb L: 164/333 MS: 2 EraseBytes-CopyPart-
#1817	NEW    cov: 123 ft: 483 corp: 59/10261b lim: 333 exec/s: 0 rss: 29Mb L: 333/333 MS: 1 CopyPart-
#1905	REDUCE cov: 123 ft: 483 corp: 59/10157b lim: 333 exec/s: 0 rss: 29Mb L: 216/333 MS: 3 InsertRepeatedBytes-ShuffleBytes-EraseBytes-
#1919	REDUCE cov: 123 ft: 483 corp: 59/10152b lim: 333 exec/s: 0 rss: 29Mb L: 178/333 MS: 4 ChangeBinInt-EraseBytes-ChangeBinInt-InsertByte-
#1983	NEW    cov: 123 ft: 484 corp: 60/10485b lim: 333 exec/s: 0 rss: 29Mb L: 333/333 MS: 4 CMP-ChangeBinInt-CopyPart-CrossOver- DE: "\000\000\000\000\000\000\000\367"-
#2004	REDUCE cov: 123 ft: 484 corp: 60/10413b lim: 333 exec/s: 0 rss: 29Mb L: 149/333 MS: 1 EraseBytes-
#2055	REDUCE cov: 123 ft: 484 corp: 60/10412b lim: 333 exec/s: 0 rss: 29Mb L: 4/333 MS: 1 EraseBytes-
#2241	REDUCE cov: 123 ft: 484 corp: 60/10403b lim: 333 exec/s: 0 rss: 29Mb L: 34/333 MS: 1 EraseBytes-
#2281	REDUCE cov: 123 ft: 484 corp: 60/10402b lim: 333 exec/s: 0 rss: 29Mb L: 3/333 MS: 5 CMP-ShuffleBytes-ChangeBit-ChangeByte-EraseBytes- DE: "stts"-
#2302	NEW    cov: 123 ft: 485 corp: 61/10668b lim: 333 exec/s: 0 rss: 29Mb L: 266/333 MS: 1 CrossOver-
#2317	REDUCE cov: 123 ft: 486 corp: 62/10676b lim: 333 exec/s: 0 rss: 29Mb L: 8/333 MS: 5 InsertByte-EraseBytes-CopyPart-InsertByte-CMP- DE: "mdhd"-
#2413	REDUCE cov: 123 ft: 486 corp: 62/10661b lim: 333 exec/s: 0 rss: 29Mb L: 174/333 MS: 1 EraseBytes-
#2529	REDUCE cov: 123 ft: 486 corp: 62/10656b lim: 333 exec/s: 0 rss: 29Mb L: 276/333 MS: 1 EraseBytes-
==795013== ERROR: libFuzzer: out-of-memory (used: 2455Mb; limit: 1024Mb)
   To change the out-of-memory limit use -rss_limit_mb=<N>

MS: 2 PersAutoDict-CrossOver- DE: "Pr\275\323'a\000\000"-; base unit: 7b9b6f0a2f01c9dace3bb9d2bc5483fe0e8d76d0
artifact_prefix='/results/crashes/20260313_183544_0f4d09bf_'; Test unit written to /results/crashes/20260313_183544_0f4d09bf_oom-978b033c0efbbb6237f683c5a248066d5d825f07
SUMMARY: libFuzzer: out-of-memory
stat::number_of_executed_units: 2591
stat::average_exec_per_sec:     1295
stat::new_units_added:          85
stat::slowest_unit_time_sec:    0
stat::peak_rss_mb:              2455
