INFO: Running with entropic power schedule (0xFF, 100).
INFO: Seed: 1123025070
INFO: Loaded 1 modules   (252 inline 8-bit counters): 252 [0x6138318bc678, 0x6138318bc774), 
INFO: Loaded 1 PC tables (252 PCs): 252 [0x6138318bc778,0x6138318bd738), 
INFO:        4 files found in /tmp/corpus_20260313_170503_f96340f5
INFO: seed corpus: files: 4 min: 48b max: 333b total: 853b rss: 28Mb
#5	INITED cov: 117 ft: 250 corp: 4/853b exec/s: 0 rss: 29Mb
#11	NEW    cov: 117 ft: 265 corp: 5/1076b lim: 333 exec/s: 0 rss: 29Mb L: 223/333 MS: 1 InsertRepeatedBytes-
#12	NEW    cov: 117 ft: 274 corp: 6/1115b lim: 333 exec/s: 0 rss: 29Mb L: 39/333 MS: 1 EraseBytes-
#13	NEW    cov: 117 ft: 281 corp: 7/1303b lim: 333 exec/s: 0 rss: 29Mb L: 188/333 MS: 1 EraseBytes-
#17	NEW    cov: 117 ft: 291 corp: 8/1502b lim: 333 exec/s: 0 rss: 29Mb L: 199/333 MS: 4 ChangeBinInt-EraseBytes-ChangeBit-CMP- DE: "\000\000\000\000\001\000\000\000"-
#32	NEW    cov: 117 ft: 296 corp: 9/1821b lim: 333 exec/s: 0 rss: 29Mb L: 319/333 MS: 5 ChangeByte-ChangeBit-ShuffleBytes-InsertByte-InsertRepeatedBytes-
#38	NEW    cov: 117 ft: 312 corp: 10/1927b lim: 333 exec/s: 0 rss: 29Mb L: 106/333 MS: 1 EraseBytes-
#45	NEW    cov: 118 ft: 314 corp: 11/2238b lim: 333 exec/s: 0 rss: 29Mb L: 311/333 MS: 2 ShuffleBytes-CopyPart-
#52	NEW    cov: 118 ft: 329 corp: 12/2333b lim: 333 exec/s: 0 rss: 29Mb L: 95/333 MS: 2 ChangeBinInt-CrossOver-
#53	NEW    cov: 118 ft: 338 corp: 13/2382b lim: 333 exec/s: 0 rss: 29Mb L: 49/333 MS: 1 InsertByte-
#58	NEW    cov: 119 ft: 339 corp: 14/2519b lim: 333 exec/s: 0 rss: 29Mb L: 137/333 MS: 5 EraseBytes-InsertByte-PersAutoDict-ChangeBinInt-InsertByte- DE: "\000\000\000\000\001\000\000\000"-
#62	NEW    cov: 119 ft: 340 corp: 15/2842b lim: 333 exec/s: 0 rss: 29Mb L: 323/333 MS: 4 ChangeByte-ChangeBit-CrossOver-CrossOver-
#63	NEW    cov: 119 ft: 341 corp: 16/2964b lim: 333 exec/s: 0 rss: 29Mb L: 122/333 MS: 1 InsertRepeatedBytes-
#66	NEW    cov: 119 ft: 347 corp: 17/3059b lim: 333 exec/s: 0 rss: 29Mb L: 95/333 MS: 3 ChangeASCIIInt-ChangeBit-PersAutoDict- DE: "\000\000\000\000\001\000\000\000"-
#73	NEW    cov: 119 ft: 348 corp: 18/3124b lim: 333 exec/s: 0 rss: 29Mb L: 65/333 MS: 2 ChangeByte-InsertRepeatedBytes-
#77	NEW    cov: 119 ft: 349 corp: 19/3194b lim: 333 exec/s: 0 rss: 29Mb L: 70/333 MS: 4 ChangeBit-ChangeByte-InsertRepeatedBytes-EraseBytes-
#79	NEW    cov: 119 ft: 350 corp: 20/3269b lim: 333 exec/s: 0 rss: 29Mb L: 75/333 MS: 2 ChangeBinInt-CrossOver-
#91	NEW    cov: 119 ft: 351 corp: 21/3497b lim: 333 exec/s: 0 rss: 29Mb L: 228/333 MS: 2 ShuffleBytes-CrossOver-
#102	NEW    cov: 119 ft: 352 corp: 22/3570b lim: 333 exec/s: 0 rss: 29Mb L: 73/333 MS: 1 PersAutoDict- DE: "\000\000\000\000\001\000\000\000"-
#103	NEW    cov: 119 ft: 369 corp: 23/3594b lim: 333 exec/s: 0 rss: 29Mb L: 24/333 MS: 1 CrossOver-
#108	NEW    cov: 120 ft: 370 corp: 24/3923b lim: 333 exec/s: 0 rss: 29Mb L: 329/333 MS: 5 ChangeByte-InsertByte-ShuffleBytes-CopyPart-InsertRepeatedBytes-
#115	NEW    cov: 120 ft: 371 corp: 25/4131b lim: 333 exec/s: 0 rss: 29Mb L: 208/333 MS: 2 CMP-CrossOver- DE: "stss"-
#117	NEW    cov: 121 ft: 372 corp: 26/4132b lim: 333 exec/s: 0 rss: 29Mb L: 1/333 MS: 2 InsertRepeatedBytes-CrossOver-
#133	NEW    cov: 121 ft: 373 corp: 27/4235b lim: 333 exec/s: 0 rss: 29Mb L: 103/333 MS: 1 CMP- DE: "\000\000\000\000\000\000\000\220"-
#135	NEW    cov: 122 ft: 375 corp: 28/4546b lim: 333 exec/s: 0 rss: 29Mb L: 311/333 MS: 2 ChangeBit-ChangeBit-
#138	NEW    cov: 122 ft: 376 corp: 29/4778b lim: 333 exec/s: 0 rss: 29Mb L: 232/333 MS: 3 ChangeBit-ChangeASCIIInt-CrossOver-
#142	REDUCE cov: 122 ft: 376 corp: 29/4775b lim: 333 exec/s: 0 rss: 29Mb L: 308/333 MS: 4 ChangeBit-EraseBytes-ShuffleBytes-CrossOver-
#145	NEW    cov: 122 ft: 377 corp: 30/4991b lim: 333 exec/s: 0 rss: 29Mb L: 216/333 MS: 3 ChangeASCIIInt-PersAutoDict-PersAutoDict- DE: "\000\000\000\000\000\000\000\220"-"\000\000\000\000\001\000\000\000"-
#167	NEW    cov: 123 ft: 378 corp: 31/5253b lim: 333 exec/s: 0 rss: 29Mb L: 262/333 MS: 2 InsertRepeatedBytes-ChangeBinInt-
#185	NEW    cov: 123 ft: 380 corp: 32/5410b lim: 333 exec/s: 0 rss: 29Mb L: 157/333 MS: 3 ShuffleBytes-EraseBytes-InsertRepeatedBytes-
#188	NEW    cov: 123 ft: 381 corp: 33/5643b lim: 333 exec/s: 0 rss: 29Mb L: 233/333 MS: 3 CopyPart-InsertByte-ChangeBinInt-
#189	NEW    cov: 123 ft: 382 corp: 34/5717b lim: 333 exec/s: 0 rss: 29Mb L: 74/333 MS: 1 InsertByte-
#202	NEW    cov: 123 ft: 383 corp: 35/5803b lim: 333 exec/s: 0 rss: 29Mb L: 86/333 MS: 3 PersAutoDict-CrossOver-CrossOver- DE: "\000\000\000\000\000\000\000\220"-
#209	NEW    cov: 123 ft: 392 corp: 36/5813b lim: 333 exec/s: 0 rss: 29Mb L: 10/333 MS: 2 InsertByte-PersAutoDict- DE: "\000\000\000\000\000\000\000\220"-
#242	NEW    cov: 123 ft: 393 corp: 37/6141b lim: 333 exec/s: 0 rss: 29Mb L: 328/333 MS: 3 PersAutoDict-ChangeByte-InsertByte- DE: "\000\000\000\000\001\000\000\000"-
#245	NEW    cov: 123 ft: 394 corp: 38/6264b lim: 333 exec/s: 0 rss: 29Mb L: 123/333 MS: 3 ChangeBit-ChangeByte-InsertByte-
#248	NEW    cov: 123 ft: 395 corp: 39/6583b lim: 333 exec/s: 0 rss: 29Mb L: 319/333 MS: 3 InsertRepeatedBytes-CrossOver-CrossOver-
#265	NEW    cov: 123 ft: 396 corp: 40/6621b lim: 333 exec/s: 0 rss: 29Mb L: 38/333 MS: 2 CMP-EraseBytes- DE: "A\213\000|*s\000\000"-
#267	REDUCE cov: 123 ft: 396 corp: 40/6549b lim: 333 exec/s: 0 rss: 29Mb L: 160/333 MS: 2 ChangeByte-EraseBytes-
#270	NEW    cov: 123 ft: 398 corp: 41/6872b lim: 333 exec/s: 0 rss: 29Mb L: 323/333 MS: 3 ChangeBinInt-ChangeBit-CopyPart-
#301	NEW    cov: 123 ft: 402 corp: 42/6896b lim: 333 exec/s: 0 rss: 29Mb L: 24/333 MS: 1 ChangeByte-
#315	NEW    cov: 123 ft: 403 corp: 43/7228b lim: 333 exec/s: 0 rss: 29Mb L: 332/333 MS: 4 CMP-InsertByte-ChangeByte-InsertRepeatedBytes- DE: "\034\000\000\000\000\000\000\000"-
#335	NEW    cov: 123 ft: 410 corp: 44/7537b lim: 333 exec/s: 0 rss: 29Mb L: 309/333 MS: 5 ChangeByte-PersAutoDict-ChangeBinInt-ChangeBinInt-CrossOver- DE: "stss"-
#339	REDUCE cov: 123 ft: 410 corp: 44/7510b lim: 333 exec/s: 0 rss: 29Mb L: 43/333 MS: 4 ShuffleBytes-ChangeByte-ChangeBinInt-EraseBytes-
#410	NEW    cov: 123 ft: 411 corp: 45/7744b lim: 333 exec/s: 0 rss: 29Mb L: 234/333 MS: 1 InsertByte-
#439	NEW    cov: 123 ft: 419 corp: 46/7766b lim: 333 exec/s: 0 rss: 29Mb L: 22/333 MS: 4 ChangeBinInt-ChangeByte-CrossOver-PersAutoDict- DE: "\000\000\000\000\001\000\000\000"-
#453	REDUCE cov: 123 ft: 419 corp: 46/7758b lim: 333 exec/s: 0 rss: 29Mb L: 191/333 MS: 4 ChangeByte-PersAutoDict-ShuffleBytes-EraseBytes- DE: "\000\000\000\000\001\000\000\000"-
#470	NEW    cov: 123 ft: 445 corp: 47/7806b lim: 333 exec/s: 0 rss: 29Mb L: 48/333 MS: 2 CopyPart-ChangeByte-
#475	REDUCE cov: 123 ft: 445 corp: 47/7784b lim: 333 exec/s: 0 rss: 29Mb L: 201/333 MS: 5 CrossOver-CMP-EraseBytes-CrossOver-InsertByte- DE: "%\221)?8a\000\000"-
#510	REDUCE cov: 123 ft: 445 corp: 47/7780b lim: 333 exec/s: 0 rss: 29Mb L: 34/333 MS: 5 ShuffleBytes-InsertByte-EraseBytes-CopyPart-PersAutoDict- DE: "\034\000\000\000\000\000\000\000"-
#538	NEW    cov: 123 ft: 454 corp: 48/7818b lim: 333 exec/s: 0 rss: 29Mb L: 38/333 MS: 3 CrossOver-EraseBytes-ChangeByte-
#611	REDUCE cov: 123 ft: 454 corp: 48/7744b lim: 333 exec/s: 0 rss: 29Mb L: 249/333 MS: 3 EraseBytes-ChangeBit-ChangeBit-
#638	NEW    cov: 123 ft: 455 corp: 49/7766b lim: 333 exec/s: 0 rss: 29Mb L: 22/333 MS: 2 ShuffleBytes-CrossOver-
#658	NEW    cov: 123 ft: 456 corp: 50/8099b lim: 333 exec/s: 0 rss: 29Mb L: 333/333 MS: 5 CrossOver-ChangeByte-CMP-CopyPart-CopyPart- DE: "\377\377\377\377\377\377\377\003"-
#717	REDUCE cov: 123 ft: 456 corp: 50/8076b lim: 333 exec/s: 0 rss: 29Mb L: 305/333 MS: 4 EraseBytes-ChangeBinInt-CopyPart-InsertRepeatedBytes-
#825	REDUCE cov: 123 ft: 456 corp: 50/8064b lim: 333 exec/s: 0 rss: 29Mb L: 36/333 MS: 3 EraseBytes-ChangeByte-InsertByte-
#862	REDUCE cov: 123 ft: 456 corp: 50/8015b lim: 333 exec/s: 0 rss: 29Mb L: 262/333 MS: 2 EraseBytes-InsertRepeatedBytes-
#926	REDUCE cov: 123 ft: 456 corp: 50/7962b lim: 333 exec/s: 0 rss: 29Mb L: 199/333 MS: 4 InsertByte-ShuffleBytes-EraseBytes-CopyPart-
#936	NEW    cov: 123 ft: 458 corp: 51/8269b lim: 333 exec/s: 0 rss: 29Mb L: 307/333 MS: 5 ChangeBinInt-InsertRepeatedBytes-ChangeBinInt-InsertRepeatedBytes-CrossOver-
#957	REDUCE cov: 123 ft: 458 corp: 51/8253b lim: 333 exec/s: 0 rss: 29Mb L: 57/333 MS: 1 EraseBytes-
#966	REDUCE cov: 123 ft: 458 corp: 51/8250b lim: 333 exec/s: 0 rss: 29Mb L: 54/333 MS: 4 ShuffleBytes-ChangeByte-CopyPart-EraseBytes-
#1072	REDUCE cov: 123 ft: 458 corp: 51/8247b lim: 333 exec/s: 0 rss: 29Mb L: 35/333 MS: 1 EraseBytes-
#1093	NEW    cov: 124 ft: 460 corp: 52/8575b lim: 333 exec/s: 0 rss: 29Mb L: 328/333 MS: 1 InsertRepeatedBytes-
#1109	NEW    cov: 124 ft: 465 corp: 53/8893b lim: 333 exec/s: 0 rss: 29Mb L: 318/333 MS: 1 InsertRepeatedBytes-
#1175	REDUCE cov: 124 ft: 465 corp: 53/8814b lim: 333 exec/s: 0 rss: 29Mb L: 170/333 MS: 1 EraseBytes-
#1301	REDUCE cov: 124 ft: 465 corp: 53/8801b lim: 333 exec/s: 0 rss: 29Mb L: 22/333 MS: 1 EraseBytes-
#1453	REDUCE cov: 124 ft: 465 corp: 53/8799b lim: 333 exec/s: 0 rss: 29Mb L: 20/333 MS: 2 ShuffleBytes-EraseBytes-
#1543	REDUCE cov: 124 ft: 465 corp: 53/8779b lim: 333 exec/s: 0 rss: 29Mb L: 168/333 MS: 5 CMP-CopyPart-PersAutoDict-ChangeBinInt-EraseBytes- DE: "hvc1"-"A\213\000|*s\000\000"-
#1649	REDUCE cov: 124 ft: 465 corp: 53/8776b lim: 333 exec/s: 0 rss: 29Mb L: 19/333 MS: 1 EraseBytes-
#1735	REDUCE cov: 124 ft: 465 corp: 53/8772b lim: 333 exec/s: 0 rss: 29Mb L: 133/333 MS: 1 EraseBytes-
#1782	REDUCE cov: 124 ft: 465 corp: 53/8768b lim: 333 exec/s: 0 rss: 29Mb L: 71/333 MS: 2 EraseBytes-PersAutoDict- DE: "\034\000\000\000\000\000\000\000"-
#1803	REDUCE cov: 124 ft: 465 corp: 53/8766b lim: 333 exec/s: 0 rss: 29Mb L: 18/333 MS: 1 EraseBytes-
#1864	REDUCE cov: 124 ft: 465 corp: 53/8659b lim: 333 exec/s: 0 rss: 29Mb L: 126/333 MS: 1 CrossOver-
#1880	NEW    cov: 124 ft: 466 corp: 54/8667b lim: 333 exec/s: 0 rss: 29Mb L: 8/333 MS: 1 EraseBytes-
#1891	REDUCE cov: 124 ft: 466 corp: 54/8605b lim: 333 exec/s: 0 rss: 29Mb L: 98/333 MS: 1 EraseBytes-
#2118	REDUCE cov: 124 ft: 466 corp: 54/8596b lim: 333 exec/s: 0 rss: 29Mb L: 117/333 MS: 2 CopyPart-EraseBytes-
#2197	REDUCE cov: 124 ft: 466 corp: 54/8568b lim: 333 exec/s: 0 rss: 29Mb L: 280/333 MS: 4 EraseBytes-ChangeBit-PersAutoDict-InsertRepeatedBytes- DE: "\000\000\000\000\001\000\000\000"-
#2206	REDUCE cov: 124 ft: 466 corp: 54/8565b lim: 333 exec/s: 0 rss: 29Mb L: 62/333 MS: 4 ChangeByte-InsertByte-ChangeBinInt-EraseBytes-
#2269	REDUCE cov: 124 ft: 466 corp: 54/8533b lim: 333 exec/s: 0 rss: 29Mb L: 159/333 MS: 3 InsertByte-ChangeBit-EraseBytes-
#2331	REDUCE cov: 124 ft: 466 corp: 54/8529b lim: 333 exec/s: 0 rss: 29Mb L: 50/333 MS: 2 ShuffleBytes-EraseBytes-
#2423	REDUCE cov: 124 ft: 466 corp: 54/8527b lim: 333 exec/s: 0 rss: 29Mb L: 20/333 MS: 2 PersAutoDict-EraseBytes- DE: "stss"-
#2463	REDUCE cov: 124 ft: 466 corp: 54/8516b lim: 333 exec/s: 0 rss: 29Mb L: 251/333 MS: 5 CMP-ShuffleBytes-PersAutoDict-CMP-EraseBytes- DE: "hvc1"-"hvc1"-"\345\271h18a\000\000"-
#2492	NEW    cov: 124 ft: 467 corp: 55/8734b lim: 333 exec/s: 0 rss: 29Mb L: 218/333 MS: 4 PersAutoDict-ChangeByte-CopyPart-ChangeBinInt- DE: "\345\271h18a\000\000"-
#2629	REDUCE cov: 124 ft: 467 corp: 55/8715b lim: 333 exec/s: 0 rss: 29Mb L: 209/333 MS: 2 InsertByte-EraseBytes-
#2763	REDUCE cov: 124 ft: 467 corp: 55/8711b lim: 333 exec/s: 0 rss: 29Mb L: 102/333 MS: 4 ChangeByte-CMP-InsertRepeatedBytes-EraseBytes- DE: "!\000\000\000"-
#2770	REDUCE cov: 124 ft: 467 corp: 55/8659b lim: 333 exec/s: 0 rss: 29Mb L: 166/333 MS: 2 ChangeASCIIInt-EraseBytes-
#2836	REDUCE cov: 124 ft: 468 corp: 56/8671b lim: 333 exec/s: 0 rss: 29Mb L: 12/333 MS: 1 EraseBytes-
#2843	REDUCE cov: 124 ft: 468 corp: 56/8663b lim: 333 exec/s: 0 rss: 29Mb L: 109/333 MS: 2 CopyPart-EraseBytes-
#3118	NEW    cov: 124 ft: 480 corp: 57/8945b lim: 333 exec/s: 0 rss: 29Mb L: 282/333 MS: 5 ChangeByte-ChangeBinInt-CopyPart-ShuffleBytes-InsertRepeatedBytes-
#3135	NEW    cov: 124 ft: 488 corp: 58/8985b lim: 333 exec/s: 0 rss: 29Mb L: 40/333 MS: 2 InsertByte-ChangeBit-
#3208	REDUCE cov: 124 ft: 488 corp: 58/8965b lim: 333 exec/s: 0 rss: 29Mb L: 181/333 MS: 3 CrossOver-InsertByte-CrossOver-
#3240	REDUCE cov: 124 ft: 488 corp: 58/8959b lim: 333 exec/s: 0 rss: 29Mb L: 97/333 MS: 2 InsertByte-EraseBytes-
#3396	REDUCE cov: 124 ft: 488 corp: 58/8937b lim: 333 exec/s: 0 rss: 29Mb L: 194/333 MS: 1 EraseBytes-
#3522	REDUCE cov: 124 ft: 488 corp: 58/8929b lim: 333 exec/s: 0 rss: 29Mb L: 101/333 MS: 1 EraseBytes-
#3713	NEW    cov: 124 ft: 489 corp: 59/9242b lim: 333 exec/s: 0 rss: 29Mb L: 313/333 MS: 1 CrossOver-
#3757	REDUCE cov: 124 ft: 489 corp: 59/9224b lim: 333 exec/s: 0 rss: 29Mb L: 148/333 MS: 4 ChangeBinInt-CopyPart-ShuffleBytes-EraseBytes-
#3893	REDUCE cov: 124 ft: 490 corp: 60/9480b lim: 333 exec/s: 0 rss: 29Mb L: 256/333 MS: 1 InsertRepeatedBytes-
#3984	REDUCE cov: 124 ft: 490 corp: 60/9479b lim: 333 exec/s: 0 rss: 29Mb L: 9/333 MS: 1 EraseBytes-
#4002	REDUCE cov: 124 ft: 490 corp: 60/9478b lim: 333 exec/s: 0 rss: 29Mb L: 255/333 MS: 3 CopyPart-CMP-EraseBytes- DE: "mfra"-
#4097	REDUCE cov: 124 ft: 490 corp: 60/9450b lim: 333 exec/s: 0 rss: 29Mb L: 67/333 MS: 5 ChangeBinInt-PersAutoDict-CMP-ShuffleBytes-EraseBytes- DE: "!\000\000\000"-"edts"-
#4126	REDUCE cov: 124 ft: 490 corp: 60/9440b lim: 333 exec/s: 0 rss: 29Mb L: 309/333 MS: 4 ChangeByte-ChangeByte-ChangeBinInt-CrossOver-
#4147	REDUCE cov: 124 ft: 490 corp: 60/9344b lim: 333 exec/s: 0 rss: 29Mb L: 236/333 MS: 1 EraseBytes-
#4158	REDUCE cov: 124 ft: 490 corp: 60/9320b lim: 333 exec/s: 0 rss: 29Mb L: 77/333 MS: 1 EraseBytes-
#4385	REDUCE cov: 124 ft: 490 corp: 60/9281b lim: 333 exec/s: 0 rss: 29Mb L: 84/333 MS: 2 InsertRepeatedBytes-EraseBytes-
#4448	REDUCE cov: 124 ft: 490 corp: 60/9280b lim: 333 exec/s: 0 rss: 29Mb L: 83/333 MS: 3 CopyPart-CopyPart-EraseBytes-
#4496	NEW    cov: 124 ft: 491 corp: 61/9613b lim: 333 exec/s: 0 rss: 29Mb L: 333/333 MS: 3 PersAutoDict-PersAutoDict-CrossOver- DE: "%\221)?8a\000\000"-"A\213\000|*s\000\000"-
#4526	REDUCE cov: 124 ft: 491 corp: 61/9539b lim: 333 exec/s: 0 rss: 29Mb L: 96/333 MS: 5 CrossOver-ChangeBit-ShuffleBytes-EraseBytes-InsertByte-
#4599	NEW    cov: 124 ft: 492 corp: 62/9591b lim: 333 exec/s: 0 rss: 29Mb L: 52/333 MS: 3 ChangeBinInt-EraseBytes-CrossOver-
#4645	REDUCE cov: 124 ft: 492 corp: 62/9590b lim: 333 exec/s: 0 rss: 29Mb L: 33/333 MS: 1 EraseBytes-
#4818	REDUCE cov: 124 ft: 492 corp: 62/9574b lim: 333 exec/s: 0 rss: 29Mb L: 51/333 MS: 3 EraseBytes-CMP-CrossOver- DE: " \000"-
#5199	REDUCE cov: 124 ft: 492 corp: 62/9569b lim: 333 exec/s: 0 rss: 29Mb L: 117/333 MS: 1 EraseBytes-
#5201	REDUCE cov: 124 ft: 492 corp: 62/9550b lim: 333 exec/s: 0 rss: 29Mb L: 31/333 MS: 2 ShuffleBytes-EraseBytes-
#5248	REDUCE cov: 124 ft: 492 corp: 62/9460b lim: 333 exec/s: 0 rss: 29Mb L: 144/333 MS: 2 ChangeBinInt-EraseBytes-
#5375	REDUCE cov: 124 ft: 492 corp: 62/9446b lim: 333 exec/s: 0 rss: 29Mb L: 299/333 MS: 2 ChangeByte-EraseBytes-
#5677	REDUCE cov: 124 ft: 492 corp: 62/9408b lim: 333 exec/s: 0 rss: 29Mb L: 290/333 MS: 2 ShuffleBytes-EraseBytes-
#5719	NEW    cov: 124 ft: 493 corp: 63/9629b lim: 333 exec/s: 0 rss: 29Mb L: 221/333 MS: 2 CrossOver-InsertByte-
#5938	NEW    cov: 124 ft: 494 corp: 64/9837b lim: 333 exec/s: 0 rss: 29Mb L: 208/333 MS: 4 EraseBytes-InsertRepeatedBytes-EraseBytes-EraseBytes-
#5962	REDUCE cov: 124 ft: 494 corp: 64/9815b lim: 333 exec/s: 0 rss: 29Mb L: 49/333 MS: 4 EraseBytes-ChangeByte-PersAutoDict-CopyPart- DE: "mfra"-
#6325	NEW    cov: 124 ft: 500 corp: 65/10148b lim: 333 exec/s: 0 rss: 29Mb L: 333/333 MS: 3 ChangeBinInt-ChangeBit-ChangeByte-
#6596	REDUCE cov: 124 ft: 500 corp: 65/10146b lim: 333 exec/s: 6596 rss: 29Mb L: 16/333 MS: 5 ChangeBit-ChangeBit-InsertByte-ChangeByte-EraseBytes-
#6916	REDUCE cov: 124 ft: 500 corp: 65/10118b lim: 333 exec/s: 6916 rss: 29Mb L: 305/333 MS: 5 CrossOver-CopyPart-CrossOver-ChangeByte-EraseBytes-
#7134	REDUCE cov: 124 ft: 500 corp: 65/10078b lim: 333 exec/s: 7134 rss: 29Mb L: 56/333 MS: 3 ChangeBit-ChangeByte-EraseBytes-
#7163	REDUCE cov: 124 ft: 500 corp: 65/10063b lim: 333 exec/s: 7163 rss: 29Mb L: 118/333 MS: 4 CopyPart-EraseBytes-ChangeBinInt-CopyPart-
#7164	REDUCE cov: 124 ft: 500 corp: 65/10060b lim: 333 exec/s: 7164 rss: 29Mb L: 330/333 MS: 1 EraseBytes-
#7310	REDUCE cov: 124 ft: 500 corp: 65/10056b lim: 333 exec/s: 7310 rss: 29Mb L: 35/333 MS: 1 EraseBytes-
#7336	REDUCE cov: 124 ft: 500 corp: 65/10045b lim: 333 exec/s: 7336 rss: 29Mb L: 240/333 MS: 1 EraseBytes-
#7479	REDUCE cov: 124 ft: 501 corp: 66/10311b lim: 333 exec/s: 7479 rss: 29Mb L: 266/333 MS: 3 CMP-ChangeBit-EraseBytes- DE: "\000\000\000\000\000\000\000\035"-
#7715	REDUCE cov: 124 ft: 501 corp: 66/10295b lim: 333 exec/s: 7715 rss: 29Mb L: 82/333 MS: 1 EraseBytes-
#8002	REDUCE cov: 124 ft: 501 corp: 66/10265b lim: 333 exec/s: 8002 rss: 29Mb L: 260/333 MS: 2 ChangeASCIIInt-CrossOver-
#8158	REDUCE cov: 124 ft: 501 corp: 66/10261b lim: 333 exec/s: 8158 rss: 29Mb L: 16/333 MS: 1 EraseBytes-
#8184	REDUCE cov: 124 ft: 501 corp: 66/10256b lim: 333 exec/s: 8184 rss: 29Mb L: 72/333 MS: 1 EraseBytes-
#8508	REDUCE cov: 124 ft: 501 corp: 66/10251b lim: 333 exec/s: 8508 rss: 29Mb L: 261/333 MS: 4 ChangeByte-ShuffleBytes-ChangeByte-CrossOver-
#8515	REDUCE cov: 124 ft: 501 corp: 66/10243b lim: 333 exec/s: 8515 rss: 29Mb L: 252/333 MS: 2 CMP-EraseBytes- DE: "schm"-
#8661	REDUCE cov: 124 ft: 501 corp: 66/10120b lim: 333 exec/s: 8661 rss: 29Mb L: 182/333 MS: 1 EraseBytes-
#8967	REDUCE cov: 124 ft: 501 corp: 66/10116b lim: 333 exec/s: 8967 rss: 29Mb L: 32/333 MS: 1 EraseBytes-
#9438	REDUCE cov: 124 ft: 501 corp: 66/10092b lim: 333 exec/s: 9438 rss: 29Mb L: 238/333 MS: 1 EraseBytes-
#9531	REDUCE cov: 124 ft: 501 corp: 66/10089b lim: 333 exec/s: 9531 rss: 29Mb L: 28/333 MS: 3 PersAutoDict-ChangeByte-EraseBytes- DE: "%\221)?8a\000\000"-
#9557	REDUCE cov: 124 ft: 501 corp: 66/10048b lim: 333 exec/s: 9557 rss: 29Mb L: 258/333 MS: 1 EraseBytes-
#9713	REDUCE cov: 124 ft: 501 corp: 66/10033b lim: 333 exec/s: 9713 rss: 29Mb L: 193/333 MS: 1 CrossOver-
#10147	REDUCE cov: 124 ft: 501 corp: 66/10029b lim: 333 exec/s: 10147 rss: 29Mb L: 48/333 MS: 4 CMP-CrossOver-ChangeBinInt-EraseBytes- DE: "\001\000\000\000\000\000\000\020"-
#10237	REDUCE cov: 124 ft: 501 corp: 66/10010b lim: 333 exec/s: 10237 rss: 29Mb L: 288/333 MS: 5 ChangeBit-EraseBytes-InsertRepeatedBytes-ChangeBit-InsertRepeatedBytes-
#10350	REDUCE cov: 124 ft: 513 corp: 67/10298b lim: 333 exec/s: 10350 rss: 29Mb L: 288/333 MS: 3 InsertRepeatedBytes-ShuffleBytes-InsertByte-
#10513	REDUCE cov: 124 ft: 513 corp: 67/10162b lim: 333 exec/s: 10513 rss: 29Mb L: 194/333 MS: 3 ChangeBit-ShuffleBytes-EraseBytes-
#10716	REDUCE cov: 124 ft: 513 corp: 67/10161b lim: 333 exec/s: 10716 rss: 29Mb L: 85/333 MS: 3 CrossOver-PersAutoDict-EraseBytes- DE: "\345\271h18a\000\000"-
#10958	REDUCE cov: 124 ft: 513 corp: 67/10159b lim: 333 exec/s: 10958 rss: 29Mb L: 142/333 MS: 2 InsertRepeatedBytes-EraseBytes-
#11028	REDUCE cov: 124 ft: 513 corp: 67/10118b lim: 333 exec/s: 11028 rss: 29Mb L: 292/333 MS: 5 EraseBytes-InsertRepeatedBytes-ChangeBit-CopyPart-EraseBytes-
#11799	REDUCE cov: 124 ft: 513 corp: 67/10117b lim: 333 exec/s: 11799 rss: 29Mb L: 50/333 MS: 1 CrossOver-
#11923	REDUCE cov: 124 ft: 513 corp: 67/10109b lim: 333 exec/s: 11923 rss: 29Mb L: 16/333 MS: 4 ShuffleBytes-ChangeByte-ChangeBinInt-EraseBytes-
#11929	REDUCE cov: 124 ft: 513 corp: 67/10107b lim: 333 exec/s: 11929 rss: 29Mb L: 41/333 MS: 1 EraseBytes-
#11969	REDUCE cov: 124 ft: 513 corp: 67/10089b lim: 333 exec/s: 11969 rss: 29Mb L: 270/333 MS: 5 ChangeBinInt-CopyPart-CMP-CMP-EraseBytes- DE: "\000\000\000'"-"\000\000\000\000\000\000\000\030"-
#12020	REDUCE cov: 124 ft: 513 corp: 67/10007b lim: 333 exec/s: 12020 rss: 29Mb L: 111/333 MS: 1 EraseBytes-
#12816	REDUCE cov: 124 ft: 513 corp: 67/10006b lim: 333 exec/s: 12816 rss: 29Mb L: 81/333 MS: 1 EraseBytes-
#12979	REDUCE cov: 124 ft: 513 corp: 67/9990b lim: 333 exec/s: 12979 rss: 29Mb L: 126/333 MS: 3 CMP-ChangeBinInt-EraseBytes- DE: "\001\000s*|\004d@"-
#13565	REDUCE cov: 124 ft: 513 corp: 67/9989b lim: 333 exec/s: 6782 rss: 29Mb L: 27/333 MS: 1 EraseBytes-
#14052	REDUCE cov: 124 ft: 513 corp: 67/9957b lim: 333 exec/s: 7026 rss: 29Mb L: 204/333 MS: 2 CrossOver-ChangeBinInt-
#14054	NEW    cov: 124 ft: 514 corp: 68/10245b lim: 333 exec/s: 7027 rss: 29Mb L: 288/333 MS: 2 ChangeBit-ChangeByte-
#14059	REDUCE cov: 124 ft: 514 corp: 68/10181b lim: 333 exec/s: 7029 rss: 29Mb L: 174/333 MS: 5 ChangeASCIIInt-CrossOver-ShuffleBytes-ChangeBit-EraseBytes-
#14489	REDUCE cov: 124 ft: 514 corp: 68/10173b lim: 333 exec/s: 7244 rss: 29Mb L: 140/333 MS: 5 ChangeBinInt-ChangeByte-CrossOver-InsertByte-EraseBytes-
#14606	REDUCE cov: 124 ft: 514 corp: 68/10156b lim: 333 exec/s: 7303 rss: 29Mb L: 265/333 MS: 2 ShuffleBytes-EraseBytes-
#14820	REDUCE cov: 124 ft: 514 corp: 68/10155b lim: 333 exec/s: 7410 rss: 29Mb L: 26/333 MS: 4 ChangeASCIIInt-PersAutoDict-ChangeASCIIInt-CrossOver- DE: "\000\000\000'"-
#14824	REDUCE cov: 124 ft: 514 corp: 68/10154b lim: 333 exec/s: 7412 rss: 29Mb L: 181/333 MS: 4 EraseBytes-ChangeByte-ChangeByte-InsertRepeatedBytes-
#14986	REDUCE cov: 124 ft: 514 corp: 68/10153b lim: 333 exec/s: 7493 rss: 29Mb L: 317/333 MS: 2 EraseBytes-InsertRepeatedBytes-
#15318	REDUCE cov: 124 ft: 514 corp: 68/10145b lim: 333 exec/s: 7659 rss: 29Mb L: 41/333 MS: 2 ChangeBinInt-EraseBytes-
#15722	REDUCE cov: 124 ft: 514 corp: 68/10138b lim: 333 exec/s: 7861 rss: 29Mb L: 34/333 MS: 4 ChangeBit-ChangeByte-ShuffleBytes-EraseBytes-
#15987	REDUCE cov: 124 ft: 515 corp: 69/10448b lim: 333 exec/s: 7993 rss: 29Mb L: 310/333 MS: 5 ChangeBit-CrossOver-ChangeASCIIInt-InsertByte-PersAutoDict- DE: "\000\000\000\000\000\000\000\030"-
#16182	REDUCE cov: 124 ft: 515 corp: 69/10443b lim: 333 exec/s: 8091 rss: 29Mb L: 305/333 MS: 5 ShuffleBytes-EraseBytes-ChangeASCIIInt-CopyPart-PersAutoDict- DE: "!\000\000\000"-
#16199	REDUCE cov: 124 ft: 515 corp: 69/10440b lim: 333 exec/s: 8099 rss: 29Mb L: 237/333 MS: 2 EraseBytes-InsertRepeatedBytes-
#16282	REDUCE cov: 124 ft: 515 corp: 69/10438b lim: 333 exec/s: 8141 rss: 29Mb L: 10/333 MS: 3 ChangeByte-CrossOver-EraseBytes-
#16285	NEW    cov: 124 ft: 516 corp: 70/10726b lim: 333 exec/s: 8142 rss: 29Mb L: 288/333 MS: 3 ChangeBinInt-PersAutoDict-ShuffleBytes- DE: "A\213\000|*s\000\000"-
#16356	REDUCE cov: 124 ft: 516 corp: 70/10722b lim: 333 exec/s: 8178 rss: 29Mb L: 177/333 MS: 1 EraseBytes-
#16384	pulse  cov: 124 ft: 516 corp: 70/10722b lim: 333 exec/s: 8192 rss: 29Mb
#16457	REDUCE cov: 124 ft: 516 corp: 70/10720b lim: 333 exec/s: 8228 rss: 29Mb L: 116/333 MS: 1 EraseBytes-
#17743	REDUCE cov: 124 ft: 517 corp: 71/10985b lim: 341 exec/s: 8871 rss: 29Mb L: 265/333 MS: 1 PersAutoDict- DE: "edts"-
==518823== ERROR: libFuzzer: out-of-memory (used: 2023Mb; limit: 1024Mb)
   To change the out-of-memory limit use -rss_limit_mb=<N>

MS: 2 ChangeBinInt-EraseBytes-; base unit: 5da08721ae13993f6fc9be8ff5b59ea3b0831a96
0x0,0x0,0x0,0x1c,0x66,0x74,0x79,0x70,0x4d,0x34,0x56,0x20,0x0,0x0,0x0,0x0,0x4d,0x34,0x56,0x20,0x6d,0x70,0x34,0x31,0x69,0x73,0x6f,0x6d,0x0,0x0,0x0,0x58,0x6d,0x65,0x74,0x61,0x0,0x0,0x0,0x0,0x0,0x0,0x0,0x21,0x68,0x64,0x6c,0x71,0xff,0xff,0xff,0xff,0xff,0xff,0xff,0x0,0x6d,0x64,0x69,0x72,0x61,0x70,0x70,0x6c,0x0,0x0,0x0,0x0,0x0,0x0,0x0,0x0,0x0,0x0,0x0,0x0,0x2b,0x69,0x6c,0x73,0x74,0x0,0x0,0x0,0x22,0xc2,0xa9,0x6e,0x61,0x6d,0x0,0x0,0x0,0x1a,0x64,0x61,0x74,0x61,0x0,0x0,0x0,0x1,0x0,0x0,0x0,0x0,0x54,0x65,0x73,0x74,0x20,0x56,0x69,0x64,0x65,0x6f,
\000\000\000\034ftypM4V \000\000\000\000M4V mp41isom\000\000\000Xmeta\000\000\000\000\000\000\000!hdlq\377\377\377\377\377\377\377\000mdirappl\000\000\000\000\000\000\000\000\000\000\000\000+ilst\000\000\000\"\302\251nam\000\000\000\032data\000\000\000\001\000\000\000\000Test Video
artifact_prefix='/results/crashes/20260313_170503_f96340f5_'; Test unit written to /results/crashes/20260313_170503_f96340f5_oom-0ab384438618e4074133fe25b95c6c245ad10dd8
Base64: AAAAHGZ0eXBNNFYgAAAAAE00ViBtcDQxaXNvbQAAAFhtZXRhAAAAAAAAACFoZGxx/////////wBtZGlyYXBwbAAAAAAAAAAAAAAAACtpbHN0AAAAIsKpbmFtAAAAGmRhdGEAAAABAAAAAFRlc3QgVmlkZW8=
SUMMARY: libFuzzer: out-of-memory
stat::number_of_executed_units: 17820
stat::average_exec_per_sec:     4455
stat::new_units_added:          171
stat::slowest_unit_time_sec:    0
stat::peak_rss_mb:              2024
