INFO: Running with entropic power schedule (0xFF, 100).
INFO: Seed: 1856000571
INFO: Loaded 1 modules   (252 inline 8-bit counters): 252 [0x5617f3ddd678, 0x5617f3ddd774), 
INFO: Loaded 1 PC tables (252 PCs): 252 [0x5617f3ddd778,0x5617f3dde738), 
INFO:        4 files found in /tmp/corpus_20260313_164936_1a5afda9
INFO: seed corpus: files: 4 min: 48b max: 333b total: 853b rss: 28Mb
#5	INITED cov: 118 ft: 253 corp: 4/853b exec/s: 0 rss: 29Mb
#6	NEW    cov: 118 ft: 262 corp: 5/1126b lim: 333 exec/s: 0 rss: 29Mb L: 273/333 MS: 1 CrossOver-
#9	NEW    cov: 119 ft: 269 corp: 6/1391b lim: 333 exec/s: 0 rss: 29Mb L: 265/333 MS: 3 ShuffleBytes-ChangeBinInt-CrossOver-
#11	NEW    cov: 119 ft: 272 corp: 7/1612b lim: 333 exec/s: 0 rss: 29Mb L: 221/333 MS: 2 ChangeASCIIInt-InsertByte-
#13	NEW    cov: 119 ft: 275 corp: 8/1877b lim: 333 exec/s: 0 rss: 29Mb L: 265/333 MS: 2 ChangeASCIIInt-CrossOver-
#14	NEW    cov: 119 ft: 289 corp: 9/2098b lim: 333 exec/s: 0 rss: 29Mb L: 221/333 MS: 1 InsertByte-
#16	NEW    cov: 119 ft: 298 corp: 10/2371b lim: 333 exec/s: 0 rss: 29Mb L: 273/333 MS: 2 ChangeBit-ShuffleBytes-
#17	NEW    cov: 119 ft: 305 corp: 11/2522b lim: 333 exec/s: 0 rss: 29Mb L: 151/333 MS: 1 EraseBytes-
#21	NEW    cov: 119 ft: 318 corp: 12/2561b lim: 333 exec/s: 0 rss: 29Mb L: 39/333 MS: 4 ChangeBit-ChangeByte-ChangeByte-CrossOver-
#33	NEW    cov: 120 ft: 319 corp: 13/2863b lim: 333 exec/s: 0 rss: 29Mb L: 302/333 MS: 2 ChangeByte-InsertRepeatedBytes-
#38	NEW    cov: 120 ft: 320 corp: 14/3112b lim: 333 exec/s: 0 rss: 29Mb L: 249/333 MS: 5 CMP-InsertRepeatedBytes-ChangeBinInt-ShuffleBytes-EraseBytes- DE: "\000\000V\027\367!U\340"-
#47	NEW    cov: 120 ft: 321 corp: 15/3323b lim: 333 exec/s: 0 rss: 29Mb L: 211/333 MS: 4 ChangeBinInt-InsertByte-CrossOver-EraseBytes-
#48	NEW    cov: 120 ft: 322 corp: 16/3656b lim: 333 exec/s: 0 rss: 29Mb L: 333/333 MS: 1 CopyPart-
#50	NEW    cov: 121 ft: 324 corp: 17/3985b lim: 333 exec/s: 0 rss: 29Mb L: 329/333 MS: 2 CrossOver-InsertByte-
#58	NEW    cov: 121 ft: 325 corp: 18/4136b lim: 333 exec/s: 0 rss: 29Mb L: 151/333 MS: 3 CopyPart-PersAutoDict-CrossOver- DE: "\000\000V\027\367!U\340"-
#59	REDUCE cov: 121 ft: 325 corp: 18/4098b lim: 333 exec/s: 0 rss: 29Mb L: 183/333 MS: 1 EraseBytes-
#64	NEW    cov: 121 ft: 362 corp: 19/4338b lim: 333 exec/s: 0 rss: 29Mb L: 240/333 MS: 5 InsertByte-EraseBytes-CopyPart-ChangeBinInt-CrossOver-
#81	NEW    cov: 121 ft: 363 corp: 20/4512b lim: 333 exec/s: 0 rss: 29Mb L: 174/333 MS: 2 ChangeBinInt-InsertRepeatedBytes-
#86	NEW    cov: 121 ft: 365 corp: 21/4570b lim: 333 exec/s: 0 rss: 29Mb L: 58/333 MS: 5 ChangeBit-ChangeBinInt-ChangeASCIIInt-ShuffleBytes-InsertRepeatedBytes-
#91	NEW    cov: 122 ft: 367 corp: 22/4896b lim: 333 exec/s: 0 rss: 29Mb L: 326/333 MS: 5 CopyPart-InsertByte-ShuffleBytes-InsertByte-InsertRepeatedBytes-
#92	NEW    cov: 122 ft: 368 corp: 23/5145b lim: 333 exec/s: 0 rss: 29Mb L: 249/333 MS: 1 CopyPart-
#101	NEW    cov: 122 ft: 388 corp: 24/5421b lim: 333 exec/s: 0 rss: 29Mb L: 276/333 MS: 4 CopyPart-InsertRepeatedBytes-ChangeBit-CMP- DE: " \000"-
#102	NEW    cov: 122 ft: 392 corp: 25/5460b lim: 333 exec/s: 0 rss: 29Mb L: 39/333 MS: 1 CopyPart-
#109	NEW    cov: 122 ft: 398 corp: 26/5698b lim: 333 exec/s: 0 rss: 29Mb L: 238/333 MS: 2 InsertByte-CrossOver-
#114	NEW    cov: 122 ft: 407 corp: 27/5783b lim: 333 exec/s: 0 rss: 29Mb L: 85/333 MS: 5 CopyPart-CopyPart-ShuffleBytes-ShuffleBytes-InsertRepeatedBytes-
#116	NEW    cov: 122 ft: 408 corp: 28/5833b lim: 333 exec/s: 0 rss: 29Mb L: 50/333 MS: 2 CopyPart-InsertRepeatedBytes-
#124	NEW    cov: 122 ft: 409 corp: 29/5922b lim: 333 exec/s: 0 rss: 29Mb L: 89/333 MS: 3 CrossOver-InsertRepeatedBytes-CrossOver-
#130	NEW    cov: 122 ft: 410 corp: 30/6218b lim: 333 exec/s: 0 rss: 29Mb L: 296/333 MS: 1 CrossOver-
#137	NEW    cov: 122 ft: 411 corp: 31/6506b lim: 333 exec/s: 0 rss: 29Mb L: 288/333 MS: 2 ChangeASCIIInt-InsertRepeatedBytes-
#144	REDUCE cov: 122 ft: 411 corp: 31/6440b lim: 333 exec/s: 0 rss: 29Mb L: 207/333 MS: 2 CrossOver-EraseBytes-
#145	REDUCE cov: 122 ft: 412 corp: 32/6647b lim: 333 exec/s: 0 rss: 29Mb L: 207/333 MS: 1 ChangeBinInt-
#147	NEW    cov: 122 ft: 413 corp: 33/6940b lim: 333 exec/s: 0 rss: 29Mb L: 293/333 MS: 2 ChangeBit-CrossOver-
#158	NEW    cov: 122 ft: 414 corp: 34/7159b lim: 333 exec/s: 0 rss: 29Mb L: 219/333 MS: 1 CrossOver-
#190	NEW    cov: 122 ft: 423 corp: 35/7187b lim: 333 exec/s: 0 rss: 29Mb L: 28/333 MS: 2 ChangeByte-EraseBytes-
#215	NEW    cov: 122 ft: 424 corp: 36/7350b lim: 333 exec/s: 0 rss: 29Mb L: 163/333 MS: 5 InsertRepeatedBytes-ChangeBinInt-CrossOver-ChangeByte-InsertRepeatedBytes-
#224	REDUCE cov: 122 ft: 424 corp: 36/7338b lim: 333 exec/s: 0 rss: 29Mb L: 139/333 MS: 4 ChangeBit-InsertByte-PersAutoDict-EraseBytes- DE: "\000\000V\027\367!U\340"-
#232	REDUCE cov: 122 ft: 424 corp: 36/7273b lim: 333 exec/s: 0 rss: 29Mb L: 231/333 MS: 3 ShuffleBytes-CMP-EraseBytes- DE: "hvcC"-
#256	REDUCE cov: 122 ft: 424 corp: 36/7271b lim: 333 exec/s: 0 rss: 29Mb L: 26/333 MS: 4 ChangeBinInt-InsertByte-EraseBytes-EraseBytes-
#291	NEW    cov: 123 ft: 425 corp: 37/7272b lim: 333 exec/s: 0 rss: 29Mb L: 1/333 MS: 5 ChangeASCIIInt-PersAutoDict-PersAutoDict-InsertRepeatedBytes-CrossOver- DE: "hvcC"-"\000\000V\027\367!U\340"-
#337	NEW    cov: 123 ft: 426 corp: 38/7605b lim: 333 exec/s: 0 rss: 29Mb L: 333/333 MS: 1 ChangeBinInt-
#363	NEW    cov: 123 ft: 436 corp: 39/7625b lim: 333 exec/s: 0 rss: 29Mb L: 20/333 MS: 1 CrossOver-
#398	NEW    cov: 123 ft: 437 corp: 40/7727b lim: 333 exec/s: 0 rss: 29Mb L: 102/333 MS: 5 ChangeByte-CMP-ChangeByte-ChangeBinInt-EraseBytes- DE: "\000\000\000\000\000\000\000\000"-
#404	NEW    cov: 123 ft: 443 corp: 41/8033b lim: 333 exec/s: 0 rss: 29Mb L: 306/333 MS: 1 CMP- DE: "dref"-
#411	REDUCE cov: 123 ft: 443 corp: 41/8022b lim: 333 exec/s: 0 rss: 29Mb L: 196/333 MS: 2 EraseBytes-ChangeByte-
#418	NEW    cov: 123 ft: 450 corp: 42/8317b lim: 333 exec/s: 0 rss: 29Mb L: 295/333 MS: 2 ChangeByte-InsertRepeatedBytes-
#433	NEW    cov: 123 ft: 467 corp: 43/8326b lim: 333 exec/s: 0 rss: 29Mb L: 9/333 MS: 5 ShuffleBytes-CopyPart-ChangeBit-CMP-CopyPart- DE: "\377\377\377\037"-
#444	REDUCE cov: 123 ft: 468 corp: 44/8402b lim: 333 exec/s: 0 rss: 29Mb L: 76/333 MS: 1 EraseBytes-
#480	REDUCE cov: 123 ft: 468 corp: 44/8290b lim: 333 exec/s: 0 rss: 29Mb L: 221/333 MS: 1 EraseBytes-
#486	REDUCE cov: 123 ft: 468 corp: 44/8281b lim: 333 exec/s: 0 rss: 29Mb L: 198/333 MS: 1 EraseBytes-
#495	NEW    cov: 123 ft: 469 corp: 45/8580b lim: 333 exec/s: 0 rss: 29Mb L: 299/333 MS: 4 ShuffleBytes-CMP-EraseBytes-CrossOver- DE: "\006\000\000\000"-
#528	NEW    cov: 123 ft: 470 corp: 46/8754b lim: 333 exec/s: 0 rss: 29Mb L: 174/333 MS: 3 ChangeASCIIInt-PersAutoDict-ChangeBit- DE: "hvcC"-
#558	REDUCE cov: 123 ft: 473 corp: 47/9068b lim: 333 exec/s: 0 rss: 29Mb L: 314/333 MS: 5 InsertByte-InsertRepeatedBytes-InsertRepeatedBytes-PersAutoDict-ChangeByte- DE: "hvcC"-
#572	NEW    cov: 123 ft: 475 corp: 48/9333b lim: 333 exec/s: 0 rss: 29Mb L: 265/333 MS: 4 CrossOver-ShuffleBytes-ChangeBinInt-CopyPart-
#619	NEW    cov: 123 ft: 478 corp: 49/9411b lim: 333 exec/s: 0 rss: 29Mb L: 78/333 MS: 2 CopyPart-EraseBytes-
#648	REDUCE cov: 123 ft: 478 corp: 49/9361b lim: 333 exec/s: 0 rss: 29Mb L: 188/333 MS: 4 CrossOver-InsertRepeatedBytes-CopyPart-EraseBytes-
#659	NEW    cov: 123 ft: 479 corp: 50/9536b lim: 333 exec/s: 0 rss: 29Mb L: 175/333 MS: 1 EraseBytes-
#731	REDUCE cov: 123 ft: 479 corp: 50/9479b lim: 333 exec/s: 0 rss: 29Mb L: 117/333 MS: 2 ShuffleBytes-EraseBytes-
#759	REDUCE cov: 123 ft: 479 corp: 50/9322b lim: 333 exec/s: 0 rss: 29Mb L: 138/333 MS: 3 ChangeASCIIInt-ChangeASCIIInt-CrossOver-
#840	NEW    cov: 123 ft: 485 corp: 51/9622b lim: 333 exec/s: 0 rss: 29Mb L: 300/333 MS: 1 InsertRepeatedBytes-
#926	REDUCE cov: 123 ft: 485 corp: 51/9574b lim: 333 exec/s: 0 rss: 29Mb L: 150/333 MS: 1 EraseBytes-
#960	REDUCE cov: 123 ft: 485 corp: 51/9568b lim: 333 exec/s: 0 rss: 29Mb L: 70/333 MS: 4 ShuffleBytes-CrossOver-CrossOver-EraseBytes-
#980	NEW    cov: 123 ft: 487 corp: 52/9576b lim: 333 exec/s: 0 rss: 29Mb L: 8/333 MS: 5 ChangeByte-ChangeBit-InsertByte-InsertByte-EraseBytes-
#1004	REDUCE cov: 123 ft: 487 corp: 52/9443b lim: 333 exec/s: 0 rss: 29Mb L: 200/333 MS: 4 ChangeByte-CrossOver-PersAutoDict-EraseBytes- DE: "\006\000\000\000"-
#1040	REDUCE cov: 123 ft: 487 corp: 52/9402b lim: 333 exec/s: 0 rss: 29Mb L: 76/333 MS: 1 EraseBytes-
#1070	REDUCE cov: 123 ft: 487 corp: 52/9401b lim: 333 exec/s: 0 rss: 29Mb L: 49/333 MS: 5 CMP-PersAutoDict-ChangeBit-ChangeByte-EraseBytes- DE: "hvcC"-"\000\000\000\000\000\000\000\000"-
#1213	NEW    cov: 123 ft: 488 corp: 53/9695b lim: 333 exec/s: 0 rss: 29Mb L: 294/333 MS: 3 InsertByte-InsertByte-PersAutoDict- DE: "dref"-
#1221	NEW    cov: 123 ft: 492 corp: 54/10017b lim: 333 exec/s: 0 rss: 29Mb L: 322/333 MS: 3 InsertRepeatedBytes-ChangeBit-InsertByte-
#1249	NEW    cov: 123 ft: 493 corp: 55/10027b lim: 333 exec/s: 0 rss: 29Mb L: 10/333 MS: 3 ChangeBinInt-ChangeBinInt-CrossOver-
#1318	REDUCE cov: 123 ft: 493 corp: 55/9955b lim: 333 exec/s: 0 rss: 29Mb L: 193/333 MS: 4 CopyPart-ChangeBinInt-InsertByte-CrossOver-
#1360	REDUCE cov: 123 ft: 493 corp: 55/9946b lim: 333 exec/s: 0 rss: 29Mb L: 69/333 MS: 2 CopyPart-EraseBytes-
#1361	REDUCE cov: 123 ft: 493 corp: 55/9927b lim: 333 exec/s: 0 rss: 29Mb L: 155/333 MS: 1 EraseBytes-
#1433	REDUCE cov: 123 ft: 493 corp: 55/9891b lim: 333 exec/s: 0 rss: 29Mb L: 213/333 MS: 2 PersAutoDict-EraseBytes- DE: "dref"-
#1535	REDUCE cov: 123 ft: 493 corp: 55/9863b lim: 333 exec/s: 0 rss: 29Mb L: 221/333 MS: 2 CMP-EraseBytes- DE: "\001\000\000\010"-
#1585	NEW    cov: 123 ft: 495 corp: 56/10021b lim: 333 exec/s: 0 rss: 29Mb L: 158/333 MS: 5 InsertByte-ChangeBinInt-CopyPart-CMP-EraseBytes- DE: "mvex"-
#1774	REDUCE cov: 123 ft: 495 corp: 56/10010b lim: 333 exec/s: 0 rss: 29Mb L: 210/333 MS: 4 PersAutoDict-ChangeASCIIInt-ChangeASCIIInt-EraseBytes- DE: "\006\000\000\000"-
#1860	REDUCE cov: 123 ft: 495 corp: 56/10002b lim: 333 exec/s: 0 rss: 29Mb L: 213/333 MS: 1 EraseBytes-
#1868	REDUCE cov: 123 ft: 495 corp: 56/9995b lim: 333 exec/s: 0 rss: 29Mb L: 131/333 MS: 3 PersAutoDict-EraseBytes-InsertRepeatedBytes- DE: "\001\000\000\010"-
#1943	REDUCE cov: 123 ft: 495 corp: 56/9994b lim: 333 exec/s: 0 rss: 29Mb L: 325/333 MS: 5 PersAutoDict-ShuffleBytes-EraseBytes-ChangeBit-CrossOver- DE: "dref"-
#1964	REDUCE cov: 123 ft: 495 corp: 56/9991b lim: 333 exec/s: 0 rss: 29Mb L: 17/333 MS: 1 EraseBytes-
#2027	REDUCE cov: 123 ft: 495 corp: 56/9990b lim: 333 exec/s: 0 rss: 29Mb L: 69/333 MS: 3 CrossOver-EraseBytes-PersAutoDict- DE: "hvcC"-
#2110	NEW    cov: 123 ft: 496 corp: 57/10259b lim: 333 exec/s: 0 rss: 29Mb L: 269/333 MS: 3 ChangeBit-CMP-CMP- DE: "\377\377U\027\363\272\311\350"-"urn "-
#2173	REDUCE cov: 123 ft: 496 corp: 57/10202b lim: 333 exec/s: 0 rss: 29Mb L: 94/333 MS: 3 ChangeBit-ShuffleBytes-EraseBytes-
#2264	NEW    cov: 123 ft: 500 corp: 58/10305b lim: 333 exec/s: 0 rss: 29Mb L: 103/333 MS: 1 CrossOver-
#2281	REDUCE cov: 123 ft: 500 corp: 58/10277b lim: 333 exec/s: 0 rss: 29Mb L: 75/333 MS: 2 ShuffleBytes-EraseBytes-
#2488	NEW    cov: 124 ft: 501 corp: 59/10605b lim: 333 exec/s: 0 rss: 29Mb L: 328/333 MS: 2 CMP-CrossOver- DE: "\001\023"-
#2556	REDUCE cov: 124 ft: 501 corp: 59/10602b lim: 333 exec/s: 0 rss: 29Mb L: 152/333 MS: 3 CrossOver-ChangeByte-EraseBytes-
#2568	REDUCE cov: 124 ft: 501 corp: 59/10571b lim: 333 exec/s: 0 rss: 29Mb L: 179/333 MS: 2 CopyPart-EraseBytes-
#2746	REDUCE cov: 124 ft: 501 corp: 59/10533b lim: 333 exec/s: 0 rss: 29Mb L: 56/333 MS: 3 ChangeBit-CopyPart-EraseBytes-
#2769	REDUCE cov: 124 ft: 501 corp: 59/10484b lim: 333 exec/s: 0 rss: 29Mb L: 82/333 MS: 3 ShuffleBytes-ChangeBit-EraseBytes-
#2779	REDUCE cov: 124 ft: 501 corp: 59/10375b lim: 333 exec/s: 0 rss: 29Mb L: 41/333 MS: 5 ChangeByte-CrossOver-ChangeASCIIInt-ChangeByte-CrossOver-
#2941	REDUCE cov: 124 ft: 501 corp: 59/10362b lim: 333 exec/s: 0 rss: 29Mb L: 62/333 MS: 2 PersAutoDict-EraseBytes- DE: "\000\000\000\000\000\000\000\000"-
#3009	REDUCE cov: 124 ft: 501 corp: 59/10349b lim: 333 exec/s: 0 rss: 29Mb L: 139/333 MS: 3 PersAutoDict-CMP-EraseBytes- DE: "dref"-"\017\000\000\000\000\000\000\000"-
#3016	REDUCE cov: 124 ft: 501 corp: 59/10347b lim: 333 exec/s: 0 rss: 29Mb L: 37/333 MS: 2 ChangeBinInt-EraseBytes-
#3115	REDUCE cov: 124 ft: 501 corp: 59/10324b lim: 333 exec/s: 0 rss: 29Mb L: 46/333 MS: 4 EraseBytes-ShuffleBytes-ChangeByte-PersAutoDict- DE: "\000\000V\027\367!U\340"-
#3184	REDUCE cov: 124 ft: 501 corp: 59/10221b lim: 333 exec/s: 0 rss: 29Mb L: 110/333 MS: 4 ChangeBinInt-CMP-PersAutoDict-EraseBytes- DE: "\000\032"-"\017\000\000\000\000\000\000\000"-
#3210	REDUCE cov: 124 ft: 501 corp: 59/10057b lim: 333 exec/s: 0 rss: 29Mb L: 105/333 MS: 1 CrossOver-
#3323	REDUCE cov: 124 ft: 501 corp: 59/10052b lim: 333 exec/s: 0 rss: 29Mb L: 36/333 MS: 3 InsertByte-CMP-EraseBytes- DE: "\275^\034\370W\231\306P"-
#3345	REDUCE cov: 124 ft: 501 corp: 59/10048b lim: 333 exec/s: 0 rss: 29Mb L: 32/333 MS: 2 ChangeASCIIInt-EraseBytes-
#3456	REDUCE cov: 124 ft: 501 corp: 59/10031b lim: 333 exec/s: 0 rss: 29Mb L: 88/333 MS: 1 EraseBytes-
#3479	REDUCE cov: 124 ft: 501 corp: 59/9980b lim: 333 exec/s: 0 rss: 29Mb L: 242/333 MS: 3 CopyPart-ChangeBit-EraseBytes-
#3482	REDUCE cov: 124 ft: 501 corp: 59/9907b lim: 333 exec/s: 0 rss: 29Mb L: 106/333 MS: 3 ChangeBit-ChangeASCIIInt-EraseBytes-
#3544	REDUCE cov: 124 ft: 501 corp: 59/9899b lim: 333 exec/s: 0 rss: 29Mb L: 74/333 MS: 2 InsertByte-CrossOver-
#3848	REDUCE cov: 124 ft: 501 corp: 59/9894b lim: 333 exec/s: 0 rss: 29Mb L: 83/333 MS: 4 ChangeBinInt-ShuffleBytes-InsertByte-EraseBytes-
#3930	REDUCE cov: 124 ft: 501 corp: 59/9887b lim: 333 exec/s: 0 rss: 29Mb L: 67/333 MS: 2 ChangeByte-EraseBytes-
#3936	REDUCE cov: 124 ft: 501 corp: 59/9843b lim: 333 exec/s: 0 rss: 29Mb L: 144/333 MS: 1 CrossOver-
#4044	REDUCE cov: 124 ft: 501 corp: 59/9723b lim: 333 exec/s: 0 rss: 29Mb L: 182/333 MS: 3 CMP-EraseBytes-InsertByte- DE: "avcC"-
#4108	REDUCE cov: 124 ft: 501 corp: 59/9463b lim: 333 exec/s: 0 rss: 29Mb L: 16/333 MS: 4 EraseBytes-PersAutoDict-EraseBytes-CrossOver- DE: "\377\377\377\037"-
#4245	REDUCE cov: 124 ft: 501 corp: 59/9457b lim: 333 exec/s: 0 rss: 29Mb L: 26/333 MS: 2 ChangeBinInt-EraseBytes-
#4369	REDUCE cov: 124 ft: 501 corp: 59/9450b lim: 333 exec/s: 0 rss: 29Mb L: 76/333 MS: 4 CopyPart-InsertRepeatedBytes-CrossOver-PersAutoDict- DE: "urn "-
#4505	REDUCE cov: 124 ft: 501 corp: 59/9424b lim: 333 exec/s: 0 rss: 29Mb L: 50/333 MS: 1 EraseBytes-
#4557	REDUCE cov: 124 ft: 501 corp: 59/9384b lim: 333 exec/s: 0 rss: 29Mb L: 202/333 MS: 2 ChangeBinInt-EraseBytes-
#4618	NEW    cov: 124 ft: 502 corp: 60/9657b lim: 333 exec/s: 0 rss: 29Mb L: 273/333 MS: 1 ShuffleBytes-
#4625	NEW    cov: 124 ft: 503 corp: 61/9930b lim: 333 exec/s: 0 rss: 29Mb L: 273/333 MS: 2 ChangeASCIIInt-ChangeBit-
#4647	REDUCE cov: 124 ft: 503 corp: 61/9929b lim: 333 exec/s: 0 rss: 29Mb L: 45/333 MS: 2 PersAutoDict-EraseBytes- DE: "hvcC"-
#4683	REDUCE cov: 124 ft: 503 corp: 61/9925b lim: 333 exec/s: 0 rss: 29Mb L: 41/333 MS: 1 EraseBytes-
#5100	REDUCE cov: 124 ft: 503 corp: 61/9922b lim: 333 exec/s: 0 rss: 29Mb L: 53/333 MS: 2 ChangeByte-EraseBytes-
#5261	REDUCE cov: 124 ft: 503 corp: 61/9908b lim: 333 exec/s: 0 rss: 29Mb L: 48/333 MS: 1 EraseBytes-
#5362	REDUCE cov: 124 ft: 503 corp: 61/9901b lim: 333 exec/s: 0 rss: 29Mb L: 41/333 MS: 1 EraseBytes-
#5368	REDUCE cov: 124 ft: 503 corp: 61/9889b lim: 333 exec/s: 0 rss: 29Mb L: 14/333 MS: 1 EraseBytes-
#5742	REDUCE cov: 124 ft: 503 corp: 61/9887b lim: 333 exec/s: 0 rss: 29Mb L: 12/333 MS: 4 CMP-ChangeByte-InsertRepeatedBytes-EraseBytes- DE: "schi"-
#5812	REDUCE cov: 124 ft: 503 corp: 61/9872b lim: 333 exec/s: 0 rss: 29Mb L: 26/333 MS: 5 ShuffleBytes-ChangeByte-CMP-CMP-EraseBytes- DE: "\020\000\000\000"-"strk"-
#5989	REDUCE cov: 124 ft: 503 corp: 61/9846b lim: 333 exec/s: 0 rss: 29Mb L: 84/333 MS: 2 ChangeBit-EraseBytes-
#6054	REDUCE cov: 124 ft: 503 corp: 61/9839b lim: 333 exec/s: 0 rss: 29Mb L: 318/333 MS: 5 ChangeByte-ChangeByte-PersAutoDict-InsertByte-EraseBytes- DE: "avcC"-
#6284	REDUCE cov: 124 ft: 503 corp: 61/9835b lim: 333 exec/s: 0 rss: 29Mb L: 46/333 MS: 5 InsertRepeatedBytes-CrossOver-EraseBytes-ChangeBit-ChangeByte-
#6503	REDUCE cov: 124 ft: 503 corp: 61/9743b lim: 333 exec/s: 6503 rss: 29Mb L: 121/333 MS: 4 InsertRepeatedBytes-PersAutoDict-InsertRepeatedBytes-EraseBytes- DE: "avcC"-
#6560	REDUCE cov: 124 ft: 503 corp: 61/9742b lim: 333 exec/s: 6560 rss: 29Mb L: 57/333 MS: 2 CopyPart-EraseBytes-
#6781	REDUCE cov: 124 ft: 503 corp: 61/9741b lim: 333 exec/s: 6781 rss: 29Mb L: 11/333 MS: 1 EraseBytes-
#6782	REDUCE cov: 124 ft: 503 corp: 61/9727b lim: 333 exec/s: 6782 rss: 29Mb L: 169/333 MS: 1 EraseBytes-
#6793	REDUCE cov: 124 ft: 503 corp: 61/9723b lim: 333 exec/s: 6793 rss: 29Mb L: 310/333 MS: 1 CrossOver-
#6805	REDUCE cov: 124 ft: 503 corp: 61/9698b lim: 333 exec/s: 6805 rss: 29Mb L: 42/333 MS: 2 PersAutoDict-EraseBytes- DE: "\001\000\000\010"-
#6822	REDUCE cov: 124 ft: 503 corp: 61/9696b lim: 333 exec/s: 6822 rss: 29Mb L: 37/333 MS: 2 ChangeBit-EraseBytes-
#6972	REDUCE cov: 124 ft: 503 corp: 61/9623b lim: 333 exec/s: 6972 rss: 29Mb L: 158/333 MS: 5 ChangeASCIIInt-ChangeByte-CopyPart-ShuffleBytes-EraseBytes-
#7103	REDUCE cov: 124 ft: 503 corp: 61/9563b lim: 333 exec/s: 7103 rss: 29Mb L: 84/333 MS: 1 EraseBytes-
#7215	REDUCE cov: 124 ft: 503 corp: 61/9560b lim: 333 exec/s: 7215 rss: 29Mb L: 8/333 MS: 2 CopyPart-EraseBytes-
#7252	REDUCE cov: 124 ft: 503 corp: 61/9554b lim: 333 exec/s: 7252 rss: 29Mb L: 47/333 MS: 2 ShuffleBytes-EraseBytes-
#7418	REDUCE cov: 124 ft: 503 corp: 61/9546b lim: 333 exec/s: 7418 rss: 29Mb L: 150/333 MS: 1 EraseBytes-
#7563	REDUCE cov: 124 ft: 503 corp: 61/9533b lim: 333 exec/s: 7563 rss: 29Mb L: 33/333 MS: 5 CrossOver-ChangeBit-ChangeBinInt-ChangeBinInt-EraseBytes-
#7650	REDUCE cov: 124 ft: 503 corp: 61/9504b lim: 333 exec/s: 7650 rss: 29Mb L: 277/333 MS: 2 CopyPart-EraseBytes-
#7752	NEW    cov: 125 ft: 504 corp: 62/9837b lim: 333 exec/s: 7752 rss: 29Mb L: 333/333 MS: 2 ChangeByte-ChangeBit-
#7881	REDUCE cov: 125 ft: 504 corp: 62/9832b lim: 333 exec/s: 7881 rss: 29Mb L: 206/333 MS: 4 ChangeBit-ChangeBinInt-PersAutoDict-CrossOver- DE: "schi"-
#8029	REDUCE cov: 125 ft: 505 corp: 63/10098b lim: 333 exec/s: 8029 rss: 29Mb L: 266/333 MS: 3 ChangeBit-InsertRepeatedBytes-CopyPart-
#8094	REDUCE cov: 125 ft: 505 corp: 63/10097b lim: 333 exec/s: 8094 rss: 29Mb L: 25/333 MS: 5 CMP-CrossOver-ChangeByte-ChangeByte-CrossOver- DE: "!\000"-
#8146	REDUCE cov: 125 ft: 505 corp: 63/10078b lim: 333 exec/s: 8146 rss: 29Mb L: 181/333 MS: 2 CMP-EraseBytes- DE: "!\000"-
#8373	REDUCE cov: 125 ft: 505 corp: 63/10074b lim: 333 exec/s: 8373 rss: 29Mb L: 22/333 MS: 2 InsertByte-EraseBytes-
#8661	NEW    cov: 125 ft: 511 corp: 64/10347b lim: 333 exec/s: 8661 rss: 29Mb L: 273/333 MS: 3 CrossOver-ChangeBinInt-CMP- DE: "\001\000{)\300\003\374\200"-
#8755	REDUCE cov: 125 ft: 511 corp: 64/10345b lim: 333 exec/s: 8755 rss: 29Mb L: 35/333 MS: 4 ShuffleBytes-EraseBytes-ShuffleBytes-CMP- DE: "pm6o"-
#8767	REDUCE cov: 125 ft: 511 corp: 64/10331b lim: 333 exec/s: 8767 rss: 29Mb L: 238/333 MS: 2 InsertRepeatedBytes-EraseBytes-
#8988	REDUCE cov: 125 ft: 511 corp: 64/10218b lim: 333 exec/s: 8988 rss: 29Mb L: 62/333 MS: 1 CrossOver-
#8994	REDUCE cov: 125 ft: 511 corp: 64/10199b lim: 333 exec/s: 8994 rss: 29Mb L: 254/333 MS: 1 EraseBytes-
#9257	REDUCE cov: 125 ft: 511 corp: 64/10132b lim: 333 exec/s: 9257 rss: 29Mb L: 266/333 MS: 3 CopyPart-ShuffleBytes-EraseBytes-
#9414	REDUCE cov: 125 ft: 511 corp: 64/10110b lim: 333 exec/s: 9414 rss: 29Mb L: 180/333 MS: 2 ChangeBinInt-CrossOver-
#9566	NEW    cov: 125 ft: 512 corp: 65/10415b lim: 333 exec/s: 9566 rss: 29Mb L: 305/333 MS: 2 ShuffleBytes-EraseBytes-
#9757	REDUCE cov: 125 ft: 512 corp: 65/10402b lim: 333 exec/s: 9757 rss: 29Mb L: 71/333 MS: 1 EraseBytes-
#9919	REDUCE cov: 125 ft: 512 corp: 65/10370b lim: 333 exec/s: 9919 rss: 29Mb L: 267/333 MS: 2 CrossOver-EraseBytes-
#9926	REDUCE cov: 125 ft: 512 corp: 65/10369b lim: 333 exec/s: 9926 rss: 29Mb L: 84/333 MS: 2 ShuffleBytes-EraseBytes-
#10029	REDUCE cov: 125 ft: 512 corp: 65/10368b lim: 333 exec/s: 10029 rss: 29Mb L: 157/333 MS: 3 ChangeBit-InsertByte-EraseBytes-
#10270	REDUCE cov: 125 ft: 512 corp: 65/10367b lim: 333 exec/s: 10270 rss: 29Mb L: 9/333 MS: 1 EraseBytes-
#10601	REDUCE cov: 125 ft: 512 corp: 65/10364b lim: 333 exec/s: 10601 rss: 29Mb L: 263/333 MS: 1 CrossOver-
#10654	REDUCE cov: 125 ft: 512 corp: 65/10333b lim: 333 exec/s: 10654 rss: 29Mb L: 236/333 MS: 3 CMP-PersAutoDict-CrossOver- DE: "schm"-"\020\000\000\000"-
#10863	REDUCE cov: 125 ft: 512 corp: 65/10329b lim: 333 exec/s: 10863 rss: 29Mb L: 269/333 MS: 4 ShuffleBytes-InsertByte-PersAutoDict-EraseBytes- DE: "\000\000\000\000\000\000\000\000"-
#10905	NEW    cov: 125 ft: 521 corp: 66/10618b lim: 333 exec/s: 10905 rss: 29Mb L: 289/333 MS: 2 PersAutoDict-InsertRepeatedBytes- DE: "schm"-
#11441	REDUCE cov: 125 ft: 521 corp: 66/10593b lim: 333 exec/s: 11441 rss: 29Mb L: 46/333 MS: 1 EraseBytes-
#11547	REDUCE cov: 125 ft: 521 corp: 66/10579b lim: 333 exec/s: 11547 rss: 29Mb L: 33/333 MS: 1 CrossOver-
#11561	REDUCE cov: 125 ft: 521 corp: 66/10558b lim: 333 exec/s: 11561 rss: 29Mb L: 68/333 MS: 4 ChangeByte-CopyPart-EraseBytes-CMP- DE: "\377\377\377\377\377\377\377\177"-
#11703	REDUCE cov: 125 ft: 521 corp: 66/10545b lim: 333 exec/s: 11703 rss: 29Mb L: 264/333 MS: 2 InsertRepeatedBytes-EraseBytes-
#11958	REDUCE cov: 125 ft: 521 corp: 66/10544b lim: 333 exec/s: 11958 rss: 29Mb L: 321/333 MS: 5 PersAutoDict-CopyPart-CopyPart-EraseBytes-InsertByte- DE: "\001\000{)\300\003\374\200"-
#12334	REDUCE cov: 125 ft: 521 corp: 66/10527b lim: 333 exec/s: 12334 rss: 30Mb L: 67/333 MS: 1 EraseBytes-
#12447	REDUCE cov: 125 ft: 521 corp: 66/10518b lim: 333 exec/s: 12447 rss: 30Mb L: 97/333 MS: 3 InsertByte-EraseBytes-InsertRepeatedBytes-
#12489	REDUCE cov: 125 ft: 521 corp: 66/10470b lim: 333 exec/s: 12489 rss: 30Mb L: 145/333 MS: 2 PersAutoDict-EraseBytes- DE: "\006\000\000\000"-
#12575	REDUCE cov: 125 ft: 521 corp: 66/10469b lim: 333 exec/s: 12575 rss: 30Mb L: 180/333 MS: 1 EraseBytes-
#12636	REDUCE cov: 125 ft: 521 corp: 66/10389b lim: 333 exec/s: 12636 rss: 30Mb L: 102/333 MS: 1 EraseBytes-
#12707	REDUCE cov: 125 ft: 521 corp: 66/10387b lim: 333 exec/s: 12707 rss: 30Mb L: 31/333 MS: 1 EraseBytes-
#12881	REDUCE cov: 125 ft: 521 corp: 66/10323b lim: 333 exec/s: 12881 rss: 30Mb L: 86/333 MS: 4 ShuffleBytes-ChangeASCIIInt-ChangeByte-EraseBytes-
#13087	REDUCE cov: 125 ft: 521 corp: 66/10310b lim: 333 exec/s: 13087 rss: 30Mb L: 256/333 MS: 1 CrossOver-
#13151	REDUCE cov: 125 ft: 521 corp: 66/10306b lim: 333 exec/s: 13151 rss: 30Mb L: 27/333 MS: 4 ChangeByte-ChangeASCIIInt-ChangeBit-EraseBytes-
#13437	REDUCE cov: 125 ft: 521 corp: 66/10288b lim: 333 exec/s: 6718 rss: 30Mb L: 255/333 MS: 1 CrossOver-
#13525	REDUCE cov: 125 ft: 521 corp: 66/10275b lim: 333 exec/s: 6762 rss: 30Mb L: 29/333 MS: 3 ChangeByte-ChangeASCIIInt-EraseBytes-
#13712	REDUCE cov: 125 ft: 521 corp: 66/10268b lim: 333 exec/s: 6856 rss: 30Mb L: 20/333 MS: 2 PersAutoDict-EraseBytes- DE: "dref"-
#14038	REDUCE cov: 125 ft: 521 corp: 66/10261b lim: 333 exec/s: 7019 rss: 30Mb L: 62/333 MS: 1 EraseBytes-
#14080	REDUCE cov: 125 ft: 521 corp: 66/10253b lim: 333 exec/s: 7040 rss: 30Mb L: 137/333 MS: 2 ChangeBinInt-CrossOver-
#14201	NEW    cov: 125 ft: 522 corp: 67/10586b lim: 333 exec/s: 7100 rss: 30Mb L: 333/333 MS: 1 ChangeBit-
#15277	REDUCE cov: 125 ft: 522 corp: 67/10561b lim: 341 exec/s: 7638 rss: 30Mb L: 51/333 MS: 1 EraseBytes-
#15644	REDUCE cov: 125 ft: 522 corp: 67/10559b lim: 341 exec/s: 7822 rss: 30Mb L: 49/333 MS: 2 CrossOver-EraseBytes-
#15752	REDUCE cov: 125 ft: 522 corp: 67/10518b lim: 341 exec/s: 7876 rss: 30Mb L: 215/333 MS: 3 ShuffleBytes-CMP-CrossOver- DE: "hdlr"-
#16384	pulse  cov: 125 ft: 522 corp: 67/10518b lim: 341 exec/s: 8192 rss: 30Mb
#16782	REDUCE cov: 125 ft: 522 corp: 67/10486b lim: 349 exec/s: 8391 rss: 30Mb L: 164/333 MS: 5 CrossOver-EraseBytes-ChangeBinInt-PersAutoDict-CrossOver- DE: "\377\377\377\037"-
#17305	REDUCE cov: 125 ft: 522 corp: 67/10481b lim: 349 exec/s: 8652 rss: 30Mb L: 175/333 MS: 3 ChangeBinInt-CrossOver-EraseBytes-
#17868	REDUCE cov: 125 ft: 522 corp: 67/10473b lim: 349 exec/s: 8934 rss: 30Mb L: 21/333 MS: 3 ChangeBinInt-ShuffleBytes-EraseBytes-
#17964	REDUCE cov: 125 ft: 522 corp: 67/10361b lim: 349 exec/s: 8982 rss: 30Mb L: 153/333 MS: 1 EraseBytes-
#18114	REDUCE cov: 125 ft: 522 corp: 67/10360b lim: 349 exec/s: 9057 rss: 30Mb L: 19/333 MS: 5 ChangeBinInt-ChangeByte-ChangeASCIIInt-PersAutoDict-EraseBytes- DE: "\001\000\000\010"-
#18195	REDUCE cov: 125 ft: 522 corp: 67/10357b lim: 349 exec/s: 9097 rss: 30Mb L: 19/333 MS: 1 EraseBytes-
#18507	REDUCE cov: 125 ft: 522 corp: 67/10353b lim: 349 exec/s: 9253 rss: 30Mb L: 17/333 MS: 2 InsertByte-EraseBytes-
#18808	REDUCE cov: 125 ft: 522 corp: 67/10352b lim: 349 exec/s: 9404 rss: 30Mb L: 34/333 MS: 1 EraseBytes-
#18846	REDUCE cov: 125 ft: 522 corp: 67/10330b lim: 349 exec/s: 9423 rss: 30Mb L: 296/333 MS: 3 CMP-PersAutoDict-EraseBytes- DE: "\377\377\377\377\377\377\377\003"-"\377\377\377\377\377\377\377\177"-
#19041	REDUCE cov: 125 ft: 522 corp: 67/10329b lim: 349 exec/s: 9520 rss: 30Mb L: 33/333 MS: 5 PersAutoDict-ChangeBit-ChangeByte-CopyPart-EraseBytes- DE: "\377\377\377\377\377\377\377\003"-
#19052	REDUCE cov: 125 ft: 522 corp: 67/10289b lim: 349 exec/s: 9526 rss: 30Mb L: 62/333 MS: 1 EraseBytes-
#19262	REDUCE cov: 125 ft: 522 corp: 67/10287b lim: 349 exec/s: 9631 rss: 30Mb L: 82/333 MS: 5 ChangeASCIIInt-ChangeASCIIInt-InsertRepeatedBytes-ChangeBinInt-EraseBytes-
#19299	REDUCE cov: 125 ft: 522 corp: 67/10281b lim: 349 exec/s: 9649 rss: 30Mb L: 80/333 MS: 2 PersAutoDict-EraseBytes- DE: "dref"-
#19505	REDUCE cov: 125 ft: 522 corp: 67/10251b lim: 349 exec/s: 9752 rss: 30Mb L: 243/333 MS: 1 EraseBytes-
#19696	REDUCE cov: 125 ft: 522 corp: 67/10246b lim: 349 exec/s: 9848 rss: 30Mb L: 57/333 MS: 1 EraseBytes-
#19957	REDUCE cov: 125 ft: 522 corp: 67/10245b lim: 349 exec/s: 6652 rss: 586Mb L: 253/333 MS: 1 EraseBytes-
#20708	REDUCE cov: 125 ft: 522 corp: 67/10219b lim: 349 exec/s: 6902 rss: 586Mb L: 302/333 MS: 1 CrossOver-
#20845	REDUCE cov: 125 ft: 523 corp: 68/10503b lim: 349 exec/s: 6948 rss: 586Mb L: 284/333 MS: 2 PersAutoDict-CopyPart- DE: "\377\377\377\377\377\377\377\177"-
#21054	NEW    cov: 125 ft: 524 corp: 69/10767b lim: 349 exec/s: 7018 rss: 586Mb L: 264/333 MS: 4 PersAutoDict-ChangeBinInt-CrossOver-EraseBytes- DE: "\377\377\377\037"-
#21056	REDUCE cov: 125 ft: 524 corp: 69/10761b lim: 349 exec/s: 7018 rss: 586Mb L: 11/333 MS: 2 ChangeByte-EraseBytes-
#21147	REDUCE cov: 125 ft: 524 corp: 69/10752b lim: 349 exec/s: 7049 rss: 586Mb L: 40/333 MS: 1 EraseBytes-
#21356	REDUCE cov: 125 ft: 524 corp: 69/10740b lim: 349 exec/s: 7118 rss: 586Mb L: 163/333 MS: 4 ChangeBinInt-ChangeByte-EraseBytes-CrossOver-
#21442	REDUCE cov: 125 ft: 524 corp: 69/10724b lim: 349 exec/s: 7147 rss: 586Mb L: 137/333 MS: 1 EraseBytes-
#21853	NEW    cov: 125 ft: 525 corp: 70/10981b lim: 349 exec/s: 7284 rss: 586Mb L: 257/333 MS: 1 EraseBytes-
#22035	REDUCE cov: 125 ft: 525 corp: 70/10977b lim: 349 exec/s: 7345 rss: 586Mb L: 280/333 MS: 2 PersAutoDict-EraseBytes- DE: "strk"-
#22549	REDUCE cov: 125 ft: 525 corp: 70/10968b lim: 349 exec/s: 7516 rss: 586Mb L: 293/333 MS: 4 ChangeBinInt-ChangeBinInt-ShuffleBytes-EraseBytes-
#22567	REDUCE cov: 125 ft: 525 corp: 70/10926b lim: 349 exec/s: 7522 rss: 586Mb L: 291/333 MS: 3 PersAutoDict-CMP-EraseBytes- DE: "hvcC"-"fiin"-
#22918	REDUCE cov: 125 ft: 525 corp: 70/10898b lim: 349 exec/s: 7639 rss: 586Mb L: 261/333 MS: 1 EraseBytes-
#23000	REDUCE cov: 125 ft: 525 corp: 70/10879b lim: 349 exec/s: 7666 rss: 586Mb L: 261/333 MS: 2 PersAutoDict-EraseBytes- DE: "\000\000\000\000\000\000\000\000"-
#23086	REDUCE cov: 125 ft: 525 corp: 70/10876b lim: 349 exec/s: 7695 rss: 586Mb L: 59/333 MS: 1 EraseBytes-
#23325	REDUCE cov: 125 ft: 525 corp: 70/10872b lim: 349 exec/s: 7775 rss: 586Mb L: 159/333 MS: 4 InsertRepeatedBytes-PersAutoDict-CrossOver-EraseBytes- DE: "\000\032"-
#23426	REDUCE cov: 125 ft: 525 corp: 70/10866b lim: 349 exec/s: 7808 rss: 586Mb L: 61/333 MS: 1 EraseBytes-
#24219	REDUCE cov: 125 ft: 525 corp: 70/10853b lim: 349 exec/s: 6054 rss: 586Mb L: 225/333 MS: 3 InsertRepeatedBytes-CopyPart-EraseBytes-
#24507	REDUCE cov: 125 ft: 525 corp: 70/10781b lim: 349 exec/s: 6126 rss: 586Mb L: 164/333 MS: 3 ChangeBinInt-ChangeBinInt-EraseBytes-
==471644== ERROR: libFuzzer: out-of-memory (used: 1450Mb; limit: 1024Mb)
   To change the out-of-memory limit use -rss_limit_mb=<N>

MS: 3 ChangeBinInt-ChangeByte-InsertRepeatedBytes-; base unit: db9fb273ae5501c29212dc4b1bafa4b91e0b498d
artifact_prefix='/results/crashes/20260313_164936_1a5afda9_'; Test unit written to /results/crashes/20260313_164936_1a5afda9_oom-938e2733725b525e31a1f565a7e80c4d2237292c
SUMMARY: libFuzzer: out-of-memory
stat::number_of_executed_units: 24635
stat::average_exec_per_sec:     4927
stat::new_units_added:          217
stat::slowest_unit_time_sec:    0
stat::peak_rss_mb:              1450
