INFO: Running with entropic power schedule (0xFF, 100).
INFO: Seed: 2489303086
INFO: Loaded 1 modules   (252 inline 8-bit counters): 252 [0x651e3d3f2678, 0x651e3d3f2774), 
INFO: Loaded 1 PC tables (252 PCs): 252 [0x651e3d3f2778,0x651e3d3f3738), 
INFO:        4 files found in /tmp/corpus_20260313_151150_e34b886e
INFO: seed corpus: files: 4 min: 48b max: 333b total: 853b rss: 28Mb
#5	INITED cov: 117 ft: 250 corp: 4/853b exec/s: 0 rss: 29Mb
#9	NEW    cov: 119 ft: 259 corp: 5/1077b lim: 333 exec/s: 0 rss: 29Mb L: 224/333 MS: 4 ChangeByte-CMP-ShuffleBytes-CMP- DE: "o\357\\R\036e\000\000"-"tapt"-
#12	NEW    cov: 119 ft: 260 corp: 6/1329b lim: 333 exec/s: 0 rss: 29Mb L: 252/333 MS: 3 ShuffleBytes-PersAutoDict-ChangeBinInt- DE: "tapt"-
#14	NEW    cov: 119 ft: 261 corp: 7/1553b lim: 333 exec/s: 0 rss: 29Mb L: 224/333 MS: 2 ShuffleBytes-CrossOver-
#20	NEW    cov: 119 ft: 272 corp: 8/1665b lim: 333 exec/s: 0 rss: 29Mb L: 112/333 MS: 1 InsertRepeatedBytes-
#22	NEW    cov: 119 ft: 273 corp: 9/1948b lim: 333 exec/s: 0 rss: 29Mb L: 283/333 MS: 2 CrossOver-InsertRepeatedBytes-
#23	NEW    cov: 119 ft: 275 corp: 10/2155b lim: 333 exec/s: 0 rss: 29Mb L: 207/333 MS: 1 CrossOver-
#25	NEW    cov: 119 ft: 278 corp: 11/2289b lim: 333 exec/s: 0 rss: 29Mb L: 134/333 MS: 2 ShuffleBytes-EraseBytes-
#27	NEW    cov: 119 ft: 289 corp: 12/2451b lim: 333 exec/s: 0 rss: 29Mb L: 162/333 MS: 2 InsertRepeatedBytes-EraseBytes-
#28	NEW    cov: 119 ft: 299 corp: 13/2660b lim: 333 exec/s: 0 rss: 29Mb L: 209/333 MS: 1 InsertRepeatedBytes-
#33	NEW    cov: 119 ft: 308 corp: 14/2974b lim: 333 exec/s: 0 rss: 29Mb L: 314/333 MS: 5 ChangeByte-CopyPart-ShuffleBytes-CrossOver-InsertRepeatedBytes-
#35	REDUCE cov: 119 ft: 308 corp: 14/2970b lim: 333 exec/s: 0 rss: 29Mb L: 279/333 MS: 2 ChangeBinInt-EraseBytes-
#37	NEW    cov: 120 ft: 310 corp: 15/3285b lim: 333 exec/s: 0 rss: 29Mb L: 315/333 MS: 2 ShuffleBytes-InsertByte-
#38	NEW    cov: 120 ft: 324 corp: 16/3505b lim: 333 exec/s: 0 rss: 29Mb L: 220/333 MS: 1 ChangeBit-
#46	NEW    cov: 120 ft: 326 corp: 17/3745b lim: 333 exec/s: 0 rss: 29Mb L: 240/333 MS: 3 InsertRepeatedBytes-InsertRepeatedBytes-EraseBytes-
#50	NEW    cov: 120 ft: 335 corp: 18/3970b lim: 333 exec/s: 0 rss: 29Mb L: 225/333 MS: 4 ChangeBit-PersAutoDict-InsertByte-CrossOver- DE: "tapt"-
#52	NEW    cov: 121 ft: 336 corp: 19/4303b lim: 333 exec/s: 0 rss: 29Mb L: 333/333 MS: 2 ChangeBinInt-ChangeBit-
#58	REDUCE cov: 121 ft: 336 corp: 19/4287b lim: 333 exec/s: 0 rss: 29Mb L: 209/333 MS: 1 EraseBytes-
#60	NEW    cov: 121 ft: 374 corp: 20/4318b lim: 333 exec/s: 0 rss: 29Mb L: 31/333 MS: 2 ChangeBit-CrossOver-
#70	REDUCE cov: 121 ft: 378 corp: 21/4628b lim: 333 exec/s: 0 rss: 29Mb L: 310/333 MS: 5 ChangeByte-ChangeBinInt-PersAutoDict-ChangeByte-InsertRepeatedBytes- DE: "o\357\\R\036e\000\000"-
#74	NEW    cov: 121 ft: 379 corp: 22/4798b lim: 333 exec/s: 0 rss: 29Mb L: 170/333 MS: 4 ChangeBit-ChangeBit-EraseBytes-PersAutoDict- DE: "o\357\\R\036e\000\000"-
#75	REDUCE cov: 121 ft: 379 corp: 22/4778b lim: 333 exec/s: 0 rss: 29Mb L: 150/333 MS: 1 EraseBytes-
#76	NEW    cov: 121 ft: 383 corp: 23/4826b lim: 333 exec/s: 0 rss: 29Mb L: 48/333 MS: 1 CopyPart-
#77	NEW    cov: 121 ft: 384 corp: 24/5126b lim: 333 exec/s: 0 rss: 29Mb L: 300/333 MS: 1 CrossOver-
#79	REDUCE cov: 121 ft: 384 corp: 24/5101b lim: 333 exec/s: 0 rss: 29Mb L: 308/333 MS: 2 ChangeBit-EraseBytes-
#85	NEW    cov: 121 ft: 396 corp: 25/5325b lim: 333 exec/s: 0 rss: 29Mb L: 224/333 MS: 1 ChangeByte-
#95	NEW    cov: 121 ft: 401 corp: 26/5377b lim: 333 exec/s: 0 rss: 29Mb L: 52/333 MS: 5 ChangeBit-ChangeASCIIInt-ShuffleBytes-ChangeBit-CMP- DE: "stts"-
#97	NEW    cov: 121 ft: 402 corp: 27/5433b lim: 333 exec/s: 0 rss: 29Mb L: 56/333 MS: 2 CrossOver-CMP- DE: "\037\000"-
#118	NEW    cov: 121 ft: 403 corp: 28/5598b lim: 333 exec/s: 0 rss: 29Mb L: 165/333 MS: 1 CrossOver-
#130	REDUCE cov: 121 ft: 404 corp: 29/5845b lim: 333 exec/s: 0 rss: 29Mb L: 247/333 MS: 2 ChangeByte-InsertRepeatedBytes-
#162	NEW    cov: 121 ft: 405 corp: 30/5953b lim: 333 exec/s: 0 rss: 29Mb L: 108/333 MS: 2 ShuffleBytes-CrossOver-
#164	NEW    cov: 121 ft: 423 corp: 31/5972b lim: 333 exec/s: 0 rss: 29Mb L: 19/333 MS: 2 CrossOver-CrossOver-
#172	NEW    cov: 121 ft: 428 corp: 32/6159b lim: 333 exec/s: 0 rss: 29Mb L: 187/333 MS: 3 InsertRepeatedBytes-EraseBytes-InsertByte-
#189	NEW    cov: 121 ft: 429 corp: 33/6179b lim: 333 exec/s: 0 rss: 29Mb L: 20/333 MS: 2 ChangeBinInt-InsertByte-
#192	REDUCE cov: 121 ft: 430 corp: 34/6235b lim: 333 exec/s: 0 rss: 29Mb L: 56/333 MS: 3 EraseBytes-ShuffleBytes-EraseBytes-
#210	NEW    cov: 121 ft: 434 corp: 35/6547b lim: 333 exec/s: 0 rss: 29Mb L: 312/333 MS: 3 ShuffleBytes-InsertByte-InsertByte-
#271	NEW    cov: 121 ft: 435 corp: 36/6612b lim: 333 exec/s: 0 rss: 29Mb L: 65/333 MS: 1 CopyPart-
#290	NEW    cov: 121 ft: 436 corp: 37/6640b lim: 333 exec/s: 0 rss: 29Mb L: 28/333 MS: 4 ChangeASCIIInt-InsertByte-PersAutoDict-ShuffleBytes- DE: "o\357\\R\036e\000\000"-
#308	NEW    cov: 121 ft: 437 corp: 38/6700b lim: 333 exec/s: 0 rss: 29Mb L: 60/333 MS: 3 ChangeBit-ChangeByte-EraseBytes-
#317	REDUCE cov: 121 ft: 437 corp: 38/6678b lim: 333 exec/s: 0 rss: 29Mb L: 165/333 MS: 4 ChangeBinInt-ShuffleBytes-CMP-EraseBytes- DE: "stsd"-
#327	REDUCE cov: 121 ft: 437 corp: 38/6531b lim: 333 exec/s: 0 rss: 29Mb L: 167/333 MS: 5 InsertByte-ShuffleBytes-ChangeBit-ChangeBinInt-EraseBytes-
#341	NEW    cov: 121 ft: 439 corp: 39/6824b lim: 333 exec/s: 0 rss: 29Mb L: 293/333 MS: 4 CrossOver-ChangeBinInt-ChangeASCIIInt-ChangeBit-
#387	NEW    cov: 121 ft: 440 corp: 40/7140b lim: 333 exec/s: 0 rss: 29Mb L: 316/333 MS: 1 InsertByte-
#414	REDUCE cov: 121 ft: 440 corp: 40/7119b lim: 333 exec/s: 0 rss: 29Mb L: 294/333 MS: 2 InsertByte-EraseBytes-
#431	NEW    cov: 121 ft: 441 corp: 41/7157b lim: 333 exec/s: 0 rss: 29Mb L: 38/333 MS: 2 InsertRepeatedBytes-EraseBytes-
#486	NEW    cov: 121 ft: 442 corp: 42/7346b lim: 333 exec/s: 0 rss: 29Mb L: 189/333 MS: 5 EraseBytes-ChangeBit-InsertByte-ShuffleBytes-InsertByte-
#519	NEW    cov: 121 ft: 443 corp: 43/7418b lim: 333 exec/s: 0 rss: 29Mb L: 72/333 MS: 3 ChangeBinInt-CopyPart-CopyPart-
#536	NEW    cov: 121 ft: 449 corp: 44/7730b lim: 333 exec/s: 0 rss: 29Mb L: 312/333 MS: 2 CopyPart-ChangeBinInt-
#582	REDUCE cov: 121 ft: 449 corp: 44/7654b lim: 333 exec/s: 0 rss: 29Mb L: 224/333 MS: 1 EraseBytes-
#588	REDUCE cov: 121 ft: 449 corp: 44/7624b lim: 333 exec/s: 0 rss: 29Mb L: 137/333 MS: 1 CrossOver-
#591	NEW    cov: 121 ft: 450 corp: 45/7865b lim: 333 exec/s: 0 rss: 29Mb L: 241/333 MS: 3 ChangeBinInt-EraseBytes-CrossOver-
#646	NEW    cov: 121 ft: 451 corp: 46/8182b lim: 333 exec/s: 0 rss: 29Mb L: 317/333 MS: 5 ChangeByte-ChangeBit-ChangeByte-InsertRepeatedBytes-ShuffleBytes-
#658	REDUCE cov: 121 ft: 451 corp: 46/8154b lim: 333 exec/s: 0 rss: 29Mb L: 196/333 MS: 2 ShuffleBytes-EraseBytes-
#689	NEW    cov: 121 ft: 463 corp: 47/8374b lim: 333 exec/s: 0 rss: 29Mb L: 220/333 MS: 1 ChangeByte-
#895	NEW    cov: 121 ft: 481 corp: 48/8385b lim: 333 exec/s: 0 rss: 29Mb L: 11/333 MS: 1 CrossOver-
#917	REDUCE cov: 121 ft: 481 corp: 48/8383b lim: 333 exec/s: 0 rss: 29Mb L: 163/333 MS: 2 ShuffleBytes-CrossOver-
#938	REDUCE cov: 121 ft: 481 corp: 48/8381b lim: 333 exec/s: 0 rss: 29Mb L: 29/333 MS: 1 EraseBytes-
#996	REDUCE cov: 121 ft: 481 corp: 48/8321b lim: 333 exec/s: 0 rss: 29Mb L: 219/333 MS: 3 ChangeByte-ChangeByte-EraseBytes-
#1060	NEW    cov: 122 ft: 482 corp: 49/8323b lim: 333 exec/s: 0 rss: 29Mb L: 2/333 MS: 4 CrossOver-EraseBytes-InsertRepeatedBytes-CrossOver-
#1064	NEW    cov: 124 ft: 484 corp: 50/8651b lim: 333 exec/s: 0 rss: 29Mb L: 328/333 MS: 4 CopyPart-ChangeBit-InsertByte-CrossOver-
#1091	REDUCE cov: 124 ft: 484 corp: 50/8649b lim: 333 exec/s: 0 rss: 29Mb L: 26/333 MS: 2 PersAutoDict-EraseBytes- DE: "\037\000"-
#1099	REDUCE cov: 124 ft: 484 corp: 50/8558b lim: 333 exec/s: 0 rss: 29Mb L: 46/333 MS: 3 InsertByte-ChangeBinInt-CrossOver-
#1170	REDUCE cov: 124 ft: 484 corp: 50/8528b lim: 333 exec/s: 0 rss: 29Mb L: 78/333 MS: 1 EraseBytes-
#1378	NEW    cov: 124 ft: 487 corp: 51/8572b lim: 333 exec/s: 0 rss: 29Mb L: 44/333 MS: 3 ChangeBit-CopyPart-EraseBytes-
#1392	REDUCE cov: 124 ft: 487 corp: 51/8565b lim: 333 exec/s: 0 rss: 29Mb L: 217/333 MS: 4 ChangeBit-ChangeByte-InsertRepeatedBytes-EraseBytes-
#1446	NEW    cov: 124 ft: 488 corp: 52/8832b lim: 333 exec/s: 0 rss: 29Mb L: 267/333 MS: 4 EraseBytes-ShuffleBytes-ChangeByte-CMP- DE: ",\000\000\000"-
#1463	REDUCE cov: 124 ft: 488 corp: 52/8830b lim: 333 exec/s: 0 rss: 29Mb L: 17/333 MS: 2 EraseBytes-CMP- DE: "\377\377\377]"-
#1533	REDUCE cov: 124 ft: 488 corp: 52/8825b lim: 333 exec/s: 0 rss: 29Mb L: 41/333 MS: 5 ShuffleBytes-ChangeBit-ChangeByte-InsertByte-EraseBytes-
#1535	REDUCE cov: 124 ft: 488 corp: 52/8810b lim: 333 exec/s: 0 rss: 29Mb L: 194/333 MS: 2 InsertByte-EraseBytes-
#1587	REDUCE cov: 124 ft: 488 corp: 52/8807b lim: 333 exec/s: 0 rss: 29Mb L: 305/333 MS: 2 ChangeByte-EraseBytes-
#1622	REDUCE cov: 124 ft: 488 corp: 52/8783b lim: 333 exec/s: 0 rss: 29Mb L: 223/333 MS: 5 ChangeBit-ChangeByte-CrossOver-EraseBytes-PersAutoDict- DE: "\037\000"-
#1653	NEW    cov: 124 ft: 501 corp: 53/9111b lim: 333 exec/s: 0 rss: 29Mb L: 328/333 MS: 1 CrossOver-
#1716	NEW    cov: 124 ft: 502 corp: 54/9440b lim: 333 exec/s: 0 rss: 29Mb L: 329/333 MS: 3 ChangeBit-CopyPart-InsertByte-
#1967	REDUCE cov: 124 ft: 502 corp: 54/9435b lim: 333 exec/s: 0 rss: 29Mb L: 73/333 MS: 1 EraseBytes-
#2045	REDUCE cov: 124 ft: 502 corp: 54/9434b lim: 333 exec/s: 0 rss: 29Mb L: 1/333 MS: 3 ShuffleBytes-ChangeByte-EraseBytes-
#2051	REDUCE cov: 124 ft: 502 corp: 54/9357b lim: 333 exec/s: 0 rss: 29Mb L: 228/333 MS: 1 EraseBytes-
#2053	REDUCE cov: 124 ft: 502 corp: 54/9353b lim: 333 exec/s: 0 rss: 29Mb L: 44/333 MS: 2 PersAutoDict-EraseBytes- DE: "o\357\\R\036e\000\000"-
#2054	REDUCE cov: 124 ft: 502 corp: 54/9349b lim: 333 exec/s: 0 rss: 29Mb L: 290/333 MS: 1 EraseBytes-
#2183	REDUCE cov: 124 ft: 502 corp: 54/9341b lim: 333 exec/s: 0 rss: 29Mb L: 215/333 MS: 4 ChangeBit-ChangeBinInt-InsertByte-EraseBytes-
#2225	NEW    cov: 124 ft: 503 corp: 55/9647b lim: 333 exec/s: 0 rss: 29Mb L: 306/333 MS: 2 CrossOver-CMP- DE: "\003\000\000\000\001\000\000\000"-
#2229	NEW    cov: 124 ft: 504 corp: 56/9980b lim: 333 exec/s: 0 rss: 29Mb L: 333/333 MS: 4 ChangeBinInt-ShuffleBytes-CMP-CrossOver- DE: "\010\000\000\000"-
#2251	REDUCE cov: 124 ft: 504 corp: 56/9948b lim: 333 exec/s: 0 rss: 29Mb L: 131/333 MS: 2 CopyPart-CrossOver-
#2392	REDUCE cov: 124 ft: 504 corp: 56/9914b lim: 333 exec/s: 0 rss: 29Mb L: 97/333 MS: 1 EraseBytes-
#2431	REDUCE cov: 124 ft: 504 corp: 56/9912b lim: 333 exec/s: 0 rss: 29Mb L: 70/333 MS: 4 ShuffleBytes-ChangeByte-InsertByte-EraseBytes-
#2450	NEW    cov: 124 ft: 505 corp: 57/10123b lim: 333 exec/s: 0 rss: 29Mb L: 211/333 MS: 4 CMP-PersAutoDict-ChangeBinInt-ChangeBit- DE: "rt V"-"\010\000\000\000"-
#2526	REDUCE cov: 124 ft: 505 corp: 57/10111b lim: 333 exec/s: 0 rss: 29Mb L: 316/333 MS: 1 CrossOver-
#2635	NEW    cov: 124 ft: 506 corp: 58/10119b lim: 333 exec/s: 0 rss: 29Mb L: 8/333 MS: 4 CopyPart-ChangeBinInt-EraseBytes-EraseBytes-
#2782	REDUCE cov: 124 ft: 506 corp: 58/10109b lim: 333 exec/s: 0 rss: 29Mb L: 31/333 MS: 2 ShuffleBytes-EraseBytes-
#2915	REDUCE cov: 124 ft: 506 corp: 58/10108b lim: 333 exec/s: 0 rss: 29Mb L: 25/333 MS: 3 InsertByte-ChangeByte-EraseBytes-
#2934	REDUCE cov: 124 ft: 506 corp: 58/10084b lim: 333 exec/s: 0 rss: 29Mb L: 172/333 MS: 4 ShuffleBytes-ChangeByte-ChangeBit-EraseBytes-
#2959	REDUCE cov: 124 ft: 506 corp: 58/10078b lim: 333 exec/s: 0 rss: 29Mb L: 144/333 MS: 5 ChangeByte-ChangeBit-ChangeBinInt-CrossOver-EraseBytes-
#3009	REDUCE cov: 124 ft: 506 corp: 58/10056b lim: 333 exec/s: 0 rss: 29Mb L: 48/333 MS: 5 ShuffleBytes-CopyPart-EraseBytes-CopyPart-InsertByte-
#3220	REDUCE cov: 124 ft: 506 corp: 58/10044b lim: 333 exec/s: 0 rss: 29Mb L: 85/333 MS: 1 EraseBytes-
#3281	NEW    cov: 124 ft: 507 corp: 59/10268b lim: 333 exec/s: 0 rss: 29Mb L: 224/333 MS: 1 PersAutoDict- DE: "\377\377\377]"-
#3302	REDUCE cov: 124 ft: 507 corp: 59/10263b lim: 333 exec/s: 0 rss: 29Mb L: 15/333 MS: 1 EraseBytes-
#3468	NEW    cov: 124 ft: 513 corp: 60/10553b lim: 333 exec/s: 0 rss: 29Mb L: 290/333 MS: 1 CopyPart-
#3501	REDUCE cov: 124 ft: 513 corp: 60/10548b lim: 333 exec/s: 0 rss: 29Mb L: 51/333 MS: 3 ChangeASCIIInt-InsertByte-EraseBytes-
#3859	REDUCE cov: 124 ft: 513 corp: 60/10545b lim: 333 exec/s: 0 rss: 29Mb L: 45/333 MS: 3 InsertByte-ChangeByte-EraseBytes-
#3909	REDUCE cov: 124 ft: 513 corp: 60/10527b lim: 333 exec/s: 0 rss: 29Mb L: 292/333 MS: 5 InsertRepeatedBytes-CMP-ShuffleBytes-CopyPart-EraseBytes- DE: "(\000\000\000"-
#4075	REDUCE cov: 124 ft: 513 corp: 60/10519b lim: 333 exec/s: 0 rss: 29Mb L: 320/333 MS: 1 EraseBytes-
#4162	REDUCE cov: 124 ft: 513 corp: 60/10479b lim: 333 exec/s: 0 rss: 29Mb L: 184/333 MS: 2 EraseBytes-InsertRepeatedBytes-
#4509	REDUCE cov: 124 ft: 513 corp: 60/10384b lim: 333 exec/s: 0 rss: 29Mb L: 238/333 MS: 2 ChangeByte-EraseBytes-
#4530	REDUCE cov: 124 ft: 513 corp: 60/10382b lim: 333 exec/s: 0 rss: 29Mb L: 110/333 MS: 1 EraseBytes-
#4564	REDUCE cov: 124 ft: 513 corp: 60/10381b lim: 333 exec/s: 0 rss: 29Mb L: 43/333 MS: 4 CMP-CrossOver-ChangeBinInt-EraseBytes- DE: "#\000\000\000"-
#4572	REDUCE cov: 124 ft: 513 corp: 60/10361b lim: 333 exec/s: 0 rss: 29Mb L: 124/333 MS: 3 PersAutoDict-ShuffleBytes-EraseBytes- DE: "tapt"-
#4648	REDUCE cov: 124 ft: 513 corp: 60/10358b lim: 333 exec/s: 0 rss: 29Mb L: 12/333 MS: 1 EraseBytes-
#4724	REDUCE cov: 125 ft: 515 corp: 61/10678b lim: 333 exec/s: 0 rss: 29Mb L: 320/333 MS: 1 ShuffleBytes-
#4807	REDUCE cov: 125 ft: 515 corp: 61/10671b lim: 333 exec/s: 0 rss: 29Mb L: 182/333 MS: 3 ShuffleBytes-ChangeBit-EraseBytes-
#4998	REDUCE cov: 125 ft: 515 corp: 61/10665b lim: 333 exec/s: 0 rss: 29Mb L: 50/333 MS: 1 EraseBytes-
#5073	REDUCE cov: 125 ft: 515 corp: 61/10651b lim: 333 exec/s: 0 rss: 29Mb L: 17/333 MS: 5 CrossOver-CMP-ChangeBinInt-ChangeBinInt-EraseBytes- DE: "\000\010"-
#5114	REDUCE cov: 125 ft: 515 corp: 61/10647b lim: 333 exec/s: 0 rss: 29Mb L: 40/333 MS: 1 EraseBytes-
#5175	REDUCE cov: 125 ft: 515 corp: 61/10638b lim: 333 exec/s: 0 rss: 29Mb L: 115/333 MS: 1 EraseBytes-
#5204	REDUCE cov: 125 ft: 515 corp: 61/10634b lim: 333 exec/s: 0 rss: 29Mb L: 13/333 MS: 4 CopyPart-InsertByte-CopyPart-EraseBytes-
#5210	NEW    cov: 125 ft: 520 corp: 62/10854b lim: 333 exec/s: 0 rss: 29Mb L: 220/333 MS: 1 ChangeBinInt-
#5811	REDUCE cov: 125 ft: 520 corp: 62/10823b lim: 333 exec/s: 0 rss: 29Mb L: 207/333 MS: 1 EraseBytes-
#5888	REDUCE cov: 125 ft: 520 corp: 62/10822b lim: 333 exec/s: 0 rss: 29Mb L: 289/333 MS: 2 ChangeASCIIInt-EraseBytes-
#6043	REDUCE cov: 125 ft: 520 corp: 62/10794b lim: 333 exec/s: 0 rss: 29Mb L: 144/333 MS: 5 ShuffleBytes-PersAutoDict-InsertRepeatedBytes-CMP-EraseBytes- DE: "(\000\000\000"-"stsd"-
#6074	REDUCE cov: 125 ft: 520 corp: 62/10782b lim: 333 exec/s: 0 rss: 29Mb L: 195/333 MS: 1 EraseBytes-
#6169	NEW    cov: 125 ft: 521 corp: 63/11110b lim: 333 exec/s: 0 rss: 29Mb L: 328/333 MS: 5 PersAutoDict-ShuffleBytes-ChangeByte-ChangeByte-CrossOver- DE: "(\000\000\000"-
#6411	REDUCE cov: 125 ft: 521 corp: 63/11101b lim: 333 exec/s: 6411 rss: 29Mb L: 76/333 MS: 2 CrossOver-EraseBytes-
#6472	NEW    cov: 125 ft: 522 corp: 64/11412b lim: 333 exec/s: 6472 rss: 29Mb L: 311/333 MS: 1 CopyPart-
#6716	NEW    cov: 125 ft: 523 corp: 65/11705b lim: 333 exec/s: 6716 rss: 29Mb L: 293/333 MS: 4 InsertRepeatedBytes-ChangeBinInt-PersAutoDict-CMP- DE: "\003\000\000\000\001\000\000\000"-"urn "-
#7122	NEW    cov: 125 ft: 524 corp: 66/12038b lim: 333 exec/s: 7122 rss: 29Mb L: 333/333 MS: 1 CMP- DE: "mvex"-
#7200	REDUCE cov: 125 ft: 524 corp: 66/11940b lim: 333 exec/s: 7200 rss: 29Mb L: 195/333 MS: 3 ChangeBinInt-ChangeBit-EraseBytes-
#7226	REDUCE cov: 125 ft: 525 corp: 67/12190b lim: 333 exec/s: 7226 rss: 29Mb L: 250/333 MS: 1 EraseBytes-
#7303	REDUCE cov: 125 ft: 525 corp: 67/12189b lim: 333 exec/s: 7303 rss: 29Mb L: 193/333 MS: 2 ChangeBit-EraseBytes-
#7332	REDUCE cov: 125 ft: 525 corp: 67/12176b lim: 333 exec/s: 7332 rss: 29Mb L: 171/333 MS: 4 ChangeASCIIInt-CopyPart-CrossOver-EraseBytes-
#7495	REDUCE cov: 125 ft: 525 corp: 67/12134b lim: 333 exec/s: 7495 rss: 29Mb L: 264/333 MS: 3 CopyPart-EraseBytes-CrossOver-
#7496	REDUCE cov: 125 ft: 525 corp: 67/12130b lim: 333 exec/s: 7496 rss: 29Mb L: 236/333 MS: 1 CrossOver-
#7633	REDUCE cov: 125 ft: 525 corp: 67/12108b lim: 333 exec/s: 7633 rss: 29Mb L: 311/333 MS: 2 CopyPart-EraseBytes-
#7799	REDUCE cov: 125 ft: 525 corp: 67/12057b lim: 333 exec/s: 7799 rss: 29Mb L: 144/333 MS: 1 EraseBytes-
#8012	REDUCE cov: 125 ft: 525 corp: 67/12055b lim: 333 exec/s: 8012 rss: 29Mb L: 310/333 MS: 3 InsertByte-InsertRepeatedBytes-EraseBytes-
#8062	REDUCE cov: 125 ft: 525 corp: 67/12054b lim: 333 exec/s: 8062 rss: 29Mb L: 12/333 MS: 5 PersAutoDict-ChangeBit-ShuffleBytes-InsertByte-EraseBytes- DE: "\003\000\000\000\001\000\000\000"-
#8077	NEW    cov: 125 ft: 526 corp: 68/12363b lim: 333 exec/s: 8077 rss: 29Mb L: 309/333 MS: 5 ChangeBit-CopyPart-CMP-EraseBytes-InsertByte- DE: "\027\000\000\377"-
#8113	REDUCE cov: 125 ft: 526 corp: 68/12360b lim: 333 exec/s: 8113 rss: 29Mb L: 9/333 MS: 1 EraseBytes-
#8243	REDUCE cov: 125 ft: 526 corp: 68/12358b lim: 333 exec/s: 8243 rss: 29Mb L: 265/333 MS: 5 ChangeBit-InsertRepeatedBytes-InsertByte-ShuffleBytes-EraseBytes-
#8255	REDUCE cov: 125 ft: 526 corp: 68/12353b lim: 333 exec/s: 8255 rss: 29Mb L: 284/333 MS: 2 PersAutoDict-CrossOver- DE: "stts"-
#8389	REDUCE cov: 125 ft: 526 corp: 68/12329b lim: 333 exec/s: 8389 rss: 29Mb L: 196/333 MS: 4 ChangeBit-ChangeBit-CopyPart-EraseBytes-
#8458	REDUCE cov: 125 ft: 526 corp: 68/12320b lim: 333 exec/s: 8458 rss: 29Mb L: 275/333 MS: 4 CMP-ChangeByte-ChangeBinInt-EraseBytes- DE: "schm"-
#8479	REDUCE cov: 125 ft: 526 corp: 68/12289b lim: 333 exec/s: 8479 rss: 29Mb L: 205/333 MS: 1 EraseBytes-
#8504	REDUCE cov: 125 ft: 526 corp: 68/12261b lim: 333 exec/s: 8504 rss: 29Mb L: 191/333 MS: 5 ChangeBit-EraseBytes-CMP-ShuffleBytes-CrossOver- DE: "\377\015\020\372"-
#8537	REDUCE cov: 125 ft: 526 corp: 68/12187b lim: 333 exec/s: 8537 rss: 29Mb L: 176/333 MS: 3 ShuffleBytes-CopyPart-EraseBytes-
#8623	REDUCE cov: 125 ft: 526 corp: 68/12163b lim: 333 exec/s: 8623 rss: 29Mb L: 147/333 MS: 1 EraseBytes-
#8701	REDUCE cov: 125 ft: 526 corp: 68/12158b lim: 333 exec/s: 8701 rss: 29Mb L: 105/333 MS: 3 EraseBytes-InsertByte-InsertByte-
#8876	REDUCE cov: 125 ft: 526 corp: 68/12097b lim: 333 exec/s: 8876 rss: 29Mb L: 115/333 MS: 5 PersAutoDict-InsertRepeatedBytes-ChangeBinInt-CopyPart-EraseBytes- DE: "\003\000\000\000\001\000\000\000"-
#9105	NEW    cov: 125 ft: 527 corp: 69/12404b lim: 333 exec/s: 9105 rss: 29Mb L: 307/333 MS: 4 CopyPart-CopyPart-PersAutoDict-CrossOver- DE: ",\000\000\000"-
#9312	REDUCE cov: 125 ft: 527 corp: 69/12398b lim: 333 exec/s: 9312 rss: 29Mb L: 185/333 MS: 2 ChangeBit-EraseBytes-
#9422	REDUCE cov: 125 ft: 527 corp: 69/12395b lim: 333 exec/s: 9422 rss: 29Mb L: 112/333 MS: 5 ChangeBinInt-ChangeByte-InsertRepeatedBytes-EraseBytes-EraseBytes-
#9430	REDUCE cov: 125 ft: 527 corp: 69/12379b lim: 333 exec/s: 9430 rss: 29Mb L: 199/333 MS: 3 EraseBytes-ChangeByte-InsertByte-
#9494	REDUCE cov: 125 ft: 527 corp: 69/12369b lim: 333 exec/s: 9494 rss: 29Mb L: 300/333 MS: 4 ShuffleBytes-ChangeBit-PersAutoDict-EraseBytes- DE: "o\357\\R\036e\000\000"-
#9701	REDUCE cov: 125 ft: 527 corp: 69/12368b lim: 333 exec/s: 9701 rss: 29Mb L: 11/333 MS: 2 InsertByte-EraseBytes-
#9923	REDUCE cov: 125 ft: 527 corp: 69/12309b lim: 333 exec/s: 9923 rss: 29Mb L: 252/333 MS: 2 CrossOver-EraseBytes-
#9976	NEW    cov: 125 ft: 538 corp: 70/12626b lim: 333 exec/s: 9976 rss: 29Mb L: 317/333 MS: 3 ChangeBit-ChangeByte-CMP- DE: "trak"-
#10096	NEW    cov: 125 ft: 539 corp: 71/12821b lim: 333 exec/s: 10096 rss: 29Mb L: 195/333 MS: 5 PersAutoDict-ChangeBinInt-PersAutoDict-ChangeByte-EraseBytes- DE: "\003\000\000\000\001\000\000\000"-"urn "-
#10120	REDUCE cov: 125 ft: 539 corp: 71/12810b lim: 333 exec/s: 10120 rss: 29Mb L: 104/333 MS: 4 CopyPart-ShuffleBytes-ShuffleBytes-EraseBytes-
==152232== ERROR: libFuzzer: out-of-memory (used: 2061Mb; limit: 1024Mb)
   To change the out-of-memory limit use -rss_limit_mb=<N>

MS: 2 PersAutoDict-PersAutoDict- DE: "rt V"-"\003\000\000\000\001\000\000\000"-; base unit: dbcbf24e3dcb090638d6f24c020a3c4f6c795b01
artifact_prefix='/results/crashes/20260313_151150_e34b886e_'; Test unit written to /results/crashes/20260313_151150_e34b886e_oom-93215128a67e57a408693c792591bfb21dcf7764
SUMMARY: libFuzzer: out-of-memory
stat::number_of_executed_units: 10122
stat::average_exec_per_sec:     3374
stat::new_units_added:          154
stat::slowest_unit_time_sec:    0
stat::peak_rss_mb:              2061
