INFO: Running with entropic power schedule (0xFF, 100).
INFO: Seed: 2498651427
INFO: Loaded 1 modules   (252 inline 8-bit counters): 252 [0x5f56b2175678, 0x5f56b2175774), 
INFO: Loaded 1 PC tables (252 PCs): 252 [0x5f56b2175778,0x5f56b2176738), 
INFO:        4 files found in /tmp/corpus_20260313_183947_a21f15cd
INFO: seed corpus: files: 4 min: 48b max: 333b total: 853b rss: 28Mb
#5	INITED cov: 120 ft: 253 corp: 4/853b exec/s: 0 rss: 29Mb
#6	NEW    cov: 120 ft: 272 corp: 5/1161b lim: 333 exec/s: 0 rss: 29Mb L: 308/333 MS: 1 CopyPart-
#7	NEW    cov: 120 ft: 273 corp: 6/1381b lim: 333 exec/s: 0 rss: 29Mb L: 220/333 MS: 1 ChangeBinInt-
#9	NEW    cov: 120 ft: 294 corp: 7/1521b lim: 333 exec/s: 0 rss: 29Mb L: 140/333 MS: 2 ChangeByte-EraseBytes-
#11	NEW    cov: 121 ft: 296 corp: 8/1835b lim: 333 exec/s: 0 rss: 29Mb L: 314/333 MS: 2 CrossOver-InsertRepeatedBytes-
#14	NEW    cov: 121 ft: 297 corp: 9/2153b lim: 333 exec/s: 0 rss: 29Mb L: 318/333 MS: 3 ChangeBinInt-CMP-InsertRepeatedBytes- DE: "\016\000\000\000\000\000\000\000"-
#21	NEW    cov: 121 ft: 298 corp: 10/2486b lim: 333 exec/s: 0 rss: 29Mb L: 333/333 MS: 2 CMP-CopyPart- DE: "stss"-
#23	NEW    cov: 121 ft: 300 corp: 11/2773b lim: 333 exec/s: 0 rss: 29Mb L: 287/333 MS: 2 ChangeBit-CrossOver-
#24	NEW    cov: 121 ft: 310 corp: 12/2941b lim: 333 exec/s: 0 rss: 29Mb L: 168/333 MS: 1 InsertRepeatedBytes-
#30	NEW    cov: 121 ft: 326 corp: 13/3024b lim: 333 exec/s: 0 rss: 29Mb L: 83/333 MS: 1 InsertRepeatedBytes-
#31	REDUCE cov: 121 ft: 326 corp: 13/3021b lim: 333 exec/s: 0 rss: 29Mb L: 305/333 MS: 1 EraseBytes-
#32	NEW    cov: 122 ft: 329 corp: 14/3270b lim: 333 exec/s: 0 rss: 29Mb L: 249/333 MS: 1 EraseBytes-
#34	NEW    cov: 122 ft: 330 corp: 15/3490b lim: 333 exec/s: 0 rss: 29Mb L: 220/333 MS: 2 ChangeByte-CopyPart-
#47	NEW    cov: 122 ft: 331 corp: 16/3823b lim: 333 exec/s: 0 rss: 29Mb L: 333/333 MS: 3 ChangeBinInt-CopyPart-CopyPart-
#48	NEW    cov: 122 ft: 333 corp: 17/3872b lim: 333 exec/s: 0 rss: 29Mb L: 49/333 MS: 1 InsertByte-
#53	NEW    cov: 122 ft: 334 corp: 18/4121b lim: 333 exec/s: 0 rss: 29Mb L: 249/333 MS: 5 ChangeBinInt-ChangeBinInt-ChangeBinInt-CMP-CrossOver- DE: "\003\212\000\034\376w\000\000"-
#66	NEW    cov: 123 ft: 336 corp: 19/4414b lim: 333 exec/s: 0 rss: 29Mb L: 293/333 MS: 3 ShuffleBytes-EraseBytes-InsertRepeatedBytes-
#75	NEW    cov: 123 ft: 338 corp: 20/4747b lim: 333 exec/s: 0 rss: 29Mb L: 333/333 MS: 4 CopyPart-CopyPart-ShuffleBytes-CopyPart-
#91	NEW    cov: 123 ft: 339 corp: 21/4887b lim: 333 exec/s: 0 rss: 29Mb L: 140/333 MS: 1 CrossOver-
#92	NEW    cov: 124 ft: 344 corp: 22/5215b lim: 333 exec/s: 0 rss: 29Mb L: 328/333 MS: 1 InsertRepeatedBytes-
#98	REDUCE cov: 124 ft: 344 corp: 22/5191b lim: 333 exec/s: 0 rss: 29Mb L: 116/333 MS: 1 EraseBytes-
#109	REDUCE cov: 124 ft: 344 corp: 22/5184b lim: 333 exec/s: 0 rss: 29Mb L: 213/333 MS: 1 EraseBytes-
#112	NEW    cov: 124 ft: 345 corp: 23/5351b lim: 333 exec/s: 0 rss: 29Mb L: 167/333 MS: 3 EraseBytes-ChangeBit-InsertRepeatedBytes-
#117	REDUCE cov: 124 ft: 348 corp: 24/5508b lim: 333 exec/s: 0 rss: 29Mb L: 157/333 MS: 5 EraseBytes-ChangeByte-ChangeBit-InsertRepeatedBytes-PersAutoDict- DE: "\016\000\000\000\000\000\000\000"-
#128	NEW    cov: 124 ft: 349 corp: 25/5841b lim: 333 exec/s: 0 rss: 29Mb L: 333/333 MS: 1 ChangeBit-
#140	NEW    cov: 124 ft: 350 corp: 26/5906b lim: 333 exec/s: 0 rss: 29Mb L: 65/333 MS: 2 CopyPart-InsertRepeatedBytes-
#149	REDUCE cov: 124 ft: 350 corp: 26/5877b lim: 333 exec/s: 0 rss: 29Mb L: 304/333 MS: 4 CopyPart-CopyPart-ChangeByte-EraseBytes-
#152	NEW    cov: 124 ft: 355 corp: 27/6029b lim: 333 exec/s: 0 rss: 29Mb L: 152/333 MS: 3 PersAutoDict-EraseBytes-CrossOver- DE: "stss"-
#173	NEW    cov: 124 ft: 356 corp: 28/6204b lim: 333 exec/s: 0 rss: 29Mb L: 175/333 MS: 1 CMP- DE: "\001\000_V\310KV\300"-
#174	NEW    cov: 124 ft: 357 corp: 29/6503b lim: 333 exec/s: 0 rss: 29Mb L: 299/333 MS: 1 EraseBytes-
#176	NEW    cov: 124 ft: 358 corp: 30/6564b lim: 333 exec/s: 0 rss: 29Mb L: 61/333 MS: 2 InsertByte-EraseBytes-
#177	REDUCE cov: 124 ft: 359 corp: 31/6838b lim: 333 exec/s: 0 rss: 29Mb L: 274/333 MS: 1 EraseBytes-
#191	REDUCE cov: 124 ft: 359 corp: 31/6766b lim: 333 exec/s: 0 rss: 29Mb L: 95/333 MS: 4 ChangeByte-InsertByte-ChangeByte-EraseBytes-
#214	NEW    cov: 124 ft: 360 corp: 32/6877b lim: 333 exec/s: 0 rss: 29Mb L: 111/333 MS: 3 InsertByte-ChangeByte-CopyPart-
#215	NEW    cov: 125 ft: 361 corp: 33/7199b lim: 333 exec/s: 0 rss: 29Mb L: 322/333 MS: 1 PersAutoDict- DE: "\001\000_V\310KV\300"-
#217	NEW    cov: 125 ft: 364 corp: 34/7352b lim: 333 exec/s: 0 rss: 29Mb L: 153/333 MS: 2 EraseBytes-CopyPart-
#248	REDUCE cov: 125 ft: 364 corp: 34/7348b lim: 333 exec/s: 0 rss: 29Mb L: 245/333 MS: 1 EraseBytes-
#264	NEW    cov: 125 ft: 365 corp: 35/7446b lim: 333 exec/s: 0 rss: 29Mb L: 98/333 MS: 1 InsertRepeatedBytes-
#269	NEW    cov: 125 ft: 366 corp: 36/7512b lim: 333 exec/s: 0 rss: 29Mb L: 66/333 MS: 5 InsertByte-CMP-CrossOver-ChangeByte-EraseBytes- DE: "avc1"-
#296	REDUCE cov: 125 ft: 366 corp: 36/7425b lim: 333 exec/s: 0 rss: 29Mb L: 187/333 MS: 2 PersAutoDict-EraseBytes- DE: "avc1"-
#345	NEW    cov: 125 ft: 370 corp: 37/7465b lim: 333 exec/s: 0 rss: 29Mb L: 40/333 MS: 4 ChangeBinInt-EraseBytes-ChangeBit-EraseBytes-
#358	NEW    cov: 125 ft: 371 corp: 38/7513b lim: 333 exec/s: 0 rss: 29Mb L: 48/333 MS: 3 CMP-ChangeBinInt-ShuffleBytes- DE: " g\001\034\376w\000\000"-
#375	REDUCE cov: 125 ft: 371 corp: 38/7481b lim: 333 exec/s: 0 rss: 29Mb L: 301/333 MS: 2 ChangeBinInt-EraseBytes-
#387	REDUCE cov: 125 ft: 371 corp: 38/7453b lim: 333 exec/s: 0 rss: 29Mb L: 305/333 MS: 2 EraseBytes-CrossOver-
#393	NEW    cov: 125 ft: 377 corp: 39/7765b lim: 333 exec/s: 0 rss: 29Mb L: 312/333 MS: 1 CopyPart-
#469	NEW    cov: 125 ft: 378 corp: 40/7805b lim: 333 exec/s: 0 rss: 29Mb L: 40/333 MS: 1 CrossOver-
#514	NEW    cov: 125 ft: 379 corp: 41/7885b lim: 333 exec/s: 0 rss: 29Mb L: 80/333 MS: 5 EraseBytes-EraseBytes-InsertRepeatedBytes-ChangeBinInt-PersAutoDict- DE: " g\001\034\376w\000\000"-
#516	REDUCE cov: 125 ft: 379 corp: 41/7785b lim: 333 exec/s: 0 rss: 29Mb L: 222/333 MS: 2 ChangeBit-EraseBytes-
#558	REDUCE cov: 125 ft: 379 corp: 41/7710b lim: 333 exec/s: 0 rss: 29Mb L: 229/333 MS: 2 PersAutoDict-EraseBytes- DE: "\001\000_V\310KV\300"-
#561	NEW    cov: 125 ft: 380 corp: 42/7801b lim: 333 exec/s: 0 rss: 29Mb L: 91/333 MS: 3 ChangeByte-ChangeByte-EraseBytes-
#618	NEW    cov: 125 ft: 387 corp: 43/7848b lim: 333 exec/s: 0 rss: 29Mb L: 47/333 MS: 2 ChangeBit-CrossOver-
#652	REDUCE cov: 125 ft: 387 corp: 43/7796b lim: 333 exec/s: 0 rss: 29Mb L: 100/333 MS: 4 CMP-ChangeBinInt-ShuffleBytes-EraseBytes- DE: "strk"-
#674	NEW    cov: 125 ft: 395 corp: 44/7957b lim: 333 exec/s: 0 rss: 29Mb L: 161/333 MS: 2 CMP-ShuffleBytes- DE: "\003\000\000\000"-
#680	NEW    cov: 125 ft: 397 corp: 45/8004b lim: 333 exec/s: 0 rss: 29Mb L: 47/333 MS: 1 ChangeBinInt-
#741	REDUCE cov: 125 ft: 398 corp: 46/8308b lim: 333 exec/s: 0 rss: 29Mb L: 304/333 MS: 1 CrossOver-
#786	REDUCE cov: 125 ft: 398 corp: 46/8306b lim: 333 exec/s: 0 rss: 29Mb L: 78/333 MS: 5 ChangeBit-ChangeASCIIInt-ChangeASCIIInt-PersAutoDict-CrossOver- DE: "\001\000_V\310KV\300"-
#813	REDUCE cov: 125 ft: 398 corp: 46/8303b lim: 333 exec/s: 0 rss: 29Mb L: 284/333 MS: 2 CMP-EraseBytes- DE: "\001\017"-
#833	REDUCE cov: 125 ft: 398 corp: 46/8295b lim: 333 exec/s: 0 rss: 29Mb L: 40/333 MS: 5 ChangeByte-ChangeASCIIInt-PersAutoDict-InsertRepeatedBytes-EraseBytes- DE: "\001\000_V\310KV\300"-
#850	NEW    cov: 125 ft: 407 corp: 47/8316b lim: 333 exec/s: 0 rss: 29Mb L: 21/333 MS: 2 ChangeASCIIInt-EraseBytes-
#857	REDUCE cov: 125 ft: 415 corp: 48/8345b lim: 333 exec/s: 0 rss: 29Mb L: 29/333 MS: 2 CopyPart-EraseBytes-
#912	REDUCE cov: 125 ft: 416 corp: 49/8590b lim: 333 exec/s: 0 rss: 29Mb L: 245/333 MS: 5 PersAutoDict-CopyPart-ChangeBinInt-EraseBytes-PersAutoDict- DE: "stss"-"\003\212\000\034\376w\000\000"-
#953	REDUCE cov: 125 ft: 416 corp: 49/8556b lim: 333 exec/s: 0 rss: 29Mb L: 77/333 MS: 1 EraseBytes-
#1008	REDUCE cov: 125 ft: 416 corp: 49/8542b lim: 333 exec/s: 0 rss: 29Mb L: 33/333 MS: 5 CMP-ChangeBit-PersAutoDict-CopyPart-EraseBytes- DE: "3pm\000"-"\016\000\000\000\000\000\000\000"-
#1033	REDUCE cov: 125 ft: 416 corp: 49/8534b lim: 333 exec/s: 0 rss: 29Mb L: 25/333 MS: 5 ChangeByte-CopyPart-CrossOver-EraseBytes-InsertByte-
#1067	NEW    cov: 125 ft: 441 corp: 50/8558b lim: 333 exec/s: 0 rss: 29Mb L: 24/333 MS: 4 ChangeASCIIInt-ChangeBinInt-ChangeASCIIInt-EraseBytes-
#1092	REDUCE cov: 126 ft: 442 corp: 51/8559b lim: 333 exec/s: 0 rss: 29Mb L: 1/333 MS: 5 ChangeBinInt-CopyPart-PersAutoDict-ChangeByte-CrossOver- DE: "\003\000\000\000"-
#1188	REDUCE cov: 126 ft: 442 corp: 51/8557b lim: 333 exec/s: 0 rss: 29Mb L: 27/333 MS: 1 EraseBytes-
#1192	NEW    cov: 126 ft: 443 corp: 52/8886b lim: 333 exec/s: 0 rss: 29Mb L: 329/333 MS: 4 InsertByte-CopyPart-CMP-CrossOver- DE: "\2078\001\034\376w\000\000"-
#1217	REDUCE cov: 126 ft: 443 corp: 52/8859b lim: 333 exec/s: 0 rss: 29Mb L: 64/333 MS: 5 ChangeByte-InsertByte-EraseBytes-ShuffleBytes-PersAutoDict- DE: " g\001\034\376w\000\000"-
#1225	REDUCE cov: 126 ft: 443 corp: 52/8855b lim: 333 exec/s: 0 rss: 29Mb L: 43/333 MS: 3 InsertByte-ChangeByte-EraseBytes-
#1287	NEW    cov: 126 ft: 452 corp: 53/8863b lim: 333 exec/s: 0 rss: 29Mb L: 8/333 MS: 2 ChangeBinInt-CrossOver-
#1323	NEW    cov: 126 ft: 455 corp: 54/8889b lim: 333 exec/s: 0 rss: 29Mb L: 26/333 MS: 1 EraseBytes-
#1365	NEW    cov: 126 ft: 457 corp: 55/9110b lim: 333 exec/s: 0 rss: 29Mb L: 221/333 MS: 2 ChangeBit-InsertByte-
#1370	REDUCE cov: 126 ft: 457 corp: 55/9106b lim: 333 exec/s: 0 rss: 29Mb L: 17/333 MS: 5 ShuffleBytes-InsertByte-CrossOver-CopyPart-EraseBytes-
#1391	REDUCE cov: 126 ft: 457 corp: 55/8952b lim: 333 exec/s: 0 rss: 29Mb L: 66/333 MS: 1 CrossOver-
#1460	NEW    cov: 126 ft: 458 corp: 56/8968b lim: 333 exec/s: 0 rss: 29Mb L: 16/333 MS: 4 ChangeBit-PersAutoDict-ChangeBinInt-PersAutoDict- DE: "3pm\000"-"\2078\001\034\376w\000\000"-
#1494	REDUCE cov: 126 ft: 458 corp: 56/8883b lim: 333 exec/s: 0 rss: 29Mb L: 216/333 MS: 4 InsertRepeatedBytes-ChangeBinInt-InsertRepeatedBytes-EraseBytes-
#1509	REDUCE cov: 126 ft: 458 corp: 56/8865b lim: 333 exec/s: 0 rss: 29Mb L: 286/333 MS: 5 ShuffleBytes-CMP-ShuffleBytes-CopyPart-EraseBytes- DE: "sinf"-
#1570	NEW    cov: 126 ft: 459 corp: 57/9085b lim: 333 exec/s: 0 rss: 29Mb L: 220/333 MS: 1 ChangeByte-
#1588	REDUCE cov: 126 ft: 466 corp: 58/9158b lim: 333 exec/s: 0 rss: 29Mb L: 73/333 MS: 3 InsertByte-CrossOver-ChangeByte-
#1609	REDUCE cov: 126 ft: 466 corp: 58/9108b lim: 333 exec/s: 0 rss: 29Mb L: 50/333 MS: 1 EraseBytes-
#1610	REDUCE cov: 126 ft: 466 corp: 58/9073b lim: 333 exec/s: 0 rss: 29Mb L: 38/333 MS: 1 EraseBytes-
#1648	REDUCE cov: 126 ft: 466 corp: 58/9059b lim: 333 exec/s: 0 rss: 29Mb L: 63/333 MS: 3 ChangeASCIIInt-ChangeBinInt-EraseBytes-
#1675	REDUCE cov: 126 ft: 466 corp: 58/9043b lim: 333 exec/s: 0 rss: 29Mb L: 47/333 MS: 2 ChangeByte-EraseBytes-
#1744	REDUCE cov: 126 ft: 466 corp: 58/9013b lim: 333 exec/s: 0 rss: 29Mb L: 256/333 MS: 4 ChangeBit-CMP-ShuffleBytes-EraseBytes- DE: "\003\000"-
#1879	REDUCE cov: 126 ft: 467 corp: 59/9203b lim: 333 exec/s: 0 rss: 29Mb L: 190/333 MS: 5 CopyPart-CrossOver-ChangeBinInt-ChangeASCIIInt-CopyPart-
#1970	REDUCE cov: 126 ft: 467 corp: 59/9176b lim: 333 exec/s: 0 rss: 29Mb L: 39/333 MS: 1 EraseBytes-
#2012	REDUCE cov: 126 ft: 467 corp: 59/9170b lim: 333 exec/s: 0 rss: 29Mb L: 10/333 MS: 2 ChangeASCIIInt-EraseBytes-
#2013	REDUCE cov: 126 ft: 467 corp: 59/9161b lim: 333 exec/s: 0 rss: 29Mb L: 29/333 MS: 1 EraseBytes-
#2081	REDUCE cov: 126 ft: 467 corp: 59/9124b lim: 333 exec/s: 0 rss: 29Mb L: 215/333 MS: 3 ChangeBit-CMP-EraseBytes- DE: "bd\032\000"-
#2161	REDUCE cov: 126 ft: 467 corp: 59/9118b lim: 333 exec/s: 0 rss: 29Mb L: 19/333 MS: 5 ShuffleBytes-PersAutoDict-ChangeBinInt-EraseBytes-EraseBytes- DE: "bd\032\000"-
#2260	REDUCE cov: 126 ft: 467 corp: 59/9116b lim: 333 exec/s: 0 rss: 29Mb L: 17/333 MS: 4 InsertRepeatedBytes-EraseBytes-EraseBytes-ChangeByte-
#2338	NEW    cov: 126 ft: 475 corp: 60/9403b lim: 333 exec/s: 0 rss: 29Mb L: 287/333 MS: 3 ChangeASCIIInt-InsertRepeatedBytes-InsertRepeatedBytes-
#2365	REDUCE cov: 126 ft: 475 corp: 60/9383b lim: 333 exec/s: 0 rss: 29Mb L: 285/333 MS: 2 CMP-EraseBytes- DE: "stss"-
#2367	REDUCE cov: 126 ft: 475 corp: 60/9333b lim: 333 exec/s: 0 rss: 29Mb L: 140/333 MS: 2 InsertByte-CrossOver-
#2416	REDUCE cov: 126 ft: 475 corp: 60/9327b lim: 333 exec/s: 0 rss: 29Mb L: 34/333 MS: 4 InsertByte-ChangeASCIIInt-EraseBytes-InsertByte-
#2452	REDUCE cov: 126 ft: 475 corp: 60/9325b lim: 333 exec/s: 0 rss: 29Mb L: 41/333 MS: 1 EraseBytes-
#2554	REDUCE cov: 126 ft: 475 corp: 60/9291b lim: 333 exec/s: 0 rss: 29Mb L: 188/333 MS: 2 ShuffleBytes-EraseBytes-
#2562	REDUCE cov: 126 ft: 475 corp: 60/9287b lim: 333 exec/s: 0 rss: 29Mb L: 112/333 MS: 3 CrossOver-EraseBytes-InsertByte-
#2613	REDUCE cov: 126 ft: 475 corp: 60/9276b lim: 333 exec/s: 0 rss: 29Mb L: 177/333 MS: 1 EraseBytes-
#2655	REDUCE cov: 126 ft: 475 corp: 60/9272b lim: 333 exec/s: 0 rss: 29Mb L: 57/333 MS: 2 CMP-EraseBytes- DE: " \000\000\000"-
#2744	NEW    cov: 126 ft: 476 corp: 61/9604b lim: 333 exec/s: 0 rss: 29Mb L: 332/333 MS: 4 PersAutoDict-CrossOver-CrossOver-CopyPart- DE: "\003\000"-
#2817	REDUCE cov: 126 ft: 476 corp: 61/9601b lim: 333 exec/s: 0 rss: 29Mb L: 38/333 MS: 3 ShuffleBytes-ChangeBit-EraseBytes-
#2963	REDUCE cov: 126 ft: 476 corp: 61/9588b lim: 333 exec/s: 0 rss: 29Mb L: 299/333 MS: 1 EraseBytes-
#3169	NEW    cov: 126 ft: 481 corp: 62/9808b lim: 333 exec/s: 0 rss: 29Mb L: 220/333 MS: 1 ChangeBit-
#3341	REDUCE cov: 126 ft: 494 corp: 63/10115b lim: 333 exec/s: 0 rss: 29Mb L: 307/333 MS: 2 ShuffleBytes-InsertRepeatedBytes-
#3358	NEW    cov: 126 ft: 501 corp: 64/10408b lim: 333 exec/s: 0 rss: 29Mb L: 293/333 MS: 2 EraseBytes-CopyPart-
#3395	REDUCE cov: 126 ft: 502 corp: 65/10431b lim: 333 exec/s: 0 rss: 29Mb L: 23/333 MS: 2 PersAutoDict-EraseBytes- DE: "\2078\001\034\376w\000\000"-
#3410	NEW    cov: 126 ft: 503 corp: 66/10760b lim: 333 exec/s: 0 rss: 29Mb L: 329/333 MS: 5 ChangeByte-CMP-ChangeBinInt-InsertRepeatedBytes-CopyPart- DE: "\376\377\377\377\377\377\377\177"-
#3418	REDUCE cov: 126 ft: 503 corp: 66/10546b lim: 333 exec/s: 0 rss: 29Mb L: 79/333 MS: 3 CrossOver-InsertByte-CrossOver-
#3652	REDUCE cov: 126 ft: 503 corp: 66/10544b lim: 333 exec/s: 0 rss: 29Mb L: 27/333 MS: 4 ChangeByte-ChangeByte-ShuffleBytes-EraseBytes-
#3664	REDUCE cov: 126 ft: 503 corp: 66/10542b lim: 333 exec/s: 0 rss: 29Mb L: 21/333 MS: 2 ShuffleBytes-EraseBytes-
#3752	REDUCE cov: 126 ft: 503 corp: 66/10528b lim: 333 exec/s: 0 rss: 29Mb L: 273/333 MS: 3 ChangeBit-InsertRepeatedBytes-EraseBytes-
#3768	REDUCE cov: 126 ft: 503 corp: 66/10523b lim: 333 exec/s: 0 rss: 29Mb L: 74/333 MS: 1 EraseBytes-
#3915	NEW    cov: 126 ft: 509 corp: 67/10831b lim: 333 exec/s: 0 rss: 29Mb L: 308/333 MS: 2 InsertByte-PersAutoDict- DE: "\001\017"-
#3986	REDUCE cov: 126 ft: 510 corp: 68/10846b lim: 333 exec/s: 0 rss: 29Mb L: 15/333 MS: 1 EraseBytes-
#4020	REDUCE cov: 126 ft: 510 corp: 68/10828b lim: 333 exec/s: 0 rss: 29Mb L: 22/333 MS: 4 ShuffleBytes-ShuffleBytes-ChangeBinInt-EraseBytes-
#4357	REDUCE cov: 126 ft: 510 corp: 68/10824b lim: 333 exec/s: 0 rss: 29Mb L: 13/333 MS: 2 CopyPart-EraseBytes-
#4516	REDUCE cov: 126 ft: 510 corp: 68/10815b lim: 333 exec/s: 0 rss: 29Mb L: 323/333 MS: 4 ShuffleBytes-ChangeASCIIInt-CopyPart-EraseBytes-
#4546	REDUCE cov: 126 ft: 510 corp: 68/10796b lim: 333 exec/s: 0 rss: 29Mb L: 266/333 MS: 5 InsertRepeatedBytes-CopyPart-CopyPart-EraseBytes-PersAutoDict- DE: "\2078\001\034\376w\000\000"-
#4627	REDUCE cov: 126 ft: 510 corp: 68/10794b lim: 333 exec/s: 0 rss: 29Mb L: 11/333 MS: 1 EraseBytes-
#4670	REDUCE cov: 126 ft: 510 corp: 68/10786b lim: 333 exec/s: 0 rss: 29Mb L: 30/333 MS: 3 CMP-CopyPart-EraseBytes- DE: "avc1"-
#4715	REDUCE cov: 126 ft: 510 corp: 68/10776b lim: 333 exec/s: 0 rss: 29Mb L: 29/333 MS: 5 CMP-EraseBytes-PersAutoDict-EraseBytes-InsertByte- DE: "N7ISOBMFF3BoxE"-"bd\032\000"-
#4792	REDUCE cov: 126 ft: 510 corp: 68/10775b lim: 333 exec/s: 0 rss: 29Mb L: 9/333 MS: 2 CopyPart-EraseBytes-
#4801	REDUCE cov: 126 ft: 510 corp: 68/10770b lim: 333 exec/s: 0 rss: 29Mb L: 215/333 MS: 4 ChangeBinInt-ChangeByte-ChangeByte-EraseBytes-
#4827	REDUCE cov: 126 ft: 510 corp: 68/10768b lim: 333 exec/s: 0 rss: 29Mb L: 48/333 MS: 1 EraseBytes-
#4839	REDUCE cov: 126 ft: 516 corp: 69/11087b lim: 333 exec/s: 0 rss: 29Mb L: 319/333 MS: 2 InsertRepeatedBytes-ChangeByte-
#4957	REDUCE cov: 126 ft: 516 corp: 69/11086b lim: 333 exec/s: 0 rss: 29Mb L: 292/333 MS: 3 ChangeBit-InsertByte-EraseBytes-
#5129	NEW    cov: 126 ft: 518 corp: 70/11314b lim: 333 exec/s: 0 rss: 29Mb L: 228/333 MS: 2 CopyPart-CMP- DE: "\000\000\000\001\000\000\000\002"-
#5131	REDUCE cov: 126 ft: 518 corp: 70/11308b lim: 333 exec/s: 0 rss: 29Mb L: 89/333 MS: 2 ChangeByte-EraseBytes-
#5163	REDUCE cov: 126 ft: 518 corp: 70/11301b lim: 333 exec/s: 0 rss: 29Mb L: 15/333 MS: 2 PersAutoDict-EraseBytes- DE: "\003\000"-
#5172	REDUCE cov: 126 ft: 519 corp: 71/11568b lim: 333 exec/s: 0 rss: 29Mb L: 267/333 MS: 4 PersAutoDict-ChangeBinInt-PersAutoDict-CrossOver- DE: "\003\000\000\000"-"\001\000_V\310KV\300"-
#5224	REDUCE cov: 126 ft: 519 corp: 71/11564b lim: 333 exec/s: 0 rss: 29Mb L: 304/333 MS: 2 CopyPart-EraseBytes-
#5336	REDUCE cov: 126 ft: 519 corp: 71/11563b lim: 333 exec/s: 0 rss: 29Mb L: 82/333 MS: 2 ChangeBit-CrossOver-
#5403	REDUCE cov: 126 ft: 519 corp: 71/11556b lim: 333 exec/s: 0 rss: 29Mb L: 249/333 MS: 2 ChangeBit-EraseBytes-
#5474	REDUCE cov: 126 ft: 519 corp: 71/11552b lim: 333 exec/s: 0 rss: 29Mb L: 136/333 MS: 1 EraseBytes-
#5478	REDUCE cov: 126 ft: 519 corp: 71/11551b lim: 333 exec/s: 0 rss: 29Mb L: 33/333 MS: 4 PersAutoDict-CopyPart-CMP-CrossOver- DE: "3pm\000"-"dref"-
#5598	REDUCE cov: 126 ft: 519 corp: 71/11527b lim: 333 exec/s: 0 rss: 29Mb L: 268/333 MS: 5 InsertRepeatedBytes-InsertByte-EraseBytes-EraseBytes-CrossOver-
#5610	REDUCE cov: 126 ft: 519 corp: 71/11514b lim: 333 exec/s: 0 rss: 29Mb L: 34/333 MS: 2 PersAutoDict-EraseBytes- DE: " \000\000\000"-
#5616	REDUCE cov: 126 ft: 519 corp: 71/11498b lim: 333 exec/s: 0 rss: 29Mb L: 32/333 MS: 1 EraseBytes-
#5794	REDUCE cov: 126 ft: 519 corp: 71/11491b lim: 333 exec/s: 0 rss: 29Mb L: 8/333 MS: 3 ChangeByte-ChangeBit-EraseBytes-
#5941	REDUCE cov: 126 ft: 519 corp: 71/11445b lim: 333 exec/s: 0 rss: 29Mb L: 203/333 MS: 2 ChangeBinInt-EraseBytes-
#6408	REDUCE cov: 126 ft: 519 corp: 71/11442b lim: 333 exec/s: 6408 rss: 29Mb L: 316/333 MS: 1 EraseBytes-
#6415	REDUCE cov: 126 ft: 519 corp: 71/11418b lim: 333 exec/s: 6415 rss: 29Mb L: 221/333 MS: 2 InsertRepeatedBytes-EraseBytes-
#6443	REDUCE cov: 126 ft: 519 corp: 71/11417b lim: 333 exec/s: 6443 rss: 29Mb L: 10/333 MS: 3 CopyPart-ChangeByte-EraseBytes-
#6633	REDUCE cov: 126 ft: 519 corp: 71/11416b lim: 333 exec/s: 6633 rss: 29Mb L: 97/333 MS: 5 PersAutoDict-CMP-ChangeBinInt-EraseBytes-PersAutoDict- DE: "sinf"-"\001\000w\376\034\004\206\016"-"dref"-
#6673	REDUCE cov: 126 ft: 519 corp: 71/11372b lim: 333 exec/s: 6673 rss: 29Mb L: 169/333 MS: 5 CopyPart-CopyPart-EraseBytes-PersAutoDict-ChangeBinInt- DE: "\003\000"-
#6771	REDUCE cov: 126 ft: 519 corp: 71/11369b lim: 333 exec/s: 6771 rss: 29Mb L: 12/333 MS: 3 CopyPart-CopyPart-EraseBytes-
#6828	REDUCE cov: 126 ft: 519 corp: 71/11349b lim: 333 exec/s: 6828 rss: 29Mb L: 20/333 MS: 2 ChangeBinInt-EraseBytes-
#6860	REDUCE cov: 126 ft: 519 corp: 71/11325b lim: 333 exec/s: 6860 rss: 29Mb L: 192/333 MS: 2 PersAutoDict-EraseBytes- DE: "\001\017"-
#6874	REDUCE cov: 126 ft: 519 corp: 71/11259b lim: 333 exec/s: 6874 rss: 29Mb L: 248/333 MS: 4 PersAutoDict-ChangeBinInt-ChangeBit-EraseBytes- DE: "\016\000\000\000\000\000\000\000"-
#6923	NEW    cov: 126 ft: 526 corp: 72/11581b lim: 333 exec/s: 6923 rss: 29Mb L: 322/333 MS: 4 CMP-ChangeBinInt-ChangeByte-CopyPart- DE: "stsd"-
#6924	REDUCE cov: 126 ft: 526 corp: 72/11576b lim: 333 exec/s: 6924 rss: 29Mb L: 27/333 MS: 1 EraseBytes-
#6996	REDUCE cov: 126 ft: 526 corp: 72/11548b lim: 333 exec/s: 6996 rss: 29Mb L: 192/333 MS: 2 ChangeBit-EraseBytes-
==808000== ERROR: libFuzzer: out-of-memory (used: 1422Mb; limit: 1024Mb)
   To change the out-of-memory limit use -rss_limit_mb=<N>

MS: 4 EraseBytes-ChangeByte-EraseBytes-PersAutoDict- DE: "avc1"-; base unit: 083e2d3a8e36891062ae800217716caf78680ad6
artifact_prefix='/results/crashes/20260313_183947_a21f15cd_'; Test unit written to /results/crashes/20260313_183947_a21f15cd_oom-142e0e9bffd7b86af337abb34abf3714c73bcef6
SUMMARY: libFuzzer: out-of-memory
stat::number_of_executed_units: 7050
stat::average_exec_per_sec:     3525
stat::new_units_added:          153
stat::slowest_unit_time_sec:    0
stat::peak_rss_mb:              1423
