INFO: Running with entropic power schedule (0xFF, 100).
INFO: Seed: 3706319752
INFO: Loaded 1 modules   (252 inline 8-bit counters): 252 [0x64ed445fd678, 0x64ed445fd774), 
INFO: Loaded 1 PC tables (252 PCs): 252 [0x64ed445fd778,0x64ed445fe738), 
INFO:        4 files found in /tmp/corpus_20260313_174211_b410f107
INFO: seed corpus: files: 4 min: 48b max: 333b total: 853b rss: 28Mb
#5	INITED cov: 118 ft: 253 corp: 4/853b exec/s: 0 rss: 29Mb
#6	NEW    cov: 118 ft: 264 corp: 5/901b lim: 333 exec/s: 0 rss: 29Mb L: 48/333 MS: 1 ChangeBinInt-
#7	NEW    cov: 118 ft: 265 corp: 6/1072b lim: 333 exec/s: 0 rss: 29Mb L: 171/333 MS: 1 EraseBytes-
#8	NEW    cov: 118 ft: 266 corp: 7/1120b lim: 333 exec/s: 0 rss: 29Mb L: 48/333 MS: 1 CrossOver-
#11	NEW    cov: 119 ft: 268 corp: 8/1305b lim: 333 exec/s: 0 rss: 29Mb L: 185/333 MS: 3 ChangeBit-ChangeByte-EraseBytes-
#14	NEW    cov: 119 ft: 277 corp: 9/1369b lim: 333 exec/s: 0 rss: 29Mb L: 64/333 MS: 3 ShuffleBytes-CMP-CopyPart- DE: "\377\377\377\377\377\377\377\177"-
#18	NEW    cov: 119 ft: 284 corp: 10/1513b lim: 333 exec/s: 0 rss: 29Mb L: 144/333 MS: 4 InsertByte-ShuffleBytes-ChangeBit-EraseBytes-
#19	NEW    cov: 119 ft: 317 corp: 11/1561b lim: 333 exec/s: 0 rss: 29Mb L: 48/333 MS: 1 ChangeByte-
#24	NEW    cov: 119 ft: 318 corp: 12/1894b lim: 333 exec/s: 0 rss: 29Mb L: 333/333 MS: 5 CMP-ChangeBinInt-CMP-ChangeBit-CopyPart- DE: "\003\000"-"\377\377"-
#29	NEW    cov: 119 ft: 325 corp: 13/1943b lim: 333 exec/s: 0 rss: 29Mb L: 49/333 MS: 5 ShuffleBytes-ChangeBit-ChangeASCIIInt-ChangeBit-InsertByte-
#30	NEW    cov: 119 ft: 335 corp: 14/1992b lim: 333 exec/s: 0 rss: 29Mb L: 49/333 MS: 1 InsertByte-
#33	NEW    cov: 119 ft: 337 corp: 15/2096b lim: 333 exec/s: 0 rss: 29Mb L: 104/333 MS: 3 InsertRepeatedBytes-InsertByte-CrossOver-
#35	NEW    cov: 119 ft: 341 corp: 16/2318b lim: 333 exec/s: 0 rss: 29Mb L: 222/333 MS: 2 InsertByte-InsertRepeatedBytes-
#39	NEW    cov: 119 ft: 342 corp: 17/2401b lim: 333 exec/s: 0 rss: 29Mb L: 83/333 MS: 4 ChangeBinInt-InsertByte-ChangeBinInt-CrossOver-
#41	NEW    cov: 119 ft: 345 corp: 18/2650b lim: 333 exec/s: 0 rss: 29Mb L: 249/333 MS: 2 ShuffleBytes-InsertRepeatedBytes-
#42	NEW    cov: 119 ft: 351 corp: 19/2784b lim: 333 exec/s: 0 rss: 29Mb L: 134/333 MS: 1 EraseBytes-
#47	NEW    cov: 119 ft: 352 corp: 20/3029b lim: 333 exec/s: 0 rss: 29Mb L: 245/333 MS: 5 EraseBytes-PersAutoDict-ShuffleBytes-EraseBytes-ChangeBit- DE: "\377\377\377\377\377\377\377\177"-
#55	NEW    cov: 119 ft: 353 corp: 21/3309b lim: 333 exec/s: 0 rss: 29Mb L: 280/333 MS: 3 EraseBytes-InsertRepeatedBytes-InsertRepeatedBytes-
#60	NEW    cov: 119 ft: 363 corp: 22/3366b lim: 333 exec/s: 0 rss: 29Mb L: 57/333 MS: 5 PersAutoDict-ChangeBinInt-ShuffleBytes-ChangeByte-PersAutoDict- DE: "\377\377\377\377\377\377\377\177"-"\377\377\377\377\377\377\377\177"-
#69	NEW    cov: 119 ft: 364 corp: 23/3646b lim: 333 exec/s: 0 rss: 29Mb L: 280/333 MS: 4 CopyPart-ChangeByte-ShuffleBytes-CopyPart-
#76	NEW    cov: 119 ft: 365 corp: 24/3776b lim: 333 exec/s: 0 rss: 29Mb L: 130/333 MS: 2 ShuffleBytes-EraseBytes-
#78	NEW    cov: 119 ft: 370 corp: 25/3996b lim: 333 exec/s: 0 rss: 29Mb L: 220/333 MS: 2 ChangeBinInt-CrossOver-
#88	NEW    cov: 120 ft: 371 corp: 26/3997b lim: 333 exec/s: 0 rss: 29Mb L: 1/333 MS: 5 ChangeByte-InsertByte-PersAutoDict-CrossOver-CrossOver- DE: "\377\377"-
#98	NEW    cov: 120 ft: 372 corp: 27/4084b lim: 333 exec/s: 0 rss: 29Mb L: 87/333 MS: 5 EraseBytes-CrossOver-PersAutoDict-EraseBytes-CrossOver- DE: "\003\000"-
#100	NEW    cov: 120 ft: 373 corp: 28/4150b lim: 333 exec/s: 0 rss: 29Mb L: 66/333 MS: 2 ShuffleBytes-CopyPart-
#105	NEW    cov: 120 ft: 382 corp: 29/4200b lim: 333 exec/s: 0 rss: 29Mb L: 50/333 MS: 5 ShuffleBytes-InsertByte-InsertByte-ChangeByte-ChangeByte-
#112	NEW    cov: 120 ft: 383 corp: 30/4329b lim: 333 exec/s: 0 rss: 29Mb L: 129/333 MS: 2 InsertRepeatedBytes-InsertByte-
#118	NEW    cov: 120 ft: 389 corp: 31/4506b lim: 333 exec/s: 0 rss: 29Mb L: 177/333 MS: 1 CrossOver-
#128	NEW    cov: 120 ft: 390 corp: 32/4543b lim: 333 exec/s: 0 rss: 29Mb L: 37/333 MS: 5 ShuffleBytes-InsertByte-InsertByte-EraseBytes-ChangeBinInt-
#133	NEW    cov: 120 ft: 391 corp: 33/4622b lim: 333 exec/s: 0 rss: 29Mb L: 79/333 MS: 5 ShuffleBytes-ChangeBit-ChangeByte-ChangeBinInt-CopyPart-
#136	NEW    cov: 120 ft: 392 corp: 34/4875b lim: 333 exec/s: 0 rss: 29Mb L: 253/333 MS: 3 ShuffleBytes-ChangeBinInt-InsertByte-
#138	NEW    cov: 120 ft: 395 corp: 35/4908b lim: 333 exec/s: 0 rss: 29Mb L: 33/333 MS: 2 ChangeBinInt-EraseBytes-
#154	NEW    cov: 120 ft: 397 corp: 36/5188b lim: 333 exec/s: 0 rss: 29Mb L: 280/333 MS: 1 ShuffleBytes-
#172	NEW    cov: 120 ft: 398 corp: 37/5333b lim: 333 exec/s: 0 rss: 29Mb L: 145/333 MS: 3 InsertByte-ChangeBit-ChangeBit-
#173	REDUCE cov: 120 ft: 398 corp: 37/5329b lim: 333 exec/s: 0 rss: 29Mb L: 62/333 MS: 1 EraseBytes-
#174	NEW    cov: 120 ft: 399 corp: 38/5435b lim: 333 exec/s: 0 rss: 29Mb L: 106/333 MS: 1 PersAutoDict- DE: "\377\377"-
#181	REDUCE cov: 120 ft: 399 corp: 38/5414b lim: 333 exec/s: 0 rss: 29Mb L: 41/333 MS: 2 CMP-EraseBytes- DE: "frma"-
#191	NEW    cov: 121 ft: 400 corp: 39/5678b lim: 333 exec/s: 0 rss: 29Mb L: 264/333 MS: 5 InsertRepeatedBytes-ChangeBinInt-CopyPart-PersAutoDict-InsertRepeatedBytes- DE: "\003\000"-
#195	NEW    cov: 121 ft: 401 corp: 40/5963b lim: 333 exec/s: 0 rss: 29Mb L: 285/333 MS: 4 InsertByte-PersAutoDict-CMP-PersAutoDict- DE: "\377\377\377\377\377\377\377\177"-"\000\000\000\034"-"frma"-
#196	NEW    cov: 121 ft: 402 corp: 41/6162b lim: 333 exec/s: 0 rss: 29Mb L: 199/333 MS: 1 InsertRepeatedBytes-
#199	NEW    cov: 121 ft: 403 corp: 42/6279b lim: 333 exec/s: 0 rss: 29Mb L: 117/333 MS: 3 PersAutoDict-ChangeBinInt-CrossOver- DE: "\377\377"-
#218	REDUCE cov: 121 ft: 403 corp: 42/6277b lim: 333 exec/s: 0 rss: 29Mb L: 85/333 MS: 4 ChangeByte-ChangeASCIIInt-EraseBytes-CrossOver-
#223	NEW    cov: 121 ft: 404 corp: 43/6454b lim: 333 exec/s: 0 rss: 29Mb L: 177/333 MS: 5 ChangeByte-InsertRepeatedBytes-ChangeBit-ShuffleBytes-InsertRepeatedBytes-
#225	NEW    cov: 122 ft: 411 corp: 44/6786b lim: 333 exec/s: 0 rss: 29Mb L: 332/333 MS: 2 ChangeBit-CopyPart-
#231	NEW    cov: 122 ft: 412 corp: 45/6989b lim: 333 exec/s: 0 rss: 29Mb L: 203/333 MS: 1 InsertRepeatedBytes-
#254	NEW    cov: 123 ft: 413 corp: 46/7214b lim: 333 exec/s: 0 rss: 29Mb L: 225/333 MS: 3 ChangeBit-PersAutoDict-InsertByte- DE: "\377\377"-
#260	REDUCE cov: 123 ft: 413 corp: 46/7199b lim: 333 exec/s: 0 rss: 29Mb L: 230/333 MS: 1 CrossOver-
#264	NEW    cov: 123 ft: 414 corp: 47/7319b lim: 333 exec/s: 0 rss: 29Mb L: 120/333 MS: 4 PersAutoDict-ChangeByte-ChangeByte-CrossOver- DE: "\377\377\377\377\377\377\377\177"-
#292	NEW    cov: 123 ft: 420 corp: 48/7652b lim: 333 exec/s: 0 rss: 29Mb L: 333/333 MS: 3 ChangeBinInt-ChangeBinInt-ChangeBinInt-
#328	NEW    cov: 123 ft: 421 corp: 49/7980b lim: 333 exec/s: 0 rss: 29Mb L: 328/333 MS: 1 CopyPart-
#388	REDUCE cov: 123 ft: 421 corp: 49/7974b lim: 333 exec/s: 0 rss: 29Mb L: 274/333 MS: 5 CrossOver-CrossOver-ShuffleBytes-CMP-CMP- DE: "\377\377v`\314\000\277\360"-"\377\377\377\037"-
#422	NEW    cov: 123 ft: 423 corp: 50/8007b lim: 333 exec/s: 0 rss: 29Mb L: 33/333 MS: 4 ShuffleBytes-CMP-EraseBytes-EraseBytes- DE: "atad"-
#431	REDUCE cov: 123 ft: 423 corp: 50/8003b lim: 333 exec/s: 0 rss: 29Mb L: 329/333 MS: 4 ShuffleBytes-CopyPart-CopyPart-EraseBytes-
#453	NEW    cov: 123 ft: 424 corp: 51/8237b lim: 333 exec/s: 0 rss: 29Mb L: 234/333 MS: 2 CMP-CMP- DE: "\001\036"-"N7ISOBMFF12Con"-
#489	NEW    cov: 123 ft: 425 corp: 52/8457b lim: 333 exec/s: 0 rss: 29Mb L: 220/333 MS: 1 CopyPart-
#549	REDUCE cov: 123 ft: 425 corp: 52/8338b lim: 333 exec/s: 0 rss: 29Mb L: 214/333 MS: 5 CopyPart-CrossOver-CrossOver-ChangeByte-EraseBytes-
#686	NEW    cov: 123 ft: 439 corp: 53/8368b lim: 333 exec/s: 0 rss: 29Mb L: 30/333 MS: 2 ChangeBit-EraseBytes-
#705	NEW    cov: 123 ft: 440 corp: 54/8634b lim: 333 exec/s: 0 rss: 29Mb L: 266/333 MS: 4 InsertRepeatedBytes-InsertByte-InsertRepeatedBytes-InsertRepeatedBytes-
#738	REDUCE cov: 123 ft: 440 corp: 54/8626b lim: 333 exec/s: 0 rss: 29Mb L: 98/333 MS: 3 CMP-ShuffleBytes-EraseBytes- DE: "edts"-
#740	NEW    cov: 123 ft: 442 corp: 55/8880b lim: 333 exec/s: 0 rss: 29Mb L: 254/333 MS: 2 ChangeBit-InsertByte-
#765	REDUCE cov: 123 ft: 442 corp: 55/8876b lim: 333 exec/s: 0 rss: 29Mb L: 79/333 MS: 5 EraseBytes-CrossOver-EraseBytes-InsertRepeatedBytes-EraseBytes-
#807	NEW    cov: 123 ft: 443 corp: 56/9155b lim: 333 exec/s: 0 rss: 29Mb L: 279/333 MS: 2 ChangeByte-InsertRepeatedBytes-
#884	REDUCE cov: 123 ft: 443 corp: 56/9104b lim: 333 exec/s: 0 rss: 29Mb L: 179/333 MS: 2 ChangeBinInt-EraseBytes-
#915	NEW    cov: 123 ft: 444 corp: 57/9361b lim: 333 exec/s: 0 rss: 29Mb L: 257/333 MS: 1 PersAutoDict- DE: "atad"-
#1005	NEW    cov: 123 ft: 445 corp: 58/9400b lim: 333 exec/s: 0 rss: 29Mb L: 39/333 MS: 5 CrossOver-PersAutoDict-PersAutoDict-InsertRepeatedBytes-EraseBytes- DE: "edts"-"atad"-
#1071	REDUCE cov: 123 ft: 445 corp: 58/9393b lim: 333 exec/s: 0 rss: 29Mb L: 127/333 MS: 1 EraseBytes-
#1087	REDUCE cov: 123 ft: 445 corp: 58/9392b lim: 333 exec/s: 0 rss: 29Mb L: 40/333 MS: 1 EraseBytes-
#1110	NEW    cov: 123 ft: 446 corp: 59/9713b lim: 333 exec/s: 0 rss: 29Mb L: 321/333 MS: 3 ChangeBit-PersAutoDict-InsertRepeatedBytes- DE: "\377\377\377\037"-
#1117	NEW    cov: 123 ft: 447 corp: 60/9983b lim: 333 exec/s: 0 rss: 29Mb L: 270/333 MS: 2 ShuffleBytes-CMP- DE: "schm"-
#1142	REDUCE cov: 123 ft: 447 corp: 60/9927b lim: 333 exec/s: 0 rss: 29Mb L: 164/333 MS: 5 ChangeBit-PersAutoDict-InsertByte-CrossOver-EraseBytes- DE: "\377\377\377\037"-
#1155	REDUCE cov: 123 ft: 447 corp: 60/9924b lim: 333 exec/s: 0 rss: 29Mb L: 47/333 MS: 3 ChangeBinInt-ShuffleBytes-EraseBytes-
#1185	REDUCE cov: 123 ft: 447 corp: 60/9916b lim: 333 exec/s: 0 rss: 29Mb L: 40/333 MS: 5 CopyPart-ChangeBit-InsertByte-CrossOver-EraseBytes-
#1276	NEW    cov: 123 ft: 457 corp: 61/9937b lim: 333 exec/s: 0 rss: 29Mb L: 21/333 MS: 1 EraseBytes-
#1279	REDUCE cov: 123 ft: 457 corp: 61/9924b lim: 333 exec/s: 0 rss: 29Mb L: 319/333 MS: 3 PersAutoDict-InsertByte-EraseBytes- DE: "\377\377v`\314\000\277\360"-
#1376	NEW    cov: 123 ft: 458 corp: 62/9952b lim: 333 exec/s: 0 rss: 29Mb L: 28/333 MS: 2 EraseBytes-PersAutoDict- DE: "schm"-
#1435	REDUCE cov: 123 ft: 458 corp: 62/9943b lim: 333 exec/s: 0 rss: 29Mb L: 320/333 MS: 4 ChangeByte-EraseBytes-ShuffleBytes-CrossOver-
#1467	REDUCE cov: 123 ft: 458 corp: 62/9938b lim: 333 exec/s: 0 rss: 29Mb L: 274/333 MS: 2 InsertRepeatedBytes-EraseBytes-
#1468	REDUCE cov: 123 ft: 458 corp: 62/9935b lim: 333 exec/s: 0 rss: 29Mb L: 37/333 MS: 1 EraseBytes-
#1500	REDUCE cov: 123 ft: 458 corp: 62/9918b lim: 333 exec/s: 0 rss: 29Mb L: 31/333 MS: 2 PersAutoDict-EraseBytes- DE: "\001\036"-
#1529	NEW    cov: 123 ft: 459 corp: 63/10193b lim: 333 exec/s: 0 rss: 29Mb L: 275/333 MS: 4 PersAutoDict-ShuffleBytes-InsertRepeatedBytes-CopyPart- DE: "\377\377v`\314\000\277\360"-
#1543	REDUCE cov: 123 ft: 459 corp: 63/10168b lim: 333 exec/s: 0 rss: 29Mb L: 54/333 MS: 4 ChangeByte-ShuffleBytes-InsertByte-EraseBytes-
#1615	REDUCE cov: 123 ft: 459 corp: 63/10167b lim: 333 exec/s: 0 rss: 29Mb L: 116/333 MS: 2 ShuffleBytes-EraseBytes-
#1663	NEW    cov: 123 ft: 468 corp: 64/10179b lim: 333 exec/s: 0 rss: 29Mb L: 12/333 MS: 3 PersAutoDict-InsertByte-CrossOver- DE: "atad"-
#1777	REDUCE cov: 123 ft: 468 corp: 64/10174b lim: 333 exec/s: 0 rss: 29Mb L: 42/333 MS: 4 ChangeByte-PersAutoDict-ChangeByte-EraseBytes- DE: "schm"-
#1937	REDUCE cov: 123 ft: 468 corp: 64/10150b lim: 333 exec/s: 0 rss: 29Mb L: 155/333 MS: 5 ChangeByte-EraseBytes-PersAutoDict-CMP-PersAutoDict- DE: "\377\377v`\314\000\277\360"-"\322fx\241\215\331\275\365"-"\377\377\377\037"-
#2051	NEW    cov: 123 ft: 469 corp: 65/10335b lim: 333 exec/s: 0 rss: 29Mb L: 185/333 MS: 4 ChangeBinInt-CMP-ChangeBit-PersAutoDict- DE: "naHo"-"\000\000\000\034"-
#2089	NEW    cov: 123 ft: 470 corp: 66/10370b lim: 333 exec/s: 0 rss: 29Mb L: 35/333 MS: 3 ChangeByte-CopyPart-PersAutoDict- DE: "\003\000"-
#2105	REDUCE cov: 123 ft: 470 corp: 66/10346b lim: 333 exec/s: 0 rss: 29Mb L: 261/333 MS: 1 EraseBytes-
#2180	REDUCE cov: 123 ft: 470 corp: 66/10330b lim: 333 exec/s: 0 rss: 29Mb L: 23/333 MS: 5 InsertByte-PersAutoDict-CMP-CopyPart-EraseBytes- DE: "\377\377\377\377\377\377\377\177"-"\010\000\000\000"-
#2229	REDUCE cov: 123 ft: 470 corp: 66/10301b lim: 333 exec/s: 0 rss: 29Mb L: 235/333 MS: 4 CopyPart-ShuffleBytes-EraseBytes-CrossOver-
#2258	REDUCE cov: 123 ft: 470 corp: 66/10247b lim: 333 exec/s: 0 rss: 29Mb L: 198/333 MS: 4 EraseBytes-InsertByte-InsertByte-PersAutoDict- DE: "\377\377"-
#2328	REDUCE cov: 123 ft: 470 corp: 66/10127b lim: 333 exec/s: 0 rss: 29Mb L: 57/333 MS: 5 ChangeASCIIInt-ShuffleBytes-CMP-EraseBytes-EraseBytes- DE: "\004\000"-
#2454	REDUCE cov: 123 ft: 471 corp: 67/10212b lim: 333 exec/s: 0 rss: 29Mb L: 85/333 MS: 1 ChangeBit-
#2529	REDUCE cov: 123 ft: 471 corp: 67/10183b lim: 333 exec/s: 0 rss: 29Mb L: 251/333 MS: 5 EraseBytes-ShuffleBytes-CMP-CMP-CopyPart- DE: "\024\001\000\000\000\000\000\000"-"\000\000\000 "-
#2670	NEW    cov: 125 ft: 473 corp: 68/10512b lim: 333 exec/s: 0 rss: 29Mb L: 329/333 MS: 1 InsertRepeatedBytes-
#2677	REDUCE cov: 125 ft: 474 corp: 69/10835b lim: 333 exec/s: 0 rss: 29Mb L: 323/333 MS: 2 ChangeByte-InsertRepeatedBytes-
#2685	NEW    cov: 125 ft: 481 corp: 70/11166b lim: 333 exec/s: 0 rss: 29Mb L: 331/333 MS: 3 ChangeByte-ChangeBit-CrossOver-
#2908	NEW    cov: 125 ft: 482 corp: 71/11472b lim: 333 exec/s: 0 rss: 29Mb L: 306/333 MS: 3 ChangeASCIIInt-ChangeBit-CopyPart-
#3099	REDUCE cov: 125 ft: 482 corp: 71/11468b lim: 333 exec/s: 0 rss: 29Mb L: 33/333 MS: 1 EraseBytes-
#3150	REDUCE cov: 125 ft: 482 corp: 71/11466b lim: 333 exec/s: 0 rss: 29Mb L: 26/333 MS: 1 EraseBytes-
#3380	NEW    cov: 125 ft: 488 corp: 72/11543b lim: 333 exec/s: 0 rss: 29Mb L: 77/333 MS: 5 ShuffleBytes-InsertRepeatedBytes-PersAutoDict-EraseBytes-CMP- DE: "\001\036"-"mdat"-
#3386	REDUCE cov: 125 ft: 488 corp: 72/11534b lim: 333 exec/s: 0 rss: 29Mb L: 14/333 MS: 1 EraseBytes-
#3439	REDUCE cov: 125 ft: 488 corp: 72/11514b lim: 333 exec/s: 0 rss: 29Mb L: 65/333 MS: 3 CMP-ChangeBinInt-EraseBytes- DE: "j\330\001\314`w\000\000"-
#3461	REDUCE cov: 125 ft: 488 corp: 72/11476b lim: 333 exec/s: 0 rss: 29Mb L: 41/333 MS: 2 ShuffleBytes-EraseBytes-
#3507	REDUCE cov: 125 ft: 488 corp: 72/11441b lim: 333 exec/s: 0 rss: 29Mb L: 293/333 MS: 1 CrossOver-
#3527	NEW    cov: 125 ft: 489 corp: 73/11449b lim: 333 exec/s: 0 rss: 29Mb L: 8/333 MS: 5 ChangeByte-ChangeByte-ChangeBit-InsertByte-EraseBytes-
#3543	REDUCE cov: 125 ft: 489 corp: 73/11447b lim: 333 exec/s: 0 rss: 29Mb L: 114/333 MS: 1 EraseBytes-
#3568	REDUCE cov: 125 ft: 489 corp: 73/11446b lim: 333 exec/s: 0 rss: 29Mb L: 129/333 MS: 5 ChangeBinInt-InsertRepeatedBytes-ChangeByte-ChangeBit-EraseBytes-
#3719	NEW    cov: 125 ft: 490 corp: 74/11524b lim: 333 exec/s: 0 rss: 29Mb L: 78/333 MS: 1 CrossOver-
#3720	REDUCE cov: 125 ft: 490 corp: 74/11519b lim: 333 exec/s: 0 rss: 29Mb L: 180/333 MS: 1 EraseBytes-
#3724	REDUCE cov: 125 ft: 490 corp: 74/11510b lim: 333 exec/s: 0 rss: 29Mb L: 242/333 MS: 4 CopyPart-EraseBytes-ShuffleBytes-InsertRepeatedBytes-
#3738	REDUCE cov: 125 ft: 490 corp: 74/11489b lim: 333 exec/s: 0 rss: 29Mb L: 213/333 MS: 4 CrossOver-ChangeBinInt-ChangeBinInt-CopyPart-
#3747	REDUCE cov: 125 ft: 490 corp: 74/11399b lim: 333 exec/s: 0 rss: 29Mb L: 231/333 MS: 4 ChangeASCIIInt-ChangeByte-ChangeBinInt-EraseBytes-
#3833	REDUCE cov: 125 ft: 490 corp: 74/11393b lim: 333 exec/s: 0 rss: 29Mb L: 27/333 MS: 1 EraseBytes-
#3890	REDUCE cov: 125 ft: 490 corp: 74/11388b lim: 333 exec/s: 0 rss: 29Mb L: 25/333 MS: 2 ChangeBinInt-EraseBytes-
#3922	REDUCE cov: 125 ft: 490 corp: 74/11382b lim: 333 exec/s: 0 rss: 29Mb L: 29/333 MS: 2 ChangeBinInt-EraseBytes-
#3969	REDUCE cov: 125 ft: 490 corp: 74/11377b lim: 333 exec/s: 0 rss: 29Mb L: 22/333 MS: 2 ChangeByte-EraseBytes-
#3987	REDUCE cov: 125 ft: 490 corp: 74/11356b lim: 333 exec/s: 0 rss: 29Mb L: 36/333 MS: 3 PersAutoDict-EraseBytes-CopyPart- DE: "\377\377v`\314\000\277\360"-
#4107	REDUCE cov: 125 ft: 490 corp: 74/11355b lim: 333 exec/s: 0 rss: 29Mb L: 13/333 MS: 5 EraseBytes-ChangeBinInt-PersAutoDict-PersAutoDict-EraseBytes- DE: "j\330\001\314`w\000\000"-"naHo"-
#4223	REDUCE cov: 125 ft: 490 corp: 74/11330b lim: 333 exec/s: 0 rss: 29Mb L: 189/333 MS: 1 EraseBytes-
#4429	REDUCE cov: 125 ft: 490 corp: 74/11315b lim: 333 exec/s: 0 rss: 29Mb L: 18/333 MS: 1 EraseBytes-
#4522	REDUCE cov: 125 ft: 490 corp: 74/11287b lim: 333 exec/s: 0 rss: 29Mb L: 37/333 MS: 3 ShuffleBytes-PersAutoDict-EraseBytes- DE: "mdat"-
#4556	REDUCE cov: 125 ft: 490 corp: 74/11281b lim: 333 exec/s: 0 rss: 29Mb L: 27/333 MS: 4 ChangeASCIIInt-ChangeASCIIInt-EraseBytes-ChangeByte-
#4687	REDUCE cov: 125 ft: 490 corp: 74/11280b lim: 333 exec/s: 0 rss: 30Mb L: 20/333 MS: 1 EraseBytes-
#4799	REDUCE cov: 125 ft: 490 corp: 74/11262b lim: 333 exec/s: 0 rss: 30Mb L: 19/333 MS: 2 ShuffleBytes-EraseBytes-
#4910	REDUCE cov: 125 ft: 490 corp: 74/11236b lim: 333 exec/s: 0 rss: 30Mb L: 51/333 MS: 1 EraseBytes-
#4948	REDUCE cov: 125 ft: 490 corp: 74/11223b lim: 333 exec/s: 0 rss: 30Mb L: 38/333 MS: 3 ChangeBit-ShuffleBytes-EraseBytes-
#5119	REDUCE cov: 125 ft: 490 corp: 74/11220b lim: 333 exec/s: 0 rss: 30Mb L: 34/333 MS: 1 EraseBytes-
#5135	REDUCE cov: 125 ft: 490 corp: 74/11217b lim: 333 exec/s: 0 rss: 30Mb L: 317/333 MS: 1 EraseBytes-
#5181	REDUCE cov: 125 ft: 490 corp: 74/11212b lim: 333 exec/s: 0 rss: 30Mb L: 14/333 MS: 1 EraseBytes-
#5226	REDUCE cov: 125 ft: 490 corp: 74/11197b lim: 333 exec/s: 0 rss: 30Mb L: 304/333 MS: 5 InsertByte-InsertByte-ChangeByte-PersAutoDict-EraseBytes- DE: "naHo"-
#5353	REDUCE cov: 125 ft: 490 corp: 74/11189b lim: 333 exec/s: 0 rss: 30Mb L: 253/333 MS: 2 ChangeByte-EraseBytes-
#5376	REDUCE cov: 125 ft: 490 corp: 74/11188b lim: 333 exec/s: 0 rss: 30Mb L: 144/333 MS: 3 CrossOver-CMP-EraseBytes- DE: "frma"-
#5586	REDUCE cov: 125 ft: 490 corp: 74/11137b lim: 333 exec/s: 0 rss: 30Mb L: 171/333 MS: 5 CrossOver-InsertByte-EraseBytes-ChangeBit-InsertRepeatedBytes-
#5669	REDUCE cov: 125 ft: 490 corp: 74/11134b lim: 333 exec/s: 0 rss: 30Mb L: 9/333 MS: 3 CopyPart-ChangeBinInt-EraseBytes-
#5677	REDUCE cov: 125 ft: 490 corp: 74/11115b lim: 333 exec/s: 0 rss: 30Mb L: 152/333 MS: 3 InsertByte-ChangeBit-EraseBytes-
#5780	REDUCE cov: 125 ft: 490 corp: 74/11113b lim: 333 exec/s: 0 rss: 30Mb L: 11/333 MS: 3 PersAutoDict-CMP-EraseBytes- DE: "frma"-"\255\255\255\255"-
#5982	REDUCE cov: 125 ft: 491 corp: 75/11151b lim: 333 exec/s: 0 rss: 30Mb L: 38/333 MS: 2 CopyPart-EraseBytes-
#6021	REDUCE cov: 125 ft: 491 corp: 75/11150b lim: 333 exec/s: 0 rss: 30Mb L: 21/333 MS: 4 CrossOver-ShuffleBytes-PersAutoDict-EraseBytes- DE: "\010\000\000\000"-
#6032	REDUCE cov: 125 ft: 491 corp: 75/11130b lim: 333 exec/s: 0 rss: 30Mb L: 22/333 MS: 1 EraseBytes-
#6120	REDUCE cov: 125 ft: 491 corp: 75/11126b lim: 333 exec/s: 0 rss: 30Mb L: 17/333 MS: 3 ChangeByte-PersAutoDict-EraseBytes- DE: "edts"-
#6357	REDUCE cov: 125 ft: 491 corp: 75/11125b lim: 333 exec/s: 6357 rss: 30Mb L: 28/333 MS: 1 EraseBytes-
#6689	REDUCE cov: 125 ft: 491 corp: 75/11118b lim: 333 exec/s: 6689 rss: 30Mb L: 11/333 MS: 2 ChangeBit-EraseBytes-
#6834	REDUCE cov: 125 ft: 491 corp: 75/11052b lim: 333 exec/s: 6834 rss: 30Mb L: 61/333 MS: 5 ChangeBinInt-CrossOver-ChangeBinInt-ChangeASCIIInt-CrossOver-
#6862	NEW    cov: 125 ft: 492 corp: 76/11385b lim: 333 exec/s: 6862 rss: 30Mb L: 333/333 MS: 3 ShuffleBytes-PersAutoDict-ChangeBinInt- DE: "\024\001\000\000\000\000\000\000"-
#6864	NEW    cov: 125 ft: 500 corp: 77/11718b lim: 333 exec/s: 6864 rss: 30Mb L: 333/333 MS: 2 ChangeBinInt-ShuffleBytes-
#6929	REDUCE cov: 125 ft: 500 corp: 77/11714b lim: 333 exec/s: 6929 rss: 30Mb L: 50/333 MS: 5 InsertRepeatedBytes-CopyPart-ChangeBit-CMP-EraseBytes- DE: "stts"-
#7026	REDUCE cov: 125 ft: 500 corp: 77/11713b lim: 333 exec/s: 7026 rss: 30Mb L: 10/333 MS: 2 ShuffleBytes-EraseBytes-
#7041	REDUCE cov: 125 ft: 500 corp: 77/11705b lim: 333 exec/s: 7041 rss: 30Mb L: 217/333 MS: 5 PersAutoDict-ChangeBit-InsertByte-ChangeBit-EraseBytes- DE: "\000\000\000 "-
#7344	REDUCE cov: 125 ft: 500 corp: 77/11696b lim: 333 exec/s: 7344 rss: 30Mb L: 190/333 MS: 3 PersAutoDict-ChangeBinInt-EraseBytes- DE: "\000\000\000 "-
#7359	REDUCE cov: 125 ft: 500 corp: 77/11693b lim: 333 exec/s: 7359 rss: 30Mb L: 24/333 MS: 5 EraseBytes-PersAutoDict-CMP-CMP-InsertByte- DE: "\322fx\241\215\331\275\365"-"\000\366}\326\377\177\000\000"-"\031\000\000\000"-
#7379	REDUCE cov: 125 ft: 500 corp: 77/11681b lim: 333 exec/s: 7379 rss: 30Mb L: 26/333 MS: 5 InsertByte-ChangeBinInt-PersAutoDict-PersAutoDict-EraseBytes- DE: "\377\377"-"\377\377\377\037"-
#7486	REDUCE cov: 125 ft: 500 corp: 77/11672b lim: 333 exec/s: 7486 rss: 30Mb L: 17/333 MS: 2 ChangeBit-EraseBytes-
#7539	REDUCE cov: 125 ft: 500 corp: 77/11656b lim: 333 exec/s: 7539 rss: 30Mb L: 277/333 MS: 3 EraseBytes-ChangeASCIIInt-EraseBytes-
#7540	REDUCE cov: 125 ft: 500 corp: 77/11655b lim: 333 exec/s: 7540 rss: 30Mb L: 197/333 MS: 1 EraseBytes-
#7555	REDUCE cov: 125 ft: 500 corp: 77/11654b lim: 333 exec/s: 7555 rss: 30Mb L: 30/333 MS: 5 CopyPart-ChangeBinInt-CrossOver-EraseBytes-EraseBytes-
#7874	REDUCE cov: 125 ft: 501 corp: 78/11918b lim: 333 exec/s: 7874 rss: 30Mb L: 264/333 MS: 4 InsertRepeatedBytes-ShuffleBytes-ChangeByte-EraseBytes-
#7912	REDUCE cov: 125 ft: 501 corp: 78/11917b lim: 333 exec/s: 7912 rss: 30Mb L: 10/333 MS: 3 ChangeBit-InsertByte-EraseBytes-
#7923	REDUCE cov: 125 ft: 501 corp: 78/11870b lim: 333 exec/s: 7923 rss: 30Mb L: 286/333 MS: 1 EraseBytes-
==635324== ERROR: libFuzzer: out-of-memory (used: 1124Mb; limit: 1024Mb)
   To change the out-of-memory limit use -rss_limit_mb=<N>

MS: 1 PersAutoDict- DE: "\377\377\377\377\377\377\377\177"-; base unit: 23a8b421ec831245bf325de6528ea5ab40725a0d
0x0,0x0,0x0,0x18,0x66,0x74,0x79,0x70,0x6d,0x70,0x2b,0x69,0xff,0xff,0xff,0xff,0xff,0xff,0xff,0x7f,0x8b,0xff,0xff,0xfd,0x0,0x0,0x0,0x1,0x1e,0x0,0x0,0x0,0x0,0x0,0x0,0x1,0x1e,0x0,0x0,0x0,0x0,0x0,0x0,0x0,0x0,0x0,
\000\000\000\030ftypmp+i\377\377\377\377\377\377\377\177\213\377\377\375\000\000\000\001\036\000\000\000\000\000\000\001\036\000\000\000\000\000\000\000\000\000
artifact_prefix='/results/crashes/20260313_174211_b410f107_'; Test unit written to /results/crashes/20260313_174211_b410f107_oom-a848ffdab4b5d3ea54d6912485a35fe056f01c96
Base64: AAAAGGZ0eXBtcCtp/////////3+L///9AAAAAR4AAAAAAAABHgAAAAAAAAAAAA==
SUMMARY: libFuzzer: out-of-memory
stat::number_of_executed_units: 8084
stat::average_exec_per_sec:     4042
stat::new_units_added:          158
stat::slowest_unit_time_sec:    0
stat::peak_rss_mb:              1125
