INFO: Running with entropic power schedule (0xFF, 100).
INFO: Seed: 1418877550
INFO: Loaded 1 modules   (252 inline 8-bit counters): 252 [0x591cef86e678, 0x591cef86e774), 
INFO: Loaded 1 PC tables (252 PCs): 252 [0x591cef86e778,0x591cef86f738), 
INFO:        4 files found in /tmp/corpus_20260313_185640_59bfc136
INFO: seed corpus: files: 4 min: 48b max: 333b total: 853b rss: 28Mb
#5	INITED cov: 117 ft: 250 corp: 4/853b exec/s: 0 rss: 29Mb
#6	NEW    cov: 117 ft: 265 corp: 5/1073b lim: 333 exec/s: 0 rss: 29Mb L: 220/333 MS: 1 CrossOver-
#7	NEW    cov: 117 ft: 273 corp: 6/1221b lim: 333 exec/s: 0 rss: 29Mb L: 148/333 MS: 1 EraseBytes-
#9	NEW    cov: 117 ft: 277 corp: 7/1530b lim: 333 exec/s: 0 rss: 29Mb L: 309/333 MS: 2 ChangeBinInt-InsertRepeatedBytes-
#11	NEW    cov: 117 ft: 278 corp: 8/1760b lim: 333 exec/s: 0 rss: 29Mb L: 230/333 MS: 2 InsertRepeatedBytes-CrossOver-
#12	NEW    cov: 118 ft: 284 corp: 9/2080b lim: 333 exec/s: 0 rss: 29Mb L: 320/333 MS: 1 InsertRepeatedBytes-
#15	NEW    cov: 118 ft: 285 corp: 10/2389b lim: 333 exec/s: 0 rss: 29Mb L: 309/333 MS: 3 ChangeBit-ChangeBit-ShuffleBytes-
#16	NEW    cov: 118 ft: 289 corp: 11/2437b lim: 333 exec/s: 0 rss: 29Mb L: 48/333 MS: 1 CMP- DE: "\373\307\224\362\034Y\000\000"-
#17	NEW    cov: 119 ft: 291 corp: 12/2749b lim: 333 exec/s: 0 rss: 29Mb L: 312/333 MS: 1 EraseBytes-
#20	NEW    cov: 119 ft: 327 corp: 13/2797b lim: 333 exec/s: 0 rss: 29Mb L: 48/333 MS: 3 ChangeASCIIInt-ChangeByte-ChangeByte-
#21	NEW    cov: 119 ft: 336 corp: 14/2932b lim: 333 exec/s: 0 rss: 29Mb L: 135/333 MS: 1 EraseBytes-
#24	NEW    cov: 119 ft: 337 corp: 15/3260b lim: 333 exec/s: 0 rss: 29Mb L: 328/333 MS: 3 ChangeByte-InsertRepeatedBytes-CrossOver-
#25	NEW    cov: 119 ft: 338 corp: 16/3534b lim: 333 exec/s: 0 rss: 29Mb L: 274/333 MS: 1 EraseBytes-
#29	NEW    cov: 120 ft: 340 corp: 17/3831b lim: 333 exec/s: 0 rss: 29Mb L: 297/333 MS: 4 ShuffleBytes-ChangeBit-PersAutoDict-EraseBytes- DE: "\373\307\224\362\034Y\000\000"-
#35	NEW    cov: 120 ft: 349 corp: 18/4048b lim: 333 exec/s: 0 rss: 29Mb L: 217/333 MS: 1 EraseBytes-
#38	NEW    cov: 120 ft: 351 corp: 19/4381b lim: 333 exec/s: 0 rss: 29Mb L: 333/333 MS: 3 InsertByte-CrossOver-InsertRepeatedBytes-
#40	NEW    cov: 120 ft: 361 corp: 20/4709b lim: 333 exec/s: 0 rss: 29Mb L: 328/333 MS: 2 PersAutoDict-CMP- DE: "\373\307\224\362\034Y\000\000"-"\001\000Y\034\362\225\015\327"-
#41	REDUCE cov: 120 ft: 361 corp: 20/4621b lim: 333 exec/s: 0 rss: 29Mb L: 221/333 MS: 1 EraseBytes-
#43	NEW    cov: 121 ft: 362 corp: 21/4624b lim: 333 exec/s: 0 rss: 29Mb L: 3/333 MS: 2 EraseBytes-CrossOver-
#44	NEW    cov: 121 ft: 363 corp: 22/4894b lim: 333 exec/s: 0 rss: 29Mb L: 270/333 MS: 1 CopyPart-
#50	REDUCE cov: 121 ft: 363 corp: 22/4861b lim: 333 exec/s: 0 rss: 29Mb L: 184/333 MS: 1 EraseBytes-
#51	NEW    cov: 121 ft: 383 corp: 23/4890b lim: 333 exec/s: 0 rss: 29Mb L: 29/333 MS: 1 EraseBytes-
#56	NEW    cov: 121 ft: 384 corp: 24/5060b lim: 333 exec/s: 0 rss: 29Mb L: 170/333 MS: 5 ChangeBit-CMP-CrossOver-ChangeBinInt-CrossOver- DE: "St13runtime_"-
#61	REDUCE cov: 121 ft: 399 corp: 25/5161b lim: 333 exec/s: 0 rss: 29Mb L: 101/333 MS: 5 ChangeASCIIInt-CMP-ShuffleBytes-ChangeByte-EraseBytes- DE: "\336i\225\362\034Y\000\000"-
#68	NEW    cov: 121 ft: 400 corp: 26/5210b lim: 333 exec/s: 0 rss: 29Mb L: 49/333 MS: 2 InsertByte-ChangeBinInt-
#72	NEW    cov: 121 ft: 408 corp: 27/5353b lim: 333 exec/s: 0 rss: 29Mb L: 143/333 MS: 4 InsertRepeatedBytes-PersAutoDict-CrossOver-ChangeBit- DE: "\336i\225\362\034Y\000\000"-
#89	NEW    cov: 121 ft: 411 corp: 28/5672b lim: 333 exec/s: 0 rss: 29Mb L: 319/333 MS: 2 InsertByte-InsertRepeatedBytes-
#93	NEW    cov: 121 ft: 412 corp: 29/5965b lim: 333 exec/s: 0 rss: 29Mb L: 293/333 MS: 4 ChangeBit-CopyPart-ChangeBinInt-CrossOver-
#110	NEW    cov: 121 ft: 413 corp: 30/6002b lim: 333 exec/s: 0 rss: 29Mb L: 37/333 MS: 2 ChangeBinInt-EraseBytes-
#119	NEW    cov: 121 ft: 414 corp: 31/6278b lim: 333 exec/s: 0 rss: 29Mb L: 276/333 MS: 4 CopyPart-PersAutoDict-CMP-CopyPart- DE: "\373\307\224\362\034Y\000\000"-"/i\225\362\034Y\000\000"-
#121	REDUCE cov: 121 ft: 415 corp: 32/6392b lim: 333 exec/s: 0 rss: 29Mb L: 114/333 MS: 2 CMP-EraseBytes- DE: "tS"-
#130	NEW    cov: 121 ft: 416 corp: 33/6489b lim: 333 exec/s: 0 rss: 29Mb L: 97/333 MS: 4 CMP-ShuffleBytes-CrossOver-EraseBytes- DE: "\000\000Y\034\357dCJ"-
#133	REDUCE cov: 121 ft: 416 corp: 33/6485b lim: 333 exec/s: 0 rss: 29Mb L: 44/333 MS: 3 CMP-ChangeBit-EraseBytes- DE: "ipma"-
#134	NEW    cov: 121 ft: 417 corp: 34/6548b lim: 333 exec/s: 0 rss: 29Mb L: 63/333 MS: 1 EraseBytes-
#145	NEW    cov: 121 ft: 418 corp: 35/6612b lim: 333 exec/s: 0 rss: 29Mb L: 64/333 MS: 1 InsertByte-
#148	NEW    cov: 121 ft: 435 corp: 36/6625b lim: 333 exec/s: 0 rss: 29Mb L: 13/333 MS: 3 CopyPart-ShuffleBytes-CMP- DE: "\377\377X\034\362\224\355\036"-
#152	NEW    cov: 121 ft: 436 corp: 37/6910b lim: 333 exec/s: 0 rss: 29Mb L: 285/333 MS: 4 ChangeASCIIInt-CrossOver-PersAutoDict-EraseBytes- DE: "\373\307\224\362\034Y\000\000"-
#160	NEW    cov: 121 ft: 437 corp: 38/7011b lim: 333 exec/s: 0 rss: 29Mb L: 101/333 MS: 3 ChangeASCIIInt-ChangeBinInt-CrossOver-
#173	NEW    cov: 121 ft: 438 corp: 39/7109b lim: 333 exec/s: 0 rss: 29Mb L: 98/333 MS: 3 InsertByte-ChangeByte-ShuffleBytes-
#237	NEW    cov: 121 ft: 439 corp: 40/7323b lim: 333 exec/s: 0 rss: 29Mb L: 214/333 MS: 4 InsertRepeatedBytes-ChangeBit-EraseBytes-CMP- DE: "mdat"-
#246	REDUCE cov: 121 ft: 439 corp: 40/7270b lim: 333 exec/s: 0 rss: 29Mb L: 168/333 MS: 4 ChangeBinInt-EraseBytes-CrossOver-PersAutoDict- DE: "tS"-
#268	NEW    cov: 121 ft: 445 corp: 41/7603b lim: 333 exec/s: 0 rss: 29Mb L: 333/333 MS: 2 CopyPart-PersAutoDict- DE: "tS"-
#289	NEW    cov: 121 ft: 453 corp: 42/7620b lim: 333 exec/s: 0 rss: 29Mb L: 17/333 MS: 1 CrossOver-
#290	REDUCE cov: 121 ft: 453 corp: 42/7618b lim: 333 exec/s: 0 rss: 29Mb L: 11/333 MS: 1 EraseBytes-
#299	NEW    cov: 122 ft: 454 corp: 43/7937b lim: 333 exec/s: 0 rss: 29Mb L: 319/333 MS: 4 ChangeBit-ChangeByte-ShuffleBytes-InsertRepeatedBytes-
#344	NEW    cov: 122 ft: 455 corp: 44/8032b lim: 333 exec/s: 0 rss: 29Mb L: 95/333 MS: 5 InsertRepeatedBytes-PersAutoDict-ChangeBit-InsertRepeatedBytes-CrossOver- DE: "ipma"-
#371	REDUCE cov: 122 ft: 455 corp: 44/8027b lim: 333 exec/s: 0 rss: 29Mb L: 225/333 MS: 2 ShuffleBytes-EraseBytes-
#373	NEW    cov: 122 ft: 456 corp: 45/8038b lim: 333 exec/s: 0 rss: 29Mb L: 11/333 MS: 2 CrossOver-CMP- DE: "\001\000\000\000\000\000\000\000"-
#376	REDUCE cov: 122 ft: 456 corp: 45/8024b lim: 333 exec/s: 0 rss: 29Mb L: 319/333 MS: 3 EraseBytes-ShuffleBytes-CopyPart-
#380	NEW    cov: 122 ft: 458 corp: 46/8050b lim: 333 exec/s: 0 rss: 29Mb L: 26/333 MS: 4 CopyPart-CMP-ChangeByte-EraseBytes- DE: "\037\000"-
#382	REDUCE cov: 122 ft: 458 corp: 46/8003b lim: 333 exec/s: 0 rss: 29Mb L: 88/333 MS: 2 ChangeBinInt-EraseBytes-
#393	REDUCE cov: 122 ft: 458 corp: 46/7998b lim: 333 exec/s: 0 rss: 29Mb L: 83/333 MS: 1 EraseBytes-
#409	REDUCE cov: 122 ft: 459 corp: 47/8042b lim: 333 exec/s: 0 rss: 29Mb L: 44/333 MS: 1 ChangeByte-
#421	REDUCE cov: 122 ft: 459 corp: 47/8035b lim: 333 exec/s: 0 rss: 29Mb L: 30/333 MS: 2 ChangeBit-EraseBytes-
#429	NEW    cov: 122 ft: 460 corp: 48/8300b lim: 333 exec/s: 0 rss: 29Mb L: 265/333 MS: 3 InsertByte-CopyPart-InsertRepeatedBytes-
#557	REDUCE cov: 122 ft: 460 corp: 48/8262b lim: 333 exec/s: 0 rss: 29Mb L: 60/333 MS: 3 ShuffleBytes-EraseBytes-ChangeBinInt-
#578	REDUCE cov: 122 ft: 460 corp: 48/8257b lim: 333 exec/s: 0 rss: 29Mb L: 209/333 MS: 1 EraseBytes-
#585	REDUCE cov: 122 ft: 460 corp: 48/8256b lim: 333 exec/s: 0 rss: 29Mb L: 96/333 MS: 2 CrossOver-EraseBytes-
#588	NEW    cov: 122 ft: 467 corp: 49/8290b lim: 333 exec/s: 0 rss: 29Mb L: 34/333 MS: 3 EraseBytes-ShuffleBytes-PersAutoDict- DE: "mdat"-
#594	REDUCE cov: 122 ft: 467 corp: 49/8289b lim: 333 exec/s: 0 rss: 29Mb L: 2/333 MS: 1 EraseBytes-
#645	REDUCE cov: 122 ft: 467 corp: 49/8283b lim: 333 exec/s: 0 rss: 29Mb L: 162/333 MS: 1 EraseBytes-
#663	REDUCE cov: 122 ft: 467 corp: 49/8279b lim: 333 exec/s: 0 rss: 29Mb L: 22/333 MS: 3 PersAutoDict-ChangeASCIIInt-EraseBytes- DE: "\377\377X\034\362\224\355\036"-
#684	REDUCE cov: 122 ft: 467 corp: 49/8278b lim: 333 exec/s: 0 rss: 29Mb L: 1/333 MS: 1 EraseBytes-
#686	REDUCE cov: 122 ft: 467 corp: 49/8273b lim: 333 exec/s: 0 rss: 29Mb L: 25/333 MS: 2 ChangeBit-EraseBytes-
#710	REDUCE cov: 122 ft: 468 corp: 50/8341b lim: 333 exec/s: 0 rss: 29Mb L: 68/333 MS: 4 InsertRepeatedBytes-InsertByte-ChangeBit-EraseBytes-
#722	REDUCE cov: 122 ft: 468 corp: 50/8336b lim: 333 exec/s: 0 rss: 29Mb L: 138/333 MS: 2 CMP-EraseBytes- DE: "\377\377\377U"-
#731	NEW    cov: 122 ft: 469 corp: 51/8349b lim: 333 exec/s: 0 rss: 29Mb L: 13/333 MS: 4 ChangeBinInt-EraseBytes-CrossOver-CrossOver-
#768	REDUCE cov: 122 ft: 469 corp: 51/8346b lim: 333 exec/s: 0 rss: 29Mb L: 93/333 MS: 2 EraseBytes-CopyPart-
#867	REDUCE cov: 122 ft: 469 corp: 51/8247b lim: 333 exec/s: 0 rss: 29Mb L: 126/333 MS: 4 CopyPart-CMP-CrossOver-PersAutoDict- DE: "\377\377\377\006"-"mdat"-
#882	NEW    cov: 122 ft: 470 corp: 52/8504b lim: 333 exec/s: 0 rss: 29Mb L: 257/333 MS: 5 InsertByte-ShuffleBytes-CopyPart-ShuffleBytes-CMP- DE: "\377\377\377\027"-
#884	REDUCE cov: 122 ft: 470 corp: 52/8492b lim: 333 exec/s: 0 rss: 29Mb L: 240/333 MS: 2 InsertRepeatedBytes-EraseBytes-
#961	REDUCE cov: 122 ft: 470 corp: 52/8486b lim: 333 exec/s: 0 rss: 29Mb L: 19/333 MS: 2 InsertByte-EraseBytes-
#962	REDUCE cov: 122 ft: 470 corp: 52/8473b lim: 333 exec/s: 0 rss: 29Mb L: 55/333 MS: 1 EraseBytes-
#998	NEW    cov: 122 ft: 471 corp: 53/8806b lim: 333 exec/s: 0 rss: 29Mb L: 333/333 MS: 1 ChangeBinInt-
#1011	REDUCE cov: 122 ft: 471 corp: 53/8780b lim: 333 exec/s: 0 rss: 29Mb L: 75/333 MS: 3 ChangeBinInt-PersAutoDict-EraseBytes- DE: "tS"-
#1092	NEW    cov: 122 ft: 477 corp: 54/9000b lim: 333 exec/s: 0 rss: 29Mb L: 220/333 MS: 1 ChangeBinInt-
#1124	REDUCE cov: 122 ft: 477 corp: 54/8978b lim: 333 exec/s: 0 rss: 29Mb L: 287/333 MS: 2 InsertByte-EraseBytes-
#1126	REDUCE cov: 122 ft: 477 corp: 54/8976b lim: 333 exec/s: 0 rss: 29Mb L: 53/333 MS: 2 EraseBytes-CrossOver-
#1147	NEW    cov: 122 ft: 491 corp: 55/9242b lim: 333 exec/s: 0 rss: 29Mb L: 266/333 MS: 1 InsertRepeatedBytes-
#1150	REDUCE cov: 122 ft: 491 corp: 55/9149b lim: 333 exec/s: 0 rss: 29Mb L: 91/333 MS: 3 ChangeByte-InsertRepeatedBytes-CrossOver-
#1217	NEW    cov: 122 ft: 492 corp: 56/9470b lim: 333 exec/s: 0 rss: 29Mb L: 321/333 MS: 2 InsertByte-InsertByte-
#1246	REDUCE cov: 122 ft: 492 corp: 56/9432b lim: 333 exec/s: 0 rss: 29Mb L: 53/333 MS: 4 CMP-ChangeBit-ShuffleBytes-EraseBytes- DE: "7\000\000\000"-
#1249	REDUCE cov: 122 ft: 492 corp: 56/9430b lim: 333 exec/s: 0 rss: 29Mb L: 9/333 MS: 3 EraseBytes-CMP-InsertByte- DE: "ispe"-
#1250	REDUCE cov: 122 ft: 492 corp: 56/9400b lim: 333 exec/s: 0 rss: 29Mb L: 179/333 MS: 1 EraseBytes-
#1262	REDUCE cov: 122 ft: 492 corp: 56/9352b lim: 333 exec/s: 0 rss: 29Mb L: 53/333 MS: 2 CMP-EraseBytes- DE: "\001\000\000 "-
#1370	REDUCE cov: 122 ft: 492 corp: 56/9350b lim: 333 exec/s: 0 rss: 29Mb L: 73/333 MS: 3 ChangeBinInt-CrossOver-EraseBytes-
#1610	REDUCE cov: 122 ft: 492 corp: 56/9348b lim: 333 exec/s: 0 rss: 29Mb L: 146/333 MS: 5 ShuffleBytes-InsertRepeatedBytes-EraseBytes-ShuffleBytes-EraseBytes-
#1650	REDUCE cov: 122 ft: 492 corp: 56/9343b lim: 333 exec/s: 0 rss: 29Mb L: 109/333 MS: 5 ShuffleBytes-ShuffleBytes-CrossOver-EraseBytes-InsertByte-
#1748	REDUCE cov: 122 ft: 492 corp: 56/9341b lim: 333 exec/s: 0 rss: 29Mb L: 9/333 MS: 3 PersAutoDict-CopyPart-EraseBytes- DE: "mdat"-
#1898	REDUCE cov: 122 ft: 492 corp: 56/9335b lim: 333 exec/s: 0 rss: 29Mb L: 13/333 MS: 5 ChangeBit-ChangeByte-ShuffleBytes-ChangeBit-EraseBytes-
#1908	NEW    cov: 122 ft: 493 corp: 57/9555b lim: 333 exec/s: 0 rss: 29Mb L: 220/333 MS: 5 ShuffleBytes-CopyPart-CopyPart-ChangeBit-ChangeBit-
#2027	REDUCE cov: 122 ft: 493 corp: 57/9553b lim: 333 exec/s: 0 rss: 29Mb L: 58/333 MS: 4 ChangeBit-CrossOver-ChangeBit-EraseBytes-
#2072	REDUCE cov: 122 ft: 493 corp: 57/9526b lim: 333 exec/s: 0 rss: 29Mb L: 26/333 MS: 5 ChangeBit-CopyPart-ChangeBinInt-EraseBytes-EraseBytes-
#2109	REDUCE cov: 122 ft: 493 corp: 57/9500b lim: 333 exec/s: 0 rss: 29Mb L: 27/333 MS: 2 CrossOver-CrossOver-
#2165	REDUCE cov: 122 ft: 493 corp: 57/9499b lim: 333 exec/s: 0 rss: 29Mb L: 62/333 MS: 1 EraseBytes-
#2177	NEW    cov: 122 ft: 494 corp: 58/9736b lim: 333 exec/s: 0 rss: 29Mb L: 237/333 MS: 2 ShuffleBytes-CrossOver-
#2228	REDUCE cov: 122 ft: 494 corp: 58/9734b lim: 333 exec/s: 0 rss: 29Mb L: 20/333 MS: 1 EraseBytes-
#2344	REDUCE cov: 122 ft: 494 corp: 58/9712b lim: 333 exec/s: 0 rss: 29Mb L: 42/333 MS: 1 EraseBytes-
#2351	NEW    cov: 122 ft: 495 corp: 59/9969b lim: 333 exec/s: 0 rss: 29Mb L: 257/333 MS: 2 CopyPart-CopyPart-
#2421	REDUCE cov: 122 ft: 495 corp: 59/9968b lim: 333 exec/s: 0 rss: 29Mb L: 19/333 MS: 5 ShuffleBytes-CMP-EraseBytes-ChangeByte-EraseBytes- DE: "\377\377\377\004"-
#2732	REDUCE cov: 122 ft: 495 corp: 59/9952b lim: 333 exec/s: 0 rss: 29Mb L: 250/333 MS: 1 EraseBytes-
#2930	REDUCE cov: 122 ft: 496 corp: 60/10019b lim: 333 exec/s: 0 rss: 29Mb L: 67/333 MS: 3 CMP-CrossOver-EraseBytes- DE: "\001\000\000\000\000\000\000\004"-
#3112	REDUCE cov: 122 ft: 496 corp: 60/9999b lim: 333 exec/s: 0 rss: 29Mb L: 265/333 MS: 2 CrossOver-EraseBytes-
#3210	REDUCE cov: 122 ft: 496 corp: 60/9980b lim: 333 exec/s: 0 rss: 29Mb L: 300/333 MS: 3 ChangeBinInt-ChangeBinInt-CrossOver-
#3221	REDUCE cov: 122 ft: 496 corp: 60/9977b lim: 333 exec/s: 0 rss: 29Mb L: 159/333 MS: 1 EraseBytes-
#3234	NEW    cov: 122 ft: 497 corp: 61/10205b lim: 333 exec/s: 0 rss: 29Mb L: 228/333 MS: 3 ChangeBit-ChangeBinInt-CMP- DE: "\000\000|\225T\001\272P"-
#3236	REDUCE cov: 122 ft: 497 corp: 61/10194b lim: 333 exec/s: 0 rss: 29Mb L: 23/333 MS: 2 CrossOver-EraseBytes-
#3261	REDUCE cov: 122 ft: 497 corp: 61/10189b lim: 333 exec/s: 0 rss: 29Mb L: 260/333 MS: 5 ChangeByte-InsertRepeatedBytes-ChangeBit-CMP-EraseBytes- DE: "\377\377"-
#3287	REDUCE cov: 122 ft: 497 corp: 61/10178b lim: 333 exec/s: 0 rss: 29Mb L: 16/333 MS: 1 EraseBytes-
#3437	REDUCE cov: 122 ft: 497 corp: 61/10173b lim: 333 exec/s: 0 rss: 29Mb L: 90/333 MS: 5 InsertByte-PersAutoDict-PersAutoDict-EraseBytes-InsertByte- DE: "\001\000\000\000\000\000\000\004"-"\377\377\377\027"-
#3468	REDUCE cov: 122 ft: 497 corp: 61/10121b lim: 333 exec/s: 0 rss: 29Mb L: 127/333 MS: 1 EraseBytes-
#3493	REDUCE cov: 122 ft: 497 corp: 61/10102b lim: 333 exec/s: 0 rss: 29Mb L: 274/333 MS: 5 CopyPart-InsertRepeatedBytes-CMP-ShuffleBytes-EraseBytes- DE: "_(\003T\225|\000\000"-
#3495	REDUCE cov: 122 ft: 497 corp: 61/10100b lim: 333 exec/s: 0 rss: 29Mb L: 11/333 MS: 2 PersAutoDict-EraseBytes- DE: "mdat"-
#3672	REDUCE cov: 122 ft: 497 corp: 61/10064b lim: 333 exec/s: 0 rss: 29Mb L: 47/333 MS: 2 ChangeBinInt-EraseBytes-
#3760	REDUCE cov: 122 ft: 497 corp: 61/10062b lim: 333 exec/s: 0 rss: 29Mb L: 40/333 MS: 3 PersAutoDict-ChangeByte-EraseBytes- DE: "7\000\000\000"-
#3951	NEW    cov: 122 ft: 498 corp: 62/10391b lim: 333 exec/s: 0 rss: 29Mb L: 329/333 MS: 1 EraseBytes-
#4003	REDUCE cov: 122 ft: 498 corp: 62/10383b lim: 333 exec/s: 0 rss: 29Mb L: 32/333 MS: 2 EraseBytes-PersAutoDict- DE: "\373\307\224\362\034Y\000\000"-
#4170	REDUCE cov: 122 ft: 498 corp: 62/10378b lim: 333 exec/s: 0 rss: 29Mb L: 27/333 MS: 2 ShuffleBytes-EraseBytes-
#4177	REDUCE cov: 122 ft: 498 corp: 62/10370b lim: 333 exec/s: 0 rss: 29Mb L: 8/333 MS: 2 ChangeBinInt-EraseBytes-
#4221	REDUCE cov: 122 ft: 498 corp: 62/10362b lim: 333 exec/s: 0 rss: 29Mb L: 40/333 MS: 4 CrossOver-ShuffleBytes-ShuffleBytes-EraseBytes-
#4438	NEW    cov: 122 ft: 499 corp: 63/10695b lim: 333 exec/s: 0 rss: 29Mb L: 333/333 MS: 2 ChangeBit-ChangeBit-
#4656	REDUCE cov: 122 ft: 499 corp: 63/10662b lim: 333 exec/s: 0 rss: 29Mb L: 237/333 MS: 3 ChangeBinInt-PersAutoDict-EraseBytes- DE: "mdat"-
#4661	REDUCE cov: 122 ft: 499 corp: 63/10654b lim: 333 exec/s: 0 rss: 29Mb L: 18/333 MS: 5 PersAutoDict-CopyPart-PersAutoDict-ShuffleBytes-EraseBytes- DE: "\001\000Y\034\362\225\015\327"-"\377\377\377\027"-
#4841	REDUCE cov: 122 ft: 499 corp: 63/10649b lim: 333 exec/s: 0 rss: 29Mb L: 35/333 MS: 5 ChangeBinInt-InsertByte-CMP-CopyPart-EraseBytes- DE: "avc1"-
#5044	REDUCE cov: 122 ft: 499 corp: 63/10648b lim: 333 exec/s: 0 rss: 29Mb L: 43/333 MS: 3 ChangeBit-ChangeASCIIInt-EraseBytes-
#5325	REDUCE cov: 122 ft: 499 corp: 63/10644b lim: 333 exec/s: 0 rss: 29Mb L: 14/333 MS: 1 EraseBytes-
#5356	REDUCE cov: 122 ft: 499 corp: 63/10642b lim: 333 exec/s: 0 rss: 29Mb L: 168/333 MS: 1 EraseBytes-
#5442	REDUCE cov: 122 ft: 499 corp: 63/10624b lim: 333 exec/s: 0 rss: 29Mb L: 256/333 MS: 1 EraseBytes-
#5685	REDUCE cov: 122 ft: 499 corp: 63/10616b lim: 333 exec/s: 0 rss: 29Mb L: 160/333 MS: 3 ChangeBinInt-ChangeByte-EraseBytes-
#5732	REDUCE cov: 122 ft: 499 corp: 63/10610b lim: 333 exec/s: 0 rss: 29Mb L: 17/333 MS: 2 CrossOver-EraseBytes-
#5834	REDUCE cov: 122 ft: 499 corp: 63/10609b lim: 333 exec/s: 0 rss: 29Mb L: 8/333 MS: 2 ChangeBinInt-EraseBytes-
#5900	REDUCE cov: 122 ft: 499 corp: 63/10567b lim: 333 exec/s: 0 rss: 29Mb L: 291/333 MS: 1 EraseBytes-
#6007	REDUCE cov: 122 ft: 499 corp: 63/10536b lim: 333 exec/s: 0 rss: 29Mb L: 96/333 MS: 2 PersAutoDict-EraseBytes- DE: "\000\000Y\034\357dCJ"-
#6106	REDUCE cov: 122 ft: 499 corp: 63/10533b lim: 333 exec/s: 0 rss: 29Mb L: 32/333 MS: 4 InsertRepeatedBytes-EraseBytes-InsertByte-PersAutoDict- DE: "\000\000Y\034\357dCJ"-
#6525	REDUCE cov: 122 ft: 499 corp: 63/10531b lim: 333 exec/s: 6525 rss: 29Mb L: 94/333 MS: 3 CopyPart-CopyPart-EraseBytes-
#6546	REDUCE cov: 122 ft: 499 corp: 63/10526b lim: 333 exec/s: 6546 rss: 29Mb L: 9/333 MS: 1 EraseBytes-
#6794	NEW    cov: 122 ft: 507 corp: 64/10833b lim: 333 exec/s: 6794 rss: 29Mb L: 307/333 MS: 3 CopyPart-ChangeByte-InsertRepeatedBytes-
#6826	NEW    cov: 122 ft: 508 corp: 65/11105b lim: 333 exec/s: 6826 rss: 29Mb L: 272/333 MS: 2 EraseBytes-EraseBytes-
#6905	REDUCE cov: 122 ft: 508 corp: 65/11096b lim: 333 exec/s: 6905 rss: 29Mb L: 311/333 MS: 4 CopyPart-CrossOver-ChangeBit-EraseBytes-
#6915	REDUCE cov: 122 ft: 508 corp: 65/11085b lim: 333 exec/s: 6915 rss: 29Mb L: 276/333 MS: 5 ChangeBinInt-ChangeByte-EraseBytes-InsertRepeatedBytes-InsertRepeatedBytes-
#7075	REDUCE cov: 122 ft: 508 corp: 65/11075b lim: 333 exec/s: 7075 rss: 29Mb L: 246/333 MS: 5 EraseBytes-ChangeASCIIInt-EraseBytes-InsertRepeatedBytes-CopyPart-
#7211	REDUCE cov: 122 ft: 508 corp: 65/11072b lim: 333 exec/s: 7211 rss: 29Mb L: 8/333 MS: 1 EraseBytes-
==859702== ERROR: libFuzzer: out-of-memory (used: 1347Mb; limit: 1024Mb)
   To change the out-of-memory limit use -rss_limit_mb=<N>

MS: 4 EraseBytes-PersAutoDict-CrossOver-InsertRepeatedBytes- DE: "\373\307\224\362\034Y\000\000"-; base unit: 160e5cf07422d92434c57e4b13349237475358c0
artifact_prefix='/results/crashes/20260313_185640_59bfc136_'; Test unit written to /results/crashes/20260313_185640_59bfc136_oom-b4ce6f824255e41d9a84a261a6faa8e29c7bee85
SUMMARY: libFuzzer: out-of-memory
stat::number_of_executed_units: 7270
stat::average_exec_per_sec:     3635
stat::new_units_added:          141
stat::slowest_unit_time_sec:    0
stat::peak_rss_mb:              1348
