INFO: Running with entropic power schedule (0xFF, 100).
INFO: Seed: 2175666780
INFO: Loaded 1 modules   (252 inline 8-bit counters): 252 [0x58ab28eca678, 0x58ab28eca774), 
INFO: Loaded 1 PC tables (252 PCs): 252 [0x58ab28eca778,0x58ab28ecb738), 
INFO:        4 files found in /tmp/corpus_20260313_154228_f2958319
INFO: seed corpus: files: 4 min: 48b max: 333b total: 853b rss: 28Mb
#5	INITED cov: 119 ft: 251 corp: 4/853b exec/s: 0 rss: 29Mb
#7	NEW    cov: 119 ft: 264 corp: 5/939b lim: 333 exec/s: 0 rss: 29Mb L: 86/333 MS: 2 CrossOver-CopyPart-
#8	NEW    cov: 120 ft: 274 corp: 6/1249b lim: 333 exec/s: 0 rss: 29Mb L: 310/333 MS: 1 CopyPart-
#9	NEW    cov: 120 ft: 285 corp: 7/1566b lim: 333 exec/s: 0 rss: 29Mb L: 317/333 MS: 1 InsertRepeatedBytes-
#13	NEW    cov: 120 ft: 290 corp: 8/1653b lim: 333 exec/s: 0 rss: 29Mb L: 87/333 MS: 4 ShuffleBytes-ChangeBit-ShuffleBytes-InsertByte-
#15	NEW    cov: 121 ft: 293 corp: 9/1986b lim: 333 exec/s: 0 rss: 29Mb L: 333/333 MS: 2 ChangeBit-CrossOver-
#20	NEW    cov: 122 ft: 295 corp: 10/2310b lim: 333 exec/s: 0 rss: 29Mb L: 324/333 MS: 5 InsertByte-ChangeBit-CopyPart-InsertByte-InsertByte-
#22	NEW    cov: 122 ft: 298 corp: 11/2475b lim: 333 exec/s: 0 rss: 29Mb L: 165/333 MS: 2 CopyPart-EraseBytes-
#23	NEW    cov: 122 ft: 313 corp: 12/2548b lim: 333 exec/s: 0 rss: 29Mb L: 73/333 MS: 1 CrossOver-
#29	NEW    cov: 122 ft: 314 corp: 13/2876b lim: 333 exec/s: 0 rss: 29Mb L: 328/333 MS: 1 CMP- DE: "pixi"-
#30	NEW    cov: 122 ft: 315 corp: 14/3208b lim: 333 exec/s: 0 rss: 29Mb L: 332/333 MS: 1 CopyPart-
#40	NEW    cov: 122 ft: 324 corp: 15/3525b lim: 333 exec/s: 0 rss: 29Mb L: 317/333 MS: 5 ChangeBinInt-ChangeBinInt-ChangeBit-ChangeBinInt-ChangeByte-
#48	NEW    cov: 122 ft: 330 corp: 16/3681b lim: 333 exec/s: 0 rss: 29Mb L: 156/333 MS: 3 InsertRepeatedBytes-EraseBytes-EraseBytes-
#56	NEW    cov: 122 ft: 331 corp: 17/3814b lim: 333 exec/s: 0 rss: 29Mb L: 133/333 MS: 3 ChangeByte-ChangeBinInt-CopyPart-
#59	NEW    cov: 122 ft: 338 corp: 18/3943b lim: 333 exec/s: 0 rss: 29Mb L: 129/333 MS: 3 InsertRepeatedBytes-EraseBytes-EraseBytes-
#61	REDUCE cov: 122 ft: 338 corp: 18/3929b lim: 333 exec/s: 0 rss: 29Mb L: 119/333 MS: 2 ChangeByte-EraseBytes-
#67	NEW    cov: 122 ft: 339 corp: 19/4261b lim: 333 exec/s: 0 rss: 29Mb L: 332/333 MS: 1 CMP- DE: "\344\231\311(\253X\000\000"-
#69	NEW    cov: 122 ft: 371 corp: 20/4418b lim: 333 exec/s: 0 rss: 29Mb L: 157/333 MS: 2 InsertByte-ChangeByte-
#70	REDUCE cov: 122 ft: 371 corp: 20/4380b lim: 333 exec/s: 0 rss: 29Mb L: 49/333 MS: 1 EraseBytes-
#74	REDUCE cov: 122 ft: 371 corp: 20/4356b lim: 333 exec/s: 0 rss: 29Mb L: 49/333 MS: 4 ChangeBit-ChangeBinInt-ChangeBit-EraseBytes-
#76	REDUCE cov: 122 ft: 371 corp: 20/4211b lim: 333 exec/s: 0 rss: 29Mb L: 172/333 MS: 2 ChangeByte-EraseBytes-
#98	NEW    cov: 122 ft: 372 corp: 21/4308b lim: 333 exec/s: 0 rss: 29Mb L: 97/333 MS: 2 ChangeBit-EraseBytes-
#100	REDUCE cov: 122 ft: 373 corp: 22/4488b lim: 333 exec/s: 0 rss: 29Mb L: 180/333 MS: 2 ChangeByte-PersAutoDict- DE: "\344\231\311(\253X\000\000"-
#101	NEW    cov: 122 ft: 377 corp: 23/4536b lim: 333 exec/s: 0 rss: 29Mb L: 48/333 MS: 1 PersAutoDict- DE: "pixi"-
#115	REDUCE cov: 123 ft: 378 corp: 24/4740b lim: 333 exec/s: 0 rss: 29Mb L: 204/333 MS: 4 ShuffleBytes-ChangeBit-ChangeBinInt-CrossOver-
#117	NEW    cov: 123 ft: 379 corp: 25/4839b lim: 333 exec/s: 0 rss: 29Mb L: 99/333 MS: 2 ChangeBinInt-CrossOver-
#123	NEW    cov: 123 ft: 380 corp: 26/4964b lim: 333 exec/s: 0 rss: 29Mb L: 125/333 MS: 1 CrossOver-
#146	NEW    cov: 123 ft: 381 corp: 27/5045b lim: 333 exec/s: 0 rss: 29Mb L: 81/333 MS: 3 EraseBytes-ShuffleBytes-EraseBytes-
#149	NEW    cov: 123 ft: 382 corp: 28/5164b lim: 333 exec/s: 0 rss: 29Mb L: 119/333 MS: 3 ChangeByte-CopyPart-EraseBytes-
#162	NEW    cov: 123 ft: 400 corp: 29/5176b lim: 333 exec/s: 0 rss: 29Mb L: 12/333 MS: 3 ChangeBit-CMP-CrossOver- DE: "minf"-
#178	REDUCE cov: 123 ft: 400 corp: 29/5098b lim: 333 exec/s: 0 rss: 29Mb L: 94/333 MS: 1 EraseBytes-
#179	NEW    cov: 123 ft: 401 corp: 30/5146b lim: 333 exec/s: 0 rss: 29Mb L: 48/333 MS: 1 PersAutoDict- DE: "minf"-
#187	REDUCE cov: 123 ft: 402 corp: 31/5214b lim: 333 exec/s: 0 rss: 29Mb L: 68/333 MS: 3 ShuffleBytes-CrossOver-EraseBytes-
#193	NEW    cov: 123 ft: 403 corp: 32/5392b lim: 333 exec/s: 0 rss: 29Mb L: 178/333 MS: 1 EraseBytes-
#197	NEW    cov: 123 ft: 404 corp: 33/5714b lim: 333 exec/s: 0 rss: 29Mb L: 322/333 MS: 4 ShuffleBytes-ShuffleBytes-CrossOver-EraseBytes-
#200	NEW    cov: 123 ft: 405 corp: 34/5767b lim: 333 exec/s: 0 rss: 29Mb L: 53/333 MS: 3 CrossOver-ChangeBit-CrossOver-
#203	REDUCE cov: 123 ft: 405 corp: 34/5762b lim: 333 exec/s: 0 rss: 29Mb L: 160/333 MS: 3 ChangeBit-CMP-EraseBytes- DE: "\001\032"-
#231	NEW    cov: 123 ft: 406 corp: 35/5946b lim: 333 exec/s: 0 rss: 29Mb L: 184/333 MS: 3 ChangeByte-CMP-CMP- DE: "infe"-"\000\000\0001"-
#263	REDUCE cov: 123 ft: 406 corp: 35/5918b lim: 333 exec/s: 0 rss: 29Mb L: 40/333 MS: 2 ChangeByte-EraseBytes-
#264	NEW    cov: 123 ft: 407 corp: 36/6144b lim: 333 exec/s: 0 rss: 29Mb L: 226/333 MS: 1 InsertRepeatedBytes-
#285	REDUCE cov: 123 ft: 418 corp: 37/6169b lim: 333 exec/s: 0 rss: 29Mb L: 25/333 MS: 1 EraseBytes-
#306	NEW    cov: 123 ft: 419 corp: 38/6386b lim: 333 exec/s: 0 rss: 29Mb L: 217/333 MS: 1 EraseBytes-
#311	NEW    cov: 123 ft: 421 corp: 39/6680b lim: 333 exec/s: 0 rss: 29Mb L: 294/333 MS: 5 ShuffleBytes-ChangeBit-CMP-InsertRepeatedBytes-CopyPart- DE: "\001\000\000\007"-
#313	REDUCE cov: 123 ft: 421 corp: 39/6671b lim: 333 exec/s: 0 rss: 29Mb L: 116/333 MS: 2 PersAutoDict-EraseBytes- DE: "minf"-
#346	NEW    cov: 123 ft: 422 corp: 40/6969b lim: 333 exec/s: 0 rss: 29Mb L: 298/333 MS: 3 PersAutoDict-ChangeByte-ChangeByte- DE: "pixi"-
#374	REDUCE cov: 123 ft: 422 corp: 40/6947b lim: 333 exec/s: 0 rss: 29Mb L: 158/333 MS: 3 PersAutoDict-ChangeByte-EraseBytes- DE: "\000\000\0001"-
#419	NEW    cov: 123 ft: 427 corp: 41/7278b lim: 333 exec/s: 0 rss: 29Mb L: 331/333 MS: 5 ChangeBit-CrossOver-CMP-ChangeByte-CrossOver- DE: "ipma"-
#425	NEW    cov: 123 ft: 430 corp: 42/7328b lim: 333 exec/s: 0 rss: 29Mb L: 50/333 MS: 1 PersAutoDict- DE: "\001\032"-
#450	NEW    cov: 123 ft: 431 corp: 43/7511b lim: 333 exec/s: 0 rss: 29Mb L: 183/333 MS: 5 ChangeBit-ChangeBit-ChangeBit-InsertRepeatedBytes-CrossOver-
#494	REDUCE cov: 123 ft: 431 corp: 43/7482b lim: 333 exec/s: 0 rss: 29Mb L: 68/333 MS: 4 EraseBytes-ChangeASCIIInt-ChangeBinInt-PersAutoDict- DE: "ipma"-
#516	NEW    cov: 123 ft: 433 corp: 44/7776b lim: 333 exec/s: 0 rss: 29Mb L: 294/333 MS: 2 CrossOver-CopyPart-
#583	NEW    cov: 123 ft: 435 corp: 45/7808b lim: 333 exec/s: 0 rss: 29Mb L: 32/333 MS: 2 ChangeASCIIInt-EraseBytes-
#619	REDUCE cov: 123 ft: 437 corp: 46/7844b lim: 333 exec/s: 0 rss: 29Mb L: 36/333 MS: 1 EraseBytes-
#723	REDUCE cov: 123 ft: 437 corp: 46/7840b lim: 333 exec/s: 0 rss: 29Mb L: 90/333 MS: 4 CrossOver-PersAutoDict-ChangeASCIIInt-EraseBytes- DE: "\344\231\311(\253X\000\000"-
#785	NEW    cov: 123 ft: 445 corp: 47/7863b lim: 333 exec/s: 0 rss: 29Mb L: 23/333 MS: 2 EraseBytes-EraseBytes-
#792	NEW    cov: 123 ft: 446 corp: 48/8193b lim: 333 exec/s: 0 rss: 29Mb L: 330/333 MS: 2 ChangeBinInt-CrossOver-
#811	NEW    cov: 123 ft: 447 corp: 49/8525b lim: 333 exec/s: 0 rss: 29Mb L: 332/333 MS: 4 ShuffleBytes-CMP-InsertRepeatedBytes-PersAutoDict- DE: "ipco"-"\001\032"-
#814	REDUCE cov: 123 ft: 447 corp: 49/8483b lim: 333 exec/s: 0 rss: 29Mb L: 74/333 MS: 3 ShuffleBytes-ShuffleBytes-EraseBytes-
#829	REDUCE cov: 123 ft: 447 corp: 49/8480b lim: 333 exec/s: 0 rss: 29Mb L: 65/333 MS: 5 InsertRepeatedBytes-ShuffleBytes-InsertByte-EraseBytes-InsertByte-
#854	REDUCE cov: 123 ft: 449 corp: 50/8488b lim: 333 exec/s: 0 rss: 29Mb L: 8/333 MS: 5 ChangeBit-CrossOver-ChangeBinInt-EraseBytes-CrossOver-
#872	REDUCE cov: 123 ft: 449 corp: 50/8446b lim: 333 exec/s: 0 rss: 29Mb L: 210/333 MS: 3 InsertRepeatedBytes-InsertRepeatedBytes-EraseBytes-
#917	NEW    cov: 123 ft: 469 corp: 51/8543b lim: 333 exec/s: 0 rss: 29Mb L: 97/333 MS: 5 CrossOver-EraseBytes-ChangeByte-ChangeByte-PersAutoDict- DE: "ipma"-
#1060	NEW    cov: 123 ft: 474 corp: 52/8676b lim: 333 exec/s: 0 rss: 29Mb L: 133/333 MS: 3 ChangeByte-ShuffleBytes-InsertRepeatedBytes-
#1076	REDUCE cov: 123 ft: 474 corp: 52/8644b lim: 333 exec/s: 0 rss: 29Mb L: 300/333 MS: 1 EraseBytes-
#1112	NEW    cov: 123 ft: 478 corp: 53/8709b lim: 333 exec/s: 0 rss: 29Mb L: 65/333 MS: 1 EraseBytes-
#1133	REDUCE cov: 123 ft: 478 corp: 53/8691b lim: 333 exec/s: 0 rss: 29Mb L: 313/333 MS: 1 EraseBytes-
#1168	NEW    cov: 124 ft: 479 corp: 54/8693b lim: 333 exec/s: 0 rss: 29Mb L: 2/333 MS: 5 ChangeByte-CMP-ChangeASCIIInt-InsertRepeatedBytes-CrossOver- DE: "\000\010"-
#1170	NEW    cov: 124 ft: 488 corp: 55/8761b lim: 333 exec/s: 0 rss: 29Mb L: 68/333 MS: 2 EraseBytes-ChangeBit-
#1291	NEW    cov: 124 ft: 489 corp: 56/8784b lim: 333 exec/s: 0 rss: 29Mb L: 23/333 MS: 1 EraseBytes-
#1382	NEW    cov: 124 ft: 493 corp: 57/8845b lim: 333 exec/s: 0 rss: 29Mb L: 61/333 MS: 1 EraseBytes-
#1548	REDUCE cov: 124 ft: 493 corp: 57/8838b lim: 333 exec/s: 0 rss: 29Mb L: 210/333 MS: 1 EraseBytes-
#1671	NEW    cov: 124 ft: 499 corp: 58/9161b lim: 333 exec/s: 0 rss: 29Mb L: 323/333 MS: 3 InsertRepeatedBytes-CopyPart-ChangeBit-
#1680	REDUCE cov: 124 ft: 499 corp: 58/9159b lim: 333 exec/s: 0 rss: 29Mb L: 131/333 MS: 4 CopyPart-PersAutoDict-PersAutoDict-EraseBytes- DE: "\000\000\0001"-"ipco"-
#1686	REDUCE cov: 124 ft: 499 corp: 58/9139b lim: 333 exec/s: 0 rss: 29Mb L: 70/333 MS: 1 EraseBytes-
#1740	REDUCE cov: 124 ft: 500 corp: 59/9331b lim: 333 exec/s: 0 rss: 29Mb L: 192/333 MS: 4 PersAutoDict-CrossOver-InsertRepeatedBytes-CrossOver- DE: "\000\010"-
#1857	REDUCE cov: 124 ft: 500 corp: 59/9308b lim: 333 exec/s: 0 rss: 29Mb L: 133/333 MS: 2 EraseBytes-CopyPart-
#2142	NEW    cov: 125 ft: 506 corp: 60/9537b lim: 333 exec/s: 0 rss: 29Mb L: 229/333 MS: 5 ChangeBit-ChangeByte-ChangeByte-EraseBytes-CMP- DE: "9\220\357E\253X\000\000"-
#2144	NEW    cov: 125 ft: 508 corp: 61/9758b lim: 333 exec/s: 0 rss: 29Mb L: 221/333 MS: 2 ChangeBit-InsertByte-
#2160	REDUCE cov: 125 ft: 508 corp: 61/9755b lim: 333 exec/s: 0 rss: 29Mb L: 20/333 MS: 1 EraseBytes-
#2196	REDUCE cov: 125 ft: 509 corp: 62/9804b lim: 333 exec/s: 0 rss: 29Mb L: 49/333 MS: 1 PersAutoDict- DE: "\000\010"-
#2201	NEW    cov: 125 ft: 519 corp: 63/9990b lim: 333 exec/s: 0 rss: 29Mb L: 186/333 MS: 5 CopyPart-InsertByte-ChangeByte-CopyPart-CrossOver-
#2253	NEW    cov: 126 ft: 521 corp: 64/10211b lim: 333 exec/s: 0 rss: 29Mb L: 221/333 MS: 2 CopyPart-EraseBytes-
#2432	REDUCE cov: 126 ft: 521 corp: 64/10195b lim: 333 exec/s: 0 rss: 29Mb L: 307/333 MS: 4 EraseBytes-ShuffleBytes-InsertByte-CopyPart-
#2488	REDUCE cov: 126 ft: 521 corp: 64/10191b lim: 333 exec/s: 0 rss: 29Mb L: 16/333 MS: 1 EraseBytes-
#2562	REDUCE cov: 126 ft: 521 corp: 64/10185b lim: 333 exec/s: 0 rss: 29Mb L: 113/333 MS: 4 ChangeByte-InsertByte-PersAutoDict-EraseBytes- DE: "minf"-
#2890	REDUCE cov: 126 ft: 521 corp: 64/10155b lim: 333 exec/s: 0 rss: 29Mb L: 40/333 MS: 3 ShuffleBytes-CMP-EraseBytes- DE: "\377\023"-
#3032	REDUCE cov: 126 ft: 521 corp: 64/10150b lim: 333 exec/s: 0 rss: 29Mb L: 35/333 MS: 2 PersAutoDict-EraseBytes- DE: "minf"-
#3172	REDUCE cov: 126 ft: 521 corp: 64/10149b lim: 333 exec/s: 0 rss: 29Mb L: 1/333 MS: 5 InsertByte-CrossOver-ShuffleBytes-EraseBytes-EraseBytes-
#3210	NEW    cov: 126 ft: 522 corp: 65/10414b lim: 333 exec/s: 0 rss: 29Mb L: 265/333 MS: 3 ChangeByte-ChangeBit-InsertRepeatedBytes-
#3252	REDUCE cov: 126 ft: 522 corp: 65/10323b lim: 333 exec/s: 0 rss: 29Mb L: 241/333 MS: 2 ChangeByte-EraseBytes-
#3275	REDUCE cov: 126 ft: 522 corp: 65/10321b lim: 333 exec/s: 0 rss: 29Mb L: 10/333 MS: 3 InsertByte-CopyPart-EraseBytes-
#3562	REDUCE cov: 126 ft: 522 corp: 65/10320b lim: 333 exec/s: 0 rss: 29Mb L: 48/333 MS: 2 ChangeBinInt-EraseBytes-
#3804	REDUCE cov: 126 ft: 522 corp: 65/10319b lim: 333 exec/s: 0 rss: 29Mb L: 73/333 MS: 2 PersAutoDict-EraseBytes- DE: "\001\000\000\007"-
#4096	REDUCE cov: 126 ft: 522 corp: 65/10312b lim: 333 exec/s: 0 rss: 29Mb L: 42/333 MS: 2 ShuffleBytes-EraseBytes-
#4129	REDUCE cov: 126 ft: 522 corp: 65/10296b lim: 333 exec/s: 0 rss: 29Mb L: 24/333 MS: 3 ChangeByte-CMP-EraseBytes- DE: "avc1"-
#4205	REDUCE cov: 126 ft: 522 corp: 65/10291b lim: 333 exec/s: 0 rss: 29Mb L: 19/333 MS: 1 EraseBytes-
#4220	NEW    cov: 127 ft: 524 corp: 66/10360b lim: 333 exec/s: 0 rss: 29Mb L: 69/333 MS: 5 ShuffleBytes-ChangeByte-ChangeByte-ChangeBit-PersAutoDict- DE: "avc1"-
#4295	REDUCE cov: 127 ft: 524 corp: 66/10358b lim: 333 exec/s: 0 rss: 29Mb L: 79/333 MS: 5 CopyPart-InsertRepeatedBytes-EraseBytes-ChangeByte-CrossOver-
#4316	NEW    cov: 127 ft: 525 corp: 67/10691b lim: 333 exec/s: 0 rss: 29Mb L: 333/333 MS: 1 ShuffleBytes-
#4368	REDUCE cov: 127 ft: 525 corp: 67/10685b lim: 333 exec/s: 0 rss: 29Mb L: 13/333 MS: 2 ChangeBit-EraseBytes-
#4461	REDUCE cov: 127 ft: 525 corp: 67/10672b lim: 333 exec/s: 0 rss: 29Mb L: 285/333 MS: 3 InsertRepeatedBytes-EraseBytes-CrossOver-
#4482	REDUCE cov: 127 ft: 525 corp: 67/10632b lim: 333 exec/s: 0 rss: 29Mb L: 282/333 MS: 1 EraseBytes-
#4668	REDUCE cov: 127 ft: 525 corp: 67/10629b lim: 333 exec/s: 0 rss: 29Mb L: 45/333 MS: 1 EraseBytes-
#4834	REDUCE cov: 127 ft: 525 corp: 67/10627b lim: 333 exec/s: 0 rss: 29Mb L: 117/333 MS: 1 EraseBytes-
#4848	REDUCE cov: 127 ft: 525 corp: 67/10603b lim: 333 exec/s: 0 rss: 29Mb L: 93/333 MS: 4 CrossOver-CrossOver-EraseBytes-ShuffleBytes-
==252668== ERROR: libFuzzer: out-of-memory (used: 1915Mb; limit: 1024Mb)
   To change the out-of-memory limit use -rss_limit_mb=<N>

MS: 1 CrossOver-; base unit: 0374a126821fb6231c19815336aec839fe286e20
0x0,0x0,0x0,0x18,0x66,0x74,0x79,0x70,0x6d,0x70,0x34,0x31,0x0,0x70,0x34,0x32,0x6d,0x72,0x34,0x32,0xf3,0x0,0x0,0x0,0x6d,0x0,0x0,0x0,0x61,0x76,0x63,0x31,0x69,0x70,0x6d,0x61,0x0,0x0,0x0,0x18,0x6d,0x64,0x61,0x74,0x0,0x21,0x9e,0x0,0x70,0x34,0x31,0x0,0x70,0x34,0x32,0x6d,0x70,0x34,0x32,0x0,0x0,0x0,0x0,0x6d,0x0,0x0,0x0,0x69,0x70,0x6d,0x61,0x0,0x0,0x0,0x18,0x6d,0x64,0x61,0x74,0x0,0x0,0x0,0x0,0x0,0x0,0x0,0x0,0x0,0x0,0x0,0x0,0x0,0x0,0x0,0x21,0x0,0x69,0x73,0x6f,0x6d,0x0,0x0,0x0,0x18,0x6d,0x64,0x61,0x74,0x0,0x0,0x0,0x0,0x0,0x0,0x0,0x21,0x0,0x0,0x0,0x0,0x0,0x0,0x0,0x0,0x0,0x69,0x73,0x6f,0x6d,0x0,0x0,0x0,0x18,0x6d,0x64,0x61,0x74,
\000\000\000\030ftypmp41\000p42mr42\363\000\000\000m\000\000\000avc1ipma\000\000\000\030mdat\000!\236\000p41\000p42mp42\000\000\000\000m\000\000\000ipma\000\000\000\030mdat\000\000\000\000\000\000\000\000\000\000\000\000\000\000\000!\000isom\000\000\000\030mdat\000\000\000\000\000\000\000!\000\000\000\000\000\000\000\000\000isom\000\000\000\030mdat
artifact_prefix='/results/crashes/20260313_154228_f2958319_'; Test unit written to /results/crashes/20260313_154228_f2958319_oom-d066c951b09990020e652db808f5149882cfe503
Base64: AAAAGGZ0eXBtcDQxAHA0Mm1yNDLzAAAAbQAAAGF2YzFpcG1hAAAAGG1kYXQAIZ4AcDQxAHA0Mm1wNDIAAAAAbQAAAGlwbWEAAAAYbWRhdAAAAAAAAAAAAAAAAAAAACEAaXNvbQAAABhtZGF0AAAAAAAAACEAAAAAAAAAAABpc29tAAAAGG1kYXQ=
SUMMARY: libFuzzer: out-of-memory
stat::number_of_executed_units: 4889
stat::average_exec_per_sec:     2444
stat::new_units_added:          104
stat::slowest_unit_time_sec:    0
stat::peak_rss_mb:              1916
