INFO: Running with entropic power schedule (0xFF, 100).
INFO: Seed: 199916533
INFO: Loaded 1 modules   (252 inline 8-bit counters): 252 [0x64a5d5510678, 0x64a5d5510774), 
INFO: Loaded 1 PC tables (252 PCs): 252 [0x64a5d5510778,0x64a5d5511738), 
INFO:        4 files found in /tmp/corpus_20260313_164839_c92c6bd5
INFO: seed corpus: files: 4 min: 48b max: 333b total: 853b rss: 28Mb
#5	INITED cov: 117 ft: 251 corp: 4/853b exec/s: 0 rss: 29Mb
#6	NEW    cov: 117 ft: 266 corp: 5/901b lim: 333 exec/s: 0 rss: 29Mb L: 48/333 MS: 1 CrossOver-
#8	NEW    cov: 117 ft: 280 corp: 6/1194b lim: 333 exec/s: 0 rss: 29Mb L: 293/333 MS: 2 ChangeByte-CrossOver-
#11	NEW    cov: 117 ft: 281 corp: 7/1506b lim: 333 exec/s: 0 rss: 29Mb L: 312/333 MS: 3 ChangeASCIIInt-ChangeBit-EraseBytes-
#18	NEW    cov: 117 ft: 282 corp: 8/1828b lim: 333 exec/s: 0 rss: 29Mb L: 322/333 MS: 2 CrossOver-InsertByte-
#20	NEW    cov: 119 ft: 286 corp: 9/2150b lim: 333 exec/s: 0 rss: 29Mb L: 322/333 MS: 2 ChangeByte-CopyPart-
#23	NEW    cov: 120 ft: 288 corp: 10/2467b lim: 333 exec/s: 0 rss: 29Mb L: 317/333 MS: 3 InsertRepeatedBytes-ChangeBit-CrossOver-
#30	NEW    cov: 120 ft: 289 corp: 11/2740b lim: 333 exec/s: 0 rss: 29Mb L: 273/333 MS: 2 CopyPart-EraseBytes-
#32	NEW    cov: 120 ft: 302 corp: 12/2836b lim: 333 exec/s: 0 rss: 29Mb L: 96/333 MS: 2 CopyPart-CrossOver-
#34	NEW    cov: 120 ft: 304 corp: 13/2932b lim: 333 exec/s: 0 rss: 29Mb L: 96/333 MS: 2 CrossOver-ChangeBit-
#38	NEW    cov: 120 ft: 305 corp: 14/3246b lim: 333 exec/s: 0 rss: 29Mb L: 314/333 MS: 4 CMP-CrossOver-InsertByte-InsertByte- DE: "?\332^\007\246d\000\000"-
#49	NEW    cov: 120 ft: 306 corp: 15/3431b lim: 333 exec/s: 0 rss: 29Mb L: 185/333 MS: 1 CopyPart-
#51	NEW    cov: 120 ft: 307 corp: 16/3687b lim: 333 exec/s: 0 rss: 29Mb L: 256/333 MS: 2 CrossOver-CMP- DE: ",ils"-
#52	NEW    cov: 120 ft: 308 corp: 17/3739b lim: 333 exec/s: 0 rss: 29Mb L: 52/333 MS: 1 PersAutoDict- DE: ",ils"-
#53	NEW    cov: 120 ft: 312 corp: 18/3795b lim: 333 exec/s: 0 rss: 29Mb L: 56/333 MS: 1 CMP- DE: "\220a^\007\246d\000\000"-
#56	NEW    cov: 120 ft: 313 corp: 19/3909b lim: 333 exec/s: 0 rss: 29Mb L: 114/333 MS: 3 PersAutoDict-CrossOver-CrossOver- DE: "?\332^\007\246d\000\000"-
#60	NEW    cov: 120 ft: 314 corp: 20/4179b lim: 333 exec/s: 0 rss: 29Mb L: 270/333 MS: 4 ChangeByte-ChangeByte-InsertRepeatedBytes-ChangeBit-
#62	NEW    cov: 120 ft: 315 corp: 21/4456b lim: 333 exec/s: 0 rss: 29Mb L: 277/333 MS: 2 ChangeByte-PersAutoDict- DE: ",ils"-
#63	NEW    cov: 120 ft: 350 corp: 22/4512b lim: 333 exec/s: 0 rss: 29Mb L: 56/333 MS: 1 ChangeBinInt-
#66	NEW    cov: 120 ft: 360 corp: 23/4564b lim: 333 exec/s: 0 rss: 29Mb L: 52/333 MS: 3 ChangeByte-ChangeBinInt-EraseBytes-
#68	NEW    cov: 120 ft: 361 corp: 24/4668b lim: 333 exec/s: 0 rss: 29Mb L: 104/333 MS: 2 ChangeBit-CMP- DE: "\354N^\007\246d\000\000"-
#72	NEW    cov: 120 ft: 367 corp: 25/4943b lim: 333 exec/s: 0 rss: 29Mb L: 275/333 MS: 4 InsertByte-ChangeBinInt-CopyPart-PersAutoDict- DE: ",ils"-
#75	NEW    cov: 120 ft: 372 corp: 26/5110b lim: 333 exec/s: 0 rss: 29Mb L: 167/333 MS: 3 CopyPart-CrossOver-ChangeBit-
#83	NEW    cov: 120 ft: 377 corp: 27/5213b lim: 333 exec/s: 0 rss: 29Mb L: 103/333 MS: 3 InsertByte-ShuffleBytes-InsertRepeatedBytes-
#87	NEW    cov: 120 ft: 379 corp: 28/5437b lim: 333 exec/s: 0 rss: 29Mb L: 224/333 MS: 4 ShuffleBytes-ChangeBit-ChangeByte-PersAutoDict- DE: ",ils"-
#96	NEW    cov: 120 ft: 394 corp: 29/5606b lim: 333 exec/s: 0 rss: 29Mb L: 169/333 MS: 4 ChangeByte-ShuffleBytes-EraseBytes-CMP- DE: "\002\000\000\000"-
#114	NEW    cov: 120 ft: 395 corp: 30/5737b lim: 333 exec/s: 0 rss: 29Mb L: 131/333 MS: 3 ShuffleBytes-CrossOver-EraseBytes-
#121	NEW    cov: 120 ft: 396 corp: 31/6063b lim: 333 exec/s: 0 rss: 29Mb L: 326/333 MS: 2 PersAutoDict-PersAutoDict- DE: "\354N^\007\246d\000\000"-"\002\000\000\000"-
#141	NEW    cov: 120 ft: 397 corp: 32/6176b lim: 333 exec/s: 0 rss: 29Mb L: 113/333 MS: 5 ChangeBinInt-ChangeByte-InsertRepeatedBytes-CrossOver-EraseBytes-
#158	NEW    cov: 121 ft: 400 corp: 33/6504b lim: 333 exec/s: 0 rss: 29Mb L: 328/333 MS: 2 ChangeBinInt-CrossOver-
#160	NEW    cov: 121 ft: 410 corp: 34/6724b lim: 333 exec/s: 0 rss: 29Mb L: 220/333 MS: 2 ShuffleBytes-ChangeByte-
#165	NEW    cov: 121 ft: 411 corp: 35/7056b lim: 333 exec/s: 0 rss: 29Mb L: 332/333 MS: 5 ChangeBit-InsertRepeatedBytes-PersAutoDict-InsertRepeatedBytes-CopyPart- DE: ",ils"-
#177	NEW    cov: 121 ft: 412 corp: 36/7120b lim: 333 exec/s: 0 rss: 29Mb L: 64/333 MS: 2 ChangeASCIIInt-PersAutoDict- DE: "\220a^\007\246d\000\000"-
#179	NEW    cov: 121 ft: 418 corp: 37/7437b lim: 333 exec/s: 0 rss: 29Mb L: 317/333 MS: 2 ChangeBit-ChangeBit-
#225	NEW    cov: 121 ft: 420 corp: 38/7486b lim: 333 exec/s: 0 rss: 29Mb L: 49/333 MS: 1 InsertByte-
#238	NEW    cov: 121 ft: 421 corp: 39/7715b lim: 333 exec/s: 0 rss: 29Mb L: 229/333 MS: 3 ChangeBinInt-InsertByte-InsertRepeatedBytes-
#242	NEW    cov: 121 ft: 429 corp: 40/8040b lim: 333 exec/s: 0 rss: 29Mb L: 325/333 MS: 4 CrossOver-ChangeBit-InsertRepeatedBytes-CopyPart-
#258	NEW    cov: 122 ft: 430 corp: 41/8346b lim: 333 exec/s: 0 rss: 29Mb L: 306/333 MS: 1 InsertRepeatedBytes-
#264	REDUCE cov: 122 ft: 430 corp: 41/8292b lim: 333 exec/s: 0 rss: 29Mb L: 260/333 MS: 1 CrossOver-
#270	REDUCE cov: 122 ft: 430 corp: 41/8217b lim: 333 exec/s: 0 rss: 29Mb L: 237/333 MS: 1 EraseBytes-
#285	REDUCE cov: 122 ft: 430 corp: 41/8109b lim: 333 exec/s: 0 rss: 29Mb L: 165/333 MS: 5 InsertByte-CopyPart-CMP-CrossOver-EraseBytes- DE: "`Hoe"-
#310	NEW    cov: 122 ft: 431 corp: 42/8167b lim: 333 exec/s: 0 rss: 29Mb L: 58/333 MS: 5 CopyPart-CMP-CMP-CrossOver-EraseBytes- DE: "\005\000\000\000"-"stts"-
#311	NEW    cov: 122 ft: 437 corp: 43/8387b lim: 333 exec/s: 0 rss: 29Mb L: 220/333 MS: 1 PersAutoDict- DE: "stts"-
#313	NEW    cov: 122 ft: 438 corp: 44/8455b lim: 333 exec/s: 0 rss: 29Mb L: 68/333 MS: 2 PersAutoDict-CMP- DE: "\005\000\000\000"-"tapt"-
#348	NEW    cov: 122 ft: 439 corp: 45/8720b lim: 333 exec/s: 0 rss: 29Mb L: 265/333 MS: 5 InsertRepeatedBytes-InsertByte-CMP-InsertByte-PersAutoDict- DE: "frma"-"\002\000\000\000"-
#385	NEW    cov: 122 ft: 440 corp: 46/9051b lim: 333 exec/s: 0 rss: 29Mb L: 331/333 MS: 2 InsertByte-InsertRepeatedBytes-
#518	REDUCE cov: 122 ft: 440 corp: 46/9045b lim: 333 exec/s: 0 rss: 29Mb L: 98/333 MS: 3 ChangeBinInt-ChangeBinInt-EraseBytes-
#538	REDUCE cov: 122 ft: 440 corp: 46/9009b lim: 333 exec/s: 0 rss: 29Mb L: 289/333 MS: 5 PersAutoDict-ChangeBinInt-PersAutoDict-ShuffleBytes-EraseBytes- DE: "\354N^\007\246d\000\000"-"\220a^\007\246d\000\000"-
#571	REDUCE cov: 122 ft: 440 corp: 46/8958b lim: 333 exec/s: 0 rss: 29Mb L: 52/333 MS: 3 ChangeASCIIInt-ChangeBinInt-EraseBytes-
#583	REDUCE cov: 122 ft: 440 corp: 46/8956b lim: 333 exec/s: 0 rss: 29Mb L: 50/333 MS: 2 ShuffleBytes-EraseBytes-
#611	REDUCE cov: 122 ft: 440 corp: 46/8924b lim: 333 exec/s: 0 rss: 29Mb L: 243/333 MS: 3 ChangeByte-ChangeBinInt-EraseBytes-
#622	NEW    cov: 122 ft: 441 corp: 47/8973b lim: 333 exec/s: 0 rss: 29Mb L: 49/333 MS: 1 InsertByte-
#638	NEW    cov: 122 ft: 449 corp: 48/9001b lim: 333 exec/s: 0 rss: 29Mb L: 28/333 MS: 1 EraseBytes-
#639	NEW    cov: 122 ft: 456 corp: 49/9334b lim: 333 exec/s: 0 rss: 29Mb L: 333/333 MS: 1 ChangeBinInt-
#696	REDUCE cov: 122 ft: 456 corp: 49/9332b lim: 333 exec/s: 0 rss: 29Mb L: 48/333 MS: 2 InsertByte-EraseBytes-
#702	REDUCE cov: 122 ft: 456 corp: 49/9240b lim: 333 exec/s: 0 rss: 29Mb L: 128/333 MS: 1 EraseBytes-
#718	NEW    cov: 122 ft: 457 corp: 50/9567b lim: 333 exec/s: 0 rss: 29Mb L: 327/333 MS: 1 InsertRepeatedBytes-
#725	NEW    cov: 122 ft: 470 corp: 51/9584b lim: 333 exec/s: 0 rss: 29Mb L: 17/333 MS: 2 ChangeBinInt-EraseBytes-
#749	REDUCE cov: 122 ft: 470 corp: 51/9562b lim: 333 exec/s: 0 rss: 29Mb L: 284/333 MS: 4 InsertRepeatedBytes-ChangeBit-InsertRepeatedBytes-EraseBytes-
#773	NEW    cov: 122 ft: 473 corp: 52/9585b lim: 333 exec/s: 0 rss: 29Mb L: 23/333 MS: 4 ChangeByte-ShuffleBytes-ChangeBinInt-CrossOver-
#786	NEW    cov: 123 ft: 474 corp: 53/9589b lim: 333 exec/s: 0 rss: 29Mb L: 4/333 MS: 3 PersAutoDict-CopyPart-CrossOver- DE: "\005\000\000\000"-
#799	REDUCE cov: 123 ft: 474 corp: 53/9579b lim: 333 exec/s: 0 rss: 29Mb L: 307/333 MS: 3 CMP-ChangeASCIIInt-EraseBytes- DE: "mdat"-
#828	REDUCE cov: 123 ft: 475 corp: 54/9891b lim: 333 exec/s: 0 rss: 29Mb L: 312/333 MS: 4 ChangeBit-ChangeBinInt-CMP-InsertByte- DE: "hvc1"-
#843	REDUCE cov: 123 ft: 475 corp: 54/9882b lim: 333 exec/s: 0 rss: 29Mb L: 40/333 MS: 5 CMP-InsertByte-ShuffleBytes-InsertByte-EraseBytes- DE: "\004\000"-
#901	REDUCE cov: 123 ft: 475 corp: 54/9867b lim: 333 exec/s: 0 rss: 29Mb L: 25/333 MS: 3 ChangeByte-ChangeBinInt-EraseBytes-
#1018	REDUCE cov: 123 ft: 475 corp: 54/9799b lim: 333 exec/s: 0 rss: 29Mb L: 60/333 MS: 2 CrossOver-CrossOver-
#1029	REDUCE cov: 123 ft: 475 corp: 54/9764b lim: 333 exec/s: 0 rss: 29Mb L: 132/333 MS: 1 CrossOver-
#1125	NEW    cov: 123 ft: 483 corp: 55/9779b lim: 333 exec/s: 0 rss: 29Mb L: 15/333 MS: 1 EraseBytes-
#1156	REDUCE cov: 123 ft: 483 corp: 55/9753b lim: 333 exec/s: 0 rss: 29Mb L: 42/333 MS: 1 EraseBytes-
#1175	REDUCE cov: 123 ft: 483 corp: 55/9694b lim: 333 exec/s: 0 rss: 29Mb L: 272/333 MS: 4 ChangeASCIIInt-ChangeByte-ChangeByte-EraseBytes-
#1187	REDUCE cov: 123 ft: 483 corp: 55/9609b lim: 333 exec/s: 0 rss: 29Mb L: 175/333 MS: 2 ShuffleBytes-EraseBytes-
#1209	REDUCE cov: 123 ft: 485 corp: 56/9778b lim: 333 exec/s: 0 rss: 29Mb L: 169/333 MS: 2 PersAutoDict-ChangeBit- DE: "tapt"-
#1266	REDUCE cov: 123 ft: 485 corp: 56/9749b lim: 333 exec/s: 0 rss: 29Mb L: 264/333 MS: 2 EraseBytes-CMP- DE: "\261\314`\007\246d\000\000"-
#1392	NEW    cov: 123 ft: 489 corp: 57/9809b lim: 333 exec/s: 0 rss: 29Mb L: 60/333 MS: 1 CMP- DE: "stts"-
#1402	REDUCE cov: 123 ft: 489 corp: 57/9777b lim: 333 exec/s: 0 rss: 29Mb L: 137/333 MS: 5 CopyPart-EraseBytes-ChangeByte-EraseBytes-InsertByte-
#1425	NEW    cov: 123 ft: 491 corp: 58/9945b lim: 333 exec/s: 0 rss: 29Mb L: 168/333 MS: 3 CopyPart-EraseBytes-PersAutoDict- DE: "stts"-
#1501	NEW    cov: 123 ft: 497 corp: 59/10265b lim: 333 exec/s: 0 rss: 29Mb L: 320/333 MS: 1 InsertRepeatedBytes-
#1507	REDUCE cov: 123 ft: 497 corp: 59/10134b lim: 333 exec/s: 0 rss: 29Mb L: 139/333 MS: 1 EraseBytes-
#1699	REDUCE cov: 123 ft: 497 corp: 59/10106b lim: 333 exec/s: 0 rss: 29Mb L: 289/333 MS: 2 ChangeBit-EraseBytes-
#1733	REDUCE cov: 123 ft: 497 corp: 59/10055b lim: 333 exec/s: 0 rss: 29Mb L: 275/333 MS: 4 ChangeBinInt-CrossOver-InsertByte-InsertRepeatedBytes-
#1787	REDUCE cov: 123 ft: 497 corp: 59/10045b lim: 333 exec/s: 0 rss: 29Mb L: 265/333 MS: 4 CopyPart-InsertByte-ChangeByte-EraseBytes-
#1925	REDUCE cov: 123 ft: 497 corp: 59/9969b lim: 333 exec/s: 0 rss: 29Mb L: 93/333 MS: 3 ChangeByte-ChangeBinInt-EraseBytes-
#2024	REDUCE cov: 123 ft: 497 corp: 59/9921b lim: 333 exec/s: 0 rss: 29Mb L: 176/333 MS: 4 ChangeBit-CopyPart-EraseBytes-EraseBytes-
#2135	REDUCE cov: 123 ft: 497 corp: 59/9920b lim: 333 exec/s: 0 rss: 29Mb L: 27/333 MS: 1 EraseBytes-
#2148	REDUCE cov: 123 ft: 497 corp: 59/9879b lim: 333 exec/s: 0 rss: 29Mb L: 52/333 MS: 3 PersAutoDict-ShuffleBytes-EraseBytes- DE: "\005\000\000\000"-
#2231	NEW    cov: 123 ft: 500 corp: 60/9993b lim: 333 exec/s: 0 rss: 29Mb L: 114/333 MS: 3 ChangeByte-ShuffleBytes-CrossOver-
#2233	REDUCE cov: 123 ft: 500 corp: 60/9991b lim: 333 exec/s: 0 rss: 29Mb L: 2/333 MS: 2 ChangeByte-EraseBytes-
#2266	REDUCE cov: 123 ft: 500 corp: 60/9990b lim: 333 exec/s: 0 rss: 29Mb L: 1/333 MS: 3 InsertByte-EraseBytes-EraseBytes-
#2409	REDUCE cov: 123 ft: 500 corp: 60/9981b lim: 333 exec/s: 0 rss: 29Mb L: 43/333 MS: 3 ShuffleBytes-PersAutoDict-EraseBytes- DE: "\220a^\007\246d\000\000"-
#2443	NEW    cov: 123 ft: 501 corp: 61/10313b lim: 333 exec/s: 0 rss: 29Mb L: 332/333 MS: 4 ChangeBinInt-ShuffleBytes-ChangeBinInt-CopyPart-
#2457	REDUCE cov: 123 ft: 501 corp: 61/10290b lim: 333 exec/s: 0 rss: 29Mb L: 91/333 MS: 4 ChangeBinInt-PersAutoDict-ShuffleBytes-EraseBytes- DE: "mdat"-
#2561	REDUCE cov: 123 ft: 502 corp: 62/10298b lim: 333 exec/s: 0 rss: 29Mb L: 8/333 MS: 4 InsertByte-EraseBytes-CMP-EraseBytes- DE: "\035\000\000\000\000\000\000\000"-
#2627	REDUCE cov: 123 ft: 502 corp: 62/10287b lim: 333 exec/s: 0 rss: 29Mb L: 321/333 MS: 1 EraseBytes-
#2738	REDUCE cov: 123 ft: 502 corp: 62/10226b lim: 333 exec/s: 0 rss: 29Mb L: 216/333 MS: 1 EraseBytes-
#2767	REDUCE cov: 123 ft: 502 corp: 62/10216b lim: 333 exec/s: 0 rss: 29Mb L: 38/333 MS: 4 EraseBytes-CMP-ShuffleBytes-CrossOver- DE: "hvc1"-
#2773	REDUCE cov: 123 ft: 502 corp: 62/10197b lim: 333 exec/s: 0 rss: 29Mb L: 72/333 MS: 1 EraseBytes-
#2807	REDUCE cov: 123 ft: 502 corp: 62/10196b lim: 333 exec/s: 0 rss: 29Mb L: 63/333 MS: 4 InsertRepeatedBytes-ChangeASCIIInt-EraseBytes-CopyPart-
#2855	NEW    cov: 123 ft: 506 corp: 63/10529b lim: 333 exec/s: 0 rss: 29Mb L: 333/333 MS: 3 ChangeBinInt-CMP-CrossOver- DE: "\001\000d\246\007^\300v"-
#2871	NEW    cov: 123 ft: 507 corp: 64/10750b lim: 333 exec/s: 0 rss: 29Mb L: 221/333 MS: 1 InsertByte-
#3049	REDUCE cov: 123 ft: 507 corp: 64/10746b lim: 333 exec/s: 0 rss: 29Mb L: 261/333 MS: 3 PersAutoDict-PersAutoDict-EraseBytes- DE: "`Hoe"-",ils"-
#3105	REDUCE cov: 123 ft: 507 corp: 64/10729b lim: 333 exec/s: 0 rss: 29Mb L: 26/333 MS: 1 EraseBytes-
#3171	REDUCE cov: 123 ft: 507 corp: 64/10712b lim: 333 exec/s: 0 rss: 29Mb L: 316/333 MS: 1 EraseBytes-
==468604== ERROR: libFuzzer: out-of-memory (used: 2308Mb; limit: 1024Mb)
   To change the out-of-memory limit use -rss_limit_mb=<N>

MS: 1 CMP- DE: "iinf"-; base unit: 336a22952942f170271d75d74d22444c9750cee2
artifact_prefix='/results/crashes/20260313_164839_c92c6bd5_'; Test unit written to /results/crashes/20260313_164839_c92c6bd5_oom-593ccba795ebdc97af63e7782bac86419409cb8e
SUMMARY: libFuzzer: out-of-memory
stat::number_of_executed_units: 3217
stat::average_exec_per_sec:     1608
stat::new_units_added:          101
stat::slowest_unit_time_sec:    0
stat::peak_rss_mb:              2309
