INFO: Running with entropic power schedule (0xFF, 100).
INFO: Seed: 905232826
INFO: Loaded 1 modules   (252 inline 8-bit counters): 252 [0x60dc410a8678, 0x60dc410a8774), 
INFO: Loaded 1 PC tables (252 PCs): 252 [0x60dc410a8778,0x60dc410a9738), 
INFO:        4 files found in /tmp/corpus_20260313_190802_b24e133b
INFO: seed corpus: files: 4 min: 48b max: 333b total: 853b rss: 28Mb
#5	INITED cov: 118 ft: 253 corp: 4/853b exec/s: 0 rss: 29Mb
#6	NEW    cov: 118 ft: 263 corp: 5/901b lim: 333 exec/s: 0 rss: 29Mb L: 48/333 MS: 1 ChangeBinInt-
#7	NEW    cov: 119 ft: 270 corp: 6/1153b lim: 333 exec/s: 0 rss: 29Mb L: 252/333 MS: 1 CrossOver-
#8	NEW    cov: 119 ft: 276 corp: 7/1486b lim: 333 exec/s: 0 rss: 29Mb L: 333/333 MS: 1 CrossOver-
#9	NEW    cov: 119 ft: 285 corp: 8/1771b lim: 333 exec/s: 0 rss: 29Mb L: 285/333 MS: 1 InsertRepeatedBytes-
#13	NEW    cov: 119 ft: 286 corp: 9/2104b lim: 333 exec/s: 0 rss: 29Mb L: 333/333 MS: 4 ChangeBit-ShuffleBytes-CMP-CrossOver- DE: "\361D3y\334`\000\000"-
#14	NEW    cov: 119 ft: 293 corp: 10/2160b lim: 333 exec/s: 0 rss: 29Mb L: 56/333 MS: 1 PersAutoDict- DE: "\361D3y\334`\000\000"-
#15	NEW    cov: 119 ft: 294 corp: 11/2357b lim: 333 exec/s: 0 rss: 29Mb L: 197/333 MS: 1 EraseBytes-
#23	NEW    cov: 119 ft: 295 corp: 12/2585b lim: 333 exec/s: 0 rss: 29Mb L: 228/333 MS: 3 EraseBytes-ShuffleBytes-ChangeBinInt-
#24	NEW    cov: 119 ft: 302 corp: 13/2642b lim: 333 exec/s: 0 rss: 29Mb L: 57/333 MS: 1 InsertByte-
#29	NEW    cov: 119 ft: 303 corp: 14/2894b lim: 333 exec/s: 0 rss: 29Mb L: 252/333 MS: 5 ChangeBit-ChangeBinInt-ChangeBinInt-ChangeBinInt-CrossOver-
#30	NEW    cov: 119 ft: 304 corp: 15/3114b lim: 333 exec/s: 0 rss: 29Mb L: 220/333 MS: 1 ShuffleBytes-
#47	NEW    cov: 119 ft: 305 corp: 16/3422b lim: 333 exec/s: 0 rss: 29Mb L: 308/333 MS: 2 ChangeBit-EraseBytes-
#49	NEW    cov: 119 ft: 306 corp: 17/3571b lim: 333 exec/s: 0 rss: 29Mb L: 149/333 MS: 2 ShuffleBytes-InsertRepeatedBytes-
#52	REDUCE cov: 119 ft: 306 corp: 17/3559b lim: 333 exec/s: 0 rss: 29Mb L: 36/333 MS: 3 ShuffleBytes-CopyPart-EraseBytes-
#53	NEW    cov: 119 ft: 327 corp: 18/3698b lim: 333 exec/s: 0 rss: 29Mb L: 139/333 MS: 1 EraseBytes-
#55	NEW    cov: 119 ft: 337 corp: 19/3781b lim: 333 exec/s: 0 rss: 29Mb L: 83/333 MS: 2 ChangeByte-InsertRepeatedBytes-
#60	NEW    cov: 120 ft: 338 corp: 20/3921b lim: 333 exec/s: 0 rss: 29Mb L: 140/333 MS: 5 ChangeBit-CopyPart-CopyPart-ChangeBinInt-InsertByte-
#66	NEW    cov: 121 ft: 340 corp: 21/4229b lim: 333 exec/s: 0 rss: 29Mb L: 308/333 MS: 1 CopyPart-
#75	NEW    cov: 121 ft: 341 corp: 22/4499b lim: 333 exec/s: 0 rss: 29Mb L: 270/333 MS: 4 ShuffleBytes-ChangeByte-CrossOver-EraseBytes-
#83	NEW    cov: 121 ft: 342 corp: 23/4811b lim: 333 exec/s: 0 rss: 29Mb L: 312/333 MS: 3 ChangeBit-PersAutoDict-EraseBytes- DE: "\361D3y\334`\000\000"-
#90	NEW    cov: 121 ft: 343 corp: 24/5119b lim: 333 exec/s: 0 rss: 29Mb L: 308/333 MS: 2 ChangeByte-PersAutoDict- DE: "\361D3y\334`\000\000"-
#106	NEW    cov: 121 ft: 344 corp: 25/5450b lim: 333 exec/s: 0 rss: 29Mb L: 331/333 MS: 1 CrossOver-
#107	REDUCE cov: 121 ft: 344 corp: 25/5399b lim: 333 exec/s: 0 rss: 29Mb L: 282/333 MS: 1 EraseBytes-
#132	NEW    cov: 121 ft: 345 corp: 26/5489b lim: 333 exec/s: 0 rss: 29Mb L: 90/333 MS: 5 InsertByte-InsertRepeatedBytes-ChangeByte-EraseBytes-ChangeBit-
#143	NEW    cov: 121 ft: 346 corp: 27/5579b lim: 333 exec/s: 0 rss: 29Mb L: 90/333 MS: 1 CopyPart-
#154	NEW    cov: 121 ft: 347 corp: 28/5700b lim: 333 exec/s: 0 rss: 29Mb L: 121/333 MS: 1 EraseBytes-
#173	NEW    cov: 121 ft: 348 corp: 29/5791b lim: 333 exec/s: 0 rss: 29Mb L: 91/333 MS: 4 ChangeBinInt-ShuffleBytes-ChangeBit-PersAutoDict- DE: "\361D3y\334`\000\000"-
#188	NEW    cov: 121 ft: 349 corp: 30/5842b lim: 333 exec/s: 0 rss: 29Mb L: 51/333 MS: 5 InsertByte-PersAutoDict-InsertByte-InsertByte-ShuffleBytes- DE: "\361D3y\334`\000\000"-
#194	NEW    cov: 121 ft: 350 corp: 31/6070b lim: 333 exec/s: 0 rss: 29Mb L: 228/333 MS: 1 EraseBytes-
#195	NEW    cov: 121 ft: 352 corp: 32/6108b lim: 333 exec/s: 0 rss: 29Mb L: 38/333 MS: 1 EraseBytes-
#213	NEW    cov: 121 ft: 355 corp: 33/6271b lim: 333 exec/s: 0 rss: 29Mb L: 163/333 MS: 3 InsertByte-CopyPart-EraseBytes-
#216	NEW    cov: 121 ft: 367 corp: 34/6293b lim: 333 exec/s: 0 rss: 29Mb L: 22/333 MS: 3 ChangeBinInt-CopyPart-EraseBytes-
#232	NEW    cov: 121 ft: 368 corp: 35/6339b lim: 333 exec/s: 0 rss: 29Mb L: 46/333 MS: 1 CMP- DE: "\001\000`\334y4-\371"-
#235	NEW    cov: 121 ft: 369 corp: 36/6421b lim: 333 exec/s: 0 rss: 29Mb L: 82/333 MS: 3 ShuffleBytes-ChangeBinInt-InsertRepeatedBytes-
#246	NEW    cov: 121 ft: 374 corp: 37/6524b lim: 333 exec/s: 0 rss: 29Mb L: 103/333 MS: 1 InsertRepeatedBytes-
#282	NEW    cov: 121 ft: 375 corp: 38/6822b lim: 333 exec/s: 0 rss: 29Mb L: 298/333 MS: 1 CopyPart-
#339	NEW    cov: 121 ft: 376 corp: 39/6962b lim: 333 exec/s: 0 rss: 29Mb L: 140/333 MS: 2 CrossOver-ShuffleBytes-
#388	REDUCE cov: 121 ft: 376 corp: 39/6960b lim: 333 exec/s: 0 rss: 29Mb L: 20/333 MS: 4 CopyPart-CMP-InsertByte-EraseBytes- DE: "\360)\000|\020r\000\000"-
#436	NEW    cov: 121 ft: 377 corp: 40/7217b lim: 333 exec/s: 0 rss: 29Mb L: 257/333 MS: 3 InsertByte-ShuffleBytes-CopyPart-
#441	NEW    cov: 122 ft: 378 corp: 41/7356b lim: 333 exec/s: 0 rss: 29Mb L: 139/333 MS: 5 CrossOver-ChangeBinInt-ChangeByte-EraseBytes-CrossOver-
#456	NEW    cov: 122 ft: 386 corp: 42/7386b lim: 333 exec/s: 0 rss: 29Mb L: 30/333 MS: 5 PersAutoDict-ChangeASCIIInt-InsertByte-InsertByte-EraseBytes- DE: "\001\000`\334y4-\371"-
#490	NEW    cov: 122 ft: 394 corp: 43/7571b lim: 333 exec/s: 0 rss: 29Mb L: 185/333 MS: 4 EraseBytes-CopyPart-CMP-CopyPart- DE: "R\000\000\000\000\000\000\000"-
#502	REDUCE cov: 122 ft: 394 corp: 43/7547b lim: 333 exec/s: 0 rss: 29Mb L: 115/333 MS: 2 EraseBytes-InsertByte-
#586	REDUCE cov: 122 ft: 394 corp: 43/7417b lim: 333 exec/s: 0 rss: 29Mb L: 203/333 MS: 4 CopyPart-CrossOver-CrossOver-InsertRepeatedBytes-
#596	NEW    cov: 122 ft: 418 corp: 44/7463b lim: 333 exec/s: 0 rss: 29Mb L: 46/333 MS: 5 CopyPart-PersAutoDict-CopyPart-CrossOver-ShuffleBytes- DE: "R\000\000\000\000\000\000\000"-
#626	REDUCE cov: 122 ft: 418 corp: 44/7435b lim: 333 exec/s: 0 rss: 29Mb L: 157/333 MS: 5 InsertRepeatedBytes-CopyPart-EraseBytes-EraseBytes-PersAutoDict- DE: "\001\000`\334y4-\371"-
#628	REDUCE cov: 122 ft: 422 corp: 45/7736b lim: 333 exec/s: 0 rss: 29Mb L: 301/333 MS: 2 InsertRepeatedBytes-InsertRepeatedBytes-
#638	REDUCE cov: 122 ft: 439 corp: 46/7750b lim: 333 exec/s: 0 rss: 29Mb L: 14/333 MS: 5 ChangeBit-ChangeByte-ChangeByte-ShuffleBytes-EraseBytes-
#668	NEW    cov: 122 ft: 440 corp: 47/7979b lim: 333 exec/s: 0 rss: 29Mb L: 229/333 MS: 5 CopyPart-ChangeBit-PersAutoDict-CopyPart-InsertRepeatedBytes- DE: "\001\000`\334y4-\371"-
#695	NEW    cov: 122 ft: 441 corp: 48/8070b lim: 333 exec/s: 0 rss: 29Mb L: 91/333 MS: 2 ShuffleBytes-InsertByte-
#714	NEW    cov: 123 ft: 442 corp: 49/8076b lim: 333 exec/s: 0 rss: 29Mb L: 6/333 MS: 4 ChangeBit-PersAutoDict-InsertRepeatedBytes-CrossOver- DE: "\001\000`\334y4-\371"-
#730	REDUCE cov: 123 ft: 442 corp: 49/8074b lim: 333 exec/s: 0 rss: 29Mb L: 12/333 MS: 1 EraseBytes-
#731	NEW    cov: 123 ft: 446 corp: 50/8378b lim: 333 exec/s: 0 rss: 29Mb L: 304/333 MS: 1 InsertRepeatedBytes-
#798	REDUCE cov: 123 ft: 446 corp: 50/8373b lim: 333 exec/s: 0 rss: 29Mb L: 98/333 MS: 2 EraseBytes-CopyPart-
#817	REDUCE cov: 123 ft: 446 corp: 50/8372b lim: 333 exec/s: 0 rss: 29Mb L: 148/333 MS: 4 PersAutoDict-ChangeBinInt-CopyPart-EraseBytes- DE: "\360)\000|\020r\000\000"-
#918	REDUCE cov: 123 ft: 446 corp: 50/8354b lim: 333 exec/s: 0 rss: 29Mb L: 80/333 MS: 1 EraseBytes-
#950	REDUCE cov: 123 ft: 446 corp: 50/8345b lim: 333 exec/s: 0 rss: 29Mb L: 37/333 MS: 2 ChangeByte-EraseBytes-
#961	REDUCE cov: 123 ft: 456 corp: 51/8425b lim: 333 exec/s: 0 rss: 29Mb L: 80/333 MS: 1 CMP- DE: "\377\000"-
#993	NEW    cov: 123 ft: 457 corp: 52/8755b lim: 333 exec/s: 0 rss: 29Mb L: 330/333 MS: 2 CopyPart-InsertRepeatedBytes-
#996	REDUCE cov: 123 ft: 457 corp: 52/8731b lim: 333 exec/s: 0 rss: 29Mb L: 56/333 MS: 3 PersAutoDict-ShuffleBytes-EraseBytes- DE: "\001\000`\334y4-\371"-
#1124	NEW    cov: 123 ft: 458 corp: 53/9001b lim: 333 exec/s: 0 rss: 29Mb L: 270/333 MS: 3 ChangeBit-ChangeBinInt-ChangeBinInt-
#1145	NEW    cov: 123 ft: 459 corp: 54/9062b lim: 333 exec/s: 0 rss: 29Mb L: 61/333 MS: 1 InsertRepeatedBytes-
#1168	REDUCE cov: 123 ft: 459 corp: 54/9059b lim: 333 exec/s: 0 rss: 29Mb L: 33/333 MS: 3 ShuffleBytes-ChangeBit-EraseBytes-
#1226	NEW    cov: 123 ft: 466 corp: 55/9392b lim: 333 exec/s: 0 rss: 29Mb L: 333/333 MS: 3 CopyPart-ShuffleBytes-CMP- DE: "pixi"-
#1254	REDUCE cov: 123 ft: 466 corp: 55/9390b lim: 333 exec/s: 0 rss: 29Mb L: 18/333 MS: 3 ShuffleBytes-ChangeByte-EraseBytes-
#1290	REDUCE cov: 123 ft: 466 corp: 55/9388b lim: 333 exec/s: 0 rss: 29Mb L: 4/333 MS: 1 EraseBytes-
#1328	NEW    cov: 123 ft: 467 corp: 56/9560b lim: 333 exec/s: 0 rss: 29Mb L: 172/333 MS: 3 EraseBytes-ChangeByte-CopyPart-
#1342	REDUCE cov: 123 ft: 467 corp: 56/9437b lim: 333 exec/s: 0 rss: 29Mb L: 185/333 MS: 4 PersAutoDict-CrossOver-CrossOver-CopyPart- DE: "pixi"-
#1347	REDUCE cov: 123 ft: 467 corp: 56/9435b lim: 333 exec/s: 0 rss: 29Mb L: 10/333 MS: 5 ChangeBit-CopyPart-EraseBytes-ChangeByte-PersAutoDict- DE: "pixi"-
#1349	REDUCE cov: 123 ft: 467 corp: 56/9429b lim: 333 exec/s: 0 rss: 29Mb L: 31/333 MS: 2 CopyPart-EraseBytes-
#1375	REDUCE cov: 123 ft: 467 corp: 56/9409b lim: 333 exec/s: 0 rss: 29Mb L: 41/333 MS: 1 EraseBytes-
#1424	REDUCE cov: 123 ft: 467 corp: 56/9351b lim: 333 exec/s: 0 rss: 29Mb L: 212/333 MS: 4 ChangeBinInt-InsertByte-CopyPart-EraseBytes-
#1445	REDUCE cov: 123 ft: 467 corp: 56/9303b lim: 333 exec/s: 0 rss: 29Mb L: 92/333 MS: 1 EraseBytes-
#1482	REDUCE cov: 123 ft: 467 corp: 56/9283b lim: 333 exec/s: 0 rss: 29Mb L: 177/333 MS: 2 ShuffleBytes-EraseBytes-
#1562	REDUCE cov: 123 ft: 467 corp: 56/9206b lim: 333 exec/s: 0 rss: 29Mb L: 135/333 MS: 5 ChangeByte-ChangeByte-CopyPart-PersAutoDict-EraseBytes- DE: "\361D3y\334`\000\000"-
#1581	NEW    cov: 123 ft: 473 corp: 57/9515b lim: 333 exec/s: 0 rss: 29Mb L: 309/333 MS: 4 PersAutoDict-ChangeBinInt-InsertByte-CopyPart- DE: "\361D3y\334`\000\000"-
#1582	REDUCE cov: 123 ft: 473 corp: 57/9511b lim: 333 exec/s: 0 rss: 29Mb L: 216/333 MS: 1 EraseBytes-
#1650	REDUCE cov: 123 ft: 473 corp: 57/9510b lim: 333 exec/s: 0 rss: 29Mb L: 3/333 MS: 3 InsertByte-ChangeByte-EraseBytes-
#1664	NEW    cov: 123 ft: 481 corp: 58/9738b lim: 333 exec/s: 0 rss: 29Mb L: 228/333 MS: 4 ChangeByte-ChangeByte-CrossOver-EraseBytes-
#1667	REDUCE cov: 123 ft: 481 corp: 58/9696b lim: 333 exec/s: 0 rss: 29Mb L: 161/333 MS: 3 InsertByte-ChangeBinInt-EraseBytes-
#1675	REDUCE cov: 123 ft: 481 corp: 58/9695b lim: 333 exec/s: 0 rss: 29Mb L: 82/333 MS: 3 CopyPart-ChangeBit-EraseBytes-
#1700	REDUCE cov: 123 ft: 482 corp: 59/9924b lim: 333 exec/s: 0 rss: 29Mb L: 229/333 MS: 5 ChangeByte-InsertRepeatedBytes-ChangeBinInt-CopyPart-CMP- DE: "mdat"-
#1903	REDUCE cov: 123 ft: 482 corp: 59/9851b lim: 333 exec/s: 0 rss: 29Mb L: 156/333 MS: 3 ShuffleBytes-ShuffleBytes-EraseBytes-
#1970	REDUCE cov: 123 ft: 484 corp: 60/10042b lim: 333 exec/s: 0 rss: 29Mb L: 191/333 MS: 2 PersAutoDict-PersAutoDict- DE: "\377\000"-"mdat"-
#2006	REDUCE cov: 123 ft: 484 corp: 60/10032b lim: 333 exec/s: 0 rss: 29Mb L: 288/333 MS: 1 EraseBytes-
#2025	REDUCE cov: 123 ft: 484 corp: 60/10031b lim: 333 exec/s: 0 rss: 29Mb L: 45/333 MS: 4 ChangeByte-EraseBytes-CrossOver-CrossOver-
#2083	REDUCE cov: 123 ft: 484 corp: 60/10008b lim: 333 exec/s: 0 rss: 29Mb L: 67/333 MS: 3 ChangeBinInt-InsertByte-EraseBytes-
#2141	REDUCE cov: 123 ft: 490 corp: 61/10298b lim: 333 exec/s: 0 rss: 29Mb L: 290/333 MS: 3 ChangeBinInt-PersAutoDict-CopyPart- DE: "\360)\000|\020r\000\000"-
#2175	REDUCE cov: 123 ft: 490 corp: 61/10267b lim: 333 exec/s: 0 rss: 29Mb L: 109/333 MS: 4 ChangeASCIIInt-PersAutoDict-CMP-EraseBytes- DE: "\360)\000|\020r\000\000"-"\212\2323y\334`\000\000"-
#2268	REDUCE cov: 123 ft: 490 corp: 61/10240b lim: 333 exec/s: 0 rss: 29Mb L: 230/333 MS: 3 ChangeBinInt-ChangeByte-EraseBytes-
#2309	REDUCE cov: 123 ft: 490 corp: 61/10238b lim: 333 exec/s: 0 rss: 29Mb L: 226/333 MS: 1 EraseBytes-
#2347	REDUCE cov: 123 ft: 490 corp: 61/10194b lim: 333 exec/s: 0 rss: 29Mb L: 91/333 MS: 3 ShuffleBytes-ChangeBinInt-EraseBytes-
#2353	REDUCE cov: 123 ft: 490 corp: 61/10134b lim: 333 exec/s: 0 rss: 29Mb L: 131/333 MS: 1 EraseBytes-
#2378	REDUCE cov: 123 ft: 490 corp: 61/10024b lim: 333 exec/s: 0 rss: 29Mb L: 116/333 MS: 5 ChangeBit-PersAutoDict-ChangeByte-CMP-EraseBytes- DE: "\212\2323y\334`\000\000"-"\377\011"-
#2468	REDUCE cov: 123 ft: 490 corp: 61/10019b lim: 333 exec/s: 0 rss: 29Mb L: 285/333 MS: 5 CrossOver-InsertByte-CMP-ChangeBit-EraseBytes- DE: "\000\000\000k"-
#2548	REDUCE cov: 123 ft: 490 corp: 61/10018b lim: 333 exec/s: 0 rss: 29Mb L: 108/333 MS: 5 InsertRepeatedBytes-EraseBytes-ChangeByte-ChangeByte-EraseBytes-
#2639	NEW    cov: 123 ft: 491 corp: 62/10307b lim: 333 exec/s: 0 rss: 29Mb L: 289/333 MS: 1 CMP- DE: "stts"-
#2796	REDUCE cov: 123 ft: 491 corp: 62/10305b lim: 333 exec/s: 0 rss: 29Mb L: 80/333 MS: 2 ChangeASCIIInt-EraseBytes-
#2895	REDUCE cov: 123 ft: 491 corp: 62/10300b lim: 333 exec/s: 0 rss: 29Mb L: 33/333 MS: 4 CopyPart-InsertRepeatedBytes-ShuffleBytes-EraseBytes-
#2976	REDUCE cov: 123 ft: 491 corp: 62/10268b lim: 333 exec/s: 0 rss: 29Mb L: 256/333 MS: 1 EraseBytes-
#2982	REDUCE cov: 123 ft: 491 corp: 62/10252b lim: 333 exec/s: 0 rss: 29Mb L: 236/333 MS: 1 EraseBytes-
#2983	REDUCE cov: 123 ft: 491 corp: 62/10176b lim: 333 exec/s: 0 rss: 29Mb L: 180/333 MS: 1 EraseBytes-
#3035	REDUCE cov: 123 ft: 491 corp: 62/10166b lim: 333 exec/s: 0 rss: 29Mb L: 81/333 MS: 2 CMP-EraseBytes- DE: "\001\000`\334y3\344\000"-
#3046	NEW    cov: 123 ft: 492 corp: 63/10174b lim: 333 exec/s: 0 rss: 29Mb L: 8/333 MS: 1 CrossOver-
#3159	REDUCE cov: 123 ft: 492 corp: 63/10165b lim: 333 exec/s: 0 rss: 29Mb L: 299/333 MS: 3 PersAutoDict-ChangeBit-CrossOver- DE: "\212\2323y\334`\000\000"-
#3274	REDUCE cov: 123 ft: 492 corp: 63/10094b lim: 333 exec/s: 0 rss: 29Mb L: 158/333 MS: 5 InsertByte-ShuffleBytes-PersAutoDict-ChangeByte-EraseBytes- DE: "\000\000\000k"-
#3315	REDUCE cov: 123 ft: 492 corp: 63/10078b lim: 333 exec/s: 0 rss: 29Mb L: 17/333 MS: 1 EraseBytes-
#3469	REDUCE cov: 123 ft: 492 corp: 63/10060b lim: 333 exec/s: 0 rss: 29Mb L: 13/333 MS: 4 ChangeASCIIInt-CrossOver-CopyPart-CrossOver-
#3500	NEW    cov: 123 ft: 493 corp: 64/10393b lim: 333 exec/s: 0 rss: 29Mb L: 333/333 MS: 1 ChangeBinInt-
#3538	REDUCE cov: 123 ft: 493 corp: 64/10341b lim: 333 exec/s: 0 rss: 29Mb L: 106/333 MS: 3 InsertByte-ChangeBit-EraseBytes-
#3557	NEW    cov: 123 ft: 505 corp: 65/10674b lim: 333 exec/s: 0 rss: 29Mb L: 333/333 MS: 4 ChangeBinInt-CopyPart-ChangeBinInt-CrossOver-
#3583	REDUCE cov: 123 ft: 505 corp: 65/10670b lim: 333 exec/s: 0 rss: 29Mb L: 37/333 MS: 1 EraseBytes-
#3762	REDUCE cov: 123 ft: 505 corp: 65/10643b lim: 333 exec/s: 0 rss: 29Mb L: 121/333 MS: 4 ShuffleBytes-EraseBytes-CrossOver-InsertByte-
#3769	REDUCE cov: 123 ft: 505 corp: 65/10638b lim: 333 exec/s: 0 rss: 29Mb L: 296/333 MS: 2 CopyPart-EraseBytes-
#3799	REDUCE cov: 123 ft: 505 corp: 65/10559b lim: 333 exec/s: 0 rss: 29Mb L: 254/333 MS: 5 CopyPart-ChangeBinInt-ChangeByte-ShuffleBytes-EraseBytes-
#3835	REDUCE cov: 123 ft: 506 corp: 66/10573b lim: 333 exec/s: 0 rss: 29Mb L: 14/333 MS: 1 CMP- DE: "moov"-
#3922	REDUCE cov: 123 ft: 506 corp: 66/10553b lim: 333 exec/s: 0 rss: 29Mb L: 86/333 MS: 2 ChangeBinInt-EraseBytes-
#3972	REDUCE cov: 123 ft: 506 corp: 66/10528b lim: 333 exec/s: 0 rss: 29Mb L: 136/333 MS: 5 CMP-InsertRepeatedBytes-CrossOver-ChangeBit-EraseBytes- DE: "edts"-
#4033	REDUCE cov: 123 ft: 506 corp: 66/10526b lim: 333 exec/s: 0 rss: 29Mb L: 106/333 MS: 1 EraseBytes-
#4059	REDUCE cov: 123 ft: 506 corp: 66/10507b lim: 333 exec/s: 0 rss: 29Mb L: 67/333 MS: 1 EraseBytes-
#4115	REDUCE cov: 123 ft: 506 corp: 66/10498b lim: 333 exec/s: 0 rss: 29Mb L: 243/333 MS: 1 EraseBytes-
#4202	REDUCE cov: 123 ft: 506 corp: 66/10495b lim: 333 exec/s: 0 rss: 29Mb L: 118/333 MS: 2 EraseBytes-CopyPart-
#4216	NEW    cov: 123 ft: 507 corp: 67/10733b lim: 333 exec/s: 0 rss: 29Mb L: 238/333 MS: 4 InsertByte-ChangeBinInt-CMP-EraseBytes- DE: "Y9\264\257\276\2175\006"-
#4491	REDUCE cov: 123 ft: 508 corp: 68/11065b lim: 333 exec/s: 0 rss: 29Mb L: 332/333 MS: 5 ChangeBit-InsertRepeatedBytes-ChangeBit-ShuffleBytes-InsertRepeatedBytes-
#4707	REDUCE cov: 123 ft: 508 corp: 68/11026b lim: 333 exec/s: 0 rss: 29Mb L: 204/333 MS: 1 CrossOver-
#4747	REDUCE cov: 123 ft: 508 corp: 68/11011b lim: 333 exec/s: 0 rss: 29Mb L: 75/333 MS: 5 EraseBytes-EraseBytes-CopyPart-EraseBytes-ChangeBinInt-
#4771	REDUCE cov: 123 ft: 508 corp: 68/10897b lim: 333 exec/s: 0 rss: 29Mb L: 194/333 MS: 4 InsertRepeatedBytes-ChangeBit-InsertRepeatedBytes-EraseBytes-
#4782	REDUCE cov: 123 ft: 508 corp: 68/10893b lim: 333 exec/s: 0 rss: 29Mb L: 26/333 MS: 1 EraseBytes-
#4873	REDUCE cov: 123 ft: 508 corp: 68/10846b lim: 333 exec/s: 0 rss: 29Mb L: 84/333 MS: 1 EraseBytes-
#4904	REDUCE cov: 123 ft: 508 corp: 68/10834b lim: 333 exec/s: 0 rss: 29Mb L: 104/333 MS: 1 EraseBytes-
#4912	REDUCE cov: 123 ft: 508 corp: 68/10831b lim: 333 exec/s: 0 rss: 29Mb L: 174/333 MS: 3 ShuffleBytes-ChangeByte-EraseBytes-
#4931	REDUCE cov: 123 ft: 508 corp: 68/10807b lim: 333 exec/s: 0 rss: 29Mb L: 156/333 MS: 4 ChangeBinInt-PersAutoDict-ChangeBit-EraseBytes- DE: "\360)\000|\020r\000\000"-
#5018	REDUCE cov: 124 ft: 509 corp: 69/11003b lim: 333 exec/s: 0 rss: 29Mb L: 196/333 MS: 2 ChangeByte-CMP- DE: "w\000"-
#5223	REDUCE cov: 124 ft: 509 corp: 69/11000b lim: 333 exec/s: 0 rss: 29Mb L: 30/333 MS: 5 PersAutoDict-ChangeBit-CMP-CopyPart-EraseBytes- DE: "pixi"-"\027\000ix"-
#5285	REDUCE cov: 124 ft: 509 corp: 69/10981b lim: 333 exec/s: 0 rss: 29Mb L: 62/333 MS: 2 ChangeBinInt-EraseBytes-
#5312	REDUCE cov: 124 ft: 509 corp: 69/10977b lim: 333 exec/s: 0 rss: 29Mb L: 80/333 MS: 2 ChangeBit-EraseBytes-
#5357	REDUCE cov: 124 ft: 509 corp: 69/10975b lim: 333 exec/s: 0 rss: 29Mb L: 49/333 MS: 5 InsertByte-ChangeByte-EraseBytes-ShuffleBytes-InsertByte-
#5476	REDUCE cov: 124 ft: 509 corp: 69/10967b lim: 333 exec/s: 0 rss: 29Mb L: 301/333 MS: 4 ChangeBinInt-EraseBytes-ShuffleBytes-InsertRepeatedBytes-
#5488	REDUCE cov: 124 ft: 509 corp: 69/10965b lim: 333 exec/s: 0 rss: 29Mb L: 28/333 MS: 2 CMP-EraseBytes- DE: "\377\377_\334@\347y\344"-
#5505	REDUCE cov: 124 ft: 509 corp: 69/10962b lim: 333 exec/s: 0 rss: 29Mb L: 279/333 MS: 2 EraseBytes-PersAutoDict- DE: "Y9\264\257\276\2175\006"-
#5546	REDUCE cov: 124 ft: 509 corp: 69/10899b lim: 333 exec/s: 0 rss: 29Mb L: 270/333 MS: 1 EraseBytes-
#5600	REDUCE cov: 124 ft: 512 corp: 70/10967b lim: 333 exec/s: 0 rss: 29Mb L: 68/333 MS: 4 ChangeBit-ChangeBinInt-CopyPart-EraseBytes-
#5756	REDUCE cov: 124 ft: 512 corp: 70/10950b lim: 333 exec/s: 0 rss: 29Mb L: 157/333 MS: 1 EraseBytes-
#5932	REDUCE cov: 124 ft: 512 corp: 70/10887b lim: 333 exec/s: 0 rss: 29Mb L: 133/333 MS: 1 EraseBytes-
#5971	REDUCE cov: 124 ft: 512 corp: 70/10881b lim: 333 exec/s: 0 rss: 29Mb L: 150/333 MS: 4 ShuffleBytes-PersAutoDict-CrossOver-EraseBytes- DE: "\377\377_\334@\347y\344"-
#5974	REDUCE cov: 124 ft: 512 corp: 70/10856b lim: 333 exec/s: 0 rss: 29Mb L: 81/333 MS: 3 ShuffleBytes-EraseBytes-CMP- DE: "\377'"-
#5992	REDUCE cov: 124 ft: 512 corp: 70/10852b lim: 333 exec/s: 0 rss: 29Mb L: 58/333 MS: 3 ChangeBit-ChangeByte-EraseBytes-
#6080	REDUCE cov: 124 ft: 512 corp: 70/10848b lim: 333 exec/s: 0 rss: 29Mb L: 41/333 MS: 3 ChangeASCIIInt-ChangeByte-EraseBytes-
#6152	REDUCE cov: 124 ft: 512 corp: 70/10838b lim: 333 exec/s: 0 rss: 29Mb L: 57/333 MS: 2 ChangeByte-EraseBytes-
#6203	REDUCE cov: 124 ft: 512 corp: 70/10825b lim: 333 exec/s: 0 rss: 29Mb L: 67/333 MS: 1 EraseBytes-
#6232	REDUCE cov: 124 ft: 512 corp: 70/10798b lim: 333 exec/s: 6232 rss: 29Mb L: 41/333 MS: 3 CopyPart-ShuffleBytes-EraseBytes-
#6268	REDUCE cov: 124 ft: 512 corp: 70/10790b lim: 333 exec/s: 6268 rss: 29Mb L: 322/333 MS: 1 EraseBytes-
#6284	REDUCE cov: 124 ft: 512 corp: 70/10757b lim: 333 exec/s: 6284 rss: 29Mb L: 100/333 MS: 1 EraseBytes-
==895478== ERROR: libFuzzer: out-of-memory (used: 1435Mb; limit: 1024Mb)
   To change the out-of-memory limit use -rss_limit_mb=<N>

MS: 4 InsertRepeatedBytes-ShuffleBytes-ChangeBinInt-PersAutoDict- DE: "\377\377_\334@\347y\344"-; base unit: 49ecf376b1b11f6ba42f144baa101113d13db7e6
artifact_prefix='/results/crashes/20260313_190802_b24e133b_'; Test unit written to /results/crashes/20260313_190802_b24e133b_oom-061f6d4718994c1810b489b196caccd086ba4523
SUMMARY: libFuzzer: out-of-memory
stat::number_of_executed_units: 6328
stat::average_exec_per_sec:     3164
stat::new_units_added:          153
stat::slowest_unit_time_sec:    0
stat::peak_rss_mb:              1436
