INFO: Running with entropic power schedule (0xFF, 100).
INFO: Seed: 2830790006
INFO: Loaded 1 modules   (252 inline 8-bit counters): 252 [0x5f092d6c4678, 0x5f092d6c4774), 
INFO: Loaded 1 PC tables (252 PCs): 252 [0x5f092d6c4778,0x5f092d6c5738), 
INFO:        4 files found in /tmp/corpus_20260313_153650_9f39c289
INFO: seed corpus: files: 4 min: 48b max: 333b total: 853b rss: 28Mb
#5	INITED cov: 119 ft: 255 corp: 4/853b exec/s: 0 rss: 29Mb
#8	NEW    cov: 119 ft: 269 corp: 5/1063b lim: 333 exec/s: 0 rss: 29Mb L: 210/333 MS: 3 ChangeByte-ChangeBinInt-CrossOver-
#11	NEW    cov: 119 ft: 276 corp: 6/1112b lim: 333 exec/s: 0 rss: 29Mb L: 49/333 MS: 3 ChangeByte-CrossOver-InsertByte-
#13	NEW    cov: 119 ft: 281 corp: 7/1372b lim: 333 exec/s: 0 rss: 29Mb L: 260/333 MS: 2 ChangeByte-InsertRepeatedBytes-
#19	NEW    cov: 121 ft: 285 corp: 8/1596b lim: 333 exec/s: 0 rss: 29Mb L: 224/333 MS: 1 CMP- DE: "mdia"-
#22	NEW    cov: 121 ft: 286 corp: 9/1865b lim: 333 exec/s: 0 rss: 29Mb L: 269/333 MS: 3 PersAutoDict-InsertByte-PersAutoDict- DE: "mdia"-"mdia"-
#25	NEW    cov: 121 ft: 287 corp: 10/1922b lim: 333 exec/s: 0 rss: 29Mb L: 57/333 MS: 3 ChangeByte-PersAutoDict-CMP- DE: "mdia"-"stsd"-
#26	NEW    cov: 121 ft: 288 corp: 11/2174b lim: 333 exec/s: 0 rss: 29Mb L: 252/333 MS: 1 CopyPart-
#28	NEW    cov: 121 ft: 294 corp: 12/2362b lim: 333 exec/s: 0 rss: 29Mb L: 188/333 MS: 2 ChangeBit-CrossOver-
#30	NEW    cov: 122 ft: 295 corp: 13/2582b lim: 333 exec/s: 0 rss: 29Mb L: 220/333 MS: 2 CMP-CrossOver- DE: "hvc1"-
#31	NEW    cov: 122 ft: 353 corp: 14/2612b lim: 333 exec/s: 0 rss: 29Mb L: 30/333 MS: 1 EraseBytes-
#45	NEW    cov: 122 ft: 358 corp: 15/2774b lim: 333 exec/s: 0 rss: 29Mb L: 162/333 MS: 4 ShuffleBytes-InsertByte-ShuffleBytes-EraseBytes-
#47	NEW    cov: 122 ft: 368 corp: 16/2821b lim: 333 exec/s: 0 rss: 29Mb L: 47/333 MS: 2 CrossOver-ShuffleBytes-
#48	NEW    cov: 122 ft: 383 corp: 17/2929b lim: 333 exec/s: 0 rss: 29Mb L: 108/333 MS: 1 EraseBytes-
#50	NEW    cov: 122 ft: 385 corp: 18/3038b lim: 333 exec/s: 0 rss: 29Mb L: 109/333 MS: 2 CrossOver-InsertByte-
#51	NEW    cov: 122 ft: 401 corp: 19/3061b lim: 333 exec/s: 0 rss: 29Mb L: 23/333 MS: 1 EraseBytes-
#52	NEW    cov: 122 ft: 403 corp: 20/3088b lim: 333 exec/s: 0 rss: 29Mb L: 27/333 MS: 1 CMP- DE: "mere"-
#57	NEW    cov: 122 ft: 404 corp: 21/3119b lim: 333 exec/s: 0 rss: 29Mb L: 31/333 MS: 5 CMP-ShuffleBytes-ChangeBit-ChangeByte-PersAutoDict- DE: "hvc1"-"hvc1"-
#61	NEW    cov: 122 ft: 406 corp: 22/3375b lim: 333 exec/s: 0 rss: 29Mb L: 256/333 MS: 4 ShuffleBytes-ChangeBinInt-ChangeBinInt-PersAutoDict- DE: "mere"-
#63	NEW    cov: 122 ft: 411 corp: 23/3455b lim: 333 exec/s: 0 rss: 29Mb L: 80/333 MS: 2 EraseBytes-CMP- DE: "pixi"-
#65	NEW    cov: 122 ft: 412 corp: 24/3679b lim: 333 exec/s: 0 rss: 29Mb L: 224/333 MS: 2 ChangeByte-PersAutoDict- DE: "mere"-
#67	NEW    cov: 122 ft: 425 corp: 25/3872b lim: 333 exec/s: 0 rss: 29Mb L: 193/333 MS: 2 InsertByte-PersAutoDict- DE: "pixi"-
#78	NEW    cov: 122 ft: 438 corp: 26/3886b lim: 333 exec/s: 0 rss: 29Mb L: 14/333 MS: 1 EraseBytes-
#83	NEW    cov: 123 ft: 440 corp: 27/4179b lim: 333 exec/s: 0 rss: 29Mb L: 293/333 MS: 5 ShuffleBytes-ChangeBinInt-EraseBytes-InsertRepeatedBytes-CrossOver-
#84	NEW    cov: 123 ft: 441 corp: 28/4407b lim: 333 exec/s: 0 rss: 29Mb L: 228/333 MS: 1 PersAutoDict- DE: "mere"-
#97	NEW    cov: 123 ft: 442 corp: 29/4562b lim: 333 exec/s: 0 rss: 29Mb L: 155/333 MS: 3 ChangeByte-CopyPart-EraseBytes-
#105	NEW    cov: 123 ft: 445 corp: 30/4723b lim: 333 exec/s: 0 rss: 29Mb L: 161/333 MS: 3 ChangeASCIIInt-ChangeBinInt-EraseBytes-
#106	NEW    cov: 123 ft: 446 corp: 31/4750b lim: 333 exec/s: 0 rss: 29Mb L: 27/333 MS: 1 ChangeBinInt-
#108	NEW    cov: 123 ft: 447 corp: 32/4931b lim: 333 exec/s: 0 rss: 29Mb L: 181/333 MS: 2 PersAutoDict-EraseBytes- DE: "stsd"-
#110	NEW    cov: 123 ft: 448 corp: 33/5255b lim: 333 exec/s: 0 rss: 29Mb L: 324/333 MS: 2 InsertRepeatedBytes-CMP- DE: "\230\000\000\000\000\000\000\000"-
#168	NEW    cov: 123 ft: 449 corp: 34/5476b lim: 333 exec/s: 0 rss: 29Mb L: 221/333 MS: 3 EraseBytes-ChangeBit-CrossOver-
#180	NEW    cov: 123 ft: 450 corp: 35/5574b lim: 333 exec/s: 0 rss: 29Mb L: 98/333 MS: 2 PersAutoDict-CrossOver- DE: "stsd"-
#185	NEW    cov: 123 ft: 451 corp: 36/5907b lim: 333 exec/s: 0 rss: 29Mb L: 333/333 MS: 5 ShuffleBytes-CopyPart-ShuffleBytes-ChangeByte-PersAutoDict- DE: "stsd"-
#186	NEW    cov: 123 ft: 457 corp: 37/6200b lim: 333 exec/s: 0 rss: 29Mb L: 293/333 MS: 1 PersAutoDict- DE: "pixi"-
#190	NEW    cov: 123 ft: 458 corp: 38/6251b lim: 333 exec/s: 0 rss: 29Mb L: 51/333 MS: 4 ShuffleBytes-ChangeASCIIInt-InsertByte-EraseBytes-
#194	NEW    cov: 123 ft: 459 corp: 39/6263b lim: 333 exec/s: 0 rss: 29Mb L: 12/333 MS: 4 EraseBytes-ShuffleBytes-CrossOver-EraseBytes-
#205	NEW    cov: 123 ft: 460 corp: 40/6349b lim: 333 exec/s: 0 rss: 29Mb L: 86/333 MS: 1 InsertRepeatedBytes-
#223	NEW    cov: 123 ft: 461 corp: 41/6387b lim: 333 exec/s: 0 rss: 29Mb L: 38/333 MS: 3 ChangeASCIIInt-CMP-InsertRepeatedBytes- DE: "@X\301U\011_\000\000"-
#233	REDUCE cov: 123 ft: 461 corp: 41/6366b lim: 333 exec/s: 0 rss: 29Mb L: 207/333 MS: 5 CMP-CopyPart-ShuffleBytes-InsertByte-EraseBytes- DE: "iinf"-
#234	NEW    cov: 123 ft: 462 corp: 42/6592b lim: 333 exec/s: 0 rss: 29Mb L: 226/333 MS: 1 CrossOver-
#252	NEW    cov: 123 ft: 470 corp: 43/6768b lim: 333 exec/s: 0 rss: 29Mb L: 176/333 MS: 3 InsertRepeatedBytes-ChangeBit-ChangeByte-
#254	REDUCE cov: 123 ft: 470 corp: 43/6752b lim: 333 exec/s: 0 rss: 29Mb L: 172/333 MS: 2 ChangeBinInt-EraseBytes-
#260	REDUCE cov: 123 ft: 470 corp: 43/6747b lim: 333 exec/s: 0 rss: 29Mb L: 33/333 MS: 1 EraseBytes-
#300	NEW    cov: 124 ft: 471 corp: 44/7061b lim: 333 exec/s: 0 rss: 29Mb L: 314/333 MS: 5 CopyPart-CopyPart-ChangeByte-ChangeBit-PersAutoDict- DE: "mdia"-
#348	REDUCE cov: 124 ft: 471 corp: 44/6963b lim: 333 exec/s: 0 rss: 29Mb L: 171/333 MS: 3 ChangeBinInt-EraseBytes-InsertRepeatedBytes-
#358	NEW    cov: 124 ft: 472 corp: 45/7223b lim: 333 exec/s: 0 rss: 29Mb L: 260/333 MS: 5 InsertRepeatedBytes-CrossOver-CrossOver-ShuffleBytes-PersAutoDict- DE: "iinf"-
#402	REDUCE cov: 124 ft: 472 corp: 45/7206b lim: 333 exec/s: 0 rss: 29Mb L: 276/333 MS: 4 ChangeByte-CrossOver-CrossOver-EraseBytes-
#410	NEW    cov: 124 ft: 477 corp: 46/7426b lim: 333 exec/s: 0 rss: 29Mb L: 220/333 MS: 3 ChangeBit-ChangeBit-ChangeBinInt-
#538	REDUCE cov: 124 ft: 477 corp: 46/7360b lim: 333 exec/s: 0 rss: 29Mb L: 210/333 MS: 3 ChangeBinInt-ShuffleBytes-EraseBytes-
#596	NEW    cov: 124 ft: 478 corp: 47/7672b lim: 333 exec/s: 0 rss: 29Mb L: 312/333 MS: 3 ChangeByte-InsertRepeatedBytes-PersAutoDict- DE: "hvc1"-
#609	REDUCE cov: 124 ft: 481 corp: 48/7998b lim: 333 exec/s: 0 rss: 29Mb L: 326/333 MS: 3 ChangeBit-ChangeBit-CopyPart-
#662	REDUCE cov: 124 ft: 481 corp: 48/7981b lim: 333 exec/s: 0 rss: 29Mb L: 63/333 MS: 3 ChangeByte-ChangeBit-EraseBytes-
#720	NEW    cov: 125 ft: 482 corp: 49/7988b lim: 333 exec/s: 0 rss: 29Mb L: 7/333 MS: 3 ChangeBinInt-ChangeASCIIInt-CrossOver-
#722	REDUCE cov: 125 ft: 482 corp: 49/7931b lim: 333 exec/s: 0 rss: 29Mb L: 115/333 MS: 2 CopyPart-EraseBytes-
#728	REDUCE cov: 125 ft: 482 corp: 49/7928b lim: 333 exec/s: 0 rss: 29Mb L: 9/333 MS: 1 EraseBytes-
#759	REDUCE cov: 125 ft: 483 corp: 50/8135b lim: 333 exec/s: 0 rss: 29Mb L: 207/333 MS: 1 PersAutoDict- DE: "mdia"-
#782	NEW    cov: 125 ft: 487 corp: 51/8418b lim: 333 exec/s: 0 rss: 29Mb L: 283/333 MS: 3 InsertByte-InsertRepeatedBytes-PersAutoDict- DE: "pixi"-
#820	REDUCE cov: 125 ft: 487 corp: 51/8391b lim: 333 exec/s: 0 rss: 29Mb L: 166/333 MS: 3 CopyPart-PersAutoDict-EraseBytes- DE: "mdia"-
#821	REDUCE cov: 125 ft: 487 corp: 51/8361b lim: 333 exec/s: 0 rss: 29Mb L: 284/333 MS: 1 EraseBytes-
#958	NEW    cov: 125 ft: 491 corp: 52/8691b lim: 333 exec/s: 0 rss: 29Mb L: 330/333 MS: 2 ChangeByte-CMP- DE: "stsd"-
#1056	REDUCE cov: 125 ft: 491 corp: 52/8566b lim: 333 exec/s: 0 rss: 29Mb L: 158/333 MS: 3 PersAutoDict-ChangeByte-EraseBytes- DE: "pixi"-
#1074	REDUCE cov: 125 ft: 498 corp: 53/8753b lim: 333 exec/s: 0 rss: 29Mb L: 187/333 MS: 3 InsertByte-InsertRepeatedBytes-InsertRepeatedBytes-
#1092	REDUCE cov: 125 ft: 498 corp: 53/8733b lim: 333 exec/s: 0 rss: 29Mb L: 306/333 MS: 3 ChangeBinInt-ShuffleBytes-EraseBytes-
#1123	REDUCE cov: 125 ft: 498 corp: 53/8641b lim: 333 exec/s: 0 rss: 29Mb L: 118/333 MS: 1 EraseBytes-
#1145	REDUCE cov: 125 ft: 498 corp: 53/8637b lim: 333 exec/s: 0 rss: 29Mb L: 111/333 MS: 2 CMP-EraseBytes- DE: "stts"-
#1261	NEW    cov: 125 ft: 500 corp: 54/8857b lim: 333 exec/s: 0 rss: 29Mb L: 220/333 MS: 1 ShuffleBytes-
#1397	NEW    cov: 125 ft: 501 corp: 55/8865b lim: 333 exec/s: 0 rss: 29Mb L: 8/333 MS: 1 InsertByte-
#1398	REDUCE cov: 125 ft: 501 corp: 55/8819b lim: 333 exec/s: 0 rss: 29Mb L: 112/333 MS: 1 EraseBytes-
#1402	REDUCE cov: 125 ft: 501 corp: 55/8743b lim: 333 exec/s: 0 rss: 29Mb L: 184/333 MS: 4 ChangeASCIIInt-InsertByte-CopyPart-EraseBytes-
#1411	REDUCE cov: 125 ft: 501 corp: 55/8735b lim: 333 exec/s: 0 rss: 29Mb L: 49/333 MS: 4 ChangeByte-CrossOver-ChangeBit-EraseBytes-
#1423	NEW    cov: 125 ft: 502 corp: 56/8938b lim: 333 exec/s: 0 rss: 29Mb L: 203/333 MS: 2 PersAutoDict-InsertRepeatedBytes- DE: "pixi"-
#1550	REDUCE cov: 125 ft: 502 corp: 56/8937b lim: 333 exec/s: 0 rss: 29Mb L: 206/333 MS: 2 ShuffleBytes-EraseBytes-
#1627	REDUCE cov: 125 ft: 502 corp: 56/8931b lim: 333 exec/s: 0 rss: 29Mb L: 17/333 MS: 2 ChangeByte-CrossOver-
#1677	REDUCE cov: 125 ft: 502 corp: 56/8869b lim: 333 exec/s: 0 rss: 29Mb L: 141/333 MS: 5 ChangeBit-ChangeBinInt-CopyPart-CrossOver-ChangeBit-
#1690	REDUCE cov: 125 ft: 502 corp: 56/8846b lim: 333 exec/s: 0 rss: 29Mb L: 184/333 MS: 3 EraseBytes-PersAutoDict-CrossOver- DE: "@X\301U\011_\000\000"-
#1720	REDUCE cov: 125 ft: 502 corp: 56/8841b lim: 333 exec/s: 0 rss: 29Mb L: 93/333 MS: 5 ChangeBinInt-CrossOver-PersAutoDict-ChangeBit-EraseBytes- DE: "mere"-
#1785	NEW    cov: 125 ft: 507 corp: 57/9139b lim: 333 exec/s: 0 rss: 29Mb L: 298/333 MS: 5 ShuffleBytes-ChangeByte-CopyPart-InsertByte-InsertRepeatedBytes-
#1867	REDUCE cov: 125 ft: 507 corp: 57/9108b lim: 333 exec/s: 0 rss: 29Mb L: 193/333 MS: 2 ChangeBinInt-EraseBytes-
#1960	REDUCE cov: 125 ft: 507 corp: 57/9044b lim: 333 exec/s: 0 rss: 29Mb L: 107/333 MS: 3 InsertByte-InsertByte-EraseBytes-
#2002	NEW    cov: 125 ft: 508 corp: 58/9346b lim: 333 exec/s: 0 rss: 29Mb L: 302/333 MS: 2 ChangeByte-PersAutoDict- DE: "pixi"-
#2202	REDUCE cov: 125 ft: 508 corp: 58/9263b lim: 333 exec/s: 0 rss: 29Mb L: 201/333 MS: 5 InsertByte-ShuffleBytes-InsertByte-CopyPart-EraseBytes-
#2277	REDUCE cov: 125 ft: 508 corp: 58/9259b lim: 333 exec/s: 0 rss: 29Mb L: 43/333 MS: 5 CopyPart-EraseBytes-ChangeBinInt-ChangeASCIIInt-PersAutoDict- DE: "iinf"-
#2357	REDUCE cov: 125 ft: 508 corp: 58/9231b lim: 333 exec/s: 0 rss: 29Mb L: 80/333 MS: 5 PersAutoDict-ChangeByte-EraseBytes-ChangeByte-CMP- DE: "pixi"-"5osi"-
#2358	NEW    cov: 125 ft: 509 corp: 59/9461b lim: 333 exec/s: 0 rss: 29Mb L: 230/333 MS: 1 EraseBytes-
#2469	NEW    cov: 125 ft: 510 corp: 60/9685b lim: 333 exec/s: 0 rss: 29Mb L: 224/333 MS: 1 CMP- DE: "dinf"-
#2532	REDUCE cov: 125 ft: 510 corp: 60/9619b lim: 333 exec/s: 0 rss: 29Mb L: 135/333 MS: 3 CopyPart-ChangeASCIIInt-EraseBytes-
#2614	REDUCE cov: 125 ft: 510 corp: 60/9613b lim: 333 exec/s: 0 rss: 29Mb L: 214/333 MS: 2 ChangeBit-EraseBytes-
#2623	REDUCE cov: 125 ft: 511 corp: 61/9919b lim: 333 exec/s: 0 rss: 29Mb L: 306/333 MS: 4 InsertByte-CrossOver-ChangeByte-InsertRepeatedBytes-
#2686	REDUCE cov: 125 ft: 511 corp: 61/9916b lim: 333 exec/s: 0 rss: 29Mb L: 27/333 MS: 3 CopyPart-CopyPart-EraseBytes-
#2694	REDUCE cov: 125 ft: 511 corp: 61/9900b lim: 333 exec/s: 0 rss: 29Mb L: 244/333 MS: 3 InsertByte-ShuffleBytes-EraseBytes-
#2708	REDUCE cov: 125 ft: 511 corp: 61/9899b lim: 333 exec/s: 0 rss: 29Mb L: 30/333 MS: 4 EraseBytes-InsertByte-InsertByte-CMP- DE: "\001\000u\301L\000\211\240"-
#2836	REDUCE cov: 125 ft: 511 corp: 61/9887b lim: 333 exec/s: 0 rss: 29Mb L: 321/333 MS: 3 ChangeBit-ChangeByte-EraseBytes-
#2964	NEW    cov: 125 ft: 512 corp: 62/10128b lim: 333 exec/s: 0 rss: 29Mb L: 241/333 MS: 3 ChangeBinInt-CrossOver-CopyPart-
#3035	NEW    cov: 125 ft: 524 corp: 63/10359b lim: 333 exec/s: 0 rss: 29Mb L: 231/333 MS: 1 InsertRepeatedBytes-
#3242	REDUCE cov: 125 ft: 524 corp: 63/10355b lim: 333 exec/s: 0 rss: 29Mb L: 23/333 MS: 2 PersAutoDict-EraseBytes- DE: "stts"-
#3276	REDUCE cov: 125 ft: 524 corp: 63/10354b lim: 333 exec/s: 0 rss: 29Mb L: 29/333 MS: 4 ChangeBit-ChangeBit-InsertByte-EraseBytes-
#3332	REDUCE cov: 125 ft: 524 corp: 63/10221b lim: 333 exec/s: 0 rss: 29Mb L: 188/333 MS: 1 EraseBytes-
#3366	NEW    cov: 125 ft: 525 corp: 64/10458b lim: 333 exec/s: 0 rss: 29Mb L: 237/333 MS: 4 ShuffleBytes-ShuffleBytes-PersAutoDict-CrossOver- DE: "dinf"-
#3402	NEW    cov: 125 ft: 526 corp: 65/10725b lim: 333 exec/s: 0 rss: 29Mb L: 267/333 MS: 1 InsertRepeatedBytes-
#3412	REDUCE cov: 125 ft: 526 corp: 65/10711b lim: 333 exec/s: 0 rss: 29Mb L: 35/333 MS: 5 ChangeByte-ChangeASCIIInt-InsertRepeatedBytes-CMP-CrossOver- DE: "\000\000u\301L\000b\211"-
#3419	REDUCE cov: 126 ft: 528 corp: 66/10743b lim: 333 exec/s: 0 rss: 29Mb L: 32/333 MS: 2 CrossOver-CopyPart-
#3472	NEW    cov: 126 ft: 531 corp: 67/11068b lim: 333 exec/s: 0 rss: 29Mb L: 325/333 MS: 3 PersAutoDict-InsertRepeatedBytes-CopyPart- DE: "mere"-
#3506	NEW    cov: 126 ft: 541 corp: 68/11311b lim: 333 exec/s: 0 rss: 29Mb L: 243/333 MS: 4 ChangeByte-ChangeBit-InsertByte-InsertByte-
#3539	REDUCE cov: 126 ft: 541 corp: 68/11310b lim: 333 exec/s: 0 rss: 29Mb L: 26/333 MS: 3 CrossOver-ChangeByte-EraseBytes-
#3549	REDUCE cov: 126 ft: 541 corp: 68/11292b lim: 333 exec/s: 0 rss: 29Mb L: 307/333 MS: 5 InsertRepeatedBytes-CrossOver-ShuffleBytes-CopyPart-EraseBytes-
#3567	REDUCE cov: 126 ft: 542 corp: 69/11433b lim: 333 exec/s: 0 rss: 29Mb L: 141/333 MS: 3 ChangeBit-ChangeByte-ChangeBit-
#3568	REDUCE cov: 126 ft: 542 corp: 69/11424b lim: 333 exec/s: 0 rss: 29Mb L: 14/333 MS: 1 CrossOver-
#3695	REDUCE cov: 126 ft: 542 corp: 69/11420b lim: 333 exec/s: 0 rss: 29Mb L: 10/333 MS: 2 CMP-EraseBytes- DE: "cdsc"-
#3735	REDUCE cov: 126 ft: 542 corp: 69/11416b lim: 333 exec/s: 0 rss: 29Mb L: 326/333 MS: 5 CrossOver-EraseBytes-CMP-ShuffleBytes-InsertByte- DE: "\001\000\000\000\000\000\000\017"-
#3745	REDUCE cov: 126 ft: 542 corp: 69/11375b lim: 333 exec/s: 0 rss: 29Mb L: 266/333 MS: 5 ChangeByte-ChangeBinInt-ChangeBinInt-InsertRepeatedBytes-EraseBytes-
#3767	REDUCE cov: 126 ft: 542 corp: 69/11371b lim: 333 exec/s: 0 rss: 29Mb L: 177/333 MS: 2 ChangeBinInt-CrossOver-
#3894	REDUCE cov: 126 ft: 542 corp: 69/11363b lim: 333 exec/s: 0 rss: 29Mb L: 233/333 MS: 2 CopyPart-EraseBytes-
#4013	REDUCE cov: 126 ft: 542 corp: 69/11299b lim: 333 exec/s: 0 rss: 29Mb L: 112/333 MS: 4 ChangeByte-CopyPart-ChangeBit-EraseBytes-
#4051	REDUCE cov: 126 ft: 542 corp: 69/11297b lim: 333 exec/s: 0 rss: 29Mb L: 27/333 MS: 3 CrossOver-CMP-CrossOver- DE: "avcC"-
#4420	REDUCE cov: 126 ft: 542 corp: 69/11296b lim: 333 exec/s: 0 rss: 29Mb L: 50/333 MS: 4 ChangeByte-InsertByte-ChangeBit-EraseBytes-
#4575	NEW    cov: 126 ft: 543 corp: 70/11560b lim: 333 exec/s: 0 rss: 29Mb L: 264/333 MS: 5 CrossOver-CrossOver-ChangeBit-CrossOver-EraseBytes-
#4863	REDUCE cov: 126 ft: 543 corp: 70/11537b lim: 333 exec/s: 0 rss: 29Mb L: 221/333 MS: 3 PersAutoDict-EraseBytes-CrossOver- DE: "dinf"-
#5079	REDUCE cov: 126 ft: 543 corp: 70/11416b lim: 333 exec/s: 0 rss: 29Mb L: 145/333 MS: 1 CrossOver-
#5311	REDUCE cov: 126 ft: 543 corp: 70/11393b lim: 333 exec/s: 0 rss: 29Mb L: 165/333 MS: 2 InsertByte-EraseBytes-
#5869	REDUCE cov: 126 ft: 543 corp: 70/11332b lim: 333 exec/s: 0 rss: 29Mb L: 80/333 MS: 3 EraseBytes-ChangeBit-ChangeBit-
#6088	REDUCE cov: 126 ft: 543 corp: 70/11331b lim: 333 exec/s: 0 rss: 30Mb L: 9/333 MS: 4 ChangeBit-EraseBytes-EraseBytes-InsertRepeatedBytes-
#6112	REDUCE cov: 126 ft: 543 corp: 70/11223b lim: 333 exec/s: 0 rss: 30Mb L: 118/333 MS: 4 EraseBytes-ChangeBinInt-EraseBytes-InsertRepeatedBytes-
#6228	REDUCE cov: 126 ft: 543 corp: 70/11202b lim: 333 exec/s: 0 rss: 30Mb L: 124/333 MS: 1 EraseBytes-
#6361	REDUCE cov: 126 ft: 543 corp: 70/11200b lim: 333 exec/s: 6361 rss: 30Mb L: 41/333 MS: 3 ChangeByte-EraseBytes-CopyPart-
#6362	REDUCE cov: 126 ft: 543 corp: 70/11192b lim: 333 exec/s: 6362 rss: 30Mb L: 304/333 MS: 1 EraseBytes-
#6690	REDUCE cov: 126 ft: 543 corp: 70/11077b lim: 333 exec/s: 6690 rss: 30Mb L: 209/333 MS: 3 CMP-EraseBytes-ChangeByte- DE: "6664"-
#6863	REDUCE cov: 126 ft: 543 corp: 70/11033b lim: 333 exec/s: 6863 rss: 30Mb L: 74/333 MS: 3 CopyPart-ChangeBit-EraseBytes-
#6879	REDUCE cov: 126 ft: 543 corp: 70/11032b lim: 333 exec/s: 6879 rss: 30Mb L: 6/333 MS: 1 EraseBytes-
#6933	REDUCE cov: 126 ft: 543 corp: 70/11027b lim: 333 exec/s: 6933 rss: 30Mb L: 75/333 MS: 4 ChangeBit-EraseBytes-ChangeByte-CopyPart-
#7285	REDUCE cov: 126 ft: 543 corp: 70/10930b lim: 333 exec/s: 7285 rss: 30Mb L: 140/333 MS: 2 ChangeBinInt-EraseBytes-
#7327	REDUCE cov: 126 ft: 543 corp: 70/10915b lim: 333 exec/s: 7327 rss: 30Mb L: 97/333 MS: 2 CMP-EraseBytes- DE: "[\371\002L\301u\000\000"-
#7384	REDUCE cov: 126 ft: 543 corp: 70/10914b lim: 333 exec/s: 7384 rss: 30Mb L: 8/333 MS: 2 PersAutoDict-EraseBytes- DE: "\230\000\000\000\000\000\000\000"-
#7490	REDUCE cov: 126 ft: 543 corp: 70/10902b lim: 333 exec/s: 7490 rss: 30Mb L: 112/333 MS: 1 EraseBytes-
#7510	REDUCE cov: 126 ft: 543 corp: 70/10895b lim: 333 exec/s: 7510 rss: 30Mb L: 104/333 MS: 5 PersAutoDict-ChangeBit-PersAutoDict-InsertByte-EraseBytes- DE: "\230\000\000\000\000\000\000\000"-"dinf"-
#7565	REDUCE cov: 126 ft: 543 corp: 70/10854b lim: 333 exec/s: 7565 rss: 30Mb L: 211/333 MS: 5 EraseBytes-CMP-EraseBytes-ChangeByte-CMP- DE: "q\000\000\000"-"\020\016\000\000"-
#7667	REDUCE cov: 126 ft: 543 corp: 70/10852b lim: 333 exec/s: 7667 rss: 30Mb L: 102/333 MS: 2 ChangeBinInt-EraseBytes-
#7875	NEW    cov: 126 ft: 544 corp: 71/11116b lim: 333 exec/s: 7875 rss: 30Mb L: 264/333 MS: 3 CrossOver-PersAutoDict-CopyPart- DE: "q\000\000\000"-
#7948	REDUCE cov: 126 ft: 544 corp: 71/11092b lim: 333 exec/s: 7948 rss: 30Mb L: 78/333 MS: 3 InsertByte-ChangeByte-EraseBytes-
#7971	REDUCE cov: 126 ft: 544 corp: 71/11091b lim: 333 exec/s: 7971 rss: 30Mb L: 26/333 MS: 3 InsertByte-InsertByte-EraseBytes-
#8006	REDUCE cov: 126 ft: 544 corp: 71/11088b lim: 333 exec/s: 8006 rss: 30Mb L: 24/333 MS: 5 InsertByte-PersAutoDict-ChangeASCIIInt-ChangeBit-EraseBytes- DE: "hvc1"-
#8011	REDUCE cov: 126 ft: 544 corp: 71/11087b lim: 333 exec/s: 8011 rss: 30Mb L: 8/333 MS: 5 PersAutoDict-InsertByte-ChangeBit-ShuffleBytes-EraseBytes- DE: "\020\016\000\000"-
#8035	REDUCE cov: 126 ft: 544 corp: 71/11086b lim: 333 exec/s: 8035 rss: 30Mb L: 5/333 MS: 4 ChangeByte-InsertByte-ShuffleBytes-EraseBytes-
#8116	REDUCE cov: 126 ft: 544 corp: 71/11083b lim: 333 exec/s: 8116 rss: 30Mb L: 218/333 MS: 1 CrossOver-
#8127	REDUCE cov: 126 ft: 544 corp: 71/11064b lim: 333 exec/s: 8127 rss: 30Mb L: 147/333 MS: 1 EraseBytes-
#8133	REDUCE cov: 126 ft: 544 corp: 71/11018b lim: 333 exec/s: 8133 rss: 30Mb L: 66/333 MS: 1 EraseBytes-
#8199	REDUCE cov: 126 ft: 544 corp: 71/11008b lim: 333 exec/s: 8199 rss: 30Mb L: 196/333 MS: 1 EraseBytes-
#8320	REDUCE cov: 126 ft: 544 corp: 71/10965b lim: 333 exec/s: 8320 rss: 30Mb L: 150/333 MS: 1 EraseBytes-
#8363	REDUCE cov: 126 ft: 544 corp: 71/10962b lim: 333 exec/s: 8363 rss: 30Mb L: 208/333 MS: 3 ChangeBinInt-CrossOver-PersAutoDict- DE: "\230\000\000\000\000\000\000\000"-
#8374	REDUCE cov: 126 ft: 548 corp: 72/11256b lim: 333 exec/s: 8374 rss: 30Mb L: 294/333 MS: 1 EraseBytes-
#8397	REDUCE cov: 126 ft: 548 corp: 72/11217b lim: 333 exec/s: 8397 rss: 30Mb L: 255/333 MS: 3 ShuffleBytes-InsertByte-EraseBytes-
#8463	REDUCE cov: 126 ft: 548 corp: 72/11207b lim: 333 exec/s: 8463 rss: 30Mb L: 87/333 MS: 1 EraseBytes-
#8648	REDUCE cov: 126 ft: 548 corp: 72/11201b lim: 333 exec/s: 8648 rss: 30Mb L: 320/333 MS: 5 EraseBytes-PersAutoDict-ChangeBinInt-CopyPart-PersAutoDict- DE: "\001\000\000\000\000\000\000\017"-"hvc1"-
#9110	REDUCE cov: 126 ft: 548 corp: 72/11199b lim: 333 exec/s: 9110 rss: 30Mb L: 3/333 MS: 2 ChangeBit-EraseBytes-
#9181	REDUCE cov: 126 ft: 548 corp: 72/11154b lim: 333 exec/s: 9181 rss: 30Mb L: 95/333 MS: 1 CrossOver-
#9233	REDUCE cov: 126 ft: 548 corp: 72/11149b lim: 333 exec/s: 9233 rss: 30Mb L: 209/333 MS: 2 CMP-CrossOver- DE: "hvcC"-
#9240	REDUCE cov: 126 ft: 548 corp: 72/11133b lim: 333 exec/s: 9240 rss: 30Mb L: 96/333 MS: 2 EraseBytes-InsertByte-
#9311	REDUCE cov: 126 ft: 548 corp: 72/11078b lim: 333 exec/s: 9311 rss: 30Mb L: 200/333 MS: 1 EraseBytes-
#9368	REDUCE cov: 126 ft: 548 corp: 72/11044b lim: 333 exec/s: 9368 rss: 30Mb L: 101/333 MS: 2 ChangeASCIIInt-EraseBytes-
#9452	REDUCE cov: 126 ft: 548 corp: 72/11022b lim: 333 exec/s: 9452 rss: 30Mb L: 73/333 MS: 4 ChangeBit-InsertRepeatedBytes-ChangeByte-EraseBytes-
#9483	REDUCE cov: 126 ft: 548 corp: 72/10865b lim: 333 exec/s: 9483 rss: 30Mb L: 43/333 MS: 1 CrossOver-
#9924	REDUCE cov: 126 ft: 548 corp: 72/10829b lim: 333 exec/s: 9924 rss: 30Mb L: 65/333 MS: 1 CrossOver-
#10007	REDUCE cov: 126 ft: 548 corp: 72/10813b lim: 333 exec/s: 10007 rss: 30Mb L: 171/333 MS: 3 ChangeBit-EraseBytes-InsertRepeatedBytes-
#10169	REDUCE cov: 126 ft: 548 corp: 72/10796b lim: 333 exec/s: 10169 rss: 30Mb L: 26/333 MS: 2 PersAutoDict-EraseBytes- DE: "\230\000\000\000\000\000\000\000"-
#10537	REDUCE cov: 126 ft: 548 corp: 72/10793b lim: 333 exec/s: 10537 rss: 30Mb L: 63/333 MS: 3 ShuffleBytes-ChangeBit-EraseBytes-
#10625	REDUCE cov: 126 ft: 548 corp: 72/10789b lim: 333 exec/s: 10625 rss: 30Mb L: 146/333 MS: 3 EraseBytes-ShuffleBytes-PersAutoDict- DE: "mere"-
#11133	REDUCE cov: 126 ft: 548 corp: 72/10777b lim: 333 exec/s: 11133 rss: 30Mb L: 66/333 MS: 3 InsertByte-PersAutoDict-CrossOver- DE: "\230\000\000\000\000\000\000\000"-
#11308	REDUCE cov: 126 ft: 548 corp: 72/10741b lim: 333 exec/s: 11308 rss: 30Mb L: 174/333 MS: 5 CrossOver-CrossOver-CopyPart-ChangeBinInt-CrossOver-
#11375	REDUCE cov: 126 ft: 548 corp: 72/10740b lim: 333 exec/s: 11375 rss: 30Mb L: 208/333 MS: 2 CrossOver-EraseBytes-
#11516	REDUCE cov: 126 ft: 548 corp: 72/10732b lim: 333 exec/s: 11516 rss: 30Mb L: 55/333 MS: 1 EraseBytes-
#11912	REDUCE cov: 126 ft: 549 corp: 73/10897b lim: 333 exec/s: 11912 rss: 30Mb L: 165/333 MS: 1 ChangeBit-
#12272	REDUCE cov: 126 ft: 549 corp: 73/10896b lim: 333 exec/s: 12272 rss: 30Mb L: 79/333 MS: 5 ChangeBinInt-InsertByte-ShuffleBytes-ChangeBinInt-EraseBytes-
#12373	REDUCE cov: 126 ft: 549 corp: 73/10885b lim: 333 exec/s: 12373 rss: 30Mb L: 253/333 MS: 1 EraseBytes-
#12650	REDUCE cov: 126 ft: 549 corp: 73/10871b lim: 333 exec/s: 12650 rss: 30Mb L: 182/333 MS: 2 ChangeBinInt-EraseBytes-
#12739	REDUCE cov: 126 ft: 549 corp: 73/10862b lim: 333 exec/s: 12739 rss: 30Mb L: 224/333 MS: 4 ChangeBinInt-ChangeBinInt-ChangeBit-EraseBytes-
#12963	REDUCE cov: 126 ft: 549 corp: 73/10830b lim: 333 exec/s: 6481 rss: 30Mb L: 41/333 MS: 3 ChangeASCIIInt-ChangeBinInt-EraseBytes-
#13029	REDUCE cov: 126 ft: 549 corp: 73/10828b lim: 333 exec/s: 6514 rss: 30Mb L: 12/333 MS: 1 EraseBytes-
#13084	NEW    cov: 126 ft: 551 corp: 74/11056b lim: 333 exec/s: 6542 rss: 30Mb L: 228/333 MS: 5 ChangeBit-ChangeBinInt-ChangeByte-ChangeASCIIInt-CMP- DE: "\007\000\000\000\000\000\000\000"-
#13621	REDUCE cov: 126 ft: 551 corp: 74/10976b lim: 333 exec/s: 6810 rss: 30Mb L: 150/333 MS: 2 ChangeBit-EraseBytes-
#13776	REDUCE cov: 126 ft: 551 corp: 74/10965b lim: 333 exec/s: 6888 rss: 30Mb L: 55/333 MS: 5 CopyPart-ChangeByte-ShuffleBytes-EraseBytes-PersAutoDict- DE: "\020\016\000\000"-
#13822	REDUCE cov: 126 ft: 551 corp: 74/10962b lim: 333 exec/s: 6911 rss: 30Mb L: 221/333 MS: 1 CrossOver-
#14938	NEW    cov: 126 ft: 552 corp: 75/11209b lim: 341 exec/s: 7469 rss: 30Mb L: 247/333 MS: 1 PersAutoDict- DE: "dinf"-
#14971	REDUCE cov: 126 ft: 552 corp: 75/11171b lim: 341 exec/s: 7485 rss: 30Mb L: 146/333 MS: 3 ChangeByte-InsertByte-EraseBytes-
#15023	REDUCE cov: 126 ft: 555 corp: 76/11338b lim: 341 exec/s: 7511 rss: 30Mb L: 167/333 MS: 2 InsertRepeatedBytes-ChangeBinInt-
#15050	REDUCE cov: 126 ft: 555 corp: 76/11323b lim: 341 exec/s: 7525 rss: 30Mb L: 194/333 MS: 2 ShuffleBytes-EraseBytes-
#15153	REDUCE cov: 126 ft: 555 corp: 76/11322b lim: 341 exec/s: 7576 rss: 30Mb L: 49/333 MS: 3 ChangeBit-PersAutoDict-CrossOver- DE: "stsd"-
#15680	REDUCE cov: 126 ft: 555 corp: 76/11308b lim: 341 exec/s: 7840 rss: 30Mb L: 210/333 MS: 2 ChangeASCIIInt-EraseBytes-
#15750	REDUCE cov: 126 ft: 555 corp: 76/11307b lim: 341 exec/s: 7875 rss: 30Mb L: 34/333 MS: 5 PersAutoDict-PersAutoDict-ChangeBit-ChangeBinInt-EraseBytes- DE: "\001\000u\301L\000\211\240"-"q\000\000\000"-
#15929	REDUCE cov: 126 ft: 555 corp: 76/11283b lim: 341 exec/s: 7964 rss: 30Mb L: 63/333 MS: 4 CMP-PersAutoDict-ChangeBit-EraseBytes- DE: "qt  "-"6664"-
#15991	REDUCE cov: 126 ft: 555 corp: 76/11282b lim: 341 exec/s: 7995 rss: 30Mb L: 25/333 MS: 2 EraseBytes-CMP- DE: "stss"-
#16157	REDUCE cov: 126 ft: 555 corp: 76/11281b lim: 341 exec/s: 8078 rss: 30Mb L: 64/333 MS: 1 EraseBytes-
#16159	REDUCE cov: 126 ft: 555 corp: 76/11269b lim: 341 exec/s: 8079 rss: 30Mb L: 196/333 MS: 2 ChangeBit-EraseBytes-
#16180	NEW    cov: 126 ft: 568 corp: 77/11516b lim: 341 exec/s: 8090 rss: 30Mb L: 247/333 MS: 1 PersAutoDict- DE: "mdia"-
#16243	REDUCE cov: 126 ft: 568 corp: 77/11512b lim: 341 exec/s: 8121 rss: 30Mb L: 51/333 MS: 3 ChangeBinInt-ChangeASCIIInt-EraseBytes-
#16348	REDUCE cov: 126 ft: 568 corp: 77/11496b lim: 341 exec/s: 8174 rss: 30Mb L: 80/333 MS: 5 ShuffleBytes-ChangeBinInt-ChangeBinInt-CopyPart-EraseBytes-
#16384	pulse  cov: 126 ft: 568 corp: 77/11496b lim: 341 exec/s: 8192 rss: 30Mb
#16901	REDUCE cov: 126 ft: 568 corp: 77/11493b lim: 341 exec/s: 8450 rss: 30Mb L: 303/333 MS: 3 EraseBytes-PersAutoDict-CMP- DE: "pixi"-"\177\377\377\377\377\377\377\377"-
#17049	REDUCE cov: 126 ft: 568 corp: 77/11487b lim: 341 exec/s: 8524 rss: 30Mb L: 190/333 MS: 3 InsertRepeatedBytes-InsertByte-EraseBytes-
#17090	REDUCE cov: 126 ft: 568 corp: 77/11482b lim: 341 exec/s: 8545 rss: 30Mb L: 219/333 MS: 1 EraseBytes-
#17165	NEW    cov: 126 ft: 569 corp: 78/11656b lim: 341 exec/s: 8582 rss: 30Mb L: 174/333 MS: 5 ShuffleBytes-ChangeByte-ShuffleBytes-InsertByte-CMP- DE: "\236\304\010L\301u\000\000"-
#17301	REDUCE cov: 126 ft: 569 corp: 78/11655b lim: 341 exec/s: 8650 rss: 30Mb L: 2/333 MS: 1 EraseBytes-
#17357	REDUCE cov: 126 ft: 569 corp: 78/11654b lim: 341 exec/s: 8678 rss: 30Mb L: 1/333 MS: 1 EraseBytes-
#17363	REDUCE cov: 126 ft: 569 corp: 78/11634b lim: 341 exec/s: 8681 rss: 30Mb L: 223/333 MS: 1 EraseBytes-
#17520	REDUCE cov: 126 ft: 569 corp: 78/11614b lim: 341 exec/s: 8760 rss: 30Mb L: 201/333 MS: 2 ChangeBinInt-EraseBytes-
#18007	REDUCE cov: 126 ft: 569 corp: 78/11589b lim: 341 exec/s: 9003 rss: 30Mb L: 159/333 MS: 2 ChangeASCIIInt-EraseBytes-
==233744== ERROR: libFuzzer: out-of-memory (used: 1804Mb; limit: 1024Mb)
   To change the out-of-memory limit use -rss_limit_mb=<N>

MS: 1 EraseBytes-; base unit: 18a2ced38556a63fed6aa396fcc7482142779dec
0x0,0x0,0x0,0x1c,0x66,0x74,0x79,0x70,0x4d,0x34,0x56,0x20,0x0,0x0,0x0,0x0,0x4d,0x0,0x0,0x2,0x0,0x0,0x0,0x60,0x75,0x64,0x74,0x61,0x0,0x0,0x0,0x58,0x6d,0x65,0x74,0x61,0x0,0x0,0x0,0x0,0x0,0x0,0x0,0x21,0x68,0x64,0x6c,0x72,0x0,0x0,0x0,0x0,0x0,0x0,0x0,0x0,0x6d,0x64,0x69,0x72,0x61,0x70,0x70,0x6c,0x0,0x0,0x0,0x0,0x0,0x0,0x0,0x0,0x0,0x0,0x0,0x0,0x2b,0x69,0x6c,0x73,0x74,0x0,0x0,0x0,0x22,0xc2,0xa9,0x6e,0x61,0x6d,0x0,0x0,0x0,0x6c,0x0,0x0,0x0,0x0,0x0,0x0,0x0,0x0,0x0,0x0,0x0,0x0,0x2b,0x69,0x6c,0x73,0x74,0x0,0x0,0x0,0x22,0xc2,0xa9,0x6e,0x61,0x6d,0x0,0x0,0x0,0x1a,0x64,0x61,0x74,0x61,0x0,0x0,0x0,0x1,0x0,0x0,0x0,0x0,0x54,0x65,0x73,0x74,0x20,0x56,0x69,0x64,0x65,0x6f,
\000\000\000\034ftypM4V \000\000\000\000M\000\000\002\000\000\000`udta\000\000\000Xmeta\000\000\000\000\000\000\000!hdlr\000\000\000\000\000\000\000\000mdirappl\000\000\000\000\000\000\000\000\000\000\000\000+ilst\000\000\000\"\302\251nam\000\000\000l\000\000\000\000\000\000\000\000\000\000\000\000+ilst\000\000\000\"\302\251nam\000\000\000\032data\000\000\000\001\000\000\000\000Test Video
artifact_prefix='/results/crashes/20260313_153650_9f39c289_'; Test unit written to /results/crashes/20260313_153650_9f39c289_oom-3749894444671f5cace1ef66f2750ae939d42d64
Base64: AAAAHGZ0eXBNNFYgAAAAAE0AAAIAAABgdWR0YQAAAFhtZXRhAAAAAAAAACFoZGxyAAAAAAAAAABtZGlyYXBwbAAAAAAAAAAAAAAAACtpbHN0AAAAIsKpbmFtAAAAbAAAAAAAAAAAAAAAACtpbHN0AAAAIsKpbmFtAAAAGmRhdGEAAAABAAAAAFRlc3QgVmlkZW8=
SUMMARY: libFuzzer: out-of-memory
stat::number_of_executed_units: 18243
stat::average_exec_per_sec:     4560
stat::new_units_added:          202
stat::slowest_unit_time_sec:    0
stat::peak_rss_mb:              1805
