INFO: Running with entropic power schedule (0xFF, 100).
INFO: Seed: 2888915115
INFO: Loaded 1 modules   (252 inline 8-bit counters): 252 [0x568f99c76678, 0x568f99c76774), 
INFO: Loaded 1 PC tables (252 PCs): 252 [0x568f99c76778,0x568f99c77738), 
INFO:        4 files found in /tmp/corpus_20260313_145845_d1ef198a
INFO: seed corpus: files: 4 min: 48b max: 333b total: 853b rss: 28Mb
#5	INITED cov: 117 ft: 250 corp: 4/853b exec/s: 0 rss: 29Mb
#7	NEW    cov: 117 ft: 257 corp: 5/993b lim: 333 exec/s: 0 rss: 29Mb L: 140/333 MS: 2 ChangeBinInt-InsertRepeatedBytes-
#12	NEW    cov: 119 ft: 265 corp: 6/1326b lim: 333 exec/s: 0 rss: 29Mb L: 333/333 MS: 5 ChangeByte-CopyPart-ChangeByte-ChangeBit-CopyPart-
#17	NEW    cov: 119 ft: 267 corp: 7/1582b lim: 333 exec/s: 0 rss: 29Mb L: 256/333 MS: 5 CMP-ChangeByte-ChangeBinInt-EraseBytes-CrossOver- DE: "\001\000\000\000\000\000\001M"-
#20	NEW    cov: 119 ft: 268 corp: 8/1915b lim: 333 exec/s: 0 rss: 29Mb L: 333/333 MS: 3 PersAutoDict-CopyPart-PersAutoDict- DE: "\001\000\000\000\000\000\001M"-"\001\000\000\000\000\000\001M"-
#21	NEW    cov: 119 ft: 270 corp: 9/1964b lim: 333 exec/s: 0 rss: 29Mb L: 49/333 MS: 1 InsertByte-
#22	NEW    cov: 119 ft: 284 corp: 10/2227b lim: 333 exec/s: 0 rss: 29Mb L: 263/333 MS: 1 CrossOver-
#23	NEW    cov: 120 ft: 287 corp: 11/2558b lim: 333 exec/s: 0 rss: 29Mb L: 331/333 MS: 1 EraseBytes-
#24	NEW    cov: 120 ft: 317 corp: 12/2607b lim: 333 exec/s: 0 rss: 29Mb L: 49/333 MS: 1 ChangeBinInt-
#26	NEW    cov: 120 ft: 327 corp: 13/2731b lim: 333 exec/s: 0 rss: 29Mb L: 124/333 MS: 2 ChangeASCIIInt-EraseBytes-
#34	NEW    cov: 120 ft: 329 corp: 14/2812b lim: 333 exec/s: 0 rss: 29Mb L: 81/333 MS: 3 ChangeBinInt-ChangeBinInt-CopyPart-
#35	NEW    cov: 120 ft: 333 corp: 15/2860b lim: 333 exec/s: 0 rss: 29Mb L: 48/333 MS: 1 ChangeByte-
#36	NEW    cov: 120 ft: 341 corp: 16/3193b lim: 333 exec/s: 0 rss: 29Mb L: 333/333 MS: 1 ChangeBinInt-
#37	NEW    cov: 120 ft: 350 corp: 17/3510b lim: 333 exec/s: 0 rss: 29Mb L: 317/333 MS: 1 CopyPart-
#46	NEW    cov: 120 ft: 356 corp: 18/3704b lim: 333 exec/s: 0 rss: 29Mb L: 194/333 MS: 4 ChangeBinInt-InsertByte-ShuffleBytes-InsertRepeatedBytes-
#47	NEW    cov: 120 ft: 357 corp: 19/3906b lim: 333 exec/s: 0 rss: 29Mb L: 202/333 MS: 1 PersAutoDict- DE: "\001\000\000\000\000\000\001M"-
#51	NEW    cov: 120 ft: 358 corp: 20/4167b lim: 333 exec/s: 0 rss: 29Mb L: 261/333 MS: 4 ShuffleBytes-CrossOver-PersAutoDict-EraseBytes- DE: "\001\000\000\000\000\000\001M"-
#82	NEW    cov: 120 ft: 359 corp: 21/4377b lim: 333 exec/s: 0 rss: 29Mb L: 210/333 MS: 1 CMP- DE: "4{\314\255\217V\000\000"-
#85	NEW    cov: 120 ft: 360 corp: 22/4696b lim: 333 exec/s: 0 rss: 29Mb L: 319/333 MS: 3 ShuffleBytes-InsertByte-InsertByte-
#88	NEW    cov: 120 ft: 361 corp: 23/5028b lim: 333 exec/s: 0 rss: 29Mb L: 332/333 MS: 3 ChangeBinInt-PersAutoDict-CopyPart- DE: "4{\314\255\217V\000\000"-
#89	NEW    cov: 120 ft: 362 corp: 24/5352b lim: 333 exec/s: 0 rss: 29Mb L: 324/333 MS: 1 CrossOver-
#100	NEW    cov: 120 ft: 363 corp: 25/5576b lim: 333 exec/s: 0 rss: 29Mb L: 224/333 MS: 1 CMP- DE: "dlr\000"-
#101	NEW    cov: 120 ft: 364 corp: 26/5907b lim: 333 exec/s: 0 rss: 29Mb L: 331/333 MS: 1 CrossOver-
#124	NEW    cov: 120 ft: 365 corp: 27/5951b lim: 333 exec/s: 0 rss: 29Mb L: 44/333 MS: 3 ChangeBit-CopyPart-EraseBytes-
#129	NEW    cov: 120 ft: 368 corp: 28/6027b lim: 333 exec/s: 0 rss: 29Mb L: 76/333 MS: 5 EraseBytes-CrossOver-ShuffleBytes-ChangeBinInt-CrossOver-
#133	NEW    cov: 120 ft: 369 corp: 29/6269b lim: 333 exec/s: 0 rss: 29Mb L: 242/333 MS: 4 PersAutoDict-ChangeBit-ChangeASCIIInt-CopyPart- DE: "\001\000\000\000\000\000\001M"-
#142	NEW    cov: 120 ft: 370 corp: 30/6325b lim: 333 exec/s: 0 rss: 29Mb L: 56/333 MS: 4 CopyPart-EraseBytes-CrossOver-PersAutoDict- DE: "4{\314\255\217V\000\000"-
#143	NEW    cov: 120 ft: 378 corp: 31/6637b lim: 333 exec/s: 0 rss: 29Mb L: 312/333 MS: 1 CopyPart-
#150	REDUCE cov: 120 ft: 378 corp: 31/6555b lim: 333 exec/s: 0 rss: 29Mb L: 179/333 MS: 2 InsertByte-EraseBytes-
#152	NEW    cov: 120 ft: 392 corp: 32/6674b lim: 333 exec/s: 0 rss: 29Mb L: 119/333 MS: 2 EraseBytes-EraseBytes-
#153	NEW    cov: 120 ft: 401 corp: 33/6704b lim: 333 exec/s: 0 rss: 29Mb L: 30/333 MS: 1 EraseBytes-
#164	REDUCE cov: 120 ft: 401 corp: 33/6694b lim: 333 exec/s: 0 rss: 29Mb L: 302/333 MS: 1 EraseBytes-
#186	REDUCE cov: 120 ft: 401 corp: 33/6690b lim: 333 exec/s: 0 rss: 29Mb L: 26/333 MS: 2 ChangeBinInt-EraseBytes-
#189	NEW    cov: 120 ft: 402 corp: 34/6855b lim: 333 exec/s: 0 rss: 29Mb L: 165/333 MS: 3 CopyPart-ChangeByte-InsertRepeatedBytes-
#209	NEW    cov: 120 ft: 403 corp: 35/6945b lim: 333 exec/s: 0 rss: 29Mb L: 90/333 MS: 5 ShuffleBytes-ChangeBinInt-InsertByte-ShuffleBytes-PersAutoDict- DE: "4{\314\255\217V\000\000"-
#235	NEW    cov: 120 ft: 404 corp: 36/7054b lim: 333 exec/s: 0 rss: 29Mb L: 109/333 MS: 1 CrossOver-
#246	NEW    cov: 120 ft: 405 corp: 37/7102b lim: 333 exec/s: 0 rss: 29Mb L: 48/333 MS: 1 ChangeByte-
#262	NEW    cov: 120 ft: 408 corp: 38/7406b lim: 333 exec/s: 0 rss: 29Mb L: 304/333 MS: 1 CopyPart-
#270	NEW    cov: 120 ft: 416 corp: 39/7455b lim: 333 exec/s: 0 rss: 29Mb L: 49/333 MS: 3 ShuffleBytes-ChangeByte-CrossOver-
#291	NEW    cov: 120 ft: 424 corp: 40/7508b lim: 333 exec/s: 0 rss: 29Mb L: 53/333 MS: 1 CMP- DE: "infe"-
#292	NEW    cov: 120 ft: 438 corp: 41/7532b lim: 333 exec/s: 0 rss: 29Mb L: 24/333 MS: 1 EraseBytes-
#294	NEW    cov: 121 ft: 439 corp: 42/7865b lim: 333 exec/s: 0 rss: 29Mb L: 333/333 MS: 2 ChangeBit-CopyPart-
#306	NEW    cov: 121 ft: 447 corp: 43/7884b lim: 333 exec/s: 0 rss: 29Mb L: 19/333 MS: 2 ShuffleBytes-CrossOver-
#309	NEW    cov: 121 ft: 448 corp: 44/7913b lim: 333 exec/s: 0 rss: 29Mb L: 29/333 MS: 3 CMP-ChangeBit-EraseBytes- DE: "\377\377\377\377\377\377\377\000"-
#325	REDUCE cov: 121 ft: 448 corp: 44/7843b lim: 333 exec/s: 0 rss: 29Mb L: 124/333 MS: 1 EraseBytes-
#343	REDUCE cov: 121 ft: 448 corp: 44/7808b lim: 333 exec/s: 0 rss: 29Mb L: 282/333 MS: 3 InsertRepeatedBytes-InsertByte-EraseBytes-
#373	NEW    cov: 121 ft: 454 corp: 45/8128b lim: 333 exec/s: 0 rss: 29Mb L: 320/333 MS: 5 EraseBytes-ChangeByte-InsertByte-InsertRepeatedBytes-ChangeBit-
#390	NEW    cov: 121 ft: 455 corp: 46/8197b lim: 333 exec/s: 0 rss: 29Mb L: 69/333 MS: 2 CrossOver-EraseBytes-
#392	REDUCE cov: 121 ft: 455 corp: 46/8187b lim: 333 exec/s: 0 rss: 29Mb L: 38/333 MS: 2 CrossOver-EraseBytes-
#407	NEW    cov: 121 ft: 456 corp: 47/8240b lim: 333 exec/s: 0 rss: 29Mb L: 53/333 MS: 5 ChangeBinInt-ChangeBinInt-ShuffleBytes-ShuffleBytes-CMP- DE: "ftyp"-
#429	NEW    cov: 121 ft: 462 corp: 48/8573b lim: 333 exec/s: 0 rss: 29Mb L: 333/333 MS: 2 ShuffleBytes-CopyPart-
#447	NEW    cov: 121 ft: 463 corp: 49/8606b lim: 333 exec/s: 0 rss: 29Mb L: 33/333 MS: 3 EraseBytes-ShuffleBytes-CopyPart-
#480	NEW    cov: 121 ft: 464 corp: 50/8939b lim: 333 exec/s: 0 rss: 29Mb L: 333/333 MS: 3 ChangeBit-ChangeASCIIInt-CopyPart-
#501	NEW    cov: 121 ft: 465 corp: 51/9235b lim: 333 exec/s: 0 rss: 29Mb L: 296/333 MS: 1 EraseBytes-
#502	NEW    cov: 121 ft: 467 corp: 52/9562b lim: 333 exec/s: 0 rss: 29Mb L: 327/333 MS: 1 InsertRepeatedBytes-
#511	REDUCE cov: 121 ft: 467 corp: 52/9542b lim: 333 exec/s: 0 rss: 29Mb L: 29/333 MS: 4 CMP-ChangeByte-EraseBytes-EraseBytes- DE: "stss"-
#519	REDUCE cov: 121 ft: 467 corp: 52/9537b lim: 333 exec/s: 0 rss: 29Mb L: 24/333 MS: 3 EraseBytes-ChangeByte-ShuffleBytes-
#529	NEW    cov: 121 ft: 468 corp: 53/9810b lim: 333 exec/s: 0 rss: 29Mb L: 273/333 MS: 5 ChangeBit-CopyPart-InsertByte-InsertRepeatedBytes-InsertRepeatedBytes-
#590	REDUCE cov: 121 ft: 468 corp: 53/9753b lim: 333 exec/s: 0 rss: 29Mb L: 276/333 MS: 1 CrossOver-
#592	REDUCE cov: 121 ft: 468 corp: 53/9637b lim: 333 exec/s: 0 rss: 29Mb L: 166/333 MS: 2 InsertByte-EraseBytes-
#600	NEW    cov: 122 ft: 469 corp: 54/9644b lim: 333 exec/s: 0 rss: 29Mb L: 7/333 MS: 3 ChangeASCIIInt-CopyPart-CrossOver-
#652	REDUCE cov: 122 ft: 469 corp: 54/9637b lim: 333 exec/s: 0 rss: 29Mb L: 117/333 MS: 2 CMP-EraseBytes- DE: "\000\010"-
#666	REDUCE cov: 122 ft: 469 corp: 54/9627b lim: 333 exec/s: 0 rss: 29Mb L: 321/333 MS: 4 InsertByte-PersAutoDict-ShuffleBytes-CrossOver- DE: "\000\010"-
#808	REDUCE cov: 122 ft: 469 corp: 54/9480b lim: 333 exec/s: 0 rss: 29Mb L: 157/333 MS: 2 CopyPart-EraseBytes-
#818	NEW    cov: 123 ft: 470 corp: 55/9773b lim: 333 exec/s: 0 rss: 29Mb L: 293/333 MS: 5 ShuffleBytes-EraseBytes-CMP-CrossOver-InsertRepeatedBytes- DE: "\004\000\000\000\000\000\000\000"-
#824	NEW    cov: 123 ft: 474 corp: 56/10106b lim: 333 exec/s: 0 rss: 29Mb L: 333/333 MS: 1 CopyPart-
#900	NEW    cov: 123 ft: 483 corp: 57/10121b lim: 333 exec/s: 0 rss: 29Mb L: 15/333 MS: 1 PersAutoDict- DE: "4{\314\255\217V\000\000"-
#951	REDUCE cov: 123 ft: 483 corp: 57/10117b lim: 333 exec/s: 0 rss: 29Mb L: 329/333 MS: 1 EraseBytes-
#978	NEW    cov: 123 ft: 490 corp: 58/10159b lim: 333 exec/s: 0 rss: 29Mb L: 42/333 MS: 2 ChangeBinInt-CrossOver-
#1013	REDUCE cov: 123 ft: 490 corp: 58/10109b lim: 333 exec/s: 0 rss: 29Mb L: 116/333 MS: 5 ChangeBinInt-ChangeByte-ChangeByte-InsertRepeatedBytes-EraseBytes-
#1023	REDUCE cov: 123 ft: 490 corp: 58/10094b lim: 333 exec/s: 0 rss: 29Mb L: 287/333 MS: 5 EraseBytes-InsertByte-PersAutoDict-InsertByte-InsertRepeatedBytes- DE: "ftyp"-
#1057	REDUCE cov: 123 ft: 490 corp: 58/10046b lim: 333 exec/s: 0 rss: 29Mb L: 271/333 MS: 4 ShuffleBytes-ChangeByte-CMP-EraseBytes- DE: "\177\377\377\377\377\377\377\377"-
#1065	REDUCE cov: 123 ft: 490 corp: 58/10024b lim: 333 exec/s: 0 rss: 29Mb L: 27/333 MS: 3 ChangeByte-InsertByte-EraseBytes-
#1094	REDUCE cov: 123 ft: 490 corp: 58/9956b lim: 333 exec/s: 0 rss: 29Mb L: 174/333 MS: 4 ShuffleBytes-ChangeASCIIInt-InsertByte-EraseBytes-
#1100	REDUCE cov: 123 ft: 490 corp: 58/9954b lim: 333 exec/s: 0 rss: 29Mb L: 47/333 MS: 1 EraseBytes-
#1143	REDUCE cov: 123 ft: 490 corp: 58/9929b lim: 333 exec/s: 0 rss: 29Mb L: 302/333 MS: 3 PersAutoDict-InsertByte-CrossOver- DE: "stss"-
#1321	REDUCE cov: 123 ft: 490 corp: 58/9851b lim: 333 exec/s: 0 rss: 29Mb L: 178/333 MS: 3 ChangeBinInt-EraseBytes-ChangeBinInt-
#1347	REDUCE cov: 123 ft: 490 corp: 58/9850b lim: 333 exec/s: 0 rss: 29Mb L: 14/333 MS: 1 EraseBytes-
#1352	REDUCE cov: 123 ft: 490 corp: 58/9849b lim: 333 exec/s: 0 rss: 29Mb L: 46/333 MS: 5 CopyPart-PersAutoDict-CMP-ShuffleBytes-EraseBytes- DE: "ftyp"-"!\000"-
#1404	REDUCE cov: 123 ft: 490 corp: 58/9847b lim: 333 exec/s: 0 rss: 29Mb L: 5/333 MS: 2 ChangeBit-EraseBytes-
#1497	NEW    cov: 123 ft: 491 corp: 59/10104b lim: 333 exec/s: 0 rss: 29Mb L: 257/333 MS: 3 InsertByte-PersAutoDict-PersAutoDict- DE: "\377\377\377\377\377\377\377\000"-"dlr\000"-
#1499	REDUCE cov: 123 ft: 491 corp: 59/10094b lim: 333 exec/s: 0 rss: 29Mb L: 323/333 MS: 2 CopyPart-CrossOver-
#1517	REDUCE cov: 123 ft: 491 corp: 59/10084b lim: 333 exec/s: 0 rss: 29Mb L: 43/333 MS: 3 InsertRepeatedBytes-ShuffleBytes-EraseBytes-
#1536	REDUCE cov: 123 ft: 492 corp: 60/10181b lim: 333 exec/s: 0 rss: 29Mb L: 97/333 MS: 4 ChangeBit-EraseBytes-CopyPart-CrossOver-
#1572	REDUCE cov: 123 ft: 492 corp: 60/10164b lim: 333 exec/s: 0 rss: 29Mb L: 148/333 MS: 1 EraseBytes-
#1587	REDUCE cov: 123 ft: 492 corp: 60/10123b lim: 333 exec/s: 0 rss: 29Mb L: 75/333 MS: 5 CopyPart-CrossOver-PersAutoDict-InsertByte-EraseBytes- DE: "\004\000\000\000\000\000\000\000"-
#1603	REDUCE cov: 123 ft: 492 corp: 60/10089b lim: 333 exec/s: 0 rss: 29Mb L: 229/333 MS: 1 EraseBytes-
#1622	REDUCE cov: 123 ft: 492 corp: 60/10088b lim: 333 exec/s: 0 rss: 29Mb L: 43/333 MS: 4 PersAutoDict-ShuffleBytes-CrossOver-EraseBytes- DE: "\004\000\000\000\000\000\000\000"-
#1682	REDUCE cov: 123 ft: 492 corp: 60/10086b lim: 333 exec/s: 0 rss: 29Mb L: 41/333 MS: 5 ChangeASCIIInt-ChangeBinInt-ChangeBit-ShuffleBytes-EraseBytes-
#1733	REDUCE cov: 123 ft: 492 corp: 60/10079b lim: 333 exec/s: 0 rss: 29Mb L: 46/333 MS: 1 EraseBytes-
#1770	REDUCE cov: 123 ft: 492 corp: 60/10075b lim: 333 exec/s: 0 rss: 29Mb L: 10/333 MS: 2 CMP-EraseBytes- DE: "\376\377\377\377"-
#1841	REDUCE cov: 123 ft: 492 corp: 60/10071b lim: 333 exec/s: 0 rss: 29Mb L: 25/333 MS: 1 EraseBytes-
#1890	REDUCE cov: 123 ft: 493 corp: 61/10079b lim: 333 exec/s: 0 rss: 29Mb L: 8/333 MS: 4 PersAutoDict-ShuffleBytes-ChangeBit-EraseBytes- DE: "stss"-
#1916	REDUCE cov: 123 ft: 493 corp: 61/10073b lim: 333 exec/s: 0 rss: 29Mb L: 19/333 MS: 1 EraseBytes-
#1942	REDUCE cov: 123 ft: 493 corp: 61/10058b lim: 333 exec/s: 0 rss: 29Mb L: 309/333 MS: 1 EraseBytes-
#1990	NEW    cov: 123 ft: 494 corp: 62/10329b lim: 333 exec/s: 0 rss: 29Mb L: 271/333 MS: 3 EraseBytes-ChangeByte-CrossOver-
#2230	NEW    cov: 123 ft: 495 corp: 63/10451b lim: 333 exec/s: 0 rss: 29Mb L: 122/333 MS: 5 PersAutoDict-ChangeBinInt-EraseBytes-EraseBytes-EraseBytes- DE: "\000\010"-
#2371	REDUCE cov: 123 ft: 495 corp: 63/10427b lim: 333 exec/s: 0 rss: 29Mb L: 309/333 MS: 1 EraseBytes-
#2437	NEW    cov: 123 ft: 496 corp: 64/10648b lim: 333 exec/s: 0 rss: 29Mb L: 221/333 MS: 1 InsertByte-
#2449	REDUCE cov: 123 ft: 496 corp: 64/10647b lim: 333 exec/s: 0 rss: 29Mb L: 18/333 MS: 2 CrossOver-EraseBytes-
#2611	REDUCE cov: 123 ft: 496 corp: 64/10644b lim: 333 exec/s: 0 rss: 29Mb L: 16/333 MS: 2 ChangeByte-EraseBytes-
#2770	REDUCE cov: 123 ft: 496 corp: 64/10634b lim: 333 exec/s: 0 rss: 29Mb L: 107/333 MS: 4 InsertRepeatedBytes-ChangeBit-CrossOver-InsertRepeatedBytes-
#2778	REDUCE cov: 123 ft: 496 corp: 64/10630b lim: 333 exec/s: 0 rss: 29Mb L: 317/333 MS: 3 ChangeBit-ChangeByte-EraseBytes-
#2805	REDUCE cov: 123 ft: 496 corp: 64/10626b lim: 333 exec/s: 0 rss: 29Mb L: 65/333 MS: 2 CrossOver-EraseBytes-
#2841	REDUCE cov: 123 ft: 497 corp: 65/10928b lim: 333 exec/s: 0 rss: 29Mb L: 302/333 MS: 1 ChangeByte-
#2860	REDUCE cov: 123 ft: 497 corp: 65/10896b lim: 333 exec/s: 0 rss: 29Mb L: 65/333 MS: 4 CrossOver-ChangeBinInt-ShuffleBytes-EraseBytes-
#2973	REDUCE cov: 123 ft: 497 corp: 65/10829b lim: 333 exec/s: 0 rss: 29Mb L: 204/333 MS: 3 InsertByte-PersAutoDict-EraseBytes- DE: "\376\377\377\377"-
#3106	REDUCE cov: 123 ft: 497 corp: 65/10819b lim: 333 exec/s: 0 rss: 29Mb L: 97/333 MS: 3 CrossOver-CrossOver-EraseBytes-
#3359	REDUCE cov: 123 ft: 497 corp: 65/10818b lim: 333 exec/s: 0 rss: 29Mb L: 74/333 MS: 3 PersAutoDict-CMP-EraseBytes- DE: "\376\377\377\377"-"\017\000\000\000\000\000\000\000"-
#3382	REDUCE cov: 123 ft: 497 corp: 65/10813b lim: 333 exec/s: 0 rss: 29Mb L: 13/333 MS: 3 ChangeByte-ShuffleBytes-EraseBytes-
#3495	REDUCE cov: 123 ft: 497 corp: 65/10803b lim: 333 exec/s: 0 rss: 29Mb L: 36/333 MS: 3 ShuffleBytes-ShuffleBytes-EraseBytes-
#3599	NEW    cov: 123 ft: 498 corp: 66/11135b lim: 333 exec/s: 0 rss: 29Mb L: 332/333 MS: 4 ChangeBit-ChangeBinInt-ChangeBit-ChangeBit-
#3603	REDUCE cov: 123 ft: 498 corp: 66/11131b lim: 333 exec/s: 0 rss: 29Mb L: 44/333 MS: 4 PersAutoDict-ChangeBit-CMP-EraseBytes- DE: "\004\000\000\000\000\000\000\000"-"\377\377\377\377\377\377\377\016"-
#3731	REDUCE cov: 123 ft: 498 corp: 66/11060b lim: 333 exec/s: 0 rss: 29Mb L: 246/333 MS: 3 ChangeBinInt-EraseBytes-PersAutoDict- DE: "dlr\000"-
#3831	REDUCE cov: 123 ft: 498 corp: 66/11028b lim: 333 exec/s: 0 rss: 29Mb L: 77/333 MS: 5 ChangeByte-ShuffleBytes-CrossOver-PersAutoDict-EraseBytes- DE: "4{\314\255\217V\000\000"-
#3991	REDUCE cov: 123 ft: 498 corp: 66/11025b lim: 333 exec/s: 0 rss: 29Mb L: 121/333 MS: 5 ChangeASCIIInt-PersAutoDict-EraseBytes-ChangeASCIIInt-InsertRepeatedBytes- DE: "\177\377\377\377\377\377\377\377"-
#3992	NEW    cov: 123 ft: 499 corp: 67/11291b lim: 333 exec/s: 0 rss: 29Mb L: 266/333 MS: 1 CrossOver-
#4140	REDUCE cov: 123 ft: 499 corp: 67/11290b lim: 333 exec/s: 0 rss: 29Mb L: 4/333 MS: 3 InsertByte-ChangeBinInt-EraseBytes-
#4173	REDUCE cov: 123 ft: 499 corp: 67/11279b lim: 333 exec/s: 0 rss: 29Mb L: 32/333 MS: 3 ChangeByte-CopyPart-EraseBytes-
#4529	REDUCE cov: 123 ft: 499 corp: 67/11254b lim: 333 exec/s: 0 rss: 29Mb L: 52/333 MS: 1 EraseBytes-
#4571	REDUCE cov: 123 ft: 499 corp: 67/11253b lim: 333 exec/s: 0 rss: 29Mb L: 3/333 MS: 2 ChangeByte-EraseBytes-
#4603	REDUCE cov: 123 ft: 499 corp: 67/11245b lim: 333 exec/s: 0 rss: 29Mb L: 19/333 MS: 2 CrossOver-EraseBytes-
#4634	REDUCE cov: 123 ft: 499 corp: 67/11239b lim: 333 exec/s: 0 rss: 29Mb L: 113/333 MS: 1 EraseBytes-
#4715	REDUCE cov: 123 ft: 499 corp: 67/11220b lim: 333 exec/s: 0 rss: 29Mb L: 103/333 MS: 1 CrossOver-
#4738	REDUCE cov: 123 ft: 499 corp: 67/11218b lim: 333 exec/s: 0 rss: 29Mb L: 30/333 MS: 3 CrossOver-CopyPart-EraseBytes-
#4964	REDUCE cov: 123 ft: 499 corp: 67/11155b lim: 333 exec/s: 0 rss: 29Mb L: 141/333 MS: 1 EraseBytes-
#5067	REDUCE cov: 123 ft: 499 corp: 67/11153b lim: 333 exec/s: 0 rss: 29Mb L: 42/333 MS: 3 CopyPart-EraseBytes-CrossOver-
#5098	REDUCE cov: 123 ft: 499 corp: 67/11135b lim: 333 exec/s: 0 rss: 29Mb L: 302/333 MS: 1 EraseBytes-
#5100	REDUCE cov: 123 ft: 499 corp: 67/11116b lim: 333 exec/s: 0 rss: 29Mb L: 283/333 MS: 2 ChangeBit-EraseBytes-
#5103	REDUCE cov: 123 ft: 499 corp: 67/11100b lim: 333 exec/s: 0 rss: 29Mb L: 26/333 MS: 3 ChangeASCIIInt-ChangeByte-EraseBytes-
#5125	REDUCE cov: 123 ft: 499 corp: 67/11099b lim: 333 exec/s: 0 rss: 29Mb L: 2/333 MS: 2 InsertByte-EraseBytes-
#5151	REDUCE cov: 123 ft: 499 corp: 67/11045b lim: 333 exec/s: 0 rss: 29Mb L: 255/333 MS: 1 EraseBytes-
#5184	REDUCE cov: 123 ft: 499 corp: 67/11035b lim: 333 exec/s: 0 rss: 29Mb L: 87/333 MS: 3 ShuffleBytes-ChangeBinInt-EraseBytes-
#5271	REDUCE cov: 123 ft: 499 corp: 67/11027b lim: 333 exec/s: 0 rss: 29Mb L: 22/333 MS: 2 ChangeBit-EraseBytes-
#5318	REDUCE cov: 123 ft: 499 corp: 67/11021b lim: 333 exec/s: 0 rss: 29Mb L: 16/333 MS: 2 ChangeByte-EraseBytes-
#5319	REDUCE cov: 123 ft: 499 corp: 67/11008b lim: 333 exec/s: 0 rss: 29Mb L: 233/333 MS: 1 EraseBytes-
#5425	REDUCE cov: 123 ft: 499 corp: 67/10995b lim: 333 exec/s: 0 rss: 29Mb L: 100/333 MS: 1 EraseBytes-
#5552	NEW    cov: 123 ft: 500 corp: 68/11223b lim: 333 exec/s: 0 rss: 29Mb L: 228/333 MS: 2 ShuffleBytes-CMP- DE: "\000\000V\217\231\244\006g"-
#5584	REDUCE cov: 123 ft: 500 corp: 68/11208b lim: 333 exec/s: 0 rss: 29Mb L: 59/333 MS: 2 ChangeBit-EraseBytes-
#5768	REDUCE cov: 123 ft: 500 corp: 68/11189b lim: 333 exec/s: 0 rss: 29Mb L: 40/333 MS: 4 ChangeBit-PersAutoDict-PersAutoDict-EraseBytes- DE: "\001\000\000\000\000\000\001M"-"\000\010"-
#5868	REDUCE cov: 123 ft: 500 corp: 68/11172b lim: 333 exec/s: 0 rss: 29Mb L: 23/333 MS: 5 ShuffleBytes-ShuffleBytes-CopyPart-CMP-EraseBytes- DE: "\002\000\000\000\000\000\000\000"-
#5900	REDUCE cov: 123 ft: 500 corp: 68/11157b lim: 333 exec/s: 0 rss: 29Mb L: 23/333 MS: 2 PersAutoDict-EraseBytes- DE: "\000\000V\217\231\244\006g"-
#6027	REDUCE cov: 123 ft: 500 corp: 68/11152b lim: 333 exec/s: 0 rss: 29Mb L: 37/333 MS: 2 EraseBytes-ChangeBinInt-
#6165	REDUCE cov: 123 ft: 500 corp: 68/11134b lim: 333 exec/s: 0 rss: 29Mb L: 69/333 MS: 3 CopyPart-ChangeBit-EraseBytes-
#6413	REDUCE cov: 123 ft: 500 corp: 68/11133b lim: 333 exec/s: 6413 rss: 29Mb L: 12/333 MS: 3 CMP-ChangeBit-EraseBytes- DE: "stss"-
#6418	REDUCE cov: 123 ft: 500 corp: 68/11132b lim: 333 exec/s: 6418 rss: 29Mb L: 1/333 MS: 5 InsertByte-ChangeBit-ChangeBit-EraseBytes-EraseBytes-
#6522	REDUCE cov: 123 ft: 500 corp: 68/11096b lim: 333 exec/s: 6522 rss: 29Mb L: 67/333 MS: 4 ChangeByte-ChangeASCIIInt-ShuffleBytes-EraseBytes-
#6613	REDUCE cov: 123 ft: 500 corp: 68/11084b lim: 333 exec/s: 6613 rss: 29Mb L: 167/333 MS: 1 EraseBytes-
#6647	REDUCE cov: 123 ft: 500 corp: 68/11083b lim: 333 exec/s: 6647 rss: 29Mb L: 11/333 MS: 4 InsertByte-CrossOver-ShuffleBytes-EraseBytes-
#6663	REDUCE cov: 123 ft: 500 corp: 68/11080b lim: 333 exec/s: 6663 rss: 29Mb L: 20/333 MS: 1 EraseBytes-
#6773	REDUCE cov: 123 ft: 500 corp: 68/11074b lim: 333 exec/s: 6773 rss: 29Mb L: 31/333 MS: 5 CopyPart-ChangeBit-ChangeByte-CrossOver-CMP- DE: "\206\306\246\260+,\222\272"-
==112118== ERROR: libFuzzer: out-of-memory (used: 1434Mb; limit: 1024Mb)
   To change the out-of-memory limit use -rss_limit_mb=<N>

MS: 1 PersAutoDict- DE: "\001\000\000\000\000\000\001M"-; base unit: 2093bf7a2686a54e7cb34ed611832b33e2f66500
0x0,0x0,0x0,0x18,0x66,0x74,0x79,0x70,0x69,0x73,0x6f,0x0,0x0,0x0,0x0,0x0,0x0,0x0,0x0,0x0,0x0,0x0,0x0,0x0,0x0,0x0,0x0,0x1,0x6f,0x1,0x0,0x0,0x0,0x0,0x0,0x1,0x4d,0x6d,0x30,0x6d,0x34,0x70,0x0,0x0,0x1,0x35,0x6d,0x6f,0x6f,0xb4,0x0,0x0,0x0,0x78,0x6d,0x76,0x68,0x64,0x0,0x0,0x0,0x0,0x0,0x0,0x0,0x0,0x0,0x0,0x20,0x0,0x0,0x0,0x6d,0x0,0x3,
\000\000\000\030ftypiso\000\000\000\000\000\000\000\000\000\000\000\000\000\000\000\000\001o\001\000\000\000\000\000\001Mm0m4p\000\000\0015moo\264\000\000\000xmvhd\000\000\000\000\000\000\000\000\000\000 \000\000\000m\000\003
artifact_prefix='/results/crashes/20260313_145845_d1ef198a_'; Test unit written to /results/crashes/20260313_145845_d1ef198a_oom-e8113f34f7ccdd700dbf05a9b832acb3f27b0df1
Base64: AAAAGGZ0eXBpc28AAAAAAAAAAAAAAAAAAAAAAW8BAAAAAAABTW0wbTRwAAABNW1vb7QAAAB4bXZoZAAAAAAAAAAAAAAgAAAAbQAD
SUMMARY: libFuzzer: out-of-memory
stat::number_of_executed_units: 6784
stat::average_exec_per_sec:     3392
stat::new_units_added:          150
stat::slowest_unit_time_sec:    0
stat::peak_rss_mb:              1434
