INFO: Running with entropic power schedule (0xFF, 100).
INFO: Seed: 1216808954
INFO: Loaded 1 modules   (252 inline 8-bit counters): 252 [0x55c7ac05d678, 0x55c7ac05d774), 
INFO: Loaded 1 PC tables (252 PCs): 252 [0x55c7ac05d778,0x55c7ac05e738), 
INFO:        4 files found in /tmp/corpus_20260313_164614_fcf015b9
INFO: seed corpus: files: 4 min: 48b max: 333b total: 853b rss: 28Mb
#5	INITED cov: 119 ft: 252 corp: 4/853b exec/s: 0 rss: 29Mb
#7	NEW    cov: 119 ft: 261 corp: 5/1073b lim: 333 exec/s: 0 rss: 29Mb L: 220/333 MS: 2 ChangeBit-ChangeBit-
#8	NEW    cov: 119 ft: 298 corp: 6/1406b lim: 333 exec/s: 0 rss: 29Mb L: 333/333 MS: 1 ChangeBit-
#10	NEW    cov: 120 ft: 308 corp: 7/1702b lim: 333 exec/s: 0 rss: 29Mb L: 296/333 MS: 2 ChangeASCIIInt-CrossOver-
#11	NEW    cov: 120 ft: 325 corp: 8/1818b lim: 333 exec/s: 0 rss: 29Mb L: 116/333 MS: 1 CrossOver-
#12	NEW    cov: 120 ft: 326 corp: 9/2151b lim: 333 exec/s: 0 rss: 29Mb L: 333/333 MS: 1 CopyPart-
#16	NEW    cov: 120 ft: 327 corp: 10/2484b lim: 333 exec/s: 0 rss: 29Mb L: 333/333 MS: 4 ChangeBit-ChangeBinInt-ShuffleBytes-ChangeBinInt-
#17	NEW    cov: 120 ft: 332 corp: 11/2649b lim: 333 exec/s: 0 rss: 29Mb L: 165/333 MS: 1 CrossOver-
#18	NEW    cov: 121 ft: 333 corp: 12/2961b lim: 333 exec/s: 0 rss: 29Mb L: 312/333 MS: 1 CopyPart-
#19	NEW    cov: 121 ft: 338 corp: 13/3274b lim: 333 exec/s: 0 rss: 29Mb L: 313/333 MS: 1 InsertByte-
#22	NEW    cov: 122 ft: 340 corp: 14/3530b lim: 333 exec/s: 0 rss: 29Mb L: 256/333 MS: 3 ChangeBinInt-ChangeByte-CMP- DE: "\000\000\000\020"-
#23	NEW    cov: 122 ft: 341 corp: 15/3844b lim: 333 exec/s: 0 rss: 29Mb L: 314/333 MS: 1 CrossOver-
#24	NEW    cov: 122 ft: 350 corp: 16/3889b lim: 333 exec/s: 0 rss: 29Mb L: 45/333 MS: 1 EraseBytes-
#25	NEW    cov: 122 ft: 351 corp: 17/4198b lim: 333 exec/s: 0 rss: 29Mb L: 309/333 MS: 1 InsertRepeatedBytes-
#31	NEW    cov: 122 ft: 353 corp: 18/4269b lim: 333 exec/s: 0 rss: 29Mb L: 71/333 MS: 1 EraseBytes-
#36	NEW    cov: 122 ft: 354 corp: 19/4602b lim: 333 exec/s: 0 rss: 29Mb L: 333/333 MS: 5 ChangeByte-ChangeByte-ChangeBinInt-ChangeBinInt-CrossOver-
#39	NEW    cov: 122 ft: 355 corp: 20/4898b lim: 333 exec/s: 0 rss: 29Mb L: 296/333 MS: 3 ShuffleBytes-ChangeBinInt-ChangeByte-
#46	NEW    cov: 122 ft: 356 corp: 21/5153b lim: 333 exec/s: 0 rss: 29Mb L: 255/333 MS: 2 ChangeByte-CrossOver-
#49	NEW    cov: 122 ft: 357 corp: 22/5206b lim: 333 exec/s: 0 rss: 29Mb L: 53/333 MS: 3 ChangeBinInt-PersAutoDict-CMP- DE: "\000\000\000\020"-"\004sQM\374\302\012\267"-
#58	NEW    cov: 122 ft: 363 corp: 23/5379b lim: 333 exec/s: 0 rss: 29Mb L: 173/333 MS: 4 EraseBytes-ChangeBinInt-CrossOver-InsertByte-
#62	NEW    cov: 122 ft: 364 corp: 24/5587b lim: 333 exec/s: 0 rss: 29Mb L: 208/333 MS: 4 ChangeBit-InsertByte-InsertByte-EraseBytes-
#65	NEW    cov: 122 ft: 365 corp: 25/5903b lim: 333 exec/s: 0 rss: 29Mb L: 316/333 MS: 3 ChangeASCIIInt-ChangeByte-InsertRepeatedBytes-
#66	NEW    cov: 122 ft: 366 corp: 26/6153b lim: 333 exec/s: 0 rss: 29Mb L: 250/333 MS: 1 CrossOver-
#81	NEW    cov: 123 ft: 367 corp: 27/6472b lim: 333 exec/s: 0 rss: 29Mb L: 319/333 MS: 5 InsertByte-InsertByte-CopyPart-EraseBytes-CrossOver-
#86	NEW    cov: 123 ft: 368 corp: 28/6533b lim: 333 exec/s: 0 rss: 29Mb L: 61/333 MS: 5 InsertByte-ShuffleBytes-ChangeBinInt-CrossOver-InsertRepeatedBytes-
#112	NEW    cov: 123 ft: 369 corp: 29/6643b lim: 333 exec/s: 0 rss: 29Mb L: 110/333 MS: 1 CopyPart-
#128	NEW    cov: 123 ft: 370 corp: 30/6913b lim: 333 exec/s: 0 rss: 29Mb L: 270/333 MS: 1 CopyPart-
#131	NEW    cov: 123 ft: 388 corp: 31/6922b lim: 333 exec/s: 0 rss: 29Mb L: 9/333 MS: 3 ChangeBinInt-CMP-CrossOver- DE: "\000\000\000\001"-
#158	NEW    cov: 123 ft: 400 corp: 32/6940b lim: 333 exec/s: 0 rss: 29Mb L: 18/333 MS: 2 ChangeByte-CopyPart-
#176	NEW    cov: 123 ft: 410 corp: 33/6967b lim: 333 exec/s: 0 rss: 29Mb L: 27/333 MS: 3 ChangeBit-ShuffleBytes-InsertRepeatedBytes-
#185	REDUCE cov: 123 ft: 410 corp: 33/6930b lim: 333 exec/s: 0 rss: 29Mb L: 282/333 MS: 4 CMP-InsertByte-EraseBytes-CopyPart- DE: "\002\000\000\000"-
#191	REDUCE cov: 123 ft: 410 corp: 33/6851b lim: 333 exec/s: 0 rss: 29Mb L: 217/333 MS: 1 EraseBytes-
#200	NEW    cov: 123 ft: 411 corp: 34/7000b lim: 333 exec/s: 0 rss: 29Mb L: 149/333 MS: 4 CMP-PersAutoDict-ChangeBit-EraseBytes- DE: "\016\000\000\000\000\000\000\000"-"\004sQM\374\302\012\267"-
#209	NEW    cov: 123 ft: 428 corp: 35/7316b lim: 333 exec/s: 0 rss: 29Mb L: 316/333 MS: 4 ChangeBinInt-PersAutoDict-CopyPart-CrossOver- DE: "\004sQM\374\302\012\267"-
#212	NEW    cov: 123 ft: 429 corp: 36/7385b lim: 333 exec/s: 0 rss: 29Mb L: 69/333 MS: 3 InsertByte-CMP-CrossOver- DE: "5\001"-
#221	NEW    cov: 123 ft: 433 corp: 37/7581b lim: 333 exec/s: 0 rss: 29Mb L: 196/333 MS: 4 EraseBytes-ChangeBinInt-PersAutoDict-EraseBytes- DE: "\000\000\000\001"-
#245	NEW    cov: 123 ft: 434 corp: 38/7833b lim: 333 exec/s: 0 rss: 29Mb L: 252/333 MS: 4 CMP-ShuffleBytes-CopyPart-CrossOver- DE: "\014\200\210\322\307U\000\000"-
#247	REDUCE cov: 123 ft: 434 corp: 38/7787b lim: 333 exec/s: 0 rss: 29Mb L: 171/333 MS: 2 EraseBytes-CopyPart-
#254	NEW    cov: 123 ft: 436 corp: 39/7838b lim: 333 exec/s: 0 rss: 29Mb L: 51/333 MS: 2 ChangeBit-CrossOver-
#255	REDUCE cov: 123 ft: 436 corp: 39/7820b lim: 333 exec/s: 0 rss: 29Mb L: 278/333 MS: 1 EraseBytes-
#256	NEW    cov: 123 ft: 437 corp: 40/7884b lim: 333 exec/s: 0 rss: 29Mb L: 64/333 MS: 1 InsertRepeatedBytes-
#268	NEW    cov: 123 ft: 438 corp: 41/8161b lim: 333 exec/s: 0 rss: 29Mb L: 277/333 MS: 2 ShuffleBytes-CopyPart-
#273	NEW    cov: 123 ft: 439 corp: 42/8235b lim: 333 exec/s: 0 rss: 29Mb L: 74/333 MS: 5 ChangeBinInt-ShuffleBytes-ChangeBit-ShuffleBytes-InsertRepeatedBytes-
#279	REDUCE cov: 123 ft: 445 corp: 43/8517b lim: 333 exec/s: 0 rss: 29Mb L: 282/333 MS: 1 PersAutoDict- DE: "\000\000\000\001"-
#331	REDUCE cov: 123 ft: 445 corp: 43/8513b lim: 333 exec/s: 0 rss: 29Mb L: 248/333 MS: 2 InsertRepeatedBytes-EraseBytes-
#349	REDUCE cov: 123 ft: 445 corp: 43/8511b lim: 333 exec/s: 0 rss: 29Mb L: 43/333 MS: 3 InsertByte-PersAutoDict-EraseBytes- DE: "\016\000\000\000\000\000\000\000"-
#387	NEW    cov: 123 ft: 446 corp: 44/8828b lim: 333 exec/s: 0 rss: 29Mb L: 317/333 MS: 3 CopyPart-EraseBytes-CopyPart-
#415	NEW    cov: 123 ft: 447 corp: 45/9030b lim: 333 exec/s: 0 rss: 29Mb L: 202/333 MS: 3 ChangeBinInt-InsertRepeatedBytes-PersAutoDict- DE: "\000\000\000\001"-
#425	REDUCE cov: 123 ft: 447 corp: 45/9028b lim: 333 exec/s: 0 rss: 29Mb L: 253/333 MS: 5 CopyPart-InsertByte-InsertRepeatedBytes-EraseBytes-CMP- DE: "stsd"-
#471	REDUCE cov: 123 ft: 447 corp: 45/8928b lim: 333 exec/s: 0 rss: 29Mb L: 233/333 MS: 1 EraseBytes-
#473	NEW    cov: 123 ft: 448 corp: 46/9011b lim: 333 exec/s: 0 rss: 29Mb L: 83/333 MS: 2 ShuffleBytes-CrossOver-
#527	NEW    cov: 123 ft: 454 corp: 47/9239b lim: 333 exec/s: 0 rss: 29Mb L: 228/333 MS: 4 ChangeByte-PersAutoDict-ChangeByte-PersAutoDict- DE: "\000\000\000\001"-"\004sQM\374\302\012\267"-
#532	NEW    cov: 123 ft: 462 corp: 48/9544b lim: 333 exec/s: 0 rss: 29Mb L: 305/333 MS: 5 EraseBytes-InsertRepeatedBytes-CrossOver-CrossOver-InsertRepeatedBytes-
#551	NEW    cov: 123 ft: 463 corp: 49/9671b lim: 333 exec/s: 0 rss: 29Mb L: 127/333 MS: 4 EraseBytes-ChangeBit-ChangeBit-CrossOver-
#600	REDUCE cov: 123 ft: 463 corp: 49/9611b lim: 333 exec/s: 0 rss: 29Mb L: 160/333 MS: 4 ChangeByte-ShuffleBytes-InsertByte-EraseBytes-
#607	REDUCE cov: 123 ft: 463 corp: 49/9581b lim: 333 exec/s: 0 rss: 29Mb L: 119/333 MS: 2 CopyPart-EraseBytes-
#621	REDUCE cov: 123 ft: 465 corp: 50/9589b lim: 333 exec/s: 0 rss: 29Mb L: 8/333 MS: 4 EraseBytes-ChangeByte-EraseBytes-EraseBytes-
#622	REDUCE cov: 123 ft: 465 corp: 50/9557b lim: 333 exec/s: 0 rss: 29Mb L: 128/333 MS: 1 EraseBytes-
#658	REDUCE cov: 123 ft: 465 corp: 50/9493b lim: 333 exec/s: 0 rss: 29Mb L: 186/333 MS: 1 EraseBytes-
#690	NEW    cov: 123 ft: 473 corp: 51/9598b lim: 333 exec/s: 0 rss: 29Mb L: 105/333 MS: 2 EraseBytes-CrossOver-
==460833== ERROR: libFuzzer: out-of-memory (used: 1309Mb; limit: 1024Mb)
   To change the out-of-memory limit use -rss_limit_mb=<N>

MS: 2 InsertByte-CopyPart-; base unit: d6149c6146a4ac724be1e8e4edec6b8fc92e4571
artifact_prefix='/results/crashes/20260313_164614_fcf015b9_'; Test unit written to /results/crashes/20260313_164614_fcf015b9_oom-d017ce52a27c15485f757e6380db869a3d3c28aa
SUMMARY: libFuzzer: out-of-memory
stat::number_of_executed_units: 712
stat::average_exec_per_sec:     712
stat::new_units_added:          59
stat::slowest_unit_time_sec:    0
stat::peak_rss_mb:              1309
