INFO: Running with entropic power schedule (0xFF, 100).
INFO: Seed: 1715750394
INFO: Loaded 1 modules   (252 inline 8-bit counters): 252 [0x5f5180bcf678, 0x5f5180bcf774), 
INFO: Loaded 1 PC tables (252 PCs): 252 [0x5f5180bcf778,0x5f5180bd0738), 
INFO:        4 files found in /tmp/corpus_20260313_184134_0af9761f
INFO: seed corpus: files: 4 min: 48b max: 333b total: 853b rss: 28Mb
#5	INITED cov: 118 ft: 251 corp: 4/853b exec/s: 0 rss: 29Mb
#7	NEW    cov: 119 ft: 253 corp: 5/1186b lim: 333 exec/s: 0 rss: 29Mb L: 333/333 MS: 2 CMP-CopyPart- DE: "sinf"-
#9	NEW    cov: 119 ft: 254 corp: 6/1519b lim: 333 exec/s: 0 rss: 29Mb L: 333/333 MS: 2 CopyPart-CrossOver-
#10	NEW    cov: 119 ft: 256 corp: 7/1781b lim: 333 exec/s: 0 rss: 29Mb L: 262/333 MS: 1 EraseBytes-
#11	NEW    cov: 119 ft: 257 corp: 8/2034b lim: 333 exec/s: 0 rss: 29Mb L: 253/333 MS: 1 InsertByte-
#17	NEW    cov: 119 ft: 266 corp: 9/2067b lim: 333 exec/s: 0 rss: 29Mb L: 33/333 MS: 1 EraseBytes-
#18	NEW    cov: 119 ft: 272 corp: 10/2380b lim: 333 exec/s: 0 rss: 29Mb L: 313/333 MS: 1 EraseBytes-
#25	NEW    cov: 119 ft: 273 corp: 11/2658b lim: 333 exec/s: 0 rss: 29Mb L: 278/333 MS: 2 ChangeBinInt-EraseBytes-
#26	NEW    cov: 119 ft: 291 corp: 12/2754b lim: 333 exec/s: 0 rss: 29Mb L: 96/333 MS: 1 CrossOver-
#27	NEW    cov: 119 ft: 300 corp: 13/3087b lim: 333 exec/s: 0 rss: 29Mb L: 333/333 MS: 1 ChangeByte-
#28	NEW    cov: 119 ft: 305 corp: 14/3183b lim: 333 exec/s: 0 rss: 29Mb L: 96/333 MS: 1 CrossOver-
#34	NEW    cov: 119 ft: 306 corp: 15/3384b lim: 333 exec/s: 0 rss: 29Mb L: 201/333 MS: 1 EraseBytes-
#35	NEW    cov: 119 ft: 308 corp: 16/3488b lim: 333 exec/s: 0 rss: 29Mb L: 104/333 MS: 1 CMP- DE: "\312\000\000\000\000\000\000\000"-
#36	NEW    cov: 119 ft: 309 corp: 17/3536b lim: 333 exec/s: 0 rss: 29Mb L: 48/333 MS: 1 ShuffleBytes-
#37	NEW    cov: 119 ft: 324 corp: 18/3673b lim: 333 exec/s: 0 rss: 29Mb L: 137/333 MS: 1 EraseBytes-
#40	NEW    cov: 119 ft: 329 corp: 19/3728b lim: 333 exec/s: 0 rss: 29Mb L: 55/333 MS: 3 ChangeBinInt-ChangeByte-EraseBytes-
#42	NEW    cov: 119 ft: 340 corp: 20/3840b lim: 333 exec/s: 0 rss: 29Mb L: 112/333 MS: 2 ChangeASCIIInt-CrossOver-
#44	NEW    cov: 120 ft: 341 corp: 21/4102b lim: 333 exec/s: 0 rss: 29Mb L: 262/333 MS: 2 ChangeBinInt-InsertRepeatedBytes-
#45	NEW    cov: 120 ft: 342 corp: 22/4157b lim: 333 exec/s: 0 rss: 29Mb L: 55/333 MS: 1 ChangeBit-
#49	NEW    cov: 120 ft: 343 corp: 23/4416b lim: 333 exec/s: 0 rss: 29Mb L: 259/333 MS: 4 EraseBytes-InsertByte-InsertRepeatedBytes-InsertRepeatedBytes-
#53	NEW    cov: 120 ft: 344 corp: 24/4705b lim: 333 exec/s: 0 rss: 29Mb L: 289/333 MS: 4 ChangeBit-ShuffleBytes-InsertRepeatedBytes-CopyPart-
#69	NEW    cov: 120 ft: 386 corp: 25/4724b lim: 333 exec/s: 0 rss: 29Mb L: 19/333 MS: 1 EraseBytes-
#70	NEW    cov: 120 ft: 387 corp: 26/4787b lim: 333 exec/s: 0 rss: 29Mb L: 63/333 MS: 1 PersAutoDict- DE: "\312\000\000\000\000\000\000\000"-
#85	NEW    cov: 120 ft: 388 corp: 27/4989b lim: 333 exec/s: 0 rss: 29Mb L: 202/333 MS: 5 ShuffleBytes-ChangeBit-EraseBytes-ChangeBit-ChangeByte-
#87	NEW    cov: 121 ft: 390 corp: 28/5319b lim: 333 exec/s: 0 rss: 29Mb L: 330/333 MS: 2 CopyPart-InsertRepeatedBytes-
#96	NEW    cov: 121 ft: 398 corp: 29/5446b lim: 333 exec/s: 0 rss: 29Mb L: 127/333 MS: 4 ShuffleBytes-ChangeBinInt-ShuffleBytes-InsertRepeatedBytes-
#105	NEW    cov: 121 ft: 400 corp: 30/5662b lim: 333 exec/s: 0 rss: 29Mb L: 216/333 MS: 4 CrossOver-InsertByte-PersAutoDict-CopyPart- DE: "sinf"-
#106	NEW    cov: 121 ft: 401 corp: 31/5884b lim: 333 exec/s: 0 rss: 29Mb L: 222/333 MS: 1 InsertRepeatedBytes-
#107	NEW    cov: 121 ft: 402 corp: 32/6166b lim: 333 exec/s: 0 rss: 29Mb L: 282/333 MS: 1 CMP- DE: "mdat"-
#110	NEW    cov: 121 ft: 403 corp: 33/6428b lim: 333 exec/s: 0 rss: 29Mb L: 262/333 MS: 3 ChangeBinInt-ShuffleBytes-PersAutoDict- DE: "\312\000\000\000\000\000\000\000"-
#126	NEW    cov: 121 ft: 414 corp: 34/6457b lim: 333 exec/s: 0 rss: 29Mb L: 29/333 MS: 1 EraseBytes-
#133	NEW    cov: 121 ft: 415 corp: 35/6590b lim: 333 exec/s: 0 rss: 29Mb L: 133/333 MS: 2 ShuffleBytes-EraseBytes-
#137	NEW    cov: 121 ft: 426 corp: 36/6670b lim: 333 exec/s: 0 rss: 29Mb L: 80/333 MS: 4 EraseBytes-ChangeByte-PersAutoDict-ChangeBinInt- DE: "sinf"-
#138	NEW    cov: 121 ft: 433 corp: 37/6877b lim: 333 exec/s: 0 rss: 29Mb L: 207/333 MS: 1 EraseBytes-
#146	NEW    cov: 121 ft: 434 corp: 38/7183b lim: 333 exec/s: 0 rss: 29Mb L: 306/333 MS: 3 InsertRepeatedBytes-PersAutoDict-PersAutoDict- DE: "\312\000\000\000\000\000\000\000"-"sinf"-
#149	NEW    cov: 121 ft: 435 corp: 39/7284b lim: 333 exec/s: 0 rss: 29Mb L: 101/333 MS: 3 ChangeByte-InsertByte-InsertRepeatedBytes-
#160	NEW    cov: 121 ft: 436 corp: 40/7332b lim: 333 exec/s: 0 rss: 29Mb L: 48/333 MS: 1 ShuffleBytes-
#162	NEW    cov: 121 ft: 437 corp: 41/7451b lim: 333 exec/s: 0 rss: 29Mb L: 119/333 MS: 2 ChangeBinInt-EraseBytes-
#168	NEW    cov: 121 ft: 441 corp: 42/7732b lim: 333 exec/s: 0 rss: 29Mb L: 281/333 MS: 1 CopyPart-
#171	NEW    cov: 121 ft: 445 corp: 43/8020b lim: 333 exec/s: 0 rss: 29Mb L: 288/333 MS: 3 CrossOver-InsertRepeatedBytes-CopyPart-
#179	REDUCE cov: 121 ft: 445 corp: 43/7990b lim: 333 exec/s: 0 rss: 29Mb L: 171/333 MS: 3 InsertByte-ChangeBinInt-EraseBytes-
#205	NEW    cov: 121 ft: 452 corp: 44/8121b lim: 333 exec/s: 0 rss: 29Mb L: 131/333 MS: 1 PersAutoDict- DE: "mdat"-
#210	REDUCE cov: 121 ft: 452 corp: 44/8120b lim: 333 exec/s: 0 rss: 29Mb L: 201/333 MS: 5 CopyPart-EraseBytes-ChangeASCIIInt-CopyPart-EraseBytes-
#221	REDUCE cov: 121 ft: 452 corp: 44/8068b lim: 333 exec/s: 0 rss: 29Mb L: 79/333 MS: 1 EraseBytes-
#240	NEW    cov: 121 ft: 456 corp: 45/8164b lim: 333 exec/s: 0 rss: 29Mb L: 96/333 MS: 4 ChangeBinInt-CrossOver-CMP-ChangeBinInt- DE: "avc1"-
#269	REDUCE cov: 121 ft: 456 corp: 45/8126b lim: 333 exec/s: 0 rss: 29Mb L: 224/333 MS: 4 InsertByte-ChangeBit-ShuffleBytes-EraseBytes-
#291	NEW    cov: 122 ft: 457 corp: 46/8436b lim: 333 exec/s: 0 rss: 29Mb L: 310/333 MS: 2 CrossOver-CrossOver-
#306	REDUCE cov: 122 ft: 457 corp: 46/8401b lim: 333 exec/s: 0 rss: 29Mb L: 84/333 MS: 5 ChangeBit-CrossOver-CopyPart-CMP-CrossOver- DE: "\340\022:\246Q_\000\000"-
#318	NEW    cov: 122 ft: 458 corp: 47/8691b lim: 333 exec/s: 0 rss: 29Mb L: 290/333 MS: 2 ChangeBit-CMP- DE: " \000"-
#342	REDUCE cov: 122 ft: 458 corp: 47/8681b lim: 333 exec/s: 0 rss: 29Mb L: 38/333 MS: 4 ShuffleBytes-CMP-CopyPart-EraseBytes- DE: "KLLL"-
#389	REDUCE cov: 122 ft: 458 corp: 47/8653b lim: 333 exec/s: 0 rss: 29Mb L: 305/333 MS: 2 ChangeBit-EraseBytes-
#499	REDUCE cov: 122 ft: 458 corp: 47/8641b lim: 333 exec/s: 0 rss: 29Mb L: 210/333 MS: 5 CMP-InsertByte-InsertByte-PersAutoDict-EraseBytes- DE: "\001`ud"-"avc1"-
#510	NEW    cov: 122 ft: 459 corp: 48/8910b lim: 333 exec/s: 0 rss: 29Mb L: 269/333 MS: 1 EraseBytes-
#548	REDUCE cov: 122 ft: 459 corp: 48/8908b lim: 333 exec/s: 0 rss: 29Mb L: 257/333 MS: 3 InsertByte-EraseBytes-InsertRepeatedBytes-
#560	REDUCE cov: 122 ft: 459 corp: 48/8856b lim: 333 exec/s: 0 rss: 29Mb L: 172/333 MS: 2 CrossOver-CrossOver-
#623	NEW    cov: 122 ft: 460 corp: 49/8887b lim: 333 exec/s: 0 rss: 29Mb L: 31/333 MS: 3 CopyPart-ChangeBit-EraseBytes-
#650	NEW    cov: 122 ft: 461 corp: 50/9103b lim: 333 exec/s: 0 rss: 29Mb L: 216/333 MS: 2 ChangeBit-ChangeBit-
#712	REDUCE cov: 122 ft: 461 corp: 50/9099b lim: 333 exec/s: 0 rss: 29Mb L: 34/333 MS: 2 InsertByte-EraseBytes-
#722	NEW    cov: 122 ft: 463 corp: 51/9331b lim: 333 exec/s: 0 rss: 29Mb L: 232/333 MS: 5 CopyPart-CMP-CMP-CrossOver-CrossOver- DE: "\020\000"-"04p\326"-
#733	REDUCE cov: 122 ft: 463 corp: 51/9329b lim: 333 exec/s: 0 rss: 29Mb L: 29/333 MS: 1 EraseBytes-
#740	REDUCE cov: 122 ft: 463 corp: 51/9221b lim: 333 exec/s: 0 rss: 29Mb L: 124/333 MS: 2 ShuffleBytes-EraseBytes-
#806	REDUCE cov: 122 ft: 463 corp: 51/9116b lim: 333 exec/s: 0 rss: 29Mb L: 228/333 MS: 1 EraseBytes-
#854	NEW    cov: 122 ft: 465 corp: 52/9372b lim: 333 exec/s: 0 rss: 29Mb L: 256/333 MS: 3 CopyPart-ChangeByte-CMP- DE: "mvex"-
#905	REDUCE cov: 122 ft: 465 corp: 52/9350b lim: 333 exec/s: 0 rss: 29Mb L: 74/333 MS: 1 EraseBytes-
#942	NEW    cov: 122 ft: 466 corp: 53/9615b lim: 333 exec/s: 0 rss: 29Mb L: 265/333 MS: 2 ChangeByte-CopyPart-
#950	REDUCE cov: 122 ft: 472 corp: 54/9948b lim: 333 exec/s: 0 rss: 29Mb L: 333/333 MS: 3 CrossOver-ChangeBinInt-InsertRepeatedBytes-
#1048	REDUCE cov: 122 ft: 472 corp: 54/9945b lim: 333 exec/s: 0 rss: 29Mb L: 330/333 MS: 3 EraseBytes-ChangeBinInt-CrossOver-
#1051	REDUCE cov: 122 ft: 472 corp: 54/9845b lim: 333 exec/s: 0 rss: 29Mb L: 153/333 MS: 3 ChangeByte-EraseBytes-ChangeBit-
#1068	NEW    cov: 122 ft: 479 corp: 55/10134b lim: 333 exec/s: 0 rss: 29Mb L: 289/333 MS: 2 InsertRepeatedBytes-InsertByte-
#1074	REDUCE cov: 122 ft: 479 corp: 55/10131b lim: 333 exec/s: 0 rss: 29Mb L: 26/333 MS: 1 EraseBytes-
#1082	NEW    cov: 122 ft: 480 corp: 56/10180b lim: 333 exec/s: 0 rss: 29Mb L: 49/333 MS: 3 PersAutoDict-ChangeBinInt-InsertByte- DE: "\001`ud"-
#1160	REDUCE cov: 122 ft: 480 corp: 56/10114b lim: 333 exec/s: 0 rss: 29Mb L: 87/333 MS: 3 ChangeBit-CrossOver-EraseBytes-
#1256	REDUCE cov: 123 ft: 483 corp: 57/10242b lim: 333 exec/s: 0 rss: 29Mb L: 128/333 MS: 1 CMP- DE: "avc1"-
#1422	REDUCE cov: 123 ft: 483 corp: 57/10179b lim: 333 exec/s: 0 rss: 29Mb L: 138/333 MS: 1 EraseBytes-
#1448	REDUCE cov: 123 ft: 484 corp: 58/10208b lim: 333 exec/s: 0 rss: 29Mb L: 29/333 MS: 1 ChangeBinInt-
#1465	NEW    cov: 123 ft: 489 corp: 59/10474b lim: 333 exec/s: 0 rss: 29Mb L: 266/333 MS: 2 CopyPart-ChangeBinInt-
#1570	REDUCE cov: 123 ft: 489 corp: 59/10407b lim: 333 exec/s: 0 rss: 29Mb L: 161/333 MS: 5 PersAutoDict-InsertByte-ChangeByte-CopyPart-CrossOver- DE: "mdat"-
#1643	NEW    cov: 123 ft: 490 corp: 60/10629b lim: 333 exec/s: 0 rss: 29Mb L: 222/333 MS: 3 ChangeByte-ChangeBinInt-CrossOver-
#1668	REDUCE cov: 123 ft: 490 corp: 60/10526b lim: 333 exec/s: 0 rss: 29Mb L: 175/333 MS: 5 ChangeBinInt-ChangeBinInt-ChangeBinInt-CopyPart-EraseBytes-
#1701	NEW    cov: 123 ft: 491 corp: 61/10795b lim: 333 exec/s: 0 rss: 29Mb L: 269/333 MS: 3 ChangeBit-ChangeBinInt-ChangeBit-
#1746	REDUCE cov: 123 ft: 491 corp: 61/10785b lim: 333 exec/s: 0 rss: 29Mb L: 242/333 MS: 5 InsertByte-ShuffleBytes-InsertByte-CrossOver-EraseBytes-
#1780	REDUCE cov: 123 ft: 491 corp: 61/10780b lim: 333 exec/s: 0 rss: 29Mb L: 284/333 MS: 4 ShuffleBytes-CopyPart-InsertByte-EraseBytes-
#1832	REDUCE cov: 123 ft: 491 corp: 61/10776b lim: 333 exec/s: 0 rss: 29Mb L: 253/333 MS: 2 ChangeBinInt-EraseBytes-
#2199	REDUCE cov: 123 ft: 491 corp: 61/10759b lim: 333 exec/s: 0 rss: 29Mb L: 313/333 MS: 2 ChangeByte-EraseBytes-
#2205	REDUCE cov: 123 ft: 491 corp: 61/10757b lim: 333 exec/s: 0 rss: 29Mb L: 17/333 MS: 1 EraseBytes-
#2219	REDUCE cov: 123 ft: 491 corp: 61/10600b lim: 333 exec/s: 0 rss: 29Mb L: 112/333 MS: 4 ShuffleBytes-InsertByte-InsertByte-CrossOver-
#2287	REDUCE cov: 123 ft: 491 corp: 61/10526b lim: 333 exec/s: 0 rss: 29Mb L: 231/333 MS: 3 CopyPart-InsertByte-EraseBytes-
#2301	NEW    cov: 123 ft: 497 corp: 62/10820b lim: 333 exec/s: 0 rss: 29Mb L: 294/333 MS: 4 CopyPart-CopyPart-ShuffleBytes-CopyPart-
#2387	REDUCE cov: 123 ft: 497 corp: 62/10804b lim: 333 exec/s: 0 rss: 29Mb L: 80/333 MS: 1 EraseBytes-
#2438	REDUCE cov: 123 ft: 497 corp: 62/10801b lim: 333 exec/s: 0 rss: 29Mb L: 45/333 MS: 1 EraseBytes-
#2443	REDUCE cov: 123 ft: 498 corp: 63/11126b lim: 333 exec/s: 0 rss: 29Mb L: 325/333 MS: 5 CopyPart-PersAutoDict-ShuffleBytes-CrossOver-CrossOver- DE: "avc1"-
#2455	REDUCE cov: 123 ft: 498 corp: 63/11113b lim: 333 exec/s: 0 rss: 29Mb L: 281/333 MS: 2 ShuffleBytes-EraseBytes-
#2490	REDUCE cov: 123 ft: 498 corp: 63/11101b lim: 333 exec/s: 0 rss: 29Mb L: 100/333 MS: 5 ShuffleBytes-ChangeByte-PersAutoDict-ChangeASCIIInt-EraseBytes- DE: " \000"-
#2506	REDUCE cov: 123 ft: 498 corp: 63/11086b lim: 333 exec/s: 0 rss: 29Mb L: 19/333 MS: 1 EraseBytes-
#2587	NEW    cov: 123 ft: 506 corp: 64/11096b lim: 333 exec/s: 0 rss: 29Mb L: 10/333 MS: 1 CrossOver-
#2700	REDUCE cov: 123 ft: 506 corp: 64/11048b lim: 333 exec/s: 0 rss: 29Mb L: 183/333 MS: 3 PersAutoDict-ChangeByte-EraseBytes- DE: " \000"-
#2706	REDUCE cov: 123 ft: 506 corp: 64/11040b lim: 333 exec/s: 0 rss: 29Mb L: 164/333 MS: 1 EraseBytes-
#2774	REDUCE cov: 123 ft: 507 corp: 65/11306b lim: 333 exec/s: 0 rss: 29Mb L: 266/333 MS: 3 ChangeByte-CopyPart-CrossOver-
#2814	REDUCE cov: 123 ft: 507 corp: 65/11302b lim: 333 exec/s: 0 rss: 29Mb L: 15/333 MS: 5 CMP-ChangeBit-ChangeBinInt-ShuffleBytes-EraseBytes- DE: "\000\000\000\000\000\000\000\001"-
#2914	REDUCE cov: 123 ft: 507 corp: 65/11284b lim: 333 exec/s: 0 rss: 29Mb L: 272/333 MS: 5 CopyPart-ChangeBit-InsertByte-CopyPart-CrossOver-
#2923	REDUCE cov: 123 ft: 507 corp: 65/11260b lim: 333 exec/s: 0 rss: 29Mb L: 31/333 MS: 4 ChangeByte-PersAutoDict-ChangeByte-EraseBytes- DE: "avc1"-
#3107	REDUCE cov: 123 ft: 507 corp: 65/11219b lim: 333 exec/s: 0 rss: 29Mb L: 130/333 MS: 4 ChangeBinInt-CrossOver-CrossOver-EraseBytes-
#3144	REDUCE cov: 123 ft: 507 corp: 65/11218b lim: 333 exec/s: 0 rss: 29Mb L: 44/333 MS: 2 EraseBytes-PersAutoDict- DE: "avc1"-
#3412	REDUCE cov: 123 ft: 507 corp: 65/11209b lim: 333 exec/s: 0 rss: 29Mb L: 71/333 MS: 3 InsertByte-CMP-EraseBytes- DE: "O\302\231\200Q_\000\000"-
#3445	REDUCE cov: 123 ft: 507 corp: 65/11206b lim: 333 exec/s: 0 rss: 29Mb L: 12/333 MS: 3 CMP-ChangeBinInt-EraseBytes- DE: "\350=8\246Q_\000\000"-
#3636	REDUCE cov: 123 ft: 507 corp: 65/11198b lim: 333 exec/s: 0 rss: 29Mb L: 21/333 MS: 1 EraseBytes-
#3652	REDUCE cov: 123 ft: 507 corp: 65/11187b lim: 333 exec/s: 0 rss: 29Mb L: 44/333 MS: 1 EraseBytes-
#3965	REDUCE cov: 123 ft: 507 corp: 65/11160b lim: 333 exec/s: 0 rss: 29Mb L: 52/333 MS: 3 ChangeBinInt-ChangeBit-EraseBytes-
#4123	REDUCE cov: 123 ft: 507 corp: 65/11149b lim: 333 exec/s: 0 rss: 29Mb L: 255/333 MS: 3 ChangeByte-InsertByte-EraseBytes-
#4181	REDUCE cov: 123 ft: 507 corp: 65/11119b lim: 333 exec/s: 0 rss: 29Mb L: 153/333 MS: 3 ShuffleBytes-ChangeBinInt-CrossOver-
#4246	REDUCE cov: 124 ft: 508 corp: 66/11125b lim: 333 exec/s: 0 rss: 29Mb L: 6/333 MS: 5 InsertRepeatedBytes-CopyPart-ChangeByte-PersAutoDict-CrossOver- DE: "mvex"-
#4250	NEW    cov: 124 ft: 509 corp: 67/11133b lim: 333 exec/s: 0 rss: 29Mb L: 8/333 MS: 4 ShuffleBytes-ChangeByte-ChangeBinInt-EraseBytes-
#4278	REDUCE cov: 124 ft: 509 corp: 67/11131b lim: 333 exec/s: 0 rss: 29Mb L: 29/333 MS: 3 EraseBytes-ChangeBinInt-InsertRepeatedBytes-
#4446	REDUCE cov: 124 ft: 509 corp: 67/11128b lim: 333 exec/s: 0 rss: 29Mb L: 172/333 MS: 3 EraseBytes-CrossOver-CrossOver-
#4702	REDUCE cov: 124 ft: 509 corp: 67/11059b lim: 333 exec/s: 0 rss: 29Mb L: 84/333 MS: 1 EraseBytes-
#4868	REDUCE cov: 124 ft: 509 corp: 67/11032b lim: 333 exec/s: 0 rss: 29Mb L: 100/333 MS: 1 EraseBytes-
#4896	REDUCE cov: 124 ft: 509 corp: 67/11022b lim: 333 exec/s: 0 rss: 29Mb L: 11/333 MS: 3 ChangeBit-CMP-EraseBytes- DE: "lU\000\000"-
#4910	REDUCE cov: 124 ft: 509 corp: 67/11001b lim: 333 exec/s: 0 rss: 29Mb L: 80/333 MS: 4 CrossOver-InsertByte-CopyPart-CrossOver-
#5090	NEW    cov: 124 ft: 510 corp: 68/11285b lim: 333 exec/s: 0 rss: 29Mb L: 284/333 MS: 5 ChangeByte-InsertByte-ShuffleBytes-CopyPart-CopyPart-
#5139	REDUCE cov: 124 ft: 510 corp: 68/11257b lim: 333 exec/s: 0 rss: 29Mb L: 56/333 MS: 4 CopyPart-ChangeByte-CopyPart-EraseBytes-
#5204	NEW    cov: 124 ft: 511 corp: 69/11521b lim: 333 exec/s: 0 rss: 29Mb L: 264/333 MS: 5 ShuffleBytes-ShuffleBytes-ChangeBit-ChangeByte-CrossOver-
#5291	REDUCE cov: 124 ft: 511 corp: 69/11467b lim: 333 exec/s: 0 rss: 29Mb L: 76/333 MS: 2 ShuffleBytes-EraseBytes-
#5389	REDUCE cov: 124 ft: 511 corp: 69/11466b lim: 333 exec/s: 0 rss: 29Mb L: 5/333 MS: 3 CopyPart-ChangeByte-EraseBytes-
#5406	REDUCE cov: 124 ft: 511 corp: 69/11463b lim: 333 exec/s: 0 rss: 29Mb L: 26/333 MS: 2 CopyPart-CrossOver-
#5439	REDUCE cov: 124 ft: 511 corp: 69/11434b lim: 333 exec/s: 0 rss: 29Mb L: 71/333 MS: 3 CMP-ChangeASCIIInt-EraseBytes- DE: "avcC"-
#5442	NEW    cov: 124 ft: 512 corp: 70/11562b lim: 333 exec/s: 5442 rss: 1250Mb L: 128/333 MS: 3 ChangeBinInt-CopyPart-ShuffleBytes-
#5479	REDUCE cov: 124 ft: 512 corp: 70/11561b lim: 333 exec/s: 5479 rss: 1250Mb L: 283/333 MS: 1 EraseBytes-
#5608	REDUCE cov: 124 ft: 512 corp: 70/11558b lim: 333 exec/s: 5608 rss: 1250Mb L: 9/333 MS: 4 EraseBytes-CMP-ChangeBit-EraseBytes- DE: "\377\377\377\377\377\377\377\377"-
#5629	REDUCE cov: 124 ft: 514 corp: 71/11633b lim: 333 exec/s: 5629 rss: 1250Mb L: 75/333 MS: 1 EraseBytes-
#5685	REDUCE cov: 124 ft: 514 corp: 71/11587b lim: 333 exec/s: 5685 rss: 1250Mb L: 54/333 MS: 1 EraseBytes-
==814035== ERROR: libFuzzer: out-of-memory (used: 1250Mb; limit: 1024Mb)
   To change the out-of-memory limit use -rss_limit_mb=<N>

MS: 1 ChangeASCIIInt-; base unit: 8402ae15622b749eb8daa3aaa71abe87007c5822
0x0,0x0,0x0,0x18,0x66,0x74,0x79,0x70,0x6d,0x70,0x32,0x31,0x0,0x0,0x0,0x0,0x6d,0x70,0x34,0x6d,0x0,0x32,0x6f,0x73,0x69,0x0,0x0,0x18,0x61,0x76,0x63,0x31,0x6d,0x2c,0x64,0x61,0x70,0x6d,0x70,0x3a,0x32,0x0,0x0,0x70,0x34,0x32,0xd6,0xd6,0xd6,0xd6,0xd6,0xd6,0x0,0x0,0x0,0x18,0x66,0x74,0x79,0x70,0x6d,0x70,0x38,0x35,0x0,0x0,0x0,0x0,0x0,0x0,0x18,0x66,0x74,0x79,0x70,0x6d,0x70,0x32,0x31,0x0,0x0,0x0,0x0,0x6d,0x70,0x34,0x32,0x69,0x73,0x6f,0x6d,0x0,0x0,0x0,0x18,0x4c,0x4c,0x4c,0x4c,0x4c,0x4c,0x4c,0x4c,0x4c,0x4c,0x4c,0x4c,0x4c,0x4c,0x4c,0x4c,0x4c,0x4c,0x4c,0xd6,0xd6,0xd6,0xd6,0xd6,0xd6,0xd6,0xd6,0xd6,0xd6,0x0,0x4c,0x4c,0x0,
\000\000\000\030ftypmp21\000\000\000\000mp4m\0002osi\000\000\030avc1m,dapmp:2\000\000p42\326\326\326\326\326\326\000\000\000\030ftypmp85\000\000\000\000\000\000\030ftypmp21\000\000\000\000mp42isom\000\000\000\030LLLLLLLLLLLLLLLLLLL\326\326\326\326\326\326\326\326\326\326\000LL\000
artifact_prefix='/results/crashes/20260313_184134_0af9761f_'; Test unit written to /results/crashes/20260313_184134_0af9761f_oom-369065233d7ad8060e1d31e8ab85d39331c6d22c
Base64: AAAAGGZ0eXBtcDIxAAAAAG1wNG0AMm9zaQAAGGF2YzFtLGRhcG1wOjIAAHA0MtbW1tbW1gAAABhmdHlwbXA4NQAAAAAAABhmdHlwbXAyMQAAAABtcDQyaXNvbQAAABhMTExMTExMTExMTExMTExMTExM1tbW1tbW1tbW1gBMTAA=
SUMMARY: libFuzzer: out-of-memory
stat::number_of_executed_units: 5971
stat::average_exec_per_sec:     2985
stat::new_units_added:          129
stat::slowest_unit_time_sec:    0
stat::peak_rss_mb:              1250
