INFO: Running with entropic power schedule (0xFF, 100).
INFO: Seed: 3408800062
INFO: Loaded 1 modules   (252 inline 8-bit counters): 252 [0x5c7d65dba678, 0x5c7d65dba774), 
INFO: Loaded 1 PC tables (252 PCs): 252 [0x5c7d65dba778,0x5c7d65dbb738), 
INFO:        4 files found in /tmp/corpus_20260313_173932_23e88535
INFO: seed corpus: files: 4 min: 48b max: 333b total: 853b rss: 28Mb
#5	INITED cov: 118 ft: 251 corp: 4/853b exec/s: 0 rss: 29Mb
#6	NEW    cov: 118 ft: 269 corp: 5/910b lim: 333 exec/s: 0 rss: 29Mb L: 57/333 MS: 1 CrossOver-
#7	NEW    cov: 118 ft: 283 corp: 6/1173b lim: 333 exec/s: 0 rss: 29Mb L: 263/333 MS: 1 CopyPart-
#8	NEW    cov: 118 ft: 287 corp: 7/1221b lim: 333 exec/s: 0 rss: 29Mb L: 48/333 MS: 1 CopyPart-
#13	NEW    cov: 119 ft: 288 corp: 8/1554b lim: 333 exec/s: 0 rss: 29Mb L: 333/333 MS: 5 ShuffleBytes-CMP-ShuffleBytes-CopyPart-CopyPart- DE: "tt V"-
#14	NEW    cov: 120 ft: 295 corp: 9/1729b lim: 333 exec/s: 0 rss: 29Mb L: 175/333 MS: 1 CrossOver-
#15	NEW    cov: 121 ft: 297 corp: 10/2028b lim: 333 exec/s: 0 rss: 29Mb L: 299/333 MS: 1 CrossOver-
#17	NEW    cov: 121 ft: 298 corp: 11/2361b lim: 333 exec/s: 0 rss: 29Mb L: 333/333 MS: 2 ChangeByte-ChangeByte-
#18	NEW    cov: 121 ft: 300 corp: 12/2694b lim: 333 exec/s: 0 rss: 29Mb L: 333/333 MS: 1 CopyPart-
#19	NEW    cov: 121 ft: 305 corp: 13/2995b lim: 333 exec/s: 0 rss: 29Mb L: 301/333 MS: 1 CopyPart-
#20	NEW    cov: 121 ft: 306 corp: 14/3328b lim: 333 exec/s: 0 rss: 29Mb L: 333/333 MS: 1 CopyPart-
#23	NEW    cov: 122 ft: 307 corp: 15/3661b lim: 333 exec/s: 0 rss: 29Mb L: 333/333 MS: 3 CopyPart-CopyPart-ShuffleBytes-
#26	NEW    cov: 122 ft: 308 corp: 16/3942b lim: 333 exec/s: 0 rss: 29Mb L: 281/333 MS: 3 ChangeByte-ShuffleBytes-EraseBytes-
#37	NEW    cov: 122 ft: 318 corp: 17/4060b lim: 333 exec/s: 0 rss: 29Mb L: 118/333 MS: 1 InsertRepeatedBytes-
#46	NEW    cov: 122 ft: 319 corp: 18/4172b lim: 333 exec/s: 0 rss: 29Mb L: 112/333 MS: 4 ChangeByte-CopyPart-CopyPart-CrossOver-
#48	NEW    cov: 122 ft: 334 corp: 19/4207b lim: 333 exec/s: 0 rss: 29Mb L: 35/333 MS: 2 PersAutoDict-CrossOver- DE: "tt V"-
#50	NEW    cov: 122 ft: 341 corp: 20/4302b lim: 333 exec/s: 0 rss: 29Mb L: 95/333 MS: 2 ChangeBit-EraseBytes-
#58	NEW    cov: 122 ft: 342 corp: 21/4602b lim: 333 exec/s: 0 rss: 29Mb L: 300/333 MS: 3 ChangeByte-ChangeBinInt-InsertByte-
#61	NEW    cov: 123 ft: 346 corp: 22/4884b lim: 333 exec/s: 0 rss: 29Mb L: 282/333 MS: 3 InsertByte-ChangeBit-CMP- DE: "\000\000\000\010"-
#67	NEW    cov: 123 ft: 347 corp: 23/5117b lim: 333 exec/s: 0 rss: 29Mb L: 233/333 MS: 1 EraseBytes-
#73	NEW    cov: 123 ft: 348 corp: 24/5399b lim: 333 exec/s: 0 rss: 29Mb L: 282/333 MS: 1 CrossOver-
#76	NEW    cov: 123 ft: 385 corp: 25/5423b lim: 333 exec/s: 0 rss: 29Mb L: 24/333 MS: 3 CopyPart-ChangeByte-CrossOver-
#78	NEW    cov: 123 ft: 390 corp: 26/5447b lim: 333 exec/s: 0 rss: 29Mb L: 24/333 MS: 2 ShuffleBytes-EraseBytes-
#79	NEW    cov: 123 ft: 391 corp: 27/5629b lim: 333 exec/s: 0 rss: 29Mb L: 182/333 MS: 1 InsertRepeatedBytes-
#80	NEW    cov: 123 ft: 392 corp: 28/5731b lim: 333 exec/s: 0 rss: 29Mb L: 102/333 MS: 1 InsertRepeatedBytes-
#82	NEW    cov: 123 ft: 393 corp: 29/5767b lim: 333 exec/s: 0 rss: 29Mb L: 36/333 MS: 2 ChangeByte-InsertByte-
#89	NEW    cov: 123 ft: 394 corp: 30/5815b lim: 333 exec/s: 0 rss: 29Mb L: 48/333 MS: 2 CrossOver-ChangeBinInt-
#98	NEW    cov: 123 ft: 395 corp: 31/6027b lim: 333 exec/s: 0 rss: 29Mb L: 212/333 MS: 4 CMP-ChangeByte-EraseBytes-CopyPart- DE: "cdsc"-
#107	NEW    cov: 123 ft: 396 corp: 32/6121b lim: 333 exec/s: 0 rss: 29Mb L: 94/333 MS: 4 ChangeBinInt-CopyPart-ShuffleBytes-CrossOver-
#112	REDUCE cov: 123 ft: 396 corp: 32/6073b lim: 333 exec/s: 0 rss: 29Mb L: 285/333 MS: 5 ShuffleBytes-ChangeByte-CopyPart-ChangeBinInt-EraseBytes-
#113	NEW    cov: 123 ft: 397 corp: 33/6285b lim: 333 exec/s: 0 rss: 29Mb L: 212/333 MS: 1 PersAutoDict- DE: "\000\000\000\010"-
#129	NEW    cov: 123 ft: 398 corp: 34/6482b lim: 333 exec/s: 0 rss: 29Mb L: 197/333 MS: 1 CrossOver-
#139	NEW    cov: 123 ft: 399 corp: 35/6695b lim: 333 exec/s: 0 rss: 29Mb L: 213/333 MS: 5 ChangeByte-InsertByte-ShuffleBytes-InsertByte-CopyPart-
#143	NEW    cov: 123 ft: 400 corp: 36/6807b lim: 333 exec/s: 0 rss: 29Mb L: 112/333 MS: 4 InsertRepeatedBytes-CMP-CMP-CMP- DE: "\000\000\\}\177)\210\240"-"34pm"-"\001\000\000\000\000\000\000\325"-
#171	REDUCE cov: 123 ft: 400 corp: 36/6792b lim: 333 exec/s: 0 rss: 29Mb L: 218/333 MS: 3 CrossOver-InsertByte-CrossOver-
#183	NEW    cov: 123 ft: 401 corp: 37/6916b lim: 333 exec/s: 0 rss: 29Mb L: 124/333 MS: 2 PersAutoDict-CMP- DE: "\001\000\000\000\000\000\000\325"-"hvc1"-
#189	NEW    cov: 123 ft: 402 corp: 38/6981b lim: 333 exec/s: 0 rss: 29Mb L: 65/333 MS: 1 InsertRepeatedBytes-
#205	REDUCE cov: 123 ft: 402 corp: 38/6979b lim: 333 exec/s: 0 rss: 29Mb L: 331/333 MS: 1 EraseBytes-
#256	NEW    cov: 123 ft: 403 corp: 39/7295b lim: 333 exec/s: 0 rss: 29Mb L: 316/333 MS: 1 CopyPart-
#327	REDUCE cov: 123 ft: 403 corp: 39/7279b lim: 333 exec/s: 0 rss: 29Mb L: 315/333 MS: 1 EraseBytes-
#344	REDUCE cov: 123 ft: 403 corp: 39/7173b lim: 333 exec/s: 0 rss: 29Mb L: 176/333 MS: 2 CrossOver-EraseBytes-
#390	REDUCE cov: 123 ft: 403 corp: 39/7167b lim: 333 exec/s: 0 rss: 29Mb L: 42/333 MS: 1 EraseBytes-
#393	NEW    cov: 123 ft: 412 corp: 40/7187b lim: 333 exec/s: 0 rss: 29Mb L: 20/333 MS: 3 PersAutoDict-ChangeBit-CrossOver- DE: "cdsc"-
#395	NEW    cov: 123 ft: 413 corp: 41/7203b lim: 333 exec/s: 0 rss: 29Mb L: 16/333 MS: 2 ChangeByte-CrossOver-
#402	NEW    cov: 123 ft: 422 corp: 42/7302b lim: 333 exec/s: 0 rss: 29Mb L: 99/333 MS: 2 ChangeBinInt-CrossOver-
#404	REDUCE cov: 123 ft: 422 corp: 42/7232b lim: 333 exec/s: 0 rss: 29Mb L: 263/333 MS: 2 EraseBytes-EraseBytes-
#429	NEW    cov: 123 ft: 423 corp: 43/7524b lim: 333 exec/s: 0 rss: 29Mb L: 292/333 MS: 5 CrossOver-CMP-InsertRepeatedBytes-CrossOver-CrossOver- DE: "\014\000\000\000\000\000\000\000"-
#448	REDUCE cov: 123 ft: 431 corp: 44/7817b lim: 333 exec/s: 0 rss: 29Mb L: 293/333 MS: 4 InsertRepeatedBytes-ChangeByte-ChangeBinInt-CopyPart-
#460	NEW    cov: 123 ft: 437 corp: 45/7866b lim: 333 exec/s: 0 rss: 29Mb L: 49/333 MS: 2 ChangeBinInt-InsertByte-
#482	NEW    cov: 123 ft: 438 corp: 46/8086b lim: 333 exec/s: 0 rss: 29Mb L: 220/333 MS: 2 ChangeBit-ChangeBit-
#499	NEW    cov: 123 ft: 446 corp: 47/8330b lim: 333 exec/s: 0 rss: 29Mb L: 244/333 MS: 2 ChangeBit-InsertRepeatedBytes-
#531	NEW    cov: 123 ft: 454 corp: 48/8343b lim: 333 exec/s: 0 rss: 29Mb L: 13/333 MS: 2 PersAutoDict-EraseBytes- DE: "\000\000\\}\177)\210\240"-
#534	REDUCE cov: 123 ft: 454 corp: 48/8332b lim: 333 exec/s: 0 rss: 29Mb L: 83/333 MS: 3 ChangeBinInt-CrossOver-EraseBytes-
#550	REDUCE cov: 123 ft: 454 corp: 48/8331b lim: 333 exec/s: 0 rss: 29Mb L: 35/333 MS: 1 EraseBytes-
#560	REDUCE cov: 123 ft: 454 corp: 48/8321b lim: 333 exec/s: 0 rss: 29Mb L: 323/333 MS: 5 CrossOver-EraseBytes-ChangeByte-ChangeASCIIInt-InsertRepeatedBytes-
#662	REDUCE cov: 123 ft: 454 corp: 48/8292b lim: 333 exec/s: 0 rss: 29Mb L: 83/333 MS: 2 InsertRepeatedBytes-EraseBytes-
#739	NEW    cov: 123 ft: 459 corp: 49/8512b lim: 333 exec/s: 0 rss: 29Mb L: 220/333 MS: 2 ShuffleBytes-ChangeBit-
#881	NEW    cov: 123 ft: 460 corp: 50/8733b lim: 333 exec/s: 0 rss: 29Mb L: 221/333 MS: 2 ShuffleBytes-InsertByte-
#901	REDUCE cov: 123 ft: 460 corp: 50/8600b lim: 333 exec/s: 0 rss: 29Mb L: 168/333 MS: 5 InsertRepeatedBytes-InsertByte-ChangeByte-InsertRepeatedBytes-EraseBytes-
#920	NEW    cov: 123 ft: 466 corp: 51/8674b lim: 333 exec/s: 0 rss: 29Mb L: 74/333 MS: 4 ChangeBit-EraseBytes-EraseBytes-CopyPart-
#1008	REDUCE cov: 123 ft: 466 corp: 51/8655b lim: 333 exec/s: 0 rss: 29Mb L: 55/333 MS: 3 ChangeBinInt-ChangeByte-EraseBytes-
#1020	NEW    cov: 123 ft: 468 corp: 52/8686b lim: 333 exec/s: 0 rss: 29Mb L: 31/333 MS: 2 ChangeBit-EraseBytes-
#1031	REDUCE cov: 123 ft: 468 corp: 52/8679b lim: 333 exec/s: 0 rss: 29Mb L: 213/333 MS: 1 EraseBytes-
#1047	REDUCE cov: 123 ft: 468 corp: 52/8677b lim: 333 exec/s: 0 rss: 29Mb L: 11/333 MS: 1 EraseBytes-
#1077	REDUCE cov: 124 ft: 469 corp: 53/8684b lim: 333 exec/s: 0 rss: 29Mb L: 7/333 MS: 5 CrossOver-CopyPart-ShuffleBytes-CopyPart-CrossOver-
#1129	NEW    cov: 124 ft: 476 corp: 54/8721b lim: 333 exec/s: 0 rss: 29Mb L: 37/333 MS: 2 CrossOver-CopyPart-
#1189	NEW    cov: 124 ft: 477 corp: 55/9025b lim: 333 exec/s: 0 rss: 29Mb L: 304/333 MS: 5 PersAutoDict-InsertRepeatedBytes-ChangeBinInt-CopyPart-InsertRepeatedBytes- DE: "tt V"-
#1200	REDUCE cov: 124 ft: 477 corp: 55/9024b lim: 333 exec/s: 0 rss: 29Mb L: 15/333 MS: 1 EraseBytes-
#1251	NEW    cov: 124 ft: 478 corp: 56/9032b lim: 333 exec/s: 0 rss: 29Mb L: 8/333 MS: 1 InsertByte-
#1278	REDUCE cov: 124 ft: 478 corp: 56/9030b lim: 333 exec/s: 0 rss: 29Mb L: 9/333 MS: 2 ChangeBit-EraseBytes-
#1309	NEW    cov: 124 ft: 479 corp: 57/9253b lim: 333 exec/s: 0 rss: 29Mb L: 223/333 MS: 1 InsertRepeatedBytes-
#1462	REDUCE cov: 124 ft: 479 corp: 57/9248b lim: 333 exec/s: 0 rss: 29Mb L: 107/333 MS: 3 CrossOver-ChangeASCIIInt-EraseBytes-
#1496	REDUCE cov: 124 ft: 479 corp: 57/9247b lim: 333 exec/s: 0 rss: 29Mb L: 82/333 MS: 4 EraseBytes-CopyPart-PersAutoDict-CopyPart- DE: "cdsc"-
#1757	NEW    cov: 124 ft: 480 corp: 58/9459b lim: 333 exec/s: 0 rss: 29Mb L: 212/333 MS: 1 ChangeBit-
#1795	REDUCE cov: 124 ft: 480 corp: 58/9411b lim: 333 exec/s: 0 rss: 29Mb L: 149/333 MS: 3 ShuffleBytes-InsertByte-EraseBytes-
#1810	REDUCE cov: 124 ft: 480 corp: 58/9407b lim: 333 exec/s: 0 rss: 29Mb L: 38/333 MS: 5 ChangeBinInt-CrossOver-InsertByte-EraseBytes-ChangeByte-
#1856	REDUCE cov: 124 ft: 480 corp: 58/9404b lim: 333 exec/s: 0 rss: 29Mb L: 12/333 MS: 1 EraseBytes-
#1867	REDUCE cov: 124 ft: 480 corp: 58/9394b lim: 333 exec/s: 0 rss: 29Mb L: 21/333 MS: 1 EraseBytes-
#1913	REDUCE cov: 124 ft: 480 corp: 58/9372b lim: 333 exec/s: 0 rss: 29Mb L: 146/333 MS: 1 EraseBytes-
#1915	REDUCE cov: 124 ft: 480 corp: 58/9326b lim: 333 exec/s: 0 rss: 29Mb L: 166/333 MS: 2 InsertByte-EraseBytes-
#1955	NEW    cov: 124 ft: 482 corp: 59/9618b lim: 333 exec/s: 0 rss: 29Mb L: 292/333 MS: 5 InsertRepeatedBytes-InsertRepeatedBytes-EraseBytes-CrossOver-InsertRepeatedBytes-
#1973	REDUCE cov: 124 ft: 482 corp: 59/9564b lim: 333 exec/s: 0 rss: 29Mb L: 95/333 MS: 3 ChangeBit-PersAutoDict-EraseBytes- DE: "\014\000\000\000\000\000\000\000"-
#1979	NEW    cov: 124 ft: 483 corp: 60/9784b lim: 333 exec/s: 0 rss: 29Mb L: 220/333 MS: 1 ChangeBinInt-
#2011	REDUCE cov: 124 ft: 483 corp: 60/9755b lim: 333 exec/s: 0 rss: 29Mb L: 137/333 MS: 2 CrossOver-EraseBytes-
#2066	NEW    cov: 124 ft: 484 corp: 61/10084b lim: 333 exec/s: 0 rss: 29Mb L: 329/333 MS: 5 InsertRepeatedBytes-InsertRepeatedBytes-ChangeBinInt-CMP-CrossOver- DE: "\001\000\\}\177)o\000"-
#2321	NEW    cov: 124 ft: 487 corp: 62/10150b lim: 333 exec/s: 0 rss: 29Mb L: 66/333 MS: 5 PersAutoDict-ChangeASCIIInt-ChangeByte-InsertByte-EraseBytes- DE: "\001\000\\}\177)o\000"-
#2330	REDUCE cov: 124 ft: 487 corp: 62/10148b lim: 333 exec/s: 0 rss: 29Mb L: 211/333 MS: 4 ChangeASCIIInt-ChangeBinInt-ShuffleBytes-EraseBytes-
#2332	REDUCE cov: 124 ft: 487 corp: 62/10140b lim: 333 exec/s: 0 rss: 29Mb L: 321/333 MS: 2 ChangeByte-EraseBytes-
#2360	REDUCE cov: 124 ft: 487 corp: 62/10128b lim: 333 exec/s: 0 rss: 29Mb L: 270/333 MS: 3 PersAutoDict-CopyPart-EraseBytes- DE: "\001\000\000\000\000\000\000\325"-
#2379	REDUCE cov: 124 ft: 487 corp: 62/10083b lim: 333 exec/s: 0 rss: 29Mb L: 240/333 MS: 4 ChangeASCIIInt-EraseBytes-InsertByte-EraseBytes-
#2461	NEW    cov: 124 ft: 493 corp: 63/10312b lim: 333 exec/s: 0 rss: 29Mb L: 229/333 MS: 2 PersAutoDict-CMP- DE: "tt V"-"\204\015\001\244\010r\000\000"-
#2462	REDUCE cov: 124 ft: 493 corp: 63/10216b lim: 333 exec/s: 0 rss: 29Mb L: 204/333 MS: 1 EraseBytes-
#2468	REDUCE cov: 124 ft: 493 corp: 63/10185b lim: 333 exec/s: 0 rss: 29Mb L: 187/333 MS: 1 EraseBytes-
#2635	REDUCE cov: 124 ft: 493 corp: 63/10184b lim: 333 exec/s: 0 rss: 29Mb L: 222/333 MS: 2 ShuffleBytes-EraseBytes-
#2656	REDUCE cov: 124 ft: 493 corp: 63/10168b lim: 333 exec/s: 0 rss: 29Mb L: 21/333 MS: 1 EraseBytes-
#2815	REDUCE cov: 124 ft: 494 corp: 64/10500b lim: 333 exec/s: 0 rss: 29Mb L: 332/333 MS: 4 CMP-ShuffleBytes-CMP-InsertRepeatedBytes- DE: "\000\000\000\010"-"avc1"-
#2819	REDUCE cov: 124 ft: 494 corp: 64/10498b lim: 333 exec/s: 0 rss: 29Mb L: 5/333 MS: 4 CrossOver-ShuffleBytes-ShuffleBytes-EraseBytes-
#2865	NEW    cov: 124 ft: 495 corp: 65/10718b lim: 333 exec/s: 0 rss: 29Mb L: 220/333 MS: 1 ChangeBit-
#3018	NEW    cov: 124 ft: 501 corp: 66/11048b lim: 333 exec/s: 0 rss: 29Mb L: 330/333 MS: 3 InsertRepeatedBytes-CopyPart-ChangeBit-
#3367	NEW    cov: 124 ft: 502 corp: 67/11060b lim: 333 exec/s: 0 rss: 29Mb L: 12/333 MS: 4 ShuffleBytes-EraseBytes-ChangeByte-EraseBytes-
#3406	REDUCE cov: 124 ft: 502 corp: 67/10978b lim: 333 exec/s: 0 rss: 29Mb L: 234/333 MS: 4 CopyPart-InsertRepeatedBytes-ShuffleBytes-EraseBytes-
#3536	REDUCE cov: 124 ft: 502 corp: 67/10976b lim: 333 exec/s: 0 rss: 29Mb L: 93/333 MS: 5 ShuffleBytes-CopyPart-ShuffleBytes-ShuffleBytes-EraseBytes-
#3564	REDUCE cov: 124 ft: 502 corp: 67/10973b lim: 333 exec/s: 0 rss: 29Mb L: 249/333 MS: 3 CopyPart-EraseBytes-CrossOver-
#3675	REDUCE cov: 124 ft: 502 corp: 67/10931b lim: 333 exec/s: 0 rss: 29Mb L: 145/333 MS: 1 EraseBytes-
#3678	REDUCE cov: 124 ft: 502 corp: 67/10927b lim: 333 exec/s: 0 rss: 29Mb L: 16/333 MS: 3 ChangeBit-ChangeBit-EraseBytes-
#3717	REDUCE cov: 124 ft: 502 corp: 67/10923b lim: 333 exec/s: 0 rss: 29Mb L: 34/333 MS: 4 ChangeByte-InsertByte-ShuffleBytes-EraseBytes-
#3760	REDUCE cov: 124 ft: 502 corp: 67/10904b lim: 333 exec/s: 0 rss: 29Mb L: 76/333 MS: 3 ChangeBit-ShuffleBytes-EraseBytes-
#3802	REDUCE cov: 124 ft: 502 corp: 67/10893b lim: 333 exec/s: 0 rss: 29Mb L: 55/333 MS: 2 ShuffleBytes-EraseBytes-
#3845	REDUCE cov: 124 ft: 502 corp: 67/10883b lim: 333 exec/s: 0 rss: 29Mb L: 201/333 MS: 3 EraseBytes-ChangeASCIIInt-CopyPart-
#3894	REDUCE cov: 124 ft: 502 corp: 67/10881b lim: 333 exec/s: 0 rss: 29Mb L: 3/333 MS: 4 ChangeBinInt-ShuffleBytes-ShuffleBytes-EraseBytes-
#3910	REDUCE cov: 124 ft: 502 corp: 67/10851b lim: 333 exec/s: 0 rss: 29Mb L: 219/333 MS: 1 EraseBytes-
#3945	REDUCE cov: 124 ft: 502 corp: 67/10840b lim: 333 exec/s: 0 rss: 29Mb L: 319/333 MS: 5 InsertByte-CrossOver-EraseBytes-InsertByte-InsertRepeatedBytes-
#3952	REDUCE cov: 124 ft: 502 corp: 67/10822b lim: 333 exec/s: 0 rss: 29Mb L: 30/333 MS: 2 ChangeBit-EraseBytes-
#4180	REDUCE cov: 124 ft: 502 corp: 67/10810b lim: 333 exec/s: 0 rss: 29Mb L: 281/333 MS: 3 CopyPart-CrossOver-EraseBytes-
#4335	REDUCE cov: 124 ft: 502 corp: 67/10809b lim: 333 exec/s: 0 rss: 29Mb L: 117/333 MS: 5 CopyPart-ChangeByte-CrossOver-InsertRepeatedBytes-CMP- DE: "\024\000\000\000"-
#4361	REDUCE cov: 124 ft: 526 corp: 68/11065b lim: 333 exec/s: 0 rss: 29Mb L: 256/333 MS: 1 CopyPart-
#4366	REDUCE cov: 124 ft: 526 corp: 68/11063b lim: 333 exec/s: 0 rss: 29Mb L: 122/333 MS: 5 ChangeByte-PersAutoDict-ChangeASCIIInt-PersAutoDict-EraseBytes- DE: "34pm"-"cdsc"-
#4409	REDUCE cov: 124 ft: 526 corp: 68/10976b lim: 333 exec/s: 0 rss: 29Mb L: 183/333 MS: 3 ChangeBinInt-CrossOver-EraseBytes-
#4561	REDUCE cov: 124 ft: 526 corp: 68/10845b lim: 333 exec/s: 0 rss: 29Mb L: 201/333 MS: 2 ChangeBit-EraseBytes-
#4836	REDUCE cov: 124 ft: 526 corp: 68/10836b lim: 333 exec/s: 0 rss: 29Mb L: 25/333 MS: 5 ChangeBit-CrossOver-ShuffleBytes-ChangeBit-EraseBytes-
#4903	NEW    cov: 124 ft: 527 corp: 69/11056b lim: 333 exec/s: 0 rss: 29Mb L: 220/333 MS: 2 CopyPart-CopyPart-
#4989	REDUCE cov: 124 ft: 527 corp: 69/11055b lim: 333 exec/s: 0 rss: 29Mb L: 2/333 MS: 1 EraseBytes-
#5100	REDUCE cov: 124 ft: 527 corp: 69/11052b lim: 333 exec/s: 0 rss: 29Mb L: 73/333 MS: 1 EraseBytes-
#5234	REDUCE cov: 124 ft: 527 corp: 69/11044b lim: 333 exec/s: 0 rss: 29Mb L: 212/333 MS: 4 ChangeBit-ChangeBinInt-ChangeByte-EraseBytes-
#5259	REDUCE cov: 124 ft: 527 corp: 69/11025b lim: 333 exec/s: 0 rss: 29Mb L: 304/333 MS: 5 InsertRepeatedBytes-EraseBytes-CopyPart-CopyPart-CrossOver-
#5286	REDUCE cov: 124 ft: 527 corp: 69/11003b lim: 333 exec/s: 0 rss: 29Mb L: 218/333 MS: 2 CrossOver-EraseBytes-
#5301	REDUCE cov: 124 ft: 527 corp: 69/11002b lim: 333 exec/s: 0 rss: 29Mb L: 24/333 MS: 5 EraseBytes-CopyPart-PersAutoDict-PersAutoDict-InsertByte- DE: "\204\015\001\244\010r\000\000"-"\000\000\000\010"-
#5412	REDUCE cov: 124 ft: 527 corp: 69/11000b lim: 333 exec/s: 0 rss: 29Mb L: 19/333 MS: 1 EraseBytes-
#5514	REDUCE cov: 124 ft: 527 corp: 69/10994b lim: 333 exec/s: 0 rss: 29Mb L: 24/333 MS: 2 InsertByte-EraseBytes-
#5641	REDUCE cov: 124 ft: 527 corp: 69/10993b lim: 333 exec/s: 0 rss: 29Mb L: 11/333 MS: 2 EraseBytes-CopyPart-
#5800	REDUCE cov: 124 ft: 527 corp: 69/10964b lim: 333 exec/s: 0 rss: 29Mb L: 275/333 MS: 4 ChangeBit-CMP-ShuffleBytes-CrossOver- DE: "hvc1"-
#5856	NEW    cov: 124 ft: 528 corp: 70/11184b lim: 333 exec/s: 0 rss: 29Mb L: 220/333 MS: 1 ChangeByte-
#5921	REDUCE cov: 124 ft: 528 corp: 70/11178b lim: 333 exec/s: 0 rss: 29Mb L: 76/333 MS: 5 PersAutoDict-ShuffleBytes-EraseBytes-ChangeASCIIInt-PersAutoDict- DE: "cdsc"-"34pm"-
#5948	REDUCE cov: 124 ft: 528 corp: 70/11138b lim: 333 exec/s: 0 rss: 29Mb L: 281/333 MS: 2 ChangeBit-EraseBytes-
#6491	REDUCE cov: 124 ft: 528 corp: 70/11113b lim: 333 exec/s: 6491 rss: 29Mb L: 48/333 MS: 1 CrossOver-
#6622	REDUCE cov: 124 ft: 528 corp: 70/11031b lim: 333 exec/s: 6622 rss: 29Mb L: 136/333 MS: 1 EraseBytes-
#6702	REDUCE cov: 124 ft: 529 corp: 71/11296b lim: 333 exec/s: 6702 rss: 29Mb L: 265/333 MS: 5 CopyPart-InsertByte-ChangeByte-InsertRepeatedBytes-CMP- DE: "\001\000\000\026"-
#7273	REDUCE cov: 124 ft: 529 corp: 71/11286b lim: 333 exec/s: 7273 rss: 29Mb L: 89/333 MS: 1 EraseBytes-
#7296	REDUCE cov: 124 ft: 529 corp: 71/11285b lim: 333 exec/s: 7296 rss: 29Mb L: 10/333 MS: 3 ChangeBinInt-CMP-EraseBytes- DE: "\000 "-
#8257	REDUCE cov: 124 ft: 529 corp: 71/11279b lim: 341 exec/s: 8257 rss: 29Mb L: 49/333 MS: 1 EraseBytes-
#8277	REDUCE cov: 124 ft: 529 corp: 71/11272b lim: 341 exec/s: 8277 rss: 29Mb L: 28/333 MS: 5 PersAutoDict-InsertByte-CopyPart-ChangeBit-EraseBytes- DE: "\000\000\000\010"-
#8314	REDUCE cov: 124 ft: 529 corp: 71/11270b lim: 341 exec/s: 8314 rss: 29Mb L: 17/333 MS: 2 InsertByte-EraseBytes-
#8587	REDUCE cov: 125 ft: 530 corp: 72/11489b lim: 341 exec/s: 8587 rss: 29Mb L: 219/333 MS: 3 PersAutoDict-ShuffleBytes-CMP- DE: "34pm"-"avc1"-
#8607	REDUCE cov: 125 ft: 530 corp: 72/11482b lim: 341 exec/s: 8607 rss: 29Mb L: 138/333 MS: 5 EraseBytes-ShuffleBytes-ChangeBit-PersAutoDict-PersAutoDict- DE: "\204\015\001\244\010r\000\000"-"\014\000\000\000\000\000\000\000"-
#8758	NEW    cov: 126 ft: 531 corp: 73/11706b lim: 341 exec/s: 8758 rss: 29Mb L: 224/333 MS: 1 CMP- DE: "frma"-
#8864	REDUCE cov: 126 ft: 531 corp: 73/11613b lim: 341 exec/s: 8864 rss: 29Mb L: 131/333 MS: 1 EraseBytes-
#9280	REDUCE cov: 126 ft: 531 corp: 73/11609b lim: 341 exec/s: 9280 rss: 29Mb L: 208/333 MS: 1 EraseBytes-
#9310	REDUCE cov: 126 ft: 531 corp: 73/11577b lim: 341 exec/s: 9310 rss: 29Mb L: 150/333 MS: 5 InsertRepeatedBytes-CopyPart-ChangeBit-CMP-EraseBytes- DE: "hvc1"-
#9561	REDUCE cov: 126 ft: 532 corp: 74/11841b lim: 341 exec/s: 9561 rss: 29Mb L: 264/333 MS: 1 EraseBytes-
#9630	REDUCE cov: 126 ft: 532 corp: 74/11838b lim: 341 exec/s: 9630 rss: 29Mb L: 301/333 MS: 4 ChangeBinInt-ShuffleBytes-InsertByte-EraseBytes-
#9812	REDUCE cov: 126 ft: 532 corp: 74/11833b lim: 341 exec/s: 9812 rss: 29Mb L: 97/333 MS: 2 EraseBytes-InsertByte-
#9843	REDUCE cov: 126 ft: 532 corp: 74/11825b lim: 341 exec/s: 9843 rss: 29Mb L: 13/333 MS: 1 EraseBytes-
#9877	REDUCE cov: 126 ft: 532 corp: 74/11817b lim: 341 exec/s: 9877 rss: 29Mb L: 16/333 MS: 4 ChangeBit-InsertByte-ChangeASCIIInt-EraseBytes-
#10143	REDUCE cov: 126 ft: 532 corp: 74/11816b lim: 341 exec/s: 10143 rss: 29Mb L: 1/333 MS: 1 EraseBytes-
#10159	REDUCE cov: 126 ft: 532 corp: 74/11792b lim: 341 exec/s: 10159 rss: 29Mb L: 107/333 MS: 1 EraseBytes-
#10164	REDUCE cov: 126 ft: 532 corp: 74/11774b lim: 341 exec/s: 10164 rss: 29Mb L: 120/333 MS: 5 PersAutoDict-ShuffleBytes-PersAutoDict-ChangeASCIIInt-EraseBytes- DE: "tt V"-"34pm"-
#10752	REDUCE cov: 126 ft: 532 corp: 74/11730b lim: 341 exec/s: 10752 rss: 29Mb L: 63/333 MS: 3 ChangeByte-ChangeByte-EraseBytes-
#10755	REDUCE cov: 126 ft: 532 corp: 74/11725b lim: 341 exec/s: 10755 rss: 29Mb L: 145/333 MS: 3 ShuffleBytes-InsertRepeatedBytes-EraseBytes-
#10857	REDUCE cov: 126 ft: 532 corp: 74/11710b lim: 341 exec/s: 10857 rss: 29Mb L: 105/333 MS: 2 EraseBytes-InsertByte-
#10919	REDUCE cov: 126 ft: 532 corp: 74/11699b lim: 341 exec/s: 10919 rss: 29Mb L: 270/333 MS: 2 EraseBytes-CrossOver-
#11105	REDUCE cov: 126 ft: 532 corp: 74/11678b lim: 341 exec/s: 11105 rss: 29Mb L: 27/333 MS: 1 EraseBytes-
#11916	REDUCE cov: 126 ft: 532 corp: 74/11638b lim: 349 exec/s: 11916 rss: 29Mb L: 180/333 MS: 1 EraseBytes-
#11958	REDUCE cov: 126 ft: 532 corp: 74/11601b lim: 349 exec/s: 11958 rss: 29Mb L: 244/333 MS: 2 InsertByte-CrossOver-
#11989	NEW    cov: 126 ft: 533 corp: 75/11821b lim: 349 exec/s: 11989 rss: 29Mb L: 220/333 MS: 1 ShuffleBytes-
#12161	REDUCE cov: 126 ft: 533 corp: 75/11819b lim: 349 exec/s: 12161 rss: 29Mb L: 290/333 MS: 2 CopyPart-CrossOver-
#12239	REDUCE cov: 126 ft: 533 corp: 75/11801b lim: 349 exec/s: 12239 rss: 29Mb L: 99/333 MS: 3 CopyPart-CMP-EraseBytes- DE: "avc1"-
#12242	REDUCE cov: 126 ft: 534 corp: 76/11997b lim: 349 exec/s: 12242 rss: 29Mb L: 196/333 MS: 3 PersAutoDict-PersAutoDict-PersAutoDict- DE: "hvc1"-"\000\000\\}\177)\210\240"-"\001\000\000\000\000\000\000\325"-
#12293	NEW    cov: 126 ft: 535 corp: 77/12302b lim: 349 exec/s: 12293 rss: 29Mb L: 305/333 MS: 1 InsertRepeatedBytes-
#12855	REDUCE cov: 126 ft: 535 corp: 77/12300b lim: 349 exec/s: 12855 rss: 30Mb L: 15/333 MS: 2 ChangeBinInt-EraseBytes-
#12870	REDUCE cov: 126 ft: 535 corp: 77/12297b lim: 349 exec/s: 12870 rss: 30Mb L: 13/333 MS: 5 CrossOver-CopyPart-PersAutoDict-InsertByte-EraseBytes- DE: "\204\015\001\244\010r\000\000"-
#13190	REDUCE cov: 126 ft: 535 corp: 77/12296b lim: 349 exec/s: 6595 rss: 30Mb L: 300/333 MS: 5 ShuffleBytes-InsertRepeatedBytes-EraseBytes-ChangeByte-InsertRepeatedBytes-
#13262	REDUCE cov: 126 ft: 535 corp: 77/12292b lim: 349 exec/s: 6631 rss: 30Mb L: 9/333 MS: 2 EraseBytes-InsertByte-
#13526	REDUCE cov: 126 ft: 535 corp: 77/12280b lim: 349 exec/s: 6763 rss: 30Mb L: 251/333 MS: 4 CrossOver-ShuffleBytes-ChangeBinInt-EraseBytes-
#13997	REDUCE cov: 126 ft: 535 corp: 77/12272b lim: 349 exec/s: 6998 rss: 30Mb L: 47/333 MS: 1 EraseBytes-
#14124	REDUCE cov: 126 ft: 536 corp: 78/12591b lim: 349 exec/s: 7062 rss: 30Mb L: 319/333 MS: 2 ChangeBinInt-PersAutoDict- DE: "avc1"-
#14330	NEW    cov: 126 ft: 537 corp: 79/12912b lim: 349 exec/s: 7165 rss: 30Mb L: 321/333 MS: 1 CopyPart-
#14452	REDUCE cov: 126 ft: 537 corp: 79/12909b lim: 349 exec/s: 7226 rss: 30Mb L: 248/333 MS: 2 ChangeBinInt-EraseBytes-
#14702	REDUCE cov: 126 ft: 537 corp: 79/12907b lim: 349 exec/s: 7351 rss: 30Mb L: 87/333 MS: 5 PersAutoDict-ChangeByte-ShuffleBytes-ChangeByte-EraseBytes- DE: "cdsc"-
#14828	REDUCE cov: 126 ft: 537 corp: 79/12890b lim: 349 exec/s: 7414 rss: 30Mb L: 203/333 MS: 1 EraseBytes-
==627046== ERROR: libFuzzer: out-of-memory (used: 1036Mb; limit: 1024Mb)
   To change the out-of-memory limit use -rss_limit_mb=<N>

MS: 3 ChangeBinInt-CMP-CrossOver- DE: "\005\000\000\000"-; base unit: 9e8c379202e6f136ec7147c7c0299ae64c4ee71b
artifact_prefix='/results/crashes/20260313_173932_23e88535_'; Test unit written to /results/crashes/20260313_173932_23e88535_oom-939435109d3069bdab0c5917582475a1efc422d0
SUMMARY: libFuzzer: out-of-memory
stat::number_of_executed_units: 15551
stat::average_exec_per_sec:     5183
stat::new_units_added:          178
stat::slowest_unit_time_sec:    0
stat::peak_rss_mb:              1037
