INFO: Running with entropic power schedule (0xFF, 100).
INFO: Seed: 282468067
INFO: Loaded 1 modules   (252 inline 8-bit counters): 252 [0x5b92b6534678, 0x5b92b6534774), 
INFO: Loaded 1 PC tables (252 PCs): 252 [0x5b92b6534778,0x5b92b6535738), 
INFO:        4 files found in /tmp/corpus_20260313_192326_4f1736ee
INFO: seed corpus: files: 4 min: 48b max: 333b total: 853b rss: 27Mb
#5	INITED cov: 118 ft: 251 corp: 4/853b exec/s: 0 rss: 29Mb
#13	NEW    cov: 118 ft: 265 corp: 5/1054b lim: 333 exec/s: 0 rss: 29Mb L: 201/333 MS: 3 InsertByte-EraseBytes-CMP- DE: "\377\377\377\377\377\377\377\004"-
#14	NEW    cov: 118 ft: 270 corp: 6/1102b lim: 333 exec/s: 0 rss: 29Mb L: 48/333 MS: 1 ChangeBit-
#24	NEW    cov: 118 ft: 277 corp: 7/1330b lim: 333 exec/s: 0 rss: 29Mb L: 228/333 MS: 5 ChangeBit-CopyPart-ShuffleBytes-ChangeBit-EraseBytes-
#32	NEW    cov: 119 ft: 282 corp: 8/1614b lim: 333 exec/s: 0 rss: 29Mb L: 284/333 MS: 3 InsertRepeatedBytes-CopyPart-CrossOver-
#36	NEW    cov: 119 ft: 314 corp: 9/1947b lim: 333 exec/s: 0 rss: 29Mb L: 333/333 MS: 4 ChangeBit-ChangeBit-CMP-ChangeBinInt- DE: ".\000\000\000"-
#38	NEW    cov: 120 ft: 326 corp: 10/2130b lim: 333 exec/s: 0 rss: 29Mb L: 183/333 MS: 2 ChangeByte-EraseBytes-
#39	NEW    cov: 120 ft: 362 corp: 11/2161b lim: 333 exec/s: 0 rss: 29Mb L: 31/333 MS: 1 EraseBytes-
#40	NEW    cov: 120 ft: 366 corp: 12/2314b lim: 333 exec/s: 0 rss: 29Mb L: 153/333 MS: 1 EraseBytes-
#50	NEW    cov: 120 ft: 368 corp: 13/2516b lim: 333 exec/s: 0 rss: 29Mb L: 202/333 MS: 5 ChangeBinInt-InsertByte-ShuffleBytes-ChangeByte-ChangeBit-
#52	NEW    cov: 120 ft: 369 corp: 14/2717b lim: 333 exec/s: 0 rss: 29Mb L: 201/333 MS: 2 PersAutoDict-CrossOver- DE: ".\000\000\000"-
#53	REDUCE cov: 120 ft: 369 corp: 14/2670b lim: 333 exec/s: 0 rss: 29Mb L: 286/333 MS: 1 EraseBytes-
#54	REDUCE cov: 120 ft: 369 corp: 14/2599b lim: 333 exec/s: 0 rss: 29Mb L: 215/333 MS: 1 EraseBytes-
#55	NEW    cov: 120 ft: 370 corp: 15/2892b lim: 333 exec/s: 0 rss: 29Mb L: 293/333 MS: 1 CopyPart-
#61	REDUCE cov: 120 ft: 370 corp: 15/2886b lim: 333 exec/s: 0 rss: 29Mb L: 25/333 MS: 1 EraseBytes-
#65	NEW    cov: 120 ft: 375 corp: 16/3075b lim: 333 exec/s: 0 rss: 29Mb L: 189/333 MS: 4 PersAutoDict-CopyPart-CMP-CrossOver- DE: "\377\377\377\377\377\377\377\004"-"avcC"-
#67	NEW    cov: 120 ft: 376 corp: 17/3214b lim: 333 exec/s: 0 rss: 29Mb L: 139/333 MS: 2 ChangeBit-InsertRepeatedBytes-
#68	REDUCE cov: 120 ft: 378 corp: 18/3239b lim: 333 exec/s: 0 rss: 29Mb L: 25/333 MS: 1 ChangeByte-
#69	NEW    cov: 120 ft: 381 corp: 19/3563b lim: 333 exec/s: 0 rss: 29Mb L: 324/333 MS: 1 InsertRepeatedBytes-
#79	NEW    cov: 120 ft: 382 corp: 20/3600b lim: 333 exec/s: 0 rss: 29Mb L: 37/333 MS: 5 CMP-ChangeBit-CrossOver-CrossOver-CopyPart- DE: "stsd"-
#83	NEW    cov: 120 ft: 383 corp: 21/3933b lim: 333 exec/s: 0 rss: 29Mb L: 333/333 MS: 4 ChangeBit-ChangeBinInt-ChangeByte-InsertRepeatedBytes-
#93	NEW    cov: 120 ft: 384 corp: 22/4156b lim: 333 exec/s: 0 rss: 29Mb L: 223/333 MS: 5 CopyPart-CopyPart-ChangeByte-ChangeBinInt-EraseBytes-
#109	NEW    cov: 121 ft: 387 corp: 23/4489b lim: 333 exec/s: 0 rss: 29Mb L: 333/333 MS: 1 CopyPart-
#115	NEW    cov: 121 ft: 388 corp: 24/4712b lim: 333 exec/s: 0 rss: 29Mb L: 223/333 MS: 1 ChangeByte-
#116	NEW    cov: 121 ft: 393 corp: 25/4978b lim: 333 exec/s: 0 rss: 29Mb L: 266/333 MS: 1 InsertRepeatedBytes-
#120	NEW    cov: 121 ft: 401 corp: 26/5105b lim: 333 exec/s: 0 rss: 29Mb L: 127/333 MS: 4 CrossOver-ShuffleBytes-ShuffleBytes-EraseBytes-
#133	REDUCE cov: 121 ft: 402 corp: 27/5390b lim: 333 exec/s: 0 rss: 29Mb L: 285/333 MS: 3 ChangeByte-ChangeBinInt-CopyPart-
#134	REDUCE cov: 121 ft: 402 corp: 27/5369b lim: 333 exec/s: 0 rss: 29Mb L: 194/333 MS: 1 EraseBytes-
#152	NEW    cov: 121 ft: 403 corp: 28/5552b lim: 333 exec/s: 0 rss: 29Mb L: 183/333 MS: 3 InsertRepeatedBytes-CrossOver-CrossOver-
#157	NEW    cov: 121 ft: 404 corp: 29/5784b lim: 333 exec/s: 0 rss: 29Mb L: 232/333 MS: 5 InsertRepeatedBytes-ChangeBit-ShuffleBytes-EraseBytes-CrossOver-
#170	REDUCE cov: 121 ft: 404 corp: 29/5774b lim: 333 exec/s: 0 rss: 29Mb L: 179/333 MS: 3 InsertRepeatedBytes-CrossOver-EraseBytes-
#173	REDUCE cov: 121 ft: 404 corp: 29/5705b lim: 333 exec/s: 0 rss: 29Mb L: 84/333 MS: 3 ChangeBit-InsertByte-EraseBytes-
#175	REDUCE cov: 121 ft: 411 corp: 30/5789b lim: 333 exec/s: 0 rss: 29Mb L: 84/333 MS: 2 ChangeByte-CMP- DE: "\001\000[\222\276u$\260"-
#199	NEW    cov: 121 ft: 412 corp: 31/6100b lim: 333 exec/s: 0 rss: 29Mb L: 311/333 MS: 4 InsertByte-EraseBytes-ShuffleBytes-CopyPart-
#216	REDUCE cov: 121 ft: 412 corp: 31/6099b lim: 333 exec/s: 0 rss: 29Mb L: 292/333 MS: 2 CrossOver-EraseBytes-
#218	NEW    cov: 121 ft: 413 corp: 32/6355b lim: 333 exec/s: 0 rss: 29Mb L: 256/333 MS: 2 ShuffleBytes-PersAutoDict- DE: "avcC"-
#229	REDUCE cov: 121 ft: 414 corp: 33/6440b lim: 333 exec/s: 0 rss: 29Mb L: 85/333 MS: 1 InsertByte-
#230	NEW    cov: 121 ft: 417 corp: 34/6489b lim: 333 exec/s: 0 rss: 29Mb L: 49/333 MS: 1 InsertByte-
#241	REDUCE cov: 121 ft: 418 corp: 35/6574b lim: 333 exec/s: 0 rss: 29Mb L: 85/333 MS: 1 CrossOver-
#247	REDUCE cov: 121 ft: 418 corp: 35/6566b lim: 333 exec/s: 0 rss: 29Mb L: 77/333 MS: 1 EraseBytes-
#292	REDUCE cov: 121 ft: 427 corp: 36/6585b lim: 333 exec/s: 0 rss: 29Mb L: 19/333 MS: 5 ChangeByte-PersAutoDict-CMP-CopyPart-CrossOver- DE: "\001\000[\222\276u$\260"-"\001\000\000%"-
#305	NEW    cov: 121 ft: 428 corp: 37/6681b lim: 333 exec/s: 0 rss: 29Mb L: 96/333 MS: 3 ShuffleBytes-PersAutoDict-InsertRepeatedBytes- DE: ".\000\000\000"-
#332	NEW    cov: 121 ft: 429 corp: 38/6729b lim: 333 exec/s: 0 rss: 29Mb L: 48/333 MS: 2 ChangeBit-ShuffleBytes-
#348	REDUCE cov: 121 ft: 430 corp: 39/7034b lim: 333 exec/s: 0 rss: 29Mb L: 305/333 MS: 1 CopyPart-
#355	NEW    cov: 122 ft: 431 corp: 40/7358b lim: 333 exec/s: 0 rss: 29Mb L: 324/333 MS: 2 CopyPart-CopyPart-
#378	NEW    cov: 122 ft: 432 corp: 41/7677b lim: 333 exec/s: 0 rss: 29Mb L: 319/333 MS: 3 CopyPart-ChangeASCIIInt-CMP- DE: "\003\000\000\000\000\000\000\000"-
#404	NEW    cov: 122 ft: 433 corp: 42/8010b lim: 333 exec/s: 0 rss: 29Mb L: 333/333 MS: 1 CopyPart-
#417	REDUCE cov: 122 ft: 433 corp: 42/7973b lim: 333 exec/s: 0 rss: 29Mb L: 90/333 MS: 3 CopyPart-ChangeByte-EraseBytes-
#426	REDUCE cov: 122 ft: 433 corp: 42/7958b lim: 333 exec/s: 0 rss: 29Mb L: 164/333 MS: 4 CopyPart-ChangeByte-CrossOver-EraseBytes-
#438	REDUCE cov: 122 ft: 433 corp: 42/7955b lim: 333 exec/s: 0 rss: 29Mb L: 136/333 MS: 2 InsertByte-EraseBytes-
#482	NEW    cov: 122 ft: 434 corp: 43/8020b lim: 333 exec/s: 0 rss: 29Mb L: 65/333 MS: 4 EraseBytes-InsertByte-CopyPart-EraseBytes-
#513	NEW    cov: 122 ft: 435 corp: 44/8041b lim: 333 exec/s: 0 rss: 29Mb L: 21/333 MS: 1 CrossOver-
#514	NEW    cov: 122 ft: 442 corp: 45/8373b lim: 333 exec/s: 0 rss: 29Mb L: 332/333 MS: 1 InsertRepeatedBytes-
#528	REDUCE cov: 122 ft: 451 corp: 46/8589b lim: 333 exec/s: 0 rss: 29Mb L: 216/333 MS: 4 InsertByte-CrossOver-ChangeBit-CopyPart-
#529	REDUCE cov: 122 ft: 452 corp: 47/8682b lim: 333 exec/s: 0 rss: 29Mb L: 93/333 MS: 1 InsertRepeatedBytes-
#562	REDUCE cov: 122 ft: 452 corp: 47/8681b lim: 333 exec/s: 0 rss: 29Mb L: 24/333 MS: 3 ChangeBit-CrossOver-EraseBytes-
#597	REDUCE cov: 122 ft: 452 corp: 47/8677b lim: 333 exec/s: 0 rss: 29Mb L: 89/333 MS: 5 ChangeBinInt-EraseBytes-EraseBytes-ChangeBit-InsertRepeatedBytes-
#738	REDUCE cov: 122 ft: 455 corp: 48/8702b lim: 333 exec/s: 0 rss: 29Mb L: 25/333 MS: 1 CopyPart-
#741	NEW    cov: 122 ft: 461 corp: 49/9011b lim: 333 exec/s: 0 rss: 29Mb L: 309/333 MS: 3 ChangeBit-PersAutoDict-CopyPart- DE: "stsd"-
#784	REDUCE cov: 122 ft: 461 corp: 49/8982b lim: 333 exec/s: 0 rss: 29Mb L: 36/333 MS: 3 CopyPart-EraseBytes-ChangeBit-
#887	REDUCE cov: 122 ft: 461 corp: 49/8978b lim: 333 exec/s: 0 rss: 29Mb L: 81/333 MS: 3 CMP-CopyPart-EraseBytes- DE: "\377\377"-
#898	NEW    cov: 122 ft: 462 corp: 50/9297b lim: 333 exec/s: 0 rss: 29Mb L: 319/333 MS: 1 CMP- DE: "\377\021"-
#941	NEW    cov: 122 ft: 463 corp: 51/9618b lim: 333 exec/s: 0 rss: 29Mb L: 321/333 MS: 3 CrossOver-CrossOver-InsertRepeatedBytes-
#1097	NEW    cov: 122 ft: 473 corp: 52/9633b lim: 333 exec/s: 0 rss: 29Mb L: 15/333 MS: 1 CrossOver-
#1123	NEW    cov: 123 ft: 481 corp: 53/9853b lim: 333 exec/s: 0 rss: 29Mb L: 220/333 MS: 1 PersAutoDict- DE: "stsd"-
#1249	REDUCE cov: 123 ft: 481 corp: 53/9835b lim: 333 exec/s: 0 rss: 29Mb L: 59/333 MS: 1 CrossOver-
#1286	NEW    cov: 123 ft: 482 corp: 54/10055b lim: 333 exec/s: 0 rss: 29Mb L: 220/333 MS: 2 CMP-ChangeBit- DE: "hvcC"-
#1352	REDUCE cov: 123 ft: 482 corp: 54/10052b lim: 333 exec/s: 0 rss: 29Mb L: 34/333 MS: 1 EraseBytes-
#1410	REDUCE cov: 123 ft: 482 corp: 54/10027b lim: 333 exec/s: 0 rss: 29Mb L: 267/333 MS: 3 InsertRepeatedBytes-EraseBytes-CrossOver-
#1411	NEW    cov: 123 ft: 483 corp: 55/10040b lim: 333 exec/s: 0 rss: 29Mb L: 13/333 MS: 1 EraseBytes-
#1527	REDUCE cov: 123 ft: 483 corp: 55/10036b lim: 333 exec/s: 0 rss: 29Mb L: 17/333 MS: 1 EraseBytes-
#1541	NEW    cov: 123 ft: 491 corp: 56/10353b lim: 333 exec/s: 0 rss: 29Mb L: 317/333 MS: 4 InsertRepeatedBytes-CopyPart-CrossOver-InsertRepeatedBytes-
#1620	NEW    cov: 124 ft: 492 corp: 57/10360b lim: 333 exec/s: 0 rss: 29Mb L: 7/333 MS: 4 ChangeByte-ShuffleBytes-CMP-EraseBytes- DE: "\033\000"-
#1707	REDUCE cov: 124 ft: 492 corp: 57/10350b lim: 333 exec/s: 0 rss: 29Mb L: 74/333 MS: 2 CMP-EraseBytes- DE: "stts"-
#1839	REDUCE cov: 124 ft: 492 corp: 57/10345b lim: 333 exec/s: 0 rss: 29Mb L: 91/333 MS: 2 ChangeBit-EraseBytes-
#1906	REDUCE cov: 124 ft: 492 corp: 57/10342b lim: 333 exec/s: 0 rss: 29Mb L: 4/333 MS: 2 ChangeBit-EraseBytes-
#1927	REDUCE cov: 124 ft: 492 corp: 57/10324b lim: 333 exec/s: 0 rss: 29Mb L: 146/333 MS: 1 EraseBytes-
#2030	REDUCE cov: 124 ft: 492 corp: 57/10260b lim: 333 exec/s: 0 rss: 29Mb L: 255/333 MS: 3 ChangeByte-EraseBytes-CrossOver-
#2077	NEW    cov: 124 ft: 493 corp: 58/10570b lim: 333 exec/s: 0 rss: 29Mb L: 310/333 MS: 2 ChangeByte-InsertRepeatedBytes-
#2194	REDUCE cov: 124 ft: 493 corp: 58/10410b lim: 333 exec/s: 0 rss: 29Mb L: 164/333 MS: 2 ChangeByte-EraseBytes-
#2315	REDUCE cov: 124 ft: 493 corp: 58/10406b lim: 333 exec/s: 0 rss: 29Mb L: 9/333 MS: 1 EraseBytes-
#2336	REDUCE cov: 124 ft: 493 corp: 58/10395b lim: 333 exec/s: 0 rss: 29Mb L: 321/333 MS: 1 EraseBytes-
#2382	REDUCE cov: 124 ft: 493 corp: 58/10393b lim: 333 exec/s: 0 rss: 29Mb L: 2/333 MS: 1 EraseBytes-
#2406	REDUCE cov: 124 ft: 493 corp: 58/10346b lim: 333 exec/s: 0 rss: 29Mb L: 147/333 MS: 4 CrossOver-InsertRepeatedBytes-ShuffleBytes-EraseBytes-
#2486	NEW    cov: 124 ft: 494 corp: 59/10613b lim: 333 exec/s: 0 rss: 29Mb L: 267/333 MS: 5 ShuffleBytes-InsertRepeatedBytes-ChangeByte-PersAutoDict-ChangeBit- DE: "\377\021"-
#2545	REDUCE cov: 124 ft: 494 corp: 59/10578b lim: 333 exec/s: 0 rss: 29Mb L: 270/333 MS: 4 EraseBytes-ChangeBit-ChangeBinInt-CrossOver-
#2689	REDUCE cov: 124 ft: 494 corp: 59/10565b lim: 333 exec/s: 0 rss: 29Mb L: 36/333 MS: 4 ChangeByte-EraseBytes-EraseBytes-ChangeBinInt-
#2700	REDUCE cov: 124 ft: 494 corp: 59/10557b lim: 333 exec/s: 0 rss: 29Mb L: 26/333 MS: 1 EraseBytes-
#2758	REDUCE cov: 124 ft: 494 corp: 59/10549b lim: 333 exec/s: 0 rss: 29Mb L: 40/333 MS: 3 CMP-ChangeBinInt-EraseBytes- DE: "\377\377\377\037"-
#2790	REDUCE cov: 124 ft: 494 corp: 59/10548b lim: 333 exec/s: 0 rss: 29Mb L: 146/333 MS: 2 ChangeBinInt-CrossOver-
#2816	REDUCE cov: 124 ft: 494 corp: 59/10541b lim: 333 exec/s: 0 rss: 29Mb L: 41/333 MS: 1 EraseBytes-
#2852	REDUCE cov: 124 ft: 501 corp: 60/10563b lim: 333 exec/s: 0 rss: 29Mb L: 22/333 MS: 1 EraseBytes-
#2859	REDUCE cov: 124 ft: 502 corp: 61/10822b lim: 333 exec/s: 0 rss: 29Mb L: 259/333 MS: 2 CMP-CMP- DE: "\377\377|\326\354\003\027S"-"schm"-
#2883	REDUCE cov: 124 ft: 502 corp: 61/10734b lim: 333 exec/s: 0 rss: 29Mb L: 135/333 MS: 4 ChangeBit-ChangeASCIIInt-EraseBytes-PersAutoDict- DE: "\001\000\000%"-
#2969	NEW    cov: 124 ft: 503 corp: 62/10954b lim: 333 exec/s: 0 rss: 29Mb L: 220/333 MS: 1 CMP- DE: "\377\377\377\037"-
#3016	REDUCE cov: 124 ft: 503 corp: 62/10953b lim: 333 exec/s: 0 rss: 29Mb L: 14/333 MS: 2 CMP-EraseBytes- DE: "\016'\003\354\326}\000\000"-
#3089	REDUCE cov: 124 ft: 503 corp: 62/10942b lim: 333 exec/s: 0 rss: 29Mb L: 14/333 MS: 3 EraseBytes-ChangeBit-PersAutoDict- DE: "\377\377\377\377\377\377\377\004"-
#3097	REDUCE cov: 124 ft: 503 corp: 62/10938b lim: 333 exec/s: 0 rss: 29Mb L: 219/333 MS: 3 ShuffleBytes-InsertRepeatedBytes-EraseBytes-
#3104	REDUCE cov: 124 ft: 503 corp: 62/10934b lim: 333 exec/s: 0 rss: 29Mb L: 10/333 MS: 2 PersAutoDict-EraseBytes- DE: "\033\000"-
#3231	REDUCE cov: 124 ft: 503 corp: 62/10933b lim: 333 exec/s: 0 rss: 29Mb L: 1/333 MS: 2 PersAutoDict-EraseBytes- DE: "\377\377"-
#3345	REDUCE cov: 124 ft: 503 corp: 62/10924b lim: 333 exec/s: 0 rss: 29Mb L: 137/333 MS: 4 ChangeBinInt-InsertByte-CrossOver-EraseBytes-
#3351	REDUCE cov: 124 ft: 503 corp: 62/10895b lim: 333 exec/s: 0 rss: 29Mb L: 292/333 MS: 1 EraseBytes-
#3364	REDUCE cov: 124 ft: 504 corp: 63/10906b lim: 333 exec/s: 0 rss: 29Mb L: 11/333 MS: 3 EraseBytes-ChangeBit-EraseBytes-
#3381	REDUCE cov: 124 ft: 504 corp: 63/10905b lim: 333 exec/s: 0 rss: 29Mb L: 10/333 MS: 2 ChangeBit-EraseBytes-
#3582	NEW    cov: 124 ft: 511 corp: 64/11215b lim: 333 exec/s: 0 rss: 29Mb L: 310/333 MS: 1 CMP- DE: "strk"-
#3623	REDUCE cov: 124 ft: 511 corp: 64/11214b lim: 333 exec/s: 0 rss: 29Mb L: 9/333 MS: 1 EraseBytes-
#3701	REDUCE cov: 124 ft: 511 corp: 64/11190b lim: 333 exec/s: 0 rss: 29Mb L: 159/333 MS: 3 PersAutoDict-ChangeBit-EraseBytes- DE: "stts"-
#3780	REDUCE cov: 124 ft: 511 corp: 64/11189b lim: 333 exec/s: 0 rss: 29Mb L: 35/333 MS: 4 InsertByte-ShuffleBytes-ChangeBinInt-EraseBytes-
#4052	REDUCE cov: 124 ft: 511 corp: 64/11164b lim: 333 exec/s: 0 rss: 29Mb L: 112/333 MS: 2 InsertRepeatedBytes-EraseBytes-
#4059	REDUCE cov: 124 ft: 511 corp: 64/11088b lim: 333 exec/s: 0 rss: 29Mb L: 83/333 MS: 2 InsertByte-EraseBytes-
#4156	REDUCE cov: 124 ft: 511 corp: 64/11042b lim: 333 exec/s: 0 rss: 29Mb L: 206/333 MS: 2 ChangeBit-EraseBytes-
#4225	REDUCE cov: 124 ft: 511 corp: 64/11002b lim: 333 exec/s: 0 rss: 29Mb L: 124/333 MS: 4 EraseBytes-CMP-CMP-EraseBytes- DE: "\000\000[\222\276tA\000"-"\265\000\000\000"-
#4265	REDUCE cov: 124 ft: 511 corp: 64/10980b lim: 333 exec/s: 0 rss: 29Mb L: 90/333 MS: 5 ShuffleBytes-ChangeBinInt-ChangeASCIIInt-InsertRepeatedBytes-EraseBytes-
#4268	REDUCE cov: 124 ft: 511 corp: 64/10964b lim: 333 exec/s: 0 rss: 29Mb L: 20/333 MS: 3 ChangeBit-ChangeBit-EraseBytes-
#4274	REDUCE cov: 124 ft: 511 corp: 64/10900b lim: 333 exec/s: 0 rss: 29Mb L: 221/333 MS: 1 EraseBytes-
#4285	REDUCE cov: 124 ft: 511 corp: 64/10890b lim: 333 exec/s: 0 rss: 29Mb L: 12/333 MS: 1 EraseBytes-
#4325	REDUCE cov: 124 ft: 511 corp: 64/10887b lim: 333 exec/s: 0 rss: 29Mb L: 16/333 MS: 5 CMP-CopyPart-ShuffleBytes-InsertByte-EraseBytes- DE: "\036\000"-
#4326	REDUCE cov: 124 ft: 511 corp: 64/10879b lim: 333 exec/s: 0 rss: 29Mb L: 75/333 MS: 1 EraseBytes-
#4337	NEW    cov: 125 ft: 512 corp: 65/11212b lim: 333 exec/s: 0 rss: 29Mb L: 333/333 MS: 1 ChangeBinInt-
#4468	NEW    cov: 125 ft: 518 corp: 66/11477b lim: 333 exec/s: 0 rss: 29Mb L: 265/333 MS: 1 InsertRepeatedBytes-
#4638	REDUCE cov: 125 ft: 518 corp: 66/11427b lim: 333 exec/s: 0 rss: 29Mb L: 283/333 MS: 5 ChangeBit-CopyPart-ChangeBinInt-ChangeASCIIInt-CrossOver-
#4640	REDUCE cov: 125 ft: 518 corp: 66/11399b lim: 333 exec/s: 0 rss: 29Mb L: 282/333 MS: 2 ChangeBinInt-EraseBytes-
#4802	REDUCE cov: 125 ft: 518 corp: 66/11360b lim: 333 exec/s: 0 rss: 29Mb L: 51/333 MS: 2 ChangeByte-EraseBytes-
#4848	REDUCE cov: 125 ft: 518 corp: 66/11355b lim: 333 exec/s: 0 rss: 29Mb L: 9/333 MS: 1 EraseBytes-
#4900	REDUCE cov: 125 ft: 518 corp: 66/11352b lim: 333 exec/s: 0 rss: 29Mb L: 87/333 MS: 2 ShuffleBytes-EraseBytes-
#4901	REDUCE cov: 125 ft: 518 corp: 66/11341b lim: 333 exec/s: 0 rss: 29Mb L: 76/333 MS: 1 EraseBytes-
#5119	REDUCE cov: 125 ft: 518 corp: 66/11269b lim: 333 exec/s: 5119 rss: 29Mb L: 261/333 MS: 2 ChangeBinInt-CrossOver-
#5290	REDUCE cov: 125 ft: 518 corp: 66/11173b lim: 333 exec/s: 5290 rss: 29Mb L: 120/333 MS: 1 EraseBytes-
#5332	NEW    cov: 126 ft: 519 corp: 67/11501b lim: 333 exec/s: 5332 rss: 29Mb L: 328/333 MS: 2 InsertRepeatedBytes-CrossOver-
#5345	REDUCE cov: 126 ft: 519 corp: 67/11475b lim: 333 exec/s: 5345 rss: 29Mb L: 195/333 MS: 3 PersAutoDict-PersAutoDict-EraseBytes- DE: "stts"-"schm"-
#5407	REDUCE cov: 126 ft: 519 corp: 67/11378b lim: 333 exec/s: 5407 rss: 29Mb L: 164/333 MS: 2 EraseBytes-EraseBytes-
#5433	REDUCE cov: 126 ft: 519 corp: 67/11377b lim: 333 exec/s: 5433 rss: 29Mb L: 83/333 MS: 1 EraseBytes-
#5614	REDUCE cov: 126 ft: 519 corp: 67/11375b lim: 333 exec/s: 5614 rss: 29Mb L: 74/333 MS: 1 EraseBytes-
#5731	REDUCE cov: 126 ft: 519 corp: 67/11372b lim: 333 exec/s: 5731 rss: 29Mb L: 281/333 MS: 2 PersAutoDict-EraseBytes- DE: "\377\021"-
#5910	NEW    cov: 126 ft: 520 corp: 68/11632b lim: 333 exec/s: 5910 rss: 29Mb L: 260/333 MS: 4 ChangeBit-ChangeBit-PersAutoDict-InsertRepeatedBytes- DE: "stts"-
#6248	REDUCE cov: 126 ft: 520 corp: 68/11627b lim: 333 exec/s: 6248 rss: 29Mb L: 196/333 MS: 3 ChangeBinInt-CrossOver-EraseBytes-
#6713	REDUCE cov: 126 ft: 520 corp: 68/11626b lim: 333 exec/s: 6713 rss: 29Mb L: 11/333 MS: 5 ChangeByte-CopyPart-PersAutoDict-ChangeByte-EraseBytes- DE: "schm"-
#6964	REDUCE cov: 126 ft: 520 corp: 68/11604b lim: 333 exec/s: 6964 rss: 29Mb L: 174/333 MS: 1 EraseBytes-
#7019	REDUCE cov: 126 ft: 520 corp: 68/11602b lim: 333 exec/s: 7019 rss: 29Mb L: 89/333 MS: 5 ShuffleBytes-ChangeByte-InsertRepeatedBytes-PersAutoDict-EraseBytes- DE: "\016'\003\354\326}\000\000"-
#7117	REDUCE cov: 126 ft: 520 corp: 68/11563b lim: 333 exec/s: 7117 rss: 29Mb L: 96/333 MS: 3 InsertByte-CMP-EraseBytes- DE: "\377\007"-
#7185	REDUCE cov: 126 ft: 520 corp: 68/11562b lim: 333 exec/s: 7185 rss: 29Mb L: 316/333 MS: 3 PersAutoDict-CopyPart-EraseBytes- DE: "\001\000[\222\276u$\260"-
#7296	NEW    cov: 126 ft: 521 corp: 69/11811b lim: 333 exec/s: 7296 rss: 29Mb L: 249/333 MS: 1 EraseBytes-
#7314	REDUCE cov: 126 ft: 521 corp: 69/11804b lim: 333 exec/s: 7314 rss: 29Mb L: 67/333 MS: 3 CopyPart-ChangeBinInt-EraseBytes-
#7374	REDUCE cov: 126 ft: 521 corp: 69/11788b lim: 333 exec/s: 7374 rss: 29Mb L: 65/333 MS: 5 EraseBytes-CopyPart-ChangeByte-CMP-CrossOver- DE: "\000\000}\326\354\006p\340"-
#7387	REDUCE cov: 126 ft: 521 corp: 69/11749b lim: 333 exec/s: 7387 rss: 29Mb L: 243/333 MS: 3 InsertRepeatedBytes-InsertRepeatedBytes-EraseBytes-
#7402	REDUCE cov: 126 ft: 521 corp: 69/11748b lim: 333 exec/s: 7402 rss: 29Mb L: 73/333 MS: 5 ChangeByte-ChangeBit-ShuffleBytes-CMP-EraseBytes- DE: "\377\377\377\010"-
#7480	REDUCE cov: 126 ft: 521 corp: 69/11747b lim: 333 exec/s: 7480 rss: 29Mb L: 8/333 MS: 3 ChangeByte-CrossOver-EraseBytes-
#7851	REDUCE cov: 126 ft: 522 corp: 70/11994b lim: 333 exec/s: 7851 rss: 29Mb L: 247/333 MS: 1 CMP- DE: "avc1"-
#8018	NEW    cov: 126 ft: 523 corp: 71/12173b lim: 333 exec/s: 8018 rss: 29Mb L: 179/333 MS: 2 ChangeBinInt-EraseBytes-
#8022	REDUCE cov: 126 ft: 523 corp: 71/12171b lim: 333 exec/s: 8022 rss: 29Mb L: 8/333 MS: 4 EraseBytes-ChangeBinInt-CrossOver-EraseBytes-
#8053	REDUCE cov: 126 ft: 523 corp: 71/12112b lim: 333 exec/s: 8053 rss: 29Mb L: 207/333 MS: 1 EraseBytes-
#8400	REDUCE cov: 126 ft: 523 corp: 71/12106b lim: 333 exec/s: 8400 rss: 29Mb L: 261/333 MS: 2 EraseBytes-PersAutoDict- DE: "\036\000"-
#8556	REDUCE cov: 126 ft: 523 corp: 71/12104b lim: 333 exec/s: 8556 rss: 29Mb L: 49/333 MS: 1 EraseBytes-
#8733	NEW    cov: 126 ft: 524 corp: 72/12324b lim: 333 exec/s: 8733 rss: 29Mb L: 220/333 MS: 2 ShuffleBytes-CMP- DE: "urn "-
#9324	REDUCE cov: 126 ft: 524 corp: 72/12312b lim: 333 exec/s: 9324 rss: 29Mb L: 208/333 MS: 1 EraseBytes-
#9359	REDUCE cov: 126 ft: 524 corp: 72/12300b lim: 333 exec/s: 9359 rss: 29Mb L: 53/333 MS: 5 PersAutoDict-ChangeBinInt-PersAutoDict-EraseBytes-CopyPart- DE: "\003\000\000\000\000\000\000\000"-"\016'\003\354\326}\000\000"-
#9410	REDUCE cov: 126 ft: 524 corp: 72/12292b lim: 333 exec/s: 9410 rss: 29Mb L: 303/333 MS: 1 EraseBytes-
#9834	REDUCE cov: 126 ft: 524 corp: 72/12291b lim: 333 exec/s: 9834 rss: 29Mb L: 258/333 MS: 4 ShuffleBytes-ChangeBinInt-ShuffleBytes-EraseBytes-
#10010	REDUCE cov: 126 ft: 524 corp: 72/12285b lim: 333 exec/s: 5005 rss: 29Mb L: 69/333 MS: 1 EraseBytes-
#10567	REDUCE cov: 126 ft: 524 corp: 72/12274b lim: 333 exec/s: 5283 rss: 30Mb L: 247/333 MS: 2 CrossOver-EraseBytes-
#10603	REDUCE cov: 126 ft: 524 corp: 72/12273b lim: 333 exec/s: 5301 rss: 30Mb L: 242/333 MS: 1 EraseBytes-
#10731	REDUCE cov: 126 ft: 524 corp: 72/12243b lim: 333 exec/s: 5365 rss: 30Mb L: 217/333 MS: 3 ChangeBit-PersAutoDict-EraseBytes- DE: "\377\021"-
#10784	REDUCE cov: 126 ft: 524 corp: 72/12153b lim: 333 exec/s: 5392 rss: 30Mb L: 129/333 MS: 3 ShuffleBytes-CMP-EraseBytes- DE: "St13runtime_"-
#10805	NEW    cov: 126 ft: 525 corp: 73/12282b lim: 333 exec/s: 5402 rss: 30Mb L: 129/333 MS: 1 EraseBytes-
#10880	REDUCE cov: 126 ft: 525 corp: 73/12280b lim: 333 exec/s: 5440 rss: 30Mb L: 33/333 MS: 5 EraseBytes-ChangeByte-InsertByte-ChangeBit-InsertByte-
==936514== ERROR: libFuzzer: out-of-memory (used: 1047Mb; limit: 1024Mb)
   To change the out-of-memory limit use -rss_limit_mb=<N>

MS: 1 PersAutoDict- DE: "strk"-; base unit: e30d1f26c9605599a0246a9b498a93b957b85ab3
artifact_prefix='/results/crashes/20260313_192326_4f1736ee_'; Test unit written to /results/crashes/20260313_192326_4f1736ee_oom-a3479afa03a40540abca17c2ac7d2e2964050c70
SUMMARY: libFuzzer: out-of-memory
stat::number_of_executed_units: 10966
stat::average_exec_per_sec:     3655
stat::new_units_added:          164
stat::slowest_unit_time_sec:    0
stat::peak_rss_mb:              1048
