INFO: Running with entropic power schedule (0xFF, 100).
INFO: Seed: 1387028931
INFO: Loaded 1 modules   (252 inline 8-bit counters): 252 [0x56686fde9678, 0x56686fde9774), 
INFO: Loaded 1 PC tables (252 PCs): 252 [0x56686fde9778,0x56686fdea738), 
INFO:        4 files found in /tmp/corpus_20260313_170259_bd95a152
INFO: seed corpus: files: 4 min: 48b max: 333b total: 853b rss: 28Mb
#5	INITED cov: 119 ft: 253 corp: 4/853b exec/s: 0 rss: 29Mb
#8	NEW    cov: 120 ft: 256 corp: 5/1160b lim: 333 exec/s: 0 rss: 29Mb L: 307/333 MS: 3 ShuffleBytes-ShuffleBytes-InsertRepeatedBytes-
#9	NEW    cov: 120 ft: 269 corp: 6/1410b lim: 333 exec/s: 0 rss: 29Mb L: 250/333 MS: 1 InsertRepeatedBytes-
#10	NEW    cov: 120 ft: 271 corp: 7/1591b lim: 333 exec/s: 0 rss: 29Mb L: 181/333 MS: 1 EraseBytes-
#11	NEW    cov: 120 ft: 281 corp: 8/1920b lim: 333 exec/s: 0 rss: 29Mb L: 329/333 MS: 1 InsertRepeatedBytes-
#12	NEW    cov: 122 ft: 283 corp: 9/2248b lim: 333 exec/s: 0 rss: 29Mb L: 328/333 MS: 1 InsertRepeatedBytes-
#15	NEW    cov: 122 ft: 285 corp: 10/2498b lim: 333 exec/s: 0 rss: 29Mb L: 250/333 MS: 3 CrossOver-CopyPart-ChangeBinInt-
#16	NEW    cov: 122 ft: 334 corp: 11/2526b lim: 333 exec/s: 0 rss: 29Mb L: 28/333 MS: 1 EraseBytes-
#19	NEW    cov: 122 ft: 336 corp: 12/2859b lim: 333 exec/s: 0 rss: 29Mb L: 333/333 MS: 3 ChangeBit-ChangeByte-CopyPart-
#24	NEW    cov: 122 ft: 337 corp: 13/3032b lim: 333 exec/s: 0 rss: 29Mb L: 173/333 MS: 5 CrossOver-CopyPart-ChangeByte-ChangeBinInt-EraseBytes-
#29	NEW    cov: 122 ft: 338 corp: 14/3241b lim: 333 exec/s: 0 rss: 29Mb L: 209/333 MS: 5 ChangeBit-InsertByte-ChangeByte-CopyPart-CopyPart-
#30	NEW    cov: 122 ft: 339 corp: 15/3573b lim: 333 exec/s: 0 rss: 29Mb L: 332/333 MS: 1 EraseBytes-
#34	NEW    cov: 122 ft: 343 corp: 16/3815b lim: 333 exec/s: 0 rss: 29Mb L: 242/333 MS: 4 InsertRepeatedBytes-EraseBytes-ChangeBit-CopyPart-
#41	NEW    cov: 122 ft: 344 corp: 17/3995b lim: 333 exec/s: 0 rss: 29Mb L: 180/333 MS: 2 ChangeByte-EraseBytes-
#43	NEW    cov: 122 ft: 347 corp: 18/4245b lim: 333 exec/s: 0 rss: 29Mb L: 250/333 MS: 2 ChangeBinInt-EraseBytes-
#44	REDUCE cov: 122 ft: 347 corp: 18/4201b lim: 333 exec/s: 0 rss: 29Mb L: 206/333 MS: 1 EraseBytes-
#51	NEW    cov: 122 ft: 348 corp: 19/4534b lim: 333 exec/s: 0 rss: 29Mb L: 333/333 MS: 2 ChangeBinInt-ChangeBinInt-
#54	NEW    cov: 122 ft: 354 corp: 20/4716b lim: 333 exec/s: 0 rss: 29Mb L: 182/333 MS: 3 ShuffleBytes-ShuffleBytes-InsertByte-
#67	NEW    cov: 122 ft: 355 corp: 21/5049b lim: 333 exec/s: 0 rss: 29Mb L: 333/333 MS: 3 CopyPart-ShuffleBytes-CopyPart-
#68	NEW    cov: 122 ft: 366 corp: 22/5136b lim: 333 exec/s: 0 rss: 29Mb L: 87/333 MS: 1 CrossOver-
#70	NEW    cov: 122 ft: 367 corp: 23/5290b lim: 333 exec/s: 0 rss: 29Mb L: 154/333 MS: 2 ChangeByte-CopyPart-
#95	NEW    cov: 122 ft: 368 corp: 24/5623b lim: 333 exec/s: 0 rss: 29Mb L: 333/333 MS: 5 CopyPart-ChangeByte-ChangeASCIIInt-ShuffleBytes-CopyPart-
#104	NEW    cov: 122 ft: 373 corp: 25/5711b lim: 333 exec/s: 0 rss: 29Mb L: 88/333 MS: 4 EraseBytes-InsertByte-ShuffleBytes-EraseBytes-
#107	NEW    cov: 122 ft: 379 corp: 26/5751b lim: 333 exec/s: 0 rss: 29Mb L: 40/333 MS: 3 CrossOver-ShuffleBytes-CrossOver-
#113	NEW    cov: 122 ft: 387 corp: 27/5871b lim: 333 exec/s: 0 rss: 29Mb L: 120/333 MS: 1 EraseBytes-
#114	NEW    cov: 122 ft: 391 corp: 28/5919b lim: 333 exec/s: 0 rss: 29Mb L: 48/333 MS: 1 CMP- DE: "\020\000\000\000"-
#120	NEW    cov: 122 ft: 392 corp: 29/5983b lim: 333 exec/s: 0 rss: 29Mb L: 64/333 MS: 1 EraseBytes-
#147	NEW    cov: 122 ft: 395 corp: 30/6267b lim: 333 exec/s: 0 rss: 29Mb L: 284/333 MS: 2 CMP-EraseBytes- DE: "\377\377Uho\273\333\335"-
#159	NEW    cov: 122 ft: 396 corp: 31/6296b lim: 333 exec/s: 0 rss: 29Mb L: 29/333 MS: 2 InsertByte-ChangeBinInt-
#161	NEW    cov: 122 ft: 397 corp: 32/6366b lim: 333 exec/s: 0 rss: 29Mb L: 70/333 MS: 2 ChangeBit-InsertRepeatedBytes-
#176	NEW    cov: 122 ft: 398 corp: 33/6487b lim: 333 exec/s: 0 rss: 29Mb L: 121/333 MS: 5 ChangeBinInt-CopyPart-ChangeByte-CopyPart-InsertByte-
#197	NEW    cov: 122 ft: 403 corp: 34/6535b lim: 333 exec/s: 0 rss: 29Mb L: 48/333 MS: 1 CrossOver-
#205	NEW    cov: 122 ft: 405 corp: 35/6560b lim: 333 exec/s: 0 rss: 29Mb L: 25/333 MS: 3 ShuffleBytes-ChangeBit-EraseBytes-
#206	NEW    cov: 122 ft: 406 corp: 36/6608b lim: 333 exec/s: 0 rss: 29Mb L: 48/333 MS: 1 ShuffleBytes-
#213	NEW    cov: 122 ft: 414 corp: 37/6630b lim: 333 exec/s: 0 rss: 29Mb L: 22/333 MS: 2 ChangeBit-EraseBytes-
#217	NEW    cov: 122 ft: 422 corp: 38/6895b lim: 333 exec/s: 0 rss: 29Mb L: 265/333 MS: 4 ShuffleBytes-InsertRepeatedBytes-ShuffleBytes-CopyPart-
#219	NEW    cov: 122 ft: 423 corp: 39/6984b lim: 333 exec/s: 0 rss: 29Mb L: 89/333 MS: 2 ShuffleBytes-InsertByte-
#220	NEW    cov: 122 ft: 424 corp: 40/7206b lim: 333 exec/s: 0 rss: 29Mb L: 222/333 MS: 1 CMP- DE: "\007\000"-
#227	NEW    cov: 122 ft: 427 corp: 41/7299b lim: 333 exec/s: 0 rss: 29Mb L: 93/333 MS: 2 EraseBytes-EraseBytes-
#237	NEW    cov: 122 ft: 447 corp: 42/7313b lim: 333 exec/s: 0 rss: 29Mb L: 14/333 MS: 5 EraseBytes-ShuffleBytes-CrossOver-InsertRepeatedBytes-CrossOver-
#330	NEW    cov: 122 ft: 448 corp: 43/7387b lim: 333 exec/s: 0 rss: 29Mb L: 74/333 MS: 3 InsertByte-CopyPart-EraseBytes-
#362	NEW    cov: 122 ft: 449 corp: 44/7569b lim: 333 exec/s: 0 rss: 29Mb L: 182/333 MS: 2 InsertByte-CMP- DE: "hvcC"-
#364	REDUCE cov: 122 ft: 449 corp: 44/7563b lim: 333 exec/s: 0 rss: 29Mb L: 34/333 MS: 2 ChangeBinInt-EraseBytes-
#371	NEW    cov: 122 ft: 450 corp: 45/7816b lim: 333 exec/s: 0 rss: 29Mb L: 253/333 MS: 2 CrossOver-ChangeByte-
#429	NEW    cov: 122 ft: 455 corp: 46/8063b lim: 333 exec/s: 0 rss: 29Mb L: 247/333 MS: 3 InsertByte-ChangeBinInt-InsertRepeatedBytes-
#441	NEW    cov: 122 ft: 456 corp: 47/8085b lim: 333 exec/s: 0 rss: 29Mb L: 22/333 MS: 2 ChangeByte-CrossOver-
#482	NEW    cov: 122 ft: 465 corp: 48/8392b lim: 333 exec/s: 0 rss: 29Mb L: 307/333 MS: 1 InsertRepeatedBytes-
#488	REDUCE cov: 122 ft: 465 corp: 48/8374b lim: 333 exec/s: 0 rss: 29Mb L: 30/333 MS: 1 EraseBytes-
#504	REDUCE cov: 122 ft: 465 corp: 48/8326b lim: 333 exec/s: 0 rss: 29Mb L: 132/333 MS: 1 EraseBytes-
#533	NEW    cov: 122 ft: 466 corp: 49/8371b lim: 333 exec/s: 0 rss: 29Mb L: 45/333 MS: 4 ShuffleBytes-InsertRepeatedBytes-EraseBytes-EraseBytes-
#535	REDUCE cov: 122 ft: 466 corp: 49/8365b lim: 333 exec/s: 0 rss: 29Mb L: 19/333 MS: 2 ShuffleBytes-EraseBytes-
#542	NEW    cov: 122 ft: 467 corp: 50/8637b lim: 333 exec/s: 0 rss: 29Mb L: 272/333 MS: 2 EraseBytes-CopyPart-
#590	NEW    cov: 122 ft: 468 corp: 51/8726b lim: 333 exec/s: 0 rss: 29Mb L: 89/333 MS: 3 ChangeBinInt-ChangeBit-InsertByte-
#613	REDUCE cov: 122 ft: 468 corp: 51/8699b lim: 333 exec/s: 0 rss: 29Mb L: 226/333 MS: 3 ChangeBit-PersAutoDict-EraseBytes- DE: "\007\000"-
#649	REDUCE cov: 122 ft: 468 corp: 51/8692b lim: 333 exec/s: 0 rss: 29Mb L: 175/333 MS: 1 EraseBytes-
#730	NEW    cov: 122 ft: 476 corp: 52/8712b lim: 333 exec/s: 0 rss: 29Mb L: 20/333 MS: 1 CopyPart-
#799	REDUCE cov: 122 ft: 476 corp: 52/8685b lim: 333 exec/s: 0 rss: 29Mb L: 306/333 MS: 4 ChangeBinInt-ChangeASCIIInt-ChangeBit-EraseBytes-
#871	NEW    cov: 122 ft: 477 corp: 53/8938b lim: 333 exec/s: 0 rss: 29Mb L: 253/333 MS: 2 ChangeBit-InsertByte-
#891	REDUCE cov: 122 ft: 477 corp: 53/8935b lim: 333 exec/s: 0 rss: 29Mb L: 16/333 MS: 5 ChangeByte-ChangeBit-ShuffleBytes-ShuffleBytes-EraseBytes-
#951	REDUCE cov: 122 ft: 477 corp: 53/8898b lim: 333 exec/s: 0 rss: 29Mb L: 292/333 MS: 5 ChangeBit-ShuffleBytes-ChangeBit-ChangeByte-EraseBytes-
#1003	REDUCE cov: 122 ft: 477 corp: 53/8884b lim: 333 exec/s: 0 rss: 29Mb L: 34/333 MS: 2 ChangeBit-EraseBytes-
#1179	REDUCE cov: 122 ft: 477 corp: 53/8844b lim: 333 exec/s: 0 rss: 29Mb L: 186/333 MS: 1 EraseBytes-
#1318	REDUCE cov: 122 ft: 477 corp: 53/8827b lim: 333 exec/s: 0 rss: 29Mb L: 233/333 MS: 4 ShuffleBytes-CopyPart-EraseBytes-ChangeBinInt-
#1329	REDUCE cov: 122 ft: 477 corp: 53/8823b lim: 333 exec/s: 0 rss: 29Mb L: 66/333 MS: 1 EraseBytes-
#1409	NEW    cov: 123 ft: 478 corp: 54/8829b lim: 333 exec/s: 0 rss: 29Mb L: 6/333 MS: 5 CopyPart-ChangeBinInt-CrossOver-CrossOver-CrossOver-
#1587	REDUCE cov: 124 ft: 479 corp: 55/8939b lim: 333 exec/s: 0 rss: 29Mb L: 110/333 MS: 3 ChangeBinInt-InsertByte-EraseBytes-
#1648	REDUCE cov: 124 ft: 479 corp: 55/8909b lim: 333 exec/s: 0 rss: 29Mb L: 58/333 MS: 1 EraseBytes-
#1650	REDUCE cov: 124 ft: 479 corp: 55/8883b lim: 333 exec/s: 0 rss: 29Mb L: 106/333 MS: 2 ShuffleBytes-EraseBytes-
#1653	REDUCE cov: 124 ft: 479 corp: 55/8881b lim: 333 exec/s: 0 rss: 29Mb L: 4/333 MS: 3 InsertByte-ShuffleBytes-EraseBytes-
#1666	REDUCE cov: 124 ft: 479 corp: 55/8880b lim: 333 exec/s: 0 rss: 29Mb L: 306/333 MS: 3 PersAutoDict-CopyPart-EraseBytes- DE: "\377\377Uho\273\333\335"-
#1818	REDUCE cov: 124 ft: 479 corp: 55/8879b lim: 333 exec/s: 0 rss: 29Mb L: 3/333 MS: 2 ChangeByte-EraseBytes-
#1846	NEW    cov: 124 ft: 485 corp: 56/9187b lim: 333 exec/s: 0 rss: 29Mb L: 308/333 MS: 3 InsertByte-ChangeBinInt-PersAutoDict- DE: "hvcC"-
#1963	REDUCE cov: 124 ft: 486 corp: 57/9518b lim: 333 exec/s: 0 rss: 29Mb L: 331/333 MS: 2 ChangeByte-InsertRepeatedBytes-
#2028	NEW    cov: 125 ft: 488 corp: 58/9846b lim: 333 exec/s: 0 rss: 29Mb L: 328/333 MS: 5 ChangeByte-ChangeBinInt-InsertByte-InsertRepeatedBytes-InsertRepeatedBytes-
#2084	REDUCE cov: 125 ft: 488 corp: 58/9800b lim: 333 exec/s: 0 rss: 29Mb L: 47/333 MS: 1 EraseBytes-
#2102	REDUCE cov: 125 ft: 488 corp: 58/9682b lim: 333 exec/s: 0 rss: 29Mb L: 214/333 MS: 3 ChangeBinInt-CopyPart-EraseBytes-
#2162	REDUCE cov: 125 ft: 488 corp: 58/9677b lim: 333 exec/s: 0 rss: 29Mb L: 181/333 MS: 5 PersAutoDict-InsertByte-PersAutoDict-ChangeBit-EraseBytes- DE: "\007\000"-"\020\000\000\000"-
#2188	REDUCE cov: 125 ft: 488 corp: 58/9675b lim: 333 exec/s: 0 rss: 29Mb L: 171/333 MS: 1 EraseBytes-
#2266	REDUCE cov: 125 ft: 488 corp: 58/9647b lim: 333 exec/s: 0 rss: 29Mb L: 153/333 MS: 3 ChangeBinInt-ChangeBinInt-EraseBytes-
#2295	REDUCE cov: 125 ft: 488 corp: 58/9618b lim: 333 exec/s: 0 rss: 29Mb L: 277/333 MS: 4 ChangeByte-ChangeByte-CrossOver-EraseBytes-
#2302	NEW    cov: 125 ft: 489 corp: 59/9877b lim: 333 exec/s: 0 rss: 29Mb L: 259/333 MS: 2 ChangeBit-CopyPart-
#2328	NEW    cov: 125 ft: 490 corp: 60/9897b lim: 333 exec/s: 0 rss: 29Mb L: 20/333 MS: 1 ChangeBit-
#2409	REDUCE cov: 125 ft: 490 corp: 60/9838b lim: 333 exec/s: 0 rss: 29Mb L: 249/333 MS: 1 CrossOver-
#2428	REDUCE cov: 125 ft: 490 corp: 60/9802b lim: 333 exec/s: 0 rss: 29Mb L: 197/333 MS: 4 ChangeByte-PersAutoDict-ChangeBinInt-EraseBytes- DE: "hvcC"-
#2520	REDUCE cov: 125 ft: 490 corp: 60/9758b lim: 333 exec/s: 0 rss: 29Mb L: 248/333 MS: 2 EraseBytes-CopyPart-
#2585	REDUCE cov: 125 ft: 491 corp: 61/10000b lim: 333 exec/s: 0 rss: 29Mb L: 242/333 MS: 5 EraseBytes-InsertByte-ShuffleBytes-InsertByte-PersAutoDict- DE: "\020\000\000\000"-
#2602	REDUCE cov: 125 ft: 491 corp: 61/9999b lim: 333 exec/s: 0 rss: 29Mb L: 174/333 MS: 2 ChangeBit-EraseBytes-
#2799	REDUCE cov: 125 ft: 491 corp: 61/9985b lim: 333 exec/s: 0 rss: 29Mb L: 20/333 MS: 2 PersAutoDict-EraseBytes- DE: "hvcC"-
#2817	REDUCE cov: 125 ft: 491 corp: 61/9979b lim: 333 exec/s: 0 rss: 29Mb L: 104/333 MS: 3 ChangeBit-ChangeByte-EraseBytes-
#2882	REDUCE cov: 125 ft: 491 corp: 61/9961b lim: 333 exec/s: 0 rss: 29Mb L: 12/333 MS: 5 InsertByte-ChangeASCIIInt-EraseBytes-ChangeBinInt-EraseBytes-
#3026	REDUCE cov: 125 ft: 491 corp: 61/9944b lim: 333 exec/s: 0 rss: 29Mb L: 189/333 MS: 4 CMP-ChangeBinInt-PersAutoDict-EraseBytes- DE: "schm"-"\020\000\000\000"-
#3172	REDUCE cov: 125 ft: 501 corp: 62/10201b lim: 333 exec/s: 0 rss: 29Mb L: 257/333 MS: 1 PersAutoDict- DE: "\377\377Uho\273\333\335"-
#3207	NEW    cov: 125 ft: 505 corp: 63/10491b lim: 333 exec/s: 0 rss: 29Mb L: 290/333 MS: 5 ChangeByte-ChangeByte-PersAutoDict-InsertRepeatedBytes-CopyPart- DE: "\007\000"-
#3230	NEW    cov: 125 ft: 507 corp: 64/10808b lim: 333 exec/s: 0 rss: 29Mb L: 317/333 MS: 3 ChangeByte-InsertRepeatedBytes-CMP- DE: "\000\000\000\010"-
#3266	REDUCE cov: 125 ft: 507 corp: 64/10804b lim: 333 exec/s: 0 rss: 29Mb L: 18/333 MS: 1 EraseBytes-
#3314	REDUCE cov: 125 ft: 507 corp: 64/10800b lim: 333 exec/s: 0 rss: 29Mb L: 116/333 MS: 3 ChangeBit-CrossOver-EraseBytes-
#3366	REDUCE cov: 125 ft: 507 corp: 64/10790b lim: 333 exec/s: 0 rss: 29Mb L: 10/333 MS: 2 CopyPart-EraseBytes-
#3402	REDUCE cov: 125 ft: 507 corp: 64/10767b lim: 333 exec/s: 0 rss: 29Mb L: 254/333 MS: 1 EraseBytes-
#3552	REDUCE cov: 125 ft: 508 corp: 65/10775b lim: 333 exec/s: 0 rss: 29Mb L: 8/333 MS: 5 ChangeBit-ChangeByte-CrossOver-InsertByte-PersAutoDict- DE: "\000\000\000\010"-
#3741	REDUCE cov: 125 ft: 508 corp: 65/10766b lim: 333 exec/s: 0 rss: 29Mb L: 80/333 MS: 4 ShuffleBytes-CrossOver-InsertByte-EraseBytes-
#3817	REDUCE cov: 125 ft: 508 corp: 65/10763b lim: 333 exec/s: 0 rss: 29Mb L: 61/333 MS: 1 EraseBytes-
#3975	REDUCE cov: 125 ft: 508 corp: 65/10760b lim: 333 exec/s: 0 rss: 29Mb L: 304/333 MS: 3 CrossOver-ShuffleBytes-EraseBytes-
#3990	REDUCE cov: 125 ft: 508 corp: 65/10757b lim: 333 exec/s: 0 rss: 29Mb L: 17/333 MS: 5 ChangeBinInt-CMP-ChangeBit-ChangeBit-EraseBytes- DE: "stsd"-
#4052	REDUCE cov: 125 ft: 508 corp: 65/10681b lim: 333 exec/s: 0 rss: 29Mb L: 214/333 MS: 2 ChangeBinInt-EraseBytes-
#4148	REDUCE cov: 125 ft: 508 corp: 65/10665b lim: 333 exec/s: 0 rss: 29Mb L: 317/333 MS: 1 CrossOver-
#4244	REDUCE cov: 125 ft: 508 corp: 65/10659b lim: 333 exec/s: 0 rss: 29Mb L: 11/333 MS: 1 EraseBytes-
#4249	REDUCE cov: 125 ft: 508 corp: 65/10626b lim: 333 exec/s: 0 rss: 29Mb L: 141/333 MS: 5 PersAutoDict-PersAutoDict-PersAutoDict-CMP-EraseBytes- DE: "\377\377Uho\273\333\335"-"stsd"-"\020\000\000\000"-"civ\000"-
#4250	REDUCE cov: 125 ft: 508 corp: 65/10624b lim: 333 exec/s: 0 rss: 29Mb L: 8/333 MS: 1 EraseBytes-
#4307	REDUCE cov: 125 ft: 508 corp: 65/10623b lim: 333 exec/s: 0 rss: 29Mb L: 2/333 MS: 2 ChangeByte-EraseBytes-
#4355	REDUCE cov: 125 ft: 508 corp: 65/10602b lim: 333 exec/s: 0 rss: 29Mb L: 231/333 MS: 3 ShuffleBytes-ChangeBinInt-EraseBytes-
#4464	REDUCE cov: 125 ft: 508 corp: 65/10593b lim: 333 exec/s: 0 rss: 29Mb L: 297/333 MS: 4 CMP-InsertByte-EraseBytes-CrossOver- DE: ":g\003\334$|\000\000"-
#4496	REDUCE cov: 125 ft: 514 corp: 66/10901b lim: 333 exec/s: 0 rss: 29Mb L: 308/333 MS: 2 CrossOver-InsertRepeatedBytes-
#4554	NEW    cov: 125 ft: 515 corp: 67/11230b lim: 333 exec/s: 0 rss: 29Mb L: 329/333 MS: 3 CopyPart-ChangeASCIIInt-InsertRepeatedBytes-
#4685	REDUCE cov: 125 ft: 515 corp: 67/11207b lim: 333 exec/s: 0 rss: 29Mb L: 236/333 MS: 1 EraseBytes-
#4708	REDUCE cov: 125 ft: 515 corp: 67/11141b lim: 333 exec/s: 0 rss: 29Mb L: 181/333 MS: 3 ChangeByte-PersAutoDict-EraseBytes- DE: "\007\000"-
#4726	REDUCE cov: 125 ft: 515 corp: 67/11140b lim: 333 exec/s: 0 rss: 29Mb L: 44/333 MS: 3 EraseBytes-CrossOver-EraseBytes-
#4742	REDUCE cov: 125 ft: 515 corp: 67/11094b lim: 333 exec/s: 0 rss: 29Mb L: 271/333 MS: 1 EraseBytes-
#4813	REDUCE cov: 125 ft: 515 corp: 67/11076b lim: 333 exec/s: 0 rss: 29Mb L: 196/333 MS: 1 EraseBytes-
#4894	REDUCE cov: 125 ft: 515 corp: 67/11059b lim: 333 exec/s: 0 rss: 29Mb L: 41/333 MS: 1 EraseBytes-
#4962	REDUCE cov: 125 ft: 515 corp: 67/11054b lim: 333 exec/s: 0 rss: 29Mb L: 17/333 MS: 3 ChangeASCIIInt-CopyPart-EraseBytes-
#5073	REDUCE cov: 125 ft: 515 corp: 67/11052b lim: 333 exec/s: 0 rss: 29Mb L: 10/333 MS: 1 EraseBytes-
#5221	REDUCE cov: 125 ft: 515 corp: 67/11016b lim: 333 exec/s: 0 rss: 29Mb L: 268/333 MS: 3 ShuffleBytes-ChangeBit-EraseBytes-
#5240	REDUCE cov: 125 ft: 520 corp: 68/11050b lim: 333 exec/s: 0 rss: 29Mb L: 34/333 MS: 4 CopyPart-InsertByte-ChangeByte-EraseBytes-
#5346	REDUCE cov: 125 ft: 520 corp: 68/11049b lim: 333 exec/s: 0 rss: 29Mb L: 1/333 MS: 1 EraseBytes-
#5603	REDUCE cov: 125 ft: 520 corp: 68/11044b lim: 333 exec/s: 0 rss: 29Mb L: 166/333 MS: 2 CopyPart-EraseBytes-
#5916	REDUCE cov: 125 ft: 520 corp: 68/11029b lim: 333 exec/s: 0 rss: 29Mb L: 33/333 MS: 3 PersAutoDict-ShuffleBytes-EraseBytes- DE: "schm"-
#5935	REDUCE cov: 125 ft: 520 corp: 68/11028b lim: 333 exec/s: 0 rss: 29Mb L: 9/333 MS: 4 CrossOver-CMP-ChangeBinInt-EraseBytes- DE: "\001\000|$\334\004YJ"-
#5994	REDUCE cov: 125 ft: 520 corp: 68/11004b lim: 333 exec/s: 0 rss: 29Mb L: 80/333 MS: 4 EraseBytes-PersAutoDict-EraseBytes-InsertByte- DE: "\020\000\000\000"-
#6321	REDUCE cov: 125 ft: 520 corp: 68/11003b lim: 333 exec/s: 6321 rss: 29Mb L: 10/333 MS: 1 EraseBytes-
#6503	REDUCE cov: 125 ft: 520 corp: 68/10923b lim: 333 exec/s: 6503 rss: 29Mb L: 253/333 MS: 2 CrossOver-EraseBytes-
#6573	REDUCE cov: 125 ft: 520 corp: 68/10915b lim: 333 exec/s: 6573 rss: 29Mb L: 25/333 MS: 5 EraseBytes-ShuffleBytes-ChangeBit-ShuffleBytes-CrossOver-
#6751	REDUCE cov: 125 ft: 520 corp: 68/10910b lim: 333 exec/s: 6751 rss: 29Mb L: 136/333 MS: 3 ChangeBinInt-ChangeBinInt-EraseBytes-
#6757	REDUCE cov: 125 ft: 520 corp: 68/10902b lim: 333 exec/s: 6757 rss: 29Mb L: 245/333 MS: 1 EraseBytes-
#6965	REDUCE cov: 125 ft: 520 corp: 68/10898b lim: 333 exec/s: 6965 rss: 29Mb L: 25/333 MS: 3 ChangeByte-InsertByte-EraseBytes-
#7102	REDUCE cov: 125 ft: 520 corp: 68/10892b lim: 333 exec/s: 7102 rss: 29Mb L: 327/333 MS: 2 ChangeBinInt-CrossOver-
#7118	REDUCE cov: 125 ft: 520 corp: 68/10839b lim: 333 exec/s: 7118 rss: 29Mb L: 274/333 MS: 1 EraseBytes-
#7123	NEW    cov: 125 ft: 524 corp: 69/11162b lim: 333 exec/s: 7123 rss: 29Mb L: 323/333 MS: 5 CrossOver-ChangeASCIIInt-CMP-CMP-CopyPart- DE: "hvc1"-"\203\011\005\334$|\000\000"-
#7255	REDUCE cov: 125 ft: 530 corp: 70/11411b lim: 333 exec/s: 7255 rss: 29Mb L: 249/333 MS: 2 PersAutoDict-PersAutoDict- DE: "hvc1"-"stsd"-
#7385	REDUCE cov: 125 ft: 530 corp: 70/11391b lim: 333 exec/s: 7385 rss: 29Mb L: 234/333 MS: 5 ChangeByte-ShuffleBytes-ChangeBit-CMP-EraseBytes- DE: "avcC"-
#7553	REDUCE cov: 125 ft: 530 corp: 70/11353b lim: 333 exec/s: 7553 rss: 29Mb L: 212/333 MS: 3 ChangeBinInt-ChangeBinInt-CrossOver-
#7555	REDUCE cov: 125 ft: 530 corp: 70/11336b lim: 333 exec/s: 7555 rss: 29Mb L: 119/333 MS: 2 ChangeBit-EraseBytes-
#7733	REDUCE cov: 125 ft: 530 corp: 70/11331b lim: 333 exec/s: 7733 rss: 29Mb L: 75/333 MS: 3 InsertByte-CMP-EraseBytes- DE: "\001\000Vho\273\333\335"-
#8449	REDUCE cov: 125 ft: 530 corp: 70/11328b lim: 333 exec/s: 8449 rss: 29Mb L: 41/333 MS: 1 EraseBytes-
#8488	REDUCE cov: 125 ft: 530 corp: 70/11325b lim: 333 exec/s: 8488 rss: 29Mb L: 163/333 MS: 4 InsertByte-ChangeByte-InsertByte-EraseBytes-
#8545	REDUCE cov: 125 ft: 530 corp: 70/11324b lim: 333 exec/s: 8545 rss: 29Mb L: 9/333 MS: 2 InsertByte-EraseBytes-
#8652	REDUCE cov: 125 ft: 530 corp: 70/11258b lim: 333 exec/s: 8652 rss: 29Mb L: 168/333 MS: 2 EraseBytes-CMP- DE: "\001\000\000\017"-
#8862	REDUCE cov: 125 ft: 530 corp: 70/11242b lim: 333 exec/s: 8862 rss: 29Mb L: 64/333 MS: 5 ShuffleBytes-CMP-ShuffleBytes-ChangeBit-EraseBytes- DE: "dref"-
#8904	REDUCE cov: 125 ft: 530 corp: 70/11225b lim: 333 exec/s: 8904 rss: 29Mb L: 136/333 MS: 2 EraseBytes-InsertByte-
#8929	REDUCE cov: 125 ft: 531 corp: 71/11500b lim: 333 exec/s: 8929 rss: 29Mb L: 275/333 MS: 5 ChangeBinInt-InsertByte-PersAutoDict-CopyPart-CrossOver- DE: "\001\000Vho\273\333\335"-
#9007	NEW    cov: 125 ft: 532 corp: 72/11728b lim: 333 exec/s: 9007 rss: 29Mb L: 228/333 MS: 3 ChangeBit-ShuffleBytes-CMP- DE: " \000\000\000\000\000\000\000"-
#9231	REDUCE cov: 125 ft: 532 corp: 72/11691b lim: 333 exec/s: 9231 rss: 29Mb L: 205/333 MS: 4 CrossOver-InsertRepeatedBytes-PersAutoDict-EraseBytes- DE: " \000\000\000\000\000\000\000"-
#9289	REDUCE cov: 125 ft: 532 corp: 72/11678b lim: 333 exec/s: 9289 rss: 29Mb L: 106/333 MS: 3 PersAutoDict-ChangeByte-CrossOver- DE: "stsd"-
#9360	REDUCE cov: 125 ft: 532 corp: 72/11658b lim: 333 exec/s: 9360 rss: 29Mb L: 229/333 MS: 1 EraseBytes-
#9539	REDUCE cov: 125 ft: 532 corp: 72/11657b lim: 333 exec/s: 9539 rss: 29Mb L: 162/333 MS: 4 ShuffleBytes-InsertByte-InsertByte-EraseBytes-
#10202	REDUCE cov: 125 ft: 532 corp: 72/11649b lim: 333 exec/s: 10202 rss: 29Mb L: 56/333 MS: 3 ShuffleBytes-EraseBytes-InsertByte-
#10404	REDUCE cov: 125 ft: 532 corp: 72/11625b lim: 333 exec/s: 10404 rss: 29Mb L: 32/333 MS: 2 CMP-EraseBytes- DE: "ipco"-
#10697	NEW    cov: 125 ft: 533 corp: 73/11892b lim: 333 exec/s: 10697 rss: 29Mb L: 267/333 MS: 3 CrossOver-EraseBytes-PersAutoDict- DE: ":g\003\334$|\000\000"-
#10869	REDUCE cov: 125 ft: 533 corp: 73/11881b lim: 333 exec/s: 10869 rss: 29Mb L: 170/333 MS: 2 ShuffleBytes-EraseBytes-
#11649	REDUCE cov: 125 ft: 533 corp: 73/11878b lim: 333 exec/s: 11649 rss: 29Mb L: 305/333 MS: 5 ShuffleBytes-ShuffleBytes-ChangeBinInt-CrossOver-EraseBytes-
#11855	REDUCE cov: 125 ft: 533 corp: 73/11853b lim: 333 exec/s: 11855 rss: 29Mb L: 298/333 MS: 1 CrossOver-
#12318	REDUCE cov: 125 ft: 533 corp: 73/11733b lim: 333 exec/s: 12318 rss: 29Mb L: 208/333 MS: 3 PersAutoDict-EraseBytes-InsertByte- DE: "stsd"-
#12881	REDUCE cov: 125 ft: 533 corp: 73/11717b lim: 333 exec/s: 6440 rss: 30Mb L: 229/333 MS: 3 ChangeBit-PersAutoDict-EraseBytes- DE: "\001\000\000\017"-
#12924	REDUCE cov: 125 ft: 533 corp: 73/11711b lim: 333 exec/s: 6462 rss: 30Mb L: 183/333 MS: 3 ShuffleBytes-EraseBytes-CrossOver-
#13176	REDUCE cov: 125 ft: 533 corp: 73/11660b lim: 333 exec/s: 6588 rss: 30Mb L: 221/333 MS: 2 ShuffleBytes-EraseBytes-
#13295	REDUCE cov: 125 ft: 533 corp: 73/11609b lim: 333 exec/s: 6647 rss: 30Mb L: 154/333 MS: 4 ChangeBinInt-EraseBytes-CrossOver-ShuffleBytes-
#13297	REDUCE cov: 125 ft: 533 corp: 73/11604b lim: 333 exec/s: 6648 rss: 30Mb L: 243/333 MS: 2 InsertRepeatedBytes-EraseBytes-
#13356	REDUCE cov: 125 ft: 533 corp: 73/11564b lim: 333 exec/s: 6678 rss: 30Mb L: 235/333 MS: 4 EraseBytes-CMP-InsertRepeatedBytes-PersAutoDict- DE: "frma"-"civ\000"-
#13592	REDUCE cov: 125 ft: 533 corp: 73/11541b lim: 333 exec/s: 6796 rss: 30Mb L: 158/333 MS: 1 EraseBytes-
#14254	REDUCE cov: 125 ft: 533 corp: 73/11536b lim: 333 exec/s: 7127 rss: 30Mb L: 263/333 MS: 2 ChangeBinInt-EraseBytes-
#14347	REDUCE cov: 125 ft: 533 corp: 73/11535b lim: 333 exec/s: 7173 rss: 30Mb L: 8/333 MS: 3 ChangeBinInt-ChangeByte-EraseBytes-
#14658	REDUCE cov: 125 ft: 533 corp: 73/11517b lim: 333 exec/s: 7329 rss: 30Mb L: 140/333 MS: 1 EraseBytes-
#15039	REDUCE cov: 125 ft: 533 corp: 73/11504b lim: 333 exec/s: 7519 rss: 30Mb L: 236/333 MS: 1 EraseBytes-
#15071	REDUCE cov: 125 ft: 533 corp: 73/11503b lim: 333 exec/s: 7535 rss: 30Mb L: 13/333 MS: 2 InsertByte-EraseBytes-
#15082	REDUCE cov: 125 ft: 533 corp: 73/11483b lim: 333 exec/s: 7541 rss: 30Mb L: 86/333 MS: 1 EraseBytes-
#15523	REDUCE cov: 125 ft: 533 corp: 73/11469b lim: 333 exec/s: 7761 rss: 30Mb L: 72/333 MS: 1 EraseBytes-
#15741	REDUCE cov: 125 ft: 534 corp: 74/11744b lim: 333 exec/s: 7870 rss: 30Mb L: 275/333 MS: 3 ChangeBit-CopyPart-PersAutoDict- DE: "\000\000\000\010"-
#16132	REDUCE cov: 125 ft: 534 corp: 74/11720b lim: 333 exec/s: 8066 rss: 30Mb L: 173/333 MS: 1 EraseBytes-
#16198	REDUCE cov: 125 ft: 534 corp: 74/11719b lim: 333 exec/s: 8099 rss: 30Mb L: 60/333 MS: 1 EraseBytes-
#16234	REDUCE cov: 125 ft: 534 corp: 74/11705b lim: 333 exec/s: 8117 rss: 30Mb L: 27/333 MS: 1 EraseBytes-
#16271	REDUCE cov: 125 ft: 534 corp: 74/11704b lim: 333 exec/s: 8135 rss: 30Mb L: 16/333 MS: 2 CrossOver-EraseBytes-
#16384	pulse  cov: 125 ft: 534 corp: 74/11704b lim: 333 exec/s: 8192 rss: 30Mb
#16497	REDUCE cov: 125 ft: 534 corp: 74/11696b lim: 333 exec/s: 8248 rss: 30Mb L: 98/333 MS: 1 EraseBytes-
#16734	REDUCE cov: 125 ft: 534 corp: 74/11692b lim: 333 exec/s: 8367 rss: 30Mb L: 68/333 MS: 2 EraseBytes-InsertByte-
#16751	REDUCE cov: 125 ft: 534 corp: 74/11678b lim: 333 exec/s: 8375 rss: 30Mb L: 221/333 MS: 2 ChangeASCIIInt-EraseBytes-
#17308	REDUCE cov: 125 ft: 534 corp: 74/11642b lim: 333 exec/s: 8654 rss: 30Mb L: 262/333 MS: 2 InsertRepeatedBytes-EraseBytes-
#17660	REDUCE cov: 125 ft: 534 corp: 74/11607b lim: 333 exec/s: 8830 rss: 30Mb L: 201/333 MS: 2 ChangeASCIIInt-CrossOver-
#17861	REDUCE cov: 125 ft: 534 corp: 74/11581b lim: 333 exec/s: 8930 rss: 30Mb L: 205/333 MS: 1 EraseBytes-
#18436	REDUCE cov: 125 ft: 534 corp: 74/11579b lim: 333 exec/s: 9218 rss: 30Mb L: 73/333 MS: 5 InsertByte-CrossOver-CrossOver-InsertByte-EraseBytes-
#19084	REDUCE cov: 126 ft: 535 corp: 75/11697b lim: 333 exec/s: 6361 rss: 30Mb L: 118/333 MS: 3 ShuffleBytes-InsertRepeatedBytes-PersAutoDict- DE: "ipco"-
#19465	REDUCE cov: 126 ft: 535 corp: 75/11689b lim: 333 exec/s: 6488 rss: 30Mb L: 24/333 MS: 1 EraseBytes-
#19472	REDUCE cov: 126 ft: 535 corp: 75/11688b lim: 333 exec/s: 6490 rss: 30Mb L: 283/333 MS: 2 ChangeBinInt-EraseBytes-
#19732	REDUCE cov: 126 ft: 535 corp: 75/11681b lim: 333 exec/s: 6577 rss: 30Mb L: 111/333 MS: 5 InsertByte-ShuffleBytes-ShuffleBytes-CMP-EraseBytes- DE: "\027\000\000\000"-
#19870	REDUCE cov: 126 ft: 535 corp: 75/11670b lim: 333 exec/s: 6623 rss: 30Mb L: 87/333 MS: 3 PersAutoDict-ChangeByte-EraseBytes- DE: "hvc1"-
#20255	REDUCE cov: 126 ft: 535 corp: 75/11663b lim: 333 exec/s: 6751 rss: 30Mb L: 201/333 MS: 5 CMP-InsertRepeatedBytes-ChangeBinInt-EraseBytes-InsertByte- DE: "\377\377\377\377\377\377\377\003"-
#20642	NEW    cov: 126 ft: 536 corp: 76/11927b lim: 333 exec/s: 6880 rss: 30Mb L: 264/333 MS: 2 CMP-EraseBytes- DE: "\000\000\177\376\300?\375\340"-
#21381	REDUCE cov: 126 ft: 536 corp: 76/11921b lim: 333 exec/s: 7127 rss: 30Mb L: 195/333 MS: 4 ChangeBit-CMP-CopyPart-CrossOver- DE: "\000\000|$\334\012_0"-
#21453	NEW    cov: 126 ft: 537 corp: 77/12250b lim: 333 exec/s: 7151 rss: 30Mb L: 329/333 MS: 2 ChangeByte-CopyPart-
#21529	REDUCE cov: 126 ft: 537 corp: 77/12242b lim: 333 exec/s: 7176 rss: 30Mb L: 213/333 MS: 1 EraseBytes-
#21583	REDUCE cov: 126 ft: 537 corp: 77/12238b lim: 333 exec/s: 7194 rss: 30Mb L: 179/333 MS: 4 PersAutoDict-ChangeBinInt-InsertByte-CrossOver- DE: "avcC"-
#21877	REDUCE cov: 126 ft: 537 corp: 77/12235b lim: 333 exec/s: 7292 rss: 30Mb L: 206/333 MS: 4 CopyPart-CopyPart-CrossOver-EraseBytes-
#21982	REDUCE cov: 126 ft: 537 corp: 77/12218b lim: 333 exec/s: 7327 rss: 30Mb L: 104/333 MS: 5 PersAutoDict-ChangeBit-CrossOver-EraseBytes-CrossOver- DE: "\007\000"-
#22378	REDUCE cov: 126 ft: 537 corp: 77/12199b lim: 333 exec/s: 7459 rss: 30Mb L: 68/333 MS: 1 EraseBytes-
#22711	REDUCE cov: 126 ft: 537 corp: 77/12182b lim: 333 exec/s: 7570 rss: 30Mb L: 51/333 MS: 3 ChangeBit-ChangeByte-EraseBytes-
#22766	REDUCE cov: 126 ft: 537 corp: 77/12170b lim: 333 exec/s: 7588 rss: 30Mb L: 99/333 MS: 5 InsertRepeatedBytes-ShuffleBytes-ChangeBinInt-ChangeBit-CrossOver-
#22901	REDUCE cov: 126 ft: 537 corp: 77/12157b lim: 333 exec/s: 7633 rss: 30Mb L: 166/333 MS: 5 ShuffleBytes-ChangeByte-EraseBytes-ChangeASCIIInt-InsertRepeatedBytes-
#22938	REDUCE cov: 126 ft: 537 corp: 77/12103b lim: 333 exec/s: 7646 rss: 30Mb L: 116/333 MS: 2 ChangeByte-EraseBytes-
#23226	REDUCE cov: 126 ft: 537 corp: 77/12101b lim: 333 exec/s: 7742 rss: 30Mb L: 265/333 MS: 3 ChangeBinInt-EraseBytes-InsertRepeatedBytes-
#23607	REDUCE cov: 126 ft: 537 corp: 77/12090b lim: 333 exec/s: 7869 rss: 30Mb L: 143/333 MS: 1 EraseBytes-
#23725	REDUCE cov: 126 ft: 537 corp: 77/12069b lim: 333 exec/s: 7908 rss: 30Mb L: 174/333 MS: 3 CrossOver-InsertRepeatedBytes-EraseBytes-
#23861	REDUCE cov: 126 ft: 537 corp: 77/12059b lim: 333 exec/s: 7953 rss: 30Mb L: 232/333 MS: 1 EraseBytes-
#24180	REDUCE cov: 126 ft: 537 corp: 77/12034b lim: 333 exec/s: 8060 rss: 30Mb L: 207/333 MS: 4 PersAutoDict-ChangeByte-ChangeByte-EraseBytes- DE: "\000\000\000\010"-
#24441	REDUCE cov: 126 ft: 537 corp: 77/12002b lim: 333 exec/s: 8147 rss: 30Mb L: 297/333 MS: 1 EraseBytes-
#24529	REDUCE cov: 126 ft: 537 corp: 77/11996b lim: 333 exec/s: 8176 rss: 30Mb L: 269/333 MS: 3 InsertRepeatedBytes-ChangeBinInt-EraseBytes-
#24530	REDUCE cov: 126 ft: 537 corp: 77/11989b lim: 333 exec/s: 8176 rss: 30Mb L: 255/333 MS: 1 EraseBytes-
#24659	REDUCE cov: 126 ft: 537 corp: 77/11983b lim: 333 exec/s: 8219 rss: 30Mb L: 98/333 MS: 4 ShuffleBytes-ShuffleBytes-ChangeBit-CrossOver-
#24731	REDUCE cov: 126 ft: 537 corp: 77/11981b lim: 333 exec/s: 8243 rss: 30Mb L: 16/333 MS: 2 ShuffleBytes-EraseBytes-
#25055	REDUCE cov: 126 ft: 537 corp: 77/11946b lim: 333 exec/s: 8351 rss: 30Mb L: 64/333 MS: 4 ShuffleBytes-CrossOver-ShuffleBytes-EraseBytes-
#25415	REDUCE cov: 126 ft: 537 corp: 77/11920b lim: 333 exec/s: 8471 rss: 30Mb L: 203/333 MS: 5 CMP-ChangeBit-CopyPart-ChangeBit-EraseBytes- DE: "\000\000|$\334\016~y"-
#25452	REDUCE cov: 126 ft: 537 corp: 77/11919b lim: 333 exec/s: 8484 rss: 30Mb L: 204/333 MS: 2 ChangeBinInt-EraseBytes-
#25902	REDUCE cov: 126 ft: 537 corp: 77/11917b lim: 333 exec/s: 6475 rss: 30Mb L: 26/333 MS: 4 ChangeASCIIInt-CMP-ChangeBinInt-EraseBytes- DE: " \000\000\000"-
#25983	REDUCE cov: 126 ft: 537 corp: 77/11909b lim: 333 exec/s: 6495 rss: 30Mb L: 26/333 MS: 1 EraseBytes-
#26634	REDUCE cov: 126 ft: 537 corp: 77/11905b lim: 333 exec/s: 6658 rss: 30Mb L: 16/333 MS: 1 EraseBytes-
#26669	REDUCE cov: 126 ft: 537 corp: 77/11883b lim: 333 exec/s: 6667 rss: 30Mb L: 52/333 MS: 5 CMP-CopyPart-PersAutoDict-InsertRepeatedBytes-EraseBytes- DE: "\000\000|$\334\015\011\323"-"\007\000"-
#26884	REDUCE cov: 126 ft: 537 corp: 77/11881b lim: 333 exec/s: 6721 rss: 30Mb L: 180/333 MS: 5 CMP-ChangeBit-ChangeBit-InsertByte-EraseBytes- DE: "\030I\017\334$|\000\000"-
#27687	REDUCE cov: 126 ft: 537 corp: 77/11860b lim: 333 exec/s: 6921 rss: 30Mb L: 95/333 MS: 3 ChangeBinInt-ShuffleBytes-EraseBytes-
#28656	REDUCE cov: 126 ft: 542 corp: 78/12179b lim: 341 exec/s: 7164 rss: 30Mb L: 319/333 MS: 4 ShuffleBytes-InsertByte-CrossOver-InsertRepeatedBytes-
#28753	REDUCE cov: 126 ft: 543 corp: 79/12489b lim: 341 exec/s: 7188 rss: 30Mb L: 310/333 MS: 2 CopyPart-InsertRepeatedBytes-
#30090	REDUCE cov: 126 ft: 543 corp: 79/12460b lim: 349 exec/s: 7522 rss: 30Mb L: 39/333 MS: 2 ChangeBit-EraseBytes-
#30470	REDUCE cov: 126 ft: 543 corp: 79/12459b lim: 349 exec/s: 7617 rss: 30Mb L: 59/333 MS: 5 EraseBytes-CopyPart-ChangeBit-PersAutoDict-EraseBytes- DE: "\027\000\000\000"-
#30552	REDUCE cov: 126 ft: 543 corp: 79/12452b lim: 349 exec/s: 7638 rss: 30Mb L: 109/333 MS: 2 ChangeASCIIInt-EraseBytes-
#30683	REDUCE cov: 126 ft: 543 corp: 79/12450b lim: 349 exec/s: 7670 rss: 30Mb L: 25/333 MS: 1 CrossOver-
#31149	REDUCE cov: 126 ft: 543 corp: 79/12431b lim: 349 exec/s: 7787 rss: 30Mb L: 184/333 MS: 1 EraseBytes-
#31317	REDUCE cov: 126 ft: 543 corp: 79/12409b lim: 349 exec/s: 7829 rss: 30Mb L: 190/333 MS: 3 ChangeBit-CrossOver-CrossOver-
#31686	REDUCE cov: 126 ft: 543 corp: 79/12370b lim: 349 exec/s: 7921 rss: 30Mb L: 232/333 MS: 4 ChangeByte-CrossOver-PersAutoDict-EraseBytes- DE: "schm"-
#31760	REDUCE cov: 126 ft: 543 corp: 79/12365b lim: 349 exec/s: 7940 rss: 30Mb L: 314/333 MS: 4 ChangeASCIIInt-CopyPart-EraseBytes-ShuffleBytes-
#31794	REDUCE cov: 126 ft: 543 corp: 79/12363b lim: 349 exec/s: 7948 rss: 30Mb L: 178/333 MS: 4 CMP-CopyPart-EraseBytes-ChangeByte- DE: "\004\000\000\000\000\000\000\000"-
#32072	REDUCE cov: 126 ft: 543 corp: 79/12362b lim: 349 exec/s: 8018 rss: 30Mb L: 50/333 MS: 3 ChangeByte-CMP-EraseBytes- DE: "\001\000|$\334\021\333J"-
==512579== ERROR: libFuzzer: out-of-memory (used: 1496Mb; limit: 1024Mb)
   To change the out-of-memory limit use -rss_limit_mb=<N>

MS: 4 ShuffleBytes-CopyPart-PersAutoDict-InsertByte- DE: "frma"-; base unit: 42965e1d6a08a00ac549b9dc7beb5f0e8f74f01b
artifact_prefix='/results/crashes/20260313_170259_bd95a152_'; Test unit written to /results/crashes/20260313_170259_bd95a152_oom-e61534d93a1be51a0b09f1aca7585dff51a9695a
SUMMARY: libFuzzer: out-of-memory
stat::number_of_executed_units: 32591
stat::average_exec_per_sec:     5431
stat::new_units_added:          235
stat::slowest_unit_time_sec:    0
stat::peak_rss_mb:              1497
