INFO: Running with entropic power schedule (0xFF, 100).
INFO: Seed: 4239960526
INFO: Loaded 1 modules   (252 inline 8-bit counters): 252 [0x5c85b7cba678, 0x5c85b7cba774), 
INFO: Loaded 1 PC tables (252 PCs): 252 [0x5c85b7cba778,0x5c85b7cbb738), 
INFO:        4 files found in /tmp/corpus_20260313_143713_0f8f1921
INFO: seed corpus: files: 4 min: 48b max: 333b total: 853b rss: 28Mb
#5	INITED cov: 118 ft: 251 corp: 4/853b exec/s: 0 rss: 29Mb
#9	NEW    cov: 118 ft: 284 corp: 5/976b lim: 333 exec/s: 0 rss: 29Mb L: 123/333 MS: 4 InsertRepeatedBytes-CMP-ChangeByte-EraseBytes- DE: "hvc1"-
#12	NEW    cov: 118 ft: 298 corp: 6/1183b lim: 333 exec/s: 0 rss: 29Mb L: 207/333 MS: 3 PersAutoDict-ChangeASCIIInt-InsertRepeatedBytes- DE: "hvc1"-
#14	NEW    cov: 118 ft: 318 corp: 7/1232b lim: 333 exec/s: 0 rss: 29Mb L: 49/333 MS: 2 ChangeASCIIInt-InsertByte-
#15	NEW    cov: 118 ft: 323 corp: 8/1485b lim: 333 exec/s: 0 rss: 29Mb L: 253/333 MS: 1 InsertByte-
#16	NEW    cov: 118 ft: 325 corp: 9/1636b lim: 333 exec/s: 0 rss: 29Mb L: 151/333 MS: 1 CrossOver-
#17	NEW    cov: 118 ft: 326 corp: 10/1969b lim: 333 exec/s: 0 rss: 29Mb L: 333/333 MS: 1 CopyPart-
#21	NEW    cov: 118 ft: 329 corp: 11/2187b lim: 333 exec/s: 0 rss: 29Mb L: 218/333 MS: 4 PersAutoDict-ShuffleBytes-InsertByte-InsertRepeatedBytes- DE: "hvc1"-
#23	NEW    cov: 118 ft: 331 corp: 12/2224b lim: 333 exec/s: 0 rss: 29Mb L: 37/333 MS: 2 PersAutoDict-EraseBytes- DE: "hvc1"-
#27	NEW    cov: 118 ft: 332 corp: 13/2444b lim: 333 exec/s: 0 rss: 29Mb L: 220/333 MS: 4 ChangeBinInt-ShuffleBytes-ChangeByte-CopyPart-
#28	NEW    cov: 119 ft: 333 corp: 14/2776b lim: 333 exec/s: 0 rss: 29Mb L: 332/333 MS: 1 CopyPart-
#46	NEW    cov: 120 ft: 335 corp: 15/2998b lim: 333 exec/s: 0 rss: 29Mb L: 222/333 MS: 3 PersAutoDict-ChangeASCIIInt-CMP- DE: "hvc1"-"\000\000\000\002"-
#56	NEW    cov: 120 ft: 337 corp: 16/3088b lim: 333 exec/s: 0 rss: 29Mb L: 90/333 MS: 5 ChangeBit-CopyPart-ShuffleBytes-CopyPart-CrossOver-
#59	NEW    cov: 120 ft: 338 corp: 17/3176b lim: 333 exec/s: 0 rss: 29Mb L: 88/333 MS: 3 InsertRepeatedBytes-CopyPart-EraseBytes-
#67	NEW    cov: 120 ft: 339 corp: 18/3400b lim: 333 exec/s: 0 rss: 29Mb L: 224/333 MS: 3 PersAutoDict-ChangeBit-CopyPart- DE: "\000\000\000\002"-
#71	NEW    cov: 120 ft: 349 corp: 19/3553b lim: 333 exec/s: 0 rss: 29Mb L: 153/333 MS: 4 InsertByte-InsertByte-ChangeBit-ShuffleBytes-
#77	NEW    cov: 120 ft: 350 corp: 20/3792b lim: 333 exec/s: 0 rss: 29Mb L: 239/333 MS: 1 EraseBytes-
#79	NEW    cov: 120 ft: 351 corp: 21/3838b lim: 333 exec/s: 0 rss: 29Mb L: 46/333 MS: 2 CrossOver-CrossOver-
#81	NEW    cov: 120 ft: 352 corp: 22/4062b lim: 333 exec/s: 0 rss: 29Mb L: 224/333 MS: 2 ShuffleBytes-PersAutoDict- DE: "hvc1"-
#84	REDUCE cov: 120 ft: 352 corp: 22/4060b lim: 333 exec/s: 0 rss: 29Mb L: 44/333 MS: 3 ChangeBinInt-ChangeBit-EraseBytes-
#90	NEW    cov: 120 ft: 354 corp: 23/4326b lim: 333 exec/s: 0 rss: 29Mb L: 266/333 MS: 1 CrossOver-
#92	NEW    cov: 120 ft: 355 corp: 24/4432b lim: 333 exec/s: 0 rss: 29Mb L: 106/333 MS: 2 InsertByte-InsertRepeatedBytes-
#100	NEW    cov: 121 ft: 357 corp: 25/4760b lim: 333 exec/s: 0 rss: 29Mb L: 328/333 MS: 3 CMP-PersAutoDict-CopyPart- DE: "tapt"-"\000\000\000\002"-
#113	NEW    cov: 121 ft: 382 corp: 26/4799b lim: 333 exec/s: 0 rss: 29Mb L: 39/333 MS: 3 InsertByte-InsertByte-ChangeBit-
#127	NEW    cov: 122 ft: 388 corp: 27/4873b lim: 333 exec/s: 0 rss: 29Mb L: 74/333 MS: 4 InsertByte-PersAutoDict-PersAutoDict-EraseBytes- DE: "hvc1"-"\000\000\000\002"-
#132	NEW    cov: 122 ft: 389 corp: 28/5047b lim: 333 exec/s: 0 rss: 29Mb L: 174/333 MS: 5 ChangeBinInt-CopyPart-PersAutoDict-ChangeASCIIInt-EraseBytes- DE: "hvc1"-
#136	NEW    cov: 122 ft: 392 corp: 29/5371b lim: 333 exec/s: 0 rss: 29Mb L: 324/333 MS: 4 ChangeBit-CopyPart-ShuffleBytes-CopyPart-
#139	REDUCE cov: 122 ft: 392 corp: 29/5269b lim: 333 exec/s: 0 rss: 29Mb L: 230/333 MS: 3 CrossOver-ChangeByte-CrossOver-
#140	REDUCE cov: 122 ft: 392 corp: 29/5210b lim: 333 exec/s: 0 rss: 29Mb L: 180/333 MS: 1 EraseBytes-
#141	NEW    cov: 122 ft: 393 corp: 30/5516b lim: 333 exec/s: 0 rss: 29Mb L: 306/333 MS: 1 CrossOver-
#152	NEW    cov: 122 ft: 399 corp: 31/5636b lim: 333 exec/s: 0 rss: 29Mb L: 120/333 MS: 1 InsertRepeatedBytes-
#174	NEW    cov: 122 ft: 400 corp: 32/5740b lim: 333 exec/s: 0 rss: 29Mb L: 104/333 MS: 2 InsertByte-EraseBytes-
#185	NEW    cov: 122 ft: 401 corp: 33/6073b lim: 333 exec/s: 0 rss: 29Mb L: 333/333 MS: 1 InsertRepeatedBytes-
#186	REDUCE cov: 122 ft: 401 corp: 33/5969b lim: 333 exec/s: 0 rss: 29Mb L: 126/333 MS: 1 EraseBytes-
#193	NEW    cov: 122 ft: 413 corp: 34/6000b lim: 333 exec/s: 0 rss: 29Mb L: 31/333 MS: 2 CMP-EraseBytes- DE: "!\000\000\000"-
#211	NEW    cov: 122 ft: 429 corp: 35/6324b lim: 333 exec/s: 0 rss: 29Mb L: 324/333 MS: 3 ChangeByte-ChangeBinInt-ChangeByte-
#238	NEW    cov: 122 ft: 436 corp: 36/6353b lim: 333 exec/s: 0 rss: 29Mb L: 29/333 MS: 2 ChangeBit-EraseBytes-
#244	NEW    cov: 122 ft: 438 corp: 37/6571b lim: 333 exec/s: 0 rss: 29Mb L: 218/333 MS: 1 CopyPart-
#252	NEW    cov: 123 ft: 439 corp: 38/6884b lim: 333 exec/s: 0 rss: 29Mb L: 313/333 MS: 3 PersAutoDict-PersAutoDict-CopyPart- DE: "hvc1"-"\000\000\000\002"-
#287	NEW    cov: 123 ft: 440 corp: 39/7027b lim: 333 exec/s: 0 rss: 29Mb L: 143/333 MS: 5 ChangeASCIIInt-InsertByte-ChangeBit-PersAutoDict-InsertRepeatedBytes- DE: "\000\000\000\002"-
#290	REDUCE cov: 123 ft: 441 corp: 40/7080b lim: 333 exec/s: 0 rss: 29Mb L: 53/333 MS: 3 PersAutoDict-InsertByte-PersAutoDict- DE: "\000\000\000\002"-"hvc1"-
==40478== ERROR: libFuzzer: out-of-memory (used: 1481Mb; limit: 1024Mb)
   To change the out-of-memory limit use -rss_limit_mb=<N>

MS: 1 PersAutoDict- DE: "hvc1"-; base unit: 9e163115cf0181156b51a735129d58b6331896a8
0x0,0x0,0x0,0x18,0x66,0x74,0x79,0x70,0x6d,0x70,0x34,0x32,0x0,0x0,0x0,0x0,0x6d,0x70,0x34,0x32,0x68,0x76,0x63,0x31,0x0,0x0,0x0,0x18,0x6d,0x74,0x79,0x70,0x6d,0x70,0x34,0x32,0x0,0x0,0x0,0x0,0x6d,0x70,0x34,0x32,0x68,0x76,0x63,0x31,0x0,0x0,0x0,0x18,0x6d,0x64,0x61,0x74,0x0,0x0,0x0,0x0,0x0,0x1c,0x66,0x74,0x79,0x0,0x0,0x0,0x0,0x0,0x0,0x0,0x0,0x0,0x0,0x70,0x68,0x76,0x63,0x31,0x69,0x73,0x6f,0x35,0x0,0x0,0x0,0x0,0x69,0x73,0x6f,0x35,0x69,0x73,0x6f,0x68,0x76,0x63,0x31,0x31,0x0,0x0,0x0,0x80,0x6d,0x6f,0x6f,0x76,0x0,0x0,0x0,0x78,0x6d,0x76,0x68,0x64,0x0,0x0,0x10,0x6d,0x66,0x68,0x64,0x0,0x0,0x0,0x0,0x0,0x0,0x0,0x0,0x83,0x83,0x83,0x83,0x83,0x83,0x83,0x83,0x83,0x83,0x83,0x83,0x83,0x83,0x83,0x83,0x83,0x83,0x83,0x83,0x83,0x83,0x83,0x83,0x83,0x83,0x83,0x83,0x83,0x83,0x83,0x83,0x83,0x83,0x83,0x83,0x83,0x83,0x83,0x83,0x83,0x83,0x83,0x0,0x0,0x0,0x0,0x0,0x0,0x0,0x0,0x0,0x0,0x0,0x0,0x0,0x0,0x0,0x27,0x0,0x0,0x0,0x0,0x0,0x0,0x0,0x0,0x0,0x0,0x1,0x0,0x0,0x0,0x28,0x6d,0x64,0x61,0x0,0x74,0x0,0x0,0x0,0x0,0x0,0x0,0x0,0x0,0x0,0x0,0x0,0x0,
\000\000\000\030ftypmp42\000\000\000\000mp42hvc1\000\000\000\030mtypmp42\000\000\000\000mp42hvc1\000\000\000\030mdat\000\000\000\000\000\034fty\000\000\000\000\000\000\000\000\000\000phvc1iso5\000\000\000\000iso5isohvc11\000\000\000\200moov\000\000\000xmvhd\000\000\020mfhd\000\000\000\000\000\000\000\000\203\203\203\203\203\203\203\203\203\203\203\203\203\203\203\203\203\203\203\203\203\203\203\203\203\203\203\203\203\203\203\203\203\203\203\203\203\203\203\203\203\203\203\000\000\000\000\000\000\000\000\000\000\000\000\000\000\000'\000\000\000\000\000\000\000\000\000\000\001\000\000\000(mda\000t\000\000\000\000\000\000\000\000\000\000\000\000
artifact_prefix='/results/crashes/20260313_143713_0f8f1921_'; Test unit written to /results/crashes/20260313_143713_0f8f1921_oom-ad570e32b78ef403a7c77386791b40cbbfb8b125
Base64: AAAAGGZ0eXBtcDQyAAAAAG1wNDJodmMxAAAAGG10eXBtcDQyAAAAAG1wNDJodmMxAAAAGG1kYXQAAAAAABxmdHkAAAAAAAAAAAAAcGh2YzFpc281AAAAAGlzbzVpc29odmMxMQAAAIBtb292AAAAeG12aGQAABBtZmhkAAAAAAAAAACDg4ODg4ODg4ODg4ODg4ODg4ODg4ODg4ODg4ODg4ODg4ODg4ODg4ODg4ODAAAAAAAAAAAAAAAAAAAAJwAAAAAAAAAAAAABAAAAKG1kYQB0AAAAAAAAAAAAAAAA
SUMMARY: libFuzzer: out-of-memory
stat::number_of_executed_units: 301
stat::average_exec_per_sec:     301
stat::new_units_added:          40
stat::slowest_unit_time_sec:    0
stat::peak_rss_mb:              1483
