INFO: Running with entropic power schedule (0xFF, 100).
INFO: Seed: 128938177
INFO: Loaded 1 modules   (252 inline 8-bit counters): 252 [0x5d3f5646c678, 0x5d3f5646c774), 
INFO: Loaded 1 PC tables (252 PCs): 252 [0x5d3f5646c778,0x5d3f5646d738), 
INFO:        4 files found in /tmp/corpus_20260313_165101_76c46db9
INFO: seed corpus: files: 4 min: 48b max: 333b total: 853b rss: 28Mb
#5	INITED cov: 117 ft: 250 corp: 4/853b exec/s: 0 rss: 29Mb
#6	NEW    cov: 117 ft: 256 corp: 5/1106b lim: 333 exec/s: 0 rss: 29Mb L: 253/333 MS: 1 InsertByte-
#8	NEW    cov: 117 ft: 266 corp: 6/1409b lim: 333 exec/s: 0 rss: 29Mb L: 303/333 MS: 2 ChangeByte-CrossOver-
#13	NEW    cov: 118 ft: 269 corp: 7/1742b lim: 333 exec/s: 0 rss: 29Mb L: 333/333 MS: 5 ShuffleBytes-ChangeByte-CopyPart-ShuffleBytes-CopyPart-
#16	NEW    cov: 119 ft: 273 corp: 8/2075b lim: 333 exec/s: 0 rss: 29Mb L: 333/333 MS: 3 ShuffleBytes-ShuffleBytes-CopyPart-
#18	NEW    cov: 119 ft: 274 corp: 9/2408b lim: 333 exec/s: 0 rss: 29Mb L: 333/333 MS: 2 ChangeBit-ChangeByte-
#19	NEW    cov: 119 ft: 276 corp: 10/2683b lim: 333 exec/s: 0 rss: 29Mb L: 275/333 MS: 1 EraseBytes-
#26	NEW    cov: 119 ft: 277 corp: 11/2884b lim: 333 exec/s: 0 rss: 29Mb L: 201/333 MS: 2 ChangeASCIIInt-EraseBytes-
#29	NEW    cov: 119 ft: 283 corp: 12/3059b lim: 333 exec/s: 0 rss: 29Mb L: 175/333 MS: 3 InsertByte-EraseBytes-InsertByte-
#32	NEW    cov: 119 ft: 284 corp: 13/3390b lim: 333 exec/s: 0 rss: 29Mb L: 331/333 MS: 3 CopyPart-ChangeByte-InsertByte-
#34	NEW    cov: 120 ft: 286 corp: 14/3721b lim: 333 exec/s: 0 rss: 29Mb L: 331/333 MS: 2 InsertRepeatedBytes-CrossOver-
#36	NEW    cov: 120 ft: 326 corp: 15/3769b lim: 333 exec/s: 0 rss: 29Mb L: 48/333 MS: 2 ChangeBinInt-ChangeByte-
#37	NEW    cov: 120 ft: 331 corp: 16/3904b lim: 333 exec/s: 0 rss: 29Mb L: 135/333 MS: 1 InsertRepeatedBytes-
#47	NEW    cov: 120 ft: 332 corp: 17/4162b lim: 333 exec/s: 0 rss: 29Mb L: 258/333 MS: 5 CopyPart-ChangeByte-ChangeByte-CrossOver-CopyPart-
#51	NEW    cov: 120 ft: 342 corp: 18/4214b lim: 333 exec/s: 0 rss: 29Mb L: 52/333 MS: 4 CMP-ChangeBinInt-ShuffleBytes-ChangeBinInt- DE: "\037\000\000\000"-
#52	NEW    cov: 120 ft: 356 corp: 19/4262b lim: 333 exec/s: 0 rss: 29Mb L: 48/333 MS: 1 ChangeBit-
#53	NEW    cov: 120 ft: 366 corp: 20/4385b lim: 333 exec/s: 0 rss: 29Mb L: 123/333 MS: 1 InsertRepeatedBytes-
#55	NEW    cov: 120 ft: 367 corp: 21/4593b lim: 333 exec/s: 0 rss: 29Mb L: 208/333 MS: 2 ShuffleBytes-EraseBytes-
#56	NEW    cov: 120 ft: 372 corp: 22/4845b lim: 333 exec/s: 0 rss: 29Mb L: 252/333 MS: 1 ChangeBit-
#61	NEW    cov: 120 ft: 373 corp: 23/5139b lim: 333 exec/s: 0 rss: 29Mb L: 294/333 MS: 5 CrossOver-ChangeBinInt-EraseBytes-ChangeASCIIInt-CopyPart-
#62	NEW    cov: 120 ft: 380 corp: 24/5419b lim: 333 exec/s: 0 rss: 29Mb L: 280/333 MS: 1 InsertRepeatedBytes-
#65	NEW    cov: 120 ft: 381 corp: 25/5531b lim: 333 exec/s: 0 rss: 29Mb L: 112/333 MS: 3 InsertByte-ChangeBinInt-InsertRepeatedBytes-
#69	NEW    cov: 120 ft: 382 corp: 26/5805b lim: 333 exec/s: 0 rss: 29Mb L: 274/333 MS: 4 ChangeBinInt-PersAutoDict-PersAutoDict-CrossOver- DE: "\037\000\000\000"-"\037\000\000\000"-
#71	REDUCE cov: 120 ft: 382 corp: 26/5705b lim: 333 exec/s: 0 rss: 29Mb L: 233/333 MS: 2 ChangeBit-EraseBytes-
#81	NEW    cov: 121 ft: 383 corp: 27/5886b lim: 333 exec/s: 0 rss: 29Mb L: 181/333 MS: 5 ChangeASCIIInt-ChangeBit-ShuffleBytes-EraseBytes-EraseBytes-
#85	NEW    cov: 121 ft: 392 corp: 28/6149b lim: 333 exec/s: 0 rss: 29Mb L: 263/333 MS: 4 InsertByte-ChangeASCIIInt-PersAutoDict-InsertRepeatedBytes- DE: "\037\000\000\000"-
#91	NEW    cov: 121 ft: 393 corp: 29/6221b lim: 333 exec/s: 0 rss: 29Mb L: 72/333 MS: 1 CrossOver-
#96	NEW    cov: 121 ft: 394 corp: 30/6485b lim: 333 exec/s: 0 rss: 29Mb L: 264/333 MS: 5 EraseBytes-PersAutoDict-ChangeBit-InsertRepeatedBytes-EraseBytes- DE: "\037\000\000\000"-
#98	NEW    cov: 121 ft: 401 corp: 31/6541b lim: 333 exec/s: 0 rss: 29Mb L: 56/333 MS: 2 ChangeBit-PersAutoDict- DE: "\037\000\000\000"-
#105	NEW    cov: 121 ft: 407 corp: 32/6860b lim: 333 exec/s: 0 rss: 29Mb L: 319/333 MS: 2 InsertRepeatedBytes-CrossOver-
#111	NEW    cov: 121 ft: 425 corp: 33/6872b lim: 333 exec/s: 0 rss: 29Mb L: 12/333 MS: 1 CrossOver-
#116	NEW    cov: 121 ft: 426 corp: 34/7204b lim: 333 exec/s: 0 rss: 29Mb L: 332/333 MS: 5 InsertRepeatedBytes-ShuffleBytes-CopyPart-ChangeByte-CrossOver-
#130	NEW    cov: 121 ft: 428 corp: 35/7477b lim: 333 exec/s: 0 rss: 29Mb L: 273/333 MS: 4 ShuffleBytes-CopyPart-ChangeBit-InsertRepeatedBytes-
#159	NEW    cov: 121 ft: 435 corp: 36/7590b lim: 333 exec/s: 0 rss: 29Mb L: 113/333 MS: 4 CopyPart-ChangeBinInt-ChangeByte-EraseBytes-
#163	NEW    cov: 121 ft: 436 corp: 37/7669b lim: 333 exec/s: 0 rss: 29Mb L: 79/333 MS: 4 InsertRepeatedBytes-ChangeBit-ChangeBit-ChangeBit-
#168	NEW    cov: 121 ft: 437 corp: 38/7914b lim: 333 exec/s: 0 rss: 29Mb L: 245/333 MS: 5 EraseBytes-CrossOver-ChangeBit-ChangeByte-PersAutoDict- DE: "\037\000\000\000"-
#174	NEW    cov: 121 ft: 438 corp: 39/7962b lim: 333 exec/s: 0 rss: 29Mb L: 48/333 MS: 1 ChangeBit-
#212	REDUCE cov: 121 ft: 438 corp: 39/7920b lim: 333 exec/s: 0 rss: 29Mb L: 93/333 MS: 3 ChangeBinInt-InsertByte-EraseBytes-
#237	NEW    cov: 121 ft: 442 corp: 40/8025b lim: 333 exec/s: 0 rss: 29Mb L: 105/333 MS: 5 PersAutoDict-InsertRepeatedBytes-CopyPart-ShuffleBytes-EraseBytes- DE: "\037\000\000\000"-
#260	REDUCE cov: 121 ft: 442 corp: 40/7908b lim: 333 exec/s: 0 rss: 29Mb L: 156/333 MS: 3 CrossOver-CMP-PersAutoDict- DE: "\377\037"-"\037\000\000\000"-
#269	NEW    cov: 121 ft: 443 corp: 41/8036b lim: 333 exec/s: 0 rss: 29Mb L: 128/333 MS: 4 ChangeASCIIInt-PersAutoDict-ChangeBinInt-EraseBytes- DE: "\377\037"-
#283	NEW    cov: 121 ft: 452 corp: 42/8053b lim: 333 exec/s: 0 rss: 29Mb L: 17/333 MS: 4 ChangeByte-InsertByte-CrossOver-CMP- DE: "avcC"-
#309	NEW    cov: 121 ft: 453 corp: 43/8118b lim: 333 exec/s: 0 rss: 29Mb L: 65/333 MS: 1 CrossOver-
#337	REDUCE cov: 121 ft: 453 corp: 43/8111b lim: 333 exec/s: 0 rss: 29Mb L: 65/333 MS: 3 EraseBytes-ChangeByte-InsertByte-
#344	NEW    cov: 121 ft: 454 corp: 44/8149b lim: 333 exec/s: 0 rss: 29Mb L: 38/333 MS: 2 CrossOver-EraseBytes-
#362	NEW    cov: 121 ft: 457 corp: 45/8473b lim: 333 exec/s: 0 rss: 29Mb L: 324/333 MS: 3 InsertRepeatedBytes-InsertByte-CopyPart-
#381	NEW    cov: 121 ft: 466 corp: 46/8502b lim: 333 exec/s: 0 rss: 29Mb L: 29/333 MS: 4 ChangeBit-CopyPart-ChangeByte-EraseBytes-
#410	NEW    cov: 121 ft: 468 corp: 47/8542b lim: 333 exec/s: 0 rss: 29Mb L: 40/333 MS: 4 InsertByte-ChangeBinInt-ShuffleBytes-InsertByte-
#417	REDUCE cov: 121 ft: 468 corp: 47/8540b lim: 333 exec/s: 0 rss: 29Mb L: 121/333 MS: 2 InsertByte-EraseBytes-
#429	REDUCE cov: 121 ft: 468 corp: 47/8539b lim: 333 exec/s: 0 rss: 29Mb L: 323/333 MS: 2 ChangeBinInt-EraseBytes-
#506	REDUCE cov: 121 ft: 468 corp: 47/8513b lim: 333 exec/s: 0 rss: 29Mb L: 53/333 MS: 2 ShuffleBytes-EraseBytes-
#510	NEW    cov: 121 ft: 469 corp: 48/8689b lim: 333 exec/s: 0 rss: 29Mb L: 176/333 MS: 4 ShuffleBytes-EraseBytes-ChangeBit-InsertRepeatedBytes-
#578	REDUCE cov: 121 ft: 469 corp: 48/8583b lim: 333 exec/s: 0 rss: 29Mb L: 146/333 MS: 3 PersAutoDict-ChangeByte-CrossOver- DE: "\037\000\000\000"-
#613	REDUCE cov: 121 ft: 469 corp: 48/8566b lim: 333 exec/s: 0 rss: 29Mb L: 31/333 MS: 5 ChangeASCIIInt-ShuffleBytes-CopyPart-ChangeByte-EraseBytes-
#709	REDUCE cov: 121 ft: 469 corp: 48/8564b lim: 333 exec/s: 0 rss: 29Mb L: 251/333 MS: 1 EraseBytes-
#739	REDUCE cov: 121 ft: 469 corp: 48/8554b lim: 333 exec/s: 0 rss: 29Mb L: 43/333 MS: 5 ChangeBinInt-ChangeBinInt-ChangeBit-ChangeBit-EraseBytes-
#813	REDUCE cov: 121 ft: 469 corp: 48/8541b lim: 333 exec/s: 0 rss: 29Mb L: 162/333 MS: 4 PersAutoDict-ChangeByte-CopyPart-EraseBytes- DE: "\037\000\000\000"-
#962	REDUCE cov: 121 ft: 476 corp: 49/8684b lim: 333 exec/s: 0 rss: 29Mb L: 143/333 MS: 4 PersAutoDict-InsertRepeatedBytes-ChangeBinInt-CrossOver- DE: "\037\000\000\000"-
#977	NEW    cov: 121 ft: 477 corp: 50/8951b lim: 333 exec/s: 0 rss: 29Mb L: 267/333 MS: 5 CMP-ChangeByte-CMP-InsertRepeatedBytes-EraseBytes- DE: "[\000"-"moov"-
#1105	REDUCE cov: 121 ft: 477 corp: 50/8935b lim: 333 exec/s: 0 rss: 29Mb L: 24/333 MS: 3 ShuffleBytes-EraseBytes-ChangeByte-
#1188	NEW    cov: 121 ft: 478 corp: 51/8964b lim: 333 exec/s: 0 rss: 29Mb L: 29/333 MS: 3 CrossOver-ShuffleBytes-CrossOver-
#1209	NEW    cov: 122 ft: 479 corp: 52/8970b lim: 333 exec/s: 0 rss: 29Mb L: 6/333 MS: 1 CrossOver-
#1281	NEW    cov: 122 ft: 480 corp: 53/9237b lim: 333 exec/s: 0 rss: 29Mb L: 267/333 MS: 2 ChangeBinInt-CopyPart-
#1289	REDUCE cov: 122 ft: 480 corp: 53/9208b lim: 333 exec/s: 0 rss: 29Mb L: 133/333 MS: 3 CopyPart-ChangeByte-EraseBytes-
#1357	REDUCE cov: 122 ft: 480 corp: 53/9203b lim: 333 exec/s: 0 rss: 29Mb L: 43/333 MS: 3 ChangeBinInt-CMP-EraseBytes- DE: "\017\000\000\000\000\000\000\000"-
#1361	REDUCE cov: 122 ft: 480 corp: 53/9198b lim: 333 exec/s: 0 rss: 29Mb L: 26/333 MS: 4 ShuffleBytes-ChangeBit-ChangeBinInt-EraseBytes-
#1397	REDUCE cov: 122 ft: 480 corp: 53/9197b lim: 333 exec/s: 0 rss: 29Mb L: 25/333 MS: 1 EraseBytes-
#1420	REDUCE cov: 122 ft: 480 corp: 53/9181b lim: 333 exec/s: 0 rss: 29Mb L: 27/333 MS: 3 CMP-PersAutoDict-EraseBytes- DE: "\201(\265\270\375\177\000\000"-"\377\037"-
#1468	NEW    cov: 123 ft: 481 corp: 54/9514b lim: 333 exec/s: 0 rss: 29Mb L: 333/333 MS: 3 CopyPart-PersAutoDict-ChangeBinInt- DE: "\377\037"-
#1470	NEW    cov: 123 ft: 483 corp: 55/9789b lim: 333 exec/s: 0 rss: 29Mb L: 275/333 MS: 2 ChangeByte-PersAutoDict- DE: "\017\000\000\000\000\000\000\000"-
#1534	REDUCE cov: 123 ft: 483 corp: 55/9785b lim: 333 exec/s: 0 rss: 29Mb L: 129/333 MS: 4 ChangeBinInt-InsertByte-CopyPart-EraseBytes-
#1536	REDUCE cov: 123 ft: 483 corp: 55/9701b lim: 333 exec/s: 0 rss: 29Mb L: 248/333 MS: 2 ChangeBinInt-EraseBytes-
#1568	NEW    cov: 123 ft: 484 corp: 56/9711b lim: 333 exec/s: 0 rss: 29Mb L: 10/333 MS: 2 ChangeBinInt-CMP- DE: "\000\000\000\000"-
#1608	REDUCE cov: 123 ft: 484 corp: 56/9698b lim: 333 exec/s: 0 rss: 29Mb L: 281/333 MS: 5 CMP-PersAutoDict-PersAutoDict-CMP-EraseBytes- DE: "\377\377\377\377\377\377\377\003"-"\037\000\000\000"-"\037\000\000\000"-"\377\377\377\024"-
#1625	REDUCE cov: 123 ft: 484 corp: 56/9695b lim: 333 exec/s: 0 rss: 29Mb L: 26/333 MS: 2 CopyPart-EraseBytes-
#1633	REDUCE cov: 123 ft: 484 corp: 56/9692b lim: 333 exec/s: 0 rss: 29Mb L: 198/333 MS: 3 ChangeByte-ChangeASCIIInt-EraseBytes-
#1747	REDUCE cov: 123 ft: 484 corp: 56/9661b lim: 333 exec/s: 0 rss: 29Mb L: 62/333 MS: 4 ChangeBit-InsertRepeatedBytes-ShuffleBytes-EraseBytes-
#1783	REDUCE cov: 123 ft: 484 corp: 56/9591b lim: 333 exec/s: 0 rss: 29Mb L: 163/333 MS: 1 CrossOver-
#1819	REDUCE cov: 123 ft: 484 corp: 56/9555b lim: 333 exec/s: 0 rss: 29Mb L: 209/333 MS: 1 EraseBytes-
#1846	REDUCE cov: 123 ft: 484 corp: 56/9524b lim: 333 exec/s: 0 rss: 29Mb L: 125/333 MS: 2 PersAutoDict-EraseBytes- DE: "\017\000\000\000\000\000\000\000"-
#2058	REDUCE cov: 123 ft: 484 corp: 56/9444b lim: 333 exec/s: 0 rss: 29Mb L: 187/333 MS: 2 PersAutoDict-EraseBytes- DE: "\377\037"-
#2109	REDUCE cov: 123 ft: 484 corp: 56/9290b lim: 333 exec/s: 0 rss: 29Mb L: 169/333 MS: 1 EraseBytes-
#2290	NEW    cov: 123 ft: 490 corp: 57/9623b lim: 333 exec/s: 0 rss: 29Mb L: 333/333 MS: 1 ChangeByte-
#2312	REDUCE cov: 123 ft: 490 corp: 57/9612b lim: 333 exec/s: 0 rss: 29Mb L: 152/333 MS: 2 ChangeASCIIInt-EraseBytes-
#2321	REDUCE cov: 123 ft: 490 corp: 57/9610b lim: 333 exec/s: 0 rss: 29Mb L: 278/333 MS: 4 CMP-PersAutoDict-ShuffleBytes-EraseBytes- DE: "5\001"-"moov"-
#2339	REDUCE cov: 123 ft: 490 corp: 57/9608b lim: 333 exec/s: 0 rss: 29Mb L: 36/333 MS: 3 InsertByte-InsertByte-EraseBytes-
#2374	REDUCE cov: 123 ft: 490 corp: 57/9554b lim: 333 exec/s: 0 rss: 29Mb L: 144/333 MS: 5 PersAutoDict-ShuffleBytes-PersAutoDict-ChangeBinInt-EraseBytes- DE: "\377\037"-"5\001"-
#2391	REDUCE cov: 123 ft: 490 corp: 57/9481b lim: 333 exec/s: 0 rss: 29Mb L: 246/333 MS: 2 ChangeBinInt-EraseBytes-
#2410	REDUCE cov: 123 ft: 490 corp: 57/9466b lim: 333 exec/s: 0 rss: 29Mb L: 98/333 MS: 4 ShuffleBytes-CMP-PersAutoDict-EraseBytes- DE: "tapt"-"\377\377\377\024"-
#2416	REDUCE cov: 123 ft: 490 corp: 57/9418b lim: 333 exec/s: 0 rss: 29Mb L: 77/333 MS: 1 EraseBytes-
#2565	NEW    cov: 123 ft: 491 corp: 58/9751b lim: 333 exec/s: 0 rss: 29Mb L: 333/333 MS: 4 CopyPart-ChangeByte-ChangeByte-CMP- DE: "M\001\000\000\000\000\000\000"-
#2572	REDUCE cov: 123 ft: 491 corp: 58/9743b lim: 333 exec/s: 0 rss: 29Mb L: 17/333 MS: 2 ChangeBinInt-EraseBytes-
#2587	NEW    cov: 123 ft: 493 corp: 59/9772b lim: 333 exec/s: 0 rss: 29Mb L: 29/333 MS: 5 EraseBytes-ShuffleBytes-CopyPart-InsertByte-EraseBytes-
#2745	NEW    cov: 123 ft: 498 corp: 60/10085b lim: 333 exec/s: 0 rss: 29Mb L: 313/333 MS: 3 ChangeASCIIInt-CopyPart-InsertRepeatedBytes-
#2942	REDUCE cov: 123 ft: 498 corp: 60/10075b lim: 333 exec/s: 0 rss: 29Mb L: 67/333 MS: 2 ShuffleBytes-EraseBytes-
#2959	REDUCE cov: 123 ft: 498 corp: 60/10073b lim: 333 exec/s: 0 rss: 29Mb L: 311/333 MS: 2 ChangeBit-EraseBytes-
#2964	REDUCE cov: 123 ft: 498 corp: 60/10065b lim: 333 exec/s: 0 rss: 29Mb L: 9/333 MS: 5 ShuffleBytes-ShuffleBytes-CrossOver-CopyPart-EraseBytes-
#2990	REDUCE cov: 123 ft: 498 corp: 60/10054b lim: 333 exec/s: 0 rss: 29Mb L: 320/333 MS: 1 EraseBytes-
#3312	NEW    cov: 123 ft: 499 corp: 61/10321b lim: 333 exec/s: 0 rss: 29Mb L: 267/333 MS: 2 ChangeByte-ChangeByte-
#3313	REDUCE cov: 123 ft: 499 corp: 61/10290b lim: 333 exec/s: 0 rss: 29Mb L: 112/333 MS: 1 EraseBytes-
#3336	REDUCE cov: 123 ft: 499 corp: 61/10275b lim: 333 exec/s: 0 rss: 29Mb L: 305/333 MS: 3 InsertByte-ChangeASCIIInt-EraseBytes-
#3577	REDUCE cov: 123 ft: 499 corp: 61/10271b lim: 333 exec/s: 0 rss: 29Mb L: 140/333 MS: 1 EraseBytes-
#3732	REDUCE cov: 123 ft: 499 corp: 61/10220b lim: 333 exec/s: 0 rss: 29Mb L: 213/333 MS: 5 ChangeBit-ChangeBinInt-ChangeASCIIInt-ShuffleBytes-EraseBytes-
#3748	REDUCE cov: 123 ft: 499 corp: 61/10219b lim: 333 exec/s: 0 rss: 29Mb L: 302/333 MS: 1 EraseBytes-
#3780	REDUCE cov: 123 ft: 499 corp: 61/10147b lim: 333 exec/s: 0 rss: 29Mb L: 261/333 MS: 2 ChangeBinInt-EraseBytes-
#3857	REDUCE cov: 123 ft: 499 corp: 61/10133b lim: 333 exec/s: 0 rss: 29Mb L: 319/333 MS: 2 ChangeBinInt-EraseBytes-
#3868	REDUCE cov: 123 ft: 499 corp: 61/10125b lim: 333 exec/s: 0 rss: 29Mb L: 21/333 MS: 1 EraseBytes-
#4159	REDUCE cov: 123 ft: 499 corp: 61/10115b lim: 333 exec/s: 0 rss: 29Mb L: 119/333 MS: 1 EraseBytes-
#4171	REDUCE cov: 123 ft: 499 corp: 61/10111b lim: 333 exec/s: 0 rss: 29Mb L: 25/333 MS: 2 CopyPart-EraseBytes-
#4383	REDUCE cov: 123 ft: 499 corp: 61/10055b lim: 333 exec/s: 0 rss: 29Mb L: 96/333 MS: 2 ShuffleBytes-EraseBytes-
#4399	REDUCE cov: 123 ft: 499 corp: 61/10030b lim: 333 exec/s: 0 rss: 29Mb L: 73/333 MS: 1 EraseBytes-
#4607	NEW    cov: 123 ft: 500 corp: 62/10363b lim: 333 exec/s: 0 rss: 29Mb L: 333/333 MS: 3 ChangeASCIIInt-CrossOver-CrossOver-
#4654	REDUCE cov: 123 ft: 500 corp: 62/10361b lim: 333 exec/s: 0 rss: 29Mb L: 8/333 MS: 2 CopyPart-EraseBytes-
#4697	REDUCE cov: 123 ft: 500 corp: 62/10351b lim: 333 exec/s: 0 rss: 29Mb L: 111/333 MS: 3 ShuffleBytes-ChangeBit-EraseBytes-
#4845	REDUCE cov: 123 ft: 500 corp: 62/10350b lim: 333 exec/s: 0 rss: 29Mb L: 26/333 MS: 3 ShuffleBytes-ChangeBit-EraseBytes-
#4890	REDUCE cov: 123 ft: 500 corp: 62/10311b lim: 333 exec/s: 0 rss: 29Mb L: 213/333 MS: 5 PersAutoDict-ShuffleBytes-InsertByte-ChangeASCIIInt-EraseBytes- DE: "\377\377\377\024"-
#4921	REDUCE cov: 123 ft: 500 corp: 62/10302b lim: 333 exec/s: 0 rss: 29Mb L: 12/333 MS: 1 EraseBytes-
#4924	REDUCE cov: 123 ft: 500 corp: 62/10251b lim: 333 exec/s: 0 rss: 29Mb L: 95/333 MS: 3 ShuffleBytes-ChangeBit-EraseBytes-
#5147	REDUCE cov: 123 ft: 500 corp: 62/10243b lim: 333 exec/s: 0 rss: 29Mb L: 88/333 MS: 3 ChangeByte-ChangeBinInt-EraseBytes-
#5607	REDUCE cov: 123 ft: 500 corp: 62/10210b lim: 333 exec/s: 0 rss: 29Mb L: 86/333 MS: 5 ChangeBinInt-ShuffleBytes-ChangeByte-ChangeASCIIInt-EraseBytes-
#5693	REDUCE cov: 123 ft: 500 corp: 62/10199b lim: 333 exec/s: 5693 rss: 29Mb L: 267/333 MS: 5 ChangeByte-InsertByte-ChangeBinInt-ChangeBit-EraseBytes-
#5742	REDUCE cov: 123 ft: 500 corp: 62/10183b lim: 333 exec/s: 5742 rss: 29Mb L: 96/333 MS: 4 CMP-ChangeByte-PersAutoDict-EraseBytes- DE: ")\351\004P\300r\000\000"-"\037\000\000\000"-
#5814	REDUCE cov: 123 ft: 500 corp: 62/10182b lim: 333 exec/s: 5814 rss: 29Mb L: 8/333 MS: 2 ChangeBit-EraseBytes-
#5830	NEW    cov: 123 ft: 504 corp: 63/10461b lim: 333 exec/s: 5830 rss: 29Mb L: 279/333 MS: 1 PersAutoDict- DE: "tapt"-
#5895	REDUCE cov: 123 ft: 504 corp: 63/10458b lim: 333 exec/s: 5895 rss: 29Mb L: 316/333 MS: 5 InsertByte-EraseBytes-InsertByte-ChangeBinInt-InsertRepeatedBytes-
#6117	REDUCE cov: 123 ft: 504 corp: 63/10367b lim: 333 exec/s: 6117 rss: 29Mb L: 118/333 MS: 2 ChangeASCIIInt-EraseBytes-
#6118	REDUCE cov: 123 ft: 504 corp: 63/10364b lim: 333 exec/s: 6118 rss: 29Mb L: 85/333 MS: 1 EraseBytes-
#6147	REDUCE cov: 123 ft: 504 corp: 63/10361b lim: 333 exec/s: 6147 rss: 29Mb L: 9/333 MS: 4 CopyPart-ChangeBit-CMP-EraseBytes- DE: "\000\006"-
#6159	REDUCE cov: 123 ft: 504 corp: 63/10353b lim: 333 exec/s: 6159 rss: 29Mb L: 87/333 MS: 2 ChangeBit-EraseBytes-
#6279	REDUCE cov: 123 ft: 504 corp: 63/10342b lim: 333 exec/s: 6279 rss: 29Mb L: 320/333 MS: 5 PersAutoDict-ChangeASCIIInt-EraseBytes-ChangeBit-CopyPart- DE: "[\000"-
#6286	REDUCE cov: 123 ft: 504 corp: 63/10312b lim: 333 exec/s: 6286 rss: 29Mb L: 216/333 MS: 2 CMP-EraseBytes- DE: "N7ISOBMFF12Cont"-
#6575	NEW    cov: 123 ft: 505 corp: 64/10596b lim: 333 exec/s: 6575 rss: 29Mb L: 284/333 MS: 4 InsertByte-CopyPart-InsertByte-CMP- DE: "schm"-
#6587	REDUCE cov: 123 ft: 506 corp: 65/10905b lim: 333 exec/s: 6587 rss: 29Mb L: 309/333 MS: 2 CrossOver-InsertByte-
#6687	REDUCE cov: 123 ft: 506 corp: 65/10904b lim: 333 exec/s: 6687 rss: 29Mb L: 35/333 MS: 5 ChangeBit-InsertByte-PersAutoDict-ChangeBit-EraseBytes- DE: "schm"-
#6831	REDUCE cov: 123 ft: 506 corp: 65/10892b lim: 333 exec/s: 6831 rss: 29Mb L: 293/333 MS: 4 ShuffleBytes-CrossOver-ShuffleBytes-EraseBytes-
#6861	REDUCE cov: 123 ft: 506 corp: 65/10891b lim: 333 exec/s: 6861 rss: 29Mb L: 5/333 MS: 5 InsertByte-InsertByte-CMP-CopyPart-EraseBytes- DE: "\004\000\000\000\000\000\000\000"-
#7032	REDUCE cov: 123 ft: 506 corp: 65/10887b lim: 333 exec/s: 7032 rss: 29Mb L: 82/333 MS: 1 EraseBytes-
#7208	REDUCE cov: 123 ft: 506 corp: 65/10873b lim: 333 exec/s: 7208 rss: 29Mb L: 162/333 MS: 1 EraseBytes-
#7337	REDUCE cov: 123 ft: 506 corp: 65/10870b lim: 333 exec/s: 7337 rss: 29Mb L: 330/333 MS: 4 ChangeASCIIInt-ShuffleBytes-EraseBytes-InsertRepeatedBytes-
#7370	REDUCE cov: 123 ft: 506 corp: 65/10816b lim: 333 exec/s: 7370 rss: 29Mb L: 257/333 MS: 3 ChangeBit-ShuffleBytes-EraseBytes-
#7455	REDUCE cov: 123 ft: 506 corp: 65/10815b lim: 333 exec/s: 7455 rss: 29Mb L: 61/333 MS: 5 InsertByte-InsertRepeatedBytes-ChangeBit-ChangeBit-EraseBytes-
#7554	REDUCE cov: 123 ft: 506 corp: 65/10774b lim: 333 exec/s: 7554 rss: 29Mb L: 70/333 MS: 4 ChangeBit-InsertRepeatedBytes-ChangeBit-EraseBytes-
#7580	REDUCE cov: 123 ft: 506 corp: 65/10743b lim: 333 exec/s: 7580 rss: 29Mb L: 109/333 MS: 1 EraseBytes-
#7586	REDUCE cov: 123 ft: 506 corp: 65/10738b lim: 333 exec/s: 7586 rss: 29Mb L: 21/333 MS: 1 EraseBytes-
#7617	REDUCE cov: 123 ft: 506 corp: 65/10734b lim: 333 exec/s: 7617 rss: 29Mb L: 17/333 MS: 1 EraseBytes-
#7630	REDUCE cov: 123 ft: 506 corp: 65/10706b lim: 333 exec/s: 7630 rss: 29Mb L: 57/333 MS: 3 ShuffleBytes-EraseBytes-PersAutoDict- DE: "schm"-
#7656	REDUCE cov: 123 ft: 507 corp: 66/10883b lim: 333 exec/s: 7656 rss: 29Mb L: 177/333 MS: 1 PersAutoDict- DE: "\017\000\000\000\000\000\000\000"-
#7691	REDUCE cov: 123 ft: 507 corp: 66/10881b lim: 333 exec/s: 7691 rss: 29Mb L: 107/333 MS: 5 ShuffleBytes-ShuffleBytes-EraseBytes-ChangeASCIIInt-ChangeByte-
#8107	REDUCE cov: 123 ft: 507 corp: 66/10880b lim: 333 exec/s: 8107 rss: 29Mb L: 4/333 MS: 1 EraseBytes-
#8146	REDUCE cov: 123 ft: 507 corp: 66/10866b lim: 333 exec/s: 8146 rss: 29Mb L: 279/333 MS: 4 CopyPart-CopyPart-ShuffleBytes-EraseBytes-
#8257	REDUCE cov: 123 ft: 507 corp: 66/10850b lim: 333 exec/s: 8257 rss: 29Mb L: 57/333 MS: 1 EraseBytes-
#8389	REDUCE cov: 123 ft: 507 corp: 66/10848b lim: 333 exec/s: 8389 rss: 29Mb L: 2/333 MS: 2 CMP-EraseBytes- DE: "\000\000\000\010"-
#8398	REDUCE cov: 123 ft: 516 corp: 67/10943b lim: 333 exec/s: 8398 rss: 30Mb L: 95/333 MS: 4 InsertRepeatedBytes-InsertByte-CrossOver-CMP- DE: "pixi"-
#8630	REDUCE cov: 123 ft: 516 corp: 67/10939b lim: 333 exec/s: 8630 rss: 30Mb L: 247/333 MS: 2 CopyPart-EraseBytes-
#8940	REDUCE cov: 123 ft: 516 corp: 67/10907b lim: 333 exec/s: 8940 rss: 30Mb L: 242/333 MS: 5 InsertByte-ChangeBinInt-ChangeBit-ChangeByte-EraseBytes-
#8961	REDUCE cov: 123 ft: 516 corp: 67/10897b lim: 333 exec/s: 8961 rss: 30Mb L: 57/333 MS: 1 EraseBytes-
#9023	REDUCE cov: 123 ft: 516 corp: 67/10877b lim: 333 exec/s: 9023 rss: 30Mb L: 142/333 MS: 2 EraseBytes-CMP- DE: "\000\000\000\000\000\000\000\200"-
#9157	REDUCE cov: 123 ft: 522 corp: 68/11174b lim: 333 exec/s: 9157 rss: 30Mb L: 297/333 MS: 4 CopyPart-InsertRepeatedBytes-CopyPart-CopyPart-
#9160	REDUCE cov: 123 ft: 522 corp: 68/11134b lim: 333 exec/s: 9160 rss: 30Mb L: 141/333 MS: 3 CopyPart-ChangeByte-EraseBytes-
#9231	REDUCE cov: 123 ft: 522 corp: 68/11131b lim: 333 exec/s: 9231 rss: 30Mb L: 14/333 MS: 1 EraseBytes-
#9252	REDUCE cov: 123 ft: 522 corp: 68/11130b lim: 333 exec/s: 9252 rss: 30Mb L: 25/333 MS: 1 EraseBytes-
#9414	REDUCE cov: 123 ft: 522 corp: 68/11126b lim: 333 exec/s: 9414 rss: 30Mb L: 10/333 MS: 2 ChangeByte-EraseBytes-
#9628	NEW    cov: 123 ft: 526 corp: 69/11195b lim: 333 exec/s: 9628 rss: 30Mb L: 69/333 MS: 4 PersAutoDict-InsertByte-CMP-EraseBytes- DE: ")\351\004P\300r\000\000"-"E\000\000\000\000\000\000\000"-
#9670	REDUCE cov: 123 ft: 526 corp: 69/11181b lim: 333 exec/s: 9670 rss: 30Mb L: 68/333 MS: 2 EraseBytes-CopyPart-
#9942	NEW    cov: 123 ft: 530 corp: 70/11460b lim: 333 exec/s: 9942 rss: 30Mb L: 279/333 MS: 2 ChangeBinInt-ChangeByte-
#10015	REDUCE cov: 123 ft: 530 corp: 70/11446b lim: 333 exec/s: 10015 rss: 30Mb L: 306/333 MS: 3 ChangeByte-EraseBytes-InsertRepeatedBytes-
#10050	REDUCE cov: 123 ft: 530 corp: 70/11420b lim: 333 exec/s: 10050 rss: 30Mb L: 92/333 MS: 5 ChangeASCIIInt-CopyPart-CopyPart-ChangeASCIIInt-EraseBytes-
#10101	REDUCE cov: 123 ft: 530 corp: 70/11411b lim: 333 exec/s: 10101 rss: 30Mb L: 307/333 MS: 1 EraseBytes-
#10367	REDUCE cov: 123 ft: 530 corp: 70/11410b lim: 333 exec/s: 10367 rss: 30Mb L: 69/333 MS: 1 EraseBytes-
#10374	REDUCE cov: 123 ft: 530 corp: 70/11383b lim: 333 exec/s: 10374 rss: 30Mb L: 34/333 MS: 2 ChangeByte-EraseBytes-
#10583	REDUCE cov: 123 ft: 530 corp: 70/11362b lim: 333 exec/s: 10583 rss: 30Mb L: 107/333 MS: 4 EraseBytes-ChangeBinInt-EraseBytes-InsertRepeatedBytes-
#10647	REDUCE cov: 123 ft: 530 corp: 70/11337b lim: 333 exec/s: 10647 rss: 30Mb L: 232/333 MS: 4 InsertByte-ChangeBinInt-CrossOver-EraseBytes-
#10693	NEW    cov: 123 ft: 531 corp: 71/11646b lim: 333 exec/s: 10693 rss: 30Mb L: 309/333 MS: 1 CopyPart-
#10751	REDUCE cov: 123 ft: 531 corp: 71/11638b lim: 333 exec/s: 10751 rss: 30Mb L: 44/333 MS: 3 InsertByte-CrossOver-EraseBytes-
#10764	REDUCE cov: 123 ft: 531 corp: 71/11629b lim: 333 exec/s: 10764 rss: 30Mb L: 98/333 MS: 3 PersAutoDict-CopyPart-EraseBytes- DE: "\000\000\000\000\000\000\000\200"-
#10772	REDUCE cov: 123 ft: 531 corp: 71/11620b lim: 333 exec/s: 10772 rss: 30Mb L: 293/333 MS: 3 ShuffleBytes-ChangeByte-EraseBytes-
#11163	NEW    cov: 123 ft: 536 corp: 72/11757b lim: 333 exec/s: 11163 rss: 30Mb L: 137/333 MS: 1 InsertRepeatedBytes-
#11219	REDUCE cov: 123 ft: 536 corp: 72/11754b lim: 333 exec/s: 11219 rss: 30Mb L: 109/333 MS: 1 EraseBytes-
#11420	REDUCE cov: 123 ft: 536 corp: 72/11743b lim: 333 exec/s: 11420 rss: 30Mb L: 126/333 MS: 1 EraseBytes-
#11722	REDUCE cov: 123 ft: 536 corp: 72/11721b lim: 333 exec/s: 11722 rss: 30Mb L: 65/333 MS: 2 ChangeBit-CrossOver-
#11863	REDUCE cov: 123 ft: 536 corp: 72/11720b lim: 333 exec/s: 11863 rss: 30Mb L: 1/333 MS: 1 EraseBytes-
#12260	REDUCE cov: 123 ft: 536 corp: 72/11715b lim: 333 exec/s: 6130 rss: 30Mb L: 64/333 MS: 2 CMP-EraseBytes- DE: "hvc1"-
#12322	REDUCE cov: 123 ft: 536 corp: 72/11705b lim: 333 exec/s: 6161 rss: 30Mb L: 15/333 MS: 2 InsertByte-EraseBytes-
#12848	NEW    cov: 123 ft: 542 corp: 73/12037b lim: 333 exec/s: 6424 rss: 30Mb L: 332/333 MS: 1 CrossOver-
#12857	REDUCE cov: 123 ft: 542 corp: 73/12031b lim: 333 exec/s: 6428 rss: 30Mb L: 51/333 MS: 4 ShuffleBytes-ChangeBit-ChangeBinInt-EraseBytes-
#13211	REDUCE cov: 123 ft: 542 corp: 73/12029b lim: 333 exec/s: 6605 rss: 30Mb L: 90/333 MS: 4 PersAutoDict-PersAutoDict-ChangeBinInt-EraseBytes- DE: "E\000\000\000\000\000\000\000"-"\000\000\000\000\000\000\000\200"-
#13223	REDUCE cov: 123 ft: 542 corp: 73/12025b lim: 333 exec/s: 6611 rss: 30Mb L: 238/333 MS: 2 InsertByte-EraseBytes-
#13253	REDUCE cov: 123 ft: 542 corp: 73/11997b lim: 333 exec/s: 6626 rss: 30Mb L: 247/333 MS: 5 InsertByte-ChangeBinInt-ShuffleBytes-PersAutoDict-EraseBytes- DE: "\017\000\000\000\000\000\000\000"-
#13310	REDUCE cov: 123 ft: 543 corp: 74/12320b lim: 333 exec/s: 6655 rss: 30Mb L: 323/333 MS: 2 ChangeBinInt-InsertRepeatedBytes-
#13735	REDUCE cov: 123 ft: 543 corp: 74/12209b lim: 333 exec/s: 6867 rss: 30Mb L: 195/333 MS: 5 CopyPart-InsertByte-CopyPart-InsertByte-EraseBytes-
#14596	REDUCE cov: 123 ft: 543 corp: 74/12201b lim: 341 exec/s: 7298 rss: 30Mb L: 60/333 MS: 1 EraseBytes-
#15114	REDUCE cov: 123 ft: 543 corp: 74/12200b lim: 341 exec/s: 7557 rss: 30Mb L: 8/333 MS: 3 ChangeBinInt-InsertByte-EraseBytes-
#15635	NEW    cov: 123 ft: 549 corp: 75/12480b lim: 341 exec/s: 7817 rss: 30Mb L: 280/333 MS: 1 InsertByte-
#15746	REDUCE cov: 123 ft: 549 corp: 75/12474b lim: 341 exec/s: 7873 rss: 30Mb L: 274/333 MS: 1 CrossOver-
#16139	REDUCE cov: 123 ft: 549 corp: 75/12465b lim: 341 exec/s: 8069 rss: 30Mb L: 204/333 MS: 3 InsertRepeatedBytes-EraseBytes-CrossOver-
#16384	pulse  cov: 123 ft: 549 corp: 75/12465b lim: 341 exec/s: 8192 rss: 30Mb
#16462	REDUCE cov: 123 ft: 549 corp: 75/12462b lim: 341 exec/s: 8231 rss: 30Mb L: 41/333 MS: 3 ChangeBit-ChangeByte-EraseBytes-
#16619	REDUCE cov: 123 ft: 549 corp: 75/12460b lim: 341 exec/s: 8309 rss: 30Mb L: 10/333 MS: 2 ChangeByte-EraseBytes-
#17209	REDUCE cov: 123 ft: 549 corp: 75/12449b lim: 341 exec/s: 8604 rss: 30Mb L: 54/333 MS: 5 CMP-CopyPart-ShuffleBytes-ChangeASCIIInt-EraseBytes- DE: "L\001\000\000\000\000\000\000"-
#17277	REDUCE cov: 123 ft: 549 corp: 75/12429b lim: 341 exec/s: 8638 rss: 30Mb L: 106/333 MS: 3 EraseBytes-ChangeBit-InsertByte-
#17571	REDUCE cov: 123 ft: 549 corp: 75/12424b lim: 341 exec/s: 8785 rss: 30Mb L: 38/333 MS: 4 ShuffleBytes-CMP-ChangeBinInt-EraseBytes- DE: "\000\000\000\000\000\000\000\200"-
#17907	REDUCE cov: 123 ft: 549 corp: 75/12416b lim: 341 exec/s: 8953 rss: 30Mb L: 301/333 MS: 1 EraseBytes-
#18078	REDUCE cov: 123 ft: 549 corp: 75/12415b lim: 341 exec/s: 9039 rss: 30Mb L: 306/333 MS: 1 EraseBytes-
#18095	REDUCE cov: 123 ft: 549 corp: 75/12409b lim: 341 exec/s: 9047 rss: 30Mb L: 63/333 MS: 2 ChangeBit-EraseBytes-
#18210	REDUCE cov: 123 ft: 549 corp: 75/12385b lim: 341 exec/s: 9105 rss: 30Mb L: 117/333 MS: 5 ChangeBit-PersAutoDict-ChangeByte-ChangeBinInt-EraseBytes- DE: "moov"-
#18416	REDUCE cov: 123 ft: 549 corp: 75/12381b lim: 341 exec/s: 9208 rss: 30Mb L: 34/333 MS: 1 EraseBytes-
#18618	REDUCE cov: 123 ft: 549 corp: 75/12379b lim: 341 exec/s: 9309 rss: 30Mb L: 277/333 MS: 2 ShuffleBytes-EraseBytes-
#18993	REDUCE cov: 123 ft: 549 corp: 75/12378b lim: 341 exec/s: 6331 rss: 30Mb L: 34/333 MS: 5 ShuffleBytes-ShuffleBytes-CrossOver-ChangeBit-EraseBytes-
#19058	REDUCE cov: 123 ft: 549 corp: 75/12361b lim: 341 exec/s: 6352 rss: 30Mb L: 264/333 MS: 5 ShuffleBytes-EraseBytes-ChangeBit-InsertByte-InsertRepeatedBytes-
#19153	REDUCE cov: 123 ft: 549 corp: 75/12351b lim: 341 exec/s: 6384 rss: 30Mb L: 238/333 MS: 5 ChangeBinInt-CopyPart-CrossOver-CopyPart-CopyPart-
#19622	REDUCE cov: 123 ft: 549 corp: 75/12334b lim: 341 exec/s: 6540 rss: 30Mb L: 306/333 MS: 4 PersAutoDict-ChangeByte-ChangeBit-EraseBytes- DE: "M\001\000\000\000\000\000\000"-
#19835	REDUCE cov: 123 ft: 549 corp: 75/12324b lim: 341 exec/s: 6611 rss: 30Mb L: 228/333 MS: 3 EraseBytes-ChangeASCIIInt-PersAutoDict- DE: "\000\000\000\000\000\000\000\200"-
#20276	REDUCE cov: 123 ft: 549 corp: 75/12284b lim: 341 exec/s: 6758 rss: 30Mb L: 173/333 MS: 1 EraseBytes-
#20523	REDUCE cov: 123 ft: 549 corp: 75/12270b lim: 341 exec/s: 6841 rss: 30Mb L: 159/333 MS: 2 CMP-EraseBytes- DE: "\001\002"-
#20675	REDUCE cov: 123 ft: 549 corp: 75/12264b lim: 341 exec/s: 6891 rss: 30Mb L: 163/333 MS: 2 ChangeByte-EraseBytes-
#20937	REDUCE cov: 123 ft: 549 corp: 75/12258b lim: 341 exec/s: 6979 rss: 30Mb L: 136/333 MS: 2 CrossOver-InsertByte-
#20963	REDUCE cov: 123 ft: 549 corp: 75/12241b lim: 341 exec/s: 6987 rss: 30Mb L: 250/333 MS: 1 CrossOver-
#22090	REDUCE cov: 123 ft: 549 corp: 75/12179b lim: 349 exec/s: 7363 rss: 30Mb L: 97/333 MS: 2 InsertByte-EraseBytes-
#22188	REDUCE cov: 123 ft: 549 corp: 75/12172b lim: 349 exec/s: 7396 rss: 30Mb L: 27/333 MS: 3 PersAutoDict-ChangeBit-EraseBytes- DE: "\201(\265\270\375\177\000\000"-
#22238	REDUCE cov: 123 ft: 549 corp: 75/12125b lim: 349 exec/s: 7412 rss: 30Mb L: 191/333 MS: 5 ShuffleBytes-ChangeBinInt-ChangeBit-ChangeBinInt-EraseBytes-
#22549	REDUCE cov: 123 ft: 549 corp: 75/12123b lim: 349 exec/s: 7516 rss: 30Mb L: 25/333 MS: 1 EraseBytes-
#22758	REDUCE cov: 123 ft: 549 corp: 75/12120b lim: 349 exec/s: 7586 rss: 30Mb L: 303/333 MS: 4 ChangeASCIIInt-EraseBytes-ChangeASCIIInt-InsertRepeatedBytes-
#22913	REDUCE cov: 123 ft: 549 corp: 75/12097b lim: 349 exec/s: 7637 rss: 30Mb L: 283/333 MS: 5 InsertRepeatedBytes-CrossOver-ShuffleBytes-PersAutoDict-EraseBytes- DE: ")\351\004P\300r\000\000"-
#23040	REDUCE cov: 123 ft: 549 corp: 75/12048b lim: 349 exec/s: 7680 rss: 30Mb L: 201/333 MS: 2 PersAutoDict-EraseBytes- DE: ")\351\004P\300r\000\000"-
#23760	REDUCE cov: 123 ft: 549 corp: 75/12041b lim: 349 exec/s: 7920 rss: 30Mb L: 90/333 MS: 5 ChangeBit-CMP-CMP-InsertByte-EraseBytes- DE: "oa\001\000"-"\022\000"-
#24388	REDUCE cov: 123 ft: 549 corp: 75/12035b lim: 349 exec/s: 8129 rss: 30Mb L: 287/333 MS: 3 ChangeASCIIInt-ChangeByte-CrossOver-
#24497	REDUCE cov: 123 ft: 549 corp: 75/12032b lim: 349 exec/s: 8165 rss: 30Mb L: 244/333 MS: 4 ChangeBit-CopyPart-ChangeBinInt-EraseBytes-
#24883	REDUCE cov: 123 ft: 549 corp: 75/12030b lim: 349 exec/s: 8294 rss: 30Mb L: 256/333 MS: 1 EraseBytes-
#24959	REDUCE cov: 123 ft: 549 corp: 75/12013b lim: 349 exec/s: 8319 rss: 30Mb L: 78/333 MS: 1 EraseBytes-
#25023	REDUCE cov: 123 ft: 549 corp: 75/12011b lim: 349 exec/s: 8341 rss: 30Mb L: 58/333 MS: 4 ChangeBit-ChangeBit-CopyPart-EraseBytes-
#25403	REDUCE cov: 123 ft: 549 corp: 75/12009b lim: 349 exec/s: 8467 rss: 30Mb L: 88/333 MS: 5 InsertRepeatedBytes-ChangeBit-InsertRepeatedBytes-PersAutoDict-EraseBytes- DE: "moov"-
#25508	REDUCE cov: 123 ft: 549 corp: 75/11995b lim: 349 exec/s: 6377 rss: 30Mb L: 181/333 MS: 5 CrossOver-CMP-CMP-ChangeBinInt-EraseBytes- DE: "\001 "-"\037\000"-
#25572	REDUCE cov: 123 ft: 549 corp: 75/11986b lim: 349 exec/s: 6393 rss: 30Mb L: 54/333 MS: 4 CopyPart-ShuffleBytes-ChangeBinInt-EraseBytes-
#25833	REDUCE cov: 123 ft: 549 corp: 75/11983b lim: 349 exec/s: 6458 rss: 30Mb L: 102/333 MS: 1 EraseBytes-
#26064	REDUCE cov: 123 ft: 549 corp: 75/11975b lim: 349 exec/s: 6516 rss: 30Mb L: 208/333 MS: 1 CrossOver-
#26576	REDUCE cov: 123 ft: 549 corp: 75/11965b lim: 349 exec/s: 6644 rss: 30Mb L: 269/333 MS: 2 ChangeByte-EraseBytes-
#27568	REDUCE cov: 123 ft: 549 corp: 75/11959b lim: 357 exec/s: 6892 rss: 30Mb L: 111/333 MS: 2 CopyPart-EraseBytes-
#27822	REDUCE cov: 123 ft: 549 corp: 75/11952b lim: 357 exec/s: 6955 rss: 30Mb L: 18/333 MS: 4 ChangeByte-InsertByte-ShuffleBytes-EraseBytes-
#28544	REDUCE cov: 123 ft: 550 corp: 76/12239b lim: 357 exec/s: 7136 rss: 30Mb L: 287/333 MS: 2 CMP-CMP- DE: " \000\000\000"-"dref"-
#28840	REDUCE cov: 123 ft: 550 corp: 76/12232b lim: 357 exec/s: 7210 rss: 30Mb L: 11/333 MS: 1 EraseBytes-
#29227	REDUCE cov: 123 ft: 551 corp: 77/12496b lim: 357 exec/s: 7306 rss: 30Mb L: 264/333 MS: 2 ChangeASCIIInt-InsertRepeatedBytes-
#29430	REDUCE cov: 123 ft: 551 corp: 77/12391b lim: 357 exec/s: 7357 rss: 30Mb L: 182/333 MS: 3 CMP-PersAutoDict-CrossOver- DE: "\274\013$V?]\000\000"-"\004\000\000\000\000\000\000\000"-
#29618	REDUCE cov: 123 ft: 551 corp: 77/12388b lim: 357 exec/s: 7404 rss: 30Mb L: 201/333 MS: 3 ChangeByte-ChangeBit-EraseBytes-
#29719	REDUCE cov: 123 ft: 551 corp: 77/12370b lim: 357 exec/s: 7429 rss: 30Mb L: 164/333 MS: 1 EraseBytes-
#29790	REDUCE cov: 123 ft: 551 corp: 77/12346b lim: 357 exec/s: 7447 rss: 30Mb L: 250/333 MS: 1 EraseBytes-
#30081	REDUCE cov: 123 ft: 551 corp: 77/12326b lim: 357 exec/s: 7520 rss: 30Mb L: 144/333 MS: 1 EraseBytes-
#31004	REDUCE cov: 123 ft: 551 corp: 77/12309b lim: 365 exec/s: 7751 rss: 30Mb L: 262/333 MS: 3 PersAutoDict-ChangeByte-EraseBytes- DE: "L\001\000\000\000\000\000\000"-
#31115	REDUCE cov: 123 ft: 551 corp: 77/12307b lim: 365 exec/s: 7778 rss: 30Mb L: 265/333 MS: 1 EraseBytes-
#31269	REDUCE cov: 123 ft: 551 corp: 77/12296b lim: 365 exec/s: 7817 rss: 30Mb L: 253/333 MS: 4 CrossOver-ShuffleBytes-ChangeBinInt-InsertByte-
#31805	REDUCE cov: 124 ft: 552 corp: 78/12391b lim: 365 exec/s: 7951 rss: 30Mb L: 95/333 MS: 1 EraseBytes-
#31838	REDUCE cov: 124 ft: 552 corp: 78/12376b lim: 365 exec/s: 7959 rss: 30Mb L: 129/333 MS: 3 ShuffleBytes-CopyPart-EraseBytes-
#32308	NEW    cov: 124 ft: 554 corp: 79/12484b lim: 365 exec/s: 6461 rss: 30Mb L: 108/333 MS: 5 ChangeASCIIInt-InsertByte-PersAutoDict-ChangeBinInt-CMP- DE: "\274\013$V?]\000\000"-"dref"-
#32501	NEW    cov: 124 ft: 561 corp: 80/12837b lim: 365 exec/s: 6500 rss: 30Mb L: 353/353 MS: 3 InsertRepeatedBytes-InsertRepeatedBytes-PersAutoDict- DE: "pixi"-
#32515	REDUCE cov: 124 ft: 561 corp: 80/12831b lim: 365 exec/s: 6503 rss: 30Mb L: 123/353 MS: 4 ChangeBit-ChangeByte-ChangeBinInt-EraseBytes-
#32768	pulse  cov: 124 ft: 561 corp: 80/12831b lim: 365 exec/s: 6553 rss: 30Mb
#32915	REDUCE cov: 124 ft: 561 corp: 80/12755b lim: 365 exec/s: 6583 rss: 30Mb L: 277/333 MS: 5 ChangeASCIIInt-ChangeByte-ChangeBit-InsertByte-EraseBytes-
#33079	REDUCE cov: 124 ft: 561 corp: 80/12713b lim: 365 exec/s: 6615 rss: 30Mb L: 211/333 MS: 4 EraseBytes-ChangeBit-PersAutoDict-CopyPart- DE: "dref"-
#33090	REDUCE cov: 124 ft: 561 corp: 80/12702b lim: 365 exec/s: 6618 rss: 30Mb L: 266/333 MS: 1 EraseBytes-
#33400	REDUCE cov: 124 ft: 561 corp: 80/12701b lim: 365 exec/s: 6680 rss: 30Mb L: 33/333 MS: 5 InsertRepeatedBytes-ChangeBinInt-ChangeBinInt-ChangeBit-EraseBytes-
#33562	REDUCE cov: 124 ft: 561 corp: 80/12677b lim: 365 exec/s: 6712 rss: 30Mb L: 33/333 MS: 2 CopyPart-EraseBytes-
#33753	REDUCE cov: 124 ft: 561 corp: 80/12660b lim: 365 exec/s: 6750 rss: 30Mb L: 106/333 MS: 1 EraseBytes-
#34369	REDUCE cov: 124 ft: 561 corp: 80/12657b lim: 365 exec/s: 6873 rss: 30Mb L: 8/333 MS: 1 EraseBytes-
#35045	REDUCE cov: 124 ft: 561 corp: 80/12656b lim: 365 exec/s: 7009 rss: 30Mb L: 14/333 MS: 1 EraseBytes-
#35441	REDUCE cov: 124 ft: 561 corp: 80/12642b lim: 365 exec/s: 7088 rss: 30Mb L: 255/333 MS: 1 CrossOver-
#35473	REDUCE cov: 124 ft: 561 corp: 80/12600b lim: 365 exec/s: 7094 rss: 30Mb L: 69/333 MS: 2 ChangeBinInt-EraseBytes-
#35520	REDUCE cov: 124 ft: 561 corp: 80/12597b lim: 365 exec/s: 7104 rss: 30Mb L: 263/333 MS: 2 InsertByte-EraseBytes-
#35602	NEW    cov: 124 ft: 562 corp: 81/12692b lim: 365 exec/s: 7120 rss: 30Mb L: 95/333 MS: 2 PersAutoDict-ChangeBit- DE: "\000\006"-
#35938	REDUCE cov: 124 ft: 562 corp: 81/12688b lim: 365 exec/s: 7187 rss: 30Mb L: 74/333 MS: 1 EraseBytes-
#36373	REDUCE cov: 124 ft: 562 corp: 81/12622b lim: 365 exec/s: 7274 rss: 30Mb L: 197/333 MS: 5 EraseBytes-InsertByte-ChangeBinInt-ChangeByte-InsertRepeatedBytes-
#36927	REDUCE cov: 124 ft: 562 corp: 81/12594b lim: 365 exec/s: 7385 rss: 30Mb L: 255/333 MS: 4 ShuffleBytes-ChangeByte-ChangeBit-EraseBytes-
#38307	REDUCE cov: 124 ft: 562 corp: 81/12592b lim: 373 exec/s: 6384 rss: 30Mb L: 263/333 MS: 5 EraseBytes-ChangeBinInt-InsertByte-ShuffleBytes-InsertRepeatedBytes-
#40900	REDUCE cov: 124 ft: 562 corp: 81/12559b lim: 397 exec/s: 6816 rss: 31Mb L: 230/333 MS: 3 ShuffleBytes-EraseBytes-ChangeBinInt-
#41177	REDUCE cov: 124 ft: 562 corp: 81/12552b lim: 397 exec/s: 6862 rss: 31Mb L: 101/333 MS: 2 CopyPart-EraseBytes-
#41449	REDUCE cov: 124 ft: 562 corp: 81/12520b lim: 397 exec/s: 6908 rss: 31Mb L: 277/333 MS: 2 PersAutoDict-EraseBytes- DE: "M\001\000\000\000\000\000\000"-
#41768	REDUCE cov: 124 ft: 562 corp: 81/12518b lim: 397 exec/s: 6961 rss: 31Mb L: 275/333 MS: 4 ChangeASCIIInt-CopyPart-EraseBytes-PersAutoDict- DE: "oa\001\000"-
#41800	REDUCE cov: 124 ft: 562 corp: 81/12517b lim: 397 exec/s: 6966 rss: 31Mb L: 227/333 MS: 2 InsertByte-EraseBytes-
#42105	REDUCE cov: 124 ft: 562 corp: 81/12485b lim: 397 exec/s: 7017 rss: 31Mb L: 37/333 MS: 5 PersAutoDict-ChangeBit-CMP-ChangeBinInt-EraseBytes- DE: "\377\037"-"f\260\027P\300r\000\000"-
#42207	REDUCE cov: 124 ft: 562 corp: 81/12476b lim: 397 exec/s: 7034 rss: 31Mb L: 49/333 MS: 2 ShuffleBytes-EraseBytes-
#42693	REDUCE cov: 124 ft: 562 corp: 81/12470b lim: 397 exec/s: 7115 rss: 31Mb L: 249/333 MS: 1 EraseBytes-
#43086	REDUCE cov: 124 ft: 562 corp: 81/12468b lim: 397 exec/s: 7181 rss: 31Mb L: 261/333 MS: 3 ChangeBinInt-ShuffleBytes-EraseBytes-
#43211	REDUCE cov: 124 ft: 562 corp: 81/12460b lim: 397 exec/s: 7201 rss: 31Mb L: 43/333 MS: 5 ChangeBinInt-ChangeASCIIInt-ChangeBinInt-PersAutoDict-EraseBytes- DE: "oa\001\000"-
#43751	REDUCE cov: 124 ft: 562 corp: 81/12452b lim: 397 exec/s: 7291 rss: 31Mb L: 189/333 MS: 5 ChangeBit-ChangeBit-ChangeBit-CMP-EraseBytes- DE: "X\361\025P\300r\000\000"-
#44390	REDUCE cov: 124 ft: 562 corp: 81/12451b lim: 397 exec/s: 7398 rss: 31Mb L: 108/333 MS: 4 PersAutoDict-EraseBytes-InsertByte-PersAutoDict- DE: "L\001\000\000\000\000\000\000"-"\017\000\000\000\000\000\000\000"-
#44521	REDUCE cov: 124 ft: 562 corp: 81/12445b lim: 397 exec/s: 7420 rss: 31Mb L: 89/333 MS: 1 EraseBytes-
#45647	REDUCE cov: 124 ft: 562 corp: 81/12442b lim: 405 exec/s: 6521 rss: 31Mb L: 329/333 MS: 1 EraseBytes-
#45675	REDUCE cov: 124 ft: 562 corp: 81/12435b lim: 405 exec/s: 6525 rss: 31Mb L: 42/333 MS: 3 InsertByte-ChangeBit-EraseBytes-
#45899	REDUCE cov: 124 ft: 562 corp: 81/12419b lim: 405 exec/s: 6557 rss: 31Mb L: 173/333 MS: 4 CMP-InsertByte-InsertByte-EraseBytes- DE: "hvc1"-
#45997	REDUCE cov: 124 ft: 562 corp: 81/12418b lim: 405 exec/s: 6571 rss: 31Mb L: 106/333 MS: 3 ChangeASCIIInt-ChangeBit-EraseBytes-
#46349	REDUCE cov: 124 ft: 562 corp: 81/12400b lim: 405 exec/s: 6621 rss: 31Mb L: 88/333 MS: 2 ChangeByte-EraseBytes-
#46460	REDUCE cov: 124 ft: 562 corp: 81/12385b lim: 405 exec/s: 6637 rss: 31Mb L: 196/333 MS: 1 EraseBytes-
#47163	REDUCE cov: 124 ft: 562 corp: 81/12374b lim: 405 exec/s: 6737 rss: 31Mb L: 77/333 MS: 3 ChangeBinInt-InsertByte-EraseBytes-
#47411	REDUCE cov: 124 ft: 562 corp: 81/12368b lim: 405 exec/s: 6773 rss: 31Mb L: 190/333 MS: 3 ShuffleBytes-InsertRepeatedBytes-EraseBytes-
#47529	REDUCE cov: 124 ft: 566 corp: 82/12411b lim: 405 exec/s: 6789 rss: 31Mb L: 43/333 MS: 3 ChangeBinInt-CopyPart-CrossOver-
#48475	REDUCE cov: 124 ft: 566 corp: 82/12398b lim: 413 exec/s: 6925 rss: 31Mb L: 30/333 MS: 1 EraseBytes-
#48531	REDUCE cov: 124 ft: 566 corp: 82/12396b lim: 413 exec/s: 6933 rss: 31Mb L: 31/333 MS: 1 EraseBytes-
#48710	REDUCE cov: 124 ft: 566 corp: 82/12384b lim: 413 exec/s: 6958 rss: 31Mb L: 25/333 MS: 4 ChangeASCIIInt-ChangeASCIIInt-ChangeByte-EraseBytes-
#49122	REDUCE cov: 124 ft: 566 corp: 82/12376b lim: 413 exec/s: 7017 rss: 31Mb L: 22/333 MS: 2 InsertByte-EraseBytes-
#49383	REDUCE cov: 124 ft: 566 corp: 82/12336b lim: 413 exec/s: 7054 rss: 31Mb L: 151/333 MS: 1 EraseBytes-
#49971	REDUCE cov: 124 ft: 566 corp: 82/12335b lim: 413 exec/s: 7138 rss: 31Mb L: 180/333 MS: 3 CopyPart-InsertByte-EraseBytes-
#50467	REDUCE cov: 124 ft: 566 corp: 82/12307b lim: 413 exec/s: 7209 rss: 31Mb L: 202/333 MS: 1 EraseBytes-
#50894	REDUCE cov: 124 ft: 566 corp: 82/12239b lim: 413 exec/s: 7270 rss: 31Mb L: 83/333 MS: 2 ChangeByte-EraseBytes-
#51080	REDUCE cov: 124 ft: 566 corp: 82/12170b lim: 413 exec/s: 6385 rss: 31Mb L: 133/333 MS: 1 EraseBytes-
#51331	REDUCE cov: 124 ft: 566 corp: 82/12146b lim: 413 exec/s: 6416 rss: 31Mb L: 77/333 MS: 1 EraseBytes-
#51533	REDUCE cov: 124 ft: 566 corp: 82/12124b lim: 413 exec/s: 6441 rss: 31Mb L: 111/333 MS: 2 ChangeByte-EraseBytes-
#51889	REDUCE cov: 124 ft: 566 corp: 82/12116b lim: 413 exec/s: 6486 rss: 31Mb L: 69/333 MS: 1 EraseBytes-
#52225	REDUCE cov: 124 ft: 566 corp: 82/12103b lim: 413 exec/s: 6528 rss: 31Mb L: 95/333 MS: 1 EraseBytes-
#52311	REDUCE cov: 124 ft: 566 corp: 82/12102b lim: 413 exec/s: 6538 rss: 31Mb L: 33/333 MS: 1 EraseBytes-
#52352	REDUCE cov: 124 ft: 566 corp: 82/12100b lim: 413 exec/s: 6544 rss: 31Mb L: 87/333 MS: 1 EraseBytes-
#52978	REDUCE cov: 124 ft: 566 corp: 82/12074b lim: 413 exec/s: 6622 rss: 31Mb L: 85/333 MS: 1 EraseBytes-
#53957	REDUCE cov: 124 ft: 566 corp: 82/12073b lim: 421 exec/s: 6744 rss: 31Mb L: 13/333 MS: 4 CopyPart-InsertByte-ChangeByte-EraseBytes-
#54237	REDUCE cov: 124 ft: 566 corp: 82/12044b lim: 421 exec/s: 6779 rss: 31Mb L: 59/333 MS: 5 ChangeBinInt-EraseBytes-CMP-ShuffleBytes-CopyPart- DE: "\350\271#V?]\000\000"-
#54503	REDUCE cov: 124 ft: 566 corp: 82/12027b lim: 421 exec/s: 6812 rss: 31Mb L: 78/333 MS: 1 EraseBytes-
#54576	REDUCE cov: 124 ft: 566 corp: 82/12015b lim: 421 exec/s: 6822 rss: 31Mb L: 83/333 MS: 3 EraseBytes-ChangeBinInt-CrossOver-
#54582	REDUCE cov: 124 ft: 566 corp: 82/12003b lim: 421 exec/s: 6822 rss: 31Mb L: 232/333 MS: 1 CrossOver-
#55294	REDUCE cov: 124 ft: 566 corp: 82/12000b lim: 421 exec/s: 6911 rss: 31Mb L: 82/333 MS: 2 InsertByte-EraseBytes-
#55391	REDUCE cov: 124 ft: 566 corp: 82/11998b lim: 421 exec/s: 6923 rss: 31Mb L: 206/333 MS: 2 CrossOver-EraseBytes-
#55542	REDUCE cov: 124 ft: 566 corp: 82/11996b lim: 421 exec/s: 6942 rss: 31Mb L: 55/333 MS: 1 EraseBytes-
#55879	REDUCE cov: 124 ft: 566 corp: 82/11976b lim: 421 exec/s: 6984 rss: 31Mb L: 39/333 MS: 2 ChangeByte-EraseBytes-
#56419	REDUCE cov: 124 ft: 566 corp: 82/11973b lim: 421 exec/s: 7052 rss: 31Mb L: 170/333 MS: 5 ChangeASCIIInt-ShuffleBytes-CopyPart-ChangeASCIIInt-EraseBytes-
#56880	REDUCE cov: 124 ft: 566 corp: 82/11971b lim: 421 exec/s: 7110 rss: 31Mb L: 328/333 MS: 1 EraseBytes-
#57913	REDUCE cov: 124 ft: 566 corp: 82/11970b lim: 429 exec/s: 6434 rss: 31Mb L: 9/333 MS: 3 ChangeBinInt-PersAutoDict-EraseBytes- DE: " \000\000\000"-
#58426	REDUCE cov: 124 ft: 566 corp: 82/11945b lim: 429 exec/s: 6491 rss: 31Mb L: 52/333 MS: 3 ChangeASCIIInt-ChangeByte-EraseBytes-
#58593	REDUCE cov: 124 ft: 566 corp: 82/11922b lim: 429 exec/s: 6510 rss: 31Mb L: 60/333 MS: 2 InsertRepeatedBytes-EraseBytes-
#58608	NEW    cov: 124 ft: 567 corp: 83/12141b lim: 429 exec/s: 6512 rss: 31Mb L: 219/333 MS: 5 CrossOver-CopyPart-ShuffleBytes-EraseBytes-CMP- DE: "hvcC"-
#59120	REDUCE cov: 124 ft: 567 corp: 83/12130b lim: 429 exec/s: 6568 rss: 31Mb L: 32/333 MS: 2 EraseBytes-InsertByte-
#59132	REDUCE cov: 124 ft: 567 corp: 83/12118b lim: 429 exec/s: 6570 rss: 31Mb L: 40/333 MS: 2 ChangeASCIIInt-EraseBytes-
#59657	REDUCE cov: 124 ft: 567 corp: 83/12110b lim: 429 exec/s: 6628 rss: 31Mb L: 200/333 MS: 5 ShuffleBytes-InsertRepeatedBytes-EraseBytes-ChangeBinInt-ShuffleBytes-
#59783	REDUCE cov: 124 ft: 567 corp: 83/12108b lim: 429 exec/s: 6642 rss: 31Mb L: 217/333 MS: 1 EraseBytes-
==475700== ERROR: libFuzzer: out-of-memory (used: 2343Mb; limit: 1024Mb)
   To change the out-of-memory limit use -rss_limit_mb=<N>

MS: 2 ChangeBinInt-ChangeBit-; base unit: a1b2991c59bf4b5e2303424fb2dc15b97309ba1f
0x0,0x0,0x0,0x40,0x66,0x74,0x79,0x70,0x8e,0x26,0x70,0x34,0x32,0x0,0x0,0x0,0x0,0x6d,0x70,0x34,0x32,0x69,0x0,0x0,0x0,0x0,0x0,0x0,0x0,0x0,0x0,0x0,0x0,0x2,0x0,0x0,0x0,0x0,0x0,0x0,0x0,0x0,0x0,0x0,0x0,0x0,0x0,0x0,0x0,0x0,0x0,0x1,0x0,0x0,0x0,0x0,0x0,0x0,0x0,0x0,0x0,0x0,0x0,0x0,0x0,0x0,0x0,0x1,0x0,0x1f,0x0,0x0,0x0,0x0,0x0,0x1,0x0,0x0,0x0,0x0,0x0,0x0,0x0,0x0,0x0,0x0,0x0,0x0,0x73,0x0,0x0,0x18,0x6d,0x64,0x61,0x74,
\000\000\000@ftyp\216&p42\000\000\000\000mp42i\000\000\000\000\000\000\000\000\000\000\000\002\000\000\000\000\000\000\000\000\000\000\000\000\000\000\000\000\000\001\000\000\000\000\000\000\000\000\000\000\000\000\000\000\000\001\000\037\000\000\000\000\000\001\000\000\000\000\000\000\000\000\000\000\000\000s\000\000\030mdat
artifact_prefix='/results/crashes/20260313_165101_76c46db9_'; Test unit written to /results/crashes/20260313_165101_76c46db9_oom-5092149c20c44367549d2699d287a97c8ea941fa
Base64: AAAAQGZ0eXCOJnA0MgAAAABtcDQyaQAAAAAAAAAAAAAAAgAAAAAAAAAAAAAAAAAAAAAAAQAAAAAAAAAAAAAAAAAAAAEAHwAAAAAAAQAAAAAAAAAAAAAAAHMAABhtZGF0
SUMMARY: libFuzzer: out-of-memory
stat::number_of_executed_units: 60690
stat::average_exec_per_sec:     5517
stat::new_units_added:          325
stat::slowest_unit_time_sec:    0
stat::peak_rss_mb:              2344
