INFO: Running with entropic power schedule (0xFF, 100).
INFO: Seed: 931892550
INFO: Loaded 1 modules   (252 inline 8-bit counters): 252 [0x5e47ea1a8678, 0x5e47ea1a8774), 
INFO: Loaded 1 PC tables (252 PCs): 252 [0x5e47ea1a8778,0x5e47ea1a9738), 
INFO:        3 files found in /tmp/corpus_20260313_123950_47cbdbbe
INFO: seed corpus: files: 3 min: 4b max: 64b total: 96b rss: 28Mb
#4	INITED cov: 107 ft: 127 corp: 3/96b exec/s: 0 rss: 29Mb
#5	NEW    cov: 107 ft: 136 corp: 4/160b lim: 64 exec/s: 0 rss: 29Mb L: 64/64 MS: 1 CrossOver-
#11	REDUCE cov: 107 ft: 136 corp: 4/158b lim: 64 exec/s: 0 rss: 29Mb L: 2/64 MS: 1 EraseBytes-
#12	REDUCE cov: 107 ft: 152 corp: 5/170b lim: 64 exec/s: 0 rss: 29Mb L: 12/64 MS: 1 InsertRepeatedBytes-
#14	NEW    cov: 107 ft: 162 corp: 6/211b lim: 64 exec/s: 0 rss: 29Mb L: 41/64 MS: 2 InsertByte-CrossOver-
#17	NEW    cov: 107 ft: 163 corp: 7/269b lim: 64 exec/s: 0 rss: 29Mb L: 58/64 MS: 3 ChangeByte-ChangeByte-EraseBytes-
#20	REDUCE cov: 107 ft: 163 corp: 7/268b lim: 64 exec/s: 0 rss: 29Mb L: 1/64 MS: 3 CopyPart-ShuffleBytes-EraseBytes-
#27	NEW    cov: 107 ft: 178 corp: 8/324b lim: 64 exec/s: 0 rss: 29Mb L: 56/64 MS: 2 InsertByte-CrossOver-
#31	NEW    cov: 107 ft: 183 corp: 9/352b lim: 64 exec/s: 0 rss: 29Mb L: 28/64 MS: 4 ShuffleBytes-ChangeBinInt-ChangeByte-ChangeBinInt-
#33	NEW    cov: 107 ft: 184 corp: 10/384b lim: 64 exec/s: 0 rss: 29Mb L: 32/64 MS: 2 CMP-EraseBytes- DE: "pitm"-
#47	REDUCE cov: 107 ft: 184 corp: 10/380b lim: 64 exec/s: 0 rss: 29Mb L: 54/64 MS: 4 ShuffleBytes-ShuffleBytes-InsertRepeatedBytes-EraseBytes-
#48	NEW    cov: 107 ft: 188 corp: 11/408b lim: 64 exec/s: 0 rss: 29Mb L: 28/64 MS: 1 ChangeBinInt-
#51	NEW    cov: 107 ft: 190 corp: 12/472b lim: 64 exec/s: 0 rss: 29Mb L: 64/64 MS: 3 CrossOver-ChangeBit-ChangeBinInt-
#57	NEW    cov: 107 ft: 197 corp: 13/530b lim: 64 exec/s: 0 rss: 29Mb L: 58/64 MS: 1 CrossOver-
#74	NEW    cov: 107 ft: 198 corp: 14/572b lim: 64 exec/s: 0 rss: 29Mb L: 42/64 MS: 2 PersAutoDict-InsertByte- DE: "pitm"-
#88	NEW    cov: 107 ft: 206 corp: 15/592b lim: 64 exec/s: 0 rss: 29Mb L: 20/64 MS: 4 ShuffleBytes-ChangeByte-ShuffleBytes-EraseBytes-
#104	REDUCE cov: 107 ft: 206 corp: 15/563b lim: 64 exec/s: 0 rss: 29Mb L: 35/64 MS: 1 EraseBytes-
#106	NEW    cov: 107 ft: 207 corp: 16/625b lim: 64 exec/s: 0 rss: 29Mb L: 62/64 MS: 2 InsertRepeatedBytes-InsertRepeatedBytes-
#130	NEW    cov: 108 ft: 208 corp: 17/689b lim: 64 exec/s: 0 rss: 29Mb L: 64/64 MS: 4 EraseBytes-InsertRepeatedBytes-InsertByte-CMP- DE: "\003\000\000\000\000\000\000\000"-
#191	REDUCE cov: 108 ft: 208 corp: 17/685b lim: 64 exec/s: 0 rss: 29Mb L: 16/64 MS: 1 EraseBytes-
#235	REDUCE cov: 108 ft: 208 corp: 17/683b lim: 64 exec/s: 0 rss: 29Mb L: 26/64 MS: 4 ChangeBinInt-ChangeBit-ShuffleBytes-EraseBytes-
#256	REDUCE cov: 108 ft: 208 corp: 17/669b lim: 64 exec/s: 0 rss: 29Mb L: 18/64 MS: 1 EraseBytes-
#257	NEW    cov: 108 ft: 211 corp: 18/698b lim: 64 exec/s: 0 rss: 29Mb L: 29/64 MS: 1 InsertByte-
#367	REDUCE cov: 108 ft: 211 corp: 18/693b lim: 64 exec/s: 0 rss: 29Mb L: 30/64 MS: 5 ChangeBinInt-CMP-ChangeBinInt-ChangeByte-EraseBytes- DE: "\000\000\000\000\000\000\000#"-
#375	NEW    cov: 109 ft: 243 corp: 19/710b lim: 64 exec/s: 0 rss: 29Mb L: 17/64 MS: 3 ChangeBinInt-InsertByte-EraseBytes-
#386	REDUCE cov: 109 ft: 243 corp: 19/700b lim: 64 exec/s: 0 rss: 29Mb L: 20/64 MS: 1 EraseBytes-
#388	REDUCE cov: 109 ft: 243 corp: 19/698b lim: 64 exec/s: 0 rss: 29Mb L: 10/64 MS: 2 EraseBytes-CopyPart-
#394	NEW    cov: 109 ft: 264 corp: 20/718b lim: 64 exec/s: 0 rss: 29Mb L: 20/64 MS: 1 CopyPart-
#451	NEW    cov: 109 ft: 266 corp: 21/747b lim: 64 exec/s: 0 rss: 29Mb L: 29/64 MS: 2 ChangeBit-InsertByte-
#477	NEW    cov: 109 ft: 273 corp: 22/768b lim: 64 exec/s: 0 rss: 29Mb L: 21/64 MS: 1 InsertByte-
#524	REDUCE cov: 109 ft: 273 corp: 22/765b lim: 64 exec/s: 0 rss: 29Mb L: 51/64 MS: 2 InsertRepeatedBytes-EraseBytes-
#568	REDUCE cov: 109 ft: 273 corp: 22/746b lim: 64 exec/s: 0 rss: 29Mb L: 32/64 MS: 4 InsertRepeatedBytes-ChangeBit-EraseBytes-CMP- DE: "schm"-
#579	REDUCE cov: 109 ft: 273 corp: 22/737b lim: 64 exec/s: 0 rss: 29Mb L: 55/64 MS: 1 EraseBytes-
#588	REDUCE cov: 109 ft: 274 corp: 23/745b lim: 64 exec/s: 0 rss: 29Mb L: 8/64 MS: 4 ShuffleBytes-CopyPart-ChangeByte-EraseBytes-
#658	REDUCE cov: 109 ft: 274 corp: 23/742b lim: 64 exec/s: 0 rss: 29Mb L: 17/64 MS: 5 PersAutoDict-CopyPart-EraseBytes-EraseBytes-CopyPart- DE: "schm"-
#755	NEW    cov: 109 ft: 275 corp: 24/766b lim: 64 exec/s: 0 rss: 29Mb L: 24/64 MS: 2 PersAutoDict-CrossOver- DE: "\003\000\000\000\000\000\000\000"-
#756	REDUCE cov: 109 ft: 275 corp: 24/765b lim: 64 exec/s: 0 rss: 29Mb L: 9/64 MS: 1 EraseBytes-
#782	NEW    cov: 109 ft: 276 corp: 25/780b lim: 64 exec/s: 0 rss: 29Mb L: 15/64 MS: 1 EraseBytes-
#785	NEW    cov: 109 ft: 282 corp: 26/844b lim: 64 exec/s: 0 rss: 29Mb L: 64/64 MS: 3 InsertRepeatedBytes-ChangeBit-InsertRepeatedBytes-
#791	NEW    cov: 110 ft: 283 corp: 27/872b lim: 64 exec/s: 0 rss: 29Mb L: 28/64 MS: 1 CMP- DE: "\001\032"-
#885	NEW    cov: 110 ft: 288 corp: 28/881b lim: 64 exec/s: 0 rss: 29Mb L: 9/64 MS: 4 InsertByte-EraseBytes-ChangeByte-EraseBytes-
#950	NEW    cov: 111 ft: 289 corp: 29/909b lim: 64 exec/s: 0 rss: 29Mb L: 28/64 MS: 5 EraseBytes-ChangeBinInt-CMP-EraseBytes-CopyPart- DE: " \000"-
#1022	REDUCE cov: 111 ft: 289 corp: 29/889b lim: 64 exec/s: 0 rss: 29Mb L: 35/64 MS: 2 InsertRepeatedBytes-EraseBytes-
#1075	REDUCE cov: 111 ft: 289 corp: 29/888b lim: 64 exec/s: 0 rss: 29Mb L: 16/64 MS: 3 ChangeBit-InsertByte-EraseBytes-
#1104	REDUCE cov: 111 ft: 289 corp: 29/887b lim: 64 exec/s: 0 rss: 29Mb L: 25/64 MS: 4 InsertRepeatedBytes-PersAutoDict-EraseBytes-EraseBytes- DE: "\000\000\000\000\000\000\000#"-
#1120	NEW    cov: 111 ft: 292 corp: 30/896b lim: 64 exec/s: 0 rss: 29Mb L: 9/64 MS: 1 ChangeBit-
#1397	REDUCE cov: 111 ft: 292 corp: 30/881b lim: 64 exec/s: 0 rss: 29Mb L: 17/64 MS: 2 EraseBytes-EraseBytes-
#1477	NEW    cov: 111 ft: 293 corp: 31/930b lim: 64 exec/s: 0 rss: 29Mb L: 49/64 MS: 5 CrossOver-ChangeBit-CrossOver-ChangeBinInt-InsertRepeatedBytes-
#1619	NEW    cov: 111 ft: 298 corp: 32/961b lim: 64 exec/s: 0 rss: 29Mb L: 31/64 MS: 2 CopyPart-CMP- DE: "mdat"-
#1629	REDUCE cov: 111 ft: 298 corp: 32/953b lim: 64 exec/s: 0 rss: 29Mb L: 9/64 MS: 5 InsertByte-ShuffleBytes-ShuffleBytes-ChangeByte-EraseBytes-
#1748	REDUCE cov: 111 ft: 298 corp: 32/944b lim: 64 exec/s: 0 rss: 29Mb L: 32/64 MS: 4 PersAutoDict-ChangeASCIIInt-ChangeBit-EraseBytes- DE: "\003\000\000\000\000\000\000\000"-
#1869	REDUCE cov: 111 ft: 298 corp: 32/941b lim: 64 exec/s: 0 rss: 29Mb L: 12/64 MS: 1 EraseBytes-
#1874	REDUCE cov: 111 ft: 298 corp: 32/937b lim: 64 exec/s: 0 rss: 29Mb L: 24/64 MS: 5 PersAutoDict-ChangeASCIIInt-ChangeBinInt-EraseBytes-CrossOver- DE: "mdat"-
#1970	REDUCE cov: 111 ft: 298 corp: 32/931b lim: 64 exec/s: 0 rss: 29Mb L: 18/64 MS: 1 EraseBytes-
#2356	REDUCE cov: 111 ft: 298 corp: 32/930b lim: 64 exec/s: 0 rss: 29Mb L: 17/64 MS: 1 EraseBytes-
#2604	NEW    cov: 111 ft: 299 corp: 33/958b lim: 64 exec/s: 0 rss: 29Mb L: 28/64 MS: 3 ChangeByte-ChangeBit-PersAutoDict- DE: "mdat"-
#2851	REDUCE cov: 111 ft: 299 corp: 33/950b lim: 64 exec/s: 0 rss: 29Mb L: 56/64 MS: 2 ShuffleBytes-EraseBytes-
#3041	REDUCE cov: 111 ft: 299 corp: 33/949b lim: 64 exec/s: 0 rss: 29Mb L: 24/64 MS: 5 InsertByte-ChangeBit-InsertRepeatedBytes-EraseBytes-InsertByte-
#3165	REDUCE cov: 111 ft: 299 corp: 33/944b lim: 64 exec/s: 0 rss: 29Mb L: 44/64 MS: 4 ChangeByte-ChangeASCIIInt-ChangeBinInt-CrossOver-
#3229	REDUCE cov: 111 ft: 299 corp: 33/943b lim: 64 exec/s: 0 rss: 29Mb L: 61/64 MS: 4 ChangeByte-CMP-ChangeBit-EraseBytes- DE: "\000\000\000\000\000\000\000\020"-
#3276	REDUCE cov: 111 ft: 299 corp: 33/942b lim: 64 exec/s: 0 rss: 29Mb L: 34/64 MS: 2 InsertByte-EraseBytes-
#3372	NEW    cov: 111 ft: 320 corp: 34/1003b lim: 64 exec/s: 0 rss: 29Mb L: 61/64 MS: 1 InsertRepeatedBytes-
#3737	REDUCE cov: 111 ft: 320 corp: 34/1001b lim: 64 exec/s: 0 rss: 29Mb L: 42/64 MS: 5 CrossOver-CrossOver-ChangeByte-InsertByte-CopyPart-
#3771	NEW    cov: 111 ft: 335 corp: 35/1010b lim: 64 exec/s: 0 rss: 29Mb L: 9/64 MS: 4 ChangeBinInt-CrossOver-EraseBytes-PersAutoDict- DE: "mdat"-
#4370	NEW    cov: 112 ft: 336 corp: 36/1039b lim: 64 exec/s: 4370 rss: 29Mb L: 29/64 MS: 2 ShuffleBytes-CMP- DE: "urn "-
#4437	NEW    cov: 112 ft: 337 corp: 37/1068b lim: 64 exec/s: 4437 rss: 29Mb L: 29/64 MS: 2 ShuffleBytes-CMP- DE: "mfra"-
#4532	REDUCE cov: 112 ft: 340 corp: 38/1099b lim: 64 exec/s: 4532 rss: 29Mb L: 31/64 MS: 5 InsertByte-PersAutoDict-InsertRepeatedBytes-EraseBytes-CrossOver- DE: "\000\000\000\000\000\000\000#"-
#4554	REDUCE cov: 112 ft: 340 corp: 38/1081b lim: 64 exec/s: 4554 rss: 29Mb L: 43/64 MS: 2 ChangeBit-EraseBytes-
#4600	REDUCE cov: 112 ft: 340 corp: 38/1073b lim: 64 exec/s: 4600 rss: 29Mb L: 48/64 MS: 1 EraseBytes-
#5209	REDUCE cov: 112 ft: 340 corp: 38/1062b lim: 70 exec/s: 5209 rss: 29Mb L: 20/64 MS: 4 CopyPart-ChangeBit-CMP-EraseBytes- DE: "\377\377y'\230\000\025\210"-
#5271	NEW    cov: 112 ft: 341 corp: 39/1127b lim: 70 exec/s: 5271 rss: 29Mb L: 65/65 MS: 2 ChangeBinInt-CrossOver-
#5372	NEW    cov: 112 ft: 342 corp: 40/1176b lim: 70 exec/s: 5372 rss: 29Mb L: 49/65 MS: 1 CopyPart-
#5480	NEW    cov: 112 ft: 343 corp: 41/1243b lim: 70 exec/s: 5480 rss: 29Mb L: 67/67 MS: 3 ShuffleBytes-CopyPart-InsertRepeatedBytes-
#5517	REDUCE cov: 112 ft: 344 corp: 42/1309b lim: 70 exec/s: 5517 rss: 29Mb L: 66/67 MS: 2 ShuffleBytes-InsertRepeatedBytes-
#5526	NEW    cov: 113 ft: 345 corp: 43/1369b lim: 70 exec/s: 5526 rss: 29Mb L: 60/67 MS: 4 CrossOver-CMP-ShuffleBytes-CMP- DE: "schm"-"sinf"-
#5883	REDUCE cov: 121 ft: 375 corp: 44/1420b lim: 70 exec/s: 5883 rss: 29Mb L: 51/67 MS: 2 PersAutoDict-PersAutoDict- DE: "\377\377y'\230\000\025\210"-"mfra"-
#6071	NEW    cov: 122 ft: 378 corp: 45/1469b lim: 70 exec/s: 6071 rss: 29Mb L: 49/67 MS: 3 ChangeBinInt-CrossOver-CopyPart-
#6074	REDUCE cov: 122 ft: 378 corp: 45/1467b lim: 70 exec/s: 6074 rss: 29Mb L: 65/66 MS: 3 CrossOver-ChangeBit-EraseBytes-
#6693	REDUCE cov: 122 ft: 379 corp: 46/1542b lim: 76 exec/s: 6693 rss: 29Mb L: 75/75 MS: 4 ChangeBinInt-CMP-InsertRepeatedBytes-InsertRepeatedBytes- DE: "avcC"-
#6844	NEW    cov: 122 ft: 381 corp: 47/1582b lim: 76 exec/s: 6844 rss: 29Mb L: 40/75 MS: 1 EraseBytes-
#7013	REDUCE cov: 122 ft: 381 corp: 47/1577b lim: 76 exec/s: 7013 rss: 29Mb L: 44/75 MS: 4 ChangeByte-CMP-InsertRepeatedBytes-EraseBytes- DE: "\001\014"-
#7658	NEW    cov: 122 ft: 382 corp: 48/1659b lim: 82 exec/s: 7658 rss: 29Mb L: 82/82 MS: 5 ChangeBit-CrossOver-CopyPart-CMP-InsertRepeatedBytes- DE: "St13runtime_"-
#8067	REDUCE cov: 122 ft: 382 corp: 48/1658b lim: 82 exec/s: 8067 rss: 29Mb L: 42/82 MS: 4 ShuffleBytes-ChangeBit-ChangeByte-CrossOver-
#8192	pulse  cov: 122 ft: 382 corp: 48/1658b lim: 82 exec/s: 4096 rss: 29Mb
#9219	REDUCE cov: 122 ft: 382 corp: 48/1642b lim: 88 exec/s: 4609 rss: 29Mb L: 44/82 MS: 2 ChangeBinInt-EraseBytes-
#10138	NEW    cov: 122 ft: 383 corp: 49/1734b lim: 94 exec/s: 5069 rss: 29Mb L: 92/92 MS: 4 InsertRepeatedBytes-ChangeByte-ChangeByte-CMP- DE: "schm"-
#10491	NEW    cov: 122 ft: 384 corp: 50/1823b lim: 94 exec/s: 5245 rss: 29Mb L: 89/92 MS: 3 CMP-InsertRepeatedBytes-CopyPart- DE: "\000\000\000\""-
#10703	REDUCE cov: 122 ft: 386 corp: 51/1867b lim: 94 exec/s: 5351 rss: 29Mb L: 44/92 MS: 2 ChangeByte-ChangeBinInt-
#11080	NEW    cov: 122 ft: 396 corp: 52/1941b lim: 94 exec/s: 5540 rss: 29Mb L: 74/92 MS: 2 ShuffleBytes-CopyPart-
#11353	NEW    cov: 123 ft: 402 corp: 53/1985b lim: 94 exec/s: 5676 rss: 29Mb L: 44/92 MS: 3 ShuffleBytes-ChangeByte-CMP- DE: "meta"-
#11519	REDUCE cov: 123 ft: 402 corp: 53/1977b lim: 94 exec/s: 3839 rss: 479Mb L: 66/92 MS: 1 EraseBytes-
==18== ERROR: libFuzzer: out-of-memory (used: 871Mb; limit: 512Mb)
   To change the out-of-memory limit use -rss_limit_mb=<N>

MS: 1 InsertRepeatedBytes-; base unit: d9c90a496aae5843650a35585995888661e79193
0x0,0x0,0x0,0x14,0x66,0x74,0x79,0x70,0x6d,0x70,0x34,0x31,0x0,0x0,0x40,0x0,0x6d,0x70,0x34,0x31,0x0,0x0,0x0,0x8,0x6d,0x0,0x0,0xff,0xff,0x79,0x27,0x98,0x6d,0x65,0x74,0x61,0x6d,0x66,0xff,0xff,0xff,0xff,0xff,0xff,0xff,0xff,0xff,0xff,0xff,0xff,0xff,0x72,0x61,0x0,0xd9,0x61,0x74,
\000\000\000\024ftypmp41\000\000@\000mp41\000\000\000\010m\000\000\377\377y'\230metamf\377\377\377\377\377\377\377\377\377\377\377\377\377ra\000\331at
artifact_prefix='/results/crashes/20260313_123950_47cbdbbe_'; Test unit written to /results/crashes/20260313_123950_47cbdbbe_oom-d67f68c5acfd3adcfef94bd5fed90d6095c8b64d
Base64: AAAAFGZ0eXBtcDQxAABAAG1wNDEAAAAIbQAA//95J5htZXRhbWb/////////////////cmEA2WF0
SUMMARY: libFuzzer: out-of-memory
stat::number_of_executed_units: 11855
stat::average_exec_per_sec:     2963
stat::new_units_added:          89
stat::slowest_unit_time_sec:    0
stat::peak_rss_mb:              871
