INFO: Running with entropic power schedule (0xFF, 100).
INFO: Seed: 1215360246
INFO: Loaded 1 modules   (252 inline 8-bit counters): 252 [0x6343c9490678, 0x6343c9490774), 
INFO: Loaded 1 PC tables (252 PCs): 252 [0x6343c9490778,0x6343c9491738), 
INFO:        4 files found in /tmp/corpus_20260313_154044_8885d3c0
INFO: seed corpus: files: 4 min: 48b max: 333b total: 853b rss: 28Mb
#5	INITED cov: 117 ft: 250 corp: 4/853b exec/s: 0 rss: 29Mb
#7	NEW    cov: 117 ft: 263 corp: 5/885b lim: 333 exec/s: 0 rss: 29Mb L: 32/333 MS: 2 ShuffleBytes-EraseBytes-
#8	NEW    cov: 117 ft: 264 corp: 6/1055b lim: 333 exec/s: 0 rss: 29Mb L: 170/333 MS: 1 EraseBytes-
#15	NEW    cov: 118 ft: 265 corp: 7/1307b lim: 333 exec/s: 0 rss: 29Mb L: 252/333 MS: 2 ShuffleBytes-CrossOver-
#16	NEW    cov: 118 ft: 273 corp: 8/1339b lim: 333 exec/s: 0 rss: 29Mb L: 32/333 MS: 1 ChangeBit-
#18	NEW    cov: 118 ft: 288 corp: 9/1514b lim: 333 exec/s: 0 rss: 29Mb L: 175/333 MS: 2 ChangeByte-EraseBytes-
#19	NEW    cov: 118 ft: 294 corp: 10/1680b lim: 333 exec/s: 0 rss: 29Mb L: 166/333 MS: 1 CrossOver-
#22	NEW    cov: 119 ft: 296 corp: 11/1904b lim: 333 exec/s: 0 rss: 29Mb L: 224/333 MS: 3 CMP-ShuffleBytes-CrossOver- DE: "W ts"-
#24	NEW    cov: 119 ft: 297 corp: 12/2143b lim: 333 exec/s: 0 rss: 29Mb L: 239/333 MS: 2 CrossOver-InsertByte-
#25	NEW    cov: 119 ft: 309 corp: 13/2475b lim: 333 exec/s: 0 rss: 29Mb L: 332/333 MS: 1 InsertRepeatedBytes-
#27	NEW    cov: 119 ft: 319 corp: 14/2507b lim: 333 exec/s: 0 rss: 29Mb L: 32/333 MS: 2 ShuffleBytes-ChangeBinInt-
#32	REDUCE cov: 119 ft: 319 corp: 14/2456b lim: 333 exec/s: 0 rss: 29Mb L: 173/333 MS: 5 ChangeBit-ChangeBinInt-ChangeASCIIInt-EraseBytes-CopyPart-
#38	NEW    cov: 119 ft: 334 corp: 15/2585b lim: 333 exec/s: 0 rss: 29Mb L: 129/333 MS: 1 CrossOver-
#39	NEW    cov: 119 ft: 335 corp: 16/2918b lim: 333 exec/s: 0 rss: 29Mb L: 333/333 MS: 1 CopyPart-
#40	NEW    cov: 119 ft: 339 corp: 17/3176b lim: 333 exec/s: 0 rss: 29Mb L: 258/333 MS: 1 CopyPart-
#43	NEW    cov: 119 ft: 340 corp: 18/3208b lim: 333 exec/s: 0 rss: 29Mb L: 32/333 MS: 3 ShuffleBytes-ChangeBinInt-ShuffleBytes-
#44	NEW    cov: 119 ft: 345 corp: 19/3440b lim: 333 exec/s: 0 rss: 29Mb L: 232/333 MS: 1 InsertRepeatedBytes-
#57	NEW    cov: 119 ft: 361 corp: 20/3524b lim: 333 exec/s: 0 rss: 29Mb L: 84/333 MS: 3 PersAutoDict-PersAutoDict-CrossOver- DE: "W ts"-"W ts"-
#58	NEW    cov: 119 ft: 362 corp: 21/3777b lim: 333 exec/s: 0 rss: 29Mb L: 253/333 MS: 1 InsertByte-
#59	NEW    cov: 119 ft: 363 corp: 22/3871b lim: 333 exec/s: 0 rss: 29Mb L: 94/333 MS: 1 EraseBytes-
#66	NEW    cov: 119 ft: 364 corp: 23/4127b lim: 333 exec/s: 0 rss: 29Mb L: 256/333 MS: 2 ShuffleBytes-CMP- DE: "stts"-
#72	NEW    cov: 119 ft: 368 corp: 24/4174b lim: 333 exec/s: 0 rss: 29Mb L: 47/333 MS: 1 EraseBytes-
#76	NEW    cov: 119 ft: 369 corp: 25/4402b lim: 333 exec/s: 0 rss: 29Mb L: 228/333 MS: 4 InsertByte-InsertByte-InsertByte-EraseBytes-
#77	NEW    cov: 119 ft: 370 corp: 26/4435b lim: 333 exec/s: 0 rss: 29Mb L: 33/333 MS: 1 InsertByte-
#78	NEW    cov: 119 ft: 371 corp: 27/4744b lim: 333 exec/s: 0 rss: 29Mb L: 309/333 MS: 1 InsertRepeatedBytes-
#80	NEW    cov: 119 ft: 372 corp: 28/4920b lim: 333 exec/s: 0 rss: 29Mb L: 176/333 MS: 2 ShuffleBytes-InsertByte-
#81	NEW    cov: 119 ft: 373 corp: 29/5156b lim: 333 exec/s: 0 rss: 29Mb L: 236/333 MS: 1 CMP- DE: "\001\000\000\024"-
#83	NEW    cov: 120 ft: 375 corp: 30/5457b lim: 333 exec/s: 0 rss: 29Mb L: 301/333 MS: 2 InsertByte-CrossOver-
#84	NEW    cov: 120 ft: 381 corp: 31/5665b lim: 333 exec/s: 0 rss: 29Mb L: 208/333 MS: 1 EraseBytes-
#86	NEW    cov: 120 ft: 382 corp: 32/5781b lim: 333 exec/s: 0 rss: 29Mb L: 116/333 MS: 2 ChangeBit-CrossOver-
#98	NEW    cov: 121 ft: 383 corp: 33/6066b lim: 333 exec/s: 0 rss: 29Mb L: 285/333 MS: 2 PersAutoDict-InsertRepeatedBytes- DE: "\001\000\000\024"-
#109	NEW    cov: 121 ft: 384 corp: 34/6358b lim: 333 exec/s: 0 rss: 29Mb L: 292/333 MS: 1 CopyPart-
#130	REDUCE cov: 121 ft: 384 corp: 34/6350b lim: 333 exec/s: 0 rss: 29Mb L: 165/333 MS: 1 EraseBytes-
#133	NEW    cov: 121 ft: 392 corp: 35/6371b lim: 333 exec/s: 0 rss: 29Mb L: 21/333 MS: 3 ShuffleBytes-ChangeBit-EraseBytes-
#144	NEW    cov: 121 ft: 393 corp: 36/6676b lim: 333 exec/s: 0 rss: 29Mb L: 305/333 MS: 1 PersAutoDict- DE: "\001\000\000\024"-
#158	NEW    cov: 121 ft: 394 corp: 37/6887b lim: 333 exec/s: 0 rss: 29Mb L: 211/333 MS: 4 EraseBytes-CopyPart-InsertRepeatedBytes-ChangeByte-
#193	NEW    cov: 121 ft: 398 corp: 38/7190b lim: 333 exec/s: 0 rss: 29Mb L: 303/333 MS: 5 ChangeByte-ChangeByte-CopyPart-ChangeASCIIInt-InsertByte-
#202	NEW    cov: 121 ft: 406 corp: 39/7356b lim: 333 exec/s: 0 rss: 29Mb L: 166/333 MS: 4 ChangeByte-ShuffleBytes-ChangeBit-ChangeBit-
#217	REDUCE cov: 121 ft: 406 corp: 39/7340b lim: 333 exec/s: 0 rss: 29Mb L: 285/333 MS: 5 ChangeBit-EraseBytes-ChangeBinInt-CopyPart-InsertRepeatedBytes-
#283	NEW    cov: 121 ft: 414 corp: 40/7364b lim: 333 exec/s: 0 rss: 29Mb L: 24/333 MS: 1 EraseBytes-
#305	NEW    cov: 121 ft: 437 corp: 41/7414b lim: 333 exec/s: 0 rss: 29Mb L: 50/333 MS: 2 CrossOver-ChangeBit-
#320	REDUCE cov: 121 ft: 437 corp: 41/7410b lim: 333 exec/s: 0 rss: 29Mb L: 299/333 MS: 5 PersAutoDict-ChangeByte-ChangeBit-EraseBytes-InsertRepeatedBytes- DE: "\001\000\000\024"-
#385	NEW    cov: 121 ft: 438 corp: 42/7544b lim: 333 exec/s: 0 rss: 29Mb L: 134/333 MS: 5 EraseBytes-CrossOver-EraseBytes-InsertByte-InsertByte-
#433	NEW    cov: 121 ft: 439 corp: 43/7596b lim: 333 exec/s: 0 rss: 29Mb L: 52/333 MS: 3 PersAutoDict-InsertByte-PersAutoDict- DE: "W ts"-"stts"-
#444	NEW    cov: 121 ft: 440 corp: 44/7702b lim: 333 exec/s: 0 rss: 29Mb L: 106/333 MS: 1 InsertRepeatedBytes-
#459	NEW    cov: 121 ft: 442 corp: 45/7962b lim: 333 exec/s: 0 rss: 29Mb L: 260/333 MS: 5 PersAutoDict-ShuffleBytes-ShuffleBytes-PersAutoDict-CMP- DE: "W ts"-"stts"-"urn "-
#466	NEW    cov: 121 ft: 451 corp: 46/8046b lim: 333 exec/s: 0 rss: 29Mb L: 84/333 MS: 2 CopyPart-ChangeByte-
#472	NEW    cov: 121 ft: 452 corp: 47/8094b lim: 333 exec/s: 0 rss: 29Mb L: 48/333 MS: 1 EraseBytes-
#507	NEW    cov: 121 ft: 453 corp: 48/8378b lim: 333 exec/s: 0 rss: 29Mb L: 284/333 MS: 5 CrossOver-CopyPart-ChangeBinInt-CopyPart-ChangeByte-
#554	REDUCE cov: 121 ft: 453 corp: 48/8290b lim: 333 exec/s: 0 rss: 29Mb L: 164/333 MS: 2 InsertByte-EraseBytes-
#557	REDUCE cov: 121 ft: 453 corp: 48/8149b lim: 333 exec/s: 0 rss: 29Mb L: 164/333 MS: 3 PersAutoDict-ChangeBinInt-EraseBytes- DE: "W ts"-
#587	NEW    cov: 121 ft: 457 corp: 49/8438b lim: 333 exec/s: 0 rss: 29Mb L: 289/333 MS: 5 ChangeByte-CrossOver-InsertRepeatedBytes-PersAutoDict-EraseBytes- DE: "\001\000\000\024"-
#610	NEW    cov: 121 ft: 458 corp: 50/8597b lim: 333 exec/s: 0 rss: 29Mb L: 159/333 MS: 3 CrossOver-InsertRepeatedBytes-ChangeBinInt-
#618	REDUCE cov: 121 ft: 458 corp: 50/8585b lim: 333 exec/s: 0 rss: 29Mb L: 147/333 MS: 3 PersAutoDict-PersAutoDict-EraseBytes- DE: "urn "-"\001\000\000\024"-
#660	REDUCE cov: 121 ft: 458 corp: 50/8479b lim: 333 exec/s: 0 rss: 29Mb L: 64/333 MS: 2 EraseBytes-EraseBytes-
#670	REDUCE cov: 121 ft: 458 corp: 50/8464b lim: 333 exec/s: 0 rss: 29Mb L: 213/333 MS: 5 CMP-ChangeBinInt-CopyPart-ChangeBinInt-CrossOver- DE: "stss"-
==246781== ERROR: libFuzzer: out-of-memory (used: 1376Mb; limit: 1024Mb)
   To change the out-of-memory limit use -rss_limit_mb=<N>

MS: 3 InsertByte-ChangeByte-EraseBytes-; base unit: ce7e98d3db0e51529e3afcadc5d9efabc4a46dd7
0x0,0x0,0x0,0x1c,0x66,0x74,0x79,0x70,0x4d,0x34,0x56,0x20,0x0,0x0,0x0,0x0,0x4d,0x34,0x56,0x20,0x6d,0x70,0x34,0x31,0x69,0x73,0x74,0x61,0x0,0x0,0x0,0x58,0x6d,0x65,0x74,0x61,0x0,0x0,0x0,0x0,0x0,0x0,0x0,0x21,0x68,0x64,0x6c,0x72,0x0,0x0,0x0,0x0,0x0,0x0,0x0,0x0,0x6d,0x64,0x69,0x72,0x61,0x70,0x70,0x6c,0x0,0x0,0x0,0x0,0x0,0x0,0x69,0x73,0x6f,0x6d,0x0,0xf9,0xff,0x17,0x65,0x74,0x61,0x0,0x0,0x0,0x0,0x0,0x0,0x0,0x21,0x68,0x64,0x6c,0x72,0x0,0x0,0x0,0x0,0x0,0x0,0x2,0x0,0x0,0x0,0x60,0x75,0x64,0x74,0x61,0x0,0x0,0x6d,0x64,0x61,0x74,0x0,0x0,0x0,0x0,0x0,0x2,0x0,0x0,0x0,0x60,0x75,0x64,0x74,0x61,0x74,0x61,0x0,0x0,0x0,0x1,0x0,0x0,0x0,0x0,0x54,0x65,0x73,0x74,0x20,0x56,0x69,0x64,0x65,0x6f,
\000\000\000\034ftypM4V \000\000\000\000M4V mp41ista\000\000\000Xmeta\000\000\000\000\000\000\000!hdlr\000\000\000\000\000\000\000\000mdirappl\000\000\000\000\000\000isom\000\371\377\027eta\000\000\000\000\000\000\000!hdlr\000\000\000\000\000\000\002\000\000\000`udta\000\000mdat\000\000\000\000\000\002\000\000\000`udtata\000\000\000\001\000\000\000\000Test Video
artifact_prefix='/results/crashes/20260313_154044_8885d3c0_'; Test unit written to /results/crashes/20260313_154044_8885d3c0_oom-cef0815db06987ad9b989a78afd520637500d0a1
Base64: AAAAHGZ0eXBNNFYgAAAAAE00ViBtcDQxaXN0YQAAAFhtZXRhAAAAAAAAACFoZGxyAAAAAAAAAABtZGlyYXBwbAAAAAAAAGlzb20A+f8XZXRhAAAAAAAAACFoZGxyAAAAAAAAAgAAAGB1ZHRhAABtZGF0AAAAAAACAAAAYHVkdGF0YQAAAAEAAAAAVGVzdCBWaWRlbw==
SUMMARY: libFuzzer: out-of-memory
stat::number_of_executed_units: 683
stat::average_exec_per_sec:     683
stat::new_units_added:          55
stat::slowest_unit_time_sec:    0
stat::peak_rss_mb:              1377
