INFO: Running with entropic power schedule (0xFF, 100).
INFO: Seed: 258561115
INFO: Loaded 1 modules   (252 inline 8-bit counters): 252 [0x62d73322d678, 0x62d73322d774), 
INFO: Loaded 1 PC tables (252 PCs): 252 [0x62d73322d778,0x62d73322e738), 
INFO:        4 files found in /tmp/corpus_20260313_150121_f45e173f
INFO: seed corpus: files: 4 min: 48b max: 333b total: 853b rss: 28Mb
#5	INITED cov: 118 ft: 253 corp: 4/853b exec/s: 0 rss: 29Mb
#8	NEW    cov: 118 ft: 254 corp: 5/1186b lim: 333 exec/s: 0 rss: 29Mb L: 333/333 MS: 3 ChangeBinInt-ChangeBit-ChangeByte-
#9	NEW    cov: 118 ft: 264 corp: 6/1226b lim: 333 exec/s: 0 rss: 29Mb L: 40/333 MS: 1 EraseBytes-
#10	NEW    cov: 120 ft: 269 corp: 7/1450b lim: 333 exec/s: 0 rss: 29Mb L: 224/333 MS: 1 CMP- DE: "m\000\000\000"-
#11	NEW    cov: 120 ft: 271 corp: 8/1502b lim: 333 exec/s: 0 rss: 29Mb L: 52/333 MS: 1 InsertRepeatedBytes-
#13	NEW    cov: 120 ft: 273 corp: 9/1835b lim: 333 exec/s: 0 rss: 29Mb L: 333/333 MS: 2 ChangeByte-CopyPart-
#15	NEW    cov: 120 ft: 286 corp: 10/2056b lim: 333 exec/s: 0 rss: 29Mb L: 221/333 MS: 2 ChangeBit-InsertByte-
#19	NEW    cov: 120 ft: 296 corp: 11/2314b lim: 333 exec/s: 0 rss: 29Mb L: 258/333 MS: 4 InsertByte-InsertByte-CMP-CMP- DE: "\377\377\377\377\377\377\377\177"-"hvc1"-
#20	NEW    cov: 120 ft: 297 corp: 12/2456b lim: 333 exec/s: 0 rss: 29Mb L: 142/333 MS: 1 EraseBytes-
#24	NEW    cov: 120 ft: 298 corp: 13/2510b lim: 333 exec/s: 0 rss: 29Mb L: 54/333 MS: 4 PersAutoDict-InsertByte-ChangeBit-InsertByte- DE: "\377\377\377\377\377\377\377\177"-
#28	NEW    cov: 120 ft: 304 corp: 14/2643b lim: 333 exec/s: 0 rss: 29Mb L: 133/333 MS: 4 CrossOver-ShuffleBytes-ChangeByte-EraseBytes-
#33	NEW    cov: 121 ft: 305 corp: 15/2976b lim: 333 exec/s: 0 rss: 29Mb L: 333/333 MS: 5 CopyPart-ChangeASCIIInt-ChangeBinInt-ChangeBinInt-CopyPart-
#35	NEW    cov: 121 ft: 309 corp: 16/3196b lim: 333 exec/s: 0 rss: 29Mb L: 220/333 MS: 2 ChangeASCIIInt-CrossOver-
#36	NEW    cov: 122 ft: 311 corp: 17/3495b lim: 333 exec/s: 0 rss: 29Mb L: 299/333 MS: 1 InsertRepeatedBytes-
#39	NEW    cov: 122 ft: 312 corp: 18/3659b lim: 333 exec/s: 0 rss: 29Mb L: 164/333 MS: 3 ShuffleBytes-ChangeBinInt-EraseBytes-
#40	NEW    cov: 122 ft: 313 corp: 19/3965b lim: 333 exec/s: 0 rss: 29Mb L: 306/333 MS: 1 CrossOver-
#50	NEW    cov: 122 ft: 314 corp: 20/4200b lim: 333 exec/s: 0 rss: 29Mb L: 235/333 MS: 5 ChangeBit-EraseBytes-ChangeBit-CopyPart-ShuffleBytes-
#54	NEW    cov: 122 ft: 323 corp: 21/4293b lim: 333 exec/s: 0 rss: 29Mb L: 93/333 MS: 4 EraseBytes-ChangeByte-EraseBytes-EraseBytes-
#58	NEW    cov: 122 ft: 324 corp: 22/4604b lim: 333 exec/s: 0 rss: 29Mb L: 311/333 MS: 4 InsertRepeatedBytes-ShuffleBytes-CopyPart-ChangeBit-
#71	NEW    cov: 122 ft: 325 corp: 23/4927b lim: 333 exec/s: 0 rss: 29Mb L: 323/333 MS: 3 CMP-CopyPart-CopyPart- DE: "m\000\000\000"-
#73	NEW    cov: 122 ft: 326 corp: 24/4963b lim: 333 exec/s: 0 rss: 29Mb L: 36/333 MS: 2 ShuffleBytes-EraseBytes-
#74	REDUCE cov: 122 ft: 326 corp: 24/4829b lim: 333 exec/s: 0 rss: 29Mb L: 199/333 MS: 1 EraseBytes-
#76	NEW    cov: 122 ft: 327 corp: 25/4926b lim: 333 exec/s: 0 rss: 29Mb L: 97/333 MS: 2 ChangeByte-PersAutoDict- DE: "hvc1"-
#77	NEW    cov: 122 ft: 328 corp: 26/5087b lim: 333 exec/s: 0 rss: 29Mb L: 161/333 MS: 1 InsertRepeatedBytes-
#79	NEW    cov: 122 ft: 329 corp: 27/5350b lim: 333 exec/s: 0 rss: 29Mb L: 263/333 MS: 2 PersAutoDict-InsertByte- DE: "hvc1"-
#100	REDUCE cov: 122 ft: 329 corp: 27/5339b lim: 333 exec/s: 0 rss: 29Mb L: 210/333 MS: 1 EraseBytes-
#101	NEW    cov: 122 ft: 330 corp: 28/5379b lim: 333 exec/s: 0 rss: 29Mb L: 40/333 MS: 1 ChangeBit-
#110	NEW    cov: 122 ft: 331 corp: 29/5712b lim: 333 exec/s: 0 rss: 29Mb L: 333/333 MS: 4 ShuffleBytes-ChangeByte-CopyPart-CopyPart-
#125	NEW    cov: 122 ft: 332 corp: 30/5764b lim: 333 exec/s: 0 rss: 29Mb L: 52/333 MS: 5 ChangeBit-CopyPart-ChangeBit-ChangeBit-CMP- DE: "stts"-
#126	NEW    cov: 122 ft: 338 corp: 31/5932b lim: 333 exec/s: 0 rss: 29Mb L: 168/333 MS: 1 CMP- DE: "stts"-
#128	NEW    cov: 122 ft: 340 corp: 32/6091b lim: 333 exec/s: 0 rss: 29Mb L: 159/333 MS: 2 EraseBytes-EraseBytes-
#130	NEW    cov: 122 ft: 341 corp: 33/6310b lim: 333 exec/s: 0 rss: 29Mb L: 219/333 MS: 2 CopyPart-CrossOver-
#138	NEW    cov: 122 ft: 343 corp: 34/6344b lim: 333 exec/s: 0 rss: 29Mb L: 34/333 MS: 3 InsertByte-ChangeByte-EraseBytes-
#145	REDUCE cov: 122 ft: 356 corp: 35/6460b lim: 333 exec/s: 0 rss: 29Mb L: 116/333 MS: 2 CrossOver-EraseBytes-
#152	NEW    cov: 122 ft: 357 corp: 36/6569b lim: 333 exec/s: 0 rss: 29Mb L: 109/333 MS: 2 EraseBytes-EraseBytes-
#155	REDUCE cov: 122 ft: 357 corp: 36/6563b lim: 333 exec/s: 0 rss: 29Mb L: 293/333 MS: 3 InsertRepeatedBytes-EraseBytes-InsertRepeatedBytes-
#157	NEW    cov: 122 ft: 358 corp: 37/6890b lim: 333 exec/s: 0 rss: 29Mb L: 327/333 MS: 2 CopyPart-EraseBytes-
#166	NEW    cov: 122 ft: 359 corp: 38/7050b lim: 333 exec/s: 0 rss: 29Mb L: 160/333 MS: 4 ChangeByte-CopyPart-ChangeByte-InsertByte-
#205	REDUCE cov: 122 ft: 359 corp: 38/6968b lim: 333 exec/s: 0 rss: 29Mb L: 229/333 MS: 4 ChangeBit-InsertByte-ChangeBit-EraseBytes-
#208	NEW    cov: 122 ft: 367 corp: 39/6995b lim: 333 exec/s: 0 rss: 29Mb L: 27/333 MS: 3 ChangeByte-ChangeBinInt-CrossOver-
#264	NEW    cov: 122 ft: 368 corp: 40/7094b lim: 333 exec/s: 0 rss: 29Mb L: 99/333 MS: 1 EraseBytes-
#270	REDUCE cov: 122 ft: 368 corp: 40/7059b lim: 333 exec/s: 0 rss: 29Mb L: 175/333 MS: 1 EraseBytes-
#283	NEW    cov: 122 ft: 376 corp: 41/7135b lim: 333 exec/s: 0 rss: 29Mb L: 76/333 MS: 3 ChangeBinInt-CrossOver-CopyPart-
#286	REDUCE cov: 122 ft: 376 corp: 41/7081b lim: 333 exec/s: 0 rss: 29Mb L: 105/333 MS: 3 CMP-ChangeBinInt-EraseBytes- DE: "\000 "-
#298	NEW    cov: 122 ft: 377 corp: 42/7310b lim: 333 exec/s: 0 rss: 29Mb L: 229/333 MS: 2 CopyPart-PersAutoDict- DE: "m\000\000\000"-
#300	NEW    cov: 122 ft: 378 corp: 43/7354b lim: 333 exec/s: 0 rss: 29Mb L: 44/333 MS: 2 ChangeByte-CMP- DE: "\352l\353D\327b\000\000"-
#319	NEW    cov: 122 ft: 379 corp: 44/7418b lim: 333 exec/s: 0 rss: 29Mb L: 64/333 MS: 4 ShuffleBytes-InsertByte-ChangeByte-InsertRepeatedBytes-
#329	REDUCE cov: 122 ft: 379 corp: 44/7357b lim: 333 exec/s: 0 rss: 29Mb L: 138/333 MS: 5 PersAutoDict-EraseBytes-EraseBytes-ChangeBit-CopyPart- DE: "m\000\000\000"-
#405	NEW    cov: 122 ft: 380 corp: 45/7672b lim: 333 exec/s: 0 rss: 29Mb L: 315/333 MS: 1 CopyPart-
#406	NEW    cov: 122 ft: 423 corp: 46/7684b lim: 333 exec/s: 0 rss: 29Mb L: 12/333 MS: 1 CrossOver-
#454	REDUCE cov: 122 ft: 423 corp: 46/7628b lim: 333 exec/s: 0 rss: 29Mb L: 173/333 MS: 3 CMP-ChangeByte-EraseBytes- DE: "\000\000\000\000\000\000\000\024"-
#460	NEW    cov: 122 ft: 425 corp: 47/7849b lim: 333 exec/s: 0 rss: 29Mb L: 221/333 MS: 1 InsertByte-
#549	REDUCE cov: 122 ft: 425 corp: 47/7799b lim: 333 exec/s: 0 rss: 29Mb L: 169/333 MS: 4 ShuffleBytes-CopyPart-CMP-EraseBytes- DE: "schi"-
#610	REDUCE cov: 122 ft: 425 corp: 47/7711b lim: 333 exec/s: 0 rss: 29Mb L: 245/333 MS: 1 EraseBytes-
#616	REDUCE cov: 122 ft: 425 corp: 47/7664b lim: 333 exec/s: 0 rss: 29Mb L: 188/333 MS: 1 EraseBytes-
#698	NEW    cov: 122 ft: 426 corp: 48/7712b lim: 333 exec/s: 0 rss: 29Mb L: 48/333 MS: 2 ChangeByte-ChangeByte-
#703	NEW    cov: 122 ft: 435 corp: 49/7731b lim: 333 exec/s: 0 rss: 29Mb L: 19/333 MS: 5 CrossOver-EraseBytes-ChangeBinInt-ChangeByte-EraseBytes-
#705	NEW    cov: 122 ft: 447 corp: 50/7779b lim: 333 exec/s: 0 rss: 29Mb L: 48/333 MS: 2 CopyPart-ChangeBit-
#711	REDUCE cov: 122 ft: 447 corp: 50/7624b lim: 333 exec/s: 0 rss: 29Mb L: 178/333 MS: 1 EraseBytes-
#756	NEW    cov: 122 ft: 454 corp: 51/7915b lim: 333 exec/s: 0 rss: 29Mb L: 291/333 MS: 5 ChangeBinInt-ChangeByte-CrossOver-InsertByte-CopyPart-
#773	REDUCE cov: 122 ft: 455 corp: 52/8165b lim: 333 exec/s: 0 rss: 29Mb L: 250/333 MS: 2 CrossOver-CopyPart-
#793	REDUCE cov: 122 ft: 455 corp: 52/8163b lim: 333 exec/s: 0 rss: 29Mb L: 97/333 MS: 5 InsertByte-EraseBytes-ChangeBit-CopyPart-PersAutoDict- DE: "\352l\353D\327b\000\000"-
#826	REDUCE cov: 122 ft: 455 corp: 52/8154b lim: 333 exec/s: 0 rss: 29Mb L: 159/333 MS: 3 InsertRepeatedBytes-ShuffleBytes-EraseBytes-
#846	NEW    cov: 123 ft: 456 corp: 53/8161b lim: 333 exec/s: 0 rss: 29Mb L: 7/333 MS: 5 ChangeBinInt-CrossOver-EraseBytes-EraseBytes-EraseBytes-
#883	REDUCE cov: 123 ft: 456 corp: 53/8160b lim: 333 exec/s: 0 rss: 29Mb L: 63/333 MS: 2 CMP-EraseBytes- DE: "\001\000\000\030"-
#891	NEW    cov: 123 ft: 457 corp: 54/8388b lim: 333 exec/s: 0 rss: 29Mb L: 228/333 MS: 3 ChangeByte-CMP-ChangeBit- DE: "x\000\000\000\000\000\000\000"-
#941	NEW    cov: 123 ft: 458 corp: 55/8554b lim: 333 exec/s: 0 rss: 29Mb L: 166/333 MS: 5 EraseBytes-InsertByte-ChangeByte-PersAutoDict-ChangeBinInt- DE: "\000 "-
#949	REDUCE cov: 123 ft: 458 corp: 55/8551b lim: 333 exec/s: 0 rss: 29Mb L: 113/333 MS: 3 PersAutoDict-PersAutoDict-EraseBytes- DE: "\352l\353D\327b\000\000"-"schi"-
#1098	NEW    cov: 123 ft: 459 corp: 56/8726b lim: 333 exec/s: 0 rss: 29Mb L: 175/333 MS: 4 ChangeBinInt-InsertRepeatedBytes-ChangeBit-CopyPart-
#1129	REDUCE cov: 123 ft: 459 corp: 56/8690b lim: 333 exec/s: 0 rss: 29Mb L: 130/333 MS: 1 EraseBytes-
#1175	REDUCE cov: 123 ft: 459 corp: 56/8687b lim: 333 exec/s: 0 rss: 29Mb L: 37/333 MS: 1 EraseBytes-
#1193	NEW    cov: 123 ft: 460 corp: 57/8764b lim: 333 exec/s: 0 rss: 29Mb L: 77/333 MS: 3 InsertByte-ChangeByte-CopyPart-
#1276	REDUCE cov: 123 ft: 460 corp: 57/8718b lim: 333 exec/s: 0 rss: 29Mb L: 260/333 MS: 3 CMP-ShuffleBytes-EraseBytes- DE: "iso5"-
#1313	REDUCE cov: 123 ft: 460 corp: 57/8714b lim: 333 exec/s: 0 rss: 29Mb L: 89/333 MS: 2 CopyPart-EraseBytes-
#1344	NEW    cov: 123 ft: 469 corp: 58/9019b lim: 333 exec/s: 0 rss: 29Mb L: 305/333 MS: 1 CopyPart-
#1370	REDUCE cov: 123 ft: 469 corp: 58/9017b lim: 333 exec/s: 0 rss: 29Mb L: 25/333 MS: 1 EraseBytes-
#1465	REDUCE cov: 123 ft: 469 corp: 58/8865b lim: 333 exec/s: 0 rss: 29Mb L: 171/333 MS: 5 PersAutoDict-PersAutoDict-PersAutoDict-ChangeByte-EraseBytes- DE: "\377\377\377\377\377\377\377\177"-"\352l\353D\327b\000\000"-"iso5"-
#1474	REDUCE cov: 123 ft: 469 corp: 58/8822b lim: 333 exec/s: 0 rss: 29Mb L: 215/333 MS: 4 InsertByte-CrossOver-CrossOver-InsertRepeatedBytes-
#1505	REDUCE cov: 123 ft: 469 corp: 58/8821b lim: 333 exec/s: 0 rss: 29Mb L: 6/333 MS: 1 EraseBytes-
#1629	REDUCE cov: 123 ft: 469 corp: 58/8801b lim: 333 exec/s: 0 rss: 29Mb L: 230/333 MS: 4 CopyPart-InsertByte-CMP-EraseBytes- DE: "7\000\000\000\000\000\000\000"-
#1664	REDUCE cov: 123 ft: 469 corp: 58/8798b lim: 333 exec/s: 0 rss: 29Mb L: 33/333 MS: 5 EraseBytes-CMP-ShuffleBytes-EraseBytes-CopyPart- DE: "\017\000"-
#1732	REDUCE cov: 123 ft: 469 corp: 58/8757b lim: 333 exec/s: 0 rss: 29Mb L: 147/333 MS: 3 ShuffleBytes-ChangeBit-EraseBytes-
#1768	REDUCE cov: 123 ft: 469 corp: 58/8733b lim: 333 exec/s: 0 rss: 29Mb L: 65/333 MS: 1 EraseBytes-
#1801	REDUCE cov: 123 ft: 469 corp: 58/8727b lim: 333 exec/s: 0 rss: 29Mb L: 28/333 MS: 3 ChangeByte-ChangeByte-EraseBytes-
#1825	REDUCE cov: 123 ft: 469 corp: 58/8724b lim: 333 exec/s: 0 rss: 29Mb L: 312/333 MS: 4 PersAutoDict-EraseBytes-ChangeBinInt-InsertRepeatedBytes- DE: "\001\000\000\030"-
#1833	NEW    cov: 123 ft: 470 corp: 59/8776b lim: 333 exec/s: 0 rss: 29Mb L: 52/333 MS: 3 ChangeBinInt-ChangeBinInt-CMP- DE: "hvc1"-
#1933	NEW    cov: 123 ft: 471 corp: 60/9083b lim: 333 exec/s: 0 rss: 29Mb L: 307/333 MS: 5 ChangeBinInt-ChangeBit-EraseBytes-ChangeBit-CrossOver-
#2004	REDUCE cov: 123 ft: 471 corp: 60/9080b lim: 333 exec/s: 0 rss: 29Mb L: 3/333 MS: 1 EraseBytes-
#2140	REDUCE cov: 123 ft: 471 corp: 60/9078b lim: 333 exec/s: 0 rss: 29Mb L: 17/333 MS: 1 EraseBytes-
#2542	REDUCE cov: 123 ft: 471 corp: 60/9077b lim: 333 exec/s: 0 rss: 29Mb L: 2/333 MS: 2 ChangeBit-EraseBytes-
#2563	REDUCE cov: 123 ft: 471 corp: 60/9074b lim: 333 exec/s: 0 rss: 29Mb L: 49/333 MS: 1 EraseBytes-
#2579	REDUCE cov: 123 ft: 471 corp: 60/9069b lim: 333 exec/s: 0 rss: 29Mb L: 58/333 MS: 1 EraseBytes-
#2609	REDUCE cov: 123 ft: 471 corp: 60/9011b lim: 333 exec/s: 0 rss: 29Mb L: 247/333 MS: 5 CMP-ChangeASCIIInt-InsertByte-ShuffleBytes-EraseBytes- DE: "minf"-
#2630	REDUCE cov: 123 ft: 471 corp: 60/8947b lim: 333 exec/s: 0 rss: 29Mb L: 66/333 MS: 1 EraseBytes-
#2700	REDUCE cov: 123 ft: 472 corp: 61/8982b lim: 333 exec/s: 0 rss: 29Mb L: 35/333 MS: 5 ChangeBinInt-CMP-ChangeByte-ChangeByte-CrossOver- DE: "\001\000\000\000\000\000\000\224"-
#2860	REDUCE cov: 123 ft: 472 corp: 61/8975b lim: 333 exec/s: 0 rss: 29Mb L: 157/333 MS: 5 ChangeByte-InsertByte-CopyPart-PersAutoDict-CrossOver- DE: "stts"-
#2919	REDUCE cov: 123 ft: 472 corp: 61/8972b lim: 333 exec/s: 0 rss: 29Mb L: 249/333 MS: 4 InsertByte-PersAutoDict-InsertByte-EraseBytes- DE: "schi"-
#2922	NEW    cov: 123 ft: 476 corp: 62/9027b lim: 333 exec/s: 0 rss: 29Mb L: 55/333 MS: 3 ChangeByte-ChangeBinInt-CopyPart-
#2980	REDUCE cov: 123 ft: 476 corp: 62/9022b lim: 333 exec/s: 0 rss: 29Mb L: 258/333 MS: 3 ShuffleBytes-EraseBytes-ChangeByte-
#2993	REDUCE cov: 123 ft: 476 corp: 62/8994b lim: 333 exec/s: 0 rss: 29Mb L: 105/333 MS: 3 CrossOver-ChangeByte-EraseBytes-
#3019	REDUCE cov: 123 ft: 476 corp: 62/8990b lim: 333 exec/s: 0 rss: 29Mb L: 62/333 MS: 1 EraseBytes-
#3047	REDUCE cov: 123 ft: 476 corp: 62/8943b lim: 333 exec/s: 0 rss: 29Mb L: 58/333 MS: 3 ChangeBit-ChangeBit-EraseBytes-
#3059	REDUCE cov: 123 ft: 476 corp: 62/8906b lim: 333 exec/s: 0 rss: 29Mb L: 138/333 MS: 2 EraseBytes-PersAutoDict- DE: "stts"-
#3062	REDUCE cov: 123 ft: 482 corp: 63/9220b lim: 333 exec/s: 0 rss: 29Mb L: 314/333 MS: 3 InsertByte-InsertByte-ChangeBinInt-
#3153	REDUCE cov: 123 ft: 488 corp: 64/9525b lim: 333 exec/s: 0 rss: 29Mb L: 305/333 MS: 1 InsertRepeatedBytes-
#3364	REDUCE cov: 123 ft: 488 corp: 64/9478b lim: 333 exec/s: 0 rss: 29Mb L: 122/333 MS: 1 EraseBytes-
#3368	REDUCE cov: 123 ft: 488 corp: 64/9447b lim: 333 exec/s: 0 rss: 29Mb L: 281/333 MS: 4 EraseBytes-CMP-ChangeBinInt-InsertRepeatedBytes- DE: "\000\000\000 "-
#3529	REDUCE cov: 123 ft: 488 corp: 64/9374b lim: 333 exec/s: 0 rss: 29Mb L: 86/333 MS: 1 EraseBytes-
#3536	REDUCE cov: 123 ft: 488 corp: 64/9295b lim: 333 exec/s: 0 rss: 29Mb L: 226/333 MS: 2 ChangeBinInt-EraseBytes-
#3565	REDUCE cov: 123 ft: 488 corp: 64/9291b lim: 333 exec/s: 0 rss: 29Mb L: 48/333 MS: 4 ChangeBinInt-ChangeBit-CopyPart-EraseBytes-
#3640	REDUCE cov: 123 ft: 488 corp: 64/9290b lim: 333 exec/s: 0 rss: 29Mb L: 24/333 MS: 5 ShuffleBytes-ChangeBinInt-ChangeByte-ChangeBinInt-EraseBytes-
#3794	REDUCE cov: 123 ft: 490 corp: 65/9452b lim: 333 exec/s: 0 rss: 29Mb L: 162/333 MS: 4 InsertByte-InsertByte-ShuffleBytes-CrossOver-
#3861	NEW    cov: 123 ft: 493 corp: 66/9532b lim: 333 exec/s: 0 rss: 29Mb L: 80/333 MS: 2 PersAutoDict-PersAutoDict- DE: "iso5"-"\001\000\000\030"-
#3887	NEW    cov: 125 ft: 496 corp: 67/9865b lim: 333 exec/s: 0 rss: 29Mb L: 333/333 MS: 1 CrossOver-
#3972	REDUCE cov: 125 ft: 496 corp: 67/9864b lim: 333 exec/s: 0 rss: 29Mb L: 1/333 MS: 5 ChangeByte-ChangeBinInt-ChangeByte-CrossOver-EraseBytes-
#3977	REDUCE cov: 125 ft: 496 corp: 67/9807b lim: 333 exec/s: 0 rss: 29Mb L: 65/333 MS: 5 CrossOver-ChangeBit-ChangeBit-ShuffleBytes-InsertByte-
#4169	REDUCE cov: 125 ft: 496 corp: 67/9788b lim: 333 exec/s: 0 rss: 29Mb L: 61/333 MS: 2 CopyPart-EraseBytes-
#4252	REDUCE cov: 125 ft: 496 corp: 67/9770b lim: 333 exec/s: 0 rss: 29Mb L: 87/333 MS: 3 ChangeByte-CopyPart-EraseBytes-
#4290	REDUCE cov: 125 ft: 496 corp: 67/9769b lim: 333 exec/s: 0 rss: 29Mb L: 313/333 MS: 3 ChangeBit-ChangeByte-EraseBytes-
#4375	REDUCE cov: 125 ft: 496 corp: 67/9766b lim: 333 exec/s: 0 rss: 29Mb L: 324/333 MS: 5 ShuffleBytes-ChangeByte-ShuffleBytes-EraseBytes-InsertByte-
#4581	REDUCE cov: 125 ft: 496 corp: 67/9742b lim: 333 exec/s: 0 rss: 29Mb L: 52/333 MS: 1 EraseBytes-
#4638	REDUCE cov: 125 ft: 496 corp: 67/9717b lim: 333 exec/s: 0 rss: 29Mb L: 37/333 MS: 2 CMP-EraseBytes- DE: "\011\000\000\000"-
#4646	REDUCE cov: 125 ft: 496 corp: 67/9702b lim: 333 exec/s: 0 rss: 29Mb L: 22/333 MS: 3 CopyPart-CopyPart-EraseBytes-
#4676	REDUCE cov: 125 ft: 496 corp: 67/9693b lim: 333 exec/s: 0 rss: 29Mb L: 39/333 MS: 5 CMP-CopyPart-ChangeBinInt-ShuffleBytes-EraseBytes- DE: "\001\000v\032\330\001&\240"-
#4718	REDUCE cov: 125 ft: 496 corp: 67/9689b lim: 333 exec/s: 0 rss: 29Mb L: 169/333 MS: 2 ChangeASCIIInt-EraseBytes-
#4923	REDUCE cov: 125 ft: 496 corp: 67/9687b lim: 333 exec/s: 0 rss: 29Mb L: 63/333 MS: 5 ChangeASCIIInt-CrossOver-CMP-EraseBytes-InsertByte- DE: "St9exception"-
#5009	REDUCE cov: 125 ft: 496 corp: 67/9671b lim: 333 exec/s: 0 rss: 29Mb L: 212/333 MS: 1 EraseBytes-
#5118	REDUCE cov: 125 ft: 496 corp: 67/9655b lim: 333 exec/s: 0 rss: 29Mb L: 45/333 MS: 4 ChangeByte-ShuffleBytes-CMP-EraseBytes- DE: "\377\377u\032\330\001qP"-
#5301	REDUCE cov: 125 ft: 496 corp: 67/9647b lim: 333 exec/s: 0 rss: 29Mb L: 283/333 MS: 3 CrossOver-InsertRepeatedBytes-CopyPart-
#5389	REDUCE cov: 125 ft: 496 corp: 67/9646b lim: 333 exec/s: 0 rss: 29Mb L: 57/333 MS: 3 PersAutoDict-ChangeBinInt-EraseBytes- DE: "stts"-
#5397	NEW    cov: 125 ft: 497 corp: 68/9654b lim: 333 exec/s: 0 rss: 29Mb L: 8/333 MS: 3 EraseBytes-PersAutoDict-EraseBytes- DE: "\011\000\000\000"-
#5542	REDUCE cov: 125 ft: 498 corp: 69/9919b lim: 333 exec/s: 0 rss: 29Mb L: 265/333 MS: 5 CopyPart-InsertByte-InsertByte-InsertRepeatedBytes-EraseBytes-
#5790	REDUCE cov: 125 ft: 498 corp: 69/9895b lim: 333 exec/s: 0 rss: 29Mb L: 25/333 MS: 3 CopyPart-ShuffleBytes-EraseBytes-
#5857	REDUCE cov: 125 ft: 498 corp: 69/9889b lim: 333 exec/s: 0 rss: 29Mb L: 42/333 MS: 2 ChangeBinInt-EraseBytes-
#5954	REDUCE cov: 125 ft: 498 corp: 69/9880b lim: 333 exec/s: 0 rss: 29Mb L: 133/333 MS: 2 ChangeBit-EraseBytes-
#6150	REDUCE cov: 125 ft: 498 corp: 69/9866b lim: 333 exec/s: 0 rss: 29Mb L: 63/333 MS: 1 EraseBytes-
#6178	REDUCE cov: 125 ft: 498 corp: 69/9856b lim: 333 exec/s: 0 rss: 29Mb L: 273/333 MS: 3 EraseBytes-ShuffleBytes-InsertRepeatedBytes-
#6264	REDUCE cov: 125 ft: 498 corp: 69/9846b lim: 333 exec/s: 0 rss: 29Mb L: 239/333 MS: 1 EraseBytes-
#6292	REDUCE cov: 125 ft: 498 corp: 69/9824b lim: 333 exec/s: 0 rss: 29Mb L: 116/333 MS: 3 CrossOver-InsertByte-CrossOver-
#6498	REDUCE cov: 125 ft: 498 corp: 69/9809b lim: 333 exec/s: 6498 rss: 29Mb L: 27/333 MS: 4 ChangeByte-ShuffleBytes-CopyPart-EraseBytes-
#6861	REDUCE cov: 125 ft: 498 corp: 69/9789b lim: 333 exec/s: 6861 rss: 29Mb L: 28/333 MS: 3 ChangeByte-CopyPart-EraseBytes-
#6942	REDUCE cov: 125 ft: 498 corp: 69/9784b lim: 333 exec/s: 6942 rss: 29Mb L: 34/333 MS: 1 EraseBytes-
#6963	REDUCE cov: 125 ft: 498 corp: 69/9782b lim: 333 exec/s: 6963 rss: 29Mb L: 20/333 MS: 1 EraseBytes-
#7012	REDUCE cov: 125 ft: 498 corp: 69/9781b lim: 333 exec/s: 7012 rss: 29Mb L: 257/333 MS: 4 ChangeBit-PersAutoDict-CrossOver-EraseBytes- DE: "x\000\000\000\000\000\000\000"-
#7391	REDUCE cov: 125 ft: 498 corp: 69/9774b lim: 333 exec/s: 7391 rss: 29Mb L: 56/333 MS: 4 ShuffleBytes-ChangeASCIIInt-ChangeBit-EraseBytes-
#7747	REDUCE cov: 125 ft: 498 corp: 69/9764b lim: 333 exec/s: 7747 rss: 29Mb L: 53/333 MS: 1 EraseBytes-
#7968	REDUCE cov: 125 ft: 498 corp: 69/9761b lim: 333 exec/s: 7968 rss: 29Mb L: 34/333 MS: 1 EraseBytes-
#8012	REDUCE cov: 125 ft: 498 corp: 69/9756b lim: 333 exec/s: 8012 rss: 29Mb L: 29/333 MS: 4 ChangeByte-InsertByte-CrossOver-CrossOver-
#8445	REDUCE cov: 125 ft: 498 corp: 69/9660b lim: 333 exec/s: 8445 rss: 29Mb L: 149/333 MS: 3 EraseBytes-InsertByte-InsertRepeatedBytes-
#8587	REDUCE cov: 125 ft: 498 corp: 69/9648b lim: 333 exec/s: 8587 rss: 29Mb L: 74/333 MS: 2 PersAutoDict-EraseBytes- DE: "7\000\000\000\000\000\000\000"-
#8643	REDUCE cov: 125 ft: 498 corp: 69/9644b lim: 333 exec/s: 8643 rss: 29Mb L: 25/333 MS: 1 EraseBytes-
#8821	NEW    cov: 126 ft: 500 corp: 70/9690b lim: 333 exec/s: 8821 rss: 29Mb L: 46/333 MS: 3 ChangeByte-CMP-EraseBytes- DE: "\177\377\377\377\377\377\377\377"-
#9163	REDUCE cov: 126 ft: 500 corp: 70/9679b lim: 333 exec/s: 9163 rss: 29Mb L: 42/333 MS: 2 PersAutoDict-EraseBytes- DE: "minf"-
#9435	REDUCE cov: 126 ft: 500 corp: 70/9665b lim: 333 exec/s: 9435 rss: 29Mb L: 225/333 MS: 2 EraseBytes-CrossOver-
#9557	REDUCE cov: 126 ft: 500 corp: 70/9630b lim: 333 exec/s: 9557 rss: 29Mb L: 39/333 MS: 2 ChangeBit-EraseBytes-
#9595	REDUCE cov: 126 ft: 500 corp: 70/9629b lim: 333 exec/s: 9595 rss: 29Mb L: 27/333 MS: 3 InsertByte-EraseBytes-CrossOver-
#9641	REDUCE cov: 126 ft: 500 corp: 70/9623b lim: 333 exec/s: 9641 rss: 29Mb L: 40/333 MS: 1 CrossOver-
#9852	REDUCE cov: 126 ft: 500 corp: 70/9613b lim: 333 exec/s: 9852 rss: 29Mb L: 17/333 MS: 1 EraseBytes-
#10254	REDUCE cov: 126 ft: 500 corp: 70/9611b lim: 333 exec/s: 10254 rss: 29Mb L: 40/333 MS: 2 ChangeBit-EraseBytes-
#10336	REDUCE cov: 126 ft: 500 corp: 70/9589b lim: 333 exec/s: 10336 rss: 29Mb L: 238/333 MS: 2 ShuffleBytes-EraseBytes-
#10638	REDUCE cov: 126 ft: 500 corp: 70/9588b lim: 333 exec/s: 10638 rss: 29Mb L: 332/333 MS: 2 ChangeASCIIInt-EraseBytes-
#10641	REDUCE cov: 126 ft: 500 corp: 70/9572b lim: 333 exec/s: 10641 rss: 29Mb L: 24/333 MS: 3 ChangeBinInt-ShuffleBytes-EraseBytes-
#10652	REDUCE cov: 126 ft: 500 corp: 70/9569b lim: 333 exec/s: 10652 rss: 29Mb L: 9/333 MS: 1 EraseBytes-
#11001	REDUCE cov: 126 ft: 500 corp: 70/9542b lim: 333 exec/s: 11001 rss: 29Mb L: 106/333 MS: 4 EraseBytes-InsertByte-CopyPart-CopyPart-
#11275	REDUCE cov: 126 ft: 500 corp: 70/9530b lim: 333 exec/s: 11275 rss: 29Mb L: 12/333 MS: 4 CMP-ChangeByte-ShuffleBytes-EraseBytes- DE: "mvhd"-
#11283	REDUCE cov: 126 ft: 500 corp: 70/9522b lim: 333 exec/s: 11283 rss: 29Mb L: 265/333 MS: 3 InsertByte-ChangeByte-EraseBytes-
#11409	REDUCE cov: 126 ft: 500 corp: 70/9515b lim: 333 exec/s: 11409 rss: 29Mb L: 13/333 MS: 1 EraseBytes-
#11420	REDUCE cov: 126 ft: 500 corp: 70/9480b lim: 333 exec/s: 11420 rss: 29Mb L: 143/333 MS: 1 EraseBytes-
#11537	REDUCE cov: 126 ft: 500 corp: 70/9472b lim: 333 exec/s: 11537 rss: 29Mb L: 44/333 MS: 2 InsertByte-EraseBytes-
#12354	REDUCE cov: 126 ft: 500 corp: 70/9463b lim: 341 exec/s: 12354 rss: 29Mb L: 166/333 MS: 2 EraseBytes-InsertRepeatedBytes-
#12432	REDUCE cov: 126 ft: 500 corp: 70/9459b lim: 341 exec/s: 12432 rss: 29Mb L: 9/333 MS: 3 ShuffleBytes-InsertByte-EraseBytes-
#12451	REDUCE cov: 126 ft: 500 corp: 70/9444b lim: 341 exec/s: 12451 rss: 29Mb L: 134/333 MS: 4 ChangeASCIIInt-EraseBytes-CMP-CrossOver- DE: "mdia"-
#12762	REDUCE cov: 126 ft: 500 corp: 70/9420b lim: 341 exec/s: 12762 rss: 29Mb L: 110/333 MS: 1 EraseBytes-
#12997	REDUCE cov: 126 ft: 500 corp: 70/9419b lim: 341 exec/s: 12997 rss: 29Mb L: 64/333 MS: 5 CrossOver-CrossOver-ChangeBit-ShuffleBytes-EraseBytes-
#13022	REDUCE cov: 126 ft: 500 corp: 70/9395b lim: 341 exec/s: 13022 rss: 29Mb L: 92/333 MS: 5 ChangeBinInt-ShuffleBytes-PersAutoDict-CopyPart-EraseBytes- DE: "\000\000\000\000\000\000\000\024"-
#13209	REDUCE cov: 126 ft: 500 corp: 70/9385b lim: 341 exec/s: 6604 rss: 29Mb L: 29/333 MS: 1 EraseBytes-
#13371	REDUCE cov: 126 ft: 500 corp: 70/9358b lim: 341 exec/s: 6685 rss: 30Mb L: 280/333 MS: 2 CMP-EraseBytes- DE: "frma"-
#13689	REDUCE cov: 126 ft: 500 corp: 70/9354b lim: 341 exec/s: 6844 rss: 30Mb L: 8/333 MS: 3 CrossOver-EraseBytes-EraseBytes-
#13735	REDUCE cov: 126 ft: 505 corp: 71/9601b lim: 341 exec/s: 6867 rss: 30Mb L: 247/333 MS: 1 ChangeBinInt-
#13782	REDUCE cov: 126 ft: 505 corp: 71/9600b lim: 341 exec/s: 6891 rss: 30Mb L: 8/333 MS: 2 EraseBytes-InsertByte-
#13830	REDUCE cov: 126 ft: 517 corp: 72/9847b lim: 341 exec/s: 6915 rss: 30Mb L: 247/333 MS: 3 ChangeByte-ChangeBinInt-CopyPart-
#13870	NEW    cov: 126 ft: 526 corp: 73/9935b lim: 341 exec/s: 6935 rss: 30Mb L: 88/333 MS: 5 InsertByte-CopyPart-ShuffleBytes-PersAutoDict-CMP- DE: "\000\000\000 "-"pixi"-
#14138	NEW    cov: 126 ft: 531 corp: 74/10065b lim: 341 exec/s: 7069 rss: 30Mb L: 130/333 MS: 3 PersAutoDict-ChangeASCIIInt-CopyPart- DE: "hvc1"-
#14152	REDUCE cov: 126 ft: 532 corp: 75/10406b lim: 341 exec/s: 7076 rss: 30Mb L: 341/341 MS: 4 PersAutoDict-ChangeBinInt-PersAutoDict-InsertRepeatedBytes- DE: "m\000\000\000"-"mdia"-
#14294	REDUCE cov: 126 ft: 532 corp: 75/10402b lim: 341 exec/s: 7147 rss: 30Mb L: 51/341 MS: 2 ChangeBit-EraseBytes-
#14423	REDUCE cov: 126 ft: 535 corp: 76/10481b lim: 341 exec/s: 7211 rss: 30Mb L: 79/341 MS: 4 PersAutoDict-PersAutoDict-ShuffleBytes-CrossOver- DE: "schi"-"pixi"-
#14530	REDUCE cov: 126 ft: 535 corp: 76/10446b lim: 341 exec/s: 7265 rss: 30Mb L: 44/341 MS: 2 ChangeBit-EraseBytes-
#14796	REDUCE cov: 126 ft: 535 corp: 76/10443b lim: 341 exec/s: 7398 rss: 30Mb L: 14/341 MS: 1 EraseBytes-
#14953	REDUCE cov: 126 ft: 536 corp: 77/10778b lim: 341 exec/s: 7476 rss: 30Mb L: 335/341 MS: 2 PersAutoDict-InsertRepeatedBytes- DE: "stts"-
#15035	REDUCE cov: 126 ft: 537 corp: 78/11058b lim: 341 exec/s: 7517 rss: 30Mb L: 280/341 MS: 2 CMP-CopyPart- DE: "stss"-
#15071	REDUCE cov: 126 ft: 537 corp: 78/11051b lim: 341 exec/s: 7535 rss: 30Mb L: 18/341 MS: 1 EraseBytes-
#15262	REDUCE cov: 126 ft: 537 corp: 78/11043b lim: 341 exec/s: 7631 rss: 30Mb L: 222/341 MS: 1 EraseBytes-
#15478	REDUCE cov: 126 ft: 537 corp: 78/11039b lim: 341 exec/s: 7739 rss: 30Mb L: 331/341 MS: 1 EraseBytes-
#15508	REDUCE cov: 126 ft: 537 corp: 78/11036b lim: 341 exec/s: 7754 rss: 30Mb L: 84/341 MS: 5 CMP-ShuffleBytes-EraseBytes-ShuffleBytes-InsertRepeatedBytes- DE: "\001\020"-
#15651	REDUCE cov: 126 ft: 537 corp: 78/11012b lim: 341 exec/s: 7825 rss: 30Mb L: 147/341 MS: 3 CrossOver-EraseBytes-CMP- DE: "\001\012"-
#15959	REDUCE cov: 126 ft: 537 corp: 78/11001b lim: 341 exec/s: 7979 rss: 30Mb L: 227/341 MS: 3 ChangeBinInt-CrossOver-EraseBytes-
#15964	REDUCE cov: 126 ft: 537 corp: 78/10950b lim: 341 exec/s: 7982 rss: 30Mb L: 169/341 MS: 5 InsertByte-InsertRepeatedBytes-ChangeByte-InsertByte-EraseBytes-
#16051	REDUCE cov: 126 ft: 537 corp: 78/10947b lim: 341 exec/s: 8025 rss: 30Mb L: 55/341 MS: 2 CopyPart-EraseBytes-
#16226	REDUCE cov: 126 ft: 537 corp: 78/10920b lim: 341 exec/s: 8113 rss: 30Mb L: 83/341 MS: 5 ChangeBit-PersAutoDict-ChangeByte-EraseBytes-EraseBytes- DE: "\001\000v\032\330\001&\240"-
#16384	pulse  cov: 126 ft: 537 corp: 78/10920b lim: 341 exec/s: 8192 rss: 30Mb
#16787	REDUCE cov: 126 ft: 537 corp: 78/10919b lim: 341 exec/s: 8393 rss: 30Mb L: 34/341 MS: 1 EraseBytes-
#17024	REDUCE cov: 126 ft: 537 corp: 78/10890b lim: 341 exec/s: 8512 rss: 30Mb L: 196/341 MS: 2 EraseBytes-ChangeByte-
#17080	REDUCE cov: 126 ft: 537 corp: 78/10877b lim: 341 exec/s: 8540 rss: 30Mb L: 38/341 MS: 1 CrossOver-
#17282	REDUCE cov: 126 ft: 537 corp: 78/10872b lim: 341 exec/s: 8641 rss: 30Mb L: 39/341 MS: 2 InsertRepeatedBytes-EraseBytes-
#17463	REDUCE cov: 126 ft: 537 corp: 78/10864b lim: 341 exec/s: 8731 rss: 30Mb L: 272/341 MS: 1 EraseBytes-
#17504	REDUCE cov: 126 ft: 537 corp: 78/10863b lim: 341 exec/s: 8752 rss: 30Mb L: 53/341 MS: 1 EraseBytes-
#17531	REDUCE cov: 126 ft: 537 corp: 78/10861b lim: 341 exec/s: 8765 rss: 30Mb L: 42/341 MS: 2 ShuffleBytes-EraseBytes-
#17548	REDUCE cov: 126 ft: 537 corp: 78/10847b lim: 341 exec/s: 8774 rss: 30Mb L: 25/341 MS: 2 CrossOver-EraseBytes-
#17690	REDUCE cov: 126 ft: 537 corp: 78/10836b lim: 341 exec/s: 8845 rss: 30Mb L: 119/341 MS: 2 CMP-EraseBytes- DE: "\000\000v\032\330\004\310\231"-
#19599	REDUCE cov: 126 ft: 537 corp: 78/10834b lim: 357 exec/s: 6533 rss: 30Mb L: 95/341 MS: 4 ChangeBit-EraseBytes-InsertRepeatedBytes-CMP- DE: "%\000\000\000\000\000\000\000"-
#19734	REDUCE cov: 126 ft: 537 corp: 78/10832b lim: 357 exec/s: 6578 rss: 30Mb L: 164/341 MS: 5 PersAutoDict-InsertByte-PersAutoDict-ShuffleBytes-EraseBytes- DE: "m\000\000\000"-"%\000\000\000\000\000\000\000"-
#20341	REDUCE cov: 126 ft: 537 corp: 78/10828b lim: 357 exec/s: 6780 rss: 30Mb L: 49/341 MS: 2 EraseBytes-CMP- DE: "\001\000\000\010"-
#20530	REDUCE cov: 126 ft: 537 corp: 78/10826b lim: 357 exec/s: 6843 rss: 30Mb L: 255/341 MS: 4 ChangeBinInt-CrossOver-CrossOver-EraseBytes-
#20598	REDUCE cov: 126 ft: 537 corp: 78/10815b lim: 357 exec/s: 6866 rss: 30Mb L: 302/341 MS: 3 ChangeBit-CrossOver-EraseBytes-
#20624	REDUCE cov: 126 ft: 537 corp: 78/10803b lim: 357 exec/s: 6874 rss: 30Mb L: 16/341 MS: 1 EraseBytes-
#20706	REDUCE cov: 126 ft: 537 corp: 78/10800b lim: 357 exec/s: 6902 rss: 30Mb L: 11/341 MS: 2 PersAutoDict-EraseBytes- DE: "\017\000"-
#20745	REDUCE cov: 126 ft: 537 corp: 78/10797b lim: 357 exec/s: 6915 rss: 30Mb L: 24/341 MS: 4 ChangeByte-CrossOver-EraseBytes-ChangeByte-
#21562	REDUCE cov: 126 ft: 537 corp: 78/10773b lim: 365 exec/s: 7187 rss: 30Mb L: 59/341 MS: 2 EraseBytes-EraseBytes-
#21781	REDUCE cov: 126 ft: 537 corp: 78/10759b lim: 365 exec/s: 7260 rss: 30Mb L: 143/341 MS: 4 ChangeByte-CMP-ChangeBit-EraseBytes- DE: "\000\000\000\000\000\000\000\225"-
#21820	NEW    cov: 126 ft: 538 corp: 79/11023b lim: 365 exec/s: 7273 rss: 30Mb L: 264/341 MS: 4 CrossOver-EraseBytes-ChangeBinInt-CopyPart-
#22108	REDUCE cov: 126 ft: 538 corp: 79/11022b lim: 365 exec/s: 7369 rss: 30Mb L: 137/341 MS: 3 InsertRepeatedBytes-ShuffleBytes-CrossOver-
#22448	REDUCE cov: 126 ft: 538 corp: 79/11019b lim: 365 exec/s: 7482 rss: 30Mb L: 106/341 MS: 5 ChangeBinInt-EraseBytes-InsertByte-ChangeByte-CMP- DE: "\000\000\000\010"-
#22549	REDUCE cov: 126 ft: 538 corp: 79/11015b lim: 365 exec/s: 7516 rss: 30Mb L: 251/341 MS: 1 CrossOver-
#22755	REDUCE cov: 126 ft: 538 corp: 79/11004b lim: 365 exec/s: 7585 rss: 30Mb L: 158/341 MS: 1 EraseBytes-
#22880	REDUCE cov: 126 ft: 538 corp: 79/10987b lim: 365 exec/s: 7626 rss: 30Mb L: 102/341 MS: 5 ChangeBinInt-ChangeBinInt-CopyPart-InsertByte-EraseBytes-
#23490	REDUCE cov: 126 ft: 538 corp: 79/10973b lim: 365 exec/s: 7830 rss: 30Mb L: 233/341 MS: 5 CMP-ChangeBinInt-PersAutoDict-InsertByte-EraseBytes- DE: "\001\000\000\000"-"\011\000\000\000"-
#23592	REDUCE cov: 126 ft: 538 corp: 79/10909b lim: 365 exec/s: 7864 rss: 30Mb L: 163/341 MS: 2 InsertRepeatedBytes-EraseBytes-
#23833	REDUCE cov: 126 ft: 538 corp: 79/10871b lim: 365 exec/s: 7944 rss: 30Mb L: 184/341 MS: 1 EraseBytes-
#23870	NEW    cov: 126 ft: 539 corp: 80/11234b lim: 365 exec/s: 7956 rss: 30Mb L: 363/363 MS: 2 CMP-InsertRepeatedBytes- DE: "stbl"-
#24647	REDUCE cov: 126 ft: 539 corp: 80/11233b lim: 365 exec/s: 8215 rss: 30Mb L: 17/363 MS: 2 InsertByte-EraseBytes-
#24750	REDUCE cov: 126 ft: 539 corp: 80/11216b lim: 365 exec/s: 8250 rss: 30Mb L: 67/363 MS: 3 InsertByte-EraseBytes-CopyPart-
#25102	REDUCE cov: 126 ft: 539 corp: 80/11208b lim: 365 exec/s: 8367 rss: 30Mb L: 155/363 MS: 2 ChangeByte-EraseBytes-
#25821	REDUCE cov: 126 ft: 539 corp: 80/11201b lim: 365 exec/s: 8607 rss: 30Mb L: 240/363 MS: 4 ShuffleBytes-ChangeBit-ChangeBit-EraseBytes-
#26767	REDUCE cov: 126 ft: 543 corp: 81/11307b lim: 373 exec/s: 6691 rss: 30Mb L: 106/363 MS: 1 PersAutoDict- DE: "m\000\000\000"-
#26826	REDUCE cov: 126 ft: 543 corp: 81/11306b lim: 373 exec/s: 6706 rss: 30Mb L: 39/363 MS: 4 CopyPart-CMP-EraseBytes-EraseBytes- DE: "\011\000"-
#27223	REDUCE cov: 126 ft: 543 corp: 81/11253b lim: 373 exec/s: 6805 rss: 30Mb L: 94/363 MS: 2 ChangeBit-EraseBytes-
#27374	REDUCE cov: 126 ft: 543 corp: 81/11235b lim: 373 exec/s: 6843 rss: 30Mb L: 208/363 MS: 1 EraseBytes-
#28312	REDUCE cov: 126 ft: 543 corp: 81/11232b lim: 381 exec/s: 7078 rss: 30Mb L: 31/363 MS: 3 ShuffleBytes-CopyPart-EraseBytes-
#28821	REDUCE cov: 126 ft: 554 corp: 82/11510b lim: 381 exec/s: 7205 rss: 30Mb L: 278/363 MS: 4 ChangeBit-ChangeBit-CrossOver-CopyPart-
#28914	REDUCE cov: 126 ft: 554 corp: 82/11509b lim: 381 exec/s: 7228 rss: 30Mb L: 33/363 MS: 3 EraseBytes-ChangeASCIIInt-PersAutoDict- DE: "\177\377\377\377\377\377\377\377"-
#29445	REDUCE cov: 126 ft: 554 corp: 82/11495b lim: 381 exec/s: 7361 rss: 30Mb L: 92/363 MS: 1 EraseBytes-
#29570	REDUCE cov: 126 ft: 554 corp: 82/11491b lim: 381 exec/s: 7392 rss: 30Mb L: 25/363 MS: 5 ShuffleBytes-ChangeBit-EraseBytes-ShuffleBytes-ChangeBinInt-
#30770	REDUCE cov: 126 ft: 554 corp: 82/11478b lim: 389 exec/s: 7692 rss: 30Mb L: 268/363 MS: 5 EraseBytes-ShuffleBytes-CrossOver-PersAutoDict-CrossOver- DE: "\011\000"-
#31169	REDUCE cov: 126 ft: 554 corp: 82/11474b lim: 389 exec/s: 7792 rss: 30Mb L: 88/363 MS: 4 ChangeByte-CopyPart-ChangeBinInt-EraseBytes-
#31346	REDUCE cov: 126 ft: 554 corp: 82/11441b lim: 389 exec/s: 7836 rss: 30Mb L: 330/341 MS: 2 ChangeByte-EraseBytes-
#31359	REDUCE cov: 126 ft: 554 corp: 82/11411b lim: 389 exec/s: 7839 rss: 30Mb L: 64/341 MS: 3 CrossOver-ChangeByte-EraseBytes-
#31822	REDUCE cov: 126 ft: 554 corp: 82/11385b lim: 389 exec/s: 7955 rss: 30Mb L: 80/341 MS: 3 ChangeBinInt-EraseBytes-EraseBytes-
#31881	NEW    cov: 126 ft: 555 corp: 83/11716b lim: 389 exec/s: 7970 rss: 30Mb L: 331/341 MS: 4 ShuffleBytes-CrossOver-ChangeByte-CopyPart-
#32087	REDUCE cov: 126 ft: 555 corp: 83/11704b lim: 389 exec/s: 8021 rss: 30Mb L: 76/341 MS: 1 EraseBytes-
#32685	REDUCE cov: 126 ft: 555 corp: 83/11671b lim: 389 exec/s: 8171 rss: 30Mb L: 298/341 MS: 3 PersAutoDict-ChangeBinInt-EraseBytes- DE: "frma"-
#32768	pulse  cov: 126 ft: 555 corp: 83/11671b lim: 389 exec/s: 8192 rss: 30Mb
#32828	REDUCE cov: 126 ft: 556 corp: 84/12031b lim: 389 exec/s: 8207 rss: 30Mb L: 360/360 MS: 3 InsertRepeatedBytes-PersAutoDict-InsertRepeatedBytes- DE: "mdia"-
#33163	REDUCE cov: 126 ft: 556 corp: 84/12029b lim: 389 exec/s: 6632 rss: 30Mb L: 90/360 MS: 5 CMP-ShuffleBytes-ChangeByte-ShuffleBytes-EraseBytes- DE: "\377\377~\376\254\312\334\340"-
#33229	REDUCE cov: 126 ft: 556 corp: 84/12020b lim: 389 exec/s: 6645 rss: 30Mb L: 79/360 MS: 1 EraseBytes-
#33356	REDUCE cov: 126 ft: 556 corp: 84/11997b lim: 389 exec/s: 6671 rss: 30Mb L: 53/360 MS: 2 ChangeBinInt-EraseBytes-
#33693	REDUCE cov: 126 ft: 556 corp: 84/11989b lim: 389 exec/s: 6738 rss: 30Mb L: 48/360 MS: 2 ChangeByte-EraseBytes-
#33701	REDUCE cov: 126 ft: 559 corp: 85/12027b lim: 389 exec/s: 6740 rss: 30Mb L: 38/360 MS: 3 InsertByte-PersAutoDict-EraseBytes- DE: "\000\000v\032\330\004\310\231"-
#33827	REDUCE cov: 126 ft: 559 corp: 85/11995b lim: 389 exec/s: 6765 rss: 30Mb L: 152/360 MS: 1 EraseBytes-
#33978	REDUCE cov: 126 ft: 559 corp: 85/11987b lim: 389 exec/s: 6795 rss: 30Mb L: 47/360 MS: 1 EraseBytes-
#34002	REDUCE cov: 126 ft: 559 corp: 85/11974b lim: 389 exec/s: 6800 rss: 30Mb L: 130/360 MS: 4 PersAutoDict-ChangeByte-ChangeBinInt-EraseBytes- DE: "stts"-
#34016	REDUCE cov: 126 ft: 559 corp: 85/11965b lim: 389 exec/s: 6803 rss: 30Mb L: 70/360 MS: 4 InsertByte-ChangeByte-ChangeBit-EraseBytes-
#34029	REDUCE cov: 126 ft: 559 corp: 85/11941b lim: 389 exec/s: 6805 rss: 30Mb L: 131/360 MS: 3 ChangeByte-PersAutoDict-EraseBytes- DE: "\001\000\000\000"-
#34347	REDUCE cov: 126 ft: 559 corp: 85/11930b lim: 389 exec/s: 6869 rss: 30Mb L: 147/360 MS: 3 PersAutoDict-ChangeByte-EraseBytes- DE: "mvhd"-
#34669	REDUCE cov: 126 ft: 559 corp: 85/11915b lim: 389 exec/s: 6933 rss: 30Mb L: 29/360 MS: 2 CopyPart-EraseBytes-
#34688	REDUCE cov: 126 ft: 559 corp: 85/11891b lim: 389 exec/s: 6937 rss: 30Mb L: 128/360 MS: 4 CopyPart-CMP-CopyPart-EraseBytes- DE: "\020\000\000\000\000\000\000\000"-
#34945	REDUCE cov: 126 ft: 559 corp: 85/11874b lim: 389 exec/s: 6989 rss: 30Mb L: 281/360 MS: 2 ChangeByte-EraseBytes-
==119444== ERROR: libFuzzer: out-of-memory (used: 1066Mb; limit: 1024Mb)
   To change the out-of-memory limit use -rss_limit_mb=<N>

MS: 1 ShuffleBytes-; base unit: 17b4bf7aec18e1f2a7b5eb16e6da4f17f80c676a
artifact_prefix='/results/crashes/20260313_150121_f45e173f_'; Test unit written to /results/crashes/20260313_150121_f45e173f_oom-2afdbca040b9f3a494f0c1ac0da63cf491287bc3
SUMMARY: libFuzzer: out-of-memory
stat::number_of_executed_units: 35241
stat::average_exec_per_sec:     5873
stat::new_units_added:          263
stat::slowest_unit_time_sec:    0
stat::peak_rss_mb:              1066
