INFO: Running with entropic power schedule (0xFF, 100).
INFO: Seed: 4237897431
INFO: Loaded 1 modules   (252 inline 8-bit counters): 252 [0x571d5e827678, 0x571d5e827774), 
INFO: Loaded 1 PC tables (252 PCs): 252 [0x571d5e827778,0x571d5e828738), 
INFO:        4 files found in /tmp/corpus_20260313_190300_332f8fa3
INFO: seed corpus: files: 4 min: 48b max: 333b total: 853b rss: 28Mb
#5	INITED cov: 117 ft: 250 corp: 4/853b exec/s: 0 rss: 29Mb
#6	NEW    cov: 117 ft: 270 corp: 5/1155b lim: 333 exec/s: 0 rss: 29Mb L: 302/333 MS: 1 InsertRepeatedBytes-
#8	NEW    cov: 117 ft: 288 corp: 6/1224b lim: 333 exec/s: 0 rss: 29Mb L: 69/333 MS: 2 ChangeASCIIInt-InsertRepeatedBytes-
#10	NEW    cov: 117 ft: 293 corp: 7/1273b lim: 333 exec/s: 0 rss: 29Mb L: 49/333 MS: 2 ChangeASCIIInt-InsertByte-
#12	NEW    cov: 117 ft: 297 corp: 8/1331b lim: 333 exec/s: 0 rss: 29Mb L: 58/333 MS: 2 ChangeBinInt-CrossOver-
#13	NEW    cov: 117 ft: 298 corp: 9/1657b lim: 333 exec/s: 0 rss: 29Mb L: 326/333 MS: 1 InsertRepeatedBytes-
#15	NEW    cov: 117 ft: 299 corp: 10/1778b lim: 333 exec/s: 0 rss: 29Mb L: 121/333 MS: 2 ChangeASCIIInt-InsertRepeatedBytes-
#17	NEW    cov: 117 ft: 306 corp: 11/1866b lim: 333 exec/s: 0 rss: 29Mb L: 88/333 MS: 2 ShuffleBytes-CrossOver-
#18	NEW    cov: 117 ft: 307 corp: 12/2050b lim: 333 exec/s: 0 rss: 29Mb L: 184/333 MS: 1 CrossOver-
#21	NEW    cov: 117 ft: 317 corp: 13/2284b lim: 333 exec/s: 0 rss: 29Mb L: 234/333 MS: 3 CMP-ShuffleBytes-CrossOver- DE: "\000\000mp"-
#22	NEW    cov: 117 ft: 323 corp: 14/2333b lim: 333 exec/s: 0 rss: 29Mb L: 49/333 MS: 1 CrossOver-
#23	NEW    cov: 117 ft: 333 corp: 15/2363b lim: 333 exec/s: 0 rss: 29Mb L: 30/333 MS: 1 EraseBytes-
#30	NEW    cov: 117 ft: 338 corp: 16/2488b lim: 333 exec/s: 0 rss: 29Mb L: 125/333 MS: 2 ChangeBit-CMP- DE: "schm"-
#38	NEW    cov: 119 ft: 341 corp: 17/2821b lim: 333 exec/s: 0 rss: 29Mb L: 333/333 MS: 3 CrossOver-InsertByte-InsertRepeatedBytes-
#47	REDUCE cov: 119 ft: 341 corp: 17/2800b lim: 333 exec/s: 0 rss: 29Mb L: 37/333 MS: 4 PersAutoDict-PersAutoDict-ChangeBit-EraseBytes- DE: "schm"-"\000\000mp"-
#48	NEW    cov: 119 ft: 348 corp: 18/2834b lim: 333 exec/s: 0 rss: 29Mb L: 34/333 MS: 1 PersAutoDict- DE: "schm"-
#59	REDUCE cov: 119 ft: 349 corp: 19/2871b lim: 333 exec/s: 0 rss: 29Mb L: 37/333 MS: 1 CrossOver-
#60	NEW    cov: 119 ft: 350 corp: 20/2901b lim: 333 exec/s: 0 rss: 29Mb L: 30/333 MS: 1 ShuffleBytes-
#66	NEW    cov: 119 ft: 351 corp: 21/3217b lim: 333 exec/s: 0 rss: 29Mb L: 316/333 MS: 1 CopyPart-
#69	NEW    cov: 119 ft: 352 corp: 22/3258b lim: 333 exec/s: 0 rss: 29Mb L: 41/333 MS: 3 ChangeByte-ChangeBinInt-PersAutoDict- DE: "\000\000mp"-
#85	NEW    cov: 119 ft: 353 corp: 23/3307b lim: 333 exec/s: 0 rss: 29Mb L: 49/333 MS: 1 CMP- DE: "N\336js\035W\000\000"-
#95	NEW    cov: 119 ft: 354 corp: 24/3403b lim: 333 exec/s: 0 rss: 29Mb L: 96/333 MS: 5 ChangeByte-ChangeBinInt-ShuffleBytes-PersAutoDict-ChangeByte- DE: "N\336js\035W\000\000"-
#99	NEW    cov: 119 ft: 362 corp: 25/3425b lim: 333 exec/s: 0 rss: 29Mb L: 22/333 MS: 4 CMP-ChangeBit-InsertRepeatedBytes-EraseBytes- DE: "hvcC"-
#105	REDUCE cov: 119 ft: 362 corp: 25/3417b lim: 333 exec/s: 0 rss: 29Mb L: 22/333 MS: 1 EraseBytes-
#112	NEW    cov: 120 ft: 364 corp: 26/3651b lim: 333 exec/s: 0 rss: 29Mb L: 234/333 MS: 2 ChangeBinInt-ChangeByte-
#114	NEW    cov: 120 ft: 365 corp: 27/3747b lim: 333 exec/s: 0 rss: 29Mb L: 96/333 MS: 2 ChangeBit-ChangeByte-
#116	REDUCE cov: 120 ft: 365 corp: 27/3735b lim: 333 exec/s: 0 rss: 29Mb L: 172/333 MS: 2 ShuffleBytes-EraseBytes-
#117	REDUCE cov: 120 ft: 404 corp: 28/3764b lim: 333 exec/s: 0 rss: 29Mb L: 29/333 MS: 1 EraseBytes-
#119	NEW    cov: 120 ft: 405 corp: 29/4097b lim: 333 exec/s: 0 rss: 29Mb L: 333/333 MS: 2 ChangeASCIIInt-CrossOver-
#136	REDUCE cov: 120 ft: 414 corp: 30/4110b lim: 333 exec/s: 0 rss: 29Mb L: 13/333 MS: 2 PersAutoDict-EraseBytes- DE: "hvcC"-
#143	NEW    cov: 120 ft: 415 corp: 31/4202b lim: 333 exec/s: 0 rss: 29Mb L: 92/333 MS: 2 ShuffleBytes-InsertRepeatedBytes-
#164	NEW    cov: 120 ft: 416 corp: 32/4302b lim: 333 exec/s: 0 rss: 29Mb L: 100/333 MS: 1 CMP- DE: "G\336js\035W\000\000"-
#174	NEW    cov: 120 ft: 417 corp: 33/4569b lim: 333 exec/s: 0 rss: 29Mb L: 267/333 MS: 5 ChangeByte-InsertByte-ChangeByte-ShuffleBytes-CrossOver-
#180	NEW    cov: 120 ft: 418 corp: 34/4798b lim: 333 exec/s: 0 rss: 29Mb L: 229/333 MS: 1 CrossOver-
#196	NEW    cov: 120 ft: 419 corp: 35/4931b lim: 333 exec/s: 0 rss: 29Mb L: 133/333 MS: 1 PersAutoDict- DE: "G\336js\035W\000\000"-
#213	REDUCE cov: 120 ft: 431 corp: 36/4955b lim: 333 exec/s: 0 rss: 29Mb L: 24/333 MS: 2 ChangeByte-EraseBytes-
#221	NEW    cov: 120 ft: 432 corp: 37/5184b lim: 333 exec/s: 0 rss: 29Mb L: 229/333 MS: 3 ChangeASCIIInt-ChangeByte-CrossOver-
#261	REDUCE cov: 120 ft: 433 corp: 38/5455b lim: 333 exec/s: 0 rss: 29Mb L: 271/333 MS: 5 ChangeASCIIInt-ChangeBit-InsertByte-InsertRepeatedBytes-CrossOver-
#294	NEW    cov: 121 ft: 434 corp: 39/5788b lim: 333 exec/s: 0 rss: 29Mb L: 333/333 MS: 3 ChangeBit-ChangeBinInt-CopyPart-
#364	REDUCE cov: 121 ft: 434 corp: 39/5756b lim: 333 exec/s: 0 rss: 29Mb L: 235/333 MS: 5 InsertByte-CMP-CrossOver-EraseBytes-InsertRepeatedBytes- DE: "\033\000\000\000"-
#396	NEW    cov: 121 ft: 435 corp: 40/6089b lim: 333 exec/s: 0 rss: 29Mb L: 333/333 MS: 2 ChangeByte-CopyPart-
#434	REDUCE cov: 121 ft: 437 corp: 41/6176b lim: 333 exec/s: 0 rss: 29Mb L: 87/333 MS: 3 CopyPart-CMP-EraseBytes- DE: "\000\000W\035sj\336="-
#440	NEW    cov: 121 ft: 438 corp: 42/6478b lim: 333 exec/s: 0 rss: 29Mb L: 302/333 MS: 1 ChangeByte-
#463	REDUCE cov: 121 ft: 438 corp: 42/6453b lim: 333 exec/s: 0 rss: 29Mb L: 308/333 MS: 3 CrossOver-CrossOver-InsertByte-
#468	NEW    cov: 121 ft: 439 corp: 43/6677b lim: 333 exec/s: 0 rss: 29Mb L: 224/333 MS: 5 ChangeBit-ChangeBit-ChangeBinInt-ChangeBinInt-PersAutoDict- DE: "\033\000\000\000"-
#470	REDUCE cov: 121 ft: 439 corp: 43/6674b lim: 333 exec/s: 0 rss: 29Mb L: 46/333 MS: 2 ChangeBinInt-EraseBytes-
#510	NEW    cov: 121 ft: 440 corp: 44/6825b lim: 333 exec/s: 0 rss: 29Mb L: 151/333 MS: 5 EraseBytes-ChangeBit-EraseBytes-CopyPart-EraseBytes-
#514	REDUCE cov: 121 ft: 440 corp: 44/6824b lim: 333 exec/s: 0 rss: 29Mb L: 95/333 MS: 4 CrossOver-InsertByte-PersAutoDict-EraseBytes- DE: "G\336js\035W\000\000"-
#526	REDUCE cov: 121 ft: 448 corp: 45/6846b lim: 333 exec/s: 0 rss: 29Mb L: 22/333 MS: 2 CMP-EraseBytes- DE: "\001\000\000\000\000\000\000\000"-
#570	REDUCE cov: 121 ft: 448 corp: 45/6836b lim: 333 exec/s: 0 rss: 29Mb L: 27/333 MS: 4 ChangeBit-ChangeBit-CopyPart-EraseBytes-
#692	REDUCE cov: 121 ft: 448 corp: 45/6769b lim: 333 exec/s: 0 rss: 29Mb L: 241/333 MS: 2 ChangeBit-EraseBytes-
#762	REDUCE cov: 121 ft: 448 corp: 45/6762b lim: 333 exec/s: 0 rss: 29Mb L: 319/333 MS: 5 InsertByte-PersAutoDict-CopyPart-PersAutoDict-EraseBytes- DE: "\000\000mp"-"hvcC"-
#784	NEW    cov: 121 ft: 449 corp: 46/7021b lim: 333 exec/s: 0 rss: 29Mb L: 259/333 MS: 2 CrossOver-CopyPart-
#880	REDUCE cov: 121 ft: 449 corp: 46/7007b lim: 333 exec/s: 0 rss: 29Mb L: 137/333 MS: 1 EraseBytes-
#938	NEW    cov: 121 ft: 452 corp: 47/7278b lim: 333 exec/s: 0 rss: 29Mb L: 271/333 MS: 3 PersAutoDict-ChangeByte-CMP- DE: "hvcC"-"\000\000\000\000\000\000\000\205"-
#947	NEW    cov: 121 ft: 456 corp: 48/7595b lim: 333 exec/s: 0 rss: 29Mb L: 317/333 MS: 4 ChangeBit-CMP-CopyPart-InsertRepeatedBytes- DE: "\377\003"-
#1019	REDUCE cov: 121 ft: 456 corp: 48/7537b lim: 333 exec/s: 0 rss: 29Mb L: 275/333 MS: 2 ChangeBit-EraseBytes-
#1026	NEW    cov: 121 ft: 457 corp: 49/7761b lim: 333 exec/s: 0 rss: 29Mb L: 224/333 MS: 2 ChangeBit-PersAutoDict- DE: "\000\000mp"-
#1038	REDUCE cov: 121 ft: 458 corp: 50/7897b lim: 333 exec/s: 0 rss: 29Mb L: 136/333 MS: 2 ChangeBinInt-InsertRepeatedBytes-
#1098	REDUCE cov: 121 ft: 458 corp: 50/7891b lim: 333 exec/s: 0 rss: 29Mb L: 24/333 MS: 5 InsertByte-ChangeBinInt-EraseBytes-ShuffleBytes-ChangeBit-
#1125	REDUCE cov: 121 ft: 458 corp: 50/7879b lim: 333 exec/s: 0 rss: 29Mb L: 34/333 MS: 2 InsertByte-EraseBytes-
#1145	REDUCE cov: 121 ft: 458 corp: 50/7741b lim: 333 exec/s: 0 rss: 29Mb L: 164/333 MS: 5 CopyPart-InsertRepeatedBytes-EraseBytes-PersAutoDict-CrossOver- DE: "\001\000\000\000\000\000\000\000"-
#1179	NEW    cov: 121 ft: 459 corp: 51/7749b lim: 333 exec/s: 0 rss: 29Mb L: 8/333 MS: 4 InsertByte-PersAutoDict-ChangeBinInt-CrossOver- DE: "\000\000mp"-
#1205	REDUCE cov: 121 ft: 460 corp: 52/7763b lim: 333 exec/s: 0 rss: 29Mb L: 14/333 MS: 1 EraseBytes-
#1212	REDUCE cov: 121 ft: 460 corp: 52/7762b lim: 333 exec/s: 0 rss: 29Mb L: 12/333 MS: 2 CopyPart-EraseBytes-
#1217	NEW    cov: 121 ft: 466 corp: 53/8065b lim: 333 exec/s: 0 rss: 29Mb L: 303/333 MS: 5 InsertRepeatedBytes-ChangeASCIIInt-ChangeByte-ChangeByte-InsertRepeatedBytes-
#1250	REDUCE cov: 121 ft: 466 corp: 53/8062b lim: 333 exec/s: 0 rss: 29Mb L: 9/333 MS: 3 ChangeBit-ShuffleBytes-EraseBytes-
#1254	REDUCE cov: 121 ft: 466 corp: 53/8052b lim: 333 exec/s: 0 rss: 29Mb L: 323/333 MS: 4 ChangeASCIIInt-ShuffleBytes-ChangeBinInt-EraseBytes-
#1264	REDUCE cov: 121 ft: 467 corp: 54/8212b lim: 333 exec/s: 0 rss: 29Mb L: 160/333 MS: 5 EraseBytes-ChangeBinInt-ShuffleBytes-CopyPart-EraseBytes-
#1283	REDUCE cov: 121 ft: 467 corp: 54/8211b lim: 333 exec/s: 0 rss: 29Mb L: 21/333 MS: 4 EraseBytes-InsertRepeatedBytes-EraseBytes-EraseBytes-
#1384	REDUCE cov: 121 ft: 467 corp: 54/8139b lim: 333 exec/s: 0 rss: 29Mb L: 157/333 MS: 1 EraseBytes-
#1396	REDUCE cov: 121 ft: 467 corp: 54/8131b lim: 333 exec/s: 0 rss: 29Mb L: 311/333 MS: 2 ChangeBit-EraseBytes-
#1423	REDUCE cov: 121 ft: 467 corp: 54/8130b lim: 333 exec/s: 0 rss: 29Mb L: 132/333 MS: 2 CrossOver-EraseBytes-
#1528	NEW    cov: 121 ft: 468 corp: 55/8441b lim: 333 exec/s: 0 rss: 29Mb L: 311/333 MS: 5 ShuffleBytes-CrossOver-CopyPart-ShuffleBytes-CrossOver-
#1535	REDUCE cov: 121 ft: 468 corp: 55/8431b lim: 333 exec/s: 0 rss: 29Mb L: 86/333 MS: 2 ChangeBinInt-EraseBytes-
#1629	REDUCE cov: 121 ft: 468 corp: 55/8384b lim: 333 exec/s: 0 rss: 29Mb L: 188/333 MS: 4 ChangeBinInt-ChangeASCIIInt-EraseBytes-InsertByte-
#1644	REDUCE cov: 121 ft: 468 corp: 55/8383b lim: 333 exec/s: 0 rss: 29Mb L: 26/333 MS: 5 ChangeByte-ShuffleBytes-PersAutoDict-ShuffleBytes-EraseBytes- DE: "\001\000\000\000\000\000\000\000"-
#1665	NEW    cov: 121 ft: 469 corp: 56/8603b lim: 333 exec/s: 0 rss: 29Mb L: 220/333 MS: 1 ChangeBinInt-
#1715	REDUCE cov: 121 ft: 469 corp: 56/8582b lim: 333 exec/s: 0 rss: 29Mb L: 296/333 MS: 5 EraseBytes-InsertByte-ChangeBit-ChangeBinInt-InsertRepeatedBytes-
#1794	NEW    cov: 121 ft: 471 corp: 57/8740b lim: 333 exec/s: 0 rss: 29Mb L: 158/333 MS: 4 CrossOver-ChangeBit-ShuffleBytes-EraseBytes-
#1801	NEW    cov: 121 ft: 472 corp: 58/8960b lim: 333 exec/s: 0 rss: 29Mb L: 220/333 MS: 2 CMP-CrossOver- DE: "`\034js\035W\000\000"-
#1842	REDUCE cov: 121 ft: 472 corp: 58/8913b lim: 333 exec/s: 0 rss: 29Mb L: 182/333 MS: 1 EraseBytes-
#1939	NEW    cov: 121 ft: 485 corp: 59/9166b lim: 333 exec/s: 0 rss: 29Mb L: 253/333 MS: 2 InsertByte-CMP- DE: "pixi"-
#1957	REDUCE cov: 121 ft: 485 corp: 59/9094b lim: 333 exec/s: 0 rss: 29Mb L: 239/333 MS: 3 CMP-InsertRepeatedBytes-EraseBytes- DE: "\000\010"-
#1995	REDUCE cov: 121 ft: 485 corp: 59/9092b lim: 333 exec/s: 0 rss: 29Mb L: 32/333 MS: 3 ShuffleBytes-CMP-EraseBytes- DE: "ftyp"-
#2019	NEW    cov: 122 ft: 486 corp: 60/9098b lim: 333 exec/s: 0 rss: 29Mb L: 6/333 MS: 4 InsertRepeatedBytes-PersAutoDict-InsertByte-CrossOver- DE: "schm"-
#2118	REDUCE cov: 122 ft: 486 corp: 60/9078b lim: 333 exec/s: 0 rss: 29Mb L: 12/333 MS: 4 EraseBytes-EraseBytes-CrossOver-EraseBytes-
#2241	NEW    cov: 122 ft: 487 corp: 61/9372b lim: 333 exec/s: 0 rss: 29Mb L: 294/333 MS: 3 CrossOver-ShuffleBytes-PersAutoDict- DE: "pixi"-
#2250	NEW    cov: 122 ft: 488 corp: 62/9652b lim: 333 exec/s: 0 rss: 29Mb L: 280/333 MS: 4 CopyPart-InsertRepeatedBytes-InsertRepeatedBytes-EraseBytes-
#2444	REDUCE cov: 122 ft: 488 corp: 62/9638b lim: 333 exec/s: 0 rss: 29Mb L: 118/333 MS: 4 InsertByte-ChangeBinInt-ShuffleBytes-EraseBytes-
#2518	REDUCE cov: 122 ft: 488 corp: 62/9622b lim: 333 exec/s: 0 rss: 29Mb L: 300/333 MS: 4 ChangeBit-EraseBytes-PersAutoDict-InsertByte- DE: "`\034js\035W\000\000"-
#2601	REDUCE cov: 122 ft: 488 corp: 62/9598b lim: 333 exec/s: 0 rss: 29Mb L: 247/333 MS: 3 InsertByte-ChangeBinInt-EraseBytes-
#2602	NEW    cov: 122 ft: 494 corp: 63/9826b lim: 333 exec/s: 0 rss: 29Mb L: 228/333 MS: 1 CMP- DE: "\361\000\000\000\000\000\000\000"-
#2765	REDUCE cov: 122 ft: 494 corp: 63/9809b lim: 333 exec/s: 0 rss: 29Mb L: 306/333 MS: 3 CrossOver-CopyPart-EraseBytes-
#2866	REDUCE cov: 122 ft: 500 corp: 64/10113b lim: 333 exec/s: 0 rss: 29Mb L: 304/333 MS: 1 CMP- DE: "hvcC"-
#2989	REDUCE cov: 122 ft: 500 corp: 64/10014b lim: 333 exec/s: 0 rss: 29Mb L: 234/333 MS: 3 ShuffleBytes-ChangeBinInt-CrossOver-
#3060	REDUCE cov: 122 ft: 500 corp: 64/9993b lim: 333 exec/s: 0 rss: 29Mb L: 283/333 MS: 1 EraseBytes-
#3274	REDUCE cov: 122 ft: 500 corp: 64/9991b lim: 333 exec/s: 0 rss: 29Mb L: 309/333 MS: 4 CrossOver-ChangeASCIIInt-EraseBytes-PersAutoDict- DE: "\033\000\000\000"-
#3318	REDUCE cov: 122 ft: 500 corp: 64/9902b lim: 333 exec/s: 0 rss: 29Mb L: 75/333 MS: 4 ShuffleBytes-EraseBytes-ChangeBinInt-EraseBytes-
#3325	REDUCE cov: 122 ft: 500 corp: 64/9855b lim: 333 exec/s: 0 rss: 29Mb L: 205/333 MS: 2 ChangeBit-EraseBytes-
#3446	REDUCE cov: 122 ft: 500 corp: 64/9819b lim: 333 exec/s: 0 rss: 29Mb L: 89/333 MS: 1 EraseBytes-
#3574	REDUCE cov: 122 ft: 500 corp: 64/9816b lim: 333 exec/s: 0 rss: 29Mb L: 26/333 MS: 3 ChangeBit-ChangeBit-EraseBytes-
#3597	REDUCE cov: 122 ft: 500 corp: 64/9761b lim: 333 exec/s: 0 rss: 29Mb L: 239/333 MS: 3 ShuffleBytes-ChangeBit-EraseBytes-
#3708	REDUCE cov: 122 ft: 500 corp: 64/9758b lim: 333 exec/s: 0 rss: 29Mb L: 34/333 MS: 1 EraseBytes-
#3884	REDUCE cov: 122 ft: 500 corp: 64/9744b lim: 333 exec/s: 0 rss: 29Mb L: 75/333 MS: 1 EraseBytes-
#3992	REDUCE cov: 122 ft: 500 corp: 64/9740b lim: 333 exec/s: 0 rss: 29Mb L: 65/333 MS: 3 EraseBytes-ChangeByte-CMP- DE: "\000 "-
#4030	REDUCE cov: 122 ft: 500 corp: 64/9736b lim: 333 exec/s: 0 rss: 29Mb L: 230/333 MS: 3 ChangeByte-EraseBytes-CopyPart-
#4086	REDUCE cov: 122 ft: 500 corp: 64/9715b lim: 333 exec/s: 0 rss: 29Mb L: 54/333 MS: 1 EraseBytes-
#4146	REDUCE cov: 122 ft: 500 corp: 64/9709b lim: 333 exec/s: 0 rss: 29Mb L: 182/333 MS: 5 CopyPart-ChangeASCIIInt-CopyPart-ChangeByte-EraseBytes-
#4163	REDUCE cov: 122 ft: 500 corp: 64/9706b lim: 333 exec/s: 0 rss: 29Mb L: 11/333 MS: 2 CrossOver-EraseBytes-
#4234	REDUCE cov: 122 ft: 500 corp: 64/9705b lim: 333 exec/s: 0 rss: 29Mb L: 282/333 MS: 1 EraseBytes-
#4395	REDUCE cov: 122 ft: 500 corp: 64/9681b lim: 333 exec/s: 0 rss: 29Mb L: 196/333 MS: 1 EraseBytes-
#4550	REDUCE cov: 122 ft: 501 corp: 65/10000b lim: 333 exec/s: 0 rss: 29Mb L: 319/333 MS: 5 InsertRepeatedBytes-ChangeBinInt-CrossOver-CrossOver-CopyPart-
#4720	REDUCE cov: 122 ft: 501 corp: 65/9963b lim: 333 exec/s: 0 rss: 29Mb L: 210/333 MS: 5 ShuffleBytes-EraseBytes-CopyPart-ChangeByte-CrossOver-
#4769	NEW    cov: 122 ft: 502 corp: 66/10228b lim: 333 exec/s: 0 rss: 29Mb L: 265/333 MS: 4 InsertRepeatedBytes-ShuffleBytes-ChangeASCIIInt-EraseBytes-
#4908	REDUCE cov: 122 ft: 502 corp: 66/10194b lim: 333 exec/s: 0 rss: 29Mb L: 266/333 MS: 4 PersAutoDict-EraseBytes-ChangeBinInt-InsertRepeatedBytes- DE: "\361\000\000\000\000\000\000\000"-
#4974	REDUCE cov: 122 ft: 503 corp: 67/10433b lim: 333 exec/s: 0 rss: 29Mb L: 239/333 MS: 1 CrossOver-
#5353	REDUCE cov: 122 ft: 503 corp: 67/10428b lim: 333 exec/s: 0 rss: 29Mb L: 81/333 MS: 4 EraseBytes-ChangeBit-CopyPart-InsertByte-
#5435	REDUCE cov: 122 ft: 503 corp: 67/10427b lim: 333 exec/s: 0 rss: 29Mb L: 20/333 MS: 2 CopyPart-EraseBytes-
#5862	REDUCE cov: 122 ft: 503 corp: 67/10419b lim: 333 exec/s: 0 rss: 29Mb L: 16/333 MS: 2 EraseBytes-PersAutoDict- DE: "hvcC"-
#5957	REDUCE cov: 122 ft: 503 corp: 67/10386b lim: 333 exec/s: 0 rss: 29Mb L: 201/333 MS: 5 EraseBytes-ChangeBinInt-EraseBytes-CopyPart-InsertRepeatedBytes-
#6075	REDUCE cov: 122 ft: 503 corp: 67/10385b lim: 333 exec/s: 0 rss: 29Mb L: 94/333 MS: 3 ChangeBinInt-ShuffleBytes-EraseBytes-
#6444	REDUCE cov: 122 ft: 503 corp: 67/10305b lim: 333 exec/s: 6444 rss: 29Mb L: 202/333 MS: 3 ChangeByte-ChangeBit-EraseBytes-
#6472	REDUCE cov: 122 ft: 503 corp: 67/10297b lim: 333 exec/s: 6472 rss: 29Mb L: 288/333 MS: 3 CopyPart-CrossOver-EraseBytes-
#6623	NEW    cov: 122 ft: 505 corp: 68/10526b lim: 333 exec/s: 6623 rss: 29Mb L: 229/333 MS: 1 InsertByte-
#6774	REDUCE cov: 122 ft: 505 corp: 68/10523b lim: 333 exec/s: 6774 rss: 29Mb L: 231/333 MS: 1 EraseBytes-
#7235	REDUCE cov: 122 ft: 505 corp: 68/10490b lim: 333 exec/s: 7235 rss: 29Mb L: 54/333 MS: 1 EraseBytes-
#7355	REDUCE cov: 122 ft: 505 corp: 68/10472b lim: 333 exec/s: 7355 rss: 29Mb L: 103/333 MS: 5 InsertByte-ShuffleBytes-ChangeByte-CopyPart-CrossOver-
#7437	REDUCE cov: 122 ft: 506 corp: 69/10711b lim: 333 exec/s: 7437 rss: 29Mb L: 239/333 MS: 2 CopyPart-CopyPart-
#7809	REDUCE cov: 122 ft: 506 corp: 69/10708b lim: 333 exec/s: 7809 rss: 29Mb L: 3/333 MS: 2 CrossOver-EraseBytes-
#8090	REDUCE cov: 122 ft: 506 corp: 69/10705b lim: 333 exec/s: 8090 rss: 29Mb L: 17/333 MS: 1 EraseBytes-
#8244	REDUCE cov: 122 ft: 506 corp: 69/10688b lim: 333 exec/s: 8244 rss: 29Mb L: 58/333 MS: 4 ChangeBit-CrossOver-ShuffleBytes-EraseBytes-
#8255	REDUCE cov: 122 ft: 506 corp: 69/10679b lim: 333 exec/s: 8255 rss: 29Mb L: 45/333 MS: 1 CrossOver-
#8318	REDUCE cov: 122 ft: 506 corp: 69/10677b lim: 333 exec/s: 8318 rss: 29Mb L: 20/333 MS: 3 CrossOver-PersAutoDict-InsertByte- DE: "\001\000\000\000\000\000\000\000"-
#8551	REDUCE cov: 122 ft: 506 corp: 69/10674b lim: 333 exec/s: 8551 rss: 29Mb L: 9/333 MS: 3 ShuffleBytes-InsertByte-EraseBytes-
#8632	REDUCE cov: 122 ft: 506 corp: 69/10673b lim: 333 exec/s: 8632 rss: 29Mb L: 2/333 MS: 1 EraseBytes-
#8978	REDUCE cov: 122 ft: 506 corp: 69/10670b lim: 333 exec/s: 8978 rss: 29Mb L: 157/333 MS: 1 EraseBytes-
#9509	REDUCE cov: 122 ft: 506 corp: 69/10638b lim: 333 exec/s: 9509 rss: 29Mb L: 150/333 MS: 1 EraseBytes-
#9614	NEW    cov: 122 ft: 509 corp: 70/10737b lim: 333 exec/s: 9614 rss: 29Mb L: 99/333 MS: 5 InsertRepeatedBytes-EraseBytes-ChangeByte-ChangeBinInt-EraseBytes-
#9700	REDUCE cov: 122 ft: 509 corp: 70/10736b lim: 333 exec/s: 9700 rss: 29Mb L: 1/333 MS: 1 EraseBytes-
#9900	REDUCE cov: 122 ft: 509 corp: 70/10732b lim: 333 exec/s: 9900 rss: 29Mb L: 99/333 MS: 5 ShuffleBytes-ShuffleBytes-ChangeBinInt-CrossOver-CrossOver-
#10171	REDUCE cov: 122 ft: 509 corp: 70/10678b lim: 333 exec/s: 10171 rss: 29Mb L: 128/333 MS: 1 CrossOver-
#10182	REDUCE cov: 122 ft: 509 corp: 70/10668b lim: 333 exec/s: 10182 rss: 29Mb L: 24/333 MS: 1 EraseBytes-
#10333	REDUCE cov: 122 ft: 509 corp: 70/10620b lim: 333 exec/s: 10333 rss: 29Mb L: 191/333 MS: 1 EraseBytes-
#10764	REDUCE cov: 122 ft: 509 corp: 70/10571b lim: 333 exec/s: 10764 rss: 29Mb L: 226/333 MS: 1 EraseBytes-
#10856	REDUCE cov: 122 ft: 509 corp: 70/10569b lim: 333 exec/s: 10856 rss: 29Mb L: 24/333 MS: 2 EraseBytes-CopyPart-
#11103	REDUCE cov: 122 ft: 509 corp: 70/10533b lim: 333 exec/s: 11103 rss: 29Mb L: 63/333 MS: 2 InsertByte-CrossOver-
#11256	REDUCE cov: 122 ft: 514 corp: 71/10644b lim: 333 exec/s: 11256 rss: 29Mb L: 111/333 MS: 3 CrossOver-ChangeBit-EraseBytes-
==879910== ERROR: libFuzzer: out-of-memory (used: 1773Mb; limit: 1024Mb)
   To change the out-of-memory limit use -rss_limit_mb=<N>

MS: 4 CopyPart-ChangeByte-ShuffleBytes-InsertRepeatedBytes-; base unit: 1865ad0a9de5ce76f4a5730d492d66de90acf8ce
0x0,0x0,0x0,0x1c,0x66,0x74,0x79,0x70,0x4d,0x34,0x56,0x20,0x0,0x0,0x0,0x0,0x4d,0x34,0x56,0x20,0x6d,0x70,0x34,0x31,0x69,0x73,0x6f,0x6d,0x0,0x0,0x0,0xe0,0x6d,0x6f,0x6f,0x76,0x0,0x0,0x0,0x78,0x6d,0x76,0x68,0x64,0x0,0x0,0x0,0x0,0x0,0x0,0x0,0x0,0x0,0x0,0x0,0x0,0x0,0x0,0x3,0xe8,0x9a,0x0,0xe,0x10,0x0,0x1,0x0,0x0,0x1,0x0,0x0,0x0,0x0,0x0,0x0,0x0,0x0,0x0,0x0,0x0,0x0,0x1,0x0,0x0,0x0,0x0,0x0,0x72,0x72,0x72,0x72,0x72,0x72,0x72,0x72,0x72,0x72,0x72,0x72,0x72,0x72,0x72,0x72,0x72,0x72,0x72,0x72,0x72,0x72,0x72,0x72,0x72,0x72,0x72,0x72,0x72,0x72,0x72,0x72,0x72,0x72,0x72,0x72,0x72,0x72,0x72,0x0,0x0,0x0,0x0,0x0,0x0,0x0,0x0,0x0,0x0,0x1,0x0,0x0,0x0,0x0,0x0,0x0,0x0,0x0,0x0,0x0,0x2,0x0,0x0,0x0,0x60,0x75,0x64,0x74,0x61,0x0,0x0,0x0,0x58,0x6d,0x65,0x74,0x61,0x0,0x0,0x0,0x0,0x0,0x0,0x0,0x21,0x68,0x64,0x6c,0x72,0x0,0x0,0x0,0x0,0x0,0x0,0x0,0x0,0x56,0x20,0x0,0x0,0x0,0x0,0x4d,0x34,0x56,0x20,0x6d,0x70,0x34,0x31,0x69,0x73,0x6f,0x6d,0x0,0x0,0x2b,0x69,0x6c,0x73,0x74,0x0,0x0,0x0,0x22,0xc2,0xa9,0x6e,0x61,0x6d,0x0,0x0,0x0,0x1a,0x64,0x61,0x74,#11475	REDUCE cov: 122 ft: 515 corp: 72/10888b0x61, lim: 333 exec/s: 38250x0, rss: 1773Mb L: 244/333 MS: 4 CopyPart-ChangeByte-ShuffleBytes-InsertRepeatedBytes-
0x0,0x0,0x1,0x0,0x0,0x0,0x0,0x54,0x65,0x73,0x74,0x20,0x56,0x69,0x64,0x65,0x6f,
\000\000\000\034ftypM4V \000\000\000\000M4V mp41isom\000\000\000\340moov\000\000\000xmvhd\000\000\000\000\000\000\000\000\000\000\000\000\000\000\003\350\232\000\016\020\000\001\000\000\001\000\000\000\000\000\000\000\000\000\000\000\000\001\000\000\000\000\000rrrrrrrrrrrrrrrrrrrrrrrrrrrrrrrrrrrrrrr\000\000\000\000\000\000\000\000\000\000\001\000\000\000\000\000\000\000\000\000\000\002\000\000\000`udta\000\000\000Xmeta\000\000\000\000\000\000\000!hdlr\000\000\000\000\000\000\000\000V \000\000\000\000M4V mp41isom\000\000+ilst\000\000\000\"\302\251nam\000\000\000\032data\000\000\000\001\000\000\000\000Test Video
artifact_prefix='/results/crashes/20260313_190300_332f8fa3_'; Test unit written to /results/crashes/20260313_190300_332f8fa3_oom-96cd1dff78a78e761b65674595494210f81f9da6
Base64: AAAAHGZ0eXBNNFYgAAAAAE00ViBtcDQxaXNvbQAAAOBtb292AAAAeG12aGQAAAAAAAAAAAAAAAAAAAPomgAOEAABAAABAAAAAAAAAAAAAAAAAQAAAAAAcnJycnJycnJycnJycnJycnJycnJycnJycnJycnJycnJycnJycnJyAAAAAAAAAAAAAAEAAAAAAAAAAAAAAgAAAGB1ZHRhAAAAWG1ldGEAAAAAAAAAIWhkbHIAAAAAAAAAAFYgAAAAAE00ViBtcDQxaXNvbQAAK2lsc3QAAAAiwqluYW0AAAAaZGF0YQAAAAEAAAAAVGVzdCBWaWRlbw==
SUMMARY: libFuzzer: out-of-memory
stat::number_of_executed_units: 11475
stat::average_exec_per_sec:     3825
stat::new_units_added:          148
stat::slowest_unit_time_sec:    0
stat::peak_rss_mb:              1773
