INFO: Running with entropic power schedule (0xFF, 100).
INFO: Seed: 1966054672
INFO: Loaded 1 modules   (252 inline 8-bit counters): 252 [0x5f5b0f9a9678, 0x5f5b0f9a9774), 
INFO: Loaded 1 PC tables (252 PCs): 252 [0x5f5b0f9a9778,0x5f5b0f9aa738), 
INFO:        4 files found in /tmp/corpus_20260313_145030_5e53067d
INFO: seed corpus: files: 4 min: 48b max: 333b total: 853b rss: 28Mb
#5	INITED cov: 118 ft: 252 corp: 4/853b exec/s: 0 rss: 29Mb
#8	NEW    cov: 119 ft: 253 corp: 5/859b lim: 333 exec/s: 0 rss: 29Mb L: 6/333 MS: 3 ChangeByte-ChangeByte-CrossOver-
#9	NEW    cov: 119 ft: 279 corp: 6/911b lim: 333 exec/s: 0 rss: 29Mb L: 52/333 MS: 1 CMP- DE: "mvhd"-
#11	NEW    cov: 119 ft: 307 corp: 7/942b lim: 333 exec/s: 0 rss: 29Mb L: 31/333 MS: 2 ChangeBinInt-EraseBytes-
#13	NEW    cov: 119 ft: 312 corp: 8/1169b lim: 333 exec/s: 0 rss: 29Mb L: 227/333 MS: 2 EraseBytes-PersAutoDict- DE: "mvhd"-
#17	NEW    cov: 119 ft: 324 corp: 9/1177b lim: 333 exec/s: 0 rss: 29Mb L: 8/333 MS: 4 InsertByte-ChangeBit-CMP-CopyPart- DE: "\377\037"-
#19	NEW    cov: 119 ft: 326 corp: 10/1225b lim: 333 exec/s: 0 rss: 29Mb L: 48/333 MS: 2 ShuffleBytes-CopyPart-
#20	NEW    cov: 119 ft: 327 corp: 11/1477b lim: 333 exec/s: 0 rss: 29Mb L: 252/333 MS: 1 ShuffleBytes-
#21	NEW    cov: 119 ft: 328 corp: 12/1666b lim: 333 exec/s: 0 rss: 29Mb L: 189/333 MS: 1 EraseBytes-
#22	NEW    cov: 119 ft: 330 corp: 13/1697b lim: 333 exec/s: 0 rss: 29Mb L: 31/333 MS: 1 CopyPart-
#24	NEW    cov: 119 ft: 331 corp: 14/1909b lim: 333 exec/s: 0 rss: 29Mb L: 212/333 MS: 2 ShuffleBytes-CrossOver-
#25	NEW    cov: 119 ft: 342 corp: 15/2060b lim: 333 exec/s: 0 rss: 29Mb L: 151/333 MS: 1 EraseBytes-
#26	NEW    cov: 119 ft: 350 corp: 16/2198b lim: 333 exec/s: 0 rss: 29Mb L: 138/333 MS: 1 EraseBytes-
#27	NEW    cov: 119 ft: 352 corp: 17/2235b lim: 333 exec/s: 0 rss: 29Mb L: 37/333 MS: 1 CrossOver-
#30	NEW    cov: 119 ft: 362 corp: 18/2349b lim: 333 exec/s: 0 rss: 29Mb L: 114/333 MS: 3 CrossOver-ShuffleBytes-EraseBytes-
#39	NEW    cov: 119 ft: 363 corp: 19/2540b lim: 333 exec/s: 0 rss: 29Mb L: 191/333 MS: 4 CrossOver-InsertByte-InsertByte-CrossOver-
#42	NEW    cov: 119 ft: 367 corp: 20/2871b lim: 333 exec/s: 0 rss: 29Mb L: 331/333 MS: 3 CopyPart-InsertByte-CopyPart-
#49	NEW    cov: 119 ft: 377 corp: 21/2957b lim: 333 exec/s: 0 rss: 29Mb L: 86/333 MS: 2 ChangeBit-InsertRepeatedBytes-
#51	NEW    cov: 119 ft: 387 corp: 22/2973b lim: 333 exec/s: 0 rss: 29Mb L: 16/333 MS: 2 ChangeBinInt-CMP- DE: "\377\377^[\017w\211\344"-
#55	NEW    cov: 120 ft: 389 corp: 23/3111b lim: 333 exec/s: 0 rss: 29Mb L: 138/333 MS: 4 EraseBytes-ChangeBit-ShuffleBytes-PersAutoDict- DE: "\377\037"-
#66	NEW    cov: 120 ft: 397 corp: 24/3249b lim: 333 exec/s: 0 rss: 29Mb L: 138/333 MS: 1 ChangeBinInt-
#69	NEW    cov: 120 ft: 398 corp: 25/3366b lim: 333 exec/s: 0 rss: 29Mb L: 117/333 MS: 3 PersAutoDict-InsertByte-PersAutoDict- DE: "\377\037"-"\377\037"-
#72	NEW    cov: 120 ft: 399 corp: 26/3394b lim: 333 exec/s: 0 rss: 29Mb L: 28/333 MS: 3 PersAutoDict-CMP-CMP- DE: "\377\037"-"\001\000_[K{]\302"-"mdhd"-
#75	NEW    cov: 120 ft: 400 corp: 27/3553b lim: 333 exec/s: 0 rss: 29Mb L: 159/333 MS: 3 ShuffleBytes-CrossOver-PersAutoDict- DE: "\001\000_[K{]\302"-
#80	NEW    cov: 120 ft: 401 corp: 28/3812b lim: 333 exec/s: 0 rss: 29Mb L: 259/333 MS: 5 ChangeBit-CMP-CopyPart-ChangeByte-CrossOver- DE: "\007\000\000\000"-
#91	NEW    cov: 121 ft: 402 corp: 29/4126b lim: 333 exec/s: 0 rss: 29Mb L: 314/333 MS: 1 CopyPart-
#94	NEW    cov: 121 ft: 403 corp: 30/4179b lim: 333 exec/s: 0 rss: 29Mb L: 53/333 MS: 3 ChangeBinInt-InsertByte-CopyPart-
#103	NEW    cov: 121 ft: 404 corp: 31/4426b lim: 333 exec/s: 0 rss: 29Mb L: 247/333 MS: 4 InsertRepeatedBytes-ChangeBit-InsertByte-EraseBytes-
#113	NEW    cov: 121 ft: 406 corp: 32/4728b lim: 333 exec/s: 0 rss: 29Mb L: 302/333 MS: 5 ChangeBit-ShuffleBytes-ChangeBit-PersAutoDict-CrossOver- DE: "\377\037"-
#115	REDUCE cov: 121 ft: 406 corp: 32/4716b lim: 333 exec/s: 0 rss: 29Mb L: 215/333 MS: 2 ChangeByte-EraseBytes-
#133	NEW    cov: 122 ft: 407 corp: 33/5049b lim: 333 exec/s: 0 rss: 29Mb L: 333/333 MS: 3 ChangeBinInt-CopyPart-CopyPart-
#148	NEW    cov: 122 ft: 410 corp: 34/5349b lim: 333 exec/s: 0 rss: 29Mb L: 300/333 MS: 5 ChangeBit-ShuffleBytes-InsertByte-CopyPart-CrossOver-
#155	NEW    cov: 122 ft: 411 corp: 35/5451b lim: 333 exec/s: 0 rss: 29Mb L: 102/333 MS: 2 ChangeBit-EraseBytes-
#167	NEW    cov: 123 ft: 413 corp: 36/5730b lim: 333 exec/s: 0 rss: 29Mb L: 279/333 MS: 2 CrossOver-CrossOver-
#173	REDUCE cov: 123 ft: 413 corp: 36/5686b lim: 333 exec/s: 0 rss: 29Mb L: 258/333 MS: 1 EraseBytes-
#197	NEW    cov: 123 ft: 414 corp: 37/5761b lim: 333 exec/s: 0 rss: 29Mb L: 75/333 MS: 4 ChangeBinInt-ChangeBit-ChangeByte-InsertRepeatedBytes-
#220	REDUCE cov: 123 ft: 414 corp: 37/5740b lim: 333 exec/s: 0 rss: 29Mb L: 65/333 MS: 3 CrossOver-EraseBytes-EraseBytes-
#227	NEW    cov: 123 ft: 415 corp: 38/5799b lim: 333 exec/s: 0 rss: 29Mb L: 59/333 MS: 2 CopyPart-EraseBytes-
#231	NEW    cov: 123 ft: 420 corp: 39/6120b lim: 333 exec/s: 0 rss: 29Mb L: 321/333 MS: 4 InsertByte-ChangeByte-ChangeBinInt-InsertRepeatedBytes-
#252	NEW    cov: 123 ft: 426 corp: 40/6340b lim: 333 exec/s: 0 rss: 29Mb L: 220/333 MS: 1 PersAutoDict- DE: "mvhd"-
#270	NEW    cov: 123 ft: 452 corp: 41/6359b lim: 333 exec/s: 0 rss: 29Mb L: 19/333 MS: 3 ChangeByte-CopyPart-CrossOver-
#274	NEW    cov: 123 ft: 453 corp: 42/6663b lim: 333 exec/s: 0 rss: 29Mb L: 304/333 MS: 4 PersAutoDict-InsertRepeatedBytes-ChangeBinInt-CrossOver- DE: "\001\000_[K{]\302"-
#276	REDUCE cov: 123 ft: 453 corp: 42/6642b lim: 333 exec/s: 0 rss: 29Mb L: 293/333 MS: 2 ChangeByte-CrossOver-
#288	NEW    cov: 123 ft: 463 corp: 43/6862b lim: 333 exec/s: 0 rss: 29Mb L: 220/333 MS: 2 ShuffleBytes-ChangeByte-
#359	NEW    cov: 123 ft: 464 corp: 44/7082b lim: 333 exec/s: 0 rss: 29Mb L: 220/333 MS: 1 CrossOver-
#446	REDUCE cov: 123 ft: 464 corp: 44/7043b lim: 333 exec/s: 0 rss: 29Mb L: 176/333 MS: 2 InsertRepeatedBytes-EraseBytes-
#469	REDUCE cov: 123 ft: 464 corp: 44/7027b lim: 333 exec/s: 0 rss: 29Mb L: 288/333 MS: 3 ChangeByte-ChangeBinInt-EraseBytes-
#497	NEW    cov: 123 ft: 465 corp: 45/7334b lim: 333 exec/s: 0 rss: 29Mb L: 307/333 MS: 3 PersAutoDict-ChangeBit-CrossOver- DE: "mvhd"-
#514	REDUCE cov: 123 ft: 465 corp: 45/7320b lim: 333 exec/s: 0 rss: 29Mb L: 233/333 MS: 2 ChangeBinInt-EraseBytes-
#624	NEW    cov: 123 ft: 466 corp: 46/7427b lim: 333 exec/s: 0 rss: 29Mb L: 107/333 MS: 5 EraseBytes-CrossOver-PersAutoDict-ChangeBinInt-EraseBytes- DE: "\377\377^[\017w\211\344"-
#680	REDUCE cov: 123 ft: 466 corp: 46/7332b lim: 333 exec/s: 0 rss: 29Mb L: 157/333 MS: 1 EraseBytes-
#682	REDUCE cov: 123 ft: 466 corp: 46/7296b lim: 333 exec/s: 0 rss: 29Mb L: 257/333 MS: 2 CopyPart-EraseBytes-
#730	REDUCE cov: 123 ft: 466 corp: 46/7196b lim: 333 exec/s: 0 rss: 29Mb L: 233/333 MS: 3 ShuffleBytes-ShuffleBytes-EraseBytes-
#750	REDUCE cov: 123 ft: 466 corp: 46/7103b lim: 333 exec/s: 0 rss: 29Mb L: 164/333 MS: 5 ChangeBinInt-InsertByte-EraseBytes-CopyPart-InsertRepeatedBytes-
#795	NEW    cov: 123 ft: 472 corp: 47/7436b lim: 333 exec/s: 0 rss: 29Mb L: 333/333 MS: 5 ChangeBit-ShuffleBytes-CopyPart-PersAutoDict-PersAutoDict- DE: "\007\000\000\000"-"\377\037"-
#805	REDUCE cov: 123 ft: 472 corp: 47/7434b lim: 333 exec/s: 0 rss: 29Mb L: 51/333 MS: 5 CrossOver-InsertByte-EraseBytes-ShuffleBytes-PersAutoDict- DE: "\001\000_[K{]\302"-
#862	REDUCE cov: 123 ft: 472 corp: 47/7413b lim: 333 exec/s: 0 rss: 29Mb L: 231/333 MS: 2 ChangeBit-EraseBytes-
#864	REDUCE cov: 123 ft: 472 corp: 47/7384b lim: 333 exec/s: 0 rss: 29Mb L: 302/333 MS: 2 ShuffleBytes-EraseBytes-
#865	REDUCE cov: 123 ft: 472 corp: 47/7362b lim: 333 exec/s: 0 rss: 29Mb L: 116/333 MS: 1 EraseBytes-
#902	NEW    cov: 123 ft: 473 corp: 48/7695b lim: 333 exec/s: 0 rss: 29Mb L: 333/333 MS: 2 ChangeBinInt-ChangeBit-
#919	REDUCE cov: 123 ft: 473 corp: 48/7625b lim: 333 exec/s: 0 rss: 29Mb L: 232/333 MS: 2 InsertRepeatedBytes-EraseBytes-
#926	REDUCE cov: 123 ft: 473 corp: 48/7618b lim: 333 exec/s: 0 rss: 29Mb L: 326/333 MS: 2 ChangeByte-EraseBytes-
#1007	REDUCE cov: 123 ft: 473 corp: 48/7613b lim: 333 exec/s: 0 rss: 29Mb L: 171/333 MS: 1 EraseBytes-
#1073	REDUCE cov: 123 ft: 473 corp: 48/7610b lim: 333 exec/s: 0 rss: 29Mb L: 3/333 MS: 1 EraseBytes-
#1074	REDUCE cov: 123 ft: 473 corp: 48/7604b lim: 333 exec/s: 0 rss: 29Mb L: 42/333 MS: 1 EraseBytes-
#1264	REDUCE cov: 123 ft: 473 corp: 48/7592b lim: 333 exec/s: 0 rss: 29Mb L: 147/333 MS: 5 ChangeByte-ChangeASCIIInt-EraseBytes-ShuffleBytes-CMP- DE: "cm \000"-
#1383	NEW    cov: 123 ft: 475 corp: 49/7755b lim: 333 exec/s: 0 rss: 29Mb L: 163/333 MS: 4 CrossOver-InsertByte-ChangeBinInt-EraseBytes-
#1428	NEW    cov: 123 ft: 487 corp: 50/7983b lim: 333 exec/s: 0 rss: 29Mb L: 228/333 MS: 5 ChangeBinInt-ShuffleBytes-ChangeBit-ChangeByte-PersAutoDict- DE: "\377\377^[\017w\211\344"-
#1559	REDUCE cov: 123 ft: 487 corp: 50/7963b lim: 333 exec/s: 0 rss: 29Mb L: 212/333 MS: 1 EraseBytes-
#1594	NEW    cov: 124 ft: 491 corp: 51/8296b lim: 333 exec/s: 0 rss: 29Mb L: 333/333 MS: 5 ChangeBinInt-ChangeBit-ChangeByte-CrossOver-CrossOver-
#1625	REDUCE cov: 124 ft: 491 corp: 51/8295b lim: 333 exec/s: 0 rss: 29Mb L: 18/333 MS: 1 EraseBytes-
#1791	REDUCE cov: 124 ft: 491 corp: 51/8249b lim: 333 exec/s: 0 rss: 29Mb L: 125/333 MS: 1 EraseBytes-
#1802	REDUCE cov: 124 ft: 491 corp: 51/8242b lim: 333 exec/s: 0 rss: 29Mb L: 144/333 MS: 1 EraseBytes-
#1850	REDUCE cov: 124 ft: 491 corp: 51/8240b lim: 333 exec/s: 0 rss: 29Mb L: 257/333 MS: 3 CMP-PersAutoDict-EraseBytes- DE: "sinf"-"\377\037"-
#1873	REDUCE cov: 124 ft: 492 corp: 52/8548b lim: 333 exec/s: 0 rss: 29Mb L: 308/333 MS: 3 InsertByte-EraseBytes-CopyPart-
#1929	REDUCE cov: 124 ft: 492 corp: 52/8543b lim: 333 exec/s: 0 rss: 29Mb L: 120/333 MS: 1 EraseBytes-
#1940	NEW    cov: 124 ft: 493 corp: 53/8764b lim: 333 exec/s: 0 rss: 29Mb L: 221/333 MS: 1 InsertByte-
#1944	REDUCE cov: 124 ft: 493 corp: 53/8757b lim: 333 exec/s: 0 rss: 29Mb L: 24/333 MS: 4 EraseBytes-ChangeByte-EraseBytes-CrossOver-
#2142	NEW    cov: 124 ft: 494 corp: 54/9090b lim: 333 exec/s: 0 rss: 29Mb L: 333/333 MS: 3 CrossOver-ChangeASCIIInt-CrossOver-
#2159	NEW    cov: 124 ft: 496 corp: 55/9332b lim: 333 exec/s: 0 rss: 29Mb L: 242/333 MS: 2 ShuffleBytes-CopyPart-
#2175	REDUCE cov: 124 ft: 496 corp: 55/9295b lim: 333 exec/s: 0 rss: 29Mb L: 175/333 MS: 1 EraseBytes-
#2236	REDUCE cov: 124 ft: 496 corp: 55/9292b lim: 333 exec/s: 0 rss: 29Mb L: 34/333 MS: 1 EraseBytes-
#2293	REDUCE cov: 124 ft: 496 corp: 55/9274b lim: 333 exec/s: 0 rss: 29Mb L: 315/333 MS: 2 ChangeByte-CrossOver-
#2299	REDUCE cov: 124 ft: 496 corp: 55/9263b lim: 333 exec/s: 0 rss: 29Mb L: 315/333 MS: 1 EraseBytes-
#2326	REDUCE cov: 124 ft: 496 corp: 55/9260b lim: 333 exec/s: 0 rss: 29Mb L: 28/333 MS: 2 CMP-EraseBytes- DE: "mdat"-
#2431	REDUCE cov: 124 ft: 499 corp: 56/9498b lim: 333 exec/s: 0 rss: 29Mb L: 238/333 MS: 5 CMP-InsertRepeatedBytes-ChangeBinInt-ChangeBit-PersAutoDict- DE: "dinf"-"\001\000_[K{]\302"-
#2462	NEW    cov: 124 ft: 500 corp: 57/9721b lim: 333 exec/s: 0 rss: 29Mb L: 223/333 MS: 1 CrossOver-
#2581	REDUCE cov: 124 ft: 500 corp: 57/9708b lim: 333 exec/s: 0 rss: 29Mb L: 302/333 MS: 4 ChangeByte-CrossOver-CrossOver-InsertRepeatedBytes-
#2753	REDUCE cov: 124 ft: 500 corp: 57/9697b lim: 333 exec/s: 0 rss: 29Mb L: 222/333 MS: 2 InsertRepeatedBytes-EraseBytes-
#2759	NEW    cov: 124 ft: 501 corp: 58/9805b lim: 333 exec/s: 0 rss: 29Mb L: 108/333 MS: 1 InsertByte-
#2770	REDUCE cov: 124 ft: 501 corp: 58/9750b lim: 333 exec/s: 0 rss: 29Mb L: 233/333 MS: 1 EraseBytes-
#2829	REDUCE cov: 124 ft: 501 corp: 58/9736b lim: 333 exec/s: 0 rss: 29Mb L: 143/333 MS: 4 ChangeBit-CMP-ShuffleBytes-EraseBytes- DE: "hvcC"-
#2836	REDUCE cov: 124 ft: 501 corp: 58/9735b lim: 333 exec/s: 0 rss: 29Mb L: 232/333 MS: 2 CopyPart-EraseBytes-
#2886	REDUCE cov: 124 ft: 501 corp: 58/9675b lim: 333 exec/s: 0 rss: 29Mb L: 160/333 MS: 5 ShuffleBytes-ChangeBit-ChangeBinInt-ShuffleBytes-EraseBytes-
#2953	REDUCE cov: 124 ft: 501 corp: 58/9607b lim: 333 exec/s: 0 rss: 29Mb L: 170/333 MS: 2 CopyPart-EraseBytes-
#2979	REDUCE cov: 124 ft: 501 corp: 58/9592b lim: 333 exec/s: 0 rss: 29Mb L: 92/333 MS: 1 EraseBytes-
#3114	REDUCE cov: 124 ft: 502 corp: 59/9606b lim: 333 exec/s: 0 rss: 29Mb L: 14/333 MS: 5 ChangeBit-InsertRepeatedBytes-InsertRepeatedBytes-ShuffleBytes-CrossOver-
#3494	REDUCE cov: 124 ft: 502 corp: 59/9597b lim: 333 exec/s: 0 rss: 29Mb L: 93/333 MS: 5 PersAutoDict-EraseBytes-ShuffleBytes-ChangeBinInt-CopyPart- DE: "hvcC"-
#3700	REDUCE cov: 124 ft: 503 corp: 60/9912b lim: 333 exec/s: 0 rss: 29Mb L: 315/333 MS: 1 CrossOver-
#3822	REDUCE cov: 124 ft: 503 corp: 60/9837b lim: 333 exec/s: 0 rss: 29Mb L: 232/333 MS: 2 ChangeBit-EraseBytes-
#3963	REDUCE cov: 124 ft: 503 corp: 60/9823b lim: 333 exec/s: 0 rss: 29Mb L: 156/333 MS: 1 EraseBytes-
#4129	REDUCE cov: 124 ft: 503 corp: 60/9821b lim: 333 exec/s: 0 rss: 29Mb L: 331/333 MS: 1 CrossOver-
#4423	REDUCE cov: 124 ft: 504 corp: 61/10088b lim: 333 exec/s: 0 rss: 29Mb L: 267/333 MS: 4 CrossOver-CrossOver-CopyPart-InsertRepeatedBytes-
#4454	REDUCE cov: 124 ft: 504 corp: 61/10068b lim: 333 exec/s: 0 rss: 29Mb L: 237/333 MS: 1 EraseBytes-
#4699	REDUCE cov: 124 ft: 504 corp: 61/9978b lim: 333 exec/s: 0 rss: 29Mb L: 241/333 MS: 5 ChangeByte-ChangeBit-ChangeASCIIInt-ChangeASCIIInt-CrossOver-
#4726	NEW    cov: 124 ft: 506 corp: 62/9992b lim: 333 exec/s: 0 rss: 29Mb L: 14/333 MS: 2 ChangeBit-PersAutoDict- DE: "sinf"-
#4820	REDUCE cov: 124 ft: 506 corp: 62/9987b lim: 333 exec/s: 0 rss: 29Mb L: 226/333 MS: 4 CopyPart-ChangeByte-PersAutoDict-EraseBytes- DE: "hvcC"-
#5106	REDUCE cov: 124 ft: 506 corp: 62/9953b lim: 333 exec/s: 0 rss: 29Mb L: 130/333 MS: 1 EraseBytes-
#5198	REDUCE cov: 124 ft: 506 corp: 62/9952b lim: 333 exec/s: 0 rss: 29Mb L: 33/333 MS: 2 ChangeBinInt-EraseBytes-
#5215	NEW    cov: 124 ft: 517 corp: 63/10172b lim: 333 exec/s: 0 rss: 29Mb L: 220/333 MS: 2 ShuffleBytes-CMP- DE: "trak"-
#5310	REDUCE cov: 124 ft: 517 corp: 63/10135b lim: 333 exec/s: 0 rss: 29Mb L: 79/333 MS: 5 ChangeByte-ChangeBinInt-ChangeBit-ShuffleBytes-EraseBytes-
#5346	NEW    cov: 124 ft: 521 corp: 64/10153b lim: 333 exec/s: 0 rss: 29Mb L: 18/333 MS: 1 PersAutoDict- DE: "trak"-
#5369	REDUCE cov: 124 ft: 521 corp: 64/10107b lim: 333 exec/s: 0 rss: 29Mb L: 269/333 MS: 3 PersAutoDict-EraseBytes-PersAutoDict- DE: "dinf"-"cm \000"-
#5483	REDUCE cov: 124 ft: 521 corp: 64/10106b lim: 333 exec/s: 0 rss: 29Mb L: 41/333 MS: 4 ChangeBinInt-ChangeBinInt-ChangeBinInt-EraseBytes-
#5679	REDUCE cov: 124 ft: 521 corp: 64/10105b lim: 333 exec/s: 0 rss: 29Mb L: 13/333 MS: 1 EraseBytes-
#5734	REDUCE cov: 124 ft: 521 corp: 64/10104b lim: 333 exec/s: 0 rss: 29Mb L: 143/333 MS: 5 InsertRepeatedBytes-ShuffleBytes-PersAutoDict-ChangeBinInt-EraseBytes- DE: "\007\000\000\000"-
#6138	REDUCE cov: 124 ft: 521 corp: 64/10100b lim: 333 exec/s: 0 rss: 29Mb L: 75/333 MS: 4 ChangeBit-ChangeBit-ShuffleBytes-EraseBytes-
#6145	REDUCE cov: 124 ft: 521 corp: 64/10099b lim: 333 exec/s: 0 rss: 29Mb L: 50/333 MS: 2 InsertByte-EraseBytes-
#6343	REDUCE cov: 124 ft: 521 corp: 64/10097b lim: 333 exec/s: 6343 rss: 29Mb L: 26/333 MS: 1 EraseBytes-
#6434	REDUCE cov: 124 ft: 521 corp: 64/10068b lim: 333 exec/s: 6434 rss: 29Mb L: 127/333 MS: 1 EraseBytes-
#6803	REDUCE cov: 124 ft: 521 corp: 64/10039b lim: 333 exec/s: 6803 rss: 29Mb L: 162/333 MS: 4 EraseBytes-EraseBytes-ChangeBinInt-ChangeByte-
#6869	REDUCE cov: 124 ft: 521 corp: 64/10038b lim: 333 exec/s: 6869 rss: 29Mb L: 126/333 MS: 1 EraseBytes-
#6967	REDUCE cov: 124 ft: 521 corp: 64/10030b lim: 333 exec/s: 6967 rss: 29Mb L: 135/333 MS: 3 InsertByte-CMP-EraseBytes- DE: " \000"-
#7148	REDUCE cov: 124 ft: 521 corp: 64/10014b lim: 333 exec/s: 7148 rss: 29Mb L: 299/333 MS: 1 EraseBytes-
#7214	REDUCE cov: 124 ft: 521 corp: 64/9994b lim: 333 exec/s: 7214 rss: 29Mb L: 72/333 MS: 1 EraseBytes-
#7262	REDUCE cov: 124 ft: 521 corp: 64/9949b lim: 333 exec/s: 7262 rss: 29Mb L: 75/333 MS: 3 ChangeBit-ChangeByte-EraseBytes-
#7285	REDUCE cov: 124 ft: 521 corp: 64/9917b lim: 333 exec/s: 7285 rss: 29Mb L: 111/333 MS: 3 ChangeBinInt-PersAutoDict-CrossOver- DE: " \000"-
#7399	REDUCE cov: 124 ft: 521 corp: 64/9916b lim: 333 exec/s: 7399 rss: 29Mb L: 2/333 MS: 4 CMP-ChangeBinInt-EraseBytes-EraseBytes- DE: "\000 "-
#7418	NEW    cov: 124 ft: 522 corp: 65/10058b lim: 333 exec/s: 7418 rss: 29Mb L: 142/333 MS: 4 ShuffleBytes-ShuffleBytes-ChangeBit-CrossOver-
#7511	REDUCE cov: 124 ft: 522 corp: 65/10010b lim: 333 exec/s: 7511 rss: 29Mb L: 82/333 MS: 3 PersAutoDict-CopyPart-EraseBytes- DE: "hvcC"-
#7547	NEW    cov: 124 ft: 523 corp: 66/10274b lim: 333 exec/s: 7547 rss: 29Mb L: 264/333 MS: 1 EraseBytes-
#7730	REDUCE cov: 124 ft: 523 corp: 66/10270b lim: 333 exec/s: 7730 rss: 29Mb L: 156/333 MS: 3 ChangeByte-PersAutoDict-EraseBytes- DE: "sinf"-
#7763	REDUCE cov: 124 ft: 523 corp: 66/10258b lim: 333 exec/s: 7763 rss: 29Mb L: 63/333 MS: 3 InsertByte-ChangeByte-CrossOver-
#7889	NEW    cov: 124 ft: 524 corp: 67/10556b lim: 333 exec/s: 7889 rss: 29Mb L: 298/333 MS: 1 CrossOver-
#8135	REDUCE cov: 124 ft: 524 corp: 67/10555b lim: 333 exec/s: 8135 rss: 29Mb L: 27/333 MS: 1 EraseBytes-
#8143	REDUCE cov: 124 ft: 524 corp: 67/10554b lim: 333 exec/s: 8143 rss: 29Mb L: 1/333 MS: 3 ShuffleBytes-ShuffleBytes-EraseBytes-
#8145	NEW    cov: 124 ft: 525 corp: 68/10871b lim: 333 exec/s: 8145 rss: 29Mb L: 317/333 MS: 2 CopyPart-CrossOver-
#8211	REDUCE cov: 124 ft: 525 corp: 68/10850b lim: 333 exec/s: 8211 rss: 29Mb L: 105/333 MS: 1 CrossOver-
#8424	REDUCE cov: 124 ft: 525 corp: 68/10821b lim: 333 exec/s: 8424 rss: 29Mb L: 304/333 MS: 3 CopyPart-ChangeByte-EraseBytes-
#8425	REDUCE cov: 124 ft: 529 corp: 69/11125b lim: 333 exec/s: 8425 rss: 29Mb L: 304/333 MS: 1 ChangeByte-
#8628	REDUCE cov: 124 ft: 529 corp: 69/11093b lim: 333 exec/s: 8628 rss: 29Mb L: 266/333 MS: 3 InsertByte-ChangeBinInt-EraseBytes-
#8764	REDUCE cov: 124 ft: 529 corp: 69/11092b lim: 333 exec/s: 8764 rss: 29Mb L: 174/333 MS: 1 EraseBytes-
#8867	REDUCE cov: 124 ft: 529 corp: 69/11061b lim: 333 exec/s: 8867 rss: 29Mb L: 111/333 MS: 3 ChangeByte-ChangeBit-EraseBytes-
#8924	NEW    cov: 125 ft: 530 corp: 70/11088b lim: 333 exec/s: 8924 rss: 29Mb L: 27/333 MS: 2 ChangeBit-CopyPart-
#9291	REDUCE cov: 125 ft: 530 corp: 70/11086b lim: 333 exec/s: 9291 rss: 29Mb L: 25/333 MS: 2 ChangeBit-EraseBytes-
#9388	REDUCE cov: 125 ft: 530 corp: 70/11073b lim: 333 exec/s: 9388 rss: 29Mb L: 287/333 MS: 2 EraseBytes-CopyPart-
#9487	REDUCE cov: 125 ft: 530 corp: 70/11072b lim: 333 exec/s: 9487 rss: 29Mb L: 49/333 MS: 4 CMP-PersAutoDict-InsertByte-EraseBytes- DE: "\001\000\000\004"-"\377\037"-
#10002	REDUCE cov: 125 ft: 530 corp: 70/11052b lim: 333 exec/s: 10002 rss: 29Mb L: 249/333 MS: 5 ChangeByte-ChangeByte-ShuffleBytes-EraseBytes-PersAutoDict- DE: "sinf"-
#10248	REDUCE cov: 125 ft: 530 corp: 70/11047b lim: 333 exec/s: 10248 rss: 29Mb L: 100/333 MS: 1 EraseBytes-
#10359	REDUCE cov: 125 ft: 530 corp: 70/11043b lim: 333 exec/s: 10359 rss: 29Mb L: 275/333 MS: 1 EraseBytes-
#10538	REDUCE cov: 125 ft: 530 corp: 70/11015b lim: 333 exec/s: 10538 rss: 29Mb L: 86/333 MS: 4 ChangeByte-ShuffleBytes-PersAutoDict-EraseBytes- DE: "\377\377^[\017w\211\344"-
#10574	REDUCE cov: 125 ft: 530 corp: 70/11013b lim: 333 exec/s: 10574 rss: 29Mb L: 25/333 MS: 1 EraseBytes-
#10686	NEW    cov: 125 ft: 538 corp: 71/11339b lim: 333 exec/s: 10686 rss: 29Mb L: 326/333 MS: 2 PersAutoDict-InsertRepeatedBytes- DE: "\000 "-
#11220	REDUCE cov: 125 ft: 538 corp: 71/11298b lim: 333 exec/s: 11220 rss: 29Mb L: 41/333 MS: 4 CopyPart-PersAutoDict-ChangeBit-EraseBytes- DE: "\000 "-
#11241	REDUCE cov: 125 ft: 538 corp: 71/11268b lim: 333 exec/s: 11241 rss: 29Mb L: 42/333 MS: 1 EraseBytes-
#11275	REDUCE cov: 125 ft: 538 corp: 71/11266b lim: 333 exec/s: 11275 rss: 29Mb L: 187/333 MS: 4 EraseBytes-CMP-EraseBytes-CrossOver- DE: "fiin"-
#11396	REDUCE cov: 125 ft: 538 corp: 71/11242b lim: 333 exec/s: 11396 rss: 29Mb L: 76/333 MS: 1 EraseBytes-
#11404	REDUCE cov: 125 ft: 538 corp: 71/11236b lim: 333 exec/s: 11404 rss: 29Mb L: 59/333 MS: 3 CMP-ChangeBinInt-EraseBytes- DE: "hdlr"-
#11550	REDUCE cov: 125 ft: 539 corp: 72/11252b lim: 333 exec/s: 11550 rss: 29Mb L: 16/333 MS: 1 EraseBytes-
#11563	REDUCE cov: 125 ft: 539 corp: 72/11251b lim: 333 exec/s: 11563 rss: 29Mb L: 24/333 MS: 3 InsertByte-PersAutoDict-EraseBytes- DE: "\007\000\000\000"-
#11564	REDUCE cov: 125 ft: 539 corp: 72/11225b lim: 333 exec/s: 11564 rss: 29Mb L: 215/333 MS: 1 EraseBytes-
#11666	REDUCE cov: 125 ft: 539 corp: 72/11205b lim: 333 exec/s: 11666 rss: 29Mb L: 43/333 MS: 2 ChangeBinInt-EraseBytes-
#11683	REDUCE cov: 125 ft: 539 corp: 72/11178b lim: 333 exec/s: 11683 rss: 29Mb L: 160/333 MS: 2 EraseBytes-CopyPart-
#11771	REDUCE cov: 125 ft: 539 corp: 72/11176b lim: 333 exec/s: 11771 rss: 29Mb L: 235/333 MS: 3 ChangeByte-CMP-EraseBytes- DE: "ipro"-
#11810	REDUCE cov: 125 ft: 539 corp: 72/11169b lim: 333 exec/s: 11810 rss: 29Mb L: 225/333 MS: 4 ChangeBit-PersAutoDict-EraseBytes-InsertRepeatedBytes- DE: "sinf"-
#12415	REDUCE cov: 125 ft: 539 corp: 72/11166b lim: 333 exec/s: 12415 rss: 29Mb L: 108/333 MS: 5 ShuffleBytes-CrossOver-CMP-InsertByte-EraseBytes- DE: "hvcC"-
#12559	REDUCE cov: 125 ft: 539 corp: 72/11156b lim: 333 exec/s: 12559 rss: 29Mb L: 98/333 MS: 4 PersAutoDict-ChangeBinInt-CrossOver-EraseBytes- DE: "trak"-
#12685	REDUCE cov: 125 ft: 539 corp: 72/11154b lim: 333 exec/s: 6342 rss: 29Mb L: 84/333 MS: 1 EraseBytes-
#13161	NEW    cov: 125 ft: 544 corp: 73/11487b lim: 333 exec/s: 6580 rss: 29Mb L: 333/333 MS: 1 CopyPart-
#13195	REDUCE cov: 125 ft: 544 corp: 73/11481b lim: 333 exec/s: 6597 rss: 29Mb L: 69/333 MS: 4 InsertRepeatedBytes-EraseBytes-ChangeASCIIInt-EraseBytes-
#13728	REDUCE cov: 125 ft: 544 corp: 73/11454b lim: 333 exec/s: 6864 rss: 29Mb L: 199/333 MS: 3 EraseBytes-ChangeBit-PersAutoDict- DE: "\377\377^[\017w\211\344"-
#14019	REDUCE cov: 125 ft: 544 corp: 73/11356b lim: 333 exec/s: 7009 rss: 29Mb L: 124/333 MS: 1 CrossOver-
#14327	REDUCE cov: 125 ft: 544 corp: 73/11354b lim: 333 exec/s: 7163 rss: 29Mb L: 22/333 MS: 3 ChangeBit-CopyPart-EraseBytes-
#14743	REDUCE cov: 125 ft: 544 corp: 73/11334b lim: 333 exec/s: 7371 rss: 29Mb L: 56/333 MS: 1 EraseBytes-
#14884	REDUCE cov: 125 ft: 544 corp: 73/11333b lim: 333 exec/s: 7442 rss: 29Mb L: 12/333 MS: 1 EraseBytes-
#15500	REDUCE cov: 125 ft: 544 corp: 73/11328b lim: 333 exec/s: 7750 rss: 29Mb L: 17/333 MS: 1 EraseBytes-
#15900	REDUCE cov: 125 ft: 544 corp: 73/11307b lim: 333 exec/s: 7950 rss: 29Mb L: 72/333 MS: 5 CMP-CrossOver-PersAutoDict-EraseBytes-CrossOver- DE: "\001\010"-"\377\377^[\017w\211\344"-
#16108	REDUCE cov: 125 ft: 544 corp: 73/11296b lim: 333 exec/s: 8054 rss: 29Mb L: 276/333 MS: 3 ShuffleBytes-EraseBytes-CopyPart-
#16384	pulse  cov: 125 ft: 544 corp: 73/11296b lim: 333 exec/s: 8192 rss: 29Mb
#16612	REDUCE cov: 125 ft: 544 corp: 73/11286b lim: 333 exec/s: 8306 rss: 29Mb L: 225/333 MS: 4 EraseBytes-InsertRepeatedBytes-ChangeByte-InsertRepeatedBytes-
#16758	REDUCE cov: 125 ft: 544 corp: 73/11174b lim: 333 exec/s: 8379 rss: 29Mb L: 205/333 MS: 1 EraseBytes-
#16818	REDUCE cov: 125 ft: 544 corp: 73/11173b lim: 333 exec/s: 8409 rss: 29Mb L: 266/333 MS: 5 InsertByte-ChangeBit-CopyPart-ChangeByte-EraseBytes-
#17679	REDUCE cov: 125 ft: 544 corp: 73/11167b lim: 341 exec/s: 8839 rss: 30Mb L: 50/333 MS: 1 EraseBytes-
#17877	REDUCE cov: 125 ft: 544 corp: 73/11145b lim: 341 exec/s: 8938 rss: 30Mb L: 198/333 MS: 3 PersAutoDict-ShuffleBytes-EraseBytes- DE: "\001\000_[K{]\302"-
#17941	REDUCE cov: 125 ft: 544 corp: 73/11137b lim: 341 exec/s: 8970 rss: 30Mb L: 212/333 MS: 4 ChangeBit-CMP-PersAutoDict-EraseBytes- DE: "\002\000"-"\377\377^[\017w\211\344"-
#17964	REDUCE cov: 125 ft: 544 corp: 73/11136b lim: 341 exec/s: 8982 rss: 30Mb L: 74/333 MS: 3 EraseBytes-ShuffleBytes-PersAutoDict- DE: "mdat"-
#18039	REDUCE cov: 125 ft: 544 corp: 73/11107b lim: 341 exec/s: 9019 rss: 30Mb L: 237/333 MS: 5 InsertByte-ShuffleBytes-ChangeBit-ChangeASCIIInt-EraseBytes-
#18110	REDUCE cov: 125 ft: 544 corp: 73/11102b lim: 341 exec/s: 9055 rss: 30Mb L: 169/333 MS: 1 EraseBytes-
#18132	REDUCE cov: 125 ft: 544 corp: 73/11098b lim: 341 exec/s: 9066 rss: 30Mb L: 152/333 MS: 2 EraseBytes-InsertByte-
#18448	REDUCE cov: 125 ft: 544 corp: 73/10994b lim: 341 exec/s: 9224 rss: 30Mb L: 204/333 MS: 1 EraseBytes-
#18679	REDUCE cov: 125 ft: 544 corp: 73/10978b lim: 341 exec/s: 9339 rss: 30Mb L: 26/333 MS: 1 EraseBytes-
#18840	REDUCE cov: 125 ft: 544 corp: 73/10970b lim: 341 exec/s: 9420 rss: 30Mb L: 35/333 MS: 1 EraseBytes-
#18866	REDUCE cov: 125 ft: 544 corp: 73/10913b lim: 341 exec/s: 9433 rss: 30Mb L: 269/333 MS: 1 EraseBytes-
#18950	REDUCE cov: 125 ft: 544 corp: 73/10909b lim: 341 exec/s: 9475 rss: 30Mb L: 8/333 MS: 4 InsertByte-ChangeBinInt-EraseBytes-PersAutoDict- DE: "mdat"-
#20431	REDUCE cov: 125 ft: 544 corp: 73/10906b lim: 349 exec/s: 6810 rss: 30Mb L: 209/333 MS: 1 EraseBytes-
#20912	REDUCE cov: 125 ft: 544 corp: 73/10905b lim: 349 exec/s: 6970 rss: 30Mb L: 58/333 MS: 1 EraseBytes-
#21197	REDUCE cov: 125 ft: 544 corp: 73/10861b lim: 349 exec/s: 7065 rss: 30Mb L: 205/333 MS: 5 ChangeBit-PersAutoDict-ChangeBinInt-ChangeByte-EraseBytes- DE: "dinf"-
#21638	NEW    cov: 125 ft: 545 corp: 74/11202b lim: 349 exec/s: 7212 rss: 30Mb L: 341/341 MS: 1 CopyPart-
#22550	REDUCE cov: 125 ft: 545 corp: 74/11200b lim: 357 exec/s: 7516 rss: 30Mb L: 267/341 MS: 2 ChangeBinInt-EraseBytes-
#22621	REDUCE cov: 125 ft: 545 corp: 74/11198b lim: 357 exec/s: 7540 rss: 30Mb L: 67/341 MS: 1 EraseBytes-
#22728	NEW    cov: 125 ft: 546 corp: 75/11539b lim: 357 exec/s: 7576 rss: 30Mb L: 341/341 MS: 2 ChangeASCIIInt-CMP- DE: "mfra"-
#22747	REDUCE cov: 125 ft: 546 corp: 75/11532b lim: 357 exec/s: 7582 rss: 30Mb L: 153/341 MS: 4 CopyPart-ChangeByte-CrossOver-EraseBytes-
#23944	REDUCE cov: 125 ft: 546 corp: 75/11516b lim: 365 exec/s: 7981 rss: 30Mb L: 216/341 MS: 2 PersAutoDict-EraseBytes- DE: "fiin"-
#24220	REDUCE cov: 125 ft: 546 corp: 75/11507b lim: 365 exec/s: 8073 rss: 30Mb L: 58/341 MS: 1 EraseBytes-
#24306	REDUCE cov: 125 ft: 546 corp: 75/11500b lim: 365 exec/s: 8102 rss: 30Mb L: 198/341 MS: 1 EraseBytes-
#24655	REDUCE cov: 125 ft: 546 corp: 75/11498b lim: 365 exec/s: 8218 rss: 30Mb L: 300/341 MS: 4 ChangeBit-PersAutoDict-CopyPart-CrossOver- DE: "trak"-
#25117	REDUCE cov: 125 ft: 546 corp: 75/11475b lim: 365 exec/s: 8372 rss: 30Mb L: 112/341 MS: 2 CopyPart-EraseBytes-
#25138	NEW    cov: 125 ft: 547 corp: 76/11840b lim: 365 exec/s: 8379 rss: 30Mb L: 365/365 MS: 1 CopyPart-
#25182	REDUCE cov: 125 ft: 547 corp: 76/11826b lim: 365 exec/s: 8394 rss: 30Mb L: 223/365 MS: 4 ChangeByte-CMP-EraseBytes-InsertByte- DE: "\001\002"-
#25244	NEW    cov: 125 ft: 548 corp: 77/11921b lim: 365 exec/s: 8414 rss: 30Mb L: 95/365 MS: 2 ChangeBinInt-CrossOver-
#26526	NEW    cov: 125 ft: 560 corp: 78/12157b lim: 373 exec/s: 6631 rss: 30Mb L: 236/365 MS: 2 CMP-CMP- DE: "\377\377^[\017w6g"-"pixi"-
#26613	NEW    cov: 125 ft: 564 corp: 79/12380b lim: 373 exec/s: 6653 rss: 30Mb L: 223/365 MS: 2 ChangeByte-PersAutoDict- DE: "pixi"-
#26680	REDUCE cov: 125 ft: 564 corp: 79/12349b lim: 373 exec/s: 6670 rss: 30Mb L: 67/365 MS: 2 ChangeBit-CrossOver-
#27185	REDUCE cov: 125 ft: 564 corp: 79/12344b lim: 373 exec/s: 6796 rss: 30Mb L: 45/365 MS: 5 PersAutoDict-ShuffleBytes-ChangeASCIIInt-ChangeASCIIInt-EraseBytes- DE: "mdhd"-
#27565	REDUCE cov: 125 ft: 564 corp: 79/12343b lim: 373 exec/s: 6891 rss: 30Mb L: 161/365 MS: 5 EraseBytes-CopyPart-CrossOver-ChangeBit-InsertByte-
#28318	REDUCE cov: 126 ft: 565 corp: 80/12559b lim: 373 exec/s: 7079 rss: 30Mb L: 216/365 MS: 3 CopyPart-ChangeByte-PersAutoDict- DE: "pixi"-
#28553	REDUCE cov: 126 ft: 565 corp: 80/12543b lim: 373 exec/s: 7138 rss: 30Mb L: 136/365 MS: 5 ChangeBit-ChangeASCIIInt-ChangeBinInt-EraseBytes-CopyPart-
#28834	REDUCE cov: 126 ft: 565 corp: 80/12530b lim: 373 exec/s: 7208 rss: 30Mb L: 212/365 MS: 1 EraseBytes-
#29010	REDUCE cov: 126 ft: 565 corp: 80/12512b lim: 373 exec/s: 7252 rss: 30Mb L: 198/365 MS: 1 EraseBytes-
#30337	REDUCE cov: 126 ft: 565 corp: 80/12505b lim: 381 exec/s: 7584 rss: 30Mb L: 198/365 MS: 2 ChangeByte-EraseBytes-
#30799	REDUCE cov: 126 ft: 565 corp: 80/12481b lim: 381 exec/s: 7699 rss: 30Mb L: 188/365 MS: 2 ChangeByte-EraseBytes-
#30886	REDUCE cov: 126 ft: 565 corp: 80/12480b lim: 381 exec/s: 7721 rss: 30Mb L: 13/365 MS: 2 ChangeBinInt-EraseBytes-
#31800	REDUCE cov: 126 ft: 565 corp: 80/12444b lim: 389 exec/s: 7950 rss: 30Mb L: 176/365 MS: 4 ShuffleBytes-CrossOver-PersAutoDict-EraseBytes- DE: "\377\037"-
#31969	NEW    cov: 126 ft: 566 corp: 81/12543b lim: 389 exec/s: 7992 rss: 30Mb L: 99/365 MS: 4 ChangeBit-CopyPart-PersAutoDict-PersAutoDict- DE: "pixi"-"mvhd"-
#32291	NEW    cov: 126 ft: 567 corp: 82/12887b lim: 389 exec/s: 8072 rss: 30Mb L: 344/365 MS: 2 ChangeBinInt-InsertRepeatedBytes-
#32329	REDUCE cov: 126 ft: 567 corp: 82/12883b lim: 389 exec/s: 8082 rss: 30Mb L: 219/365 MS: 3 ChangeBinInt-ChangeBit-EraseBytes-
#32435	NEW    cov: 126 ft: 569 corp: 83/13106b lim: 389 exec/s: 6487 rss: 30Mb L: 223/365 MS: 1 ChangeBinInt-
#32537	REDUCE cov: 126 ft: 569 corp: 83/13079b lim: 389 exec/s: 6507 rss: 30Mb L: 338/344 MS: 2 EraseBytes-CopyPart-
#32629	REDUCE cov: 126 ft: 569 corp: 83/13078b lim: 389 exec/s: 6525 rss: 30Mb L: 83/344 MS: 2 InsertByte-EraseBytes-
#32768	pulse  cov: 126 ft: 569 corp: 83/13078b lim: 389 exec/s: 6553 rss: 30Mb
#32995	REDUCE cov: 126 ft: 569 corp: 83/13071b lim: 389 exec/s: 6599 rss: 30Mb L: 65/344 MS: 1 EraseBytes-
#33249	REDUCE cov: 126 ft: 569 corp: 83/13059b lim: 389 exec/s: 6649 rss: 30Mb L: 309/344 MS: 4 CMP-PersAutoDict-EraseBytes-CopyPart- DE: "\377\037"-"dinf"-
#33460	REDUCE cov: 126 ft: 569 corp: 83/13055b lim: 389 exec/s: 6692 rss: 30Mb L: 9/344 MS: 1 EraseBytes-
#33731	REDUCE cov: 126 ft: 569 corp: 83/13032b lim: 389 exec/s: 6746 rss: 30Mb L: 175/344 MS: 1 EraseBytes-
#34382	REDUCE cov: 126 ft: 569 corp: 83/12985b lim: 389 exec/s: 6876 rss: 31Mb L: 52/344 MS: 1 EraseBytes-
#34517	REDUCE cov: 126 ft: 569 corp: 83/12975b lim: 389 exec/s: 6903 rss: 31Mb L: 266/344 MS: 5 ShuffleBytes-ShuffleBytes-InsertByte-EraseBytes-PersAutoDict- DE: "\001\000_[K{]\302"-
#34694	REDUCE cov: 126 ft: 569 corp: 83/12974b lim: 389 exec/s: 6938 rss: 31Mb L: 25/344 MS: 2 CopyPart-EraseBytes-
#34716	REDUCE cov: 126 ft: 569 corp: 83/12968b lim: 389 exec/s: 6943 rss: 31Mb L: 106/344 MS: 2 InsertByte-EraseBytes-
#34947	REDUCE cov: 126 ft: 569 corp: 83/12937b lim: 389 exec/s: 6989 rss: 31Mb L: 313/341 MS: 1 EraseBytes-
#35179	REDUCE cov: 126 ft: 569 corp: 83/12930b lim: 389 exec/s: 7035 rss: 31Mb L: 259/341 MS: 2 CopyPart-CrossOver-
#35799	REDUCE cov: 126 ft: 570 corp: 84/13305b lim: 389 exec/s: 7159 rss: 31Mb L: 375/375 MS: 5 InsertRepeatedBytes-InsertByte-InsertRepeatedBytes-CMP-CopyPart- DE: "\010\000"-
#35881	REDUCE cov: 126 ft: 571 corp: 85/13503b lim: 389 exec/s: 7176 rss: 31Mb L: 198/375 MS: 2 ChangeBinInt-ChangeBit-
#36695	REDUCE cov: 126 ft: 571 corp: 85/13495b lim: 397 exec/s: 7339 rss: 31Mb L: 217/375 MS: 4 EraseBytes-ChangeBit-ShuffleBytes-PersAutoDict- DE: "trak"-
#37071	REDUCE cov: 126 ft: 571 corp: 85/13487b lim: 397 exec/s: 7414 rss: 31Mb L: 225/375 MS: 1 EraseBytes-
#37077	REDUCE cov: 126 ft: 571 corp: 85/13486b lim: 397 exec/s: 7415 rss: 31Mb L: 17/375 MS: 1 EraseBytes-
#37400	REDUCE cov: 126 ft: 571 corp: 85/13483b lim: 397 exec/s: 7480 rss: 31Mb L: 38/375 MS: 3 ChangeBinInt-ChangeBinInt-EraseBytes-
#38005	REDUCE cov: 126 ft: 571 corp: 85/13479b lim: 397 exec/s: 7601 rss: 31Mb L: 305/375 MS: 5 CopyPart-EraseBytes-CMP-PersAutoDict-InsertRepeatedBytes- DE: "T\000\000\000\000\000\000\000"-"\001\010"-
#38241	REDUCE cov: 126 ft: 571 corp: 85/13473b lim: 397 exec/s: 7648 rss: 31Mb L: 32/375 MS: 1 EraseBytes-
#38999	REDUCE cov: 126 ft: 571 corp: 85/13457b lim: 397 exec/s: 6499 rss: 31Mb L: 159/375 MS: 3 EraseBytes-InsertByte-InsertByte-
#39087	REDUCE cov: 126 ft: 572 corp: 86/13815b lim: 397 exec/s: 6514 rss: 31Mb L: 358/375 MS: 3 PersAutoDict-CrossOver-CopyPart- DE: "\001\002"-
#39112	REDUCE cov: 126 ft: 572 corp: 86/13798b lim: 397 exec/s: 6518 rss: 31Mb L: 208/375 MS: 5 CrossOver-InsertByte-InsertByte-InsertRepeatedBytes-CrossOver-
#39430	REDUCE cov: 126 ft: 572 corp: 86/13772b lim: 397 exec/s: 6571 rss: 31Mb L: 232/375 MS: 3 CMP-ShuffleBytes-EraseBytes- DE: "\377\377\377\377\377\377\377\003"-
#40207	REDUCE cov: 126 ft: 572 corp: 86/13752b lim: 397 exec/s: 6701 rss: 31Mb L: 178/375 MS: 2 ShuffleBytes-EraseBytes-
#40841	REDUCE cov: 126 ft: 572 corp: 86/13751b lim: 397 exec/s: 6806 rss: 31Mb L: 25/375 MS: 4 InsertRepeatedBytes-ChangeBinInt-CopyPart-EraseBytes-
#41185	REDUCE cov: 126 ft: 572 corp: 86/13735b lim: 397 exec/s: 6864 rss: 31Mb L: 16/375 MS: 4 ChangeBit-ShuffleBytes-PersAutoDict-EraseBytes- DE: "\000 "-
#41567	REDUCE cov: 126 ft: 572 corp: 86/13734b lim: 397 exec/s: 6927 rss: 31Mb L: 105/375 MS: 2 ChangeBinInt-EraseBytes-
#41640	REDUCE cov: 126 ft: 572 corp: 86/13692b lim: 397 exec/s: 6940 rss: 31Mb L: 271/375 MS: 3 ShuffleBytes-ChangeBinInt-EraseBytes-
#42151	REDUCE cov: 126 ft: 572 corp: 86/13687b lim: 397 exec/s: 7025 rss: 31Mb L: 215/375 MS: 1 EraseBytes-
#43174	REDUCE cov: 126 ft: 572 corp: 86/13621b lim: 405 exec/s: 7195 rss: 31Mb L: 110/375 MS: 3 CrossOver-ChangeByte-EraseBytes-
#43655	REDUCE cov: 126 ft: 572 corp: 86/13617b lim: 405 exec/s: 7275 rss: 31Mb L: 106/375 MS: 1 EraseBytes-
#43852	REDUCE cov: 126 ft: 572 corp: 86/13585b lim: 405 exec/s: 7308 rss: 31Mb L: 146/375 MS: 2 ChangeBinInt-EraseBytes-
#45172	REDUCE cov: 126 ft: 572 corp: 86/13584b lim: 413 exec/s: 7528 rss: 31Mb L: 162/375 MS: 5 PersAutoDict-InsertByte-ShuffleBytes-PersAutoDict-EraseBytes- DE: "\001\010"-"\007\000\000\000"-
#45204	REDUCE cov: 126 ft: 572 corp: 86/13582b lim: 413 exec/s: 7534 rss: 31Mb L: 234/375 MS: 2 ChangeASCIIInt-EraseBytes-
#45840	REDUCE cov: 126 ft: 572 corp: 86/13550b lim: 413 exec/s: 6548 rss: 31Mb L: 172/375 MS: 1 EraseBytes-
#46686	REDUCE cov: 126 ft: 572 corp: 86/13536b lim: 421 exec/s: 6669 rss: 31Mb L: 209/375 MS: 1 EraseBytes-
==85237== ERROR: libFuzzer: out-of-memory (used: 1177Mb; limit: 1024Mb)
   To change the out-of-memory limit use -rss_limit_mb=<N>

MS: 3 InsertRepeatedBytes-ChangeBit-CMP- DE: "avc1"-; base unit: 3731755cf259c2b008d78825e8845d32292f0cfe
artifact_prefix='/results/crashes/20260313_145030_5e53067d_'; Test unit written to /results/crashes/20260313_145030_5e53067d_oom-1cf61310d216d0bdfc55415bb7e1698151bdc30b
SUMMARY: libFuzzer: out-of-memory
stat::number_of_executed_units: 46714
stat::average_exec_per_sec:     5839
stat::new_units_added:          262
stat::slowest_unit_time_sec:    0
stat::peak_rss_mb:              1177
