INFO: Running with entropic power schedule (0xFF, 100).
INFO: Seed: 126306565
INFO: Loaded 1 modules   (252 inline 8-bit counters): 252 [0x5e2618f91678, 0x5e2618f91774), 
INFO: Loaded 1 PC tables (252 PCs): 252 [0x5e2618f91778,0x5e2618f92738), 
INFO:        4 files found in /tmp/corpus_20260313_170628_7845d1a5
INFO: seed corpus: files: 4 min: 48b max: 333b total: 853b rss: 28Mb
#5	INITED cov: 118 ft: 254 corp: 4/853b exec/s: 0 rss: 29Mb
#8	NEW    cov: 118 ft: 259 corp: 5/1178b lim: 333 exec/s: 0 rss: 29Mb L: 325/333 MS: 3 ChangeBit-ChangeBit-InsertRepeatedBytes-
#9	NEW    cov: 118 ft: 261 corp: 6/1510b lim: 333 exec/s: 0 rss: 29Mb L: 332/333 MS: 1 InsertRepeatedBytes-
#13	NEW    cov: 119 ft: 297 corp: 7/1762b lim: 333 exec/s: 0 rss: 29Mb L: 252/333 MS: 4 ChangeBit-ChangeByte-ShuffleBytes-ShuffleBytes-
#16	NEW    cov: 119 ft: 298 corp: 8/2014b lim: 333 exec/s: 0 rss: 29Mb L: 252/333 MS: 3 ShuffleBytes-ShuffleBytes-ChangeBinInt-
#19	NEW    cov: 119 ft: 305 corp: 9/2158b lim: 333 exec/s: 0 rss: 29Mb L: 144/333 MS: 3 ChangeBit-ChangeByte-CrossOver-
#20	NEW    cov: 119 ft: 327 corp: 10/2284b lim: 333 exec/s: 0 rss: 29Mb L: 126/333 MS: 1 EraseBytes-
#22	NEW    cov: 120 ft: 330 corp: 11/2552b lim: 333 exec/s: 0 rss: 29Mb L: 268/333 MS: 2 ShuffleBytes-CrossOver-
#28	NEW    cov: 120 ft: 341 corp: 12/2695b lim: 333 exec/s: 0 rss: 29Mb L: 143/333 MS: 1 EraseBytes-
#29	NEW    cov: 120 ft: 352 corp: 13/2743b lim: 333 exec/s: 0 rss: 29Mb L: 48/333 MS: 1 ShuffleBytes-
#33	NEW    cov: 120 ft: 353 corp: 14/3076b lim: 333 exec/s: 0 rss: 29Mb L: 333/333 MS: 4 CopyPart-ChangeBit-ShuffleBytes-CopyPart-
#34	NEW    cov: 120 ft: 354 corp: 15/3245b lim: 333 exec/s: 0 rss: 29Mb L: 169/333 MS: 1 CrossOver-
#41	NEW    cov: 120 ft: 363 corp: 16/3371b lim: 333 exec/s: 0 rss: 29Mb L: 126/333 MS: 2 ChangeBit-ChangeByte-
#49	NEW    cov: 120 ft: 371 corp: 17/3461b lim: 333 exec/s: 0 rss: 29Mb L: 90/333 MS: 3 CMP-ChangeBit-CrossOver- DE: "\000\000^&$\265J\372"-
#54	NEW    cov: 120 ft: 372 corp: 18/3791b lim: 333 exec/s: 0 rss: 29Mb L: 330/333 MS: 5 CopyPart-PersAutoDict-CrossOver-ChangeBit-CopyPart- DE: "\000\000^&$\265J\372"-
#58	NEW    cov: 120 ft: 373 corp: 19/4013b lim: 333 exec/s: 0 rss: 29Mb L: 222/333 MS: 4 ChangeASCIIInt-ChangeASCIIInt-InsertByte-InsertRepeatedBytes-
#63	NEW    cov: 120 ft: 387 corp: 20/4231b lim: 333 exec/s: 0 rss: 29Mb L: 218/333 MS: 5 ChangeBinInt-ShuffleBytes-CopyPart-ChangeBit-InsertRepeatedBytes-
#71	NEW    cov: 120 ft: 388 corp: 21/4508b lim: 333 exec/s: 0 rss: 29Mb L: 277/333 MS: 3 ChangeByte-PersAutoDict-InsertRepeatedBytes- DE: "\000\000^&$\265J\372"-
#72	NEW    cov: 120 ft: 394 corp: 22/4812b lim: 333 exec/s: 0 rss: 29Mb L: 304/333 MS: 1 InsertRepeatedBytes-
#79	NEW    cov: 121 ft: 395 corp: 23/5143b lim: 333 exec/s: 0 rss: 29Mb L: 331/333 MS: 2 InsertByte-CrossOver-
#87	NEW    cov: 121 ft: 396 corp: 24/5410b lim: 333 exec/s: 0 rss: 29Mb L: 267/333 MS: 3 InsertByte-InsertRepeatedBytes-InsertRepeatedBytes-
#91	NEW    cov: 121 ft: 397 corp: 25/5743b lim: 333 exec/s: 0 rss: 29Mb L: 333/333 MS: 4 CMP-ChangeByte-ChangeBit-ChangeBit- DE: "schi"-
#99	NEW    cov: 121 ft: 398 corp: 26/6056b lim: 333 exec/s: 0 rss: 29Mb L: 313/333 MS: 3 EraseBytes-PersAutoDict-InsertRepeatedBytes- DE: "\000\000^&$\265J\372"-
#101	NEW    cov: 121 ft: 399 corp: 27/6229b lim: 333 exec/s: 0 rss: 29Mb L: 173/333 MS: 2 PersAutoDict-CrossOver- DE: "schi"-
#104	NEW    cov: 121 ft: 400 corp: 28/6505b lim: 333 exec/s: 0 rss: 29Mb L: 276/333 MS: 3 ChangeBinInt-CopyPart-EraseBytes-
#108	NEW    cov: 121 ft: 402 corp: 29/6554b lim: 333 exec/s: 0 rss: 29Mb L: 49/333 MS: 4 InsertByte-ChangeBinInt-CrossOver-CMP- DE: "urn "-
#114	NEW    cov: 121 ft: 405 corp: 30/6587b lim: 333 exec/s: 0 rss: 29Mb L: 33/333 MS: 1 EraseBytes-
#121	REDUCE cov: 121 ft: 405 corp: 30/6540b lim: 333 exec/s: 0 rss: 29Mb L: 283/333 MS: 2 CopyPart-EraseBytes-
#124	NEW    cov: 121 ft: 406 corp: 31/6714b lim: 333 exec/s: 0 rss: 29Mb L: 174/333 MS: 3 PersAutoDict-ChangeByte-InsertByte- DE: "schi"-
#129	NEW    cov: 121 ft: 407 corp: 32/6816b lim: 333 exec/s: 0 rss: 29Mb L: 102/333 MS: 5 CopyPart-PersAutoDict-ShuffleBytes-InsertByte-EraseBytes- DE: "urn "-
#133	NEW    cov: 121 ft: 417 corp: 33/6841b lim: 333 exec/s: 0 rss: 29Mb L: 25/333 MS: 4 ChangeBit-ChangeBit-CopyPart-EraseBytes-
#149	REDUCE cov: 121 ft: 417 corp: 33/6826b lim: 333 exec/s: 0 rss: 29Mb L: 158/333 MS: 1 EraseBytes-
#173	REDUCE cov: 121 ft: 418 corp: 34/7137b lim: 333 exec/s: 0 rss: 29Mb L: 311/333 MS: 4 InsertRepeatedBytes-InsertByte-ChangeBinInt-CopyPart-
#175	NEW    cov: 121 ft: 419 corp: 35/7346b lim: 333 exec/s: 0 rss: 29Mb L: 209/333 MS: 2 ChangeByte-EraseBytes-
#188	NEW    cov: 121 ft: 420 corp: 36/7379b lim: 333 exec/s: 0 rss: 29Mb L: 33/333 MS: 3 ChangeBit-ChangeASCIIInt-PersAutoDict- DE: "schi"-
#189	REDUCE cov: 121 ft: 420 corp: 36/7375b lim: 333 exec/s: 0 rss: 29Mb L: 309/333 MS: 1 EraseBytes-
#195	NEW    cov: 121 ft: 421 corp: 37/7400b lim: 333 exec/s: 0 rss: 29Mb L: 25/333 MS: 1 PersAutoDict- DE: "\000\000^&$\265J\372"-
#197	NEW    cov: 121 ft: 422 corp: 38/7441b lim: 333 exec/s: 0 rss: 29Mb L: 41/333 MS: 2 ChangeBinInt-PersAutoDict- DE: "\000\000^&$\265J\372"-
#216	REDUCE cov: 121 ft: 422 corp: 38/7409b lim: 333 exec/s: 0 rss: 29Mb L: 94/333 MS: 4 ChangeBit-ChangeBit-PersAutoDict-EraseBytes- DE: "schi"-
#226	REDUCE cov: 121 ft: 422 corp: 38/7380b lim: 333 exec/s: 0 rss: 29Mb L: 145/333 MS: 5 CrossOver-ChangeBit-InsertByte-CMP-EraseBytes- DE: "strk"-
#232	NEW    cov: 121 ft: 423 corp: 39/7632b lim: 333 exec/s: 0 rss: 29Mb L: 252/333 MS: 1 CMP- DE: "\000\000\000\004"-
#248	NEW    cov: 121 ft: 424 corp: 40/7657b lim: 333 exec/s: 0 rss: 29Mb L: 25/333 MS: 1 ChangeBinInt-
#250	NEW    cov: 121 ft: 431 corp: 41/7982b lim: 333 exec/s: 0 rss: 29Mb L: 325/333 MS: 2 InsertRepeatedBytes-InsertRepeatedBytes-
#252	REDUCE cov: 121 ft: 431 corp: 41/7933b lim: 333 exec/s: 0 rss: 29Mb L: 282/333 MS: 2 ChangeByte-EraseBytes-
#260	REDUCE cov: 121 ft: 431 corp: 41/7930b lim: 333 exec/s: 0 rss: 29Mb L: 30/333 MS: 3 ChangeBit-ChangeByte-EraseBytes-
#271	REDUCE cov: 121 ft: 431 corp: 41/7906b lim: 333 exec/s: 0 rss: 29Mb L: 102/333 MS: 1 EraseBytes-
#278	NEW    cov: 121 ft: 432 corp: 42/7963b lim: 333 exec/s: 0 rss: 29Mb L: 57/333 MS: 2 ChangeBinInt-CMP- DE: "_]\265$&^\000\000"-
#284	NEW    cov: 121 ft: 438 corp: 43/8015b lim: 333 exec/s: 0 rss: 29Mb L: 52/333 MS: 1 PersAutoDict- DE: "urn "-
#285	NEW    cov: 122 ft: 439 corp: 44/8327b lim: 333 exec/s: 0 rss: 29Mb L: 312/333 MS: 1 InsertByte-
#355	REDUCE cov: 122 ft: 439 corp: 44/8323b lim: 333 exec/s: 0 rss: 29Mb L: 165/333 MS: 5 EraseBytes-ChangeBit-ChangeBit-PersAutoDict-InsertRepeatedBytes- DE: "strk"-
#407	REDUCE cov: 122 ft: 455 corp: 45/8341b lim: 333 exec/s: 0 rss: 29Mb L: 18/333 MS: 2 ChangeBit-EraseBytes-
#418	NEW    cov: 122 ft: 457 corp: 46/8565b lim: 333 exec/s: 0 rss: 29Mb L: 224/333 MS: 1 CMP- DE: "\377\377\377l"-
#421	REDUCE cov: 122 ft: 457 corp: 46/8496b lim: 333 exec/s: 0 rss: 29Mb L: 213/333 MS: 3 InsertRepeatedBytes-ChangeBit-EraseBytes-
#475	NEW    cov: 122 ft: 459 corp: 47/8826b lim: 333 exec/s: 0 rss: 29Mb L: 330/333 MS: 4 ShuffleBytes-CMP-InsertRepeatedBytes-InsertByte- DE: "stts"-
#483	NEW    cov: 122 ft: 468 corp: 48/9109b lim: 333 exec/s: 0 rss: 29Mb L: 283/333 MS: 3 CopyPart-ShuffleBytes-PersAutoDict- DE: "strk"-
#499	REDUCE cov: 122 ft: 470 corp: 49/9139b lim: 333 exec/s: 0 rss: 29Mb L: 30/333 MS: 1 CrossOver-
#509	REDUCE cov: 122 ft: 470 corp: 49/9136b lim: 333 exec/s: 0 rss: 29Mb L: 308/333 MS: 5 EraseBytes-InsertRepeatedBytes-ShuffleBytes-ChangeByte-InsertRepeatedBytes-
#536	REDUCE cov: 122 ft: 470 corp: 49/9117b lim: 333 exec/s: 0 rss: 29Mb L: 314/333 MS: 2 CopyPart-EraseBytes-
#582	NEW    cov: 122 ft: 477 corp: 50/9363b lim: 333 exec/s: 0 rss: 29Mb L: 246/333 MS: 1 InsertRepeatedBytes-
#614	REDUCE cov: 122 ft: 477 corp: 50/9352b lim: 333 exec/s: 0 rss: 29Mb L: 298/333 MS: 2 PersAutoDict-CrossOver- DE: "schi"-
#617	REDUCE cov: 122 ft: 478 corp: 51/9532b lim: 333 exec/s: 0 rss: 29Mb L: 180/333 MS: 3 CMP-ShuffleBytes-EraseBytes- DE: "`n\251\302"-
#723	REDUCE cov: 122 ft: 478 corp: 51/9391b lim: 333 exec/s: 0 rss: 29Mb L: 192/333 MS: 1 EraseBytes-
#731	REDUCE cov: 122 ft: 478 corp: 51/9372b lim: 333 exec/s: 0 rss: 29Mb L: 83/333 MS: 3 ChangeBit-ChangeBinInt-EraseBytes-
#781	NEW    cov: 122 ft: 480 corp: 52/9388b lim: 333 exec/s: 0 rss: 29Mb L: 16/333 MS: 5 ChangeBit-ChangeBinInt-ChangeByte-ShuffleBytes-EraseBytes-
#802	NEW    cov: 122 ft: 488 corp: 53/9398b lim: 333 exec/s: 0 rss: 29Mb L: 10/333 MS: 1 EraseBytes-
#826	REDUCE cov: 122 ft: 488 corp: 53/9275b lim: 333 exec/s: 0 rss: 29Mb L: 129/333 MS: 4 ChangeByte-ChangeBit-PersAutoDict-EraseBytes- DE: "stts"-
#831	REDUCE cov: 122 ft: 488 corp: 53/9256b lim: 333 exec/s: 0 rss: 29Mb L: 289/333 MS: 5 CrossOver-CrossOver-ChangeBit-InsertRepeatedBytes-CMP- DE: "dinf"-
#860	NEW    cov: 122 ft: 489 corp: 54/9539b lim: 333 exec/s: 0 rss: 29Mb L: 283/333 MS: 4 InsertRepeatedBytes-CrossOver-ChangeBinInt-CrossOver-
#870	REDUCE cov: 122 ft: 490 corp: 55/9803b lim: 333 exec/s: 0 rss: 29Mb L: 264/333 MS: 5 CMP-ChangeBit-ShuffleBytes-EraseBytes-CopyPart- DE: "\000\000\000\000\000\000\000\020"-
#994	REDUCE cov: 122 ft: 490 corp: 55/9771b lim: 333 exec/s: 0 rss: 29Mb L: 186/333 MS: 4 CopyPart-ShuffleBytes-ChangeBit-EraseBytes-
#1023	REDUCE cov: 122 ft: 490 corp: 55/9718b lim: 333 exec/s: 0 rss: 29Mb L: 30/333 MS: 4 ChangeBit-CopyPart-CrossOver-CrossOver-
#1033	REDUCE cov: 122 ft: 490 corp: 55/9707b lim: 333 exec/s: 0 rss: 29Mb L: 19/333 MS: 5 ChangeBinInt-InsertByte-PersAutoDict-ChangeBit-EraseBytes- DE: "\377\377\377l"-
#1054	REDUCE cov: 122 ft: 490 corp: 55/9704b lim: 333 exec/s: 0 rss: 29Mb L: 249/333 MS: 1 EraseBytes-
#1246	REDUCE cov: 122 ft: 490 corp: 55/9702b lim: 333 exec/s: 0 rss: 29Mb L: 28/333 MS: 2 ChangeASCIIInt-EraseBytes-
#1303	REDUCE cov: 122 ft: 490 corp: 55/9691b lim: 333 exec/s: 0 rss: 29Mb L: 17/333 MS: 2 EraseBytes-PersAutoDict- DE: "_]\265$&^\000\000"-
#1340	REDUCE cov: 122 ft: 490 corp: 55/9649b lim: 333 exec/s: 0 rss: 29Mb L: 207/333 MS: 2 CopyPart-EraseBytes-
#1351	REDUCE cov: 122 ft: 490 corp: 55/9602b lim: 333 exec/s: 0 rss: 29Mb L: 96/333 MS: 1 EraseBytes-
#1416	NEW    cov: 122 ft: 491 corp: 56/9610b lim: 333 exec/s: 0 rss: 29Mb L: 8/333 MS: 5 EraseBytes-CopyPart-EraseBytes-ChangeBit-EraseBytes-
#1433	REDUCE cov: 122 ft: 491 corp: 56/9562b lim: 333 exec/s: 0 rss: 29Mb L: 97/333 MS: 2 ChangeBinInt-CrossOver-
#1434	REDUCE cov: 122 ft: 491 corp: 56/9557b lim: 333 exec/s: 0 rss: 29Mb L: 25/333 MS: 1 EraseBytes-
#1529	REDUCE cov: 122 ft: 491 corp: 56/9547b lim: 333 exec/s: 0 rss: 29Mb L: 182/333 MS: 5 CopyPart-ShuffleBytes-EraseBytes-CopyPart-InsertRepeatedBytes-
#1563	NEW    cov: 123 ft: 492 corp: 57/9552b lim: 333 exec/s: 0 rss: 29Mb L: 5/333 MS: 4 ChangeByte-ChangeByte-ChangeBinInt-EraseBytes-
#1564	REDUCE cov: 123 ft: 492 corp: 57/9550b lim: 333 exec/s: 0 rss: 29Mb L: 3/333 MS: 1 EraseBytes-
#1721	REDUCE cov: 123 ft: 492 corp: 57/9549b lim: 333 exec/s: 0 rss: 29Mb L: 2/333 MS: 2 ChangeByte-EraseBytes-
#1722	REDUCE cov: 123 ft: 492 corp: 57/9548b lim: 333 exec/s: 0 rss: 29Mb L: 1/333 MS: 1 EraseBytes-
#1833	REDUCE cov: 123 ft: 492 corp: 57/9519b lim: 333 exec/s: 0 rss: 29Mb L: 184/333 MS: 1 EraseBytes-
#1859	REDUCE cov: 123 ft: 492 corp: 57/9491b lim: 333 exec/s: 0 rss: 29Mb L: 156/333 MS: 1 EraseBytes-
#1895	REDUCE cov: 123 ft: 492 corp: 57/9486b lim: 333 exec/s: 0 rss: 29Mb L: 20/333 MS: 1 EraseBytes-
#1926	REDUCE cov: 123 ft: 492 corp: 57/9227b lim: 333 exec/s: 0 rss: 29Mb L: 18/333 MS: 1 CrossOver-
#1976	REDUCE cov: 123 ft: 492 corp: 57/9150b lim: 333 exec/s: 0 rss: 29Mb L: 237/333 MS: 5 InsertByte-CrossOver-CrossOver-ShuffleBytes-CopyPart-
#2092	REDUCE cov: 123 ft: 492 corp: 57/9129b lim: 333 exec/s: 0 rss: 29Mb L: 137/333 MS: 1 EraseBytes-
#2143	REDUCE cov: 123 ft: 492 corp: 57/9124b lim: 333 exec/s: 0 rss: 29Mb L: 89/333 MS: 1 EraseBytes-
#2214	REDUCE cov: 123 ft: 492 corp: 57/9114b lim: 333 exec/s: 0 rss: 29Mb L: 10/333 MS: 1 EraseBytes-
#2416	REDUCE cov: 123 ft: 492 corp: 57/9046b lim: 333 exec/s: 0 rss: 29Mb L: 112/333 MS: 2 CMP-EraseBytes- DE: "\000\000^&$\265\310\026"-
#2433	REDUCE cov: 123 ft: 492 corp: 57/9042b lim: 333 exec/s: 0 rss: 29Mb L: 92/333 MS: 2 ChangeByte-EraseBytes-
#2561	REDUCE cov: 123 ft: 492 corp: 57/9016b lim: 333 exec/s: 0 rss: 29Mb L: 111/333 MS: 3 CopyPart-ChangeASCIIInt-EraseBytes-
#2632	REDUCE cov: 123 ft: 492 corp: 57/9009b lim: 333 exec/s: 0 rss: 29Mb L: 12/333 MS: 1 EraseBytes-
#2854	REDUCE cov: 123 ft: 492 corp: 57/8992b lim: 333 exec/s: 0 rss: 29Mb L: 94/333 MS: 2 EraseBytes-CrossOver-
#2915	REDUCE cov: 123 ft: 492 corp: 57/8925b lim: 333 exec/s: 0 rss: 29Mb L: 89/333 MS: 1 EraseBytes-
#2927	REDUCE cov: 123 ft: 492 corp: 57/8909b lim: 333 exec/s: 0 rss: 29Mb L: 236/333 MS: 2 CMP-EraseBytes- DE: "H\000\000\000\000\000\000\000"-
#3020	REDUCE cov: 123 ft: 495 corp: 58/8994b lim: 333 exec/s: 0 rss: 29Mb L: 85/333 MS: 3 CopyPart-EraseBytes-CrossOver-
#3170	REDUCE cov: 123 ft: 501 corp: 59/9326b lim: 333 exec/s: 0 rss: 29Mb L: 332/333 MS: 5 ChangeBit-InsertRepeatedBytes-CopyPart-ShuffleBytes-CopyPart-
#3264	REDUCE cov: 123 ft: 501 corp: 59/9300b lim: 333 exec/s: 0 rss: 29Mb L: 76/333 MS: 4 ChangeBit-EraseBytes-ChangeByte-InsertByte-
#3486	NEW    cov: 123 ft: 502 corp: 60/9583b lim: 333 exec/s: 0 rss: 29Mb L: 283/333 MS: 2 ChangeBit-CopyPart-
#3558	REDUCE cov: 123 ft: 502 corp: 60/9582b lim: 333 exec/s: 0 rss: 29Mb L: 9/333 MS: 2 ChangeBit-EraseBytes-
#3563	REDUCE cov: 123 ft: 502 corp: 60/9561b lim: 333 exec/s: 0 rss: 29Mb L: 71/333 MS: 5 ChangeBit-CopyPart-ShuffleBytes-CrossOver-CrossOver-
#3815	REDUCE cov: 123 ft: 502 corp: 60/9560b lim: 333 exec/s: 0 rss: 29Mb L: 9/333 MS: 2 PersAutoDict-EraseBytes- DE: "\000\000\000\004"-
#4021	REDUCE cov: 123 ft: 502 corp: 60/9557b lim: 333 exec/s: 0 rss: 29Mb L: 9/333 MS: 1 EraseBytes-
#4095	NEW    cov: 123 ft: 503 corp: 61/9890b lim: 333 exec/s: 0 rss: 29Mb L: 333/333 MS: 4 ChangeByte-CrossOver-CMP-CrossOver- DE: "\001\000\000\012"-
#4096	REDUCE cov: 123 ft: 503 corp: 61/9878b lim: 333 exec/s: 0 rss: 29Mb L: 117/333 MS: 1 EraseBytes-
#4183	REDUCE cov: 123 ft: 503 corp: 61/9877b lim: 333 exec/s: 0 rss: 29Mb L: 8/333 MS: 2 CMP-EraseBytes- DE: "mdia"-
#4191	REDUCE cov: 123 ft: 503 corp: 61/9871b lim: 333 exec/s: 0 rss: 29Mb L: 10/333 MS: 3 ChangeBit-ShuffleBytes-EraseBytes-
#4382	REDUCE cov: 123 ft: 503 corp: 61/9823b lim: 333 exec/s: 0 rss: 29Mb L: 285/333 MS: 1 EraseBytes-
#4466	REDUCE cov: 123 ft: 503 corp: 61/9757b lim: 333 exec/s: 0 rss: 29Mb L: 264/333 MS: 4 ChangeByte-CMP-ChangeBinInt-EraseBytes- DE: "\001\000^&\030\325\342S"-
#4621	REDUCE cov: 123 ft: 503 corp: 61/9682b lim: 333 exec/s: 0 rss: 29Mb L: 162/333 MS: 5 EraseBytes-ChangeBinInt-ChangeASCIIInt-ChangeByte-CopyPart-
#4805	REDUCE cov: 123 ft: 503 corp: 61/9674b lim: 333 exec/s: 0 rss: 29Mb L: 324/333 MS: 4 ChangeBinInt-EraseBytes-CopyPart-InsertRepeatedBytes-
#4881	REDUCE cov: 123 ft: 503 corp: 61/9672b lim: 333 exec/s: 0 rss: 29Mb L: 163/333 MS: 1 EraseBytes-
#4920	REDUCE cov: 123 ft: 503 corp: 61/9670b lim: 333 exec/s: 0 rss: 29Mb L: 87/333 MS: 4 CrossOver-ChangeBinInt-PersAutoDict-EraseBytes- DE: "\000\000^&$\265J\372"-
#5055	REDUCE cov: 123 ft: 503 corp: 61/9669b lim: 333 exec/s: 0 rss: 29Mb L: 221/333 MS: 5 ShuffleBytes-CMP-ChangeASCIIInt-PersAutoDict-EraseBytes- DE: "\017\000\000\000"-"\001\000^&\030\325\342S"-
#5516	REDUCE cov: 123 ft: 503 corp: 61/9597b lim: 333 exec/s: 0 rss: 29Mb L: 204/333 MS: 1 EraseBytes-
#5653	REDUCE cov: 123 ft: 503 corp: 61/9593b lim: 333 exec/s: 0 rss: 29Mb L: 217/333 MS: 2 CrossOver-EraseBytes-
#6059	NEW    cov: 125 ft: 505 corp: 62/9921b lim: 333 exec/s: 0 rss: 30Mb L: 328/333 MS: 1 InsertRepeatedBytes-
#6068	NEW    cov: 125 ft: 506 corp: 63/10253b lim: 333 exec/s: 0 rss: 30Mb L: 332/333 MS: 4 ChangeBinInt-InsertRepeatedBytes-ChangeByte-CopyPart-
#6139	NEW    cov: 125 ft: 507 corp: 64/10545b lim: 333 exec/s: 6139 rss: 30Mb L: 292/333 MS: 1 InsertRepeatedBytes-
#6446	REDUCE cov: 125 ft: 507 corp: 64/10530b lim: 333 exec/s: 6446 rss: 30Mb L: 189/333 MS: 1 CrossOver-
#6983	REDUCE cov: 125 ft: 507 corp: 64/10529b lim: 333 exec/s: 6983 rss: 30Mb L: 181/333 MS: 2 ChangeBit-EraseBytes-
#7131	REDUCE cov: 125 ft: 507 corp: 64/10486b lim: 333 exec/s: 7131 rss: 30Mb L: 289/333 MS: 3 CrossOver-PersAutoDict-EraseBytes- DE: "\000\000\000\000\000\000\000\020"-
#7490	REDUCE cov: 125 ft: 507 corp: 64/10484b lim: 333 exec/s: 7490 rss: 30Mb L: 323/333 MS: 4 ChangeASCIIInt-ChangeBit-CrossOver-CrossOver-
#7503	NEW    cov: 125 ft: 510 corp: 65/10817b lim: 333 exec/s: 7503 rss: 30Mb L: 333/333 MS: 3 CrossOver-ShuffleBytes-CrossOver-
#7699	REDUCE cov: 125 ft: 510 corp: 65/10805b lim: 333 exec/s: 7699 rss: 30Mb L: 169/333 MS: 1 EraseBytes-
#8007	REDUCE cov: 125 ft: 510 corp: 65/10718b lim: 333 exec/s: 8007 rss: 30Mb L: 196/333 MS: 3 InsertRepeatedBytes-ShuffleBytes-EraseBytes-
#8196	REDUCE cov: 125 ft: 510 corp: 65/10707b lim: 333 exec/s: 8196 rss: 30Mb L: 312/333 MS: 4 CopyPart-ChangeBit-CMP-EraseBytes- DE: "\000\012"-
#8342	REDUCE cov: 125 ft: 510 corp: 65/10703b lim: 333 exec/s: 8342 rss: 30Mb L: 90/333 MS: 1 EraseBytes-
#8798	REDUCE cov: 125 ft: 510 corp: 65/10688b lim: 333 exec/s: 8798 rss: 30Mb L: 154/333 MS: 1 EraseBytes-
#9004	REDUCE cov: 125 ft: 510 corp: 65/10663b lim: 333 exec/s: 9004 rss: 30Mb L: 60/333 MS: 1 EraseBytes-
#9121	REDUCE cov: 125 ft: 510 corp: 65/10546b lim: 333 exec/s: 9121 rss: 30Mb L: 195/333 MS: 2 EraseBytes-InsertByte-
#9139	REDUCE cov: 125 ft: 510 corp: 65/10486b lim: 333 exec/s: 9139 rss: 30Mb L: 147/333 MS: 3 ShuffleBytes-PersAutoDict-EraseBytes- DE: "\017\000\000\000"-
#9511	REDUCE cov: 125 ft: 510 corp: 65/10483b lim: 333 exec/s: 9511 rss: 30Mb L: 233/333 MS: 2 ChangeBit-EraseBytes-
#9857	REDUCE cov: 125 ft: 510 corp: 65/10482b lim: 333 exec/s: 9857 rss: 30Mb L: 8/333 MS: 1 EraseBytes-
#9873	REDUCE cov: 125 ft: 510 corp: 65/10480b lim: 333 exec/s: 9873 rss: 30Mb L: 87/333 MS: 1 EraseBytes-
#9885	REDUCE cov: 125 ft: 510 corp: 65/10472b lim: 333 exec/s: 9885 rss: 30Mb L: 324/333 MS: 2 PersAutoDict-EraseBytes- DE: "\000\000\000\004"-
#9976	REDUCE cov: 125 ft: 510 corp: 65/10452b lim: 333 exec/s: 9976 rss: 30Mb L: 67/333 MS: 1 EraseBytes-
#10236	REDUCE cov: 125 ft: 510 corp: 65/10444b lim: 333 exec/s: 10236 rss: 30Mb L: 136/333 MS: 5 InsertByte-EraseBytes-CMP-InsertByte-InsertRepeatedBytes- DE: "\007\000\000\000"-
#10517	REDUCE cov: 125 ft: 510 corp: 65/10435b lim: 333 exec/s: 10517 rss: 30Mb L: 200/333 MS: 1 EraseBytes-
#10561	REDUCE cov: 125 ft: 510 corp: 65/10425b lim: 333 exec/s: 10561 rss: 30Mb L: 137/333 MS: 4 ShuffleBytes-ChangeBit-ShuffleBytes-EraseBytes-
#10979	REDUCE cov: 125 ft: 510 corp: 65/10422b lim: 333 exec/s: 10979 rss: 30Mb L: 73/333 MS: 3 ChangeByte-CopyPart-EraseBytes-
#11119	REDUCE cov: 125 ft: 510 corp: 65/10367b lim: 333 exec/s: 11119 rss: 30Mb L: 228/333 MS: 5 EraseBytes-PersAutoDict-InsertRepeatedBytes-CMP-InsertRepeatedBytes- DE: "schi"-"urn "-
#11190	REDUCE cov: 125 ft: 510 corp: 65/10365b lim: 333 exec/s: 11190 rss: 30Mb L: 50/333 MS: 1 EraseBytes-
#11250	REDUCE cov: 125 ft: 510 corp: 65/10288b lim: 333 exec/s: 11250 rss: 30Mb L: 85/333 MS: 5 InsertByte-ShuffleBytes-EraseBytes-InsertByte-EraseBytes-
#11327	REDUCE cov: 125 ft: 510 corp: 65/10287b lim: 333 exec/s: 11327 rss: 30Mb L: 8/333 MS: 2 InsertByte-EraseBytes-
#11558	REDUCE cov: 125 ft: 510 corp: 65/10280b lim: 333 exec/s: 11558 rss: 30Mb L: 221/333 MS: 1 EraseBytes-
#11964	REDUCE cov: 125 ft: 510 corp: 65/10265b lim: 333 exec/s: 11964 rss: 30Mb L: 72/333 MS: 1 EraseBytes-
#12214	REDUCE cov: 125 ft: 510 corp: 65/10249b lim: 333 exec/s: 12214 rss: 30Mb L: 273/333 MS: 5 InsertRepeatedBytes-CMP-ChangeBinInt-ShuffleBytes-EraseBytes- DE: "\001\000^&\030\326\011\350"-
#12351	REDUCE cov: 125 ft: 510 corp: 65/10228b lim: 333 exec/s: 12351 rss: 30Mb L: 291/333 MS: 2 CrossOver-InsertRepeatedBytes-
#12499	REDUCE cov: 125 ft: 510 corp: 65/10223b lim: 333 exec/s: 12499 rss: 30Mb L: 319/333 MS: 3 ShuffleBytes-InsertRepeatedBytes-EraseBytes-
#12697	REDUCE cov: 125 ft: 510 corp: 65/10194b lim: 333 exec/s: 12697 rss: 30Mb L: 204/333 MS: 3 CopyPart-ShuffleBytes-EraseBytes-
#13270	REDUCE cov: 125 ft: 510 corp: 65/10192b lim: 333 exec/s: 6635 rss: 30Mb L: 65/333 MS: 1 EraseBytes-
#13763	REDUCE cov: 125 ft: 510 corp: 65/10168b lim: 333 exec/s: 6881 rss: 30Mb L: 171/333 MS: 3 CrossOver-InsertByte-EraseBytes-
#13815	REDUCE cov: 125 ft: 510 corp: 65/10057b lim: 333 exec/s: 6907 rss: 30Mb L: 178/333 MS: 2 InsertRepeatedBytes-EraseBytes-
#13821	NEW    cov: 125 ft: 516 corp: 66/10303b lim: 333 exec/s: 6910 rss: 30Mb L: 246/333 MS: 1 PersAutoDict- DE: "\001\000^&\030\325\342S"-
#14112	REDUCE cov: 125 ft: 516 corp: 66/10295b lim: 333 exec/s: 7056 rss: 30Mb L: 109/333 MS: 1 EraseBytes-
#14261	REDUCE cov: 125 ft: 516 corp: 66/10262b lim: 333 exec/s: 7130 rss: 30Mb L: 258/333 MS: 4 CrossOver-ShuffleBytes-CopyPart-CrossOver-
#15537	REDUCE cov: 125 ft: 516 corp: 66/10242b lim: 341 exec/s: 7768 rss: 30Mb L: 166/333 MS: 1 EraseBytes-
#15830	REDUCE cov: 125 ft: 516 corp: 66/10241b lim: 341 exec/s: 7915 rss: 30Mb L: 165/333 MS: 3 CrossOver-InsertByte-EraseBytes-
#15933	REDUCE cov: 125 ft: 516 corp: 66/10233b lim: 341 exec/s: 7966 rss: 30Mb L: 277/333 MS: 3 EraseBytes-ChangeBit-CMP- DE: "\001\000\000\001"-
#16132	REDUCE cov: 125 ft: 516 corp: 66/10232b lim: 341 exec/s: 8066 rss: 30Mb L: 24/333 MS: 4 InsertByte-ChangeBit-ChangeBit-EraseBytes-
#16384	pulse  cov: 125 ft: 516 corp: 66/10232b lim: 341 exec/s: 8192 rss: 30Mb
#16517	REDUCE cov: 125 ft: 516 corp: 66/10221b lim: 341 exec/s: 8258 rss: 30Mb L: 60/333 MS: 5 InsertByte-ShuffleBytes-CrossOver-ChangeByte-EraseBytes-
#16536	REDUCE cov: 125 ft: 516 corp: 66/10220b lim: 341 exec/s: 8268 rss: 30Mb L: 17/333 MS: 4 PersAutoDict-EraseBytes-EraseBytes-CopyPart- DE: "\377\377\377l"-
#16622	REDUCE cov: 125 ft: 516 corp: 66/10188b lim: 341 exec/s: 8311 rss: 30Mb L: 139/333 MS: 1 EraseBytes-
#16843	REDUCE cov: 125 ft: 520 corp: 67/10259b lim: 341 exec/s: 8421 rss: 30Mb L: 71/333 MS: 1 CrossOver-
#17121	REDUCE cov: 125 ft: 520 corp: 67/10243b lim: 341 exec/s: 8560 rss: 30Mb L: 44/333 MS: 3 ChangeASCIIInt-EraseBytes-InsertByte-
#17323	REDUCE cov: 125 ft: 520 corp: 67/10216b lim: 341 exec/s: 8661 rss: 30Mb L: 44/333 MS: 2 InsertByte-EraseBytes-
#17431	REDUCE cov: 125 ft: 520 corp: 67/10215b lim: 341 exec/s: 8715 rss: 30Mb L: 177/333 MS: 3 ShuffleBytes-ChangeBinInt-EraseBytes-
#18149	NEW    cov: 125 ft: 521 corp: 68/10548b lim: 341 exec/s: 9074 rss: 31Mb L: 333/333 MS: 3 ChangeByte-ChangeByte-CMP- DE: "ispe"-
#18756	REDUCE cov: 125 ft: 521 corp: 68/10543b lim: 341 exec/s: 9378 rss: 31Mb L: 184/333 MS: 2 InsertRepeatedBytes-EraseBytes-
==523499== ERROR: libFuzzer: out-of-memory (used: 1700Mb; limit: 1024Mb)
   To change the out-of-memory limit use -rss_limit_mb=<N>

MS: 4 ShuffleBytes-InsertByte-InsertRepeatedBytes-PersAutoDict- DE: "\001\000^&\030\326\011\350"-; base unit: 0fe04d8aa0ba50c082d915bf39f2a2e415be845c
artifact_prefix='/results/crashes/20260313_170628_7845d1a5_'; Test unit written to /results/crashes/20260313_170628_7845d1a5_oom-a2b9d0a270a47cbc0575873b1003a4fed03ef302
SUMMARY: libFuzzer: out-of-memory
stat::number_of_executed_units: 18950
stat::average_exec_per_sec:     4737
stat::new_units_added:          174
stat::slowest_unit_time_sec:    0
stat::peak_rss_mb:              1701
