INFO: Running with entropic power schedule (0xFF, 100).
INFO: Seed: 4123236426
INFO: Loaded 1 modules   (252 inline 8-bit counters): 252 [0x5ea452c1d678, 0x5ea452c1d774), 
INFO: Loaded 1 PC tables (252 PCs): 252 [0x5ea452c1d778,0x5ea452c1e738), 
INFO:        4 files found in /tmp/corpus_20260313_145102_956077c8
INFO: seed corpus: files: 4 min: 48b max: 333b total: 853b rss: 28Mb
#5	INITED cov: 118 ft: 251 corp: 4/853b exec/s: 0 rss: 29Mb
#6	NEW    cov: 119 ft: 252 corp: 5/1073b lim: 333 exec/s: 0 rss: 29Mb L: 220/333 MS: 1 ChangeByte-
#8	NEW    cov: 119 ft: 263 corp: 6/1121b lim: 333 exec/s: 0 rss: 29Mb L: 48/333 MS: 2 ChangeASCIIInt-ChangeByte-
#12	NEW    cov: 119 ft: 285 corp: 7/1259b lim: 333 exec/s: 0 rss: 29Mb L: 138/333 MS: 4 ShuffleBytes-ChangeByte-ShuffleBytes-EraseBytes-
#13	NEW    cov: 121 ft: 305 corp: 8/1579b lim: 333 exec/s: 0 rss: 29Mb L: 320/333 MS: 1 CopyPart-
#14	NEW    cov: 121 ft: 316 corp: 9/1655b lim: 333 exec/s: 0 rss: 29Mb L: 76/333 MS: 1 CrossOver-
#22	NEW    cov: 121 ft: 322 corp: 10/1733b lim: 333 exec/s: 0 rss: 29Mb L: 78/333 MS: 3 ChangeBinInt-EraseBytes-EraseBytes-
#23	NEW    cov: 121 ft: 324 corp: 11/1954b lim: 333 exec/s: 0 rss: 29Mb L: 221/333 MS: 1 InsertByte-
#26	NEW    cov: 121 ft: 325 corp: 12/2049b lim: 333 exec/s: 0 rss: 29Mb L: 95/333 MS: 3 ChangeByte-InsertByte-EraseBytes-
#31	NEW    cov: 121 ft: 335 corp: 13/2325b lim: 333 exec/s: 0 rss: 29Mb L: 276/333 MS: 5 ShuffleBytes-ShuffleBytes-ShuffleBytes-ChangeBit-CrossOver-
#32	NEW    cov: 121 ft: 337 corp: 14/2611b lim: 333 exec/s: 0 rss: 29Mb L: 286/333 MS: 1 EraseBytes-
#33	NEW    cov: 121 ft: 338 corp: 15/2700b lim: 333 exec/s: 0 rss: 29Mb L: 89/333 MS: 1 EraseBytes-
#34	NEW    cov: 122 ft: 340 corp: 16/3022b lim: 333 exec/s: 0 rss: 29Mb L: 322/333 MS: 1 InsertRepeatedBytes-
#35	NEW    cov: 122 ft: 344 corp: 17/3184b lim: 333 exec/s: 0 rss: 29Mb L: 162/333 MS: 1 EraseBytes-
#37	NEW    cov: 122 ft: 345 corp: 18/3467b lim: 333 exec/s: 0 rss: 29Mb L: 283/333 MS: 2 InsertByte-InsertRepeatedBytes-
#47	NEW    cov: 122 ft: 346 corp: 19/3665b lim: 333 exec/s: 0 rss: 29Mb L: 198/333 MS: 5 InsertRepeatedBytes-EraseBytes-ChangeBit-ChangeByte-CopyPart-
#58	NEW    cov: 122 ft: 347 corp: 20/3713b lim: 333 exec/s: 0 rss: 29Mb L: 48/333 MS: 1 ShuffleBytes-
#61	NEW    cov: 122 ft: 349 corp: 21/3781b lim: 333 exec/s: 0 rss: 29Mb L: 68/333 MS: 3 ShuffleBytes-ShuffleBytes-EraseBytes-
#66	NEW    cov: 122 ft: 350 corp: 22/3818b lim: 333 exec/s: 0 rss: 29Mb L: 37/333 MS: 5 ShuffleBytes-CMP-ChangeBit-CopyPart-CrossOver- DE: "\001\000\000\000"-
#67	NEW    cov: 122 ft: 352 corp: 23/3859b lim: 333 exec/s: 0 rss: 29Mb L: 41/333 MS: 1 PersAutoDict- DE: "\001\000\000\000"-
#68	NEW    cov: 122 ft: 380 corp: 24/3907b lim: 333 exec/s: 0 rss: 29Mb L: 48/333 MS: 1 ChangeBit-
#72	NEW    cov: 122 ft: 394 corp: 25/3961b lim: 333 exec/s: 0 rss: 29Mb L: 54/333 MS: 4 CMP-EraseBytes-PersAutoDict-PersAutoDict- DE: "\343\311\236R\244^\000\000"-"\001\000\000\000"-"\001\000\000\000"-
#83	NEW    cov: 122 ft: 395 corp: 26/4176b lim: 333 exec/s: 0 rss: 29Mb L: 215/333 MS: 1 CrossOver-
#93	NEW    cov: 122 ft: 403 corp: 27/4202b lim: 333 exec/s: 0 rss: 29Mb L: 26/333 MS: 5 ChangeASCIIInt-CopyPart-InsertByte-ShuffleBytes-EraseBytes-
#101	NEW    cov: 122 ft: 404 corp: 28/4461b lim: 333 exec/s: 0 rss: 29Mb L: 259/333 MS: 3 CrossOver-CopyPart-CopyPart-
#110	NEW    cov: 123 ft: 407 corp: 29/4789b lim: 333 exec/s: 0 rss: 29Mb L: 328/333 MS: 4 InsertRepeatedBytes-PersAutoDict-ChangeByte-CopyPart- DE: "\001\000\000\000"-
#112	NEW    cov: 123 ft: 408 corp: 30/4823b lim: 333 exec/s: 0 rss: 29Mb L: 34/333 MS: 2 CrossOver-CMP- DE: "\223\374\360p\334P\361\013"-
#115	NEW    cov: 123 ft: 409 corp: 31/4933b lim: 333 exec/s: 0 rss: 29Mb L: 110/333 MS: 3 ShuffleBytes-PersAutoDict-CrossOver- DE: "\223\374\360p\334P\361\013"-
#123	NEW    cov: 123 ft: 411 corp: 32/5144b lim: 333 exec/s: 0 rss: 29Mb L: 211/333 MS: 3 PersAutoDict-ShuffleBytes-CrossOver- DE: "\343\311\236R\244^\000\000"-
#136	NEW    cov: 123 ft: 412 corp: 33/5248b lim: 333 exec/s: 0 rss: 29Mb L: 104/333 MS: 3 ShuffleBytes-ChangeASCIIInt-InsertRepeatedBytes-
#143	NEW    cov: 123 ft: 413 corp: 34/5367b lim: 333 exec/s: 0 rss: 29Mb L: 119/333 MS: 2 InsertByte-PersAutoDict- DE: "\343\311\236R\244^\000\000"-
#146	NEW    cov: 123 ft: 414 corp: 35/5647b lim: 333 exec/s: 0 rss: 29Mb L: 280/333 MS: 3 InsertRepeatedBytes-CrossOver-CopyPart-
#147	NEW    cov: 123 ft: 415 corp: 36/5879b lim: 333 exec/s: 0 rss: 29Mb L: 232/333 MS: 1 CrossOver-
#156	NEW    cov: 123 ft: 428 corp: 37/5898b lim: 333 exec/s: 0 rss: 29Mb L: 19/333 MS: 4 PersAutoDict-ShuffleBytes-ChangeByte-EraseBytes- DE: "\001\000\000\000"-
#172	NEW    cov: 123 ft: 429 corp: 38/5972b lim: 333 exec/s: 0 rss: 29Mb L: 74/333 MS: 1 CopyPart-
#204	NEW    cov: 123 ft: 430 corp: 39/6301b lim: 333 exec/s: 0 rss: 29Mb L: 329/333 MS: 2 CMP-InsertRepeatedBytes- DE: "hvcC"-
#225	NEW    cov: 123 ft: 431 corp: 40/6628b lim: 333 exec/s: 0 rss: 29Mb L: 327/333 MS: 1 CopyPart-
#257	NEW    cov: 123 ft: 432 corp: 41/6958b lim: 333 exec/s: 0 rss: 29Mb L: 330/333 MS: 2 CopyPart-InsertByte-
#269	NEW    cov: 123 ft: 433 corp: 42/7285b lim: 333 exec/s: 0 rss: 29Mb L: 327/333 MS: 2 ShuffleBytes-ChangeBit-
#326	NEW    cov: 123 ft: 434 corp: 43/7544b lim: 333 exec/s: 0 rss: 29Mb L: 259/333 MS: 2 CMP-ChangeBinInt- DE: "\000\000\000\021"-
#395	REDUCE cov: 123 ft: 434 corp: 43/7532b lim: 333 exec/s: 0 rss: 29Mb L: 25/333 MS: 4 CMP-PersAutoDict-ChangeASCIIInt-CrossOver- DE: "\004\001\000\000\000\000\000\000"-"\343\311\236R\244^\000\000"-
#411	NEW    cov: 123 ft: 435 corp: 44/7860b lim: 333 exec/s: 0 rss: 29Mb L: 328/333 MS: 1 ChangeBit-
#443	NEW    cov: 123 ft: 440 corp: 45/7904b lim: 333 exec/s: 0 rss: 29Mb L: 44/333 MS: 2 ShuffleBytes-EraseBytes-
#479	REDUCE cov: 123 ft: 440 corp: 45/7903b lim: 333 exec/s: 0 rss: 29Mb L: 25/333 MS: 1 EraseBytes-
#578	REDUCE cov: 123 ft: 450 corp: 46/7914b lim: 333 exec/s: 0 rss: 29Mb L: 11/333 MS: 4 ShuffleBytes-InsertByte-EraseBytes-EraseBytes-
#602	REDUCE cov: 123 ft: 450 corp: 46/7909b lim: 333 exec/s: 0 rss: 29Mb L: 105/333 MS: 4 ChangeByte-CMP-CrossOver-EraseBytes- DE: "\025\000\000\000"-
#663	REDUCE cov: 123 ft: 450 corp: 46/7897b lim: 333 exec/s: 0 rss: 29Mb L: 36/333 MS: 1 EraseBytes-
#706	REDUCE cov: 123 ft: 450 corp: 46/7870b lim: 333 exec/s: 0 rss: 29Mb L: 27/333 MS: 3 ChangeBit-ChangeBit-EraseBytes-
#757	NEW    cov: 123 ft: 453 corp: 47/7884b lim: 333 exec/s: 0 rss: 29Mb L: 14/333 MS: 1 CrossOver-
#816	NEW    cov: 123 ft: 457 corp: 48/8203b lim: 333 exec/s: 0 rss: 29Mb L: 319/333 MS: 4 CopyPart-ShuffleBytes-InsertRepeatedBytes-InsertRepeatedBytes-
#832	REDUCE cov: 123 ft: 457 corp: 48/8173b lim: 333 exec/s: 0 rss: 29Mb L: 253/333 MS: 1 EraseBytes-
#844	REDUCE cov: 123 ft: 457 corp: 48/8167b lim: 333 exec/s: 0 rss: 29Mb L: 192/333 MS: 2 InsertRepeatedBytes-EraseBytes-
#851	NEW    cov: 123 ft: 458 corp: 49/8378b lim: 333 exec/s: 0 rss: 29Mb L: 211/333 MS: 2 ShuffleBytes-ChangeBinInt-
#868	REDUCE cov: 123 ft: 458 corp: 49/8373b lim: 333 exec/s: 0 rss: 29Mb L: 43/333 MS: 2 CopyPart-EraseBytes-
#956	REDUCE cov: 123 ft: 458 corp: 49/8368b lim: 333 exec/s: 0 rss: 29Mb L: 114/333 MS: 3 ChangeBinInt-ChangeASCIIInt-EraseBytes-
#961	NEW    cov: 123 ft: 459 corp: 50/8701b lim: 333 exec/s: 0 rss: 29Mb L: 333/333 MS: 5 CopyPart-ChangeByte-ChangeByte-ShuffleBytes-CrossOver-
#1051	REDUCE cov: 123 ft: 459 corp: 50/8698b lim: 333 exec/s: 0 rss: 29Mb L: 324/333 MS: 5 InsertByte-ChangeBinInt-EraseBytes-CopyPart-CopyPart-
#1053	NEW    cov: 124 ft: 460 corp: 51/8992b lim: 333 exec/s: 0 rss: 29Mb L: 294/333 MS: 2 ChangeBinInt-CopyPart-
#1061	REDUCE cov: 124 ft: 460 corp: 51/8884b lim: 333 exec/s: 0 rss: 29Mb L: 225/333 MS: 3 ChangeBinInt-ChangeByte-EraseBytes-
#1075	REDUCE cov: 124 ft: 460 corp: 51/8850b lim: 333 exec/s: 0 rss: 29Mb L: 285/333 MS: 4 ChangeByte-ChangeByte-InsertByte-EraseBytes-
#1076	REDUCE cov: 124 ft: 460 corp: 51/8746b lim: 333 exec/s: 0 rss: 29Mb L: 176/333 MS: 1 EraseBytes-
#1081	NEW    cov: 124 ft: 461 corp: 52/9064b lim: 333 exec/s: 0 rss: 29Mb L: 318/333 MS: 5 InsertRepeatedBytes-ShuffleBytes-PersAutoDict-ChangeBinInt-CrossOver- DE: "\001\000\000\000"-
#1086	REDUCE cov: 124 ft: 461 corp: 52/9029b lim: 333 exec/s: 0 rss: 29Mb L: 185/333 MS: 5 ShuffleBytes-CrossOver-EraseBytes-ChangeBinInt-ChangeByte-
#1099	NEW    cov: 125 ft: 462 corp: 53/9035b lim: 333 exec/s: 0 rss: 29Mb L: 6/333 MS: 3 CopyPart-InsertByte-EraseBytes-
#1134	NEW    cov: 125 ft: 463 corp: 54/9043b lim: 333 exec/s: 0 rss: 29Mb L: 8/333 MS: 5 ShuffleBytes-ChangeBinInt-InsertByte-ShuffleBytes-InsertByte-
#1203	NEW    cov: 125 ft: 468 corp: 55/9299b lim: 333 exec/s: 0 rss: 29Mb L: 256/333 MS: 4 ChangeBit-ChangeBit-ChangeBinInt-CMP- DE: "\007\000\000\000"-
#1229	NEW    cov: 125 ft: 469 corp: 56/9328b lim: 333 exec/s: 0 rss: 29Mb L: 29/333 MS: 1 CrossOver-
#1245	REDUCE cov: 125 ft: 469 corp: 56/9326b lim: 333 exec/s: 0 rss: 29Mb L: 209/333 MS: 1 EraseBytes-
#1326	NEW    cov: 125 ft: 475 corp: 57/9554b lim: 333 exec/s: 0 rss: 29Mb L: 228/333 MS: 1 CopyPart-
#1350	REDUCE cov: 125 ft: 475 corp: 57/9532b lim: 333 exec/s: 0 rss: 29Mb L: 52/333 MS: 4 ShuffleBytes-ChangeBinInt-EraseBytes-CopyPart-
#1377	REDUCE cov: 125 ft: 475 corp: 57/9531b lim: 333 exec/s: 0 rss: 29Mb L: 42/333 MS: 2 PersAutoDict-EraseBytes- DE: "\025\000\000\000"-
#1383	REDUCE cov: 125 ft: 475 corp: 57/9530b lim: 333 exec/s: 0 rss: 29Mb L: 13/333 MS: 1 EraseBytes-
#1419	REDUCE cov: 125 ft: 475 corp: 57/9528b lim: 333 exec/s: 0 rss: 29Mb L: 11/333 MS: 1 EraseBytes-
#1521	NEW    cov: 125 ft: 477 corp: 58/9843b lim: 333 exec/s: 0 rss: 29Mb L: 315/333 MS: 2 ChangeByte-InsertRepeatedBytes-
#1569	REDUCE cov: 125 ft: 477 corp: 58/9837b lim: 333 exec/s: 0 rss: 29Mb L: 324/333 MS: 3 ChangeBinInt-ChangeBit-CrossOver-
#1611	REDUCE cov: 125 ft: 477 corp: 58/9835b lim: 333 exec/s: 0 rss: 29Mb L: 4/333 MS: 2 ChangeBit-EraseBytes-
#1652	NEW    cov: 125 ft: 484 corp: 59/10038b lim: 333 exec/s: 0 rss: 29Mb L: 203/333 MS: 1 EraseBytes-
#1668	REDUCE cov: 125 ft: 484 corp: 59/10037b lim: 333 exec/s: 0 rss: 29Mb L: 33/333 MS: 1 CrossOver-
#1679	REDUCE cov: 125 ft: 484 corp: 59/9920b lim: 333 exec/s: 0 rss: 29Mb L: 86/333 MS: 1 CrossOver-
#1704	REDUCE cov: 125 ft: 484 corp: 59/9917b lim: 333 exec/s: 0 rss: 29Mb L: 86/333 MS: 5 ChangeBinInt-InsertByte-ChangeByte-ChangeBit-EraseBytes-
#1718	REDUCE cov: 125 ft: 484 corp: 59/9913b lim: 333 exec/s: 0 rss: 29Mb L: 37/333 MS: 4 ChangeByte-ChangeBinInt-InsertByte-EraseBytes-
#1727	REDUCE cov: 125 ft: 484 corp: 59/9877b lim: 333 exec/s: 0 rss: 29Mb L: 179/333 MS: 4 CopyPart-InsertByte-CrossOver-EraseBytes-
#1853	REDUCE cov: 125 ft: 484 corp: 59/9875b lim: 333 exec/s: 0 rss: 29Mb L: 2/333 MS: 1 EraseBytes-
#1918	REDUCE cov: 125 ft: 485 corp: 60/9895b lim: 333 exec/s: 0 rss: 29Mb L: 20/333 MS: 5 CopyPart-InsertByte-CopyPart-CMP-EraseBytes- DE: "\377\377w~<\002\010\242"-
#1953	REDUCE cov: 125 ft: 485 corp: 60/9838b lim: 333 exec/s: 0 rss: 29Mb L: 128/333 MS: 5 ShuffleBytes-CrossOver-CopyPart-ChangeBit-EraseBytes-
#1985	REDUCE cov: 125 ft: 485 corp: 60/9822b lim: 333 exec/s: 0 rss: 29Mb L: 62/333 MS: 2 PersAutoDict-EraseBytes- DE: "\004\001\000\000\000\000\000\000"-
#2046	REDUCE cov: 125 ft: 485 corp: 60/9809b lim: 333 exec/s: 0 rss: 29Mb L: 115/333 MS: 1 EraseBytes-
#2082	NEW    cov: 125 ft: 491 corp: 61/10137b lim: 333 exec/s: 0 rss: 29Mb L: 328/333 MS: 1 ChangeByte-
#2196	REDUCE cov: 125 ft: 491 corp: 61/10109b lim: 333 exec/s: 0 rss: 29Mb L: 225/333 MS: 4 ShuffleBytes-InsertByte-ChangeByte-EraseBytes-
#2229	REDUCE cov: 125 ft: 491 corp: 61/10102b lim: 333 exec/s: 0 rss: 29Mb L: 69/333 MS: 3 EraseBytes-ChangeBit-CrossOver-
#2248	REDUCE cov: 125 ft: 491 corp: 61/10077b lim: 333 exec/s: 0 rss: 29Mb L: 186/333 MS: 4 CopyPart-EraseBytes-CMP-PersAutoDict- DE: "\001\000\000\000\000\000\000\004"-"\025\000\000\000"-
#2587	REDUCE cov: 125 ft: 491 corp: 61/10007b lim: 333 exec/s: 0 rss: 29Mb L: 189/333 MS: 4 PersAutoDict-ChangeBinInt-ChangeBinInt-EraseBytes- DE: "\004\001\000\000\000\000\000\000"-
#2667	REDUCE cov: 125 ft: 491 corp: 61/9855b lim: 333 exec/s: 0 rss: 29Mb L: 142/333 MS: 5 ChangeASCIIInt-ChangeBinInt-EraseBytes-ChangeBit-EraseBytes-
#2678	REDUCE cov: 125 ft: 491 corp: 61/9846b lim: 333 exec/s: 0 rss: 29Mb L: 28/333 MS: 1 EraseBytes-
#2797	REDUCE cov: 125 ft: 491 corp: 61/9845b lim: 333 exec/s: 0 rss: 29Mb L: 18/333 MS: 4 EraseBytes-ChangeByte-PersAutoDict-PersAutoDict- DE: "\004\001\000\000\000\000\000\000"-"\001\000\000\000"-
#2833	NEW    cov: 125 ft: 492 corp: 62/10066b lim: 333 exec/s: 0 rss: 29Mb L: 221/333 MS: 1 CopyPart-
#2854	REDUCE cov: 125 ft: 492 corp: 62/10038b lim: 333 exec/s: 0 rss: 29Mb L: 287/333 MS: 1 CrossOver-
#2880	NEW    cov: 125 ft: 493 corp: 63/10133b lim: 333 exec/s: 0 rss: 29Mb L: 95/333 MS: 1 CopyPart-
#3036	REDUCE cov: 125 ft: 498 corp: 64/10420b lim: 333 exec/s: 0 rss: 29Mb L: 287/333 MS: 1 ChangeBinInt-
#3178	REDUCE cov: 125 ft: 498 corp: 64/10419b lim: 333 exec/s: 0 rss: 29Mb L: 1/333 MS: 2 ChangeByte-EraseBytes-
#3205	REDUCE cov: 125 ft: 499 corp: 65/10434b lim: 333 exec/s: 0 rss: 29Mb L: 15/333 MS: 2 ChangeBit-EraseBytes-
#3289	REDUCE cov: 125 ft: 499 corp: 65/10415b lim: 333 exec/s: 0 rss: 29Mb L: 240/333 MS: 4 InsertRepeatedBytes-ShuffleBytes-CrossOver-EraseBytes-
#3550	REDUCE cov: 125 ft: 499 corp: 65/10402b lim: 333 exec/s: 0 rss: 29Mb L: 55/333 MS: 1 EraseBytes-
#3578	REDUCE cov: 125 ft: 499 corp: 65/10354b lim: 333 exec/s: 0 rss: 29Mb L: 276/333 MS: 3 EraseBytes-ShuffleBytes-InsertRepeatedBytes-
#3614	REDUCE cov: 125 ft: 499 corp: 65/10285b lim: 333 exec/s: 0 rss: 29Mb L: 140/333 MS: 1 EraseBytes-
#3660	REDUCE cov: 125 ft: 499 corp: 65/10281b lim: 333 exec/s: 0 rss: 29Mb L: 24/333 MS: 1 EraseBytes-
#3668	REDUCE cov: 125 ft: 499 corp: 65/10244b lim: 333 exec/s: 0 rss: 29Mb L: 203/333 MS: 3 InsertByte-InsertByte-EraseBytes-
#3774	REDUCE cov: 125 ft: 499 corp: 65/10230b lim: 333 exec/s: 0 rss: 29Mb L: 72/333 MS: 1 EraseBytes-
#3830	REDUCE cov: 125 ft: 499 corp: 65/10222b lim: 333 exec/s: 0 rss: 29Mb L: 319/333 MS: 1 EraseBytes-
#3839	REDUCE cov: 125 ft: 499 corp: 65/10208b lim: 333 exec/s: 0 rss: 29Mb L: 175/333 MS: 4 ChangeByte-InsertByte-CMP-EraseBytes- DE: "\010\000"-
#4090	REDUCE cov: 125 ft: 500 corp: 66/10398b lim: 333 exec/s: 0 rss: 29Mb L: 190/333 MS: 1 InsertRepeatedBytes-
#4108	REDUCE cov: 125 ft: 500 corp: 66/10359b lim: 333 exec/s: 0 rss: 29Mb L: 217/333 MS: 3 EraseBytes-CopyPart-CopyPart-
#4719	NEW    cov: 125 ft: 501 corp: 67/10692b lim: 333 exec/s: 0 rss: 29Mb L: 333/333 MS: 1 CopyPart-
#4746	REDUCE cov: 125 ft: 501 corp: 67/10675b lim: 333 exec/s: 0 rss: 29Mb L: 159/333 MS: 2 ChangeByte-EraseBytes-
#5017	REDUCE cov: 125 ft: 501 corp: 67/10651b lim: 333 exec/s: 0 rss: 29Mb L: 263/333 MS: 1 EraseBytes-
#5062	REDUCE cov: 125 ft: 501 corp: 67/10649b lim: 333 exec/s: 0 rss: 29Mb L: 93/333 MS: 5 ChangeBit-PersAutoDict-PersAutoDict-EraseBytes-InsertRepeatedBytes- DE: "\000\000\000\021"-"\004\001\000\000\000\000\000\000"-
#5130	REDUCE cov: 125 ft: 501 corp: 67/10646b lim: 333 exec/s: 0 rss: 29Mb L: 12/333 MS: 3 InsertByte-InsertRepeatedBytes-EraseBytes-
#5157	REDUCE cov: 125 ft: 513 corp: 68/10911b lim: 333 exec/s: 0 rss: 29Mb L: 265/333 MS: 2 ChangeASCIIInt-CrossOver-
#5279	REDUCE cov: 125 ft: 513 corp: 68/10899b lim: 333 exec/s: 0 rss: 29Mb L: 24/333 MS: 2 EraseBytes-InsertByte-
#5294	REDUCE cov: 125 ft: 513 corp: 68/10885b lim: 333 exec/s: 0 rss: 29Mb L: 271/333 MS: 5 ChangeBinInt-CopyPart-EraseBytes-ChangeBinInt-InsertRepeatedBytes-
#5319	NEW    cov: 125 ft: 526 corp: 69/11157b lim: 333 exec/s: 0 rss: 29Mb L: 272/333 MS: 5 ShuffleBytes-InsertRepeatedBytes-CMP-ChangeBit-CMP- DE: "mdia"-"pixi"-
#5336	REDUCE cov: 125 ft: 526 corp: 69/11143b lim: 333 exec/s: 0 rss: 29Mb L: 262/333 MS: 2 ChangeBit-EraseBytes-
#5373	NEW    cov: 125 ft: 527 corp: 70/11408b lim: 333 exec/s: 0 rss: 29Mb L: 265/333 MS: 2 CopyPart-ChangeBinInt-
#5433	REDUCE cov: 125 ft: 527 corp: 70/11406b lim: 333 exec/s: 0 rss: 29Mb L: 9/333 MS: 5 CMP-InsertRepeatedBytes-CMP-InsertByte-CrossOver- DE: "schi"-"\003\000\000\000\000\000\000\000"-
#5489	REDUCE cov: 125 ft: 527 corp: 70/11385b lim: 333 exec/s: 0 rss: 29Mb L: 23/333 MS: 1 EraseBytes-
#5635	NEW    cov: 125 ft: 529 corp: 71/11674b lim: 333 exec/s: 0 rss: 29Mb L: 289/333 MS: 1 InsertRepeatedBytes-
#5641	NEW    cov: 125 ft: 530 corp: 72/12007b lim: 333 exec/s: 0 rss: 29Mb L: 333/333 MS: 1 ChangeByte-
#5669	REDUCE cov: 125 ft: 530 corp: 72/12006b lim: 333 exec/s: 0 rss: 29Mb L: 113/333 MS: 3 CopyPart-ChangeASCIIInt-EraseBytes-
#5832	NEW    cov: 125 ft: 531 corp: 73/12058b lim: 333 exec/s: 0 rss: 29Mb L: 52/333 MS: 3 ChangeBit-ChangeByte-CMP- DE: "stts"-
#5837	REDUCE cov: 125 ft: 531 corp: 73/12057b lim: 333 exec/s: 0 rss: 29Mb L: 178/333 MS: 5 ChangeBit-ChangeByte-ShuffleBytes-InsertRepeatedBytes-EraseBytes-
#6117	REDUCE cov: 125 ft: 531 corp: 73/12056b lim: 333 exec/s: 6117 rss: 29Mb L: 51/333 MS: 5 ChangeByte-CopyPart-ChangeByte-ChangeByte-EraseBytes-
#6133	REDUCE cov: 125 ft: 531 corp: 73/12055b lim: 333 exec/s: 6133 rss: 29Mb L: 17/333 MS: 1 EraseBytes-
#6296	REDUCE cov: 125 ft: 531 corp: 73/12032b lim: 333 exec/s: 6296 rss: 29Mb L: 296/333 MS: 3 EraseBytes-InsertRepeatedBytes-InsertRepeatedBytes-
#6313	REDUCE cov: 125 ft: 531 corp: 73/12028b lim: 333 exec/s: 6313 rss: 29Mb L: 248/333 MS: 2 PersAutoDict-EraseBytes- DE: "\010\000"-
#6476	REDUCE cov: 125 ft: 531 corp: 73/12015b lim: 333 exec/s: 6476 rss: 29Mb L: 258/333 MS: 3 InsertRepeatedBytes-ChangeBit-EraseBytes-
#6616	REDUCE cov: 125 ft: 531 corp: 73/12010b lim: 333 exec/s: 6616 rss: 29Mb L: 18/333 MS: 5 InsertByte-EraseBytes-CrossOver-InsertByte-InsertByte-
#7066	REDUCE cov: 125 ft: 531 corp: 73/11986b lim: 333 exec/s: 7066 rss: 29Mb L: 300/333 MS: 5 ChangeBit-ChangeBit-ChangeASCIIInt-CrossOver-EraseBytes-
#7196	REDUCE cov: 125 ft: 531 corp: 73/11985b lim: 333 exec/s: 7196 rss: 29Mb L: 41/333 MS: 5 InsertByte-PersAutoDict-CMP-InsertByte-EraseBytes- DE: "\004\001\000\000\000\000\000\000"-"M\314\004<~x\000\000"-
#7285	REDUCE cov: 125 ft: 531 corp: 73/11978b lim: 333 exec/s: 7285 rss: 29Mb L: 168/333 MS: 4 ChangeASCIIInt-CMP-CopyPart-EraseBytes- DE: "\002\000\000\000\001\000\000\000"-
#7383	REDUCE cov: 125 ft: 531 corp: 73/11977b lim: 333 exec/s: 7383 rss: 29Mb L: 50/333 MS: 3 PersAutoDict-ChangeBinInt-EraseBytes- DE: "\004\001\000\000\000\000\000\000"-
#7515	REDUCE cov: 125 ft: 531 corp: 73/11974b lim: 333 exec/s: 7515 rss: 29Mb L: 165/333 MS: 2 ChangeBit-EraseBytes-
#7956	REDUCE cov: 125 ft: 531 corp: 73/11943b lim: 333 exec/s: 7956 rss: 29Mb L: 256/333 MS: 1 EraseBytes-
#8163	REDUCE cov: 125 ft: 531 corp: 73/11896b lim: 333 exec/s: 8163 rss: 29Mb L: 156/333 MS: 2 ChangeBinInt-EraseBytes-
#8285	NEW    cov: 125 ft: 532 corp: 74/11996b lim: 333 exec/s: 8285 rss: 29Mb L: 100/333 MS: 2 InsertByte-CMP- DE: "minf"-
#8409	REDUCE cov: 125 ft: 532 corp: 74/11973b lim: 333 exec/s: 8409 rss: 29Mb L: 92/333 MS: 4 ChangeASCIIInt-EraseBytes-InsertRepeatedBytes-ChangeByte-
#8630	REDUCE cov: 125 ft: 532 corp: 74/11949b lim: 333 exec/s: 8630 rss: 29Mb L: 135/333 MS: 1 EraseBytes-
#8996	REDUCE cov: 125 ft: 532 corp: 74/11948b lim: 333 exec/s: 8996 rss: 29Mb L: 11/333 MS: 1 EraseBytes-
#9100	REDUCE cov: 125 ft: 532 corp: 74/11942b lim: 333 exec/s: 9100 rss: 29Mb L: 86/333 MS: 4 ChangeByte-CopyPart-CMP-EraseBytes- DE: "\000\000x~<\005\332@"-
#9207	REDUCE cov: 125 ft: 532 corp: 74/11902b lim: 333 exec/s: 9207 rss: 29Mb L: 46/333 MS: 2 EraseBytes-EraseBytes-
#9249	REDUCE cov: 125 ft: 532 corp: 74/11878b lim: 333 exec/s: 9249 rss: 29Mb L: 224/333 MS: 2 EraseBytes-InsertRepeatedBytes-
#9310	REDUCE cov: 125 ft: 532 corp: 74/11867b lim: 333 exec/s: 9310 rss: 29Mb L: 44/333 MS: 1 EraseBytes-
#9638	REDUCE cov: 125 ft: 533 corp: 75/12166b lim: 333 exec/s: 9638 rss: 29Mb L: 299/333 MS: 3 PersAutoDict-ChangeByte-InsertRepeatedBytes- DE: "mdia"-
#9719	REDUCE cov: 125 ft: 533 corp: 75/12164b lim: 333 exec/s: 9719 rss: 29Mb L: 70/333 MS: 1 EraseBytes-
#9738	REDUCE cov: 125 ft: 533 corp: 75/12142b lim: 333 exec/s: 9738 rss: 29Mb L: 203/333 MS: 4 InsertByte-ChangeBinInt-ChangeBinInt-EraseBytes-
#9796	REDUCE cov: 125 ft: 533 corp: 75/12120b lim: 333 exec/s: 9796 rss: 29Mb L: 24/333 MS: 3 ShuffleBytes-PersAutoDict-EraseBytes- DE: "\003\000\000\000\000\000\000\000"-
#9801	REDUCE cov: 125 ft: 533 corp: 75/12103b lim: 333 exec/s: 9801 rss: 29Mb L: 88/333 MS: 5 ChangeBinInt-ChangeByte-EraseBytes-CrossOver-PersAutoDict- DE: "\002\000\000\000\001\000\000\000"-
#9956	REDUCE cov: 125 ft: 533 corp: 75/12098b lim: 333 exec/s: 9956 rss: 29Mb L: 198/333 MS: 5 CopyPart-CopyPart-CopyPart-ChangeBinInt-EraseBytes-
#10167	NEW    cov: 125 ft: 534 corp: 76/12363b lim: 333 exec/s: 10167 rss: 29Mb L: 265/333 MS: 1 CrossOver-
#10800	REDUCE cov: 125 ft: 534 corp: 76/12356b lim: 333 exec/s: 10800 rss: 29Mb L: 11/333 MS: 3 ChangeByte-CopyPart-EraseBytes-
#10830	REDUCE cov: 125 ft: 534 corp: 76/12339b lim: 333 exec/s: 10830 rss: 29Mb L: 248/333 MS: 5 CrossOver-ChangeByte-ChangeBinInt-ChangeByte-EraseBytes-
#10906	REDUCE cov: 125 ft: 534 corp: 76/12318b lim: 333 exec/s: 10906 rss: 29Mb L: 79/333 MS: 1 CrossOver-
#11101	REDUCE cov: 125 ft: 534 corp: 76/12315b lim: 333 exec/s: 11101 rss: 29Mb L: 137/333 MS: 5 InsertByte-CrossOver-ChangeASCIIInt-EraseBytes-PersAutoDict- DE: "\004\001\000\000\000\000\000\000"-
#11264	REDUCE cov: 125 ft: 534 corp: 76/12282b lim: 333 exec/s: 11264 rss: 29Mb L: 300/333 MS: 3 CopyPart-PersAutoDict-EraseBytes- DE: "\223\374\360p\334P\361\013"-
#11382	REDUCE cov: 125 ft: 534 corp: 76/12278b lim: 333 exec/s: 11382 rss: 29Mb L: 20/333 MS: 3 ChangeBinInt-PersAutoDict-EraseBytes- DE: "\377\377w~<\002\010\242"-
#11849	REDUCE cov: 125 ft: 534 corp: 76/12276b lim: 333 exec/s: 11849 rss: 29Mb L: 67/333 MS: 2 ChangeBinInt-EraseBytes-
#12205	NEW    cov: 125 ft: 535 corp: 77/12466b lim: 333 exec/s: 12205 rss: 29Mb L: 190/333 MS: 1 CopyPart-
#12285	REDUCE cov: 125 ft: 535 corp: 77/12460b lim: 333 exec/s: 12285 rss: 29Mb L: 14/333 MS: 5 InsertByte-PersAutoDict-ChangeBinInt-CMP-EraseBytes- DE: "\010\000"-"c\000"-
#12454	REDUCE cov: 125 ft: 535 corp: 77/12431b lim: 333 exec/s: 12454 rss: 29Mb L: 33/333 MS: 4 ChangeBinInt-ChangeByte-ChangeBinInt-EraseBytes-
#12615	REDUCE cov: 125 ft: 535 corp: 77/12425b lim: 333 exec/s: 6307 rss: 29Mb L: 8/333 MS: 5 ChangeBit-ShuffleBytes-CMP-ChangeBinInt-EraseBytes- DE: "frma"-
#12621	NEW    cov: 125 ft: 536 corp: 78/12653b lim: 333 exec/s: 6310 rss: 29Mb L: 228/333 MS: 1 CopyPart-
#12669	REDUCE cov: 125 ft: 536 corp: 78/12651b lim: 333 exec/s: 6334 rss: 29Mb L: 190/333 MS: 3 InsertByte-ShuffleBytes-EraseBytes-
#12790	REDUCE cov: 125 ft: 536 corp: 78/12645b lim: 333 exec/s: 6395 rss: 29Mb L: 21/333 MS: 1 EraseBytes-
#12857	REDUCE cov: 125 ft: 536 corp: 78/12644b lim: 333 exec/s: 6428 rss: 29Mb L: 299/333 MS: 2 EraseBytes-CrossOver-
#12995	REDUCE cov: 125 ft: 536 corp: 78/12604b lim: 333 exec/s: 6497 rss: 29Mb L: 55/333 MS: 3 CopyPart-ShuffleBytes-CrossOver-
#13198	REDUCE cov: 125 ft: 536 corp: 78/12546b lim: 333 exec/s: 6599 rss: 29Mb L: 241/333 MS: 3 ChangeBit-PersAutoDict-EraseBytes- DE: "pixi"-
#13679	REDUCE cov: 125 ft: 536 corp: 78/12544b lim: 333 exec/s: 6839 rss: 29Mb L: 326/333 MS: 1 EraseBytes-
#13801	NEW    cov: 125 ft: 537 corp: 79/12808b lim: 333 exec/s: 6900 rss: 29Mb L: 264/333 MS: 2 EraseBytes-PersAutoDict- DE: "\007\000\000\000"-
#13913	REDUCE cov: 125 ft: 538 corp: 80/12866b lim: 333 exec/s: 6956 rss: 29Mb L: 58/333 MS: 2 ChangeBinInt-EraseBytes-
#13929	REDUCE cov: 125 ft: 538 corp: 80/12865b lim: 333 exec/s: 6964 rss: 29Mb L: 87/333 MS: 1 EraseBytes-
#14036	REDUCE cov: 125 ft: 538 corp: 80/12862b lim: 333 exec/s: 7018 rss: 30Mb L: 325/333 MS: 2 ChangeBinInt-EraseBytes-
#14422	REDUCE cov: 125 ft: 538 corp: 80/12841b lim: 333 exec/s: 7211 rss: 30Mb L: 49/333 MS: 1 EraseBytes-
#14459	REDUCE cov: 125 ft: 538 corp: 80/12831b lim: 333 exec/s: 7229 rss: 30Mb L: 42/333 MS: 2 ChangeByte-EraseBytes-
#14501	REDUCE cov: 125 ft: 538 corp: 80/12830b lim: 333 exec/s: 7250 rss: 30Mb L: 86/333 MS: 2 ChangeBinInt-EraseBytes-
#14857	NEW    cov: 125 ft: 539 corp: 81/13048b lim: 333 exec/s: 7428 rss: 30Mb L: 218/333 MS: 1 EraseBytes-
#15272	REDUCE cov: 125 ft: 542 corp: 82/13102b lim: 333 exec/s: 7636 rss: 30Mb L: 54/333 MS: 5 CrossOver-CrossOver-EraseBytes-PersAutoDict-EraseBytes- DE: "mdia"-
#15467	REDUCE cov: 125 ft: 542 corp: 82/13086b lim: 333 exec/s: 7733 rss: 30Mb L: 310/333 MS: 5 CopyPart-ChangeBinInt-ChangeBit-InsertRepeatedBytes-EraseBytes-
#15811	REDUCE cov: 125 ft: 542 corp: 82/13084b lim: 333 exec/s: 7905 rss: 30Mb L: 102/333 MS: 4 PersAutoDict-ShuffleBytes-ChangeByte-EraseBytes- DE: "\001\000\000\000"-
#16347	REDUCE cov: 125 ft: 542 corp: 82/13083b lim: 333 exec/s: 8173 rss: 30Mb L: 24/333 MS: 1 EraseBytes-
#16379	REDUCE cov: 125 ft: 542 corp: 82/13062b lim: 333 exec/s: 8189 rss: 30Mb L: 33/333 MS: 2 InsertByte-EraseBytes-
#16384	pulse  cov: 125 ft: 542 corp: 82/13062b lim: 333 exec/s: 8192 rss: 30Mb
#17066	REDUCE cov: 125 ft: 542 corp: 82/13038b lim: 333 exec/s: 8533 rss: 30Mb L: 162/333 MS: 2 InsertRepeatedBytes-EraseBytes-
#17312	REDUCE cov: 125 ft: 542 corp: 82/13025b lim: 333 exec/s: 8656 rss: 30Mb L: 211/333 MS: 1 EraseBytes-
#17680	REDUCE cov: 125 ft: 542 corp: 82/13024b lim: 333 exec/s: 8840 rss: 30Mb L: 49/333 MS: 3 ChangeByte-CopyPart-EraseBytes-
#17921	REDUCE cov: 125 ft: 542 corp: 82/13020b lim: 333 exec/s: 8960 rss: 30Mb L: 20/333 MS: 1 EraseBytes-
#18088	REDUCE cov: 125 ft: 542 corp: 82/13012b lim: 333 exec/s: 9044 rss: 30Mb L: 314/333 MS: 2 ChangeBinInt-EraseBytes-
#18487	REDUCE cov: 125 ft: 542 corp: 82/13010b lim: 333 exec/s: 9243 rss: 30Mb L: 188/333 MS: 4 InsertRepeatedBytes-ChangeByte-ChangeBinInt-EraseBytes-
#19432	REDUCE cov: 125 ft: 542 corp: 82/13008b lim: 341 exec/s: 6477 rss: 30Mb L: 9/333 MS: 4 ChangeBit-ChangeBinInt-PersAutoDict-EraseBytes- DE: "\377\377w~<\002\010\242"-
#19568	REDUCE cov: 125 ft: 542 corp: 82/13005b lim: 341 exec/s: 6522 rss: 30Mb L: 17/333 MS: 1 EraseBytes-
#19721	REDUCE cov: 125 ft: 542 corp: 82/13004b lim: 341 exec/s: 6573 rss: 30Mb L: 32/333 MS: 3 ChangeByte-CMP-EraseBytes- DE: "\001\000x~<\012y\025"-
#19775	REDUCE cov: 125 ft: 542 corp: 82/12927b lim: 341 exec/s: 6591 rss: 30Mb L: 256/333 MS: 4 ChangeByte-PersAutoDict-CrossOver-EraseBytes- DE: "stts"-
#19969	REDUCE cov: 125 ft: 542 corp: 82/12925b lim: 341 exec/s: 6656 rss: 30Mb L: 196/333 MS: 4 ChangeBinInt-ShuffleBytes-EraseBytes-CrossOver-
#20682	REDUCE cov: 126 ft: 543 corp: 83/13251b lim: 341 exec/s: 6894 rss: 30Mb L: 326/333 MS: 3 InsertByte-CrossOver-PersAutoDict- DE: "frma"-
#20941	REDUCE cov: 126 ft: 543 corp: 83/13153b lim: 341 exec/s: 6980 rss: 30Mb L: 123/333 MS: 4 CMP-CMP-EraseBytes-CopyPart- DE: "cdsc"-"rdcm"-
#21192	REDUCE cov: 126 ft: 543 corp: 83/13149b lim: 341 exec/s: 7064 rss: 30Mb L: 214/333 MS: 1 EraseBytes-
#21420	REDUCE cov: 126 ft: 543 corp: 83/13145b lim: 341 exec/s: 7140 rss: 30Mb L: 28/333 MS: 3 PersAutoDict-InsertByte-EraseBytes- DE: "minf"-
#21452	NEW    cov: 126 ft: 544 corp: 84/13486b lim: 341 exec/s: 7150 rss: 30Mb L: 341/341 MS: 2 InsertRepeatedBytes-InsertRepeatedBytes-
#21480	REDUCE cov: 126 ft: 544 corp: 84/13458b lim: 341 exec/s: 7160 rss: 30Mb L: 228/341 MS: 3 CrossOver-ChangeBinInt-CrossOver-
#22047	REDUCE cov: 126 ft: 544 corp: 84/13456b lim: 341 exec/s: 7349 rss: 30Mb L: 327/341 MS: 2 EraseBytes-CopyPart-
#22084	REDUCE cov: 126 ft: 544 corp: 84/13454b lim: 341 exec/s: 7361 rss: 30Mb L: 154/341 MS: 2 CopyPart-EraseBytes-
#22478	REDUCE cov: 126 ft: 544 corp: 84/13428b lim: 341 exec/s: 7492 rss: 30Mb L: 202/341 MS: 4 ChangeASCIIInt-ShuffleBytes-InsertRepeatedBytes-EraseBytes-
#22614	REDUCE cov: 126 ft: 544 corp: 84/13426b lim: 341 exec/s: 7538 rss: 30Mb L: 188/341 MS: 1 EraseBytes-
#22660	REDUCE cov: 126 ft: 544 corp: 84/13424b lim: 341 exec/s: 7553 rss: 30Mb L: 26/341 MS: 1 EraseBytes-
#22701	REDUCE cov: 126 ft: 544 corp: 84/13399b lim: 341 exec/s: 7567 rss: 30Mb L: 137/341 MS: 1 EraseBytes-
#22843	REDUCE cov: 126 ft: 544 corp: 84/13391b lim: 341 exec/s: 7614 rss: 30Mb L: 306/341 MS: 2 CopyPart-EraseBytes-
#22870	REDUCE cov: 126 ft: 544 corp: 84/13380b lim: 341 exec/s: 7623 rss: 30Mb L: 191/341 MS: 2 PersAutoDict-EraseBytes- DE: "stts"-
#23118	REDUCE cov: 126 ft: 544 corp: 84/13378b lim: 341 exec/s: 7706 rss: 30Mb L: 9/341 MS: 3 PersAutoDict-ShuffleBytes-EraseBytes- DE: "\010\000"-
#23199	REDUCE cov: 126 ft: 544 corp: 84/13373b lim: 341 exec/s: 7733 rss: 30Mb L: 37/341 MS: 1 EraseBytes-
#23749	REDUCE cov: 126 ft: 544 corp: 84/13370b lim: 341 exec/s: 7916 rss: 30Mb L: 296/341 MS: 5 EraseBytes-InsertRepeatedBytes-PersAutoDict-ChangeByte-InsertRepeatedBytes- DE: "\007\000\000\000"-
#24021	REDUCE cov: 126 ft: 544 corp: 84/13332b lim: 341 exec/s: 8007 rss: 30Mb L: 153/341 MS: 2 ChangeBit-EraseBytes-
#24028	REDUCE cov: 126 ft: 544 corp: 84/13328b lim: 341 exec/s: 8009 rss: 30Mb L: 323/341 MS: 2 EraseBytes-CopyPart-
==86884== ERROR: libFuzzer: out-of-memory (used: 1836Mb; limit: 1024Mb)
   To change the out-of-memory limit use -rss_limit_mb=<N>

MS: 2 CopyPart-InsertByte-; base unit: e61f9984d71316796c29e6c08e20ccba61a44690
artifact_prefix='/results/crashes/20260313_145102_956077c8_'; Test unit written to /results/crashes/20260313_145102_956077c8_oom-9912fb6fc9a2a92d382083f5179d9b4149beeb05
SUMMARY: libFuzzer: out-of-memory
stat::number_of_executed_units: 24075
stat::average_exec_per_sec:     4815
stat::new_units_added:          218
stat::slowest_unit_time_sec:    0
stat::peak_rss_mb:              1836
