INFO: Running with entropic power schedule (0xFF, 100).
INFO: Seed: 3311608642
INFO: Loaded 1 modules   (252 inline 8-bit counters): 252 [0x6357a7c89678, 0x6357a7c89774), 
INFO: Loaded 1 PC tables (252 PCs): 252 [0x6357a7c89778,0x6357a7c8a738), 
INFO:        4 files found in /tmp/corpus_20260313_191056_86ff5863
INFO: seed corpus: files: 4 min: 48b max: 333b total: 853b rss: 28Mb
#5	INITED cov: 119 ft: 255 corp: 4/853b exec/s: 0 rss: 29Mb
#7	NEW    cov: 119 ft: 269 corp: 5/1172b lim: 333 exec/s: 0 rss: 29Mb L: 319/333 MS: 2 ShuffleBytes-InsertRepeatedBytes-
#8	NEW    cov: 119 ft: 287 corp: 6/1268b lim: 333 exec/s: 0 rss: 29Mb L: 96/333 MS: 1 CopyPart-
#9	NEW    cov: 119 ft: 298 corp: 7/1543b lim: 333 exec/s: 0 rss: 29Mb L: 275/333 MS: 1 InsertRepeatedBytes-
#12	NEW    cov: 119 ft: 303 corp: 8/1864b lim: 333 exec/s: 0 rss: 29Mb L: 321/333 MS: 3 InsertByte-ChangeBinInt-InsertByte-
#13	NEW    cov: 119 ft: 304 corp: 9/2197b lim: 333 exec/s: 0 rss: 29Mb L: 333/333 MS: 1 CrossOver-
#15	NEW    cov: 119 ft: 315 corp: 10/2519b lim: 333 exec/s: 0 rss: 29Mb L: 322/333 MS: 2 ChangeByte-InsertRepeatedBytes-
#16	NEW    cov: 119 ft: 316 corp: 11/2852b lim: 333 exec/s: 0 rss: 29Mb L: 333/333 MS: 1 ChangeByte-
#20	NEW    cov: 121 ft: 319 corp: 12/3113b lim: 333 exec/s: 0 rss: 29Mb L: 261/333 MS: 4 EraseBytes-ChangeBinInt-InsertByte-CrossOver-
#25	NEW    cov: 122 ft: 322 corp: 13/3292b lim: 333 exec/s: 0 rss: 29Mb L: 179/333 MS: 5 ChangeByte-ShuffleBytes-ChangeBinInt-ChangeByte-CrossOver-
#33	NEW    cov: 122 ft: 324 corp: 14/3625b lim: 333 exec/s: 0 rss: 29Mb L: 333/333 MS: 3 ChangeBinInt-ChangeBit-CopyPart-
#42	NEW    cov: 122 ft: 325 corp: 15/3953b lim: 333 exec/s: 0 rss: 29Mb L: 328/333 MS: 4 ChangeBinInt-ChangeBinInt-InsertRepeatedBytes-ChangeBinInt-
#46	NEW    cov: 122 ft: 326 corp: 16/4107b lim: 333 exec/s: 0 rss: 29Mb L: 154/333 MS: 4 EraseBytes-ChangeBinInt-ChangeByte-EraseBytes-
#52	NEW    cov: 122 ft: 327 corp: 17/4387b lim: 333 exec/s: 0 rss: 29Mb L: 280/333 MS: 1 InsertRepeatedBytes-
#58	NEW    cov: 122 ft: 328 corp: 18/4671b lim: 333 exec/s: 0 rss: 29Mb L: 284/333 MS: 1 InsertRepeatedBytes-
#60	NEW    cov: 122 ft: 330 corp: 19/4758b lim: 333 exec/s: 0 rss: 29Mb L: 87/333 MS: 2 ChangeBit-CopyPart-
#61	REDUCE cov: 122 ft: 330 corp: 19/4643b lim: 333 exec/s: 0 rss: 29Mb L: 218/333 MS: 1 EraseBytes-
#63	NEW    cov: 122 ft: 331 corp: 20/4905b lim: 333 exec/s: 0 rss: 29Mb L: 262/333 MS: 2 ChangeBit-CopyPart-
#74	NEW    cov: 122 ft: 332 corp: 21/5184b lim: 333 exec/s: 0 rss: 29Mb L: 279/333 MS: 1 CMP- DE: "\000\000\000\010"-
#76	REDUCE cov: 122 ft: 338 corp: 22/5406b lim: 333 exec/s: 0 rss: 29Mb L: 222/333 MS: 2 CMP-CMP- DE: "moof"-"mdat"-
#90	NEW    cov: 122 ft: 343 corp: 23/5672b lim: 333 exec/s: 0 rss: 29Mb L: 266/333 MS: 4 ChangeBit-CrossOver-ChangeBit-PersAutoDict- DE: "mdat"-
#93	NEW    cov: 123 ft: 344 corp: 24/6005b lim: 333 exec/s: 0 rss: 29Mb L: 333/333 MS: 3 CMP-ChangeBinInt-CopyPart- DE: "\210\207\207\207"-
#99	NEW    cov: 123 ft: 345 corp: 25/6338b lim: 333 exec/s: 0 rss: 29Mb L: 333/333 MS: 1 ShuffleBytes-
#112	NEW    cov: 123 ft: 346 corp: 26/6466b lim: 333 exec/s: 0 rss: 29Mb L: 128/333 MS: 3 ShuffleBytes-ShuffleBytes-InsertRepeatedBytes-
#129	NEW    cov: 123 ft: 347 corp: 27/6563b lim: 333 exec/s: 0 rss: 29Mb L: 97/333 MS: 2 ChangeByte-InsertByte-
#147	NEW    cov: 123 ft: 356 corp: 28/6611b lim: 333 exec/s: 0 rss: 29Mb L: 48/333 MS: 3 ChangeBinInt-ChangeByte-ChangeBinInt-
#183	NEW    cov: 123 ft: 392 corp: 29/6944b lim: 333 exec/s: 0 rss: 29Mb L: 333/333 MS: 1 ChangeBit-
#187	NEW    cov: 123 ft: 393 corp: 30/7004b lim: 333 exec/s: 0 rss: 29Mb L: 60/333 MS: 4 ChangeBit-ChangeBit-ChangeBinInt-CrossOver-
#196	REDUCE cov: 123 ft: 393 corp: 30/6972b lim: 333 exec/s: 0 rss: 29Mb L: 186/333 MS: 4 ChangeBinInt-ChangeByte-ChangeBinInt-EraseBytes-
#205	NEW    cov: 123 ft: 394 corp: 31/7194b lim: 333 exec/s: 0 rss: 29Mb L: 222/333 MS: 4 ChangeBinInt-CrossOver-ChangeBinInt-CrossOver-
#228	NEW    cov: 123 ft: 397 corp: 32/7500b lim: 333 exec/s: 0 rss: 29Mb L: 306/333 MS: 3 CopyPart-ChangeByte-InsertRepeatedBytes-
#234	NEW    cov: 123 ft: 402 corp: 33/7821b lim: 333 exec/s: 0 rss: 29Mb L: 321/333 MS: 1 InsertRepeatedBytes-
#252	NEW    cov: 123 ft: 403 corp: 34/7923b lim: 333 exec/s: 0 rss: 29Mb L: 102/333 MS: 3 ChangeASCIIInt-ChangeBit-CrossOver-
#268	NEW    cov: 123 ft: 404 corp: 35/7977b lim: 333 exec/s: 0 rss: 29Mb L: 54/333 MS: 1 EraseBytes-
#294	NEW    cov: 123 ft: 405 corp: 36/8026b lim: 333 exec/s: 0 rss: 29Mb L: 49/333 MS: 1 InsertByte-
#389	NEW    cov: 123 ft: 406 corp: 37/8359b lim: 333 exec/s: 0 rss: 29Mb L: 333/333 MS: 5 ChangeByte-ChangeByte-ChangeBit-ChangeBit-CopyPart-
#391	NEW    cov: 123 ft: 407 corp: 38/8593b lim: 333 exec/s: 0 rss: 29Mb L: 234/333 MS: 2 CopyPart-CrossOver-
#396	NEW    cov: 123 ft: 417 corp: 39/8622b lim: 333 exec/s: 0 rss: 29Mb L: 29/333 MS: 5 ChangeBinInt-ChangeASCIIInt-ChangeASCIIInt-ChangeByte-CrossOver-
#447	NEW    cov: 123 ft: 420 corp: 40/8648b lim: 333 exec/s: 0 rss: 29Mb L: 26/333 MS: 1 EraseBytes-
#461	NEW    cov: 123 ft: 436 corp: 41/8820b lim: 333 exec/s: 0 rss: 29Mb L: 172/333 MS: 4 ChangeByte-CMP-ChangeByte-EraseBytes- DE: "\351\000\000\000\000\000\000\000"-
#579	NEW    cov: 123 ft: 446 corp: 42/8843b lim: 333 exec/s: 0 rss: 29Mb L: 23/333 MS: 3 InsertByte-ChangeBit-EraseBytes-
#585	NEW    cov: 123 ft: 451 corp: 43/8891b lim: 333 exec/s: 0 rss: 29Mb L: 48/333 MS: 1 CMP- DE: "&\001\000\000\000\000\000\000"-
#620	REDUCE cov: 123 ft: 451 corp: 43/8860b lim: 333 exec/s: 0 rss: 29Mb L: 203/333 MS: 5 InsertRepeatedBytes-CopyPart-InsertRepeatedBytes-ShuffleBytes-EraseBytes-
#686	NEW    cov: 123 ft: 452 corp: 44/8923b lim: 333 exec/s: 0 rss: 29Mb L: 63/333 MS: 1 EraseBytes-
#724	NEW    cov: 123 ft: 454 corp: 45/8975b lim: 333 exec/s: 0 rss: 29Mb L: 52/333 MS: 3 PersAutoDict-ChangeBit-CMP- DE: "\351\000\000\000\000\000\000\000"-"avc1"-
#731	REDUCE cov: 123 ft: 455 corp: 46/9249b lim: 333 exec/s: 0 rss: 29Mb L: 274/333 MS: 2 ChangeASCIIInt-InsertRepeatedBytes-
#826	NEW    cov: 123 ft: 456 corp: 47/9315b lim: 333 exec/s: 0 rss: 29Mb L: 66/333 MS: 5 ShuffleBytes-CopyPart-ChangeByte-ChangeBit-CopyPart-
#932	NEW    cov: 123 ft: 463 corp: 48/9340b lim: 333 exec/s: 0 rss: 29Mb L: 25/333 MS: 1 EraseBytes-
#1002	NEW    cov: 123 ft: 475 corp: 49/9351b lim: 333 exec/s: 0 rss: 29Mb L: 11/333 MS: 5 ChangeBit-ChangeBit-EraseBytes-ChangeByte-CrossOver-
#1050	REDUCE cov: 123 ft: 475 corp: 49/9338b lim: 333 exec/s: 0 rss: 29Mb L: 320/333 MS: 3 CopyPart-CrossOver-EraseBytes-
#1143	REDUCE cov: 123 ft: 475 corp: 49/9319b lim: 333 exec/s: 0 rss: 29Mb L: 314/333 MS: 3 EraseBytes-CopyPart-InsertByte-
#1187	REDUCE cov: 123 ft: 475 corp: 49/9314b lim: 333 exec/s: 0 rss: 29Mb L: 217/333 MS: 4 ChangeBinInt-CopyPart-ChangeByte-EraseBytes-
#1189	REDUCE cov: 123 ft: 475 corp: 49/9282b lim: 333 exec/s: 0 rss: 29Mb L: 301/333 MS: 2 ChangeASCIIInt-EraseBytes-
#1205	NEW    cov: 123 ft: 477 corp: 50/9290b lim: 333 exec/s: 0 rss: 29Mb L: 8/333 MS: 1 EraseBytes-
#1226	NEW    cov: 123 ft: 478 corp: 51/9613b lim: 333 exec/s: 0 rss: 29Mb L: 323/333 MS: 1 CopyPart-
#1260	REDUCE cov: 123 ft: 478 corp: 51/9609b lim: 333 exec/s: 0 rss: 29Mb L: 317/333 MS: 4 ChangeBinInt-EraseBytes-ChangeASCIIInt-CopyPart-
#1271	REDUCE cov: 123 ft: 478 corp: 51/9599b lim: 333 exec/s: 0 rss: 29Mb L: 92/333 MS: 1 EraseBytes-
#1318	REDUCE cov: 123 ft: 478 corp: 51/9598b lim: 333 exec/s: 0 rss: 29Mb L: 86/333 MS: 2 InsertRepeatedBytes-EraseBytes-
#1334	NEW    cov: 124 ft: 479 corp: 52/9603b lim: 333 exec/s: 0 rss: 29Mb L: 5/333 MS: 1 EraseBytes-
#1368	REDUCE cov: 124 ft: 479 corp: 52/9598b lim: 333 exec/s: 0 rss: 29Mb L: 261/333 MS: 4 ChangeASCIIInt-CopyPart-EraseBytes-InsertRepeatedBytes-
#1486	REDUCE cov: 124 ft: 479 corp: 52/9594b lim: 333 exec/s: 0 rss: 29Mb L: 25/333 MS: 3 ShuffleBytes-ChangeByte-EraseBytes-
#1535	REDUCE cov: 124 ft: 479 corp: 52/9587b lim: 333 exec/s: 0 rss: 29Mb L: 121/333 MS: 4 ChangeBinInt-CopyPart-ChangeBinInt-EraseBytes-
#1548	NEW    cov: 124 ft: 481 corp: 53/9718b lim: 333 exec/s: 0 rss: 29Mb L: 131/333 MS: 3 ChangeByte-ChangeBinInt-CrossOver-
#1575	REDUCE cov: 124 ft: 481 corp: 53/9616b lim: 333 exec/s: 0 rss: 29Mb L: 160/333 MS: 2 CrossOver-CrossOver-
#1627	REDUCE cov: 124 ft: 481 corp: 53/9615b lim: 333 exec/s: 0 rss: 29Mb L: 65/333 MS: 2 PersAutoDict-EraseBytes- DE: "avc1"-
#1782	REDUCE cov: 124 ft: 481 corp: 53/9591b lim: 333 exec/s: 0 rss: 29Mb L: 256/333 MS: 5 PersAutoDict-CopyPart-ChangeByte-EraseBytes-InsertRepeatedBytes- DE: "\351\000\000\000\000\000\000\000"-
#1853	REDUCE cov: 124 ft: 481 corp: 53/9590b lim: 333 exec/s: 0 rss: 29Mb L: 4/333 MS: 1 EraseBytes-
#1958	REDUCE cov: 124 ft: 481 corp: 53/9586b lim: 333 exec/s: 0 rss: 29Mb L: 252/333 MS: 5 ShuffleBytes-ChangeBinInt-ChangeBinInt-EraseBytes-CrossOver-
#1971	NEW    cov: 124 ft: 482 corp: 54/9885b lim: 333 exec/s: 0 rss: 29Mb L: 299/333 MS: 3 PersAutoDict-ShuffleBytes-CopyPart- DE: "\000\000\000\010"-
#2044	REDUCE cov: 124 ft: 482 corp: 54/9827b lim: 333 exec/s: 0 rss: 29Mb L: 194/333 MS: 3 CrossOver-ChangeBinInt-InsertRepeatedBytes-
#2143	REDUCE cov: 124 ft: 482 corp: 54/9825b lim: 333 exec/s: 0 rss: 29Mb L: 21/333 MS: 4 CMP-ChangeByte-ChangeByte-EraseBytes- DE: "avc1"-
#2188	REDUCE cov: 124 ft: 482 corp: 54/9801b lim: 333 exec/s: 0 rss: 29Mb L: 39/333 MS: 5 ChangeASCIIInt-ChangeBit-ShuffleBytes-PersAutoDict-EraseBytes- DE: "\351\000\000\000\000\000\000\000"-
#2309	REDUCE cov: 124 ft: 482 corp: 54/9799b lim: 333 exec/s: 0 rss: 29Mb L: 84/333 MS: 1 EraseBytes-
#2499	REDUCE cov: 124 ft: 482 corp: 54/9761b lim: 333 exec/s: 0 rss: 29Mb L: 165/333 MS: 5 ChangeByte-EraseBytes-EraseBytes-ChangeBit-InsertRepeatedBytes-
#2533	REDUCE cov: 124 ft: 482 corp: 54/9748b lim: 333 exec/s: 0 rss: 29Mb L: 35/333 MS: 4 PersAutoDict-CMP-ChangeBinInt-EraseBytes- DE: "moof"-"urn "-
#2785	REDUCE cov: 124 ft: 482 corp: 54/9623b lim: 333 exec/s: 0 rss: 29Mb L: 136/333 MS: 2 EraseBytes-CMP- DE: "\000\000cW\315\025\306\000"-
#2838	NEW    cov: 124 ft: 484 corp: 55/9672b lim: 333 exec/s: 0 rss: 29Mb L: 49/333 MS: 3 ShuffleBytes-InsertByte-PersAutoDict- DE: "moof"-
#2948	REDUCE cov: 124 ft: 484 corp: 55/9646b lim: 333 exec/s: 0 rss: 29Mb L: 139/333 MS: 5 PersAutoDict-ChangeBit-ChangeBinInt-CMP-CrossOver- DE: "avc1"-"!\000\000\000"-
#2964	REDUCE cov: 124 ft: 484 corp: 55/9640b lim: 333 exec/s: 0 rss: 29Mb L: 33/333 MS: 1 EraseBytes-
#3041	REDUCE cov: 124 ft: 484 corp: 55/9623b lim: 333 exec/s: 0 rss: 29Mb L: 200/333 MS: 2 ChangeBit-EraseBytes-
#3107	REDUCE cov: 124 ft: 484 corp: 55/9621b lim: 333 exec/s: 0 rss: 29Mb L: 2/333 MS: 1 EraseBytes-
#3122	REDUCE cov: 124 ft: 489 corp: 56/9708b lim: 333 exec/s: 0 rss: 29Mb L: 87/333 MS: 5 EraseBytes-ChangeBinInt-CrossOver-CMP-PersAutoDict- DE: "\001\000\000\024"-"urn "-
#3137	NEW    cov: 124 ft: 495 corp: 57/9987b lim: 333 exec/s: 0 rss: 29Mb L: 279/333 MS: 5 ChangeASCIIInt-ChangeBinInt-ChangeBinInt-ChangeBinInt-InsertRepeatedBytes-
#3234	REDUCE cov: 124 ft: 495 corp: 57/9892b lim: 333 exec/s: 0 rss: 29Mb L: 238/333 MS: 2 CopyPart-EraseBytes-
#3258	REDUCE cov: 124 ft: 495 corp: 57/9876b lim: 333 exec/s: 0 rss: 29Mb L: 290/333 MS: 4 ShuffleBytes-ChangeByte-EraseBytes-InsertRepeatedBytes-
#3320	REDUCE cov: 124 ft: 496 corp: 58/10145b lim: 333 exec/s: 0 rss: 29Mb L: 269/333 MS: 2 CrossOver-EraseBytes-
#3407	REDUCE cov: 124 ft: 496 corp: 58/10143b lim: 333 exec/s: 0 rss: 29Mb L: 134/333 MS: 2 EraseBytes-CMP- DE: "avc1"-
#3454	NEW    cov: 124 ft: 497 corp: 59/10470b lim: 333 exec/s: 0 rss: 29Mb L: 327/333 MS: 2 PersAutoDict-PersAutoDict- DE: "\000\000\000\010"-"\210\207\207\207"-
#3518	REDUCE cov: 124 ft: 497 corp: 59/10467b lim: 333 exec/s: 0 rss: 29Mb L: 18/333 MS: 4 ChangeByte-PersAutoDict-ChangeByte-EraseBytes- DE: "moof"-
#3648	REDUCE cov: 124 ft: 497 corp: 59/10451b lim: 333 exec/s: 0 rss: 29Mb L: 138/333 MS: 5 InsertByte-EraseBytes-ShuffleBytes-CopyPart-CrossOver-
#3684	REDUCE cov: 124 ft: 497 corp: 59/10389b lim: 333 exec/s: 0 rss: 29Mb L: 72/333 MS: 1 EraseBytes-
#3795	REDUCE cov: 124 ft: 497 corp: 59/10388b lim: 333 exec/s: 0 rss: 29Mb L: 71/333 MS: 1 EraseBytes-
#3826	REDUCE cov: 124 ft: 497 corp: 59/10368b lim: 333 exec/s: 0 rss: 29Mb L: 202/333 MS: 1 EraseBytes-
#3962	REDUCE cov: 124 ft: 497 corp: 59/10363b lim: 333 exec/s: 0 rss: 29Mb L: 328/333 MS: 1 EraseBytes-
#3999	REDUCE cov: 124 ft: 497 corp: 59/10336b lim: 333 exec/s: 0 rss: 29Mb L: 252/333 MS: 2 ChangeBit-EraseBytes-
#4134	REDUCE cov: 124 ft: 497 corp: 59/10331b lim: 333 exec/s: 0 rss: 29Mb L: 323/333 MS: 5 CrossOver-ChangeBinInt-ShuffleBytes-ChangeBinInt-CrossOver-
#4193	NEW    cov: 124 ft: 500 corp: 60/10469b lim: 333 exec/s: 0 rss: 29Mb L: 138/333 MS: 4 ChangeBit-ChangeBinInt-ChangeBit-EraseBytes-
#4220	REDUCE cov: 124 ft: 500 corp: 60/10392b lim: 333 exec/s: 0 rss: 29Mb L: 184/333 MS: 2 CopyPart-EraseBytes-
#4291	NEW    cov: 124 ft: 501 corp: 61/10616b lim: 333 exec/s: 0 rss: 29Mb L: 224/333 MS: 1 CMP- DE: "jsom"-
#4312	REDUCE cov: 124 ft: 501 corp: 61/10615b lim: 333 exec/s: 0 rss: 29Mb L: 1/333 MS: 1 EraseBytes-
#4334	REDUCE cov: 124 ft: 501 corp: 61/10590b lim: 333 exec/s: 0 rss: 29Mb L: 227/333 MS: 2 ChangeBit-EraseBytes-
#4352	REDUCE cov: 124 ft: 501 corp: 61/10571b lim: 333 exec/s: 0 rss: 29Mb L: 30/333 MS: 3 CopyPart-EraseBytes-ChangeBinInt-
#4454	REDUCE cov: 124 ft: 501 corp: 61/10550b lim: 333 exec/s: 0 rss: 29Mb L: 217/333 MS: 2 ChangeBit-EraseBytes-
#4498	NEW    cov: 124 ft: 502 corp: 62/10816b lim: 333 exec/s: 0 rss: 29Mb L: 266/333 MS: 4 EraseBytes-PersAutoDict-ShuffleBytes-CrossOver- DE: "\001\000\000\024"-
#4847	REDUCE cov: 124 ft: 502 corp: 62/10744b lim: 333 exec/s: 0 rss: 29Mb L: 248/333 MS: 4 ChangeByte-InsertByte-InsertByte-EraseBytes-
#5052	REDUCE cov: 124 ft: 502 corp: 62/10743b lim: 333 exec/s: 0 rss: 29Mb L: 47/333 MS: 5 InsertRepeatedBytes-ChangeBinInt-EraseBytes-CMP-PersAutoDict- DE: "ipma"-"mdat"-
#5054	REDUCE cov: 124 ft: 502 corp: 62/10739b lim: 333 exec/s: 0 rss: 29Mb L: 26/333 MS: 2 CMP-EraseBytes- DE: "\030\000"-
#5143	REDUCE cov: 124 ft: 502 corp: 62/10691b lim: 333 exec/s: 0 rss: 29Mb L: 90/333 MS: 4 CMP-CrossOver-ChangeBit-EraseBytes- DE: "edts"-
#5438	REDUCE cov: 124 ft: 502 corp: 62/10655b lim: 333 exec/s: 0 rss: 29Mb L: 278/333 MS: 5 InsertRepeatedBytes-InsertRepeatedBytes-ChangeByte-CrossOver-EraseBytes-
#5449	REDUCE cov: 124 ft: 502 corp: 62/10652b lim: 333 exec/s: 0 rss: 29Mb L: 135/333 MS: 1 EraseBytes-
#6048	REDUCE cov: 124 ft: 502 corp: 62/10628b lim: 333 exec/s: 0 rss: 29Mb L: 41/333 MS: 4 ShuffleBytes-EraseBytes-CopyPart-ChangeByte-
#6355	REDUCE cov: 124 ft: 502 corp: 62/10560b lim: 333 exec/s: 6355 rss: 29Mb L: 104/333 MS: 1 EraseBytes-
#6434	REDUCE cov: 124 ft: 502 corp: 62/10544b lim: 333 exec/s: 6434 rss: 29Mb L: 31/333 MS: 4 ShuffleBytes-ChangeBinInt-InsertByte-EraseBytes-
#6435	REDUCE cov: 124 ft: 502 corp: 62/10535b lim: 333 exec/s: 6435 rss: 29Mb L: 22/333 MS: 1 EraseBytes-
#6455	NEW    cov: 125 ft: 504 corp: 63/10767b lim: 333 exec/s: 6455 rss: 29Mb L: 232/333 MS: 5 ShuffleBytes-ShuffleBytes-CMP-ShuffleBytes-EraseBytes- DE: "\003\000\000\000\001\000\000\000"-
#6515	REDUCE cov: 125 ft: 504 corp: 63/10766b lim: 333 exec/s: 6515 rss: 29Mb L: 17/333 MS: 5 CrossOver-ChangeByte-EraseBytes-InsertByte-InsertByte-
#6628	NEW    cov: 125 ft: 505 corp: 64/11094b lim: 333 exec/s: 6628 rss: 29Mb L: 328/333 MS: 3 InsertByte-CMP-InsertRepeatedBytes- DE: "#\302\251n"-
#6890	NEW    cov: 125 ft: 506 corp: 65/11427b lim: 333 exec/s: 6890 rss: 29Mb L: 333/333 MS: 2 ShuffleBytes-PersAutoDict- DE: "&\001\000\000\000\000\000\000"-
#7086	REDUCE cov: 125 ft: 506 corp: 65/11423b lim: 333 exec/s: 7086 rss: 29Mb L: 22/333 MS: 1 EraseBytes-
#7242	REDUCE cov: 125 ft: 506 corp: 65/11419b lim: 333 exec/s: 7242 rss: 29Mb L: 213/333 MS: 1 EraseBytes-
#7556	REDUCE cov: 125 ft: 506 corp: 65/11417b lim: 333 exec/s: 7556 rss: 29Mb L: 225/333 MS: 4 PersAutoDict-ChangeBit-ShuffleBytes-EraseBytes- DE: "avc1"-
#8068	NEW    cov: 126 ft: 508 corp: 66/11650b lim: 333 exec/s: 8068 rss: 29Mb L: 233/333 MS: 2 InsertByte-CMP- DE: "\000\003"-
#8156	REDUCE cov: 126 ft: 508 corp: 66/11627b lim: 333 exec/s: 8156 rss: 29Mb L: 210/333 MS: 3 ChangeByte-ShuffleBytes-EraseBytes-
#8241	REDUCE cov: 126 ft: 508 corp: 66/11625b lim: 333 exec/s: 8241 rss: 29Mb L: 82/333 MS: 5 CMP-ChangeBinInt-ShuffleBytes-ChangeBit-EraseBytes- DE: "\001 "-
#8581	NEW    cov: 126 ft: 531 corp: 67/11944b lim: 333 exec/s: 8581 rss: 29Mb L: 319/333 MS: 5 ChangeBit-ChangeByte-ChangeBit-ChangeBit-CMP- DE: "mfra"-
#8616	REDUCE cov: 126 ft: 531 corp: 67/11939b lim: 333 exec/s: 8616 rss: 29Mb L: 17/333 MS: 5 ChangeBit-PersAutoDict-ChangeBit-ChangeBinInt-EraseBytes- DE: "\001 "-
#8814	REDUCE cov: 126 ft: 531 corp: 67/11908b lim: 333 exec/s: 8814 rss: 29Mb L: 59/333 MS: 3 ChangeBit-ShuffleBytes-EraseBytes-
#9039	REDUCE cov: 126 ft: 531 corp: 67/11901b lim: 333 exec/s: 9039 rss: 29Mb L: 272/333 MS: 5 CopyPart-InsertByte-CMP-EraseBytes-InsertRepeatedBytes- DE: "\001\000"-
#9077	REDUCE cov: 126 ft: 531 corp: 67/11879b lim: 333 exec/s: 9077 rss: 29Mb L: 188/333 MS: 3 EraseBytes-ShuffleBytes-InsertRepeatedBytes-
#9113	REDUCE cov: 126 ft: 531 corp: 67/11876b lim: 333 exec/s: 9113 rss: 29Mb L: 51/333 MS: 1 EraseBytes-
#9237	REDUCE cov: 126 ft: 531 corp: 67/11868b lim: 333 exec/s: 9237 rss: 29Mb L: 319/333 MS: 4 ChangeBinInt-EraseBytes-CopyPart-InsertRepeatedBytes-
#9291	REDUCE cov: 126 ft: 531 corp: 67/11813b lim: 333 exec/s: 9291 rss: 29Mb L: 264/333 MS: 4 ChangeByte-CrossOver-PersAutoDict-EraseBytes- DE: "mdat"-
#9422	NEW    cov: 126 ft: 533 corp: 68/12137b lim: 333 exec/s: 9422 rss: 29Mb L: 324/333 MS: 1 InsertByte-
#9423	REDUCE cov: 126 ft: 533 corp: 68/12134b lim: 333 exec/s: 9423 rss: 29Mb L: 14/333 MS: 1 EraseBytes-
#9694	REDUCE cov: 126 ft: 533 corp: 68/12130b lim: 333 exec/s: 9694 rss: 29Mb L: 10/333 MS: 1 EraseBytes-
#9822	REDUCE cov: 126 ft: 533 corp: 68/12105b lim: 333 exec/s: 9822 rss: 29Mb L: 62/333 MS: 3 CMP-ShuffleBytes-EraseBytes- DE: "mere"-
#10039	REDUCE cov: 126 ft: 533 corp: 68/12104b lim: 333 exec/s: 10039 rss: 29Mb L: 25/333 MS: 2 CrossOver-EraseBytes-
#10295	REDUCE cov: 126 ft: 533 corp: 68/12101b lim: 333 exec/s: 10295 rss: 29Mb L: 210/333 MS: 1 EraseBytes-
#10319	REDUCE cov: 126 ft: 533 corp: 68/12098b lim: 333 exec/s: 10319 rss: 29Mb L: 89/333 MS: 4 CrossOver-ChangeBit-ChangeByte-EraseBytes-
#10366	REDUCE cov: 126 ft: 533 corp: 68/12094b lim: 333 exec/s: 10366 rss: 29Mb L: 100/333 MS: 2 ChangeBit-EraseBytes-
#10794	REDUCE cov: 126 ft: 533 corp: 68/12083b lim: 333 exec/s: 10794 rss: 29Mb L: 264/333 MS: 3 CopyPart-InsertByte-EraseBytes-
#10965	REDUCE cov: 126 ft: 534 corp: 69/12311b lim: 333 exec/s: 10965 rss: 29Mb L: 228/333 MS: 1 EraseBytes-
#11168	REDUCE cov: 126 ft: 534 corp: 69/12302b lim: 333 exec/s: 11168 rss: 29Mb L: 53/333 MS: 3 InsertByte-CopyPart-EraseBytes-
#12604	REDUCE cov: 126 ft: 534 corp: 69/12299b lim: 341 exec/s: 12604 rss: 29Mb L: 19/333 MS: 1 EraseBytes-
#12733	REDUCE cov: 126 ft: 534 corp: 69/12298b lim: 341 exec/s: 6366 rss: 29Mb L: 10/333 MS: 4 ChangeByte-CMP-InsertByte-EraseBytes- DE: "\377\377\377\377\377\377\377\377"-
#12956	REDUCE cov: 126 ft: 534 corp: 69/12297b lim: 341 exec/s: 6478 rss: 29Mb L: 9/333 MS: 2 EraseBytes-PersAutoDict- DE: "urn "-
#13029	REDUCE cov: 126 ft: 534 corp: 69/12296b lim: 341 exec/s: 6514 rss: 29Mb L: 24/333 MS: 3 ShuffleBytes-ChangeBinInt-EraseBytes-
#13085	REDUCE cov: 126 ft: 536 corp: 70/12560b lim: 341 exec/s: 6542 rss: 29Mb L: 264/333 MS: 1 PersAutoDict- DE: "edts"-
#13539	REDUCE cov: 126 ft: 541 corp: 71/12852b lim: 341 exec/s: 6769 rss: 29Mb L: 292/333 MS: 4 ChangeBit-InsertRepeatedBytes-CopyPart-CopyPart-
#13560	REDUCE cov: 126 ft: 541 corp: 71/12841b lim: 341 exec/s: 6780 rss: 29Mb L: 60/333 MS: 1 EraseBytes-
#13673	REDUCE cov: 126 ft: 541 corp: 71/12793b lim: 341 exec/s: 6836 rss: 29Mb L: 52/333 MS: 3 CrossOver-CopyPart-EraseBytes-
#13711	REDUCE cov: 126 ft: 541 corp: 71/12691b lim: 341 exec/s: 6855 rss: 29Mb L: 221/333 MS: 3 CrossOver-InsertByte-InsertRepeatedBytes-
==904743== ERROR: libFuzzer: out-of-memory (used: 1315Mb; limit: 1024Mb)
   To change the out-of-memory limit use -rss_limit_mb=<N>

MS: 3 PersAutoDict-ShuffleBytes-CopyPart- DE: "#\302\251n"-; base unit: 017a5865c3d5994977a2557a755caff172de6fa7
artifact_prefix='/results/crashes/20260313_191056_86ff5863_'; Test unit written to /results/crashes/20260313_191056_86ff5863_oom-10c1b9ad24751b5a091d62b482a9b53078689b43
SUMMARY: libFuzzer: out-of-memory
stat::number_of_executed_units: 13774
stat::average_exec_per_sec:     4591
stat::new_units_added:          151
stat::slowest_unit_time_sec:    0
stat::peak_rss_mb:              1316
