INFO: Running with entropic power schedule (0xFF, 100).
INFO: Seed: 1289898394
INFO: Loaded 1 modules   (252 inline 8-bit counters): 252 [0x578e90ee2678, 0x578e90ee2774), 
INFO: Loaded 1 PC tables (252 PCs): 252 [0x578e90ee2778,0x578e90ee3738), 
INFO:        4 files found in /tmp/corpus_20260313_144333_949d27e4
INFO: seed corpus: files: 4 min: 48b max: 333b total: 853b rss: 28Mb
#5	INITED cov: 119 ft: 253 corp: 4/853b exec/s: 0 rss: 29Mb
#10	NEW    cov: 119 ft: 269 corp: 5/954b lim: 333 exec/s: 0 rss: 29Mb L: 101/333 MS: 5 ShuffleBytes-ChangeByte-ChangeBit-ShuffleBytes-CrossOver-
#12	NEW    cov: 119 ft: 270 corp: 6/1015b lim: 333 exec/s: 0 rss: 29Mb L: 61/333 MS: 2 ChangeBit-EraseBytes-
#13	NEW    cov: 119 ft: 275 corp: 7/1056b lim: 333 exec/s: 0 rss: 29Mb L: 41/333 MS: 1 EraseBytes-
#15	NEW    cov: 119 ft: 285 corp: 8/1117b lim: 333 exec/s: 0 rss: 29Mb L: 61/333 MS: 2 ChangeASCIIInt-ChangeBit-
#21	NEW    cov: 119 ft: 287 corp: 9/1377b lim: 333 exec/s: 0 rss: 29Mb L: 260/333 MS: 1 CrossOver-
#25	NEW    cov: 119 ft: 300 corp: 10/1598b lim: 333 exec/s: 0 rss: 29Mb L: 221/333 MS: 4 ChangeByte-ChangeBit-ChangeByte-InsertByte-
#29	NEW    cov: 119 ft: 332 corp: 11/1820b lim: 333 exec/s: 0 rss: 29Mb L: 222/333 MS: 4 CrossOver-InsertByte-InsertByte-ChangeBinInt-
#33	NEW    cov: 119 ft: 333 corp: 12/1884b lim: 333 exec/s: 0 rss: 29Mb L: 64/333 MS: 4 ChangeBinInt-CopyPart-CrossOver-ChangeBit-
#34	NEW    cov: 119 ft: 342 corp: 13/2152b lim: 333 exec/s: 0 rss: 29Mb L: 268/333 MS: 1 CrossOver-
#37	NEW    cov: 120 ft: 343 corp: 14/2387b lim: 333 exec/s: 0 rss: 29Mb L: 235/333 MS: 3 ChangeBinInt-ChangeBit-CrossOver-
#38	NEW    cov: 120 ft: 347 corp: 15/2533b lim: 333 exec/s: 0 rss: 29Mb L: 146/333 MS: 1 InsertRepeatedBytes-
#44	NEW    cov: 120 ft: 368 corp: 16/2665b lim: 333 exec/s: 0 rss: 29Mb L: 132/333 MS: 1 CrossOver-
#45	NEW    cov: 121 ft: 370 corp: 17/2901b lim: 333 exec/s: 0 rss: 29Mb L: 236/333 MS: 1 InsertByte-
#49	NEW    cov: 121 ft: 371 corp: 18/3127b lim: 333 exec/s: 0 rss: 29Mb L: 226/333 MS: 4 ChangeBit-ChangeASCIIInt-ChangeBit-CopyPart-
#50	NEW    cov: 121 ft: 372 corp: 19/3447b lim: 333 exec/s: 0 rss: 29Mb L: 320/333 MS: 1 InsertRepeatedBytes-
#56	NEW    cov: 121 ft: 378 corp: 20/3584b lim: 333 exec/s: 0 rss: 29Mb L: 137/333 MS: 1 CrossOver-
#59	NEW    cov: 121 ft: 379 corp: 21/3658b lim: 333 exec/s: 0 rss: 29Mb L: 74/333 MS: 3 ChangeByte-CrossOver-EraseBytes-
#69	NEW    cov: 121 ft: 380 corp: 22/3966b lim: 333 exec/s: 0 rss: 29Mb L: 308/333 MS: 5 InsertByte-CopyPart-ShuffleBytes-ChangeBit-InsertRepeatedBytes-
#70	NEW    cov: 121 ft: 381 corp: 23/4285b lim: 333 exec/s: 0 rss: 29Mb L: 319/333 MS: 1 CrossOver-
#75	NEW    cov: 121 ft: 382 corp: 24/4509b lim: 333 exec/s: 0 rss: 29Mb L: 224/333 MS: 5 ChangeBinInt-ChangeBit-ChangeBinInt-ChangeByte-CrossOver-
#78	NEW    cov: 122 ft: 392 corp: 25/4830b lim: 333 exec/s: 0 rss: 29Mb L: 321/333 MS: 3 ChangeBinInt-InsertRepeatedBytes-CopyPart-
#99	NEW    cov: 122 ft: 393 corp: 26/4931b lim: 333 exec/s: 0 rss: 29Mb L: 101/333 MS: 1 CMP- DE: "\000\000\000 "-
#102	NEW    cov: 122 ft: 394 corp: 27/5252b lim: 333 exec/s: 0 rss: 29Mb L: 321/333 MS: 3 CrossOver-InsertByte-InsertRepeatedBytes-
#112	NEW    cov: 122 ft: 396 corp: 28/5380b lim: 333 exec/s: 0 rss: 29Mb L: 128/333 MS: 5 ChangeBit-InsertRepeatedBytes-ChangeBit-ChangeByte-CrossOver-
#120	NEW    cov: 122 ft: 397 corp: 29/5462b lim: 333 exec/s: 0 rss: 29Mb L: 82/333 MS: 3 EraseBytes-ChangeBit-EraseBytes-
#125	NEW    cov: 122 ft: 398 corp: 30/5548b lim: 333 exec/s: 0 rss: 29Mb L: 86/333 MS: 5 ShuffleBytes-EraseBytes-ChangeByte-ChangeBit-CrossOver-
#126	REDUCE cov: 122 ft: 398 corp: 30/5468b lim: 333 exec/s: 0 rss: 29Mb L: 146/333 MS: 1 EraseBytes-
#127	REDUCE cov: 122 ft: 398 corp: 30/5461b lim: 333 exec/s: 0 rss: 29Mb L: 301/333 MS: 1 EraseBytes-
#143	NEW    cov: 122 ft: 401 corp: 31/5498b lim: 333 exec/s: 0 rss: 29Mb L: 37/333 MS: 1 EraseBytes-
#153	NEW    cov: 122 ft: 402 corp: 32/5786b lim: 333 exec/s: 0 rss: 29Mb L: 288/333 MS: 5 EraseBytes-ChangeBit-ChangeByte-InsertRepeatedBytes-CopyPart-
#154	NEW    cov: 122 ft: 404 corp: 33/6042b lim: 333 exec/s: 0 rss: 29Mb L: 256/333 MS: 1 PersAutoDict- DE: "\000\000\000 "-
#162	NEW    cov: 122 ft: 417 corp: 34/6258b lim: 333 exec/s: 0 rss: 29Mb L: 216/333 MS: 3 ChangeByte-EraseBytes-ChangeBit-
#170	NEW    cov: 122 ft: 418 corp: 35/6482b lim: 333 exec/s: 0 rss: 29Mb L: 224/333 MS: 3 ShuffleBytes-ShuffleBytes-PersAutoDict- DE: "\000\000\000 "-
#193	NEW    cov: 122 ft: 419 corp: 36/6529b lim: 333 exec/s: 0 rss: 29Mb L: 47/333 MS: 3 ChangeByte-ChangeBinInt-EraseBytes-
#194	NEW    cov: 122 ft: 420 corp: 37/6730b lim: 333 exec/s: 0 rss: 29Mb L: 201/333 MS: 1 CrossOver-
#204	NEW    cov: 122 ft: 421 corp: 38/6780b lim: 333 exec/s: 0 rss: 29Mb L: 50/333 MS: 5 ChangeBit-CrossOver-CrossOver-ChangeByte-InsertByte-
#225	NEW    cov: 122 ft: 427 corp: 39/7094b lim: 333 exec/s: 0 rss: 29Mb L: 314/333 MS: 1 CrossOver-
#226	NEW    cov: 122 ft: 428 corp: 40/7427b lim: 333 exec/s: 0 rss: 29Mb L: 333/333 MS: 1 CMP- DE: "mdat"-
#234	NEW    cov: 123 ft: 429 corp: 41/7755b lim: 333 exec/s: 0 rss: 29Mb L: 328/333 MS: 3 CMP-ShuffleBytes-CopyPart- DE: "\001\000\000\010"-
#240	NEW    cov: 123 ft: 430 corp: 42/7796b lim: 333 exec/s: 0 rss: 29Mb L: 41/333 MS: 1 PersAutoDict- DE: "\000\000\000 "-
#242	NEW    cov: 123 ft: 431 corp: 43/8080b lim: 333 exec/s: 0 rss: 29Mb L: 284/333 MS: 2 EraseBytes-ChangeBinInt-
#261	NEW    cov: 123 ft: 432 corp: 44/8219b lim: 333 exec/s: 0 rss: 29Mb L: 139/333 MS: 4 CrossOver-CMP-CopyPart-CopyPart- DE: "\001\000\000\010"-
#278	NEW    cov: 123 ft: 440 corp: 45/8251b lim: 333 exec/s: 0 rss: 29Mb L: 32/333 MS: 2 CMP-EraseBytes- DE: "\000\000"-
#293	NEW    cov: 123 ft: 441 corp: 46/8385b lim: 333 exec/s: 0 rss: 29Mb L: 134/333 MS: 5 ShuffleBytes-PersAutoDict-ChangeASCIIInt-ShuffleBytes-PersAutoDict- DE: "\000\000"-"mdat"-
#348	REDUCE cov: 123 ft: 441 corp: 46/8377b lim: 333 exec/s: 0 rss: 29Mb L: 129/333 MS: 5 ChangeByte-ShuffleBytes-CopyPart-InsertByte-EraseBytes-
#457	NEW    cov: 123 ft: 449 corp: 47/8402b lim: 333 exec/s: 0 rss: 29Mb L: 25/333 MS: 4 ChangeBinInt-ChangeASCIIInt-ShuffleBytes-EraseBytes-
#464	REDUCE cov: 123 ft: 449 corp: 47/8268b lim: 333 exec/s: 0 rss: 29Mb L: 194/333 MS: 2 ShuffleBytes-EraseBytes-
#474	NEW    cov: 123 ft: 450 corp: 48/8551b lim: 333 exec/s: 0 rss: 29Mb L: 283/333 MS: 5 EraseBytes-ChangeByte-CopyPart-ChangeASCIIInt-InsertByte-
#525	NEW    cov: 123 ft: 456 corp: 49/8811b lim: 333 exec/s: 0 rss: 29Mb L: 260/333 MS: 1 PersAutoDict- DE: "\001\000\000\010"-
#546	NEW    cov: 123 ft: 468 corp: 50/8823b lim: 333 exec/s: 0 rss: 29Mb L: 12/333 MS: 1 CrossOver-
#547	NEW    cov: 123 ft: 470 corp: 51/8859b lim: 333 exec/s: 0 rss: 29Mb L: 36/333 MS: 1 PersAutoDict- DE: "mdat"-
#561	REDUCE cov: 123 ft: 470 corp: 51/8858b lim: 333 exec/s: 0 rss: 29Mb L: 128/333 MS: 4 ShuffleBytes-InsertRepeatedBytes-ShuffleBytes-EraseBytes-
#567	NEW    cov: 123 ft: 478 corp: 52/8874b lim: 333 exec/s: 0 rss: 29Mb L: 16/333 MS: 1 CopyPart-
#571	NEW    cov: 123 ft: 480 corp: 53/8882b lim: 333 exec/s: 0 rss: 29Mb L: 8/333 MS: 4 InsertByte-ChangeByte-CMP-CrossOver- DE: "\001\000\000\000"-
#572	NEW    cov: 123 ft: 485 corp: 54/8898b lim: 333 exec/s: 0 rss: 29Mb L: 16/333 MS: 1 PersAutoDict- DE: "mdat"-
#707	REDUCE cov: 123 ft: 485 corp: 54/8752b lim: 333 exec/s: 0 rss: 29Mb L: 48/333 MS: 5 CrossOver-ChangeBit-ShuffleBytes-EraseBytes-EraseBytes-
#819	NEW    cov: 124 ft: 486 corp: 55/8758b lim: 333 exec/s: 0 rss: 29Mb L: 6/333 MS: 2 ChangeByte-EraseBytes-
#860	REDUCE cov: 124 ft: 486 corp: 55/8746b lim: 333 exec/s: 0 rss: 29Mb L: 35/333 MS: 1 EraseBytes-
#966	REDUCE cov: 124 ft: 486 corp: 55/8691b lim: 333 exec/s: 0 rss: 29Mb L: 180/333 MS: 1 EraseBytes-
#1020	NEW    cov: 124 ft: 487 corp: 56/8955b lim: 333 exec/s: 0 rss: 29Mb L: 264/333 MS: 4 PersAutoDict-CMP-ChangeBinInt-ChangeBit- DE: "\001\000\000\000"-"ispe"-
#1033	REDUCE cov: 124 ft: 487 corp: 56/8950b lim: 333 exec/s: 0 rss: 29Mb L: 27/333 MS: 3 ShuffleBytes-EraseBytes-InsertRepeatedBytes-
#1057	REDUCE cov: 124 ft: 487 corp: 56/8923b lim: 333 exec/s: 0 rss: 29Mb L: 47/333 MS: 4 PersAutoDict-EraseBytes-EraseBytes-CMP- DE: "ispe"-"\000\000r\372p\0004\301"-
#1059	NEW    cov: 124 ft: 488 corp: 57/9213b lim: 333 exec/s: 0 rss: 29Mb L: 290/333 MS: 2 ChangeBinInt-CrossOver-
#1113	NEW    cov: 124 ft: 490 corp: 58/9244b lim: 333 exec/s: 0 rss: 29Mb L: 31/333 MS: 4 ShuffleBytes-ChangeByte-ChangeBit-CrossOver-
#1156	NEW    cov: 125 ft: 491 corp: 59/9573b lim: 333 exec/s: 0 rss: 29Mb L: 329/333 MS: 3 InsertRepeatedBytes-InsertByte-InsertRepeatedBytes-
#1158	NEW    cov: 125 ft: 493 corp: 60/9773b lim: 333 exec/s: 0 rss: 29Mb L: 200/333 MS: 2 ChangeBinInt-EraseBytes-
#1181	NEW    cov: 125 ft: 494 corp: 61/10085b lim: 333 exec/s: 0 rss: 29Mb L: 312/333 MS: 3 ChangeBinInt-PersAutoDict-EraseBytes- DE: "\000\000r\372p\0004\301"-
#1243	REDUCE cov: 125 ft: 494 corp: 61/10043b lim: 333 exec/s: 0 rss: 29Mb L: 158/333 MS: 2 PersAutoDict-EraseBytes- DE: "mdat"-
#1259	REDUCE cov: 125 ft: 494 corp: 61/10037b lim: 333 exec/s: 0 rss: 29Mb L: 140/333 MS: 1 EraseBytes-
#1280	REDUCE cov: 125 ft: 494 corp: 61/10032b lim: 333 exec/s: 0 rss: 29Mb L: 36/333 MS: 1 EraseBytes-
#1318	REDUCE cov: 125 ft: 494 corp: 61/9983b lim: 333 exec/s: 0 rss: 29Mb L: 203/333 MS: 3 CMP-EraseBytes-CopyPart- DE: "edts"-
#1360	REDUCE cov: 125 ft: 494 corp: 61/9982b lim: 333 exec/s: 0 rss: 29Mb L: 5/333 MS: 2 CopyPart-EraseBytes-
#1385	REDUCE cov: 125 ft: 494 corp: 61/9977b lim: 333 exec/s: 0 rss: 29Mb L: 42/333 MS: 5 ChangeASCIIInt-ChangeBinInt-CopyPart-ChangeBinInt-EraseBytes-
#1489	REDUCE cov: 125 ft: 494 corp: 61/9955b lim: 333 exec/s: 0 rss: 29Mb L: 60/333 MS: 4 ChangeBit-ChangeBit-CopyPart-EraseBytes-
#1510	REDUCE cov: 125 ft: 494 corp: 61/9950b lim: 333 exec/s: 0 rss: 29Mb L: 81/333 MS: 1 EraseBytes-
#1563	REDUCE cov: 125 ft: 494 corp: 61/9942b lim: 333 exec/s: 0 rss: 29Mb L: 56/333 MS: 3 EraseBytes-PersAutoDict-InsertByte- DE: "\000\000r\372p\0004\301"-
#1564	REDUCE cov: 125 ft: 494 corp: 61/9930b lim: 333 exec/s: 0 rss: 29Mb L: 24/333 MS: 1 EraseBytes-
#1570	REDUCE cov: 125 ft: 494 corp: 61/9867b lim: 333 exec/s: 0 rss: 29Mb L: 71/333 MS: 1 EraseBytes-
#1741	REDUCE cov: 125 ft: 494 corp: 61/9866b lim: 333 exec/s: 0 rss: 29Mb L: 23/333 MS: 1 EraseBytes-
#1764	REDUCE cov: 125 ft: 494 corp: 61/9843b lim: 333 exec/s: 0 rss: 29Mb L: 38/333 MS: 3 ChangeByte-EraseBytes-EraseBytes-
#1780	REDUCE cov: 125 ft: 494 corp: 61/9836b lim: 333 exec/s: 0 rss: 29Mb L: 53/333 MS: 1 EraseBytes-
#1782	REDUCE cov: 125 ft: 494 corp: 61/9832b lim: 333 exec/s: 0 rss: 29Mb L: 32/333 MS: 2 ChangeBit-EraseBytes-
#1818	NEW    cov: 125 ft: 495 corp: 62/10098b lim: 333 exec/s: 0 rss: 29Mb L: 266/333 MS: 1 PersAutoDict- DE: "\000\000"-
#1840	NEW    cov: 125 ft: 496 corp: 63/10366b lim: 333 exec/s: 0 rss: 29Mb L: 268/333 MS: 2 ChangeASCIIInt-ChangeBinInt-
#1928	NEW    cov: 126 ft: 504 corp: 64/10699b lim: 333 exec/s: 0 rss: 29Mb L: 333/333 MS: 3 CMP-ShuffleBytes-CMP- DE: "T\000\000\000"-"dref"-
#2005	REDUCE cov: 126 ft: 504 corp: 64/10695b lim: 333 exec/s: 0 rss: 29Mb L: 34/333 MS: 2 CopyPart-EraseBytes-
#2129	NEW    cov: 126 ft: 505 corp: 65/10964b lim: 333 exec/s: 0 rss: 29Mb L: 269/333 MS: 4 InsertByte-CrossOver-ShuffleBytes-PersAutoDict- DE: "ispe"-
#2140	NEW    cov: 127 ft: 506 corp: 66/11177b lim: 333 exec/s: 0 rss: 29Mb L: 213/333 MS: 1 EraseBytes-
#2196	REDUCE cov: 127 ft: 507 corp: 67/11452b lim: 333 exec/s: 0 rss: 29Mb L: 275/333 MS: 1 CopyPart-
#2403	REDUCE cov: 127 ft: 507 corp: 67/11449b lim: 333 exec/s: 0 rss: 29Mb L: 20/333 MS: 2 ChangeBinInt-EraseBytes-
#2468	REDUCE cov: 127 ft: 507 corp: 67/11350b lim: 333 exec/s: 0 rss: 29Mb L: 202/333 MS: 5 ChangeByte-InsertRepeatedBytes-InsertByte-EraseBytes-EraseBytes-
#2474	REDUCE cov: 127 ft: 507 corp: 67/11295b lim: 333 exec/s: 0 rss: 29Mb L: 220/333 MS: 1 EraseBytes-
#2615	REDUCE cov: 127 ft: 507 corp: 67/11293b lim: 333 exec/s: 0 rss: 29Mb L: 18/333 MS: 1 EraseBytes-
#2622	NEW    cov: 127 ft: 508 corp: 68/11561b lim: 333 exec/s: 0 rss: 29Mb L: 268/333 MS: 2 ShuffleBytes-PersAutoDict- DE: "ispe"-
#2799	REDUCE cov: 127 ft: 508 corp: 68/11559b lim: 333 exec/s: 0 rss: 29Mb L: 29/333 MS: 2 ChangeBit-EraseBytes-
#2821	REDUCE cov: 127 ft: 508 corp: 68/11531b lim: 333 exec/s: 0 rss: 29Mb L: 188/333 MS: 2 ShuffleBytes-EraseBytes-
#2877	REDUCE cov: 127 ft: 508 corp: 68/11524b lim: 333 exec/s: 0 rss: 29Mb L: 64/333 MS: 1 EraseBytes-
#2913	REDUCE cov: 127 ft: 508 corp: 68/11490b lim: 333 exec/s: 0 rss: 29Mb L: 146/333 MS: 1 EraseBytes-
#2926	REDUCE cov: 127 ft: 508 corp: 68/11474b lim: 333 exec/s: 0 rss: 29Mb L: 32/333 MS: 3 PersAutoDict-InsertByte-EraseBytes- DE: "ispe"-
#2944	REDUCE cov: 127 ft: 508 corp: 68/11471b lim: 333 exec/s: 0 rss: 29Mb L: 29/333 MS: 3 CMP-CopyPart-EraseBytes- DE: "hvc1"-
#3021	REDUCE cov: 127 ft: 508 corp: 68/11463b lim: 333 exec/s: 0 rss: 29Mb L: 216/333 MS: 2 CopyPart-EraseBytes-
#3034	REDUCE cov: 127 ft: 508 corp: 68/11457b lim: 333 exec/s: 0 rss: 29Mb L: 31/333 MS: 3 ChangeBinInt-CopyPart-EraseBytes-
#3105	REDUCE cov: 127 ft: 508 corp: 68/11455b lim: 333 exec/s: 0 rss: 29Mb L: 211/333 MS: 1 EraseBytes-
#3117	NEW    cov: 127 ft: 509 corp: 69/11646b lim: 333 exec/s: 0 rss: 29Mb L: 191/333 MS: 2 EraseBytes-ChangeByte-
#3131	REDUCE cov: 127 ft: 509 corp: 69/11636b lim: 333 exec/s: 0 rss: 29Mb L: 25/333 MS: 4 ChangeASCIIInt-ChangeBit-ChangeByte-EraseBytes-
#3185	REDUCE cov: 127 ft: 509 corp: 69/11628b lim: 333 exec/s: 0 rss: 29Mb L: 10/333 MS: 4 ChangeBit-ShuffleBytes-PersAutoDict-EraseBytes- DE: "\000\000\000 "-
#3203	REDUCE cov: 127 ft: 509 corp: 69/11623b lim: 333 exec/s: 0 rss: 29Mb L: 215/333 MS: 3 CopyPart-CopyPart-EraseBytes-
#3345	REDUCE cov: 127 ft: 509 corp: 69/11594b lim: 333 exec/s: 0 rss: 29Mb L: 172/333 MS: 2 ChangeBit-EraseBytes-
#3349	REDUCE cov: 127 ft: 509 corp: 69/11593b lim: 333 exec/s: 0 rss: 29Mb L: 24/333 MS: 4 ChangeByte-ChangeASCIIInt-ChangeBit-EraseBytes-
#3451	REDUCE cov: 127 ft: 509 corp: 69/11543b lim: 333 exec/s: 0 rss: 29Mb L: 165/333 MS: 2 ChangeBit-EraseBytes-
#3786	REDUCE cov: 127 ft: 509 corp: 69/11542b lim: 333 exec/s: 0 rss: 29Mb L: 11/333 MS: 5 PersAutoDict-InsertByte-ShuffleBytes-ChangeByte-EraseBytes- DE: "\001\000\000\010"-
#3943	REDUCE cov: 127 ft: 509 corp: 69/11541b lim: 333 exec/s: 0 rss: 30Mb L: 33/333 MS: 2 PersAutoDict-EraseBytes- DE: "T\000\000\000"-
#4080	REDUCE cov: 127 ft: 509 corp: 69/11512b lim: 333 exec/s: 0 rss: 30Mb L: 261/333 MS: 2 CopyPart-CrossOver-
#4112	REDUCE cov: 127 ft: 509 corp: 69/11506b lim: 333 exec/s: 0 rss: 30Mb L: 25/333 MS: 2 PersAutoDict-EraseBytes- DE: "T\000\000\000"-
#4248	REDUCE cov: 127 ft: 509 corp: 69/11502b lim: 333 exec/s: 0 rss: 30Mb L: 25/333 MS: 1 EraseBytes-
#4250	REDUCE cov: 127 ft: 509 corp: 69/11494b lim: 333 exec/s: 0 rss: 30Mb L: 53/333 MS: 2 CMP-EraseBytes- DE: "\377\377\377\377\377\377\377\177"-
#4361	REDUCE cov: 127 ft: 509 corp: 69/11480b lim: 333 exec/s: 0 rss: 30Mb L: 39/333 MS: 1 EraseBytes-
#4424	REDUCE cov: 127 ft: 509 corp: 69/11458b lim: 333 exec/s: 0 rss: 30Mb L: 42/333 MS: 3 ChangeByte-ChangeASCIIInt-EraseBytes-
#4434	REDUCE cov: 127 ft: 509 corp: 69/11453b lim: 333 exec/s: 0 rss: 30Mb L: 231/333 MS: 5 ShuffleBytes-ChangeByte-CMP-PersAutoDict-EraseBytes- DE: "sinf"-"hvc1"-
#4582	REDUCE cov: 127 ft: 509 corp: 69/11452b lim: 333 exec/s: 0 rss: 30Mb L: 4/333 MS: 3 PersAutoDict-ChangeBinInt-EraseBytes- DE: "\001\000\000\000"-
#4699	REDUCE cov: 127 ft: 509 corp: 69/11432b lim: 333 exec/s: 0 rss: 30Mb L: 22/333 MS: 2 ChangeBit-EraseBytes-
#4737	REDUCE cov: 127 ft: 509 corp: 69/11392b lim: 333 exec/s: 0 rss: 30Mb L: 125/333 MS: 3 ChangeASCIIInt-CopyPart-EraseBytes-
#4744	REDUCE cov: 127 ft: 509 corp: 69/11364b lim: 333 exec/s: 0 rss: 30Mb L: 118/333 MS: 2 PersAutoDict-EraseBytes- DE: "\000\000"-
#4747	NEW    cov: 127 ft: 510 corp: 70/11632b lim: 333 exec/s: 0 rss: 30Mb L: 268/333 MS: 3 CopyPart-ChangeBit-CopyPart-
#4983	REDUCE cov: 127 ft: 510 corp: 70/11630b lim: 333 exec/s: 0 rss: 30Mb L: 37/333 MS: 1 EraseBytes-
#5160	REDUCE cov: 127 ft: 510 corp: 70/11597b lim: 333 exec/s: 0 rss: 30Mb L: 188/333 MS: 2 InsertByte-EraseBytes-
#5292	REDUCE cov: 127 ft: 510 corp: 70/11584b lim: 333 exec/s: 0 rss: 30Mb L: 28/333 MS: 2 EraseBytes-ChangeByte-
#5743	REDUCE cov: 127 ft: 510 corp: 70/11578b lim: 333 exec/s: 0 rss: 30Mb L: 185/333 MS: 1 CrossOver-
#5821	NEW    cov: 127 ft: 515 corp: 71/11822b lim: 333 exec/s: 0 rss: 30Mb L: 244/333 MS: 3 ChangeByte-ShuffleBytes-EraseBytes-
#5879	REDUCE cov: 127 ft: 515 corp: 71/11816b lim: 333 exec/s: 0 rss: 30Mb L: 122/333 MS: 3 CopyPart-ShuffleBytes-EraseBytes-
#6123	REDUCE cov: 127 ft: 515 corp: 71/11814b lim: 333 exec/s: 0 rss: 30Mb L: 186/333 MS: 4 ChangeBinInt-ChangeBit-ChangeByte-EraseBytes-
#6390	REDUCE cov: 127 ft: 515 corp: 71/11812b lim: 333 exec/s: 0 rss: 30Mb L: 35/333 MS: 2 PersAutoDict-EraseBytes- DE: "ispe"-
#6419	REDUCE cov: 127 ft: 515 corp: 71/11811b lim: 333 exec/s: 6419 rss: 30Mb L: 100/333 MS: 4 PersAutoDict-ChangeASCIIInt-InsertByte-EraseBytes- DE: "mdat"-
#6582	REDUCE cov: 127 ft: 515 corp: 71/11810b lim: 333 exec/s: 6582 rss: 30Mb L: 10/333 MS: 2 ChangeBit-EraseBytes-
#6609	REDUCE cov: 127 ft: 515 corp: 71/11673b lim: 333 exec/s: 6609 rss: 30Mb L: 196/333 MS: 2 ChangeBinInt-EraseBytes-
#6676	REDUCE cov: 127 ft: 515 corp: 71/11665b lim: 333 exec/s: 6676 rss: 30Mb L: 17/333 MS: 2 ShuffleBytes-EraseBytes-
#7087	REDUCE cov: 127 ft: 515 corp: 71/11616b lim: 333 exec/s: 7087 rss: 30Mb L: 76/333 MS: 1 EraseBytes-
#7223	REDUCE cov: 127 ft: 515 corp: 71/11607b lim: 333 exec/s: 7223 rss: 30Mb L: 274/333 MS: 1 EraseBytes-
#7274	REDUCE cov: 127 ft: 515 corp: 71/11573b lim: 333 exec/s: 7274 rss: 30Mb L: 88/333 MS: 1 EraseBytes-
#7342	REDUCE cov: 127 ft: 515 corp: 71/11566b lim: 333 exec/s: 7342 rss: 30Mb L: 179/333 MS: 3 CopyPart-CMP-EraseBytes- DE: "urn "-
#7618	REDUCE cov: 127 ft: 515 corp: 71/11563b lim: 333 exec/s: 7618 rss: 30Mb L: 19/333 MS: 1 EraseBytes-
#7849	REDUCE cov: 127 ft: 515 corp: 71/11562b lim: 333 exec/s: 7849 rss: 30Mb L: 49/333 MS: 1 EraseBytes-
#8100	REDUCE cov: 127 ft: 515 corp: 71/11561b lim: 333 exec/s: 8100 rss: 30Mb L: 9/333 MS: 1 EraseBytes-
#8274	REDUCE cov: 127 ft: 515 corp: 71/11526b lim: 333 exec/s: 8274 rss: 30Mb L: 53/333 MS: 4 ChangeBit-PersAutoDict-ChangeBit-EraseBytes- DE: "urn "-
#8579	REDUCE cov: 127 ft: 515 corp: 71/11524b lim: 333 exec/s: 8579 rss: 30Mb L: 26/333 MS: 5 EraseBytes-ChangeByte-ChangeBinInt-InsertByte-CMP- DE: "/_\004p\372r\000\000"-
#8669	REDUCE cov: 127 ft: 515 corp: 71/11521b lim: 333 exec/s: 8669 rss: 30Mb L: 213/333 MS: 5 ChangeBinInt-CMP-EraseBytes-CMP-InsertByte- DE: "hvcC"-"\000 "-
#8671	REDUCE cov: 127 ft: 515 corp: 71/11516b lim: 333 exec/s: 8671 rss: 30Mb L: 255/333 MS: 2 ChangeASCIIInt-EraseBytes-
#9191	REDUCE cov: 127 ft: 515 corp: 71/11440b lim: 333 exec/s: 9191 rss: 30Mb L: 112/333 MS: 5 ChangeBit-ChangeBinInt-ShuffleBytes-InsertRepeatedBytes-EraseBytes-
#9214	REDUCE cov: 127 ft: 515 corp: 71/11439b lim: 333 exec/s: 9214 rss: 30Mb L: 195/333 MS: 3 ShuffleBytes-CMP-EraseBytes- DE: "\000\000\000\010"-
#9308	REDUCE cov: 127 ft: 515 corp: 71/11355b lim: 333 exec/s: 9308 rss: 30Mb L: 88/333 MS: 4 InsertRepeatedBytes-EraseBytes-ChangeBinInt-EraseBytes-
#9714	REDUCE cov: 127 ft: 515 corp: 71/11354b lim: 333 exec/s: 9714 rss: 30Mb L: 9/333 MS: 1 EraseBytes-
#9952	REDUCE cov: 127 ft: 515 corp: 71/11314b lim: 333 exec/s: 9952 rss: 30Mb L: 248/333 MS: 3 ShuffleBytes-ChangeBit-EraseBytes-
#10129	REDUCE cov: 127 ft: 515 corp: 71/11313b lim: 333 exec/s: 10129 rss: 30Mb L: 3/333 MS: 2 CMP-EraseBytes- DE: " \000"-
#10195	REDUCE cov: 127 ft: 515 corp: 71/11306b lim: 333 exec/s: 10195 rss: 30Mb L: 46/333 MS: 1 EraseBytes-
#10411	REDUCE cov: 127 ft: 515 corp: 71/11305b lim: 333 exec/s: 10411 rss: 30Mb L: 2/333 MS: 1 EraseBytes-
#10473	REDUCE cov: 127 ft: 515 corp: 71/11304b lim: 333 exec/s: 10473 rss: 30Mb L: 16/333 MS: 2 ChangeBit-EraseBytes-
#10616	REDUCE cov: 127 ft: 515 corp: 71/11303b lim: 333 exec/s: 10616 rss: 30Mb L: 1/333 MS: 3 CrossOver-ChangeByte-EraseBytes-
#10678	REDUCE cov: 127 ft: 515 corp: 71/11269b lim: 333 exec/s: 10678 rss: 30Mb L: 286/333 MS: 2 CMP-EraseBytes- DE: ",ils"-
#10968	REDUCE cov: 127 ft: 516 corp: 72/11468b lim: 333 exec/s: 10968 rss: 30Mb L: 199/333 MS: 5 ChangeASCIIInt-InsertByte-ChangeBinInt-CopyPart-CopyPart-
#11044	REDUCE cov: 127 ft: 516 corp: 72/11460b lim: 333 exec/s: 11044 rss: 30Mb L: 138/333 MS: 1 EraseBytes-
#11227	NEW    cov: 127 ft: 517 corp: 73/11704b lim: 333 exec/s: 11227 rss: 30Mb L: 244/333 MS: 3 ChangeASCIIInt-CMP-ChangeBinInt- DE: "\017\000\000\000\000\000\000\000"-
#11539	REDUCE cov: 127 ft: 517 corp: 73/11685b lim: 333 exec/s: 11539 rss: 30Mb L: 57/333 MS: 2 ChangeBinInt-EraseBytes-
#11640	REDUCE cov: 127 ft: 517 corp: 73/11683b lim: 333 exec/s: 11640 rss: 30Mb L: 14/333 MS: 1 EraseBytes-
#12146	REDUCE cov: 127 ft: 517 corp: 73/11576b lim: 333 exec/s: 12146 rss: 30Mb L: 214/333 MS: 1 EraseBytes-
#12454	REDUCE cov: 127 ft: 521 corp: 74/11775b lim: 333 exec/s: 12454 rss: 30Mb L: 199/333 MS: 3 ShuffleBytes-PersAutoDict-CMP- DE: "urn "-"mdia"-
#12610	REDUCE cov: 127 ft: 521 corp: 74/11746b lim: 333 exec/s: 12610 rss: 30Mb L: 89/333 MS: 1 EraseBytes-
#12737	REDUCE cov: 127 ft: 521 corp: 74/11745b lim: 333 exec/s: 12737 rss: 30Mb L: 8/333 MS: 2 EraseBytes-InsertByte-
#12758	REDUCE cov: 127 ft: 521 corp: 74/11717b lim: 333 exec/s: 12758 rss: 30Mb L: 240/333 MS: 1 EraseBytes-
#12979	REDUCE cov: 127 ft: 521 corp: 74/11709b lim: 333 exec/s: 12979 rss: 30Mb L: 24/333 MS: 1 EraseBytes-
#13130	REDUCE cov: 127 ft: 521 corp: 74/11705b lim: 333 exec/s: 13130 rss: 30Mb L: 210/333 MS: 1 EraseBytes-
#13243	REDUCE cov: 127 ft: 521 corp: 74/11704b lim: 333 exec/s: 6621 rss: 30Mb L: 41/333 MS: 3 ChangeByte-CMP-EraseBytes- DE: "\021\000\000\000"-
#13701	REDUCE cov: 127 ft: 521 corp: 74/11699b lim: 333 exec/s: 6850 rss: 30Mb L: 205/333 MS: 3 CrossOver-ChangeBinInt-EraseBytes-
#13856	REDUCE cov: 127 ft: 521 corp: 74/11698b lim: 333 exec/s: 6928 rss: 30Mb L: 26/333 MS: 5 ChangeByte-ChangeByte-CopyPart-EraseBytes-PersAutoDict- DE: "sinf"-
#14101	REDUCE cov: 127 ft: 522 corp: 75/11712b lim: 333 exec/s: 7050 rss: 30Mb L: 14/333 MS: 5 ShuffleBytes-ChangeByte-CopyPart-ChangeByte-ChangeBit-
==62095== ERROR: libFuzzer: out-of-memory (used: 1346Mb; limit: 1024Mb)
   To change the out-of-memory limit use -rss_limit_mb=<N>

MS: 5 ShuffleBytes-CrossOver-InsertByte-ChangeBinInt-PersAutoDict- DE: "hvc1"-; base unit: ac6aecec9bd552ade593b180ef54943674e33c6e
artifact_prefix='/results/crashes/20260313_144333_949d27e4_'; Test unit written to /results/crashes/20260313_144333_949d27e4_oom-01dfe0546b2f67900430a3ce9f301c0878b03682
SUMMARY: libFuzzer: out-of-memory
stat::number_of_executed_units: 14211
stat::average_exec_per_sec:     4737
stat::new_units_added:          174
stat::slowest_unit_time_sec:    0
stat::peak_rss_mb:              1346
