INFO: Running with entropic power schedule (0xFF, 100).
INFO: Seed: 1190198387
INFO: Loaded 1 modules   (252 inline 8-bit counters): 252 [0x63909a96a678, 0x63909a96a774), 
INFO: Loaded 1 PC tables (252 PCs): 252 [0x63909a96a778,0x63909a96b738), 
INFO:        4 files found in /tmp/corpus_20260313_183057_ccb5bb05
INFO: seed corpus: files: 4 min: 48b max: 333b total: 853b rss: 28Mb
#5	INITED cov: 117 ft: 250 corp: 4/853b exec/s: 0 rss: 29Mb
#7	NEW    cov: 117 ft: 252 corp: 5/1186b lim: 333 exec/s: 0 rss: 29Mb L: 333/333 MS: 2 ShuffleBytes-CopyPart-
#8	NEW    cov: 117 ft: 254 corp: 6/1234b lim: 333 exec/s: 0 rss: 29Mb L: 48/333 MS: 1 CMP- DE: "\177\377\377\377\377\377\377\377"-
#12	NEW    cov: 117 ft: 255 corp: 7/1437b lim: 333 exec/s: 0 rss: 29Mb L: 203/333 MS: 4 ChangeByte-ChangeByte-CMP-EraseBytes- DE: "St13runtime_"-
#18	NEW    cov: 117 ft: 265 corp: 8/1488b lim: 333 exec/s: 0 rss: 29Mb L: 51/333 MS: 1 CopyPart-
#19	NEW    cov: 117 ft: 267 corp: 9/1709b lim: 333 exec/s: 0 rss: 29Mb L: 221/333 MS: 1 InsertByte-
#21	NEW    cov: 117 ft: 271 corp: 10/1746b lim: 333 exec/s: 0 rss: 29Mb L: 37/333 MS: 2 ChangeASCIIInt-EraseBytes-
#22	NEW    cov: 117 ft: 286 corp: 11/1831b lim: 333 exec/s: 0 rss: 29Mb L: 85/333 MS: 1 CrossOver-
#29	NEW    cov: 117 ft: 287 corp: 12/1903b lim: 333 exec/s: 0 rss: 29Mb L: 72/333 MS: 2 InsertByte-CopyPart-
#32	NEW    cov: 118 ft: 288 corp: 13/2189b lim: 333 exec/s: 0 rss: 29Mb L: 286/333 MS: 3 ChangeByte-CrossOver-CopyPart-
#33	REDUCE cov: 118 ft: 288 corp: 13/2187b lim: 333 exec/s: 0 rss: 29Mb L: 49/333 MS: 1 EraseBytes-
#35	NEW    cov: 118 ft: 289 corp: 14/2288b lim: 333 exec/s: 0 rss: 29Mb L: 101/333 MS: 2 CMP-CopyPart- DE: "\002\000"-
#37	NEW    cov: 118 ft: 296 corp: 15/2386b lim: 333 exec/s: 0 rss: 29Mb L: 98/333 MS: 2 ChangeASCIIInt-InsertRepeatedBytes-
#39	NEW    cov: 119 ft: 302 corp: 16/2719b lim: 333 exec/s: 0 rss: 29Mb L: 333/333 MS: 2 CopyPart-CopyPart-
#43	NEW    cov: 119 ft: 317 corp: 17/2992b lim: 333 exec/s: 0 rss: 29Mb L: 273/333 MS: 4 ChangeBit-InsertByte-PersAutoDict-CopyPart- DE: "St13runtime_"-
#45	NEW    cov: 120 ft: 318 corp: 18/3214b lim: 333 exec/s: 0 rss: 29Mb L: 222/333 MS: 2 ChangeBit-InsertByte-
#60	NEW    cov: 120 ft: 319 corp: 19/3417b lim: 333 exec/s: 0 rss: 29Mb L: 203/333 MS: 5 ChangeBit-ChangeBit-ShuffleBytes-ChangeBit-PersAutoDict- DE: "\177\377\377\377\377\377\377\377"-
#61	NEW    cov: 120 ft: 326 corp: 20/3557b lim: 333 exec/s: 0 rss: 29Mb L: 140/333 MS: 1 CopyPart-
#78	NEW    cov: 120 ft: 327 corp: 21/3666b lim: 333 exec/s: 0 rss: 29Mb L: 109/333 MS: 2 ChangeBinInt-PersAutoDict- DE: "\177\377\377\377\377\377\377\377"-
#79	NEW    cov: 120 ft: 328 corp: 22/3738b lim: 333 exec/s: 0 rss: 29Mb L: 72/333 MS: 1 CrossOver-
#86	NEW    cov: 120 ft: 329 corp: 23/3894b lim: 333 exec/s: 0 rss: 29Mb L: 156/333 MS: 2 ChangeBinInt-EraseBytes-
#93	NEW    cov: 120 ft: 330 corp: 24/4133b lim: 333 exec/s: 0 rss: 29Mb L: 239/333 MS: 2 PersAutoDict-CopyPart- DE: "\177\377\377\377\377\377\377\377"-
#113	NEW    cov: 120 ft: 331 corp: 25/4224b lim: 333 exec/s: 0 rss: 29Mb L: 91/333 MS: 5 CMP-PersAutoDict-ChangeBit-CopyPart-EraseBytes- DE: "\001\000\000\001"-"\177\377\377\377\377\377\377\377"-
#116	NEW    cov: 120 ft: 332 corp: 26/4279b lim: 333 exec/s: 0 rss: 29Mb L: 55/333 MS: 3 InsertByte-CrossOver-CrossOver-
#132	NEW    cov: 120 ft: 333 corp: 27/4472b lim: 333 exec/s: 0 rss: 29Mb L: 193/333 MS: 1 CrossOver-
#133	NEW    cov: 120 ft: 334 corp: 28/4720b lim: 333 exec/s: 0 rss: 29Mb L: 248/333 MS: 1 CrossOver-
#135	NEW    cov: 120 ft: 335 corp: 29/4789b lim: 333 exec/s: 0 rss: 29Mb L: 69/333 MS: 2 CrossOver-EraseBytes-
#137	NEW    cov: 120 ft: 336 corp: 30/4851b lim: 333 exec/s: 0 rss: 29Mb L: 62/333 MS: 2 CopyPart-InsertRepeatedBytes-
#144	NEW    cov: 120 ft: 383 corp: 31/4871b lim: 333 exec/s: 0 rss: 29Mb L: 20/333 MS: 2 ChangeBit-EraseBytes-
#224	NEW    cov: 120 ft: 411 corp: 32/4900b lim: 333 exec/s: 0 rss: 29Mb L: 29/333 MS: 5 ChangeByte-ChangeBinInt-EraseBytes-ShuffleBytes-CrossOver-
#233	NEW    cov: 120 ft: 412 corp: 33/5140b lim: 333 exec/s: 0 rss: 29Mb L: 240/333 MS: 4 EraseBytes-EraseBytes-InsertRepeatedBytes-CMP- DE: "\377\007"-
#248	NEW    cov: 120 ft: 413 corp: 34/5422b lim: 333 exec/s: 0 rss: 29Mb L: 282/333 MS: 5 EraseBytes-ChangeBit-CrossOver-InsertRepeatedBytes-PersAutoDict- DE: "\177\377\377\377\377\377\377\377"-
#252	NEW    cov: 120 ft: 414 corp: 35/5734b lim: 333 exec/s: 0 rss: 29Mb L: 312/333 MS: 4 CrossOver-ChangeBit-CopyPart-CrossOver-
#264	REDUCE cov: 120 ft: 414 corp: 35/5628b lim: 333 exec/s: 0 rss: 29Mb L: 206/333 MS: 2 InsertByte-EraseBytes-
#307	NEW    cov: 120 ft: 415 corp: 36/5884b lim: 333 exec/s: 0 rss: 29Mb L: 256/333 MS: 3 PersAutoDict-ChangeBit-InsertRepeatedBytes- DE: "\001\000\000\001"-
#312	NEW    cov: 120 ft: 417 corp: 37/5933b lim: 333 exec/s: 0 rss: 29Mb L: 49/333 MS: 5 ChangeByte-ChangeBit-CopyPart-ChangeBit-InsertByte-
#386	NEW    cov: 120 ft: 424 corp: 38/6186b lim: 333 exec/s: 0 rss: 29Mb L: 253/333 MS: 4 InsertRepeatedBytes-PersAutoDict-CopyPart-ChangeByte- DE: "\002\000"-
#388	REDUCE cov: 120 ft: 424 corp: 38/6162b lim: 333 exec/s: 0 rss: 29Mb L: 48/333 MS: 2 ChangeBinInt-EraseBytes-
#390	NEW    cov: 120 ft: 425 corp: 39/6306b lim: 333 exec/s: 0 rss: 29Mb L: 144/333 MS: 2 ShuffleBytes-CrossOver-
#393	NEW    cov: 120 ft: 427 corp: 40/6346b lim: 333 exec/s: 0 rss: 29Mb L: 40/333 MS: 3 ChangeByte-ChangeBinInt-EraseBytes-
#398	NEW    cov: 120 ft: 439 corp: 41/6361b lim: 333 exec/s: 0 rss: 29Mb L: 15/333 MS: 5 EraseBytes-EraseBytes-ChangeASCIIInt-CopyPart-CrossOver-
#411	NEW    cov: 120 ft: 440 corp: 42/6632b lim: 333 exec/s: 0 rss: 29Mb L: 271/333 MS: 3 ShuffleBytes-ChangeBinInt-CrossOver-
#428	NEW    cov: 120 ft: 442 corp: 43/6717b lim: 333 exec/s: 0 rss: 29Mb L: 85/333 MS: 2 ChangeBinInt-CrossOver-
#524	NEW    cov: 120 ft: 448 corp: 44/7042b lim: 333 exec/s: 0 rss: 29Mb L: 325/333 MS: 1 CrossOver-
#530	NEW    cov: 121 ft: 449 corp: 45/7332b lim: 333 exec/s: 0 rss: 29Mb L: 290/333 MS: 1 InsertRepeatedBytes-
#534	NEW    cov: 121 ft: 450 corp: 46/7369b lim: 333 exec/s: 0 rss: 29Mb L: 37/333 MS: 4 ChangeBit-ChangeASCIIInt-ChangeASCIIInt-PersAutoDict- DE: "\001\000\000\001"-
#541	NEW    cov: 121 ft: 451 corp: 47/7544b lim: 333 exec/s: 0 rss: 29Mb L: 175/333 MS: 2 InsertByte-CrossOver-
#558	NEW    cov: 121 ft: 454 corp: 48/7806b lim: 333 exec/s: 0 rss: 29Mb L: 262/333 MS: 2 CrossOver-InsertRepeatedBytes-
#564	NEW    cov: 121 ft: 462 corp: 49/8107b lim: 333 exec/s: 0 rss: 29Mb L: 301/333 MS: 1 InsertRepeatedBytes-
#604	REDUCE cov: 121 ft: 462 corp: 49/8012b lim: 333 exec/s: 0 rss: 29Mb L: 127/333 MS: 5 EraseBytes-ChangeBinInt-InsertByte-ShuffleBytes-InsertByte-
#607	REDUCE cov: 121 ft: 462 corp: 49/7996b lim: 333 exec/s: 0 rss: 29Mb L: 224/333 MS: 3 InsertByte-ShuffleBytes-EraseBytes-
#866	REDUCE cov: 121 ft: 462 corp: 49/7978b lim: 333 exec/s: 0 rss: 29Mb L: 185/333 MS: 4 EraseBytes-CMP-CMP-CrossOver- DE: "\004\000\000\000\000\000\000\000"-"\000\000\000\002"-
#1149	REDUCE cov: 121 ft: 462 corp: 49/7938b lim: 333 exec/s: 0 rss: 29Mb L: 208/333 MS: 3 ChangeBinInt-PersAutoDict-EraseBytes- DE: "\000\000\000\002"-
#1219	REDUCE cov: 121 ft: 462 corp: 49/7910b lim: 333 exec/s: 0 rss: 29Mb L: 305/333 MS: 5 CMP-ChangeASCIIInt-ChangeBinInt-CopyPart-EraseBytes- DE: "\001\000\000\000"-
#1316	REDUCE cov: 121 ft: 462 corp: 49/7884b lim: 333 exec/s: 0 rss: 29Mb L: 101/333 MS: 2 ShuffleBytes-CrossOver-
#1317	NEW    cov: 121 ft: 463 corp: 50/8119b lim: 333 exec/s: 0 rss: 29Mb L: 235/333 MS: 1 EraseBytes-
#1343	REDUCE cov: 121 ft: 463 corp: 50/8112b lim: 333 exec/s: 0 rss: 29Mb L: 33/333 MS: 1 EraseBytes-
#1444	REDUCE cov: 121 ft: 463 corp: 50/8106b lim: 333 exec/s: 0 rss: 29Mb L: 9/333 MS: 1 EraseBytes-
#1477	REDUCE cov: 121 ft: 468 corp: 51/8194b lim: 333 exec/s: 0 rss: 29Mb L: 88/333 MS: 3 EraseBytes-EraseBytes-EraseBytes-
#1527	NEW    cov: 121 ft: 469 corp: 52/8524b lim: 333 exec/s: 0 rss: 29Mb L: 330/333 MS: 5 ChangeBinInt-ChangeBinInt-ShuffleBytes-EraseBytes-InsertRepeatedBytes-
#1626	REDUCE cov: 121 ft: 469 corp: 52/8522b lim: 333 exec/s: 0 rss: 29Mb L: 46/333 MS: 4 EraseBytes-EraseBytes-CMP-CopyPart- DE: "mdhd"-
#1633	REDUCE cov: 121 ft: 469 corp: 52/8491b lim: 333 exec/s: 0 rss: 29Mb L: 154/333 MS: 2 PersAutoDict-CrossOver- DE: "\004\000\000\000\000\000\000\000"-
#1686	NEW    cov: 121 ft: 470 corp: 53/8824b lim: 333 exec/s: 0 rss: 29Mb L: 333/333 MS: 3 ShuffleBytes-ChangeByte-CopyPart-
#1770	NEW    cov: 121 ft: 471 corp: 54/9150b lim: 333 exec/s: 0 rss: 29Mb L: 326/333 MS: 4 ChangeASCIIInt-CopyPart-CMP-InsertRepeatedBytes- DE: "ipro"-
#1820	NEW    cov: 122 ft: 472 corp: 55/9152b lim: 333 exec/s: 0 rss: 29Mb L: 2/333 MS: 5 ChangeByte-CrossOver-ChangeBit-ChangeByte-CrossOver-
#1897	NEW    cov: 122 ft: 473 corp: 56/9418b lim: 333 exec/s: 0 rss: 29Mb L: 266/333 MS: 2 CMP-PersAutoDict- DE: "avc1"-"\377\007"-
#1913	REDUCE cov: 122 ft: 473 corp: 56/9399b lim: 333 exec/s: 0 rss: 29Mb L: 234/333 MS: 1 EraseBytes-
#1984	REDUCE cov: 122 ft: 473 corp: 56/9333b lim: 333 exec/s: 0 rss: 29Mb L: 224/333 MS: 1 EraseBytes-
#2022	REDUCE cov: 122 ft: 473 corp: 56/9246b lim: 333 exec/s: 0 rss: 29Mb L: 199/333 MS: 3 InsertRepeatedBytes-InsertByte-EraseBytes-
#2049	REDUCE cov: 122 ft: 473 corp: 56/9242b lim: 333 exec/s: 0 rss: 29Mb L: 195/333 MS: 2 ChangeBit-EraseBytes-
#2096	REDUCE cov: 122 ft: 479 corp: 57/9571b lim: 333 exec/s: 0 rss: 29Mb L: 329/333 MS: 2 CrossOver-InsertByte-
#2159	REDUCE cov: 122 ft: 479 corp: 57/9569b lim: 333 exec/s: 0 rss: 29Mb L: 107/333 MS: 3 EraseBytes-PersAutoDict-PersAutoDict- DE: "\001\000\000\001"-"\001\000\000\000"-
#2177	NEW    cov: 122 ft: 482 corp: 58/9662b lim: 333 exec/s: 0 rss: 29Mb L: 93/333 MS: 3 ChangeBit-InsertByte-PersAutoDict- DE: "\001\000\000\001"-
#2202	REDUCE cov: 122 ft: 482 corp: 58/9629b lim: 333 exec/s: 0 rss: 29Mb L: 219/333 MS: 5 InsertRepeatedBytes-ChangeByte-EraseBytes-EraseBytes-ChangeBinInt-
#2214	REDUCE cov: 122 ft: 482 corp: 58/9468b lim: 333 exec/s: 0 rss: 29Mb L: 73/333 MS: 2 InsertByte-CrossOver-
#2342	REDUCE cov: 122 ft: 482 corp: 58/9460b lim: 333 exec/s: 0 rss: 29Mb L: 198/333 MS: 3 CMP-ShuffleBytes-EraseBytes- DE: "mdia"-
#2377	REDUCE cov: 122 ft: 482 corp: 58/9454b lim: 333 exec/s: 0 rss: 29Mb L: 66/333 MS: 5 InsertRepeatedBytes-EraseBytes-CopyPart-EraseBytes-EraseBytes-
#2506	REDUCE cov: 122 ft: 482 corp: 58/9367b lim: 333 exec/s: 0 rss: 29Mb L: 137/333 MS: 4 ChangeBit-CopyPart-ChangeByte-EraseBytes-
#2537	REDUCE cov: 122 ft: 482 corp: 58/9335b lim: 333 exec/s: 0 rss: 29Mb L: 176/333 MS: 1 EraseBytes-
#2653	REDUCE cov: 122 ft: 482 corp: 58/9303b lim: 333 exec/s: 0 rss: 29Mb L: 56/333 MS: 1 EraseBytes-
#2884	REDUCE cov: 122 ft: 482 corp: 58/9273b lim: 333 exec/s: 0 rss: 29Mb L: 55/333 MS: 1 EraseBytes-
#2905	REDUCE cov: 122 ft: 482 corp: 58/9267b lim: 333 exec/s: 0 rss: 29Mb L: 67/333 MS: 1 EraseBytes-
#2911	NEW    cov: 122 ft: 491 corp: 59/9569b lim: 333 exec/s: 0 rss: 29Mb L: 302/333 MS: 1 InsertRepeatedBytes-
#3087	REDUCE cov: 122 ft: 491 corp: 59/9497b lim: 333 exec/s: 0 rss: 29Mb L: 210/333 MS: 1 EraseBytes-
#3088	REDUCE cov: 122 ft: 491 corp: 59/9494b lim: 333 exec/s: 0 rss: 29Mb L: 53/333 MS: 1 EraseBytes-
#3136	REDUCE cov: 122 ft: 491 corp: 59/9479b lim: 333 exec/s: 0 rss: 29Mb L: 141/333 MS: 3 PersAutoDict-EraseBytes-ChangeByte- DE: "\177\377\377\377\377\377\377\377"-
#3196	NEW    cov: 122 ft: 492 corp: 60/9647b lim: 333 exec/s: 0 rss: 29Mb L: 168/333 MS: 5 InsertByte-CopyPart-ChangeBinInt-EraseBytes-PersAutoDict- DE: "\002\000"-
#3248	NEW    cov: 122 ft: 494 corp: 61/9869b lim: 333 exec/s: 0 rss: 29Mb L: 222/333 MS: 2 CrossOver-CMP- DE: "\007\000"-
#3317	REDUCE cov: 122 ft: 494 corp: 61/9856b lim: 333 exec/s: 0 rss: 29Mb L: 292/333 MS: 4 CrossOver-CMP-ShuffleBytes-CrossOver- DE: "\001\000\000\000\000\000\001\034"-
#3463	REDUCE cov: 122 ft: 494 corp: 61/9840b lim: 333 exec/s: 0 rss: 29Mb L: 17/333 MS: 1 EraseBytes-
#3466	REDUCE cov: 122 ft: 494 corp: 61/9804b lim: 333 exec/s: 0 rss: 29Mb L: 297/333 MS: 3 EraseBytes-CMP-InsertRepeatedBytes- DE: "\001\000\000\010"-
#3469	REDUCE cov: 122 ft: 494 corp: 61/9796b lim: 333 exec/s: 0 rss: 29Mb L: 317/333 MS: 3 ChangeASCIIInt-CMP-EraseBytes- DE: "stss"-
#3524	REDUCE cov: 122 ft: 494 corp: 61/9782b lim: 333 exec/s: 0 rss: 29Mb L: 35/333 MS: 5 ChangeBinInt-EraseBytes-InsertByte-ShuffleBytes-ShuffleBytes-
#3549	REDUCE cov: 122 ft: 494 corp: 61/9780b lim: 333 exec/s: 0 rss: 29Mb L: 33/333 MS: 5 ShuffleBytes-ChangeBit-ChangeBit-CopyPart-EraseBytes-
#3551	REDUCE cov: 122 ft: 494 corp: 61/9769b lim: 333 exec/s: 0 rss: 29Mb L: 130/333 MS: 2 ShuffleBytes-EraseBytes-
#3568	REDUCE cov: 122 ft: 494 corp: 61/9752b lim: 333 exec/s: 0 rss: 29Mb L: 245/333 MS: 2 ShuffleBytes-EraseBytes-
#3654	REDUCE cov: 122 ft: 494 corp: 61/9744b lim: 333 exec/s: 0 rss: 29Mb L: 93/333 MS: 1 EraseBytes-
#3890	REDUCE cov: 122 ft: 494 corp: 61/9743b lim: 333 exec/s: 0 rss: 29Mb L: 54/333 MS: 1 EraseBytes-
#3902	REDUCE cov: 122 ft: 494 corp: 61/9735b lim: 333 exec/s: 0 rss: 29Mb L: 187/333 MS: 2 ChangeByte-EraseBytes-
#3954	REDUCE cov: 122 ft: 494 corp: 61/9726b lim: 333 exec/s: 0 rss: 29Mb L: 131/333 MS: 2 ChangeBinInt-EraseBytes-
#4051	REDUCE cov: 122 ft: 494 corp: 61/9725b lim: 333 exec/s: 0 rss: 29Mb L: 1/333 MS: 2 ShuffleBytes-EraseBytes-
#4465	REDUCE cov: 122 ft: 494 corp: 61/9718b lim: 333 exec/s: 0 rss: 29Mb L: 39/333 MS: 4 ChangeByte-CopyPart-EraseBytes-CMP- DE: "\345\231s\232\220c\000\000"-
#4581	REDUCE cov: 122 ft: 494 corp: 61/9716b lim: 333 exec/s: 0 rss: 29Mb L: 152/333 MS: 1 EraseBytes-
#4702	REDUCE cov: 122 ft: 494 corp: 61/9711b lim: 333 exec/s: 0 rss: 29Mb L: 12/333 MS: 1 EraseBytes-
#4747	REDUCE cov: 123 ft: 496 corp: 62/9988b lim: 333 exec/s: 0 rss: 29Mb L: 277/333 MS: 5 ChangeByte-CMP-ShuffleBytes-CopyPart-CMP- DE: "hvc1"-"urn "-
#4780	REDUCE cov: 123 ft: 496 corp: 62/9964b lim: 333 exec/s: 0 rss: 29Mb L: 253/333 MS: 3 PersAutoDict-ShuffleBytes-EraseBytes- DE: "\001\000\000\000"-
#5296	REDUCE cov: 123 ft: 496 corp: 62/9930b lim: 333 exec/s: 0 rss: 29Mb L: 59/333 MS: 1 EraseBytes-
#5484	REDUCE cov: 123 ft: 496 corp: 62/9872b lim: 333 exec/s: 0 rss: 29Mb L: 195/333 MS: 3 ChangeByte-ChangeASCIIInt-EraseBytes-
#5489	REDUCE cov: 123 ft: 496 corp: 62/9797b lim: 333 exec/s: 0 rss: 29Mb L: 123/333 MS: 5 PersAutoDict-ChangeASCIIInt-ChangeByte-PersAutoDict-EraseBytes- DE: "\007\000"-"hvc1"-
#5550	REDUCE cov: 123 ft: 496 corp: 62/9796b lim: 333 exec/s: 0 rss: 29Mb L: 53/333 MS: 1 EraseBytes-
#5625	REDUCE cov: 123 ft: 496 corp: 62/9794b lim: 333 exec/s: 0 rss: 29Mb L: 105/333 MS: 5 ChangeBit-ChangeBinInt-ChangeByte-PersAutoDict-EraseBytes- DE: "\177\377\377\377\377\377\377\377"-
#5993	REDUCE cov: 123 ft: 496 corp: 62/9793b lim: 333 exec/s: 0 rss: 29Mb L: 11/333 MS: 3 PersAutoDict-ShuffleBytes-EraseBytes- DE: "\000\000\000\002"-
#6184	REDUCE cov: 123 ft: 496 corp: 62/9792b lim: 333 exec/s: 0 rss: 29Mb L: 10/333 MS: 1 EraseBytes-
#6256	REDUCE cov: 123 ft: 496 corp: 62/9787b lim: 333 exec/s: 0 rss: 29Mb L: 240/333 MS: 2 CopyPart-EraseBytes-
#6278	REDUCE cov: 123 ft: 496 corp: 62/9786b lim: 333 exec/s: 0 rss: 29Mb L: 9/333 MS: 2 ShuffleBytes-EraseBytes-
#6394	REDUCE cov: 123 ft: 496 corp: 62/9783b lim: 333 exec/s: 6394 rss: 29Mb L: 216/333 MS: 5 ShuffleBytes-CopyPart-CrossOver-EraseBytes-CopyPart-
#6520	REDUCE cov: 123 ft: 496 corp: 62/9782b lim: 333 exec/s: 6520 rss: 29Mb L: 47/333 MS: 1 EraseBytes-
#6550	REDUCE cov: 123 ft: 496 corp: 62/9777b lim: 333 exec/s: 6550 rss: 29Mb L: 34/333 MS: 5 CrossOver-EraseBytes-PersAutoDict-PersAutoDict-EraseBytes- DE: "\001\000\000\000"-"\007\000"-
#6650	REDUCE cov: 123 ft: 497 corp: 63/10049b lim: 333 exec/s: 6650 rss: 29Mb L: 272/333 MS: 5 ChangeASCIIInt-ChangeBit-CrossOver-ShuffleBytes-PersAutoDict- DE: "urn "-
#7076	REDUCE cov: 123 ft: 497 corp: 63/10047b lim: 333 exec/s: 7076 rss: 29Mb L: 315/333 MS: 1 EraseBytes-
#7132	REDUCE cov: 123 ft: 497 corp: 63/10015b lim: 333 exec/s: 7132 rss: 29Mb L: 192/333 MS: 1 EraseBytes-
#7284	REDUCE cov: 123 ft: 497 corp: 63/9999b lim: 333 exec/s: 7284 rss: 29Mb L: 51/333 MS: 2 ChangeBit-EraseBytes-
#7498	REDUCE cov: 123 ft: 497 corp: 63/9980b lim: 333 exec/s: 7498 rss: 29Mb L: 191/333 MS: 4 CrossOver-InsertByte-InsertRepeatedBytes-CrossOver-
#7499	REDUCE cov: 123 ft: 497 corp: 63/9961b lim: 333 exec/s: 7499 rss: 29Mb L: 125/333 MS: 1 EraseBytes-
#7850	REDUCE cov: 123 ft: 497 corp: 63/9953b lim: 333 exec/s: 7850 rss: 29Mb L: 47/333 MS: 1 EraseBytes-
#7876	REDUCE cov: 123 ft: 497 corp: 63/9942b lim: 333 exec/s: 7876 rss: 29Mb L: 262/333 MS: 1 EraseBytes-
#8012	REDUCE cov: 123 ft: 497 corp: 63/9928b lim: 333 exec/s: 8012 rss: 29Mb L: 45/333 MS: 1 EraseBytes-
#8313	REDUCE cov: 123 ft: 497 corp: 63/9904b lim: 333 exec/s: 8313 rss: 29Mb L: 248/333 MS: 1 EraseBytes-
#8330	REDUCE cov: 123 ft: 498 corp: 64/9912b lim: 333 exec/s: 8330 rss: 29Mb L: 8/333 MS: 2 EraseBytes-InsertByte-
#8352	REDUCE cov: 123 ft: 498 corp: 64/9911b lim: 333 exec/s: 8352 rss: 29Mb L: 36/333 MS: 2 CMP-EraseBytes- DE: "?\221\005(Wy\000\000"-
#8457	REDUCE cov: 123 ft: 498 corp: 64/9895b lim: 333 exec/s: 8457 rss: 29Mb L: 31/333 MS: 5 PersAutoDict-EraseBytes-PersAutoDict-ChangeByte-EraseBytes- DE: "\345\231s\232\220c\000\000"-"\177\377\377\377\377\377\377\377"-
#8477	REDUCE cov: 123 ft: 498 corp: 64/9887b lim: 333 exec/s: 8477 rss: 29Mb L: 307/333 MS: 5 CrossOver-ShuffleBytes-ChangeBit-InsertRepeatedBytes-EraseBytes-
#8710	REDUCE cov: 123 ft: 498 corp: 64/9883b lim: 333 exec/s: 8710 rss: 29Mb L: 303/333 MS: 3 CMP-CrossOver-EraseBytes- DE: "avcC"-
#8796	REDUCE cov: 123 ft: 498 corp: 64/9878b lim: 333 exec/s: 8796 rss: 29Mb L: 186/333 MS: 1 EraseBytes-
#8915	REDUCE cov: 123 ft: 498 corp: 64/9873b lim: 333 exec/s: 8915 rss: 29Mb L: 31/333 MS: 4 CopyPart-ChangeByte-ChangeBinInt-EraseBytes-
#8966	REDUCE cov: 123 ft: 498 corp: 64/9863b lim: 333 exec/s: 8966 rss: 29Mb L: 41/333 MS: 1 EraseBytes-
#9146	REDUCE cov: 123 ft: 498 corp: 64/9861b lim: 333 exec/s: 9146 rss: 29Mb L: 89/333 MS: 5 EraseBytes-ChangeBinInt-PersAutoDict-ChangeBit-InsertRepeatedBytes- DE: "hvc1"-
#9229	REDUCE cov: 123 ft: 498 corp: 64/9858b lim: 333 exec/s: 9229 rss: 29Mb L: 30/333 MS: 3 ChangeBit-InsertByte-EraseBytes-
#9477	REDUCE cov: 123 ft: 498 corp: 64/9853b lim: 333 exec/s: 9477 rss: 29Mb L: 57/333 MS: 3 ChangeASCIIInt-PersAutoDict-EraseBytes- DE: "\000\000\000\002"-
#9496	REDUCE cov: 123 ft: 498 corp: 64/9852b lim: 333 exec/s: 9496 rss: 29Mb L: 8/333 MS: 4 ChangeBinInt-EraseBytes-ShuffleBytes-CrossOver-
#10193	REDUCE cov: 123 ft: 498 corp: 64/9796b lim: 333 exec/s: 10193 rss: 29Mb L: 131/333 MS: 2 EraseBytes-CrossOver-
#10350	REDUCE cov: 123 ft: 498 corp: 64/9795b lim: 333 exec/s: 10350 rss: 29Mb L: 30/333 MS: 2 ChangeBit-EraseBytes-
#10424	REDUCE cov: 123 ft: 498 corp: 64/9767b lim: 333 exec/s: 10424 rss: 29Mb L: 73/333 MS: 4 ChangeBit-EraseBytes-InsertByte-CopyPart-
#10486	REDUCE cov: 123 ft: 498 corp: 64/9763b lim: 333 exec/s: 10486 rss: 29Mb L: 26/333 MS: 2 InsertByte-EraseBytes-
#10593	REDUCE cov: 123 ft: 498 corp: 64/9736b lim: 333 exec/s: 10593 rss: 29Mb L: 274/333 MS: 2 InsertRepeatedBytes-CrossOver-
#10894	NEW    cov: 123 ft: 499 corp: 65/9958b lim: 333 exec/s: 10894 rss: 29Mb L: 222/333 MS: 1 PersAutoDict- DE: "urn "-
#10932	REDUCE cov: 123 ft: 499 corp: 65/9955b lim: 333 exec/s: 10932 rss: 29Mb L: 66/333 MS: 3 InsertByte-ChangeBinInt-EraseBytes-
#11121	REDUCE cov: 123 ft: 499 corp: 65/9954b lim: 333 exec/s: 11121 rss: 29Mb L: 296/333 MS: 4 PersAutoDict-InsertRepeatedBytes-EraseBytes-InsertByte- DE: "\001\000\000\000\000\000\001\034"-
#11151	REDUCE cov: 123 ft: 499 corp: 65/9926b lim: 333 exec/s: 11151 rss: 29Mb L: 103/333 MS: 5 ChangeByte-CopyPart-CMP-CMP-EraseBytes- DE: "Ioed"-"\001\000\000 "-
#11778	REDUCE cov: 123 ft: 499 corp: 65/9921b lim: 333 exec/s: 11778 rss: 29Mb L: 48/333 MS: 2 ChangeByte-EraseBytes-
#11914	NEW    cov: 123 ft: 500 corp: 66/10223b lim: 333 exec/s: 11914 rss: 29Mb L: 302/333 MS: 1 ChangeBit-
#12057	REDUCE cov: 123 ft: 500 corp: 66/10144b lim: 333 exec/s: 12057 rss: 29Mb L: 251/333 MS: 3 ChangeBinInt-CMP-EraseBytes- DE: " \000\000\000"-
#12092	REDUCE cov: 123 ft: 500 corp: 66/10143b lim: 333 exec/s: 12092 rss: 29Mb L: 130/333 MS: 5 CMP-EraseBytes-PersAutoDict-ShuffleBytes-ChangeBinInt- DE: "\367\177\002(Wy\000\000"-"\345\231s\232\220c\000\000"-
#12124	REDUCE cov: 123 ft: 500 corp: 66/10122b lim: 333 exec/s: 12124 rss: 29Mb L: 165/333 MS: 2 ChangeASCIIInt-CrossOver-
#12201	REDUCE cov: 123 ft: 500 corp: 66/10095b lim: 333 exec/s: 12201 rss: 29Mb L: 138/333 MS: 2 ChangeBinInt-EraseBytes-
#12608	REDUCE cov: 123 ft: 500 corp: 66/10064b lim: 333 exec/s: 6304 rss: 29Mb L: 72/333 MS: 2 ShuffleBytes-EraseBytes-
#12649	REDUCE cov: 123 ft: 500 corp: 66/10058b lim: 333 exec/s: 6324 rss: 29Mb L: 323/333 MS: 1 CrossOver-
#12725	REDUCE cov: 123 ft: 500 corp: 66/10036b lim: 333 exec/s: 6362 rss: 29Mb L: 50/333 MS: 1 EraseBytes-
#12775	REDUCE cov: 123 ft: 500 corp: 66/10032b lim: 333 exec/s: 6387 rss: 29Mb L: 235/333 MS: 5 ChangeASCIIInt-ChangeASCIIInt-ChangeBinInt-CrossOver-EraseBytes-
#12908	REDUCE cov: 124 ft: 501 corp: 67/10360b lim: 333 exec/s: 6454 rss: 29Mb L: 328/333 MS: 3 PersAutoDict-ShuffleBytes-InsertRepeatedBytes- DE: "St13runtime_"-
#13078	REDUCE cov: 124 ft: 501 corp: 67/10261b lim: 333 exec/s: 6539 rss: 29Mb L: 157/333 MS: 5 InsertRepeatedBytes-ChangeBit-CrossOver-ShuffleBytes-InsertByte-
#13245	REDUCE cov: 124 ft: 501 corp: 67/10255b lim: 333 exec/s: 6622 rss: 29Mb L: 24/333 MS: 2 PersAutoDict-EraseBytes- DE: "\367\177\002(Wy\000\000"-
#13407	REDUCE cov: 124 ft: 501 corp: 67/10249b lim: 333 exec/s: 6703 rss: 29Mb L: 42/333 MS: 2 InsertRepeatedBytes-EraseBytes-
#13459	REDUCE cov: 124 ft: 501 corp: 67/10237b lim: 333 exec/s: 6729 rss: 29Mb L: 126/333 MS: 2 ShuffleBytes-EraseBytes-
#14250	REDUCE cov: 124 ft: 501 corp: 67/10236b lim: 333 exec/s: 7125 rss: 29Mb L: 97/333 MS: 1 EraseBytes-
#14278	REDUCE cov: 124 ft: 501 corp: 67/10234b lim: 333 exec/s: 7139 rss: 29Mb L: 39/333 MS: 3 ChangeBit-CopyPart-CrossOver-
#14304	NEW    cov: 125 ft: 503 corp: 68/10567b lim: 333 exec/s: 7152 rss: 29Mb L: 333/333 MS: 1 ShuffleBytes-
#14633	REDUCE cov: 125 ft: 503 corp: 68/10545b lim: 333 exec/s: 7316 rss: 29Mb L: 71/333 MS: 4 PersAutoDict-CopyPart-CrossOver-EraseBytes- DE: "urn "-
#14760	REDUCE cov: 125 ft: 503 corp: 68/10544b lim: 333 exec/s: 7380 rss: 29Mb L: 36/333 MS: 2 ShuffleBytes-EraseBytes-
#15060	REDUCE cov: 125 ft: 503 corp: 68/10535b lim: 333 exec/s: 7530 rss: 29Mb L: 167/333 MS: 5 InsertByte-InsertByte-CrossOver-ChangeBinInt-CrossOver-
#15068	REDUCE cov: 125 ft: 503 corp: 68/10519b lim: 333 exec/s: 7534 rss: 29Mb L: 34/333 MS: 3 CrossOver-ShuffleBytes-EraseBytes-
#15119	NEW    cov: 125 ft: 508 corp: 69/10821b lim: 333 exec/s: 7559 rss: 29Mb L: 302/333 MS: 1 ChangeBinInt-
#15652	REDUCE cov: 125 ft: 508 corp: 69/10816b lim: 333 exec/s: 7826 rss: 29Mb L: 29/333 MS: 3 CrossOver-ShuffleBytes-EraseBytes-
#15715	NEW    cov: 125 ft: 512 corp: 70/11149b lim: 333 exec/s: 7857 rss: 29Mb L: 333/333 MS: 3 ShuffleBytes-CopyPart-ChangeBit-
#16041	REDUCE cov: 125 ft: 512 corp: 70/11145b lim: 333 exec/s: 8020 rss: 29Mb L: 189/333 MS: 1 EraseBytes-
#16167	REDUCE cov: 125 ft: 512 corp: 70/11092b lim: 333 exec/s: 8083 rss: 29Mb L: 249/333 MS: 1 EraseBytes-
#16364	REDUCE cov: 125 ft: 512 corp: 70/11078b lim: 333 exec/s: 8182 rss: 29Mb L: 309/333 MS: 2 CopyPart-EraseBytes-
#16384	pulse  cov: 125 ft: 512 corp: 70/11078b lim: 333 exec/s: 8192 rss: 29Mb
#16525	REDUCE cov: 125 ft: 512 corp: 70/11068b lim: 333 exec/s: 8262 rss: 29Mb L: 182/333 MS: 1 EraseBytes-
#16639	REDUCE cov: 125 ft: 512 corp: 70/11048b lim: 333 exec/s: 8319 rss: 29Mb L: 46/333 MS: 4 EraseBytes-CMP-ChangeByte-InsertByte- DE: "frma"-
#16658	REDUCE cov: 125 ft: 512 corp: 70/11046b lim: 333 exec/s: 8329 rss: 29Mb L: 269/333 MS: 4 EraseBytes-PersAutoDict-CopyPart-CMP- DE: "hvc1"-"mere"-
#16795	REDUCE cov: 125 ft: 512 corp: 70/11043b lim: 333 exec/s: 8397 rss: 29Mb L: 33/333 MS: 2 EraseBytes-CMP- DE: "St13runtime_"-
#17208	REDUCE cov: 125 ft: 512 corp: 70/11016b lim: 333 exec/s: 8604 rss: 30Mb L: 125/333 MS: 3 CrossOver-ChangeByte-EraseBytes-
#17569	REDUCE cov: 125 ft: 512 corp: 70/11015b lim: 333 exec/s: 8784 rss: 30Mb L: 38/333 MS: 1 EraseBytes-
#18185	REDUCE cov: 125 ft: 512 corp: 70/11013b lim: 333 exec/s: 6061 rss: 30Mb L: 219/333 MS: 1 EraseBytes-
#18513	REDUCE cov: 125 ft: 512 corp: 70/10997b lim: 333 exec/s: 6171 rss: 30Mb L: 141/333 MS: 3 ChangeByte-CMP-EraseBytes- DE: "frma"-
#18574	REDUCE cov: 125 ft: 512 corp: 70/10994b lim: 333 exec/s: 6191 rss: 30Mb L: 68/333 MS: 1 EraseBytes-
#18642	REDUCE cov: 125 ft: 512 corp: 70/10991b lim: 333 exec/s: 6214 rss: 30Mb L: 246/333 MS: 3 CopyPart-ChangeBinInt-EraseBytes-
#18922	REDUCE cov: 125 ft: 512 corp: 70/10986b lim: 333 exec/s: 6307 rss: 30Mb L: 63/333 MS: 5 ChangeByte-ChangeByte-ChangeBinInt-ShuffleBytes-EraseBytes-
#19055	REDUCE cov: 125 ft: 512 corp: 70/10979b lim: 333 exec/s: 6351 rss: 30Mb L: 289/333 MS: 3 EraseBytes-ShuffleBytes-PersAutoDict- DE: "stss"-
#19716	REDUCE cov: 125 ft: 512 corp: 70/10956b lim: 333 exec/s: 6572 rss: 30Mb L: 279/333 MS: 1 EraseBytes-
#19887	REDUCE cov: 125 ft: 512 corp: 70/10952b lim: 333 exec/s: 6629 rss: 30Mb L: 41/333 MS: 1 EraseBytes-
#20689	REDUCE cov: 125 ft: 512 corp: 70/10951b lim: 333 exec/s: 6896 rss: 30Mb L: 45/333 MS: 2 EraseBytes-CrossOver-
#21215	REDUCE cov: 126 ft: 513 corp: 71/11179b lim: 333 exec/s: 7071 rss: 30Mb L: 228/333 MS: 1 InsertRepeatedBytes-
#21809	REDUCE cov: 126 ft: 513 corp: 71/11131b lim: 333 exec/s: 7269 rss: 30Mb L: 77/333 MS: 4 EraseBytes-PersAutoDict-EraseBytes-CMP- DE: "\004\000\000\000\000\000\000\000"-"@\215\015(Wy\000\000"-
#21932	REDUCE cov: 126 ft: 513 corp: 71/11092b lim: 333 exec/s: 7310 rss: 30Mb L: 201/333 MS: 3 ChangeBinInt-InsertRepeatedBytes-EraseBytes-
#22004	NEW    cov: 127 ft: 514 corp: 72/11175b lim: 333 exec/s: 7334 rss: 30Mb L: 83/333 MS: 2 CrossOver-InsertByte-
#22199	REDUCE cov: 127 ft: 515 corp: 73/11465b lim: 333 exec/s: 7399 rss: 30Mb L: 290/333 MS: 5 ShuffleBytes-CMP-CrossOver-ChangeASCIIInt-PersAutoDict- DE: "stts"-"\007\000"-
#22436	REDUCE cov: 127 ft: 515 corp: 73/11449b lim: 333 exec/s: 7478 rss: 30Mb L: 293/333 MS: 2 ShuffleBytes-CrossOver-
#22648	REDUCE cov: 127 ft: 515 corp: 73/11443b lim: 333 exec/s: 7549 rss: 30Mb L: 327/333 MS: 2 ChangeByte-EraseBytes-
#22765	REDUCE cov: 127 ft: 515 corp: 73/11433b lim: 333 exec/s: 7588 rss: 30Mb L: 323/333 MS: 2 ChangeBinInt-EraseBytes-
#22808	REDUCE cov: 127 ft: 515 corp: 73/11415b lim: 333 exec/s: 7602 rss: 30Mb L: 35/333 MS: 3 CMP-ChangeByte-EraseBytes- DE: "xpmp"-
#22886	REDUCE cov: 127 ft: 515 corp: 73/11407b lim: 333 exec/s: 7628 rss: 30Mb L: 30/333 MS: 3 ChangeByte-EraseBytes-EraseBytes-
#23087	NEW    cov: 127 ft: 516 corp: 74/11671b lim: 333 exec/s: 7695 rss: 30Mb L: 264/333 MS: 1 CrossOver-
#23098	REDUCE cov: 127 ft: 516 corp: 74/11641b lim: 333 exec/s: 7699 rss: 30Mb L: 260/333 MS: 1 EraseBytes-
#23656	REDUCE cov: 127 ft: 516 corp: 74/11617b lim: 333 exec/s: 7885 rss: 30Mb L: 265/333 MS: 3 ChangeBinInt-PersAutoDict-EraseBytes- DE: "\377\007"-
#24560	REDUCE cov: 127 ft: 516 corp: 74/11590b lim: 341 exec/s: 6140 rss: 30Mb L: 221/333 MS: 4 ShuffleBytes-InsertRepeatedBytes-ChangeByte-EraseBytes-
#24631	REDUCE cov: 127 ft: 517 corp: 75/11811b lim: 341 exec/s: 6157 rss: 30Mb L: 221/333 MS: 1 CrossOver-
#24800	REDUCE cov: 127 ft: 517 corp: 75/11807b lim: 341 exec/s: 6200 rss: 30Mb L: 231/333 MS: 4 EraseBytes-ChangeByte-CopyPart-InsertByte-
#24880	REDUCE cov: 127 ft: 517 corp: 75/11806b lim: 341 exec/s: 6220 rss: 30Mb L: 33/333 MS: 5 CMP-ChangeBit-ChangeBit-ChangeBit-EraseBytes- DE: "tapt"-
#25043	REDUCE cov: 127 ft: 517 corp: 75/11786b lim: 341 exec/s: 6260 rss: 30Mb L: 103/333 MS: 3 EraseBytes-ShuffleBytes-CopyPart-
#25153	REDUCE cov: 127 ft: 517 corp: 75/11779b lim: 341 exec/s: 6288 rss: 30Mb L: 22/333 MS: 5 ChangeBit-ChangeBinInt-ChangeBit-ShuffleBytes-EraseBytes-
#25990	NEW    cov: 127 ft: 519 corp: 76/12021b lim: 349 exec/s: 6497 rss: 30Mb L: 242/333 MS: 2 ChangeBinInt-CopyPart-
#26036	REDUCE cov: 127 ft: 519 corp: 76/12017b lim: 349 exec/s: 6509 rss: 30Mb L: 215/333 MS: 1 EraseBytes-
#26130	NEW    cov: 127 ft: 520 corp: 77/12358b lim: 349 exec/s: 6532 rss: 30Mb L: 341/341 MS: 4 PersAutoDict-ShuffleBytes-ChangeBit-InsertRepeatedBytes- DE: "frma"-
==780861== ERROR: libFuzzer: out-of-memory (used: 2537Mb; limit: 1024Mb)
   To change the out-of-memory limit use -rss_limit_mb=<N>

MS: 5 PersAutoDict-ChangeBit-PersAutoDict-EraseBytes-EraseBytes- DE: "\177\377\377\377\377\377\377\377"-"xpmp"-; base unit: 92c2b50ee8577cde91344d3f4fe2c2f3a30bbc6a
0x0,0x0,0x0,0x1c,0x66,0x74,0x79,0x70,0x4d,0x34,0x56,0x20,0x0,0x0,0x0,0x0,0x2d,0x2d,0x2d,0x2d,0x0,0x0,0x0,0x60,0x75,0x64,0x74,0x61,0x0,0x0,0x0,0x58,0x6d,0x65,0x74,0x61,0x0,0x0,0x0,0x0,0x0,0x0,0x0,0x21,0x68,0x64,0x6c,0x72,0x0,0x20,0x0,0x0,0x0,0x0,0x0,0x0,0x6d,0x64,0x69,0x72,0x61,0x70,0x70,0x6c,0x0,0x0,0x7f,0xff,0xff,0xff,0xff,0xff,0xff,0xff,0x0,0x0,0x0,0x0,0x0,0x0,0x0,0x0,0x0,0x0,0x2b,0x69,0x6c,0x73,0x74,0x0,0x0,0x0,0x22,0xc2,0xa9,0x6e,0x61,0x6d,0x53,0x74,0x31,0x33,0x72,0x75,0x6e,0x74,0x69,0x6d,0x65,0x5f,0x0,0x53,0x74,0x31,0x33,0x72,0x75,0x6e,0x78,0x70,0x6d,0x70,0x74,0x69,0x6d,0x65,0x5f,0x6f,
\000\000\000\034ftypM4V \000\000\000\000----\000\000\000`udta\000\000\000Xmeta\000\000\000\000\000\000\000!hdlr\000 \000\000\000\000\000\000mdirappl\000\000\177\377\377\377\377\377\377\377\000\000\000\000\000\000\000\000\000\000+ilst\000\000\000\"\302\251namSt13runtime_\000St13runxpmptime_o
artifact_prefix='/results/crashes/20260313_183057_ccb5bb05_'; Test unit written to /results/crashes/20260313_183057_ccb5bb05_oom-7226d5b2cc671c15a50b2694868595ca74377c55
Base64: AAAAHGZ0eXBNNFYgAAAAAC0tLS0AAABgdWR0YQAAAFhtZXRhAAAAAAAAACFoZGxyACAAAAAAAABtZGlyYXBwbAAAf/////////8AAAAAAAAAAAAAK2lsc3QAAAAiwqluYW1TdDEzcnVudGltZV8AU3QxM3J1bnhwbXB0aW1lX28=
SUMMARY: libFuzzer: out-of-memory
stat::number_of_executed_units: 26575
stat::average_exec_per_sec:     4429
stat::new_units_added:          213
stat::slowest_unit_time_sec:    0
stat::peak_rss_mb:              2538
