INFO: Running with entropic power schedule (0xFF, 100).
INFO: Seed: 1597029871
INFO: Loaded 1 modules   (252 inline 8-bit counters): 252 [0x61fe048f2678, 0x61fe048f2774), 
INFO: Loaded 1 PC tables (252 PCs): 252 [0x61fe048f2778,0x61fe048f3738), 
INFO:        4 files found in /tmp/corpus_20260313_184103_4a8ea43e
INFO: seed corpus: files: 4 min: 48b max: 333b total: 853b rss: 28Mb
#5	INITED cov: 117 ft: 252 corp: 4/853b exec/s: 0 rss: 29Mb
#6	NEW    cov: 117 ft: 253 corp: 5/1186b lim: 333 exec/s: 0 rss: 29Mb L: 333/333 MS: 1 CopyPart-
#11	NEW    cov: 117 ft: 254 corp: 6/1478b lim: 333 exec/s: 0 rss: 29Mb L: 292/333 MS: 5 ShuffleBytes-ChangeBinInt-ChangeByte-EraseBytes-CMP- DE: "\001\000\000\000\000\000\001M"-
#12	NEW    cov: 117 ft: 268 corp: 7/1706b lim: 333 exec/s: 0 rss: 29Mb L: 228/333 MS: 1 PersAutoDict- DE: "\001\000\000\000\000\000\001M"-
#18	NEW    cov: 118 ft: 271 corp: 8/2033b lim: 333 exec/s: 0 rss: 29Mb L: 327/333 MS: 1 InsertRepeatedBytes-
#25	NEW    cov: 118 ft: 273 corp: 9/2366b lim: 333 exec/s: 0 rss: 29Mb L: 333/333 MS: 2 ChangeBit-CopyPart-
#26	NEW    cov: 118 ft: 278 corp: 10/2665b lim: 333 exec/s: 0 rss: 29Mb L: 299/333 MS: 1 InsertRepeatedBytes-
#27	NEW    cov: 118 ft: 279 corp: 11/2984b lim: 333 exec/s: 0 rss: 29Mb L: 319/333 MS: 1 CopyPart-
#29	NEW    cov: 120 ft: 281 corp: 12/3312b lim: 333 exec/s: 0 rss: 29Mb L: 328/333 MS: 2 ShuffleBytes-InsertByte-
#33	NEW    cov: 120 ft: 283 corp: 13/3621b lim: 333 exec/s: 0 rss: 29Mb L: 309/333 MS: 4 InsertByte-CrossOver-InsertRepeatedBytes-CrossOver-
#34	NEW    cov: 120 ft: 291 corp: 14/3657b lim: 333 exec/s: 0 rss: 29Mb L: 36/333 MS: 1 EraseBytes-
#37	NEW    cov: 120 ft: 300 corp: 15/3925b lim: 333 exec/s: 0 rss: 29Mb L: 268/333 MS: 3 PersAutoDict-ChangeBit-EraseBytes- DE: "\001\000\000\000\000\000\001M"-
#42	NEW    cov: 120 ft: 301 corp: 16/4255b lim: 333 exec/s: 0 rss: 29Mb L: 330/333 MS: 5 ChangeBit-CrossOver-ChangeASCIIInt-CopyPart-EraseBytes-
#44	NEW    cov: 120 ft: 302 corp: 17/4459b lim: 333 exec/s: 0 rss: 29Mb L: 204/333 MS: 2 InsertRepeatedBytes-EraseBytes-
#47	REDUCE cov: 120 ft: 302 corp: 17/4434b lim: 333 exec/s: 0 rss: 29Mb L: 305/333 MS: 3 ChangeBinInt-ChangeBit-EraseBytes-
#49	NEW    cov: 120 ft: 312 corp: 18/4538b lim: 333 exec/s: 0 rss: 29Mb L: 104/333 MS: 2 CopyPart-InsertRepeatedBytes-
#51	NEW    cov: 120 ft: 313 corp: 19/4854b lim: 333 exec/s: 0 rss: 29Mb L: 316/333 MS: 2 CopyPart-CrossOver-
#54	NEW    cov: 120 ft: 314 corp: 20/5035b lim: 333 exec/s: 0 rss: 29Mb L: 181/333 MS: 3 CMP-ChangeBinInt-EraseBytes- DE: "d\306k\004\376a\000\000"-
#62	NEW    cov: 120 ft: 352 corp: 21/5083b lim: 333 exec/s: 0 rss: 29Mb L: 48/333 MS: 3 ChangeBinInt-ChangeByte-ChangeBit-
#68	NEW    cov: 120 ft: 353 corp: 22/5392b lim: 333 exec/s: 0 rss: 29Mb L: 309/333 MS: 1 CopyPart-
#75	REDUCE cov: 120 ft: 354 corp: 23/5697b lim: 333 exec/s: 0 rss: 29Mb L: 305/333 MS: 2 ChangeBit-CopyPart-
#76	NEW    cov: 120 ft: 355 corp: 24/6030b lim: 333 exec/s: 0 rss: 29Mb L: 333/333 MS: 1 ChangeByte-
#78	NEW    cov: 120 ft: 356 corp: 25/6298b lim: 333 exec/s: 0 rss: 29Mb L: 268/333 MS: 2 ChangeByte-CopyPart-
#80	NEW    cov: 120 ft: 357 corp: 26/6443b lim: 333 exec/s: 0 rss: 29Mb L: 145/333 MS: 2 ChangeBit-EraseBytes-
#83	NEW    cov: 120 ft: 358 corp: 27/6536b lim: 333 exec/s: 0 rss: 29Mb L: 93/333 MS: 3 InsertRepeatedBytes-ChangeBinInt-CopyPart-
#85	NEW    cov: 120 ft: 359 corp: 28/6860b lim: 333 exec/s: 0 rss: 29Mb L: 324/333 MS: 2 CopyPart-InsertByte-
#93	REDUCE cov: 120 ft: 359 corp: 28/6851b lim: 333 exec/s: 0 rss: 29Mb L: 300/333 MS: 3 CrossOver-ChangeByte-CrossOver-
#107	NEW    cov: 120 ft: 360 corp: 29/7018b lim: 333 exec/s: 0 rss: 29Mb L: 167/333 MS: 4 EraseBytes-InsertByte-ChangeBit-ChangeBinInt-
#136	NEW    cov: 120 ft: 365 corp: 30/7130b lim: 333 exec/s: 0 rss: 29Mb L: 112/333 MS: 4 EraseBytes-ChangeBinInt-ShuffleBytes-EraseBytes-
#146	NEW    cov: 120 ft: 366 corp: 31/7274b lim: 333 exec/s: 0 rss: 29Mb L: 144/333 MS: 5 ChangeBit-CrossOver-ShuffleBytes-CMP-CrossOver- DE: "\013\000\000\000"-
#152	NEW    cov: 120 ft: 367 corp: 32/7462b lim: 333 exec/s: 0 rss: 29Mb L: 188/333 MS: 1 CrossOver-
#164	NEW    cov: 120 ft: 368 corp: 33/7794b lim: 333 exec/s: 0 rss: 29Mb L: 332/333 MS: 2 ChangeASCIIInt-EraseBytes-
#174	NEW    cov: 120 ft: 369 corp: 34/7904b lim: 333 exec/s: 0 rss: 29Mb L: 110/333 MS: 5 ChangeByte-PersAutoDict-EraseBytes-EraseBytes-ChangeByte- DE: "\001\000\000\000\000\000\001M"-
#181	NEW    cov: 120 ft: 370 corp: 35/8203b lim: 333 exec/s: 0 rss: 29Mb L: 299/333 MS: 2 ChangeBit-ChangeBit-
#184	NEW    cov: 120 ft: 374 corp: 36/8241b lim: 333 exec/s: 0 rss: 29Mb L: 38/333 MS: 3 ChangeByte-ChangeBinInt-EraseBytes-
#191	NEW    cov: 120 ft: 375 corp: 37/8569b lim: 333 exec/s: 0 rss: 29Mb L: 328/333 MS: 2 InsertRepeatedBytes-ChangeBit-
#197	NEW    cov: 120 ft: 384 corp: 38/8703b lim: 333 exec/s: 0 rss: 29Mb L: 134/333 MS: 1 EraseBytes-
#200	NEW    cov: 120 ft: 385 corp: 39/8745b lim: 333 exec/s: 0 rss: 29Mb L: 42/333 MS: 3 PersAutoDict-CopyPart-PersAutoDict- DE: "\013\000\000\000"-"\013\000\000\000"-
#203	REDUCE cov: 120 ft: 385 corp: 39/8688b lim: 333 exec/s: 0 rss: 29Mb L: 235/333 MS: 3 InsertRepeatedBytes-EraseBytes-InsertRepeatedBytes-
#209	REDUCE cov: 120 ft: 385 corp: 39/8642b lim: 333 exec/s: 0 rss: 29Mb L: 121/333 MS: 1 EraseBytes-
#215	REDUCE cov: 120 ft: 399 corp: 40/8942b lim: 333 exec/s: 0 rss: 29Mb L: 300/333 MS: 1 ChangeByte-
#220	REDUCE cov: 120 ft: 399 corp: 40/8878b lim: 333 exec/s: 0 rss: 29Mb L: 260/333 MS: 5 CMP-ChangeBit-InsertByte-InsertByte-EraseBytes- DE: "\015\000"-
#282	NEW    cov: 120 ft: 404 corp: 41/9022b lim: 333 exec/s: 0 rss: 29Mb L: 144/333 MS: 2 ShuffleBytes-ChangeByte-
#299	NEW    cov: 120 ft: 405 corp: 42/9105b lim: 333 exec/s: 0 rss: 29Mb L: 83/333 MS: 2 InsertByte-InsertRepeatedBytes-
#302	NEW    cov: 120 ft: 410 corp: 43/9242b lim: 333 exec/s: 0 rss: 29Mb L: 137/333 MS: 3 EraseBytes-CrossOver-CMP- DE: "pixi"-
#342	NEW    cov: 120 ft: 419 corp: 44/9270b lim: 333 exec/s: 0 rss: 29Mb L: 28/333 MS: 5 CrossOver-ChangeBit-ChangeBinInt-ChangeByte-EraseBytes-
#381	REDUCE cov: 120 ft: 420 corp: 45/9603b lim: 333 exec/s: 0 rss: 29Mb L: 333/333 MS: 4 InsertRepeatedBytes-InsertByte-ChangeBit-CopyPart-
#393	NEW    cov: 120 ft: 425 corp: 46/9935b lim: 333 exec/s: 0 rss: 29Mb L: 332/333 MS: 2 ChangeByte-InsertRepeatedBytes-
#401	NEW    cov: 121 ft: 426 corp: 47/10098b lim: 333 exec/s: 0 rss: 29Mb L: 163/333 MS: 3 ChangeBinInt-InsertRepeatedBytes-EraseBytes-
#409	NEW    cov: 121 ft: 427 corp: 48/10280b lim: 333 exec/s: 0 rss: 29Mb L: 182/333 MS: 3 ShuffleBytes-InsertByte-ChangeBinInt-
#422	NEW    cov: 122 ft: 428 corp: 49/10282b lim: 333 exec/s: 0 rss: 29Mb L: 2/333 MS: 3 PersAutoDict-EraseBytes-CrossOver- DE: "\001\000\000\000\000\000\001M"-
#432	REDUCE cov: 122 ft: 428 corp: 49/10257b lim: 333 exec/s: 0 rss: 29Mb L: 87/333 MS: 5 ShuffleBytes-PersAutoDict-ChangeBit-InsertRepeatedBytes-EraseBytes- DE: "\001\000\000\000\000\000\001M"-
#445	NEW    cov: 122 ft: 438 corp: 50/10269b lim: 333 exec/s: 0 rss: 29Mb L: 12/333 MS: 3 ChangeBit-CrossOver-PersAutoDict- DE: "\001\000\000\000\000\000\001M"-
#467	NEW    cov: 122 ft: 439 corp: 51/10424b lim: 333 exec/s: 0 rss: 29Mb L: 155/333 MS: 2 CrossOver-CopyPart-
#514	NEW    cov: 122 ft: 445 corp: 52/10639b lim: 333 exec/s: 0 rss: 29Mb L: 215/333 MS: 2 InsertRepeatedBytes-EraseBytes-
#528	NEW    cov: 122 ft: 446 corp: 53/10971b lim: 333 exec/s: 0 rss: 29Mb L: 332/333 MS: 4 CrossOver-PersAutoDict-InsertRepeatedBytes-InsertByte- DE: "\001\000\000\000\000\000\001M"-
#578	REDUCE cov: 122 ft: 446 corp: 53/10791b lim: 333 exec/s: 0 rss: 29Mb L: 153/333 MS: 5 PersAutoDict-ShuffleBytes-EraseBytes-ChangeBinInt-EraseBytes- DE: "\015\000"-
#582	NEW    cov: 122 ft: 447 corp: 54/11120b lim: 333 exec/s: 0 rss: 29Mb L: 329/333 MS: 4 ChangeBinInt-ChangeBinInt-InsertByte-CopyPart-
#592	NEW    cov: 122 ft: 449 corp: 55/11344b lim: 333 exec/s: 0 rss: 29Mb L: 224/333 MS: 5 ChangeBinInt-ChangeBinInt-ShuffleBytes-ChangeBit-PersAutoDict- DE: "\013\000\000\000"-
#613	REDUCE cov: 122 ft: 449 corp: 55/11342b lim: 333 exec/s: 0 rss: 29Mb L: 10/333 MS: 1 EraseBytes-
#620	NEW    cov: 122 ft: 458 corp: 56/11353b lim: 333 exec/s: 0 rss: 29Mb L: 11/333 MS: 2 InsertByte-PersAutoDict- DE: "d\306k\004\376a\000\000"-
#623	REDUCE cov: 122 ft: 458 corp: 56/11174b lim: 333 exec/s: 0 rss: 29Mb L: 154/333 MS: 3 ChangeBinInt-CopyPart-CrossOver-
#640	REDUCE cov: 122 ft: 471 corp: 57/11484b lim: 333 exec/s: 0 rss: 29Mb L: 310/333 MS: 2 ShuffleBytes-CopyPart-
#668	NEW    cov: 122 ft: 476 corp: 58/11783b lim: 333 exec/s: 0 rss: 29Mb L: 299/333 MS: 3 PersAutoDict-ChangeByte-ChangeByte- DE: "\001\000\000\000\000\000\001M"-
#687	REDUCE cov: 122 ft: 476 corp: 58/11777b lim: 333 exec/s: 0 rss: 29Mb L: 182/333 MS: 4 ChangeBinInt-EraseBytes-InsertByte-InsertRepeatedBytes-
#700	REDUCE cov: 122 ft: 476 corp: 58/11758b lim: 333 exec/s: 0 rss: 29Mb L: 68/333 MS: 3 ChangeBit-ShuffleBytes-EraseBytes-
#723	NEW    cov: 122 ft: 477 corp: 59/11799b lim: 333 exec/s: 0 rss: 29Mb L: 41/333 MS: 3 PersAutoDict-ShuffleBytes-InsertByte- DE: "\013\000\000\000"-
#733	NEW    cov: 122 ft: 487 corp: 60/11822b lim: 333 exec/s: 0 rss: 29Mb L: 23/333 MS: 5 ChangeByte-ShuffleBytes-EraseBytes-PersAutoDict-CrossOver- DE: "d\306k\004\376a\000\000"-
#737	NEW    cov: 122 ft: 499 corp: 61/12155b lim: 333 exec/s: 0 rss: 29Mb L: 333/333 MS: 4 PersAutoDict-CrossOver-InsertByte-PersAutoDict- DE: "\001\000\000\000\000\000\001M"-"pixi"-
#746	NEW    cov: 122 ft: 504 corp: 62/12479b lim: 333 exec/s: 0 rss: 29Mb L: 324/333 MS: 4 InsertRepeatedBytes-ChangeBinInt-ShuffleBytes-PersAutoDict- DE: "\001\000\000\000\000\000\001M"-
#791	NEW    cov: 122 ft: 510 corp: 63/12795b lim: 333 exec/s: 0 rss: 29Mb L: 316/333 MS: 5 ChangeBit-CMP-ChangeByte-EraseBytes-InsertRepeatedBytes- DE: "minf"-
#903	NEW    cov: 122 ft: 511 corp: 64/12870b lim: 333 exec/s: 0 rss: 29Mb L: 75/333 MS: 2 CMP-CopyPart- DE: "\177\377\377\377\377\377\377\377"-
#906	REDUCE cov: 122 ft: 511 corp: 64/12782b lim: 333 exec/s: 0 rss: 29Mb L: 221/333 MS: 3 ChangeASCIIInt-InsertByte-EraseBytes-
#939	NEW    cov: 122 ft: 512 corp: 65/13081b lim: 333 exec/s: 0 rss: 29Mb L: 299/333 MS: 3 ChangeASCIIInt-ChangeBit-PersAutoDict- DE: "pixi"-
#978	REDUCE cov: 122 ft: 512 corp: 65/13057b lim: 333 exec/s: 0 rss: 29Mb L: 120/333 MS: 4 InsertRepeatedBytes-CrossOver-CopyPart-EraseBytes-
#989	REDUCE cov: 122 ft: 512 corp: 65/13055b lim: 333 exec/s: 0 rss: 29Mb L: 180/333 MS: 1 EraseBytes-
#1032	REDUCE cov: 122 ft: 512 corp: 65/13033b lim: 333 exec/s: 0 rss: 29Mb L: 246/333 MS: 3 ChangeBit-InsertByte-EraseBytes-
#1046	REDUCE cov: 122 ft: 512 corp: 65/12933b lim: 333 exec/s: 0 rss: 29Mb L: 200/333 MS: 4 CrossOver-ChangeBinInt-ShuffleBytes-EraseBytes-
#1055	REDUCE cov: 122 ft: 512 corp: 65/12930b lim: 333 exec/s: 0 rss: 29Mb L: 25/333 MS: 4 ShuffleBytes-ShuffleBytes-ShuffleBytes-EraseBytes-
#1122	REDUCE cov: 122 ft: 512 corp: 65/12835b lim: 333 exec/s: 0 rss: 29Mb L: 238/333 MS: 2 ChangeBit-EraseBytes-
#1144	REDUCE cov: 122 ft: 512 corp: 65/12832b lim: 333 exec/s: 0 rss: 29Mb L: 20/333 MS: 2 ShuffleBytes-EraseBytes-
#1151	REDUCE cov: 122 ft: 512 corp: 65/12803b lim: 333 exec/s: 0 rss: 29Mb L: 91/333 MS: 2 CMP-EraseBytes- DE: "\377\377t\316T\000!\300"-
#1219	REDUCE cov: 122 ft: 512 corp: 65/12785b lim: 333 exec/s: 0 rss: 29Mb L: 309/333 MS: 3 CopyPart-EraseBytes-CopyPart-
#1263	REDUCE cov: 122 ft: 512 corp: 65/12774b lim: 333 exec/s: 0 rss: 29Mb L: 249/333 MS: 4 ChangeBit-CopyPart-ChangeBit-EraseBytes-
#1375	REDUCE cov: 122 ft: 512 corp: 65/12718b lim: 333 exec/s: 0 rss: 29Mb L: 182/333 MS: 2 PersAutoDict-EraseBytes- DE: "minf"-
#1380	REDUCE cov: 122 ft: 512 corp: 65/12700b lim: 333 exec/s: 0 rss: 29Mb L: 162/333 MS: 5 CMP-ChangeBit-ShuffleBytes-PersAutoDict-EraseBytes- DE: "pixi"-"\377\377t\316T\000!\300"-
#1429	REDUCE cov: 122 ft: 512 corp: 65/12682b lim: 333 exec/s: 0 rss: 29Mb L: 231/333 MS: 4 CMP-ChangeASCIIInt-PersAutoDict-EraseBytes- DE: "qldh"-"\001\000\000\000\000\000\001M"-
#1445	REDUCE cov: 122 ft: 512 corp: 65/12559b lim: 333 exec/s: 0 rss: 29Mb L: 123/333 MS: 1 EraseBytes-
#1473	NEW    cov: 122 ft: 513 corp: 66/12886b lim: 333 exec/s: 0 rss: 29Mb L: 327/333 MS: 3 ChangeBinInt-CrossOver-InsertRepeatedBytes-
#1481	REDUCE cov: 122 ft: 513 corp: 66/12885b lim: 333 exec/s: 0 rss: 29Mb L: 1/333 MS: 3 CopyPart-ChangeBinInt-EraseBytes-
#1487	REDUCE cov: 122 ft: 519 corp: 67/12980b lim: 333 exec/s: 0 rss: 29Mb L: 95/333 MS: 1 EraseBytes-
#1499	NEW    cov: 123 ft: 521 corp: 68/13313b lim: 333 exec/s: 0 rss: 29Mb L: 333/333 MS: 2 PersAutoDict-CMP- DE: "\377\377t\316T\000!\300"-"pixi"-
#1511	REDUCE cov: 123 ft: 521 corp: 68/13289b lim: 333 exec/s: 0 rss: 29Mb L: 304/333 MS: 2 ShuffleBytes-EraseBytes-
#1521	REDUCE cov: 123 ft: 521 corp: 68/13215b lim: 333 exec/s: 0 rss: 29Mb L: 108/333 MS: 5 EraseBytes-PersAutoDict-ShuffleBytes-CMP-PersAutoDict- DE: "pixi"-"\377\007"-"minf"-
#1613	NEW    cov: 123 ft: 522 corp: 69/13235b lim: 333 exec/s: 0 rss: 29Mb L: 20/333 MS: 2 EraseBytes-CopyPart-
#1616	REDUCE cov: 123 ft: 522 corp: 69/13207b lim: 333 exec/s: 0 rss: 29Mb L: 116/333 MS: 3 ShuffleBytes-EraseBytes-ChangeByte-
#1694	REDUCE cov: 123 ft: 522 corp: 69/13198b lim: 333 exec/s: 0 rss: 29Mb L: 191/333 MS: 3 CopyPart-ChangeBit-EraseBytes-
#1728	REDUCE cov: 123 ft: 522 corp: 69/13166b lim: 333 exec/s: 0 rss: 29Mb L: 267/333 MS: 4 ChangeBit-CrossOver-ChangeBinInt-EraseBytes-
#1776	NEW    cov: 123 ft: 526 corp: 70/13222b lim: 333 exec/s: 0 rss: 29Mb L: 56/333 MS: 3 PersAutoDict-PersAutoDict-EraseBytes- DE: "minf"-"minf"-
#1789	REDUCE cov: 123 ft: 526 corp: 70/13218b lim: 333 exec/s: 0 rss: 29Mb L: 100/333 MS: 3 EraseBytes-ChangeBit-CMP- DE: "14pm"-
#1800	NEW    cov: 123 ft: 528 corp: 71/13377b lim: 333 exec/s: 0 rss: 29Mb L: 159/333 MS: 1 InsertRepeatedBytes-
#1821	REDUCE cov: 123 ft: 528 corp: 71/13344b lim: 333 exec/s: 0 rss: 29Mb L: 291/333 MS: 1 EraseBytes-
#1843	REDUCE cov: 123 ft: 528 corp: 71/13260b lim: 333 exec/s: 0 rss: 29Mb L: 107/333 MS: 2 CMP-EraseBytes- DE: "mdia"-
#1936	REDUCE cov: 123 ft: 528 corp: 71/13246b lim: 333 exec/s: 0 rss: 29Mb L: 109/333 MS: 3 ShuffleBytes-ShuffleBytes-EraseBytes-
#1954	REDUCE cov: 123 ft: 528 corp: 71/13221b lim: 333 exec/s: 0 rss: 29Mb L: 308/333 MS: 3 ShuffleBytes-CMP-EraseBytes- DE: "\377\012"-
#1978	NEW    cov: 123 ft: 529 corp: 72/13554b lim: 333 exec/s: 0 rss: 29Mb L: 333/333 MS: 4 ChangeBit-InsertByte-InsertByte-InsertRepeatedBytes-
#2005	REDUCE cov: 123 ft: 529 corp: 72/13529b lim: 333 exec/s: 0 rss: 29Mb L: 96/333 MS: 2 CrossOver-ChangeBit-
#2070	REDUCE cov: 123 ft: 529 corp: 72/13521b lim: 333 exec/s: 0 rss: 29Mb L: 297/333 MS: 5 ChangeASCIIInt-InsertRepeatedBytes-ChangeBinInt-ShuffleBytes-EraseBytes-
#2106	REDUCE cov: 123 ft: 529 corp: 72/13518b lim: 333 exec/s: 0 rss: 29Mb L: 152/333 MS: 1 EraseBytes-
#2119	REDUCE cov: 123 ft: 529 corp: 72/13516b lim: 333 exec/s: 0 rss: 29Mb L: 39/333 MS: 3 ChangeBinInt-ChangeBinInt-EraseBytes-
#2133	REDUCE cov: 123 ft: 529 corp: 72/13496b lim: 333 exec/s: 0 rss: 29Mb L: 63/333 MS: 4 ChangeBit-ChangeByte-EraseBytes-EraseBytes-
#2146	REDUCE cov: 123 ft: 529 corp: 72/13427b lim: 333 exec/s: 0 rss: 29Mb L: 40/333 MS: 3 ShuffleBytes-CrossOver-CrossOver-
#2212	REDUCE cov: 123 ft: 529 corp: 72/13420b lim: 333 exec/s: 0 rss: 29Mb L: 174/333 MS: 1 EraseBytes-
#2228	REDUCE cov: 123 ft: 529 corp: 72/13404b lim: 333 exec/s: 0 rss: 29Mb L: 24/333 MS: 1 EraseBytes-
#2255	REDUCE cov: 123 ft: 529 corp: 72/13394b lim: 333 exec/s: 0 rss: 29Mb L: 10/333 MS: 2 ChangeBinInt-EraseBytes-
#2291	REDUCE cov: 123 ft: 529 corp: 72/13392b lim: 333 exec/s: 0 rss: 29Mb L: 152/333 MS: 1 EraseBytes-
#2323	REDUCE cov: 123 ft: 529 corp: 72/13390b lim: 333 exec/s: 0 rss: 29Mb L: 9/333 MS: 2 InsertByte-EraseBytes-
#2413	NEW    cov: 123 ft: 530 corp: 73/13404b lim: 333 exec/s: 0 rss: 29Mb L: 14/333 MS: 5 InsertRepeatedBytes-ChangeBit-CrossOver-CrossOver-EraseBytes-
#2539	REDUCE cov: 123 ft: 530 corp: 73/13398b lim: 333 exec/s: 0 rss: 29Mb L: 18/333 MS: 1 EraseBytes-
#2580	NEW    cov: 124 ft: 532 corp: 74/13712b lim: 333 exec/s: 0 rss: 29Mb L: 314/333 MS: 1 CMP- DE: "hvc1"-
#2613	NEW    cov: 124 ft: 533 corp: 75/14045b lim: 333 exec/s: 0 rss: 29Mb L: 333/333 MS: 3 InsertByte-InsertRepeatedBytes-ChangeByte-
#2621	REDUCE cov: 124 ft: 533 corp: 75/14034b lim: 333 exec/s: 0 rss: 29Mb L: 316/333 MS: 3 InsertByte-ChangeBit-EraseBytes-
#2627	REDUCE cov: 124 ft: 533 corp: 75/13967b lim: 333 exec/s: 0 rss: 29Mb L: 247/333 MS: 1 EraseBytes-
#2630	REDUCE cov: 124 ft: 533 corp: 75/13966b lim: 333 exec/s: 0 rss: 29Mb L: 35/333 MS: 3 CrossOver-CrossOver-EraseBytes-
#2741	REDUCE cov: 124 ft: 533 corp: 75/13950b lim: 333 exec/s: 0 rss: 29Mb L: 188/333 MS: 1 EraseBytes-
#2763	REDUCE cov: 124 ft: 533 corp: 75/13913b lim: 333 exec/s: 0 rss: 29Mb L: 97/333 MS: 2 ChangeBinInt-EraseBytes-
#2811	REDUCE cov: 124 ft: 533 corp: 75/13891b lim: 333 exec/s: 0 rss: 29Mb L: 94/333 MS: 3 PersAutoDict-ChangeASCIIInt-EraseBytes- DE: "\377\377t\316T\000!\300"-
#2831	REDUCE cov: 124 ft: 533 corp: 75/13819b lim: 333 exec/s: 0 rss: 29Mb L: 219/333 MS: 5 ChangeByte-PersAutoDict-ShuffleBytes-CopyPart-EraseBytes- DE: "\377\377t\316T\000!\300"-
#2869	REDUCE cov: 124 ft: 533 corp: 75/13761b lim: 333 exec/s: 0 rss: 29Mb L: 95/333 MS: 3 ChangeBit-PersAutoDict-EraseBytes- DE: "pixi"-
#2888	NEW    cov: 124 ft: 534 corp: 76/14025b lim: 333 exec/s: 0 rss: 29Mb L: 264/333 MS: 4 ShuffleBytes-EraseBytes-CMP-CMP- DE: "tapt"-"A\362\001T\316u\000\000"-
#2961	REDUCE cov: 124 ft: 534 corp: 76/13991b lim: 333 exec/s: 0 rss: 29Mb L: 73/333 MS: 3 CopyPart-ChangeASCIIInt-CrossOver-
#2993	NEW    cov: 124 ft: 535 corp: 77/14256b lim: 333 exec/s: 0 rss: 29Mb L: 265/333 MS: 2 ChangeBit-InsertByte-
#3021	REDUCE cov: 124 ft: 535 corp: 77/14252b lim: 333 exec/s: 0 rss: 29Mb L: 64/333 MS: 3 CMP-InsertByte-EraseBytes- DE: "N7ISOBMFF3BoxE"-
#3072	REDUCE cov: 124 ft: 535 corp: 77/14250b lim: 333 exec/s: 0 rss: 29Mb L: 150/333 MS: 1 EraseBytes-
#3079	REDUCE cov: 124 ft: 535 corp: 77/14247b lim: 333 exec/s: 0 rss: 29Mb L: 35/333 MS: 2 ShuffleBytes-EraseBytes-
#3119	REDUCE cov: 124 ft: 535 corp: 77/14244b lim: 333 exec/s: 0 rss: 29Mb L: 15/333 MS: 5 CopyPart-PersAutoDict-ShuffleBytes-CopyPart-EraseBytes- DE: "\377\007"-
==812296== ERROR: libFuzzer: out-of-memory (used: 2277Mb; limit: 1024Mb)
   To change the out-of-memory limit use -rss_limit_mb=<N>

MS: 5 InsertRepeatedBytes-ShuffleBytes-CopyPart-InsertRepeatedBytes-PersAutoDict- DE: "hvc1"-; base unit: 896fc109a947a3a0b1f1eb9b520e1164045d6e70
artifact_prefix='/results/crashes/20260313_184103_4a8ea43e_'; Test unit written to /results/crashes/20260313_184103_4a8ea43e_oom-9f4dacaf625c16078d8b7e2d46b8042229f256d5
SUMMARY: libFuzzer: out-of-memory
stat::number_of_executed_units: 3174
stat::average_exec_per_sec:     1587
stat::new_units_added:          135
stat::slowest_unit_time_sec:    0
stat::peak_rss_mb:              2277
