INFO: Running with entropic power schedule (0xFF, 100).
INFO: Seed: 2697787592
INFO: Loaded 1 modules   (252 inline 8-bit counters): 252 [0x5e90f91fc678, 0x5e90f91fc774), 
INFO: Loaded 1 PC tables (252 PCs): 252 [0x5e90f91fc778,0x5e90f91fd738), 
INFO:        3 files found in /tmp/corpus_20260313_123430_f59b8821
INFO: seed corpus: files: 3 min: 4b max: 64b total: 96b rss: 28Mb
#4	INITED cov: 107 ft: 127 corp: 3/96b exec/s: 0 rss: 29Mb
#5	REDUCE cov: 107 ft: 127 corp: 3/94b lim: 64 exec/s: 0 rss: 29Mb L: 2/64 MS: 1 EraseBytes-
#7	NEW    cov: 107 ft: 136 corp: 4/158b lim: 64 exec/s: 0 rss: 29Mb L: 64/64 MS: 2 CopyPart-ChangeBinInt-
#9	NEW    cov: 107 ft: 158 corp: 5/197b lim: 64 exec/s: 0 rss: 29Mb L: 39/64 MS: 2 ChangeBinInt-InsertRepeatedBytes-
#12	NEW    cov: 107 ft: 159 corp: 6/247b lim: 64 exec/s: 0 rss: 29Mb L: 50/64 MS: 3 CopyPart-CMP-EraseBytes- DE: "\002\000\000\000\000\000\000\000"-
#17	NEW    cov: 107 ft: 166 corp: 7/278b lim: 64 exec/s: 0 rss: 29Mb L: 31/64 MS: 5 ShuffleBytes-CopyPart-EraseBytes-CopyPart-CrossOver-
#19	NEW    cov: 107 ft: 174 corp: 8/306b lim: 64 exec/s: 0 rss: 29Mb L: 28/64 MS: 2 ChangeBit-PersAutoDict- DE: "\002\000\000\000\000\000\000\000"-
#20	NEW    cov: 107 ft: 181 corp: 9/349b lim: 64 exec/s: 0 rss: 29Mb L: 43/64 MS: 1 CrossOver-
#26	NEW    cov: 107 ft: 188 corp: 10/399b lim: 64 exec/s: 0 rss: 29Mb L: 50/64 MS: 1 InsertRepeatedBytes-
#27	NEW    cov: 107 ft: 189 corp: 11/428b lim: 64 exec/s: 0 rss: 29Mb L: 29/64 MS: 1 InsertByte-
#30	NEW    cov: 107 ft: 197 corp: 12/449b lim: 64 exec/s: 0 rss: 29Mb L: 21/64 MS: 3 InsertByte-EraseBytes-EraseBytes-
#106	NEW    cov: 108 ft: 198 corp: 13/499b lim: 64 exec/s: 0 rss: 29Mb L: 50/64 MS: 1 CMP- DE: "\002\000\000\000\000\000\000\000"-
#109	NEW    cov: 108 ft: 235 corp: 14/523b lim: 64 exec/s: 0 rss: 29Mb L: 24/64 MS: 3 CMP-ChangeBinInt-EraseBytes- DE: "tapt"-
#115	NEW    cov: 108 ft: 265 corp: 15/576b lim: 64 exec/s: 0 rss: 29Mb L: 53/64 MS: 1 CrossOver-
#116	REDUCE cov: 108 ft: 265 corp: 15/575b lim: 64 exec/s: 0 rss: 29Mb L: 1/64 MS: 1 EraseBytes-
#117	NEW    cov: 108 ft: 274 corp: 16/588b lim: 64 exec/s: 0 rss: 29Mb L: 13/64 MS: 1 EraseBytes-
#150	REDUCE cov: 108 ft: 274 corp: 16/586b lim: 64 exec/s: 0 rss: 29Mb L: 19/64 MS: 3 ChangeBinInt-CMP-EraseBytes- DE: "\001\000\000\010"-
#188	NEW    cov: 108 ft: 275 corp: 17/645b lim: 64 exec/s: 0 rss: 29Mb L: 59/64 MS: 3 CMP-CopyPart-InsertRepeatedBytes- DE: "\332\013\375\370\220^\000\000"-
#225	NEW    cov: 109 ft: 284 corp: 18/698b lim: 64 exec/s: 0 rss: 29Mb L: 53/64 MS: 2 ChangeASCIIInt-ChangeBinInt-
#272	REDUCE cov: 109 ft: 284 corp: 18/697b lim: 64 exec/s: 0 rss: 29Mb L: 12/64 MS: 2 CMP-EraseBytes- DE: ":;\3407\221^\000\000"-
#273	NEW    cov: 109 ft: 300 corp: 19/717b lim: 64 exec/s: 0 rss: 29Mb L: 20/64 MS: 1 EraseBytes-
#282	NEW    cov: 110 ft: 301 corp: 20/781b lim: 64 exec/s: 0 rss: 29Mb L: 64/64 MS: 4 ChangeBinInt-ChangeBit-ChangeByte-ChangeBinInt-
#315	REDUCE cov: 110 ft: 301 corp: 20/775b lim: 64 exec/s: 0 rss: 29Mb L: 33/64 MS: 3 CrossOver-CrossOver-EraseBytes-
#346	NEW    cov: 110 ft: 307 corp: 21/839b lim: 64 exec/s: 0 rss: 29Mb L: 64/64 MS: 1 InsertRepeatedBytes-
#352	REDUCE cov: 110 ft: 308 corp: 22/847b lim: 64 exec/s: 0 rss: 29Mb L: 8/64 MS: 1 EraseBytes-
#373	REDUCE cov: 110 ft: 308 corp: 22/846b lim: 64 exec/s: 0 rss: 29Mb L: 11/64 MS: 1 CrossOver-
#407	NEW    cov: 110 ft: 309 corp: 23/910b lim: 64 exec/s: 0 rss: 29Mb L: 64/64 MS: 4 ChangeBit-CopyPart-ChangeBit-ShuffleBytes-
#473	REDUCE cov: 110 ft: 309 corp: 23/894b lim: 64 exec/s: 0 rss: 29Mb L: 37/64 MS: 1 EraseBytes-
#550	REDUCE cov: 110 ft: 309 corp: 23/891b lim: 64 exec/s: 0 rss: 29Mb L: 28/64 MS: 2 ShuffleBytes-EraseBytes-
#573	REDUCE cov: 110 ft: 309 corp: 23/885b lim: 64 exec/s: 0 rss: 29Mb L: 47/64 MS: 3 ChangeBit-CrossOver-EraseBytes-
#578	REDUCE cov: 110 ft: 309 corp: 23/880b lim: 64 exec/s: 0 rss: 29Mb L: 42/64 MS: 5 InsertRepeatedBytes-PersAutoDict-InsertRepeatedBytes-CrossOver-EraseBytes- DE: "tapt"-
#660	REDUCE cov: 110 ft: 309 corp: 23/870b lim: 64 exec/s: 0 rss: 29Mb L: 40/64 MS: 2 InsertRepeatedBytes-EraseBytes-
#668	NEW    cov: 111 ft: 310 corp: 24/932b lim: 64 exec/s: 0 rss: 29Mb L: 62/64 MS: 3 CrossOver-ChangeBit-EraseBytes-
#685	NEW    cov: 111 ft: 311 corp: 25/946b lim: 64 exec/s: 0 rss: 29Mb L: 14/64 MS: 2 ChangeByte-EraseBytes-
#689	REDUCE cov: 111 ft: 312 corp: 26/1010b lim: 64 exec/s: 0 rss: 29Mb L: 64/64 MS: 4 CopyPart-InsertRepeatedBytes-ChangeBit-CopyPart-
#785	REDUCE cov: 111 ft: 312 corp: 26/1009b lim: 64 exec/s: 0 rss: 29Mb L: 10/64 MS: 1 EraseBytes-
#871	REDUCE cov: 111 ft: 312 corp: 26/1006b lim: 64 exec/s: 0 rss: 29Mb L: 26/64 MS: 1 EraseBytes-
#882	REDUCE cov: 111 ft: 312 corp: 26/990b lim: 64 exec/s: 0 rss: 29Mb L: 48/64 MS: 1 EraseBytes-
#978	REDUCE cov: 111 ft: 313 corp: 27/1030b lim: 64 exec/s: 0 rss: 29Mb L: 40/64 MS: 1 ChangeBit-
#987	REDUCE cov: 111 ft: 313 corp: 27/1016b lim: 64 exec/s: 0 rss: 29Mb L: 50/64 MS: 4 ChangeBit-ChangeBinInt-ChangeBit-CrossOver-
#1049	REDUCE cov: 111 ft: 313 corp: 27/1011b lim: 64 exec/s: 0 rss: 29Mb L: 9/64 MS: 2 ChangeBit-EraseBytes-
#1072	NEW    cov: 112 ft: 320 corp: 28/1040b lim: 64 exec/s: 0 rss: 29Mb L: 29/64 MS: 3 CMP-PersAutoDict-InsertByte- DE: "A(\3417\221^\000\000"-"tapt"-
#1096	NEW    cov: 112 ft: 321 corp: 29/1072b lim: 64 exec/s: 0 rss: 29Mb L: 32/64 MS: 4 CMP-ChangeBinInt-ShuffleBytes-CopyPart- DE: "ztf\024"-
#1108	REDUCE cov: 112 ft: 321 corp: 29/1071b lim: 64 exec/s: 0 rss: 29Mb L: 41/64 MS: 2 EraseBytes-InsertRepeatedBytes-
#1266	REDUCE cov: 112 ft: 321 corp: 29/1070b lim: 64 exec/s: 0 rss: 29Mb L: 27/64 MS: 3 ShuffleBytes-PersAutoDict-EraseBytes- DE: "\002\000\000\000\000\000\000\000"-
#1317	REDUCE cov: 112 ft: 321 corp: 29/1069b lim: 64 exec/s: 0 rss: 29Mb L: 9/64 MS: 1 EraseBytes-
#1320	REDUCE cov: 112 ft: 321 corp: 29/1063b lim: 64 exec/s: 0 rss: 29Mb L: 20/64 MS: 3 ChangeByte-ChangeByte-EraseBytes-
#1347	NEW    cov: 112 ft: 322 corp: 30/1092b lim: 64 exec/s: 0 rss: 29Mb L: 29/64 MS: 2 ChangeBit-InsertByte-
#1507	REDUCE cov: 112 ft: 322 corp: 30/1090b lim: 64 exec/s: 0 rss: 29Mb L: 48/64 MS: 5 ChangeBit-ShuffleBytes-InsertByte-InsertByte-EraseBytes-
#1649	REDUCE cov: 112 ft: 322 corp: 30/1089b lim: 64 exec/s: 0 rss: 29Mb L: 26/64 MS: 2 InsertByte-EraseBytes-
#1797	REDUCE cov: 112 ft: 322 corp: 30/1082b lim: 64 exec/s: 0 rss: 29Mb L: 21/64 MS: 3 ShuffleBytes-CMP-EraseBytes- DE: "strk"-
#1836	REDUCE cov: 112 ft: 322 corp: 30/1081b lim: 64 exec/s: 0 rss: 29Mb L: 49/64 MS: 4 PersAutoDict-CopyPart-ChangeBinInt-EraseBytes- DE: "strk"-
#1850	REDUCE cov: 112 ft: 322 corp: 30/1065b lim: 64 exec/s: 0 rss: 29Mb L: 48/64 MS: 4 CMP-ChangeBinInt-CopyPart-EraseBytes- DE: "ispe"-
#2059	REDUCE cov: 112 ft: 322 corp: 30/1042b lim: 64 exec/s: 0 rss: 29Mb L: 39/64 MS: 4 CMP-ChangeBit-CopyPart-EraseBytes- DE: "\023\000"-
#2510	REDUCE cov: 112 ft: 322 corp: 30/1041b lim: 64 exec/s: 0 rss: 29Mb L: 58/64 MS: 1 EraseBytes-
#2757	NEW    cov: 112 ft: 324 corp: 31/1069b lim: 64 exec/s: 0 rss: 29Mb L: 28/64 MS: 2 ShuffleBytes-CopyPart-
#3043	REDUCE cov: 112 ft: 324 corp: 31/1062b lim: 64 exec/s: 0 rss: 29Mb L: 21/64 MS: 1 EraseBytes-
#3345	REDUCE cov: 112 ft: 324 corp: 31/1052b lim: 64 exec/s: 0 rss: 29Mb L: 30/64 MS: 2 CMP-EraseBytes- DE: "\001\000\000\000"-
#3353	REDUCE cov: 112 ft: 324 corp: 31/1044b lim: 64 exec/s: 0 rss: 29Mb L: 13/64 MS: 3 CrossOver-InsertRepeatedBytes-EraseBytes-
#3380	REDUCE cov: 112 ft: 324 corp: 31/1036b lim: 64 exec/s: 0 rss: 29Mb L: 56/64 MS: 2 CopyPart-EraseBytes-
#3734	REDUCE cov: 112 ft: 324 corp: 31/1024b lim: 64 exec/s: 0 rss: 29Mb L: 36/64 MS: 4 CMP-InsertRepeatedBytes-InsertByte-EraseBytes- DE: "\037   "-
#3790	REDUCE cov: 112 ft: 324 corp: 31/1023b lim: 64 exec/s: 0 rss: 29Mb L: 12/64 MS: 1 EraseBytes-
#3826	REDUCE cov: 112 ft: 324 corp: 31/1012b lim: 64 exec/s: 0 rss: 29Mb L: 19/64 MS: 1 EraseBytes-
#3834	NEW    cov: 112 ft: 326 corp: 32/1076b lim: 64 exec/s: 0 rss: 29Mb L: 64/64 MS: 3 ChangeByte-CMP-CrossOver- DE: "\377\377]\2217\341\310\321"-
#3902	REDUCE cov: 112 ft: 326 corp: 32/1073b lim: 64 exec/s: 0 rss: 29Mb L: 16/64 MS: 3 CMP-CMP-EraseBytes- DE: "ispe"-"avc1"-
#3994	REDUCE cov: 112 ft: 326 corp: 32/1072b lim: 64 exec/s: 0 rss: 29Mb L: 18/64 MS: 2 InsertByte-EraseBytes-
#4301	REDUCE cov: 112 ft: 326 corp: 32/1071b lim: 64 exec/s: 0 rss: 29Mb L: 31/64 MS: 2 ChangeByte-EraseBytes-
#4617	NEW    cov: 120 ft: 343 corp: 33/1119b lim: 64 exec/s: 0 rss: 29Mb L: 48/64 MS: 1 CopyPart-
#5227	NEW    cov: 120 ft: 345 corp: 34/1185b lim: 70 exec/s: 0 rss: 29Mb L: 66/66 MS: 5 ShuffleBytes-ChangeBinInt-CMP-InsertRepeatedBytes-PersAutoDict- DE: "\001\000\000\000"-"\037   "-
#5644	REDUCE cov: 120 ft: 345 corp: 34/1178b lim: 70 exec/s: 0 rss: 29Mb L: 11/66 MS: 2 CopyPart-EraseBytes-
#5795	REDUCE cov: 120 ft: 345 corp: 34/1175b lim: 70 exec/s: 0 rss: 29Mb L: 28/66 MS: 1 EraseBytes-
#6276	NEW    cov: 120 ft: 347 corp: 35/1237b lim: 70 exec/s: 0 rss: 29Mb L: 62/66 MS: 1 InsertRepeatedBytes-
#6752	REDUCE cov: 120 ft: 348 corp: 36/1304b lim: 70 exec/s: 0 rss: 29Mb L: 67/67 MS: 1 CrossOver-
#6906	REDUCE cov: 120 ft: 350 corp: 37/1341b lim: 70 exec/s: 0 rss: 29Mb L: 37/67 MS: 4 PersAutoDict-ChangeByte-PersAutoDict-CMP- DE: "\001\000\000\000"-"\037   "-"hvcC"-
#6996	REDUCE cov: 120 ft: 350 corp: 37/1330b lim: 70 exec/s: 0 rss: 29Mb L: 28/67 MS: 5 CMP-EraseBytes-PersAutoDict-ChangeByte-CopyPart- DE: "\000\000\000\023"-"ztf\024"-
#7402	REDUCE cov: 120 ft: 351 corp: 38/1378b lim: 70 exec/s: 0 rss: 29Mb L: 48/67 MS: 1 ChangeBit-
#7533	REDUCE cov: 120 ft: 351 corp: 38/1376b lim: 70 exec/s: 0 rss: 29Mb L: 41/67 MS: 1 EraseBytes-
#7831	REDUCE cov: 120 ft: 351 corp: 38/1373b lim: 70 exec/s: 0 rss: 29Mb L: 33/67 MS: 3 CMP-EraseBytes-CrossOver- DE: "\000\000\000\000"-
#8194	REDUCE cov: 120 ft: 351 corp: 38/1357b lim: 70 exec/s: 0 rss: 29Mb L: 34/67 MS: 3 CMP-ChangeASCIIInt-EraseBytes- DE: "hvc1"-
#8475	REDUCE cov: 120 ft: 351 corp: 38/1356b lim: 70 exec/s: 0 rss: 29Mb L: 61/67 MS: 1 EraseBytes-
#9133	NEW    cov: 120 ft: 352 corp: 39/1432b lim: 76 exec/s: 9133 rss: 29Mb L: 76/76 MS: 1 CrossOver-
#9366	REDUCE cov: 120 ft: 352 corp: 39/1431b lim: 76 exec/s: 9366 rss: 29Mb L: 66/76 MS: 3 ChangeASCIIInt-PersAutoDict-EraseBytes- DE: "tapt"-
#9499	REDUCE cov: 120 ft: 352 corp: 39/1430b lim: 76 exec/s: 9499 rss: 29Mb L: 75/75 MS: 3 CrossOver-CMP-EraseBytes- DE: "\227\236\3427\221^\000\000"-
#9516	NEW    cov: 121 ft: 360 corp: 40/1463b lim: 76 exec/s: 9516 rss: 29Mb L: 33/75 MS: 2 ShuffleBytes-PersAutoDict- DE: "avc1"-
#10048	REDUCE cov: 121 ft: 360 corp: 40/1461b lim: 76 exec/s: 10048 rss: 29Mb L: 19/75 MS: 2 InsertByte-EraseBytes-
#10666	NEW    cov: 121 ft: 361 corp: 41/1542b lim: 82 exec/s: 10666 rss: 29Mb L: 81/81 MS: 3 PersAutoDict-CopyPart-InsertRepeatedBytes- DE: "\002\000\000\000\000\000\000\000"-
#10739	REDUCE cov: 121 ft: 361 corp: 41/1541b lim: 82 exec/s: 10739 rss: 29Mb L: 25/81 MS: 3 ShuffleBytes-PersAutoDict-EraseBytes- DE: "tapt"-
#11295	REDUCE cov: 121 ft: 361 corp: 41/1539b lim: 82 exec/s: 11295 rss: 29Mb L: 9/81 MS: 1 EraseBytes-
#11631	REDUCE cov: 121 ft: 361 corp: 41/1535b lim: 82 exec/s: 11631 rss: 29Mb L: 44/81 MS: 1 CrossOver-
#12846	REDUCE cov: 121 ft: 362 corp: 42/1625b lim: 94 exec/s: 12846 rss: 29Mb L: 90/90 MS: 5 CrossOver-InsertRepeatedBytes-PersAutoDict-InsertByte-InsertRepeatedBytes- DE: "hvcC"-
#12858	REDUCE cov: 121 ft: 362 corp: 42/1618b lim: 94 exec/s: 12858 rss: 29Mb L: 33/90 MS: 2 InsertByte-EraseBytes-
#13115	REDUCE cov: 121 ft: 362 corp: 42/1617b lim: 94 exec/s: 13115 rss: 29Mb L: 8/90 MS: 2 ChangeASCIIInt-EraseBytes-
#13295	REDUCE cov: 121 ft: 362 corp: 42/1616b lim: 94 exec/s: 13295 rss: 29Mb L: 65/90 MS: 5 InsertRepeatedBytes-EraseBytes-InsertRepeatedBytes-ChangeBit-EraseBytes-
#13906	REDUCE cov: 121 ft: 362 corp: 42/1613b lim: 100 exec/s: 13906 rss: 29Mb L: 21/90 MS: 1 EraseBytes-
#13974	REDUCE cov: 121 ft: 363 corp: 43/1710b lim: 100 exec/s: 13974 rss: 29Mb L: 97/97 MS: 3 ShuffleBytes-CrossOver-InsertRepeatedBytes-
#14756	REDUCE cov: 121 ft: 364 corp: 44/1816b lim: 106 exec/s: 14756 rss: 29Mb L: 106/106 MS: 2 PersAutoDict-InsertRepeatedBytes- DE: "tapt"-
#15302	REDUCE cov: 121 ft: 386 corp: 45/1874b lim: 106 exec/s: 15302 rss: 29Mb L: 58/106 MS: 1 CrossOver-
#15396	REDUCE cov: 121 ft: 387 corp: 46/1973b lim: 106 exec/s: 15396 rss: 29Mb L: 99/106 MS: 4 ShuffleBytes-InsertRepeatedBytes-CrossOver-CopyPart-
#15825	REDUCE cov: 121 ft: 387 corp: 46/1957b lim: 106 exec/s: 15825 rss: 29Mb L: 17/106 MS: 4 ChangeByte-EraseBytes-ChangeBit-EraseBytes-
#16277	REDUCE cov: 121 ft: 387 corp: 46/1949b lim: 106 exec/s: 16277 rss: 29Mb L: 91/106 MS: 2 ChangeBinInt-EraseBytes-
#16660	REDUCE cov: 121 ft: 387 corp: 46/1944b lim: 106 exec/s: 16660 rss: 29Mb L: 86/106 MS: 3 ChangeASCIIInt-PersAutoDict-EraseBytes- DE: "\001\000\000\010"-
#16876	REDUCE cov: 121 ft: 387 corp: 46/1943b lim: 106 exec/s: 16876 rss: 29Mb L: 18/106 MS: 1 EraseBytes-
#17035	REDUCE cov: 121 ft: 387 corp: 46/1907b lim: 106 exec/s: 8517 rss: 29Mb L: 50/106 MS: 4 ChangeBinInt-ChangeBinInt-ChangeASCIIInt-EraseBytes-
#17186	NEW    cov: 121 ft: 388 corp: 47/1944b lim: 106 exec/s: 8593 rss: 29Mb L: 37/106 MS: 1 PersAutoDict- DE: "\001\000\000\000"-
#17856	REDUCE cov: 121 ft: 388 corp: 47/1937b lim: 112 exec/s: 8928 rss: 29Mb L: 37/106 MS: 5 ChangeByte-ShuffleBytes-InsertRepeatedBytes-ShuffleBytes-CrossOver-
#18133	REDUCE cov: 121 ft: 388 corp: 47/1936b lim: 112 exec/s: 9066 rss: 29Mb L: 17/106 MS: 2 CrossOver-EraseBytes-
#18186	REDUCE cov: 121 ft: 388 corp: 47/1933b lim: 112 exec/s: 9093 rss: 29Mb L: 9/106 MS: 3 ChangeBinInt-PersAutoDict-EraseBytes- DE: "\023\000"-
#18345	REDUCE cov: 121 ft: 388 corp: 47/1930b lim: 112 exec/s: 9172 rss: 29Mb L: 17/106 MS: 4 ChangeBinInt-EraseBytes-ChangeByte-ChangeBinInt-
#18514	REDUCE cov: 121 ft: 389 corp: 48/2034b lim: 112 exec/s: 9257 rss: 29Mb L: 104/106 MS: 4 ChangeBinInt-ShuffleBytes-CMP-InsertRepeatedBytes- DE: "\000\000\000 "-
#19793	NEW    cov: 121 ft: 391 corp: 49/2156b lim: 124 exec/s: 9896 rss: 29Mb L: 122/122 MS: 4 ShuffleBytes-CMP-CrossOver-InsertRepeatedBytes- DE: "schi"-
#20244	REDUCE cov: 121 ft: 392 corp: 50/2279b lim: 124 exec/s: 10122 rss: 29Mb L: 123/123 MS: 1 InsertRepeatedBytes-
#20799	REDUCE cov: 121 ft: 392 corp: 50/2278b lim: 124 exec/s: 10399 rss: 29Mb L: 105/123 MS: 5 PersAutoDict-PersAutoDict-ShuffleBytes-EraseBytes-InsertRepeatedBytes- DE: "\001\000\000\000"-"\000\000\000 "-
#21478	NEW    cov: 121 ft: 406 corp: 51/2406b lim: 130 exec/s: 10739 rss: 29Mb L: 128/128 MS: 4 ChangeBinInt-CopyPart-PersAutoDict-CopyPart- DE: "\023\000"-
#21572	NEW    cov: 121 ft: 407 corp: 52/2536b lim: 130 exec/s: 10786 rss: 29Mb L: 130/130 MS: 4 InsertRepeatedBytes-InsertRepeatedBytes-ChangeByte-InsertByte-
#21599	NEW    cov: 121 ft: 408 corp: 53/2666b lim: 130 exec/s: 10799 rss: 29Mb L: 130/130 MS: 2 CMP-CMP- DE: "\017\000"-"\001\012"-
#21965	NEW    cov: 121 ft: 409 corp: 54/2777b lim: 130 exec/s: 10982 rss: 29Mb L: 111/130 MS: 1 InsertRepeatedBytes-
==19== ERROR: libFuzzer: out-of-memory (used: 649Mb; limit: 512Mb)
   To change the out-of-memory limit use -rss_limit_mb=<N>

MS: 1 PersAutoDict- DE: "\227\236\3427\221^\000\000"-; base unit: 87c4270d3f369382678a5bab758d6503dc17adfa
0x0,0x0,0x0,0x14,0x66,0x74,0x79,0x70,0x6d,0x41,0x28,0xe1,0x37,0x91,0x5e,0x0,0x39,0x70,0x0,0x0,0x34,0x74,0x0,0x31,0x61,0x76,0x63,0x31,0x0,0x61,0x70,0xff,0xff,0xff,0xff,0xff,0xff,0xff,0xff,0xff,0xff,0xff,0xff,0xff,0xff,0xff,0xff,0xff,0xff,0xff,0xff,0xff,0xff,0xff,0xff,0xff,0xff,0xff,0xff,0xff,0xff,0xff,0xff,0xff,0xff,0xff,0xff,0xff,0xff,0xff,0xff,0xff,0xff,0xff,0xff,0xff,0x97,0x9e,0xe2,0x37,0x91,0x5e,0x0,0x0,0xff,0xff,0xff,0xff,0xff,0xff,0xff,0xff,0xff,0xff,0xff,0xff,0xff,0xff,0xff,0xff,0xff,0xff,0xff,0xff,0xff,0xff,0xff,0xff,0xff,0xff,0xff,0xff,0xff,0xff,0xff,0xff,0xff,0x74,0x74,
\000\000\000\024ftypmA(\3417\221^\0009p\000\0004t\0001avc1\000ap\377\377\377\377\377\377\377\377\377\377\377\377\377\377\377\377\377\377\377\377\377\377\377\377\377\377\377\377\377\377\377\377\377\377\377\377\377\377\377\377\377\377\377\377\377\227\236\3427\221^\000\000\377\377\377\377\377\377\377\377\377\377\377\377\377\377\377\377\377\377\377\377\377\377\377\377\377\377\377\377\377\377\377\377\377tt
artifact_prefix='/results/crashes/20260313_123430_f59b8821_'; Test unit written to /results/crashes/20260313_123430_f59b8821_oom-84fdc676673b3dc8aca01e5d49b56ba74ed98e23
Base64: AAAAFGZ0eXBtQSjhN5FeADlwAAA0dAAxYXZjMQBhcP///////////////////////////////////////////////////////////5ee4jeRXgAA////////////////////////////////////////////dHQ=
SUMMARY: libFuzzer: out-of-memory
stat::number_of_executed_units: 22151
stat::average_exec_per_sec:     7383
stat::new_units_added:          115
stat::slowest_unit_time_sec:    0
stat::peak_rss_mb:              650
