INFO: Running with entropic power schedule (0xFF, 100).
INFO: Seed: 2128811376
INFO: Loaded 1 modules   (252 inline 8-bit counters): 252 [0x61fd31ec0678, 0x61fd31ec0774), 
INFO: Loaded 1 PC tables (252 PCs): 252 [0x61fd31ec0778,0x61fd31ec1738), 
INFO:        4 files found in /tmp/corpus_20260313_191939_2835f4c2
INFO: seed corpus: files: 4 min: 48b max: 333b total: 853b rss: 28Mb
#5	INITED cov: 118 ft: 252 corp: 4/853b exec/s: 0 rss: 29Mb
#6	NEW    cov: 118 ft: 253 corp: 5/1105b lim: 333 exec/s: 0 rss: 29Mb L: 252/333 MS: 1 ChangeByte-
#8	NEW    cov: 118 ft: 259 corp: 6/1264b lim: 333 exec/s: 0 rss: 29Mb L: 159/333 MS: 2 ChangeBit-EraseBytes-
#10	NEW    cov: 120 ft: 275 corp: 7/1586b lim: 333 exec/s: 0 rss: 29Mb L: 322/333 MS: 2 InsertByte-InsertRepeatedBytes-
#11	NEW    cov: 120 ft: 277 corp: 8/1726b lim: 333 exec/s: 0 rss: 29Mb L: 140/333 MS: 1 CrossOver-
#12	NEW    cov: 120 ft: 288 corp: 9/1929b lim: 333 exec/s: 0 rss: 29Mb L: 203/333 MS: 1 InsertRepeatedBytes-
#16	NEW    cov: 120 ft: 289 corp: 10/2145b lim: 333 exec/s: 0 rss: 29Mb L: 216/333 MS: 4 CMP-CopyPart-CMP-InsertByte- DE: "\001\000\000\001"-"\377\377\377\000\000\000\000\003"-
#28	NEW    cov: 120 ft: 296 corp: 11/2452b lim: 333 exec/s: 0 rss: 29Mb L: 307/333 MS: 2 InsertRepeatedBytes-CMP- DE: "5osi"-
#29	NEW    cov: 120 ft: 297 corp: 12/2774b lim: 333 exec/s: 0 rss: 29Mb L: 322/333 MS: 1 ChangeBit-
#30	NEW    cov: 120 ft: 298 corp: 13/3035b lim: 333 exec/s: 0 rss: 29Mb L: 261/333 MS: 1 InsertRepeatedBytes-
#32	NEW    cov: 120 ft: 305 corp: 14/3084b lim: 333 exec/s: 0 rss: 29Mb L: 49/333 MS: 2 ChangeBit-InsertByte-
#33	NEW    cov: 120 ft: 306 corp: 15/3406b lim: 333 exec/s: 0 rss: 29Mb L: 322/333 MS: 1 ChangeBinInt-
#42	NEW    cov: 120 ft: 307 corp: 16/3576b lim: 333 exec/s: 0 rss: 29Mb L: 170/333 MS: 4 ChangeBinInt-InsertRepeatedBytes-ShuffleBytes-EraseBytes-
#44	NEW    cov: 121 ft: 308 corp: 17/3577b lim: 333 exec/s: 0 rss: 29Mb L: 1/333 MS: 2 CMP-CrossOver- DE: "\011\000\000\000"-
#48	NEW    cov: 121 ft: 317 corp: 18/3711b lim: 333 exec/s: 0 rss: 29Mb L: 134/333 MS: 4 ChangeByte-ChangeBinInt-PersAutoDict-CrossOver- DE: "\011\000\000\000"-
#50	NEW    cov: 121 ft: 318 corp: 19/4038b lim: 333 exec/s: 0 rss: 29Mb L: 327/333 MS: 2 ChangeBit-CopyPart-
#51	NEW    cov: 121 ft: 322 corp: 20/4078b lim: 333 exec/s: 0 rss: 29Mb L: 40/333 MS: 1 CrossOver-
#53	NEW    cov: 121 ft: 325 corp: 21/4202b lim: 333 exec/s: 0 rss: 29Mb L: 124/333 MS: 2 CopyPart-EraseBytes-
#54	NEW    cov: 121 ft: 326 corp: 22/4528b lim: 333 exec/s: 0 rss: 29Mb L: 326/333 MS: 1 PersAutoDict- DE: "\011\000\000\000"-
#57	NEW    cov: 121 ft: 340 corp: 23/4580b lim: 333 exec/s: 0 rss: 29Mb L: 52/333 MS: 3 ShuffleBytes-PersAutoDict-CMP- DE: "\001\000\000\001"-"qt  "-
#58	NEW    cov: 121 ft: 350 corp: 24/4628b lim: 333 exec/s: 0 rss: 29Mb L: 48/333 MS: 1 ChangeBinInt-
#61	NEW    cov: 122 ft: 352 corp: 25/4935b lim: 333 exec/s: 0 rss: 29Mb L: 307/333 MS: 3 ShuffleBytes-CMP-InsertRepeatedBytes- DE: "ipro"-
#66	NEW    cov: 122 ft: 358 corp: 26/5076b lim: 333 exec/s: 0 rss: 29Mb L: 141/333 MS: 5 ChangeBinInt-CMP-ChangeByte-CrossOver-EraseBytes- DE: "\000\000\000\000\000\000\000\200"-
#68	NEW    cov: 122 ft: 359 corp: 27/5380b lim: 333 exec/s: 0 rss: 29Mb L: 304/333 MS: 2 CopyPart-CrossOver-
#69	NEW    cov: 122 ft: 360 corp: 28/5470b lim: 333 exec/s: 0 rss: 29Mb L: 90/333 MS: 1 EraseBytes-
#71	NEW    cov: 122 ft: 361 corp: 29/5584b lim: 333 exec/s: 0 rss: 29Mb L: 114/333 MS: 2 CMP-EraseBytes- DE: "\377\031"-
#80	NEW    cov: 122 ft: 362 corp: 30/5793b lim: 333 exec/s: 0 rss: 29Mb L: 209/333 MS: 4 ChangeASCIIInt-ChangeASCIIInt-ChangeASCIIInt-CopyPart-
#94	NEW    cov: 122 ft: 363 corp: 31/6126b lim: 333 exec/s: 0 rss: 29Mb L: 333/333 MS: 4 CrossOver-ChangeByte-ShuffleBytes-InsertByte-
#106	NEW    cov: 122 ft: 364 corp: 32/6179b lim: 333 exec/s: 0 rss: 29Mb L: 53/333 MS: 2 ChangeBit-InsertByte-
#113	NEW    cov: 122 ft: 365 corp: 33/6266b lim: 333 exec/s: 0 rss: 29Mb L: 87/333 MS: 2 InsertByte-InsertRepeatedBytes-
#140	REDUCE cov: 122 ft: 365 corp: 33/6263b lim: 333 exec/s: 0 rss: 29Mb L: 37/333 MS: 2 PersAutoDict-EraseBytes- DE: "\001\000\000\001"-
#157	NEW    cov: 122 ft: 371 corp: 34/6359b lim: 333 exec/s: 0 rss: 29Mb L: 96/333 MS: 2 PersAutoDict-EraseBytes- DE: "ipro"-
#163	NEW    cov: 123 ft: 373 corp: 35/6455b lim: 333 exec/s: 0 rss: 29Mb L: 96/333 MS: 1 CopyPart-
#207	NEW    cov: 123 ft: 376 corp: 36/6503b lim: 333 exec/s: 0 rss: 29Mb L: 48/333 MS: 4 ChangeBinInt-CrossOver-ChangeBinInt-EraseBytes-
#209	REDUCE cov: 123 ft: 376 corp: 36/6500b lim: 333 exec/s: 0 rss: 29Mb L: 50/333 MS: 2 InsertByte-EraseBytes-
#210	NEW    cov: 123 ft: 377 corp: 37/6538b lim: 333 exec/s: 0 rss: 29Mb L: 38/333 MS: 1 EraseBytes-
#226	NEW    cov: 124 ft: 379 corp: 38/6866b lim: 333 exec/s: 0 rss: 29Mb L: 328/333 MS: 1 InsertRepeatedBytes-
#232	NEW    cov: 124 ft: 380 corp: 39/7185b lim: 333 exec/s: 0 rss: 29Mb L: 319/333 MS: 1 CrossOver-
#276	NEW    cov: 124 ft: 390 corp: 40/7216b lim: 333 exec/s: 0 rss: 29Mb L: 31/333 MS: 4 ChangeASCIIInt-ShuffleBytes-ChangeASCIIInt-CrossOver-
#277	NEW    cov: 124 ft: 399 corp: 41/7248b lim: 333 exec/s: 0 rss: 29Mb L: 32/333 MS: 1 EraseBytes-
#288	NEW    cov: 124 ft: 404 corp: 42/7348b lim: 333 exec/s: 0 rss: 29Mb L: 100/333 MS: 1 PersAutoDict- DE: "\001\000\000\001"-
#377	REDUCE cov: 124 ft: 405 corp: 43/7428b lim: 333 exec/s: 0 rss: 29Mb L: 80/333 MS: 4 InsertRepeatedBytes-ChangeASCIIInt-InsertByte-CMP- DE: "\377\377`\3751\311K\273"-
#415	NEW    cov: 124 ft: 424 corp: 44/7462b lim: 333 exec/s: 0 rss: 29Mb L: 34/333 MS: 3 ChangeBinInt-PersAutoDict-ChangeBinInt- DE: "\377\031"-
#459	NEW    cov: 124 ft: 425 corp: 45/7795b lim: 333 exec/s: 0 rss: 29Mb L: 333/333 MS: 4 CrossOver-PersAutoDict-ChangeBinInt-CopyPart- DE: "\377\377\377\000\000\000\000\003"-
#466	NEW    cov: 124 ft: 426 corp: 46/8128b lim: 333 exec/s: 0 rss: 29Mb L: 333/333 MS: 2 ChangeBinInt-CMP- DE: "\001\010"-
#492	NEW    cov: 124 ft: 435 corp: 47/8141b lim: 333 exec/s: 0 rss: 29Mb L: 13/333 MS: 1 CrossOver-
#493	REDUCE cov: 124 ft: 436 corp: 48/8178b lim: 333 exec/s: 0 rss: 29Mb L: 37/333 MS: 1 ShuffleBytes-
#542	REDUCE cov: 124 ft: 436 corp: 48/8166b lim: 333 exec/s: 0 rss: 29Mb L: 249/333 MS: 4 PersAutoDict-ShuffleBytes-ChangeBinInt-EraseBytes- DE: "\377\377\377\000\000\000\000\003"-
#567	NEW    cov: 124 ft: 445 corp: 49/8214b lim: 333 exec/s: 0 rss: 29Mb L: 48/333 MS: 5 ShuffleBytes-ChangeBinInt-ChangeBinInt-CopyPart-ChangeByte-
#571	NEW    cov: 124 ft: 449 corp: 50/8274b lim: 333 exec/s: 0 rss: 29Mb L: 60/333 MS: 4 ChangeByte-CrossOver-ChangeASCIIInt-EraseBytes-
#573	REDUCE cov: 124 ft: 449 corp: 50/8265b lim: 333 exec/s: 0 rss: 29Mb L: 51/333 MS: 2 ChangeASCIIInt-EraseBytes-
#580	NEW    cov: 124 ft: 458 corp: 51/8288b lim: 333 exec/s: 0 rss: 29Mb L: 23/333 MS: 2 ChangeBinInt-EraseBytes-
#626	NEW    cov: 124 ft: 462 corp: 52/8326b lim: 333 exec/s: 0 rss: 29Mb L: 38/333 MS: 1 PersAutoDict- DE: "ipro"-
#629	REDUCE cov: 124 ft: 462 corp: 52/8306b lim: 333 exec/s: 0 rss: 29Mb L: 30/333 MS: 3 ChangeBinInt-EraseBytes-ChangeBinInt-
#633	NEW    cov: 124 ft: 463 corp: 53/8455b lim: 333 exec/s: 0 rss: 29Mb L: 149/333 MS: 4 CopyPart-ChangeBit-ChangeBit-InsertRepeatedBytes-
#764	REDUCE cov: 124 ft: 463 corp: 53/8417b lim: 333 exec/s: 0 rss: 29Mb L: 103/333 MS: 1 EraseBytes-
#805	NEW    cov: 124 ft: 474 corp: 54/8724b lim: 333 exec/s: 0 rss: 29Mb L: 307/333 MS: 1 CMP- DE: "\000\000\000\010"-
#811	REDUCE cov: 124 ft: 474 corp: 54/8713b lim: 333 exec/s: 0 rss: 29Mb L: 241/333 MS: 1 EraseBytes-
#820	REDUCE cov: 124 ft: 474 corp: 54/8548b lim: 333 exec/s: 0 rss: 29Mb L: 168/333 MS: 4 CopyPart-ChangeByte-ChangeBinInt-EraseBytes-
#862	NEW    cov: 124 ft: 478 corp: 55/8855b lim: 333 exec/s: 0 rss: 29Mb L: 307/333 MS: 2 CMP-ChangeBinInt- DE: "\377\377\377\014"-
#865	REDUCE cov: 124 ft: 478 corp: 55/8804b lim: 333 exec/s: 0 rss: 29Mb L: 117/333 MS: 3 PersAutoDict-PersAutoDict-EraseBytes- DE: "\377\377\377\000\000\000\000\003"-"\000\000\000\010"-
#875	NEW    cov: 124 ft: 482 corp: 56/9121b lim: 333 exec/s: 0 rss: 29Mb L: 317/333 MS: 5 CopyPart-EraseBytes-ChangeBit-CMP-CopyPart- DE: "ipma"-
#888	NEW    cov: 124 ft: 484 corp: 57/9454b lim: 333 exec/s: 0 rss: 29Mb L: 333/333 MS: 3 CMP-InsertByte-CopyPart- DE: "pV8M"-
#942	REDUCE cov: 124 ft: 484 corp: 57/9448b lim: 333 exec/s: 0 rss: 29Mb L: 301/333 MS: 4 ChangeASCIIInt-InsertRepeatedBytes-InsertRepeatedBytes-EraseBytes-
#1000	REDUCE cov: 124 ft: 484 corp: 57/9431b lim: 333 exec/s: 0 rss: 29Mb L: 224/333 MS: 3 CopyPart-EraseBytes-CMP- DE: "\017\000\000\000\000\000\000\000"-
#1001	REDUCE cov: 124 ft: 484 corp: 57/9426b lim: 333 exec/s: 0 rss: 29Mb L: 46/333 MS: 1 EraseBytes-
#1013	REDUCE cov: 124 ft: 484 corp: 57/9417b lim: 333 exec/s: 0 rss: 29Mb L: 87/333 MS: 2 PersAutoDict-EraseBytes- DE: "\000\000\000\000\000\000\000\200"-
#1034	REDUCE cov: 124 ft: 484 corp: 57/9413b lim: 333 exec/s: 0 rss: 29Mb L: 19/333 MS: 1 EraseBytes-
#1163	NEW    cov: 124 ft: 485 corp: 58/9680b lim: 333 exec/s: 0 rss: 29Mb L: 267/333 MS: 4 InsertByte-CopyPart-ChangeBinInt-InsertRepeatedBytes-
#1248	REDUCE cov: 124 ft: 485 corp: 58/9664b lim: 333 exec/s: 0 rss: 29Mb L: 87/333 MS: 5 ChangeBinInt-ChangeByte-ShuffleBytes-PersAutoDict-EraseBytes- DE: "\377\377\377\014"-
#1255	REDUCE cov: 124 ft: 485 corp: 58/9660b lim: 333 exec/s: 0 rss: 29Mb L: 9/333 MS: 2 ChangeBinInt-EraseBytes-
#1322	REDUCE cov: 124 ft: 485 corp: 58/9630b lim: 333 exec/s: 0 rss: 29Mb L: 292/333 MS: 2 PersAutoDict-EraseBytes- DE: "\377\031"-
#1450	REDUCE cov: 124 ft: 485 corp: 58/9575b lim: 333 exec/s: 0 rss: 29Mb L: 32/333 MS: 3 CMP-EraseBytes-EraseBytes- DE: "\377\377\377\021"-
#1476	NEW    cov: 124 ft: 489 corp: 59/9896b lim: 333 exec/s: 0 rss: 29Mb L: 321/333 MS: 1 InsertRepeatedBytes-
#1498	REDUCE cov: 124 ft: 489 corp: 59/9873b lim: 333 exec/s: 0 rss: 29Mb L: 305/333 MS: 2 CMP-EraseBytes- DE: "\000\000\000\017"-
#1505	NEW    cov: 124 ft: 495 corp: 60/10206b lim: 333 exec/s: 0 rss: 29Mb L: 333/333 MS: 2 ChangeBit-ChangeByte-
#1569	REDUCE cov: 124 ft: 495 corp: 60/10159b lim: 333 exec/s: 0 rss: 29Mb L: 275/333 MS: 4 ChangeBit-ChangeBinInt-CMP-EraseBytes- DE: "{\210\0015\375a\000\000"-
#1661	REDUCE cov: 124 ft: 495 corp: 60/10109b lim: 333 exec/s: 0 rss: 29Mb L: 277/333 MS: 2 ChangeBit-EraseBytes-
#1690	REDUCE cov: 124 ft: 495 corp: 60/10102b lim: 333 exec/s: 0 rss: 29Mb L: 41/333 MS: 4 EraseBytes-CMP-ChangeBinInt-InsertByte- DE: "pixi"-
#1763	REDUCE cov: 124 ft: 495 corp: 60/10072b lim: 333 exec/s: 0 rss: 29Mb L: 50/333 MS: 3 CMP-EraseBytes-ShuffleBytes- DE: "\003\000\000\000"-
#1864	NEW    cov: 124 ft: 496 corp: 61/10356b lim: 333 exec/s: 0 rss: 29Mb L: 284/333 MS: 1 CopyPart-
#2027	REDUCE cov: 124 ft: 496 corp: 61/10319b lim: 333 exec/s: 0 rss: 29Mb L: 285/333 MS: 3 CopyPart-CrossOver-EraseBytes-
#2048	REDUCE cov: 124 ft: 496 corp: 61/10316b lim: 333 exec/s: 0 rss: 29Mb L: 29/333 MS: 1 EraseBytes-
#2072	REDUCE cov: 124 ft: 497 corp: 62/10324b lim: 333 exec/s: 0 rss: 29Mb L: 8/333 MS: 4 EraseBytes-CopyPart-ChangeBit-InsertByte-
#2104	REDUCE cov: 124 ft: 497 corp: 62/10306b lim: 333 exec/s: 0 rss: 29Mb L: 30/333 MS: 2 ChangeByte-EraseBytes-
#2217	REDUCE cov: 124 ft: 497 corp: 62/10298b lim: 333 exec/s: 0 rss: 29Mb L: 30/333 MS: 3 CMP-PersAutoDict-EraseBytes- DE: "frma"-"\377\377\377\021"-
#2278	REDUCE cov: 124 ft: 497 corp: 62/10286b lim: 333 exec/s: 0 rss: 29Mb L: 36/333 MS: 1 EraseBytes-
#2453	REDUCE cov: 124 ft: 497 corp: 62/10279b lim: 333 exec/s: 0 rss: 29Mb L: 300/333 MS: 5 ChangeBit-ShuffleBytes-ChangeBinInt-CrossOver-EraseBytes-
#2633	REDUCE cov: 124 ft: 497 corp: 62/10272b lim: 333 exec/s: 0 rss: 29Mb L: 300/333 MS: 5 ChangeBinInt-ChangeBit-ChangeASCIIInt-InsertRepeatedBytes-EraseBytes-
#2719	REDUCE cov: 124 ft: 497 corp: 62/10270b lim: 333 exec/s: 0 rss: 29Mb L: 29/333 MS: 1 EraseBytes-
#2723	REDUCE cov: 124 ft: 497 corp: 62/10266b lim: 333 exec/s: 0 rss: 29Mb L: 25/333 MS: 4 InsertByte-ShuffleBytes-PersAutoDict-EraseBytes- DE: "\000\000\000\017"-
#2769	REDUCE cov: 124 ft: 497 corp: 62/10265b lim: 333 exec/s: 0 rss: 29Mb L: 86/333 MS: 1 EraseBytes-
#2772	REDUCE cov: 124 ft: 497 corp: 62/10264b lim: 333 exec/s: 0 rss: 29Mb L: 18/333 MS: 3 ChangeBit-PersAutoDict-EraseBytes- DE: "\017\000\000\000\000\000\000\000"-
#2781	REDUCE cov: 124 ft: 497 corp: 62/10259b lim: 333 exec/s: 0 rss: 29Mb L: 247/333 MS: 4 CrossOver-EraseBytes-ShuffleBytes-InsertByte-
#2896	REDUCE cov: 124 ft: 497 corp: 62/10229b lim: 333 exec/s: 0 rss: 29Mb L: 303/333 MS: 5 ChangeBinInt-CopyPart-ChangeBinInt-ShuffleBytes-CrossOver-
#2933	REDUCE cov: 124 ft: 497 corp: 62/10218b lim: 333 exec/s: 0 rss: 29Mb L: 19/333 MS: 2 ChangeBit-EraseBytes-
#3305	NEW    cov: 124 ft: 498 corp: 63/10551b lim: 333 exec/s: 0 rss: 29Mb L: 333/333 MS: 2 CopyPart-CrossOver-
#3441	REDUCE cov: 124 ft: 498 corp: 63/10527b lim: 333 exec/s: 0 rss: 29Mb L: 309/333 MS: 1 EraseBytes-
#3594	REDUCE cov: 124 ft: 498 corp: 63/10521b lim: 333 exec/s: 0 rss: 29Mb L: 243/333 MS: 3 InsertByte-CrossOver-EraseBytes-
==931283== ERROR: libFuzzer: out-of-memory (used: 2166Mb; limit: 1024Mb)
   To change the out-of-memory limit use -rss_limit_mb=<N>

MS: 2 ChangeBinInt-CMP- DE: "avc1"-; base unit: 336a22952942f170271d75d74d22444c9750cee2
artifact_prefix='/results/crashes/20260313_191939_2835f4c2_'; Test unit written to /results/crashes/20260313_191939_2835f4c2_oom-172793dadc2d4c5ce6b10a17bcdd463ac6d8aa80
SUMMARY: libFuzzer: out-of-memory
stat::number_of_executed_units: 3596
stat::average_exec_per_sec:     1798
stat::new_units_added:          98
stat::slowest_unit_time_sec:    0
stat::peak_rss_mb:              2166
