INFO: Running with entropic power schedule (0xFF, 100).
INFO: Seed: 2851081284
INFO: Loaded 1 modules   (252 inline 8-bit counters): 252 [0x58dc6ef0e678, 0x58dc6ef0e774), 
INFO: Loaded 1 PC tables (252 PCs): 252 [0x58dc6ef0e778,0x58dc6ef0f738), 
INFO:        4 files found in /tmp/corpus_20260313_175329_b48a5435
INFO: seed corpus: files: 4 min: 48b max: 333b total: 853b rss: 28Mb
#5	INITED cov: 118 ft: 252 corp: 4/853b exec/s: 0 rss: 29Mb
#11	NEW    cov: 119 ft: 267 corp: 5/1117b lim: 333 exec/s: 0 rss: 29Mb L: 264/333 MS: 1 CopyPart-
#18	NEW    cov: 119 ft: 283 corp: 6/1173b lim: 333 exec/s: 0 rss: 29Mb L: 56/333 MS: 2 ChangeASCIIInt-CMP- DE: "\003\000\000\000\000\000\000\000"-
#20	NEW    cov: 119 ft: 289 corp: 7/1393b lim: 333 exec/s: 0 rss: 29Mb L: 220/333 MS: 2 CMP-CMP- DE: "\010\000\000\000"-"\000\000X\334n\315\262O"-
#21	NEW    cov: 120 ft: 326 corp: 8/1613b lim: 333 exec/s: 0 rss: 29Mb L: 220/333 MS: 1 ChangeBit-
#22	NEW    cov: 120 ft: 327 corp: 9/1865b lim: 333 exec/s: 0 rss: 29Mb L: 252/333 MS: 1 CopyPart-
#24	NEW    cov: 121 ft: 344 corp: 10/2143b lim: 333 exec/s: 0 rss: 29Mb L: 278/333 MS: 2 ChangeBit-CopyPart-
#28	NEW    cov: 121 ft: 346 corp: 11/2426b lim: 333 exec/s: 0 rss: 29Mb L: 283/333 MS: 4 PersAutoDict-InsertByte-ShuffleBytes-CopyPart- DE: "\000\000X\334n\315\262O"-
#29	NEW    cov: 121 ft: 353 corp: 12/2560b lim: 333 exec/s: 0 rss: 29Mb L: 134/333 MS: 1 EraseBytes-
#32	NEW    cov: 121 ft: 354 corp: 13/2844b lim: 333 exec/s: 0 rss: 29Mb L: 284/333 MS: 3 InsertByte-PersAutoDict-InsertRepeatedBytes- DE: "\003\000\000\000\000\000\000\000"-
#40	NEW    cov: 121 ft: 365 corp: 14/2925b lim: 333 exec/s: 0 rss: 29Mb L: 81/333 MS: 3 ShuffleBytes-ShuffleBytes-CrossOver-
#42	NEW    cov: 121 ft: 371 corp: 15/3056b lim: 333 exec/s: 0 rss: 29Mb L: 131/333 MS: 2 EraseBytes-CopyPart-
#43	NEW    cov: 121 ft: 372 corp: 16/3241b lim: 333 exec/s: 0 rss: 29Mb L: 185/333 MS: 1 EraseBytes-
#46	NEW    cov: 121 ft: 378 corp: 17/3541b lim: 333 exec/s: 0 rss: 29Mb L: 300/333 MS: 3 InsertRepeatedBytes-ChangeBit-CopyPart-
#48	NEW    cov: 121 ft: 379 corp: 18/3635b lim: 333 exec/s: 0 rss: 29Mb L: 94/333 MS: 2 InsertByte-EraseBytes-
#50	NEW    cov: 121 ft: 380 corp: 19/3891b lim: 333 exec/s: 0 rss: 29Mb L: 256/333 MS: 2 CopyPart-InsertByte-
#64	NEW    cov: 121 ft: 381 corp: 20/4164b lim: 333 exec/s: 0 rss: 29Mb L: 273/333 MS: 4 ChangeBinInt-EraseBytes-PersAutoDict-CopyPart- DE: "\010\000\000\000"-
#66	NEW    cov: 121 ft: 382 corp: 21/4285b lim: 333 exec/s: 0 rss: 29Mb L: 121/333 MS: 2 ChangeBit-EraseBytes-
#75	NEW    cov: 121 ft: 383 corp: 22/4354b lim: 333 exec/s: 0 rss: 29Mb L: 69/333 MS: 4 ChangeByte-CopyPart-InsertByte-EraseBytes-
#80	NEW    cov: 121 ft: 384 corp: 23/4458b lim: 333 exec/s: 0 rss: 29Mb L: 104/333 MS: 5 ChangeBinInt-ChangeBit-CrossOver-ChangeBit-CrossOver-
#88	NEW    cov: 121 ft: 385 corp: 24/4541b lim: 333 exec/s: 0 rss: 29Mb L: 83/333 MS: 3 ChangeBinInt-PersAutoDict-CrossOver- DE: "\000\000X\334n\315\262O"-
#92	NEW    cov: 121 ft: 386 corp: 25/4682b lim: 333 exec/s: 0 rss: 29Mb L: 141/333 MS: 4 EraseBytes-InsertByte-CrossOver-EraseBytes-
#99	NEW    cov: 121 ft: 391 corp: 26/4816b lim: 333 exec/s: 0 rss: 29Mb L: 134/333 MS: 2 ChangeByte-CopyPart-
#101	NEW    cov: 121 ft: 392 corp: 27/5129b lim: 333 exec/s: 0 rss: 29Mb L: 313/333 MS: 2 ChangeByte-CopyPart-
#104	NEW    cov: 122 ft: 393 corp: 28/5349b lim: 333 exec/s: 0 rss: 29Mb L: 220/333 MS: 3 CMP-PersAutoDict-EraseBytes- DE: "\001\000"-"\010\000\000\000"-
#119	NEW    cov: 122 ft: 394 corp: 29/5521b lim: 333 exec/s: 0 rss: 29Mb L: 172/333 MS: 5 PersAutoDict-CrossOver-ChangeBit-CMP-EraseBytes- DE: "\010\000\000\000"-"stsd"-
#131	NEW    cov: 122 ft: 397 corp: 30/5741b lim: 333 exec/s: 0 rss: 29Mb L: 220/333 MS: 2 ShuffleBytes-ChangeBit-
#173	NEW    cov: 122 ft: 408 corp: 31/5771b lim: 333 exec/s: 0 rss: 29Mb L: 30/333 MS: 2 EraseBytes-EraseBytes-
#178	NEW    cov: 122 ft: 409 corp: 32/5965b lim: 333 exec/s: 0 rss: 29Mb L: 194/333 MS: 5 CrossOver-CopyPart-ChangeBit-EraseBytes-CopyPart-
#201	NEW    cov: 122 ft: 410 corp: 33/6077b lim: 333 exec/s: 0 rss: 29Mb L: 112/333 MS: 3 PersAutoDict-EraseBytes-EraseBytes- DE: "\010\000\000\000"-
#203	NEW    cov: 122 ft: 413 corp: 34/6115b lim: 333 exec/s: 0 rss: 29Mb L: 38/333 MS: 2 ChangeASCIIInt-CMP- DE: "\001\000X\334\230\266\227\020"-
#231	NEW    cov: 123 ft: 414 corp: 35/6273b lim: 333 exec/s: 0 rss: 29Mb L: 158/333 MS: 3 CrossOver-EraseBytes-PersAutoDict- DE: "\010\000\000\000"-
#253	REDUCE cov: 123 ft: 414 corp: 35/6252b lim: 333 exec/s: 0 rss: 29Mb L: 113/333 MS: 2 CrossOver-PersAutoDict- DE: "\003\000\000\000\000\000\000\000"-
#266	NEW    cov: 123 ft: 415 corp: 36/6307b lim: 333 exec/s: 0 rss: 29Mb L: 55/333 MS: 3 ChangeBit-CMP-CopyPart- DE: "hvc1"-
#305	NEW    cov: 123 ft: 416 corp: 37/6499b lim: 333 exec/s: 0 rss: 29Mb L: 192/333 MS: 4 CopyPart-PersAutoDict-CopyPart-ChangeBinInt- DE: "stsd"-
#307	REDUCE cov: 123 ft: 416 corp: 37/6423b lim: 333 exec/s: 0 rss: 29Mb L: 82/333 MS: 2 ChangeBinInt-EraseBytes-
#309	REDUCE cov: 123 ft: 416 corp: 37/6406b lim: 333 exec/s: 0 rss: 29Mb L: 64/333 MS: 2 EraseBytes-CopyPart-
#408	REDUCE cov: 123 ft: 416 corp: 37/6380b lim: 333 exec/s: 0 rss: 29Mb L: 194/333 MS: 4 InsertByte-ChangeBinInt-PersAutoDict-EraseBytes- DE: "\001\000X\334\230\266\227\020"-
#437	REDUCE cov: 123 ft: 416 corp: 37/6372b lim: 333 exec/s: 0 rss: 29Mb L: 177/333 MS: 4 InsertByte-CopyPart-ShuffleBytes-CrossOver-
#470	NEW    cov: 123 ft: 418 corp: 38/6572b lim: 333 exec/s: 0 rss: 29Mb L: 200/333 MS: 3 InsertByte-EraseBytes-CrossOver-
#479	NEW    cov: 123 ft: 422 corp: 39/6902b lim: 333 exec/s: 0 rss: 29Mb L: 330/333 MS: 4 EraseBytes-CrossOver-CrossOver-InsertRepeatedBytes-
#500	REDUCE cov: 123 ft: 422 corp: 39/6899b lim: 333 exec/s: 0 rss: 29Mb L: 191/333 MS: 1 CrossOver-
#516	REDUCE cov: 123 ft: 422 corp: 39/6898b lim: 333 exec/s: 0 rss: 29Mb L: 130/333 MS: 1 EraseBytes-
#562	NEW    cov: 123 ft: 423 corp: 40/7168b lim: 333 exec/s: 0 rss: 29Mb L: 270/333 MS: 1 EraseBytes-
#565	NEW    cov: 123 ft: 424 corp: 41/7479b lim: 333 exec/s: 0 rss: 29Mb L: 311/333 MS: 3 EraseBytes-ShuffleBytes-CopyPart-
#581	REDUCE cov: 123 ft: 429 corp: 42/7524b lim: 333 exec/s: 0 rss: 29Mb L: 45/333 MS: 1 EraseBytes-
#594	NEW    cov: 123 ft: 435 corp: 43/7752b lim: 333 exec/s: 0 rss: 29Mb L: 228/333 MS: 3 ChangeByte-ChangeBinInt-PersAutoDict- DE: "\001\000X\334\230\266\227\020"-
#621	NEW    cov: 123 ft: 437 corp: 44/7973b lim: 333 exec/s: 0 rss: 29Mb L: 221/333 MS: 2 ChangeBinInt-InsertByte-
#627	NEW    cov: 123 ft: 445 corp: 45/8003b lim: 333 exec/s: 0 rss: 29Mb L: 30/333 MS: 1 EraseBytes-
#718	REDUCE cov: 123 ft: 445 corp: 45/7965b lim: 333 exec/s: 0 rss: 29Mb L: 182/333 MS: 1 EraseBytes-
#769	NEW    cov: 124 ft: 446 corp: 46/7969b lim: 333 exec/s: 0 rss: 29Mb L: 4/333 MS: 1 CrossOver-
#816	NEW    cov: 124 ft: 458 corp: 47/7984b lim: 333 exec/s: 0 rss: 29Mb L: 15/333 MS: 2 ChangeByte-EraseBytes-
#913	REDUCE cov: 124 ft: 458 corp: 47/7980b lim: 333 exec/s: 0 rss: 29Mb L: 51/333 MS: 2 ShuffleBytes-EraseBytes-
#942	REDUCE cov: 124 ft: 458 corp: 47/7977b lim: 333 exec/s: 0 rss: 29Mb L: 179/333 MS: 4 InsertRepeatedBytes-EraseBytes-ChangeASCIIInt-EraseBytes-
#950	NEW    cov: 124 ft: 463 corp: 48/8017b lim: 333 exec/s: 0 rss: 29Mb L: 40/333 MS: 3 EraseBytes-ChangeASCIIInt-CopyPart-
#968	NEW    cov: 124 ft: 468 corp: 49/8340b lim: 333 exec/s: 0 rss: 29Mb L: 323/333 MS: 3 CopyPart-CMP-ChangeByte- DE: "mdia"-
#1115	NEW    cov: 124 ft: 476 corp: 50/8363b lim: 333 exec/s: 0 rss: 29Mb L: 23/333 MS: 2 CopyPart-CopyPart-
#1126	REDUCE cov: 124 ft: 476 corp: 50/8362b lim: 333 exec/s: 0 rss: 29Mb L: 3/333 MS: 1 EraseBytes-
#1165	REDUCE cov: 124 ft: 476 corp: 50/8356b lim: 333 exec/s: 0 rss: 29Mb L: 17/333 MS: 4 EraseBytes-PersAutoDict-CMP-EraseBytes- DE: "\001\000X\334\230\266\227\020"-"\001\000\000\000\000\000\000\020"-
#1208	REDUCE cov: 124 ft: 477 corp: 51/8367b lim: 333 exec/s: 0 rss: 29Mb L: 11/333 MS: 3 CrossOver-CrossOver-InsertRepeatedBytes-
#1387	REDUCE cov: 124 ft: 477 corp: 51/8324b lim: 333 exec/s: 0 rss: 29Mb L: 268/333 MS: 4 ShuffleBytes-ChangeBinInt-ChangeBinInt-EraseBytes-
#1410	REDUCE cov: 124 ft: 477 corp: 51/8323b lim: 333 exec/s: 0 rss: 29Mb L: 81/333 MS: 3 CMP-CrossOver-EraseBytes- DE: "\251\261\000\334Zv\000\000"-
#1442	REDUCE cov: 124 ft: 477 corp: 51/8321b lim: 333 exec/s: 0 rss: 29Mb L: 9/333 MS: 2 InsertByte-EraseBytes-
#1542	REDUCE cov: 124 ft: 478 corp: 52/8516b lim: 333 exec/s: 0 rss: 29Mb L: 195/333 MS: 5 ShuffleBytes-ChangeByte-InsertByte-ShuffleBytes-ShuffleBytes-
#1703	REDUCE cov: 124 ft: 478 corp: 52/8515b lim: 333 exec/s: 0 rss: 29Mb L: 50/333 MS: 1 EraseBytes-
#1707	REDUCE cov: 124 ft: 478 corp: 52/8510b lim: 333 exec/s: 0 rss: 29Mb L: 278/333 MS: 4 InsertByte-ChangeBit-ChangeBinInt-EraseBytes-
#1738	REDUCE cov: 124 ft: 478 corp: 52/8509b lim: 333 exec/s: 0 rss: 29Mb L: 2/333 MS: 1 EraseBytes-
#1787	REDUCE cov: 124 ft: 478 corp: 52/8469b lim: 333 exec/s: 0 rss: 29Mb L: 73/333 MS: 4 PersAutoDict-EraseBytes-ChangeBinInt-EraseBytes- DE: "hvc1"-
#1817	REDUCE cov: 124 ft: 478 corp: 52/8466b lim: 333 exec/s: 0 rss: 29Mb L: 101/333 MS: 5 InsertByte-InsertRepeatedBytes-CrossOver-ChangeByte-EraseBytes-
#1848	NEW    cov: 124 ft: 480 corp: 53/8789b lim: 333 exec/s: 0 rss: 29Mb L: 323/333 MS: 1 CrossOver-
#1851	REDUCE cov: 124 ft: 481 corp: 54/9122b lim: 333 exec/s: 0 rss: 29Mb L: 333/333 MS: 3 InsertRepeatedBytes-InsertRepeatedBytes-InsertRepeatedBytes-
#1907	REDUCE cov: 124 ft: 481 corp: 54/9114b lim: 333 exec/s: 0 rss: 29Mb L: 212/333 MS: 1 EraseBytes-
#1915	NEW    cov: 124 ft: 488 corp: 55/9386b lim: 333 exec/s: 0 rss: 29Mb L: 272/333 MS: 3 InsertRepeatedBytes-InsertRepeatedBytes-CopyPart-
#1936	REDUCE cov: 124 ft: 488 corp: 55/9376b lim: 333 exec/s: 0 rss: 29Mb L: 35/333 MS: 1 EraseBytes-
#2050	REDUCE cov: 124 ft: 488 corp: 55/9352b lim: 333 exec/s: 0 rss: 29Mb L: 170/333 MS: 4 CopyPart-ShuffleBytes-ChangeBit-CrossOver-
#2148	REDUCE cov: 124 ft: 489 corp: 56/9675b lim: 333 exec/s: 0 rss: 29Mb L: 323/333 MS: 3 ShuffleBytes-CMP-CopyPart- DE: "0\216\000\334Zv\000\000"-
#2303	REDUCE cov: 124 ft: 489 corp: 56/9658b lim: 333 exec/s: 0 rss: 29Mb L: 174/333 MS: 5 ChangeByte-PersAutoDict-ChangeBit-ChangeBinInt-EraseBytes- DE: "\010\000\000\000"-
#2336	REDUCE cov: 124 ft: 489 corp: 56/9649b lim: 333 exec/s: 0 rss: 29Mb L: 132/333 MS: 3 InsertByte-ChangeASCIIInt-EraseBytes-
#2347	REDUCE cov: 124 ft: 489 corp: 56/9631b lim: 333 exec/s: 0 rss: 29Mb L: 305/333 MS: 1 EraseBytes-
#2393	REDUCE cov: 124 ft: 489 corp: 56/9630b lim: 333 exec/s: 0 rss: 29Mb L: 29/333 MS: 1 EraseBytes-
#2427	REDUCE cov: 124 ft: 490 corp: 57/9638b lim: 333 exec/s: 0 rss: 29Mb L: 8/333 MS: 4 ChangeBinInt-ShuffleBytes-EraseBytes-InsertByte-
#2439	REDUCE cov: 124 ft: 490 corp: 57/9484b lim: 333 exec/s: 0 rss: 29Mb L: 159/333 MS: 2 ChangeBit-EraseBytes-
#2590	REDUCE cov: 124 ft: 490 corp: 57/9402b lim: 333 exec/s: 0 rss: 29Mb L: 88/333 MS: 1 EraseBytes-
#2775	NEW    cov: 124 ft: 493 corp: 58/9726b lim: 333 exec/s: 0 rss: 29Mb L: 324/333 MS: 5 ChangeBinInt-ChangeBinInt-EraseBytes-CrossOver-CopyPart-
#2995	REDUCE cov: 124 ft: 493 corp: 58/9684b lim: 333 exec/s: 0 rss: 29Mb L: 282/333 MS: 5 PersAutoDict-ChangeASCIIInt-InsertByte-ChangeBinInt-EraseBytes- DE: "hvc1"-
#3152	REDUCE cov: 124 ft: 493 corp: 58/9678b lim: 333 exec/s: 0 rss: 29Mb L: 9/333 MS: 2 ChangeBit-EraseBytes-
#3339	REDUCE cov: 124 ft: 493 corp: 58/9566b lim: 333 exec/s: 0 rss: 29Mb L: 170/333 MS: 2 CopyPart-EraseBytes-
#3527	REDUCE cov: 124 ft: 494 corp: 59/9871b lim: 333 exec/s: 0 rss: 29Mb L: 305/333 MS: 3 EraseBytes-CopyPart-ChangeBinInt-
#3542	REDUCE cov: 124 ft: 494 corp: 59/9860b lim: 333 exec/s: 0 rss: 29Mb L: 159/333 MS: 5 InsertRepeatedBytes-ChangeBit-InsertByte-InsertRepeatedBytes-EraseBytes-
#3570	REDUCE cov: 124 ft: 494 corp: 59/9859b lim: 333 exec/s: 0 rss: 29Mb L: 16/333 MS: 3 InsertByte-EraseBytes-CMP- DE: "\000\000\000#"-
#3599	REDUCE cov: 124 ft: 494 corp: 59/9839b lim: 333 exec/s: 0 rss: 29Mb L: 53/333 MS: 4 PersAutoDict-ShuffleBytes-InsertByte-EraseBytes- DE: "\000\000\000#"-
#3703	REDUCE cov: 124 ft: 494 corp: 59/9838b lim: 333 exec/s: 0 rss: 29Mb L: 158/333 MS: 4 InsertRepeatedBytes-ChangeBit-CMP-EraseBytes- DE: "stbl"-
#3711	REDUCE cov: 124 ft: 494 corp: 59/9823b lim: 333 exec/s: 0 rss: 29Mb L: 73/333 MS: 3 CrossOver-ChangeBinInt-EraseBytes-
#3812	REDUCE cov: 124 ft: 494 corp: 59/9783b lim: 333 exec/s: 0 rss: 29Mb L: 41/333 MS: 1 EraseBytes-
#3882	REDUCE cov: 124 ft: 494 corp: 59/9762b lim: 333 exec/s: 0 rss: 29Mb L: 309/333 MS: 5 CopyPart-CopyPart-ChangeBit-ChangeBit-CrossOver-
#3958	REDUCE cov: 124 ft: 494 corp: 59/9759b lim: 333 exec/s: 0 rss: 29Mb L: 26/333 MS: 1 EraseBytes-
#3973	REDUCE cov: 124 ft: 494 corp: 59/9750b lim: 333 exec/s: 0 rss: 29Mb L: 170/333 MS: 5 ChangeByte-InsertRepeatedBytes-ChangeByte-CopyPart-EraseBytes-
#4024	REDUCE cov: 124 ft: 494 corp: 59/9661b lim: 333 exec/s: 0 rss: 29Mb L: 234/333 MS: 1 EraseBytes-
#4143	REDUCE cov: 124 ft: 494 corp: 59/9658b lim: 333 exec/s: 0 rss: 29Mb L: 118/333 MS: 4 ShuffleBytes-EraseBytes-CMP-CopyPart- DE: "\377\377\377\377"-
#4227	REDUCE cov: 124 ft: 494 corp: 59/9626b lim: 333 exec/s: 0 rss: 29Mb L: 98/333 MS: 4 ShuffleBytes-CMP-ShuffleBytes-EraseBytes- DE: "frma"-
#4376	NEW    cov: 124 ft: 495 corp: 60/9860b lim: 333 exec/s: 0 rss: 29Mb L: 234/333 MS: 4 ChangeASCIIInt-PersAutoDict-ChangeBit-EraseBytes- DE: "\000\000\000#"-
#4498	NEW    cov: 124 ft: 496 corp: 61/10165b lim: 333 exec/s: 0 rss: 29Mb L: 305/333 MS: 2 CrossOver-CopyPart-
#4620	NEW    cov: 124 ft: 497 corp: 62/10431b lim: 333 exec/s: 0 rss: 29Mb L: 266/333 MS: 2 CMP-CrossOver- DE: "\377\377\377\020"-
#4733	REDUCE cov: 124 ft: 498 corp: 63/10740b lim: 333 exec/s: 0 rss: 29Mb L: 309/333 MS: 3 ChangeASCIIInt-PersAutoDict-ChangeByte- DE: "\010\000\000\000"-
#4787	REDUCE cov: 124 ft: 498 corp: 63/10739b lim: 333 exec/s: 0 rss: 29Mb L: 49/333 MS: 4 PersAutoDict-ChangeBit-InsertByte-EraseBytes- DE: "mdia"-
#4954	REDUCE cov: 124 ft: 498 corp: 63/10733b lim: 333 exec/s: 0 rss: 29Mb L: 24/333 MS: 2 ChangeBit-EraseBytes-
==671075== ERROR: libFuzzer: out-of-memory (used: 1933Mb; limit: 1024Mb)
   To change the out-of-memory limit use -rss_limit_mb=<N>

MS: 3 ShuffleBytes-InsertByte-PersAutoDict- DE: "hvc1"-; base unit: 22903c60f3a45cd38d867eb54bb181ae426af5ef
artifact_prefix='/results/crashes/20260313_175329_b48a5435_'; Test unit written to /results/crashes/20260313_175329_b48a5435_oom-3258af876268487d18b014516af25c340c5aa63e
SUMMARY: libFuzzer: out-of-memory
stat::number_of_executed_units: 5057
stat::average_exec_per_sec:     2528
stat::new_units_added:          105
stat::slowest_unit_time_sec:    0
stat::peak_rss_mb:              1933
